.20 maker-168414036-augustus-gene-0.5-mRNA-1 7991296
.27 maker-168414036-augustus-gene-0.5-mRNA-1 7990293
.13 maker-168315745-snap-gene-0.18-mRNA-1 7986071
.05 maker-168315745-snap-gene-0.18-mRNA-1 2940668
.26 maker-168185010-snap-gene-0.31-mRNA-1 1259019
.23 maker-168185010-snap-gene-0.31-mRNA-1 2088157
.95 maker-168565245-augustus-gene-0.28-mRNA-1 8091386
.95 maker-168521344-augustus-gene-0.59-mRNA-1 8091340
.04 maker-168521344-augustus-gene-0.59-mRNA-1 1852468
.33 augustus_masked-168183699-processed-gene-0.3-mRNA-1 3117821
.49 augustus_masked-168183699-processed-gene-0.3-mRNA-1 4534669
.42 augustus_masked-168183699-processed-gene-0.3-mRNA-1 4868564
.35 genemark-167063280-processed-gene-0.1-mRNA-1 2468301
.22 genemark-167063280-processed-gene-0.1-mRNA-1 3064568
.08 genemark-167063280-processed-gene-0.1-mRNA-1 8020097
.52 genemark-168447976-processed-gene-0.36-mRNA-1 7998541
.36 genemark-168447976-processed-gene-0.36-mRNA-1 7991405
.23 maker-168517494-snap-gene-0.36-mRNA-1 7988794
.17 maker-168517494-snap-gene-0.36-mRNA-1 7989635
.16 maker-168517494-snap-gene-0.36-mRNA-1 2258574
.11 maker-168517494-snap-gene-0.36-mRNA-1 7989636
.15 maker-168517494-snap-gene-0.36-mRNA-1 1502690
.92 maker-168557558-augustus-gene-0.48-mRNA-2 8091387
.40 maker-168533206-snap-gene-0.36-mRNA-1 3968889
.17 maker-168533206-snap-gene-0.36-mRNA-1 3295888
.27 maker-168088285-augustus-gene-0.3-mRNA-1 8057221
.14 maker-168088285-augustus-gene-0.3-mRNA-1 5125939
.07 maker-168566656-snap-gene-0.48-mRNA-1 3524076
.86 maker-168566656-snap-gene-0.48-mRNA-1 8091388
.19 augustus_masked-168431424-processed-gene-0.0-mRNA-1 7989582
.11 augustus_masked-168431424-processed-gene-0.0-mRNA-1 3429287
.39 maker-168554148-snap-gene-0.115-mRNA-1 2994799
.19 maker-168554148-snap-gene-0.115-mRNA-1 5173215
.43 augustus_masked-168200106-processed-gene-0.3-mRNA-1 1412347
.37 augustus_masked-168200106-processed-gene-0.3-mRNA-1 3108213
.33 augustus_masked-168200106-processed-gene-0.3-mRNA-1 3947967
.34 augustus_masked-168200106-processed-gene-0.3-mRNA-1 2329897
.34 augustus_masked-168200106-processed-gene-0.3-mRNA-1 2843683
.76 maker-168445992-augustus-gene-0.47-mRNA-1 8091366
.92 genemark-168185639-processed-gene-0.21-mRNA-1 8091359
.07 genemark-168185639-processed-gene-0.21-mRNA-1 7987153
.55 maker-168034375-augustus-gene-0.18-mRNA-1 8091337
.22 maker-168034375-augustus-gene-0.18-mRNA-1 8014072
.83 maker-168305262-snap-gene-0.10-mRNA-1 8091362
.86 maker-168447988-snap-gene-0.6-mRNA-1 8091365
.19 maker-168184121-snap-gene-0.13-mRNA-1 3218955
.28 maker-168184121-snap-gene-0.13-mRNA-1 7083893
.84 maker-168353964-augustus-gene-0.9-mRNA-1 8091360
.73 snap_masked-167798297-processed-gene-0.119-mRNA-1 8091354
