.45 maker-168521667-augustus-gene-0.65-mRNA-2 5359254
.11 maker-168521667-augustus-gene-0.65-mRNA-2 5359254
.03 maker-168556614-augustus-gene-0.47-mRNA-1 284244
.04 maker-168556614-augustus-gene-0.47-mRNA-1 5269252
.03 maker-168556614-augustus-gene-0.47-mRNA-1 2359934
.01 maker-168556614-augustus-gene-0.47-mRNA-1 2359934
.02 maker-168556614-augustus-gene-0.47-mRNA-1 4431948
.77 maker-167840128-augustus-gene-0.32-mRNA-1 5359078
.86 maker-168525957-snap-gene-0.61-mRNA-1 5359256
.63 maker-167830936-snap-gene-0.8-mRNA-1 5279325
.21 maker-168270941-snap-gene-0.14-mRNA-1 2704522
.64 maker-168270941-snap-gene-0.14-mRNA-1 5277724
.21 maker-168388477-augustus-gene-0.34-mRNA-2 5285192
.18 maker-168388477-augustus-gene-0.34-mRNA-2 5285193
.28 genemark-168214763-processed-gene-0.64-mRNA-1 5289430
.18 genemark-168214763-processed-gene-0.64-mRNA-1 879496
.49 augustus_masked-168058543-processed-gene-0.7-mRNA-1 3726063
.19 maker-161514803-snap-gene-0.2-mRNA-1 498745
.80 maker-161514803-snap-gene-0.2-mRNA-1 5269159
.13 maker-167878587-snap-gene-0.9-mRNA-1 939915
.46 augustus_masked-161301799-processed-gene-0.0-mRNA-1 5269391
.18 augustus_masked-161301799-processed-gene-0.0-mRNA-1 584070
.14 augustus_masked-161301799-processed-gene-0.0-mRNA-1 2025218
.10 augustus_masked-161301799-processed-gene-0.0-mRNA-1 2191338
.39 augustus_masked-168573710-processed-gene-0.4-mRNA-1 5270498
.19 augustus_masked-168573710-processed-gene-0.4-mRNA-1 549305
.75 maker-166423303-augustus-gene-0.3-mRNA-1 5359247
.05 maker-166423303-augustus-gene-0.3-mRNA-1 2811320
.72 maker-168548120-snap-gene-0.56-mRNA-1 5359264
.89 maker-168496245-snap-gene-0.147-mRNA-1 5359080
.53 maker-168535003-augustus-gene-0.48-mRNA-1 5359107
.21 maker-168199538-snap-gene-0.31-mRNA-1 5274747
.77 maker-168199538-snap-gene-0.31-mRNA-1 5359237
.18 maker-162677676-snap-gene-0.4-mRNA-1 1609500
.11 maker-162677676-snap-gene-0.4-mRNA-1 2863819
.12 maker-162677676-snap-gene-0.4-mRNA-1 2481818
.22 maker-168479360-augustus-gene-0.12-mRNA-1 5276261
.29 maker-168479360-augustus-gene-0.12-mRNA-1 1172363
.19 genemark-167990381-processed-gene-0.15-mRNA-1 5278882
.31 genemark-167990381-processed-gene-0.15-mRNA-1 780169
.49 maker-168464597-augustus-gene-0.9-mRNA-1 5359127
.27 maker-168464597-augustus-gene-0.9-mRNA-1 1209982
.15 maker-168464597-augustus-gene-0.9-mRNA-1 1369376
.39 genemark-168196846-processed-gene-0.7-mRNA-1 5359110
.23 maker-168183159-augustus-gene-0.11-mRNA-1 5359189
.19 maker-168183159-augustus-gene-0.11-mRNA-1 2966546
.11 maker-168183159-augustus-gene-0.11-mRNA-1 2014385
.30 augustus_masked-166201476-processed-gene-0.1-mRNA-1 5276433
.22 augustus_masked-166201476-processed-gene-0.1-mRNA-1 965289
.65 snap_masked-168166542-processed-gene-0.16-mRNA-1 5276425
.24 snap_masked-168574054-processed-gene-0.45-mRNA-1 2314183
.43 snap_masked-168574054-processed-gene-0.45-mRNA-1 2327067
.89 maker-168187152-augustus-gene-0.17-mRNA-1 5359202
.21 augustus_masked-168256206-processed-gene-0.7-mRNA-1 700792
.26 augustus_masked-168256206-processed-gene-0.7-mRNA-1 3146746
.27 maker-168577392-snap-gene-4.100-mRNA-1 466172
.20 maker-168577392-snap-gene-4.100-mRNA-1 5288372
.06 maker-168577392-snap-gene-4.100-mRNA-1 5272629
.46 maker-168206436-snap-gene-0.59-mRNA-1 5272546
.26 maker-168206436-snap-gene-0.59-mRNA-1 5272631
.28 genemark-168453555-processed-gene-0.1-mRNA-1 2382772
.19 genemark-168453555-processed-gene-0.1-mRNA-1 5273152
.15 genemark-168453555-processed-gene-0.1-mRNA-1 1642988
.11 genemark-167794540-processed-gene-0.10-mRNA-1 4141477
.09 genemark-167794540-processed-gene-0.10-mRNA-1 2788086
.12 genemark-167794540-processed-gene-0.10-mRNA-1 5280699
.54 augustus_masked-168529183-processed-gene-0.3-mRNA-1 5359141
.25 augustus_masked-168529183-processed-gene-0.3-mRNA-1 5359141
.70 maker-166998445-snap-gene-0.3-mRNA-1 1685204
.09 maker-166998445-snap-gene-0.3-mRNA-1 1685208
.71 maker-167178849-snap-gene-0.4-mRNA-1 5277925
.43 maker-168183397-snap-gene-0.31-mRNA-1 5269808
.24 maker-168183397-snap-gene-0.31-mRNA-1 5284270
.23 genemark-168543577-processed-gene-0.21-mRNA-1 1270763
.16 genemark-168543577-processed-gene-0.21-mRNA-1 5330419
.14 genemark-168543577-processed-gene-0.21-mRNA-1 3532124
.48 snap_masked-161377304-processed-gene-0.1-mRNA-1 4321644
.27 snap_masked-161377304-processed-gene-0.1-mRNA-1 4360412
.51 maker-168458029-augustus-gene-0.24-mRNA-1 5269058
.16 maker-168458029-augustus-gene-0.24-mRNA-1 1418994
.15 maker-168458029-augustus-gene-0.24-mRNA-1 1419000
.62 augustus_masked-166078677-processed-gene-0.0-mRNA-1 1367398
.34 augustus_masked-166078677-processed-gene-0.0-mRNA-1 1367404
.85 snap_masked-168459891-processed-gene-0.14-mRNA-1 5359043
.42 snap_masked-168548256-processed-gene-0.84-mRNA-1 2249963
.14 snap_masked-168548256-processed-gene-0.84-mRNA-1 3058665
.08 maker-168562125-augustus-gene-0.78-mRNA-1 5277696
.08 maker-168562125-augustus-gene-0.78-mRNA-1 1324673
.01 maker-168562125-augustus-gene-0.78-mRNA-1 1150094
.01 maker-168562125-augustus-gene-0.78-mRNA-1 3152930
.62 snap_masked-168577574-processed-gene-0.37-mRNA-1 5278341
.09 maker-168576949-augustus-gene-0.19-mRNA-1 190963
.81 maker-168576949-augustus-gene-0.19-mRNA-1 5359200
.21 maker-168577412-augustus-gene-0.44-mRNA-1 2512381
.77 maker-168577412-augustus-gene-0.44-mRNA-1 5359138
.85 snap_masked-168254379-processed-gene-0.5-mRNA-1 5359065
.13 snap_masked-168254379-processed-gene-0.5-mRNA-1 2849103
.24 maker-168552379-augustus-gene-0.69-mRNA-1 5281090
.15 maker-168552379-augustus-gene-0.69-mRNA-1 611178
.20 genemark-168577394-processed-gene-1.18-mRNA-1 5279479
.11 genemark-168577394-processed-gene-1.18-mRNA-1 5278597
.07 maker-168187700-augustus-gene-0.23-mRNA-1 883378
.05 maker-168187700-augustus-gene-0.23-mRNA-1 5359168
.27 snap_masked-168575466-processed-gene-0.52-mRNA-1 1037934
.17 snap_masked-168575466-processed-gene-0.52-mRNA-1 1033013
.14 snap_masked-168575466-processed-gene-0.52-mRNA-1 2385258
.12 snap_masked-168575466-processed-gene-0.52-mRNA-1 5317491
.02 snap_masked-168575466-processed-gene-0.52-mRNA-1 1037934
.23 snap_masked-168424130-processed-gene-0.5-mRNA-1 2563256
.20 snap_masked-168424130-processed-gene-0.5-mRNA-1 1319012
.33 snap_masked-165415670-processed-gene-0.2-mRNA-1 2941717
.42 snap_masked-165415670-processed-gene-0.2-mRNA-1 4759677
.48 maker-164177018-snap-gene-0.4-mRNA-1 5276162
.71 maker-168436901-snap-gene-0.37-mRNA-1 5359173
.03 maker-168436901-snap-gene-0.37-mRNA-1 1633565
.62 augustus_masked-167908447-processed-gene-0.3-mRNA-1 5359255
.32 augustus_masked-168289552-processed-gene-0.8-mRNA-1 5274394
.23 augustus_masked-168289552-processed-gene-0.8-mRNA-1 3407720
.35 maker-168185065-snap-gene-0.20-mRNA-2 2131330
.36 augustus_masked-166184842-processed-gene-0.0-mRNA-1 1121825
.19 augustus_masked-166184842-processed-gene-0.0-mRNA-1 2308984
.14 maker-168197523-snap-gene-0.123-mRNA-1 1194338
.82 maker-168197523-snap-gene-0.123-mRNA-1 5359054
.33 snap_masked-165516976-processed-gene-0.2-mRNA-1 4087973
.41 maker-167895530-augustus-gene-0.8-mRNA-1 5270959
.13 maker-167895530-augustus-gene-0.8-mRNA-1 5281194
.20 maker-168187317-snap-gene-0.20-mRNA-1 832693
.21 maker-168187317-snap-gene-0.20-mRNA-1 5272245
.59 genemark-168414784-processed-gene-0.4-mRNA-1 5345978
.34 genemark-168414784-processed-gene-0.4-mRNA-1 3265857
.34 genemark-168414784-processed-gene-0.4-mRNA-1 5286173
.18 genemark-168414784-processed-gene-0.4-mRNA-1 4993205
.14 genemark-168414784-processed-gene-0.4-mRNA-1 2669142
.24 maker-168399913-augustus-gene-0.25-mRNA-2 5359122
.15 maker-168399913-augustus-gene-0.25-mRNA-2 5359198
.32 maker-168527758-augustus-gene-0.6-mRNA-2 5359124
.61 maker-166218110-augustus-gene-0.5-mRNA-1 5278743
.28 maker-166218110-augustus-gene-0.5-mRNA-1 5278744
.41 augustus_masked-168147806-processed-gene-0.1-mRNA-1 5270513
.22 augustus_masked-168147806-processed-gene-0.1-mRNA-1 5273300
.29 maker-168133153-augustus-gene-0.15-mRNA-1 5359265
.15 maker-168133153-augustus-gene-0.15-mRNA-1 5359265
.77 augustus_masked-168565654-processed-gene-0.9-mRNA-1 5274593
.07 augustus_masked-168565654-processed-gene-0.9-mRNA-1 2205025
.57 maker-168351002-snap-gene-0.31-mRNA-1 5275858
.25 maker-168351002-snap-gene-0.31-mRNA-1 1718500
.13 maker-167898087-snap-gene-0.12-mRNA-1 1182612
.13 maker-167898087-snap-gene-0.12-mRNA-1 5349728
.64 augustus_masked-162771038-processed-gene-0.0-mRNA-1 1636778
.35 augustus_masked-162771038-processed-gene-0.0-mRNA-1 2235703
.39 augustus_masked-166177898-processed-gene-0.0-mRNA-1 2648210
.28 augustus_masked-166177898-processed-gene-0.0-mRNA-1 5353972
.32 maker-168561547-augustus-gene-0.16-mRNA-1 5359125
.27 maker-168561547-augustus-gene-0.16-mRNA-1 5272360
.08 maker-168561547-augustus-gene-0.16-mRNA-1 5273744
.13 genemark-167965899-processed-gene-0.9-mRNA-1 5274432
.12 genemark-167965899-processed-gene-0.9-mRNA-1 5300217
.67 maker-168566919-snap-gene-0.60-mRNA-2 5359239
.16 maker-168566919-snap-gene-0.60-mRNA-2 5286435
.75 snap_masked-168490618-processed-gene-0.114-mRNA-1 5359112
.14 augustus_masked-168414969-processed-gene-0.0-mRNA-1 5272217
.12 augustus_masked-168414969-processed-gene-0.0-mRNA-1 1049501
.65 maker-168368083-augustus-gene-0.11-mRNA-1 5274220
.33 maker-168368083-augustus-gene-0.11-mRNA-1 877908
.16 maker-168337997-augustus-gene-0.95-mRNA-1 5275717
.12 maker-168337997-augustus-gene-0.95-mRNA-1 5281980
.71 maker-167930301-augustus-gene-0.14-mRNA-1 5359120
.72 augustus_masked-168442142-processed-gene-0.4-mRNA-1 5359108
.59 maker-168218385-augustus-gene-0.32-mRNA-1 5359177
.63 maker-168185510-augustus-gene-0.15-mRNA-1 5359153
.09 maker-168185510-augustus-gene-0.15-mRNA-1 1901613
.10 augustus_masked-168552460-processed-gene-0.27-mRNA-1 1608091
.08 augustus_masked-168552460-processed-gene-0.27-mRNA-1 1291726
.33 maker-167851741-augustus-gene-0.53-mRNA-1 5359262
.16 maker-167851741-augustus-gene-0.53-mRNA-1 5359262
.08 maker-167851741-augustus-gene-0.53-mRNA-1 5281278
.15 augustus_masked-168573479-processed-gene-0.8-mRNA-1 2307674
.15 augustus_masked-168573479-processed-gene-0.8-mRNA-1 2045565
.23 maker-168187615-augustus-gene-0.24-mRNA-1 5359249
.99 augustus_masked-168309283-processed-gene-0.11-mRNA-1 5359227
.51 genemark-168205021-processed-gene-0.14-mRNA-1 5276842
.34 genemark-168205021-processed-gene-0.14-mRNA-1 5276795
.57 maker-163647323-snap-gene-0.4-mRNA-1 5276497
.10 maker-163647323-snap-gene-0.4-mRNA-1 1263787
.11 maker-163647323-snap-gene-0.4-mRNA-1 682479
.89 maker-168551162-augustus-gene-0.47-mRNA-1 5359258
.10 maker-168551162-augustus-gene-0.47-mRNA-1 5287071
.63 maker-168211947-augustus-gene-0.64-mRNA-1 5276573
.40 maker-162190909-augustus-gene-0.3-mRNA-1 5273728
.32 maker-168511677-snap-gene-0.37-mRNA-1 5274403
.29 maker-168511677-snap-gene-0.37-mRNA-1 3214592
.06 maker-168511677-snap-gene-0.37-mRNA-1 5274403
.62 maker-168313030-snap-gene-0.74-mRNA-1 5359050
.12 maker-168313030-snap-gene-0.74-mRNA-1 1555581
.42 genemark-168568171-processed-gene-0.11-mRNA-1 3979303
.63 augustus_masked-164474428-processed-gene-0.0-mRNA-1 1287341
.36 augustus_masked-164474428-processed-gene-0.0-mRNA-1 2004501
.42 maker-168559547-snap-gene-0.50-mRNA-1 5280312
.81 snap_masked-166254506-processed-gene-0.3-mRNA-1 5359181
.36 maker-164748642-augustus-gene-0.4-mRNA-1 3624251
.47 maker-168565287-augustus-gene-0.43-mRNA-1 5273520
.53 maker-168183079-snap-gene-0.35-mRNA-1 5359215
.22 maker-168183079-snap-gene-0.35-mRNA-1 1447428
.29 genemark-167954562-processed-gene-0.14-mRNA-1 2249963
.77 maker-168512008-snap-gene-0.134-mRNA-2 5359035
.10 maker-168512008-snap-gene-0.134-mRNA-2 4629521
.37 genemark-168437394-processed-gene-0.26-mRNA-1 663698
.30 genemark-168437394-processed-gene-0.26-mRNA-1 2162101
.52 maker-168510789-augustus-gene-0.39-mRNA-1 5359253
.30 maker-168489523-augustus-gene-0.107-mRNA-1 5282501
.23 maker-168489523-augustus-gene-0.107-mRNA-1 5270026
.06 maker-168489523-augustus-gene-0.107-mRNA-1 5278220
.18 maker-163967872-augustus-gene-0.3-mRNA-1 1414643
.49 maker-163967872-augustus-gene-0.3-mRNA-1 5269470
.41 maker-168490618-augustus-gene-0.134-mRNA-1 2123535
.45 augustus_masked-168239374-processed-gene-0.2-mRNA-1 5279114
.54 augustus_masked-168239374-processed-gene-0.2-mRNA-1 1463452
.58 maker-168110384-augustus-gene-0.23-mRNA-1 5359270
.63 augustus_masked-166962411-processed-gene-0.0-mRNA-1 5281476
.16 augustus_masked-166962411-processed-gene-0.0-mRNA-1 4268351
.12 augustus_masked-166962411-processed-gene-0.0-mRNA-1 1022892
.61 maker-166906437-snap-gene-0.5-mRNA-1 5359139
.12 maker-168288566-augustus-gene-0.98-mRNA-1 1296186
.50 maker-162349542-snap-gene-0.4-mRNA-1 5271380
.52 maker-167970306-snap-gene-0.16-mRNA-2 1910388
.24 maker-167970306-snap-gene-0.16-mRNA-2 2546377
.22 maker-168428894-augustus-gene-0.29-mRNA-1 5269551
.20 maker-168428894-augustus-gene-0.29-mRNA-1 5269552
.84 maker-168377243-augustus-gene-0.49-mRNA-1 5359044
.15 maker-168377243-augustus-gene-0.49-mRNA-1 3482656
.18 maker-168544897-snap-gene-0.6-mRNA-1 5273961
.03 maker-168544897-snap-gene-0.6-mRNA-1 2411924
.82 maker-168554750-augustus-gene-0.35-mRNA-1 5359142
.07 maker-168554750-augustus-gene-0.35-mRNA-1 1223642
.54 augustus_masked-168561915-processed-gene-0.0-mRNA-1 5294264
.45 augustus_masked-168561915-processed-gene-0.0-mRNA-1 1766616
.15 augustus_masked-168264574-processed-gene-0.5-mRNA-1 5359182
.10 augustus_masked-168264574-processed-gene-0.5-mRNA-1 5359182
.09 maker-168414024-augustus-gene-1.144-mRNA-1 1862054
.04 maker-168414024-augustus-gene-1.144-mRNA-1 1826687
.70 augustus_masked-168558698-processed-gene-0.0-mRNA-1 5359161
.30 maker-168318025-snap-gene-0.26-mRNA-2 506616
.59 maker-168318025-snap-gene-0.26-mRNA-2 5359083
.28 augustus_masked-168572888-processed-gene-1.47-mRNA-1 578014
.24 augustus_masked-168572888-processed-gene-1.47-mRNA-1 578010
.25 maker-168346191-augustus-gene-0.38-mRNA-1 596398
.20 maker-168346191-augustus-gene-0.38-mRNA-1 1080103
.44 maker-166312652-augustus-gene-0.1-mRNA-1 1296449
.43 maker-166312652-augustus-gene-0.1-mRNA-1 254966
.45 maker-166312652-augustus-gene-0.1-mRNA-1 2460410
.43 maker-166312652-augustus-gene-0.1-mRNA-1 1128794
.41 maker-166312652-augustus-gene-0.1-mRNA-1 2286035
.75 snap_masked-168446362-processed-gene-0.11-mRNA-1 5359119
.58 maker-168197399-snap-gene-0.23-mRNA-1 5276050
.25 maker-168197399-snap-gene-0.23-mRNA-1 1406597
.61 maker-168312706-augustus-gene-0.56-mRNA-1 5269878
.38 maker-168312706-augustus-gene-0.56-mRNA-1 5269878
.50 snap_masked-158521743-processed-gene-0.2-mRNA-1 1943894
.46 snap_masked-165362021-processed-gene-0.1-mRNA-1 3491647
.39 snap_masked-165362021-processed-gene-0.1-mRNA-1 2813370
.40 snap_masked-165362021-processed-gene-0.1-mRNA-1 208333
.28 snap_masked-165362021-processed-gene-0.1-mRNA-1 4340199
.50 maker-168183912-snap-gene-0.11-mRNA-1 5359093
.49 maker-168183912-snap-gene-0.11-mRNA-1 5359093
.60 maker-168196710-augustus-gene-0.96-mRNA-1 5359121
.13 maker-168196710-augustus-gene-0.96-mRNA-1 5283645
.17 maker-168191276-snap-gene-0.84-mRNA-1 1019077
.09 maker-168191276-snap-gene-0.84-mRNA-1 5316023
.88 maker-168494274-snap-gene-0.25-mRNA-1 5359236
.05 maker-168494274-snap-gene-0.25-mRNA-1 5270547
.18 maker-164713870-snap-gene-0.4-mRNA-1 5313788
.12 maker-164713870-snap-gene-0.4-mRNA-1 875612
.84 maker-168505674-augustus-gene-0.4-mRNA-1 5271452
.28 maker-168549361-snap-gene-0.27-mRNA-1 5278266
.12 maker-168549361-snap-gene-0.27-mRNA-1 3050428
.37 maker-168396045-augustus-gene-0.19-mRNA-1 5359162
.18 maker-168396045-augustus-gene-0.19-mRNA-1 1035919
0 maker-168567524-snap-gene-0.93-mRNA-1 5275063
.11 maker-168417518-augustus-gene-0.27-mRNA-1 1702196
.08 maker-168417518-augustus-gene-0.27-mRNA-1 471832
.08 maker-168417518-augustus-gene-0.27-mRNA-1 1174998
.05 maker-168417518-augustus-gene-0.27-mRNA-1 5271649
.05 maker-168417518-augustus-gene-0.27-mRNA-1 5281003
.87 snap_masked-162053948-processed-gene-0.3-mRNA-1 5275094
.46 snap_masked-162053948-processed-gene-0.3-mRNA-1 4140429
.38 snap_masked-162053948-processed-gene-0.3-mRNA-1 4148335
.59 maker-168433502-augustus-gene-0.91-mRNA-1 1118308
.38 maker-168433502-augustus-gene-0.91-mRNA-1 1056477
.49 augustus_masked-168186093-processed-gene-0.5-mRNA-1 5277456
.16 augustus_masked-168186093-processed-gene-0.5-mRNA-1 3540031
.99 maker-168522100-augustus-gene-0.107-mRNA-1 5359268
.07 maker-168491361-snap-gene-0.27-mRNA-1 1360210
.08 maker-168491361-snap-gene-0.27-mRNA-1 1004984
.49 snap_masked-168492506-processed-gene-0.4-mRNA-1 5278002
.23 snap_masked-168492506-processed-gene-0.4-mRNA-1 2117728
.71 genemark-168192393-processed-gene-0.0-mRNA-1 1258427
.28 genemark-168192393-processed-gene-0.0-mRNA-1 1258453
.66 genemark-168184403-processed-gene-0.13-mRNA-1 2426625
.24 genemark-168184403-processed-gene-0.13-mRNA-1 4399257
.13 augustus_masked-168513792-processed-gene-0.3-mRNA-1 2282049
.11 augustus_masked-168513792-processed-gene-0.3-mRNA-1 957265
.12 augustus_masked-168513792-processed-gene-0.3-mRNA-1 1286237
.10 augustus_masked-168513792-processed-gene-0.3-mRNA-1 3777742
.61 maker-168187847-augustus-gene-0.12-mRNA-1 5278433
.14 maker-168577594-augustus-gene-0.29-mRNA-1 1639867
.04 maker-168577594-augustus-gene-0.29-mRNA-1 1128511
.49 genemark-168552644-processed-gene-0.34-mRNA-1 1825635
.32 genemark-168552644-processed-gene-0.34-mRNA-1 1288515
.31 maker-165708922-augustus-gene-0.5-mRNA-1 348401
.37 maker-165708922-augustus-gene-0.5-mRNA-1 5272302
.16 maker-168574288-augustus-gene-0.46-mRNA-1 5359244
.32 maker-168447880-snap-gene-0.22-mRNA-1 1214317
.17 maker-168447880-snap-gene-0.22-mRNA-1 2873345
.07 maker-168202723-snap-gene-0.47-mRNA-1 1935129
.88 maker-168202723-snap-gene-0.47-mRNA-1 5359155
.33 augustus_masked-168575008-processed-gene-0.2-mRNA-1 5277542
.17 augustus_masked-168575008-processed-gene-0.2-mRNA-1 5269721
.40 snap_masked-168093867-processed-gene-0.2-mRNA-1 4716133
.39 snap_masked-168093867-processed-gene-0.2-mRNA-1 5223549
.88 augustus_masked-167835962-processed-gene-0.0-mRNA-1 5276760
.99 maker-168237239-augustus-gene-0.96-mRNA-1 1373745
.60 maker-167979191-augustus-gene-0.18-mRNA-1 5359077
.16 maker-167979191-augustus-gene-0.18-mRNA-1 1025109
.27 augustus_masked-168349433-processed-gene-0.10-mRNA-1 5359241
.07 augustus_masked-168349433-processed-gene-0.10-mRNA-1 1607198
.18 augustus_masked-168182967-processed-gene-0.16-mRNA-1 5274469
.12 augustus_masked-168182967-processed-gene-0.16-mRNA-1 5269674
.28 augustus_masked-168195661-processed-gene-0.1-mRNA-1 5278503
.39 augustus_masked-168195661-processed-gene-0.1-mRNA-1 1640742
.33 augustus_masked-167867103-processed-gene-0.0-mRNA-1 261321
.24 augustus_masked-167867103-processed-gene-0.0-mRNA-1 5294409
.13 augustus_masked-168503840-processed-gene-0.8-mRNA-1 5269950
.14 augustus_masked-168503840-processed-gene-0.8-mRNA-1 1193976
.09 maker-168470556-snap-gene-0.29-mRNA-1 2905948
.85 maker-168470556-snap-gene-0.29-mRNA-1 5359076
.45 maker-168569835-augustus-gene-0.17-mRNA-1 5270884
.20 maker-168569835-augustus-gene-0.17-mRNA-1 3065210
.16 maker-168569835-augustus-gene-0.17-mRNA-1 3262852
.99 maker-144473166-augustus-gene-0.3-mRNA-1 5269605
.15 augustus_masked-168020953-processed-gene-0.5-mRNA-1 737879
.26 maker-168526904-snap-gene-0.28-mRNA-1 458410
.56 maker-168526904-snap-gene-0.28-mRNA-1 5359025
.03 maker-168561042-augustus-gene-0.73-mRNA-1 3852012
.03 maker-168561042-augustus-gene-0.73-mRNA-1 2236347
.22 augustus_masked-168567084-processed-gene-0.4-mRNA-1 5270409
.09 augustus_masked-168567084-processed-gene-0.4-mRNA-1 604373
.56 augustus_masked-165990919-processed-gene-0.0-mRNA-1 5359214
.35 augustus_masked-165990919-processed-gene-0.0-mRNA-1 5359214
.39 maker-162288479-augustus-gene-0.3-mRNA-1 5271364
.25 maker-162288479-augustus-gene-0.3-mRNA-1 1097574
.43 augustus_masked-168564582-processed-gene-0.1-mRNA-1 1487388
.25 augustus_masked-168564582-processed-gene-0.1-mRNA-1 5277712
.20 augustus_masked-168564582-processed-gene-0.1-mRNA-1 2428446
.28 maker-168275442-augustus-gene-0.22-mRNA-1 1385642
.35 maker-168275442-augustus-gene-0.22-mRNA-1 5286867
.50 augustus_masked-168209081-processed-gene-0.2-mRNA-1 5275368
.71 maker-168569239-augustus-gene-0.47-mRNA-2 5359174
.10 maker-168569239-augustus-gene-0.47-mRNA-2 5288357
.52 maker-168497558-snap-gene-0.53-mRNA-1 5272156
.31 maker-168497558-snap-gene-0.53-mRNA-1 5281487
.18 maker-163475262-augustus-gene-0.3-mRNA-1 1691030
.27 maker-163475262-augustus-gene-0.3-mRNA-1 681996
.52 maker-168572221-augustus-gene-0.62-mRNA-1 5280524
.32 maker-168193286-snap-gene-0.61-mRNA-1 5359257
.08 maker-168193286-snap-gene-0.61-mRNA-1 5359257
.25 augustus_masked-168186101-processed-gene-0.3-mRNA-1 5359171
.03 augustus_masked-168186101-processed-gene-0.3-mRNA-1 5334658
.13 maker-166273839-augustus-gene-0.2-mRNA-1 1345684
.86 maker-166273839-augustus-gene-0.2-mRNA-1 1345682
.57 maker-168336478-snap-gene-0.40-mRNA-1 1070196
.17 maker-168336478-snap-gene-0.40-mRNA-1 5270585
.02 maker-168336478-snap-gene-0.40-mRNA-1 5359196
.18 genemark-168577402-processed-gene-0.35-mRNA-1 1154041
.27 snap_masked-168574367-processed-gene-0.20-mRNA-1 2604078
.51 snap_masked-168574367-processed-gene-0.20-mRNA-1 2016801
.69 snap_masked-168188702-processed-gene-0.12-mRNA-1 5276666
.20 snap_masked-168188702-processed-gene-0.12-mRNA-1 1757190
.99 augustus_masked-168249694-processed-gene-0.18-mRNA-1 5297618
.61 maker-168351821-augustus-gene-0.25-mRNA-1 5359252
.14 maker-168351821-augustus-gene-0.25-mRNA-1 5359252
.84 maker-162482787-augustus-gene-0.6-mRNA-1 5270032
.30 augustus_masked-161700205-processed-gene-0.0-mRNA-1 5272086
.15 augustus_masked-161700205-processed-gene-0.0-mRNA-1 815374
.17 maker-168459554-snap-gene-0.40-mRNA-1 5270715
.03 maker-168459554-snap-gene-0.40-mRNA-1 590593
.04 maker-168459554-snap-gene-0.40-mRNA-1 2659401
.25 augustus_masked-168413481-processed-gene-0.0-mRNA-1 5280348
.18 augustus_masked-168413481-processed-gene-0.0-mRNA-1 882400
.67 maker-168244247-augustus-gene-0.42-mRNA-1 5272804
.03 maker-168244247-augustus-gene-0.42-mRNA-1 2543929
.01 maker-168244247-augustus-gene-0.42-mRNA-1 5275736
.86 maker-168314823-augustus-gene-0.39-mRNA-2 5359260
.38 snap_masked-168383102-processed-gene-0.35-mRNA-1 5359100
.59 snap_masked-168383102-processed-gene-0.35-mRNA-1 5359100
.83 maker-164887201-augustus-gene-0.8-mRNA-1 5359059
.29 maker-168502864-augustus-gene-0.58-mRNA-1 5359173
.05 maker-168502864-augustus-gene-0.58-mRNA-1 5312579
.08 maker-168502864-augustus-gene-0.58-mRNA-1 5359173
.06 maker-168502864-augustus-gene-0.58-mRNA-1 5359173
.99 augustus_masked-167880923-processed-gene-0.0-mRNA-1 5359039
.99 maker-168558993-augustus-gene-0.90-mRNA-1 5359219
.53 maker-164378945-snap-gene-0.5-mRNA-1 2765177
.46 maker-164378945-snap-gene-0.5-mRNA-1 2765180
.58 maker-168205852-augustus-gene-0.39-mRNA-1 914377
.34 maker-168205852-augustus-gene-0.39-mRNA-1 5269425
.63 snap_masked-168436325-processed-gene-0.36-mRNA-1 2601895
.20 snap_masked-168436325-processed-gene-0.36-mRNA-1 2721608
.48 snap_masked-168187100-processed-gene-0.74-mRNA-1 1496119
.95 maker-168186590-snap-gene-0.28-mRNA-1 5359246
.24 augustus_masked-161908885-processed-gene-0.0-mRNA-1 953005
.26 maker-165522719-snap-gene-0.1-mRNA-1 443011
.12 maker-165522719-snap-gene-0.1-mRNA-1 2410272
.09 maker-165522719-snap-gene-0.1-mRNA-1 443009
.03 maker-165522719-snap-gene-0.1-mRNA-1 443009
.28 maker-168319211-augustus-gene-0.20-mRNA-1 443011
.20 maker-168319211-augustus-gene-0.20-mRNA-1 5301001
.21 maker-168319211-augustus-gene-0.20-mRNA-1 5292882
.17 maker-168319211-augustus-gene-0.20-mRNA-1 4775090
.17 maker-168319211-augustus-gene-0.20-mRNA-1 3063943
.13 augustus_masked-168394131-processed-gene-0.3-mRNA-1 1247480
.19 augustus_masked-168394131-processed-gene-0.3-mRNA-1 2362175
.65 maker-168373796-augustus-gene-0.37-mRNA-1 5359156
.15 maker-168373796-augustus-gene-0.37-mRNA-1 1352110
.21 augustus_masked-168451845-processed-gene-0.1-mRNA-1 2019666
.23 augustus_masked-168451845-processed-gene-0.1-mRNA-1 5283471
.47 augustus_masked-167793158-processed-gene-0.26-mRNA-1 3599924
.76 genemark-168391447-processed-gene-0.19-mRNA-1 5272463
.14 genemark-168391447-processed-gene-0.19-mRNA-1 5309193
.40 genemark-168466685-processed-gene-0.16-mRNA-1 5359134
.09 genemark-168466685-processed-gene-0.16-mRNA-1 1532401
.22 maker-168475046-augustus-gene-0.24-mRNA-1 1134109
.22 maker-168475046-augustus-gene-0.24-mRNA-1 779154
.11 maker-168305940-snap-gene-0.62-mRNA-1 2264131
.88 maker-168305940-snap-gene-0.62-mRNA-1 5273326
.07 maker-168271688-snap-gene-0.30-mRNA-1 610561
.07 maker-168271688-snap-gene-0.30-mRNA-1 3724903
.10 maker-168271688-snap-gene-0.30-mRNA-1 1122469
.99 snap_masked-168541870-processed-gene-0.46-mRNA-1 5275530
.43 maker-168169180-augustus-gene-0.2-mRNA-1 3163266
.24 maker-168169180-augustus-gene-0.2-mRNA-1 3441931
.49 snap_masked-168191390-processed-gene-0.38-mRNA-1 3761085
.11 maker-168129153-snap-gene-0.17-mRNA-1 2021123
.88 maker-168129153-snap-gene-0.17-mRNA-1 5359207
.60 maker-163140692-snap-gene-0.4-mRNA-1 5277741
.39 maker-163140692-snap-gene-0.4-mRNA-1 5290020
.39 maker-168571625-augustus-gene-0.43-mRNA-1 5273812
.20 maker-168571625-augustus-gene-0.43-mRNA-1 1128720
.83 maker-166572006-augustus-gene-0.3-mRNA-1 5359234
.16 maker-166572006-augustus-gene-0.3-mRNA-1 5291065
.41 maker-168518368-snap-gene-0.23-mRNA-1 5359191
.23 maker-168518368-snap-gene-0.23-mRNA-1 5270271
.22 maker-168482002-augustus-gene-0.33-mRNA-1 5269125
.13 maker-168482002-augustus-gene-0.33-mRNA-1 5269126
.16 augustus_masked-168283437-processed-gene-0.28-mRNA-1 1676779
.13 augustus_masked-168283437-processed-gene-0.28-mRNA-1 1471699
.06 maker-168558424-augustus-gene-0.11-mRNA-2 1553768
.18 maker-168558424-augustus-gene-0.11-mRNA-2 5271994
.30 maker-168577341-snap-gene-2.97-mRNA-1 5273521
.13 maker-168577341-snap-gene-2.97-mRNA-1 5272279
.53 augustus_masked-164008272-processed-gene-0.0-mRNA-1 2464670
.32 augustus_masked-164008272-processed-gene-0.0-mRNA-1 2153895
.15 maker-168561495-augustus-gene-0.24-mRNA-3 372498
.16 maker-168557457-snap-gene-0.27-mRNA-1 5273909
.53 maker-168557457-snap-gene-0.27-mRNA-1 5271131
.32 genemark-168119683-processed-gene-0.7-mRNA-1 5271091
.14 genemark-168119683-processed-gene-0.7-mRNA-1 4206265
.24 maker-168384801-augustus-gene-0.31-mRNA-1 1250574
.22 maker-168384801-augustus-gene-0.31-mRNA-1 4101040
.18 maker-168384801-augustus-gene-0.31-mRNA-1 1503294
.03 maker-168207271-snap-gene-0.20-mRNA-1 5273893
.20 maker-168207271-snap-gene-0.20-mRNA-1 5273877
.58 snap_masked-168560242-processed-gene-0.20-mRNA-1 5359182
.09 snap_masked-168560242-processed-gene-0.20-mRNA-1 5281642
.68 maker-162840631-augustus-gene-0.4-mRNA-1 5286085
.21 maker-162840631-augustus-gene-0.4-mRNA-1 2180558
.13 augustus_masked-168413492-processed-gene-0.0-mRNA-1 5271508
.70 augustus_masked-168413492-processed-gene-0.0-mRNA-1 5271835
.85 maker-168572698-snap-gene-0.27-mRNA-1 5359218
.39 augustus_masked-168567612-processed-gene-0.15-mRNA-1 5272488
.24 augustus_masked-168577288-processed-gene-0.8-mRNA-1 235809
.17 augustus_masked-168577288-processed-gene-0.8-mRNA-1 1696081
.19 augustus_masked-168577288-processed-gene-0.8-mRNA-1 1324597
.03 augustus_masked-168577288-processed-gene-0.8-mRNA-1 5269463
.19 genemark-167913620-processed-gene-0.14-mRNA-1 1362438
.92 maker-168562948-augustus-gene-0.21-mRNA-1 5359269
.13 genemark-168412320-processed-gene-0.1-mRNA-1 1048522
.30 genemark-168412320-processed-gene-0.1-mRNA-1 872872
.49 snap_masked-168466393-processed-gene-0.37-mRNA-1 522265
.38 snap_masked-168471977-processed-gene-0.8-mRNA-1 2131438
.34 snap_masked-168471977-processed-gene-0.8-mRNA-1 261333
.27 snap_masked-168471977-processed-gene-0.8-mRNA-1 1056303
.14 snap_masked-168471977-processed-gene-0.8-mRNA-1 261322
.16 augustus_masked-167869362-processed-gene-0.4-mRNA-1 3582600
.83 augustus_masked-167869362-processed-gene-0.4-mRNA-1 5273739
.14 maker-168577147-snap-gene-0.44-mRNA-1 5272915
.12 maker-168577147-snap-gene-0.44-mRNA-1 5272039
.74 maker-168358628-augustus-gene-0.19-mRNA-1 5359173
.28 genemark-167887517-processed-gene-0.7-mRNA-1 1367398
.34 genemark-168454932-processed-gene-0.15-mRNA-1 1698682
.27 genemark-168454932-processed-gene-0.15-mRNA-1 392269
.30 maker-168153928-snap-gene-0.12-mRNA-1 611403
.17 maker-168276603-snap-gene-0.37-mRNA-1 5270592
.15 maker-168343842-snap-gene-0.36-mRNA-1 5285276
.84 maker-168343842-snap-gene-0.36-mRNA-1 5359203
.80 snap_masked-168520290-processed-gene-0.38-mRNA-1 5359217
.29 maker-168557682-augustus-gene-0.69-mRNA-1 5271134
.36 maker-168543645-snap-gene-0.70-mRNA-1 910274
.82 maker-168113510-augustus-gene-0.80-mRNA-1 5359041
.38 maker-164007942-augustus-gene-0.5-mRNA-1 5282838
.13 maker-164007942-augustus-gene-0.5-mRNA-1 2079672
.24 maker-168391503-augustus-gene-0.31-mRNA-1 1313005
.12 maker-168391503-augustus-gene-0.31-mRNA-1 1633565
.56 snap_masked-167967680-processed-gene-0.46-mRNA-1 5359173
.01 snap_masked-167967680-processed-gene-0.46-mRNA-1 5359173
.02 snap_masked-167967680-processed-gene-0.46-mRNA-1 5359173
.22 augustus_masked-168191645-processed-gene-0.13-mRNA-1 5296635
.17 augustus_masked-168191645-processed-gene-0.13-mRNA-1 2883252
.52 maker-166744591-snap-gene-0.6-mRNA-1 5359180
.44 maker-168402784-snap-gene-0.15-mRNA-1 5359130
.14 maker-168402784-snap-gene-0.15-mRNA-1 5280549
.80 maker-168550553-augustus-gene-0.146-mRNA-1 1241512
.10 maker-168550553-augustus-gene-0.146-mRNA-1 3339245
.27 maker-164867159-augustus-gene-0.3-mRNA-1 2062107
.21 maker-168431040-augustus-gene-0.72-mRNA-1 1116978
.54 maker-168260555-augustus-gene-0.8-mRNA-1 5274445
.28 maker-168260555-augustus-gene-0.8-mRNA-1 5274444
.29 genemark-168516456-processed-gene-0.4-mRNA-1 1367398
.34 genemark-168516456-processed-gene-0.4-mRNA-1 2449158
.99 genemark-167140465-processed-gene-0.2-mRNA-1 5273103
.99 snap_masked-167947971-processed-gene-0.31-mRNA-1 5274701
.35 maker-168569002-snap-gene-0.84-mRNA-1 5274656
.08 maker-168569002-snap-gene-0.84-mRNA-1 1808400
.25 maker-168406080-augustus-gene-0.66-mRNA-1 5273549
.18 maker-168406080-augustus-gene-0.66-mRNA-1 1358989
.19 maker-168406080-augustus-gene-0.66-mRNA-1 1000274
.59 maker-168546070-augustus-gene-0.64-mRNA-1 5359148
.18 maker-168546070-augustus-gene-0.64-mRNA-1 5359148
.77 maker-168533576-snap-gene-0.52-mRNA-1 5359263
.23 maker-168185633-augustus-gene-0.6-mRNA-1 268887
.26 maker-168185633-augustus-gene-0.6-mRNA-1 5359032
.70 augustus_masked-168367715-processed-gene-0.2-mRNA-1 5334413
.97 augustus_masked-162200116-processed-gene-0.0-mRNA-1 5359089
.49 maker-167242201-augustus-gene-0.3-mRNA-1 5271854
.50 maker-167242201-augustus-gene-0.3-mRNA-1 5359067
.12 maker-168328220-snap-gene-0.90-mRNA-1 3446399
.12 maker-168328220-snap-gene-0.90-mRNA-1 5272826
.14 maker-168212152-augustus-gene-0.25-mRNA-1 910945
.85 maker-168212152-augustus-gene-0.25-mRNA-1 5359060
.24 maker-168228489-augustus-gene-0.114-mRNA-1 1000628
.19 maker-168228489-augustus-gene-0.114-mRNA-1 5359128
.15 maker-168228489-augustus-gene-0.114-mRNA-1 5271935
.19 genemark-168288763-processed-gene-0.5-mRNA-1 2181132
.43 genemark-168288763-processed-gene-0.5-mRNA-1 1391741
.62 maker-168493679-augustus-gene-0.14-mRNA-2 5359259
.27 snap_masked-168017623-processed-gene-0.10-mRNA-1 877780
.24 maker-161364282-augustus-gene-0.3-mRNA-1 1778141
.14 maker-161364282-augustus-gene-0.3-mRNA-1 3193872
.12 maker-161364282-augustus-gene-0.3-mRNA-1 5055516
.14 maker-161364282-augustus-gene-0.3-mRNA-1 3917585
.05 maker-161364282-augustus-gene-0.3-mRNA-1 3782576
.60 maker-168183415-snap-gene-0.16-mRNA-1 5359097
.38 maker-168183415-snap-gene-0.16-mRNA-1 5359097
.65 augustus_masked-168563499-processed-gene-1.52-mRNA-1 5359155
.14 augustus_masked-168563499-processed-gene-1.52-mRNA-1 5278562
.27 augustus_masked-164111506-processed-gene-0.0-mRNA-1 1517469
.31 augustus_masked-164111506-processed-gene-0.0-mRNA-1 1842576
.24 augustus_masked-164111506-processed-gene-0.0-mRNA-1 944626
.15 augustus_masked-164111506-processed-gene-0.0-mRNA-1 3085667
.35 maker-168225120-augustus-gene-0.16-mRNA-1 322096
.30 maker-168225120-augustus-gene-0.16-mRNA-1 5274678
.31 maker-168449131-snap-gene-0.11-mRNA-1 5271332
.37 maker-168449131-snap-gene-0.11-mRNA-1 5272082
.37 snap_masked-162631030-processed-gene-0.2-mRNA-1 5284166
.32 snap_masked-162631030-processed-gene-0.2-mRNA-1 5305802
.54 maker-168299557-snap-gene-0.25-mRNA-1 5359165
.16 genemark-168230012-processed-gene-0.0-mRNA-1 1799500
.82 genemark-168230012-processed-gene-0.0-mRNA-1 1799503
.06 maker-168333722-augustus-gene-0.36-mRNA-1 5286821
.35 maker-168333722-augustus-gene-0.36-mRNA-1 5286821
.11 maker-168544050-augustus-gene-0.8-mRNA-1 2001691
.12 maker-167987925-snap-gene-0.9-mRNA-1 4172673
.42 maker-167987925-snap-gene-0.9-mRNA-1 1652262
.16 maker-168410052-augustus-gene-0.53-mRNA-1 891197
.08 maker-168410052-augustus-gene-0.53-mRNA-1 2980674
.83 maker-168226769-snap-gene-0.44-mRNA-1 5359242
.15 maker-168226769-snap-gene-0.44-mRNA-1 5359242
.51 augustus_masked-168551338-processed-gene-0.0-mRNA-1 5273013
.26 augustus_masked-168551338-processed-gene-0.0-mRNA-1 934312
.42 maker-166411943-augustus-gene-0.4-mRNA-1 5280132
.18 maker-166411943-augustus-gene-0.4-mRNA-1 5299136
.59 maker-165039990-snap-gene-0.4-mRNA-1 5359051
.05 maker-165039990-snap-gene-0.4-mRNA-1 756824
.05 maker-165039990-snap-gene-0.4-mRNA-1 923294
.03 maker-165039990-snap-gene-0.4-mRNA-1 5276093
.02 maker-165039990-snap-gene-0.4-mRNA-1 5273627
.48 genemark-166518589-processed-gene-0.0-mRNA-1 813173
.39 genemark-166518589-processed-gene-0.0-mRNA-1 813164
.33 genemark-166518589-processed-gene-0.0-mRNA-1 392269
.12 maker-166575086-augustus-gene-0.4-mRNA-1 1442439
.38 maker-166575086-augustus-gene-0.4-mRNA-1 5274037
.49 maker-168217878-augustus-gene-0.68-mRNA-1 5269466
.34 maker-168217878-augustus-gene-0.68-mRNA-1 5269467
.06 maker-168190187-augustus-gene-1.94-mRNA-1 2749357
.17 maker-168190187-augustus-gene-1.94-mRNA-1 2205040
.19 augustus_masked-167559622-processed-gene-0.0-mRNA-1 5290400
.18 augustus_masked-167559622-processed-gene-0.0-mRNA-1 5284968
.67 maker-168188504-snap-gene-0.36-mRNA-1 5283801
.15 maker-168188504-snap-gene-0.36-mRNA-1 5278526
.34 maker-167983784-snap-gene-0.5-mRNA-1 1086982
.28 maker-167983784-snap-gene-0.5-mRNA-1 2356776
.31 maker-166004579-augustus-gene-0.3-mRNA-1 1116978
.29 maker-166004579-augustus-gene-0.3-mRNA-1 5280393
.18 maker-166004579-augustus-gene-0.3-mRNA-1 3285634
.56 maker-168577507-snap-gene-0.43-mRNA-1 5359071
.14 maker-168577507-snap-gene-0.43-mRNA-1 4106760
.79 augustus_masked-168518511-processed-gene-0.13-mRNA-1 5359042
.09 augustus_masked-168518511-processed-gene-0.13-mRNA-1 1422290
.36 augustus_masked-165850256-processed-gene-0.0-mRNA-1 5275303
.29 augustus_masked-165850256-processed-gene-0.0-mRNA-1 5271041
.99 augustus_masked-167982584-processed-gene-0.3-mRNA-1 5269431
.29 augustus_masked-168571382-processed-gene-0.2-mRNA-1 5274297
.17 augustus_masked-168571382-processed-gene-0.2-mRNA-1 5269895
.04 augustus_masked-168571382-processed-gene-0.2-mRNA-1 5269894
.38 maker-168280167-snap-gene-0.7-mRNA-1 5359204
.06 maker-168280167-snap-gene-0.7-mRNA-1 133619
.68 maker-168019910-augustus-gene-0.5-mRNA-1 5274308
.24 augustus_masked-168495564-processed-gene-0.6-mRNA-1 5359150
.03 augustus_masked-168495564-processed-gene-0.6-mRNA-1 5359093
.02 augustus_masked-168495564-processed-gene-0.6-mRNA-1 5269337
.01 augustus_masked-168495564-processed-gene-0.6-mRNA-1 5359093
.01 augustus_masked-168495564-processed-gene-0.6-mRNA-1 2898885
.88 maker-168190456-augustus-gene-0.30-mRNA-2 5359266
.37 maker-168322613-snap-gene-0.40-mRNA-1 1050502
.56 maker-167898280-augustus-gene-0.16-mRNA-1 5274806
.28 maker-167898280-augustus-gene-0.16-mRNA-1 5307076
.21 maker-168463031-augustus-gene-0.50-mRNA-1 5359267
.29 maker-168463031-augustus-gene-0.50-mRNA-1 5359267
.71 maker-168546174-snap-gene-0.12-mRNA-1 5359199
.21 maker-168546174-snap-gene-0.12-mRNA-1 2195270
.25 maker-168332734-augustus-gene-0.4-mRNA-1 5272007
.73 maker-168332734-augustus-gene-0.4-mRNA-1 5359221
.16 snap_masked-168028511-processed-gene-0.3-mRNA-1 1254176
.62 maker-168190598-snap-gene-0.18-mRNA-1 5359157
.29 maker-168464861-snap-gene-0.16-mRNA-1 5359245
.25 maker-168464861-snap-gene-0.16-mRNA-1 5359245
.23 augustus_masked-161520589-processed-gene-0.1-mRNA-1 5282581
.37 augustus_masked-161520589-processed-gene-0.1-mRNA-1 1696545
.88 snap_masked-168379314-processed-gene-0.24-mRNA-1 5359099
.21 maker-168548909-augustus-gene-0.13-mRNA-2 5359066
.30 maker-168548909-augustus-gene-0.13-mRNA-2 5359066
.28 maker-168184243-snap-gene-0.6-mRNA-1 5359152
.38 augustus_masked-168341230-processed-gene-0.4-mRNA-1 5359096
.23 maker-168515102-snap-gene-0.54-mRNA-1 5272826
.20 maker-168515102-snap-gene-0.54-mRNA-1 5274791
.33 maker-164494972-snap-gene-0.5-mRNA-1 1138842
.24 maker-164494972-snap-gene-0.5-mRNA-1 3053300
.35 augustus_masked-162263226-processed-gene-0.0-mRNA-1 2471865
.19 augustus_masked-162263226-processed-gene-0.0-mRNA-1 2144262
.17 augustus_masked-162263226-processed-gene-0.0-mRNA-1 1536516
.17 augustus_masked-162263226-processed-gene-0.0-mRNA-1 2954885
.17 augustus_masked-162263226-processed-gene-0.0-mRNA-1 778956
.49 maker-168190618-snap-gene-0.23-mRNA-1 5359248
.50 maker-168190618-snap-gene-0.23-mRNA-1 5359248
.53 maker-168561815-augustus-gene-0.6-mRNA-1 5286779
.23 maker-168561815-augustus-gene-0.6-mRNA-1 1315854
.31 maker-168577499-augustus-gene-0.26-mRNA-2 5359126
.23 maker-168577499-augustus-gene-0.26-mRNA-2 518051
.05 maker-168577499-augustus-gene-0.26-mRNA-2 5269453
.77 maker-168003306-augustus-gene-0.27-mRNA-1 5359190
.09 maker-168003306-augustus-gene-0.27-mRNA-1 3095453
.95 maker-168577231-snap-gene-0.17-mRNA-1 5359105
.16 maker-168032190-snap-gene-0.14-mRNA-1 5281980
.13 maker-168032190-snap-gene-0.14-mRNA-1 590665
.16 genemark-168564448-processed-gene-0.15-mRNA-1 2258298
.38 maker-168543351-snap-gene-0.44-mRNA-1 5285501
.20 maker-168543351-snap-gene-0.44-mRNA-1 1864106
.20 maker-168543351-snap-gene-0.44-mRNA-1 912084
.19 augustus_masked-164944577-processed-gene-0.0-mRNA-1 564246
.21 augustus_masked-164944577-processed-gene-0.0-mRNA-1 1487946
.32 maker-168357513-augustus-gene-0.23-mRNA-1 774528
.32 maker-168357513-augustus-gene-0.23-mRNA-1 269612
.27 snap_masked-168572039-processed-gene-0.21-mRNA-1 5359166
.21 maker-168576970-snap-gene-0.39-mRNA-1 5269509
.19 maker-168576970-snap-gene-0.39-mRNA-1 5289956
.10 maker-168421673-snap-gene-0.67-mRNA-1 1780705
.77 maker-168421673-snap-gene-0.67-mRNA-1 5270568
.12 maker-168070976-snap-gene-0.22-mRNA-1 1538680
.22 maker-168497403-snap-gene-0.51-mRNA-1 5284794
.19 maker-168497403-snap-gene-0.51-mRNA-1 2165483
.44 augustus_masked-168404276-processed-gene-0.3-mRNA-1 5273279
.11 augustus_masked-168404276-processed-gene-0.3-mRNA-1 964198
.28 maker-164510119-augustus-gene-0.3-mRNA-1 5286270
.20 maker-164510119-augustus-gene-0.3-mRNA-1 2253063
.19 maker-168552809-snap-gene-1.80-mRNA-1 5359196
.40 genemark-168562320-processed-gene-0.11-mRNA-1 2085413
.24 genemark-168562320-processed-gene-0.11-mRNA-1 3181825
.22 maker-166701000-snap-gene-0.4-mRNA-1 5272320
.15 maker-168331358-snap-gene-0.23-mRNA-1 5277118
.13 maker-168331358-snap-gene-0.23-mRNA-1 1202934
.05 augustus_masked-168204569-processed-gene-0.6-mRNA-1 1719075
.92 augustus_masked-168204569-processed-gene-0.6-mRNA-1 5359150
.71 genemark-168484562-processed-gene-0.18-mRNA-1 5359175
.15 genemark-168484562-processed-gene-0.18-mRNA-1 1662057
.21 augustus_masked-168389992-processed-gene-0.5-mRNA-1 5282254
.03 augustus_masked-168389992-processed-gene-0.5-mRNA-1 2612529
.17 genemark-167982734-processed-gene-0.15-mRNA-1 5278682
.02 genemark-167982734-processed-gene-0.15-mRNA-1 5278682
.28 genemark-168328194-processed-gene-0.70-mRNA-1 5278682
.22 genemark-168328194-processed-gene-0.70-mRNA-1 1838756
.19 genemark-168328194-processed-gene-0.70-mRNA-1 5283123
.46 genemark-161503420-processed-gene-0.1-mRNA-1 5278704
.13 genemark-161503420-processed-gene-0.1-mRNA-1 4605936
.28 maker-168549723-snap-gene-0.40-mRNA-1 5269271
.21 maker-168549723-snap-gene-0.40-mRNA-1 5280238
.64 maker-166879293-snap-gene-0.5-mRNA-1 5271600
.27 maker-166879293-snap-gene-0.5-mRNA-1 1145311
.27 maker-165056348-augustus-gene-0.3-mRNA-1 5359144
.03 maker-165056348-augustus-gene-0.3-mRNA-1 5269885
.39 augustus_masked-168560286-processed-gene-0.2-mRNA-1 5274054
.48 maker-168532123-snap-gene-0.18-mRNA-3 601633
.29 augustus_masked-168572513-processed-gene-0.11-mRNA-1 3432846
.41 augustus_masked-168572513-processed-gene-0.11-mRNA-1 2030854
.63 maker-168536815-augustus-gene-0.64-mRNA-1 5359073
.28 augustus_masked-168461401-processed-gene-1.40-mRNA-1 1432254
.31 augustus_masked-168461401-processed-gene-1.40-mRNA-1 1432253
.09 maker-168573651-augustus-gene-0.81-mRNA-1 1486866
.75 maker-168573651-augustus-gene-0.81-mRNA-1 5359271
.28 snap_masked-168332707-processed-gene-0.12-mRNA-1 5271338
.99 snap_masked-168111988-processed-gene-0.7-mRNA-1 5270123
.89 maker-168186899-snap-gene-0.21-mRNA-1 5359251
.25 maker-167825421-augustus-gene-0.18-mRNA-1 5290701
.31 maker-167825421-augustus-gene-0.18-mRNA-1 48519
.37 snap_masked-168577351-processed-gene-0.89-mRNA-1 5359135
.56 snap_masked-168577351-processed-gene-0.89-mRNA-1 5359135
.40 maker-168186438-augustus-gene-0.5-mRNA-1 5359048
.23 maker-168186438-augustus-gene-0.5-mRNA-1 5273861
.81 maker-168207442-snap-gene-0.30-mRNA-1 5274624
.10 maker-168207442-snap-gene-0.30-mRNA-1 2308827
.06 maker-168558424-augustus-gene-0.11-mRNA-1 1553768
.17 maker-168558424-augustus-gene-0.11-mRNA-1 5271994
.99 maker-166549041-augustus-gene-0.4-mRNA-1 5359185
.29 maker-168432992-augustus-gene-0.22-mRNA-1 1164097
.08 maker-168432992-augustus-gene-0.22-mRNA-1 243320
.24 augustus_masked-168061017-processed-gene-0.10-mRNA-1 886370
.23 augustus_masked-168061017-processed-gene-0.10-mRNA-1 2451843
.19 augustus_masked-168061017-processed-gene-0.10-mRNA-1 1657387
.16 augustus_masked-168061017-processed-gene-0.10-mRNA-1 4634928
.14 augustus_masked-168061017-processed-gene-0.10-mRNA-1 1333927
.78 maker-168577341-augustus-gene-0.72-mRNA-1 5359205
.09 maker-168483421-augustus-gene-0.36-mRNA-2 3273217
.24 maker-168483421-augustus-gene-0.36-mRNA-2 1771976
.43 maker-168567036-augustus-gene-0.61-mRNA-1 5271589
.33 maker-168513537-augustus-gene-0.9-mRNA-1 5271640
.15 maker-168513537-augustus-gene-0.9-mRNA-1 5271643
.11 maker-168513537-augustus-gene-0.9-mRNA-1 5271641
.18 maker-164534829-augustus-gene-0.3-mRNA-1 4659240
.80 maker-164534829-augustus-gene-0.3-mRNA-1 740750
.29 maker-168256644-augustus-gene-0.22-mRNA-1 5269752
.19 maker-168256644-augustus-gene-0.22-mRNA-1 5271404
.16 maker-168256644-augustus-gene-0.22-mRNA-1 1693081
.14 augustus_masked-168288961-processed-gene-0.7-mRNA-1 1969246
.13 augustus_masked-168288961-processed-gene-0.7-mRNA-1 784659
.11 augustus_masked-168288961-processed-gene-0.7-mRNA-1 812632
.10 augustus_masked-168288961-processed-gene-0.7-mRNA-1 1842523
.99 maker-159387221-augustus-gene-0.3-mRNA-1 5359226
.13 maker-168188004-snap-gene-0.64-mRNA-1 862031
.81 maker-168188004-snap-gene-0.64-mRNA-1 5359178
.69 maker-168439334-snap-gene-0.22-mRNA-2 5359243
.17 snap_masked-168568361-processed-gene-0.41-mRNA-1 3678233
.15 snap_masked-168568361-processed-gene-0.41-mRNA-1 5197077
.36 maker-168577257-augustus-gene-0.22-mRNA-1 614407
.24 maker-168140481-snap-gene-0.4-mRNA-1 5269601
.75 maker-168140481-snap-gene-0.4-mRNA-1 5274260
.47 maker-168391340-snap-gene-0.48-mRNA-1 5272454
.17 augustus_masked-168231296-processed-gene-0.14-mRNA-1 1032492
.01 augustus_masked-168231296-processed-gene-0.14-mRNA-1 5359176
.07 maker-168556517-snap-gene-0.35-mRNA-1 5340287
.08 maker-168556517-snap-gene-0.35-mRNA-1 5277881
.06 maker-168556517-snap-gene-0.35-mRNA-1 5279474
.19 snap_masked-165499942-processed-gene-0.2-mRNA-1 859695
.18 snap_masked-165499942-processed-gene-0.2-mRNA-1 2458651
.34 maker-168565700-snap-gene-1.60-mRNA-1 5275673
.32 maker-168565700-snap-gene-1.60-mRNA-1 5359081
.38 augustus_masked-168371979-processed-gene-0.3-mRNA-1 5269715
.15 maker-163674939-snap-gene-0.4-mRNA-1 5276259
.13 maker-163674939-snap-gene-0.4-mRNA-1 5279227
.26 augustus_masked-168430447-processed-gene-0.0-mRNA-1 5271004
.70 maker-168506263-augustus-gene-0.15-mRNA-1 5359103
.02 maker-168506263-augustus-gene-0.15-mRNA-1 3210935
.15 maker-168245487-augustus-gene-0.8-mRNA-1 5298497
.76 maker-168245487-augustus-gene-0.8-mRNA-1 5359232
.75 maker-168169082-snap-gene-0.57-mRNA-1 5277062
.52 maker-168404913-snap-gene-0.45-mRNA-1 5273486
.24 maker-168404913-snap-gene-0.45-mRNA-1 1306880
.45 augustus_masked-168185276-processed-gene-0.20-mRNA-1 1374628
.20 augustus_masked-168185276-processed-gene-0.20-mRNA-1 1374630
.24 augustus_masked-161548800-processed-gene-0.0-mRNA-1 5328048
.21 augustus_masked-161548800-processed-gene-0.0-mRNA-1 608169
.33 augustus_masked-165311665-processed-gene-0.0-mRNA-1 4150005
.14 maker-168573767-augustus-gene-0.58-mRNA-1 5276118
.15 maker-168573767-augustus-gene-0.58-mRNA-1 4643932
.16 maker-168573767-augustus-gene-0.58-mRNA-1 1918198
.53 maker-168326110-augustus-gene-0.16-mRNA-1 5276098
.13 maker-168326110-augustus-gene-0.16-mRNA-1 2293159
.69 augustus_masked-168577592-processed-gene-0.15-mRNA-1 5359159
.38 maker-166409453-snap-gene-0.4-mRNA-1 5269347
.39 maker-166409453-snap-gene-0.4-mRNA-1 5359204
.48 maker-168462792-augustus-gene-0.26-mRNA-2 5359088
.72 snap_masked-168391796-processed-gene-0.4-mRNA-1 5275602
.18 snap_masked-168391796-processed-gene-0.4-mRNA-1 1187292
.24 augustus_masked-163649901-processed-gene-0.0-mRNA-1 157696
.43 maker-168388846-augustus-gene-0.100-mRNA-1 5269337
.48 maker-168388846-augustus-gene-0.100-mRNA-1 5269337
.50 maker-166626062-augustus-gene-0.2-mRNA-1 827197
.22 genemark-168309150-processed-gene-0.0-mRNA-1 5276617
.31 genemark-168309150-processed-gene-0.0-mRNA-1 4804059
.52 genemark-167896334-processed-gene-0.1-mRNA-1 5359039
.32 genemark-167896334-processed-gene-0.1-mRNA-1 5290574
.31 maker-168289507-augustus-gene-0.108-mRNA-1 731995
.04 maker-168289507-augustus-gene-0.108-mRNA-1 5275636
.17 maker-168188421-snap-gene-0.25-mRNA-1 5359250
.77 maker-168188421-snap-gene-0.25-mRNA-1 5359250
.71 maker-168435638-snap-gene-0.58-mRNA-1 5359133
.43 maker-168548761-augustus-gene-0.11-mRNA-1 5359197
.06 maker-168548761-augustus-gene-0.11-mRNA-1 2373791
.26 snap_masked-168224974-processed-gene-0.18-mRNA-1 671596
.22 snap_masked-168224974-processed-gene-0.18-mRNA-1 5283071
.55 augustus_masked-168183560-processed-gene-0.0-mRNA-1 5270707
.27 augustus_masked-168183560-processed-gene-0.0-mRNA-1 5280552
.63 maker-168185277-augustus-gene-0.45-mRNA-1 5273443
.16 maker-168185277-augustus-gene-0.45-mRNA-1 5271515
.99 augustus_masked-166104034-processed-gene-0.1-mRNA-1 5359235
.29 augustus_masked-167395132-processed-gene-0.0-mRNA-1 245657
.30 augustus_masked-167395132-processed-gene-0.0-mRNA-1 5299718
.24 augustus_masked-167395132-processed-gene-0.0-mRNA-1 2135305
.26 augustus_masked-167395132-processed-gene-0.0-mRNA-1 2139127
.15 augustus_masked-167395132-processed-gene-0.0-mRNA-1 5355751
.12 maker-168522740-snap-gene-0.14-mRNA-1 2494009
.87 maker-168522740-snap-gene-0.14-mRNA-1 5274378
.36 maker-168085995-snap-gene-0.6-mRNA-1 998286
.41 augustus_masked-168509231-processed-gene-0.4-mRNA-1 5274247
.38 maker-168190883-snap-gene-0.33-mRNA-1 5359070
.25 maker-168190883-snap-gene-0.33-mRNA-1 5278470
.39 maker-168145721-snap-gene-0.16-mRNA-1 1451082
.27 maker-168145721-snap-gene-0.16-mRNA-1 5359147
.45 maker-168189507-snap-gene-0.30-mRNA-1 5359209
.88 maker-167898246-augustus-gene-0.16-mRNA-1 5359090
.79 genemark-168160862-processed-gene-0.30-mRNA-1 5279409
.19 genemark-168160862-processed-gene-0.30-mRNA-1 5270948
.66 maker-168187260-augustus-gene-0.13-mRNA-1 5359192
.02 maker-168187260-augustus-gene-0.13-mRNA-1 5359192
.91 maker-168577317-snap-gene-0.41-mRNA-2 551841
.56 snap_masked-168179903-processed-gene-0.15-mRNA-1 5359104
.37 snap_masked-163197080-processed-gene-0.2-mRNA-1 1891502
.62 snap_masked-163197080-processed-gene-0.2-mRNA-1 1891499
.23 maker-168408172-snap-gene-0.116-mRNA-1 1158009
.73 maker-168408172-snap-gene-0.116-mRNA-1 1076533
.50 genemark-167956108-processed-gene-0.3-mRNA-1 1371464
.32 genemark-167956108-processed-gene-0.3-mRNA-1 1059891
.22 maker-168027527-snap-gene-0.9-mRNA-1 2392918
.14 maker-168027527-snap-gene-0.9-mRNA-1 4138495
.73 maker-168354319-snap-gene-0.58-mRNA-1 5271574
.60 augustus_masked-162700066-processed-gene-0.0-mRNA-1 5271835
.23 augustus_masked-162700066-processed-gene-0.0-mRNA-1 1116718
.23 augustus_masked-162700066-processed-gene-0.0-mRNA-1 5271508
.82 maker-168448912-augustus-gene-0.28-mRNA-1 5359240
.26 maker-168311914-augustus-gene-0.40-mRNA-1 522335
.34 maker-168311914-augustus-gene-0.40-mRNA-1 5270004
.23 maker-168529375-augustus-gene-0.77-mRNA-2 5269181
.04 maker-168529375-augustus-gene-0.77-mRNA-2 5269180
.72 maker-168577431-augustus-gene-0.76-mRNA-2 5359102
.24 snap_masked-168551623-processed-gene-0.56-mRNA-1 5271104
.24 snap_masked-168551623-processed-gene-0.56-mRNA-1 2171147
.19 snap_masked-168551623-processed-gene-0.56-mRNA-1 1867576
.71 maker-168187504-augustus-gene-0.15-mRNA-1 5359047
.12 maker-168187504-augustus-gene-0.15-mRNA-1 1180636
.33 maker-168428454-snap-gene-0.18-mRNA-1 2107351
.21 maker-168428454-snap-gene-0.18-mRNA-1 2899340
.45 maker-168282312-augustus-gene-0.33-mRNA-1 5283398
.12 maker-168282312-augustus-gene-0.33-mRNA-1 2252841
.39 genemark-168240169-processed-gene-0.26-mRNA-1 1410794
.27 genemark-168240169-processed-gene-0.26-mRNA-1 1158009
.33 augustus_masked-168109688-processed-gene-0.0-mRNA-1 5274194
.55 augustus_masked-168109688-processed-gene-0.0-mRNA-1 5271758
.86 maker-168358563-snap-gene-0.85-mRNA-1 5359113
.86 maker-168439410-snap-gene-0.84-mRNA-1 5359154
.58 augustus_masked-168123448-processed-gene-0.0-mRNA-1 5293184
.27 augustus_masked-168123448-processed-gene-0.0-mRNA-1 5304753
.43 maker-168188916-snap-gene-0.31-mRNA-1 5269642
.99 augustus_masked-168572459-processed-gene-0.18-mRNA-1 924245
.64 maker-168184441-snap-gene-0.11-mRNA-1 5359172
.27 maker-168184441-snap-gene-0.11-mRNA-1 2221862
.41 maker-168576984-augustus-gene-0.65-mRNA-1 5359169
.21 maker-168576984-augustus-gene-0.65-mRNA-1 5359169
.37 augustus_masked-168466072-processed-gene-0.0-mRNA-1 2535668
.52 maker-168572743-snap-gene-0.30-mRNA-2 5359163
.17 maker-168572743-snap-gene-0.30-mRNA-2 2662879
.71 snap_masked-168478864-processed-gene-0.81-mRNA-1 5305129
.87 maker-168191530-augustus-gene-0.86-mRNA-1 5359026
.52 maker-168541865-snap-gene-0.37-mRNA-1 5359238
.58 augustus_masked-163862132-processed-gene-0.0-mRNA-1 2013603
.61 augustus_masked-163862132-processed-gene-0.0-mRNA-1 1135520
.50 augustus_masked-163862132-processed-gene-0.0-mRNA-1 1876672
.50 augustus_masked-163862132-processed-gene-0.0-mRNA-1 2238551
.48 augustus_masked-163862132-processed-gene-0.0-mRNA-1 5285002
.15 maker-168554589-snap-gene-0.41-mRNA-1 5271375
.05 maker-168554589-snap-gene-0.41-mRNA-1 509254
.85 snap_masked-168506918-processed-gene-0.11-mRNA-1 1210221
.12 snap_masked-168506918-processed-gene-0.11-mRNA-1 2681735
.18 maker-168535822-snap-gene-0.76-mRNA-1 2260782
.46 maker-168535822-snap-gene-0.76-mRNA-1 1718500
.13 maker-168376672-augustus-gene-0.62-mRNA-1 5359188
.04 maker-168376672-augustus-gene-0.62-mRNA-1 5269658
