.53 maker-168521667-augustus-gene-0.65-mRNA-2 7270258
.11 maker-168521667-augustus-gene-0.65-mRNA-2 7270258
.05 maker-168556614-augustus-gene-0.47-mRNA-1 7207661
.08 maker-168556614-augustus-gene-0.47-mRNA-1 5174250
.02 maker-168556614-augustus-gene-0.47-mRNA-1 3214308
.03 maker-168556614-augustus-gene-0.47-mRNA-1 5055236
.03 maker-168556614-augustus-gene-0.47-mRNA-1 5156420
.77 maker-167840128-augustus-gene-0.32-mRNA-1 7270170
.58 maker-168525957-snap-gene-0.61-mRNA-1 7196454
.28 maker-168525957-snap-gene-0.61-mRNA-1 7166410
.63 maker-167830936-snap-gene-0.8-mRNA-1 7270189
.10 genemark-168214763-processed-gene-0.64-mRNA-1 2711159
.10 genemark-168214763-processed-gene-0.64-mRNA-1 1890681
.10 genemark-168214763-processed-gene-0.64-mRNA-1 4528444
.11 genemark-168214763-processed-gene-0.64-mRNA-1 420846
.18 augustus_masked-168058543-processed-gene-0.7-mRNA-1 2651539
.80 augustus_masked-168058543-processed-gene-0.7-mRNA-1 7173287
.84 maker-161514803-snap-gene-0.2-mRNA-1 68561
.23 maker-161514803-snap-gene-0.2-mRNA-1 5727791
.15 maker-161514803-snap-gene-0.2-mRNA-1 520713
.13 maker-161514803-snap-gene-0.2-mRNA-1 5892004
.11 maker-161514803-snap-gene-0.2-mRNA-1 3843099
.28 augustus_masked-161301799-processed-gene-0.0-mRNA-1 2329416
.54 augustus_masked-168573710-processed-gene-0.4-mRNA-1 1404389
.27 augustus_masked-168573710-processed-gene-0.4-mRNA-1 7165241
.68 maker-168553843-snap-gene-0.40-mRNA-1 1078032
.20 maker-168553843-snap-gene-0.40-mRNA-1 1896523
.86 maker-166423303-augustus-gene-0.3-mRNA-1 7270270
.09 maker-166423303-augustus-gene-0.3-mRNA-1 7161267
.72 maker-168548120-snap-gene-0.56-mRNA-1 7270276
.17 maker-167901998-augustus-gene-0.11-mRNA-1 7188691
.37 maker-168187167-snap-gene-0.30-mRNA-1 7171226
.28 maker-168187167-snap-gene-0.30-mRNA-1 3732126
.89 maker-168496245-snap-gene-0.147-mRNA-1 7270165
.53 maker-168535003-augustus-gene-0.48-mRNA-1 7163835
.90 maker-168199538-snap-gene-0.31-mRNA-1 7270256
.43 maker-168384438-augustus-gene-0.76-mRNA-1 7270202
.13 maker-168384438-augustus-gene-0.76-mRNA-1 7184692
.10 maker-168384438-augustus-gene-0.76-mRNA-1 2413830
.19 maker-162677676-snap-gene-0.4-mRNA-1 7240383
.14 maker-162677676-snap-gene-0.4-mRNA-1 3592770
.31 maker-168479360-augustus-gene-0.12-mRNA-1 7162211
.24 augustus_masked-168071073-processed-gene-0.1-mRNA-1 7161365
.15 augustus_masked-168071073-processed-gene-0.1-mRNA-1 1291213
.48 genemark-167990381-processed-gene-0.15-mRNA-1 7270166
.26 genemark-167990381-processed-gene-0.15-mRNA-1 7159738
.13 genemark-167990381-processed-gene-0.15-mRNA-1 7162890
.23 maker-168464597-augustus-gene-0.9-mRNA-1 1135786
.13 maker-168464597-augustus-gene-0.9-mRNA-1 7164265
.38 maker-168183102-snap-gene-0.20-mRNA-1 677419
.40 maker-168089639-snap-gene-0.18-mRNA-2 3395629
.42 genemark-168196846-processed-gene-0.7-mRNA-1 7270190
.25 maker-168183159-augustus-gene-0.11-mRNA-1 7178569
.52 augustus_masked-166201476-processed-gene-0.1-mRNA-1 7168276
.24 augustus_masked-166201476-processed-gene-0.1-mRNA-1 7161947
.64 snap_masked-168166542-processed-gene-0.16-mRNA-1 7178875
.26 snap_masked-168166542-processed-gene-0.16-mRNA-1 1618069
.26 snap_masked-168166542-processed-gene-0.16-mRNA-1 7191902
.27 snap_masked-168166542-processed-gene-0.16-mRNA-1 2246078
.85 snap_masked-168574054-processed-gene-0.45-mRNA-1 7270233
.02 snap_masked-168574054-processed-gene-0.45-mRNA-1 5256791
.89 maker-168187152-augustus-gene-0.17-mRNA-1 7270210
.01 maker-168275167-augustus-gene-0.75-mRNA-1 2131959
.44 augustus_masked-168241125-processed-gene-0.13-mRNA-1 7164284
.25 augustus_masked-168256206-processed-gene-0.7-mRNA-1 3059775
.21 augustus_masked-168256206-processed-gene-0.7-mRNA-1 903013
.20 augustus_masked-168256206-processed-gene-0.7-mRNA-1 3002875
.19 augustus_masked-168256206-processed-gene-0.7-mRNA-1 2706359
.18 augustus_masked-168256206-processed-gene-0.7-mRNA-1 2976711
.24 snap_masked-167933582-processed-gene-0.10-mRNA-1 2861272
.15 genemark-167794540-processed-gene-0.10-mRNA-1 2714377
.12 genemark-167794540-processed-gene-0.10-mRNA-1 7167130
.37 maker-167870375-snap-gene-0.8-mRNA-1 7162080
.25 maker-167870375-snap-gene-0.8-mRNA-1 1377399
.23 maker-167870375-snap-gene-0.8-mRNA-1 2856041
.24 maker-167870375-snap-gene-0.8-mRNA-1 3364246
.22 snap_masked-168282189-processed-gene-0.11-mRNA-1 7170783
.12 snap_masked-168282189-processed-gene-0.11-mRNA-1 2625521
.12 snap_masked-168282189-processed-gene-0.11-mRNA-1 3566506
.16 snap_masked-168282189-processed-gene-0.11-mRNA-1 1725796
.12 snap_masked-168282189-processed-gene-0.11-mRNA-1 3807242
.48 augustus_masked-168563766-processed-gene-0.7-mRNA-1 6002238
.36 augustus_masked-168563766-processed-gene-0.7-mRNA-1 5820752
.33 augustus_masked-168563766-processed-gene-0.7-mRNA-1 5423565
.21 augustus_masked-168563766-processed-gene-0.7-mRNA-1 3959075
.18 augustus_masked-168563766-processed-gene-0.7-mRNA-1 4675583
.70 augustus_masked-168529183-processed-gene-0.3-mRNA-1 7270168
.25 augustus_masked-168529183-processed-gene-0.3-mRNA-1 7270168
.14 snap_masked-168182662-processed-gene-0.28-mRNA-1 2732188
.11 snap_masked-168182662-processed-gene-0.28-mRNA-1 4505014
.58 maker-166998445-snap-gene-0.3-mRNA-1 3754942
.21 maker-166998445-snap-gene-0.3-mRNA-1 7179176
.38 maker-167178849-snap-gene-0.4-mRNA-1 5050666
.43 maker-168333677-snap-gene-0.24-mRNA-1 7170918
.27 maker-168333677-snap-gene-0.24-mRNA-1 2094873
.21 maker-168357047-augustus-gene-0.20-mRNA-1 7198266
.25 maker-168357047-augustus-gene-0.20-mRNA-1 7227983
.99 snap_masked-161377304-processed-gene-0.1-mRNA-1 2189030
.75 snap_masked-161377304-processed-gene-0.1-mRNA-1 1276940
.94 maker-168458029-augustus-gene-0.24-mRNA-1 7270244
.85 snap_masked-168459891-processed-gene-0.14-mRNA-1 3607918
.46 snap_masked-168548256-processed-gene-0.84-mRNA-1 2119766
.17 snap_masked-168548256-processed-gene-0.84-mRNA-1 2893175
.45 snap_masked-168265310-processed-gene-0.3-mRNA-1 5308846
.08 maker-168562125-augustus-gene-0.78-mRNA-1 7170035
.01 maker-168562125-augustus-gene-0.78-mRNA-1 1713696
.01 maker-168562125-augustus-gene-0.78-mRNA-1 3372982
.62 snap_masked-168577574-processed-gene-0.37-mRNA-1 3754924
.18 maker-168576949-augustus-gene-0.19-mRNA-1 7160906
.81 maker-168576949-augustus-gene-0.19-mRNA-1 7270142
.21 maker-168577412-augustus-gene-0.44-mRNA-1 7173214
.77 maker-168577412-augustus-gene-0.44-mRNA-1 7162482
.58 augustus_masked-168277452-processed-gene-0.14-mRNA-1 3335796
.61 snap_masked-168254379-processed-gene-0.5-mRNA-1 7161036
.13 snap_masked-168254379-processed-gene-0.5-mRNA-1 4673911
.12 snap_masked-168254379-processed-gene-0.5-mRNA-1 7232790
.14 maker-168552379-augustus-gene-0.69-mRNA-1 1826776
.35 maker-168552379-augustus-gene-0.69-mRNA-1 7160360
.26 genemark-168577394-processed-gene-1.18-mRNA-1 2317005
.22 genemark-168577394-processed-gene-1.18-mRNA-1 7165045
.20 genemark-168577394-processed-gene-1.18-mRNA-1 1698028
.58 maker-168448061-snap-gene-0.4-mRNA-1 7165993
.25 maker-168448061-snap-gene-0.4-mRNA-1 1166461
.10 maker-168187700-augustus-gene-0.23-mRNA-1 1728748
.07 maker-168187700-augustus-gene-0.23-mRNA-1 181163
.05 maker-168187700-augustus-gene-0.23-mRNA-1 7172451
.04 maker-168187700-augustus-gene-0.23-mRNA-1 181259
.04 maker-168187700-augustus-gene-0.23-mRNA-1 3616835
.29 augustus_masked-168478332-processed-gene-0.0-mRNA-1 1869660
.48 augustus_masked-168478332-processed-gene-0.0-mRNA-1 7162725
.19 snap_masked-168575466-processed-gene-0.52-mRNA-1 7172920
.17 snap_masked-168575466-processed-gene-0.52-mRNA-1 7179479
.37 snap_masked-168424130-processed-gene-0.5-mRNA-1 7188481
.15 snap_masked-168424130-processed-gene-0.5-mRNA-1 1949601
.12 snap_masked-168424130-processed-gene-0.5-mRNA-1 4280012
.40 snap_masked-165415670-processed-gene-0.2-mRNA-1 6740143
.46 snap_masked-165415670-processed-gene-0.2-mRNA-1 1187394
.54 snap_masked-165415670-processed-gene-0.2-mRNA-1 5651337
.25 snap_masked-165415670-processed-gene-0.2-mRNA-1 6425443
.36 maker-164177018-snap-gene-0.4-mRNA-1 1052906
.30 maker-168436901-snap-gene-0.37-mRNA-1 7166381
.10 maker-168436901-snap-gene-0.37-mRNA-1 2899543
.10 maker-168436901-snap-gene-0.37-mRNA-1 7172545
.15 maker-168436901-snap-gene-0.37-mRNA-1 7166381
.03 maker-168436901-snap-gene-0.37-mRNA-1 7166381
.61 augustus_masked-167908447-processed-gene-0.3-mRNA-1 7163115
.17 augustus_masked-168289552-processed-gene-0.8-mRNA-1 7167044
.23 augustus_masked-168289552-processed-gene-0.8-mRNA-1 2205579
.37 augustus_masked-166184842-processed-gene-0.0-mRNA-1 7173220
.21 augustus_masked-166184842-processed-gene-0.0-mRNA-1 7180842
.16 maker-168197523-snap-gene-0.123-mRNA-1 7180833
.82 maker-168197523-snap-gene-0.123-mRNA-1 7270155
.48 snap_masked-165516976-processed-gene-0.2-mRNA-1 1300806
.33 snap_masked-165516976-processed-gene-0.2-mRNA-1 4954610
.23 maker-167895530-augustus-gene-0.8-mRNA-1 7184564
.20 maker-167895530-augustus-gene-0.8-mRNA-1 7159719
.20 maker-167895530-augustus-gene-0.8-mRNA-1 67127
.06 maker-167895530-augustus-gene-0.8-mRNA-1 4103743
.06 maker-167895530-augustus-gene-0.8-mRNA-1 4852575
.41 maker-168187317-snap-gene-0.20-mRNA-1 7164520
.21 maker-168187317-snap-gene-0.20-mRNA-1 7162053
.33 maker-163144965-augustus-gene-0.6-mRNA-1 4916186
.23 maker-163144965-augustus-gene-0.6-mRNA-1 1378391
.34 genemark-168414784-processed-gene-0.4-mRNA-1 6275347
.32 genemark-168414784-processed-gene-0.4-mRNA-1 3297423
.18 genemark-168414784-processed-gene-0.4-mRNA-1 6824946
.41 genemark-168414784-processed-gene-0.4-mRNA-1 5644712
.41 genemark-168414784-processed-gene-0.4-mRNA-1 3294599
.24 maker-168399913-augustus-gene-0.25-mRNA-2 7166318
.10 maker-168399913-augustus-gene-0.25-mRNA-2 7171573
.29 maker-168527758-augustus-gene-0.6-mRNA-2 7270154
.13 maker-168527758-augustus-gene-0.6-mRNA-2 1944474
.41 augustus_masked-168147806-processed-gene-0.1-mRNA-1 7170346
.22 augustus_masked-168147806-processed-gene-0.1-mRNA-1 7165571
.34 genemark-167028408-processed-gene-0.3-mRNA-1 7161681
.49 snap_masked-168483131-processed-gene-0.50-mRNA-1 1811759
.50 snap_masked-168483131-processed-gene-0.50-mRNA-1 1948890
.57 maker-168351002-snap-gene-0.31-mRNA-1 7164303
.40 maker-167898087-snap-gene-0.12-mRNA-1 7172139
.07 maker-167898087-snap-gene-0.12-mRNA-1 2639469
.19 genemark-168463935-processed-gene-0.16-mRNA-1 1481901
.15 genemark-168463935-processed-gene-0.16-mRNA-1 7246130
.99 snap_masked-165846853-processed-gene-0.2-mRNA-1 7160153
.80 augustus_masked-166177898-processed-gene-0.0-mRNA-1 7185044
.15 augustus_masked-166177898-processed-gene-0.0-mRNA-1 4717770
.32 maker-168561547-augustus-gene-0.16-mRNA-1 7160500
.19 maker-168561547-augustus-gene-0.16-mRNA-1 445334
.48 genemark-167965899-processed-gene-0.9-mRNA-1 1737550
.79 maker-168566919-snap-gene-0.60-mRNA-2 7160525
.16 maker-168566919-snap-gene-0.60-mRNA-2 7187136
.75 snap_masked-168490618-processed-gene-0.114-mRNA-1 7161391
.21 augustus_masked-168414969-processed-gene-0.0-mRNA-1 1203928
.09 augustus_masked-168414969-processed-gene-0.0-mRNA-1 7257903
.09 augustus_masked-168414969-processed-gene-0.0-mRNA-1 2163376
.09 augustus_masked-168414969-processed-gene-0.0-mRNA-1 4358305
.35 maker-168368083-augustus-gene-0.11-mRNA-1 7270158
.19 maker-168368083-augustus-gene-0.11-mRNA-1 7170614
.12 maker-168337997-augustus-gene-0.95-mRNA-1 7179181
.11 maker-168337997-augustus-gene-0.95-mRNA-1 7165096
.46 maker-167930301-augustus-gene-0.14-mRNA-1 7159925
.68 augustus_masked-168442142-processed-gene-0.4-mRNA-1 7270151
.47 maker-168218385-augustus-gene-0.32-mRNA-1 7162564
.18 maker-168218385-augustus-gene-0.32-mRNA-1 692086
.32 maker-168185510-augustus-gene-0.15-mRNA-1 7163359
.25 maker-168185510-augustus-gene-0.15-mRNA-1 7164514
.11 augustus_masked-168552460-processed-gene-0.27-mRNA-1 1618205
.11 augustus_masked-168552460-processed-gene-0.27-mRNA-1 2067984
.05 augustus_masked-168552460-processed-gene-0.27-mRNA-1 1952869
.05 augustus_masked-168552460-processed-gene-0.27-mRNA-1 7231932
.28 maker-167851741-augustus-gene-0.53-mRNA-1 7270205
.09 maker-167851741-augustus-gene-0.53-mRNA-1 7167120
.08 maker-167851741-augustus-gene-0.53-mRNA-1 7163494
.19 augustus_masked-168573479-processed-gene-0.8-mRNA-1 7270124
.10 augustus_masked-168573479-processed-gene-0.8-mRNA-1 1995817
.27 maker-168187615-augustus-gene-0.24-mRNA-1 7270273
.17 maker-168187615-augustus-gene-0.24-mRNA-1 7270273
.51 genemark-168205021-processed-gene-0.14-mRNA-1 7162527
.34 genemark-168205021-processed-gene-0.14-mRNA-1 7163613
.73 maker-163647323-snap-gene-0.4-mRNA-1 7165995
.11 maker-163647323-snap-gene-0.4-mRNA-1 1956366
.99 maker-168551162-augustus-gene-0.47-mRNA-1 7270265
.46 maker-168211947-augustus-gene-0.64-mRNA-1 7211120
.30 maker-162190909-augustus-gene-0.3-mRNA-1 7270150
.40 maker-162190909-augustus-gene-0.3-mRNA-1 7181282
.32 maker-168511677-snap-gene-0.37-mRNA-1 4108049
.31 maker-168511677-snap-gene-0.37-mRNA-1 7167393
.35 maker-168313030-snap-gene-0.74-mRNA-1 7270232
.19 maker-168313030-snap-gene-0.74-mRNA-1 7163950
.29 maker-167914997-augustus-gene-0.55-mRNA-1 6247790
.28 maker-167914997-augustus-gene-0.55-mRNA-1 2976691
.17 augustus_masked-168187241-processed-gene-0.0-mRNA-1 6422779
.73 augustus_masked-164474428-processed-gene-0.0-mRNA-1 3106387
.66 augustus_masked-164474428-processed-gene-0.0-mRNA-1 2999225
.63 augustus_masked-164474428-processed-gene-0.0-mRNA-1 2158596
.66 augustus_masked-164474428-processed-gene-0.0-mRNA-1 2715225
.58 augustus_masked-164474428-processed-gene-0.0-mRNA-1 2128272
.14 maker-168559547-snap-gene-0.50-mRNA-1 3456226
.25 maker-168559547-snap-gene-0.50-mRNA-1 3576782
.45 snap_masked-166254506-processed-gene-0.3-mRNA-1 7161297
.38 snap_masked-166254506-processed-gene-0.3-mRNA-1 7168070
.78 maker-164748642-augustus-gene-0.4-mRNA-1 7170076
.35 maker-168565287-augustus-gene-0.43-mRNA-1 7270242
.53 maker-168183079-snap-gene-0.35-mRNA-1 7270236
.22 maker-168183079-snap-gene-0.35-mRNA-1 7165255
.17 augustus_masked-167876305-processed-gene-0.6-mRNA-1 7171256
.14 maker-168510789-augustus-gene-0.39-mRNA-1 1421518
.11 maker-168510789-augustus-gene-0.39-mRNA-1 2541195
.68 maker-168489523-augustus-gene-0.107-mRNA-1 7270183
.12 maker-168489523-augustus-gene-0.107-mRNA-1 6416427
.49 maker-163967872-augustus-gene-0.3-mRNA-1 7169736
.17 maker-163967872-augustus-gene-0.3-mRNA-1 3966060
.34 genemark-168023225-processed-gene-0.38-mRNA-1 3752522
.44 genemark-168023225-processed-gene-0.38-mRNA-1 1276945
.41 maker-168490618-augustus-gene-0.134-mRNA-1 3963090
.17 genemark-166972323-processed-gene-0.1-mRNA-1 5515464
.52 genemark-166972323-processed-gene-0.1-mRNA-1 5744917
.55 augustus_masked-168239374-processed-gene-0.2-mRNA-1 3547558
.43 augustus_masked-168239374-processed-gene-0.2-mRNA-1 1920077
.04 maker-168110384-augustus-gene-0.23-mRNA-1 1728675
.85 maker-168110384-augustus-gene-0.23-mRNA-1 7270278
.23 maker-168488328-augustus-gene-0.40-mRNA-1 7167907
.23 maker-168488328-augustus-gene-0.40-mRNA-1 894906
.11 maker-168488328-augustus-gene-0.40-mRNA-1 1218710
.05 maker-168488328-augustus-gene-0.40-mRNA-1 7179597
.62 augustus_masked-166962411-processed-gene-0.0-mRNA-1 7164160
.21 augustus_masked-166962411-processed-gene-0.0-mRNA-1 1462092
.44 maker-166906437-snap-gene-0.5-mRNA-1 7160215
.16 maker-168288566-augustus-gene-0.98-mRNA-1 4357963
.13 maker-168288566-augustus-gene-0.98-mRNA-1 7161661
.50 maker-162349542-snap-gene-0.4-mRNA-1 7179564
.52 maker-167970306-snap-gene-0.16-mRNA-2 2807911
.17 maker-167970306-snap-gene-0.16-mRNA-2 5423486
.22 maker-168428894-augustus-gene-0.29-mRNA-1 7171716
.17 maker-168428894-augustus-gene-0.29-mRNA-1 7163586
.13 maker-168428894-augustus-gene-0.29-mRNA-1 2864675
.13 maker-168428894-augustus-gene-0.29-mRNA-1 2163930
.60 maker-168377243-augustus-gene-0.49-mRNA-1 7162329
.23 maker-168377243-augustus-gene-0.49-mRNA-1 3093894
.29 maker-168544897-snap-gene-0.6-mRNA-1 7163172
.14 maker-168544897-snap-gene-0.6-mRNA-1 2966431
.07 maker-168544897-snap-gene-0.6-mRNA-1 2719724
.84 maker-168554750-augustus-gene-0.35-mRNA-1 7270188
.13 maker-168554750-augustus-gene-0.35-mRNA-1 7162907
.15 augustus_masked-168264574-processed-gene-0.5-mRNA-1 7174885
.10 augustus_masked-168264574-processed-gene-0.5-mRNA-1 7174885
.58 genemark-168190598-processed-gene-0.8-mRNA-1 7270153
.07 maker-168414024-augustus-gene-1.144-mRNA-1 1408552
.07 maker-168414024-augustus-gene-1.144-mRNA-1 3253901
.06 maker-168414024-augustus-gene-1.144-mRNA-1 1127034
.06 maker-168414024-augustus-gene-1.144-mRNA-1 3125755
.04 maker-168414024-augustus-gene-1.144-mRNA-1 4543388
.61 augustus_masked-168558698-processed-gene-0.0-mRNA-1 7164593
.36 maker-168318025-snap-gene-0.26-mRNA-2 7159761
.33 maker-168318025-snap-gene-0.26-mRNA-2 7171258
.16 augustus_masked-168572888-processed-gene-1.47-mRNA-1 1524887
.42 augustus_masked-168572888-processed-gene-1.47-mRNA-1 7189461
.40 maker-168346191-augustus-gene-0.38-mRNA-1 7161170
.15 maker-168346191-augustus-gene-0.38-mRNA-1 761272
.42 maker-166312652-augustus-gene-0.1-mRNA-1 1139810
.45 maker-166312652-augustus-gene-0.1-mRNA-1 2360149
.45 maker-166312652-augustus-gene-0.1-mRNA-1 2739524
.45 maker-166312652-augustus-gene-0.1-mRNA-1 5710326
.38 maker-166312652-augustus-gene-0.1-mRNA-1 2790647
.43 snap_masked-168446362-processed-gene-0.11-mRNA-1 7270185
.15 snap_masked-168446362-processed-gene-0.11-mRNA-1 2697453
.83 maker-168197399-snap-gene-0.23-mRNA-1 7270141
.61 maker-168312706-augustus-gene-0.56-mRNA-1 7270209
.38 maker-168312706-augustus-gene-0.56-mRNA-1 7270209
.86 augustus_masked-168472005-processed-gene-0.20-mRNA-1 7171256
.09 augustus_masked-168472005-processed-gene-0.20-mRNA-1 4541220
.23 snap_masked-158521743-processed-gene-0.2-mRNA-1 2443087
.54 snap_masked-165362021-processed-gene-0.1-mRNA-1 2238279
.49 snap_masked-165362021-processed-gene-0.1-mRNA-1 7262758
.53 snap_masked-165362021-processed-gene-0.1-mRNA-1 7214553
.51 snap_masked-165362021-processed-gene-0.1-mRNA-1 2101095
.39 snap_masked-165362021-processed-gene-0.1-mRNA-1 6279352
.50 maker-168183912-snap-gene-0.11-mRNA-1 7162748
.49 maker-168183912-snap-gene-0.11-mRNA-1 7162748
.21 genemark-168548835-processed-gene-0.27-mRNA-1 3574027
.18 genemark-168548835-processed-gene-0.27-mRNA-1 4751433
.60 maker-168196710-augustus-gene-0.96-mRNA-1 7270215
.12 maker-168196710-augustus-gene-0.96-mRNA-1 5250418
.18 maker-168191276-snap-gene-0.84-mRNA-1 3617515
.24 maker-168191276-snap-gene-0.84-mRNA-1 3247085
.79 maker-168494274-snap-gene-0.25-mRNA-1 7270245
.07 maker-168494274-snap-gene-0.25-mRNA-1 631362
.04 maker-168494274-snap-gene-0.25-mRNA-1 1391350
.36 maker-164713870-snap-gene-0.4-mRNA-1 1220460
.18 maker-164713870-snap-gene-0.4-mRNA-1 7160148
.12 maker-168549361-snap-gene-0.27-mRNA-1 3181796
.22 maker-168396045-augustus-gene-0.19-mRNA-1 7162885
.16 maker-168396045-augustus-gene-0.19-mRNA-1 2683680
.14 maker-168396045-augustus-gene-0.19-mRNA-1 2313768
.21 maker-168191392-snap-gene-1.82-mRNA-1 4278096
.16 maker-168191392-snap-gene-1.82-mRNA-1 7201355
.18 maker-168191392-snap-gene-1.82-mRNA-1 4480724
0 maker-168567524-snap-gene-0.93-mRNA-1 7162020
.08 maker-168417518-augustus-gene-0.27-mRNA-1 2223624
.08 maker-168417518-augustus-gene-0.27-mRNA-1 2234472
.87 snap_masked-162053948-processed-gene-0.3-mRNA-1 2614622
.56 snap_masked-162053948-processed-gene-0.3-mRNA-1 2577455
.60 maker-168433502-augustus-gene-0.91-mRNA-1 1407581
.36 maker-168433502-augustus-gene-0.91-mRNA-1 1859657
.87 augustus_masked-168186093-processed-gene-0.5-mRNA-1 7169240
.45 genemark-168559061-processed-gene-0.7-mRNA-1 1673806
.07 maker-168491361-snap-gene-0.27-mRNA-1 1186977
.08 maker-168491361-snap-gene-0.27-mRNA-1 1186972
.49 snap_masked-168492506-processed-gene-0.4-mRNA-1 3618907
.22 genemark-168192393-processed-gene-0.0-mRNA-1 7176841
.64 genemark-168192393-processed-gene-0.0-mRNA-1 7164869
.56 genemark-168184403-processed-gene-0.13-mRNA-1 867941
.24 genemark-168184403-processed-gene-0.13-mRNA-1 3081594
.66 genemark-168270514-processed-gene-0.0-mRNA-1 7161935
.12 genemark-168270514-processed-gene-0.0-mRNA-1 6335669
.14 augustus_masked-168513792-processed-gene-0.3-mRNA-1 7169296
.15 augustus_masked-168513792-processed-gene-0.3-mRNA-1 3033476
.61 maker-168187847-augustus-gene-0.12-mRNA-1 7270225
.11 maker-168577594-augustus-gene-0.29-mRNA-1 2380452
.04 maker-168577594-augustus-gene-0.29-mRNA-1 2650861
.47 genemark-168552644-processed-gene-0.34-mRNA-1 3481120
.33 genemark-168552644-processed-gene-0.34-mRNA-1 180110
.32 maker-165708922-augustus-gene-0.5-mRNA-1 1093311
.36 maker-165708922-augustus-gene-0.5-mRNA-1 2715032
.16 maker-168574288-augustus-gene-0.46-mRNA-1 7270261
.37 maker-168447880-snap-gene-0.22-mRNA-1 3506132
.16 maker-168447880-snap-gene-0.22-mRNA-1 4944200
.59 maker-168202723-snap-gene-0.47-mRNA-1 7163285
.27 maker-168202723-snap-gene-0.47-mRNA-1 7179092
.33 augustus_masked-168575008-processed-gene-0.2-mRNA-1 7164044
.19 augustus_masked-168575008-processed-gene-0.2-mRNA-1 2784785
.09 augustus_masked-168575008-processed-gene-0.2-mRNA-1 7169619
.19 augustus_masked-167939339-processed-gene-0.1-mRNA-1 1026055
.18 augustus_masked-167939339-processed-gene-0.1-mRNA-1 7206607
.42 snap_masked-168093867-processed-gene-0.2-mRNA-1 5820752
.44 snap_masked-168093867-processed-gene-0.2-mRNA-1 5423565
.17 snap_masked-168093867-processed-gene-0.2-mRNA-1 3027054
.88 augustus_masked-167835962-processed-gene-0.0-mRNA-1 7215728
.21 augustus_masked-168349433-processed-gene-0.10-mRNA-1 7270266
.14 augustus_masked-168349433-processed-gene-0.10-mRNA-1 7270266
.07 augustus_masked-168349433-processed-gene-0.10-mRNA-1 927436
.23 augustus_masked-168182967-processed-gene-0.16-mRNA-1 2692979
.21 augustus_masked-168182967-processed-gene-0.16-mRNA-1 3424871
.17 augustus_masked-168195661-processed-gene-0.1-mRNA-1 4430436
.80 augustus_masked-168195661-processed-gene-0.1-mRNA-1 7270244
.32 augustus_masked-168503840-processed-gene-0.8-mRNA-1 7270264
.06 maker-168470556-snap-gene-0.29-mRNA-1 728144
.58 maker-168470556-snap-gene-0.29-mRNA-1 1050073
.96 maker-168569835-augustus-gene-0.17-mRNA-1 7161625
.28 maker-168113160-augustus-gene-0.17-mRNA-1 7270169
.17 maker-168113160-augustus-gene-0.17-mRNA-1 2977298
.07 maker-168113160-augustus-gene-0.17-mRNA-1 626964
.26 maker-168526904-snap-gene-0.28-mRNA-1 1347956
.31 maker-168526904-snap-gene-0.28-mRNA-1 1347949
.04 maker-168561042-augustus-gene-0.73-mRNA-1 7163989
.06 maker-168561042-augustus-gene-0.73-mRNA-1 7177285
.03 maker-168561042-augustus-gene-0.73-mRNA-1 4713619
.03 maker-168561042-augustus-gene-0.73-mRNA-1 4502108
.02 maker-168561042-augustus-gene-0.73-mRNA-1 6072245
.09 augustus_masked-168567084-processed-gene-0.4-mRNA-1 2288329
.14 augustus_masked-168567084-processed-gene-0.4-mRNA-1 7167874
.26 maker-162288479-augustus-gene-0.3-mRNA-1 1163759
.16 maker-162288479-augustus-gene-0.3-mRNA-1 3324066
.49 maker-168275442-augustus-gene-0.22-mRNA-1 7169001
.33 maker-168275442-augustus-gene-0.22-mRNA-1 7169002
.23 maker-168569239-augustus-gene-0.47-mRNA-2 7160944
.26 maker-168569239-augustus-gene-0.47-mRNA-2 7163300
.52 maker-168497558-snap-gene-0.53-mRNA-1 2088160
.31 maker-168497558-snap-gene-0.53-mRNA-1 7165340
.37 maker-163475262-augustus-gene-0.3-mRNA-1 7160589
.51 maker-168572221-augustus-gene-0.62-mRNA-1 7270119
.32 maker-168193286-snap-gene-0.61-mRNA-1 7270254
.36 augustus_masked-168186101-processed-gene-0.3-mRNA-1 7270243
.03 augustus_masked-168186101-processed-gene-0.3-mRNA-1 7165748
.86 maker-166273839-augustus-gene-0.2-mRNA-1 7163901
.27 maker-163898734-snap-gene-0.4-mRNA-1 2985949
.32 maker-163898734-snap-gene-0.4-mRNA-1 26209
.32 maker-168336478-snap-gene-0.40-mRNA-1 7163591
.21 maker-168336478-snap-gene-0.40-mRNA-1 7169317
.43 augustus_masked-168401642-processed-gene-0.1-mRNA-1 7168437
.29 augustus_masked-168401642-processed-gene-0.1-mRNA-1 7167002
.20 augustus_masked-168401642-processed-gene-0.1-mRNA-1 2262111
.19 genemark-168577402-processed-gene-0.35-mRNA-1 7167330
.16 genemark-168577402-processed-gene-0.35-mRNA-1 7160776
.92 maker-168351821-augustus-gene-0.25-mRNA-1 7270251
.87 maker-162482787-augustus-gene-0.6-mRNA-1 7159716
.26 augustus_masked-161700205-processed-gene-0.0-mRNA-1 7163101
.13 augustus_masked-161700205-processed-gene-0.0-mRNA-1 7168033
.14 maker-168459554-snap-gene-0.40-mRNA-1 3170098
.02 maker-168459554-snap-gene-0.40-mRNA-1 2128861
.29 augustus_masked-168413481-processed-gene-0.0-mRNA-1 7168334
.26 augustus_masked-168413481-processed-gene-0.0-mRNA-1 7163921
.67 maker-168244247-augustus-gene-0.42-mRNA-1 7162487
.07 maker-168244247-augustus-gene-0.42-mRNA-1 7169629
.06 maker-168244247-augustus-gene-0.42-mRNA-1 3948901
.03 maker-168244247-augustus-gene-0.42-mRNA-1 3023040
.38 snap_masked-168383102-processed-gene-0.35-mRNA-1 7161889
.59 snap_masked-168383102-processed-gene-0.35-mRNA-1 7161889
.17 snap_masked-168567304-processed-gene-0.84-mRNA-1 2984139
.15 snap_masked-168567304-processed-gene-0.84-mRNA-1 979052
.15 snap_masked-168567304-processed-gene-0.84-mRNA-1 1203968
.07 snap_masked-168567304-processed-gene-0.84-mRNA-1 1672252
.24 maker-164887201-augustus-gene-0.8-mRNA-1 934485
.12 maker-164887201-augustus-gene-0.8-mRNA-1 7161825
.10 maker-168502864-augustus-gene-0.58-mRNA-1 2899543
.04 maker-168502864-augustus-gene-0.58-mRNA-1 3186370
.49 maker-164378945-snap-gene-0.5-mRNA-1 6057528
.46 maker-164378945-snap-gene-0.5-mRNA-1 7105323
.47 augustus_masked-168475889-processed-gene-0.3-mRNA-1 7173553
.57 snap_masked-168436325-processed-gene-0.36-mRNA-1 4733161
.48 snap_masked-168187100-processed-gene-0.74-mRNA-1 7166929
.37 augustus_masked-161908885-processed-gene-0.0-mRNA-1 7172463
.04 augustus_masked-161908885-processed-gene-0.0-mRNA-1 7172463
.15 maker-165522719-snap-gene-0.1-mRNA-1 4702450
.16 maker-165522719-snap-gene-0.1-mRNA-1 2671479
.30 augustus_masked-168394131-processed-gene-0.3-mRNA-1 7182729
.16 augustus_masked-168394131-processed-gene-0.3-mRNA-1 3387490
.13 augustus_masked-168394131-processed-gene-0.3-mRNA-1 2257060
.44 genemark-168466685-processed-gene-0.16-mRNA-1 7270208
.16 genemark-168466685-processed-gene-0.16-mRNA-1 2437003
.28 maker-168475046-augustus-gene-0.24-mRNA-1 4204447
.30 maker-168475046-augustus-gene-0.24-mRNA-1 1122466
.38 genemark-166198343-processed-gene-0.1-mRNA-1 3957763
.43 genemark-166198343-processed-gene-0.1-mRNA-1 1700236
.65 maker-168305940-snap-gene-0.62-mRNA-1 7172399
.28 maker-168305940-snap-gene-0.62-mRNA-1 2427843
.07 maker-168271688-snap-gene-0.30-mRNA-1 1915758
.07 maker-168271688-snap-gene-0.30-mRNA-1 3323485
.47 maker-168169180-augustus-gene-0.2-mRNA-1 5131715
.28 maker-168169180-augustus-gene-0.2-mRNA-1 7199330
.09 genemark-168174127-processed-gene-0.15-mRNA-1 1220460
.07 genemark-168174127-processed-gene-0.15-mRNA-1 3650989
.78 snap_masked-168191390-processed-gene-0.38-mRNA-1 7270138
.79 maker-168129153-snap-gene-0.17-mRNA-1 7270271
.11 maker-168129153-snap-gene-0.17-mRNA-1 7270271
.60 maker-163140692-snap-gene-0.4-mRNA-1 7270206
.39 maker-163140692-snap-gene-0.4-mRNA-1 7161153
.39 maker-168571625-augustus-gene-0.43-mRNA-1 262955
.20 maker-168571625-augustus-gene-0.43-mRNA-1 7160876
.80 maker-166572006-augustus-gene-0.3-mRNA-1 7270229
.18 maker-166572006-augustus-gene-0.3-mRNA-1 7177762
.71 maker-168518368-snap-gene-0.23-mRNA-1 7270249
.43 maker-168482002-augustus-gene-0.33-mRNA-1 7270181
.16 maker-168482002-augustus-gene-0.33-mRNA-1 1230385
.28 maker-168558424-augustus-gene-0.11-mRNA-2 7270217
.12 maker-168558424-augustus-gene-0.11-mRNA-2 7160296
.30 maker-168577341-snap-gene-2.97-mRNA-1 7164082
.23 maker-168577341-snap-gene-2.97-mRNA-1 7164083
.85 augustus_masked-164008272-processed-gene-0.0-mRNA-1 1244478
.13 augustus_masked-164008272-processed-gene-0.0-mRNA-1 4276139
.16 maker-168557457-snap-gene-0.27-mRNA-1 7181370
.53 maker-168557457-snap-gene-0.27-mRNA-1 7165909
.66 genemark-165298534-processed-gene-0.0-mRNA-1 2348113
.32 genemark-165298534-processed-gene-0.0-mRNA-1 7173963
.08 maker-168573084-snap-gene-0.29-mRNA-1 1990552
.10 maker-168573084-snap-gene-0.29-mRNA-1 2510516
.43 augustus_masked-159549071-processed-gene-0.0-mRNA-1 2436557
.22 augustus_masked-159549071-processed-gene-0.0-mRNA-1 5243578
.32 genemark-168119683-processed-gene-0.7-mRNA-1 7168715
.18 genemark-168119683-processed-gene-0.7-mRNA-1 4817566
.34 maker-168384801-augustus-gene-0.31-mRNA-1 1416716
.22 maker-168384801-augustus-gene-0.31-mRNA-1 4810411
.44 augustus_masked-168330386-processed-gene-0.0-mRNA-1 7170802
.16 augustus_masked-168330386-processed-gene-0.0-mRNA-1 2398433
.57 snap_masked-168560242-processed-gene-0.20-mRNA-1 7174885
.09 snap_masked-168560242-processed-gene-0.20-mRNA-1 7162780
.12 augustus_masked-168295703-processed-gene-0.2-mRNA-1 663581
.12 augustus_masked-168295703-processed-gene-0.2-mRNA-1 1649821
.05 augustus_masked-168295703-processed-gene-0.2-mRNA-1 1876563
.03 augustus_masked-168295703-processed-gene-0.2-mRNA-1 1723455
.38 maker-162840631-augustus-gene-0.4-mRNA-1 1624987
.25 maker-162840631-augustus-gene-0.4-mRNA-1 4293611
.45 augustus_masked-168413492-processed-gene-0.0-mRNA-1 2982483
.42 augustus_masked-168413492-processed-gene-0.0-mRNA-1 7163434
.29 augustus_masked-168413492-processed-gene-0.0-mRNA-1 2729785
.26 augustus_masked-168413492-processed-gene-0.0-mRNA-1 2802374
.26 augustus_masked-168413492-processed-gene-0.0-mRNA-1 4219469
.22 augustus_masked-167892787-processed-gene-0.0-mRNA-1 3781756
.20 augustus_masked-167892787-processed-gene-0.0-mRNA-1 3057979
.16 augustus_masked-167892787-processed-gene-0.0-mRNA-1 4014339
.13 augustus_masked-167892787-processed-gene-0.0-mRNA-1 4411925
.09 augustus_masked-167892787-processed-gene-0.0-mRNA-1 7163738
.28 maker-168572698-snap-gene-0.27-mRNA-1 7161250
.56 maker-168572698-snap-gene-0.27-mRNA-1 7164628
.78 augustus_masked-168567612-processed-gene-0.15-mRNA-1 7174487
.03 augustus_masked-168577288-processed-gene-0.8-mRNA-1 7162692
.16 augustus_masked-168229483-processed-gene-0.1-mRNA-1 3278104
.13 augustus_masked-168229483-processed-gene-0.1-mRNA-1 2974124
.21 genemark-168412320-processed-gene-0.1-mRNA-1 3650992
.41 maker-164387551-snap-gene-0.5-mRNA-1 1533790
.14 maker-168577147-snap-gene-0.44-mRNA-1 7171217
.06 maker-168577147-snap-gene-0.44-mRNA-1 7164306
.68 maker-168358628-augustus-gene-0.19-mRNA-1 7166381
.72 genemark-168454932-processed-gene-0.15-mRNA-1 7270166
.19 maker-168264952-snap-gene-0.7-mRNA-1 2840186
.20 maker-168264952-snap-gene-0.7-mRNA-1 1444792
.17 maker-168264952-snap-gene-0.7-mRNA-1 7194933
.15 maker-168264952-snap-gene-0.7-mRNA-1 1173700
.08 maker-168264952-snap-gene-0.7-mRNA-1 4064816
.43 maker-168153928-snap-gene-0.12-mRNA-1 7270184
.41 maker-168153928-snap-gene-0.12-mRNA-1 7164841
.03 maker-168153928-snap-gene-0.12-mRNA-1 7164841
.15 maker-168343842-snap-gene-0.36-mRNA-1 7171617
.60 maker-168343842-snap-gene-0.36-mRNA-1 7270227
.80 snap_masked-168520290-processed-gene-0.38-mRNA-1 7270238
.26 maker-168557682-augustus-gene-0.69-mRNA-1 7166464
.35 genemark-166969860-processed-gene-0.1-mRNA-1 2118519
.34 genemark-166969860-processed-gene-0.1-mRNA-1 5010356
.37 maker-168543645-snap-gene-0.70-mRNA-1 4270327
.35 maker-168543645-snap-gene-0.70-mRNA-1 7164008
.82 maker-168113510-augustus-gene-0.80-mRNA-1 7270203
.41 augustus_masked-168234698-processed-gene-0.3-mRNA-1 7199885
.41 snap_masked-168278469-processed-gene-0.11-mRNA-1 3057140
.33 snap_masked-168278469-processed-gene-0.11-mRNA-1 4547417
.28 snap_masked-168278469-processed-gene-0.11-mRNA-1 2398268
.31 snap_masked-168278469-processed-gene-0.11-mRNA-1 7190628
.24 snap_masked-168278469-processed-gene-0.11-mRNA-1 2892742
.48 maker-164007942-augustus-gene-0.5-mRNA-1 7171885
.24 maker-168391503-augustus-gene-0.31-mRNA-1 2625135
.17 maker-168391503-augustus-gene-0.31-mRNA-1 2815944
.15 maker-168391503-augustus-gene-0.31-mRNA-1 2899543
.12 snap_masked-167967680-processed-gene-0.46-mRNA-1 2053011
.09 snap_masked-167967680-processed-gene-0.46-mRNA-1 2245851
.07 snap_masked-167967680-processed-gene-0.46-mRNA-1 7181460
.15 augustus_masked-168191645-processed-gene-0.13-mRNA-1 7188537
.52 maker-166744591-snap-gene-0.6-mRNA-1 7270160
.44 maker-168402784-snap-gene-0.15-mRNA-1 7270130
.13 maker-168402784-snap-gene-0.15-mRNA-1 1893802
.52 maker-168550553-augustus-gene-0.146-mRNA-1 7270175
.39 maker-164867159-augustus-gene-0.3-mRNA-1 411242
.23 maker-164867159-augustus-gene-0.3-mRNA-1 3264001
.18 maker-164867159-augustus-gene-0.3-mRNA-1 1984495
.12 maker-164867159-augustus-gene-0.3-mRNA-1 5260703
.12 genemark-168560050-processed-gene-0.16-mRNA-1 1737550
.29 genemark-168516456-processed-gene-0.4-mRNA-1 2564477
.21 maker-168569002-snap-gene-0.84-mRNA-1 7172220
.19 maker-168569002-snap-gene-0.84-mRNA-1 3593548
.16 maker-168569002-snap-gene-0.84-mRNA-1 1421296
.25 maker-168406080-augustus-gene-0.66-mRNA-1 7160479
.18 maker-168406080-augustus-gene-0.66-mRNA-1 1935399
.18 maker-168406080-augustus-gene-0.66-mRNA-1 7160480
.59 maker-168546070-augustus-gene-0.64-mRNA-1 7270250
.74 maker-168533576-snap-gene-0.52-mRNA-1 7270275
.07 maker-168533576-snap-gene-0.52-mRNA-1 4955862
.25 maker-168185633-augustus-gene-0.6-mRNA-1 2805524
.21 maker-168185633-augustus-gene-0.6-mRNA-1 7159681
.31 augustus_masked-168367715-processed-gene-0.2-mRNA-1 2377136
.39 augustus_masked-168367715-processed-gene-0.2-mRNA-1 4328473
.23 maker-168328220-snap-gene-0.90-mRNA-1 7178755
.20 maker-168328220-snap-gene-0.90-mRNA-1 1447572
.08 maker-168212152-augustus-gene-0.25-mRNA-1 2418088
.85 maker-168212152-augustus-gene-0.25-mRNA-1 7270192
.61 maker-168228489-augustus-gene-0.114-mRNA-1 7270279
.59 maker-168493679-augustus-gene-0.14-mRNA-2 7270257
.35 snap_masked-168017623-processed-gene-0.10-mRNA-1 7159868
.18 snap_masked-168017623-processed-gene-0.10-mRNA-1 7183566
.30 maker-161364282-augustus-gene-0.3-mRNA-1 7195513
.19 maker-161364282-augustus-gene-0.3-mRNA-1 2542489
.18 maker-168183415-snap-gene-0.16-mRNA-1 7192222
.18 maker-168183415-snap-gene-0.16-mRNA-1 7180916
.03 maker-168183415-snap-gene-0.16-mRNA-1 7173751
.72 augustus_masked-168563499-processed-gene-1.52-mRNA-1 7163285
.18 augustus_masked-168563499-processed-gene-1.52-mRNA-1 7162494
.22 maker-168371190-snap-gene-0.40-mRNA-1 7175235
.17 augustus_masked-164111506-processed-gene-0.0-mRNA-1 1705822
.22 augustus_masked-164111506-processed-gene-0.0-mRNA-1 2257673
.35 maker-168225120-augustus-gene-0.16-mRNA-1 78561
.21 maker-168225120-augustus-gene-0.16-mRNA-1 7161204
.31 maker-168449131-snap-gene-0.11-mRNA-1 7171328
.37 maker-168449131-snap-gene-0.11-mRNA-1 130544
.17 augustus_masked-168378211-processed-gene-0.13-mRNA-1 2642376
.20 augustus_masked-168378211-processed-gene-0.13-mRNA-1 2859314
.20 augustus_masked-168378211-processed-gene-0.13-mRNA-1 976913
.15 augustus_masked-168378211-processed-gene-0.13-mRNA-1 2664512
.10 augustus_masked-168378211-processed-gene-0.13-mRNA-1 2642377
.42 snap_masked-162631030-processed-gene-0.2-mRNA-1 2827983
.28 snap_masked-162631030-processed-gene-0.2-mRNA-1 1252768
.33 maker-168299557-snap-gene-0.25-mRNA-1 7270247
.21 maker-168299557-snap-gene-0.25-mRNA-1 7185054
.81 genemark-168230012-processed-gene-0.0-mRNA-1 755776
.08 genemark-168230012-processed-gene-0.0-mRNA-1 5745378
.08 genemark-168230012-processed-gene-0.0-mRNA-1 7185588
.39 maker-168333722-augustus-gene-0.36-mRNA-1 2380258
.58 maker-168333722-augustus-gene-0.36-mRNA-1 7176301
.77 maker-167987925-snap-gene-0.9-mRNA-1 7180976
.29 maker-168410052-augustus-gene-0.53-mRNA-1 7175386
.05 maker-168410052-augustus-gene-0.53-mRNA-1 7171651
.80 maker-168226769-snap-gene-0.44-mRNA-1 7270121
.01 maker-168226769-snap-gene-0.44-mRNA-1 1310028
.23 augustus_masked-168551338-processed-gene-0.0-mRNA-1 7193004
.28 augustus_masked-168551338-processed-gene-0.0-mRNA-1 1186465
.25 maker-166411943-augustus-gene-0.4-mRNA-1 7168549
.25 maker-166411943-augustus-gene-0.4-mRNA-1 7168548
.52 maker-165039990-snap-gene-0.4-mRNA-1 7270139
.07 maker-165039990-snap-gene-0.4-mRNA-1 7164530
.99 genemark-166518589-processed-gene-0.0-mRNA-1 7270166
.44 maker-166575086-augustus-gene-0.4-mRNA-1 7177523
.06 maker-166575086-augustus-gene-0.4-mRNA-1 7166543
.07 genemark-168246336-processed-gene-0.6-mRNA-1 4303364
.11 genemark-168246336-processed-gene-0.6-mRNA-1 2043373
.46 maker-168217878-augustus-gene-0.68-mRNA-1 7160653
.34 maker-168217878-augustus-gene-0.68-mRNA-1 7161719
.09 maker-168190187-augustus-gene-1.94-mRNA-1 765590
.09 maker-168190187-augustus-gene-1.94-mRNA-1 5031817
.08 maker-168190187-augustus-gene-1.94-mRNA-1 3186313
.08 maker-168190187-augustus-gene-1.94-mRNA-1 2239570
.08 maker-168190187-augustus-gene-1.94-mRNA-1 2881371
.24 augustus_masked-167559622-processed-gene-0.0-mRNA-1 7179447
.19 augustus_masked-167559622-processed-gene-0.0-mRNA-1 1232115
.14 augustus_masked-167559622-processed-gene-0.0-mRNA-1 7165604
.16 augustus_masked-167559622-processed-gene-0.0-mRNA-1 7170771
.96 maker-168188504-snap-gene-0.36-mRNA-1 7270272
.34 maker-167983784-snap-gene-0.5-mRNA-1 5050993
.28 maker-167983784-snap-gene-0.5-mRNA-1 3116918
.31 maker-166004579-augustus-gene-0.3-mRNA-1 7179299
.31 maker-166004579-augustus-gene-0.3-mRNA-1 617831
.24 maker-166004579-augustus-gene-0.3-mRNA-1 7184898
.20 maker-166004579-augustus-gene-0.3-mRNA-1 7170117
.22 maker-166004579-augustus-gene-0.3-mRNA-1 2857176
.71 augustus_masked-168518511-processed-gene-0.13-mRNA-1 1573637
.09 augustus_masked-168518511-processed-gene-0.13-mRNA-1 2779240
.21 augustus_masked-165850256-processed-gene-0.0-mRNA-1 7167377
.21 augustus_masked-165850256-processed-gene-0.0-mRNA-1 7160278
.10 augustus_masked-165850256-processed-gene-0.0-mRNA-1 7173773
.72 augustus_masked-168571382-processed-gene-0.2-mRNA-1 7270125
.10 augustus_masked-168571382-processed-gene-0.2-mRNA-1 7189137
.78 genemark-168546988-processed-gene-0.8-mRNA-1 7270224
.11 genemark-168546988-processed-gene-0.8-mRNA-1 4930065
.08 maker-168280167-snap-gene-0.7-mRNA-1 1453395
.04 maker-168280167-snap-gene-0.7-mRNA-1 2303144
.04 maker-168280167-snap-gene-0.7-mRNA-1 1530394
.03 maker-168280167-snap-gene-0.7-mRNA-1 5901973
.04 maker-168280167-snap-gene-0.7-mRNA-1 1376337
.68 maker-168019910-augustus-gene-0.5-mRNA-1 7159903
.03 augustus_masked-168495564-processed-gene-0.6-mRNA-1 7162748
.01 augustus_masked-168495564-processed-gene-0.6-mRNA-1 4968952
.01 augustus_masked-168495564-processed-gene-0.6-mRNA-1 1118581
.01 augustus_masked-168495564-processed-gene-0.6-mRNA-1 7162748
.81 maker-168190456-augustus-gene-0.30-mRNA-2 7270263
.46 maker-168322613-snap-gene-0.40-mRNA-1 2192172
.43 maker-168322613-snap-gene-0.40-mRNA-1 2509576
.26 maker-167898280-augustus-gene-0.16-mRNA-1 7183709
.24 maker-167898280-augustus-gene-0.16-mRNA-1 1211401
.20 maker-168463031-augustus-gene-0.50-mRNA-1 7270269
.17 maker-168463031-augustus-gene-0.50-mRNA-1 7270269
.99 maker-168332734-augustus-gene-0.4-mRNA-1 7270255
.51 maker-168190598-snap-gene-0.18-mRNA-1 7270159
.29 maker-168464861-snap-gene-0.16-mRNA-1 7270267
.25 maker-168464861-snap-gene-0.16-mRNA-1 7270267
.35 augustus_masked-161520589-processed-gene-0.1-mRNA-1 7172279
.22 augustus_masked-161520589-processed-gene-0.1-mRNA-1 7171806
.88 snap_masked-168379314-processed-gene-0.24-mRNA-1 7270140
.14 maker-168548909-augustus-gene-0.13-mRNA-2 7169215
.09 maker-168548909-augustus-gene-0.13-mRNA-2 7173398
.34 maker-168184243-snap-gene-0.6-mRNA-1 7163650
.15 maker-168184243-snap-gene-0.6-mRNA-1 4286012
.38 augustus_masked-168341230-processed-gene-0.4-mRNA-1 7270152
.26 maker-168515102-snap-gene-0.54-mRNA-1 7162307
.11 maker-164494972-snap-gene-0.5-mRNA-1 2344317
.84 maker-164494972-snap-gene-0.5-mRNA-1 7173913
.35 augustus_masked-162263226-processed-gene-0.0-mRNA-1 1132362
.33 augustus_masked-162263226-processed-gene-0.0-mRNA-1 1315659
.19 augustus_masked-162263226-processed-gene-0.0-mRNA-1 1677830
.17 augustus_masked-162263226-processed-gene-0.0-mRNA-1 905480
.25 maker-168190618-snap-gene-0.23-mRNA-1 2979904
.86 maker-168561815-augustus-gene-0.6-mRNA-1 2660587
.09 maker-168561815-augustus-gene-0.6-mRNA-1 1858198
.04 maker-168561815-augustus-gene-0.6-mRNA-1 3973429
.03 maker-168561815-augustus-gene-0.6-mRNA-1 1995079
.01 maker-168561815-augustus-gene-0.6-mRNA-1 5649471
.64 maker-168577499-augustus-gene-0.26-mRNA-2 7270195
.19 maker-168577499-augustus-gene-0.26-mRNA-2 7162004
.13 maker-168577499-augustus-gene-0.26-mRNA-2 2671998
.09 maker-168003306-augustus-gene-0.27-mRNA-1 7077382
.85 maker-168003306-augustus-gene-0.27-mRNA-1 7270222
.16 maker-168032190-snap-gene-0.14-mRNA-1 7179181
.13 maker-168032190-snap-gene-0.14-mRNA-1 1662999
.17 genemark-168393557-processed-gene-0.16-mRNA-1 2008910
.21 genemark-168393557-processed-gene-0.16-mRNA-1 3365360
.99 augustus_masked-168113314-processed-gene-0.0-mRNA-1 1089350
.23 genemark-168564448-processed-gene-0.15-mRNA-1 2546765
.32 maker-168543351-snap-gene-0.44-mRNA-1 7163345
.20 maker-168543351-snap-gene-0.44-mRNA-1 3675477
.20 maker-168543351-snap-gene-0.44-mRNA-1 4120804
.19 augustus_masked-164944577-processed-gene-0.0-mRNA-1 1075717
.21 augustus_masked-164944577-processed-gene-0.0-mRNA-1 1358610
.32 maker-168357513-augustus-gene-0.23-mRNA-1 2163930
.32 maker-168357513-augustus-gene-0.23-mRNA-1 2864675
.10 maker-168357513-augustus-gene-0.23-mRNA-1 3057979
.06 maker-168357513-augustus-gene-0.23-mRNA-1 3934051
.15 maker-168576970-snap-gene-0.39-mRNA-1 972484
.88 maker-168421673-snap-gene-0.67-mRNA-1 7270259
.27 maker-168497403-snap-gene-0.51-mRNA-1 4286501
.47 augustus_masked-168404276-processed-gene-0.3-mRNA-1 7159740
.14 augustus_masked-168404276-processed-gene-0.3-mRNA-1 1675345
.11 augustus_masked-168404276-processed-gene-0.3-mRNA-1 546902
.17 maker-164510119-augustus-gene-0.3-mRNA-1 7162228
.16 maker-164510119-augustus-gene-0.3-mRNA-1 3283515
.25 maker-168552809-snap-gene-1.80-mRNA-1 1090968
.43 genemark-168562320-processed-gene-0.11-mRNA-1 1262620
.24 genemark-168562320-processed-gene-0.11-mRNA-1 2394123
.23 maker-166701000-snap-gene-0.4-mRNA-1 1258143
.16 maker-166701000-snap-gene-0.4-mRNA-1 7160656
.57 genemark-168484562-processed-gene-0.18-mRNA-1 7164434
.11 genemark-168484562-processed-gene-0.18-mRNA-1 4057825
.35 augustus_masked-168389992-processed-gene-0.5-mRNA-1 7270223
.29 augustus_masked-168389992-processed-gene-0.5-mRNA-1 2220841
.22 augustus_masked-168389992-processed-gene-0.5-mRNA-1 786374
.17 genemark-167982734-processed-gene-0.15-mRNA-1 7166254
.28 genemark-168328194-processed-gene-0.70-mRNA-1 7178909
.26 genemark-168328194-processed-gene-0.70-mRNA-1 7166254
.24 genemark-168505565-processed-gene-0.14-mRNA-1 7167330
.16 genemark-168505565-processed-gene-0.14-mRNA-1 7223432
.16 genemark-168505565-processed-gene-0.14-mRNA-1 7160776
.49 genemark-161503420-processed-gene-0.1-mRNA-1 1952359
.29 genemark-161503420-processed-gene-0.1-mRNA-1 7165874
.28 maker-168549723-snap-gene-0.40-mRNA-1 2289969
.99 maker-166879293-snap-gene-0.5-mRNA-1 7270252
.43 maker-165056348-augustus-gene-0.3-mRNA-1 7270156
.20 maker-165056348-augustus-gene-0.3-mRNA-1 7195207
.20 maker-165056348-augustus-gene-0.3-mRNA-1 7177392
.62 augustus_masked-168560286-processed-gene-0.2-mRNA-1 7170339
.14 augustus_masked-168560286-processed-gene-0.2-mRNA-1 6729426
.42 maker-168532123-snap-gene-0.18-mRNA-3 7174192
.19 maker-168532123-snap-gene-0.18-mRNA-3 2751724
.01 maker-168532123-snap-gene-0.18-mRNA-3 7174192
.43 augustus_masked-168572513-processed-gene-0.11-mRNA-1 5807271
.44 maker-168443368-snap-gene-0.60-mRNA-1 1533127
.33 maker-168443368-snap-gene-0.60-mRNA-1 6985358
.29 maker-168443368-snap-gene-0.60-mRNA-1 2778385
.34 maker-168443368-snap-gene-0.60-mRNA-1 1863213
.26 maker-168443368-snap-gene-0.60-mRNA-1 882631
.59 augustus_masked-168461401-processed-gene-1.40-mRNA-1 7270127
.18 augustus_masked-168461401-processed-gene-1.40-mRNA-1 3117830
.15 augustus_masked-168461401-processed-gene-1.40-mRNA-1 5239514
.14 augustus_masked-168461401-processed-gene-1.40-mRNA-1 743843
.13 augustus_masked-168461401-processed-gene-1.40-mRNA-1 3486601
.24 maker-168573651-augustus-gene-0.81-mRNA-1 7175226
.51 maker-168573651-augustus-gene-0.81-mRNA-1 7270162
.20 snap_masked-168332707-processed-gene-0.12-mRNA-1 820404
.21 snap_masked-168332707-processed-gene-0.12-mRNA-1 2363823
.46 maker-167601516-augustus-gene-0.8-mRNA-1 3230087
.27 maker-168186899-snap-gene-0.21-mRNA-1 2238918
.59 maker-168186899-snap-gene-0.21-mRNA-1 7270246
.21 genemark-168377918-processed-gene-0.2-mRNA-1 2084069
.32 snap_masked-168376254-processed-gene-0.18-mRNA-1 2771824
.17 snap_masked-168376254-processed-gene-0.18-mRNA-1 2035369
.16 snap_masked-168376254-processed-gene-0.18-mRNA-1 3988576
.04 snap_masked-168376254-processed-gene-0.18-mRNA-1 3995653
.51 maker-167825421-augustus-gene-0.18-mRNA-1 7270136
.32 maker-167825421-augustus-gene-0.18-mRNA-1 7175862
.37 snap_masked-168577351-processed-gene-0.89-mRNA-1 1335337
.56 snap_masked-168577351-processed-gene-0.89-mRNA-1 1335337
.32 maker-168186438-augustus-gene-0.5-mRNA-1 7163225
.23 maker-168186438-augustus-gene-0.5-mRNA-1 7164709
.75 maker-168207442-snap-gene-0.30-mRNA-1 7270176
.10 maker-168207442-snap-gene-0.30-mRNA-1 5892962
.26 maker-168558424-augustus-gene-0.11-mRNA-1 7270217
.11 maker-168558424-augustus-gene-0.11-mRNA-1 7160296
.79 maker-164537923-snap-gene-0.4-mRNA-1 7162450
.27 maker-168432992-augustus-gene-0.22-mRNA-1 7165184
.16 maker-168432992-augustus-gene-0.22-mRNA-1 828613
.52 augustus_masked-168061017-processed-gene-0.10-mRNA-1 7173493
.29 augustus_masked-168061017-processed-gene-0.10-mRNA-1 7164460
.73 maker-168577341-augustus-gene-0.72-mRNA-1 7270199
.43 maker-168567036-augustus-gene-0.61-mRNA-1 7163545
.27 maker-168513537-augustus-gene-0.9-mRNA-1 7174112
.15 maker-168513537-augustus-gene-0.9-mRNA-1 7172947
.98 maker-164534829-augustus-gene-0.3-mRNA-1 7163038
.13 augustus_masked-168288961-processed-gene-0.7-mRNA-1 2293656
.12 augustus_masked-168288961-processed-gene-0.7-mRNA-1 1797086
.13 augustus_masked-168288961-processed-gene-0.7-mRNA-1 2049247
.11 augustus_masked-168288961-processed-gene-0.7-mRNA-1 7162630
.12 augustus_masked-168288961-processed-gene-0.7-mRNA-1 7215668
.11 augustus_masked-168018814-processed-gene-0.3-mRNA-1 3303451
.06 augustus_masked-168018814-processed-gene-0.3-mRNA-1 2163376
.07 augustus_masked-168018814-processed-gene-0.3-mRNA-1 7163206
.03 augustus_masked-168018814-processed-gene-0.3-mRNA-1 4147072
.02 augustus_masked-168018814-processed-gene-0.3-mRNA-1 7220495
.81 maker-168439334-snap-gene-0.22-mRNA-2 7270277
.51 maker-168577257-augustus-gene-0.22-mRNA-1 7270117
.33 maker-168577257-augustus-gene-0.22-mRNA-1 999778
.56 augustus_masked-168335895-processed-gene-0.28-mRNA-1 3823103
.47 maker-168391340-snap-gene-0.48-mRNA-1 7194898
.33 genemark-168547889-processed-gene-0.43-mRNA-1 2428859
.24 genemark-168547889-processed-gene-0.43-mRNA-1 2194322
.20 genemark-168547889-processed-gene-0.43-mRNA-1 3626850
.15 genemark-168547889-processed-gene-0.43-mRNA-1 4106184
.17 augustus_masked-168231296-processed-gene-0.14-mRNA-1 1265438
.01 augustus_masked-168231296-processed-gene-0.14-mRNA-1 7162105
.01 augustus_masked-168231296-processed-gene-0.14-mRNA-1 7166901
.13 maker-168287961-augustus-gene-0.22-mRNA-1 3588888
.19 snap_masked-165499942-processed-gene-0.2-mRNA-1 3311558
.18 snap_masked-165499942-processed-gene-0.2-mRNA-1 2539522
.53 maker-168565700-snap-gene-1.60-mRNA-1 7176878
.25 maker-168565700-snap-gene-1.60-mRNA-1 7164089
.25 augustus_masked-168430447-processed-gene-0.0-mRNA-1 2494672
.24 augustus_masked-168430447-processed-gene-0.0-mRNA-1 56746
.15 maker-168245487-augustus-gene-0.8-mRNA-1 7167750
.68 maker-168245487-augustus-gene-0.8-mRNA-1 7270268
.27 maker-168169082-snap-gene-0.57-mRNA-1 7182778
.37 maker-168169082-snap-gene-0.57-mRNA-1 3252855
.45 augustus_masked-168185276-processed-gene-0.20-mRNA-1 2772183
.20 augustus_masked-168185276-processed-gene-0.20-mRNA-1 6502764
.52 maker-167686051-snap-gene-0.3-mRNA-1 7166170
.15 maker-167686051-snap-gene-0.3-mRNA-1 2389747
.35 maker-168228920-snap-gene-0.86-mRNA-1 7169862
.15 maker-168228920-snap-gene-0.86-mRNA-1 2235284
.30 augustus_masked-161548800-processed-gene-0.0-mRNA-1 4607993
.31 augustus_masked-161548800-processed-gene-0.0-mRNA-1 7174910
.72 augustus_masked-165311665-processed-gene-0.0-mRNA-1 7173589
.26 augustus_masked-165311665-processed-gene-0.0-mRNA-1 5041559
.17 augustus_masked-165311665-processed-gene-0.0-mRNA-1 5594223
.14 augustus_masked-165311665-processed-gene-0.0-mRNA-1 4922821
.28 maker-168573767-augustus-gene-0.58-mRNA-1 1332106
.16 maker-168573767-augustus-gene-0.58-mRNA-1 4223513
.19 maker-168326110-augustus-gene-0.16-mRNA-1 7244165
.14 genemark-167852747-processed-gene-0.8-mRNA-1 2368021
.13 genemark-168224158-processed-gene-0.19-mRNA-1 3084632
.40 augustus_masked-168577592-processed-gene-0.15-mRNA-1 7270134
.28 augustus_masked-168577592-processed-gene-0.15-mRNA-1 7161694
.38 maker-166409453-snap-gene-0.4-mRNA-1 7164349
.35 maker-166409453-snap-gene-0.4-mRNA-1 1453395
.28 maker-168462792-augustus-gene-0.26-mRNA-2 7160679
.11 maker-168462792-augustus-gene-0.26-mRNA-2 4616434
.03 snap_masked-168391796-processed-gene-0.4-mRNA-1 7160911
.43 maker-168388846-augustus-gene-0.100-mRNA-1 7159686
.48 maker-168388846-augustus-gene-0.100-mRNA-1 7159686
.65 maker-166626062-augustus-gene-0.2-mRNA-1 7172141
.43 genemark-168309150-processed-gene-0.0-mRNA-1 7205642
.26 genemark-168309150-processed-gene-0.0-mRNA-1 4061530
.45 genemark-167896334-processed-gene-0.1-mRNA-1 1246103
.30 genemark-167896334-processed-gene-0.1-mRNA-1 7163535
.19 genemark-167896334-processed-gene-0.1-mRNA-1 7168731
.26 maker-168289507-augustus-gene-0.108-mRNA-1 7165628
.17 maker-168289507-augustus-gene-0.108-mRNA-1 7165629
.17 maker-168188421-snap-gene-0.25-mRNA-1 7270248
.81 maker-168188421-snap-gene-0.25-mRNA-1 7270248
.81 maker-168435638-snap-gene-0.58-mRNA-1 7160149
.32 maker-168548761-augustus-gene-0.11-mRNA-1 7270157
.11 maker-168548761-augustus-gene-0.11-mRNA-1 2790760
.02 maker-168548761-augustus-gene-0.11-mRNA-1 3875597
.03 maker-168548761-augustus-gene-0.11-mRNA-1 3457141
.50 snap_masked-168224974-processed-gene-0.18-mRNA-1 7178666
.20 snap_masked-168224974-processed-gene-0.18-mRNA-1 7161219
.55 augustus_masked-168183560-processed-gene-0.0-mRNA-1 7160786
.30 augustus_masked-168183560-processed-gene-0.0-mRNA-1 7186692
.63 maker-168185277-augustus-gene-0.45-mRNA-1 3007913
.36 maker-168185277-augustus-gene-0.45-mRNA-1 7270213
.20 maker-168522740-snap-gene-0.14-mRNA-1 954039
.20 maker-168522740-snap-gene-0.14-mRNA-1 2320561
.39 maker-168512337-augustus-gene-0.39-mRNA-1 2812216
.31 maker-168512337-augustus-gene-0.39-mRNA-1 1430386
.29 maker-168512337-augustus-gene-0.39-mRNA-1 2777598
.36 maker-168085995-snap-gene-0.6-mRNA-1 7161343
.49 augustus_masked-168509231-processed-gene-0.4-mRNA-1 7167771
.19 augustus_masked-168509231-processed-gene-0.4-mRNA-1 7163952
.74 maker-168190883-snap-gene-0.33-mRNA-1 7270262
.09 maker-168190883-snap-gene-0.33-mRNA-1 788267
.60 snap_masked-168521171-processed-gene-0.22-mRNA-1 3681101
.38 maker-168145721-snap-gene-0.16-mRNA-1 7161337
.35 maker-168145721-snap-gene-0.16-mRNA-1 7166303
.45 maker-168189507-snap-gene-0.30-mRNA-1 7178390
.13 maker-168189507-snap-gene-0.30-mRNA-1 6884475
.88 maker-167898246-augustus-gene-0.16-mRNA-1 7159997
.06 maker-167898246-augustus-gene-0.16-mRNA-1 2827679
.26 maker-168187260-augustus-gene-0.13-mRNA-1 1998580
.08 maker-168187260-augustus-gene-0.13-mRNA-1 2843694
.28 snap_masked-163197080-processed-gene-0.2-mRNA-1 1731384
.70 snap_masked-163197080-processed-gene-0.2-mRNA-1 7179916
.17 maker-168408172-snap-gene-0.116-mRNA-1 4675
.56 maker-168408172-snap-gene-0.116-mRNA-1 7160112
.50 genemark-167956108-processed-gene-0.3-mRNA-1 242424
.36 genemark-167956108-processed-gene-0.3-mRNA-1 242407
.22 maker-168027527-snap-gene-0.9-mRNA-1 1920751
.15 maker-168027527-snap-gene-0.9-mRNA-1 3496269
.12 maker-168027527-snap-gene-0.9-mRNA-1 3201164
.73 maker-168354319-snap-gene-0.58-mRNA-1 7270212
.31 augustus_masked-162700066-processed-gene-0.0-mRNA-1 1203151
.40 augustus_masked-162700066-processed-gene-0.0-mRNA-1 7163434
.48 maker-168478386-augustus-gene-0.19-mRNA-1 1090968
.21 maker-168478386-augustus-gene-0.19-mRNA-1 1090967
.58 maker-168448912-augustus-gene-0.28-mRNA-1 7270118
.36 snap_masked-164242756-processed-gene-0.2-mRNA-1 1893008
.34 snap_masked-164242756-processed-gene-0.2-mRNA-1 1930927
.28 snap_masked-164242756-processed-gene-0.2-mRNA-1 3275722
.22 snap_masked-164242756-processed-gene-0.2-mRNA-1 7250141
.21 snap_masked-164242756-processed-gene-0.2-mRNA-1 4369974
.99 maker-168311914-augustus-gene-0.40-mRNA-1 7270260
.11 maker-168529375-augustus-gene-0.77-mRNA-2 1424684
.07 maker-168529375-augustus-gene-0.77-mRNA-2 2948561
.04 maker-168529375-augustus-gene-0.77-mRNA-2 7173442
.67 maker-168577431-augustus-gene-0.76-mRNA-2 7270120
.18 genemark-168461009-processed-gene-0.13-mRNA-1 7200277
.28 genemark-168461009-processed-gene-0.13-mRNA-1 1631656
.24 maker-168343315-augustus-gene-0.7-mRNA-1 2622953
.41 snap_masked-168551623-processed-gene-0.56-mRNA-1 3379548
.29 snap_masked-168551623-processed-gene-0.56-mRNA-1 979831
.25 snap_masked-168551623-processed-gene-0.56-mRNA-1 7164391
.20 snap_masked-168551623-processed-gene-0.56-mRNA-1 4339183
.18 snap_masked-168551623-processed-gene-0.56-mRNA-1 7231665
.24 maker-168428454-snap-gene-0.18-mRNA-1 3434022
.55 maker-168428454-snap-gene-0.18-mRNA-1 2255881
.81 maker-168282312-augustus-gene-0.33-mRNA-1 7160829
.11 maker-168282312-augustus-gene-0.33-mRNA-1 5769344
.99 genemark-168240169-processed-gene-0.26-mRNA-1 7173140
.75 augustus_masked-168109688-processed-gene-0.0-mRNA-1 7270204
.13 augustus_masked-168109688-processed-gene-0.0-mRNA-1 1953778
.87 maker-168358563-snap-gene-0.85-mRNA-1 1091697
.86 maker-168439410-snap-gene-0.84-mRNA-1 7166489
.11 maker-168439410-snap-gene-0.84-mRNA-1 223232
.15 augustus_masked-162879393-processed-gene-0.0-mRNA-1 7188521
.22 augustus_masked-162879393-processed-gene-0.0-mRNA-1 2787904
.59 augustus_masked-168123448-processed-gene-0.0-mRNA-1 1979071
.27 augustus_masked-168123448-processed-gene-0.0-mRNA-1 2056994
.16 maker-168188916-snap-gene-0.31-mRNA-1 4128155
.47 maker-168188916-snap-gene-0.31-mRNA-1 2096784
.64 maker-168184441-snap-gene-0.11-mRNA-1 7270173
.27 maker-168184441-snap-gene-0.11-mRNA-1 3114361
.47 augustus_masked-168556372-processed-gene-0.16-mRNA-1 6807220
.25 maker-168191012-augustus-gene-0.38-mRNA-1 2812216
.41 maker-168576984-augustus-gene-0.65-mRNA-1 7270200
.21 maker-168576984-augustus-gene-0.65-mRNA-1 7270200
.52 maker-168572743-snap-gene-0.30-mRNA-2 7270164
.21 maker-168572743-snap-gene-0.30-mRNA-2 7162609
.35 snap_masked-168478864-processed-gene-0.81-mRNA-1 7181877
.87 maker-168191530-augustus-gene-0.86-mRNA-1 7270221
.33 augustus_masked-162932021-processed-gene-0.0-mRNA-1 5876145
.29 augustus_masked-162932021-processed-gene-0.0-mRNA-1 4659425
.20 augustus_masked-162932021-processed-gene-0.0-mRNA-1 5185212
.78 maker-168541865-snap-gene-0.37-mRNA-1 7270253
.58 augustus_masked-163862132-processed-gene-0.0-mRNA-1 2641211
.54 augustus_masked-163862132-processed-gene-0.0-mRNA-1 2661603
.61 augustus_masked-163862132-processed-gene-0.0-mRNA-1 2694554
.50 augustus_masked-163862132-processed-gene-0.0-mRNA-1 2151904
.50 augustus_masked-163862132-processed-gene-0.0-mRNA-1 1748217
.37 maker-168535822-snap-gene-0.76-mRNA-1 3390041
.17 maker-168535822-snap-gene-0.76-mRNA-1 7115351
.47 maker-168376672-augustus-gene-0.62-mRNA-1 7270194
