.40 maker-166550418-snap-gene-0.4-mRNA-1 3420645
.28 maker-166550418-snap-gene-0.4-mRNA-1 2054937
.16 maker-168191772-augustus-gene-0.65-mRNA-2 8924542
.15 maker-168191772-augustus-gene-0.65-mRNA-2 1819799
.15 augustus_masked-168369921-processed-gene-0.0-mRNA-1 1301726
.12 augustus_masked-168369921-processed-gene-0.0-mRNA-1 8936988
.11 augustus_masked-168369921-processed-gene-0.0-mRNA-1 1724104
.13 augustus_masked-168369921-processed-gene-0.0-mRNA-1 8938575
.70 snap_masked-168555415-processed-gene-1.57-mRNA-1 1982160
.27 snap_masked-168555415-processed-gene-1.57-mRNA-1 1982157
.37 augustus_masked-168400098-processed-gene-0.9-mRNA-1 7615368
.26 maker-168430973-augustus-gene-0.18-mRNA-1 8927969
.73 maker-168230367-augustus-gene-0.57-mRNA-1 9058565
.14 maker-168230367-augustus-gene-0.57-mRNA-1 8927782
.22 genemark-168406512-processed-gene-0.3-mRNA-1 8920102
.20 genemark-168406512-processed-gene-0.3-mRNA-1 8957865
.81 maker-168496311-augustus-gene-0.12-mRNA-1 9058530
.18 maker-168496311-augustus-gene-0.12-mRNA-1 7110450
.41 augustus_masked-168559106-processed-gene-0.0-mRNA-1 6226292
.81 maker-168256776-augustus-gene-0.21-mRNA-1 9058620
.09 maker-168256776-augustus-gene-0.21-mRNA-1 5308130
.52 maker-168444234-augustus-gene-0.45-mRNA-1 8918541
.81 augustus_masked-168185575-processed-gene-0.0-mRNA-1 9058551
.05 augustus_masked-168185575-processed-gene-0.0-mRNA-1 1802035
.04 augustus_masked-168185575-processed-gene-0.0-mRNA-1 8077617
.45 augustus_masked-168255802-processed-gene-0.0-mRNA-1 3065422
.45 augustus_masked-168255802-processed-gene-0.0-mRNA-1 6428036
.12 augustus_masked-168255802-processed-gene-0.0-mRNA-1 7072850
.21 augustus_masked-168255802-processed-gene-0.0-mRNA-1 5991085
.35 genemark-168403482-processed-gene-0.4-mRNA-1 8928429
.20 genemark-168403482-processed-gene-0.4-mRNA-1 5786739
.39 snap_masked-168570852-processed-gene-0.60-mRNA-1 8938575
.31 snap_masked-168570852-processed-gene-0.60-mRNA-1 8920412
.40 maker-167838123-snap-gene-0.24-mRNA-1 2290199
.49 maker-167838123-snap-gene-0.24-mRNA-1 8919262
.62 snap_masked-166241652-processed-gene-0.2-mRNA-1 8919925
.17 snap_masked-166241652-processed-gene-0.2-mRNA-1 8939006
.80 maker-168075387-snap-gene-0.52-mRNA-1 9058648
.17 snap_masked-167545665-processed-gene-0.2-mRNA-1 8959710
.10 snap_masked-167545665-processed-gene-0.2-mRNA-1 3003411
.10 snap_masked-167545665-processed-gene-0.2-mRNA-1 195913
.08 snap_masked-167545665-processed-gene-0.2-mRNA-1 3336334
.21 maker-168556801-augustus-gene-0.41-mRNA-1 8917310
.21 maker-168556801-augustus-gene-0.41-mRNA-1 8919660
.16 maker-168556801-augustus-gene-0.41-mRNA-1 8917313
.65 snap_masked-168545206-processed-gene-0.41-mRNA-1 2674305
.21 snap_masked-168545206-processed-gene-0.41-mRNA-1 2345560
.13 maker-168467335-snap-gene-0.115-mRNA-1 2611830
.16 maker-168467335-snap-gene-0.115-mRNA-1 8920396
.49 maker-164258115-snap-gene-0.4-mRNA-1 9058597
.25 augustus_masked-168224050-processed-gene-0.10-mRNA-1 8103947
.65 augustus_masked-168224050-processed-gene-0.10-mRNA-1 8998894
.21 maker-168428007-augustus-gene-0.41-mRNA-1 1199177
.06 maker-168428007-augustus-gene-0.41-mRNA-1 377880
.05 maker-168428007-augustus-gene-0.41-mRNA-1 8941669
.01 maker-168428007-augustus-gene-0.41-mRNA-1 1387449
.25 maker-168196590-augustus-gene-0.23-mRNA-1 8936935
.23 augustus_masked-164074907-processed-gene-0.0-mRNA-1 697146
.24 augustus_masked-164074907-processed-gene-0.0-mRNA-1 4096681
.55 snap_masked-167937776-processed-gene-0.10-mRNA-1 8994807
.27 snap_masked-167937776-processed-gene-0.10-mRNA-1 7284931
.20 snap_masked-167937776-processed-gene-0.10-mRNA-1 7651925
.31 augustus_masked-168183416-processed-gene-0.7-mRNA-1 8918808
.35 augustus_masked-168183416-processed-gene-0.7-mRNA-1 8918806
.16 maker-168558918-snap-gene-0.58-mRNA-1 1121637
.09 maker-168558918-snap-gene-0.58-mRNA-1 3097184
.14 maker-168558918-snap-gene-0.58-mRNA-1 8925080
.08 maker-168558918-snap-gene-0.58-mRNA-1 2840651
.09 maker-168558918-snap-gene-0.58-mRNA-1 2645447
.11 maker-168071173-snap-gene-0.25-mRNA-1 2678628
.06 maker-168071173-snap-gene-0.25-mRNA-1 2678637
.21 maker-168536713-augustus-gene-0.77-mRNA-1 1705313
.33 maker-168071173-snap-gene-0.26-mRNA-1 4870106
.32 maker-168071173-snap-gene-0.26-mRNA-1 1207211
.32 maker-168071173-snap-gene-0.26-mRNA-1 2678628
.20 maker-168071173-snap-gene-0.26-mRNA-1 4469464
.22 maker-168071173-snap-gene-0.26-mRNA-1 8925306
.16 maker-166600736-snap-gene-0.4-mRNA-1 2043355
.16 maker-166600736-snap-gene-0.4-mRNA-1 1196758
.01 augustus_masked-168196677-processed-gene-0.2-mRNA-1 8917698
.17 genemark-168348020-processed-gene-0.33-mRNA-1 1491984
.07 genemark-168348020-processed-gene-0.33-mRNA-1 8944063
.10 genemark-168348020-processed-gene-0.33-mRNA-1 2754840
.07 genemark-168348020-processed-gene-0.33-mRNA-1 2189444
.15 snap_masked-168573438-processed-gene-0.45-mRNA-1 8945581
.18 snap_masked-168573438-processed-gene-0.45-mRNA-1 8968409
.31 maker-168185089-augustus-gene-0.14-mRNA-3 923337
.13 maker-168185089-augustus-gene-0.14-mRNA-3 8918162
.40 maker-168188920-snap-gene-0.33-mRNA-1 8939802
.17 maker-168188920-snap-gene-0.33-mRNA-1 8944973
.22 maker-168183075-snap-gene-0.52-mRNA-1 5641383
.31 maker-168183075-snap-gene-0.52-mRNA-1 3190201
.38 maker-168577580-snap-gene-0.22-mRNA-1 4726187
.35 maker-168577580-snap-gene-0.22-mRNA-1 6679867
.31 maker-168577580-snap-gene-0.22-mRNA-1 8985150
.29 maker-168577580-snap-gene-0.22-mRNA-1 1330747
.28 maker-168577580-snap-gene-0.22-mRNA-1 8930226
.34 maker-168257240-snap-gene-0.57-mRNA-1 9041318
.32 maker-168257240-snap-gene-0.57-mRNA-1 1915584
.44 genemark-167986691-processed-gene-0.1-mRNA-1 1794096
.30 genemark-167986691-processed-gene-0.1-mRNA-1 3255603
.36 genemark-167986691-processed-gene-0.1-mRNA-1 8917683
.21 genemark-167986691-processed-gene-0.1-mRNA-1 1420541
.15 genemark-167986691-processed-gene-0.1-mRNA-1 7233964
.30 maker-168147836-augustus-gene-0.37-mRNA-1 8921597
.26 maker-168147836-augustus-gene-0.37-mRNA-1 8920020
.16 maker-168147836-augustus-gene-0.37-mRNA-1 8920019
.34 maker-168188581-snap-gene-0.32-mRNA-1 1823370
.71 augustus_masked-168519061-processed-gene-0.7-mRNA-1 8925141
.26 augustus_masked-168519061-processed-gene-0.7-mRNA-1 8477545
.34 maker-168193532-augustus-gene-1.57-mRNA-1 8923599
.17 maker-168193532-augustus-gene-1.57-mRNA-1 709023
.26 augustus_masked-164452728-processed-gene-0.1-mRNA-1 3806216
.39 augustus_masked-164452728-processed-gene-0.1-mRNA-1 3806225
.33 maker-165892324-augustus-gene-0.3-mRNA-1 8925244
.30 maker-165892324-augustus-gene-0.3-mRNA-1 8923307
.36 maker-165892324-augustus-gene-0.3-mRNA-1 1790072
.03 maker-168235646-augustus-gene-0.25-mRNA-1 8980362
.03 maker-168235646-augustus-gene-0.25-mRNA-1 6269544
.03 maker-168235646-augustus-gene-0.25-mRNA-1 8964328
.31 snap_masked-162303516-processed-gene-0.1-mRNA-1 3101497
.25 snap_masked-162303516-processed-gene-0.1-mRNA-1 3349044
.90 genemark-168411250-processed-gene-0.6-mRNA-1 8946741
.21 augustus_masked-168567946-processed-gene-0.3-mRNA-1 8936463
.13 augustus_masked-168567946-processed-gene-0.3-mRNA-1 8925075
.44 augustus_masked-162249021-processed-gene-0.0-mRNA-1 866190
.23 augustus_masked-162249021-processed-gene-0.0-mRNA-1 2257858
.86 augustus_masked-168509142-processed-gene-0.4-mRNA-1 8919675
.40 maker-162365180-snap-gene-0.5-mRNA-1 8929350
.20 maker-162365180-snap-gene-0.5-mRNA-1 2319172
.99 augustus_masked-161588939-processed-gene-0.0-mRNA-1 8924273
.21 augustus_masked-167913867-processed-gene-0.3-mRNA-1 4397550
.12 augustus_masked-167913867-processed-gene-0.3-mRNA-1 6696352
.40 genemark-168346033-processed-gene-0.5-mRNA-1 6463862
.22 genemark-168346033-processed-gene-0.5-mRNA-1 8442993
.47 maker-168381976-snap-gene-0.30-mRNA-1 2915117
.43 maker-168381976-snap-gene-0.30-mRNA-1 8934743
.29 augustus_masked-163764686-processed-gene-0.0-mRNA-1 9013843
.26 augustus_masked-163764686-processed-gene-0.0-mRNA-1 3500389
.43 genemark-168479921-processed-gene-0.48-mRNA-1 8941091
.25 genemark-168479921-processed-gene-0.48-mRNA-1 6855922
.25 genemark-168479921-processed-gene-0.48-mRNA-1 5967257
.24 genemark-168479921-processed-gene-0.48-mRNA-1 6181673
.72 maker-168186755-snap-gene-0.28-mRNA-1 9058563
.06 maker-168186755-snap-gene-0.28-mRNA-1 8924711
.05 maker-168186755-snap-gene-0.28-mRNA-1 550038
.73 maker-168510568-snap-gene-0.25-mRNA-1 9058650
.20 maker-168561168-snap-gene-0.36-mRNA-1 9058531
.25 maker-168561168-snap-gene-0.36-mRNA-1 8919140
.30 maker-168558381-augustus-gene-0.76-mRNA-1 8921278
.21 maker-168558381-augustus-gene-0.76-mRNA-1 8939169
.13 maker-168558381-augustus-gene-0.76-mRNA-1 3383347
.63 snap_masked-168314009-processed-gene-0.86-mRNA-1 3155927
.26 maker-168568361-augustus-gene-0.53-mRNA-1 1823761
.25 maker-168568361-augustus-gene-0.53-mRNA-1 1929891
.13 maker-168568361-augustus-gene-0.53-mRNA-1 6059204
.38 augustus_masked-163747011-processed-gene-0.0-mRNA-1 2345560
.38 augustus_masked-163747011-processed-gene-0.0-mRNA-1 8989523
.39 augustus_masked-163747011-processed-gene-0.0-mRNA-1 2674305
.33 augustus_masked-163747011-processed-gene-0.0-mRNA-1 6578763
.22 augustus_masked-163747011-processed-gene-0.0-mRNA-1 4942692
.87 maker-168337454-snap-gene-0.100-mRNA-1 9058585
.85 maker-168473591-augustus-gene-0.86-mRNA-1 8924734
.24 maker-168328789-snap-gene-0.80-mRNA-1 8922968
.14 maker-168328789-snap-gene-0.80-mRNA-1 2865483
.28 augustus_masked-167819482-processed-gene-0.0-mRNA-1 8920003
.67 augustus_masked-167819482-processed-gene-0.0-mRNA-1 9058598
.35 maker-168561329-augustus-gene-0.75-mRNA-1 9058656
.19 maker-168561329-augustus-gene-0.75-mRNA-1 9058656
.21 maker-168539047-snap-gene-0.95-mRNA-1 8921690
.11 maker-168539047-snap-gene-0.95-mRNA-1 1140527
.76 maker-168184820-snap-gene-0.7-mRNA-1 9058637
.10 maker-168184820-snap-gene-0.7-mRNA-1 6102528
.44 maker-164070574-augustus-gene-0.2-mRNA-1 3214189
.31 maker-164070574-augustus-gene-0.2-mRNA-1 1843741
.42 maker-167880810-snap-gene-0.19-mRNA-1 8938008
.18 maker-167880810-snap-gene-0.19-mRNA-1 3031374
.12 maker-167880810-snap-gene-0.19-mRNA-1 2896708
.48 maker-164004743-snap-gene-0.2-mRNA-1 1802033
.20 maker-164004743-snap-gene-0.2-mRNA-1 5565068
.89 maker-168500211-snap-gene-1.85-mRNA-1 2307201
.34 maker-168465650-snap-gene-0.45-mRNA-1 6392041
.18 maker-162157327-snap-gene-0.4-mRNA-1 5646172
.12 maker-162157327-snap-gene-0.4-mRNA-1 1449131
.44 genemark-168447188-processed-gene-0.19-mRNA-1 9023385
.18 genemark-168447188-processed-gene-0.19-mRNA-1 5859356
.31 snap_masked-168182759-processed-gene-0.5-mRNA-1 3023891
.39 maker-168465590-augustus-gene-0.32-mRNA-1 8920926
.20 maker-168465590-augustus-gene-0.32-mRNA-1 261799
.75 maker-168240139-augustus-gene-0.22-mRNA-1 9058578
.51 genemark-168556946-processed-gene-0.25-mRNA-1 1759301
.15 genemark-168556946-processed-gene-0.25-mRNA-1 4637705
.22 maker-168319262-snap-gene-0.45-mRNA-1 6413035
.29 maker-168319262-snap-gene-0.45-mRNA-1 1543515
.41 maker-168473847-augustus-gene-0.45-mRNA-1 9058596
.20 maker-168473847-augustus-gene-0.45-mRNA-1 8953940
.07 maker-168473847-augustus-gene-0.45-mRNA-1 8924639
.89 genemark-163729524-processed-gene-0.1-mRNA-1 2919848
.88 genemark-163729524-processed-gene-0.1-mRNA-1 2321269
.56 genemark-163729524-processed-gene-0.1-mRNA-1 8962575
.55 genemark-163729524-processed-gene-0.1-mRNA-1 792402
.49 genemark-163729524-processed-gene-0.1-mRNA-1 2340034
.65 maker-168235827-snap-gene-0.12-mRNA-1 9058546
.33 maker-168235827-snap-gene-0.12-mRNA-1 2322698
.74 maker-168331534-augustus-gene-0.22-mRNA-1 8922737
.76 maker-168448377-augustus-gene-0.14-mRNA-1 9058564
.34 augustus_masked-162489380-processed-gene-0.0-mRNA-1 5307820
.16 augustus_masked-162489380-processed-gene-0.0-mRNA-1 3245744
.17 augustus_masked-162489380-processed-gene-0.0-mRNA-1 6614496
.17 augustus_masked-162489380-processed-gene-0.0-mRNA-1 2869321
.15 augustus_masked-162489380-processed-gene-0.0-mRNA-1 3198533
.49 maker-164459445-snap-gene-0.3-mRNA-1 8954484
.30 maker-164459445-snap-gene-0.3-mRNA-1 8926263
.55 maker-168533921-snap-gene-0.40-mRNA-2 8936281
.16 augustus_masked-167812752-processed-gene-0.1-mRNA-1 2826822
.14 augustus_masked-167812752-processed-gene-0.1-mRNA-1 2270607
.03 maker-168577405-augustus-gene-0.88-mRNA-1 6486405
.96 maker-168577405-augustus-gene-0.88-mRNA-1 9058643
.23 snap_masked-167927778-processed-gene-0.7-mRNA-1 8926371
.28 snap_masked-167927778-processed-gene-0.7-mRNA-1 52397
.51 maker-168324215-snap-gene-0.51-mRNA-1 8992640
.24 maker-168324215-snap-gene-0.51-mRNA-1 2680252
.32 maker-168183970-snap-gene-0.22-mRNA-1 2212975
.29 maker-168183970-snap-gene-0.22-mRNA-1 8925003
.29 maker-168183970-snap-gene-0.22-mRNA-1 3218921
.28 maker-168183970-snap-gene-0.22-mRNA-1 5659541
.22 maker-168183970-snap-gene-0.22-mRNA-1 3538797
.99 augustus_masked-163406353-processed-gene-0.1-mRNA-1 2134223
.06 maker-168186104-snap-gene-0.12-mRNA-1 2680362
.43 maker-168186104-snap-gene-0.12-mRNA-1 9058603
.30 maker-168187467-augustus-gene-0.33-mRNA-1 8917315
.17 maker-168187467-augustus-gene-0.33-mRNA-1 2677116
.16 maker-168555980-augustus-gene-0.35-mRNA-1 1587094
.13 maker-168555980-augustus-gene-0.35-mRNA-1 8920125
.32 maker-168226344-augustus-gene-0.79-mRNA-1 8917471
.06 maker-168226344-augustus-gene-0.79-mRNA-1 4643407
.12 augustus_masked-163847034-processed-gene-0.0-mRNA-1 2966576
.69 augustus_masked-163847034-processed-gene-0.0-mRNA-1 9058553
.69 maker-168545579-snap-gene-0.16-mRNA-1 9058621
.23 augustus_masked-165950810-processed-gene-0.1-mRNA-1 8956699
.35 augustus_masked-165950810-processed-gene-0.1-mRNA-1 8917573
.33 augustus_masked-168414897-processed-gene-0.2-mRNA-1 2530096
.53 augustus_masked-168414897-processed-gene-0.2-mRNA-1 2752112
.36 maker-168569351-snap-gene-1.125-mRNA-1 5989374
.28 maker-168569351-snap-gene-1.125-mRNA-1 3491778
.26 maker-168569351-snap-gene-1.125-mRNA-1 5870310
.27 augustus_masked-166914911-processed-gene-0.0-mRNA-1 8919032
.14 augustus_masked-166914911-processed-gene-0.0-mRNA-1 3768987
.21 maker-168185570-augustus-gene-0.15-mRNA-1 2477411
.32 snap_masked-168307518-processed-gene-0.9-mRNA-1 8923895
.28 snap_masked-168307518-processed-gene-0.9-mRNA-1 2824629
.53 augustus_masked-168559102-processed-gene-0.7-mRNA-1 8924074
.24 augustus_masked-168559102-processed-gene-0.7-mRNA-1 3598364
.37 augustus_masked-168566215-processed-gene-0.9-mRNA-1 3017259
.28 augustus_masked-168566215-processed-gene-0.9-mRNA-1 2817481
.37 maker-166219764-augustus-gene-0.6-mRNA-2 9058576
.30 maker-166219764-augustus-gene-0.6-mRNA-2 8920830
.11 maker-166219764-augustus-gene-0.6-mRNA-2 4537865
.38 maker-166219764-augustus-gene-0.6-mRNA-1 9058576
.31 maker-166219764-augustus-gene-0.6-mRNA-1 8920830
.12 maker-166219764-augustus-gene-0.6-mRNA-1 4537865
.05 maker-168384232-snap-gene-0.70-mRNA-1 6682921
.01 maker-168384232-snap-gene-0.70-mRNA-1 2907634
.28 maker-168232336-snap-gene-0.20-mRNA-1 8918213
.06 maker-168232336-snap-gene-0.20-mRNA-1 8927050
.22 maker-168557063-augustus-gene-0.134-mRNA-1 2388565
.13 maker-168557063-augustus-gene-0.134-mRNA-1 1805350
.07 genemark-167944085-processed-gene-0.11-mRNA-1 8929237
.20 augustus_masked-168342061-processed-gene-0.1-mRNA-1 2256435
.21 augustus_masked-168342061-processed-gene-0.1-mRNA-1 2256435
.11 maker-168560687-augustus-gene-0.76-mRNA-1 1323893
.11 maker-168560687-augustus-gene-0.76-mRNA-1 2166756
.10 maker-168560687-augustus-gene-0.76-mRNA-1 8917910
.05 maker-168560687-augustus-gene-0.76-mRNA-1 2278146
.04 maker-168560687-augustus-gene-0.76-mRNA-1 2366528
.56 augustus_masked-167829699-processed-gene-0.3-mRNA-1 1478758
.16 augustus_masked-167829699-processed-gene-0.3-mRNA-1 3776745
.47 augustus_masked-162579802-processed-gene-0.0-mRNA-1 8926604
.34 augustus_masked-162579802-processed-gene-0.0-mRNA-1 1284974
.96 maker-164740903-augustus-gene-0.3-mRNA-1 9058589
.38 augustus_masked-165318080-processed-gene-0.0-mRNA-1 4083939
.41 augustus_masked-165318080-processed-gene-0.0-mRNA-1 2269718
.78 maker-168232216-augustus-gene-0.60-mRNA-1 8923335
.06 maker-168232216-augustus-gene-0.60-mRNA-1 5792541
.15 augustus_masked-168324996-processed-gene-0.1-mRNA-1 4969672
.15 augustus_masked-168324996-processed-gene-0.1-mRNA-1 1564351
.14 augustus_masked-168324996-processed-gene-0.1-mRNA-1 8979689
.13 augustus_masked-168324996-processed-gene-0.1-mRNA-1 1809654
.37 genemark-167821227-processed-gene-0.6-mRNA-1 2420154
.34 genemark-167821227-processed-gene-0.6-mRNA-1 8926782
.18 snap_masked-168488885-processed-gene-0.4-mRNA-1 1406740
.07 maker-168284571-snap-gene-0.109-mRNA-1 3256510
.75 maker-168284571-snap-gene-0.109-mRNA-1 9058601
.25 maker-168571622-augustus-gene-0.43-mRNA-1 9058521
.07 maker-168571622-augustus-gene-0.43-mRNA-1 3403914
.03 maker-168571622-augustus-gene-0.43-mRNA-1 8926026
.15 maker-168327604-snap-gene-0.22-mRNA-1 3792594
.07 maker-168327604-snap-gene-0.22-mRNA-1 3722290
.39 maker-168407624-snap-gene-0.97-mRNA-1 9058595
.15 augustus_masked-168377306-processed-gene-0.5-mRNA-1 1441134
.11 augustus_masked-168377306-processed-gene-0.5-mRNA-1 2399189
.23 maker-168187992-snap-gene-0.19-mRNA-1 3866250
.17 maker-168187992-snap-gene-0.19-mRNA-1 3989445
.32 maker-167859797-snap-gene-0.52-mRNA-1 2258465
.20 maker-167859797-snap-gene-0.52-mRNA-1 3896660
.21 maker-167859797-snap-gene-0.52-mRNA-1 1954422
.20 maker-167859797-snap-gene-0.52-mRNA-1 8966485
.14 maker-167859797-snap-gene-0.52-mRNA-1 2584023
.17 maker-168499295-snap-gene-0.52-mRNA-1 8917992
.68 maker-168499295-snap-gene-0.52-mRNA-1 8917009
.47 genemark-167929813-processed-gene-0.5-mRNA-1 9058527
.10 genemark-167929813-processed-gene-0.5-mRNA-1 8929577
.19 genemark-168262150-processed-gene-0.27-mRNA-1 5424797
.17 genemark-168262150-processed-gene-0.27-mRNA-1 2123575
.42 maker-167877492-snap-gene-0.15-mRNA-1 9058628
.54 maker-167877492-snap-gene-0.15-mRNA-1 9058628
.35 augustus_masked-168001069-processed-gene-0.6-mRNA-1 6302642
.41 augustus_masked-168001069-processed-gene-0.6-mRNA-1 8930171
.24 maker-168192479-augustus-gene-0.25-mRNA-1 9058659
.16 maker-168192479-augustus-gene-0.25-mRNA-1 9058659
.39 augustus_masked-164357773-processed-gene-0.0-mRNA-1 1101430
.60 augustus_masked-164357773-processed-gene-0.0-mRNA-1 3415591
.02 augustus_masked-168439791-processed-gene-0.16-mRNA-1 1933178
.03 augustus_masked-168439791-processed-gene-0.16-mRNA-1 1933178
.14 genemark-167443867-processed-gene-0.1-mRNA-1 8937425
.17 genemark-167443867-processed-gene-0.1-mRNA-1 8920504
.20 genemark-167443867-processed-gene-0.1-mRNA-1 8936557
.24 maker-168395740-snap-gene-0.17-mRNA-1 7392882
.53 maker-168395740-snap-gene-0.17-mRNA-1 6781506
.61 maker-168183510-snap-gene-0.57-mRNA-1 1003572
.26 maker-168183510-snap-gene-0.57-mRNA-1 101152
.33 maker-168368659-snap-gene-0.26-mRNA-1 1899219
.34 maker-168368659-snap-gene-0.26-mRNA-1 1899226
.34 snap_masked-168395633-processed-gene-0.87-mRNA-1 3555280
.40 maker-168188721-augustus-gene-2.68-mRNA-1 8916727
.18 maker-168188721-augustus-gene-2.68-mRNA-1 8916532
.29 maker-168550641-augustus-gene-0.66-mRNA-1 3714819
.21 maker-168550641-augustus-gene-0.66-mRNA-1 8922766
.15 genemark-168198688-processed-gene-0.23-mRNA-1 2525459
.12 genemark-168198688-processed-gene-0.23-mRNA-1 8963046
.26 maker-168553218-snap-gene-0.39-mRNA-1 8918766
.11 maker-168553218-snap-gene-0.39-mRNA-1 2157105
.67 augustus_masked-168182937-processed-gene-0.1-mRNA-1 264612
.37 augustus_masked-168182937-processed-gene-0.1-mRNA-1 2768896
.06 augustus_masked-168182937-processed-gene-0.1-mRNA-1 7251096
.65 maker-168183116-augustus-gene-0.24-mRNA-1 9058522
.32 maker-168183116-augustus-gene-0.24-mRNA-2 9058522
.67 maker-168183116-augustus-gene-0.24-mRNA-2 9058522
.26 maker-166750527-augustus-gene-0.2-mRNA-1 4498886
.67 maker-166750527-augustus-gene-0.2-mRNA-1 8930051
.83 augustus_masked-168234756-processed-gene-0.1-mRNA-1 8927181
.36 snap_masked-167243482-processed-gene-0.3-mRNA-1 8980657
.46 snap_masked-167243482-processed-gene-0.3-mRNA-1 4102565
.26 snap_masked-168408690-processed-gene-0.4-mRNA-1 6682921
.38 genemark-167852985-processed-gene-0.5-mRNA-1 1486829
.36 genemark-167852985-processed-gene-0.5-mRNA-1 8921060
.72 maker-168565333-augustus-gene-0.69-mRNA-1 9058562
.11 maker-168565333-augustus-gene-0.69-mRNA-1 3191872
.44 maker-167801414-snap-gene-0.10-mRNA-2 2890541
.02 maker-167801414-snap-gene-0.10-mRNA-2 8919387
.28 maker-168550822-snap-gene-0.53-mRNA-1 8918569
.13 maker-168550822-snap-gene-0.53-mRNA-1 1558599
.27 maker-168307430-snap-gene-0.26-mRNA-1 8918538
.29 maker-168553510-snap-gene-0.54-mRNA-1 2348895
.48 maker-168471384-snap-gene-0.13-mRNA-1 8916584
.73 maker-168524732-snap-gene-0.36-mRNA-1 9058636
.41 maker-162029178-snap-gene-0.5-mRNA-1 8919765
.18 maker-162029178-snap-gene-0.5-mRNA-1 2442914
.37 maker-161915945-augustus-gene-0.4-mRNA-1 8919797
.15 maker-161915945-augustus-gene-0.4-mRNA-1 649672
.34 maker-164591750-augustus-gene-0.3-mRNA-1 3917672
.18 maker-164591750-augustus-gene-0.3-mRNA-1 5837676
.54 maker-168081530-snap-gene-0.23-mRNA-1 4058542
.59 genemark-168544813-processed-gene-0.6-mRNA-1 1491984
.19 genemark-168544813-processed-gene-0.6-mRNA-1 774737
.06 maker-168186684-augustus-gene-0.21-mRNA-1 3453672
.06 maker-168186684-augustus-gene-0.21-mRNA-1 8945445
.67 maker-168184241-snap-gene-0.7-mRNA-1 8926596
.09 maker-168184241-snap-gene-0.7-mRNA-1 2147064
.52 snap_masked-168547409-processed-gene-0.34-mRNA-1 429183
.88 augustus_masked-168438758-processed-gene-0.11-mRNA-1 9058542
.19 maker-168208252-snap-gene-0.84-mRNA-3 9058560
.12 maker-168208252-snap-gene-0.84-mRNA-3 9058590
.39 maker-168570208-snap-gene-0.39-mRNA-1 8926471
.21 maker-168570208-snap-gene-0.39-mRNA-1 8928729
.72 maker-168185366-snap-gene-0.6-mRNA-1 9058536
.12 maker-168185366-snap-gene-0.6-mRNA-1 8941858
.02 maker-168480251-augustus-gene-0.57-mRNA-1 8942872
.56 maker-168570929-augustus-gene-0.41-mRNA-1 9058545
.28 maker-168570929-augustus-gene-0.41-mRNA-1 6008941
.14 maker-168570929-augustus-gene-0.41-mRNA-1 2040544
.14 maker-168570929-augustus-gene-0.41-mRNA-1 7961876
.28 snap_masked-168550564-processed-gene-0.102-mRNA-1 1336626
.46 snap_masked-168550564-processed-gene-0.102-mRNA-1 8918307
.27 augustus_masked-168391043-processed-gene-0.3-mRNA-1 773611
.14 augustus_masked-168391043-processed-gene-0.3-mRNA-1 8921919
.36 augustus_masked-168569156-processed-gene-3.63-mRNA-1 9058548
.13 augustus_masked-168569156-processed-gene-3.63-mRNA-1 2707615
.16 augustus_masked-168569156-processed-gene-3.63-mRNA-1 2166651
.11 augustus_masked-168389727-processed-gene-0.2-mRNA-1 3610739
.32 maker-167828815-augustus-gene-0.12-mRNA-1 8930163
.47 maker-167828815-augustus-gene-0.12-mRNA-1 8918707
.11 maker-162653869-augustus-gene-0.3-mRNA-1 8969500
.89 augustus_masked-168577140-processed-gene-0.0-mRNA-1 9058537
.27 genemark-166840047-processed-gene-0.1-mRNA-1 9039845
.39 genemark-166840047-processed-gene-0.1-mRNA-1 3880617
.48 maker-168441275-augustus-gene-0.55-mRNA-1 9058635
.26 maker-168577556-augustus-gene-0.31-mRNA-1 1178537
.13 maker-168399250-snap-gene-1.86-mRNA-1 3798128
.20 snap_masked-168503149-processed-gene-0.19-mRNA-1 1079787
.51 snap_masked-168503149-processed-gene-0.19-mRNA-1 9058528
.99 maker-165341703-augustus-gene-0.3-mRNA-1 9058608
.38 maker-168577025-snap-gene-0.64-mRNA-1 3761786
.15 maker-167865223-augustus-gene-0.47-mRNA-1 8929737
.22 maker-167865223-augustus-gene-0.47-mRNA-1 410686
.24 maker-168509181-snap-gene-0.106-mRNA-1 8936337
.24 augustus_masked-167284458-processed-gene-0.0-mRNA-1 4524082
.50 maker-167869164-augustus-gene-0.17-mRNA-1 9058599
.20 maker-167869164-augustus-gene-0.17-mRNA-1 8928600
.30 augustus_masked-168575934-processed-gene-0.1-mRNA-1 8917293
.29 maker-168240834-snap-gene-0.39-mRNA-1 8926756
.51 maker-168577285-augustus-gene-0.52-mRNA-1 8941260
.19 maker-168577285-augustus-gene-0.52-mRNA-1 5999153
.37 maker-168569475-augustus-gene-0.52-mRNA-1 1531477
.31 maker-168569475-augustus-gene-0.52-mRNA-1 8917851
.51 augustus_masked-164689749-processed-gene-0.0-mRNA-1 8924952
.30 augustus_masked-164689749-processed-gene-0.0-mRNA-1 4043158
.29 genemark-167815251-processed-gene-0.12-mRNA-1 2579930
.68 maker-168253976-snap-gene-0.19-mRNA-1 9058554
.21 maker-168253976-snap-gene-0.19-mRNA-1 3304331
.24 augustus_masked-168423319-processed-gene-0.4-mRNA-1 3041763
.24 augustus_masked-168423319-processed-gene-0.4-mRNA-1 3041760
.25 augustus_masked-168418942-processed-gene-0.9-mRNA-1 8930403
.16 augustus_masked-168418942-processed-gene-0.9-mRNA-1 3879281
.27 maker-168424764-snap-gene-0.30-mRNA-1 719756
.70 augustus_masked-166074317-processed-gene-0.0-mRNA-1 8918736
.27 augustus_masked-166074317-processed-gene-0.0-mRNA-1 4355727
.44 snap_masked-164112256-processed-gene-0.2-mRNA-1 8919003
.17 maker-168548205-snap-gene-0.24-mRNA-1 8940071
.56 maker-168548205-snap-gene-0.24-mRNA-1 3196868
.23 maker-168560986-snap-gene-0.90-mRNA-1 3806508
.44 maker-168399359-snap-gene-0.30-mRNA-1 8917159
.20 maker-168399359-snap-gene-0.30-mRNA-1 4083959
.67 augustus_masked-168191497-processed-gene-0.34-mRNA-1 264612
.31 augustus_masked-168191497-processed-gene-0.34-mRNA-1 6279970
.39 augustus_masked-161515271-processed-gene-0.0-mRNA-1 3302315
.59 augustus_masked-161515271-processed-gene-0.0-mRNA-1 8941727
.34 maker-162605827-snap-gene-0.3-mRNA-1 2873380
.21 maker-162605827-snap-gene-0.3-mRNA-1 4025240
.19 maker-162605827-snap-gene-0.3-mRNA-1 5037433
.17 maker-162605827-snap-gene-0.3-mRNA-1 2021145
.16 maker-162605827-snap-gene-0.3-mRNA-1 8971357
.11 augustus_masked-167856030-processed-gene-0.0-mRNA-1 1976416
.10 augustus_masked-167856030-processed-gene-0.0-mRNA-1 1905792
.99 augustus_masked-167812213-processed-gene-0.12-mRNA-1 8928947
.27 maker-168379418-snap-gene-0.42-mRNA-1 4312146
.45 maker-168379418-snap-gene-0.42-mRNA-1 9058612
.58 maker-167795763-snap-gene-0.53-mRNA-1 9058639
.17 maker-167795763-snap-gene-0.53-mRNA-1 2270950
.49 genemark-163258432-processed-gene-0.0-mRNA-1 8954995
.30 genemark-163258432-processed-gene-0.0-mRNA-1 1647474
.52 augustus_masked-168447100-processed-gene-0.0-mRNA-1 8917486
.27 augustus_masked-168447100-processed-gene-0.0-mRNA-1 4395445
.25 genemark-162711595-processed-gene-0.1-mRNA-1 8944673
.26 genemark-162711595-processed-gene-0.1-mRNA-1 2974508
.24 maker-166773883-snap-gene-0.5-mRNA-1 8939941
.12 maker-166773883-snap-gene-0.5-mRNA-1 2326055
.24 augustus_masked-168573829-processed-gene-0.8-mRNA-1 5975714
.55 augustus_masked-168573829-processed-gene-0.8-mRNA-1 3109913
.26 maker-162080320-snap-gene-0.5-mRNA-1 9058587
.25 maker-162080320-snap-gene-0.5-mRNA-1 8963512
.61 maker-168184619-snap-gene-0.12-mRNA-1 9058646
.29 augustus_masked-165926022-processed-gene-0.0-mRNA-1 3471529
.18 augustus_masked-165926022-processed-gene-0.0-mRNA-1 5944425
.14 augustus_masked-165926022-processed-gene-0.0-mRNA-1 3029380
.51 maker-168240510-augustus-gene-0.30-mRNA-1 9058525
.17 maker-168240510-augustus-gene-0.30-mRNA-1 8927876
.10 maker-168240510-augustus-gene-0.30-mRNA-1 3144427
.22 maker-168311773-snap-gene-0.25-mRNA-1 1475122
.19 maker-168311773-snap-gene-0.25-mRNA-1 282336
.40 augustus_masked-168542116-processed-gene-0.2-mRNA-1 3268063
.59 augustus_masked-168542116-processed-gene-0.2-mRNA-1 3268074
.38 maker-168368165-augustus-gene-0.39-mRNA-1 740400
.23 genemark-167941227-processed-gene-0.9-mRNA-1 8933006
.09 genemark-167941227-processed-gene-0.9-mRNA-1 8961427
.87 maker-167841556-snap-gene-0.8-mRNA-1 8919670
.11 maker-167841556-snap-gene-0.8-mRNA-1 1380943
.32 maker-168567405-snap-gene-0.31-mRNA-1 8932002
.30 maker-168567405-snap-gene-0.31-mRNA-1 8922085
.26 maker-168567405-snap-gene-0.31-mRNA-1 8922087
.22 maker-168577084-snap-gene-0.16-mRNA-1 4636143
.83 maker-168359502-augustus-gene-0.13-mRNA-1 9058580
.27 augustus_masked-168451357-processed-gene-0.4-mRNA-1 1933178
.13 augustus_masked-167848865-processed-gene-0.2-mRNA-1 2826822
.12 augustus_masked-167848865-processed-gene-0.2-mRNA-1 3774784
.10 augustus_masked-167848865-processed-gene-0.2-mRNA-1 4087776
.30 augustus_masked-168375365-processed-gene-0.1-mRNA-1 1472265
.14 augustus_masked-168375365-processed-gene-0.1-mRNA-1 6165995
.06 maker-168570229-augustus-gene-0.74-mRNA-1 1696843
.26 maker-168570229-augustus-gene-0.74-mRNA-1 1696842
.22 genemark-168564678-processed-gene-0.2-mRNA-1 8996081
.34 genemark-168431026-processed-gene-0.5-mRNA-1 2564827
.12 maker-168482721-augustus-gene-0.51-mRNA-1 5379498
.30 maker-168482721-augustus-gene-0.51-mRNA-1 2065457
.45 genemark-166997424-processed-gene-0.0-mRNA-1 8920437
.26 maker-168294133-augustus-gene-0.51-mRNA-1 8928420
.22 maker-168294133-augustus-gene-0.51-mRNA-1 8925166
.65 maker-168191750-snap-gene-0.68-mRNA-1 3337518
.93 maker-168558102-augustus-gene-0.91-mRNA-1 9058563
.04 maker-168558102-augustus-gene-0.91-mRNA-1 8928825
.08 maker-168198041-augustus-gene-0.49-mRNA-1 5445851
.03 maker-168198041-augustus-gene-0.49-mRNA-1 5117070
.50 maker-168240246-augustus-gene-0.12-mRNA-1 9058600
.20 maker-168240246-augustus-gene-0.12-mRNA-1 1996276
.44 snap_masked-162629924-processed-gene-0.2-mRNA-1 2596063
.24 snap_masked-162629924-processed-gene-0.2-mRNA-1 4023710
.23 snap_masked-162629924-processed-gene-0.2-mRNA-1 952202
.24 snap_masked-162629924-processed-gene-0.2-mRNA-1 5648025
.22 snap_masked-162629924-processed-gene-0.2-mRNA-1 3769404
.18 maker-167944708-augustus-gene-0.42-mRNA-1 4055674
.16 maker-167944708-augustus-gene-0.42-mRNA-1 8936779
.38 maker-168385244-augustus-gene-0.33-mRNA-1 8924949
.32 maker-168385244-augustus-gene-0.33-mRNA-1 8927833
.30 maker-168553811-augustus-gene-0.34-mRNA-1 8921791
.24 maker-168553811-augustus-gene-0.34-mRNA-1 1594121
.59 maker-168564527-snap-gene-0.30-mRNA-1 8924104
.14 maker-168564527-snap-gene-0.30-mRNA-1 8934477
.11 maker-168564527-snap-gene-0.30-mRNA-1 497295
.50 maker-168532704-snap-gene-0.36-mRNA-1 765718
.23 maker-168532704-snap-gene-0.36-mRNA-1 765729
.31 augustus_masked-168577649-processed-gene-0.5-mRNA-1 2735530
.33 maker-161634024-augustus-gene-0.2-mRNA-1 484104
.32 maker-161634024-augustus-gene-0.2-mRNA-1 2497034
.32 maker-161634024-augustus-gene-0.2-mRNA-1 2515655
.69 maker-168292906-snap-gene-0.24-mRNA-1 8920485
.21 maker-168292906-snap-gene-0.24-mRNA-1 1486197
.61 snap_masked-168549129-processed-gene-0.20-mRNA-1 9058651
.21 snap_masked-168549129-processed-gene-0.20-mRNA-1 8919735
.42 maker-168189228-snap-gene-0.97-mRNA-1 2142698
.32 maker-168189228-snap-gene-0.97-mRNA-1 4802851
.20 genemark-168496176-processed-gene-0.36-mRNA-1 1289750
.19 genemark-168496176-processed-gene-0.36-mRNA-1 8957888
.49 maker-168470435-augustus-gene-0.15-mRNA-1 8923343
.14 maker-168470435-augustus-gene-0.15-mRNA-1 850563
.26 maker-168561624-augustus-gene-0.6-mRNA-1 2015374
.33 maker-168561624-augustus-gene-0.6-mRNA-1 4561453
.30 maker-167265731-snap-gene-0.5-mRNA-1 9058614
.22 maker-167265731-snap-gene-0.5-mRNA-1 8928720
.81 maker-166388077-augustus-gene-0.5-mRNA-2 9058552
.26 maker-168098522-augustus-gene-0.34-mRNA-1 8918063
.15 maker-168098522-augustus-gene-0.34-mRNA-1 2360627
.25 augustus_masked-165050660-processed-gene-0.0-mRNA-1 8995610
.10 augustus_masked-165050660-processed-gene-0.0-mRNA-1 5915057
.13 maker-168186284-snap-gene-0.13-mRNA-1 438858
.07 maker-168186284-snap-gene-0.13-mRNA-1 438849
.73 maker-168190276-snap-gene-0.64-mRNA-1 8924952
.08 maker-168190276-snap-gene-0.64-mRNA-1 2899825
.08 maker-168190276-snap-gene-0.64-mRNA-1 8954284
.08 maker-168190276-snap-gene-0.64-mRNA-1 9012375
.09 maker-168190276-snap-gene-0.64-mRNA-1 5649013
.62 maker-166366691-augustus-gene-0.3-mRNA-1 9058593
.12 maker-166366691-augustus-gene-0.3-mRNA-1 8921487
.50 augustus_masked-168351072-processed-gene-0.18-mRNA-1 8920441
.31 augustus_masked-168351072-processed-gene-0.18-mRNA-1 1331882
.17 augustus_masked-168351072-processed-gene-0.18-mRNA-1 8920189
.39 maker-168178695-augustus-gene-0.14-mRNA-1 8968895
.30 maker-168178695-augustus-gene-0.14-mRNA-1 9018108
.23 maker-168259001-augustus-gene-0.42-mRNA-1 9058594
.05 maker-168259001-augustus-gene-0.42-mRNA-1 7705643
.04 maker-168259001-augustus-gene-0.42-mRNA-1 1773138
.03 maker-168259001-augustus-gene-0.42-mRNA-1 8919249
.75 maker-168498446-augustus-gene-0.115-mRNA-1 9058543
.33 augustus_masked-168450074-processed-gene-0.5-mRNA-1 9058532
.26 augustus_masked-168450074-processed-gene-0.5-mRNA-1 3512977
.25 augustus_masked-168450074-processed-gene-0.5-mRNA-1 1289634
.23 augustus_masked-168450074-processed-gene-0.5-mRNA-1 3279086
.25 augustus_masked-168450074-processed-gene-0.5-mRNA-1 6082963
.36 maker-168577647-snap-gene-0.86-mRNA-1 8918647
.48 maker-168572221-augustus-gene-0.62-mRNA-2 9058561
.24 maker-168349402-snap-gene-0.19-mRNA-2 8933408
.22 maker-168349402-snap-gene-0.19-mRNA-2 2234091
.19 maker-168190314-snap-gene-1.128-mRNA-1 456330
.39 maker-168190314-snap-gene-1.128-mRNA-1 456332
.76 maker-168575940-snap-gene-0.34-mRNA-1 8924628
.23 maker-168575940-snap-gene-0.34-mRNA-1 3759340
.24 maker-168494032-snap-gene-1.45-mRNA-1 8940549
.15 maker-168494032-snap-gene-1.45-mRNA-1 1896529
.59 maker-168511538-snap-gene-0.11-mRNA-1 9058611
.42 augustus_masked-167004964-processed-gene-0.0-mRNA-1 8924113
.24 augustus_masked-167004964-processed-gene-0.0-mRNA-1 8927189
.36 augustus_masked-168401751-processed-gene-0.16-mRNA-1 8948890
.30 augustus_masked-168401751-processed-gene-0.16-mRNA-1 3754982
.31 augustus_masked-168401751-processed-gene-0.16-mRNA-1 1717138
.24 augustus_masked-168401751-processed-gene-0.16-mRNA-1 724810
.24 augustus_masked-168401751-processed-gene-0.16-mRNA-1 2966435
.37 augustus_masked-168286317-processed-gene-0.12-mRNA-1 4181129
.35 augustus_masked-168286317-processed-gene-0.12-mRNA-1 4193209
.29 maker-168246894-snap-gene-0.14-mRNA-1 8917161
.12 maker-168246894-snap-gene-0.14-mRNA-1 2345284
.12 maker-168246894-snap-gene-0.14-mRNA-1 1023621
.10 maker-168246894-snap-gene-0.14-mRNA-1 8925786
.24 maker-168208372-snap-gene-0.70-mRNA-1 9058645
.32 maker-168514719-snap-gene-0.39-mRNA-1 3104281
.31 maker-168514719-snap-gene-0.39-mRNA-1 7869009
.99 augustus_masked-162773156-processed-gene-0.0-mRNA-1 8916657
.47 augustus_masked-168440956-processed-gene-0.7-mRNA-1 8952989
.33 augustus_masked-168440956-processed-gene-0.7-mRNA-1 589017
.23 maker-168522562-augustus-gene-0.73-mRNA-1 9058647
.19 maker-168522562-augustus-gene-0.73-mRNA-1 9058647
.51 snap_masked-166584126-processed-gene-0.2-mRNA-1 8921910
.19 snap_masked-166584126-processed-gene-0.2-mRNA-1 799366
.22 augustus_masked-163247516-processed-gene-0.0-mRNA-1 745779
.12 augustus_masked-163247516-processed-gene-0.0-mRNA-1 2480829
.11 augustus_masked-163247516-processed-gene-0.0-mRNA-1 8923232
.10 augustus_masked-163247516-processed-gene-0.0-mRNA-1 7793581
.26 maker-168218725-snap-gene-0.66-mRNA-1 2337637
.27 maker-168218725-snap-gene-0.66-mRNA-1 3153113
.28 maker-168218725-snap-gene-0.66-mRNA-1 1102256
.28 maker-168218725-snap-gene-0.66-mRNA-1 2300769
.19 maker-168218725-snap-gene-0.66-mRNA-1 6192176
.05 genemark-168303026-processed-gene-0.1-mRNA-1 3611018
.12 maker-168562409-snap-gene-0.38-mRNA-1 8923361
.47 maker-168562409-snap-gene-0.38-mRNA-1 1798116
.72 snap_masked-168237181-processed-gene-1.73-mRNA-1 4541984
.35 maker-168081530-snap-gene-0.22-mRNA-1 3124136
.32 maker-168081530-snap-gene-0.22-mRNA-1 8460172
.84 maker-168410765-augustus-gene-0.42-mRNA-1 9058658
.47 maker-166597788-augustus-gene-0.3-mRNA-1 8926523
.33 augustus_masked-168287753-processed-gene-0.14-mRNA-1 8945745
.13 augustus_masked-168185688-processed-gene-0.10-mRNA-1 8950234
.12 augustus_masked-168185688-processed-gene-0.10-mRNA-1 1044294
.10 augustus_masked-167965301-processed-gene-0.2-mRNA-1 2850200
.21 maker-168126447-augustus-gene-0.22-mRNA-1 3638052
.30 maker-168126447-augustus-gene-0.22-mRNA-1 8939728
.75 maker-168571183-augustus-gene-0.28-mRNA-1 8927883
.09 maker-168571183-augustus-gene-0.28-mRNA-1 3676537
.17 genemark-168568885-processed-gene-0.5-mRNA-1 8941989
.41 maker-168566055-augustus-gene-0.7-mRNA-1 8957086
.34 maker-168566055-augustus-gene-0.7-mRNA-1 3189197
.13 maker-168557558-augustus-gene-0.48-mRNA-1 1571984
.13 maker-168557558-augustus-gene-0.48-mRNA-1 8940754
.57 snap_masked-168307979-processed-gene-0.63-mRNA-1 2013790
.27 snap_masked-168307979-processed-gene-0.63-mRNA-1 356187
.89 snap_masked-168414024-processed-gene-1.105-mRNA-1 9058642
.05 snap_masked-168414024-processed-gene-1.105-mRNA-1 9036977
.21 maker-168185331-augustus-gene-0.53-mRNA-1 4403020
.15 maker-168185331-augustus-gene-0.53-mRNA-1 2148705
.34 maker-168214115-augustus-gene-0.49-mRNA-1 2538200
.11 maker-168214115-augustus-gene-0.49-mRNA-1 8921326
.03 maker-168214115-augustus-gene-0.49-mRNA-1 2596069
.49 maker-168540134-augustus-gene-0.42-mRNA-1 9058661
.20 maker-168540134-augustus-gene-0.42-mRNA-1 8919091
.63 maker-168441700-snap-gene-0.58-mRNA-1 8918204
.28 augustus_masked-168474521-processed-gene-0.0-mRNA-1 4392366
.29 augustus_masked-168474521-processed-gene-0.0-mRNA-1 3526037
.24 maker-168338405-snap-gene-0.9-mRNA-1 8930040
.33 maker-163477071-augustus-gene-0.4-mRNA-1 8923601
.37 maker-163477071-augustus-gene-0.4-mRNA-1 2177575
.11 maker-168239631-augustus-gene-0.66-mRNA-1 5982402
.88 maker-168239631-augustus-gene-0.66-mRNA-1 9058566
.43 augustus_masked-168491003-processed-gene-0.1-mRNA-1 8926442
.27 augustus_masked-168491003-processed-gene-0.1-mRNA-1 2949122
.18 augustus_masked-168491003-processed-gene-0.1-mRNA-1 3502329
.52 maker-168420509-snap-gene-0.31-mRNA-1 4002240
.49 maker-168453588-snap-gene-0.42-mRNA-1 8923449
.30 maker-168453588-snap-gene-0.42-mRNA-1 3020881
.26 maker-168343337-augustus-gene-0.30-mRNA-1 2629653
.35 maker-168343337-augustus-gene-0.30-mRNA-1 2629648
.23 maker-168276238-augustus-gene-0.52-mRNA-1 9058591
.14 maker-168276238-augustus-gene-0.52-mRNA-1 1953907
.14 maker-168071936-snap-gene-0.9-mRNA-1 2830641
.13 maker-168071936-snap-gene-0.9-mRNA-1 8937602
.10 maker-168071936-snap-gene-0.9-mRNA-1 3677527
.11 maker-168071936-snap-gene-0.9-mRNA-1 4503750
.02 maker-168071936-snap-gene-0.9-mRNA-1 3194652
.17 maker-168252374-augustus-gene-0.12-mRNA-1 8940089
.10 maker-168252374-augustus-gene-0.12-mRNA-1 8940090
.18 genemark-164836809-processed-gene-0.0-mRNA-1 8949860
.21 genemark-164836809-processed-gene-0.0-mRNA-1 3862059
.14 genemark-164836809-processed-gene-0.0-mRNA-1 7929754
.19 genemark-164836809-processed-gene-0.0-mRNA-1 5382804
.18 genemark-164836809-processed-gene-0.0-mRNA-1 6424627
.49 maker-168249329-snap-gene-0.17-mRNA-1 1191640
.26 maker-168249329-snap-gene-0.17-mRNA-1 8919388
.17 maker-168547765-snap-gene-0.102-mRNA-1 8918927
.52 maker-168547765-snap-gene-0.102-mRNA-1 9058558
.21 maker-168342416-augustus-gene-0.22-mRNA-1 8927113
.12 maker-168342416-augustus-gene-0.22-mRNA-1 8918222
.06 maker-168342416-augustus-gene-0.22-mRNA-1 8919594
.56 augustus_masked-163283201-processed-gene-0.0-mRNA-1 3221042
.28 augustus_masked-163283201-processed-gene-0.0-mRNA-1 2787945
.48 maker-168434980-snap-gene-0.39-mRNA-1 8931309
.17 maker-168434980-snap-gene-0.39-mRNA-1 3936835
.04 maker-168190218-snap-gene-0.73-mRNA-1 5636004
.13 maker-168538337-snap-gene-0.19-mRNA-1 5105239
.17 maker-168538337-snap-gene-0.19-mRNA-1 2355452
.17 maker-168306397-augustus-gene-0.29-mRNA-1 221709
.64 maker-168306397-augustus-gene-0.29-mRNA-1 9058572
.45 maker-168564862-augustus-gene-0.69-mRNA-1 8924927
.17 maker-168564862-augustus-gene-0.69-mRNA-1 866235
.99 augustus_masked-168325120-processed-gene-0.1-mRNA-1 9058640
.17 augustus_masked-164897006-processed-gene-0.0-mRNA-1 5585405
.31 augustus_masked-164897006-processed-gene-0.0-mRNA-1 9015018
.88 maker-168564101-snap-gene-0.37-mRNA-1 580568
.55 augustus_masked-168345183-processed-gene-0.0-mRNA-1 9058607
.16 augustus_masked-168345183-processed-gene-0.0-mRNA-1 8967261
.27 augustus_masked-168553446-processed-gene-0.10-mRNA-1 5922287
.69 augustus_masked-168553446-processed-gene-0.10-mRNA-1 2032283
.15 maker-168270009-augustus-gene-0.83-mRNA-1 8963452
.13 maker-168270009-augustus-gene-0.83-mRNA-1 3745353
.66 maker-168454316-snap-gene-0.79-mRNA-1 8920205
.12 maker-166188736-augustus-gene-0.3-mRNA-1 1708007
.22 maker-166188736-augustus-gene-0.3-mRNA-1 1322624
.63 snap_masked-168188010-processed-gene-0.40-mRNA-1 8947009
.39 maker-168399019-snap-gene-0.14-mRNA-1 8934505
.43 augustus_masked-163283633-processed-gene-0.0-mRNA-1 8931445
.18 augustus_masked-163283633-processed-gene-0.0-mRNA-1 2635113
.12 maker-168185398-snap-gene-0.15-mRNA-1 8931209
.06 maker-168185398-snap-gene-0.15-mRNA-1 8917496
.06 maker-168185398-snap-gene-0.15-mRNA-1 3016872
.06 maker-168185398-snap-gene-0.15-mRNA-1 8930932
.05 maker-168185398-snap-gene-0.15-mRNA-1 4643653
.31 augustus_masked-168419559-processed-gene-0.3-mRNA-1 2297451
.41 augustus_masked-168419559-processed-gene-0.3-mRNA-1 3327023
.24 augustus_masked-168575146-processed-gene-0.1-mRNA-1 8926426
.09 augustus_masked-168575146-processed-gene-0.1-mRNA-1 2695175
.25 genemark-168389789-processed-gene-0.5-mRNA-1 2606236
.50 genemark-168389789-processed-gene-0.5-mRNA-1 8922541
.14 maker-168478852-snap-gene-0.45-mRNA-1 1087220
.85 maker-168478852-snap-gene-0.45-mRNA-1 9058652
.41 genemark-168354813-processed-gene-0.2-mRNA-1 6493776
.18 maker-168574247-snap-gene-0.50-mRNA-1 7659551
.75 maker-168574247-snap-gene-0.50-mRNA-1 9058584
.34 augustus_masked-168570117-processed-gene-0.2-mRNA-1 5054555
.25 augustus_masked-168570117-processed-gene-0.2-mRNA-1 4156439
.99 maker-168182271-augustus-gene-0.55-mRNA-2 9058653
.60 snap_masked-168468239-processed-gene-0.11-mRNA-1 4368320
.39 snap_masked-168468239-processed-gene-0.11-mRNA-1 4145494
.54 augustus_masked-161478344-processed-gene-0.0-mRNA-1 2305130
.50 augustus_masked-161478344-processed-gene-0.0-mRNA-1 3584339
.40 augustus_masked-161478344-processed-gene-0.0-mRNA-1 3350559
.36 augustus_masked-161478344-processed-gene-0.0-mRNA-1 4108224
.37 augustus_masked-161478344-processed-gene-0.0-mRNA-1 4326039
.74 augustus_masked-168512964-processed-gene-0.17-mRNA-1 9058604
.17 augustus_masked-168512964-processed-gene-0.17-mRNA-1 8410756
.27 augustus_masked-168438295-processed-gene-0.1-mRNA-1 9058658
.06 augustus_masked-168438295-processed-gene-0.1-mRNA-1 9058658
.09 augustus_masked-168438295-processed-gene-0.1-mRNA-1 9058658
.32 maker-165519928-augustus-gene-0.4-mRNA-1 641296
.15 maker-165519928-augustus-gene-0.4-mRNA-1 1449145
.09 maker-168548836-augustus-gene-0.37-mRNA-1 8920900
.19 maker-168548836-augustus-gene-0.37-mRNA-1 1749145
.62 genemark-168253234-processed-gene-0.0-mRNA-1 3775050
.35 genemark-168253234-processed-gene-0.0-mRNA-1 1703444
.47 genemark-163100139-processed-gene-0.0-mRNA-1 1644835
.47 genemark-163100139-processed-gene-0.0-mRNA-1 5498036
.46 genemark-163100139-processed-gene-0.0-mRNA-1 9013339
.47 genemark-163100139-processed-gene-0.0-mRNA-1 7039125
.47 genemark-163100139-processed-gene-0.0-mRNA-1 1262376
.44 maker-168254111-augustus-gene-0.7-mRNA-1 8916773
.50 maker-168133153-augustus-gene-0.14-mRNA-1 9058633
.19 maker-168133153-augustus-gene-0.14-mRNA-1 619501
.33 augustus_masked-161636271-processed-gene-0.0-mRNA-1 8921948
.14 maker-168375088-augustus-gene-0.65-mRNA-1 966155
.13 maker-168375088-augustus-gene-0.65-mRNA-1 8931768
.22 genemark-168163205-processed-gene-0.1-mRNA-1 2713408
.23 maker-168356167-snap-gene-0.54-mRNA-1 8922524
.11 maker-168356167-snap-gene-0.54-mRNA-1 8916753
.19 maker-168417179-augustus-gene-0.47-mRNA-1 9058547
.80 maker-168417179-augustus-gene-0.47-mRNA-1 9058547
.22 maker-168563989-augustus-gene-0.79-mRNA-1 9024881
.24 maker-168563989-augustus-gene-0.79-mRNA-1 2006930
.15 maker-168563989-augustus-gene-0.79-mRNA-1 8922543
.53 maker-168577297-augustus-gene-0.25-mRNA-1 9058606
.61 snap_masked-168253461-processed-gene-0.28-mRNA-1 9058555
.47 augustus_masked-167970499-processed-gene-0.10-mRNA-1 4319449
.44 augustus_masked-167970499-processed-gene-0.10-mRNA-1 3680640
.38 augustus_masked-167970499-processed-gene-0.10-mRNA-1 3808627
.38 augustus_masked-167970499-processed-gene-0.10-mRNA-1 2549839
.34 augustus_masked-167970499-processed-gene-0.10-mRNA-1 1806156
.29 maker-168187899-snap-gene-0.76-mRNA-1 2460340
.28 maker-168187899-snap-gene-0.76-mRNA-1 8931760
.20 maker-167982428-augustus-gene-0.38-mRNA-1 8930708
.07 maker-167982428-augustus-gene-0.38-mRNA-1 2553168
.07 maker-167982428-augustus-gene-0.38-mRNA-1 2895376
.85 augustus_masked-168335786-processed-gene-1.2-mRNA-1 8917975
.08 augustus_masked-168335786-processed-gene-1.2-mRNA-1 6955519
.33 maker-168190719-snap-gene-0.24-mRNA-1 3078222
.29 snap_masked-168200367-processed-gene-0.6-mRNA-1 3145263
.49 snap_masked-168200367-processed-gene-0.6-mRNA-1 3145258
.27 augustus_masked-167723657-processed-gene-0.1-mRNA-1 2022357
.17 augustus_masked-167723657-processed-gene-0.1-mRNA-1 8929107
.17 augustus_masked-167723657-processed-gene-0.1-mRNA-1 1007793
.54 snap_masked-168541795-processed-gene-0.51-mRNA-1 8919650
.29 snap_masked-168541795-processed-gene-0.51-mRNA-1 8929529
.27 maker-168496631-augustus-gene-0.21-mRNA-1 8918807
.17 maker-168496631-augustus-gene-0.21-mRNA-1 8920781
.63 maker-168216332-augustus-gene-0.20-mRNA-1 8919869
.17 snap_masked-168577548-processed-gene-0.68-mRNA-1 2136055
.12 snap_masked-168577548-processed-gene-0.68-mRNA-1 2713408
.22 augustus_masked-168293681-processed-gene-0.1-mRNA-1 1158889
.17 augustus_masked-168293681-processed-gene-0.1-mRNA-1 262166
.13 augustus_masked-168293681-processed-gene-0.1-mRNA-1 7999648
.66 maker-168340917-snap-gene-0.57-mRNA-1 8922176
.43 snap_masked-166163391-processed-gene-0.2-mRNA-1 3997868
.48 snap_masked-166163391-processed-gene-0.2-mRNA-1 8941742
.42 snap_masked-166163391-processed-gene-0.2-mRNA-1 3058292
.25 snap_masked-166163391-processed-gene-0.2-mRNA-1 5181816
.39 snap_masked-166163391-processed-gene-0.2-mRNA-1 9046599
.09 maker-168222911-snap-gene-0.31-mRNA-1 8919853
.90 maker-168222911-snap-gene-0.31-mRNA-1 9058657
.73 maker-168518237-augustus-gene-0.46-mRNA-1 9058615
.51 maker-168533891-snap-gene-0.68-mRNA-1 772760
.21 maker-168533891-snap-gene-0.68-mRNA-1 8982020
.97 maker-168512853-snap-gene-1.110-mRNA-1 9058660
.46 augustus_masked-168577406-processed-gene-0.0-mRNA-1 2277216
.38 augustus_masked-168577406-processed-gene-0.0-mRNA-1 3966963
.32 augustus_masked-168577406-processed-gene-0.0-mRNA-1 3468198
.50 maker-168571853-augustus-gene-0.47-mRNA-1 8916840
.24 maker-168571853-augustus-gene-0.47-mRNA-1 6536126
.21 maker-168571853-augustus-gene-0.47-mRNA-1 3491133
.19 maker-168186092-augustus-gene-0.15-mRNA-1 9058581
.07 maker-168186092-augustus-gene-0.15-mRNA-1 4011011
.09 maker-168186092-augustus-gene-0.15-mRNA-1 8934085
.16 augustus_masked-168351675-processed-gene-0.6-mRNA-1 2144139
.16 augustus_masked-168351675-processed-gene-0.6-mRNA-1 2050803
.39 maker-165379355-snap-gene-0.4-mRNA-1 3605357
.24 maker-165379355-snap-gene-0.4-mRNA-1 9021837
.21 maker-165379355-snap-gene-0.4-mRNA-1 1849679
.99 maker-161878723-augustus-gene-0.3-mRNA-1 9058568
.62 maker-166623937-snap-gene-0.6-mRNA-1 9058534
.08 maker-166623937-snap-gene-0.6-mRNA-1 9029174
.35 maker-168183007-snap-gene-0.9-mRNA-1 4641138
.34 maker-167909062-snap-gene-0.14-mRNA-1 8933683
.09 maker-167909062-snap-gene-0.14-mRNA-1 2797648
.22 augustus_masked-162451180-processed-gene-0.0-mRNA-1 3659687
.23 augustus_masked-162451180-processed-gene-0.0-mRNA-1 2498943
.26 maker-168390734-snap-gene-0.11-mRNA-1 8918776
.28 maker-168390734-snap-gene-0.11-mRNA-1 761274
.24 snap_masked-168577494-processed-gene-0.54-mRNA-1 4915334
.47 snap_masked-168577494-processed-gene-0.54-mRNA-1 2247766
.32 genemark-165949157-processed-gene-0.0-mRNA-1 5740246
.26 genemark-165949157-processed-gene-0.0-mRNA-1 7044457
.96 maker-168186924-augustus-gene-0.20-mRNA-1 9058649
.29 augustus_masked-167808834-processed-gene-0.11-mRNA-1 8920803
.39 maker-162166592-snap-gene-0.3-mRNA-1 959460
.35 maker-162166592-snap-gene-0.3-mRNA-1 707187
.27 maker-162166592-snap-gene-0.3-mRNA-1 4664681
.28 maker-162166592-snap-gene-0.3-mRNA-1 2370432
.27 maker-162166592-snap-gene-0.3-mRNA-1 4246535
.22 maker-168189369-snap-gene-0.45-mRNA-1 4853294
.10 maker-168309056-augustus-gene-0.7-mRNA-1 8932176
.07 maker-168309056-augustus-gene-0.7-mRNA-1 2564541
.06 maker-168309056-augustus-gene-0.7-mRNA-1 2808133
.09 maker-168309056-augustus-gene-0.7-mRNA-1 2417961
.08 maker-168309056-augustus-gene-0.7-mRNA-1 3095891
.08 augustus_masked-168499806-processed-gene-0.1-mRNA-1 8930255
.64 augustus_masked-168499806-processed-gene-0.1-mRNA-1 9058629
.49 maker-168187617-augustus-gene-0.11-mRNA-1 9058571
.50 maker-168187617-augustus-gene-0.11-mRNA-1 9058571
.99 snap_masked-168272471-processed-gene-0.11-mRNA-1 1544188
.08 maker-168187695-augustus-gene-0.13-mRNA-1 1428671
.10 maker-168187695-augustus-gene-0.13-mRNA-1 2340671
.26 augustus_masked-168384112-processed-gene-0.12-mRNA-1 8944485
.27 augustus_masked-168384112-processed-gene-0.12-mRNA-1 236660
.21 augustus_masked-168384112-processed-gene-0.12-mRNA-1 8916749
.11 augustus_masked-168384112-processed-gene-0.12-mRNA-1 4761988
.45 maker-167337143-snap-gene-0.5-mRNA-1 9058540
.40 maker-167337143-snap-gene-0.5-mRNA-1 8919657
.65 augustus_masked-168509764-processed-gene-0.4-mRNA-1 8948603
.22 augustus_masked-168509764-processed-gene-0.4-mRNA-1 4800823
.14 augustus_masked-168551645-processed-gene-0.0-mRNA-1 3352160
.17 augustus_masked-168551645-processed-gene-0.0-mRNA-1 2128937
.60 snap_masked-168290023-processed-gene-0.28-mRNA-1 2527336
.17 snap_masked-168290023-processed-gene-0.28-mRNA-1 6132756
.32 maker-168421562-augustus-gene-0.54-mRNA-1 9058654
.26 maker-168421562-augustus-gene-0.54-mRNA-1 9058654
.37 maker-166066774-augustus-gene-0.3-mRNA-1 8917148
.30 maker-166066774-augustus-gene-0.3-mRNA-1 1959105
.36 maker-168522089-augustus-gene-0.69-mRNA-1 8960964
.40 maker-168274859-augustus-gene-0.43-mRNA-1 4386751
.35 maker-168274859-augustus-gene-0.43-mRNA-1 262234
.21 maker-168274859-augustus-gene-0.43-mRNA-1 8918319
.16 maker-168274859-augustus-gene-0.43-mRNA-1 8328398
.41 maker-168183903-snap-gene-0.17-mRNA-1 2093796
.24 maker-168183903-snap-gene-0.17-mRNA-1 8929983
.24 maker-168216465-augustus-gene-0.8-mRNA-1 3767558
.39 maker-168216465-augustus-gene-0.8-mRNA-1 8917986
.29 maker-168413369-snap-gene-0.9-mRNA-1 8917413
.18 maker-168185718-snap-gene-0.58-mRNA-1 2131951
.12 maker-168185718-snap-gene-0.58-mRNA-1 9058588
.08 maker-168185718-snap-gene-0.58-mRNA-1 1230523
.06 maker-168185718-snap-gene-0.58-mRNA-1 862828
.04 maker-168185718-snap-gene-0.58-mRNA-1 431905
.66 maker-168378863-augustus-gene-0.65-mRNA-1 8919781
.45 augustus_masked-168407284-processed-gene-0.9-mRNA-1 2619414
.20 augustus_masked-168407284-processed-gene-0.9-mRNA-1 4803064
.41 maker-168270376-snap-gene-0.71-mRNA-1 4415404
.30 maker-168270376-snap-gene-0.71-mRNA-1 4415405
.02 augustus_masked-168283923-processed-gene-1.4-mRNA-1 5034528
.12 maker-168474110-snap-gene-1.113-mRNA-1 3548503
.33 maker-168459469-snap-gene-0.101-mRNA-1 1942082
.12 maker-168459469-snap-gene-0.101-mRNA-1 2049487
.30 maker-167800427-snap-gene-0.27-mRNA-1 5665809
.21 maker-167800427-snap-gene-0.27-mRNA-1 4072837
.89 maker-167831340-augustus-gene-0.16-mRNA-1 9058583
.16 snap_masked-167961773-processed-gene-0.8-mRNA-1 3467796
.18 snap_masked-167961773-processed-gene-0.8-mRNA-1 8921110
.68 maker-167846079-snap-gene-0.13-mRNA-1 8929826
.26 maker-168356447-snap-gene-0.143-mRNA-1 8954686
.19 maker-168356447-snap-gene-0.143-mRNA-1 3123939
.58 maker-168343367-augustus-gene-0.110-mRNA-1 9058644
.82 maker-168572379-augustus-gene-0.52-mRNA-1 8925221
.17 augustus_masked-168154421-processed-gene-0.2-mRNA-1 8799636
.28 snap_masked-167885230-processed-gene-0.42-mRNA-1 2590652
.25 snap_masked-167885230-processed-gene-0.42-mRNA-1 2106085
.64 maker-168509181-augustus-gene-0.105-mRNA-1 9058569
.25 maker-168509181-augustus-gene-0.105-mRNA-1 1757259
.63 maker-168188549-snap-gene-0.40-mRNA-1 9058557
.10 maker-168188549-snap-gene-0.40-mRNA-1 4814894
.80 maker-168415510-snap-gene-0.125-mRNA-1 8919996
.61 maker-168237148-augustus-gene-0.12-mRNA-1 9058602
.17 maker-168237148-augustus-gene-0.12-mRNA-1 1383699
.89 maker-168478574-snap-gene-0.24-mRNA-1 9058574
.18 augustus_masked-168557469-processed-gene-0.2-mRNA-1 4111903
.16 augustus_masked-168557469-processed-gene-0.2-mRNA-1 797636
.16 augustus_masked-168557469-processed-gene-0.2-mRNA-1 3548649
.15 maker-168461125-augustus-gene-0.12-mRNA-1 720616
.15 maker-168461125-augustus-gene-0.12-mRNA-1 8916695
.46 maker-168573168-augustus-gene-0.36-mRNA-1 8917032
.29 maker-168573168-augustus-gene-0.36-mRNA-1 1116132
.26 augustus_masked-168349276-processed-gene-0.3-mRNA-1 1349998
.29 augustus_masked-168349276-processed-gene-0.3-mRNA-1 3196588
.13 augustus_masked-168349276-processed-gene-0.3-mRNA-1 8934952
.76 maker-168546643-augustus-gene-0.15-mRNA-1 9058563
.10 maker-168546643-augustus-gene-0.15-mRNA-1 8932440
.26 snap_masked-168452979-processed-gene-0.4-mRNA-1 8935693
.22 snap_masked-168452979-processed-gene-0.4-mRNA-1 3103531
.21 snap_masked-168452979-processed-gene-0.4-mRNA-1 2050673
.39 maker-168287516-augustus-gene-0.51-mRNA-1 4597633
.25 maker-168287516-augustus-gene-0.51-mRNA-1 8928631
.21 genemark-168266039-processed-gene-0.11-mRNA-1 3919843
.30 genemark-168266039-processed-gene-0.11-mRNA-1 2840678
.21 genemark-168266039-processed-gene-0.11-mRNA-1 5322262
.18 genemark-168266039-processed-gene-0.11-mRNA-1 2969608
.19 genemark-168266039-processed-gene-0.11-mRNA-1 4137378
.29 augustus_masked-168574555-processed-gene-0.3-mRNA-1 2482839
.33 augustus_masked-168574555-processed-gene-0.3-mRNA-1 3694223
.32 maker-168561839-snap-gene-0.104-mRNA-1 1941915
.14 maker-168561839-snap-gene-0.104-mRNA-1 1323335
.17 maker-168570159-snap-gene-0.69-mRNA-1 8953660
.42 maker-168577267-snap-gene-0.43-mRNA-1 9058529
.12 maker-168577267-snap-gene-0.43-mRNA-1 3951665
.25 maker-168568355-snap-gene-0.44-mRNA-1 9058526
.49 genemark-167929864-processed-gene-0.7-mRNA-1 2876527
.27 genemark-167929864-processed-gene-0.7-mRNA-1 2876517
.18 maker-168544337-snap-gene-0.64-mRNA-1 1339448
.09 snap_masked-168571476-processed-gene-0.14-mRNA-1 2505302
.80 snap_masked-168571476-processed-gene-0.14-mRNA-1 9058623
.35 maker-168198886-augustus-gene-0.9-mRNA-1 8987410
.21 maker-168198886-augustus-gene-0.9-mRNA-1 8921642
.17 maker-168198886-augustus-gene-0.9-mRNA-1 9025151
.13 maker-168198886-augustus-gene-0.9-mRNA-1 4760630
.14 maker-168198886-augustus-gene-0.9-mRNA-1 9052923
.14 maker-163851664-snap-gene-0.3-mRNA-1 3027941
.21 maker-163851664-snap-gene-0.3-mRNA-1 338492
.29 maker-167824498-snap-gene-0.12-mRNA-1 3285794
.19 maker-167824498-snap-gene-0.12-mRNA-1 8935812
.33 maker-168377914-augustus-gene-0.7-mRNA-1 4993186
.14 augustus_masked-168486697-processed-gene-0.0-mRNA-1 8945405
.06 augustus_masked-168486697-processed-gene-0.0-mRNA-1 810201
.12 maker-168239819-augustus-gene-0.16-mRNA-1 8932627
.07 maker-168239819-augustus-gene-0.16-mRNA-1 8917038
.24 maker-168280189-augustus-gene-0.27-mRNA-1 9058655
.25 maker-168280189-augustus-gene-0.27-mRNA-1 9058655
.22 augustus_masked-168344185-processed-gene-0.7-mRNA-1 8920775
.26 augustus_masked-168344185-processed-gene-0.7-mRNA-1 2220536
.13 augustus_masked-168344185-processed-gene-0.7-mRNA-1 8921110
.15 augustus_masked-168344185-processed-gene-0.7-mRNA-1 7304453
.52 genemark-162472283-processed-gene-0.0-mRNA-1 2833959
.47 genemark-162472283-processed-gene-0.0-mRNA-1 1643632
.38 genemark-162472283-processed-gene-0.0-mRNA-1 6710429
.35 genemark-162472283-processed-gene-0.0-mRNA-1 932165
.31 genemark-162472283-processed-gene-0.0-mRNA-1 6055200
.19 maker-168371039-augustus-gene-3.86-mRNA-1 8945582
.18 maker-168371039-augustus-gene-3.86-mRNA-1 8927740
.32 augustus_masked-167957935-processed-gene-0.2-mRNA-1 5083072
.16 augustus_masked-167957935-processed-gene-0.2-mRNA-1 7230948
.41 augustus_masked-167957935-processed-gene-0.2-mRNA-1 4900176
.24 augustus_masked-168332106-processed-gene-0.16-mRNA-1 4719348
.23 genemark-168462333-processed-gene-0.1-mRNA-1 2911845
.76 genemark-168462333-processed-gene-0.1-mRNA-1 1703444
.12 maker-168464573-snap-gene-0.106-mRNA-1 8951731
.08 maker-168464573-snap-gene-0.106-mRNA-1 1879846
.56 snap_masked-167810776-processed-gene-0.4-mRNA-1 4192267
.18 snap_masked-167810776-processed-gene-0.4-mRNA-1 2417178
.15 snap_masked-167810776-processed-gene-0.4-mRNA-1 3526410
.48 maker-166473144-augustus-gene-0.4-mRNA-1 9058625
.11 maker-166473144-augustus-gene-0.4-mRNA-1 2913816
.19 maker-168185999-snap-gene-0.65-mRNA-1 780801
.32 genemark-168502275-processed-gene-0.3-mRNA-1 8920504
.16 genemark-168502275-processed-gene-0.3-mRNA-1 1158889
.16 genemark-168502275-processed-gene-0.3-mRNA-1 8916744
.31 augustus_masked-168249694-processed-gene-0.8-mRNA-1 8919922
.22 snap_masked-168576936-processed-gene-0.23-mRNA-1 8926455
.21 snap_masked-168576936-processed-gene-0.23-mRNA-1 2133602
.34 snap_masked-168191443-processed-gene-0.108-mRNA-1 3726069
.16 snap_masked-164657658-processed-gene-0.2-mRNA-1 1622401
.19 snap_masked-164657658-processed-gene-0.2-mRNA-1 2115644
.25 maker-168446659-augustus-gene-0.43-mRNA-1 2728585
.14 maker-168446659-augustus-gene-0.43-mRNA-1 1956068
.45 snap_masked-168558995-processed-gene-0.34-mRNA-1 9058619
.35 snap_masked-168558995-processed-gene-0.34-mRNA-1 8928817
.02 snap_masked-168558995-processed-gene-0.34-mRNA-1 2786987
.35 maker-168425532-augustus-gene-0.9-mRNA-1 5852234
.16 genemark-168004103-processed-gene-0.4-mRNA-1 2585610
.55 genemark-168004103-processed-gene-0.4-mRNA-1 9058582
.45 maker-167829893-augustus-gene-0.9-mRNA-2 1113968
.29 maker-167829893-augustus-gene-0.9-mRNA-2 8919009
.14 maker-168573129-snap-gene-0.45-mRNA-1 2066661
.18 maker-168573129-snap-gene-0.45-mRNA-1 2066658
.18 maker-168476769-augustus-gene-0.30-mRNA-2 9058605
.04 maker-168476769-augustus-gene-0.30-mRNA-2 6206552
.34 augustus_masked-168368744-processed-gene-0.2-mRNA-1 3519541
.42 augustus_masked-168368744-processed-gene-0.2-mRNA-1 3519550
.85 maker-168506093-snap-gene-0.88-mRNA-1 9058549
.41 maker-168496739-snap-gene-0.97-mRNA-1 8920241
.19 genemark-168499576-processed-gene-0.21-mRNA-1 8972013
.36 genemark-168499576-processed-gene-0.21-mRNA-1 3024052
