.45 maker-168521667-augustus-gene-0.65-mRNA-2 5795467
.06 maker-168556614-augustus-gene-0.47-mRNA-1 5770035
.02 maker-168556614-augustus-gene-0.47-mRNA-1 2513548
.03 maker-168556614-augustus-gene-0.47-mRNA-1 3237423
.02 maker-168556614-augustus-gene-0.47-mRNA-1 5300824
.02 maker-168556614-augustus-gene-0.47-mRNA-1 4017788
.77 maker-167840128-augustus-gene-0.32-mRNA-1 5795555
.58 maker-168525957-snap-gene-0.61-mRNA-1 5795572
.28 maker-168525957-snap-gene-0.61-mRNA-1 5707891
.63 maker-167830936-snap-gene-0.8-mRNA-1 5705906
.21 maker-168270941-snap-gene-0.14-mRNA-1 5706979
.64 maker-168270941-snap-gene-0.14-mRNA-1 5795426
.32 maker-168388477-augustus-gene-0.34-mRNA-2 5701514
.22 genemark-168214763-processed-gene-0.64-mRNA-1 5698980
.18 genemark-168214763-processed-gene-0.64-mRNA-1 810092
.47 augustus_masked-168058543-processed-gene-0.7-mRNA-1 3125437
.33 augustus_masked-168058543-processed-gene-0.7-mRNA-1 2450753
.57 augustus_masked-161301799-processed-gene-0.0-mRNA-1 5702033
.19 augustus_masked-161301799-processed-gene-0.0-mRNA-1 5306647
.58 augustus_masked-168573710-processed-gene-0.4-mRNA-1 5795383
.27 augustus_masked-168573710-processed-gene-0.4-mRNA-1 5713703
.36 maker-168553843-snap-gene-0.40-mRNA-1 1723846
.34 maker-168553843-snap-gene-0.40-mRNA-1 652136
.83 maker-166423303-augustus-gene-0.3-mRNA-1 5795559
.11 maker-166423303-augustus-gene-0.3-mRNA-1 5715058
.37 maker-168548120-snap-gene-0.56-mRNA-1 5702561
.18 maker-168548120-snap-gene-0.56-mRNA-1 5709618
.29 maker-168187167-snap-gene-0.30-mRNA-1 2821199
.89 maker-168496245-snap-gene-0.147-mRNA-1 5701686
.53 maker-168535003-augustus-gene-0.48-mRNA-1 5795441
.64 maker-168199538-snap-gene-0.31-mRNA-1 5795425
.21 maker-168199538-snap-gene-0.31-mRNA-1 1822039
.17 augustus_masked-168071073-processed-gene-0.1-mRNA-1 866337
.26 genemark-167990381-processed-gene-0.15-mRNA-1 5713495
.21 genemark-167990381-processed-gene-0.15-mRNA-1 5704234
.08 genemark-167990381-processed-gene-0.15-mRNA-1 1090573
.14 genemark-167990381-processed-gene-0.15-mRNA-1 5719249
.12 genemark-167990381-processed-gene-0.15-mRNA-1 5704595
.49 maker-168464597-augustus-gene-0.9-mRNA-1 1281854
.27 maker-168464597-augustus-gene-0.9-mRNA-1 1254964
.15 maker-168464597-augustus-gene-0.9-mRNA-1 903391
.46 genemark-168196846-processed-gene-0.7-mRNA-1 902384
.09 genemark-168196846-processed-gene-0.7-mRNA-1 5709127
.40 augustus_masked-168287944-processed-gene-0.2-mRNA-1 1756801
.31 augustus_masked-168287944-processed-gene-0.2-mRNA-1 3328162
.31 augustus_masked-168287944-processed-gene-0.2-mRNA-1 4518946
.29 augustus_masked-168287944-processed-gene-0.2-mRNA-1 106643
.29 augustus_masked-168287944-processed-gene-0.2-mRNA-1 3313348
.26 maker-168183159-augustus-gene-0.11-mRNA-1 2161197
.10 maker-168183159-augustus-gene-0.11-mRNA-1 5699924
.52 augustus_masked-166201476-processed-gene-0.1-mRNA-1 5700244
.25 augustus_masked-166201476-processed-gene-0.1-mRNA-1 5703827
.28 snap_masked-168574054-processed-gene-0.45-mRNA-1 1590637
.43 snap_masked-168574054-processed-gene-0.45-mRNA-1 2418542
.18 maker-162124767-snap-gene-0.4-mRNA-1 1450095
.24 maker-162124767-snap-gene-0.4-mRNA-1 1217974
.76 maker-168187152-augustus-gene-0.17-mRNA-1 5795540
.09 maker-168187152-augustus-gene-0.17-mRNA-1 3094163
.24 maker-168577392-snap-gene-4.100-mRNA-1 5757969
.07 maker-168577392-snap-gene-4.100-mRNA-1 5795468
.21 snap_masked-167933582-processed-gene-0.10-mRNA-1 1265337
.94 maker-168206436-snap-gene-0.59-mRNA-1 5795590
.12 genemark-167794540-processed-gene-0.10-mRNA-1 5719485
.27 snap_masked-168282189-processed-gene-0.11-mRNA-1 1331595
.48 augustus_masked-168563766-processed-gene-0.7-mRNA-1 3969958
.33 augustus_masked-168563766-processed-gene-0.7-mRNA-1 2098861
.21 augustus_masked-168563766-processed-gene-0.7-mRNA-1 4875830
.18 augustus_masked-168563766-processed-gene-0.7-mRNA-1 4007971
.43 augustus_masked-168529183-processed-gene-0.3-mRNA-1 5703111
.27 augustus_masked-168529183-processed-gene-0.3-mRNA-1 5720349
.09 snap_masked-168182662-processed-gene-0.28-mRNA-1 3193962
.59 maker-166998445-snap-gene-0.3-mRNA-1 1554208
.05 maker-166998445-snap-gene-0.3-mRNA-1 4269070
.44 maker-168183397-snap-gene-0.31-mRNA-1 5700994
.02 maker-168183397-snap-gene-0.31-mRNA-1 5700594
.52 snap_masked-161377304-processed-gene-0.1-mRNA-1 1508628
.31 snap_masked-161377304-processed-gene-0.1-mRNA-1 4680451
.59 maker-168458029-augustus-gene-0.24-mRNA-1 5699584
.17 maker-168458029-augustus-gene-0.24-mRNA-1 1646610
.85 snap_masked-168459891-processed-gene-0.14-mRNA-1 5795448
.46 snap_masked-168548256-processed-gene-0.84-mRNA-1 2440006
.14 snap_masked-168548256-processed-gene-0.84-mRNA-1 825977
.08 maker-168562125-augustus-gene-0.78-mRNA-1 5710221
.08 maker-168562125-augustus-gene-0.78-mRNA-1 787039
.04 maker-168562125-augustus-gene-0.78-mRNA-1 2714776
.01 maker-168562125-augustus-gene-0.78-mRNA-1 3254751
.62 snap_masked-168577574-processed-gene-0.37-mRNA-1 1228471
.18 maker-168576949-augustus-gene-0.19-mRNA-1 5710252
.81 maker-168576949-augustus-gene-0.19-mRNA-1 5795389
.90 maker-168188933-augustus-gene-0.20-mRNA-1 5795581
.21 maker-168577412-augustus-gene-0.44-mRNA-1 1391266
.77 maker-168577412-augustus-gene-0.44-mRNA-1 5702438
.25 snap_masked-168254379-processed-gene-0.5-mRNA-1 5715556
.33 snap_masked-168254379-processed-gene-0.5-mRNA-1 5708899
.26 maker-168552379-augustus-gene-0.69-mRNA-1 5708203
.15 maker-168552379-augustus-gene-0.69-mRNA-1 5705896
.25 genemark-168577394-processed-gene-1.18-mRNA-1 1783135
.16 genemark-168577394-processed-gene-1.18-mRNA-1 5715414
.08 maker-168187700-augustus-gene-0.23-mRNA-1 756143
.09 maker-168187700-augustus-gene-0.23-mRNA-1 448742
.17 snap_masked-168575466-processed-gene-0.52-mRNA-1 5701433
.16 snap_masked-168575466-processed-gene-0.52-mRNA-1 2021562
.02 snap_masked-168575466-processed-gene-0.52-mRNA-1 1263710
.23 snap_masked-168424130-processed-gene-0.5-mRNA-1 573550
.20 snap_masked-168424130-processed-gene-0.5-mRNA-1 1108802
.67 snap_masked-165415670-processed-gene-0.2-mRNA-1 949291
.52 snap_masked-165415670-processed-gene-0.2-mRNA-1 3962000
.48 maker-164177018-snap-gene-0.4-mRNA-1 5707289
.65 maker-168436901-snap-gene-0.37-mRNA-1 5795472
.04 maker-168436901-snap-gene-0.37-mRNA-1 2378171
.04 maker-168436901-snap-gene-0.37-mRNA-1 1608888
.61 augustus_masked-167908447-processed-gene-0.3-mRNA-1 5795541
.73 augustus_masked-168289552-processed-gene-0.8-mRNA-1 5795414
.06 augustus_masked-168289552-processed-gene-0.8-mRNA-1 1278490
.40 maker-168185065-snap-gene-0.20-mRNA-2 5698968
.35 maker-168185065-snap-gene-0.20-mRNA-2 5700481
.33 augustus_masked-166184842-processed-gene-0.0-mRNA-1 883759
.20 augustus_masked-166184842-processed-gene-0.0-mRNA-1 2471246
.16 maker-168197523-snap-gene-0.123-mRNA-1 3055943
.82 maker-168197523-snap-gene-0.123-mRNA-1 5704452
.33 snap_masked-165516976-processed-gene-0.2-mRNA-1 4041483
.33 maker-167895530-augustus-gene-0.8-mRNA-1 5701547
.24 maker-167895530-augustus-gene-0.8-mRNA-1 5707102
.20 maker-167895530-augustus-gene-0.8-mRNA-1 5699594
.06 maker-167895530-augustus-gene-0.8-mRNA-1 1025149
.06 maker-167895530-augustus-gene-0.8-mRNA-1 1254356
.41 maker-168187317-snap-gene-0.20-mRNA-1 5705246
.15 maker-168187317-snap-gene-0.20-mRNA-1 5715735
.09 maker-168187317-snap-gene-0.20-mRNA-1 1320454
.31 genemark-168414784-processed-gene-0.4-mRNA-1 5086248
.18 genemark-168414784-processed-gene-0.4-mRNA-1 4818367
.18 genemark-168414784-processed-gene-0.4-mRNA-1 2385297
.17 genemark-168414784-processed-gene-0.4-mRNA-1 5780362
.19 genemark-168414784-processed-gene-0.4-mRNA-1 1517557
.24 maker-168399913-augustus-gene-0.25-mRNA-2 5699996
.15 maker-168399913-augustus-gene-0.25-mRNA-2 5795539
.21 maker-168527758-augustus-gene-0.6-mRNA-2 5795556
.09 maker-168527758-augustus-gene-0.6-mRNA-2 765105
.02 maker-168527758-augustus-gene-0.6-mRNA-2 5701803
.61 maker-166218110-augustus-gene-0.5-mRNA-1 5703397
.28 maker-166218110-augustus-gene-0.5-mRNA-1 5705654
.23 maker-163696862-augustus-gene-0.4-mRNA-1 5713074
.15 maker-163696862-augustus-gene-0.4-mRNA-1 5710280
.41 augustus_masked-168147806-processed-gene-0.1-mRNA-1 5731216
.22 augustus_masked-168147806-processed-gene-0.1-mRNA-1 5704901
.14 genemark-167028408-processed-gene-0.3-mRNA-1 5699027
.58 maker-168133153-augustus-gene-0.15-mRNA-1 5795591
.15 maker-168133153-augustus-gene-0.15-mRNA-1 5795591
.75 augustus_masked-168565654-processed-gene-0.9-mRNA-1 5714234
.10 augustus_masked-168565654-processed-gene-0.9-mRNA-1 2031161
.29 augustus_masked-168100650-processed-gene-0.0-mRNA-1 5716510
.57 maker-168351002-snap-gene-0.31-mRNA-1 5795380
.05 maker-167898087-snap-gene-0.12-mRNA-1 3995243
.62 maker-167898087-snap-gene-0.12-mRNA-1 5703129
.99 augustus_masked-162771038-processed-gene-0.0-mRNA-1 5702922
.37 augustus_masked-166177898-processed-gene-0.0-mRNA-1 5752677
.22 augustus_masked-166177898-processed-gene-0.0-mRNA-1 3142127
.38 maker-168561547-augustus-gene-0.16-mRNA-1 5795570
.32 maker-168561547-augustus-gene-0.16-mRNA-1 5795570
.31 genemark-167965899-processed-gene-0.9-mRNA-1 453067
.27 genemark-167965899-processed-gene-0.9-mRNA-1 5700167
.79 maker-168566919-snap-gene-0.60-mRNA-2 5795402
.10 maker-168566919-snap-gene-0.60-mRNA-2 3178375
.75 snap_masked-168490618-processed-gene-0.114-mRNA-1 5701912
.65 maker-168368083-augustus-gene-0.11-mRNA-1 5795518
.24 maker-168368083-augustus-gene-0.11-mRNA-1 5704951
.12 maker-168337997-augustus-gene-0.95-mRNA-1 955566
.11 maker-168337997-augustus-gene-0.95-mRNA-1 5702322
.71 maker-167930301-augustus-gene-0.14-mRNA-1 5795447
.72 augustus_masked-168442142-processed-gene-0.4-mRNA-1 5795515
.59 maker-168218385-augustus-gene-0.32-mRNA-1 5795452
.06 maker-168185510-augustus-gene-0.15-mRNA-1 1445376
.68 maker-168185510-augustus-gene-0.15-mRNA-1 5795537
.31 maker-167851741-augustus-gene-0.53-mRNA-1 5795507
.08 maker-167851741-augustus-gene-0.53-mRNA-1 5712348
.24 maker-167912809-snap-gene-0.5-mRNA-1 5751810
.18 maker-167912809-snap-gene-0.5-mRNA-1 5748474
.19 maker-167912809-snap-gene-0.5-mRNA-1 2617392
.63 genemark-168205021-processed-gene-0.14-mRNA-1 5795513
.34 genemark-168205021-processed-gene-0.14-mRNA-1 5710022
.53 maker-163647323-snap-gene-0.4-mRNA-1 5699272
.11 maker-163647323-snap-gene-0.4-mRNA-1 2348806
.56 maker-168551162-augustus-gene-0.47-mRNA-1 5795474
.15 maker-168551162-augustus-gene-0.47-mRNA-1 1633869
.63 maker-168211947-augustus-gene-0.64-mRNA-1 5795530
.32 maker-168511677-snap-gene-0.37-mRNA-1 3497184
.22 maker-168511677-snap-gene-0.37-mRNA-1 4307467
.32 maker-168313030-snap-gene-0.74-mRNA-1 5706362
.19 maker-168313030-snap-gene-0.74-mRNA-1 5708584
.42 genemark-168568171-processed-gene-0.11-mRNA-1 1173369
.44 maker-167914997-augustus-gene-0.55-mRNA-1 853016
.47 maker-167914997-augustus-gene-0.55-mRNA-1 3025916
.57 augustus_masked-164474428-processed-gene-0.0-mRNA-1 2215504
.63 augustus_masked-164474428-processed-gene-0.0-mRNA-1 1022926
.52 augustus_masked-164474428-processed-gene-0.0-mRNA-1 2261185
.49 augustus_masked-164474428-processed-gene-0.0-mRNA-1 1829767
.43 augustus_masked-164474428-processed-gene-0.0-mRNA-1 2629949
.81 snap_masked-166254506-processed-gene-0.3-mRNA-1 5795531
.04 snap_masked-166254506-processed-gene-0.3-mRNA-1 93542
.45 maker-168008185-augustus-gene-0.35-mRNA-1 5701436
.78 maker-164748642-augustus-gene-0.4-mRNA-1 5702058
.47 maker-168565287-augustus-gene-0.43-mRNA-1 5795457
.53 maker-168183079-snap-gene-0.35-mRNA-1 5795451
.22 maker-168183079-snap-gene-0.35-mRNA-1 5715497
.99 maker-168512008-snap-gene-0.134-mRNA-2 5795592
.37 genemark-168437394-processed-gene-0.26-mRNA-1 3485272
.30 genemark-168437394-processed-gene-0.26-mRNA-1 1166602
.14 maker-168510789-augustus-gene-0.39-mRNA-1 5700861
.17 maker-168510789-augustus-gene-0.39-mRNA-1 5699636
.22 maker-168489523-augustus-gene-0.107-mRNA-1 5699305
.45 maker-168489523-augustus-gene-0.107-mRNA-1 5704634
.42 maker-163967872-augustus-gene-0.3-mRNA-1 5707063
.19 maker-163967872-augustus-gene-0.3-mRNA-1 788312
.17 maker-163967872-augustus-gene-0.3-mRNA-1 2376927
.15 maker-163967872-augustus-gene-0.3-mRNA-1 3431145
.29 genemark-168023225-processed-gene-0.38-mRNA-1 2267942
.66 genemark-168023225-processed-gene-0.38-mRNA-1 583972
.41 maker-168490618-augustus-gene-0.134-mRNA-1 5711925
.53 genemark-166972323-processed-gene-0.1-mRNA-1 4415559
.11 genemark-166972323-processed-gene-0.1-mRNA-1 2236885
.11 genemark-166972323-processed-gene-0.1-mRNA-1 3851203
.11 genemark-166972323-processed-gene-0.1-mRNA-1 3879115
.11 genemark-166972323-processed-gene-0.1-mRNA-1 3879117
.48 augustus_masked-168239374-processed-gene-0.2-mRNA-1 816484
.79 maker-168110384-augustus-gene-0.23-mRNA-1 5795578
.19 maker-168488328-augustus-gene-0.40-mRNA-1 5705399
.62 augustus_masked-166962411-processed-gene-0.0-mRNA-1 5699814
.37 augustus_masked-166962411-processed-gene-0.0-mRNA-1 977997
.61 maker-166906437-snap-gene-0.5-mRNA-1 5706254
.20 maker-168428936-augustus-gene-0.14-mRNA-3 2701971
.28 maker-168428936-augustus-gene-0.14-mRNA-3 5707314
.59 maker-168288566-augustus-gene-0.98-mRNA-1 165454
.50 maker-162349542-snap-gene-0.4-mRNA-1 5795510
.52 maker-167970306-snap-gene-0.16-mRNA-2 1484294
.17 maker-167970306-snap-gene-0.16-mRNA-2 2088395
.24 maker-168428894-augustus-gene-0.29-mRNA-1 5698835
.17 maker-168428894-augustus-gene-0.29-mRNA-1 15431
.53 maker-168377243-augustus-gene-0.49-mRNA-1 1827778
.15 maker-168377243-augustus-gene-0.49-mRNA-1 5769088
.28 maker-168544897-snap-gene-0.6-mRNA-1 5709554
.14 maker-168544897-snap-gene-0.6-mRNA-1 5713352
.07 maker-168544897-snap-gene-0.6-mRNA-1 2009695
.84 maker-168554750-augustus-gene-0.35-mRNA-1 5795495
.06 maker-168554750-augustus-gene-0.35-mRNA-1 4446376
.49 augustus_masked-168561915-processed-gene-0.0-mRNA-1 4527190
.15 augustus_masked-168264574-processed-gene-0.5-mRNA-1 5795543
.09 augustus_masked-168264574-processed-gene-0.5-mRNA-1 5795543
.02 maker-168414024-augustus-gene-1.144-mRNA-1 5791717
.08 maker-168414024-augustus-gene-1.144-mRNA-1 1522619
.29 augustus_masked-168539156-processed-gene-0.0-mRNA-1 5704872
.59 augustus_masked-168558698-processed-gene-0.0-mRNA-1 5707331
.04 augustus_masked-168479045-processed-gene-0.6-mRNA-1 5712038
.02 augustus_masked-168479045-processed-gene-0.6-mRNA-1 1644874
.02 augustus_masked-168479045-processed-gene-0.6-mRNA-1 3319566
.01 augustus_masked-168479045-processed-gene-0.6-mRNA-1 257463
.01 augustus_masked-168479045-processed-gene-0.6-mRNA-1 1934517
.35 maker-168318025-snap-gene-0.26-mRNA-2 5699344
.54 maker-168318025-snap-gene-0.26-mRNA-2 5795490
.86 augustus_masked-168572888-processed-gene-1.47-mRNA-1 5718555
.40 maker-168346191-augustus-gene-0.38-mRNA-1 5707002
.15 maker-168346191-augustus-gene-0.38-mRNA-1 1375797
.45 maker-166312652-augustus-gene-0.1-mRNA-1 5643047
.41 maker-166312652-augustus-gene-0.1-mRNA-1 5730189
.41 maker-166312652-augustus-gene-0.1-mRNA-1 4343809
.37 maker-166312652-augustus-gene-0.1-mRNA-1 278971
.34 maker-166312652-augustus-gene-0.1-mRNA-1 1486450
.11 snap_masked-168446362-processed-gene-0.11-mRNA-1 2299975
.60 snap_masked-168446362-processed-gene-0.11-mRNA-1 5699622
.64 maker-168197399-snap-gene-0.23-mRNA-1 5702792
.19 maker-168197399-snap-gene-0.23-mRNA-1 2013243
.27 maker-168312706-augustus-gene-0.56-mRNA-1 1710790
.34 maker-168312706-augustus-gene-0.56-mRNA-1 5701820
.37 snap_masked-158521743-processed-gene-0.2-mRNA-1 526822
.29 snap_masked-158521743-processed-gene-0.2-mRNA-1 2279504
.52 snap_masked-165362021-processed-gene-0.1-mRNA-1 3211751
.45 snap_masked-165362021-processed-gene-0.1-mRNA-1 5594749
.32 snap_masked-165362021-processed-gene-0.1-mRNA-1 2264391
.50 maker-168183912-snap-gene-0.11-mRNA-1 5795460
.49 maker-168183912-snap-gene-0.11-mRNA-1 5795460
.23 genemark-168548835-processed-gene-0.27-mRNA-1 1695896
.60 maker-168196710-augustus-gene-0.96-mRNA-1 5795586
.13 maker-168196710-augustus-gene-0.96-mRNA-1 5795586
.17 maker-168191276-snap-gene-0.84-mRNA-1 3369377
.13 maker-168191276-snap-gene-0.84-mRNA-1 1561929
.79 maker-168494274-snap-gene-0.25-mRNA-1 419970
.06 maker-168494274-snap-gene-0.25-mRNA-1 660961
.18 maker-164713870-snap-gene-0.4-mRNA-1 5711021
.68 maker-168505674-augustus-gene-0.4-mRNA-1 5700104
.16 maker-168505674-augustus-gene-0.4-mRNA-1 2312170
.37 maker-168396045-augustus-gene-0.19-mRNA-1 5795506
.23 maker-168396045-augustus-gene-0.19-mRNA-1 1679370
.16 maker-168396045-augustus-gene-0.19-mRNA-1 5702500
0 maker-168567524-snap-gene-0.93-mRNA-1 5700175
.12 maker-168417518-augustus-gene-0.27-mRNA-1 5704390
.08 maker-168417518-augustus-gene-0.27-mRNA-1 1465691
.06 maker-168417518-augustus-gene-0.27-mRNA-1 5718018
.05 maker-168417518-augustus-gene-0.27-mRNA-1 3831044
.05 maker-168417518-augustus-gene-0.27-mRNA-1 1099122
.87 snap_masked-162053948-processed-gene-0.3-mRNA-1 5711198
.46 snap_masked-162053948-processed-gene-0.3-mRNA-1 3544411
.59 maker-168433502-augustus-gene-0.91-mRNA-1 199625
.37 maker-168433502-augustus-gene-0.91-mRNA-1 1427488
.45 snap_masked-168492506-processed-gene-0.4-mRNA-1 4109170
.76 genemark-168192393-processed-gene-0.0-mRNA-1 3205459
.23 genemark-168192393-processed-gene-0.0-mRNA-1 3205461
.66 genemark-168184403-processed-gene-0.13-mRNA-1 1514941
.24 genemark-168184403-processed-gene-0.13-mRNA-1 3132487
.17 augustus_masked-168513792-processed-gene-0.3-mRNA-1 231392
.11 augustus_masked-168513792-processed-gene-0.3-mRNA-1 3266561
.44 maker-168187847-augustus-gene-0.12-mRNA-1 5795535
.33 maker-168187847-augustus-gene-0.12-mRNA-1 5795536
.20 maker-168577594-augustus-gene-0.29-mRNA-1 1000465
.12 maker-168577594-augustus-gene-0.29-mRNA-1 1971086
.11 maker-168577594-augustus-gene-0.29-mRNA-1 5705498
.40 genemark-168552644-processed-gene-0.34-mRNA-1 5737730
.32 genemark-168552644-processed-gene-0.34-mRNA-1 1328299
.32 maker-165708922-augustus-gene-0.5-mRNA-1 1536583
.36 maker-165708922-augustus-gene-0.5-mRNA-1 260943
.16 maker-168574288-augustus-gene-0.46-mRNA-1 5795453
.51 maker-168447880-snap-gene-0.22-mRNA-1 891750
.16 maker-168447880-snap-gene-0.22-mRNA-1 4373388
.06 maker-168202723-snap-gene-0.47-mRNA-1 2452440
.87 maker-168202723-snap-gene-0.47-mRNA-1 5795505
.27 augustus_masked-168575008-processed-gene-0.2-mRNA-1 5709755
.28 augustus_masked-168575008-processed-gene-0.2-mRNA-1 5714931
.32 augustus_masked-168575008-processed-gene-0.2-mRNA-1 1083193
.23 augustus_masked-167939339-processed-gene-0.1-mRNA-1 557803
.40 snap_masked-168093867-processed-gene-0.2-mRNA-1 3540931
.39 snap_masked-168093867-processed-gene-0.2-mRNA-1 2098861
.88 augustus_masked-167835962-processed-gene-0.0-mRNA-1 5714880
.60 maker-167979191-augustus-gene-0.18-mRNA-1 5795552
.17 maker-167979191-augustus-gene-0.18-mRNA-1 243381
.26 augustus_masked-168349433-processed-gene-0.10-mRNA-1 5795582
.06 augustus_masked-168349433-processed-gene-0.10-mRNA-1 1160861
.06 augustus_masked-168349433-processed-gene-0.10-mRNA-1 740621
.16 augustus_masked-168182967-processed-gene-0.16-mRNA-1 1627559
.15 augustus_masked-168182967-processed-gene-0.16-mRNA-1 1555789
.13 augustus_masked-168182967-processed-gene-0.16-mRNA-1 5743842
.13 augustus_masked-168182967-processed-gene-0.16-mRNA-1 1084482
.48 augustus_masked-168195661-processed-gene-0.1-mRNA-1 748230
.16 augustus_masked-168195661-processed-gene-0.1-mRNA-1 5709461
.20 augustus_masked-168195661-processed-gene-0.1-mRNA-1 5709916
.31 augustus_masked-167867103-processed-gene-0.0-mRNA-1 5701854
.30 augustus_masked-167867103-processed-gene-0.0-mRNA-1 5704525
.30 maker-168187825-snap-gene-0.35-mRNA-1 5701654
.28 maker-168187825-snap-gene-0.35-mRNA-1 5711232
.09 maker-168470556-snap-gene-0.29-mRNA-1 5333959
.85 maker-168470556-snap-gene-0.29-mRNA-1 5795554
.26 maker-168113160-augustus-gene-0.17-mRNA-1 5795475
.20 maker-168113160-augustus-gene-0.17-mRNA-1 5711015
.38 augustus_masked-168020953-processed-gene-0.5-mRNA-1 5706079
.15 augustus_masked-168020953-processed-gene-0.5-mRNA-1 1783061
.26 maker-168526904-snap-gene-0.28-mRNA-1 1289676
.31 maker-168526904-snap-gene-0.28-mRNA-1 1213971
.04 maker-168561042-augustus-gene-0.73-mRNA-1 2520672
.32 augustus_masked-168567084-processed-gene-0.4-mRNA-1 5707329
.12 augustus_masked-168567084-processed-gene-0.4-mRNA-1 3031971
.34 augustus_masked-165990919-processed-gene-0.0-mRNA-1 5750446
.28 augustus_masked-165990919-processed-gene-0.0-mRNA-1 114490
.71 maker-162288479-augustus-gene-0.3-mRNA-1 5795549
.17 maker-162288479-augustus-gene-0.3-mRNA-1 1291950
.98 augustus_masked-168564582-processed-gene-0.1-mRNA-1 5699027
.28 maker-168275442-augustus-gene-0.22-mRNA-1 804616
.35 maker-168275442-augustus-gene-0.22-mRNA-1 5719897
.50 augustus_masked-168209081-processed-gene-0.2-mRNA-1 5795483
.20 maker-168569239-augustus-gene-0.47-mRNA-2 5706526
.26 maker-168569239-augustus-gene-0.47-mRNA-2 5700278
.31 maker-168497558-snap-gene-0.53-mRNA-1 5710716
.68 maker-168497558-snap-gene-0.53-mRNA-1 5795410
.17 maker-163475262-augustus-gene-0.3-mRNA-1 938951
.16 maker-163475262-augustus-gene-0.3-mRNA-1 5726369
.52 maker-168572221-augustus-gene-0.62-mRNA-1 5704071
.32 maker-168193286-snap-gene-0.61-mRNA-1 5795580
.38 augustus_masked-168186101-processed-gene-0.3-mRNA-1 5795594
.44 augustus_masked-168186101-processed-gene-0.3-mRNA-1 5795594
.69 maker-166273839-augustus-gene-0.2-mRNA-1 1909875
.50 maker-168336478-snap-gene-0.40-mRNA-1 1377621
.15 maker-168336478-snap-gene-0.40-mRNA-1 2442027
.56 augustus_masked-168401642-processed-gene-0.1-mRNA-1 5701636
.24 augustus_masked-168401642-processed-gene-0.1-mRNA-1 5702469
.50 snap_masked-168574367-processed-gene-0.20-mRNA-1 3019815
.49 snap_masked-168188702-processed-gene-0.12-mRNA-1 5715306
.22 snap_masked-168188702-processed-gene-0.12-mRNA-1 3126895
.21 snap_masked-168188702-processed-gene-0.12-mRNA-1 4066353
.61 maker-168351821-augustus-gene-0.25-mRNA-1 5701578
.12 maker-168351821-augustus-gene-0.25-mRNA-1 3020765
.87 maker-162482787-augustus-gene-0.6-mRNA-1 5795403
.28 augustus_masked-161700205-processed-gene-0.0-mRNA-1 2101985
.13 augustus_masked-161700205-processed-gene-0.0-mRNA-1 2101986
.17 maker-168459554-snap-gene-0.40-mRNA-1 1546116
.15 maker-168459554-snap-gene-0.40-mRNA-1 5711648
.03 maker-168459554-snap-gene-0.40-mRNA-1 1957396
.03 maker-168459554-snap-gene-0.40-mRNA-1 339304
.35 augustus_masked-168413481-processed-gene-0.0-mRNA-1 5699141
.26 augustus_masked-168413481-processed-gene-0.0-mRNA-1 5703157
.49 maker-168244247-augustus-gene-0.42-mRNA-1 5702934
.90 maker-168314823-augustus-gene-0.39-mRNA-2 5795587
.38 snap_masked-168383102-processed-gene-0.35-mRNA-1 5795404
.59 snap_masked-168383102-processed-gene-0.35-mRNA-1 5795404
.08 snap_masked-168567304-processed-gene-0.84-mRNA-1 2157517
.81 snap_masked-168567304-processed-gene-0.84-mRNA-1 5795439
.74 maker-164887201-augustus-gene-0.8-mRNA-1 5712020
.29 maker-168502864-augustus-gene-0.58-mRNA-1 5795472
.09 maker-168502864-augustus-gene-0.58-mRNA-1 5795472
.06 maker-168502864-augustus-gene-0.58-mRNA-1 3000562
.06 maker-168502864-augustus-gene-0.58-mRNA-1 5795472
.49 maker-164378945-snap-gene-0.5-mRNA-1 3771156
.99 maker-168205852-augustus-gene-0.39-mRNA-1 5703468
.18 augustus_masked-168475889-processed-gene-0.3-mRNA-1 5698846
.26 augustus_masked-168475889-processed-gene-0.3-mRNA-1 857470
.57 snap_masked-168436325-processed-gene-0.36-mRNA-1 2196905
.48 snap_masked-168187100-processed-gene-0.74-mRNA-1 915619
.34 maker-164321543-augustus-gene-0.3-mRNA-1 5702308
.22 maker-164321543-augustus-gene-0.3-mRNA-1 2251643
.22 maker-165522719-snap-gene-0.1-mRNA-1 5741780
.18 maker-165522719-snap-gene-0.1-mRNA-1 3664546
.13 maker-165522719-snap-gene-0.1-mRNA-1 1701154
.07 maker-165522719-snap-gene-0.1-mRNA-1 3302995
.06 maker-165522719-snap-gene-0.1-mRNA-1 5707437
.19 maker-168319211-augustus-gene-0.20-mRNA-1 1701154
.17 maker-168319211-augustus-gene-0.20-mRNA-1 3680466
.18 maker-168319211-augustus-gene-0.20-mRNA-1 5780084
.22 maker-168319211-augustus-gene-0.20-mRNA-1 302900
.07 maker-168319211-augustus-gene-0.20-mRNA-1 3626511
.30 augustus_masked-168394131-processed-gene-0.3-mRNA-1 5699706
.05 augustus_masked-168394131-processed-gene-0.3-mRNA-1 3779059
.65 maker-168373796-augustus-gene-0.37-mRNA-1 5795517
.24 maker-168373796-augustus-gene-0.37-mRNA-1 5710630
.27 augustus_masked-168451845-processed-gene-0.1-mRNA-1 5702562
.16 augustus_masked-168451845-processed-gene-0.1-mRNA-1 222572
.49 augustus_masked-167793158-processed-gene-0.26-mRNA-1 1184614
.48 augustus_masked-167793158-processed-gene-0.26-mRNA-1 3418392
.50 genemark-168466685-processed-gene-0.16-mRNA-1 5795522
.11 genemark-168466685-processed-gene-0.16-mRNA-1 5705845
.06 genemark-168466685-processed-gene-0.16-mRNA-1 3458228
.32 maker-168475046-augustus-gene-0.24-mRNA-1 2790355
.22 maker-168475046-augustus-gene-0.24-mRNA-1 717457
.22 maker-168475046-augustus-gene-0.24-mRNA-1 1105453
.24 maker-168475046-augustus-gene-0.24-mRNA-1 5704443
.20 maker-168475046-augustus-gene-0.24-mRNA-1 3459497
.33 genemark-166198343-processed-gene-0.1-mRNA-1 3581120
.48 genemark-166198343-processed-gene-0.1-mRNA-1 5705576
.16 maker-168305940-snap-gene-0.62-mRNA-1 461877
.72 maker-168305940-snap-gene-0.62-mRNA-1 5699818
.09 maker-168271688-snap-gene-0.30-mRNA-1 955566
.07 maker-168271688-snap-gene-0.30-mRNA-1 734855
.83 maker-168169180-augustus-gene-0.2-mRNA-1 356769
.38 snap_masked-168191390-processed-gene-0.38-mRNA-1 2654043
.15 snap_masked-168191390-processed-gene-0.38-mRNA-1 4063210
.64 maker-168129153-snap-gene-0.17-mRNA-1 5795408
.60 maker-163140692-snap-gene-0.4-mRNA-1 5795477
.39 maker-163140692-snap-gene-0.4-mRNA-1 1315512
.26 maker-168571625-augustus-gene-0.43-mRNA-1 2026681
.24 maker-168571625-augustus-gene-0.43-mRNA-1 5713947
.45 maker-166572006-augustus-gene-0.3-mRNA-1 5795534
.01 maker-166572006-augustus-gene-0.3-mRNA-1 5707270
.22 maker-168184824-augustus-gene-0.47-mRNA-1 5702284
.41 maker-168518368-snap-gene-0.23-mRNA-1 5709071
.23 maker-168518368-snap-gene-0.23-mRNA-1 1620379
.41 maker-168482002-augustus-gene-0.33-mRNA-1 5795595
.13 augustus_masked-168283437-processed-gene-0.28-mRNA-1 586769
.07 augustus_masked-168283437-processed-gene-0.28-mRNA-1 1780432
.40 maker-168558424-augustus-gene-0.11-mRNA-2 5795573
.51 maker-168558424-augustus-gene-0.11-mRNA-2 5795573
.30 maker-168577341-snap-gene-2.97-mRNA-1 5702295
.23 maker-168577341-snap-gene-2.97-mRNA-1 5700403
.18 maker-168485756-augustus-gene-0.22-mRNA-1 5701251
.14 maker-168485756-augustus-gene-0.22-mRNA-1 5699712
.14 augustus_masked-164008272-processed-gene-0.0-mRNA-1 2383480
.72 augustus_masked-164008272-processed-gene-0.0-mRNA-1 2383328
.15 maker-168561495-augustus-gene-0.24-mRNA-3 2580743
.20 maker-168561495-augustus-gene-0.24-mRNA-3 5698866
.03 maker-168561495-augustus-gene-0.24-mRNA-3 5705427
.14 maker-168557457-snap-gene-0.27-mRNA-1 5701196
.55 maker-168557457-snap-gene-0.27-mRNA-1 5722670
.66 genemark-165298534-processed-gene-0.0-mRNA-1 1396520
.32 genemark-165298534-processed-gene-0.0-mRNA-1 3323786
.39 genemark-168119683-processed-gene-0.7-mRNA-1 5700096
.27 genemark-168119683-processed-gene-0.7-mRNA-1 5723117
.34 maker-168384801-augustus-gene-0.31-mRNA-1 1344955
.22 maker-168384801-augustus-gene-0.31-mRNA-1 797807
.47 maker-168207271-snap-gene-0.20-mRNA-1 806981
.12 maker-168207271-snap-gene-0.20-mRNA-1 2127690
.64 augustus_masked-168330386-processed-gene-0.0-mRNA-1 5702969
.49 snap_masked-168560242-processed-gene-0.20-mRNA-1 5795543
.09 snap_masked-168560242-processed-gene-0.20-mRNA-1 5700075
.17 augustus_masked-168295703-processed-gene-0.2-mRNA-1 5701926
.13 augustus_masked-168295703-processed-gene-0.2-mRNA-1 2352875
.12 augustus_masked-168295703-processed-gene-0.2-mRNA-1 892437
.03 augustus_masked-168295703-processed-gene-0.2-mRNA-1 3717514
.37 maker-162840631-augustus-gene-0.4-mRNA-1 1571296
.27 maker-162840631-augustus-gene-0.4-mRNA-1 1580603
.42 augustus_masked-168413492-processed-gene-0.0-mRNA-1 5710985
.29 augustus_masked-168413492-processed-gene-0.0-mRNA-1 2267170
.26 augustus_masked-168413492-processed-gene-0.0-mRNA-1 3266434
.21 augustus_masked-168413492-processed-gene-0.0-mRNA-1 628973
.19 augustus_masked-168413492-processed-gene-0.0-mRNA-1 1210262
.19 augustus_masked-167892787-processed-gene-0.0-mRNA-1 5706051
.20 augustus_masked-167892787-processed-gene-0.0-mRNA-1 1706052
.09 augustus_masked-167892787-processed-gene-0.0-mRNA-1 5706051
.85 maker-168572698-snap-gene-0.27-mRNA-1 5724405
.21 genemark-168412320-processed-gene-0.1-mRNA-1 2403567
.52 snap_masked-168466393-processed-gene-0.37-mRNA-1 3343716
.15 snap_masked-168466393-processed-gene-0.37-mRNA-1 2946415
.30 snap_masked-168471977-processed-gene-0.8-mRNA-1 4720336
.39 snap_masked-168471977-processed-gene-0.8-mRNA-1 2648611
.28 augustus_masked-167869362-processed-gene-0.4-mRNA-1 2504329
.28 augustus_masked-167869362-processed-gene-0.4-mRNA-1 2996907
.06 maker-168577147-snap-gene-0.44-mRNA-1 5700900
.13 maker-168577147-snap-gene-0.44-mRNA-1 5700006
.71 maker-168358628-augustus-gene-0.19-mRNA-1 5795472
.34 genemark-168454932-processed-gene-0.15-mRNA-1 5704595
.26 genemark-168454932-processed-gene-0.15-mRNA-1 5719249
.20 maker-168264952-snap-gene-0.7-mRNA-1 5701377
.15 maker-168264952-snap-gene-0.7-mRNA-1 1888784
.30 maker-168153928-snap-gene-0.12-mRNA-1 1453111
.19 maker-168343842-snap-gene-0.36-mRNA-1 1415797
.14 maker-168343842-snap-gene-0.36-mRNA-1 2099538
.80 snap_masked-168520290-processed-gene-0.38-mRNA-1 5795379
.26 maker-168557682-augustus-gene-0.69-mRNA-1 3272662
.15 genemark-168476281-processed-gene-0.52-mRNA-1 5719485
.12 genemark-168476281-processed-gene-0.52-mRNA-1 1073487
.13 genemark-168476281-processed-gene-0.52-mRNA-1 5137256
.31 maker-168543645-snap-gene-0.70-mRNA-1 1088241
.82 maker-168113510-augustus-gene-0.80-mRNA-1 5795431
.59 augustus_masked-168234698-processed-gene-0.3-mRNA-1 5705314
.76 maker-168391503-augustus-gene-0.31-mRNA-1 5795472
.05 maker-168391503-augustus-gene-0.31-mRNA-1 2378171
.55 snap_masked-167967680-processed-gene-0.46-mRNA-1 5795472
.09 snap_masked-167967680-processed-gene-0.46-mRNA-1 4534611
.15 augustus_masked-168191645-processed-gene-0.13-mRNA-1 5742107
.41 maker-166744591-snap-gene-0.6-mRNA-1 5708045
.49 maker-168402784-snap-gene-0.15-mRNA-1 5795400
.14 maker-168402784-snap-gene-0.15-mRNA-1 5738742
.67 maker-168550553-augustus-gene-0.146-mRNA-1 5795387
.10 maker-168550553-augustus-gene-0.146-mRNA-1 5112412
.06 maker-164867159-augustus-gene-0.3-mRNA-1 4449800
.86 maker-164867159-augustus-gene-0.3-mRNA-1 5795417
.19 genemark-168560050-processed-gene-0.16-mRNA-1 453067
.11 genemark-168560050-processed-gene-0.16-mRNA-1 5700167
.02 genemark-168560050-processed-gene-0.16-mRNA-1 4827390
.99 maker-168260555-augustus-gene-0.8-mRNA-1 5703477
.39 genemark-168516456-processed-gene-0.4-mRNA-1 1478180
.99 genemark-168225967-processed-gene-0.4-mRNA-1 5718733
.21 maker-168406080-augustus-gene-0.66-mRNA-1 5701190
.18 maker-168406080-augustus-gene-0.66-mRNA-1 1625810
.18 maker-168406080-augustus-gene-0.66-mRNA-1 5719696
.59 maker-168546070-augustus-gene-0.64-mRNA-1 5795575
.78 maker-168533576-snap-gene-0.52-mRNA-1 5795583
.25 maker-168185633-augustus-gene-0.6-mRNA-1 5704694
.17 maker-168185633-augustus-gene-0.6-mRNA-1 1768465
.70 augustus_masked-168367715-processed-gene-0.2-mRNA-1 5733566
.15 augustus_masked-168367715-processed-gene-0.2-mRNA-1 5768458
.99 maker-167242201-augustus-gene-0.3-mRNA-1 5795557
.13 maker-168328220-snap-gene-0.90-mRNA-1 5704688
.05 maker-168328220-snap-gene-0.90-mRNA-1 2670495
.14 maker-168212152-augustus-gene-0.25-mRNA-1 2250262
.85 maker-168212152-augustus-gene-0.25-mRNA-1 5795455
.58 maker-168228489-augustus-gene-0.114-mRNA-1 5795585
.26 genemark-168288763-processed-gene-0.5-mRNA-1 4135439
.33 genemark-168288763-processed-gene-0.5-mRNA-1 5702018
.30 maker-168284988-snap-gene-0.20-mRNA-1 5704411
.47 maker-168493679-augustus-gene-0.14-mRNA-2 5795465
.11 maker-161364282-augustus-gene-0.3-mRNA-1 2992993
.16 maker-161364282-augustus-gene-0.3-mRNA-1 2745520
.14 maker-161364282-augustus-gene-0.3-mRNA-1 2478469
.06 maker-161364282-augustus-gene-0.3-mRNA-1 3439092
.06 maker-161364282-augustus-gene-0.3-mRNA-1 3439090
.25 maker-168183415-snap-gene-0.16-mRNA-1 5702458
.16 maker-168183415-snap-gene-0.16-mRNA-1 5710342
.21 augustus_masked-168563499-processed-gene-1.52-mRNA-1 5795505
.26 augustus_masked-168563499-processed-gene-1.52-mRNA-1 5703184
.22 maker-168371190-snap-gene-0.40-mRNA-1 5713714
.25 augustus_masked-164111506-processed-gene-0.0-mRNA-1 5769650
.19 augustus_masked-164111506-processed-gene-0.0-mRNA-1 860122
.17 augustus_masked-164111506-processed-gene-0.0-mRNA-1 5300554
.35 maker-168225120-augustus-gene-0.16-mRNA-1 1237366
.20 maker-168225120-augustus-gene-0.16-mRNA-1 5700064
.89 augustus_masked-164167098-processed-gene-0.0-mRNA-1 5714165
.09 augustus_masked-164167098-processed-gene-0.0-mRNA-1 4025941
.31 maker-168449131-snap-gene-0.11-mRNA-1 5713631
.37 maker-168449131-snap-gene-0.11-mRNA-1 5703066
.25 augustus_masked-168378211-processed-gene-0.13-mRNA-1 2151571
.21 maker-168299557-snap-gene-0.25-mRNA-1 5714676
.14 maker-168299557-snap-gene-0.25-mRNA-1 2694567
.81 genemark-168230012-processed-gene-0.0-mRNA-1 2588819
.13 genemark-168230012-processed-gene-0.0-mRNA-1 787537
.07 genemark-168230012-processed-gene-0.0-mRNA-1 5464091
.39 maker-168333722-augustus-gene-0.36-mRNA-1 5733576
.17 maker-168333722-augustus-gene-0.36-mRNA-1 3548868
.58 maker-167987925-snap-gene-0.9-mRNA-1 5707984
.22 maker-168410052-augustus-gene-0.53-mRNA-1 5707669
.80 maker-168226769-snap-gene-0.44-mRNA-1 5795415
.02 maker-168226769-snap-gene-0.44-mRNA-1 1556412
.43 augustus_masked-168551338-processed-gene-0.0-mRNA-1 5702650
.39 augustus_masked-168551338-processed-gene-0.0-mRNA-1 5710841
.67 maker-166411943-augustus-gene-0.4-mRNA-1 5795413
.02 maker-166411943-augustus-gene-0.4-mRNA-1 5706784
.59 maker-165039990-snap-gene-0.4-mRNA-1 5795392
.07 maker-165039990-snap-gene-0.4-mRNA-1 5700611
.31 genemark-166518589-processed-gene-0.0-mRNA-1 5719249
.40 genemark-166518589-processed-gene-0.0-mRNA-1 5713495
.12 maker-166575086-augustus-gene-0.4-mRNA-1 5713273
.39 maker-166575086-augustus-gene-0.4-mRNA-1 5706378
.23 genemark-168246336-processed-gene-0.6-mRNA-1 5704156
.48 maker-168217878-augustus-gene-0.68-mRNA-1 5701466
.34 maker-168217878-augustus-gene-0.68-mRNA-1 5699459
.09 maker-168190187-augustus-gene-1.94-mRNA-1 1309838
.08 maker-168190187-augustus-gene-1.94-mRNA-1 1892239
.08 maker-168190187-augustus-gene-1.94-mRNA-1 3181627
.08 maker-168190187-augustus-gene-1.94-mRNA-1 2846292
.08 maker-168190187-augustus-gene-1.94-mRNA-1 1309837
.27 augustus_masked-167559622-processed-gene-0.0-mRNA-1 5707470
.17 augustus_masked-167559622-processed-gene-0.0-mRNA-1 5707469
.14 augustus_masked-167559622-processed-gene-0.0-mRNA-1 2282517
.61 maker-168188504-snap-gene-0.36-mRNA-1 5705774
.21 maker-168188504-snap-gene-0.36-mRNA-1 683089
.34 maker-167983784-snap-gene-0.5-mRNA-1 1429094
.22 maker-167983784-snap-gene-0.5-mRNA-1 3430906
.20 maker-167983784-snap-gene-0.5-mRNA-1 3430905
.31 maker-166004579-augustus-gene-0.3-mRNA-1 1406862
.26 maker-166004579-augustus-gene-0.3-mRNA-1 808873
.19 maker-166004579-augustus-gene-0.3-mRNA-1 5714231
.17 maker-166004579-augustus-gene-0.3-mRNA-1 5716123
.13 maker-166004579-augustus-gene-0.3-mRNA-1 2047600
.40 maker-168577507-snap-gene-0.43-mRNA-1 2389465
.11 maker-168577507-snap-gene-0.43-mRNA-1 5711687
.79 augustus_masked-168518511-processed-gene-0.13-mRNA-1 5795488
.09 augustus_masked-168518511-processed-gene-0.13-mRNA-1 2082928
.27 augustus_masked-167890338-processed-gene-0.3-mRNA-1 5699255
.16 augustus_masked-167890338-processed-gene-0.3-mRNA-1 5699255
.36 augustus_masked-165850256-processed-gene-0.0-mRNA-1 5699840
.29 augustus_masked-165850256-processed-gene-0.0-mRNA-1 5699841
.72 augustus_masked-168571382-processed-gene-0.2-mRNA-1 5795500
.23 maker-161888549-snap-gene-0.1-mRNA-1 24148
.30 maker-161888549-snap-gene-0.1-mRNA-1 1410209
.08 maker-168280167-snap-gene-0.7-mRNA-1 462292
.04 maker-168280167-snap-gene-0.7-mRNA-1 1208761
.04 maker-168280167-snap-gene-0.7-mRNA-1 2265414
.03 maker-168280167-snap-gene-0.7-mRNA-1 3509401
.04 maker-168280167-snap-gene-0.7-mRNA-1 1895762
.68 maker-168019910-augustus-gene-0.5-mRNA-1 5705315
.03 augustus_masked-168495564-processed-gene-0.6-mRNA-1 5795460
.01 augustus_masked-168495564-processed-gene-0.6-mRNA-1 2483203
.04 augustus_masked-168495564-processed-gene-0.6-mRNA-1 5795460
.44 maker-168190456-augustus-gene-0.30-mRNA-2 5795588
.21 maker-168190456-augustus-gene-0.30-mRNA-2 5795588
.24 maker-168322613-snap-gene-0.40-mRNA-1 5018436
.31 maker-168322613-snap-gene-0.40-mRNA-1 3630153
.56 maker-167898280-augustus-gene-0.16-mRNA-1 5707095
.37 maker-167898280-augustus-gene-0.16-mRNA-1 5703668
.21 maker-168463031-augustus-gene-0.50-mRNA-1 5705914
.10 maker-168463031-augustus-gene-0.50-mRNA-1 5795551
.96 maker-168546174-snap-gene-0.12-mRNA-1 5795443
.25 maker-168332734-augustus-gene-0.4-mRNA-1 5713032
.73 maker-168332734-augustus-gene-0.4-mRNA-1 5795547
.78 maker-168190598-snap-gene-0.18-mRNA-1 5707616
.29 maker-168464861-snap-gene-0.16-mRNA-1 5795579
.28 maker-168464861-snap-gene-0.16-mRNA-1 5795579
.35 augustus_masked-161520589-processed-gene-0.1-mRNA-1 5706111
.21 augustus_masked-161520589-processed-gene-0.1-mRNA-1 2369983
.21 augustus_masked-161520589-processed-gene-0.1-mRNA-1 3002641
.27 snap_masked-168379314-processed-gene-0.24-mRNA-1 2417603
.41 snap_masked-168379314-processed-gene-0.24-mRNA-1 2843970
.05 maker-168548909-augustus-gene-0.13-mRNA-2 1503993
.06 maker-168548909-augustus-gene-0.13-mRNA-2 1503987
.08 maker-168548909-augustus-gene-0.13-mRNA-2 5795519
.19 maker-168184243-snap-gene-0.6-mRNA-1 924908
.38 augustus_masked-168341230-processed-gene-0.4-mRNA-1 5719389
.17 maker-168515102-snap-gene-0.54-mRNA-1 5723032
.12 maker-168515102-snap-gene-0.54-mRNA-1 1163926
.01 maker-168515102-snap-gene-0.54-mRNA-1 1733633
.14 maker-164494972-snap-gene-0.5-mRNA-1 2415423
.85 maker-164494972-snap-gene-0.5-mRNA-1 5795390
.40 augustus_masked-162263226-processed-gene-0.0-mRNA-1 994382
.33 augustus_masked-162263226-processed-gene-0.0-mRNA-1 1236457
.17 augustus_masked-162263226-processed-gene-0.0-mRNA-1 2342398
.17 augustus_masked-162263226-processed-gene-0.0-mRNA-1 787333
.17 augustus_masked-162263226-processed-gene-0.0-mRNA-1 1236474
.25 maker-168190618-snap-gene-0.23-mRNA-1 5795432
.50 maker-168190618-snap-gene-0.23-mRNA-1 5795432
.46 maker-168561815-augustus-gene-0.6-mRNA-1 430025
.14 maker-168561815-augustus-gene-0.6-mRNA-1 3371611
.57 maker-168577499-augustus-gene-0.26-mRNA-2 5795418
.18 maker-168577499-augustus-gene-0.26-mRNA-2 5707399
.70 maker-168003306-augustus-gene-0.27-mRNA-1 5699784
.28 maker-165868822-snap-gene-0.4-mRNA-1 5700551
.16 maker-168032190-snap-gene-0.14-mRNA-1 5702322
.13 maker-168032190-snap-gene-0.14-mRNA-1 1358752
.21 genemark-168393557-processed-gene-0.16-mRNA-1 5713167
.18 genemark-168393557-processed-gene-0.16-mRNA-1 1450818
.11 genemark-168393557-processed-gene-0.16-mRNA-1 1960611
.11 genemark-168393557-processed-gene-0.16-mRNA-1 1610722
.11 genemark-168393557-processed-gene-0.16-mRNA-1 1461711
.17 genemark-168564448-processed-gene-0.15-mRNA-1 3804174
.16 genemark-168564448-processed-gene-0.15-mRNA-1 2099011
.42 maker-168543351-snap-gene-0.44-mRNA-1 5717252
.18 maker-168543351-snap-gene-0.44-mRNA-1 3389823
.19 augustus_masked-164944577-processed-gene-0.0-mRNA-1 1276224
.21 augustus_masked-164944577-processed-gene-0.0-mRNA-1 1184476
.32 maker-168357513-augustus-gene-0.23-mRNA-1 1906375
.32 maker-168357513-augustus-gene-0.23-mRNA-1 2261961
.10 maker-168357513-augustus-gene-0.23-mRNA-1 1706052
.10 maker-168357513-augustus-gene-0.23-mRNA-1 5706051
.06 maker-168357513-augustus-gene-0.23-mRNA-1 3689984
.27 snap_masked-168572039-processed-gene-0.21-mRNA-1 5706844
.10 maker-168576970-snap-gene-0.39-mRNA-1 1503616
.08 maker-168576970-snap-gene-0.39-mRNA-1 1432478
.88 maker-168421673-snap-gene-0.67-mRNA-1 5795589
.05 maker-168070976-snap-gene-0.22-mRNA-1 1158457
.27 maker-168497403-snap-gene-0.51-mRNA-1 2099776
.56 augustus_masked-168404276-processed-gene-0.3-mRNA-1 5795422
.09 augustus_masked-168404276-processed-gene-0.3-mRNA-1 1182959
.22 maker-164510119-augustus-gene-0.3-mRNA-1 5699501
.32 maker-164510119-augustus-gene-0.3-mRNA-1 1021924
.40 genemark-168562320-processed-gene-0.11-mRNA-1 1982196
.24 genemark-168562320-processed-gene-0.11-mRNA-1 3323176
.51 genemark-168484562-processed-gene-0.18-mRNA-1 5702653
.30 augustus_masked-168389992-processed-gene-0.5-mRNA-1 5706139
.24 augustus_masked-168389992-processed-gene-0.5-mRNA-1 900975
.33 genemark-168328194-processed-gene-0.70-mRNA-1 5704889
.19 genemark-168328194-processed-gene-0.70-mRNA-1 1273741
.24 genemark-168505565-processed-gene-0.14-mRNA-1 5719549
.12 genemark-168505565-processed-gene-0.14-mRNA-1 3076840
.14 genemark-168505565-processed-gene-0.14-mRNA-1 5771379
.52 genemark-161503420-processed-gene-0.1-mRNA-1 3142127
.13 genemark-161503420-processed-gene-0.1-mRNA-1 4459146
.28 maker-168549723-snap-gene-0.40-mRNA-1 5700630
.89 maker-166879293-snap-gene-0.5-mRNA-1 5795571
.08 maker-166879293-snap-gene-0.5-mRNA-1 2555175
.45 maker-165056348-augustus-gene-0.3-mRNA-1 5795519
.11 maker-165056348-augustus-gene-0.3-mRNA-1 5706953
.09 maker-165056348-augustus-gene-0.3-mRNA-1 2564113
.44 augustus_masked-168560286-processed-gene-0.2-mRNA-1 5731403
.02 augustus_masked-168560286-processed-gene-0.2-mRNA-1 2564148
.16 maker-168532123-snap-gene-0.18-mRNA-3 1984900
.07 maker-168532123-snap-gene-0.18-mRNA-3 1867027
.37 maker-168443368-snap-gene-0.60-mRNA-1 2007767
.39 maker-168443368-snap-gene-0.60-mRNA-1 1432332
.34 maker-168443368-snap-gene-0.60-mRNA-1 5160947
.33 maker-168443368-snap-gene-0.60-mRNA-1 4238782
.32 maker-168443368-snap-gene-0.60-mRNA-1 4752733
.97 maker-168536815-augustus-gene-0.64-mRNA-1 5795593
.28 augustus_masked-168461401-processed-gene-1.40-mRNA-1 575551
.31 augustus_masked-168461401-processed-gene-1.40-mRNA-1 2406634
.24 maker-168573651-augustus-gene-0.81-mRNA-1 5703722
.51 maker-168573651-augustus-gene-0.81-mRNA-1 5701228
.13 snap_masked-168332707-processed-gene-0.12-mRNA-1 2198742
.23 snap_masked-168332707-processed-gene-0.12-mRNA-1 1982760
.89 maker-168186899-snap-gene-0.21-mRNA-1 5795584
.22 genemark-168377918-processed-gene-0.2-mRNA-1 5746288
.14 maker-167825421-augustus-gene-0.18-mRNA-1 5715856
.17 snap_masked-168577351-processed-gene-0.89-mRNA-1 231950
.14 snap_masked-168577351-processed-gene-0.89-mRNA-1 5529258
.23 maker-168186438-augustus-gene-0.5-mRNA-1 5714103
.57 maker-168186438-augustus-gene-0.5-mRNA-1 5708270
.81 maker-168207442-snap-gene-0.30-mRNA-1 5795523
.10 maker-168207442-snap-gene-0.30-mRNA-1 3830261
.12 maker-167975693-augustus-gene-0.7-mRNA-1 5718627
.06 maker-167975693-augustus-gene-0.7-mRNA-1 3453962
.06 maker-167975693-augustus-gene-0.7-mRNA-1 5017785
.47 maker-168558424-augustus-gene-0.11-mRNA-1 5795573
.14 maker-168432992-augustus-gene-0.22-mRNA-1 1328347
.31 maker-168432992-augustus-gene-0.22-mRNA-1 5699524
.78 maker-168577341-augustus-gene-0.72-mRNA-1 5795508
.43 maker-168567036-augustus-gene-0.61-mRNA-1 5727532
.46 maker-168513537-augustus-gene-0.9-mRNA-1 5700182
.12 maker-168513537-augustus-gene-0.9-mRNA-1 5718253
.05 maker-168513537-augustus-gene-0.9-mRNA-1 3639886
.29 maker-164534829-augustus-gene-0.3-mRNA-1 1589413
.30 maker-164534829-augustus-gene-0.3-mRNA-1 5706048
.78 maker-168256644-augustus-gene-0.22-mRNA-1 5710481
.13 augustus_masked-168288961-processed-gene-0.7-mRNA-1 957787
.13 augustus_masked-168288961-processed-gene-0.7-mRNA-1 2288539
.10 augustus_masked-168288961-processed-gene-0.7-mRNA-1 2530871
.07 augustus_masked-168288961-processed-gene-0.7-mRNA-1 1258112
.13 maker-168188004-snap-gene-0.64-mRNA-1 5702538
.81 maker-168188004-snap-gene-0.64-mRNA-1 5795471
.83 maker-168439334-snap-gene-0.22-mRNA-2 5795577
.20 snap_masked-168568361-processed-gene-0.41-mRNA-1 3987900
.17 snap_masked-168568361-processed-gene-0.41-mRNA-1 4859223
.33 maker-168577257-augustus-gene-0.22-mRNA-1 5702206
.20 maker-168140481-snap-gene-0.4-mRNA-1 1975612
.55 maker-168140481-snap-gene-0.4-mRNA-1 681017
.32 maker-168391340-snap-gene-0.48-mRNA-1 5723471
.17 augustus_masked-168231296-processed-gene-0.14-mRNA-1 1112904
.01 augustus_masked-168231296-processed-gene-0.14-mRNA-1 5795396
.19 snap_masked-165499942-processed-gene-0.2-mRNA-1 3222571
.18 snap_masked-165499942-processed-gene-0.2-mRNA-1 850750
.34 maker-168565700-snap-gene-1.60-mRNA-1 5700074
.25 maker-168565700-snap-gene-1.60-mRNA-1 5700138
.14 maker-168565700-snap-gene-1.60-mRNA-1 5705928
.98 augustus_masked-168371979-processed-gene-0.3-mRNA-1 5795525
.34 maker-163674939-snap-gene-0.4-mRNA-1 2208689
.15 maker-163674939-snap-gene-0.4-mRNA-1 5738517
.27 augustus_masked-168430447-processed-gene-0.0-mRNA-1 1491823
.24 augustus_masked-168430447-processed-gene-0.0-mRNA-1 5710397
.26 maker-168506263-augustus-gene-0.15-mRNA-1 5701911
.70 maker-168506263-augustus-gene-0.15-mRNA-1 823851
.15 maker-168245487-augustus-gene-0.8-mRNA-1 1645426
.75 maker-168245487-augustus-gene-0.8-mRNA-1 5795576
.25 maker-168169082-snap-gene-0.57-mRNA-1 1981053
.40 maker-168169082-snap-gene-0.57-mRNA-1 2170758
.28 maker-168404913-snap-gene-0.45-mRNA-1 5716285
.28 genemark-168497775-processed-gene-0.2-mRNA-1 3377446
.14 genemark-168497775-processed-gene-0.2-mRNA-1 2634678
.45 augustus_masked-168185276-processed-gene-0.20-mRNA-1 1311112
.32 augustus_masked-168185276-processed-gene-0.20-mRNA-1 5710378
.44 maker-168228920-snap-gene-0.86-mRNA-1 5712754
.49 augustus_masked-165311665-processed-gene-0.0-mRNA-1 1047728
.20 augustus_masked-165311665-processed-gene-0.0-mRNA-1 833128
.28 maker-168573767-augustus-gene-0.58-mRNA-1 951322
.17 maker-168573767-augustus-gene-0.58-mRNA-1 5702294
.20 maker-168326110-augustus-gene-0.16-mRNA-1 5724307
.13 augustus_masked-168577592-processed-gene-0.15-mRNA-1 2276744
.09 augustus_masked-168577592-processed-gene-0.15-mRNA-1 3645773
.38 maker-166409453-snap-gene-0.4-mRNA-1 5701269
.35 maker-166409453-snap-gene-0.4-mRNA-1 462292
.24 augustus_masked-163649901-processed-gene-0.0-mRNA-1 724293
.34 maker-168388846-augustus-gene-0.100-mRNA-1 5795504
.50 maker-166626062-augustus-gene-0.2-mRNA-1 2341122
.22 genemark-168309150-processed-gene-0.0-mRNA-1 5738848
.31 genemark-168309150-processed-gene-0.0-mRNA-1 3747192
.45 genemark-167896334-processed-gene-0.1-mRNA-1 2206720
.26 maker-168289507-augustus-gene-0.108-mRNA-1 5710023
.17 maker-168289507-augustus-gene-0.108-mRNA-1 5708306
.17 maker-168188421-snap-gene-0.25-mRNA-1 5795574
.76 maker-168188421-snap-gene-0.25-mRNA-1 5795574
.71 maker-168435638-snap-gene-0.58-mRNA-1 5705157
.32 maker-168548761-augustus-gene-0.11-mRNA-1 5795454
.12 maker-168548761-augustus-gene-0.11-mRNA-1 5700036
.35 snap_masked-168224974-processed-gene-0.18-mRNA-1 5710959
.15 snap_masked-168224974-processed-gene-0.18-mRNA-1 3791356
.55 augustus_masked-168183560-processed-gene-0.0-mRNA-1 5702747
.16 augustus_masked-168183560-processed-gene-0.0-mRNA-1 1925886
.14 augustus_masked-168183560-processed-gene-0.0-mRNA-1 5754154
.55 maker-168185277-augustus-gene-0.45-mRNA-1 5699529
.16 maker-168185277-augustus-gene-0.45-mRNA-1 1413623
.37 augustus_masked-167395132-processed-gene-0.0-mRNA-1 5714892
.16 augustus_masked-167395132-processed-gene-0.0-mRNA-1 2796308
.38 maker-168522740-snap-gene-0.14-mRNA-1 5795409
.20 maker-168522740-snap-gene-0.14-mRNA-1 2867073
.36 maker-168085995-snap-gene-0.6-mRNA-1 5795428
.38 maker-168190883-snap-gene-0.33-mRNA-1 5795527
.25 maker-168190883-snap-gene-0.33-mRNA-1 5698957
.38 maker-168145721-snap-gene-0.16-mRNA-1 5703373
.45 maker-168189507-snap-gene-0.30-mRNA-1 5709154
.32 snap_masked-168514698-processed-gene-0.40-mRNA-1 5727752
.19 snap_masked-168514698-processed-gene-0.40-mRNA-1 3549041
.87 maker-167898246-augustus-gene-0.16-mRNA-1 5795529
.06 maker-167898246-augustus-gene-0.16-mRNA-1 2254819
.99 genemark-168160862-processed-gene-0.30-mRNA-1 5699941
.43 maker-168187260-augustus-gene-0.13-mRNA-1 5795479
.09 maker-168187260-augustus-gene-0.13-mRNA-1 1994704
.37 snap_masked-163197080-processed-gene-0.2-mRNA-1 2063047
.62 snap_masked-163197080-processed-gene-0.2-mRNA-1 5714907
.63 maker-168408172-snap-gene-0.116-mRNA-1 1007269
.41 maker-168408172-snap-gene-0.116-mRNA-1 5717839
.39 genemark-167956108-processed-gene-0.3-mRNA-1 2561335
.41 genemark-167956108-processed-gene-0.3-mRNA-1 1286402
.36 genemark-167956108-processed-gene-0.3-mRNA-1 1094964
.73 maker-168354319-snap-gene-0.58-mRNA-1 5699895
.31 augustus_masked-162700066-processed-gene-0.0-mRNA-1 1570516
.40 augustus_masked-162700066-processed-gene-0.0-mRNA-1 5710985
.65 maker-167942028-snap-gene-0.25-mRNA-1 2153014
.19 maker-167942028-snap-gene-0.25-mRNA-1 248134
.58 maker-168448912-augustus-gene-0.28-mRNA-1 5795445
.38 snap_masked-164242756-processed-gene-0.2-mRNA-1 5703367
.34 snap_masked-164242756-processed-gene-0.2-mRNA-1 1156932
.29 snap_masked-164242756-processed-gene-0.2-mRNA-1 1235706
.31 snap_masked-164242756-processed-gene-0.2-mRNA-1 1544546
.28 snap_masked-164242756-processed-gene-0.2-mRNA-1 2938657
.26 maker-168311914-augustus-gene-0.40-mRNA-1 1337387
.34 maker-168311914-augustus-gene-0.40-mRNA-1 5795391
.23 maker-168529375-augustus-gene-0.77-mRNA-2 5702083
.04 maker-168529375-augustus-gene-0.77-mRNA-2 5708455
.80 maker-168577431-augustus-gene-0.76-mRNA-2 5795478
.24 maker-168343315-augustus-gene-0.7-mRNA-1 5707220
.23 snap_masked-168551623-processed-gene-0.56-mRNA-1 3292016
.18 snap_masked-168551623-processed-gene-0.56-mRNA-1 148868
.61 maker-168187504-augustus-gene-0.15-mRNA-1 5702377
.13 maker-168187504-augustus-gene-0.15-mRNA-1 3010023
.60 maker-168428454-snap-gene-0.18-mRNA-1 817038
.19 maker-168428454-snap-gene-0.18-mRNA-1 2163704
.31 maker-168282312-augustus-gene-0.33-mRNA-1 5712168
.29 maker-168282312-augustus-gene-0.33-mRNA-1 5708254
.15 genemark-168240169-processed-gene-0.26-mRNA-1 1196118
.23 genemark-168240169-processed-gene-0.26-mRNA-1 3306984
.74 augustus_masked-168109688-processed-gene-0.0-mRNA-1 5795444
.14 augustus_masked-168109688-processed-gene-0.0-mRNA-1 481724
.87 maker-168358563-snap-gene-0.85-mRNA-1 5699195
.86 maker-168439410-snap-gene-0.84-mRNA-1 5795469
.11 maker-168439410-snap-gene-0.84-mRNA-1 5700026
.16 maker-168188916-snap-gene-0.31-mRNA-1 5704687
.58 maker-168188916-snap-gene-0.31-mRNA-1 5701714
.64 maker-168184441-snap-gene-0.11-mRNA-1 5795398
.19 maker-168184441-snap-gene-0.11-mRNA-1 5358485
.41 maker-168576984-augustus-gene-0.65-mRNA-1 5795512
.21 maker-168576984-augustus-gene-0.65-mRNA-1 5795512
.52 maker-168572743-snap-gene-0.30-mRNA-2 5724110
.21 maker-168572743-snap-gene-0.30-mRNA-2 5702188
.35 snap_masked-168478864-processed-gene-0.81-mRNA-1 5738084
.33 snap_masked-168478864-processed-gene-0.81-mRNA-1 2584837
.87 maker-168191530-augustus-gene-0.86-mRNA-1 5795463
.53 maker-168322798-snap-gene-0.3-mRNA-1 1041799
.18 maker-168541865-snap-gene-0.37-mRNA-1 1717863
.40 maker-168541865-snap-gene-0.37-mRNA-1 5795470
.58 augustus_masked-163862132-processed-gene-0.0-mRNA-1 2021122
.61 augustus_masked-163862132-processed-gene-0.0-mRNA-1 2215746
.50 augustus_masked-163862132-processed-gene-0.0-mRNA-1 1747333
.50 augustus_masked-163862132-processed-gene-0.0-mRNA-1 2492493
.48 augustus_masked-163862132-processed-gene-0.0-mRNA-1 2924204
.20 maker-168554589-snap-gene-0.41-mRNA-1 196998
.20 maker-168554589-snap-gene-0.41-mRNA-1 5708883
.98 snap_masked-168506918-processed-gene-0.11-mRNA-1 795043
.47 maker-168376672-augustus-gene-0.62-mRNA-1 5795405
