.26 augustus_masked-168369921-processed-gene-0.0-mRNA-1 5730246
.97 augustus_masked-168441029-processed-gene-0.6-mRNA-1 1381048
.45 snap_masked-168555415-processed-gene-1.57-mRNA-1 1511008
.40 snap_masked-168555415-processed-gene-1.57-mRNA-1 4173812
.37 augustus_masked-168400098-processed-gene-0.9-mRNA-1 5143798
.10 maker-168553562-augustus-gene-0.42-mRNA-1 1002940
.15 maker-168430973-augustus-gene-0.18-mRNA-1 1201925
.50 maker-168230367-augustus-gene-0.57-mRNA-1 5821299
.28 maker-168230367-augustus-gene-0.57-mRNA-1 5821299
.15 genemark-168406512-processed-gene-0.3-mRNA-1 990414
.13 genemark-168406512-processed-gene-0.3-mRNA-1 990417
.36 maker-168496311-augustus-gene-0.12-mRNA-1 1907162
.18 maker-168496311-augustus-gene-0.12-mRNA-1 1523274
.50 augustus_masked-168559106-processed-gene-0.0-mRNA-1 3519939
.27 augustus_masked-168559106-processed-gene-0.0-mRNA-1 2708316
.48 augustus_masked-168189641-processed-gene-0.1-mRNA-1 519028
.16 augustus_masked-168189641-processed-gene-0.1-mRNA-1 1866772
.42 maker-168256776-augustus-gene-0.21-mRNA-1 5723617
.57 maker-168444234-augustus-gene-0.45-mRNA-1 5821222
.06 augustus_masked-168185575-processed-gene-0.0-mRNA-1 1142337
.83 augustus_masked-168185575-processed-gene-0.0-mRNA-1 5821185
.37 augustus_masked-168255802-processed-gene-0.0-mRNA-1 2543329
.36 augustus_masked-168255802-processed-gene-0.0-mRNA-1 3138017
.34 genemark-168403482-processed-gene-0.4-mRNA-1 5774401
.17 genemark-168403482-processed-gene-0.4-mRNA-1 5750768
.20 genemark-168403482-processed-gene-0.4-mRNA-1 4264296
.26 maker-168251792-augustus-gene-0.21-mRNA-1 1795500
.45 snap_masked-168570852-processed-gene-0.60-mRNA-1 5730246
.33 snap_masked-168570852-processed-gene-0.60-mRNA-1 5726928
.27 snap_masked-168570852-processed-gene-0.60-mRNA-1 1060643
.23 snap_masked-168570852-processed-gene-0.60-mRNA-1 5730245
.21 snap_masked-168570852-processed-gene-0.60-mRNA-1 2324213
.38 maker-167838123-snap-gene-0.24-mRNA-1 4661217
.62 snap_masked-166241652-processed-gene-0.2-mRNA-1 5716187
.17 snap_masked-166241652-processed-gene-0.2-mRNA-1 5719023
.39 maker-168075387-snap-gene-0.52-mRNA-1 5720086
.33 maker-168075387-snap-gene-0.52-mRNA-1 5719005
.21 snap_masked-167545665-processed-gene-0.2-mRNA-1 439004
.13 snap_masked-167545665-processed-gene-0.2-mRNA-1 1781219
.10 snap_masked-167545665-processed-gene-0.2-mRNA-1 1914812
.21 maker-168556801-augustus-gene-0.41-mRNA-1 5716547
.11 maker-168556801-augustus-gene-0.41-mRNA-1 2214169
.66 snap_masked-168545206-processed-gene-0.41-mRNA-1 2402783
.11 snap_masked-168545206-processed-gene-0.41-mRNA-1 3142791
.24 maker-168467335-snap-gene-0.115-mRNA-1 5821195
.35 genemark-168505618-processed-gene-0.9-mRNA-1 5721242
.27 genemark-168505618-processed-gene-0.9-mRNA-1 1467032
.15 maker-168428007-augustus-gene-0.41-mRNA-1 1623583
.05 maker-168428007-augustus-gene-0.41-mRNA-1 5717029
.05 maker-168428007-augustus-gene-0.41-mRNA-1 825573
.04 maker-168428007-augustus-gene-0.41-mRNA-1 5721031
.04 maker-168428007-augustus-gene-0.41-mRNA-1 966695
.40 maker-168196590-augustus-gene-0.23-mRNA-1 5739021
.21 augustus_masked-164074907-processed-gene-0.0-mRNA-1 2112200
.60 snap_masked-167937776-processed-gene-0.10-mRNA-1 4060793
.17 snap_masked-167937776-processed-gene-0.10-mRNA-1 2055590
.65 augustus_masked-168183416-processed-gene-0.7-mRNA-1 5821266
.18 maker-168558918-snap-gene-0.58-mRNA-1 5730353
.03 maker-168558918-snap-gene-0.58-mRNA-1 5717489
.04 maker-168558918-snap-gene-0.58-mRNA-1 2394118
.07 maker-168071173-snap-gene-0.25-mRNA-1 1923732
.09 maker-168071173-snap-gene-0.25-mRNA-1 2212555
.16 maker-168536713-augustus-gene-0.77-mRNA-1 5733746
.11 maker-168536713-augustus-gene-0.77-mRNA-1 1382313
.04 maker-168536713-augustus-gene-0.77-mRNA-1 5732879
.39 maker-168071173-snap-gene-0.26-mRNA-1 2212555
.33 maker-168071173-snap-gene-0.26-mRNA-1 2122773
.32 maker-168071173-snap-gene-0.26-mRNA-1 5754373
.32 maker-168071173-snap-gene-0.26-mRNA-1 1766240
.27 maker-168071173-snap-gene-0.26-mRNA-1 1007619
.16 maker-166600736-snap-gene-0.4-mRNA-1 1021325
.16 maker-166600736-snap-gene-0.4-mRNA-1 1743996
.01 augustus_masked-168196677-processed-gene-0.2-mRNA-1 5718966
.17 genemark-168348020-processed-gene-0.33-mRNA-1 1080746
.10 genemark-168348020-processed-gene-0.33-mRNA-1 1528982
.01 genemark-168348020-processed-gene-0.33-mRNA-1 2247193
.38 maker-168303944-snap-gene-0.63-mRNA-1 5724534
.19 snap_masked-168573438-processed-gene-0.45-mRNA-1 3822038
.15 snap_masked-168573438-processed-gene-0.45-mRNA-1 3628096
.11 snap_masked-168573438-processed-gene-0.45-mRNA-1 4070750
.13 snap_masked-168573438-processed-gene-0.45-mRNA-1 5740790
.26 maker-168185089-augustus-gene-0.14-mRNA-3 5718121
.15 maker-168185089-augustus-gene-0.14-mRNA-3 733979
.19 maker-168188920-snap-gene-0.33-mRNA-1 5735271
.47 maker-168183075-snap-gene-0.52-mRNA-1 5721482
.51 maker-168183075-snap-gene-0.52-mRNA-1 1196137
.40 maker-168577580-snap-gene-0.22-mRNA-1 5794563
.33 maker-168577580-snap-gene-0.22-mRNA-1 5741191
.32 maker-168577580-snap-gene-0.22-mRNA-1 5727589
.26 maker-168577580-snap-gene-0.22-mRNA-1 3633652
.22 maker-168577580-snap-gene-0.22-mRNA-1 5786172
.28 genemark-167986691-processed-gene-0.1-mRNA-1 1449487
.26 genemark-167986691-processed-gene-0.1-mRNA-1 1878580
.36 maker-168147836-augustus-gene-0.37-mRNA-1 5725097
.56 maker-168147836-augustus-gene-0.37-mRNA-1 5821198
.34 maker-168188581-snap-gene-0.32-mRNA-1 5717221
.40 augustus_masked-168519061-processed-gene-0.7-mRNA-1 2267337
.30 augustus_masked-168519061-processed-gene-0.7-mRNA-1 3902762
.27 maker-168193532-augustus-gene-1.57-mRNA-1 613647
.22 augustus_masked-164452728-processed-gene-0.1-mRNA-1 1089812
.77 augustus_masked-164452728-processed-gene-0.1-mRNA-1 5737845
.56 maker-165892324-augustus-gene-0.3-mRNA-1 5735262
.37 maker-165892324-augustus-gene-0.3-mRNA-1 1233391
.61 genemark-168411250-processed-gene-0.6-mRNA-1 1522732
.25 genemark-168411250-processed-gene-0.6-mRNA-1 4740971
.25 genemark-168411250-processed-gene-0.6-mRNA-1 5751172
.15 augustus_masked-168567946-processed-gene-0.3-mRNA-1 2307525
.11 augustus_masked-168567946-processed-gene-0.3-mRNA-1 5739526
.89 augustus_masked-162249021-processed-gene-0.0-mRNA-1 137727
.09 augustus_masked-162249021-processed-gene-0.0-mRNA-1 1058271
.09 augustus_masked-162249021-processed-gene-0.0-mRNA-1 2996565
.07 augustus_masked-162249021-processed-gene-0.0-mRNA-1 1058269
.07 augustus_masked-162249021-processed-gene-0.0-mRNA-1 2743073
.86 augustus_masked-168509142-processed-gene-0.4-mRNA-1 563853
.32 maker-162365180-snap-gene-0.5-mRNA-1 2396299
.25 maker-162365180-snap-gene-0.5-mRNA-1 1532689
.27 augustus_masked-167913867-processed-gene-0.3-mRNA-1 5716055
.15 augustus_masked-167913867-processed-gene-0.3-mRNA-1 1573998
.22 maker-168381976-snap-gene-0.30-mRNA-1 899600
.25 maker-168381976-snap-gene-0.30-mRNA-1 1062117
.29 augustus_masked-163764686-processed-gene-0.0-mRNA-1 969614
.24 augustus_masked-163764686-processed-gene-0.0-mRNA-1 5764888
.32 genemark-168479921-processed-gene-0.48-mRNA-1 2798907
.31 genemark-168479921-processed-gene-0.48-mRNA-1 2823929
.37 maker-168186755-snap-gene-0.28-mRNA-1 5821248
.10 maker-168186755-snap-gene-0.28-mRNA-1 5729316
.70 maker-168510568-snap-gene-0.25-mRNA-1 5821305
.07 maker-168561168-snap-gene-0.36-mRNA-1 2124656
.77 maker-168561168-snap-gene-0.36-mRNA-1 5821298
.38 maker-168558381-augustus-gene-0.76-mRNA-1 5738270
.62 snap_masked-168314009-processed-gene-0.86-mRNA-1 5721385
.37 snap_masked-168314009-processed-gene-0.86-mRNA-1 417665
.29 maker-168568361-augustus-gene-0.53-mRNA-1 620128
.49 maker-168568361-augustus-gene-0.53-mRNA-1 5821315
.38 augustus_masked-163747011-processed-gene-0.0-mRNA-1 2402783
.87 maker-168337454-snap-gene-0.100-mRNA-1 2145346
.16 maker-168473591-augustus-gene-0.86-mRNA-1 5751866
.65 maker-168473591-augustus-gene-0.86-mRNA-1 5716563
.18 maker-168328789-snap-gene-0.80-mRNA-1 2252644
.14 maker-168328789-snap-gene-0.80-mRNA-1 1070684
.26 augustus_masked-167819482-processed-gene-0.0-mRNA-1 1900624
.40 augustus_masked-167819482-processed-gene-0.0-mRNA-1 5724656
.35 maker-168561329-augustus-gene-0.75-mRNA-1 5821302
.20 maker-168561329-augustus-gene-0.75-mRNA-1 5821302
.21 maker-168539047-snap-gene-0.95-mRNA-1 5728285
.67 maker-168184820-snap-gene-0.7-mRNA-1 5821312
.36 maker-167880810-snap-gene-0.19-mRNA-1 1805453
.16 maker-167880810-snap-gene-0.19-mRNA-1 5722679
.16 maker-167880810-snap-gene-0.19-mRNA-1 1534458
.50 maker-164004743-snap-gene-0.2-mRNA-1 1142337
.32 maker-164004743-snap-gene-0.2-mRNA-1 5316053
.24 maker-164004743-snap-gene-0.2-mRNA-1 2413802
.19 maker-164004743-snap-gene-0.2-mRNA-1 3295436
.67 maker-168274083-snap-gene-0.43-mRNA-1 5821198
.12 maker-168274083-snap-gene-0.43-mRNA-1 2555691
.34 maker-168465650-snap-gene-0.45-mRNA-1 1963101
.27 maker-162157327-snap-gene-0.4-mRNA-1 1280202
.17 maker-162157327-snap-gene-0.4-mRNA-1 1032092
.18 maker-162157327-snap-gene-0.4-mRNA-1 3298264
.13 maker-162157327-snap-gene-0.4-mRNA-1 1032089
.13 maker-162157327-snap-gene-0.4-mRNA-1 959056
.21 maker-168189776-augustus-gene-0.91-mRNA-1 2702620
.17 maker-168189776-augustus-gene-0.91-mRNA-1 4495392
.49 snap_masked-168182759-processed-gene-0.5-mRNA-1 5821166
.59 maker-168465590-augustus-gene-0.32-mRNA-1 5821303
.81 maker-168240139-augustus-gene-0.22-mRNA-1 5717551
.56 genemark-168556946-processed-gene-0.25-mRNA-1 1458914
.14 genemark-168556946-processed-gene-0.25-mRNA-1 2326160
.22 maker-168319262-snap-gene-0.45-mRNA-1 959003
.29 maker-168319262-snap-gene-0.45-mRNA-1 1178408
.50 genemark-168492325-processed-gene-0.56-mRNA-1 3108936
.22 maker-168473847-augustus-gene-0.45-mRNA-1 5718981
.08 maker-168473847-augustus-gene-0.45-mRNA-1 5721281
.88 genemark-163729524-processed-gene-0.1-mRNA-1 1332731
.68 genemark-163729524-processed-gene-0.1-mRNA-1 5728027
.55 genemark-163729524-processed-gene-0.1-mRNA-1 1759558
.40 genemark-163729524-processed-gene-0.1-mRNA-1 1655524
.40 genemark-163729524-processed-gene-0.1-mRNA-1 1026152
.52 maker-168235827-snap-gene-0.12-mRNA-1 5821207
.28 maker-168235827-snap-gene-0.12-mRNA-1 123491
.63 maker-168331534-augustus-gene-0.22-mRNA-1 5718732
.64 maker-168448377-augustus-gene-0.14-mRNA-1 5821233
.27 maker-164459445-snap-gene-0.3-mRNA-1 5735291
.63 maker-164459445-snap-gene-0.3-mRNA-1 5727375
.71 maker-168186500-augustus-gene-0.23-mRNA-1 5719121
.10 maker-168186500-augustus-gene-0.23-mRNA-1 3078378
.22 augustus_masked-167812752-processed-gene-0.1-mRNA-1 2003775
.17 augustus_masked-167812752-processed-gene-0.1-mRNA-1 2050318
.19 augustus_masked-167812752-processed-gene-0.1-mRNA-1 5717672
.16 augustus_masked-167812752-processed-gene-0.1-mRNA-1 1722442
.16 augustus_masked-167812752-processed-gene-0.1-mRNA-1 5736994
.83 maker-168577405-augustus-gene-0.88-mRNA-1 5821264
.09 maker-168577405-augustus-gene-0.88-mRNA-1 5722197
.51 maker-168324215-snap-gene-0.51-mRNA-1 5821274
.16 maker-168324215-snap-gene-0.51-mRNA-1 1799503
.26 maker-168183970-snap-gene-0.22-mRNA-1 5738472
.28 maker-168183970-snap-gene-0.22-mRNA-1 1532737
.23 maker-168183970-snap-gene-0.22-mRNA-1 1886848
.26 maker-168183970-snap-gene-0.22-mRNA-1 2477212
.20 maker-168183970-snap-gene-0.22-mRNA-1 745637
.48 maker-168186104-snap-gene-0.12-mRNA-1 5821210
.21 maker-168186104-snap-gene-0.12-mRNA-1 5821210
.17 maker-168187467-augustus-gene-0.33-mRNA-1 1332029
.99 augustus_masked-166783623-processed-gene-0.2-mRNA-1 444155
.26 maker-168226344-augustus-gene-0.79-mRNA-1 1492264
.20 maker-168226344-augustus-gene-0.79-mRNA-1 1102046
.07 maker-168226344-augustus-gene-0.79-mRNA-1 1492265
.35 augustus_masked-163847034-processed-gene-0.0-mRNA-1 272676
.32 maker-168436858-snap-gene-0.6-mRNA-1 5729698
.28 maker-168436858-snap-gene-0.6-mRNA-1 2010867
.20 maker-168436858-snap-gene-0.6-mRNA-1 5717415
.46 augustus_masked-168437395-processed-gene-0.0-mRNA-1 4765990
.48 augustus_masked-168437395-processed-gene-0.0-mRNA-1 1989447
.57 maker-168545579-snap-gene-0.16-mRNA-1 5729990
.17 maker-168545579-snap-gene-0.16-mRNA-1 5717423
.84 augustus_masked-165950810-processed-gene-0.1-mRNA-1 5821287
.07 augustus_masked-165950810-processed-gene-0.1-mRNA-1 5793620
.01 augustus_masked-165950810-processed-gene-0.1-mRNA-1 2455909
.36 augustus_masked-168414897-processed-gene-0.2-mRNA-1 5801555
.38 augustus_masked-168414897-processed-gene-0.2-mRNA-1 5746226
.13 augustus_masked-165783827-processed-gene-0.1-mRNA-1 1044731
.17 augustus_masked-165783827-processed-gene-0.1-mRNA-1 3277364
.18 augustus_masked-168548240-processed-gene-0.7-mRNA-1 2493037
.60 maker-168569351-snap-gene-1.125-mRNA-1 5716586
.27 augustus_masked-166914911-processed-gene-0.0-mRNA-1 5721807
.17 augustus_masked-166914911-processed-gene-0.0-mRNA-1 2493566
.10 augustus_masked-166914911-processed-gene-0.0-mRNA-1 5743546
.95 augustus_masked-168450935-processed-gene-1.5-mRNA-1 1279047
.43 snap_masked-168307518-processed-gene-0.9-mRNA-1 5716511
.28 snap_masked-168307518-processed-gene-0.9-mRNA-1 337322
.28 snap_masked-168307518-processed-gene-0.9-mRNA-1 333150
.50 augustus_masked-168559102-processed-gene-0.7-mRNA-1 5726163
.36 augustus_masked-168559102-processed-gene-0.7-mRNA-1 5723482
.66 augustus_masked-168566215-processed-gene-0.9-mRNA-1 5726433
.45 maker-166219764-augustus-gene-0.6-mRNA-2 5717669
.37 maker-166219764-augustus-gene-0.6-mRNA-2 5717910
.46 maker-166219764-augustus-gene-0.6-mRNA-1 5717669
.38 maker-166219764-augustus-gene-0.6-mRNA-1 5717910
.47 augustus_masked-168559199-processed-gene-0.17-mRNA-1 5725522
.26 augustus_masked-168559199-processed-gene-0.17-mRNA-1 5725523
.15 maker-168384232-snap-gene-0.70-mRNA-1 5730353
.10 maker-168384232-snap-gene-0.70-mRNA-1 5724274
.04 maker-168384232-snap-gene-0.70-mRNA-1 5720611
.01 maker-168384232-snap-gene-0.70-mRNA-1 4707403
.01 maker-168384232-snap-gene-0.70-mRNA-1 2785117
.61 maker-168232336-snap-gene-0.20-mRNA-1 5821316
.08 maker-168232336-snap-gene-0.20-mRNA-1 1704617
.80 maker-166686765-snap-gene-0.5-mRNA-1 5716883
.17 maker-168557063-augustus-gene-0.134-mRNA-1 2483353
.14 maker-168557063-augustus-gene-0.134-mRNA-1 5751665
.20 augustus_masked-168342061-processed-gene-0.1-mRNA-1 2720626
.17 augustus_masked-168342061-processed-gene-0.1-mRNA-1 2720626
.33 augustus_masked-168371245-processed-gene-0.1-mRNA-1 2440343
.29 augustus_masked-168371245-processed-gene-0.1-mRNA-1 2440339
.07 maker-168560687-augustus-gene-0.76-mRNA-1 2207980
.04 maker-168560687-augustus-gene-0.76-mRNA-1 5146110
.56 augustus_masked-167829699-processed-gene-0.3-mRNA-1 830283
.16 augustus_masked-167829699-processed-gene-0.3-mRNA-1 2301305
.19 snap_masked-164538801-processed-gene-0.1-mRNA-1 4622485
.11 snap_masked-164538801-processed-gene-0.1-mRNA-1 1581973
.12 genemark-168566761-processed-gene-0.17-mRNA-1 5745316
.11 genemark-168566761-processed-gene-0.17-mRNA-1 4338420
.26 augustus_masked-162579802-processed-gene-0.0-mRNA-1 1045423
.22 augustus_masked-162579802-processed-gene-0.0-mRNA-1 4011941
.27 augustus_masked-162579802-processed-gene-0.0-mRNA-1 3461320
.19 augustus_masked-162579802-processed-gene-0.0-mRNA-1 3001832
.56 maker-164740903-augustus-gene-0.3-mRNA-1 5722161
.23 maker-168232216-augustus-gene-0.60-mRNA-1 2306684
.14 maker-168232216-augustus-gene-0.60-mRNA-1 2449467
.28 augustus_masked-167874114-processed-gene-0.0-mRNA-1 2890618
.18 snap_masked-168488885-processed-gene-0.4-mRNA-1 829361
.09 maker-168571622-augustus-gene-0.43-mRNA-1 5718125
.07 maker-168571622-augustus-gene-0.43-mRNA-1 2543413
.39 maker-168407624-snap-gene-0.97-mRNA-1 5821183
.09 augustus_masked-168377306-processed-gene-0.5-mRNA-1 787007
.18 augustus_masked-168377306-processed-gene-0.5-mRNA-1 452409
.41 maker-168187992-snap-gene-0.19-mRNA-1 836209
.17 maker-168187992-snap-gene-0.19-mRNA-1 2079905
.26 maker-167859797-snap-gene-0.52-mRNA-1 1119080
.23 maker-167859797-snap-gene-0.52-mRNA-1 1507824
.17 maker-168499295-snap-gene-0.52-mRNA-1 5720493
.67 maker-168499295-snap-gene-0.52-mRNA-1 5716464
.30 genemark-167929813-processed-gene-0.5-mRNA-1 5781818
.10 genemark-167929813-processed-gene-0.5-mRNA-1 5721602
.33 genemark-168262150-processed-gene-0.27-mRNA-1 913061
.22 genemark-168262150-processed-gene-0.27-mRNA-1 2181709
.42 maker-167877492-snap-gene-0.15-mRNA-1 5821192
.54 maker-167877492-snap-gene-0.15-mRNA-1 5821192
.46 augustus_masked-168001069-processed-gene-0.6-mRNA-1 2716411
.16 augustus_masked-168001069-processed-gene-0.6-mRNA-1 4672220
.17 genemark-168304985-processed-gene-0.19-mRNA-1 913413
.13 genemark-168304985-processed-gene-0.19-mRNA-1 5733397
.17 genemark-168304985-processed-gene-0.19-mRNA-1 2275599
.09 genemark-168304985-processed-gene-0.19-mRNA-1 4466962
.24 maker-168192479-augustus-gene-0.25-mRNA-1 5821219
.07 maker-168192479-augustus-gene-0.25-mRNA-1 971516
.99 genemark-168464232-processed-gene-0.37-mRNA-1 5716228
.47 genemark-167443867-processed-gene-0.1-mRNA-1 5742913
.13 genemark-167443867-processed-gene-0.1-mRNA-1 2251380
.13 genemark-167443867-processed-gene-0.1-mRNA-1 2152345
.81 maker-168395740-snap-gene-0.17-mRNA-1 5725455
.13 maker-168395740-snap-gene-0.17-mRNA-1 3142336
.76 snap_masked-168455340-processed-gene-0.19-mRNA-1 1428189
.20 snap_masked-168455340-processed-gene-0.19-mRNA-1 1428182
.31 maker-168181010-snap-gene-0.12-mRNA-1 5776754
.24 maker-168181010-snap-gene-0.12-mRNA-1 1755813
.61 maker-168183510-snap-gene-0.57-mRNA-1 260062
.33 maker-168183510-snap-gene-0.57-mRNA-1 1205533
.35 maker-168368659-snap-gene-0.26-mRNA-1 5718874
.18 maker-168368659-snap-gene-0.26-mRNA-1 2017519
.34 snap_masked-168395633-processed-gene-0.87-mRNA-1 5730969
.40 maker-168188721-augustus-gene-2.68-mRNA-1 5716705
.18 maker-168188721-augustus-gene-2.68-mRNA-1 5718427
.52 maker-168550641-augustus-gene-0.66-mRNA-1 5730730
.29 maker-168550641-augustus-gene-0.66-mRNA-1 5821244
.26 maker-168553218-snap-gene-0.39-mRNA-1 606182
.24 maker-168553218-snap-gene-0.39-mRNA-1 1025441
.68 augustus_masked-168182937-processed-gene-0.1-mRNA-1 1669844
.44 maker-168183116-augustus-gene-0.24-mRNA-1 5821321
.55 maker-168183116-augustus-gene-0.24-mRNA-1 5821321
.32 maker-168183116-augustus-gene-0.24-mRNA-2 5821321
.67 maker-168183116-augustus-gene-0.24-mRNA-2 5821321
.27 augustus_masked-168548265-processed-gene-0.2-mRNA-1 2748608
.22 augustus_masked-168548265-processed-gene-0.2-mRNA-1 1425642
.26 maker-166750527-augustus-gene-0.2-mRNA-1 2442827
.72 maker-166750527-augustus-gene-0.2-mRNA-1 5716266
.83 augustus_masked-168234756-processed-gene-0.1-mRNA-1 5821175
.17 snap_masked-168408690-processed-gene-0.4-mRNA-1 2785117
.09 snap_masked-168408690-processed-gene-0.4-mRNA-1 4707403
.12 snap_masked-168408690-processed-gene-0.4-mRNA-1 4815994
.06 snap_masked-168408690-processed-gene-0.4-mRNA-1 2642981
.51 maker-168565333-augustus-gene-0.69-mRNA-1 5721029
.28 maker-168565333-augustus-gene-0.69-mRNA-1 1149136
.54 maker-167801414-snap-gene-0.10-mRNA-2 5821291
.32 maker-167801414-snap-gene-0.10-mRNA-2 5732823
.22 maker-168550822-snap-gene-0.53-mRNA-1 5729677
.14 maker-168550822-snap-gene-0.53-mRNA-1 5726953
.14 maker-168550822-snap-gene-0.53-mRNA-1 2037544
.61 maker-168471384-snap-gene-0.13-mRNA-1 5716998
.19 maker-168471384-snap-gene-0.13-mRNA-1 524586
.67 maker-168524732-snap-gene-0.36-mRNA-1 1381030
.15 maker-162029178-snap-gene-0.5-mRNA-1 125863
.24 maker-162029178-snap-gene-0.5-mRNA-1 5716152
.63 maker-161915945-augustus-gene-0.4-mRNA-1 5821284
.24 maker-161915945-augustus-gene-0.4-mRNA-1 5717794
.13 maker-164591750-augustus-gene-0.3-mRNA-1 3549841
.22 maker-164591750-augustus-gene-0.3-mRNA-1 5723820
.57 genemark-168544813-processed-gene-0.6-mRNA-1 1080746
.21 genemark-168544813-processed-gene-0.6-mRNA-1 5732618
.29 maker-168186684-augustus-gene-0.21-mRNA-1 5821202
.05 maker-168186684-augustus-gene-0.21-mRNA-1 5756529
.52 snap_masked-168547409-processed-gene-0.34-mRNA-1 5723736
.88 augustus_masked-168438758-processed-gene-0.11-mRNA-1 5821177
.12 maker-168208252-snap-gene-0.84-mRNA-3 5821169
.09 maker-168208252-snap-gene-0.84-mRNA-3 5717444
.08 maker-168208252-snap-gene-0.84-mRNA-3 5716545
.26 maker-168570208-snap-gene-0.39-mRNA-1 1857738
.16 maker-168570208-snap-gene-0.39-mRNA-1 5718632
.45 maker-168185366-snap-gene-0.6-mRNA-1 5735469
.11 maker-168185366-snap-gene-0.6-mRNA-1 5511450
.64 maker-168480251-augustus-gene-0.57-mRNA-1 5821226
.30 maker-168570929-augustus-gene-0.41-mRNA-1 5821258
.29 maker-168570929-augustus-gene-0.41-mRNA-1 1580132
.79 snap_masked-168550564-processed-gene-0.102-mRNA-1 5721133
.10 snap_masked-168550564-processed-gene-0.102-mRNA-1 5716575
.27 augustus_masked-168391043-processed-gene-0.3-mRNA-1 449599
.17 augustus_masked-168391043-processed-gene-0.3-mRNA-1 2827
.73 augustus_masked-168566326-processed-gene-0.0-mRNA-1 1621706
.07 augustus_masked-168566326-processed-gene-0.0-mRNA-1 4067159
.08 genemark-168546986-processed-gene-0.13-mRNA-1 4696270
.05 genemark-168546986-processed-gene-0.13-mRNA-1 2675287
.04 genemark-168546986-processed-gene-0.13-mRNA-1 5570548
.01 genemark-168546986-processed-gene-0.13-mRNA-1 3758432
.14 augustus_masked-168569156-processed-gene-3.63-mRNA-1 1637187
.14 augustus_masked-168569156-processed-gene-3.63-mRNA-1 1793965
.44 maker-167828815-augustus-gene-0.12-mRNA-1 5720963
.20 maker-167828815-augustus-gene-0.12-mRNA-1 5731158
.19 maker-167828815-augustus-gene-0.12-mRNA-1 2480436
.15 maker-162653869-augustus-gene-0.3-mRNA-1 2244302
.65 augustus_masked-166030721-processed-gene-0.0-mRNA-1 1346600
.21 augustus_masked-166030721-processed-gene-0.0-mRNA-1 2268707
.89 augustus_masked-168577140-processed-gene-0.0-mRNA-1 5821218
.58 maker-168441275-augustus-gene-0.55-mRNA-1 5821194
.45 maker-166709495-snap-gene-0.5-mRNA-1 5821214
.20 maker-168577556-augustus-gene-0.31-mRNA-1 996868
.17 maker-168577556-augustus-gene-0.31-mRNA-1 5728605
.42 snap_masked-168503149-processed-gene-0.19-mRNA-1 2289850
.20 snap_masked-168503149-processed-gene-0.19-mRNA-1 1552107
.73 maker-165341703-augustus-gene-0.3-mRNA-1 5717151
.09 maker-165341703-augustus-gene-0.3-mRNA-1 5726072
.38 maker-168577025-snap-gene-0.64-mRNA-1 2469439
.15 maker-167865223-augustus-gene-0.47-mRNA-1 5721358
.22 maker-167865223-augustus-gene-0.47-mRNA-1 5821323
.10 maker-168344240-augustus-gene-0.18-mRNA-1 5716402
.08 maker-168344240-augustus-gene-0.18-mRNA-1 5716401
.20 maker-168509181-snap-gene-0.106-mRNA-1 640767
.31 maker-167869164-augustus-gene-0.17-mRNA-1 5717446
.18 maker-167869164-augustus-gene-0.17-mRNA-1 2427128
.39 augustus_masked-168575934-processed-gene-0.1-mRNA-1 5719896
.20 augustus_masked-168575934-processed-gene-0.1-mRNA-1 1384203
.19 augustus_masked-168575934-processed-gene-0.1-mRNA-1 1328791
.20 maker-168240834-snap-gene-0.39-mRNA-1 5729173
.62 maker-168577285-augustus-gene-0.52-mRNA-1 5721566
.16 maker-168577285-augustus-gene-0.52-mRNA-1 3823342
.37 maker-168569475-augustus-gene-0.52-mRNA-1 2192437
.31 maker-168569475-augustus-gene-0.52-mRNA-1 5729182
.76 augustus_masked-164689749-processed-gene-0.0-mRNA-1 784962
.18 augustus_masked-164689749-processed-gene-0.0-mRNA-1 2400330
.21 genemark-167815251-processed-gene-0.12-mRNA-1 4424861
.48 maker-168253976-snap-gene-0.19-mRNA-1 5821235
.21 maker-168253976-snap-gene-0.19-mRNA-1 5729243
.32 augustus_masked-168423319-processed-gene-0.4-mRNA-1 679994
.23 augustus_masked-168423319-processed-gene-0.4-mRNA-1 1837028
.22 maker-165796197-augustus-gene-0.4-mRNA-1 1839615
.20 maker-165796197-augustus-gene-0.4-mRNA-1 5716587
.21 maker-165796197-augustus-gene-0.4-mRNA-1 2092981
.41 maker-168424764-snap-gene-0.30-mRNA-1 5721791
.27 maker-168424764-snap-gene-0.30-mRNA-1 1722693
.59 augustus_masked-168357341-processed-gene-0.3-mRNA-1 2733089
.58 augustus_masked-166074317-processed-gene-0.0-mRNA-1 2328478
.41 augustus_masked-166074317-processed-gene-0.0-mRNA-1 2649990
.06 maker-168526002-snap-gene-0.25-mRNA-1 5806051
.08 maker-168211830-augustus-gene-0.12-mRNA-1 5737905
.05 maker-168211830-augustus-gene-0.12-mRNA-1 863632
.01 maker-168211830-augustus-gene-0.12-mRNA-1 5725854
.82 genemark-168577075-processed-gene-0.3-mRNA-1 5821253
.58 augustus_masked-166287596-processed-gene-0.0-mRNA-1 2474624
.11 augustus_masked-166287596-processed-gene-0.0-mRNA-1 2924333
.17 maker-168548205-snap-gene-0.24-mRNA-1 5732354
.56 maker-168548205-snap-gene-0.24-mRNA-1 846433
.01 maker-168560986-snap-gene-0.90-mRNA-1 1664428
.44 maker-168399359-snap-gene-0.30-mRNA-1 5719585
.39 maker-168399359-snap-gene-0.30-mRNA-1 5716486
.66 augustus_masked-168191497-processed-gene-0.34-mRNA-1 1669844
.34 maker-162605827-snap-gene-0.3-mRNA-1 1265683
.25 maker-162605827-snap-gene-0.3-mRNA-1 2066321
.21 maker-162605827-snap-gene-0.3-mRNA-1 1265682
.21 maker-162605827-snap-gene-0.3-mRNA-1 1915265
.19 maker-162605827-snap-gene-0.3-mRNA-1 1662865
.16 augustus_masked-167856030-processed-gene-0.0-mRNA-1 1214047
.13 augustus_masked-167856030-processed-gene-0.0-mRNA-1 1207460
.72 augustus_masked-167812213-processed-gene-0.12-mRNA-1 5716739
.17 augustus_masked-167812213-processed-gene-0.12-mRNA-1 5735597
.27 maker-168379418-snap-gene-0.42-mRNA-1 481222
.45 maker-168379418-snap-gene-0.42-mRNA-1 533700
.62 maker-167795763-snap-gene-0.53-mRNA-1 5821215
.15 maker-167795763-snap-gene-0.53-mRNA-1 5736404
.32 maker-168471628-snap-gene-0.18-mRNA-1 5821301
.05 maker-168471628-snap-gene-0.18-mRNA-1 1243224
.89 maker-160667756-snap-gene-0.4-mRNA-1 5821288
.10 maker-160667756-snap-gene-0.4-mRNA-1 3635802
.26 augustus_masked-168447100-processed-gene-0.0-mRNA-1 1283658
.26 augustus_masked-168447100-processed-gene-0.0-mRNA-1 1283662
.01 augustus_masked-168494626-processed-gene-0.3-mRNA-1 5821255
.33 augustus_masked-168186528-processed-gene-0.2-mRNA-1 5727479
.27 genemark-162711595-processed-gene-0.1-mRNA-1 913413
.15 genemark-162711595-processed-gene-0.1-mRNA-1 4466962
.13 genemark-162711595-processed-gene-0.1-mRNA-1 2198944
.12 genemark-162711595-processed-gene-0.1-mRNA-1 3136266
.24 maker-166773883-snap-gene-0.5-mRNA-1 2525555
.75 maker-166773883-snap-gene-0.5-mRNA-1 5821280
.22 augustus_masked-168573829-processed-gene-0.8-mRNA-1 5496737
.57 augustus_masked-168573829-processed-gene-0.8-mRNA-1 4722787
.40 maker-162080320-snap-gene-0.5-mRNA-1 1335457
.79 maker-168184619-snap-gene-0.12-mRNA-1 5821308
.06 maker-168184619-snap-gene-0.12-mRNA-1 974160
.10 maker-168240510-augustus-gene-0.30-mRNA-1 5735299
.76 maker-168240510-augustus-gene-0.30-mRNA-1 5821248
.29 maker-168311773-snap-gene-0.25-mRNA-1 1015824
.19 maker-168311773-snap-gene-0.25-mRNA-1 2646976
.60 augustus_masked-168542116-processed-gene-0.2-mRNA-1 3129725
.15 genemark-167941227-processed-gene-0.9-mRNA-1 5722478
.14 genemark-167941227-processed-gene-0.9-mRNA-1 2087559
.46 maker-167841556-snap-gene-0.8-mRNA-1 212102
.38 maker-168567405-snap-gene-0.31-mRNA-1 5737405
.17 maker-168567405-snap-gene-0.31-mRNA-1 1208244
.31 maker-168577084-snap-gene-0.16-mRNA-1 5725613
.83 maker-168359502-augustus-gene-0.13-mRNA-1 5821204
.10 augustus_masked-167848865-processed-gene-0.2-mRNA-1 5723119
.10 augustus_masked-167848865-processed-gene-0.2-mRNA-1 2003775
.19 maker-168570229-augustus-gene-0.74-mRNA-1 5720595
.10 maker-168570229-augustus-gene-0.74-mRNA-1 1611413
.16 genemark-168564678-processed-gene-0.2-mRNA-1 913413
.34 genemark-168431026-processed-gene-0.5-mRNA-1 2587738
.51 maker-168482721-augustus-gene-0.51-mRNA-1 5821257
.02 maker-168482721-augustus-gene-0.51-mRNA-1 5742607
.24 maker-165124954-augustus-gene-0.5-mRNA-1 2568109
.58 genemark-166997424-processed-gene-0.0-mRNA-1 5821270
.18 genemark-166997424-processed-gene-0.0-mRNA-1 2253717
.11 maker-167994331-augustus-gene-0.45-mRNA-1 474520
.12 maker-167994331-augustus-gene-0.45-mRNA-1 2668562
.10 maker-167994331-augustus-gene-0.45-mRNA-1 5742258
.26 maker-168294133-augustus-gene-0.51-mRNA-1 5722497
.25 maker-168294133-augustus-gene-0.51-mRNA-1 5722496
.43 maker-168217166-augustus-gene-0.73-mRNA-1 5723055
.66 maker-168558102-augustus-gene-0.91-mRNA-1 5821319
.08 maker-168198041-augustus-gene-0.49-mRNA-1 5742329
.08 maker-168198041-augustus-gene-0.49-mRNA-1 937860
.05 maker-168198041-augustus-gene-0.49-mRNA-1 254239
.20 maker-168240246-augustus-gene-0.12-mRNA-1 5716959
.16 maker-168240246-augustus-gene-0.12-mRNA-1 5716958
.75 maker-163676960-augustus-gene-0.2-mRNA-1 5821249
.09 maker-163676960-augustus-gene-0.2-mRNA-1 1373883
.10 maker-167944708-augustus-gene-0.42-mRNA-1 5716189
.11 maker-167944708-augustus-gene-0.42-mRNA-1 5722214
.38 maker-168385244-augustus-gene-0.33-mRNA-1 5726501
.32 maker-168385244-augustus-gene-0.33-mRNA-1 5726500
.60 snap_masked-167895587-processed-gene-0.5-mRNA-1 5821229
.11 snap_masked-167895587-processed-gene-0.5-mRNA-1 1723083
.25 maker-168553811-augustus-gene-0.34-mRNA-1 5747481
.29 maker-168553811-augustus-gene-0.34-mRNA-1 5731787
.59 maker-168564527-snap-gene-0.30-mRNA-1 5717925
.12 maker-168564527-snap-gene-0.30-mRNA-1 996070
.46 maker-168532704-snap-gene-0.36-mRNA-1 592236
.39 maker-168532704-snap-gene-0.36-mRNA-1 5734941
.69 maker-168292906-snap-gene-0.24-mRNA-1 5821234
.30 maker-168292906-snap-gene-0.24-mRNA-1 5733655
.31 snap_masked-168549129-processed-gene-0.20-mRNA-1 5716685
.47 maker-168016424-augustus-gene-0.27-mRNA-2 5821236
.16 maker-168016424-augustus-gene-0.27-mRNA-2 5725519
.42 maker-168189228-snap-gene-0.97-mRNA-1 5821241
.26 maker-168189228-snap-gene-0.97-mRNA-1 3156687
.81 maker-168470435-augustus-gene-0.15-mRNA-1 5821284
.13 maker-168470435-augustus-gene-0.15-mRNA-1 87201
.60 maker-168561624-augustus-gene-0.6-mRNA-1 1304457
.16 maker-168561624-augustus-gene-0.6-mRNA-1 5095580
.19 maker-168561624-augustus-gene-0.6-mRNA-1 4202421
.16 maker-168561624-augustus-gene-0.6-mRNA-1 5558490
.16 maker-168561624-augustus-gene-0.6-mRNA-1 2384677
.49 maker-167265731-snap-gene-0.5-mRNA-1 5821171
.22 maker-167265731-snap-gene-0.5-mRNA-1 5718829
.81 maker-166388077-augustus-gene-0.5-mRNA-2 5821246
.42 maker-168098522-augustus-gene-0.34-mRNA-1 5718379
.15 maker-168098522-augustus-gene-0.34-mRNA-1 1331556
.29 maker-168186284-snap-gene-0.13-mRNA-1 616948
.16 maker-168186284-snap-gene-0.13-mRNA-1 2383445
.08 maker-168186284-snap-gene-0.13-mRNA-1 2705049
.07 maker-168186284-snap-gene-0.13-mRNA-1 2383446
.73 maker-168190276-snap-gene-0.64-mRNA-1 784962
.60 maker-166366691-augustus-gene-0.3-mRNA-1 5821254
.12 maker-166366691-augustus-gene-0.3-mRNA-1 790851
.50 augustus_masked-168351072-processed-gene-0.18-mRNA-1 1404147
.31 augustus_masked-168351072-processed-gene-0.18-mRNA-1 1567735
.30 augustus_masked-168351072-processed-gene-0.18-mRNA-1 1203138
.26 maker-168178695-augustus-gene-0.14-mRNA-1 3599538
.35 maker-168178695-augustus-gene-0.14-mRNA-1 3128570
.19 maker-168259001-augustus-gene-0.42-mRNA-1 5821297
.06 maker-168259001-augustus-gene-0.42-mRNA-1 876303
.75 maker-168498446-augustus-gene-0.115-mRNA-1 5821188
.22 augustus_masked-168450074-processed-gene-0.5-mRNA-1 1389575
.24 augustus_masked-168450074-processed-gene-0.5-mRNA-1 2405707
.48 maker-168572221-augustus-gene-0.62-mRNA-2 5821239
.25 maker-168349402-snap-gene-0.19-mRNA-2 1365259
.24 maker-168349402-snap-gene-0.19-mRNA-2 5730682
.10 maker-168349402-snap-gene-0.19-mRNA-2 2812152
.58 maker-168190314-snap-gene-1.128-mRNA-1 5736539
.76 maker-168575940-snap-gene-0.34-mRNA-1 5721006
.23 maker-168575940-snap-gene-0.34-mRNA-1 3424907
.40 maker-168494032-snap-gene-1.45-mRNA-1 5821267
.10 maker-168494032-snap-gene-1.45-mRNA-1 5726481
.07 maker-168511538-snap-gene-0.11-mRNA-1 3384760
.59 maker-168511538-snap-gene-0.11-mRNA-1 502352
.33 augustus_masked-168401751-processed-gene-0.16-mRNA-1 5725412
.32 augustus_masked-168401751-processed-gene-0.16-mRNA-1 5742139
.34 augustus_masked-168401751-processed-gene-0.16-mRNA-1 3005720
.28 augustus_masked-168401751-processed-gene-0.16-mRNA-1 1709271
.30 augustus_masked-168401751-processed-gene-0.16-mRNA-1 2417617
.35 augustus_masked-168286317-processed-gene-0.12-mRNA-1 2722050
.35 augustus_masked-168286317-processed-gene-0.12-mRNA-1 3388722
.17 maker-168246894-snap-gene-0.14-mRNA-1 5717264
.29 maker-168246894-snap-gene-0.14-mRNA-1 5717263
.30 maker-168208372-snap-gene-0.70-mRNA-1 5821304
.64 maker-168514719-snap-gene-0.39-mRNA-1 5718002
.27 maker-168514719-snap-gene-0.39-mRNA-1 1845851
.30 augustus_masked-162773156-processed-gene-0.0-mRNA-1 3167381
.45 augustus_masked-162773156-processed-gene-0.0-mRNA-1 5718227
.23 augustus_masked-168440956-processed-gene-0.7-mRNA-1 5718741
.17 maker-168522562-augustus-gene-0.73-mRNA-1 5725105
.36 snap_masked-166584126-processed-gene-0.2-mRNA-1 5721226
.26 snap_masked-166584126-processed-gene-0.2-mRNA-1 5722271
.22 augustus_masked-163247516-processed-gene-0.0-mRNA-1 525197
.19 augustus_masked-163247516-processed-gene-0.0-mRNA-1 1001850
.12 augustus_masked-163247516-processed-gene-0.0-mRNA-1 5718877
.12 augustus_masked-163247516-processed-gene-0.0-mRNA-1 2042472
.03 augustus_masked-163247516-processed-gene-0.0-mRNA-1 1001813
.41 maker-168218725-snap-gene-0.66-mRNA-1 1973131
.39 augustus_masked-167838348-processed-gene-0.3-mRNA-1 636486
.28 augustus_masked-167838348-processed-gene-0.3-mRNA-1 5724157
.35 genemark-168303026-processed-gene-0.1-mRNA-1 4540384
.38 genemark-168303026-processed-gene-0.1-mRNA-1 5719576
.05 genemark-168303026-processed-gene-0.1-mRNA-1 1531015
.05 genemark-168303026-processed-gene-0.1-mRNA-1 5233440
.59 maker-168562409-snap-gene-0.38-mRNA-1 669976
.23 maker-168562409-snap-gene-0.38-mRNA-1 303868
.08 augustus_masked-168443181-processed-gene-0.15-mRNA-1 2698434
.17 augustus_masked-168443181-processed-gene-0.15-mRNA-1 5717961
.72 snap_masked-168237181-processed-gene-1.73-mRNA-1 5716586
.32 maker-168081530-snap-gene-0.22-mRNA-1 5571485
.73 maker-168410765-augustus-gene-0.42-mRNA-1 5821203
.17 maker-168410765-augustus-gene-0.42-mRNA-1 1389563
.41 augustus_masked-168287753-processed-gene-0.14-mRNA-1 5720755
.16 augustus_masked-168287753-processed-gene-0.14-mRNA-1 1099394
.15 augustus_masked-168287753-processed-gene-0.14-mRNA-1 1404481
.24 augustus_masked-168185688-processed-gene-0.10-mRNA-1 5821324
.16 augustus_masked-168185688-processed-gene-0.10-mRNA-1 5821324
.33 maker-168126447-augustus-gene-0.22-mRNA-1 5821252
.27 maker-168126447-augustus-gene-0.22-mRNA-1 5727416
.39 maker-168571183-augustus-gene-0.28-mRNA-1 5730886
.19 maker-168571183-augustus-gene-0.28-mRNA-1 3374852
.17 maker-168571183-augustus-gene-0.28-mRNA-1 346606
.15 maker-168557558-augustus-gene-0.48-mRNA-1 807970
.27 snap_masked-168307979-processed-gene-0.63-mRNA-1 1705494
.62 snap_masked-168307979-processed-gene-0.63-mRNA-1 5728581
.38 snap_masked-168414024-processed-gene-1.105-mRNA-1 5718066
.29 snap_masked-168414024-processed-gene-1.105-mRNA-1 758070
.21 maker-168185331-augustus-gene-0.53-mRNA-1 1911512
.15 maker-168185331-augustus-gene-0.53-mRNA-1 1911510
.19 maker-168214115-augustus-gene-0.49-mRNA-1 2422406
.15 maker-168214115-augustus-gene-0.49-mRNA-1 5718418
.09 maker-168214115-augustus-gene-0.49-mRNA-1 2383787
.10 maker-168214115-augustus-gene-0.49-mRNA-1 1522622
.49 maker-168540134-augustus-gene-0.42-mRNA-1 5821310
.18 maker-168540134-augustus-gene-0.42-mRNA-1 5821310
.75 maker-168441700-snap-gene-0.58-mRNA-1 5721321
.47 augustus_masked-168474521-processed-gene-0.0-mRNA-1 934189
.21 augustus_masked-168474521-processed-gene-0.0-mRNA-1 2540147
.18 augustus_masked-168474521-processed-gene-0.0-mRNA-1 1813358
.64 maker-163477071-augustus-gene-0.4-mRNA-1 5720140
.53 maker-163477071-augustus-gene-0.4-mRNA-1 2674169
.55 maker-163477071-augustus-gene-0.4-mRNA-1 5745926
.23 augustus_masked-168431290-processed-gene-0.4-mRNA-1 1153335
.42 maker-168239631-augustus-gene-0.66-mRNA-1 5821277
.21 maker-168239631-augustus-gene-0.66-mRNA-1 613014
.32 augustus_masked-168491003-processed-gene-0.1-mRNA-1 2560618
.26 augustus_masked-168491003-processed-gene-0.1-mRNA-1 1634332
.26 augustus_masked-168491003-processed-gene-0.1-mRNA-1 3509665
.40 maker-168420509-snap-gene-0.31-mRNA-1 1688691
.28 maker-168420509-snap-gene-0.31-mRNA-1 5721923
.25 maker-168431761-snap-gene-0.5-mRNA-1 2095036
.23 maker-168431761-snap-gene-0.5-mRNA-1 1465266
.22 maker-168431761-snap-gene-0.5-mRNA-1 3207007
.21 maker-168431761-snap-gene-0.5-mRNA-1 2900383
.21 maker-168431761-snap-gene-0.5-mRNA-1 1440772
.53 maker-168453588-snap-gene-0.42-mRNA-1 5731141
.14 maker-168453588-snap-gene-0.42-mRNA-1 5152504
.46 maker-168343337-augustus-gene-0.30-mRNA-1 1346878
.34 maker-168343337-augustus-gene-0.30-mRNA-1 1369161
.16 maker-168276238-augustus-gene-0.52-mRNA-1 5732380
.02 maker-168276238-augustus-gene-0.52-mRNA-1 5716935
.15 maker-168071936-snap-gene-0.9-mRNA-1 5720278
.10 maker-168071936-snap-gene-0.9-mRNA-1 2741205
.02 maker-168071936-snap-gene-0.9-mRNA-1 1060859
.01 maker-168071936-snap-gene-0.9-mRNA-1 1060859
.48 maker-168252374-augustus-gene-0.12-mRNA-1 5821269
.17 maker-168252374-augustus-gene-0.12-mRNA-1 5721479
.15 genemark-164836809-processed-gene-0.0-mRNA-1 62397
.20 genemark-164836809-processed-gene-0.0-mRNA-1 2841204
.25 genemark-164836809-processed-gene-0.0-mRNA-1 4470799
.11 genemark-164836809-processed-gene-0.0-mRNA-1 5624843
.15 genemark-164836809-processed-gene-0.0-mRNA-1 4617683
.34 maker-168249329-snap-gene-0.17-mRNA-1 1543569
.49 maker-168249329-snap-gene-0.17-mRNA-1 697842
.45 maker-168547765-snap-gene-0.102-mRNA-1 5735558
.30 maker-168190218-snap-gene-0.73-mRNA-1 2877950
.16 maker-168190218-snap-gene-0.73-mRNA-1 1308365
.11 maker-168190218-snap-gene-0.73-mRNA-1 3030805
.33 maker-168538337-snap-gene-0.19-mRNA-1 5724166
.19 maker-168538337-snap-gene-0.19-mRNA-1 5729345
.64 maker-168306397-augustus-gene-0.29-mRNA-1 5821173
.14 maker-168306397-augustus-gene-0.29-mRNA-1 2901635
.45 maker-168564862-augustus-gene-0.69-mRNA-1 5719796
.17 maker-168564862-augustus-gene-0.69-mRNA-1 1222859
.29 augustus_masked-168325120-processed-gene-0.1-mRNA-1 5732262
.26 augustus_masked-168325120-processed-gene-0.1-mRNA-1 1982654
.34 augustus_masked-164897006-processed-gene-0.0-mRNA-1 5717924
.19 augustus_masked-164897006-processed-gene-0.0-mRNA-1 3165903
.88 maker-168564101-snap-gene-0.37-mRNA-1 5758115
.24 augustus_masked-168345183-processed-gene-0.0-mRNA-1 3239595
.20 augustus_masked-168345183-processed-gene-0.0-mRNA-1 1071607
.08 maker-168270009-augustus-gene-0.83-mRNA-1 565190
.06 maker-168270009-augustus-gene-0.83-mRNA-1 3300314
.64 maker-168454316-snap-gene-0.79-mRNA-1 5821286
.17 maker-168454316-snap-gene-0.79-mRNA-1 5721083
.12 maker-166188736-augustus-gene-0.3-mRNA-1 1904751
.24 maker-166188736-augustus-gene-0.3-mRNA-1 859312
.63 snap_masked-168188010-processed-gene-0.40-mRNA-1 5821174
.39 maker-168399019-snap-gene-0.14-mRNA-1 5742752
.37 augustus_masked-163283633-processed-gene-0.0-mRNA-1 5729882
.27 augustus_masked-163283633-processed-gene-0.0-mRNA-1 5736166
.23 augustus_masked-163283633-processed-gene-0.0-mRNA-1 5722812
.04 maker-168185398-snap-gene-0.15-mRNA-1 2237252
.11 maker-168185398-snap-gene-0.15-mRNA-1 5718445
.62 maker-168524700-snap-gene-0.32-mRNA-1 5821325
.07 maker-168524700-snap-gene-0.32-mRNA-1 1849387
.10 augustus_masked-168575146-processed-gene-0.1-mRNA-1 5721888
.38 augustus_masked-168575146-processed-gene-0.1-mRNA-1 5718318
.25 genemark-168389789-processed-gene-0.5-mRNA-1 1367387
.50 genemark-168389789-processed-gene-0.5-mRNA-1 5717270
.14 maker-168478852-snap-gene-0.45-mRNA-1 1718759
.85 maker-168478852-snap-gene-0.45-mRNA-1 5821309
.35 augustus_masked-168510615-processed-gene-0.1-mRNA-1 2732475
.19 augustus_masked-168510615-processed-gene-0.1-mRNA-1 501096
.14 augustus_masked-168510615-processed-gene-0.1-mRNA-1 1865391
.14 augustus_masked-168510615-processed-gene-0.1-mRNA-1 1658764
.15 augustus_masked-168293270-processed-gene-0.1-mRNA-1 5738491
.13 augustus_masked-168293270-processed-gene-0.1-mRNA-1 5725008
.11 augustus_masked-168293270-processed-gene-0.1-mRNA-1 2727854
.41 genemark-168354813-processed-gene-0.2-mRNA-1 1766247
.74 maker-168574247-snap-gene-0.50-mRNA-1 5717632
.38 augustus_masked-168570117-processed-gene-0.2-mRNA-1 5717118
.34 augustus_masked-168570117-processed-gene-0.2-mRNA-1 1444341
.77 snap_masked-168291512-processed-gene-0.41-mRNA-1 2413423
.85 maker-168182271-augustus-gene-0.55-mRNA-2 5821306
.07 maker-168182271-augustus-gene-0.55-mRNA-2 3359806
.79 snap_masked-168468239-processed-gene-0.11-mRNA-1 2294247
.19 snap_masked-168468239-processed-gene-0.11-mRNA-1 5145221
.28 augustus_masked-161478344-processed-gene-0.0-mRNA-1 2794461
.36 augustus_masked-161478344-processed-gene-0.0-mRNA-1 495533
.80 augustus_masked-168512964-processed-gene-0.17-mRNA-1 5821205
.17 augustus_masked-168512964-processed-gene-0.17-mRNA-1 5540974
.27 augustus_masked-168438295-processed-gene-0.1-mRNA-1 5821203
.06 augustus_masked-168438295-processed-gene-0.1-mRNA-1 5821203
.15 maker-165519928-augustus-gene-0.4-mRNA-1 2513714
.12 maker-165519928-augustus-gene-0.4-mRNA-1 3903608
.41 maker-168548836-augustus-gene-0.37-mRNA-1 1739610
.12 maker-168548836-augustus-gene-0.37-mRNA-1 1739610
.34 genemark-168253234-processed-gene-0.0-mRNA-1 2273342
.32 genemark-168253234-processed-gene-0.0-mRNA-1 5728279
.31 genemark-168253234-processed-gene-0.0-mRNA-1 3977477
.21 genemark-168253234-processed-gene-0.0-mRNA-1 2446546
.25 genemark-168253234-processed-gene-0.0-mRNA-1 4060995
.47 genemark-163100139-processed-gene-0.0-mRNA-1 3883377
.47 genemark-163100139-processed-gene-0.0-mRNA-1 2937056
.47 genemark-163100139-processed-gene-0.0-mRNA-1 3252827
.45 genemark-163100139-processed-gene-0.0-mRNA-1 3368305
.46 genemark-163100139-processed-gene-0.0-mRNA-1 2322725
.43 maker-168462078-snap-gene-0.47-mRNA-1 5716504
.18 maker-168462078-snap-gene-0.47-mRNA-1 3851174
.44 maker-168254111-augustus-gene-0.7-mRNA-1 5821311
.13 maker-168254111-augustus-gene-0.7-mRNA-1 5821311
.82 maker-168133153-augustus-gene-0.14-mRNA-1 5821281
.07 maker-168133153-augustus-gene-0.14-mRNA-1 2412811
.36 maker-168375088-augustus-gene-0.65-mRNA-1 5821259
.05 maker-168356167-snap-gene-0.54-mRNA-1 1951174
.10 maker-168356167-snap-gene-0.54-mRNA-1 92706
.38 augustus_masked-162004748-processed-gene-0.0-mRNA-1 5266903
.78 maker-168417179-augustus-gene-0.47-mRNA-1 5821314
.53 maker-168577297-augustus-gene-0.25-mRNA-1 5717513
.15 maker-168484802-augustus-gene-0.22-mRNA-1 5717470
.14 maker-168570257-augustus-gene-0.15-mRNA-1 5219400
.82 maker-168570257-augustus-gene-0.15-mRNA-1 1253025
.68 snap_masked-168253461-processed-gene-0.28-mRNA-1 5821247
.09 snap_masked-168253461-processed-gene-0.28-mRNA-1 2268952
.47 augustus_masked-167970499-processed-gene-0.10-mRNA-1 5716910
.38 augustus_masked-167970499-processed-gene-0.10-mRNA-1 1447712
.41 augustus_masked-167970499-processed-gene-0.10-mRNA-1 2280397
.38 augustus_masked-167970499-processed-gene-0.10-mRNA-1 2440455
.35 augustus_masked-167970499-processed-gene-0.10-mRNA-1 5729548
.63 maker-168187899-snap-gene-0.76-mRNA-1 5821273
.85 augustus_masked-168335786-processed-gene-1.2-mRNA-1 5720896
.12 augustus_masked-168335786-processed-gene-1.2-mRNA-1 1525198
.27 augustus_masked-167723657-processed-gene-0.1-mRNA-1 5716911
.23 augustus_masked-167723657-processed-gene-0.1-mRNA-1 1703044
.17 augustus_masked-167723657-processed-gene-0.1-mRNA-1 183124
.15 augustus_masked-167723657-processed-gene-0.1-mRNA-1 2131072
.76 snap_masked-168541795-processed-gene-0.51-mRNA-1 5722519
.10 snap_masked-168541795-processed-gene-0.51-mRNA-1 1828667
.11 snap_masked-168541795-processed-gene-0.51-mRNA-1 5717601
.99 augustus_masked-158792939-processed-gene-0.0-mRNA-1 5737974
.33 maker-168496631-augustus-gene-0.21-mRNA-1 5821317
.15 maker-168496631-augustus-gene-0.21-mRNA-1 5721067
.72 maker-168216332-augustus-gene-0.20-mRNA-1 325494
.22 maker-163708861-snap-gene-0.4-mRNA-1 3508357
.18 maker-163708861-snap-gene-0.4-mRNA-1 3708802
.19 maker-163708861-snap-gene-0.4-mRNA-1 2623078
.12 maker-163708861-snap-gene-0.4-mRNA-1 4621345
.15 snap_masked-168577548-processed-gene-0.68-mRNA-1 5732939
.21 augustus_masked-168293681-processed-gene-0.1-mRNA-1 775668
.81 maker-168340917-snap-gene-0.57-mRNA-1 5821278
.42 snap_masked-166163391-processed-gene-0.2-mRNA-1 4406492
.42 snap_masked-166163391-processed-gene-0.2-mRNA-1 4881542
.25 snap_masked-166163391-processed-gene-0.2-mRNA-1 4384137
.21 snap_masked-166163391-processed-gene-0.2-mRNA-1 4882638
.12 snap_masked-166163391-processed-gene-0.2-mRNA-1 2073893
.69 maker-168222911-snap-gene-0.31-mRNA-1 5821224
.13 maker-168222911-snap-gene-0.31-mRNA-1 5716236
.31 genemark-168125421-processed-gene-0.13-mRNA-1 5719084
.19 genemark-168125421-processed-gene-0.13-mRNA-1 969581
.75 maker-168518237-augustus-gene-0.46-mRNA-1 5727284
.10 maker-168518237-augustus-gene-0.46-mRNA-1 2864086
.78 maker-168512853-snap-gene-1.110-mRNA-1 5727507
.11 maker-168512853-snap-gene-1.110-mRNA-1 1779643
.30 augustus_masked-168577406-processed-gene-0.0-mRNA-1 2637792
.19 augustus_masked-168577406-processed-gene-0.0-mRNA-1 1199759
.54 maker-168571853-augustus-gene-0.47-mRNA-1 5716516
.41 maker-168571853-augustus-gene-0.47-mRNA-1 1918697
.19 maker-168186092-augustus-gene-0.15-mRNA-1 5821279
.07 maker-168186092-augustus-gene-0.15-mRNA-1 5720312
.08 maker-168186092-augustus-gene-0.15-mRNA-1 5720629
.20 augustus_masked-168351675-processed-gene-0.6-mRNA-1 5737360
.19 augustus_masked-168351675-processed-gene-0.6-mRNA-1 2038654
.14 augustus_masked-168351675-processed-gene-0.6-mRNA-1 3671969
.13 augustus_masked-168351675-processed-gene-0.6-mRNA-1 3720803
.13 augustus_masked-168351675-processed-gene-0.6-mRNA-1 1864888
.30 maker-165379355-snap-gene-0.4-mRNA-1 2493488
.23 maker-165379355-snap-gene-0.4-mRNA-1 5716432
.20 maker-161878723-augustus-gene-0.3-mRNA-1 2169299
.67 maker-161878723-augustus-gene-0.3-mRNA-1 5716341
.35 augustus_masked-165620466-processed-gene-0.0-mRNA-1 3422134
.24 augustus_masked-165620466-processed-gene-0.0-mRNA-1 5771816
.63 maker-166623937-snap-gene-0.6-mRNA-1 5821199
.07 maker-166623937-snap-gene-0.6-mRNA-1 5453691
.30 maker-168183007-snap-gene-0.9-mRNA-1 5718548
.18 maker-168183007-snap-gene-0.9-mRNA-1 737771
.43 maker-167909062-snap-gene-0.14-mRNA-1 5821262
.12 maker-167909062-snap-gene-0.14-mRNA-1 5729584
.09 maker-167909062-snap-gene-0.14-mRNA-1 1174859
.22 augustus_masked-162451180-processed-gene-0.0-mRNA-1 2704336
.22 augustus_masked-162451180-processed-gene-0.0-mRNA-1 1571400
.48 maker-168390734-snap-gene-0.11-mRNA-1 5742830
.16 maker-168390734-snap-gene-0.11-mRNA-1 1026358
.14 maker-168390734-snap-gene-0.11-mRNA-1 2562983
.30 augustus_masked-168577163-processed-gene-0.1-mRNA-1 1627209
.32 genemark-165949157-processed-gene-0.0-mRNA-1 2491234
.35 genemark-165949157-processed-gene-0.0-mRNA-1 5057108
.26 maker-168186924-augustus-gene-0.20-mRNA-1 4631003
.70 maker-168186924-augustus-gene-0.20-mRNA-1 5821228
.23 maker-168562369-snap-gene-0.68-mRNA-1 999563
.44 augustus_masked-167808834-processed-gene-0.11-mRNA-1 5722486
.12 augustus_masked-167808834-processed-gene-0.11-mRNA-1 1642996
.10 maker-162166592-snap-gene-0.3-mRNA-1 3432121
.32 maker-162166592-snap-gene-0.3-mRNA-1 2652100
.23 maker-168189369-snap-gene-0.45-mRNA-1 1259888
.07 maker-168309056-augustus-gene-0.7-mRNA-1 1714478
.06 maker-168309056-augustus-gene-0.7-mRNA-1 2127122
.09 maker-168309056-augustus-gene-0.7-mRNA-1 2584772
.44 augustus_masked-168355362-processed-gene-0.3-mRNA-1 3157981
.30 augustus_masked-168355362-processed-gene-0.3-mRNA-1 5752409
.52 augustus_masked-168499806-processed-gene-0.1-mRNA-1 5821307
.22 augustus_masked-168499806-processed-gene-0.1-mRNA-1 5716993
.92 snap_masked-168272808-processed-gene-0.10-mRNA-1 1552255
.49 maker-168187617-augustus-gene-0.11-mRNA-1 5821211
.50 maker-168187617-augustus-gene-0.11-mRNA-1 5821211
.75 snap_masked-168272471-processed-gene-0.11-mRNA-1 1377013
.08 maker-168187695-augustus-gene-0.13-mRNA-1 1736808
.10 maker-168187695-augustus-gene-0.13-mRNA-1 1293389
.45 maker-167337143-snap-gene-0.5-mRNA-1 110162
.40 maker-167337143-snap-gene-0.5-mRNA-1 5717284
.65 augustus_masked-168509764-processed-gene-0.4-mRNA-1 1615615
.20 augustus_masked-168509764-processed-gene-0.4-mRNA-1 3096395
.11 augustus_masked-168551645-processed-gene-0.0-mRNA-1 1272701
.27 augustus_masked-168551645-processed-gene-0.0-mRNA-1 445888
.32 maker-168421562-augustus-gene-0.54-mRNA-1 5821318
.27 maker-168421562-augustus-gene-0.54-mRNA-1 5821318
.02 maker-166646145-augustus-gene-0.7-mRNA-1 5731787
.42 maker-168274859-augustus-gene-0.43-mRNA-1 2905836
.31 maker-168274859-augustus-gene-0.43-mRNA-1 2869299
.12 maker-168274859-augustus-gene-0.43-mRNA-1 3590260
.57 maker-168183903-snap-gene-0.17-mRNA-1 1670227
.33 maker-168183903-snap-gene-0.17-mRNA-1 1810862
.62 maker-168216465-augustus-gene-0.8-mRNA-1 5761698
.28 maker-168216465-augustus-gene-0.8-mRNA-1 5724900
.08 maker-168185718-snap-gene-0.58-mRNA-1 2022308
.04 maker-168185718-snap-gene-0.58-mRNA-1 5721600
.51 maker-168378863-augustus-gene-0.65-mRNA-1 5821276
.17 augustus_masked-168407284-processed-gene-0.9-mRNA-1 5727533
.22 augustus_masked-168407284-processed-gene-0.9-mRNA-1 2001149
.24 maker-168270376-snap-gene-0.71-mRNA-1 654286
.55 maker-168270376-snap-gene-0.71-mRNA-1 654261
.38 augustus_masked-168283923-processed-gene-1.4-mRNA-1 958643
.19 maker-168459469-snap-gene-0.101-mRNA-1 5722450
.29 maker-168459469-snap-gene-0.101-mRNA-1 5719077
.28 maker-167800427-snap-gene-0.27-mRNA-1 5757716
.53 maker-167800427-snap-gene-0.27-mRNA-1 5721735
.84 maker-167831340-augustus-gene-0.16-mRNA-1 5821272
.24 snap_masked-167961773-processed-gene-0.8-mRNA-1 1993163
.19 snap_masked-167961773-processed-gene-0.8-mRNA-1 5782986
.81 maker-167846079-snap-gene-0.13-mRNA-1 5720428
.67 maker-168343367-augustus-gene-0.110-mRNA-1 147042
.15 maker-168343367-augustus-gene-0.110-mRNA-1 5718475
.84 maker-168572379-augustus-gene-0.52-mRNA-1 5723292
.25 augustus_masked-168154421-processed-gene-0.2-mRNA-1 4067159
.11 augustus_masked-168154421-processed-gene-0.2-mRNA-1 3558699
.11 augustus_masked-168154421-processed-gene-0.2-mRNA-1 4343562
.35 snap_masked-167885230-processed-gene-0.42-mRNA-1 1628983
.35 snap_masked-167885230-processed-gene-0.42-mRNA-1 2810491
.89 maker-168509181-augustus-gene-0.105-mRNA-1 5821184
.06 maker-168509181-augustus-gene-0.105-mRNA-1 3749020
.63 maker-168188549-snap-gene-0.40-mRNA-1 5821256
.10 maker-168188549-snap-gene-0.40-mRNA-1 4285943
.80 maker-168415510-snap-gene-0.125-mRNA-1 717921
.07 maker-168415510-snap-gene-0.125-mRNA-1 2032718
.61 maker-168237148-augustus-gene-0.12-mRNA-1 5821179
.12 maker-168237148-augustus-gene-0.12-mRNA-1 196871
.88 maker-168478574-snap-gene-0.24-mRNA-1 5821292
.34 maker-168465584-augustus-gene-0.24-mRNA-1 2916245
.26 maker-168465584-augustus-gene-0.24-mRNA-1 5731617
.24 maker-168465584-augustus-gene-0.24-mRNA-1 1478908
.24 maker-168465584-augustus-gene-0.24-mRNA-1 867552
.24 maker-168465584-augustus-gene-0.24-mRNA-1 3357960
.31 augustus_masked-168557469-processed-gene-0.2-mRNA-1 1925407
.22 augustus_masked-168557469-processed-gene-0.2-mRNA-1 1642244
.45 maker-168461125-augustus-gene-0.12-mRNA-1 1142262
.11 maker-168461125-augustus-gene-0.12-mRNA-1 5718100
.46 maker-168573168-augustus-gene-0.36-mRNA-1 5716692
.36 maker-168573168-augustus-gene-0.36-mRNA-1 417572
.13 augustus_masked-168349276-processed-gene-0.3-mRNA-1 937140
.48 maker-168546643-augustus-gene-0.15-mRNA-1 5821319
.10 maker-168546643-augustus-gene-0.15-mRNA-1 1889086
.19 maker-168546643-augustus-gene-0.15-mRNA-1 5724276
.94 maker-168200084-augustus-gene-0.33-mRNA-1 5821165
.05 maker-168200084-augustus-gene-0.33-mRNA-1 801978
.24 snap_masked-168452979-processed-gene-0.4-mRNA-1 5724274
.86 maker-168287516-augustus-gene-0.51-mRNA-1 5821313
.30 genemark-168266039-processed-gene-0.11-mRNA-1 5719084
.31 genemark-168266039-processed-gene-0.11-mRNA-1 917814
.09 genemark-168266039-processed-gene-0.11-mRNA-1 2678006
.81 maker-168569336-snap-gene-0.91-mRNA-1 5821182
.26 augustus_masked-168574555-processed-gene-0.3-mRNA-1 1161808
.34 augustus_masked-168574555-processed-gene-0.3-mRNA-1 1336200
.18 maker-168561839-snap-gene-0.104-mRNA-1 1522666
.25 maker-168561839-snap-gene-0.104-mRNA-1 174570
.35 maker-168570159-snap-gene-0.69-mRNA-1 968402
.15 maker-168570159-snap-gene-0.69-mRNA-1 3559638
.13 maker-168577267-snap-gene-0.43-mRNA-1 5723507
.16 maker-168577267-snap-gene-0.43-mRNA-1 5723509
.50 genemark-167929864-processed-gene-0.7-mRNA-1 5738570
.39 genemark-167929864-processed-gene-0.7-mRNA-1 1881062
.29 maker-168544337-snap-gene-0.64-mRNA-1 5723040
.22 maker-168544337-snap-gene-0.64-mRNA-1 2463151
.09 snap_masked-168571476-processed-gene-0.14-mRNA-1 1884930
.73 snap_masked-168571476-processed-gene-0.14-mRNA-1 5729892
.15 maker-161430509-augustus-gene-0.3-mRNA-1 962850
.71 maker-161430509-augustus-gene-0.3-mRNA-1 5821238
.20 maker-168198886-augustus-gene-0.9-mRNA-1 372788
.24 maker-168198886-augustus-gene-0.9-mRNA-1 1079915
.16 maker-168198886-augustus-gene-0.9-mRNA-1 4479947
.27 maker-168198886-augustus-gene-0.9-mRNA-1 5721269
.14 maker-168198886-augustus-gene-0.9-mRNA-1 5473855
.12 genemark-168547395-processed-gene-0.2-mRNA-1 1343802
.13 genemark-168547395-processed-gene-0.2-mRNA-1 5769862
.19 maker-163851664-snap-gene-0.3-mRNA-1 3341617
.22 maker-163851664-snap-gene-0.3-mRNA-1 1613771
.29 maker-168377914-augustus-gene-0.7-mRNA-1 813353
.10 maker-168377914-augustus-gene-0.7-mRNA-1 2724860
.14 augustus_masked-168486697-processed-gene-0.0-mRNA-1 5742108
.19 augustus_masked-168486697-processed-gene-0.0-mRNA-1 5721203
.14 maker-168239819-augustus-gene-0.16-mRNA-1 5758321
.06 maker-168239819-augustus-gene-0.16-mRNA-1 5719936
.99 snap_masked-166556167-processed-gene-0.2-mRNA-1 2198560
.70 maker-168280189-augustus-gene-0.27-mRNA-1 5821322
.25 maker-168280189-augustus-gene-0.27-mRNA-1 5821322
.09 augustus_masked-168344185-processed-gene-0.7-mRNA-1 2483566
.18 augustus_masked-168344185-processed-gene-0.7-mRNA-1 1993163
.45 genemark-162472283-processed-gene-0.0-mRNA-1 3951141
.35 genemark-162472283-processed-gene-0.0-mRNA-1 5725977
.32 genemark-162472283-processed-gene-0.0-mRNA-1 5311369
.22 genemark-162472283-processed-gene-0.0-mRNA-1 5703683
.22 genemark-162472283-processed-gene-0.0-mRNA-1 4774955
.40 maker-168371039-augustus-gene-3.86-mRNA-1 5821200
.19 maker-168371039-augustus-gene-3.86-mRNA-1 2780522
.18 augustus_masked-167957935-processed-gene-0.2-mRNA-1 5361957
.16 augustus_masked-167957935-processed-gene-0.2-mRNA-1 2583434
.23 genemark-168462333-processed-gene-0.1-mRNA-1 3837882
.74 genemark-168462333-processed-gene-0.1-mRNA-1 2273342
.08 maker-168464573-snap-gene-0.106-mRNA-1 3070066
.06 maker-168464573-snap-gene-0.106-mRNA-1 1597977
.59 snap_masked-167810776-processed-gene-0.4-mRNA-1 4153033
.70 maker-166473144-augustus-gene-0.4-mRNA-1 5728397
.47 maker-161703515-snap-gene-0.4-mRNA-1 2605206
.20 maker-161703515-snap-gene-0.4-mRNA-1 4219993
.27 maker-168185999-snap-gene-0.65-mRNA-1 5821206
.19 maker-168185999-snap-gene-0.65-mRNA-1 1233467
.30 genemark-168502275-processed-gene-0.3-mRNA-1 1654325
.15 genemark-168502275-processed-gene-0.3-mRNA-1 775668
.34 augustus_masked-168249694-processed-gene-0.8-mRNA-1 1383212
.54 snap_masked-168576936-processed-gene-0.23-mRNA-1 5720956
.15 snap_masked-168576936-processed-gene-0.23-mRNA-1 596302
.34 snap_masked-168191443-processed-gene-0.108-mRNA-1 3257726
.09 snap_masked-164657658-processed-gene-0.2-mRNA-1 2035388
.43 maker-168228566-augustus-gene-0.31-mRNA-1 1074906
.25 maker-168446659-augustus-gene-0.43-mRNA-1 1244395
.14 maker-168446659-augustus-gene-0.43-mRNA-1 658466
.45 snap_masked-168558995-processed-gene-0.34-mRNA-1 5728257
.23 snap_masked-168558995-processed-gene-0.34-mRNA-1 5718192
.34 maker-168425532-augustus-gene-0.9-mRNA-1 2844608
.24 maker-168425532-augustus-gene-0.9-mRNA-1 4106208
.22 maker-168425532-augustus-gene-0.9-mRNA-1 2889401
.16 genemark-168004103-processed-gene-0.4-mRNA-1 723844
.55 genemark-168004103-processed-gene-0.4-mRNA-1 5821168
.17 genemark-168301476-processed-gene-0.18-mRNA-1 2981518
.17 genemark-168301476-processed-gene-0.18-mRNA-1 2488582
.11 genemark-168301476-processed-gene-0.18-mRNA-1 1057521
.22 genemark-168301476-processed-gene-0.18-mRNA-1 1452740
.74 maker-167829893-augustus-gene-0.9-mRNA-2 2583008
.55 genemark-168018750-processed-gene-0.8-mRNA-1 5742913
.12 genemark-168018750-processed-gene-0.8-mRNA-1 3088070
.32 maker-168573129-snap-gene-0.45-mRNA-1 5717392
.16 maker-168573129-snap-gene-0.45-mRNA-1 5717394
.85 augustus_masked-168368744-processed-gene-0.2-mRNA-1 515102
.14 augustus_masked-168368744-processed-gene-0.2-mRNA-1 3747710
.85 maker-168506093-snap-gene-0.88-mRNA-1 5821283
.79 maker-168496739-snap-gene-0.97-mRNA-1 5821320
