.22 maker-168423854-snap-gene-1.96-mRNA-2 777940
.21 maker-168423854-snap-gene-1.96-mRNA-2 1079798
.12 maker-168423854-snap-gene-1.96-mRNA-2 6397372
.49 maker-168391679-augustus-gene-0.40-mRNA-1 6412162
.25 maker-168391679-augustus-gene-0.40-mRNA-1 6401380
.70 maker-168381250-snap-gene-0.65-mRNA-1 6496032
.14 maker-168381250-snap-gene-0.65-mRNA-1 1200287
.16 maker-168356585-augustus-gene-0.7-mRNA-1 3817738
.58 maker-168356585-augustus-gene-0.7-mRNA-1 6397458
.98 maker-168352235-snap-gene-0.29-mRNA-1 6496103
.84 maker-168307732-augustus-gene-1.53-mRNA-1 6496029
.50 maker-168291073-augustus-gene-0.77-mRNA-1 6496074
.12 maker-168291073-augustus-gene-0.77-mRNA-1 420359
.11 maker-168291073-augustus-gene-0.77-mRNA-1 1096302
.99 maker-168259885-snap-gene-0.38-mRNA-2 6496132
.79 maker-168253745-snap-gene-0.72-mRNA-1 6496120
.36 maker-168251712-snap-gene-0.13-mRNA-1 1014120
.33 maker-168251712-snap-gene-0.13-mRNA-1 6496004
.25 maker-168221639-snap-gene-0.86-mRNA-1 6400790
.59 maker-168221639-snap-gene-0.86-mRNA-1 694213
.95 maker-168219740-snap-gene-0.48-mRNA-1 6496087
.75 maker-168219520-snap-gene-0.131-mRNA-1 6496117
.12 maker-168219520-snap-gene-0.131-mRNA-1 6400928
.30 maker-168218301-snap-gene-0.36-mRNA-1 1749954
.22 maker-168218301-snap-gene-0.36-mRNA-1 3329145
.49 maker-168203773-augustus-gene-0.43-mRNA-4 6496133
.24 maker-168203773-augustus-gene-0.43-mRNA-4 6397668
.48 maker-168191815-snap-gene-0.30-mRNA-1 6496115
.22 maker-168191815-snap-gene-0.30-mRNA-1 6496115
.59 maker-168191206-snap-gene-0.59-mRNA-1 6396623
.29 maker-168191206-snap-gene-0.59-mRNA-1 2005089
.85 maker-168190526-snap-gene-1.104-mRNA-1 6496011
.57 maker-168190093-augustus-gene-0.40-mRNA-1 6495995
.24 maker-168190093-augustus-gene-0.40-mRNA-1 2228824
.37 maker-168186767-augustus-gene-0.11-mRNA-2 1024831
.55 maker-168186714-snap-gene-0.22-mRNA-1 6415599
.07 maker-168186616-snap-gene-0.28-mRNA-1 1035554
.89 maker-168186616-snap-gene-0.28-mRNA-1 6496078
.53 maker-168185814-augustus-gene-0.12-mRNA-1 6496124
.14 maker-168184025-snap-gene-0.36-mRNA-1 6402768
.14 maker-168184025-snap-gene-0.36-mRNA-1 56680
.22 maker-168183983-snap-gene-0.6-mRNA-2 6395687
.09 maker-168183379-snap-gene-0.25-mRNA-1 3961491
.77 maker-168183379-snap-gene-0.25-mRNA-1 6396575
.74 maker-168182785-snap-gene-0.59-mRNA-1 6496023
.18 maker-168182785-snap-gene-0.59-mRNA-1 1323418
.14 maker-168182785-snap-gene-0.59-mRNA-1 819376
.09 maker-168182785-snap-gene-0.59-mRNA-1 4597241
.69 maker-168146383-augustus-gene-0.5-mRNA-2 6495960
.13 maker-168146383-augustus-gene-0.5-mRNA-2 2889020
.14 maker-168146383-augustus-gene-0.5-mRNA-2 833218
.12 maker-168146383-augustus-gene-0.5-mRNA-2 6395818
.22 maker-168063535-snap-gene-0.54-mRNA-1 2349308
.19 maker-168063535-snap-gene-0.54-mRNA-1 6410246
.45 maker-167961346-snap-gene-0.27-mRNA-1 6401100
.13 maker-167890164-snap-gene-0.11-mRNA-1 823712
.09 maker-167890164-snap-gene-0.11-mRNA-1 351609
.08 maker-167890164-snap-gene-0.11-mRNA-1 2409782
.61 maker-167843016-snap-gene-0.39-mRNA-1 6496052
.17 maker-167843016-snap-gene-0.39-mRNA-1 6431193
.20 maker-167828088-snap-gene-0.9-mRNA-1 6456775
.57 maker-167828088-snap-gene-0.9-mRNA-1 1869909
.64 maker-167797444-snap-gene-2.92-mRNA-1 6402087
.16 maker-167797444-snap-gene-2.92-mRNA-1 6396391
.91 maker-167797071-snap-gene-0.38-mRNA-1 6496122
.43 maker-167301859-snap-gene-0.4-mRNA-1 2305069
.43 maker-167301859-snap-gene-0.4-mRNA-1 6415754
.37 maker-167301859-snap-gene-0.4-mRNA-1 1452056
.39 maker-167301859-snap-gene-0.4-mRNA-1 4592689
.39 maker-167301859-snap-gene-0.4-mRNA-1 6401348
.51 maker-167058524-augustus-gene-0.4-mRNA-3 6496076
.29 maker-167058524-augustus-gene-0.4-mRNA-3 910518
.48 maker-166754409-snap-gene-0.9-mRNA-1 6396629
.25 maker-166754409-snap-gene-0.9-mRNA-1 422886
.37 maker-166055328-snap-gene-0.4-mRNA-1 1689244
.23 maker-166055328-snap-gene-0.4-mRNA-1 777755
.04 maker-166055328-snap-gene-0.4-mRNA-1 6411275
.42 maker-162734347-augustus-gene-0.1-mRNA-1 6458287
.35 maker-162734347-augustus-gene-0.1-mRNA-1 1701295
.27 genemark-168421291-processed-gene-0.23-mRNA-1 2029197
.53 genemark-167845138-processed-gene-0.3-mRNA-1 2865104
.58 genemark-165050178-processed-gene-0.2-mRNA-1 1991044
.21 augustus_masked-52956962-processed-gene-0.1-mRNA-1 2510936
.24 augustus_masked-52956962-processed-gene-0.1-mRNA-1 2595545
.51 augustus_masked-168574791-processed-gene-0.1-mRNA-1 3698468
.19 augustus_masked-168560926-processed-gene-0.6-mRNA-1 2080045
.14 augustus_masked-168560926-processed-gene-0.6-mRNA-1 699941
.13 augustus_masked-168560926-processed-gene-0.6-mRNA-1 6405443
.53 augustus_masked-168558992-processed-gene-0.0-mRNA-1 2749694
.50 augustus_masked-168558992-processed-gene-0.0-mRNA-1 5434090
.34 augustus_masked-168558992-processed-gene-0.0-mRNA-1 2658350
.21 augustus_masked-168558992-processed-gene-0.0-mRNA-1 6053546
.19 augustus_masked-168558992-processed-gene-0.0-mRNA-1 6131748
.99 augustus_masked-168523262-processed-gene-0.0-mRNA-1 6496077
.27 augustus_masked-168504850-processed-gene-0.0-mRNA-1 6427133
.55 augustus_masked-168504850-processed-gene-0.0-mRNA-1 6495984
.63 augustus_masked-168498100-processed-gene-0.8-mRNA-1 6404630
.20 augustus_masked-168498100-processed-gene-0.8-mRNA-1 6399555
.31 augustus_masked-168476186-processed-gene-0.7-mRNA-1 6420461
.19 augustus_masked-168476186-processed-gene-0.7-mRNA-1 6403216
.47 augustus_masked-168432470-processed-gene-0.1-mRNA-1 6495969
.31 augustus_masked-168432470-processed-gene-0.1-mRNA-1 6495969
.68 augustus_masked-168373464-processed-gene-0.0-mRNA-1 6404067
.31 augustus_masked-168373464-processed-gene-0.0-mRNA-1 1617000
.18 augustus_masked-168331484-processed-gene-0.7-mRNA-1 4262369
.27 augustus_masked-168297339-processed-gene-0.1-mRNA-1 2678733
.30 augustus_masked-168297339-processed-gene-0.1-mRNA-1 4415744
.56 augustus_masked-168297339-processed-gene-0.1-mRNA-1 2853763
.29 augustus_masked-168297339-processed-gene-0.1-mRNA-1 3479419
.39 augustus_masked-168297339-processed-gene-0.1-mRNA-1 2799219
.87 augustus_masked-168230361-processed-gene-0.3-mRNA-1 6496033
.98 augustus_masked-168222303-processed-gene-0.1-mRNA-1 6495976
.32 augustus_masked-168188678-processed-gene-0.9-mRNA-1 6395555
.29 augustus_masked-168188678-processed-gene-0.9-mRNA-1 6395556
.38 augustus_masked-168186232-processed-gene-0.8-mRNA-1 2833553
.23 augustus_masked-168186232-processed-gene-0.8-mRNA-1 6396202
.28 augustus_masked-167873852-processed-gene-0.4-mRNA-1 6401357
.71 augustus_masked-167873852-processed-gene-0.4-mRNA-1 2707446
.29 augustus_masked-159848118-processed-gene-0.0-mRNA-1 2739538
.70 augustus_masked-159848118-processed-gene-0.0-mRNA-1 6400922
.97 snap_masked-168549811-processed-gene-0.54-mRNA-1 6496058
.51 snap_masked-168476483-processed-gene-0.16-mRNA-1 6429154
.32 snap_masked-168476483-processed-gene-0.16-mRNA-1 6489957
.55 maker-168577172-snap-gene-0.28-mRNA-1 6496038
.45 maker-168577172-snap-gene-0.28-mRNA-1 6418723
.15 maker-168577172-snap-gene-0.28-mRNA-1 882403
.77 maker-168558657-snap-gene-0.62-mRNA-1 1310500
.16 maker-168558657-snap-gene-0.62-mRNA-1 6397662
.97 maker-168550168-augustus-gene-0.47-mRNA-3 6496113
.43 maker-168513542-snap-gene-0.54-mRNA-1 6496135
.05 maker-168513542-snap-gene-0.54-mRNA-1 1564610
.04 maker-168508334-snap-gene-0.29-mRNA-1 6496000
.15 maker-168508334-snap-gene-0.29-mRNA-1 6400705
.42 maker-168463880-augustus-gene-0.8-mRNA-1 675904
.20 maker-168463880-augustus-gene-0.8-mRNA-1 2512828
.10 maker-168463880-augustus-gene-0.8-mRNA-1 675904
.14 maker-168442413-snap-gene-0.36-mRNA-1 6496127
.13 maker-168414831-augustus-gene-0.85-mRNA-1 6404797
.80 maker-168414831-augustus-gene-0.85-mRNA-1 6496048
.38 maker-168384639-augustus-gene-0.28-mRNA-1 6398238
.15 maker-168384639-augustus-gene-0.28-mRNA-1 2074770
.12 maker-168368284-augustus-gene-0.67-mRNA-1 412833
.11 maker-168368284-augustus-gene-0.67-mRNA-1 2871196
.75 maker-168325714-snap-gene-0.41-mRNA-1 6496090
.07 maker-168325714-snap-gene-0.41-mRNA-1 1506397
.07 maker-168323152-snap-gene-6.66-mRNA-1 1771412
.85 maker-168323152-snap-gene-6.66-mRNA-1 6496014
.81 maker-168314823-augustus-gene-0.38-mRNA-1 1414355
.15 maker-168314823-augustus-gene-0.38-mRNA-1 4243803
.04 maker-168289990-snap-gene-0.56-mRNA-1 3446471
.81 maker-168289990-snap-gene-0.56-mRNA-1 6496123
.30 maker-168250949-augustus-gene-0.20-mRNA-2 6406433
.21 maker-168250949-augustus-gene-0.20-mRNA-2 6496073
.79 maker-168248967-snap-gene-0.36-mRNA-1 6496070
.85 maker-168239280-snap-gene-1.77-mRNA-1 6495967
.48 maker-168236810-augustus-gene-0.38-mRNA-2 6495990
.18 maker-168214845-snap-gene-0.5-mRNA-1 6397627
.12 maker-168214845-snap-gene-0.5-mRNA-1 692730
.43 maker-168209360-snap-gene-0.37-mRNA-1 6496017
.11 maker-168209360-snap-gene-0.37-mRNA-1 6420119
.04 maker-168209360-snap-gene-0.37-mRNA-1 6496017
.28 maker-168190333-snap-gene-1.78-mRNA-1 6399237
.59 maker-168190333-snap-gene-1.78-mRNA-1 6400706
.64 maker-168188742-snap-gene-0.18-mRNA-1 6396103
.32 maker-168188742-snap-gene-0.18-mRNA-1 6396106
.43 maker-168090540-snap-gene-0.14-mRNA-1 562311
.54 maker-168090540-snap-gene-0.14-mRNA-1 375895
.99 maker-168001983-augustus-gene-0.36-mRNA-2 6496125
.44 maker-167942724-augustus-gene-0.9-mRNA-1 2029372
.36 maker-167942724-augustus-gene-0.9-mRNA-1 2779277
.24 maker-167938471-snap-gene-0.31-mRNA-1 4138669
.77 maker-166885766-snap-gene-0.4-mRNA-1 6495979
.20 maker-166885766-snap-gene-0.4-mRNA-1 1069519
.35 maker-166411942-augustus-gene-0.3-mRNA-1 6403418
.60 maker-166411942-augustus-gene-0.3-mRNA-1 6496008
.49 maker-163571301-augustus-gene-0.3-mRNA-1 6399856
.16 maker-163571301-augustus-gene-0.3-mRNA-1 1013334
.52 maker-162159576-augustus-gene-0.3-mRNA-1 2160739
.22 maker-162159576-augustus-gene-0.3-mRNA-1 2115726
.18 maker-162159576-augustus-gene-0.3-mRNA-1 2116617
.38 maker-161949749-augustus-gene-0.4-mRNA-1 392341
.20 maker-161949749-augustus-gene-0.4-mRNA-1 2563760
.15 genemark-168509347-processed-gene-0.11-mRNA-1 3271737
.19 genemark-168509347-processed-gene-0.11-mRNA-1 3114104
.27 genemark-168186474-processed-gene-0.20-mRNA-1 6402529
.06 genemark-168186474-processed-gene-0.20-mRNA-1 2476038
.69 augustus_masked-168572791-processed-gene-0.5-mRNA-1 697962
.07 augustus_masked-168572791-processed-gene-0.5-mRNA-1 3312348
.35 augustus_masked-168437115-processed-gene-0.0-mRNA-1 2604488
.29 augustus_masked-168437115-processed-gene-0.0-mRNA-1 6406410
.11 augustus_masked-168303890-processed-gene-0.3-mRNA-1 6420365
.47 augustus_masked-168193118-processed-gene-0.2-mRNA-1 6397634
.12 augustus_masked-168193118-processed-gene-0.2-mRNA-1 2020734
.83 augustus_masked-167963811-processed-gene-0.5-mRNA-1 6496095
.04 augustus_masked-167963811-processed-gene-0.5-mRNA-1 840535
.59 augustus_masked-166062002-processed-gene-0.0-mRNA-1 6396779
.54 augustus_masked-160306060-processed-gene-0.0-mRNA-1 2578772
.31 augustus_masked-160306060-processed-gene-0.0-mRNA-1 6089229
.63 snap_masked-168455522-processed-gene-0.101-mRNA-1 6496118
.44 snap_masked-168432453-processed-gene-0.27-mRNA-1 6439429
.41 snap_masked-168432453-processed-gene-0.27-mRNA-1 6439429
.85 snap_masked-168315277-processed-gene-0.51-mRNA-1 1320817
.14 snap_masked-168315277-processed-gene-0.51-mRNA-1 6411727
.84 snap_masked-168190002-processed-gene-0.28-mRNA-1 6496085
.48 snap_masked-166447821-processed-gene-0.2-mRNA-1 6406200
.40 snap_masked-166447821-processed-gene-0.2-mRNA-1 6406519
.67 maker-168568846-augustus-gene-0.28-mRNA-1 6496051
.12 maker-168568846-augustus-gene-0.28-mRNA-1 6397408
.89 maker-168557558-snap-gene-0.54-mRNA-1 425046
.61 maker-168501060-augustus-gene-0.13-mRNA-1 6403489
.20 maker-168442787-snap-gene-0.38-mRNA-1 6418926
.31 maker-168442787-snap-gene-0.38-mRNA-1 6404229
.68 maker-168415510-augustus-gene-0.122-mRNA-1 6496016
.10 maker-168415510-augustus-gene-0.122-mRNA-1 1461266
.37 maker-168414606-augustus-gene-0.42-mRNA-1 1162340
.21 maker-168414606-augustus-gene-0.42-mRNA-1 6424913
.19 maker-168414606-augustus-gene-0.42-mRNA-1 410713
.80 maker-168390176-augustus-gene-0.28-mRNA-1 6496128
.90 maker-168326992-augustus-gene-0.29-mRNA-1 6496119
.29 maker-168227754-augustus-gene-0.64-mRNA-1 6496094
.24 maker-168227754-augustus-gene-0.64-mRNA-1 2773118
.65 maker-168204879-snap-gene-0.70-mRNA-2 6496062
.08 maker-168204879-snap-gene-0.70-mRNA-2 1158948
.66 maker-168204879-snap-gene-0.70-mRNA-1 6496062
.08 maker-168204879-snap-gene-0.70-mRNA-1 1158948
.60 maker-168202692-snap-gene-0.103-mRNA-1 6496013
.29 maker-168190132-augustus-gene-0.74-mRNA-1 6496131
.17 maker-168190132-augustus-gene-0.74-mRNA-1 6430104
.40 maker-168189064-snap-gene-0.32-mRNA-1 6496069
.03 maker-168189064-snap-gene-0.32-mRNA-1 629582
.57 maker-168188975-snap-gene-0.67-mRNA-1 754650
.27 maker-168188975-snap-gene-0.67-mRNA-1 6401001
.57 maker-168071829-augustus-gene-0.17-mRNA-1 6396542
.11 maker-168071829-augustus-gene-0.17-mRNA-1 6399865
.20 maker-167978148-snap-gene-0.18-mRNA-1 6402079
.19 maker-167978148-snap-gene-0.18-mRNA-1 6398056
.41 maker-167916647-snap-gene-0.38-mRNA-1 6496134
.15 maker-167814414-snap-gene-0.21-mRNA-1 6496059
.21 maker-167814414-snap-gene-0.21-mRNA-1 861950
.82 maker-167166811-augustus-gene-0.7-mRNA-1 6396595
.33 maker-166576448-snap-gene-0.3-mRNA-1 3216637
.19 maker-165009935-augustus-gene-0.3-mRNA-1 2319034
.13 maker-165009935-augustus-gene-0.3-mRNA-1 2172238
.10 maker-165009935-augustus-gene-0.3-mRNA-1 545687
.14 maker-165009935-augustus-gene-0.3-mRNA-1 965760
.10 maker-165009935-augustus-gene-0.3-mRNA-1 5151832
.27 augustus_masked-168368016-processed-gene-0.1-mRNA-1 6396105
.53 augustus_masked-168248622-processed-gene-0.0-mRNA-1 6395573
.34 augustus_masked-168248622-processed-gene-0.0-mRNA-1 6396301
.14 augustus_masked-168248622-processed-gene-0.0-mRNA-1 3999248
.09 augustus_masked-168248622-processed-gene-0.0-mRNA-1 1306757
.09 augustus_masked-168248622-processed-gene-0.0-mRNA-1 2356650
.37 snap_masked-168420509-processed-gene-0.29-mRNA-1 1201777
.58 snap_masked-168420509-processed-gene-0.29-mRNA-1 6397516
.85 snap_masked-167152929-processed-gene-0.8-mRNA-1 2159435
.25 snap_masked-166605270-processed-gene-0.2-mRNA-1 6397212
.13 snap_masked-166605270-processed-gene-0.2-mRNA-1 1445134
.30 maker-168577393-snap-gene-0.46-mRNA-1 6400612
.06 maker-168577393-snap-gene-0.46-mRNA-1 6400611
.68 maker-168562669-augustus-gene-0.39-mRNA-1 6400924
.12 maker-168562669-augustus-gene-0.39-mRNA-1 2581459
.87 maker-168560422-snap-gene-0.29-mRNA-1 6496060
.63 maker-168534974-augustus-gene-0.83-mRNA-1 6496088
.15 maker-168534974-augustus-gene-0.83-mRNA-1 2400221
.49 maker-168523936-augustus-gene-0.104-mRNA-1 6496006
.74 maker-168472946-augustus-gene-0.27-mRNA-1 6404737
.83 maker-168449729-augustus-gene-0.32-mRNA-1 6496025
.04 maker-168449729-augustus-gene-0.32-mRNA-1 5587927
.54 maker-168431831-snap-gene-0.30-mRNA-1 6435756
.30 maker-168377495-snap-gene-0.81-mRNA-1 1268919
.59 maker-168340894-augustus-gene-0.5-mRNA-1 6496079
.12 maker-168340894-augustus-gene-0.5-mRNA-1 6401573
.57 maker-168327335-augustus-gene-0.14-mRNA-1 6495992
.25 maker-168327335-augustus-gene-0.14-mRNA-1 6409817
.07 maker-168327335-augustus-gene-0.14-mRNA-1 6401427
.01 maker-168253332-snap-gene-0.17-mRNA-1 6399065
.22 maker-168197815-augustus-gene-0.8-mRNA-1 6410310
.12 maker-168197815-augustus-gene-0.8-mRNA-1 2823751
.46 maker-168186314-augustus-gene-2.76-mRNA-1 6395645
.30 maker-168186314-augustus-gene-2.76-mRNA-1 1171797
.67 maker-167979663-augustus-gene-0.14-mRNA-1 6496055
.17 maker-167833934-snap-gene-0.10-mRNA-1 6396435
.72 maker-167833934-snap-gene-0.10-mRNA-1 6495957
.95 maker-167829209-snap-gene-0.19-mRNA-1 6496041
.24 maker-166283943-augustus-gene-0.3-mRNA-1 6397221
.72 maker-166283943-augustus-gene-0.3-mRNA-1 2456506
.23 maker-166059929-augustus-gene-0.3-mRNA-1 589585
.18 maker-166059929-augustus-gene-0.3-mRNA-1 2640245
.28 maker-162978731-augustus-gene-0.4-mRNA-1 1900734
.17 maker-162978731-augustus-gene-0.4-mRNA-1 2529622
.95 maker-161533214-snap-gene-0.3-mRNA-1 6495982
.12 genemark-168455225-processed-gene-0.9-mRNA-1 3292081
.08 genemark-168455225-processed-gene-0.9-mRNA-1 5150930
.76 augustus_masked-168502146-processed-gene-0.5-mRNA-1 6496080
.20 augustus_masked-168502146-processed-gene-0.5-mRNA-1 399974
.49 augustus_masked-168495557-processed-gene-0.1-mRNA-1 787706
.17 augustus_masked-168495557-processed-gene-0.1-mRNA-1 1847047
.20 augustus_masked-168369620-processed-gene-0.6-mRNA-1 6400299
.07 augustus_masked-168369620-processed-gene-0.6-mRNA-1 2441570
.06 augustus_masked-168326508-processed-gene-0.9-mRNA-1 2419387
.84 augustus_masked-168326508-processed-gene-0.9-mRNA-1 6495973
.22 augustus_masked-162042408-processed-gene-0.0-mRNA-1 1736054
.18 augustus_masked-162042408-processed-gene-0.0-mRNA-1 873264
.86 snap_masked-168577584-processed-gene-0.44-mRNA-1 6496017
.03 snap_masked-168577584-processed-gene-0.44-mRNA-1 4431511
.03 snap_masked-168577584-processed-gene-0.44-mRNA-1 6406928
.11 snap_masked-168548294-processed-gene-0.97-mRNA-1 2836828
.50 snap_masked-168548294-processed-gene-0.97-mRNA-1 1458452
.54 snap_masked-168388072-processed-gene-0.86-mRNA-1 2305157
.27 snap_masked-168388072-processed-gene-0.86-mRNA-1 3949473
.40 snap_masked-165276992-processed-gene-0.4-mRNA-1 6411258
.26 snap_masked-165276992-processed-gene-0.4-mRNA-1 2322178
.91 maker-168566078-snap-gene-0.35-mRNA-1 6496057
.61 maker-168563521-snap-gene-0.27-mRNA-1 1175137
.14 maker-168563521-snap-gene-0.27-mRNA-1 3244334
.81 maker-168552937-augustus-gene-0.115-mRNA-1 6496116
.05 maker-168552937-augustus-gene-0.115-mRNA-1 1503301
.04 maker-168552937-augustus-gene-0.115-mRNA-1 2771617
.03 maker-168552937-augustus-gene-0.115-mRNA-1 420602
.32 maker-168508956-augustus-gene-0.121-mRNA-1 6420407
.53 maker-168504010-augustus-gene-0.27-mRNA-1 6396592
.17 maker-168504010-augustus-gene-0.27-mRNA-1 3143679
.70 maker-168434052-snap-gene-0.52-mRNA-1 6496066
.26 maker-168328748-augustus-gene-0.3-mRNA-1 1971065
.56 maker-168328748-augustus-gene-0.3-mRNA-1 1430821
.35 maker-168327619-snap-gene-0.31-mRNA-1 6496024
.29 maker-168327619-snap-gene-0.31-mRNA-1 6496024
.48 maker-168266860-snap-gene-0.9-mRNA-1 6396287
.34 maker-168266860-snap-gene-0.9-mRNA-1 6440588
.19 maker-168224420-augustus-gene-0.32-mRNA-1 6401685
.36 maker-168224420-augustus-gene-0.32-mRNA-1 1359166
.51 maker-168222075-snap-gene-0.70-mRNA-1 6496130
.64 maker-168198977-snap-gene-0.10-mRNA-1 6495963
.77 maker-167900041-augustus-gene-0.19-mRNA-1 6405194
.64 maker-167793430-augustus-gene-0.24-mRNA-1 6400450
.85 maker-166969080-augustus-gene-0.3-mRNA-1 6402608
.25 maker-158324297-augustus-gene-0.2-mRNA-1 6400360
.74 maker-158324297-augustus-gene-0.2-mRNA-1 6398121
.89 augustus_masked-168533939-processed-gene-0.1-mRNA-1 6496093
.72 augustus_masked-167839041-processed-gene-0.4-mRNA-1 6495975
.53 snap_masked-168468761-processed-gene-0.18-mRNA-1 817039
.24 snap_masked-168468761-processed-gene-0.18-mRNA-1 817050
.28 maker-168561002-snap-gene-0.123-mRNA-1 6396852
.21 maker-168561002-snap-gene-0.123-mRNA-1 6412631
.49 maker-168560154-snap-gene-0.139-mRNA-1 6418364
.22 maker-168560154-snap-gene-0.139-mRNA-1 2322845
.16 maker-168547462-augustus-gene-0.33-mRNA-1 2155996
.05 maker-168547462-augustus-gene-0.33-mRNA-1 2311079
.36 maker-168508204-augustus-gene-0.38-mRNA-2 1001089
.28 maker-168508204-augustus-gene-0.38-mRNA-2 6396662
.66 maker-168419840-augustus-gene-0.131-mRNA-1 6496019
.86 maker-168240133-snap-gene-0.34-mRNA-1 6401809
.08 maker-168240133-snap-gene-0.34-mRNA-1 2789737
.19 maker-168234999-snap-gene-0.72-mRNA-1 6405059
.27 maker-168234999-snap-gene-0.72-mRNA-1 1915958
.42 maker-168187682-snap-gene-0.36-mRNA-1 6496003
.33 maker-168187682-snap-gene-0.36-mRNA-1 6412710
.93 maker-166361717-snap-gene-0.6-mRNA-1 6496099
.29 maker-166278184-snap-gene-0.4-mRNA-1 6403302
.38 maker-166278184-snap-gene-0.4-mRNA-1 6398025
.39 genemark-168540662-processed-gene-0.20-mRNA-1 1774672
.30 genemark-168540662-processed-gene-0.20-mRNA-1 696747
.39 augustus_masked-168570439-processed-gene-0.21-mRNA-1 6395716
.18 augustus_masked-168570439-processed-gene-0.21-mRNA-1 6400222
.30 augustus_masked-168553453-processed-gene-1.47-mRNA-1 6496100
.19 augustus_masked-168553453-processed-gene-1.47-mRNA-1 6496100
.48 augustus_masked-168320916-processed-gene-0.9-mRNA-1 6131111
.50 augustus_masked-168114353-processed-gene-0.0-mRNA-1 6418928
.27 augustus_masked-168114353-processed-gene-0.0-mRNA-1 6400077
.23 augustus_masked-161295918-processed-gene-0.0-mRNA-1 923352
.20 augustus_masked-161295918-processed-gene-0.0-mRNA-1 6410570
.16 augustus_masked-161295918-processed-gene-0.0-mRNA-1 2861400
.29 snap_masked-167798297-processed-gene-0.126-mRNA-1 6496126
.33 snap_masked-167798297-processed-gene-0.126-mRNA-1 6496126
.35 maker-168568643-augustus-gene-0.24-mRNA-1 6398926
.35 maker-168568643-augustus-gene-0.24-mRNA-1 6398319
.27 maker-168559835-snap-gene-0.50-mRNA-1 1655011
.18 maker-168559835-snap-gene-0.50-mRNA-1 2479325
.46 maker-168557556-augustus-gene-0.58-mRNA-1 1482793
.89 maker-168478168-snap-gene-0.48-mRNA-2 6496050
.92 maker-168446676-snap-gene-0.8-mRNA-1 6495993
.26 maker-168260816-augustus-gene-0.11-mRNA-1 1628622
.23 maker-168260816-augustus-gene-0.11-mRNA-1 3768334
.89 maker-168259029-snap-gene-0.32-mRNA-1 6496111
.20 maker-168245615-snap-gene-0.75-mRNA-1 694090
.16 maker-168245615-snap-gene-0.75-mRNA-1 3458029
.14 maker-168245615-snap-gene-0.75-mRNA-1 3299733
.05 maker-168245615-snap-gene-0.75-mRNA-1 6404435
.28 maker-168226864-augustus-gene-0.10-mRNA-1 2912280
.12 maker-168226864-augustus-gene-0.10-mRNA-1 3001121
.89 maker-168218873-augustus-gene-0.81-mRNA-1 6496012
.03 maker-168218873-augustus-gene-0.81-mRNA-1 2084337
.03 maker-168218873-augustus-gene-0.81-mRNA-1 2821235
.83 maker-168190120-snap-gene-0.81-mRNA-1 6496129
.77 maker-168186080-snap-gene-0.63-mRNA-1 6397014
.43 maker-167960779-snap-gene-0.16-mRNA-1 6496086
.40 maker-167960779-snap-gene-0.16-mRNA-1 6399037
.56 maker-167236617-snap-gene-0.4-mRNA-1 6496061
.12 maker-167236617-snap-gene-0.4-mRNA-1 1372157
.71 maker-166366599-snap-gene-0.7-mRNA-1 6496028
.10 maker-166366599-snap-gene-0.7-mRNA-1 4042902
.14 maker-163947220-augustus-gene-0.4-mRNA-1 6396166
.64 maker-163947220-augustus-gene-0.4-mRNA-1 1685546
.46 maker-158727993-augustus-gene-0.3-mRNA-1 732290
.44 augustus_masked-168508073-processed-gene-0.2-mRNA-1 2475904
.38 augustus_masked-168508073-processed-gene-0.2-mRNA-1 5409527
.92 augustus_masked-168371150-processed-gene-0.1-mRNA-1 6496039
.13 augustus_masked-168210847-processed-gene-0.1-mRNA-1 851281
.78 augustus_masked-168210847-processed-gene-0.1-mRNA-1 6496008
.52 augustus_masked-165234164-processed-gene-0.0-mRNA-1 1559692
.34 augustus_masked-164957415-processed-gene-0.0-mRNA-1 5148505
.91 snap_masked-168185528-processed-gene-0.16-mRNA-1 6495996
.18 maker-168577070-snap-gene-0.18-mRNA-1 6395823
.41 maker-168511842-augustus-gene-0.29-mRNA-1 1307339
.27 maker-168511842-augustus-gene-0.29-mRNA-1 2945457
.34 maker-168509643-snap-gene-1.86-mRNA-1 6423301
.49 maker-168509643-snap-gene-1.86-mRNA-1 1044513
.20 maker-168406761-snap-gene-0.39-mRNA-1 1898653
.70 maker-168406761-snap-gene-0.39-mRNA-1 6496121
.61 maker-168402981-snap-gene-0.6-mRNA-1 238295
.58 maker-168265755-augustus-gene-0.7-mRNA-1 6402052
.22 maker-168265755-augustus-gene-0.7-mRNA-1 741926
.59 maker-168238241-snap-gene-0.14-mRNA-1 6496056
.34 maker-168238241-snap-gene-0.14-mRNA-1 1289530
.16 maker-168191770-snap-gene-3.62-mRNA-1 6396323
.28 maker-168191770-snap-gene-3.62-mRNA-1 6396383
.84 maker-168188459-snap-gene-0.55-mRNA-1 6495972
.07 maker-168188459-snap-gene-0.55-mRNA-1 4958854
.78 maker-168186745-snap-gene-0.9-mRNA-1 6496084
.49 maker-168185684-snap-gene-0.7-mRNA-1 6496097
.15 maker-168185684-snap-gene-0.7-mRNA-1 5163183
.18 maker-168130577-snap-gene-0.26-mRNA-2 368826
.20 maker-168130577-snap-gene-0.26-mRNA-2 3200086
.83 maker-167825050-snap-gene-0.48-mRNA-1 6496002
.43 maker-167821834-snap-gene-0.41-mRNA-1 1356558
.47 maker-167821834-snap-gene-0.41-mRNA-1 2605803
.51 maker-163491249-augustus-gene-0.3-mRNA-1 2428086
.34 maker-163491249-augustus-gene-0.3-mRNA-1 6407199
.91 genemark-168411453-processed-gene-0.5-mRNA-1 6496005
.31 genemark-168250095-processed-gene-0.0-mRNA-1 888061
.19 genemark-168250095-processed-gene-0.0-mRNA-1 5571492
.22 augustus_masked-168557124-processed-gene-0.11-mRNA-1 1229435
.33 augustus_masked-168557124-processed-gene-0.11-mRNA-1 1430345
.72 augustus_masked-168263747-processed-gene-0.6-mRNA-1 6396040
.99 augustus_masked-168238456-processed-gene-0.5-mRNA-1 6496034
.70 augustus_masked-166166760-processed-gene-0.0-mRNA-1 6496082
.39 augustus_masked-162362139-processed-gene-0.0-mRNA-1 6493094
.41 augustus_masked-162362139-processed-gene-0.0-mRNA-1 2825707
.33 augustus_masked-162362139-processed-gene-0.0-mRNA-1 2128369
.24 augustus_masked-162362139-processed-gene-0.0-mRNA-1 6489201
.24 augustus_masked-162362139-processed-gene-0.0-mRNA-1 3433912
.81 snap_masked-168556053-processed-gene-0.12-mRNA-1 6402659
.08 snap_masked-168556053-processed-gene-0.12-mRNA-1 916968
.45 maker-168576952-snap-gene-0.19-mRNA-1 6495959
.14 maker-168576952-snap-gene-0.19-mRNA-1 474600
.55 maker-168569682-augustus-gene-0.129-mRNA-1 6496020
.48 maker-168567428-augustus-gene-0.41-mRNA-1 6397421
.29 maker-168567428-augustus-gene-0.41-mRNA-1 518325
.58 maker-168564304-snap-gene-0.18-mRNA-1 6399326
.13 maker-168564304-snap-gene-0.18-mRNA-1 2797684
.88 maker-168528878-snap-gene-0.110-mRNA-1 6395574
.05 maker-168528878-snap-gene-0.110-mRNA-1 835716
.32 maker-168440991-snap-gene-0.30-mRNA-1 6495974
.23 maker-168440991-snap-gene-0.30-mRNA-1 6407444
.32 maker-168419080-snap-gene-0.30-mRNA-1 6398170
.05 maker-168419080-snap-gene-0.30-mRNA-1 6407351
.55 maker-168385879-snap-gene-0.14-mRNA-1 6496110
.37 maker-168385879-snap-gene-0.14-mRNA-1 6496110
.79 maker-168370023-snap-gene-0.8-mRNA-1 6400199
.03 maker-168370023-snap-gene-0.8-mRNA-1 1193240
.38 maker-168327623-augustus-gene-0.18-mRNA-1 6427343
.13 maker-168327623-augustus-gene-0.18-mRNA-1 1061567
.19 maker-168325750-snap-gene-0.32-mRNA-1 2004859
.19 maker-168325750-snap-gene-0.32-mRNA-1 1493463
.63 maker-168315625-augustus-gene-0.63-mRNA-1 6496026
.66 maker-168253484-augustus-gene-0.33-mRNA-1 6496068
.35 maker-168252472-augustus-gene-0.26-mRNA-1 6495964
.90 maker-168190534-augustus-gene-0.16-mRNA-1 6496136
.06 maker-168190534-augustus-gene-0.16-mRNA-1 3525885
.11 maker-168184849-snap-gene-0.46-mRNA-1 2193703
.67 maker-168184849-snap-gene-0.46-mRNA-1 6396029
.24 maker-168018854-augustus-gene-0.11-mRNA-1 6418496
.15 maker-168018854-augustus-gene-0.11-mRNA-1 2306177
.13 maker-168017330-augustus-gene-0.5-mRNA-1 3349793
.75 maker-168017330-augustus-gene-0.5-mRNA-1 6496089
.51 maker-167882096-augustus-gene-0.42-mRNA-1 6396218
.34 maker-167882096-augustus-gene-0.42-mRNA-1 6396219
.63 maker-167794234-augustus-gene-0.22-mRNA-1 6396998
.26 maker-162920286-augustus-gene-0.4-mRNA-1 1757884
.36 maker-162920286-augustus-gene-0.4-mRNA-1 6399764
.38 augustus_masked-168477995-processed-gene-0.2-mRNA-1 1870774
.14 augustus_masked-168356191-processed-gene-0.0-mRNA-1 800067
.30 augustus_masked-168356191-processed-gene-0.0-mRNA-1 6397484
.22 augustus_masked-168260991-processed-gene-0.1-mRNA-1 1320818
