.74 maker-168560278-augustus-gene-0.66-mRNA-1 1064163
.41 maker-168560119-augustus-gene-0.63-mRNA-3 9267483
.11 maker-168560119-augustus-gene-0.63-mRNA-3 9135845
.99 maker-168559840-snap-gene-0.10-mRNA-1 9267602
.01 maker-168559362-augustus-gene-0.38-mRNA-1 1973362
.74 maker-168558210-augustus-gene-0.43-mRNA-2 9127046
.76 maker-168558210-augustus-gene-0.43-mRNA-1 9127046
.74 maker-168557103-snap-gene-0.52-mRNA-1 2614260
.15 maker-168557103-snap-gene-0.52-mRNA-1 2513187
.26 maker-168556527-augustus-gene-0.58-mRNA-1 9136801
.67 maker-168556527-augustus-gene-0.58-mRNA-1 9267547
.43 maker-168555210-snap-gene-0.26-mRNA-1 9142448
.56 maker-168555210-snap-gene-0.26-mRNA-1 9135243
.53 maker-168554558-augustus-gene-1.79-mRNA-1 9148658
.14 maker-168554558-augustus-gene-1.79-mRNA-1 3174531
.35 maker-168553743-snap-gene-0.52-mRNA-1 9131045
.22 maker-168553743-snap-gene-0.52-mRNA-1 3123332
.29 maker-168553490-augustus-gene-1.91-mRNA-1 9151119
.29 maker-168553490-augustus-gene-1.91-mRNA-1 9144356
.41 maker-168551978-augustus-gene-0.66-mRNA-1 9213328
.16 maker-168551978-augustus-gene-0.66-mRNA-1 9135958
.15 maker-168551978-augustus-gene-0.66-mRNA-1 2562580
.51 maker-168551642-snap-gene-0.76-mRNA-1 9126524
.11 maker-168551642-snap-gene-0.76-mRNA-1 9136154
.83 maker-168551506-augustus-gene-0.32-mRNA-1 9267597
.36 maker-168551495-augustus-gene-0.6-mRNA-1 9133907
.35 maker-168551495-augustus-gene-0.6-mRNA-1 3796897
.75 maker-168550874-augustus-gene-0.47-mRNA-1 9267609
.06 maker-168550874-augustus-gene-0.47-mRNA-1 1070186
.66 maker-168550790-augustus-gene-0.96-mRNA-1 9267489
.16 maker-168550790-augustus-gene-0.96-mRNA-1 9130546
.32 maker-168550415-augustus-gene-0.24-mRNA-1 2060653
.14 maker-168550415-augustus-gene-0.24-mRNA-1 4690009
.78 maker-168549628-augustus-gene-0.56-mRNA-1 9139867
.08 maker-168549628-augustus-gene-0.56-mRNA-1 6189275
.54 maker-168549175-snap-gene-1.79-mRNA-1 9267591
.10 maker-168549175-snap-gene-1.79-mRNA-1 4648904
.65 maker-168549158-snap-gene-0.34-mRNA-1 9126302
.16 maker-168549158-snap-gene-0.34-mRNA-1 7821061
.38 maker-168549120-augustus-gene-0.25-mRNA-1 9134541
.14 maker-168549120-augustus-gene-0.25-mRNA-1 3103078
.39 maker-168548872-augustus-gene-0.12-mRNA-1 9130173
.29 maker-168548872-augustus-gene-0.12-mRNA-1 9134885
.10 maker-168548872-augustus-gene-0.12-mRNA-1 1735124
.23 maker-168548732-augustus-gene-0.32-mRNA-1 9267569
.15 maker-168548732-augustus-gene-0.32-mRNA-1 9132766
.09 maker-168547954-snap-gene-0.43-mRNA-1 1760127
.67 maker-168547954-snap-gene-0.43-mRNA-1 9267524
.35 maker-168547144-augustus-gene-0.28-mRNA-1 9130335
.26 maker-168547144-augustus-gene-0.28-mRNA-1 1957778
.64 maker-168547007-augustus-gene-0.47-mRNA-1 9267493
.26 maker-168547007-augustus-gene-0.47-mRNA-1 4301852
.34 maker-168546712-snap-gene-0.82-mRNA-1 994266
.64 maker-168546712-snap-gene-0.82-mRNA-1 563980
.13 maker-168546630-snap-gene-0.89-mRNA-1 2979613
.80 maker-168546630-snap-gene-0.89-mRNA-1 9267593
.80 maker-168545471-snap-gene-0.16-mRNA-1 9267530
.10 maker-168545471-snap-gene-0.16-mRNA-1 3045751
.09 maker-168545471-snap-gene-0.16-mRNA-1 5485951
.07 maker-168545471-snap-gene-0.16-mRNA-1 6140
.03 maker-168544971-augustus-gene-0.51-mRNA-1 9146559
.99 maker-168543292-augustus-gene-0.62-mRNA-1 9267503
.44 maker-168542515-augustus-gene-0.74-mRNA-1 9152950
.39 maker-168542515-augustus-gene-0.74-mRNA-1 4018949
.62 maker-168539715-augustus-gene-0.23-mRNA-1 9267577
.21 maker-168539715-augustus-gene-0.23-mRNA-1 9139643
.26 maker-168538890-augustus-gene-0.38-mRNA-1 3842478
.22 maker-168538890-augustus-gene-0.38-mRNA-1 2156214
.19 maker-168538890-augustus-gene-0.38-mRNA-1 9187630
.15 maker-168538890-augustus-gene-0.38-mRNA-1 2713028
.10 maker-168538890-augustus-gene-0.38-mRNA-1 3435502
.78 maker-168536809-augustus-gene-0.133-mRNA-1 9136451
.32 maker-168535674-augustus-gene-0.17-mRNA-1 9127000
.26 maker-168535674-augustus-gene-0.17-mRNA-1 9140181
.24 maker-168535674-augustus-gene-0.17-mRNA-1 3056294
.36 maker-168534808-augustus-gene-0.27-mRNA-1 9133593
.24 maker-168534808-augustus-gene-0.27-mRNA-1 3492768
.30 maker-168532888-augustus-gene-0.7-mRNA-1 9128928
.32 maker-168532888-augustus-gene-0.7-mRNA-1 9147823
.17 maker-168532637-augustus-gene-0.21-mRNA-1 2328972
.27 maker-168532637-augustus-gene-0.21-mRNA-1 9128506
.99 maker-168532613-snap-gene-0.57-mRNA-1 9267594
.85 maker-168531075-augustus-gene-0.31-mRNA-1 9127598
.13 maker-168531075-augustus-gene-0.31-mRNA-1 9133817
.42 maker-168530319-snap-gene-0.36-mRNA-1 9150514
.25 maker-168530319-snap-gene-0.36-mRNA-1 9136677
.03 maker-168529276-augustus-gene-0.27-mRNA-1 9129604
.59 maker-168528878-snap-gene-0.109-mRNA-1 9267603
.30 maker-168526797-augustus-gene-0.50-mRNA-1 9137301
.18 maker-168526797-augustus-gene-0.50-mRNA-1 9138047
.12 maker-168526797-augustus-gene-0.50-mRNA-1 6710359
.63 maker-168526040-snap-gene-0.108-mRNA-1 9267552
.04 maker-168526040-snap-gene-0.108-mRNA-1 191978
.11 maker-168524460-augustus-gene-0.16-mRNA-1 9151879
.87 maker-168524460-augustus-gene-0.16-mRNA-1 9267509
.10 maker-168524101-snap-gene-0.19-mRNA-1 1735247
.89 maker-168524101-snap-gene-0.19-mRNA-1 9267507
.54 maker-168521523-snap-gene-0.46-mRNA-1 9267535
.08 maker-168521523-snap-gene-0.46-mRNA-1 5654052
.79 maker-168521416-snap-gene-0.8-mRNA-1 9267536
.07 maker-168521416-snap-gene-0.8-mRNA-1 1577254
.07 maker-168521416-snap-gene-0.8-mRNA-1 2938884
.67 maker-168519129-snap-gene-0.28-mRNA-1 9267499
.31 maker-168519129-snap-gene-0.28-mRNA-1 1538995
.44 maker-168517650-augustus-gene-0.11-mRNA-1 9132639
.29 maker-168517650-augustus-gene-0.11-mRNA-1 9129639
.83 maker-168516900-augustus-gene-0.98-mRNA-1 9267481
.69 maker-168515093-augustus-gene-0.26-mRNA-1 9267570
.19 maker-168515093-augustus-gene-0.26-mRNA-1 9171206
.11 maker-168515093-augustus-gene-0.26-mRNA-1 6316110
.10 maker-168515093-augustus-gene-0.26-mRNA-1 9137004
.33 maker-168514525-augustus-gene-0.13-mRNA-1 9267521
.14 maker-168514525-augustus-gene-0.13-mRNA-1 2706654
.08 maker-168514525-augustus-gene-0.13-mRNA-1 9237814
.07 maker-168514404-snap-gene-0.56-mRNA-1 8396203
.79 maker-168514404-snap-gene-0.56-mRNA-1 9267491
.13 maker-168513256-augustus-gene-0.51-mRNA-1 9130988
.85 maker-168509969-snap-gene-0.37-mRNA-1 9267497
.06 maker-168509969-snap-gene-0.37-mRNA-1 9150424
.18 maker-168508455-augustus-gene-0.34-mRNA-1 2194471
.16 maker-168508034-snap-gene-0.14-mRNA-1 9152954
.83 maker-168508034-snap-gene-0.14-mRNA-1 9267553
.18 maker-168507778-snap-gene-0.23-mRNA-1 3445648
.21 maker-168507778-snap-gene-0.23-mRNA-1 2722399
.41 maker-168507242-snap-gene-0.48-mRNA-1 9144724
.77 maker-168506658-snap-gene-0.116-mRNA-1 9267461
.87 maker-168505274-augustus-gene-2.79-mRNA-1 9267494
.02 maker-168505274-augustus-gene-2.79-mRNA-1 3154949
.02 maker-168505274-augustus-gene-2.79-mRNA-1 561321
.02 maker-168505274-augustus-gene-2.79-mRNA-1 8759136
.41 maker-168504777-snap-gene-0.16-mRNA-1 9164706
.53 maker-168504777-snap-gene-0.16-mRNA-1 9138871
.29 maker-168504777-snap-gene-0.16-mRNA-1 9139005
.57 maker-168504591-augustus-gene-0.85-mRNA-1 4996599
.22 maker-168504591-augustus-gene-0.85-mRNA-1 5051252
.08 maker-168504088-augustus-gene-0.16-mRNA-1 1391303
.77 maker-168504088-augustus-gene-0.16-mRNA-1 9130133
.27 maker-168503298-snap-gene-0.31-mRNA-1 3467807
.20 maker-168503298-snap-gene-0.31-mRNA-1 2982721
.99 maker-168503205-augustus-gene-0.11-mRNA-1 9267512
.38 maker-168502823-augustus-gene-0.16-mRNA-1 9267534
.33 maker-168502823-augustus-gene-0.16-mRNA-1 9148581
.22 maker-168502823-augustus-gene-0.16-mRNA-1 1134735
.48 maker-168500979-augustus-gene-0.24-mRNA-1 3226421
.82 maker-168500479-snap-gene-0.23-mRNA-1 9267508
.17 maker-168500479-snap-gene-0.23-mRNA-1 9130116
.53 maker-168500386-augustus-gene-3.122-mRNA-1 9134193
.06 maker-168500386-augustus-gene-3.122-mRNA-1 2020834
.20 maker-168499318-augustus-gene-0.48-mRNA-1 9126551
.16 maker-168499318-augustus-gene-0.48-mRNA-1 349617
.42 maker-168498695-snap-gene-0.55-mRNA-1 9126306
.02 maker-168498695-snap-gene-0.55-mRNA-1 9126305
.29 maker-168498410-augustus-gene-0.125-mRNA-1 9139343
.17 maker-168497403-snap-gene-1.98-mRNA-2 9130081
.82 maker-168497403-snap-gene-1.98-mRNA-2 9267562
.59 maker-168494842-snap-gene-0.97-mRNA-1 9267515
.13 maker-168494842-snap-gene-0.97-mRNA-1 240537
.21 maker-168494441-snap-gene-0.4-mRNA-1 507403
.54 maker-168494441-snap-gene-0.4-mRNA-1 9133023
.09 maker-168493918-augustus-gene-0.74-mRNA-1 9148037
.05 maker-168493918-augustus-gene-0.74-mRNA-1 3241800
.78 maker-168493679-augustus-gene-0.14-mRNA-3 9267537
.24 maker-168492031-augustus-gene-0.45-mRNA-1 9173582
.16 maker-168492031-augustus-gene-0.45-mRNA-1 598656
.26 maker-168489583-augustus-gene-0.69-mRNA-1 9139374
.17 maker-168489583-augustus-gene-0.69-mRNA-1 9221356
.47 maker-168488996-augustus-gene-0.61-mRNA-1 9126934
.20 maker-168488996-augustus-gene-0.61-mRNA-1 2433206
.46 maker-168486364-snap-gene-0.5-mRNA-1 2652726
.17 maker-168486364-snap-gene-0.5-mRNA-1 4606952
.15 maker-168486364-snap-gene-0.5-mRNA-1 5470941
.14 maker-168486364-snap-gene-0.5-mRNA-1 1307564
.15 maker-168486364-snap-gene-0.5-mRNA-1 2132143
.90 maker-168485324-augustus-gene-0.82-mRNA-1 9267607
.22 maker-168484983-snap-gene-0.32-mRNA-1 1721381
.20 maker-168484358-augustus-gene-0.24-mRNA-1 4423801
.15 maker-168484358-augustus-gene-0.24-mRNA-1 3511068
.32 maker-168482475-snap-gene-0.17-mRNA-1 9133314
.12 maker-168482475-snap-gene-0.17-mRNA-1 2169736
.33 maker-168481144-snap-gene-0.85-mRNA-1 9135200
.18 maker-168481144-snap-gene-0.85-mRNA-1 9135424
.76 maker-168479037-snap-gene-0.67-mRNA-1 9267581
.47 maker-168478330-snap-gene-1.84-mRNA-1 9267606
.13 maker-168478330-snap-gene-1.84-mRNA-1 3018428
.36 maker-168477198-snap-gene-0.12-mRNA-1 9135834
.70 maker-168476215-snap-gene-0.116-mRNA-2 9267588
.14 maker-168476215-snap-gene-0.116-mRNA-2 9144404
.22 maker-168475172-snap-gene-0.9-mRNA-1 9131961
.21 maker-168475172-snap-gene-0.9-mRNA-1 705721
.25 maker-168475172-snap-gene-0.9-mRNA-1 9132860
.21 maker-168474833-snap-gene-0.5-mRNA-1 2254046
.14 maker-168474833-snap-gene-0.5-mRNA-1 3903489
.36 maker-168474668-augustus-gene-0.45-mRNA-1 9126145
.24 maker-168473566-augustus-gene-0.46-mRNA-1 9267561
.21 maker-168473566-augustus-gene-0.46-mRNA-1 9148301
.58 maker-168472063-augustus-gene-0.61-mRNA-1 9136199
.46 maker-168470218-snap-gene-1.64-mRNA-1 9129898
.19 maker-168470218-snap-gene-1.64-mRNA-1 9133218
.43 maker-168469723-augustus-gene-0.18-mRNA-1 9165712
.18 maker-168469723-augustus-gene-0.18-mRNA-1 4961479
.56 maker-168469401-augustus-gene-0.27-mRNA-1 9148012
.27 maker-168469401-augustus-gene-0.27-mRNA-1 3519725
.49 maker-168469074-snap-gene-0.43-mRNA-1 9267557
.09 maker-168466654-snap-gene-0.65-mRNA-1 9132580
.87 maker-168466654-snap-gene-0.65-mRNA-1 9267517
.72 maker-168466464-augustus-gene-0.38-mRNA-1 9130543
.32 maker-168465876-snap-gene-0.21-mRNA-1 9127761
.20 maker-168465876-snap-gene-0.21-mRNA-1 3744451
.21 maker-168465107-snap-gene-0.84-mRNA-1 3429338
.15 maker-168465107-snap-gene-0.84-mRNA-1 1827429
.13 maker-168465107-snap-gene-0.84-mRNA-1 9132653
.29 maker-168462639-augustus-gene-0.12-mRNA-1 9178486
.21 maker-168462639-augustus-gene-0.12-mRNA-1 849279
.96 maker-168462173-augustus-gene-0.54-mRNA-1 9267598
.22 maker-168460295-augustus-gene-0.18-mRNA-2 956069
.16 maker-168460295-augustus-gene-0.18-mRNA-2 9236940
.23 maker-168459549-snap-gene-0.49-mRNA-2 9267599
.08 maker-168459549-snap-gene-0.49-mRNA-2 9267599
.02 maker-168459549-snap-gene-0.49-mRNA-2 9137146
0 maker-168459549-snap-gene-0.49-mRNA-2 9137146
.65 maker-168459523-snap-gene-1.75-mRNA-1 9267470
.30 maker-168459523-snap-gene-1.75-mRNA-1 5271454
.20 maker-168459523-augustus-gene-0.40-mRNA-1 9134806
.20 maker-168459523-augustus-gene-0.40-mRNA-1 9129288
.06 maker-168459523-augustus-gene-0.40-mRNA-1 9126701
.84 maker-168457391-snap-gene-0.43-mRNA-1 9267539
.08 maker-168457391-snap-gene-0.43-mRNA-1 3765713
.31 maker-168457142-augustus-gene-0.37-mRNA-1 1731561
.21 maker-168457142-augustus-gene-0.37-mRNA-1 2936974
.14 maker-168457142-augustus-gene-0.37-mRNA-1 1801945
.13 maker-168457142-augustus-gene-0.37-mRNA-1 1661538
.14 maker-168457142-augustus-gene-0.37-mRNA-1 2959604
.71 maker-168455746-augustus-gene-0.21-mRNA-1 9267610
.28 maker-168455746-augustus-gene-0.21-mRNA-1 9267610
.40 maker-168455722-augustus-gene-0.79-mRNA-1 9267522
.31 maker-168455701-augustus-gene-0.41-mRNA-1 9126419
.23 maker-168455701-augustus-gene-0.41-mRNA-1 9158861
.35 maker-168455701-augustus-gene-0.41-mRNA-1 9131132
.84 maker-168453265-snap-gene-0.7-mRNA-1 9126590
.16 maker-168452061-snap-gene-0.12-mRNA-1 4110214
.48 maker-168452061-snap-gene-0.12-mRNA-1 9132813
.23 maker-168450911-snap-gene-0.6-mRNA-1 9131875
.33 maker-168450844-snap-gene-0.45-mRNA-1 9127915
.20 maker-168450844-snap-gene-0.45-mRNA-1 9127916
.24 maker-168450289-snap-gene-0.26-mRNA-1 9164012
.28 maker-168450289-snap-gene-0.26-mRNA-1 9144159
.17 maker-168450289-snap-gene-0.26-mRNA-1 9177004
.17 maker-168450289-snap-gene-0.26-mRNA-1 864183
.02 maker-168450289-snap-gene-0.26-mRNA-1 9145830
.34 maker-168450214-augustus-gene-0.96-mRNA-1 9126708
.23 maker-168450214-augustus-gene-0.96-mRNA-1 9138062
.15 maker-168450214-augustus-gene-0.96-mRNA-1 9141959
.03 maker-168450214-augustus-gene-0.96-mRNA-1 3202501
.21 maker-168449902-snap-gene-0.9-mRNA-1 9142036
.17 maker-168449902-snap-gene-0.9-mRNA-1 9145661
.27 maker-168448714-augustus-gene-0.5-mRNA-1 1033836
.16 maker-168448714-augustus-gene-0.5-mRNA-1 9145864
.37 maker-168447716-augustus-gene-0.16-mRNA-1 9127196
.24 maker-168447716-augustus-gene-0.16-mRNA-1 859161
.18 maker-168447716-augustus-gene-0.16-mRNA-1 9133996
.21 maker-168447156-augustus-gene-0.8-mRNA-1 9131203
.14 maker-168447156-augustus-gene-0.8-mRNA-1 9182305
.30 maker-168446536-augustus-gene-0.75-mRNA-2 9267496
.26 maker-168446536-augustus-gene-0.75-mRNA-2 9131185
.34 maker-168446536-augustus-gene-0.75-mRNA-1 9131185
.27 maker-168446536-augustus-gene-0.75-mRNA-1 9267496
.74 maker-168446160-snap-gene-0.93-mRNA-1 9267457
.19 maker-168446160-snap-gene-0.93-mRNA-1 9126338
.98 maker-168444997-augustus-gene-0.96-mRNA-1 9267605
.51 maker-168444917-augustus-gene-0.4-mRNA-1 9145067
.24 maker-168444917-augustus-gene-0.4-mRNA-1 9127219
.64 maker-168442939-snap-gene-0.56-mRNA-1 9267565
.11 maker-168442939-snap-gene-0.56-mRNA-1 5232367
.67 maker-168440195-snap-gene-0.5-mRNA-1 1588442
.16 maker-168440195-snap-gene-0.5-mRNA-1 1588453
.12 maker-168440195-snap-gene-0.5-mRNA-1 8551707
.45 maker-168438608-augustus-gene-0.15-mRNA-1 449687
.23 maker-168438608-augustus-gene-0.15-mRNA-1 9129230
.56 maker-168438411-snap-gene-0.37-mRNA-1 9267549
.28 maker-168438411-snap-gene-0.37-mRNA-1 9132847
.36 maker-168438397-snap-gene-0.98-mRNA-1 9126657
.30 maker-168438397-snap-gene-0.98-mRNA-1 9129602
.69 maker-168435172-snap-gene-0.55-mRNA-1 9147222
.11 maker-168435172-snap-gene-0.55-mRNA-1 7368528
.91 maker-168434530-augustus-gene-0.4-mRNA-1 9134070
.25 maker-168434496-snap-gene-0.28-mRNA-1 4413852
.32 maker-168433671-augustus-gene-0.5-mRNA-1 2154984
.23 maker-168433671-augustus-gene-0.5-mRNA-1 3257893
.46 maker-168433290-snap-gene-0.91-mRNA-1 9130897
.13 maker-168433290-snap-gene-0.91-mRNA-1 2414106
.11 maker-168433290-snap-gene-0.91-mRNA-1 541577
.99 maker-168432683-augustus-gene-0.84-mRNA-1 1935048
.60 maker-168432420-snap-gene-0.82-mRNA-1 9127366
.17 maker-168432420-snap-gene-0.82-mRNA-1 9158949
.44 maker-168431522-augustus-gene-0.21-mRNA-1 9267529
.15 maker-168431522-augustus-gene-0.21-mRNA-1 9138632
.05 maker-168430821-snap-gene-0.7-mRNA-1 6951775
.79 maker-168430821-snap-gene-0.7-mRNA-1 9267476
.89 maker-168429642-snap-gene-0.47-mRNA-1 9267604
.10 maker-168429642-snap-gene-0.47-mRNA-1 2411066
.86 maker-168429614-augustus-gene-0.31-mRNA-1 9267540
.05 maker-168429614-augustus-gene-0.31-mRNA-1 8304509
.56 maker-168429307-snap-gene-0.27-mRNA-1 9267590
.17 maker-168429307-snap-gene-0.27-mRNA-1 4259259
.26 maker-168425879-snap-gene-0.36-mRNA-1 9129234
.34 maker-168425879-snap-gene-0.36-mRNA-1 9129232
.74 maker-168425634-augustus-gene-0.37-mRNA-1 9267473
.08 maker-168425634-augustus-gene-0.37-mRNA-1 9169672
.39 maker-168420106-augustus-gene-0.8-mRNA-1 4045912
.35 maker-168420106-augustus-gene-0.8-mRNA-1 3447839
.62 maker-168417108-snap-gene-0.16-mRNA-1 9267546
.25 maker-168417108-snap-gene-0.16-mRNA-1 9128864
.56 maker-168414376-snap-gene-0.39-mRNA-1 9133928
.21 maker-168414376-snap-gene-0.39-mRNA-1 9129700
.40 maker-168408517-snap-gene-0.13-mRNA-1 9128189
.81 maker-168407645-augustus-gene-0.33-mRNA-2 9267608
.04 maker-168407645-augustus-gene-0.33-mRNA-2 8455672
.03 maker-168407645-augustus-gene-0.33-mRNA-2 3408420
.02 maker-168407645-augustus-gene-0.33-mRNA-2 3706229
.02 maker-168407645-augustus-gene-0.33-mRNA-2 3706230
.95 maker-168406486-augustus-gene-0.50-mRNA-1 9267482
.34 maker-168406115-augustus-gene-0.9-mRNA-3 9128277
.08 maker-168406115-augustus-gene-0.9-mRNA-3 9130837
.33 maker-168403888-augustus-gene-0.4-mRNA-1 7168013
.69 maker-168403140-augustus-gene-0.41-mRNA-1 9267500
.06 maker-168403140-augustus-gene-0.41-mRNA-1 9008936
.99 maker-168400262-snap-gene-0.12-mRNA-1 9267484
.48 maker-168399500-augustus-gene-0.8-mRNA-1 9149835
.33 maker-168399500-augustus-gene-0.8-mRNA-1 9128238
.78 maker-168398871-augustus-gene-0.21-mRNA-1 9132279
.08 maker-168398871-augustus-gene-0.21-mRNA-1 2976492
.08 maker-168398871-augustus-gene-0.21-mRNA-1 1873096
.51 maker-168396546-augustus-gene-0.7-mRNA-1 9267555
.09 maker-168396546-augustus-gene-0.7-mRNA-1 2803044
.11 maker-168394294-snap-gene-0.50-mRNA-1 9133877
.23 maker-168394294-snap-gene-0.50-mRNA-1 9160596
.26 maker-168393127-snap-gene-0.30-mRNA-1 9145997
.58 maker-168393127-snap-gene-0.30-mRNA-1 2825112
.70 maker-168392238-augustus-gene-0.20-mRNA-1 9133617
.73 maker-168388341-augustus-gene-0.54-mRNA-2 9267600
.72 maker-168385751-snap-gene-0.14-mRNA-1 9267595
.10 maker-168385751-snap-gene-0.14-mRNA-1 2353769
.47 maker-168385712-snap-gene-0.52-mRNA-1 2203777
.25 maker-168385202-augustus-gene-1.97-mRNA-1 9139288
.15 maker-168385202-augustus-gene-1.97-mRNA-1 2562580
.22 maker-168383854-augustus-gene-0.140-mRNA-1 9267596
.11 maker-168383854-augustus-gene-0.140-mRNA-1 9267596
.12 maker-168376499-snap-gene-0.75-mRNA-1 1873410
.87 maker-168376499-snap-gene-0.75-mRNA-1 9132395
.58 maker-168375573-snap-gene-0.26-mRNA-1 4432313
.22 maker-168375573-snap-gene-0.26-mRNA-1 3836987
.41 maker-168370058-augustus-gene-0.29-mRNA-1 9136491
.14 maker-168370058-augustus-gene-0.29-mRNA-1 1622592
.22 maker-168369787-augustus-gene-0.14-mRNA-1 9143779
.08 maker-168369787-augustus-gene-0.14-mRNA-1 9173288
.29 maker-168365624-augustus-gene-0.25-mRNA-1 3233925
.29 maker-168365624-augustus-gene-0.25-mRNA-1 2350399
.16 maker-168365624-augustus-gene-0.25-mRNA-1 9137148
.19 maker-168364943-augustus-gene-0.4-mRNA-1 3543625
.36 maker-168364863-snap-gene-0.8-mRNA-1 2637907
.28 maker-168364863-snap-gene-0.8-mRNA-1 3349746
.28 maker-168364863-snap-gene-0.8-mRNA-1 9130595
.28 maker-168356648-augustus-gene-1.72-mRNA-3 9126262
.59 maker-168355490-snap-gene-0.28-mRNA-1 9267542
.05 maker-168355490-snap-gene-0.28-mRNA-1 1676369
.78 maker-168354690-augustus-gene-0.21-mRNA-1 9267574
.08 maker-168354690-augustus-gene-0.21-mRNA-1 4843608
.10 maker-168354690-augustus-gene-0.21-mRNA-1 3693421
.18 maker-168352781-augustus-gene-0.41-mRNA-1 9126785
.25 maker-168352781-augustus-gene-0.41-mRNA-1 9126782
.74 maker-168350479-augustus-gene-0.43-mRNA-1 9267586
.30 maker-168347580-augustus-gene-0.34-mRNA-1 9126450
.15 maker-168347580-augustus-gene-0.34-mRNA-1 9126451
.31 maker-168347411-snap-gene-0.21-mRNA-1 1539281
.30 maker-168347411-snap-gene-0.21-mRNA-1 1789634
.79 maker-168344349-augustus-gene-0.68-mRNA-1 9267578
.13 maker-168344349-augustus-gene-0.68-mRNA-1 9132261
.48 maker-168343356-snap-gene-0.25-mRNA-2 9267601
.14 maker-168343356-snap-gene-0.25-mRNA-2 2509809
.46 maker-168343356-snap-gene-0.25-mRNA-1 9267601
.11 maker-168343356-snap-gene-0.25-mRNA-1 2509809
.08 maker-168343356-snap-gene-0.25-mRNA-1 9267601
.01 maker-168343219-snap-gene-0.16-mRNA-1 3465901
.76 maker-168341737-augustus-gene-0.33-mRNA-1 9267573
.12 maker-168341737-augustus-gene-0.33-mRNA-1 3807043
