.05 maker-168427090-snap-gene-0.30-mRNA-1 2010446
.91 maker-168427090-snap-gene-0.30-mRNA-1 6593024
.97 maker-168424263-augustus-gene-0.65-mRNA-1 6592979
.54 maker-168423854-snap-gene-1.96-mRNA-2 6592858
.96 maker-168402784-snap-gene-0.15-mRNA-2 6593008
.15 maker-168391679-augustus-gene-0.40-mRNA-1 1453044
.81 maker-168391679-augustus-gene-0.40-mRNA-1 6592928
.13 maker-168381250-snap-gene-0.65-mRNA-1 1109235
.84 maker-168381250-snap-gene-0.65-mRNA-1 6592815
.49 maker-168352235-snap-gene-0.29-mRNA-1 6512696
.29 maker-168352235-snap-gene-0.29-mRNA-1 6592875
.98 maker-168334744-augustus-gene-0.18-mRNA-4 6505634
.84 maker-168307732-augustus-gene-1.53-mRNA-1 6592951
.98 maker-168303028-snap-gene-0.25-mRNA-1 6593007
.98 maker-168296297-snap-gene-0.35-mRNA-1 6593006
.10 maker-168291073-augustus-gene-0.77-mRNA-1 1529455
.16 maker-168291073-augustus-gene-0.77-mRNA-1 6505266
.13 maker-168275735-snap-gene-0.74-mRNA-1 1250853
.73 maker-168275735-snap-gene-0.74-mRNA-1 6592818
.98 maker-168264053-snap-gene-0.40-mRNA-1 6592899
.52 maker-168259885-snap-gene-0.38-mRNA-2 6592867
.32 maker-168259885-snap-gene-0.38-mRNA-2 6502070
.02 maker-168253745-snap-gene-0.72-mRNA-1 1919051
.82 maker-168253745-snap-gene-0.72-mRNA-1 6593013
.36 maker-168251712-snap-gene-0.13-mRNA-1 6592942
.24 maker-168251712-snap-gene-0.13-mRNA-1 6505332
.35 maker-168247752-snap-gene-0.19-mRNA-1 6514586
.50 maker-168247752-snap-gene-0.19-mRNA-1 6502189
.61 maker-168221639-snap-gene-0.86-mRNA-1 6507102
.16 maker-168221639-snap-gene-0.86-mRNA-1 627954
.68 maker-168219740-snap-gene-0.48-mRNA-1 6504023
.25 maker-168219740-snap-gene-0.48-mRNA-1 6503941
.85 maker-168219520-snap-gene-0.131-mRNA-1 6592970
.06 maker-168219520-snap-gene-0.131-mRNA-1 6505234
.31 maker-168218301-snap-gene-0.36-mRNA-1 1561280
.29 maker-168218301-snap-gene-0.36-mRNA-1 2335679
.23 maker-168218301-snap-gene-0.36-mRNA-1 1262426
.22 maker-168218301-snap-gene-0.36-mRNA-1 1827442
.19 maker-168218301-snap-gene-0.36-mRNA-1 1331148
.15 maker-168203773-augustus-gene-0.43-mRNA-4 6504390
.74 maker-168203773-augustus-gene-0.43-mRNA-4 6592999
.85 maker-168191815-snap-gene-0.30-mRNA-1 6593017
.59 maker-168191206-snap-gene-0.59-mRNA-1 6512822
.29 maker-168191206-snap-gene-0.59-mRNA-1 2318992
.03 maker-168190526-snap-gene-1.104-mRNA-1 5131626
.87 maker-168190526-snap-gene-1.104-mRNA-1 6592798
.57 maker-168190093-augustus-gene-0.40-mRNA-1 6512332
.24 maker-168190093-augustus-gene-0.40-mRNA-1 612373
.88 maker-168187042-snap-gene-0.41-mRNA-1 6592993
.37 maker-168186767-augustus-gene-0.11-mRNA-2 6592883
.55 maker-168186714-snap-gene-0.22-mRNA-1 6592758
.65 maker-168186639-augustus-gene-0.34-mRNA-1 6592796
.09 maker-168186639-augustus-gene-0.34-mRNA-1 1815317
.71 maker-168186620-snap-gene-0.7-mRNA-1 6592776
.27 maker-168186620-snap-gene-0.7-mRNA-1 6507192
.07 maker-168186616-snap-gene-0.28-mRNA-1 4274583
.89 maker-168186616-snap-gene-0.28-mRNA-1 6502847
.51 maker-168185814-augustus-gene-0.12-mRNA-1 6593019
.32 maker-168185814-augustus-gene-0.12-mRNA-1 6593019
.12 maker-168184025-snap-gene-0.36-mRNA-1 2392184
.09 maker-168184025-snap-gene-0.36-mRNA-1 1248018
.22 maker-168183983-snap-gene-0.6-mRNA-2 6513996
.71 maker-168183949-augustus-gene-0.37-mRNA-1 6592994
.24 maker-168183379-snap-gene-0.25-mRNA-1 6504809
.98 maker-168183132-augustus-gene-0.15-mRNA-1 6592961
.72 maker-168182785-snap-gene-0.59-mRNA-1 6592780
.14 maker-168182785-snap-gene-0.59-mRNA-1 6515126
.09 maker-168182785-snap-gene-0.59-mRNA-1 4027395
.09 maker-168182785-snap-gene-0.59-mRNA-1 5027543
.08 maker-168182678-augustus-gene-0.48-mRNA-1 1349994
.84 maker-168182678-augustus-gene-0.48-mRNA-1 6592762
.29 maker-168146383-augustus-gene-0.5-mRNA-2 1298909
.30 maker-168063535-snap-gene-0.54-mRNA-1 6517573
.12 maker-168063535-snap-gene-0.54-mRNA-1 2202159
.49 maker-167961346-snap-gene-0.27-mRNA-1 6527886
.16 maker-167890164-snap-gene-0.11-mRNA-1 2183107
.12 maker-167890164-snap-gene-0.11-mRNA-1 6506181
.72 maker-167843016-snap-gene-0.39-mRNA-1 6506912
.20 maker-167843016-snap-gene-0.39-mRNA-1 1631308
.89 maker-167819832-snap-gene-0.10-mRNA-1 6592940
.64 maker-167797444-snap-gene-2.92-mRNA-1 6503100
.14 maker-167797444-snap-gene-2.92-mRNA-1 1228612
.08 maker-167797071-snap-gene-0.38-mRNA-1 1062958
.77 maker-167797071-snap-gene-0.38-mRNA-1 6593000
.93 maker-167796751-augustus-gene-0.6-mRNA-1 6592983
.38 maker-167301859-snap-gene-0.4-mRNA-1 1446456
.38 maker-167301859-snap-gene-0.4-mRNA-1 144539
.05 maker-167058524-augustus-gene-0.4-mRNA-3 1931239
.85 maker-167058524-augustus-gene-0.4-mRNA-3 6592963
.44 maker-166754409-snap-gene-0.9-mRNA-1 6504796
.25 maker-166754409-snap-gene-0.9-mRNA-1 2115761
.99 maker-166466863-snap-gene-0.5-mRNA-1 6592973
.40 maker-166055328-snap-gene-0.4-mRNA-1 6513251
.30 maker-166055328-snap-gene-0.4-mRNA-1 6505565
.98 maker-163908939-snap-gene-0.10-mRNA-1 6592966
.42 maker-162734347-augustus-gene-0.1-mRNA-1 1485916
.35 maker-162734347-augustus-gene-0.1-mRNA-1 1527649
.98 maker-162021365-augustus-gene-0.3-mRNA-1 6592978
.97 genemark-168424801-processed-gene-0.1-mRNA-1 1082544
.46 genemark-165050178-processed-gene-0.2-mRNA-1 5210785
.25 augustus_masked-52956962-processed-gene-0.1-mRNA-1 6542975
.37 augustus_masked-52956962-processed-gene-0.1-mRNA-1 6505123
.51 augustus_masked-168574791-processed-gene-0.1-mRNA-1 2850764
.12 augustus_masked-168560926-processed-gene-0.6-mRNA-1 3720282
.53 augustus_masked-168558992-processed-gene-0.0-mRNA-1 3803892
.35 augustus_masked-168558992-processed-gene-0.0-mRNA-1 5825678
.34 augustus_masked-168558992-processed-gene-0.0-mRNA-1 3755190
.34 augustus_masked-168558992-processed-gene-0.0-mRNA-1 6558714
.28 augustus_masked-168558992-processed-gene-0.0-mRNA-1 4468247
.36 augustus_masked-168523262-processed-gene-0.0-mRNA-1 3813096
.98 augustus_masked-168513668-processed-gene-0.1-mRNA-1 6592893
.12 augustus_masked-168504850-processed-gene-0.0-mRNA-1 6176429
.82 augustus_masked-168504850-processed-gene-0.0-mRNA-1 6592927
.35 augustus_masked-168498100-processed-gene-0.8-mRNA-1 6521776
.33 augustus_masked-168498100-processed-gene-0.8-mRNA-1 1461792
.19 augustus_masked-168476186-processed-gene-0.7-mRNA-1 6503484
.18 augustus_masked-168476186-processed-gene-0.7-mRNA-1 6507256
.17 augustus_masked-168476186-processed-gene-0.7-mRNA-1 6507285
.47 augustus_masked-168432470-processed-gene-0.1-mRNA-1 6592783
.31 augustus_masked-168432470-processed-gene-0.1-mRNA-1 6592783
.68 augustus_masked-168373464-processed-gene-0.0-mRNA-1 6510568
.31 augustus_masked-168373464-processed-gene-0.0-mRNA-1 1617107
.13 augustus_masked-168297339-processed-gene-0.1-mRNA-1 2379318
.74 augustus_masked-168297339-processed-gene-0.1-mRNA-1 1350441
.17 augustus_masked-168239231-processed-gene-0.3-mRNA-1 3244524
.70 augustus_masked-168239231-processed-gene-0.3-mRNA-1 6515793
.99 augustus_masked-168236369-processed-gene-0.3-mRNA-1 6592799
.79 augustus_masked-168230361-processed-gene-0.3-mRNA-1 6592834
.13 augustus_masked-168230361-processed-gene-0.3-mRNA-1 5618189
.16 augustus_masked-168222303-processed-gene-0.1-mRNA-1 3631579
.12 augustus_masked-168222303-processed-gene-0.1-mRNA-1 5519510
.32 augustus_masked-168188678-processed-gene-0.9-mRNA-1 6527713
.29 augustus_masked-168188678-processed-gene-0.9-mRNA-1 3061458
.22 augustus_masked-167873852-processed-gene-0.4-mRNA-1 6513724
.77 augustus_masked-167873852-processed-gene-0.4-mRNA-1 842832
.99 augustus_masked-167058379-processed-gene-0.1-mRNA-1 6592954
.33 augustus_masked-166727621-processed-gene-0.0-mRNA-1 2556893
.51 augustus_masked-166727621-processed-gene-0.0-mRNA-1 6526966
.29 augustus_masked-159848118-processed-gene-0.0-mRNA-1 2465533
.70 augustus_masked-159848118-processed-gene-0.0-mRNA-1 6518872
.98 augustus_masked-159277981-processed-gene-0.1-mRNA-1 6592832
.83 snap_masked-168549811-processed-gene-0.54-mRNA-1 6592874
.11 snap_masked-168549811-processed-gene-0.54-mRNA-1 994577
.37 snap_masked-168547781-processed-gene-0.8-mRNA-1 6510656
.54 snap_masked-168547781-processed-gene-0.8-mRNA-1 6509060
.38 snap_masked-168497890-processed-gene-0.25-mRNA-1 2354241
.44 snap_masked-168497890-processed-gene-0.25-mRNA-1 1595614
.59 snap_masked-168476483-processed-gene-0.16-mRNA-1 6541075
.33 snap_masked-168476483-processed-gene-0.16-mRNA-1 3930795
.96 snap_masked-168378785-processed-gene-0.29-mRNA-1 6593015
.55 maker-168577172-snap-gene-0.28-mRNA-1 6592894
.24 maker-168577172-snap-gene-0.28-mRNA-1 3711423
.32 maker-168558657-snap-gene-0.62-mRNA-1 5238277
.20 maker-168558657-snap-gene-0.62-mRNA-1 1288792
.77 maker-168550168-augustus-gene-0.47-mRNA-3 6502055
.08 maker-168550168-augustus-gene-0.47-mRNA-3 596307
.08 maker-168550168-augustus-gene-0.47-mRNA-3 2561229
.15 maker-168513542-snap-gene-0.54-mRNA-1 697111
.22 maker-168513542-snap-gene-0.54-mRNA-1 6592976
.41 maker-168508334-snap-gene-0.29-mRNA-1 6505148
.20 maker-168508334-snap-gene-0.29-mRNA-1 1221347
.11 maker-168481845-augustus-gene-0.100-mRNA-1 2833979
.81 maker-168481845-augustus-gene-0.100-mRNA-1 6592877
.91 maker-168448534-snap-gene-0.69-mRNA-1 6592987
.06 maker-168448534-snap-gene-0.69-mRNA-1 144797
.05 maker-168448534-snap-gene-0.69-mRNA-1 4929359
.04 maker-168448534-snap-gene-0.69-mRNA-1 144774
.14 maker-168442413-snap-gene-0.36-mRNA-1 6593012
.13 maker-168414831-augustus-gene-0.85-mRNA-1 6506393
.80 maker-168414831-augustus-gene-0.85-mRNA-1 6592872
.22 maker-168384639-augustus-gene-0.28-mRNA-1 6504107
.11 maker-168384639-augustus-gene-0.28-mRNA-1 835922
.94 maker-168372135-augustus-gene-0.53-mRNA-1 6592974
.02 maker-168372135-augustus-gene-0.53-mRNA-1 2453645
.20 maker-168368284-augustus-gene-0.67-mRNA-1 6503257
.10 maker-168368284-augustus-gene-0.67-mRNA-1 1699865
.67 maker-168325714-snap-gene-0.41-mRNA-1 6505221
.09 maker-168325714-snap-gene-0.41-mRNA-1 2863071
.03 maker-168325714-snap-gene-0.41-mRNA-1 6526977
.06 maker-168323152-snap-gene-6.66-mRNA-1 4963877
.85 maker-168323152-snap-gene-6.66-mRNA-1 6592835
.22 maker-168314823-augustus-gene-0.38-mRNA-1 819587
.60 maker-168314823-augustus-gene-0.38-mRNA-1 6502875
.52 maker-168289990-snap-gene-0.56-mRNA-1 6592975
.50 maker-168250949-augustus-gene-0.20-mRNA-2 6592753
.04 maker-168250949-augustus-gene-0.20-mRNA-2 6511043
.79 maker-168248967-snap-gene-0.36-mRNA-1 6592944
.85 maker-168239280-snap-gene-1.77-mRNA-1 6592843
.48 maker-168236810-augustus-gene-0.38-mRNA-2 6592997
.10 maker-168236810-augustus-gene-0.38-mRNA-2 6592997
.73 maker-168218629-snap-gene-0.19-mRNA-1 6508086
.18 maker-168218629-snap-gene-0.19-mRNA-1 6510092
.28 maker-168214845-snap-gene-0.5-mRNA-1 2364649
.18 maker-168214845-snap-gene-0.5-mRNA-1 6503653
.14 maker-168214845-snap-gene-0.5-mRNA-1 6503652
.43 maker-168209360-snap-gene-0.37-mRNA-1 6592804
.08 maker-168209360-snap-gene-0.37-mRNA-1 6515362
.05 maker-168209360-snap-gene-0.37-mRNA-1 2193224
.04 maker-168209360-snap-gene-0.37-mRNA-1 6592804
.60 maker-168190982-snap-gene-0.71-mRNA-1 6592907
.11 maker-168190982-snap-gene-0.71-mRNA-1 1291275
.25 maker-168188903-snap-gene-0.31-mRNA-1 6592808
.67 maker-168188742-snap-gene-0.18-mRNA-1 6592904
.32 maker-168188742-snap-gene-0.18-mRNA-1 6545168
.18 maker-168188275-augustus-gene-0.56-mRNA-1 6502514
.25 maker-168188275-augustus-gene-0.56-mRNA-1 2760140
.76 maker-168187445-snap-gene-0.10-mRNA-1 6592986
.11 maker-168187445-snap-gene-0.10-mRNA-1 378258
.97 maker-168186720-snap-gene-0.38-mRNA-1 6593016
.40 maker-168090540-snap-gene-0.14-mRNA-1 345255
.57 maker-168090540-snap-gene-0.14-mRNA-1 1433443
.77 maker-168001983-augustus-gene-0.36-mRNA-2 6592803
.17 maker-168001983-augustus-gene-0.36-mRNA-2 6514798
.73 maker-166885766-snap-gene-0.4-mRNA-1 6592768
.26 maker-166885766-snap-gene-0.4-mRNA-1 1505256
.78 maker-166411942-augustus-gene-0.3-mRNA-1 6592772
.10 maker-166411942-augustus-gene-0.3-mRNA-1 1121004
.04 maker-166411942-augustus-gene-0.3-mRNA-1 6523413
.49 maker-163571301-augustus-gene-0.3-mRNA-1 6592895
.25 maker-163571301-augustus-gene-0.3-mRNA-1 871972
.24 maker-162159576-augustus-gene-0.3-mRNA-1 1633286
.08 maker-162159576-augustus-gene-0.3-mRNA-1 1126105
.35 maker-158294985-snap-gene-0.5-mRNA-1 6592786
.28 maker-158294985-snap-gene-0.5-mRNA-1 829850
.17 genemark-168509347-processed-gene-0.11-mRNA-1 1446167
.05 genemark-168509347-processed-gene-0.11-mRNA-1 1751650
.14 genemark-168186474-processed-gene-0.20-mRNA-1 1177416
.08 genemark-168186474-processed-gene-0.20-mRNA-1 1177415
.27 genemark-167812213-processed-gene-0.56-mRNA-1 3342170
.76 augustus_masked-168572791-processed-gene-0.5-mRNA-1 82932
.06 augustus_masked-168572791-processed-gene-0.5-mRNA-1 3400339
.62 augustus_masked-168193118-processed-gene-0.2-mRNA-1 6509090
.12 augustus_masked-168193118-processed-gene-0.2-mRNA-1 3446116
.83 augustus_masked-167963811-processed-gene-0.5-mRNA-1 6592920
.04 augustus_masked-167963811-processed-gene-0.5-mRNA-1 1395219
.22 augustus_masked-167852821-processed-gene-0.0-mRNA-1 3827466
.20 augustus_masked-167852821-processed-gene-0.0-mRNA-1 1682265
.58 augustus_masked-166062002-processed-gene-0.0-mRNA-1 6592744
.19 augustus_masked-166062002-processed-gene-0.0-mRNA-1 4004286
.89 augustus_masked-160306060-processed-gene-0.0-mRNA-1 3942267
.80 augustus_masked-160306060-processed-gene-0.0-mRNA-1 4356584
.55 augustus_masked-160306060-processed-gene-0.0-mRNA-1 3766188
.41 augustus_masked-160306060-processed-gene-0.0-mRNA-1 5544194
.49 augustus_masked-160306060-processed-gene-0.0-mRNA-1 5930836
.99 snap_masked-168499642-processed-gene-0.15-mRNA-1 6592746
.63 snap_masked-168455522-processed-gene-0.101-mRNA-1 6592996
.91 snap_masked-168446894-processed-gene-0.24-mRNA-1 6593005
.44 snap_masked-168432453-processed-gene-0.27-mRNA-1 6516442
.41 snap_masked-168432453-processed-gene-0.27-mRNA-1 6516442
.84 snap_masked-168190002-processed-gene-0.28-mRNA-1 6592935
.48 snap_masked-166447821-processed-gene-0.2-mRNA-1 6512063
.40 snap_masked-166447821-processed-gene-0.2-mRNA-1 6520352
.90 maker-168574944-snap-gene-0.82-mRNA-1 6502913
.81 maker-168568846-augustus-gene-0.28-mRNA-1 6592946
.11 maker-168568846-augustus-gene-0.28-mRNA-1 1898190
.53 maker-168558558-snap-gene-0.68-mRNA-1 6504401
.23 maker-168558558-snap-gene-0.68-mRNA-1 6506497
.89 maker-168557558-snap-gene-0.54-mRNA-1 6592763
.58 maker-168501060-augustus-gene-0.13-mRNA-1 6511694
.57 maker-168442787-snap-gene-0.38-mRNA-1 6592922
.23 maker-168442787-snap-gene-0.38-mRNA-1 6511606
.96 maker-168431040-augustus-gene-0.73-mRNA-1 6504834
.09 maker-168415510-augustus-gene-0.122-mRNA-1 6512891
.75 maker-168415510-augustus-gene-0.122-mRNA-1 6592952
.37 maker-168414606-augustus-gene-0.42-mRNA-1 872358
.25 maker-168414606-augustus-gene-0.42-mRNA-1 6502215
.19 maker-168414606-augustus-gene-0.42-mRNA-1 6588380
.79 maker-168390176-augustus-gene-0.28-mRNA-1 6592992
.89 maker-168326992-augustus-gene-0.29-mRNA-1 6592995
.91 maker-168257000-augustus-gene-0.12-mRNA-1 6592871
.29 maker-168227754-augustus-gene-0.64-mRNA-1 6505749
.24 maker-168227754-augustus-gene-0.64-mRNA-1 2824011
.96 maker-168227321-snap-gene-1.142-mRNA-1 6592881
.75 maker-168216083-snap-gene-0.48-mRNA-1 6592759
.18 maker-168216083-snap-gene-0.48-mRNA-1 436969
.27 maker-168204879-snap-gene-0.70-mRNA-2 6592912
.15 maker-168204879-snap-gene-0.70-mRNA-2 6514510
.33 maker-168204879-snap-gene-0.70-mRNA-1 6592912
.12 maker-168204879-snap-gene-0.70-mRNA-1 6506250
.66 maker-168202692-snap-gene-0.103-mRNA-1 6592925
.96 maker-168190625-snap-gene-1.75-mRNA-1 6504083
.32 maker-168190132-augustus-gene-0.74-mRNA-1 6593020
.40 maker-168189064-snap-gene-0.32-mRNA-1 6592898
.03 maker-168189064-snap-gene-0.32-mRNA-1 6510578
.57 maker-168188975-snap-gene-0.67-mRNA-1 6508516
.90 maker-168182878-augustus-gene-0.59-mRNA-1 6592988
.57 maker-168071829-augustus-gene-0.17-mRNA-1 6504052
.09 maker-168071829-augustus-gene-0.17-mRNA-1 824965
.26 maker-167978148-snap-gene-0.18-mRNA-1 6507343
.20 maker-167978148-snap-gene-0.18-mRNA-1 6507997
.57 maker-167916647-snap-gene-0.38-mRNA-1 6593018
.13 maker-167814414-snap-gene-0.21-mRNA-1 6592873
.21 maker-167814414-snap-gene-0.21-mRNA-1 478794
.05 maker-167814414-snap-gene-0.21-mRNA-1 1793256
.05 maker-167814414-snap-gene-0.21-mRNA-1 6522003
.03 maker-167814414-snap-gene-0.21-mRNA-1 5753821
.84 maker-167166811-augustus-gene-0.7-mRNA-1 6592905
.21 maker-165009935-augustus-gene-0.3-mRNA-1 6592902
.96 maker-164217928-snap-gene-0.4-mRNA-1 6592778
.17 augustus_masked-168427357-processed-gene-0.2-mRNA-1 4921319
.27 augustus_masked-168368016-processed-gene-0.1-mRNA-1 6502475
.67 augustus_masked-168272861-processed-gene-0.0-mRNA-1 6505502
.14 augustus_masked-168272861-processed-gene-0.0-mRNA-1 1385309
.11 augustus_masked-168272861-processed-gene-0.0-mRNA-1 2889811
.75 augustus_masked-168248622-processed-gene-0.0-mRNA-1 6592868
.34 augustus_masked-168248622-processed-gene-0.0-mRNA-1 236276
.16 augustus_masked-168248622-processed-gene-0.0-mRNA-1 4073087
.45 augustus_masked-168186282-processed-gene-0.2-mRNA-1 5311617
.35 augustus_masked-168186282-processed-gene-0.2-mRNA-1 6499681
.17 augustus_masked-168186282-processed-gene-0.2-mRNA-1 5726884
.13 augustus_masked-168186282-processed-gene-0.2-mRNA-1 3892297
.20 augustus_masked-168186282-processed-gene-0.2-mRNA-1 4243246
.58 snap_masked-168420509-processed-gene-0.29-mRNA-1 6592791
.32 snap_masked-168420509-processed-gene-0.29-mRNA-1 6518820
.38 snap_masked-167152929-processed-gene-0.8-mRNA-1 6573814
.37 snap_masked-167152929-processed-gene-0.8-mRNA-1 3503161
.25 snap_masked-166605270-processed-gene-0.2-mRNA-1 6503434
.55 snap_masked-166605270-processed-gene-0.2-mRNA-1 6592820
.17 snap_masked-166605270-processed-gene-0.2-mRNA-1 6503435
.23 maker-168577393-snap-gene-0.46-mRNA-1 2029666
.21 maker-168577393-snap-gene-0.46-mRNA-1 3198554
.92 maker-168563564-augustus-gene-0.23-mRNA-1 6593003
.10 maker-168562669-augustus-gene-0.39-mRNA-1 2545822
.76 maker-168562669-augustus-gene-0.39-mRNA-1 6592833
.11 maker-168560422-snap-gene-0.29-mRNA-1 3625528
.64 maker-168560422-snap-gene-0.29-mRNA-1 6502415
.11 maker-168557091-snap-gene-0.39-mRNA-1 6508890
.64 maker-168557091-snap-gene-0.39-mRNA-1 6592774
.95 maker-168534974-snap-gene-0.84-mRNA-1 965231
.63 maker-168534974-augustus-gene-0.83-mRNA-1 6592934
.15 maker-168534974-augustus-gene-0.83-mRNA-1 1955888
.31 maker-168523936-augustus-gene-0.104-mRNA-1 643485
.17 maker-168523936-augustus-gene-0.104-mRNA-1 6509220
.79 maker-168508830-augustus-gene-0.31-mRNA-1 6592809
.06 maker-168508830-augustus-gene-0.31-mRNA-1 6504657
.37 maker-168479654-snap-gene-0.32-mRNA-1 1377229
.57 maker-168479654-snap-gene-0.32-mRNA-1 6502525
.74 maker-168472946-augustus-gene-0.27-mRNA-1 6505085
.99 maker-168467959-snap-gene-0.81-mRNA-1 6504371
.73 maker-168449729-augustus-gene-0.32-mRNA-1 6592956
.10 maker-168449729-augustus-gene-0.32-mRNA-1 6575647
.42 maker-168431831-snap-gene-0.30-mRNA-1 2197820
.35 maker-168377495-snap-gene-0.81-mRNA-1 6592840
.43 maker-168340894-augustus-gene-0.5-mRNA-1 6592943
.12 maker-168340894-augustus-gene-0.5-mRNA-1 2041214
.57 maker-168327335-augustus-gene-0.14-mRNA-1 6592936
.15 maker-168327335-augustus-gene-0.14-mRNA-1 6523555
.99 maker-168311252-augustus-gene-0.22-mRNA-1 6592916
.62 maker-168303969-snap-gene-0.26-mRNA-1 6503857
.15 maker-168303969-snap-gene-0.26-mRNA-1 1778399
.12 maker-168303969-snap-gene-0.26-mRNA-1 5083252
.42 maker-168253332-snap-gene-0.17-mRNA-1 6509057
.22 maker-168253332-snap-gene-0.17-mRNA-1 6592857
.42 maker-168197815-augustus-gene-0.8-mRNA-1 6592821
.14 maker-168197815-augustus-gene-0.8-mRNA-1 2477999
.68 maker-168190055-augustus-gene-0.81-mRNA-1 6502250
.11 maker-168190055-augustus-gene-0.81-mRNA-1 1460911
.31 maker-168187839-augustus-gene-0.17-mRNA-1 6502719
.45 maker-168187839-augustus-gene-0.17-mRNA-1 6536417
.05 maker-168187280-snap-gene-0.57-mRNA-1 1685919
.89 maker-168187280-snap-gene-0.57-mRNA-1 6592864
.46 maker-168186314-augustus-gene-2.76-mRNA-1 6510221
.67 maker-167979663-augustus-gene-0.14-mRNA-1 6503560
.17 maker-167833934-snap-gene-0.10-mRNA-1 3387857
.72 maker-167833934-snap-gene-0.10-mRNA-1 6592756
.06 maker-167829209-snap-gene-0.19-mRNA-1 2190064
.89 maker-167829209-snap-gene-0.19-mRNA-1 6592870
.91 maker-167827732-augustus-gene-0.26-mRNA-1 6592752
.24 maker-166283943-augustus-gene-0.3-mRNA-1 6514022
.72 maker-166283943-augustus-gene-0.3-mRNA-1 1251274
.21 maker-162978731-augustus-gene-0.4-mRNA-1 6514245
.17 maker-162978731-augustus-gene-0.4-mRNA-1 127165
.08 maker-162978731-augustus-gene-0.4-mRNA-1 2462387
.39 maker-161533214-snap-gene-0.3-mRNA-1 6560326
.53 maker-161533214-snap-gene-0.3-mRNA-1 6592960
.16 genemark-168455225-processed-gene-0.9-mRNA-1 6524301
.12 genemark-168455225-processed-gene-0.9-mRNA-1 3218644
.11 genemark-168455225-processed-gene-0.9-mRNA-1 6524250
.07 genemark-168455225-processed-gene-0.9-mRNA-1 781259
.07 genemark-168455225-processed-gene-0.9-mRNA-1 5206247
.57 augustus_masked-168502146-processed-gene-0.5-mRNA-1 6503527
.49 augustus_masked-168495557-processed-gene-0.1-mRNA-1 1451388
.14 augustus_masked-168495557-processed-gene-0.1-mRNA-1 2731059
.12 augustus_masked-168369620-processed-gene-0.6-mRNA-1 6509122
.12 augustus_masked-168369620-processed-gene-0.6-mRNA-1 1095301
.81 augustus_masked-168326508-processed-gene-0.9-mRNA-1 6592829
.06 augustus_masked-168326508-processed-gene-0.9-mRNA-1 474786
.39 augustus_masked-162042408-processed-gene-0.0-mRNA-1 6510450
.22 augustus_masked-162042408-processed-gene-0.0-mRNA-1 6504047
.19 augustus_masked-162042408-processed-gene-0.0-mRNA-1 6510450
.15 augustus_masked-162042408-processed-gene-0.0-mRNA-1 3087761
.13 augustus_masked-162042408-processed-gene-0.0-mRNA-1 605720
.86 snap_masked-168577584-processed-gene-0.44-mRNA-1 6592804
.21 snap_masked-168548294-processed-gene-0.97-mRNA-1 1211047
.24 snap_masked-168548294-processed-gene-0.97-mRNA-1 448053
.53 snap_masked-168388072-processed-gene-0.86-mRNA-1 3579428
.29 snap_masked-168388072-processed-gene-0.86-mRNA-1 5176396
.42 snap_masked-165276992-processed-gene-0.4-mRNA-1 3011055
.34 snap_masked-165276992-processed-gene-0.4-mRNA-1 6513314
.88 maker-168577443-snap-gene-0.45-mRNA-1 6592919
.93 maker-168568942-augustus-gene-0.23-mRNA-1 6593025
.01 maker-168568942-augustus-gene-0.23-mRNA-1 2877418
.82 maker-168566078-snap-gene-0.35-mRNA-1 6592917
.61 maker-168563521-snap-gene-0.27-mRNA-1 6516288
.14 maker-168563521-snap-gene-0.27-mRNA-1 1923928
.33 maker-168552937-augustus-gene-0.115-mRNA-1 6592949
.40 maker-168552937-augustus-gene-0.115-mRNA-1 6592949
.79 maker-168523613-snap-gene-0.55-mRNA-1 6504790
.13 maker-168523613-snap-gene-0.55-mRNA-1 6510821
.68 maker-168519578-snap-gene-0.82-mRNA-1 6592787
.06 maker-168519578-snap-gene-0.82-mRNA-1 3289354
.10 maker-168508956-augustus-gene-0.121-mRNA-1 2282178
.26 maker-168508956-augustus-gene-0.121-mRNA-1 6516571
.67 maker-168504010-augustus-gene-0.27-mRNA-1 6505856
.17 maker-168504010-augustus-gene-0.27-mRNA-1 1639428
.90 maker-168472423-augustus-gene-0.93-mRNA-1 6592990
.98 maker-168366367-snap-gene-0.123-mRNA-1 6592989
.36 maker-168328748-augustus-gene-0.3-mRNA-1 2188037
.41 maker-168328748-augustus-gene-0.3-mRNA-1 811066
.87 maker-168327619-snap-gene-0.31-mRNA-1 6592785
.94 maker-168321879-augustus-gene-0.12-mRNA-1 6504042
.90 maker-168315695-augustus-gene-0.30-mRNA-1 6506409
.04 maker-168315695-augustus-gene-0.30-mRNA-1 5676461
.48 maker-168266860-snap-gene-0.9-mRNA-1 6502463
.36 maker-168266860-snap-gene-0.9-mRNA-1 2655157
.19 maker-168224420-augustus-gene-0.32-mRNA-1 6511007
.36 maker-168224420-augustus-gene-0.32-mRNA-1 6509460
.23 maker-168222075-snap-gene-0.70-mRNA-1 6502472
.64 maker-168198977-snap-gene-0.10-mRNA-1 6592838
.99 maker-168186064-augustus-gene-0.8-mRNA-1 6592985
.88 maker-167900041-augustus-gene-0.19-mRNA-1 6592937
.05 maker-167801433-snap-gene-0.19-mRNA-1 1727838
.91 maker-167801433-snap-gene-0.19-mRNA-1 6592981
.56 maker-167793430-augustus-gene-0.24-mRNA-1 6592924
.05 maker-166969080-augustus-gene-0.3-mRNA-1 5535122
.85 maker-166969080-augustus-gene-0.3-mRNA-1 6503380
.20 maker-158324297-augustus-gene-0.2-mRNA-1 2419936
.61 maker-158324297-augustus-gene-0.2-mRNA-1 6503210
.89 augustus_masked-168533939-processed-gene-0.1-mRNA-1 6592926
.40 augustus_masked-168188112-processed-gene-0.0-mRNA-1 4043931
.09 augustus_masked-168188112-processed-gene-0.0-mRNA-1 1251274
.09 augustus_masked-168188112-processed-gene-0.0-mRNA-1 1074854
.09 augustus_masked-168188112-processed-gene-0.0-mRNA-1 1315267
.09 augustus_masked-168188112-processed-gene-0.0-mRNA-1 1315268
.63 augustus_masked-167839041-processed-gene-0.4-mRNA-1 6592801
.06 augustus_masked-167839041-processed-gene-0.4-mRNA-1 6514726
.70 snap_masked-168468761-processed-gene-0.18-mRNA-1 6507083
.16 snap_masked-168468761-processed-gene-0.18-mRNA-1 6023125
.93 snap_masked-167017394-processed-gene-0.2-mRNA-1 6592754
.01 snap_masked-167017394-processed-gene-0.2-mRNA-1 5638389
.28 maker-168575524-snap-gene-0.118-mRNA-1 6592911
.16 maker-168575524-snap-gene-0.118-mRNA-1 6592911
.21 maker-168561002-snap-gene-0.123-mRNA-1 6510377
.19 maker-168561002-snap-gene-0.123-mRNA-1 6503317
.48 maker-168560154-snap-gene-0.139-mRNA-1 6592745
.24 maker-168560154-snap-gene-0.139-mRNA-1 1166270
.18 maker-168547462-augustus-gene-0.33-mRNA-1 3044105
.16 maker-168547462-augustus-gene-0.33-mRNA-1 1008106
.28 maker-168528968-snap-gene-1.110-mRNA-1 6502768
.21 maker-168528968-snap-gene-1.110-mRNA-1 921637
.21 maker-168528968-snap-gene-1.110-mRNA-1 6513691
.93 maker-168509294-snap-gene-0.26-mRNA-1 6592807
.75 maker-168508204-augustus-gene-0.38-mRNA-2 6592984
.08 maker-168508204-augustus-gene-0.38-mRNA-2 6504286
.99 maker-168502825-snap-gene-0.6-mRNA-1 6592964
.93 maker-168471107-augustus-gene-0.29-mRNA-1 6592765
.66 maker-168419840-augustus-gene-0.131-mRNA-1 6592777
.21 maker-168419840-augustus-gene-0.131-mRNA-1 6508357
.85 maker-168240133-snap-gene-0.34-mRNA-1 6592766
.10 maker-168240133-snap-gene-0.34-mRNA-1 3224789
.10 maker-168240133-snap-gene-0.34-mRNA-1 2123341
.73 maker-168187682-snap-gene-0.36-mRNA-1 6593010
.78 maker-168184548-augustus-gene-0.5-mRNA-1 6592973
.09 maker-168184548-augustus-gene-0.5-mRNA-1 1424572
.94 maker-168183798-snap-gene-0.11-mRNA-2 6593014
.03 maker-167813059-augustus-gene-0.10-mRNA-1 6045616
.89 maker-167813059-augustus-gene-0.10-mRNA-1 6503453
.73 maker-166361717-snap-gene-0.6-mRNA-1 6518642
.20 maker-166361717-snap-gene-0.6-mRNA-1 6510663
.10 maker-166278184-snap-gene-0.4-mRNA-1 5180392
.68 maker-166278184-snap-gene-0.4-mRNA-1 6592816
.19 augustus_masked-168570439-processed-gene-0.21-mRNA-1 6508562
.22 augustus_masked-168570439-processed-gene-0.21-mRNA-1 826950
.36 augustus_masked-168553453-processed-gene-1.47-mRNA-1 6592955
.27 augustus_masked-168553453-processed-gene-1.47-mRNA-1 6592955
.09 augustus_masked-168553453-processed-gene-1.47-mRNA-1 6509638
.07 augustus_masked-168553453-processed-gene-1.47-mRNA-1 6521659
.94 augustus_masked-168223406-processed-gene-0.2-mRNA-1 6592825
.89 augustus_masked-168114353-processed-gene-0.0-mRNA-1 6593023
.72 snap_masked-168434227-processed-gene-0.19-mRNA-1 6592921
.29 snap_masked-167798297-processed-gene-0.126-mRNA-1 6504501
.56 maker-168568643-augustus-gene-0.24-mRNA-1 6592767
.16 maker-168568643-augustus-gene-0.24-mRNA-1 2593819
.46 maker-168557556-augustus-gene-0.58-mRNA-1 6592755
.89 maker-168478168-snap-gene-0.48-mRNA-2 6508541
.02 maker-168478168-snap-gene-0.48-mRNA-2 6525790
.80 maker-168446676-snap-gene-0.8-mRNA-1 6592806
.02 maker-168446676-snap-gene-0.8-mRNA-1 3551331
.91 maker-168262007-augustus-gene-0.67-mRNA-1 6592991
.02 maker-168262007-augustus-gene-0.67-mRNA-1 5369830
.28 maker-168260816-augustus-gene-0.11-mRNA-1 2459747
.23 maker-168260816-augustus-gene-0.11-mRNA-1 2176746
.81 maker-168259029-snap-gene-0.32-mRNA-1 6502809
.14 maker-168245615-snap-gene-0.75-mRNA-1 1727674
.41 maker-168245615-snap-gene-0.75-mRNA-1 1970000
.35 maker-168226864-augustus-gene-0.10-mRNA-1 522168
.15 maker-168226864-augustus-gene-0.10-mRNA-1 1663891
.89 maker-168218873-augustus-gene-0.81-mRNA-1 6592885
.20 maker-168190120-snap-gene-0.81-mRNA-1 6502206
.46 maker-168190120-snap-gene-0.81-mRNA-1 6592982
.77 maker-168186080-snap-gene-0.63-mRNA-1 6592747
.43 maker-167960779-snap-gene-0.16-mRNA-1 6592811
.05 maker-167960779-snap-gene-0.16-mRNA-1 877770
.87 maker-167820802-snap-gene-0.31-mRNA-1 6592911
.08 maker-167820802-snap-gene-0.31-mRNA-1 815535
.06 maker-167820802-snap-gene-0.31-mRNA-1 4482981
.14 maker-167236617-snap-gene-0.4-mRNA-1 1615340
.34 maker-167236617-snap-gene-0.4-mRNA-1 6507293
.71 maker-166366599-snap-gene-0.7-mRNA-1 6506925
.78 maker-163947220-augustus-gene-0.4-mRNA-1 6592918
.40 maker-158727993-augustus-gene-0.3-mRNA-1 785519
.44 augustus_masked-168508073-processed-gene-0.2-mRNA-1 3663943
.40 augustus_masked-168508073-processed-gene-0.2-mRNA-1 3663941
.88 augustus_masked-168371150-processed-gene-0.1-mRNA-1 6592908
.54 augustus_masked-168337623-processed-gene-0.9-mRNA-1 1325868
.12 augustus_masked-168210847-processed-gene-0.1-mRNA-1 6504127
.80 augustus_masked-168210847-processed-gene-0.1-mRNA-1 6592760
.40 augustus_masked-168188665-processed-gene-0.3-mRNA-1 6503835
.29 augustus_masked-168188665-processed-gene-0.3-mRNA-1 6505492
.48 augustus_masked-165234164-processed-gene-0.0-mRNA-1 4259063
.34 augustus_masked-164957415-processed-gene-0.0-mRNA-1 5987305
.91 snap_masked-168235151-processed-gene-0.41-mRNA-1 6592980
.71 snap_masked-168185528-processed-gene-0.16-mRNA-1 6592826
.20 snap_masked-168185528-processed-gene-0.16-mRNA-1 5311298
.17 snap_masked-168179038-processed-gene-0.12-mRNA-1 1144259
.31 snap_masked-168179038-processed-gene-0.12-mRNA-1 1130968
.38 maker-168577070-snap-gene-0.18-mRNA-1 6592822
.11 maker-168577070-snap-gene-0.18-mRNA-1 2499959
.46 maker-168511842-augustus-gene-0.29-mRNA-1 743396
.29 maker-168511842-augustus-gene-0.29-mRNA-1 743379
.26 maker-168509643-snap-gene-1.86-mRNA-1 6525153
.27 maker-168509643-snap-gene-1.86-mRNA-1 1279020
.20 maker-168406761-snap-gene-0.39-mRNA-1 3424122
.70 maker-168406761-snap-gene-0.39-mRNA-1 6593002
.56 maker-168402981-snap-gene-0.6-mRNA-1 6592784
.99 maker-168370275-snap-gene-0.18-mRNA-1 6593021
.91 maker-168364417-augustus-gene-0.17-mRNA-1 6592906
.05 maker-168308039-augustus-gene-0.9-mRNA-1 6551819
.91 maker-168308039-augustus-gene-0.9-mRNA-1 6592820
.58 maker-168265755-augustus-gene-0.7-mRNA-1 6515239
.22 maker-168265755-augustus-gene-0.7-mRNA-1 6518156
.59 maker-168238241-snap-gene-0.14-mRNA-1 6503323
.20 maker-168238241-snap-gene-0.14-mRNA-1 2068829
.30 maker-168191770-snap-gene-3.62-mRNA-1 6592749
.12 maker-168191770-snap-gene-3.62-mRNA-1 6512687
.09 maker-168191770-snap-gene-3.62-mRNA-1 1423603
.91 maker-168191417-augustus-gene-0.50-mRNA-1 6592884
.76 maker-168188459-snap-gene-0.55-mRNA-1 6592863
.07 maker-168188459-snap-gene-0.55-mRNA-1 5626561
.78 maker-168186745-snap-gene-0.9-mRNA-1 6505901
.49 maker-168185684-snap-gene-0.7-mRNA-1 6592929
.15 maker-168185684-snap-gene-0.7-mRNA-1 4475719
.31 maker-168130577-snap-gene-0.26-mRNA-2 6527441
.20 maker-168130577-snap-gene-0.26-mRNA-2 1767176
.83 maker-167825050-snap-gene-0.48-mRNA-1 6592941
.05 maker-167825050-snap-gene-0.48-mRNA-1 4452893
.43 maker-167821834-snap-gene-0.41-mRNA-1 378313
.47 maker-167821834-snap-gene-0.41-mRNA-1 1906847
.03 maker-164752602-augustus-gene-0.3-mRNA-1 5754528
.91 maker-164752602-augustus-gene-0.3-mRNA-1 6593001
.64 maker-163491249-augustus-gene-0.3-mRNA-1 525554
.35 maker-163491249-augustus-gene-0.3-mRNA-1 6502781
.51 genemark-168411453-processed-gene-0.5-mRNA-1 5739130
.30 augustus_masked-168557124-processed-gene-0.11-mRNA-1 1660680
.72 augustus_masked-168263747-processed-gene-0.6-mRNA-1 6592830
.39 augustus_masked-168238456-processed-gene-0.5-mRNA-1 6509624
.36 augustus_masked-168238456-processed-gene-0.5-mRNA-1 3726082
.83 augustus_masked-166166760-processed-gene-0.0-mRNA-1 6592782
.55 augustus_masked-162362139-processed-gene-0.0-mRNA-1 6509037
.33 augustus_masked-162362139-processed-gene-0.0-mRNA-1 3481935
.87 snap_masked-168556053-processed-gene-0.12-mRNA-1 6592842
.08 snap_masked-168556053-processed-gene-0.12-mRNA-1 2564863
.38 maker-168576966-augustus-gene-0.57-mRNA-1 6506327
.34 maker-168576966-augustus-gene-0.57-mRNA-1 6506325
.70 maker-168576952-snap-gene-0.19-mRNA-1 6593004
.55 maker-168569682-augustus-gene-0.129-mRNA-1 6550477
.43 maker-168567428-augustus-gene-0.41-mRNA-1 6506643
.29 maker-168567428-augustus-gene-0.41-mRNA-1 980773
.58 maker-168564304-snap-gene-0.18-mRNA-1 6592959
.13 maker-168564304-snap-gene-0.18-mRNA-1 6512957
.89 maker-168528878-snap-gene-0.110-mRNA-1 6505394
.32 maker-168440991-snap-gene-0.30-mRNA-1 6592828
.23 maker-168440991-snap-gene-0.30-mRNA-1 6507358
.33 maker-168419080-snap-gene-0.30-mRNA-1 6527316
.12 maker-168419080-snap-gene-0.30-mRNA-1 233983
.90 maker-168412256-augustus-gene-0.108-mRNA-1 6502956
.55 maker-168385879-snap-gene-0.14-mRNA-1 6592972
.32 maker-168385879-snap-gene-0.14-mRNA-1 6592972
.79 maker-168370023-snap-gene-0.8-mRNA-1 6505892
.03 maker-168370023-snap-gene-0.8-mRNA-1 1553125
.66 maker-168353449-snap-gene-0.64-mRNA-1 6593022
.14 maker-168353449-snap-gene-0.64-mRNA-1 3760075
.31 maker-168327623-augustus-gene-0.18-mRNA-1 607395
.24 maker-168327623-augustus-gene-0.18-mRNA-1 2602288
.21 maker-168325750-snap-gene-0.32-mRNA-1 1909981
.20 maker-168325750-snap-gene-0.32-mRNA-1 3295753
.19 maker-168325750-snap-gene-0.32-mRNA-1 1074113
.63 maker-168315625-augustus-gene-0.63-mRNA-1 6592789
.79 maker-168253484-augustus-gene-0.33-mRNA-1 6592852
.35 maker-168252472-augustus-gene-0.26-mRNA-1 1673065
.45 maker-168190534-augustus-gene-0.16-mRNA-1 6592998
.31 maker-168190534-augustus-gene-0.16-mRNA-1 6592998
.11 maker-168184849-snap-gene-0.46-mRNA-1 1990457
.67 maker-168184849-snap-gene-0.46-mRNA-1 6592965
.23 maker-168018854-augustus-gene-0.11-mRNA-1 6503020
.16 maker-168018854-augustus-gene-0.11-mRNA-1 1730695
.36 maker-168017330-augustus-gene-0.5-mRNA-1 6502051
.30 maker-168017330-augustus-gene-0.5-mRNA-1 6502052
.90 maker-167896472-snap-gene-0.33-mRNA-1 6592794
.09 maker-167896472-snap-gene-0.33-mRNA-1 2881696
.51 maker-167882096-augustus-gene-0.42-mRNA-1 6523529
.34 maker-167882096-augustus-gene-0.42-mRNA-1 6502222
.79 maker-167794234-augustus-gene-0.22-mRNA-1 6592958
.09 maker-167057722-snap-gene-0.5-mRNA-1 2726648
.90 maker-167057722-snap-gene-0.5-mRNA-1 6593009
.30 maker-162920286-augustus-gene-0.4-mRNA-1 6506817
.18 maker-162920286-augustus-gene-0.4-mRNA-1 1734340
.40 augustus_masked-168356191-processed-gene-0.0-mRNA-1 6593011
.16 augustus_masked-168188500-processed-gene-0.5-mRNA-1 3969603
.46 augustus_masked-168188500-processed-gene-0.5-mRNA-1 6592957
.90 augustus_masked-166491972-processed-gene-0.0-mRNA-1 6592861
.99 augustus_masked-161963555-processed-gene-0.1-mRNA-1 6592869
