.79 snap_masked-85511505-processed-gene-0.1-mRNA-1 1561661
.22 snap_masked-38781969-processed-gene-0.1-mRNA-1 4598984
.67 snap_masked-38781969-processed-gene-0.1-mRNA-1 4594856
.99 snap_masked-25856054-processed-gene-0.2-mRNA-1 4672583
.99 snap_masked-17380839-processed-gene-0.2-mRNA-1 4672611
.99 snap_masked-168577634-processed-gene-0.43-mRNA-1 4672871
.98 snap_masked-168577532-processed-gene-0.60-mRNA-1 4672402
.13 snap_masked-168577477-processed-gene-0.22-mRNA-1 262509
.73 snap_masked-168577477-processed-gene-0.22-mRNA-1 4672776
.99 snap_masked-168577470-processed-gene-1.122-mRNA-1 4595132
.99 snap_masked-168577450-processed-gene-0.71-mRNA-1 226441
.99 snap_masked-168577392-processed-gene-0.81-mRNA-1 4672344
.94 snap_masked-168577338-processed-gene-0.41-mRNA-1 4600214
.03 snap_masked-168577338-processed-gene-0.41-mRNA-1 4597166
.99 snap_masked-168577338-processed-gene-0.37-mRNA-1 1274944
.71 snap_masked-168577240-processed-gene-0.41-mRNA-1 4672490
.14 snap_masked-168577240-processed-gene-0.41-mRNA-1 1382035
.03 snap_masked-168577240-processed-gene-0.41-mRNA-1 738449
.99 snap_masked-168577173-processed-gene-1.109-mRNA-1 4596558
.45 snap_masked-168576983-processed-gene-0.107-mRNA-1 3632190
.47 snap_masked-168576983-processed-gene-0.107-mRNA-1 206923
.02 snap_masked-168576961-processed-gene-0.9-mRNA-1 1861975
.97 snap_masked-168576961-processed-gene-0.9-mRNA-1 4672322
.99 snap_masked-168576939-processed-gene-1.150-mRNA-1 4594651
.99 snap_masked-168576761-processed-gene-0.116-mRNA-1 4672552
.99 snap_masked-168576560-processed-gene-0.43-mRNA-1 4594517
.55 snap_masked-168575692-processed-gene-0.50-mRNA-1 4596712
.43 snap_masked-168575692-processed-gene-0.50-mRNA-1 547515
.98 snap_masked-168574115-processed-gene-0.30-mRNA-1 4672798
.99 snap_masked-168573956-processed-gene-0.66-mRNA-1 4672431
.99 snap_masked-168573174-processed-gene-0.31-mRNA-1 4600134
.99 snap_masked-168572839-processed-gene-0.10-mRNA-1 4600289
.58 snap_masked-168572541-processed-gene-0.46-mRNA-1 1862084
.99 snap_masked-168571862-processed-gene-0.9-mRNA-1 4596492
.97 snap_masked-168571472-processed-gene-0.47-mRNA-1 2078533
.99 snap_masked-168571462-processed-gene-0.17-mRNA-1 4648655
.99 snap_masked-168571006-processed-gene-0.33-mRNA-1 4672213
.96 snap_masked-168570714-processed-gene-0.69-mRNA-1 1191646
.99 snap_masked-168570698-processed-gene-0.29-mRNA-1 4672558
.09 snap_masked-168569977-processed-gene-0.94-mRNA-1 4603553
.90 snap_masked-168569977-processed-gene-0.94-mRNA-1 4672686
.43 snap_masked-168569643-processed-gene-0.50-mRNA-1 1117663
.56 snap_masked-168569643-processed-gene-0.50-mRNA-1 4601681
.99 snap_masked-168569565-processed-gene-0.67-mRNA-1 4598077
.88 snap_masked-168568823-processed-gene-0.74-mRNA-1 4672239
.08 snap_masked-168568823-processed-gene-0.74-mRNA-1 739425
.42 snap_masked-168568076-processed-gene-0.22-mRNA-1 1560896
.42 snap_masked-168568076-processed-gene-0.22-mRNA-1 3800189
.99 snap_masked-168566824-processed-gene-0.40-mRNA-1 4672816
.84 snap_masked-168566042-processed-gene-0.43-mRNA-1 4672456
.12 snap_masked-168566042-processed-gene-0.43-mRNA-1 6089
.99 snap_masked-168565911-processed-gene-0.25-mRNA-1 4672554
.99 snap_masked-168563174-processed-gene-0.51-mRNA-1 4672713
.56 snap_masked-168562908-processed-gene-0.17-mRNA-1 3633663
.07 snap_masked-168562908-processed-gene-0.17-mRNA-1 4565451
.99 snap_masked-168562297-processed-gene-0.12-mRNA-1 4607905
.99 snap_masked-168562031-processed-gene-0.24-mRNA-1 4672245
.99 snap_masked-168561867-processed-gene-0.85-mRNA-1 4672514
.99 snap_masked-168560043-processed-gene-0.41-mRNA-1 4672394
.99 snap_masked-168559860-processed-gene-1.83-mRNA-1 4672618
.99 snap_masked-168558328-processed-gene-0.73-mRNA-1 4672237
.76 snap_masked-168558167-processed-gene-0.27-mRNA-1 4672815
.23 snap_masked-168558167-processed-gene-0.27-mRNA-1 4672815
.99 snap_masked-168557695-processed-gene-0.11-mRNA-1 4672778
.99 snap_masked-168557446-processed-gene-1.48-mRNA-1 4672533
.99 snap_masked-168556862-processed-gene-0.16-mRNA-1 4594900
.99 snap_masked-168555510-processed-gene-0.36-mRNA-1 4672356
.99 snap_masked-168552730-processed-gene-0.65-mRNA-1 4672511
.99 snap_masked-168551642-processed-gene-0.64-mRNA-1 4672340
.97 snap_masked-168551638-processed-gene-2.60-mRNA-1 4597335
.98 snap_masked-168551515-processed-gene-0.35-mRNA-1 4672461
.99 snap_masked-168549625-processed-gene-0.10-mRNA-1 4672623
.99 snap_masked-168549280-processed-gene-0.7-mRNA-1 4672491
.44 snap_masked-168549177-processed-gene-0.100-mRNA-1 4672913
.99 snap_masked-168549158-processed-gene-0.28-mRNA-1 4672378
.88 snap_masked-168548591-processed-gene-0.37-mRNA-1 4594658
.08 snap_masked-168548591-processed-gene-0.37-mRNA-1 338612
.99 snap_masked-168548377-processed-gene-0.27-mRNA-1 4672435
.96 snap_masked-168548205-processed-gene-0.22-mRNA-1 4672818
.35 snap_masked-168548072-processed-gene-0.70-mRNA-1 3912022
.46 snap_masked-168548072-processed-gene-0.70-mRNA-1 4140775
.64 snap_masked-168548072-processed-gene-0.70-mRNA-1 3144072
.46 snap_masked-168548010-processed-gene-0.89-mRNA-1 4619772
.30 snap_masked-168548010-processed-gene-0.89-mRNA-1 4446121
.71 snap_masked-168547058-processed-gene-0.71-mRNA-1 4599622
.26 snap_masked-168547058-processed-gene-0.71-mRNA-1 4602568
.99 snap_masked-168547058-processed-gene-0.69-mRNA-1 4672733
.99 snap_masked-168546995-processed-gene-0.28-mRNA-1 4672734
.99 snap_masked-168544955-processed-gene-0.7-mRNA-1 4672806
.97 snap_masked-168544855-processed-gene-0.75-mRNA-1 4672836
.41 snap_masked-168544726-processed-gene-0.14-mRNA-1 2616907
.99 snap_masked-168543532-processed-gene-0.57-mRNA-1 4672403
.82 snap_masked-168543491-processed-gene-0.29-mRNA-1 4603181
.10 snap_masked-168543491-processed-gene-0.29-mRNA-1 2496724
.99 snap_masked-168540994-processed-gene-0.53-mRNA-1 4672170
.99 snap_masked-168539593-processed-gene-0.16-mRNA-1 4672484
.99 snap_masked-168538536-processed-gene-0.10-mRNA-1 1536311
.99 snap_masked-168535625-processed-gene-0.31-mRNA-1 4672844
.72 snap_masked-168534233-processed-gene-0.46-mRNA-1 4610003
.99 snap_masked-168533071-processed-gene-0.17-mRNA-1 4672795
.13 snap_masked-168532811-processed-gene-0.13-mRNA-1 753177
.86 snap_masked-168532811-processed-gene-0.13-mRNA-1 4672429
.95 snap_masked-168530606-processed-gene-0.85-mRNA-1 4672405
.99 snap_masked-168529423-processed-gene-0.21-mRNA-1 4672254
.99 snap_masked-168528202-processed-gene-0.20-mRNA-1 4672333
.99 snap_masked-168526810-processed-gene-0.11-mRNA-1 4672339
.99 snap_masked-168525429-processed-gene-0.31-mRNA-1 4672507
.99 snap_masked-168524568-processed-gene-0.56-mRNA-1 4672566
.60 snap_masked-168523866-processed-gene-0.4-mRNA-1 4600408
.20 snap_masked-168523866-processed-gene-0.4-mRNA-1 1667649
.18 snap_masked-168523866-processed-gene-0.4-mRNA-1 1937351
.99 snap_masked-168523715-processed-gene-0.11-mRNA-1 4672290
.96 snap_masked-168522838-processed-gene-0.103-mRNA-1 775953
.99 snap_masked-168521317-processed-gene-0.6-mRNA-1 4672502
.41 snap_masked-168521003-processed-gene-0.79-mRNA-1 4394151
.40 snap_masked-168521003-processed-gene-0.79-mRNA-1 2048685
.99 snap_masked-168520988-processed-gene-0.78-mRNA-1 1958864
.99 snap_masked-168520139-processed-gene-0.21-mRNA-1 4612027
.88 snap_masked-168520014-processed-gene-0.62-mRNA-1 1915129
.99 snap_masked-168519497-processed-gene-0.49-mRNA-1 4672596
.99 snap_masked-168518380-processed-gene-0.8-mRNA-1 4594911
.99 snap_masked-168518317-processed-gene-0.29-mRNA-1 4672272
.99 snap_masked-168516466-processed-gene-0.15-mRNA-1 485218
.99 snap_masked-168515263-processed-gene-0.115-mRNA-1 4672400
.99 snap_masked-168514912-processed-gene-0.16-mRNA-1 4672482
.99 snap_masked-168513933-processed-gene-0.10-mRNA-1 4672450
.99 snap_masked-168512853-processed-gene-1.82-mRNA-1 4672262
.99 snap_masked-168510113-processed-gene-0.6-mRNA-1 4672921
.36 snap_masked-168509624-processed-gene-0.6-mRNA-1 4187884
.99 snap_masked-168509051-processed-gene-0.24-mRNA-1 4672301
.99 snap_masked-168508384-processed-gene-0.32-mRNA-1 4672469
.94 snap_masked-168505425-processed-gene-0.14-mRNA-1 4593718
.99 snap_masked-168500386-processed-gene-2.43-mRNA-1 4672523
.84 snap_masked-168500079-processed-gene-0.10-mRNA-1 4598651
.14 snap_masked-168500079-processed-gene-0.10-mRNA-1 3034326
.99 snap_masked-168499642-processed-gene-0.14-mRNA-1 4598988
.13 snap_masked-168497897-processed-gene-0.70-mRNA-1 2913943
.86 snap_masked-168497897-processed-gene-0.70-mRNA-1 4672280
.50 snap_masked-168497638-processed-gene-0.7-mRNA-1 784843
.99 snap_masked-168497022-processed-gene-0.5-mRNA-1 4672297
.89 snap_masked-168496814-processed-gene-0.33-mRNA-1 1652285
.99 snap_masked-168496729-processed-gene-0.4-mRNA-1 4672707
.48 snap_masked-168496104-processed-gene-0.30-mRNA-1 4098530
.99 snap_masked-168495519-processed-gene-0.26-mRNA-1 4672438
.99 snap_masked-168494330-processed-gene-0.10-mRNA-1 4672221
.97 snap_masked-168493775-processed-gene-0.11-mRNA-1 4672727
.19 snap_masked-168491283-processed-gene-0.5-mRNA-1 2940446
.41 snap_masked-168491283-processed-gene-0.5-mRNA-1 4598488
.99 snap_masked-168489523-processed-gene-0.98-mRNA-1 4599222
.96 snap_masked-168487853-processed-gene-0.36-mRNA-1 4596776
.78 snap_masked-168483785-processed-gene-0.40-mRNA-1 4598629
.21 snap_masked-168483785-processed-gene-0.40-mRNA-1 1724835
.10 snap_masked-168482879-processed-gene-0.41-mRNA-1 4234458
.89 snap_masked-168482879-processed-gene-0.41-mRNA-1 4596960
.99 snap_masked-168481356-processed-gene-0.98-mRNA-1 51064
.99 snap_masked-168480939-processed-gene-0.15-mRNA-1 4600510
.99 snap_masked-168480718-processed-gene-0.13-mRNA-1 4672612
.99 snap_masked-168478876-processed-gene-0.10-mRNA-1 4672610
.51 snap_masked-168476454-processed-gene-0.14-mRNA-1 3684862
.99 snap_masked-168476128-processed-gene-0.36-mRNA-1 4596282
.99 snap_masked-168474869-processed-gene-0.27-mRNA-1 4672520
.99 snap_masked-168470965-processed-gene-0.39-mRNA-1 4672227
.50 snap_masked-168470559-processed-gene-0.32-mRNA-1 4672512
.22 snap_masked-168470559-processed-gene-0.32-mRNA-1 4598084
.99 snap_masked-168470123-processed-gene-0.124-mRNA-1 4672374
.99 snap_masked-168468504-processed-gene-0.21-mRNA-1 4596143
.75 snap_masked-168464262-processed-gene-0.2-mRNA-1 2699892
.23 snap_masked-168464262-processed-gene-0.2-mRNA-1 3859012
.75 snap_masked-168463841-processed-gene-0.61-mRNA-1 3446058
.52 snap_masked-168459523-processed-gene-1.54-mRNA-1 3447909
.46 snap_masked-168459523-processed-gene-1.54-mRNA-1 4128892
.46 snap_masked-168459523-processed-gene-1.53-mRNA-1 2260158
.53 snap_masked-168459523-processed-gene-1.53-mRNA-1 4594714
.38 snap_masked-168459523-processed-gene-1.52-mRNA-1 1670187
.33 snap_masked-168459523-processed-gene-1.52-mRNA-1 467487
.99 snap_masked-168458182-processed-gene-0.20-mRNA-1 4672933
.99 snap_masked-168455519-processed-gene-0.93-mRNA-1 4672347
.96 snap_masked-168454869-processed-gene-0.56-mRNA-1 207917
.99 snap_masked-168453873-processed-gene-1.99-mRNA-1 4596054
.85 snap_masked-168452355-processed-gene-0.77-mRNA-1 1469739
.11 snap_masked-168452355-processed-gene-0.77-mRNA-1 3944484
.97 snap_masked-168452061-processed-gene-0.7-mRNA-1 1762005
.99 snap_masked-168451748-processed-gene-0.24-mRNA-1 4672312
.97 snap_masked-168451505-processed-gene-0.13-mRNA-1 4672321
.99 snap_masked-168451385-processed-gene-0.20-mRNA-1 4595718
.99 snap_masked-168451360-processed-gene-1.49-mRNA-1 4672643
.36 snap_masked-168451067-processed-gene-0.3-mRNA-1 4672256
.04 snap_masked-168451067-processed-gene-0.3-mRNA-1 4658648
.04 snap_masked-168451067-processed-gene-0.3-mRNA-1 2579697
.04 snap_masked-168451067-processed-gene-0.3-mRNA-1 994970
.08 snap_masked-168451067-processed-gene-0.3-mRNA-1 4672738
.18 snap_masked-168447667-processed-gene-0.5-mRNA-1 648432
.69 snap_masked-168447667-processed-gene-0.5-mRNA-1 4597877
.60 snap_masked-168446456-processed-gene-0.19-mRNA-1 3203110
.99 snap_masked-168444801-processed-gene-0.22-mRNA-1 4672572
.61 snap_masked-168444479-processed-gene-0.44-mRNA-1 3779602
.99 snap_masked-168443899-processed-gene-0.16-mRNA-1 4599273
.38 snap_masked-168443762-processed-gene-0.17-mRNA-1 1574302
.99 snap_masked-168443486-processed-gene-0.39-mRNA-1 4672789
.99 snap_masked-168441282-processed-gene-0.50-mRNA-1 4672218
.55 snap_masked-168441156-processed-gene-0.18-mRNA-1 4586549
.07 snap_masked-168441156-processed-gene-0.18-mRNA-1 4672703
.99 snap_masked-168439309-processed-gene-0.61-mRNA-1 4672858
.77 snap_masked-168438749-processed-gene-0.45-mRNA-1 3637149
.40 snap_masked-168436303-processed-gene-1.63-mRNA-1 4672911
.99 snap_masked-168435560-processed-gene-0.34-mRNA-1 909434
.99 snap_masked-168435378-processed-gene-2.74-mRNA-1 4672479
.36 snap_masked-168433596-processed-gene-0.9-mRNA-1 4672723
.21 snap_masked-168433596-processed-gene-0.9-mRNA-1 4594185
.75 snap_masked-168433123-processed-gene-0.3-mRNA-1 4606775
.23 snap_masked-168433123-processed-gene-0.3-mRNA-1 1232423
.99 snap_masked-168429386-processed-gene-0.6-mRNA-1 4672802
.92 snap_masked-168425188-processed-gene-0.25-mRNA-1 4672270
.99 snap_masked-168424050-processed-gene-0.32-mRNA-1 4594243
.99 snap_masked-168423899-processed-gene-0.11-mRNA-1 4672917
.99 snap_masked-168420937-processed-gene-0.44-mRNA-1 4672602
.99 snap_masked-168415001-processed-gene-0.16-mRNA-1 4598010
.99 snap_masked-168414944-processed-gene-0.22-mRNA-1 4672524
.99 snap_masked-168414143-processed-gene-0.3-mRNA-1 4604067
.99 snap_masked-168412892-processed-gene-0.11-mRNA-1 4597234
.99 snap_masked-168411146-processed-gene-0.14-mRNA-1 4672311
.99 snap_masked-168409839-processed-gene-0.68-mRNA-1 4672475
.99 snap_masked-168404160-processed-gene-0.83-mRNA-1 4672639
.99 snap_masked-168403627-processed-gene-0.20-mRNA-1 4672601
.99 snap_masked-168403036-processed-gene-0.38-mRNA-1 4608473
.48 snap_masked-168401655-processed-gene-0.20-mRNA-1 800683
.25 snap_masked-168401655-processed-gene-0.20-mRNA-1 2090188
.99 snap_masked-168400286-processed-gene-0.40-mRNA-1 535318
.95 snap_masked-168399922-processed-gene-0.6-mRNA-1 4597583
.99 snap_masked-168398852-processed-gene-0.12-mRNA-1 4672240
.99 snap_masked-168397484-processed-gene-0.28-mRNA-1 4672177
.99 snap_masked-168397458-processed-gene-1.90-mRNA-1 4672211
.99 snap_masked-168397262-processed-gene-0.34-mRNA-1 4672692
.38 snap_masked-168396491-processed-gene-0.34-mRNA-1 2567962
.33 snap_masked-168396491-processed-gene-0.34-mRNA-1 4204053
.99 snap_masked-168395513-processed-gene-0.10-mRNA-1 4672666
.99 snap_masked-168395146-processed-gene-0.61-mRNA-1 4672336
.99 snap_masked-168394452-processed-gene-0.40-mRNA-1 4672517
.99 snap_masked-168393497-processed-gene-0.77-mRNA-1 4672210
.99 snap_masked-168391806-processed-gene-0.50-mRNA-1 4672926
.99 snap_masked-168389632-processed-gene-1.61-mRNA-1 4672216
.99 snap_masked-168388819-processed-gene-0.5-mRNA-1 696216
.98 snap_masked-168388051-processed-gene-0.19-mRNA-1 4672282
.99 snap_masked-168386339-processed-gene-0.81-mRNA-1 831693
.63 snap_masked-168384894-processed-gene-0.13-mRNA-1 4672834
.36 snap_masked-168384425-processed-gene-0.40-mRNA-1 950288
.23 snap_masked-168384425-processed-gene-0.40-mRNA-1 4597739
.99 snap_masked-168382546-processed-gene-0.28-mRNA-1 4610980
.99 snap_masked-168381303-processed-gene-0.61-mRNA-1 4672460
.99 snap_masked-168376558-processed-gene-0.12-mRNA-1 4596663
.99 snap_masked-168373539-processed-gene-0.14-mRNA-1 4672705
.69 snap_masked-168370811-processed-gene-0.10-mRNA-1 4672800
.03 snap_masked-168370811-processed-gene-0.10-mRNA-1 1188985
.97 snap_masked-168370667-processed-gene-0.9-mRNA-1 4672557
.99 snap_masked-168369871-processed-gene-0.44-mRNA-1 4672702
.99 snap_masked-168368518-processed-gene-0.46-mRNA-1 4672506
.99 snap_masked-168364576-processed-gene-0.37-mRNA-1 4672207
.40 snap_masked-168363119-processed-gene-0.34-mRNA-1 2236976
.99 snap_masked-168358518-processed-gene-0.34-mRNA-1 4672476
.99 snap_masked-168355077-processed-gene-0.60-mRNA-1 4599586
.99 snap_masked-168348494-processed-gene-0.11-mRNA-1 4672784
.99 snap_masked-168348206-processed-gene-0.49-mRNA-1 4594148
.59 snap_masked-168346542-processed-gene-0.4-mRNA-1 4596215
.21 snap_masked-168346542-processed-gene-0.4-mRNA-1 1585257
.99 snap_masked-168344558-processed-gene-0.20-mRNA-1 4672382
.99 snap_masked-168343367-processed-gene-0.108-mRNA-1 4672267
.99 snap_masked-168340612-processed-gene-0.14-mRNA-1 4594478
.99 snap_masked-168338196-processed-gene-0.35-mRNA-1 4672521
.99 snap_masked-168338120-processed-gene-0.9-mRNA-1 4672410
.99 snap_masked-168330812-processed-gene-0.7-mRNA-1 4598028
.99 snap_masked-168327347-processed-gene-1.90-mRNA-1 4672309
.99 snap_masked-168327198-processed-gene-0.9-mRNA-1 4672215
.99 snap_masked-168326177-processed-gene-0.55-mRNA-1 4672172
.36 snap_masked-168325153-processed-gene-0.52-mRNA-1 882145
.37 snap_masked-168325153-processed-gene-0.52-mRNA-1 3541834
.56 snap_masked-168323488-processed-gene-0.19-mRNA-1 4598675
.31 snap_masked-168323488-processed-gene-0.19-mRNA-1 4596902
.99 snap_masked-168323003-processed-gene-0.22-mRNA-1 4672409
.39 snap_masked-168316967-processed-gene-0.32-mRNA-1 1874256
.60 snap_masked-168316967-processed-gene-0.32-mRNA-1 1372336
.99 snap_masked-168315270-processed-gene-0.52-mRNA-1 4596508
.58 snap_masked-168314700-processed-gene-0.10-mRNA-1 2848313
.33 snap_masked-168314700-processed-gene-0.10-mRNA-1 4522289
.99 snap_masked-168314041-processed-gene-0.16-mRNA-1 4672539
.99 snap_masked-168314006-processed-gene-0.71-mRNA-1 4595640
.99 snap_masked-168312980-processed-gene-0.35-mRNA-1 4672365
.61 snap_masked-168312706-processed-gene-0.43-mRNA-1 948576
.17 snap_masked-168312706-processed-gene-0.43-mRNA-1 4650649
.61 snap_masked-168310027-processed-gene-0.6-mRNA-1 4672720
.33 snap_masked-168310027-processed-gene-0.6-mRNA-1 4594577
.63 snap_masked-168306296-processed-gene-0.7-mRNA-1 2129944
.36 snap_masked-168306296-processed-gene-0.7-mRNA-1 4603528
.98 snap_masked-168305341-processed-gene-0.112-mRNA-1 4598795
.97 snap_masked-168304247-processed-gene-0.14-mRNA-1 4600566
.99 snap_masked-168303949-processed-gene-0.7-mRNA-1 4595731
.99 snap_masked-168302458-processed-gene-0.7-mRNA-1 4672386
.99 snap_masked-168301679-processed-gene-0.17-mRNA-1 4672499
.99 snap_masked-168300261-processed-gene-0.7-mRNA-1 4672329
.99 snap_masked-168297966-processed-gene-0.26-mRNA-1 4604013
.99 snap_masked-168297902-processed-gene-0.56-mRNA-1 4672224
.46 snap_masked-168294454-processed-gene-0.6-mRNA-1 1631377
.33 snap_masked-168294454-processed-gene-0.6-mRNA-1 4613638
.99 snap_masked-168293709-processed-gene-0.14-mRNA-1 151718
.99 snap_masked-168293352-processed-gene-0.9-mRNA-1 4593967
.99 snap_masked-168292088-processed-gene-0.16-mRNA-1 4672346
.73 snap_masked-168291772-processed-gene-0.4-mRNA-1 4672439
.16 snap_masked-168291772-processed-gene-0.4-mRNA-1 1768923
.99 snap_masked-168289165-processed-gene-0.38-mRNA-1 4672661
.99 snap_masked-168287478-processed-gene-0.69-mRNA-1 4672740
.99 snap_masked-168286958-processed-gene-0.29-mRNA-1 4596384
.38 snap_masked-168283834-processed-gene-0.13-mRNA-1 4672361
.61 snap_masked-168283834-processed-gene-0.13-mRNA-1 4596977
.99 snap_masked-168282317-processed-gene-1.55-mRNA-1 4596349
.33 snap_masked-168280530-processed-gene-0.14-mRNA-1 4594073
.65 snap_masked-168280530-processed-gene-0.14-mRNA-1 1610101
.99 snap_masked-168280502-processed-gene-0.48-mRNA-1 1102727
.99 snap_masked-168280405-processed-gene-0.57-mRNA-1 4600157
.99 snap_masked-168277302-processed-gene-0.103-mRNA-1 4672797
.99 snap_masked-168275735-processed-gene-0.52-mRNA-1 4597379
.06 snap_masked-168268917-processed-gene-0.56-mRNA-1 1527182
.88 snap_masked-168268917-processed-gene-0.56-mRNA-1 4672880
.34 snap_masked-168267877-processed-gene-0.58-mRNA-1 4600234
.33 snap_masked-168267877-processed-gene-0.58-mRNA-1 4672656
.99 snap_masked-168267837-processed-gene-0.30-mRNA-1 4672421
.13 snap_masked-168267741-processed-gene-0.11-mRNA-1 2284252
.82 snap_masked-168267741-processed-gene-0.11-mRNA-1 457745
.66 snap_masked-168266478-processed-gene-0.30-mRNA-1 3944484
.99 snap_masked-168266360-processed-gene-0.14-mRNA-1 4672872
.64 snap_masked-168259747-processed-gene-0.3-mRNA-1 4597365
.35 snap_masked-168259747-processed-gene-0.3-mRNA-1 1730274
.99 snap_masked-168259672-processed-gene-0.13-mRNA-1 4672703
.99 snap_masked-168258397-processed-gene-0.3-mRNA-1 4672535
.99 snap_masked-168257802-processed-gene-0.34-mRNA-1 4672652
.99 snap_masked-168257802-processed-gene-0.32-mRNA-1 1047047
.99 snap_masked-168256972-processed-gene-0.3-mRNA-1 4672271
.92 snap_masked-168256515-processed-gene-0.18-mRNA-1 4672711
.02 snap_masked-168256515-processed-gene-0.18-mRNA-1 4603514
.69 snap_masked-168255753-processed-gene-0.72-mRNA-1 2396516
.99 snap_masked-168254898-processed-gene-0.45-mRNA-1 4672540
.99 snap_masked-168254571-processed-gene-0.7-mRNA-1 4672641
.99 snap_masked-168253890-processed-gene-0.45-mRNA-1 1128966
.99 snap_masked-168251974-processed-gene-0.59-mRNA-1 4597135
.99 snap_masked-168251950-processed-gene-0.29-mRNA-1 4672750
.44 snap_masked-168251630-processed-gene-0.22-mRNA-1 1129708
.53 snap_masked-168251630-processed-gene-0.22-mRNA-1 1129709
.99 snap_masked-168251289-processed-gene-0.65-mRNA-1 4672305
.76 snap_masked-168250030-processed-gene-0.4-mRNA-1 4600244
.19 snap_masked-168250030-processed-gene-0.4-mRNA-1 4600243
.99 snap_masked-168248980-processed-gene-0.11-mRNA-1 4672853
.13 snap_masked-168247743-processed-gene-0.59-mRNA-1 4603275
.83 snap_masked-168247743-processed-gene-0.59-mRNA-1 4672160
.99 snap_masked-168247724-processed-gene-0.41-mRNA-1 4672645
.99 snap_masked-168247014-processed-gene-0.22-mRNA-1 4672860
.99 snap_masked-168246492-processed-gene-0.14-mRNA-1 4672425
.99 snap_masked-168245925-processed-gene-0.11-mRNA-1 4672457
.99 snap_masked-168244189-processed-gene-0.53-mRNA-1 1216034
.98 snap_masked-168243840-processed-gene-0.32-mRNA-1 4672404
.52 snap_masked-168243486-processed-gene-0.5-mRNA-1 4606439
.47 snap_masked-168243486-processed-gene-0.5-mRNA-1 1808358
.99 snap_masked-168243331-processed-gene-0.3-mRNA-1 4672229
.99 snap_masked-168241459-processed-gene-0.18-mRNA-1 4672841
.99 snap_masked-168241044-processed-gene-0.5-mRNA-1 4672379
.99 snap_masked-168240424-processed-gene-0.8-mRNA-1 4672360
.70 snap_masked-168238271-processed-gene-0.72-mRNA-1 4602521
.28 snap_masked-168238271-processed-gene-0.72-mRNA-1 648414
.28 snap_masked-168238271-processed-gene-0.72-mRNA-1 1443371
.21 snap_masked-168238271-processed-gene-0.72-mRNA-1 1370093
.99 snap_masked-168238271-processed-gene-0.71-mRNA-1 4602521
.63 snap_masked-168237797-processed-gene-0.16-mRNA-1 2478215
.47 snap_masked-168236646-processed-gene-0.5-mRNA-1 1826117
.99 snap_masked-168235933-processed-gene-0.37-mRNA-1 4672463
.99 snap_masked-168235716-processed-gene-0.16-mRNA-1 4672747
.99 snap_masked-168235354-processed-gene-0.3-mRNA-1 4672387
.99 snap_masked-168235312-processed-gene-0.51-mRNA-1 4613180
.95 snap_masked-168233950-processed-gene-0.49-mRNA-1 4672907
.99 snap_masked-168232836-processed-gene-0.90-mRNA-1 4599407
.88 snap_masked-168232233-processed-gene-0.19-mRNA-1 4601103
.35 snap_masked-168232124-processed-gene-0.36-mRNA-1 4606564
.15 snap_masked-168232124-processed-gene-0.36-mRNA-1 1270228
.65 snap_masked-168231973-processed-gene-0.49-mRNA-1 640308
.34 snap_masked-168231973-processed-gene-0.49-mRNA-1 640284
.99 snap_masked-168231449-processed-gene-0.7-mRNA-1 4596119
.18 snap_masked-168230750-processed-gene-0.39-mRNA-1 1362889
.63 snap_masked-168230750-processed-gene-0.39-mRNA-1 1362892
.92 snap_masked-168230559-processed-gene-0.7-mRNA-1 4598236
.01 snap_masked-168230559-processed-gene-0.7-mRNA-1 1343074
.03 snap_masked-168230559-processed-gene-0.7-mRNA-1 313433
.99 snap_masked-168230456-processed-gene-0.8-mRNA-1 4672738
.99 snap_masked-168230436-processed-gene-0.5-mRNA-1 4597610
.95 snap_masked-168229351-processed-gene-0.22-mRNA-1 4597135
.99 snap_masked-168229213-processed-gene-0.9-mRNA-1 4672428
.47 snap_masked-168228894-processed-gene-0.91-mRNA-1 1946981
.32 snap_masked-168228894-processed-gene-0.91-mRNA-1 3268323
.99 snap_masked-168227419-processed-gene-0.15-mRNA-1 4672173
.99 snap_masked-168227321-processed-gene-1.125-mRNA-1 4597339
.28 snap_masked-168225487-processed-gene-0.67-mRNA-1 4600593
.16 snap_masked-168225487-processed-gene-0.67-mRNA-1 481119
.99 snap_masked-168225351-processed-gene-0.3-mRNA-1 4672416
.40 snap_masked-168225051-processed-gene-0.49-mRNA-1 2130841
.17 snap_masked-168225051-processed-gene-0.49-mRNA-1 2225337
.99 snap_masked-168224235-processed-gene-0.25-mRNA-1 4672761
.99 snap_masked-168224161-processed-gene-0.3-mRNA-1 4672606
.99 snap_masked-168223974-processed-gene-0.66-mRNA-1 4600437
.99 snap_masked-168221674-processed-gene-0.30-mRNA-1 4672732
.99 snap_masked-168217950-processed-gene-0.34-mRNA-1 4672253
.83 snap_masked-168217481-processed-gene-0.55-mRNA-1 4672796
.07 snap_masked-168217481-processed-gene-0.55-mRNA-1 1913325
.99 snap_masked-168209777-processed-gene-0.51-mRNA-1 4672647
.99 snap_masked-168207360-processed-gene-0.89-mRNA-1 4601022
.14 snap_masked-168205361-processed-gene-0.6-mRNA-1 2799097
.85 snap_masked-168205361-processed-gene-0.6-mRNA-1 1690943
.56 snap_masked-168204345-processed-gene-0.4-mRNA-1 436825
.43 snap_masked-168204345-processed-gene-0.4-mRNA-1 590009
.46 snap_masked-168203889-processed-gene-1.64-mRNA-1 2493480
.39 snap_masked-168200171-processed-gene-0.6-mRNA-1 4672454
.11 snap_masked-168200171-processed-gene-0.6-mRNA-1 4627913
.94 snap_masked-168199745-processed-gene-0.13-mRNA-1 4672920
.04 snap_masked-168199200-processed-gene-0.72-mRNA-1 3556148
.94 snap_masked-168199200-processed-gene-0.72-mRNA-1 4605826
.99 snap_masked-168198301-processed-gene-0.22-mRNA-1 4672831
.99 snap_masked-168196537-processed-gene-0.72-mRNA-1 4604223
.56 snap_masked-168196290-processed-gene-0.43-mRNA-1 1452566
.60 snap_masked-168196290-processed-gene-0.41-mRNA-1 4616371
.39 snap_masked-168196290-processed-gene-0.41-mRNA-1 1235115
.99 snap_masked-168195827-processed-gene-0.34-mRNA-1 4672231
.99 snap_masked-168193859-processed-gene-0.4-mRNA-1 4672699
.99 snap_masked-168192009-processed-gene-0.91-mRNA-1 4672678
.99 snap_masked-168191928-processed-gene-0.121-mRNA-1 4597303
.39 snap_masked-168191928-processed-gene-0.105-mRNA-1 4353923
.99 snap_masked-168191652-processed-gene-0.29-mRNA-1 607539
.99 snap_masked-168191390-processed-gene-0.33-mRNA-1 4601188
.99 snap_masked-168191369-processed-gene-0.49-mRNA-1 4672467
.99 snap_masked-168191162-processed-gene-0.91-mRNA-1 4672882
.99 snap_masked-168190460-processed-gene-0.24-mRNA-1 4600808
.60 snap_masked-168190179-processed-gene-0.157-mRNA-1 4672454
.99 snap_masked-168190124-processed-gene-0.73-mRNA-1 4602254
.99 snap_masked-168190124-processed-gene-0.71-mRNA-1 4596199
.99 snap_masked-168190067-processed-gene-0.38-mRNA-1 4599888
.92 snap_masked-168189808-processed-gene-0.48-mRNA-1 4672164
.99 snap_masked-168189668-processed-gene-0.74-mRNA-1 4672375
.99 snap_masked-168189179-processed-gene-0.37-mRNA-1 4672259
.23 snap_masked-168188906-processed-gene-0.33-mRNA-1 1339950
.75 snap_masked-168188906-processed-gene-0.33-mRNA-1 1528432
.99 snap_masked-168188713-processed-gene-0.72-mRNA-1 4672833
.99 snap_masked-168188563-processed-gene-0.47-mRNA-1 4672278
.99 snap_masked-168188513-processed-gene-0.34-mRNA-1 4594043
.92 snap_masked-168188075-processed-gene-0.49-mRNA-1 4672330
.99 snap_masked-168188067-processed-gene-0.21-mRNA-1 4672377
.99 snap_masked-168188033-processed-gene-0.65-mRNA-1 4672448
.99 snap_masked-168187912-processed-gene-0.81-mRNA-1 4600187
.99 snap_masked-168187745-processed-gene-0.35-mRNA-1 4672363
.99 snap_masked-168187669-processed-gene-0.18-mRNA-1 4672738
.99 snap_masked-168187529-processed-gene-0.23-mRNA-1 4672307
.78 snap_masked-168187374-processed-gene-0.122-mRNA-1 4672899
.07 snap_masked-168187374-processed-gene-0.122-mRNA-1 4672899
.06 snap_masked-168187374-processed-gene-0.122-mRNA-1 621410
.06 snap_masked-168187374-processed-gene-0.122-mRNA-1 2588872
.06 snap_masked-168187374-processed-gene-0.122-mRNA-1 642342
.99 snap_masked-168187126-processed-gene-0.29-mRNA-1 4672284
.25 snap_masked-168187075-processed-gene-0.14-mRNA-1 4603151
.01 snap_masked-168187075-processed-gene-0.14-mRNA-1 636676
.50 snap_masked-168186752-processed-gene-0.54-mRNA-1 2264160
.45 snap_masked-168186752-processed-gene-0.54-mRNA-1 738004
.80 snap_masked-168186642-processed-gene-0.38-mRNA-1 4624973
.99 snap_masked-168186394-processed-gene-0.41-mRNA-1 4672411
.94 snap_masked-168186309-processed-gene-0.25-mRNA-1 4603607
.99 snap_masked-168186077-processed-gene-0.11-mRNA-1 4672503
.37 snap_masked-168184965-processed-gene-0.19-mRNA-1 4611917
.33 snap_masked-168184965-processed-gene-0.19-mRNA-1 4599482
.15 snap_masked-168184965-processed-gene-0.19-mRNA-1 3637172
.10 snap_masked-168184965-processed-gene-0.19-mRNA-1 3059284
.99 snap_masked-168184876-processed-gene-0.41-mRNA-1 4672730
.98 snap_masked-168184629-processed-gene-0.10-mRNA-1 4598737
.99 snap_masked-168184386-processed-gene-0.10-mRNA-1 4672183
.99 snap_masked-168184024-processed-gene-0.4-mRNA-1 4672252
.99 snap_masked-168183437-processed-gene-0.5-mRNA-1 4596114
.99 snap_masked-168183437-processed-gene-0.4-mRNA-1 625448
.69 snap_masked-168183094-processed-gene-0.12-mRNA-1 4672819
.27 snap_masked-168183094-processed-gene-0.12-mRNA-1 4672819
.99 snap_masked-168182963-processed-gene-0.36-mRNA-1 4672712
.99 snap_masked-168182857-processed-gene-0.25-mRNA-1 772341
.99 snap_masked-168182852-processed-gene-0.30-mRNA-1 4672842
.99 snap_masked-168182774-processed-gene-0.4-mRNA-1 4672273
.99 snap_masked-168180440-processed-gene-0.47-mRNA-1 4672689
.99 snap_masked-168176188-processed-gene-0.30-mRNA-1 4672424
.54 snap_masked-168170580-processed-gene-0.5-mRNA-1 4613596
.32 snap_masked-168170580-processed-gene-0.5-mRNA-1 4612751
.27 snap_masked-168170580-processed-gene-0.5-mRNA-1 1809758
.27 snap_masked-168170580-processed-gene-0.5-mRNA-1 985253
.27 snap_masked-168170580-processed-gene-0.5-mRNA-1 1393222
.22 snap_masked-168165369-processed-gene-0.14-mRNA-1 4599442
.67 snap_masked-168165369-processed-gene-0.14-mRNA-1 4672575
.84 snap_masked-168153487-processed-gene-0.15-mRNA-1 4672897
.46 snap_masked-168151951-processed-gene-0.20-mRNA-1 4431260
.99 snap_masked-168143466-processed-gene-0.14-mRNA-1 4672515
.15 snap_masked-168142510-processed-gene-0.7-mRNA-1 1262775
.78 snap_masked-168142510-processed-gene-0.7-mRNA-1 4672370
.99 snap_masked-168137277-processed-gene-0.15-mRNA-1 4672631
.55 snap_masked-168137277-processed-gene-0.14-mRNA-1 2317648
.99 snap_masked-168131347-processed-gene-0.3-mRNA-1 4672260
.99 snap_masked-168131124-processed-gene-0.17-mRNA-1 4672695
.99 snap_masked-168127518-processed-gene-0.19-mRNA-1 4672201
.59 snap_masked-168127238-processed-gene-0.8-mRNA-1 4672837
.98 snap_masked-168117964-processed-gene-0.9-mRNA-1 4672840
.99 snap_masked-168114563-processed-gene-0.30-mRNA-1 4672685
.32 snap_masked-168113208-processed-gene-0.3-mRNA-1 1741060
.67 snap_masked-168113208-processed-gene-0.3-mRNA-1 1419968
.99 snap_masked-168109874-processed-gene-0.8-mRNA-1 4672845
.99 snap_masked-168107820-processed-gene-0.4-mRNA-1 4672611
.99 snap_masked-168104289-processed-gene-0.8-mRNA-1 4672741
.87 snap_masked-168104155-processed-gene-0.10-mRNA-1 4672744
.12 snap_masked-168104155-processed-gene-0.10-mRNA-1 961734
.98 snap_masked-168100839-processed-gene-0.18-mRNA-1 4672660
.99 snap_masked-168099555-processed-gene-0.23-mRNA-1 4672352
.76 snap_masked-168099415-processed-gene-0.21-mRNA-1 2627714
.64 snap_masked-168096650-processed-gene-0.6-mRNA-1 4672323
.35 snap_masked-168096650-processed-gene-0.6-mRNA-1 1149522
.61 snap_masked-168096432-processed-gene-0.15-mRNA-1 4594871
.36 snap_masked-168095837-processed-gene-0.26-mRNA-1 4607504
.20 snap_masked-168095837-processed-gene-0.26-mRNA-1 4672738
.10 snap_masked-168095837-processed-gene-0.26-mRNA-1 4672521
.99 snap_masked-168093797-processed-gene-0.36-mRNA-1 4672852
.99 snap_masked-168092212-processed-gene-0.8-mRNA-1 4672349
.40 snap_masked-168089074-processed-gene-0.6-mRNA-1 4593818
.28 snap_masked-168089074-processed-gene-0.6-mRNA-1 4595012
.99 snap_masked-168072646-processed-gene-0.20-mRNA-1 4672444
.33 snap_masked-168059917-processed-gene-0.8-mRNA-1 4672710
.20 snap_masked-168059917-processed-gene-0.8-mRNA-1 4602842
.99 snap_masked-168052496-processed-gene-0.23-mRNA-1 4672821
.99 snap_masked-168050500-processed-gene-0.7-mRNA-1 4672684
.99 snap_masked-168029313-processed-gene-0.20-mRNA-1 4672355
.99 snap_masked-168020940-processed-gene-0.5-mRNA-1 4600396
.99 snap_masked-168019662-processed-gene-0.15-mRNA-1 4594715
.99 snap_masked-168017413-processed-gene-0.9-mRNA-1 4672646
.99 snap_masked-168006645-processed-gene-0.11-mRNA-1 4672674
.65 snap_masked-167999217-processed-gene-0.8-mRNA-1 3795930
.37 snap_masked-167999217-processed-gene-0.8-mRNA-1 3612728
.10 snap_masked-167999217-processed-gene-0.8-mRNA-1 2808501
.40 snap_masked-167970637-processed-gene-0.4-mRNA-1 4605806
.24 snap_masked-167970637-processed-gene-0.4-mRNA-1 1327367
.99 snap_masked-167957962-processed-gene-0.58-mRNA-1 4672698
.92 snap_masked-167955145-processed-gene-0.20-mRNA-1 4672181
.07 snap_masked-167955145-processed-gene-0.20-mRNA-1 564212
.99 snap_masked-167945886-processed-gene-0.22-mRNA-1 1154973
.99 snap_masked-167938364-processed-gene-0.2-mRNA-1 4672171
.04 snap_masked-167926998-processed-gene-0.26-mRNA-1 3343141
.95 snap_masked-167926998-processed-gene-0.26-mRNA-1 4596386
.23 snap_masked-167923352-processed-gene-0.14-mRNA-1 4596337
.06 snap_masked-167923352-processed-gene-0.14-mRNA-1 855056
.06 snap_masked-167923352-processed-gene-0.14-mRNA-1 1406656
.99 snap_masked-167911233-processed-gene-0.18-mRNA-1 1076388
.99 snap_masked-167908766-processed-gene-0.52-mRNA-1 4672775
.99 snap_masked-167902299-processed-gene-0.7-mRNA-1 4593675
.20 snap_masked-167900719-processed-gene-0.5-mRNA-1 4602448
.11 snap_masked-167900719-processed-gene-0.5-mRNA-1 4597809
.22 snap_masked-167884987-processed-gene-0.25-mRNA-1 257945
.28 snap_masked-167884987-processed-gene-0.25-mRNA-1 4672323
.99 snap_masked-167884042-processed-gene-0.68-mRNA-1 4672777
.99 snap_masked-167872780-processed-gene-0.75-mRNA-1 4672487
.97 snap_masked-167871956-processed-gene-0.21-mRNA-1 875369
.99 snap_masked-167871241-processed-gene-0.55-mRNA-1 4672651
.19 snap_masked-167868242-processed-gene-0.43-mRNA-1 4607242
.58 snap_masked-167868242-processed-gene-0.43-mRNA-1 4672630
.99 snap_masked-167868242-processed-gene-0.42-mRNA-1 4672630
.99 snap_masked-167864594-processed-gene-0.9-mRNA-1 4672508
.99 snap_masked-167862215-processed-gene-0.20-mRNA-1 4672735
.62 snap_masked-167859797-processed-gene-0.32-mRNA-1 3681728
.99 snap_masked-167852520-processed-gene-0.20-mRNA-1 4672782
.99 snap_masked-167850314-processed-gene-0.79-mRNA-1 4672362
.99 snap_masked-167849306-processed-gene-0.37-mRNA-1 4672905
.99 snap_masked-167841384-processed-gene-0.13-mRNA-1 4594385
.99 snap_masked-167837642-processed-gene-0.9-mRNA-1 4672314
.99 snap_masked-167836069-processed-gene-0.14-mRNA-1 4594754
.99 snap_masked-167832594-processed-gene-0.22-mRNA-1 4672808
.55 snap_masked-167828536-processed-gene-0.18-mRNA-1 2347246
.99 snap_masked-167826086-processed-gene-0.34-mRNA-1 4672414
.42 snap_masked-167821700-processed-gene-0.16-mRNA-1 706948
.25 snap_masked-167821700-processed-gene-0.16-mRNA-1 4089793
.68 snap_masked-167818836-processed-gene-0.26-mRNA-1 436825
.99 snap_masked-167818500-processed-gene-0.14-mRNA-1 485652
.98 snap_masked-167816489-processed-gene-0.9-mRNA-1 4672298
.99 snap_masked-167813743-processed-gene-0.6-mRNA-1 4672874
.99 snap_masked-167811593-processed-gene-0.8-mRNA-1 4672274
.99 snap_masked-167810256-processed-gene-0.8-mRNA-1 4672716
.99 snap_masked-167809486-processed-gene-0.23-mRNA-1 4672288
.99 snap_masked-167809346-processed-gene-0.8-mRNA-1 4672717
.99 snap_masked-167807265-processed-gene-0.37-mRNA-1 4672264
.83 snap_masked-167800442-processed-gene-0.14-mRNA-1 4672626
.08 snap_masked-167800442-processed-gene-0.14-mRNA-1 1491445
.62 snap_masked-167798297-processed-gene-0.120-mRNA-1 743739
.52 snap_masked-167413712-processed-gene-0.2-mRNA-1 2016428
.47 snap_masked-167413712-processed-gene-0.2-mRNA-1 2006252
.76 snap_masked-167382347-processed-gene-0.1-mRNA-1 956719
.99 snap_masked-167263573-processed-gene-0.2-mRNA-1 4672632
.99 snap_masked-167257753-processed-gene-0.2-mRNA-1 4672342
.99 snap_masked-167239777-processed-gene-0.3-mRNA-1 4672833
.39 snap_masked-167239777-processed-gene-0.3-mRNA-1 983805
.99 snap_masked-167217061-processed-gene-0.3-mRNA-1 4597992
.99 snap_masked-167212798-processed-gene-0.3-mRNA-1 4672483
.99 snap_masked-167169611-processed-gene-0.5-mRNA-1 504955
.99 snap_masked-167154211-processed-gene-0.2-mRNA-1 4672629
.98 snap_masked-167137045-processed-gene-0.2-mRNA-1 4672391
.99 snap_masked-167068571-processed-gene-0.3-mRNA-1 4598651
.99 snap_masked-167049400-processed-gene-0.3-mRNA-1 4672160
.99 snap_masked-167022355-processed-gene-0.2-mRNA-1 4672265
.62 snap_masked-167016301-processed-gene-0.3-mRNA-1 1014403
.22 snap_masked-167016301-processed-gene-0.3-mRNA-1 3481616
.40 snap_masked-167002716-processed-gene-0.2-mRNA-1 4596776
.99 snap_masked-166997004-processed-gene-0.2-mRNA-1 4672934
.99 snap_masked-166958634-processed-gene-0.3-mRNA-1 4672781
.97 snap_masked-166939621-processed-gene-0.2-mRNA-1 4672861
.39 snap_masked-166936467-processed-gene-0.2-mRNA-1 1658292
.59 snap_masked-166936467-processed-gene-0.2-mRNA-1 945478
.11 snap_masked-166908311-processed-gene-0.3-mRNA-1 1456455
.88 snap_masked-166908311-processed-gene-0.3-mRNA-1 4672383
.99 snap_masked-166887161-processed-gene-0.4-mRNA-1 4672621
.99 snap_masked-166827834-processed-gene-0.6-mRNA-1 4672359
.51 snap_masked-166826280-processed-gene-0.3-mRNA-1 3613340
.99 snap_masked-166753401-processed-gene-0.3-mRNA-1 434255
.18 snap_masked-166743085-processed-gene-0.2-mRNA-1 357277
.81 snap_masked-166743085-processed-gene-0.2-mRNA-1 4672190
.55 snap_masked-166717510-processed-gene-0.2-mRNA-1 3174785
.26 snap_masked-166717510-processed-gene-0.2-mRNA-1 4601591
.50 snap_masked-166706928-processed-gene-0.2-mRNA-1 4594713
.48 snap_masked-166706928-processed-gene-0.2-mRNA-1 4594206
.99 snap_masked-166653108-processed-gene-0.2-mRNA-1 4672200
.51 snap_masked-166593787-processed-gene-0.2-mRNA-1 1852534
.29 snap_masked-166593787-processed-gene-0.2-mRNA-1 4662822
.43 snap_masked-166581306-processed-gene-0.1-mRNA-1 2887693
.21 snap_masked-166581306-processed-gene-0.1-mRNA-1 2662796
.99 snap_masked-166569162-processed-gene-0.3-mRNA-1 4672246
.66 snap_masked-166552793-processed-gene-0.5-mRNA-1 4606327
.22 snap_masked-166552793-processed-gene-0.5-mRNA-1 334735
.15 snap_masked-166552793-processed-gene-0.5-mRNA-1 334754
.12 snap_masked-166552793-processed-gene-0.5-mRNA-1 1883531
.98 snap_masked-166549340-processed-gene-0.4-mRNA-1 4672301
.99 snap_masked-166543785-processed-gene-0.2-mRNA-1 4672317
.99 snap_masked-166493503-processed-gene-0.4-mRNA-1 4600681
.38 snap_masked-166453822-processed-gene-0.2-mRNA-1 2181981
.25 snap_masked-166453822-processed-gene-0.2-mRNA-1 3619052
.99 snap_masked-166385745-processed-gene-0.2-mRNA-1 1345643
.24 snap_masked-166328012-processed-gene-0.3-mRNA-1 1713817
.41 snap_masked-166328012-processed-gene-0.3-mRNA-1 571742
.64 snap_masked-166301333-processed-gene-0.2-mRNA-1 4595111
.35 snap_masked-166301333-processed-gene-0.2-mRNA-1 4595110
.64 snap_masked-166294889-processed-gene-0.4-mRNA-1 4672600
.12 snap_masked-166294889-processed-gene-0.4-mRNA-1 4613062
.99 snap_masked-166292352-processed-gene-0.5-mRNA-1 4598008
.99 snap_masked-166292352-processed-gene-0.3-mRNA-1 4597512
.99 snap_masked-166282488-processed-gene-0.2-mRNA-1 4672758
.90 snap_masked-166277679-processed-gene-0.3-mRNA-1 4672923
.99 snap_masked-166276197-processed-gene-0.3-mRNA-1 4672440
.99 snap_masked-166254653-processed-gene-0.3-mRNA-1 4672318
.30 snap_masked-166232103-processed-gene-0.3-mRNA-1 342968
.45 snap_masked-166232103-processed-gene-0.3-mRNA-1 342986
.99 snap_masked-166232090-processed-gene-0.2-mRNA-1 4600170
.99 snap_masked-166198796-processed-gene-0.2-mRNA-1 4672589
.38 snap_masked-166173851-processed-gene-0.2-mRNA-1 1301202
.99 snap_masked-166121987-processed-gene-0.4-mRNA-1 4595401
.70 snap_masked-166105629-processed-gene-0.5-mRNA-1 4672217
.09 snap_masked-166105629-processed-gene-0.5-mRNA-1 4606213
.91 snap_masked-166097250-processed-gene-0.6-mRNA-1 4672653
.12 snap_masked-166072771-processed-gene-0.2-mRNA-1 1786762
.87 snap_masked-166072771-processed-gene-0.2-mRNA-1 4597941
.41 snap_masked-166061960-processed-gene-0.2-mRNA-1 3088579
.32 snap_masked-166061960-processed-gene-0.2-mRNA-1 1488862
.99 snap_masked-166030546-processed-gene-0.3-mRNA-1 4672442
.99 snap_masked-165941885-processed-gene-0.5-mRNA-1 4672426
.99 snap_masked-165775771-processed-gene-0.2-mRNA-1 4672392
.94 snap_masked-165741798-processed-gene-0.3-mRNA-1 4598582
.62 snap_masked-165550962-processed-gene-0.3-mRNA-1 4672527
.34 snap_masked-165550962-processed-gene-0.3-mRNA-1 4603053
.99 snap_masked-165478869-processed-gene-0.7-mRNA-1 4599976
.99 snap_masked-165364180-processed-gene-0.1-mRNA-1 723344
.84 snap_masked-165311682-processed-gene-0.1-mRNA-1 1708115
.63 snap_masked-165311682-processed-gene-0.1-mRNA-1 1354041
.62 snap_masked-165311682-processed-gene-0.1-mRNA-1 1430707
.63 snap_masked-165311682-processed-gene-0.1-mRNA-1 1100853
.62 snap_masked-165311682-processed-gene-0.1-mRNA-1 630295
.16 snap_masked-165291827-processed-gene-0.2-mRNA-1 534699
.83 snap_masked-165291827-processed-gene-0.2-mRNA-1 4596610
.37 snap_masked-165034132-processed-gene-0.2-mRNA-1 941614
.35 snap_masked-165034132-processed-gene-0.2-mRNA-1 2849857
.99 snap_masked-164997026-processed-gene-0.1-mRNA-1 4602204
.66 snap_masked-164910967-processed-gene-0.2-mRNA-1 1414868
.22 snap_masked-164910967-processed-gene-0.2-mRNA-1 1101064
.49 snap_masked-164890384-processed-gene-0.2-mRNA-1 1458617
.50 snap_masked-164890384-processed-gene-0.2-mRNA-1 751989
.43 snap_masked-164828498-processed-gene-0.2-mRNA-1 1833280
.33 snap_masked-164828498-processed-gene-0.2-mRNA-1 1684543
.25 snap_masked-164828498-processed-gene-0.2-mRNA-1 1041094
.23 snap_masked-164828498-processed-gene-0.2-mRNA-1 4616345
.14 snap_masked-164773277-processed-gene-0.4-mRNA-1 4672200
.03 snap_masked-164773277-processed-gene-0.4-mRNA-1 4672200
.99 snap_masked-164772817-processed-gene-0.3-mRNA-1 4594968
.44 snap_masked-164666445-processed-gene-0.2-mRNA-1 1508119
.32 snap_masked-164666445-processed-gene-0.2-mRNA-1 1251993
.55 snap_masked-164611498-processed-gene-0.2-mRNA-1 1106206
.32 snap_masked-164611498-processed-gene-0.2-mRNA-1 4594295
.47 snap_masked-164600149-processed-gene-0.3-mRNA-1 1013226
.48 snap_masked-164581289-processed-gene-0.3-mRNA-1 4595950
.25 snap_masked-164581289-processed-gene-0.3-mRNA-1 4602898
.99 snap_masked-164559599-processed-gene-0.2-mRNA-1 4599310
.99 snap_masked-164510435-processed-gene-0.2-mRNA-1 4672208
.99 snap_masked-164441496-processed-gene-0.2-mRNA-1 4594023
.37 snap_masked-164347450-processed-gene-0.1-mRNA-1 1160634
.49 snap_masked-164347450-processed-gene-0.1-mRNA-1 724150
.99 snap_masked-164117695-processed-gene-0.2-mRNA-1 4672232
.76 snap_masked-163961224-processed-gene-0.2-mRNA-1 4672292
.15 snap_masked-163961224-processed-gene-0.2-mRNA-1 4594552
.99 snap_masked-163958779-processed-gene-0.3-mRNA-1 4672731
.99 snap_masked-163913914-processed-gene-0.2-mRNA-1 4672779
.99 snap_masked-163849110-processed-gene-0.2-mRNA-1 4672755
.99 snap_masked-163669348-processed-gene-0.2-mRNA-1 4600225
.99 snap_masked-163129610-processed-gene-0.2-mRNA-1 4597962
.99 snap_masked-163032013-processed-gene-0.2-mRNA-1 4672848
.99 snap_masked-162989205-processed-gene-0.3-mRNA-1 4672183
.99 snap_masked-162989205-processed-gene-0.2-mRNA-1 4672183
.75 snap_masked-162916521-processed-gene-0.2-mRNA-1 651274
.52 snap_masked-162916521-processed-gene-0.2-mRNA-1 651278
.46 snap_masked-162916521-processed-gene-0.2-mRNA-1 484038
.21 snap_masked-162916521-processed-gene-0.2-mRNA-1 623128
.21 snap_masked-162916521-processed-gene-0.2-mRNA-1 1391817
.39 snap_masked-162868190-processed-gene-0.2-mRNA-1 4595443
.39 snap_masked-162868190-processed-gene-0.2-mRNA-1 1058421
.99 snap_masked-162700684-processed-gene-0.1-mRNA-1 4672683
.93 snap_masked-162693410-processed-gene-0.3-mRNA-1 4672764
.02 snap_masked-162693410-processed-gene-0.3-mRNA-1 172125
.99 snap_masked-162670558-processed-gene-0.2-mRNA-1 4672188
.99 snap_masked-162441683-processed-gene-0.3-mRNA-1 4672397
.43 snap_masked-162397403-processed-gene-0.3-mRNA-1 2034897
.31 snap_masked-162326255-processed-gene-0.2-mRNA-1 815020
.68 snap_masked-162326255-processed-gene-0.2-mRNA-1 4607693
.99 snap_masked-162171145-processed-gene-0.2-mRNA-1 589142
.99 snap_masked-162146890-processed-gene-0.2-mRNA-1 4595575
.99 snap_masked-162130489-processed-gene-0.3-mRNA-1 4597603
.39 snap_masked-162051028-processed-gene-0.3-mRNA-1 4598379
.27 snap_masked-162051028-processed-gene-0.3-mRNA-1 732596
.88 snap_masked-162013780-processed-gene-0.3-mRNA-1 4672384
.11 snap_masked-162013780-processed-gene-0.3-mRNA-1 843519
.24 snap_masked-161969380-processed-gene-0.3-mRNA-1 4672785
.17 snap_masked-161969380-processed-gene-0.3-mRNA-1 4607468
.44 snap_masked-161969380-processed-gene-0.3-mRNA-1 4672551
.99 snap_masked-161894007-processed-gene-0.3-mRNA-1 4672276
.39 snap_masked-161783185-processed-gene-0.2-mRNA-1 2455370
.27 snap_masked-161783185-processed-gene-0.2-mRNA-1 1083464
.99 snap_masked-161684052-processed-gene-0.1-mRNA-1 4611483
.99 snap_masked-161588029-processed-gene-0.2-mRNA-1 4672369
.36 snap_masked-161437822-processed-gene-0.2-mRNA-1 1077956
.28 snap_masked-161437822-processed-gene-0.2-mRNA-1 1077962
.28 snap_masked-161437822-processed-gene-0.2-mRNA-1 1596572
.14 snap_masked-161437822-processed-gene-0.2-mRNA-1 3070173
.09 snap_masked-161437822-processed-gene-0.2-mRNA-1 1596579
.61 snap_masked-160402875-processed-gene-0.2-mRNA-1 4598406
.38 snap_masked-160402875-processed-gene-0.2-mRNA-1 1546489
.99 snap_masked-160354377-processed-gene-0.1-mRNA-1 1214580
.65 snap_masked-160194821-processed-gene-0.2-mRNA-1 4600759
.34 snap_masked-160194821-processed-gene-0.2-mRNA-1 4600761
.99 snap_masked-160071106-processed-gene-0.1-mRNA-1 776851
.99 snap_masked-159967873-processed-gene-0.5-mRNA-1 4672357
.99 snap_masked-159758204-processed-gene-0.4-mRNA-1 4672263
.99 snap_masked-159154714-processed-gene-0.2-mRNA-1 4672427
.74 snap_masked-159115647-processed-gene-0.3-mRNA-1 497607
.24 snap_masked-159115647-processed-gene-0.3-mRNA-1 4593980
.17 snap_masked-159115647-processed-gene-0.3-mRNA-1 497615
.99 snap_masked-158985397-processed-gene-0.2-mRNA-1 4597674
.99 snap_masked-158642469-processed-gene-0.4-mRNA-1 4672637
.64 snap_masked-155998784-processed-gene-0.2-mRNA-1 4608277
.35 snap_masked-155998784-processed-gene-0.2-mRNA-1 832029
.99 snap_masked-119281123-processed-gene-0.2-mRNA-1 4672453
.99 snap_masked-115875406-processed-gene-0.1-mRNA-1 4672320
.39 snap_masked-102552325-processed-gene-0.1-mRNA-1 4136341
.27 snap_masked-102552325-processed-gene-0.1-mRNA-1 1345124
.25 snap_masked-102552325-processed-gene-0.1-mRNA-1 3241065
.67 maker-97349046-snap-gene-0.2-mRNA-1 4672748
.30 maker-97349046-snap-gene-0.2-mRNA-1 4672748
.99 maker-95637066-snap-gene-0.4-mRNA-1 4672157
.98 maker-89711947-augustus-gene-0.3-mRNA-1 4607863
.99 maker-82336937-augustus-gene-0.3-mRNA-1 4672822
.99 maker-8021654-augustus-gene-0.3-mRNA-1 4672932
.99 maker-75264706-snap-gene-0.4-mRNA-1 4595709
.99 maker-74361277-snap-gene-0.6-mRNA-1 4672654
.99 maker-57141529-augustus-gene-0.3-mRNA-1 4597721
.99 maker-54538516-snap-gene-0.5-mRNA-1 4672787
.78 maker-5410913-augustus-gene-0.3-mRNA-1 4600788
.14 maker-5410913-augustus-gene-0.3-mRNA-1 1365080
.99 maker-42639634-augustus-gene-0.4-mRNA-1 4595772
.99 maker-34152916-augustus-gene-0.3-mRNA-1 4594538
.34 maker-168577648-snap-gene-0.51-mRNA-1 2273443
.40 maker-168577648-snap-gene-0.51-mRNA-1 1609755
.99 maker-168577634-snap-gene-0.47-mRNA-1 4672871
.80 maker-168577632-snap-gene-0.64-mRNA-1 4601766
.15 maker-168577632-snap-gene-0.64-mRNA-1 4604982
.43 maker-168577632-snap-gene-0.63-mRNA-1 4672332
.14 maker-168577632-snap-gene-0.63-mRNA-1 1251590
.04 maker-168577632-snap-gene-0.63-mRNA-1 4632465
.99 maker-168577629-augustus-gene-0.26-mRNA-1 4672343
.99 maker-168577625-snap-gene-0.40-mRNA-1 4672616
.06 maker-168577592-augustus-gene-0.95-mRNA-1 4150656
.90 maker-168577592-augustus-gene-0.95-mRNA-1 4672722
.53 maker-168577591-augustus-gene-0.54-mRNA-1 630226
.37 maker-168577573-augustus-gene-0.59-mRNA-1 4672876
.24 maker-168577573-augustus-gene-0.59-mRNA-1 4672876
.99 maker-168577567-augustus-gene-0.70-mRNA-1 4596387
.99 maker-168577559-augustus-gene-1.69-mRNA-1 4672420
.61 maker-168577546-snap-gene-1.73-mRNA-1 4596622
.23 maker-168577546-snap-gene-1.73-mRNA-1 4596621
.91 maker-168577545-snap-gene-0.49-mRNA-1 4672608
.99 maker-168577542-augustus-gene-0.28-mRNA-1 4672587
.99 maker-168577537-augustus-gene-0.65-mRNA-1 4672419
.65 maker-168577532-augustus-gene-0.63-mRNA-1 4595836
.08 maker-168577532-augustus-gene-0.63-mRNA-1 156930
.99 maker-168577528-augustus-gene-0.84-mRNA-1 4672243
.76 maker-168577511-snap-gene-0.95-mRNA-1 4672585
.81 maker-168577495-snap-gene-0.68-mRNA-1 4672903
.11 maker-168577495-snap-gene-0.68-mRNA-1 956343
.99 maker-168577490-augustus-gene-0.61-mRNA-1 4672564
.99 maker-168577483-augustus-gene-0.45-mRNA-1 4600592
.90 maker-168577481-augustus-gene-0.75-mRNA-1 4672648
.99 maker-168577479-snap-gene-1.82-mRNA-1 4672415
.94 maker-168577470-snap-gene-0.63-mRNA-1 4672635
.04 maker-168577470-snap-gene-0.63-mRNA-1 1447990
.05 maker-168577470-snap-gene-0.63-mRNA-1 4246064
.05 maker-168577455-augustus-gene-0.49-mRNA-1 503622
.99 maker-168577444-snap-gene-0.49-mRNA-1 4672642
.69 maker-168577440-augustus-gene-0.84-mRNA-1 4672726
.16 maker-168577440-augustus-gene-0.84-mRNA-1 4614957
.99 maker-168577437-augustus-gene-0.56-mRNA-1 4672244
.97 maker-168577436-augustus-gene-0.50-mRNA-1 4672901
.97 maker-168577436-augustus-gene-0.49-mRNA-3 4672901
.99 maker-168577434-snap-gene-0.60-mRNA-1 4672236
.99 maker-168577434-snap-gene-0.59-mRNA-1 4672649
.10 maker-168577427-snap-gene-0.30-mRNA-1 4596068
.89 maker-168577427-snap-gene-0.30-mRNA-1 4672594
.85 maker-168577417-augustus-gene-0.26-mRNA-1 4672914
.71 maker-168577416-augustus-gene-0.94-mRNA-1 4672839
.06 maker-168577407-augustus-gene-0.123-mRNA-1 3675668
.83 maker-168577407-augustus-gene-0.123-mRNA-1 4672537
.95 maker-168577406-snap-gene-0.49-mRNA-1 4672847
.99 maker-168577400-augustus-gene-0.23-mRNA-1 4672665
.99 maker-168577398-snap-gene-0.94-mRNA-1 4672500
.99 maker-168577377-augustus-gene-0.94-mRNA-1 4672233
.99 maker-168577376-augustus-gene-0.112-mRNA-1 4672756
.95 maker-168577373-snap-gene-0.48-mRNA-1 4672893
.02 maker-168577373-snap-gene-0.48-mRNA-1 930491
.40 maker-168577369-augustus-gene-0.28-mRNA-1 4672338
.40 maker-168577367-snap-gene-0.23-mRNA-1 4595623
.27 maker-168577367-snap-gene-0.23-mRNA-1 4597769
.99 maker-168577331-augustus-gene-0.39-mRNA-1 4672681
.19 maker-168577320-snap-gene-0.83-mRNA-1 4595729
.79 maker-168577320-snap-gene-0.83-mRNA-1 4672573
.12 maker-168577294-augustus-gene-0.99-mRNA-1 610483
.59 maker-168577275-augustus-gene-0.34-mRNA-1 4672607
.20 maker-168577275-augustus-gene-0.34-mRNA-1 4599681
.99 maker-168577271-augustus-gene-0.26-mRNA-1 4672553
.95 maker-168577258-snap-gene-0.26-mRNA-1 4672191
.04 maker-168577258-snap-gene-0.26-mRNA-1 3649928
.41 maker-168577256-snap-gene-0.85-mRNA-1 4594829
.15 maker-168577256-snap-gene-0.85-mRNA-1 4595294
.35 maker-168577253-augustus-gene-0.12-mRNA-1 2419198
.60 maker-168577253-augustus-gene-0.12-mRNA-1 891519
.99 maker-168577252-augustus-gene-0.45-mRNA-1 4672867
.99 maker-168577249-augustus-gene-0.46-mRNA-1 4595424
.92 maker-168577248-augustus-gene-0.45-mRNA-1 4672505
.06 maker-168577248-augustus-gene-0.45-mRNA-1 4672204
.99 maker-168577238-augustus-gene-0.37-mRNA-1 4672851
.56 maker-168577235-augustus-gene-0.131-mRNA-1 4672204
.99 maker-168577230-augustus-gene-0.36-mRNA-1 4596949
.99 maker-168577225-augustus-gene-0.65-mRNA-1 4672868
.99 maker-168577224-augustus-gene-0.19-mRNA-1 4672509
.99 maker-168577220-augustus-gene-0.60-mRNA-1 4595627
.99 maker-168577216-snap-gene-0.51-mRNA-1 4672513
.99 maker-168577213-augustus-gene-0.71-mRNA-1 4672721
.96 maker-168577199-snap-gene-0.101-mRNA-1 4672373
.47 maker-168577198-augustus-gene-2.80-mRNA-2 4598324
.14 maker-168577198-augustus-gene-2.80-mRNA-2 1377584
.98 maker-168577198-augustus-gene-0.62-mRNA-1 4672793
.97 maker-168577195-snap-gene-0.34-mRNA-1 4672316
.99 maker-168577192-snap-gene-0.28-mRNA-1 4672677
.80 maker-168577185-snap-gene-0.11-mRNA-1 4672915
.02 maker-168577185-snap-gene-0.11-mRNA-1 1259747
.88 maker-168577169-snap-gene-0.92-mRNA-1 4672843
.06 maker-168577169-snap-gene-0.92-mRNA-1 3126519
.96 maker-168577150-augustus-gene-0.23-mRNA-1 4672892
.99 maker-168577149-augustus-gene-0.17-mRNA-1 4672688
.99 maker-168577144-snap-gene-0.36-mRNA-1 4672541
.65 maker-168577137-snap-gene-0.57-mRNA-1 4672230
.25 maker-168577137-snap-gene-0.57-mRNA-1 1096512
.77 maker-168577122-augustus-gene-0.114-mRNA-1 4672350
.23 maker-168577117-augustus-gene-0.37-mRNA-1 1639237
.25 maker-168577117-augustus-gene-0.37-mRNA-1 1638792
.89 maker-168577112-snap-gene-0.50-mRNA-1 4672910
.01 maker-168577112-snap-gene-0.50-mRNA-1 551962
.68 maker-168577105-snap-gene-0.52-mRNA-1 4672530
.02 maker-168577105-snap-gene-0.52-mRNA-1 4598158
.74 maker-168577105-augustus-gene-0.51-mRNA-1 4672620
.19 maker-168577105-augustus-gene-0.51-mRNA-1 2511331
.74 maker-168577096-snap-gene-0.17-mRNA-1 4672168
.21 maker-168577096-snap-gene-0.17-mRNA-1 1393286
.08 maker-168577096-snap-gene-0.17-mRNA-1 1252277
.41 maker-168577095-snap-gene-0.13-mRNA-1 4621502
.37 maker-168577095-snap-gene-0.13-mRNA-1 4597333
.16 maker-168577077-snap-gene-0.16-mRNA-1 4602537
.36 maker-168577077-snap-gene-0.16-mRNA-1 4672675
.99 maker-168577059-snap-gene-0.28-mRNA-2 4672898
.99 maker-168577056-augustus-gene-0.15-mRNA-1 4672737
.03 maker-168577045-snap-gene-0.18-mRNA-1 1053487
.96 maker-168577045-snap-gene-0.18-mRNA-1 4672890
.88 maker-168577032-augustus-gene-0.29-mRNA-1 4672462
.02 maker-168577032-augustus-gene-0.29-mRNA-1 797336
.04 maker-168577032-augustus-gene-0.29-mRNA-1 2049185
.99 maker-168577029-snap-gene-0.19-mRNA-1 4672234
.99 maker-168577021-augustus-gene-0.14-mRNA-1 4672488
.92 maker-168577017-snap-gene-0.9-mRNA-1 4672925
.03 maker-168577014-snap-gene-0.149-mRNA-1 234745
.96 maker-168577014-snap-gene-0.149-mRNA-1 4672546
.99 maker-168577012-augustus-gene-2.91-mRNA-1 4672669
.99 maker-168577011-augustus-gene-0.94-mRNA-1 4672458
.99 maker-168577001-augustus-gene-0.31-mRNA-1 4594443
.99 maker-168576978-augustus-gene-0.15-mRNA-1 4593846
.79 maker-168576967-augustus-gene-0.17-mRNA-1 4672241
.99 maker-168576966-augustus-gene-0.56-mRNA-1 4597756
.99 maker-168576965-augustus-gene-0.7-mRNA-1 4672671
.99 maker-168576963-augustus-gene-0.68-mRNA-1 4672881
.59 maker-168576960-snap-gene-0.16-mRNA-1 4672367
.09 maker-168576960-snap-gene-0.16-mRNA-1 3886779
.99 maker-168576941-snap-gene-0.53-mRNA-1 4672672
.99 maker-168576938-snap-gene-0.14-mRNA-1 4672886
.99 maker-168576935-augustus-gene-0.30-mRNA-1 4672846
.99 maker-168576930-augustus-gene-0.37-mRNA-1 4672455
.83 maker-168576920-snap-gene-0.66-mRNA-1 4672389
.11 maker-168576920-snap-gene-0.66-mRNA-1 2336606
.85 maker-168576825-augustus-gene-2.107-mRNA-1 4672927
.99 maker-168576380-augustus-gene-0.9-mRNA-1 4672381
.41 maker-168576355-augustus-gene-0.40-mRNA-1 4672922
.28 maker-168576355-augustus-gene-0.40-mRNA-1 4672922
.60 maker-168576038-augustus-gene-0.53-mRNA-1 4672351
.31 maker-168576038-augustus-gene-0.53-mRNA-1 4603348
.96 maker-168575968-augustus-gene-0.89-mRNA-1 4672865
.99 maker-168575719-snap-gene-0.32-mRNA-1 4672293
.48 maker-168575692-augustus-gene-1.106-mRNA-1 4672746
.32 maker-168575692-augustus-gene-1.106-mRNA-1 4594521
.30 maker-168575692-augustus-gene-1.105-mRNA-1 4626128
.11 maker-168575692-augustus-gene-1.105-mRNA-1 4603908
.99 maker-168575686-snap-gene-0.14-mRNA-1 4672565
.28 maker-168575619-snap-gene-0.40-mRNA-1 1610493
.99 maker-168575274-augustus-gene-0.16-mRNA-1 4672399
.99 maker-168574640-augustus-gene-0.28-mRNA-1 4672304
.70 maker-168574599-snap-gene-0.73-mRNA-1 4595985
.17 maker-168574599-snap-gene-0.73-mRNA-1 4601746
.99 maker-168574397-snap-gene-0.88-mRNA-1 4672285
.99 maker-168574388-augustus-gene-0.43-mRNA-1 4597900
.35 maker-168574340-augustus-gene-0.30-mRNA-2 4598583
.54 maker-168574340-augustus-gene-0.30-mRNA-2 4672634
.34 maker-168574340-augustus-gene-0.30-mRNA-1 4598583
.55 maker-168574340-augustus-gene-0.30-mRNA-1 4672634
.99 maker-168574297-augustus-gene-0.21-mRNA-1 4672257
.99 maker-168574279-augustus-gene-0.77-mRNA-1 4672889
.94 maker-168574247-snap-gene-0.51-mRNA-1 4672830
.02 maker-168574247-snap-gene-0.51-mRNA-1 4672830
.42 maker-168574138-augustus-gene-0.24-mRNA-1 4595395
.15 maker-168574138-augustus-gene-0.24-mRNA-1 4595393
.13 maker-168574138-augustus-gene-0.24-mRNA-1 4599151
.59 maker-168574132-augustus-gene-0.59-mRNA-1 4672820
.99 maker-168574064-snap-gene-0.99-mRNA-1 4672609
.99 maker-168574058-snap-gene-0.38-mRNA-1 4672303
.99 maker-168574058-augustus-gene-0.35-mRNA-1 4672197
.99 maker-168574043-augustus-gene-0.20-mRNA-1 4672807
.32 maker-168573957-snap-gene-0.25-mRNA-1 4672473
.99 maker-168573955-augustus-gene-0.54-mRNA-1 4672354
.15 maker-168573945-snap-gene-0.19-mRNA-1 2833960
.84 maker-168573945-snap-gene-0.19-mRNA-1 4600429
.99 maker-168573918-augustus-gene-0.45-mRNA-1 4672493
.08 maker-168573665-augustus-gene-0.53-mRNA-1 2994853
.87 maker-168573665-augustus-gene-0.53-mRNA-1 4672709
.99 maker-168573468-augustus-gene-0.36-mRNA-1 4672368
.99 maker-168573447-augustus-gene-0.28-mRNA-1 4672592
.99 maker-168573416-snap-gene-0.86-mRNA-1 4672883
.99 maker-168573412-augustus-gene-0.7-mRNA-1 4672155
.53 maker-168573397-augustus-gene-0.6-mRNA-1 846764
.99 maker-168573369-augustus-gene-0.85-mRNA-1 4672762
.07 maker-168573111-augustus-gene-0.67-mRNA-1 2110437
.82 maker-168573111-augustus-gene-0.67-mRNA-1 4672864
.99 maker-168573007-snap-gene-0.68-mRNA-1 4672736
.78 maker-168572977-augustus-gene-0.25-mRNA-1 742250
.09 maker-168572977-augustus-gene-0.25-mRNA-1 4595434
.06 maker-168572970-augustus-gene-0.17-mRNA-1 2343731
.26 maker-168572970-augustus-gene-0.17-mRNA-1 1097688
.50 maker-168572826-snap-gene-0.103-mRNA-1 4597442
.49 maker-168572826-snap-gene-0.103-mRNA-1 4598917
.99 maker-168572826-snap-gene-0.101-mRNA-1 4672563
.99 maker-168572814-snap-gene-0.84-mRNA-1 4672580
.99 maker-168572651-augustus-gene-0.17-mRNA-1 4672895
.99 maker-168572565-augustus-gene-0.44-mRNA-1 4672313
.99 maker-168572217-snap-gene-0.19-mRNA-1 4672866
.82 maker-168572209-augustus-gene-0.51-mRNA-1 4672551
.71 maker-168572186-augustus-gene-0.22-mRNA-1 4672769
.21 maker-168572186-augustus-gene-0.22-mRNA-1 4597045
.73 maker-168572137-augustus-gene-0.22-mRNA-1 4672644
.16 maker-168572137-augustus-gene-0.22-mRNA-1 4595682
.27 maker-168572021-augustus-gene-0.35-mRNA-1 4604193
.16 maker-168572021-augustus-gene-0.35-mRNA-1 4601388
.99 maker-168571946-augustus-gene-0.24-mRNA-2 4672855
.99 maker-168571809-augustus-gene-0.44-mRNA-1 4602460
.99 maker-168571793-snap-gene-0.39-mRNA-1 4672878
.99 maker-168571733-augustus-gene-0.20-mRNA-1 4672900
.91 maker-168571668-snap-gene-0.26-mRNA-1 4672891
.65 maker-168571643-augustus-gene-0.20-mRNA-1 4672929
.65 maker-168571545-snap-gene-0.73-mRNA-1 4672464
.28 maker-168571545-snap-gene-0.73-mRNA-1 4609639
.16 maker-168571545-snap-gene-0.73-mRNA-1 1522762
.13 maker-168571545-snap-gene-0.73-mRNA-1 1005180
.99 maker-168571525-snap-gene-0.33-mRNA-1 4672909
.76 maker-168571518-snap-gene-0.32-mRNA-1 4672658
.10 maker-168571518-snap-gene-0.32-mRNA-1 2432421
.14 maker-168571516-augustus-gene-0.34-mRNA-1 4595378
.13 maker-168571516-augustus-gene-0.34-mRNA-1 4594156
.99 maker-168571437-augustus-gene-0.16-mRNA-1 4672510
.99 maker-168571363-snap-gene-0.17-mRNA-1 4672195
.98 maker-168571237-snap-gene-0.26-mRNA-1 4672935
.99 maker-168571225-snap-gene-0.46-mRNA-1 4672371
.98 maker-168571015-augustus-gene-0.34-mRNA-1 4672619
.99 maker-168570994-augustus-gene-2.131-mRNA-1 4672532
.99 maker-168570960-augustus-gene-0.44-mRNA-1 4672857
.99 maker-168570510-augustus-gene-0.27-mRNA-1 4672466
.87 maker-168570418-augustus-gene-0.105-mRNA-1 4672783
.02 maker-168570333-snap-gene-0.57-mRNA-1 3652003
.97 maker-168570333-snap-gene-0.57-mRNA-1 4672615
.99 maker-168570197-augustus-gene-0.28-mRNA-1 4672879
.99 maker-168570151-snap-gene-0.15-mRNA-1 4672809
.99 maker-168570132-augustus-gene-0.38-mRNA-1 4593648
.99 maker-168570034-snap-gene-0.40-mRNA-1 4672932
.99 maker-168569893-augustus-gene-0.15-mRNA-1 4599281
.72 maker-168569848-augustus-gene-0.88-mRNA-1 4672315
.09 maker-168569848-augustus-gene-0.88-mRNA-1 1543270
.93 maker-168569837-augustus-gene-0.22-mRNA-1 4672887
.99 maker-168569782-augustus-gene-2.92-mRNA-1 4672869
.05 maker-168569675-augustus-gene-0.28-mRNA-1 373811
.94 maker-168569675-augustus-gene-0.28-mRNA-1 4672766
.86 maker-168569654-augustus-gene-0.8-mRNA-1 4672911
.72 maker-168569592-augustus-gene-0.75-mRNA-1 4672811
.99 maker-168569519-augustus-gene-0.55-mRNA-1 4672570
.99 maker-168569503-snap-gene-0.63-mRNA-1 4672930
.96 maker-168569481-augustus-gene-0.65-mRNA-1 4672931
.87 maker-168569471-augustus-gene-0.44-mRNA-1 4672870
.08 maker-168569471-augustus-gene-0.44-mRNA-1 3306338
.25 maker-168569213-snap-gene-0.103-mRNA-1 764299
.99 maker-168569010-snap-gene-0.61-mRNA-1 4672904
.43 maker-168568969-augustus-gene-0.25-mRNA-1 4609454
.43 maker-168568969-augustus-gene-0.25-mRNA-1 782586
.52 maker-168568915-snap-gene-0.11-mRNA-1 2603152
.98 maker-168568827-snap-gene-0.20-mRNA-1 4672687
.89 maker-168568823-augustus-gene-1.72-mRNA-1 4595286
.10 maker-168568823-augustus-gene-1.72-mRNA-1 1063861
.99 maker-168568785-augustus-gene-0.52-mRNA-1 4672324
.99 maker-168568657-augustus-gene-0.17-mRNA-1 4672838
.99 maker-168568538-augustus-gene-0.142-mRNA-1 4672291
.99 maker-168568503-augustus-gene-0.18-mRNA-1 4672835
.99 maker-168568482-snap-gene-0.58-mRNA-1 283190
.85 maker-168568482-augustus-gene-1.125-mRNA-1 4672714
.08 maker-168568482-augustus-gene-1.125-mRNA-1 1355422
.31 maker-168568324-snap-gene-0.100-mRNA-1 971695
.54 maker-168568324-snap-gene-0.100-mRNA-1 4672877
.99 maker-168568324-augustus-gene-0.98-mRNA-1 4672531
.99 maker-168568301-snap-gene-0.26-mRNA-1 4672167
.99 maker-168568251-snap-gene-0.11-mRNA-1 4672465
.99 maker-168568081-augustus-gene-0.75-mRNA-1 4672538
.99 maker-168568081-augustus-gene-0.74-mRNA-1 4672538
.99 maker-168568009-snap-gene-0.8-mRNA-1 4601989
.68 maker-168567808-augustus-gene-0.34-mRNA-1 4672749
.10 maker-168567808-augustus-gene-0.34-mRNA-1 2325745
.99 maker-168567692-augustus-gene-0.17-mRNA-1 4672543
.99 maker-168567690-snap-gene-0.78-mRNA-1 4672376
.18 maker-168567683-augustus-gene-0.77-mRNA-2 4597034
.02 maker-168567683-augustus-gene-0.77-mRNA-2 4596438
.29 maker-168567683-augustus-gene-0.77-mRNA-1 4672919
.20 maker-168567683-augustus-gene-0.77-mRNA-1 4672919
.77 maker-168567559-snap-gene-0.34-mRNA-1 4672918
.17 maker-168567559-snap-gene-0.34-mRNA-1 4603510
.99 maker-168567500-augustus-gene-0.54-mRNA-1 4672447
.42 maker-168567442-snap-gene-0.34-mRNA-1 4602414
.48 maker-168567442-snap-gene-0.34-mRNA-1 4602414
.96 maker-168567200-snap-gene-0.56-mRNA-1 4672873
.99 maker-168567085-augustus-gene-0.47-mRNA-1 4672593
.99 maker-168567012-augustus-gene-0.73-mRNA-2 4605967
.99 maker-168566950-augustus-gene-0.20-mRNA-1 4672423
.24 maker-168566937-augustus-gene-1.115-mRNA-1 789853
.12 maker-168566937-augustus-gene-1.115-mRNA-1 1936306
.03 maker-168566937-augustus-gene-1.115-mRNA-1 780261
.99 maker-168566848-augustus-gene-0.52-mRNA-1 4672625
.78 maker-168566728-snap-gene-0.37-mRNA-1 4672704
.49 maker-168566662-augustus-gene-0.51-mRNA-1 4601968
.99 maker-168566652-snap-gene-1.97-mRNA-1 4672261
.99 maker-168566603-snap-gene-0.32-mRNA-1 4672924
.99 maker-168566453-snap-gene-0.145-mRNA-1 4672550
.28 maker-168566138-augustus-gene-1.53-mRNA-1 4595631
.63 maker-168566138-augustus-gene-1.53-mRNA-1 4597081
.99 maker-168566021-augustus-gene-0.15-mRNA-1 4672562
.62 maker-168565772-augustus-gene-0.121-mRNA-1 4601691
.99 maker-168565740-snap-gene-0.22-mRNA-1 4672212
.99 maker-168565727-snap-gene-0.23-mRNA-1 4672928
.99 maker-168565621-snap-gene-0.21-mRNA-2 4672916
.99 maker-168565506-augustus-gene-0.15-mRNA-1 4596840
.25 maker-168565416-augustus-gene-0.11-mRNA-1 806686
.44 maker-168565416-augustus-gene-0.11-mRNA-1 1560590
.99 maker-168565315-augustus-gene-0.20-mRNA-1 4672519
.99 maker-168565015-snap-gene-0.105-mRNA-1 4672894
.82 maker-168564999-augustus-gene-0.9-mRNA-1 4672406
.11 maker-168564999-augustus-gene-0.9-mRNA-1 1710852
.08 maker-168564999-augustus-gene-0.9-mRNA-1 2424738
.99 maker-168564779-snap-gene-0.52-mRNA-1 4672912
.99 maker-168564629-augustus-gene-0.22-mRNA-1 4672888
.19 maker-168564516-augustus-gene-0.55-mRNA-2 1808370
.16 maker-168564516-augustus-gene-0.55-mRNA-2 290246
.15 maker-168564516-augustus-gene-0.55-mRNA-2 4593841
.99 maker-168564295-augustus-gene-0.86-mRNA-1 4672801
.87 maker-168564232-augustus-gene-0.56-mRNA-1 4672906
.99 maker-168564143-snap-gene-0.43-mRNA-1 4672884
.99 maker-168564046-augustus-gene-0.48-mRNA-1 4672664
.95 maker-168564031-augustus-gene-0.38-mRNA-1 4672885
.99 maker-168564016-augustus-gene-0.24-mRNA-2 4672358
.85 maker-168564010-augustus-gene-0.12-mRNA-1 4672302
.12 maker-168564010-augustus-gene-0.12-mRNA-1 1851216
.99 maker-168563920-snap-gene-0.50-mRNA-1 4597954
.91 maker-168563886-snap-gene-0.46-mRNA-1 4594271
.05 maker-168563886-snap-gene-0.46-mRNA-1 808043
.99 maker-168563792-augustus-gene-0.52-mRNA-1 4672774
.99 maker-168563380-snap-gene-0.27-mRNA-1 4672547
.99 maker-168563360-snap-gene-0.40-mRNA-1 4601367
.99 maker-168563327-augustus-gene-0.23-mRNA-1 4672772
.99 maker-168563239-augustus-gene-0.96-mRNA-2 4672220
.99 maker-168563239-augustus-gene-0.96-mRNA-1 4672220
.99 maker-168562625-snap-gene-0.42-mRNA-1 4672875
.03 maker-168562607-snap-gene-0.27-mRNA-1 1713610
.95 maker-168562607-snap-gene-0.27-mRNA-1 4672549
.99 maker-168562554-augustus-gene-0.14-mRNA-1 4597096
.70 maker-168562461-augustus-gene-0.45-mRNA-1 4672668
.28 maker-168562461-augustus-gene-0.45-mRNA-1 4599027
.05 maker-168562322-augustus-gene-0.61-mRNA-1 984333
.91 maker-168562322-augustus-gene-0.61-mRNA-1 4672568
.90 maker-168562265-augustus-gene-0.98-mRNA-1 4672296
.99 maker-168562203-snap-gene-0.49-mRNA-1 4672372
.57 maker-168561794-augustus-gene-0.66-mRNA-2 4672408
.22 maker-168561794-augustus-gene-0.66-mRNA-2 4601358
.06 maker-168561794-augustus-gene-0.66-mRNA-2 4602085
.12 maker-168561777-snap-gene-0.62-mRNA-1 2492777
.85 maker-168561777-snap-gene-0.62-mRNA-1 4672805
.99 maker-168561726-snap-gene-0.107-mRNA-1 4672902
.98 maker-168561517-snap-gene-0.42-mRNA-1 4672908
.99 maker-168561480-snap-gene-0.22-mRNA-1 4672690
.36 maker-168561165-snap-gene-0.81-mRNA-1 4672771
.15 maker-168561165-snap-gene-0.81-mRNA-1 1217841
.99 maker-168561066-snap-gene-0.131-mRNA-1 4672742
.59 maker-168560902-augustus-gene-0.35-mRNA-1 4597101
.40 maker-168560902-augustus-gene-0.35-mRNA-1 4599880
.16 maker-168560768-snap-gene-0.44-mRNA-1 4600964
.08 maker-168560768-snap-gene-0.44-mRNA-1 4648491
.08 maker-168560671-augustus-gene-0.88-mRNA-1 1678237
.91 maker-168560671-augustus-gene-0.88-mRNA-1 4672850
.92 maker-168560647-augustus-gene-1.105-mRNA-1 4672824
.19 maker-168560635-snap-gene-0.28-mRNA-1 4672334
.12 maker-168560635-snap-gene-0.28-mRNA-1 1267772
.99 maker-168560435-snap-gene-0.53-mRNA-1 4672896
.99 maker-168560300-snap-gene-0.47-mRNA-1 4672436
