.34 snap_masked-92073787-processed-gene-0.1-mRNA-1 3696014
.26 snap_masked-60304503-processed-gene-0.2-mRNA-1 5156076
.73 snap_masked-60304503-processed-gene-0.2-mRNA-1 437394
.99 snap_masked-168577477-processed-gene-0.22-mRNA-1 5246323
.99 snap_masked-168576983-processed-gene-0.107-mRNA-1 5160025
.57 snap_masked-168568076-processed-gene-0.22-mRNA-1 1634080
.42 snap_masked-168568076-processed-gene-0.22-mRNA-1 2308554
.84 snap_masked-168566042-processed-gene-0.43-mRNA-1 5246337
.12 snap_masked-168566042-processed-gene-0.43-mRNA-1 1208884
.92 snap_masked-168562908-processed-gene-0.17-mRNA-1 1066859
.99 snap_masked-168562115-processed-gene-0.55-mRNA-1 5246319
.76 snap_masked-168558167-processed-gene-0.27-mRNA-1 5246371
.23 snap_masked-168558167-processed-gene-0.27-mRNA-1 5246371
.99 snap_masked-168556295-processed-gene-0.48-mRNA-1 5246367
.47 snap_masked-168551638-processed-gene-2.86-mRNA-1 3977521
.99 snap_masked-168550493-processed-gene-0.58-mRNA-1 2834457
.53 snap_masked-168548311-processed-gene-0.112-mRNA-1 2124267
.44 snap_masked-168548311-processed-gene-0.112-mRNA-1 2409457
.32 snap_masked-168548311-processed-gene-0.112-mRNA-1 2409458
.29 snap_masked-168548311-processed-gene-0.112-mRNA-1 2895713
.39 snap_masked-168548072-processed-gene-0.70-mRNA-1 3734740
.86 snap_masked-168548010-processed-gene-0.89-mRNA-1 1574629
.42 snap_masked-168544726-processed-gene-0.14-mRNA-1 2570460
.34 snap_masked-168544726-processed-gene-0.14-mRNA-1 5186510
.83 snap_masked-168543491-processed-gene-0.29-mRNA-1 5246343
.14 snap_masked-168543491-processed-gene-0.29-mRNA-1 1423776
.07 snap_masked-168543491-processed-gene-0.29-mRNA-1 2651213
.38 snap_masked-168534233-processed-gene-0.46-mRNA-1 619081
.33 snap_masked-168534233-processed-gene-0.46-mRNA-1 5156913
.13 snap_masked-168532811-processed-gene-0.13-mRNA-1 5169332
.86 snap_masked-168532811-processed-gene-0.13-mRNA-1 5246328
.95 snap_masked-168532484-processed-gene-0.55-mRNA-1 5158832
.43 snap_masked-168523866-processed-gene-0.4-mRNA-1 1742291
.40 snap_masked-168523866-processed-gene-0.4-mRNA-1 1441602
.40 snap_masked-168523866-processed-gene-0.4-mRNA-1 5184078
.38 snap_masked-168523866-processed-gene-0.4-mRNA-1 5179833
.34 snap_masked-168523866-processed-gene-0.4-mRNA-1 1737854
.73 snap_masked-168523015-processed-gene-0.27-mRNA-1 4662960
.41 snap_masked-168521003-processed-gene-0.79-mRNA-1 4975359
.40 snap_masked-168521003-processed-gene-0.79-mRNA-1 3262006
.48 snap_masked-168509624-processed-gene-0.6-mRNA-1 1389878
.41 snap_masked-168509624-processed-gene-0.6-mRNA-1 3314530
.23 snap_masked-168500079-processed-gene-0.10-mRNA-1 1157656
.24 snap_masked-168500079-processed-gene-0.10-mRNA-1 1157672
.18 snap_masked-168500079-processed-gene-0.10-mRNA-1 1821526
.86 snap_masked-168497897-processed-gene-0.70-mRNA-1 5246313
.08 snap_masked-168497897-processed-gene-0.70-mRNA-1 1582167
.54 snap_masked-168497638-processed-gene-0.7-mRNA-1 4512182
.50 snap_masked-168486261-processed-gene-0.33-mRNA-1 5161009
.19 snap_masked-168486261-processed-gene-0.33-mRNA-1 1181115
.99 snap_masked-168471005-processed-gene-0.8-mRNA-1 531741
.51 snap_masked-168470559-processed-gene-0.32-mRNA-1 5246353
.22 snap_masked-168470559-processed-gene-0.32-mRNA-1 5156441
.89 snap_masked-168464262-processed-gene-0.2-mRNA-1 1955950
.29 snap_masked-168459523-processed-gene-1.52-mRNA-1 2850075
.70 snap_masked-168459523-processed-gene-1.52-mRNA-1 5159335
.78 snap_masked-168452355-processed-gene-0.77-mRNA-1 2187380
.11 snap_masked-168452355-processed-gene-0.77-mRNA-1 3736842
.01 snap_masked-168451067-processed-gene-0.3-mRNA-1 572207
.01 snap_masked-168451067-processed-gene-0.3-mRNA-1 958709
.01 snap_masked-168451067-processed-gene-0.3-mRNA-1 3432231
.22 snap_masked-168448462-processed-gene-0.88-mRNA-1 621122
.71 snap_masked-168448462-processed-gene-0.88-mRNA-1 5156433
.38 snap_masked-168447667-processed-gene-0.5-mRNA-1 838040
.31 snap_masked-168447667-processed-gene-0.5-mRNA-1 5158421
.60 snap_masked-168446456-processed-gene-0.19-mRNA-1 3976784
.99 snap_masked-168443762-processed-gene-0.17-mRNA-1 2298152
.99 snap_masked-168441156-processed-gene-0.18-mRNA-1 5166339
.99 snap_masked-168438749-processed-gene-0.45-mRNA-1 1019232
.35 snap_masked-168436303-processed-gene-1.63-mRNA-1 2484677
.82 snap_masked-168433123-processed-gene-0.3-mRNA-1 5157715
.38 snap_masked-168401655-processed-gene-0.20-mRNA-1 2932682
.35 snap_masked-168401655-processed-gene-0.20-mRNA-1 2220454
.49 snap_masked-168397275-processed-gene-0.10-mRNA-1 5128617
.61 snap_masked-168396491-processed-gene-0.34-mRNA-1 5158455
.34 snap_masked-168396491-processed-gene-0.34-mRNA-1 69703
.36 snap_masked-168384425-processed-gene-0.40-mRNA-1 1352486
.61 snap_masked-168370811-processed-gene-0.10-mRNA-1 5164741
.20 snap_masked-168370811-processed-gene-0.10-mRNA-1 5177042
.49 snap_masked-168363119-processed-gene-0.34-mRNA-1 2843738
.78 snap_masked-168346542-processed-gene-0.4-mRNA-1 5171754
.21 snap_masked-168346542-processed-gene-0.4-mRNA-1 2861688
.36 snap_masked-168325153-processed-gene-0.52-mRNA-1 2641458
.56 snap_masked-168323488-processed-gene-0.19-mRNA-1 5156035
.31 snap_masked-168323488-processed-gene-0.19-mRNA-1 5175872
.98 snap_masked-168314700-processed-gene-0.10-mRNA-1 5163388
.85 snap_masked-168306296-processed-gene-0.7-mRNA-1 871457
.14 snap_masked-168306296-processed-gene-0.7-mRNA-1 1844176
.50 snap_masked-168267877-processed-gene-0.58-mRNA-1 1053097
.33 snap_masked-168267877-processed-gene-0.58-mRNA-1 5156887
.82 snap_masked-168267741-processed-gene-0.11-mRNA-1 874277
.09 snap_masked-168267741-processed-gene-0.11-mRNA-1 4921574
.66 snap_masked-168266478-processed-gene-0.30-mRNA-1 3736842
.19 snap_masked-168250072-processed-gene-0.12-mRNA-1 1496787
.80 snap_masked-168250072-processed-gene-0.12-mRNA-1 5167264
.50 snap_masked-168247743-processed-gene-0.59-mRNA-1 5159238
.36 snap_masked-168247743-processed-gene-0.59-mRNA-1 5156637
.36 snap_masked-168244258-processed-gene-0.66-mRNA-1 5163631
.63 snap_masked-168244258-processed-gene-0.66-mRNA-1 2086259
.45 snap_masked-168243486-processed-gene-0.5-mRNA-1 4134958
.88 snap_masked-168232233-processed-gene-0.19-mRNA-1 5159851
.36 snap_masked-168232124-processed-gene-0.36-mRNA-1 5158346
.15 snap_masked-168232124-processed-gene-0.36-mRNA-1 1053519
.73 snap_masked-168230750-processed-gene-0.39-mRNA-1 1884073
.06 snap_masked-168230750-processed-gene-0.39-mRNA-1 3837560
.98 snap_masked-168229358-processed-gene-0.31-mRNA-1 5246317
.27 snap_masked-168225487-processed-gene-0.67-mRNA-1 1193848
.20 snap_masked-168225487-processed-gene-0.67-mRNA-1 2866714
.99 snap_masked-168201110-processed-gene-0.3-mRNA-1 5166894
.22 snap_masked-168200171-processed-gene-0.6-mRNA-1 5157412
.14 snap_masked-168200171-processed-gene-0.6-mRNA-1 2459768
.99 snap_masked-168191987-processed-gene-0.77-mRNA-1 5246347
.71 snap_masked-168191937-processed-gene-0.90-mRNA-1 1531723
.12 snap_masked-168191937-processed-gene-0.90-mRNA-1 4809679
.96 snap_masked-168191928-processed-gene-0.105-mRNA-1 1162355
.49 snap_masked-168190391-processed-gene-0.63-mRNA-1 2123012
.49 snap_masked-168190391-processed-gene-0.63-mRNA-1 5160911
.37 snap_masked-168190179-processed-gene-0.157-mRNA-1 1159068
.15 snap_masked-168190179-processed-gene-0.157-mRNA-1 5218336
.99 snap_masked-168188906-processed-gene-0.33-mRNA-1 5156571
.07 snap_masked-168187374-processed-gene-0.122-mRNA-1 3330730
.85 snap_masked-168187374-processed-gene-0.122-mRNA-1 5246362
.37 snap_masked-168184965-processed-gene-0.19-mRNA-1 5156796
.30 snap_masked-168184965-processed-gene-0.19-mRNA-1 930981
.15 snap_masked-168184965-processed-gene-0.19-mRNA-1 1102588
.10 snap_masked-168184965-processed-gene-0.19-mRNA-1 4457059
.38 snap_masked-168170580-processed-gene-0.5-mRNA-1 1055117
.60 snap_masked-168170580-processed-gene-0.5-mRNA-1 615423
.10 snap_masked-168165369-processed-gene-0.14-mRNA-1 2887428
.71 snap_masked-168165369-processed-gene-0.14-mRNA-1 5246312
.63 snap_masked-168153487-processed-gene-0.15-mRNA-1 5246374
.13 snap_masked-168153487-processed-gene-0.15-mRNA-1 612061
.46 snap_masked-168151951-processed-gene-0.20-mRNA-1 5005348
.98 snap_masked-168137277-processed-gene-0.14-mRNA-1 5156307
.32 snap_masked-168113208-processed-gene-0.3-mRNA-1 1757896
.67 snap_masked-168113208-processed-gene-0.3-mRNA-1 1757895
.87 snap_masked-168104155-processed-gene-0.10-mRNA-1 5246345
.12 snap_masked-168104155-processed-gene-0.10-mRNA-1 767141
.64 snap_masked-168096650-processed-gene-0.6-mRNA-1 5246324
.35 snap_masked-168096650-processed-gene-0.6-mRNA-1 1017093
.81 snap_masked-168095837-processed-gene-0.26-mRNA-1 5246344
.17 snap_masked-168095837-processed-gene-0.26-mRNA-1 5161187
.40 snap_masked-168089074-processed-gene-0.6-mRNA-1 5161524
.28 snap_masked-168089074-processed-gene-0.6-mRNA-1 5161795
.21 snap_masked-168059917-processed-gene-0.8-mRNA-1 5161366
.22 snap_masked-168059917-processed-gene-0.8-mRNA-1 536321
.11 snap_masked-168059917-processed-gene-0.8-mRNA-1 3108981
.64 snap_masked-167999217-processed-gene-0.8-mRNA-1 5173810
.46 snap_masked-167999217-processed-gene-0.8-mRNA-1 3206242
.29 snap_masked-167999217-processed-gene-0.8-mRNA-1 1193961
.57 snap_masked-167982074-processed-gene-0.6-mRNA-1 5167766
.78 snap_masked-167976988-processed-gene-0.43-mRNA-1 1190796
.36 snap_masked-167970637-processed-gene-0.4-mRNA-1 1978388
.27 snap_masked-167970637-processed-gene-0.4-mRNA-1 1116201
.36 snap_masked-167932989-processed-gene-0.11-mRNA-1 2344753
.21 snap_masked-167932989-processed-gene-0.11-mRNA-1 3858638
.47 snap_masked-167923352-processed-gene-0.14-mRNA-1 5246372
.06 snap_masked-167923352-processed-gene-0.14-mRNA-1 159379
.23 snap_masked-167900719-processed-gene-0.5-mRNA-1 5159993
.20 snap_masked-167900719-processed-gene-0.5-mRNA-1 5157177
.11 snap_masked-167900719-processed-gene-0.5-mRNA-1 5159562
.41 snap_masked-167884987-processed-gene-0.25-mRNA-1 5246324
.13 snap_masked-167884987-processed-gene-0.25-mRNA-1 5176064
.19 snap_masked-167868242-processed-gene-0.43-mRNA-1 5169836
.48 snap_masked-167868242-processed-gene-0.43-mRNA-1 1866336
.61 snap_masked-167867619-processed-gene-0.9-mRNA-1 993661
.27 snap_masked-167867619-processed-gene-0.9-mRNA-1 2108849
.99 snap_masked-167818836-processed-gene-0.26-mRNA-1 5246370
.69 snap_masked-167415251-processed-gene-0.2-mRNA-1 2102246
.29 snap_masked-167415251-processed-gene-0.2-mRNA-1 1981504
.63 snap_masked-167413712-processed-gene-0.2-mRNA-1 5166617
.20 snap_masked-167413712-processed-gene-0.2-mRNA-1 3132766
.99 snap_masked-166826280-processed-gene-0.3-mRNA-1 5157254
.81 snap_masked-166717510-processed-gene-0.2-mRNA-1 2284979
.07 snap_masked-166717510-processed-gene-0.2-mRNA-1 4812603
.39 snap_masked-166706928-processed-gene-0.2-mRNA-1 5158500
.22 snap_masked-166706928-processed-gene-0.2-mRNA-1 895442
.30 snap_masked-166593787-processed-gene-0.2-mRNA-1 5178674
.45 snap_masked-166593787-processed-gene-0.2-mRNA-1 2572604
.99 snap_masked-166581306-processed-gene-0.1-mRNA-1 1342969
.74 snap_masked-166552793-processed-gene-0.5-mRNA-1 5246331
.22 snap_masked-166552793-processed-gene-0.5-mRNA-1 1683818
.20 snap_masked-166552793-processed-gene-0.5-mRNA-1 5166055
.41 snap_masked-166542228-processed-gene-0.4-mRNA-1 4072914
.40 snap_masked-166542228-processed-gene-0.4-mRNA-1 1869088
.56 snap_masked-166453822-processed-gene-0.2-mRNA-1 854712
.32 snap_masked-166453822-processed-gene-0.2-mRNA-1 2559925
.33 snap_masked-166328012-processed-gene-0.3-mRNA-1 2951203
.81 snap_masked-166301333-processed-gene-0.2-mRNA-1 5166792
.17 snap_masked-166301333-processed-gene-0.2-mRNA-1 3310107
.40 snap_masked-166173851-processed-gene-0.2-mRNA-1 1697578
.58 snap_masked-166173851-processed-gene-0.2-mRNA-1 185829
.94 snap_masked-166072771-processed-gene-0.2-mRNA-1 5157814
.33 snap_masked-166061960-processed-gene-0.2-mRNA-1 5195937
.62 snap_masked-166061960-processed-gene-0.2-mRNA-1 5162292
.87 snap_masked-165772351-processed-gene-0.3-mRNA-1 1228299
.16 snap_masked-165291827-processed-gene-0.2-mRNA-1 1290426
.83 snap_masked-165291827-processed-gene-0.2-mRNA-1 5156153
.37 snap_masked-165034132-processed-gene-0.2-mRNA-1 3910878
.86 snap_masked-164910967-processed-gene-0.2-mRNA-1 226326
.13 snap_masked-164910967-processed-gene-0.2-mRNA-1 1218769
.99 snap_masked-164890384-processed-gene-0.2-mRNA-1 1535473
.40 snap_masked-164828498-processed-gene-0.2-mRNA-1 2313155
.48 snap_masked-164828498-processed-gene-0.2-mRNA-1 5162129
.48 snap_masked-164773277-processed-gene-0.4-mRNA-1 5156543
.13 snap_masked-164773277-processed-gene-0.4-mRNA-1 5156543
.72 snap_masked-164666445-processed-gene-0.2-mRNA-1 5170008
.21 snap_masked-164666445-processed-gene-0.2-mRNA-1 1519922
.68 snap_masked-164611498-processed-gene-0.2-mRNA-1 2754430
.19 snap_masked-164611498-processed-gene-0.2-mRNA-1 1272734
.47 snap_masked-164600149-processed-gene-0.3-mRNA-1 2016271
.48 snap_masked-164581289-processed-gene-0.3-mRNA-1 5158585
.25 snap_masked-164581289-processed-gene-0.3-mRNA-1 5158584
.26 snap_masked-164347450-processed-gene-0.1-mRNA-1 622829
.54 snap_masked-164347450-processed-gene-0.1-mRNA-1 2209237
.75 snap_masked-162916521-processed-gene-0.2-mRNA-1 1016333
.70 snap_masked-162916521-processed-gene-0.2-mRNA-1 3621412
.46 snap_masked-162916521-processed-gene-0.2-mRNA-1 2670251
.21 snap_masked-162916521-processed-gene-0.2-mRNA-1 1487940
.21 snap_masked-162916521-processed-gene-0.2-mRNA-1 1896448
.99 snap_masked-162868190-processed-gene-0.2-mRNA-1 5246373
.55 snap_masked-162859302-processed-gene-0.2-mRNA-1 4763340
.30 snap_masked-162859302-processed-gene-0.2-mRNA-1 2552549
.12 snap_masked-162859302-processed-gene-0.2-mRNA-1 4992429
.38 snap_masked-162397403-processed-gene-0.3-mRNA-1 5160561
.43 snap_masked-162397403-processed-gene-0.3-mRNA-1 3247922
.31 snap_masked-162326255-processed-gene-0.2-mRNA-1 1296548
.68 snap_masked-162326255-processed-gene-0.2-mRNA-1 5166489
.67 snap_masked-162051028-processed-gene-0.3-mRNA-1 5158318
.29 snap_masked-162051028-processed-gene-0.3-mRNA-1 1144608
.99 snap_masked-162045085-processed-gene-0.2-mRNA-1 5169198
.24 snap_masked-161969380-processed-gene-0.3-mRNA-1 5174344
.20 snap_masked-161969380-processed-gene-0.3-mRNA-1 5183019
.15 snap_masked-161969380-processed-gene-0.3-mRNA-1 5195332
.39 snap_masked-161783185-processed-gene-0.2-mRNA-1 1930507
.27 snap_masked-161783185-processed-gene-0.2-mRNA-1 4278371
.36 snap_masked-161437822-processed-gene-0.2-mRNA-1 987815
.28 snap_masked-161437822-processed-gene-0.2-mRNA-1 2882924
.28 snap_masked-161437822-processed-gene-0.2-mRNA-1 1647182
.14 snap_masked-161437822-processed-gene-0.2-mRNA-1 2078518
.09 snap_masked-161437822-processed-gene-0.2-mRNA-1 3449609
.63 snap_masked-102552325-processed-gene-0.1-mRNA-1 2661322
.16 snap_masked-102552325-processed-gene-0.1-mRNA-1 1864665
.67 maker-97349046-snap-gene-0.2-mRNA-1 5246342
.30 maker-97349046-snap-gene-0.2-mRNA-1 5246342
.83 maker-168577632-snap-gene-0.64-mRNA-1 5246375
.15 maker-168577632-snap-gene-0.64-mRNA-1 5171765
.49 maker-168577632-snap-gene-0.63-mRNA-1 5246339
.99 maker-168577591-augustus-gene-0.54-mRNA-1 5246333
.13 maker-168577548-snap-gene-0.85-mRNA-1 5161797
.08 maker-168577548-snap-gene-0.85-mRNA-1 1460983
.28 maker-168577548-augustus-gene-0.82-mRNA-1 1990199
.27 maker-168577548-augustus-gene-0.82-mRNA-1 1395231
.76 maker-168577546-snap-gene-1.73-mRNA-1 5246356
.20 maker-168577546-snap-gene-1.73-mRNA-1 2278430
.76 maker-168577511-snap-gene-0.95-mRNA-1 5246368
.67 maker-168577495-snap-gene-0.68-mRNA-1 5246376
.07 maker-168577495-snap-gene-0.68-mRNA-1 1562440
.75 maker-168577427-snap-gene-0.30-mRNA-1 5159824
.02 maker-168577427-snap-gene-0.30-mRNA-1 3692440
.52 maker-168577416-augustus-gene-0.94-mRNA-1 5246336
.16 maker-168577416-augustus-gene-0.94-mRNA-1 1026345
.17 maker-168577416-augustus-gene-0.94-mRNA-1 668624
.40 maker-168577367-snap-gene-0.23-mRNA-1 5156563
.27 maker-168577367-snap-gene-0.23-mRNA-1 5163720
.19 maker-168577320-snap-gene-0.83-mRNA-1 5158453
.79 maker-168577320-snap-gene-0.83-mRNA-1 5246352
.12 maker-168577294-augustus-gene-0.99-mRNA-1 903383
.40 maker-168577256-snap-gene-0.85-mRNA-1 5246303
.13 maker-168577256-snap-gene-0.85-mRNA-1 5158628
.05 maker-168577253-augustus-gene-0.12-mRNA-1 1273918
.35 maker-168577169-snap-gene-0.92-mRNA-1 5246308
.19 maker-168577148-snap-gene-0.33-mRNA-1 5175082
.11 maker-168577148-snap-gene-0.33-mRNA-1 1613431
.62 maker-168577137-snap-gene-0.57-mRNA-1 5246309
.17 maker-168577137-snap-gene-0.57-mRNA-1 3129599
.71 maker-168577122-augustus-gene-0.114-mRNA-1 5165912
.93 maker-168577117-augustus-gene-0.37-mRNA-1 836435
.04 maker-168577117-augustus-gene-0.37-mRNA-1 3005279
.08 maker-168577105-snap-gene-0.52-mRNA-1 4615079
.91 maker-168577105-snap-gene-0.52-mRNA-1 5246358
.41 maker-168577095-snap-gene-0.13-mRNA-1 5156966
.37 maker-168577095-snap-gene-0.13-mRNA-1 5156969
.57 maker-168577077-snap-gene-0.16-mRNA-1 5246377
.14 maker-168577077-snap-gene-0.16-mRNA-1 5158800
.88 maker-168577032-augustus-gene-0.29-mRNA-1 5246363
.06 maker-168577032-augustus-gene-0.29-mRNA-1 2747062
.04 maker-168577032-augustus-gene-0.29-mRNA-1 5160223
.74 maker-168576967-augustus-gene-0.17-mRNA-1 5246314
.28 maker-168576960-snap-gene-0.16-mRNA-1 1105333
.30 maker-168576960-snap-gene-0.16-mRNA-1 1199869
.42 maker-168575692-augustus-gene-1.106-mRNA-1 587881
.24 maker-168575692-augustus-gene-1.106-mRNA-1 5156588
.12 maker-168575692-augustus-gene-1.105-mRNA-1 5186960
.11 maker-168575692-augustus-gene-1.105-mRNA-1 5180594
.22 maker-168575619-snap-gene-0.40-mRNA-1 5170535
.26 maker-168574544-snap-gene-0.13-mRNA-1 5174188
.23 maker-168574544-snap-gene-0.13-mRNA-1 1323747
.21 maker-168574544-snap-gene-0.13-mRNA-1 1827225
.10 maker-168574544-snap-gene-0.13-mRNA-1 1323757
.55 maker-168573945-snap-gene-0.19-mRNA-1 5167413
.38 maker-168573945-snap-gene-0.19-mRNA-1 5166711
.22 maker-168573945-snap-gene-0.19-mRNA-1 1067419
.65 maker-168573665-augustus-gene-0.53-mRNA-1 5246361
.21 maker-168573665-augustus-gene-0.53-mRNA-1 5160507
.49 maker-168573397-augustus-gene-0.6-mRNA-1 656374
.01 maker-168573397-augustus-gene-0.6-mRNA-1 392984
.78 maker-168572977-augustus-gene-0.25-mRNA-1 857911
.05 maker-168572970-augustus-gene-0.17-mRNA-1 2058852
.26 maker-168572970-augustus-gene-0.17-mRNA-1 1672791
.50 maker-168572826-snap-gene-0.103-mRNA-1 5158191
.49 maker-168572826-snap-gene-0.103-mRNA-1 5159988
.29 maker-168572021-augustus-gene-0.35-mRNA-1 5162251
.16 maker-168572021-augustus-gene-0.35-mRNA-1 5156890
.65 maker-168571643-augustus-gene-0.20-mRNA-1 5246378
.07 maker-168571643-augustus-gene-0.20-mRNA-1 5164118
.18 maker-168571545-snap-gene-0.73-mRNA-1 943583
.74 maker-168571545-snap-gene-0.73-mRNA-1 5246326
.74 maker-168571518-snap-gene-0.32-mRNA-1 5246350
.14 maker-168571516-augustus-gene-0.34-mRNA-1 5164000
.13 maker-168571516-augustus-gene-0.34-mRNA-1 5159521
.73 maker-168569848-augustus-gene-0.88-mRNA-1 5246307
.09 maker-168569848-augustus-gene-0.88-mRNA-1 3587169
.20 maker-168569592-augustus-gene-0.75-mRNA-1 884145
.72 maker-168569592-augustus-gene-0.75-mRNA-1 5246349
.30 maker-168569213-snap-gene-0.103-mRNA-1 411986
.99 maker-168568969-augustus-gene-0.25-mRNA-1 5246325
.47 maker-168568915-snap-gene-0.11-mRNA-1 1103642
.52 maker-168568915-snap-gene-0.11-mRNA-1 1103646
.39 maker-168568482-augustus-gene-1.125-mRNA-1 5157385
.46 maker-168568482-augustus-gene-1.125-mRNA-1 5166308
.31 maker-168568324-snap-gene-0.100-mRNA-1 947136
.54 maker-168568324-snap-gene-0.100-mRNA-1 5246364
.92 maker-168567808-augustus-gene-0.34-mRNA-1 5246321
.01 maker-168567808-augustus-gene-0.34-mRNA-1 4588167
.19 maker-168567683-augustus-gene-0.77-mRNA-2 5159998
.14 maker-168567683-augustus-gene-0.77-mRNA-2 5168321
.01 maker-168567683-augustus-gene-0.77-mRNA-2 5168850
.37 maker-168567683-augustus-gene-0.77-mRNA-1 5246359
.04 maker-168567683-augustus-gene-0.77-mRNA-1 5168320
.43 maker-168567559-snap-gene-0.34-mRNA-1 5156596
.31 maker-168567559-snap-gene-0.34-mRNA-1 5167907
.50 maker-168567442-snap-gene-0.34-mRNA-1 5165213
.43 maker-168567442-snap-gene-0.34-mRNA-1 5165213
.24 maker-168566937-augustus-gene-1.115-mRNA-1 558511
.13 maker-168566937-augustus-gene-1.115-mRNA-1 5174693
.12 maker-168566937-augustus-gene-1.115-mRNA-1 1409783
.03 maker-168566937-augustus-gene-1.115-mRNA-1 1357586
.49 maker-168566662-augustus-gene-0.51-mRNA-1 5246316
.25 maker-168566255-snap-gene-0.80-mRNA-1 5165003
.10 maker-168566255-snap-gene-0.80-mRNA-1 2475560
.62 maker-168565772-augustus-gene-0.121-mRNA-1 5246351
.25 maker-168565416-augustus-gene-0.11-mRNA-1 1310075
.44 maker-168565416-augustus-gene-0.11-mRNA-1 1254574
.82 maker-168564999-augustus-gene-0.9-mRNA-1 5246330
.17 maker-168564999-augustus-gene-0.9-mRNA-1 1920881
.19 maker-168564516-augustus-gene-0.55-mRNA-2 5157944
.16 maker-168564516-augustus-gene-0.55-mRNA-2 822932
.24 maker-168561165-snap-gene-0.81-mRNA-1 5172935
.13 maker-168561165-snap-gene-0.81-mRNA-1 1176165
.19 maker-168560768-snap-gene-0.44-mRNA-1 2218728
.03 maker-168560768-snap-gene-0.44-mRNA-1 442492
