.22 augustus_masked-168223327-processed-gene-0.4-mRNA-1 11545743
.15 augustus_masked-168223327-processed-gene-0.4-mRNA-1 3587761
.27 augustus_masked-168221913-processed-gene-0.0-mRNA-1 2735718
.16 augustus_masked-168221913-processed-gene-0.0-mRNA-1 2166061
.24 augustus_masked-168216365-processed-gene-0.14-mRNA-1 11710120
.50 augustus_masked-168210138-processed-gene-0.4-mRNA-1 9476550
.48 augustus_masked-168210138-processed-gene-0.4-mRNA-1 428581
.83 augustus_masked-168206069-processed-gene-0.4-mRNA-1 3746842
.09 augustus_masked-168206069-processed-gene-0.4-mRNA-1 11166295
.99 augustus_masked-168203378-processed-gene-0.8-mRNA-1 1508952
.25 augustus_masked-168202504-processed-gene-0.9-mRNA-1 3446515
.53 augustus_masked-168202504-processed-gene-0.9-mRNA-1 11549128
.93 augustus_masked-168201657-processed-gene-0.21-mRNA-1 3514934
.60 augustus_masked-168201657-processed-gene-0.21-mRNA-1 2019228
.47 augustus_masked-168201657-processed-gene-0.21-mRNA-1 2843298
.53 augustus_masked-168201657-processed-gene-0.21-mRNA-1 4838652
.96 augustus_masked-168196290-processed-gene-0.8-mRNA-1 11710131
.37 augustus_masked-168193385-processed-gene-0.0-mRNA-1 11556259
.33 augustus_masked-168193385-processed-gene-0.0-mRNA-1 11564666
.41 augustus_masked-168191855-processed-gene-0.10-mRNA-1 10756392
.26 augustus_masked-168191855-processed-gene-0.10-mRNA-1 9885066
.19 augustus_masked-168191531-processed-gene-0.4-mRNA-1 5607881
.18 augustus_masked-168191531-processed-gene-0.4-mRNA-1 3419477
.16 augustus_masked-168191406-processed-gene-0.24-mRNA-1 1117812
.25 augustus_masked-168191406-processed-gene-0.24-mRNA-1 4864996
.81 augustus_masked-168190982-processed-gene-0.3-mRNA-1 11570715
.15 augustus_masked-168190982-processed-gene-0.3-mRNA-1 3986625
.74 augustus_masked-168190933-processed-gene-0.0-mRNA-1 11710129
.20 augustus_masked-168190933-processed-gene-0.0-mRNA-1 11547480
.99 augustus_masked-168190482-processed-gene-0.3-mRNA-1 11555818
.43 augustus_masked-168190325-processed-gene-1.35-mRNA-1 11710097
.19 augustus_masked-168190325-processed-gene-1.35-mRNA-1 11610899
.83 augustus_masked-168190209-processed-gene-0.10-mRNA-1 11710215
.71 augustus_masked-168189867-processed-gene-0.9-mRNA-1 11560713
.28 augustus_masked-168189867-processed-gene-0.9-mRNA-1 11560712
.93 augustus_masked-168189447-processed-gene-0.11-mRNA-1 2320996
.63 augustus_masked-168189022-processed-gene-0.5-mRNA-1 2204340
.12 augustus_masked-168189022-processed-gene-0.5-mRNA-1 3179126
.34 augustus_masked-168188904-processed-gene-0.0-mRNA-1 11710180
.26 augustus_masked-168188773-processed-gene-0.14-mRNA-1 11710106
.42 augustus_masked-168188139-processed-gene-0.27-mRNA-1 11710186
0 augustus_masked-168188139-processed-gene-0.27-mRNA-1 11558630
.32 augustus_masked-168187504-processed-gene-0.2-mRNA-1 11710212
.35 augustus_masked-168187504-processed-gene-0.2-mRNA-1 11555039
.46 augustus_masked-168185968-processed-gene-0.2-mRNA-1 723459
.50 augustus_masked-168185968-processed-gene-0.2-mRNA-1 1620126
.45 augustus_masked-168185968-processed-gene-0.2-mRNA-1 4309684
.43 augustus_masked-168185968-processed-gene-0.2-mRNA-1 1590354
.32 augustus_masked-168185968-processed-gene-0.2-mRNA-1 3082950
.22 augustus_masked-168185292-processed-gene-0.0-mRNA-1 11565312
.27 augustus_masked-168185292-processed-gene-0.0-mRNA-1 1302031
.43 augustus_masked-168184832-processed-gene-0.1-mRNA-1 2369590
.34 augustus_masked-168184832-processed-gene-0.1-mRNA-1 6254393
.28 augustus_masked-168184832-processed-gene-0.1-mRNA-1 3435391
.28 augustus_masked-168184832-processed-gene-0.1-mRNA-1 5436217
.27 augustus_masked-168184832-processed-gene-0.1-mRNA-1 1993450
.50 augustus_masked-168184607-processed-gene-0.2-mRNA-1 11710154
.12 augustus_masked-168184607-processed-gene-0.2-mRNA-1 1739446
.10 augustus_masked-168184607-processed-gene-0.2-mRNA-1 11603638
.11 augustus_masked-168184607-processed-gene-0.2-mRNA-1 3756489
.11 augustus_masked-168184607-processed-gene-0.2-mRNA-1 11578403
.92 augustus_masked-168184570-processed-gene-0.2-mRNA-1 3670711
.06 augustus_masked-168184570-processed-gene-0.2-mRNA-1 6401476
.90 augustus_masked-168183714-processed-gene-0.1-mRNA-1 11710219
.35 augustus_masked-168183575-processed-gene-0.17-mRNA-1 11549426
.21 augustus_masked-168183575-processed-gene-0.17-mRNA-1 1965145
.12 augustus_masked-168183575-processed-gene-0.17-mRNA-1 3721297
.52 augustus_masked-168183336-processed-gene-0.8-mRNA-1 11553149
.37 augustus_masked-168183336-processed-gene-0.8-mRNA-1 11573834
.57 augustus_masked-168182986-processed-gene-0.6-mRNA-1 11596289
.37 augustus_masked-168182986-processed-gene-0.6-mRNA-1 11548095
.17 augustus_masked-168182986-processed-gene-0.6-mRNA-1 6965800
.26 augustus_masked-168182662-processed-gene-0.5-mRNA-1 11573227
.24 augustus_masked-168182662-processed-gene-0.5-mRNA-1 2883980
.82 augustus_masked-168150751-processed-gene-0.1-mRNA-1 3795545
.11 augustus_masked-168150751-processed-gene-0.1-mRNA-1 1260653
.51 augustus_masked-168143935-processed-gene-0.9-mRNA-1 3243140
.29 augustus_masked-168143935-processed-gene-0.9-mRNA-1 1532881
.19 augustus_masked-168143935-processed-gene-0.9-mRNA-1 7191945
.42 augustus_masked-168143487-processed-gene-0.3-mRNA-1 11553728
.23 augustus_masked-168143487-processed-gene-0.3-mRNA-1 11651258
.21 augustus_masked-168143487-processed-gene-0.3-mRNA-1 1681023
.85 augustus_masked-168135719-processed-gene-0.7-mRNA-1 11710095
.14 augustus_masked-168135719-processed-gene-0.7-mRNA-1 11547100
.59 augustus_masked-168119776-processed-gene-0.1-mRNA-1 3789532
.30 augustus_masked-168119776-processed-gene-0.1-mRNA-1 3789535
.72 augustus_masked-168110913-processed-gene-0.7-mRNA-1 11710178
.25 augustus_masked-168110913-processed-gene-0.7-mRNA-1 4654547
.32 augustus_masked-168105669-processed-gene-0.3-mRNA-1 11710203
.67 augustus_masked-168105669-processed-gene-0.3-mRNA-1 11710203
.60 augustus_masked-168073632-processed-gene-0.3-mRNA-1 3952884
.22 augustus_masked-168073632-processed-gene-0.3-mRNA-1 7011746
.01 augustus_masked-168065758-processed-gene-0.0-mRNA-1 11561974
.21 augustus_masked-168029396-processed-gene-0.10-mRNA-1 1830028
.13 augustus_masked-168029396-processed-gene-0.10-mRNA-1 3444378
.20 augustus_masked-168029396-processed-gene-0.10-mRNA-1 1723843
.13 augustus_masked-168029396-processed-gene-0.10-mRNA-1 8501712
.13 augustus_masked-168029396-processed-gene-0.10-mRNA-1 11551424
.45 augustus_masked-168024329-processed-gene-0.8-mRNA-1 11710117
.19 augustus_masked-168024329-processed-gene-0.8-mRNA-1 11551492
.08 augustus_masked-168024329-processed-gene-0.8-mRNA-1 1886575
.01 augustus_masked-168022941-processed-gene-0.1-mRNA-1 11546557
.29 augustus_masked-168014532-processed-gene-0.3-mRNA-1 11547903
.31 augustus_masked-168014532-processed-gene-0.3-mRNA-1 11553813
.12 augustus_masked-168012267-processed-gene-0.4-mRNA-1 11566212
.13 augustus_masked-168012267-processed-gene-0.4-mRNA-1 5619835
.13 augustus_masked-168012267-processed-gene-0.4-mRNA-1 8795669
.27 augustus_masked-168003134-processed-gene-0.0-mRNA-1 4224751
.28 augustus_masked-168003134-processed-gene-0.0-mRNA-1 5451785
.26 augustus_masked-168003134-processed-gene-0.0-mRNA-1 1925181
.28 augustus_masked-168003134-processed-gene-0.0-mRNA-1 2524837
.25 augustus_masked-168003134-processed-gene-0.0-mRNA-1 1016166
.72 augustus_masked-167988530-processed-gene-0.0-mRNA-1 11710181
.12 augustus_masked-167988530-processed-gene-0.0-mRNA-1 11577831
.10 augustus_masked-167988530-processed-gene-0.0-mRNA-1 11555143
.29 augustus_masked-167964991-processed-gene-0.1-mRNA-1 11546106
.19 augustus_masked-167964991-processed-gene-0.1-mRNA-1 11546107
.32 augustus_masked-167961791-processed-gene-0.2-mRNA-1 11607751
.27 augustus_masked-167961791-processed-gene-0.2-mRNA-1 11559880
.36 augustus_masked-167953955-processed-gene-0.9-mRNA-1 2196512
.41 augustus_masked-167953955-processed-gene-0.9-mRNA-1 4864996
.33 augustus_masked-167945485-processed-gene-0.3-mRNA-1 11691774
.04 augustus_masked-167931114-processed-gene-0.4-mRNA-1 4197163
.91 augustus_masked-167931114-processed-gene-0.4-mRNA-1 11710118
.13 augustus_masked-167922716-processed-gene-0.34-mRNA-1 3314993
.25 augustus_masked-167922716-processed-gene-0.34-mRNA-1 6211076
.88 augustus_masked-167922106-processed-gene-0.0-mRNA-1 11710191
.84 augustus_masked-167918910-processed-gene-0.13-mRNA-1 11710105
.13 augustus_masked-167918910-processed-gene-0.13-mRNA-1 11550248
.21 augustus_masked-167908641-processed-gene-0.0-mRNA-1 4769278
.66 augustus_masked-167908641-processed-gene-0.0-mRNA-1 11576077
.44 augustus_masked-167890012-processed-gene-0.1-mRNA-1 1562160
.54 augustus_masked-167890012-processed-gene-0.1-mRNA-1 11548874
.58 augustus_masked-167889027-processed-gene-0.0-mRNA-1 11710176
.21 augustus_masked-167889027-processed-gene-0.0-mRNA-1 11659195
.27 augustus_masked-167889027-processed-gene-0.0-mRNA-1 2011842
.29 augustus_masked-167865352-processed-gene-0.8-mRNA-1 11556848
.42 augustus_masked-167865352-processed-gene-0.8-mRNA-1 11710180
.32 augustus_masked-167863238-processed-gene-0.2-mRNA-1 3254697
.54 augustus_masked-167863238-processed-gene-0.2-mRNA-1 11576353
.29 augustus_masked-167854562-processed-gene-0.4-mRNA-1 3336379
.21 augustus_masked-167854562-processed-gene-0.4-mRNA-1 2692980
.21 augustus_masked-167854562-processed-gene-0.4-mRNA-1 4511425
.14 augustus_masked-167854562-processed-gene-0.4-mRNA-1 4021542
.30 augustus_masked-167842912-processed-gene-0.2-mRNA-1 3986785
.27 augustus_masked-167842912-processed-gene-0.2-mRNA-1 4635574
.43 augustus_masked-167841212-processed-gene-0.6-mRNA-1 3558163
.26 augustus_masked-167841212-processed-gene-0.6-mRNA-1 3558166
.42 augustus_masked-167835013-processed-gene-0.8-mRNA-1 11550317
.24 augustus_masked-167835013-processed-gene-0.8-mRNA-1 11546024
.33 augustus_masked-167831455-processed-gene-0.0-mRNA-1 11545413
.35 augustus_masked-167831455-processed-gene-0.0-mRNA-1 5242527
.34 augustus_masked-167825352-processed-gene-0.2-mRNA-1 11710197
.18 augustus_masked-167825352-processed-gene-0.2-mRNA-1 11583332
.25 augustus_masked-167820150-processed-gene-0.0-mRNA-1 3101861
.53 augustus_masked-167820150-processed-gene-0.0-mRNA-1 11547177
.01 augustus_masked-167812213-processed-gene-0.10-mRNA-1 11556996
0 augustus_masked-167812213-processed-gene-0.10-mRNA-1 11556996
.99 augustus_masked-167807546-processed-gene-0.0-mRNA-1 3749188
.99 augustus_masked-167798865-processed-gene-0.2-mRNA-1 11710176
.76 augustus_masked-167357674-processed-gene-0.0-mRNA-1 4568848
.21 augustus_masked-167357674-processed-gene-0.0-mRNA-1 1680697
.77 augustus_masked-167243328-processed-gene-0.0-mRNA-1 11710102
.08 augustus_masked-167243328-processed-gene-0.0-mRNA-1 2038545
.09 augustus_masked-167243328-processed-gene-0.0-mRNA-1 2911716
.35 augustus_masked-167141554-processed-gene-0.0-mRNA-1 2329867
.33 augustus_masked-167025681-processed-gene-0.0-mRNA-1 4457480
.43 augustus_masked-167025681-processed-gene-0.0-mRNA-1 917357
.83 augustus_masked-167019942-processed-gene-0.1-mRNA-1 11710159
.14 augustus_masked-167019942-processed-gene-0.1-mRNA-1 11546174
.45 augustus_masked-166953384-processed-gene-0.0-mRNA-1 1780570
.42 augustus_masked-166953384-processed-gene-0.0-mRNA-1 11550914
.29 augustus_masked-166947119-processed-gene-0.0-mRNA-1 11563137
.02 augustus_masked-166947119-processed-gene-0.0-mRNA-1 510593
.84 augustus_masked-166928994-processed-gene-0.0-mRNA-1 11545604
.11 augustus_masked-166928994-processed-gene-0.0-mRNA-1 5289065
.71 augustus_masked-166918682-processed-gene-0.1-mRNA-1 11578745
.14 augustus_masked-166918682-processed-gene-0.1-mRNA-1 4991050
.18 augustus_masked-166875524-processed-gene-0.0-mRNA-1 1744342
.16 augustus_masked-166875524-processed-gene-0.0-mRNA-1 2853702
.52 augustus_masked-166864868-processed-gene-0.1-mRNA-1 1363801
.24 augustus_masked-166839592-processed-gene-0.1-mRNA-1 2460185
.13 augustus_masked-166839592-processed-gene-0.1-mRNA-1 11601031
.48 augustus_masked-166744097-processed-gene-0.0-mRNA-1 11545194
.56 augustus_masked-166699671-processed-gene-0.0-mRNA-1 11553338
.20 augustus_masked-166699671-processed-gene-0.0-mRNA-1 2171610
.33 augustus_masked-166653679-processed-gene-0.0-mRNA-1 9867223
.38 augustus_masked-166637586-processed-gene-0.0-mRNA-1 11710148
.16 augustus_masked-166637586-processed-gene-0.0-mRNA-1 3528886
.48 augustus_masked-166398954-processed-gene-0.1-mRNA-1 1465650
.30 augustus_masked-166398954-processed-gene-0.1-mRNA-1 5874015
.27 augustus_masked-166398954-processed-gene-0.1-mRNA-1 11574508
.15 augustus_masked-166398954-processed-gene-0.1-mRNA-1 5973961
.75 augustus_masked-166359288-processed-gene-0.0-mRNA-1 11710182
.08 augustus_masked-166359288-processed-gene-0.0-mRNA-1 11559810
.51 augustus_masked-166326356-processed-gene-0.0-mRNA-1 2289124
.22 augustus_masked-166326356-processed-gene-0.0-mRNA-1 8164810
.58 augustus_masked-166253586-processed-gene-0.2-mRNA-1 11710217
.06 augustus_masked-166253586-processed-gene-0.2-mRNA-1 11590351
.50 augustus_masked-166228894-processed-gene-0.0-mRNA-1 11563566
.40 augustus_masked-166228894-processed-gene-0.0-mRNA-1 2509179
.27 augustus_masked-166228894-processed-gene-0.0-mRNA-1 4787726
.24 augustus_masked-166200433-processed-gene-0.0-mRNA-1 11569018
.52 augustus_masked-166200433-processed-gene-0.0-mRNA-1 11561097
.56 augustus_masked-166154275-processed-gene-0.0-mRNA-1 11710152
.13 augustus_masked-166154275-processed-gene-0.0-mRNA-1 11568732
.75 augustus_masked-166133206-processed-gene-0.0-mRNA-1 11710189
.07 augustus_masked-166133206-processed-gene-0.0-mRNA-1 5266999
.33 augustus_masked-165846052-processed-gene-0.0-mRNA-1 3130643
.30 augustus_masked-165846052-processed-gene-0.0-mRNA-1 1179715
.24 augustus_masked-165846052-processed-gene-0.0-mRNA-1 11615303
.21 augustus_masked-165846052-processed-gene-0.0-mRNA-1 3535283
.21 augustus_masked-165846052-processed-gene-0.0-mRNA-1 5094432
.16 augustus_masked-165654167-processed-gene-0.0-mRNA-1 1789022
.23 augustus_masked-165654167-processed-gene-0.0-mRNA-1 3445175
.33 augustus_masked-165579536-processed-gene-0.0-mRNA-1 2128880
.16 augustus_masked-165579536-processed-gene-0.0-mRNA-1 3482541
.56 augustus_masked-165513700-processed-gene-0.1-mRNA-1 7497289
.09 augustus_masked-165513700-processed-gene-0.1-mRNA-1 6256589
.23 augustus_masked-165480568-processed-gene-0.0-mRNA-1 1887699
.14 augustus_masked-165480568-processed-gene-0.0-mRNA-1 3690169
.27 augustus_masked-165186837-processed-gene-0.0-mRNA-1 2382506
.18 augustus_masked-165186837-processed-gene-0.0-mRNA-1 2633856
.15 augustus_masked-165186837-processed-gene-0.0-mRNA-1 4384381
.51 augustus_masked-165120295-processed-gene-0.0-mRNA-1 1144504
.28 augustus_masked-165120295-processed-gene-0.0-mRNA-1 11562251
.31 augustus_masked-165083520-processed-gene-0.1-mRNA-1 894748
.31 augustus_masked-165083520-processed-gene-0.1-mRNA-1 11557793
.28 augustus_masked-165021365-processed-gene-0.0-mRNA-1 11580349
.12 augustus_masked-165021365-processed-gene-0.0-mRNA-1 1875323
.49 augustus_masked-164913955-processed-gene-0.0-mRNA-1 5528839
.45 augustus_masked-164913955-processed-gene-0.0-mRNA-1 2733798
.49 augustus_masked-164913955-processed-gene-0.0-mRNA-1 11633236
.47 augustus_masked-164913955-processed-gene-0.0-mRNA-1 3175928
.48 augustus_masked-164913955-processed-gene-0.0-mRNA-1 11670173
.19 augustus_masked-164882258-processed-gene-0.0-mRNA-1 11562549
.03 augustus_masked-164882258-processed-gene-0.0-mRNA-1 11552180
.04 augustus_masked-164882258-processed-gene-0.0-mRNA-1 11552180
.51 augustus_masked-164870285-processed-gene-0.0-mRNA-1 11591656
.28 augustus_masked-164870285-processed-gene-0.0-mRNA-1 5473256
.19 augustus_masked-164870285-processed-gene-0.0-mRNA-1 11625122
.18 augustus_masked-164440326-processed-gene-0.0-mRNA-1 4513458
.14 augustus_masked-164440326-processed-gene-0.0-mRNA-1 11620856
.32 augustus_masked-164436347-processed-gene-0.0-mRNA-1 11030184
.35 augustus_masked-164436347-processed-gene-0.0-mRNA-1 3320380
.07 augustus_masked-164361246-processed-gene-0.0-mRNA-1 6056578
.92 augustus_masked-164361246-processed-gene-0.0-mRNA-1 11553658
.20 augustus_masked-164219219-processed-gene-0.0-mRNA-1 7359162
.65 augustus_masked-164219219-processed-gene-0.0-mRNA-1 1888059
.19 augustus_masked-164176512-processed-gene-0.0-mRNA-1 541477
.79 augustus_masked-164176512-processed-gene-0.0-mRNA-1 11546002
.06 augustus_masked-163966911-processed-gene-0.2-mRNA-1 11556890
.35 augustus_masked-163966911-processed-gene-0.2-mRNA-1 11556890
.31 augustus_masked-163949268-processed-gene-0.0-mRNA-1 11559992
.55 augustus_masked-163949268-processed-gene-0.0-mRNA-1 11599477
.76 augustus_masked-163689328-processed-gene-0.0-mRNA-1 11710192
.20 augustus_masked-163689328-processed-gene-0.0-mRNA-1 11551097
.20 augustus_masked-163623599-processed-gene-0.0-mRNA-1 1493012
.17 augustus_masked-163623599-processed-gene-0.0-mRNA-1 2788690
.18 augustus_masked-163480470-processed-gene-0.1-mRNA-1 11561743
.20 augustus_masked-163480470-processed-gene-0.1-mRNA-1 2159309
.55 augustus_masked-163450215-processed-gene-0.0-mRNA-1 11558402
.22 augustus_masked-163450215-processed-gene-0.0-mRNA-1 11578305
.17 augustus_masked-163345425-processed-gene-0.0-mRNA-1 9344309
.27 augustus_masked-163345425-processed-gene-0.0-mRNA-1 3767309
.45 augustus_masked-163165758-processed-gene-0.0-mRNA-1 2411448
.31 augustus_masked-163165758-processed-gene-0.0-mRNA-1 6403068
.31 augustus_masked-163165758-processed-gene-0.0-mRNA-1 3259325
.30 augustus_masked-163165758-processed-gene-0.0-mRNA-1 4366681
.24 augustus_masked-163165758-processed-gene-0.0-mRNA-1 5088298
.32 augustus_masked-162588525-processed-gene-0.0-mRNA-1 3587875
.28 augustus_masked-162588525-processed-gene-0.0-mRNA-1 11583658
.57 augustus_masked-162531797-processed-gene-0.0-mRNA-1 2009253
.24 augustus_masked-162531797-processed-gene-0.0-mRNA-1 3605496
.36 augustus_masked-162301359-processed-gene-0.0-mRNA-1 11553703
.19 augustus_masked-162301359-processed-gene-0.0-mRNA-1 4467660
.20 augustus_masked-162301359-processed-gene-0.0-mRNA-1 67591
.11 augustus_masked-162301359-processed-gene-0.0-mRNA-1 9710995
.28 augustus_masked-162282389-processed-gene-0.0-mRNA-1 5592249
.21 augustus_masked-162282389-processed-gene-0.0-mRNA-1 2831896
.11 augustus_masked-162039724-processed-gene-0.0-mRNA-1 4715313
.06 augustus_masked-162039724-processed-gene-0.0-mRNA-1 11571761
.35 augustus_masked-161939159-processed-gene-0.0-mRNA-1 11554935
.21 augustus_masked-161939159-processed-gene-0.0-mRNA-1 11552771
.50 augustus_masked-161896787-processed-gene-0.0-mRNA-1 11555293
.34 augustus_masked-161896787-processed-gene-0.0-mRNA-1 11549616
.35 augustus_masked-161567023-processed-gene-0.0-mRNA-1 5124490
.39 augustus_masked-161567023-processed-gene-0.0-mRNA-1 2514335
.20 augustus_masked-161441644-processed-gene-0.0-mRNA-1 4165180
.16 augustus_masked-161441644-processed-gene-0.0-mRNA-1 1943745
0 augustus_masked-160355095-processed-gene-0.0-mRNA-1 11548166
.75 augustus_masked-160267126-processed-gene-0.2-mRNA-1 11710190
.21 augustus_masked-160267126-processed-gene-0.2-mRNA-1 11548251
.24 augustus_masked-159676842-processed-gene-0.0-mRNA-1 3905956
.13 augustus_masked-159676842-processed-gene-0.0-mRNA-1 2547412
.05 augustus_masked-159676842-processed-gene-0.0-mRNA-1 1067461
.38 augustus_masked-159456358-processed-gene-0.0-mRNA-1 2495408
.35 augustus_masked-159456358-processed-gene-0.0-mRNA-1 11569008
.27 augustus_masked-159456358-processed-gene-0.0-mRNA-1 11563674
.29 augustus_masked-159456358-processed-gene-0.0-mRNA-1 11556806
.75 augustus_masked-148817660-processed-gene-0.0-mRNA-1 1631748
.12 augustus_masked-148817660-processed-gene-0.0-mRNA-1 7617912
.15 augustus_masked-148817660-processed-gene-0.0-mRNA-1 5967098
.12 augustus_masked-148817660-processed-gene-0.0-mRNA-1 8782050
.15 augustus_masked-148817660-processed-gene-0.0-mRNA-1 6083208
.57 augustus_masked-10930138-processed-gene-0.0-mRNA-1 11545791
.35 augustus_masked-10930138-processed-gene-0.0-mRNA-1 3270558
.99 snap_masked-168576875-processed-gene-0.62-mRNA-1 2905846
.17 snap_masked-168571939-processed-gene-1.52-mRNA-1 4617963
.23 snap_masked-168571939-processed-gene-1.52-mRNA-1 11551030
.36 snap_masked-168543319-processed-gene-0.34-mRNA-1 11546004
.23 snap_masked-168543319-processed-gene-0.34-mRNA-1 11546004
.17 snap_masked-168524305-processed-gene-0.4-mRNA-1 11633154
.40 snap_masked-168524305-processed-gene-0.4-mRNA-1 1693505
.42 snap_masked-168349398-processed-gene-0.14-mRNA-1 2943996
.34 snap_masked-168349398-processed-gene-0.14-mRNA-1 4535993
.33 snap_masked-168349398-processed-gene-0.14-mRNA-1 7276682
.26 snap_masked-168349398-processed-gene-0.14-mRNA-1 100029
.32 snap_masked-168349398-processed-gene-0.14-mRNA-1 11546963
.53 snap_masked-168288672-processed-gene-0.9-mRNA-1 4098670
.49 snap_masked-168288672-processed-gene-0.9-mRNA-1 1262792
.43 snap_masked-168288672-processed-gene-0.9-mRNA-1 2621814
.36 snap_masked-168288672-processed-gene-0.9-mRNA-1 7352757
.35 snap_masked-168288672-processed-gene-0.9-mRNA-1 11548103
.98 snap_masked-168265652-processed-gene-0.15-mRNA-1 11710216
.83 snap_masked-168080830-processed-gene-0.7-mRNA-1 11710214
.06 snap_masked-168080830-processed-gene-0.7-mRNA-1 7898768
.29 snap_masked-167945410-processed-gene-0.34-mRNA-1 11551377
.02 snap_masked-167945410-processed-gene-0.34-mRNA-1 11551376
.38 snap_masked-167819716-processed-gene-0.7-mRNA-1 2379968
.60 snap_masked-167819716-processed-gene-0.7-mRNA-1 11554792
.42 snap_masked-166714562-processed-gene-0.2-mRNA-1 11554637
.54 snap_masked-166714562-processed-gene-0.2-mRNA-1 11554637
.21 snap_masked-163629768-processed-gene-0.2-mRNA-1 11577518
.28 snap_masked-163629768-processed-gene-0.2-mRNA-1 11577518
.27 maker-168575187-snap-gene-0.11-mRNA-2 11556382
.11 maker-168575187-snap-gene-0.11-mRNA-2 4294427
.01 maker-168575187-snap-gene-0.11-mRNA-2 4578279
.19 maker-168574284-snap-gene-0.62-mRNA-1 2792935
.47 maker-168574284-snap-gene-0.62-mRNA-1 487525
.75 maker-168571094-snap-gene-0.30-mRNA-1 11710127
.12 maker-168571094-snap-gene-0.30-mRNA-1 4165525
.18 maker-168563127-snap-gene-0.52-mRNA-1 4455962
.17 maker-168563127-snap-gene-0.52-mRNA-1 2334349
.25 maker-168562378-augustus-gene-0.66-mRNA-1 2620293
.73 maker-168562378-augustus-gene-0.66-mRNA-1 11710170
.72 maker-168560154-snap-gene-0.140-mRNA-1 11710116
.08 maker-168560154-snap-gene-0.140-mRNA-1 5827350
.38 maker-168546976-snap-gene-0.54-mRNA-1 11549978
.28 maker-168546976-snap-gene-0.54-mRNA-1 11567425
.41 maker-168536042-snap-gene-0.9-mRNA-1 11557502
.26 maker-168536042-snap-gene-0.9-mRNA-1 11557781
.76 maker-168531405-snap-gene-0.73-mRNA-2 11710218
.12 maker-168531405-snap-gene-0.73-mRNA-2 5360156
.25 maker-168525408-augustus-gene-0.44-mRNA-1 11596778
.60 maker-168525408-augustus-gene-0.44-mRNA-1 11545128
.34 maker-168499567-augustus-gene-0.25-mRNA-1 3404948
.29 maker-168499567-augustus-gene-0.25-mRNA-1 5952615
.40 maker-168496243-augustus-gene-0.17-mRNA-1 11710115
.53 maker-168472909-augustus-gene-0.5-mRNA-1 11547923
.38 maker-168472909-augustus-gene-0.5-mRNA-1 11710184
.18 maker-168465861-augustus-gene-0.18-mRNA-1 4638626
.15 maker-168465861-augustus-gene-0.18-mRNA-1 514598
.51 maker-168447144-snap-gene-0.59-mRNA-1 11710177
.36 maker-168447144-snap-gene-0.59-mRNA-1 11559725
.69 maker-168441811-augustus-gene-0.59-mRNA-2 11710213
.15 maker-168441811-augustus-gene-0.59-mRNA-2 11545499
.98 maker-168440884-snap-gene-0.29-mRNA-1 11710220
