.74 maker-168560278-augustus-gene-0.66-mRNA-1 8346044
.41 maker-168560119-augustus-gene-0.63-mRNA-3 8346150
.11 maker-168560119-augustus-gene-0.63-mRNA-3 8227771
.18 maker-168559840-snap-gene-0.10-mRNA-1 3815418
.59 maker-168559840-snap-gene-0.10-mRNA-1 8229238
.30 maker-168559362-augustus-gene-0.38-mRNA-1 1761981
.11 maker-168559362-augustus-gene-0.38-mRNA-1 2493613
.79 maker-168558210-augustus-gene-0.43-mRNA-2 8346018
.80 maker-168558210-augustus-gene-0.43-mRNA-1 8346018
.24 maker-168557103-snap-gene-0.52-mRNA-1 4726465
.40 maker-168557103-snap-gene-0.52-mRNA-1 3162137
.28 maker-168556527-augustus-gene-0.58-mRNA-1 1496137
.66 maker-168556527-augustus-gene-0.58-mRNA-1 8346039
.26 maker-168555210-snap-gene-0.26-mRNA-1 1475014
.73 maker-168555210-snap-gene-0.26-mRNA-1 8235812
.17 maker-168554558-augustus-gene-1.79-mRNA-1 5012400
.23 maker-168554558-augustus-gene-1.79-mRNA-1 8273953
.57 maker-168553743-snap-gene-0.52-mRNA-1 8235005
.32 maker-168553743-snap-gene-0.52-mRNA-1 2058090
.33 maker-168553490-augustus-gene-1.91-mRNA-1 8258027
.15 maker-168553490-augustus-gene-1.91-mRNA-1 8231206
.25 maker-168551978-augustus-gene-0.66-mRNA-1 8233086
.24 maker-168551978-augustus-gene-0.66-mRNA-1 8346078
.63 maker-168551642-snap-gene-0.76-mRNA-1 8346144
.09 maker-168551642-snap-gene-0.76-mRNA-1 2559848
.81 maker-168551506-augustus-gene-0.32-mRNA-1 8346141
.03 maker-168551506-augustus-gene-0.32-mRNA-1 3068223
.02 maker-168551506-augustus-gene-0.32-mRNA-1 2982643
.36 maker-168551495-augustus-gene-0.6-mRNA-1 1794888
.63 maker-168551495-augustus-gene-0.6-mRNA-1 1794872
.31 maker-168550874-augustus-gene-0.47-mRNA-1 8346100
.20 maker-168550874-augustus-gene-0.47-mRNA-1 8230947
.48 maker-168550790-augustus-gene-0.96-mRNA-1 8236298
.36 maker-168550790-augustus-gene-0.96-mRNA-1 8235078
.32 maker-168550415-augustus-gene-0.24-mRNA-1 2526055
.14 maker-168550415-augustus-gene-0.24-mRNA-1 2393976
.99 maker-168549679-snap-gene-1.80-mRNA-1 8346137
.78 maker-168549628-augustus-gene-0.56-mRNA-1 8346112
.10 maker-168549628-augustus-gene-0.56-mRNA-1 4115416
.13 maker-168549226-snap-gene-0.17-mRNA-1 3100278
.56 maker-168549226-snap-gene-0.17-mRNA-1 2866618
.13 maker-168549175-snap-gene-1.79-mRNA-1 8232355
.71 maker-168549175-snap-gene-1.79-mRNA-1 8346111
.93 maker-168549175-augustus-gene-1.75-mRNA-1 8346143
.69 maker-168549158-snap-gene-0.34-mRNA-1 8227558
.16 maker-168549158-snap-gene-0.34-mRNA-1 6205026
.35 maker-168549120-augustus-gene-0.25-mRNA-1 8230853
.20 maker-168549120-augustus-gene-0.25-mRNA-1 8230048
.12 maker-168549120-augustus-gene-0.25-mRNA-1 3131731
.29 maker-168548872-augustus-gene-0.12-mRNA-1 8259472
.21 maker-168548872-augustus-gene-0.12-mRNA-1 8235584
.10 maker-168548872-augustus-gene-0.12-mRNA-1 821612
.07 maker-168548872-augustus-gene-0.12-mRNA-1 1387739
.34 maker-168548732-augustus-gene-0.32-mRNA-1 8346145
.26 maker-168548732-augustus-gene-0.32-mRNA-1 8346145
.93 maker-168548481-augustus-gene-0.57-mRNA-1 8346051
.06 maker-168548481-augustus-gene-0.57-mRNA-1 4528316
.09 maker-168547954-snap-gene-0.43-mRNA-1 752144
.67 maker-168547954-snap-gene-0.43-mRNA-1 8346029
.68 maker-168547007-augustus-gene-0.47-mRNA-1 8346103
.22 maker-168547007-augustus-gene-0.47-mRNA-1 2392673
.34 maker-168546712-snap-gene-0.82-mRNA-1 2393560
.64 maker-168546712-snap-gene-0.82-mRNA-1 8228059
.36 maker-168546630-snap-gene-0.89-mRNA-1 8246666
.62 maker-168546630-snap-gene-0.89-mRNA-1 8346119
.80 maker-168545471-snap-gene-0.16-mRNA-1 8346084
.14 maker-168545471-snap-gene-0.16-mRNA-1 2756117
.60 maker-168543292-augustus-gene-0.62-mRNA-1 8235079
.24 maker-168543292-augustus-gene-0.62-mRNA-1 8233964
.44 maker-168542515-augustus-gene-0.74-mRNA-1 8250883
.39 maker-168542515-augustus-gene-0.74-mRNA-1 8237463
.35 maker-168540088-augustus-gene-0.99-mRNA-1 8230474
.19 maker-168540088-augustus-gene-0.99-mRNA-1 2834744
.62 maker-168539715-augustus-gene-0.23-mRNA-1 8346082
.10 maker-168539715-augustus-gene-0.23-mRNA-1 1858818
.77 maker-168536809-augustus-gene-0.133-mRNA-1 8346067
.30 maker-168535674-augustus-gene-0.17-mRNA-1 8235760
.24 maker-168535674-augustus-gene-0.17-mRNA-1 8237924
.27 maker-168535674-augustus-gene-0.17-mRNA-1 2131620
.36 maker-168534808-augustus-gene-0.27-mRNA-1 8250307
.27 maker-168534808-augustus-gene-0.27-mRNA-1 3685886
.19 maker-168534808-augustus-gene-0.27-mRNA-1 8255426
.20 maker-168532888-augustus-gene-0.7-mRNA-1 8230545
.68 maker-168532888-augustus-gene-0.7-mRNA-1 8230546
.44 maker-168532637-augustus-gene-0.21-mRNA-1 8346106
.16 maker-168532637-augustus-gene-0.21-mRNA-1 1621902
.69 maker-168532613-snap-gene-0.57-mRNA-1 8346022
.18 maker-168532613-snap-gene-0.57-mRNA-1 407248
.99 maker-168532102-snap-gene-0.37-mRNA-1 8346151
.85 maker-168531075-augustus-gene-0.31-mRNA-1 8228635
.13 maker-168531075-augustus-gene-0.31-mRNA-1 8242162
.09 maker-168529276-augustus-gene-0.27-mRNA-1 3722673
.09 maker-168529276-augustus-gene-0.27-mRNA-1 3168655
.01 maker-168529276-augustus-gene-0.27-mRNA-1 2281911
.60 maker-168528878-snap-gene-0.109-mRNA-1 8346139
.01 maker-168528878-snap-gene-0.109-mRNA-1 8229958
.01 maker-168528878-snap-gene-0.109-mRNA-1 3436166
.41 maker-168526797-augustus-gene-0.50-mRNA-1 8228023
.18 maker-168526797-augustus-gene-0.50-mRNA-1 589526
.15 maker-168526797-augustus-gene-0.50-mRNA-1 1048854
.11 maker-168526287-augustus-gene-0.62-mRNA-1 269705
.06 maker-168526287-augustus-gene-0.62-mRNA-1 8229360
.07 maker-168526287-augustus-gene-0.62-mRNA-1 8229361
.63 maker-168526040-snap-gene-0.108-mRNA-1 8346021
.04 maker-168526040-snap-gene-0.108-mRNA-1 1786104
.02 maker-168526040-snap-gene-0.108-mRNA-1 3398935
.11 maker-168524460-augustus-gene-0.16-mRNA-1 8230654
.87 maker-168524460-augustus-gene-0.16-mRNA-1 8346079
.09 maker-168524101-snap-gene-0.19-mRNA-1 1428288
.89 maker-168524101-snap-gene-0.19-mRNA-1 8346030
.17 maker-168521523-snap-gene-0.46-mRNA-1 8243387
.64 maker-168521523-snap-gene-0.46-mRNA-1 8346081
.72 maker-168521416-snap-gene-0.8-mRNA-1 8346059
.07 maker-168521416-snap-gene-0.8-mRNA-1 8248358
.55 maker-168519129-snap-gene-0.28-mRNA-1 8346085
.46 maker-168517650-augustus-gene-0.11-mRNA-1 8230158
.30 maker-168517650-augustus-gene-0.11-mRNA-1 3523845
.26 maker-168517650-augustus-gene-0.11-mRNA-1 3662850
.03 maker-168517650-augustus-gene-0.11-mRNA-1 2613797
.79 maker-168516900-augustus-gene-0.98-mRNA-1 8346037
.39 maker-168515093-augustus-gene-0.26-mRNA-1 8262013
.26 maker-168515093-augustus-gene-0.26-mRNA-1 8234261
.51 maker-168514525-augustus-gene-0.13-mRNA-1 8346031
.14 maker-168514525-augustus-gene-0.13-mRNA-1 1477566
.13 maker-168514525-augustus-gene-0.13-mRNA-1 1538225
.12 maker-168514525-augustus-gene-0.13-mRNA-1 8229443
.07 maker-168514404-snap-gene-0.56-mRNA-1 8203250
.79 maker-168514404-snap-gene-0.56-mRNA-1 8346076
.89 maker-168509969-snap-gene-0.37-mRNA-1 8346133
.04 maker-168509969-snap-gene-0.37-mRNA-1 3349208
.15 maker-168508455-augustus-gene-0.34-mRNA-1 8230650
.18 maker-168508455-augustus-gene-0.34-mRNA-1 2300569
.16 maker-168508034-snap-gene-0.14-mRNA-1 8253464
.83 maker-168508034-snap-gene-0.14-mRNA-1 8346132
.09 maker-168507778-snap-gene-0.23-mRNA-1 1821301
.25 maker-168507778-snap-gene-0.23-mRNA-1 1821301
.77 maker-168506658-snap-gene-0.116-mRNA-1 8346093
.84 maker-168505274-augustus-gene-2.79-mRNA-1 2216527
.48 maker-168504777-snap-gene-0.16-mRNA-1 8241901
.29 maker-168504777-snap-gene-0.16-mRNA-1 8237025
.16 maker-168504777-snap-gene-0.16-mRNA-1 2709182
.30 maker-168504591-augustus-gene-0.85-mRNA-1 8256825
.28 maker-168504591-augustus-gene-0.85-mRNA-1 8298701
.34 maker-168504088-augustus-gene-0.16-mRNA-1 8234740
.30 maker-168504088-augustus-gene-0.16-mRNA-1 8234740
.27 maker-168503298-snap-gene-0.31-mRNA-1 3109271
.42 maker-168503298-snap-gene-0.31-mRNA-1 8346124
.49 maker-168503205-augustus-gene-0.11-mRNA-1 8228675
.43 maker-168503205-augustus-gene-0.11-mRNA-1 8228300
.38 maker-168502823-augustus-gene-0.16-mRNA-1 8230029
.44 maker-168500979-augustus-gene-0.24-mRNA-1 8232696
.17 maker-168500979-augustus-gene-0.24-mRNA-1 790531
.82 maker-168500479-snap-gene-0.23-mRNA-1 8346097
.17 maker-168500479-snap-gene-0.23-mRNA-1 8228511
.53 maker-168500386-augustus-gene-3.122-mRNA-1 8228147
.06 maker-168500386-augustus-gene-3.122-mRNA-1 1752050
.21 maker-168499318-augustus-gene-0.48-mRNA-1 8227592
.15 maker-168499318-augustus-gene-0.48-mRNA-1 4118914
.39 maker-168498695-snap-gene-0.55-mRNA-1 8228942
.29 maker-168498410-augustus-gene-0.125-mRNA-1 8237519
.17 maker-168497403-snap-gene-1.98-mRNA-2 8234860
.82 maker-168497403-snap-gene-1.98-mRNA-2 8346120
.59 maker-168494842-snap-gene-0.97-mRNA-1 8227464
.14 maker-168494842-snap-gene-0.97-mRNA-1 2406130
.45 maker-168494441-snap-gene-0.4-mRNA-1 1715441
.54 maker-168494441-snap-gene-0.4-mRNA-1 8346063
.78 maker-168493679-augustus-gene-0.14-mRNA-3 8346130
.29 maker-168492031-augustus-gene-0.45-mRNA-1 8229043
.18 maker-168492031-augustus-gene-0.45-mRNA-1 8248941
.16 maker-168492031-augustus-gene-0.45-mRNA-1 4056217
.44 maker-168489583-augustus-gene-0.69-mRNA-1 8238874
.74 maker-168488996-augustus-gene-0.61-mRNA-1 8346069
.11 maker-168488996-augustus-gene-0.61-mRNA-1 2190934
.11 maker-168488996-augustus-gene-0.61-mRNA-1 5161078
.17 maker-168486364-snap-gene-0.5-mRNA-1 1039565
.35 maker-168486364-snap-gene-0.5-mRNA-1 8228198
.62 maker-168485324-augustus-gene-0.82-mRNA-1 8346036
.20 maker-168485324-augustus-gene-0.82-mRNA-1 8253574
.18 maker-168484983-snap-gene-0.32-mRNA-1 1868579
.21 maker-168484983-snap-gene-0.32-mRNA-1 1954525
.33 maker-168482475-snap-gene-0.17-mRNA-1 8234347
.12 maker-168482475-snap-gene-0.17-mRNA-1 1931866
.99 maker-168481243-snap-gene-0.9-mRNA-1 8346154
.28 maker-168481144-snap-gene-0.85-mRNA-1 8252622
.78 maker-168479037-snap-gene-0.67-mRNA-1 8346127
.36 maker-168478330-snap-gene-1.84-mRNA-1 8346138
.25 maker-168478330-snap-gene-1.84-mRNA-1 8346138
.13 maker-168478330-snap-gene-1.84-mRNA-1 3975020
.36 maker-168477198-snap-gene-0.12-mRNA-1 8230225
.21 maker-168477198-snap-gene-0.12-mRNA-1 3334791
.30 maker-168476215-snap-gene-0.116-mRNA-2 8233043
.11 maker-168476215-snap-gene-0.116-mRNA-2 1126708
.86 maker-168475172-snap-gene-0.9-mRNA-1 8346025
.06 maker-168475172-snap-gene-0.9-mRNA-1 3456324
.05 maker-168475172-snap-gene-0.9-mRNA-1 2671737
.05 maker-168475172-snap-gene-0.9-mRNA-1 4265805
.21 maker-168474833-snap-gene-0.5-mRNA-1 1393019
.14 maker-168474833-snap-gene-0.5-mRNA-1 1871320
.36 maker-168474668-augustus-gene-0.45-mRNA-1 8242362
.19 maker-168474668-augustus-gene-0.45-mRNA-1 2746868
.59 maker-168473566-augustus-gene-0.46-mRNA-1 8346147
.24 maker-168473566-augustus-gene-0.46-mRNA-1 8231367
.71 maker-168473475-snap-gene-0.15-mRNA-1 8346087
.58 maker-168472063-augustus-gene-0.61-mRNA-1 8233193
.25 maker-168471627-augustus-gene-0.34-mRNA-1 3503127
.25 maker-168471627-augustus-gene-0.34-mRNA-1 639671
.23 maker-168471627-augustus-gene-0.34-mRNA-1 5002148
.46 maker-168470218-snap-gene-1.64-mRNA-1 8346090
.19 maker-168470218-snap-gene-1.64-mRNA-1 1861707
.19 maker-168469723-augustus-gene-0.18-mRNA-1 8256673
.24 maker-168469723-augustus-gene-0.18-mRNA-1 2959124
.43 maker-168469401-augustus-gene-0.27-mRNA-1 8346113
.28 maker-168469401-augustus-gene-0.27-mRNA-1 2897037
.49 maker-168469074-snap-gene-0.43-mRNA-1 1585754
.46 maker-168469074-snap-gene-0.43-mRNA-1 8234721
.87 maker-168466654-snap-gene-0.65-mRNA-1 8229730
.06 maker-168466654-snap-gene-0.65-mRNA-1 5424573
.77 maker-168466464-augustus-gene-0.38-mRNA-1 8228845
.38 maker-168465876-snap-gene-0.21-mRNA-1 8228616
.20 maker-168465876-snap-gene-0.21-mRNA-1 8253109
.37 maker-168465107-snap-gene-0.84-mRNA-1 8346040
.21 maker-168465107-snap-gene-0.84-mRNA-1 8346040
.95 maker-168463517-augustus-gene-0.20-mRNA-1 8346148
.28 maker-168462639-augustus-gene-0.12-mRNA-1 8235213
.21 maker-168462639-augustus-gene-0.12-mRNA-1 3575305
.73 maker-168462173-augustus-gene-0.54-mRNA-1 8346055
.08 maker-168462173-augustus-gene-0.54-mRNA-1 2090473
.23 maker-168460295-augustus-gene-0.18-mRNA-2 8229949
.20 maker-168460295-augustus-gene-0.18-mRNA-2 1349453
.16 maker-168460295-augustus-gene-0.18-mRNA-2 8302858
.13 maker-168459549-snap-gene-0.49-mRNA-2 8229338
.10 maker-168459549-snap-gene-0.49-mRNA-2 1409300
.60 maker-168459523-snap-gene-1.75-mRNA-1 8346047
.39 maker-168459523-snap-gene-1.75-mRNA-1 869172
.50 maker-168459523-augustus-gene-0.40-mRNA-1 8346117
.20 maker-168459523-augustus-gene-0.40-mRNA-1 8239396
.34 maker-168457391-snap-gene-0.43-mRNA-1 8239490
.42 maker-168457391-snap-gene-0.43-mRNA-1 8232328
.31 maker-168457142-augustus-gene-0.37-mRNA-1 1687285
.21 maker-168457142-augustus-gene-0.37-mRNA-1 843641
.16 maker-168457142-augustus-gene-0.37-mRNA-1 8340456
.14 maker-168457142-augustus-gene-0.37-mRNA-1 2500925
.13 maker-168457142-augustus-gene-0.37-mRNA-1 3466243
.26 maker-168456315-snap-gene-0.32-mRNA-1 4824123
.58 maker-168456315-snap-gene-0.32-mRNA-1 8230079
.69 maker-168455746-augustus-gene-0.21-mRNA-1 8346153
.30 maker-168455746-augustus-gene-0.21-mRNA-1 8346153
.22 maker-168455722-augustus-gene-0.79-mRNA-1 10255
.24 maker-168455722-augustus-gene-0.79-mRNA-1 8227342
.31 maker-168455701-augustus-gene-0.41-mRNA-1 8227356
.42 maker-168455701-augustus-gene-0.41-mRNA-1 8346136
.21 maker-168455701-augustus-gene-0.41-mRNA-1 8233276
.84 maker-168453265-snap-gene-0.7-mRNA-1 8227365
.48 maker-168452061-snap-gene-0.12-mRNA-1 8266001
.24 maker-168450911-snap-gene-0.6-mRNA-1 813645
.24 maker-168450844-snap-gene-0.45-mRNA-1 8239561
.28 maker-168450844-snap-gene-0.45-mRNA-1 8239562
.34 maker-168450214-augustus-gene-0.96-mRNA-1 8229146
.20 maker-168450214-augustus-gene-0.96-mRNA-1 3264210
.22 maker-168449902-snap-gene-0.9-mRNA-1 8242103
.15 maker-168449902-snap-gene-0.9-mRNA-1 8276259
.13 maker-168448714-augustus-gene-0.5-mRNA-1 8230799
.24 maker-168448714-augustus-gene-0.5-mRNA-1 603221
.26 maker-168447716-augustus-gene-0.16-mRNA-1 8231999
.24 maker-168447716-augustus-gene-0.16-mRNA-1 8228221
.18 maker-168447716-augustus-gene-0.16-mRNA-1 8232000
.74 maker-168446536-augustus-gene-0.75-mRNA-2 8346131
.17 maker-168446536-augustus-gene-0.75-mRNA-2 8236286
.77 maker-168446536-augustus-gene-0.75-mRNA-1 8346131
.15 maker-168446536-augustus-gene-0.75-mRNA-1 8236286
.72 maker-168446160-snap-gene-0.93-mRNA-1 8346019
.19 maker-168446160-snap-gene-0.93-mRNA-1 8233316
.96 maker-168445211-augustus-gene-0.50-mRNA-1 8346089
.80 maker-168444997-augustus-gene-0.96-mRNA-1 8346142
.16 maker-168444997-augustus-gene-0.96-mRNA-1 2232717
.50 maker-168444917-augustus-gene-0.4-mRNA-1 8346083
.24 maker-168444917-augustus-gene-0.4-mRNA-1 8228704
.22 maker-168442939-snap-gene-0.56-mRNA-1 8247882
.22 maker-168442939-snap-gene-0.56-mRNA-1 8262532
.49 maker-168440195-snap-gene-0.5-mRNA-1 873176
.16 maker-168440195-snap-gene-0.5-mRNA-1 5549704
.45 maker-168438608-augustus-gene-0.15-mRNA-1 8346094
.23 maker-168438608-augustus-gene-0.15-mRNA-1 8232212
.57 maker-168438411-snap-gene-0.37-mRNA-1 8346043
.26 maker-168438411-snap-gene-0.37-mRNA-1 8239348
.36 maker-168438397-snap-gene-0.98-mRNA-1 8230222
.21 maker-168438397-snap-gene-0.98-mRNA-1 8254683
.55 maker-168435172-snap-gene-0.55-mRNA-1 8232259
.11 maker-168435172-snap-gene-0.55-mRNA-1 6635893
.80 maker-168434530-augustus-gene-0.4-mRNA-1 8228683
.25 maker-168434496-snap-gene-0.28-mRNA-1 795127
.30 maker-168433671-augustus-gene-0.5-mRNA-1 1941131
.26 maker-168433671-augustus-gene-0.5-mRNA-1 1941123
.46 maker-168433290-snap-gene-0.91-mRNA-1 8346062
.13 maker-168433290-snap-gene-0.91-mRNA-1 8237704
.02 maker-168433290-snap-gene-0.91-mRNA-1 8231046
.20 maker-168432683-augustus-gene-0.84-mRNA-1 2196525
.56 maker-168432683-augustus-gene-0.84-mRNA-1 2849045
.47 maker-168432420-snap-gene-0.82-mRNA-1 8240532
.17 maker-168432420-snap-gene-0.82-mRNA-1 7112635
.90 maker-168432082-snap-gene-0.31-mRNA-1 8346129
.06 maker-168432082-snap-gene-0.31-mRNA-1 1653347
.46 maker-168431522-augustus-gene-0.21-mRNA-1 8346114
.16 maker-168431522-augustus-gene-0.21-mRNA-1 8246053
.80 maker-168430821-snap-gene-0.7-mRNA-1 8346098
.60 maker-168429642-snap-gene-0.47-mRNA-1 8238472
.18 maker-168429642-snap-gene-0.47-mRNA-1 8230522
.86 maker-168429614-augustus-gene-0.31-mRNA-1 8346065
.56 maker-168429307-snap-gene-0.27-mRNA-1 8346134
.11 maker-168429307-snap-gene-0.27-mRNA-1 8240012
.12 maker-168429307-snap-gene-0.27-mRNA-1 2122575
.26 maker-168425879-snap-gene-0.36-mRNA-1 8235902
.22 maker-168425879-snap-gene-0.36-mRNA-1 8233883
.20 maker-168425879-snap-gene-0.36-mRNA-1 8242104
.72 maker-168425634-augustus-gene-0.37-mRNA-1 8230680
.35 maker-168420106-augustus-gene-0.8-mRNA-1 2859237
.25 maker-168420106-augustus-gene-0.8-mRNA-1 6994883
.23 maker-168420106-augustus-gene-0.8-mRNA-1 2812784
.62 maker-168417108-snap-gene-0.16-mRNA-1 8346108
.36 maker-168417108-snap-gene-0.16-mRNA-1 8229084
.92 maker-168409494-augustus-gene-0.9-mRNA-1 8346118
.07 maker-168409494-augustus-gene-0.9-mRNA-1 3783568
.80 maker-168408517-snap-gene-0.13-mRNA-1 8232167
.60 maker-168407645-augustus-gene-0.33-mRNA-2 8346157
.28 maker-168407645-augustus-gene-0.33-mRNA-2 8241432
.20 maker-168406486-augustus-gene-0.50-mRNA-1 8235915
.79 maker-168406486-augustus-gene-0.50-mRNA-1 8346032
.06 maker-168406115-augustus-gene-0.9-mRNA-3 8233319
.33 maker-168406115-augustus-gene-0.9-mRNA-3 8229336
.68 maker-168403888-augustus-gene-0.4-mRNA-1 8229226
.69 maker-168403140-augustus-gene-0.41-mRNA-1 8346026
.57 maker-168400262-snap-gene-0.12-mRNA-1 1619077
.22 maker-168400262-snap-gene-0.12-mRNA-1 5881460
.33 maker-168399500-augustus-gene-0.8-mRNA-1 8239258
.29 maker-168399500-augustus-gene-0.8-mRNA-1 8261843
.78 maker-168398871-augustus-gene-0.21-mRNA-1 8346155
.11 maker-168398871-augustus-gene-0.21-mRNA-1 2503378
.09 maker-168398871-augustus-gene-0.21-mRNA-1 3995191
.08 maker-168398871-augustus-gene-0.21-mRNA-1 3681912
.08 maker-168398871-augustus-gene-0.21-mRNA-1 2551527
.62 maker-168396546-augustus-gene-0.7-mRNA-1 8346092
.04 maker-168396546-augustus-gene-0.7-mRNA-1 8236553
.26 maker-168394294-snap-gene-0.50-mRNA-1 8227935
.22 maker-168394294-snap-gene-0.50-mRNA-1 1296884
.48 maker-168393127-snap-gene-0.30-mRNA-1 8247451
.21 maker-168393127-snap-gene-0.30-mRNA-1 3347651
.39 maker-168392243-augustus-gene-0.6-mRNA-1 4060434
.23 maker-168392243-augustus-gene-0.6-mRNA-1 1593335
.21 maker-168392243-augustus-gene-0.6-mRNA-1 4131268
.23 maker-168392243-augustus-gene-0.6-mRNA-1 3223235
.21 maker-168392243-augustus-gene-0.6-mRNA-1 1599935
.70 maker-168392238-augustus-gene-0.20-mRNA-1 8234593
.52 maker-168388341-augustus-gene-0.54-mRNA-2 8346140
.25 maker-168388341-augustus-gene-0.54-mRNA-2 3077500
.72 maker-168385751-snap-gene-0.14-mRNA-1 8228910
.50 maker-168385712-snap-gene-0.52-mRNA-1 1962271
.47 maker-168385202-augustus-gene-1.97-mRNA-1 8346102
.15 maker-168385202-augustus-gene-1.97-mRNA-1 463728
.21 maker-168383854-augustus-gene-0.140-mRNA-1 2153707
.09 maker-168383854-augustus-gene-0.140-mRNA-1 8240495
.04 maker-168383854-augustus-gene-0.140-mRNA-1 2315302
.12 maker-168377168-augustus-gene-0.101-mRNA-1 8230236
.16 maker-168377168-augustus-gene-0.101-mRNA-1 8232947
.12 maker-168376499-snap-gene-0.75-mRNA-1 3701085
.87 maker-168376499-snap-gene-0.75-mRNA-1 8232351
.30 maker-168370058-augustus-gene-0.29-mRNA-1 8232883
.15 maker-168369787-augustus-gene-0.14-mRNA-1 2999190
.80 maker-168369787-augustus-gene-0.14-mRNA-1 8346123
.74 maker-168365624-augustus-gene-0.25-mRNA-1 8241290
.22 maker-168365624-augustus-gene-0.25-mRNA-1 2898258
.51 maker-168364943-augustus-gene-0.4-mRNA-1 8243724
.04 maker-168364943-augustus-gene-0.4-mRNA-1 8253390
.53 maker-168364863-snap-gene-0.8-mRNA-1 8235035
.27 maker-168364863-snap-gene-0.8-mRNA-1 2227420
.98 maker-168364244-snap-gene-0.49-mRNA-1 1631883
.24 maker-168356648-augustus-gene-1.72-mRNA-3 8346146
.26 maker-168356648-augustus-gene-1.72-mRNA-3 8236963
.99 maker-168356447-augustus-gene-0.141-mRNA-1 8346058
.59 maker-168355490-snap-gene-0.28-mRNA-1 1781366
.07 maker-168355490-snap-gene-0.28-mRNA-1 8246368
.78 maker-168354690-augustus-gene-0.21-mRNA-1 8346048
.12 maker-168354690-augustus-gene-0.21-mRNA-1 8234515
.11 maker-168354690-augustus-gene-0.21-mRNA-1 8234516
.26 maker-168352781-augustus-gene-0.41-mRNA-1 2738216
.10 maker-168352781-augustus-gene-0.41-mRNA-1 4064597
.74 maker-168350479-augustus-gene-0.43-mRNA-1 8229833
.09 maker-168350479-augustus-gene-0.43-mRNA-1 5056159
.19 maker-168347580-augustus-gene-0.34-mRNA-1 8245687
.05 maker-168347580-augustus-gene-0.34-mRNA-1 2688759
.04 maker-168347580-augustus-gene-0.34-mRNA-1 8232793
.31 maker-168347411-snap-gene-0.21-mRNA-1 2091576
.10 maker-168347411-snap-gene-0.21-mRNA-1 1565378
.83 maker-168344349-augustus-gene-0.68-mRNA-1 8346149
.13 maker-168344349-augustus-gene-0.68-mRNA-1 1559188
.82 maker-168343356-snap-gene-0.25-mRNA-2 8346152
.09 maker-168343356-snap-gene-0.25-mRNA-2 8229948
.79 maker-168343356-snap-gene-0.25-mRNA-1 8346152
.09 maker-168343356-snap-gene-0.25-mRNA-1 8229948
.65 maker-168343219-snap-gene-0.16-mRNA-1 8346077
.20 maker-168343219-snap-gene-0.16-mRNA-1 8257507
.73 maker-168341737-augustus-gene-0.33-mRNA-1 8346060
.92 maker-168341485-augustus-gene-1.75-mRNA-1 8346156
