.99 maker-168340591-augustus-gene-0.27-mRNA-1 6294100
.68 maker-168338572-augustus-gene-0.35-mRNA-1 6294123
.08 maker-168338572-augustus-gene-0.35-mRNA-1 6201442
.08 maker-168337421-snap-gene-0.34-mRNA-1 3414524
.91 maker-168337421-snap-gene-0.34-mRNA-1 6294132
.97 maker-168337298-augustus-gene-0.120-mRNA-1 6294112
.26 maker-168335020-snap-gene-0.84-mRNA-1 1244618
.40 maker-168335020-snap-gene-0.84-mRNA-1 1244607
.15 maker-168334701-augustus-gene-0.20-mRNA-1 4296336
.99 maker-168332662-augustus-gene-0.81-mRNA-1 6293936
.37 maker-168331821-snap-gene-0.64-mRNA-1 1351679
.36 maker-168331821-snap-gene-0.64-mRNA-1 6293883
.37 maker-168331821-snap-gene-0.64-mRNA-1 2519284
.77 maker-168331722-snap-gene-0.31-mRNA-1 6294069
.14 maker-168331722-snap-gene-0.31-mRNA-1 6206011
.55 maker-168331454-snap-gene-0.5-mRNA-1 6199308
.11 maker-168331454-snap-gene-0.5-mRNA-1 5037818
.99 maker-168328551-augustus-gene-0.25-mRNA-1 6293864
.99 maker-168328223-snap-gene-1.56-mRNA-2 6293834
.18 maker-168328223-snap-gene-0.59-mRNA-1 3631443
.21 maker-168327657-augustus-gene-0.10-mRNA-1 6209156
.18 maker-168327657-augustus-gene-0.10-mRNA-1 6215825
.60 maker-168327619-snap-gene-0.32-mRNA-1 6294001
.60 maker-168327601-augustus-gene-0.15-mRNA-1 6293780
.11 maker-168327546-augustus-gene-0.25-mRNA-1 6199644
.71 maker-168327546-augustus-gene-0.25-mRNA-1 6197227
.24 maker-168327093-snap-gene-0.26-mRNA-1 6236836
.69 maker-168327093-snap-gene-0.26-mRNA-1 6293877
.99 maker-168326893-augustus-gene-0.19-mRNA-1 6294092
.08 maker-168326822-snap-gene-0.65-mRNA-1 1374981
.76 maker-168326822-snap-gene-0.65-mRNA-1 6293794
.39 maker-168326283-snap-gene-0.12-mRNA-2 6294108
.31 maker-168326283-snap-gene-0.12-mRNA-2 6199462
.05 maker-168326283-snap-gene-0.12-mRNA-2 6199462
.57 maker-168326283-snap-gene-0.12-mRNA-1 6294108
.21 maker-168326283-snap-gene-0.12-mRNA-1 6199462
.03 maker-168326283-snap-gene-0.12-mRNA-1 6199462
.49 maker-168326142-snap-gene-0.14-mRNA-1 6293884
.23 maker-168325183-snap-gene-0.13-mRNA-1 1143544
.18 maker-168325183-snap-gene-0.13-mRNA-1 6207757
.96 maker-168325181-snap-gene-0.20-mRNA-1 6294085
.86 maker-168324567-augustus-gene-0.11-mRNA-1 6293920
.59 maker-168322463-augustus-gene-1.91-mRNA-2 6294150
.19 maker-168322463-augustus-gene-1.91-mRNA-2 6219416
.37 maker-168320916-augustus-gene-0.121-mRNA-1 6294095
.36 maker-168320916-augustus-gene-0.121-mRNA-1 6294095
.55 maker-168319544-augustus-gene-0.89-mRNA-1 6294012
.22 maker-168319544-augustus-gene-0.89-mRNA-1 6204088
.22 maker-168317810-augustus-gene-0.60-mRNA-1 6204027
.24 maker-168317810-augustus-gene-0.60-mRNA-1 6197368
.14 maker-168315767-augustus-gene-0.49-mRNA-1 6199612
.97 maker-168315531-snap-gene-0.9-mRNA-1 6294051
.75 maker-168315356-augustus-gene-0.121-mRNA-1 6293907
.09 maker-168315356-augustus-gene-0.121-mRNA-1 4849815
.27 maker-168314396-snap-gene-0.47-mRNA-1 6293902
.99 maker-168312829-snap-gene-0.15-mRNA-1 6294067
.14 maker-168312401-augustus-gene-0.71-mRNA-2 6204945
.79 maker-168312401-augustus-gene-0.71-mRNA-2 6293843
.97 maker-168311171-snap-gene-0.31-mRNA-1 831664
.88 maker-168308598-augustus-gene-0.44-mRNA-1 806417
.06 maker-168308598-augustus-gene-0.44-mRNA-1 1814247
.26 maker-168307549-augustus-gene-0.69-mRNA-1 6200873
.36 maker-168307549-augustus-gene-0.69-mRNA-1 834361
.72 maker-168307523-snap-gene-0.7-mRNA-1 6197874
.21 maker-168307523-snap-gene-0.7-mRNA-1 6196542
.83 maker-168304794-augustus-gene-0.64-mRNA-1 6293966
.03 maker-168304794-augustus-gene-0.64-mRNA-1 2480018
.82 maker-168303765-snap-gene-0.71-mRNA-1 6293805
.15 maker-168302813-augustus-gene-0.34-mRNA-1 1570058
.10 maker-168302813-augustus-gene-0.34-mRNA-1 2020754
.09 maker-168302813-augustus-gene-0.34-mRNA-1 1101900
.99 maker-168301971-augustus-gene-0.26-mRNA-1 6293909
.12 maker-168301930-augustus-gene-0.59-mRNA-1 6198818
.87 maker-168301930-augustus-gene-0.59-mRNA-1 6294011
.48 maker-168301865-snap-gene-0.10-mRNA-1 6294101
.47 maker-168301865-snap-gene-0.10-mRNA-1 6294101
.51 maker-168301281-augustus-gene-0.15-mRNA-1 859176
.94 maker-168301172-augustus-gene-0.50-mRNA-1 6294097
.28 maker-168300799-augustus-gene-0.42-mRNA-1 6199973
.18 maker-168300799-augustus-gene-0.42-mRNA-1 2158486
.41 maker-168299829-snap-gene-0.8-mRNA-1 1371317
.22 maker-168299829-snap-gene-0.8-mRNA-1 1298420
.20 maker-168299829-snap-gene-0.8-mRNA-1 1025093
.20 maker-168299829-snap-gene-0.8-mRNA-1 2003526
.20 maker-168299829-snap-gene-0.8-mRNA-1 2400220
.30 maker-168299600-snap-gene-0.10-mRNA-1 2578861
.43 maker-168299600-snap-gene-0.10-mRNA-1 1734886
.60 maker-168299540-snap-gene-0.24-mRNA-1 6293820
.20 maker-168299540-snap-gene-0.24-mRNA-1 998379
.16 maker-168297610-snap-gene-0.21-mRNA-1 6198866
.15 maker-168297610-snap-gene-0.21-mRNA-1 851853
.99 maker-168296088-augustus-gene-0.12-mRNA-1 6294151
.45 maker-168295508-augustus-gene-0.43-mRNA-1 6197518
.28 maker-168294776-augustus-gene-0.15-mRNA-1 6201967
.33 maker-168294776-augustus-gene-0.15-mRNA-1 6202617
.70 maker-168294515-snap-gene-0.53-mRNA-1 6293967
.08 maker-168294515-snap-gene-0.53-mRNA-1 976559
.09 maker-168294515-snap-gene-0.53-mRNA-1 1841103
.85 maker-168292697-augustus-gene-0.31-mRNA-2 6294146
.60 maker-168291222-snap-gene-0.12-mRNA-1 6293812
.92 maker-168290923-augustus-gene-0.31-mRNA-1 6294149
.79 maker-168289174-snap-gene-0.24-mRNA-1 6293851
.14 maker-168289174-snap-gene-0.24-mRNA-1 1289713
.60 maker-168289133-snap-gene-0.9-mRNA-1 6293938
.17 maker-168289133-snap-gene-0.9-mRNA-1 113117
.28 maker-168288341-snap-gene-0.50-mRNA-1 6203407
.09 maker-168288341-snap-gene-0.50-mRNA-1 6197901
.03 maker-168288341-snap-gene-0.50-mRNA-1 885284
.14 maker-168287853-augustus-gene-0.49-mRNA-1 2188951
.73 maker-168287853-augustus-gene-0.49-mRNA-1 6293856
.99 maker-168287849-augustus-gene-0.44-mRNA-1 6294091
.78 maker-168286637-snap-gene-0.34-mRNA-1 6294147
.74 maker-168286459-snap-gene-0.54-mRNA-2 6294152
.04 maker-168286421-augustus-gene-0.46-mRNA-1 6293952
.91 maker-168286421-augustus-gene-0.46-mRNA-1 6293952
.29 maker-168286093-augustus-gene-0.78-mRNA-1 6198038
.36 maker-168285004-augustus-gene-0.124-mRNA-1 1155610
.14 maker-168285004-augustus-gene-0.124-mRNA-1 6196660
.99 maker-168284485-augustus-gene-0.35-mRNA-1 6293939
.98 maker-168283892-augustus-gene-0.85-mRNA-1 6294044
.86 maker-168278892-snap-gene-0.26-mRNA-1 6196616
.65 maker-168278439-augustus-gene-0.47-mRNA-1 6197032
.78 maker-168278289-augustus-gene-0.36-mRNA-1 6196921
.03 maker-168278289-augustus-gene-0.36-mRNA-1 468311
.91 maker-168277932-augustus-gene-0.31-mRNA-1 6294115
.57 maker-168277920-augustus-gene-0.5-mRNA-1 6294022
.25 maker-168277920-augustus-gene-0.5-mRNA-1 6199265
.29 maker-168276567-augustus-gene-0.6-mRNA-1 6215202
.19 maker-168276567-augustus-gene-0.6-mRNA-1 1415164
.45 maker-168276235-augustus-gene-0.54-mRNA-1 6293921
.13 maker-168275195-augustus-gene-0.33-mRNA-1 6201121
.09 maker-168275195-augustus-gene-0.33-mRNA-1 6275953
.70 maker-168273217-augustus-gene-0.43-mRNA-2 6294103
.13 maker-168273217-augustus-gene-0.43-mRNA-2 6200267
.53 maker-168272606-snap-gene-0.19-mRNA-1 6217841
.36 maker-168272606-snap-gene-0.19-mRNA-1 1142060
.99 maker-168271539-augustus-gene-0.58-mRNA-1 6294155
.66 maker-168268330-augustus-gene-0.4-mRNA-1 6196797
.24 maker-168268330-augustus-gene-0.4-mRNA-1 6197088
.29 maker-168267928-augustus-gene-0.69-mRNA-1 816408
.24 maker-168266441-snap-gene-1.113-mRNA-1 1913444
.04 maker-168266441-snap-gene-1.113-mRNA-1 6204268
.99 maker-168266213-snap-gene-0.25-mRNA-1 6294116
.23 maker-168263052-snap-gene-0.17-mRNA-1 6200697
.59 maker-168263052-snap-gene-0.17-mRNA-1 6200698
.71 maker-168262314-augustus-gene-0.6-mRNA-1 6293913
.09 maker-168262314-augustus-gene-0.6-mRNA-1 6215398
.41 maker-168261482-augustus-gene-0.6-mRNA-1 6293776
.26 maker-168261482-augustus-gene-0.6-mRNA-1 6197135
.94 maker-168260723-augustus-gene-0.19-mRNA-1 6293943
.72 maker-168257198-snap-gene-0.44-mRNA-1 6294105
.27 maker-168257198-snap-gene-0.44-mRNA-1 6206668
.41 maker-168256896-augustus-gene-0.21-mRNA-1 6293887
.58 maker-168255459-augustus-gene-0.40-mRNA-1 6207706
.33 maker-168255459-augustus-gene-0.40-mRNA-1 1259529
.02 maker-168255410-snap-gene-0.24-mRNA-1 754588
.02 maker-168255410-snap-gene-0.24-mRNA-1 944080
.31 maker-168254804-snap-gene-0.75-mRNA-1 6293991
.22 maker-168254804-snap-gene-0.75-mRNA-1 6199764
.99 maker-168254466-snap-gene-0.22-mRNA-1 6294113
.41 maker-168254404-snap-gene-0.7-mRNA-1 6209539
.22 maker-168254404-snap-gene-0.7-mRNA-1 6208471
.15 maker-168254404-snap-gene-0.7-mRNA-1 6197902
.70 maker-168253857-snap-gene-0.12-mRNA-1 6294093
.29 maker-168253857-snap-gene-0.12-mRNA-1 6213044
.77 maker-168253500-snap-gene-0.15-mRNA-1 6294000
.13 maker-168253500-snap-gene-0.15-mRNA-1 6196729
.56 maker-168253312-augustus-gene-0.31-mRNA-1 6294135
.13 maker-168253312-augustus-gene-0.31-mRNA-1 6211038
.85 maker-168253021-augustus-gene-0.14-mRNA-1 6198923
.11 maker-168253021-augustus-gene-0.14-mRNA-1 3194743
.50 maker-168252979-snap-gene-0.88-mRNA-1 6205616
.36 maker-168252979-snap-gene-0.88-mRNA-1 2648745
.20 maker-168252979-snap-gene-0.88-mRNA-1 4154562
.63 maker-168252709-augustus-gene-0.20-mRNA-1 6293911
.17 maker-168252709-augustus-gene-0.20-mRNA-1 538558
.89 maker-168252459-augustus-gene-0.29-mRNA-1 6293961
.10 maker-168252459-augustus-gene-0.29-mRNA-1 6212455
.50 maker-168251707-augustus-gene-0.36-mRNA-1 6198607
.09 maker-168251707-augustus-gene-0.36-mRNA-1 2753104
.04 maker-168251707-augustus-gene-0.36-mRNA-1 4883079
.03 maker-168251707-augustus-gene-0.36-mRNA-1 2547147
.32 maker-168251707-augustus-gene-0.35-mRNA-1 6205615
.29 maker-168251707-augustus-gene-0.35-mRNA-1 6196514
.85 maker-168251002-snap-gene-0.16-mRNA-1 6293806
.08 maker-168251002-snap-gene-0.16-mRNA-1 3157890
.61 maker-168250376-augustus-gene-0.66-mRNA-1 6222097
.24 maker-168250376-augustus-gene-0.66-mRNA-1 5191850
.60 maker-168249909-augustus-gene-0.45-mRNA-1 6204731
.99 maker-168248456-augustus-gene-0.4-mRNA-1 6202737
.10 maker-168247973-augustus-gene-0.7-mRNA-1 5406145
.88 maker-168247973-augustus-gene-0.7-mRNA-1 6294046
.32 maker-168247842-augustus-gene-0.6-mRNA-1 6201285
.30 maker-168247842-augustus-gene-0.6-mRNA-1 6293786
.76 maker-168246699-snap-gene-0.15-mRNA-1 6293879
.06 maker-168246699-snap-gene-0.15-mRNA-1 874272
.64 maker-168245801-augustus-gene-0.44-mRNA-1 6293774
.24 maker-168245801-augustus-gene-0.44-mRNA-1 2769663
.15 maker-168245801-augustus-gene-0.44-mRNA-1 1467395
.89 maker-168245343-snap-gene-0.59-mRNA-1 6201746
.08 maker-168245343-snap-gene-0.59-mRNA-1 3768647
.62 maker-168245140-snap-gene-0.7-mRNA-1 6212260
.17 maker-168245140-snap-gene-0.7-mRNA-1 1661927
.11 maker-168245140-snap-gene-0.7-mRNA-1 934203
.41 maker-168244948-augustus-gene-0.35-mRNA-2 6294017
.21 maker-168244948-augustus-gene-0.35-mRNA-2 1124721
.16 maker-168244948-augustus-gene-0.35-mRNA-2 6206745
.99 maker-168244792-augustus-gene-0.15-mRNA-1 6294109
.24 maker-168244743-snap-gene-0.97-mRNA-1 1079765
.10 maker-168244743-snap-gene-0.97-mRNA-1 1264183
.07 maker-168244743-snap-gene-0.97-mRNA-1 6196158
.03 maker-168244743-snap-gene-0.97-mRNA-1 6250417
.99 maker-168244423-snap-gene-0.54-mRNA-1 6294131
.67 maker-168244031-augustus-gene-0.48-mRNA-1 6294075
.15 maker-168244031-augustus-gene-0.48-mRNA-1 6200170
.99 maker-168243968-augustus-gene-0.30-mRNA-1 6293813
.16 maker-168242828-snap-gene-0.14-mRNA-1 6198229
.16 maker-168242828-snap-gene-0.14-mRNA-1 6235455
.10 maker-168242828-snap-gene-0.14-mRNA-1 6293828
.84 maker-168242627-augustus-gene-0.37-mRNA-2 6294143
.34 maker-168242611-augustus-gene-0.19-mRNA-1 6198440
.17 maker-168242611-augustus-gene-0.19-mRNA-1 6293881
.18 maker-168242180-augustus-gene-0.67-mRNA-1 404760
.10 maker-168242180-augustus-gene-0.67-mRNA-1 6198143
.14 maker-168242180-augustus-gene-0.67-mRNA-1 6205368
.16 maker-168242180-augustus-gene-0.67-mRNA-1 1693739
.86 maker-168240724-augustus-gene-0.7-mRNA-1 6293852
.12 maker-168240724-augustus-gene-0.7-mRNA-1 1459062
.12 maker-168239559-snap-gene-0.10-mRNA-1 3370857
.45 maker-168239559-snap-gene-0.10-mRNA-1 6197062
.45 maker-168239280-augustus-gene-0.80-mRNA-1 6215585
.18 maker-168239280-augustus-gene-0.80-mRNA-1 1830353
.66 maker-168239066-augustus-gene-0.6-mRNA-1 6294080
.05 maker-168239066-augustus-gene-0.6-mRNA-1 6206631
.80 maker-168238630-augustus-gene-0.16-mRNA-1 6294156
.97 maker-168237797-augustus-gene-0.19-mRNA-1 6294134
.01 maker-168237797-augustus-gene-0.19-mRNA-1 6294134
.69 maker-168237762-augustus-gene-0.30-mRNA-1 6221768
.16 maker-168237762-augustus-gene-0.30-mRNA-1 3702913
.99 maker-168237537-augustus-gene-0.23-mRNA-4 6294114
.56 maker-168235905-augustus-gene-0.63-mRNA-2 6294004
.36 maker-168235905-augustus-gene-0.63-mRNA-2 6201109
.67 maker-168235905-augustus-gene-0.63-mRNA-1 6294004
.26 maker-168235905-augustus-gene-0.63-mRNA-1 6201109
.58 maker-168235419-augustus-gene-0.12-mRNA-1 6293838
.31 maker-168235419-augustus-gene-0.12-mRNA-1 6197798
.42 maker-168235386-augustus-gene-0.59-mRNA-1 6293837
.11 maker-168235386-augustus-gene-0.59-mRNA-1 6197587
.86 maker-168235317-augustus-gene-0.17-mRNA-1 6293792
.06 maker-168235317-augustus-gene-0.17-mRNA-1 2346839
.20 maker-168234677-snap-gene-0.12-mRNA-1 6199554
.70 maker-168234677-snap-gene-0.12-mRNA-1 6294127
.77 maker-168234389-snap-gene-0.106-mRNA-1 6294117
.17 maker-168234389-snap-gene-0.106-mRNA-1 6196398
.83 maker-168233747-snap-gene-0.43-mRNA-1 6293953
.75 maker-168233418-augustus-gene-0.156-mRNA-1 6293871
.09 maker-168233368-augustus-gene-0.146-mRNA-1 3047907
.88 maker-168233368-augustus-gene-0.146-mRNA-1 6293929
.99 maker-168233045-augustus-gene-0.21-mRNA-1 6294050
.99 maker-168232706-augustus-gene-0.98-mRNA-1 6294039
.46 maker-168232315-augustus-gene-0.42-mRNA-1 6293850
.57 maker-168232233-snap-gene-0.26-mRNA-2 6204584
.34 maker-168232233-snap-gene-0.26-mRNA-2 6207663
.65 maker-168231933-augustus-gene-0.19-mRNA-1 6293978
.71 maker-168231785-snap-gene-0.25-mRNA-1 6293814
.14 maker-168231785-snap-gene-0.25-mRNA-1 6199138
.16 maker-168231475-augustus-gene-0.45-mRNA-2 6200322
.95 maker-168231017-snap-gene-0.59-mRNA-1 6294090
.20 maker-168229958-augustus-gene-0.18-mRNA-1 6214091
.23 maker-168229958-augustus-gene-0.18-mRNA-1 6196519
.44 maker-168229837-augustus-gene-0.65-mRNA-1 6199853
.55 maker-168229837-augustus-gene-0.65-mRNA-1 6199853
.80 maker-168229575-augustus-gene-0.29-mRNA-1 6203192
.19 maker-168229575-augustus-gene-0.29-mRNA-1 1399703
.87 maker-168229185-snap-gene-0.10-mRNA-1 6293968
.10 maker-168229185-snap-gene-0.10-mRNA-1 2491735
.42 maker-168228135-augustus-gene-0.54-mRNA-1 6217059
.65 maker-168227771-augustus-gene-3.68-mRNA-1 6293876
.85 maker-168227754-snap-gene-0.67-mRNA-1 6199319
.22 maker-168227206-augustus-gene-0.107-mRNA-1 6294125
.25 maker-168227206-augustus-gene-0.107-mRNA-1 748979
.24 maker-168226160-snap-gene-0.5-mRNA-1 629154
.24 maker-168226160-snap-gene-0.5-mRNA-1 6198978
.73 maker-168225001-augustus-gene-0.29-mRNA-1 6294081
.15 maker-168225001-augustus-gene-0.29-mRNA-1 6201097
.99 maker-168223216-snap-gene-0.55-mRNA-1 6294059
.17 maker-168222911-augustus-gene-0.30-mRNA-1 6200937
0 maker-168222911-augustus-gene-0.30-mRNA-1 6293974
.80 maker-168222611-augustus-gene-0.15-mRNA-2 6293782
.17 maker-168222611-augustus-gene-0.15-mRNA-2 642770
.88 maker-168221617-snap-gene-0.32-mRNA-1 6201551
.58 maker-168221346-augustus-gene-0.106-mRNA-1 6197788
.32 maker-168221346-augustus-gene-0.106-mRNA-1 6197787
.84 maker-168221248-snap-gene-0.10-mRNA-1 6196842
.79 maker-168219520-augustus-gene-0.129-mRNA-1 6294138
.84 maker-168217878-snap-gene-0.74-mRNA-1 6293773
.71 maker-168217624-augustus-gene-0.13-mRNA-1 6294023
.10 maker-168217624-augustus-gene-0.13-mRNA-1 1059494
.77 maker-168217251-snap-gene-0.46-mRNA-1 6294139
.15 maker-168217251-snap-gene-0.46-mRNA-1 6294139
.99 maker-168213688-augustus-gene-0.24-mRNA-1 6294072
.13 maker-168213219-snap-gene-0.64-mRNA-1 4328269
.84 maker-168213219-snap-gene-0.64-mRNA-1 6199147
.10 maker-168213111-snap-gene-0.29-mRNA-1 6203395
.20 maker-168213111-snap-gene-0.29-mRNA-1 6203396
.99 maker-168211289-snap-gene-0.47-mRNA-1 6196600
.37 maker-168211281-augustus-gene-0.26-mRNA-1 1287015
.62 maker-168211281-augustus-gene-0.26-mRNA-1 6196712
.64 maker-168209317-snap-gene-0.107-mRNA-1 6206300
.22 maker-168209317-snap-gene-0.107-mRNA-1 2924523
.26 maker-168206713-augustus-gene-0.15-mRNA-1 6209219
.19 maker-168206713-augustus-gene-0.15-mRNA-1 6196614
.86 maker-168206321-augustus-gene-0.46-mRNA-2 6293992
.08 maker-168206321-augustus-gene-0.46-mRNA-2 1499785
.30 maker-168204812-augustus-gene-0.123-mRNA-1 6200831
.23 maker-168204812-augustus-gene-0.123-mRNA-1 6200528
.99 maker-168204309-snap-gene-0.35-mRNA-1 6294148
.15 maker-168202509-snap-gene-0.55-mRNA-1 2137029
.66 maker-168202509-snap-gene-0.55-mRNA-1 6293766
.90 maker-168201986-augustus-gene-0.33-mRNA-1 6294140
.77 maker-168201350-augustus-gene-0.9-mRNA-1 6294119
.99 maker-168200997-augustus-gene-0.6-mRNA-1 6293896
.84 maker-168195524-snap-gene-1.74-mRNA-1 6294144
.09 maker-168195396-augustus-gene-0.25-mRNA-2 6225388
.07 maker-168195396-augustus-gene-0.25-mRNA-2 2309210
.09 maker-168195396-augustus-gene-0.25-mRNA-2 6197713
.07 maker-168195396-augustus-gene-0.25-mRNA-2 1816969
.06 maker-168195396-augustus-gene-0.25-mRNA-2 1828233
.05 maker-168193866-snap-gene-0.48-mRNA-1 1711433
.74 maker-168193866-snap-gene-0.48-mRNA-1 6294154
.81 maker-168193781-snap-gene-1.95-mRNA-1 6294065
.17 maker-168193781-snap-gene-1.95-mRNA-1 1821547
.12 maker-168191989-augustus-gene-0.21-mRNA-1 567674
.20 maker-168191989-augustus-gene-0.21-mRNA-1 567672
.24 maker-168191928-augustus-gene-0.140-mRNA-1 6294102
.24 maker-168191928-augustus-gene-0.140-mRNA-1 1662684
.26 maker-168191928-augustus-gene-0.140-mRNA-1 2304709
.68 maker-168191649-snap-gene-0.49-mRNA-1 6294141
.09 maker-168191494-augustus-gene-0.65-mRNA-1 927695
.05 maker-168191494-augustus-gene-0.65-mRNA-1 6199366
.31 maker-168191432-snap-gene-0.67-mRNA-1 6207652
.32 maker-168191432-snap-gene-0.67-mRNA-1 6197251
.99 maker-168191305-snap-gene-0.59-mRNA-1 6198558
.88 maker-168191115-augustus-gene-0.35-mRNA-1 6293969
.11 maker-168191115-augustus-gene-0.35-mRNA-1 1544098
.36 maker-168191037-augustus-gene-0.32-mRNA-1 6203306
.29 maker-168191037-augustus-gene-0.32-mRNA-1 1395576
.77 maker-168191007-augustus-gene-0.75-mRNA-1 6201545
.11 maker-168191007-augustus-gene-0.75-mRNA-1 4671510
.37 maker-168190890-augustus-gene-0.90-mRNA-1 6293787
.14 maker-168190890-augustus-gene-0.90-mRNA-1 6203444
.99 maker-168190832-augustus-gene-0.39-mRNA-1 6214191
.99 maker-168190802-snap-gene-0.57-mRNA-1 6294025
.57 maker-168190639-augustus-gene-0.102-mRNA-1 6200151
.40 maker-168190639-augustus-gene-0.102-mRNA-1 6198016
.99 maker-168190639-augustus-gene-0.100-mRNA-1 6293833
.67 maker-168190511-augustus-gene-0.53-mRNA-1 668170
.11 maker-168190511-augustus-gene-0.53-mRNA-1 2896843
.62 maker-168190366-augustus-gene-0.36-mRNA-1 6209789
.15 maker-168190366-augustus-gene-0.36-mRNA-1 2396276
.55 maker-168190081-snap-gene-0.42-mRNA-1 6293948
.65 maker-168189848-snap-gene-0.89-mRNA-1 6222089
.06 maker-168189848-snap-gene-0.89-mRNA-1 6196936
.20 maker-168189838-augustus-gene-0.61-mRNA-1 6198200
.15 maker-168189838-augustus-gene-0.61-mRNA-1 6207770
.14 maker-168189838-augustus-gene-0.61-mRNA-1 559571
.11 maker-168189838-augustus-gene-0.61-mRNA-1 6240128
.75 maker-168189800-augustus-gene-0.95-mRNA-1 6293761
.14 maker-168189800-augustus-gene-0.95-mRNA-1 3761470
.34 maker-168189757-augustus-gene-0.81-mRNA-1 6197568
.26 maker-168189757-augustus-gene-0.81-mRNA-1 588533
.84 maker-168189601-snap-gene-0.36-mRNA-1 6201236
.13 maker-168189601-snap-gene-0.36-mRNA-1 1182459
.13 maker-168189601-snap-gene-0.36-mRNA-1 2524814
.99 maker-168189566-snap-gene-0.33-mRNA-1 6293950
.99 maker-168189516-augustus-gene-0.98-mRNA-1 6293994
.99 maker-168189459-augustus-gene-0.31-mRNA-1 6293919
.59 maker-168189439-augustus-gene-0.56-mRNA-1 1806392
.19 maker-168189439-augustus-gene-0.56-mRNA-1 6293945
.13 maker-168189439-augustus-gene-0.56-mRNA-1 421886
.95 maker-168189424-augustus-gene-0.81-mRNA-1 6294120
.63 maker-168189353-augustus-gene-0.28-mRNA-1 6294079
.18 maker-168189255-augustus-gene-0.88-mRNA-1 1482198
.99 maker-168189160-snap-gene-0.110-mRNA-1 6294029
.29 maker-168189138-augustus-gene-0.21-mRNA-1 6293868
.69 maker-168189138-augustus-gene-0.21-mRNA-1 6293868
.64 maker-168189106-snap-gene-0.42-mRNA-1 6294128
.11 maker-168189106-snap-gene-0.42-mRNA-1 6214099
.39 maker-168189087-snap-gene-0.41-mRNA-1 6196628
.14 maker-168189087-snap-gene-0.41-mRNA-1 6293772
.07 maker-168189087-snap-gene-0.41-mRNA-1 2171132
.34 maker-168188982-augustus-gene-0.110-mRNA-1 6294068
.27 maker-168188982-augustus-gene-0.110-mRNA-1 6294068
.55 maker-168188977-snap-gene-0.31-mRNA-1 6294005
.14 maker-168188977-snap-gene-0.31-mRNA-1 5347669
.46 maker-168188868-snap-gene-0.13-mRNA-1 6294094
.21 maker-168188868-snap-gene-0.13-mRNA-1 6198192
.65 maker-168188795-augustus-gene-0.35-mRNA-1 6293990
.17 maker-168188795-augustus-gene-0.35-mRNA-1 1418795
.54 maker-168188721-augustus-gene-0.62-mRNA-1 6293849
0 maker-168188721-augustus-gene-0.62-mRNA-1 6215776
.89 maker-168188676-augustus-gene-0.54-mRNA-2 6293972
.10 maker-168188676-augustus-gene-0.54-mRNA-2 6197544
.15 maker-168188531-snap-gene-0.66-mRNA-4 6202227
.13 maker-168188531-snap-gene-0.66-mRNA-4 6208430
.02 maker-168188531-snap-gene-0.66-mRNA-4 6198470
.19 maker-168188531-snap-gene-0.66-mRNA-3 6294053
.17 maker-168188531-snap-gene-0.66-mRNA-3 6202227
.03 maker-168188531-snap-gene-0.66-mRNA-3 6200645
.56 maker-168188443-augustus-gene-0.99-mRNA-1 6293932
.94 maker-168188334-augustus-gene-0.39-mRNA-1 6294107
.99 maker-168188325-augustus-gene-0.32-mRNA-1 6294057
.07 maker-168188307-snap-gene-0.27-mRNA-1 3836969
.90 maker-168188307-snap-gene-0.27-mRNA-1 6294106
.96 maker-168188075-augustus-gene-0.70-mRNA-1 6293878
.96 maker-168188073-augustus-gene-0.104-mRNA-1 6294137
.35 maker-168188061-snap-gene-0.164-mRNA-1 6294124
.05 maker-168188061-snap-gene-0.164-mRNA-1 6294124
.31 maker-168187985-augustus-gene-0.52-mRNA-1 6215096
.43 maker-168187985-augustus-gene-0.52-mRNA-1 2273959
.71 maker-168187931-augustus-gene-0.39-mRNA-1 6196196
.27 maker-168187931-augustus-gene-0.39-mRNA-1 1833320
.99 maker-168187859-augustus-gene-0.35-mRNA-1 6293827
.53 maker-168187763-augustus-gene-0.6-mRNA-1 6294111
.34 maker-168187671-augustus-gene-0.19-mRNA-1 6294099
.17 maker-168187671-augustus-gene-0.19-mRNA-1 6294099
.30 maker-168187663-snap-gene-0.8-mRNA-1 604796
.18 maker-168187663-snap-gene-0.8-mRNA-1 1267494
.15 maker-168187663-snap-gene-0.8-mRNA-1 1136519
.21 maker-168187459-augustus-gene-0.10-mRNA-1 6205266
.12 maker-168187459-augustus-gene-0.10-mRNA-1 1874142
.48 maker-168187374-snap-gene-0.148-mRNA-1 6294003
.65 maker-168187371-augustus-gene-0.8-mRNA-1 6199105
.41 maker-168187265-augustus-gene-0.6-mRNA-1 6293997
.19 maker-168187265-augustus-gene-0.6-mRNA-1 1695977
.65 maker-168187078-snap-gene-0.25-mRNA-1 6294089
.15 maker-168187078-snap-gene-0.25-mRNA-1 6214451
.99 maker-168186953-augustus-gene-0.98-mRNA-1 6293819
.93 maker-168186588-augustus-gene-0.83-mRNA-1 6293928
.01 maker-168186588-augustus-gene-0.83-mRNA-1 1123228
.01 maker-168186588-augustus-gene-0.83-mRNA-1 1489525
.01 maker-168186588-augustus-gene-0.83-mRNA-1 154283
.01 maker-168186588-augustus-gene-0.83-mRNA-1 1882911
.46 maker-168186493-snap-gene-0.12-mRNA-4 6206394
.28 maker-168186493-snap-gene-0.12-mRNA-4 503309
.89 maker-168186484-snap-gene-0.13-mRNA-1 6196174
.08 maker-168186484-snap-gene-0.13-mRNA-1 4486146
.99 maker-168186472-snap-gene-0.37-mRNA-1 6294133
.99 maker-168186385-augustus-gene-0.20-mRNA-1 6293905
.85 maker-168186346-augustus-gene-0.61-mRNA-1 6293835
.11 maker-168186346-augustus-gene-0.61-mRNA-1 1553730
.10 maker-168186346-augustus-gene-0.61-mRNA-1 1295332
.09 maker-168186346-augustus-gene-0.61-mRNA-1 2558736
.09 maker-168186346-augustus-gene-0.61-mRNA-1 1435546
.37 maker-168186314-augustus-gene-1.59-mRNA-1 6293944
0 maker-168186314-augustus-gene-1.59-mRNA-1 6197115
.29 maker-168186314-augustus-gene-1.58-mRNA-1 6206092
.46 maker-168186314-augustus-gene-1.58-mRNA-1 6226599
.46 maker-168185900-augustus-gene-0.49-mRNA-1 1689854
.23 maker-168185900-augustus-gene-0.49-mRNA-1 3957783
.04 maker-168185900-augustus-gene-0.49-mRNA-1 2292929
.70 maker-168185694-augustus-gene-1.68-mRNA-1 6293848
.23 maker-168185694-augustus-gene-1.68-mRNA-1 6215707
.99 maker-168185364-snap-gene-0.9-mRNA-1 343043
.99 maker-168185324-augustus-gene-0.5-mRNA-1 6294008
.27 maker-168184972-augustus-gene-0.4-mRNA-1 6202467
.27 maker-168184972-augustus-gene-0.4-mRNA-1 6225691
.16 maker-168184936-snap-gene-0.39-mRNA-1 6199070
.26 maker-168184936-snap-gene-0.39-mRNA-1 6213749
.97 maker-168184889-augustus-gene-0.108-mRNA-1 6294088
.27 maker-168184765-snap-gene-0.6-mRNA-1 6294118
.52 maker-168184665-augustus-gene-0.15-mRNA-1 6293853
.20 maker-168184665-augustus-gene-0.15-mRNA-1 3093587
.20 maker-168184665-augustus-gene-0.15-mRNA-1 2066349
.36 maker-168184559-augustus-gene-0.9-mRNA-1 383871
.79 maker-168184446-augustus-gene-0.10-mRNA-1 6294040
.15 maker-168184446-augustus-gene-0.10-mRNA-1 6203782
.83 maker-168184393-augustus-gene-0.64-mRNA-1 6293811
.09 maker-168184393-augustus-gene-0.64-mRNA-1 6226103
.72 maker-168184203-snap-gene-0.7-mRNA-1 6202940
.12 maker-168184203-snap-gene-0.7-mRNA-1 3980619
.88 maker-168184200-augustus-gene-0.8-mRNA-1 6204708
.08 maker-168184200-augustus-gene-0.8-mRNA-1 3237796
.08 maker-168184200-augustus-gene-0.8-mRNA-1 2023887
.99 maker-168184186-augustus-gene-0.5-mRNA-1 6293901
.38 maker-168184178-snap-gene-0.22-mRNA-1 6200345
.57 maker-168184178-snap-gene-0.22-mRNA-1 6197026
.95 maker-168184023-augustus-gene-0.11-mRNA-2 6294076
.39 maker-168183768-augustus-gene-0.29-mRNA-1 6294126
.14 maker-168183768-augustus-gene-0.29-mRNA-1 3561486
.12 maker-168183768-augustus-gene-0.29-mRNA-1 1535771
.09 maker-168183768-augustus-gene-0.29-mRNA-1 6294126
.99 maker-168183594-snap-gene-0.20-mRNA-1 6294121
.93 maker-168183550-augustus-gene-0.8-mRNA-1 6294096
.03 maker-168183550-augustus-gene-0.8-mRNA-1 3157968
.07 maker-168183357-augustus-gene-0.10-mRNA-1 2457914
.90 maker-168183357-augustus-gene-0.10-mRNA-1 6201385
.40 maker-168183271-snap-gene-0.16-mRNA-1 6293892
.29 maker-168183271-snap-gene-0.16-mRNA-1 5142144
.18 maker-168183214-augustus-gene-0.15-mRNA-1 589795
.62 maker-168183214-augustus-gene-0.15-mRNA-1 6293946
.96 maker-168183203-augustus-gene-0.45-mRNA-1 6294104
.15 maker-168183134-snap-gene-0.30-mRNA-1 2944527
.71 maker-168183134-snap-gene-0.30-mRNA-1 6293995
.86 maker-168183081-augustus-gene-0.97-mRNA-1 6213068
.57 maker-168183053-augustus-gene-0.5-mRNA-1 6293959
.24 maker-168183053-augustus-gene-0.5-mRNA-1 6204773
.70 maker-168182949-snap-gene-0.6-mRNA-2 6294060
.23 maker-168182949-snap-gene-0.6-mRNA-2 401678
.51 maker-168182894-snap-gene-0.20-mRNA-3 6197272
.17 maker-168182894-snap-gene-0.20-mRNA-3 2247312
.33 maker-168182770-augustus-gene-0.55-mRNA-1 6201055
.42 maker-168182770-augustus-gene-0.55-mRNA-1 6215874
.65 maker-168182703-snap-gene-0.20-mRNA-1 6293842
.77 maker-168182686-snap-gene-0.34-mRNA-1 6293804
.22 maker-168182686-snap-gene-0.34-mRNA-1 2174495
.62 maker-168171679-augustus-gene-0.9-mRNA-1 6294034
.25 maker-168171679-augustus-gene-0.9-mRNA-1 6198225
.13 maker-168171679-augustus-gene-0.9-mRNA-1 2581944
.20 maker-168157742-snap-gene-0.13-mRNA-1 6207803
.52 maker-168157742-snap-gene-0.13-mRNA-1 6196166
.22 maker-168156654-snap-gene-0.5-mRNA-1 610126
.17 maker-168156654-snap-gene-0.5-mRNA-1 2411010
.17 maker-168156654-snap-gene-0.5-mRNA-1 416050
.14 maker-168156654-snap-gene-0.5-mRNA-1 573321
.99 maker-168155809-augustus-gene-0.19-mRNA-1 6293873
.50 maker-168148581-augustus-gene-0.25-mRNA-1 6294078
.13 maker-168148581-augustus-gene-0.25-mRNA-1 6219823
.57 maker-168144328-snap-gene-0.37-mRNA-1 6293829
.31 maker-168144328-snap-gene-0.37-mRNA-1 1128772
.99 maker-168137471-augustus-gene-0.13-mRNA-1 6294110
.74 maker-168134989-augustus-gene-0.42-mRNA-1 6196565
.10 maker-168134989-augustus-gene-0.42-mRNA-1 2155375
.32 maker-168132501-augustus-gene-0.91-mRNA-2 6202817
.58 maker-168132501-augustus-gene-0.91-mRNA-2 6294030
.57 maker-168129835-snap-gene-0.14-mRNA-1 6197065
.12 maker-168129835-snap-gene-0.14-mRNA-1 2137858
.99 maker-168122465-augustus-gene-0.5-mRNA-1 6294018
.89 maker-168119209-snap-gene-0.15-mRNA-1 6294084
.29 maker-168117231-augustus-gene-0.84-mRNA-1 6293890
.27 maker-168117231-augustus-gene-0.84-mRNA-1 6209387
.53 maker-168112373-augustus-gene-0.5-mRNA-1 6293767
.19 maker-168112373-augustus-gene-0.5-mRNA-1 6208602
.52 maker-168112190-augustus-gene-0.5-mRNA-4 6293785
.99 maker-168111806-augustus-gene-0.20-mRNA-1 6294130
.14 maker-168110254-augustus-gene-0.17-mRNA-1 1237891
.81 maker-168110254-augustus-gene-0.17-mRNA-1 6293993
.87 maker-168108333-snap-gene-0.8-mRNA-1 6196758
.99 maker-168105451-augustus-gene-0.6-mRNA-1 6294129
.83 maker-168103209-augustus-gene-0.6-mRNA-1 6293798
.06 maker-168103209-augustus-gene-0.6-mRNA-1 1093811
.56 maker-168103144-augustus-gene-0.16-mRNA-1 6293865
.16 maker-168103144-augustus-gene-0.16-mRNA-1 6211328
.91 maker-168102066-augustus-gene-0.16-mRNA-1 6294142
.70 maker-168101147-augustus-gene-0.10-mRNA-1 6196841
.12 maker-168101147-augustus-gene-0.10-mRNA-1 6197714
.37 maker-168093841-augustus-gene-0.20-mRNA-1 6216297
.66 maker-168091740-augustus-gene-0.10-mRNA-1 6293784
.08 maker-168091740-augustus-gene-0.10-mRNA-1 1448546
.99 maker-168090066-augustus-gene-0.22-mRNA-1 6294047
.40 maker-168089639-snap-gene-0.17-mRNA-1 4109192
.31 maker-168087713-snap-gene-0.7-mRNA-1 1157992
.58 maker-168087713-snap-gene-0.7-mRNA-1 1172403
.39 maker-168087200-augustus-gene-0.8-mRNA-2 6196752
.38 maker-168086491-augustus-gene-0.11-mRNA-1 6294153
.30 maker-168086491-augustus-gene-0.11-mRNA-1 6200176
.08 maker-168086491-augustus-gene-0.11-mRNA-1 1113025
.73 maker-168085587-snap-gene-0.38-mRNA-1 6293861
.20 maker-168085587-snap-gene-0.38-mRNA-1 6231940
.98 maker-168082118-augustus-gene-0.27-mRNA-1 6293963
.30 maker-168075905-snap-gene-0.34-mRNA-1 2220349
.32 maker-168075905-snap-gene-0.34-mRNA-1 6214171
.23 maker-168074053-snap-gene-0.57-mRNA-1 436896
.27 maker-168074053-snap-gene-0.57-mRNA-1 6293779
.06 maker-168074053-snap-gene-0.57-mRNA-1 1072789
.07 maker-168074053-snap-gene-0.57-mRNA-1 1796019
.05 maker-168074053-snap-gene-0.57-mRNA-1 6294048
.64 maker-168073349-augustus-gene-0.28-mRNA-1 6196549
.21 maker-168072135-snap-gene-0.32-mRNA-1 2000392
.18 maker-168072135-snap-gene-0.32-mRNA-1 5616962
.20 maker-168072135-snap-gene-0.32-mRNA-1 2275294
.16 maker-168051811-snap-gene-0.7-mRNA-1 6202041
.12 maker-168051811-snap-gene-0.7-mRNA-1 6196702
.85 maker-168045761-snap-gene-0.21-mRNA-1 6294122
.41 maker-168020494-snap-gene-0.6-mRNA-2 6197848
.31 maker-168020494-snap-gene-0.6-mRNA-2 1942852
.96 maker-168019762-augustus-gene-0.30-mRNA-2 6294070
.16 maker-168013261-snap-gene-0.14-mRNA-1 3160837
.62 maker-168013261-snap-gene-0.14-mRNA-1 6293893
.99 maker-168013192-augustus-gene-0.14-mRNA-1 6293836
.59 maker-168009850-snap-gene-0.13-mRNA-2 6294086
.11 maker-168009850-snap-gene-0.13-mRNA-2 680495
.08 maker-168009850-snap-gene-0.13-mRNA-2 1590779
.99 maker-168008215-augustus-gene-0.13-mRNA-1 6197673
.65 maker-168004132-snap-gene-0.12-mRNA-1 6294016
.47 maker-168001505-snap-gene-0.7-mRNA-1 6294145
.20 maker-168001505-snap-gene-0.7-mRNA-1 6294145
.31 maker-167999838-augustus-gene-0.40-mRNA-1 6294136
.28 maker-167999838-augustus-gene-0.40-mRNA-1 6294136
.21 maker-167998314-snap-gene-0.8-mRNA-1 2847449
.04 maker-167998314-snap-gene-0.8-mRNA-1 6249206
.05 maker-167998314-snap-gene-0.8-mRNA-1 2964946
.03 maker-167998314-snap-gene-0.8-mRNA-1 6220181
.05 maker-167998314-snap-gene-0.8-mRNA-1 1522152
.06 maker-167994379-augustus-gene-0.95-mRNA-1 6204780
.86 maker-167994379-augustus-gene-0.95-mRNA-1 6205112
.67 maker-167992315-snap-gene-0.11-mRNA-1 6199041
.15 maker-167992315-snap-gene-0.11-mRNA-1 1400207
.12 maker-167992031-augustus-gene-0.4-mRNA-1 3512298
.24 maker-167992031-augustus-gene-0.4-mRNA-1 6199089
.87 maker-167988011-augustus-gene-0.21-mRNA-1 6294087
.12 maker-167988011-augustus-gene-0.21-mRNA-1 1924432
.49 maker-167982904-augustus-gene-0.23-mRNA-1 4065047
