.60 augustus_masked-168231696-processed-gene-0.3-mRNA-1 5084367
.06 augustus_masked-168231696-processed-gene-0.3-mRNA-1 5130527
.01 augustus_masked-168231696-processed-gene-0.3-mRNA-1 5081535
.99 augustus_masked-168231500-processed-gene-0.3-mRNA-1 5156081
.99 augustus_masked-168231146-processed-gene-0.8-mRNA-1 5156218
.44 augustus_masked-168231049-processed-gene-0.1-mRNA-1 207260
.35 augustus_masked-168231049-processed-gene-0.1-mRNA-1 2359625
.99 augustus_masked-168230750-processed-gene-0.9-mRNA-1 5156260
.99 augustus_masked-168230655-processed-gene-0.14-mRNA-1 5156203
.99 augustus_masked-168230286-processed-gene-0.5-mRNA-1 5156126
.24 augustus_masked-168230274-processed-gene-1.0-mRNA-1 5156354
.67 augustus_masked-168230274-processed-gene-1.0-mRNA-1 5156354
.99 augustus_masked-168230258-processed-gene-0.0-mRNA-1 5155878
.99 augustus_masked-168227428-processed-gene-0.0-mRNA-1 5156208
.99 augustus_masked-168227361-processed-gene-0.6-mRNA-1 5156177
.99 augustus_masked-168227313-processed-gene-0.0-mRNA-1 5156111
.44 augustus_masked-168226854-processed-gene-0.3-mRNA-1 5085285
.55 augustus_masked-168226854-processed-gene-0.3-mRNA-1 5090194
.99 augustus_masked-168225069-processed-gene-0.1-mRNA-1 5155931
.99 augustus_masked-168224887-processed-gene-0.1-mRNA-1 5155812
.98 augustus_masked-168224398-processed-gene-0.0-mRNA-1 5086699
.99 augustus_masked-168223923-processed-gene-0.3-mRNA-1 5156008
.99 augustus_masked-168223685-processed-gene-0.1-mRNA-1 5155944
.99 augustus_masked-168223499-processed-gene-0.0-mRNA-1 892267
.61 augustus_masked-168223327-processed-gene-0.4-mRNA-1 5155872
.22 augustus_masked-168223327-processed-gene-0.4-mRNA-1 969040
.99 augustus_masked-168222161-processed-gene-0.0-mRNA-1 5081431
.29 augustus_masked-168221913-processed-gene-0.0-mRNA-1 576610
.17 augustus_masked-168221913-processed-gene-0.0-mRNA-1 1776624
.99 augustus_masked-168221853-processed-gene-0.3-mRNA-1 5080601
.99 augustus_masked-168221670-processed-gene-0.4-mRNA-1 90119
.99 augustus_masked-168221517-processed-gene-0.1-mRNA-1 5081918
.99 augustus_masked-168219591-processed-gene-0.8-mRNA-1 5156234
.99 augustus_masked-168219002-processed-gene-0.0-mRNA-1 5079226
.08 augustus_masked-168218890-processed-gene-0.5-mRNA-1 5094920
.91 augustus_masked-168218890-processed-gene-0.5-mRNA-1 5156174
.99 augustus_masked-168218303-processed-gene-0.18-mRNA-1 5155851
.99 augustus_masked-168217495-processed-gene-0.2-mRNA-1 5084726
.99 augustus_masked-168217443-processed-gene-0.27-mRNA-1 5080195
.30 augustus_masked-168216365-processed-gene-0.14-mRNA-1 5155760
.15 augustus_masked-168216365-processed-gene-0.14-mRNA-1 346076
.99 augustus_masked-168216292-processed-gene-0.0-mRNA-1 5155963
.99 augustus_masked-168216022-processed-gene-0.0-mRNA-1 5156201
.99 augustus_masked-168215451-processed-gene-0.2-mRNA-1 5156253
.99 augustus_masked-168212046-processed-gene-0.9-mRNA-1 5155756
.99 augustus_masked-168211411-processed-gene-0.5-mRNA-1 5156222
.99 augustus_masked-168211093-processed-gene-0.2-mRNA-1 5155717
.99 augustus_masked-168210904-processed-gene-0.8-mRNA-1 5156303
.04 augustus_masked-168210523-processed-gene-0.14-mRNA-1 770301
.95 augustus_masked-168210523-processed-gene-0.14-mRNA-1 5156113
.44 augustus_masked-168210138-processed-gene-0.4-mRNA-1 4612014
.76 augustus_masked-168209543-processed-gene-0.0-mRNA-1 5156242
.22 augustus_masked-168209543-processed-gene-0.0-mRNA-1 5086651
.99 augustus_masked-168209475-processed-gene-0.1-mRNA-1 5156171
.57 augustus_masked-168209383-processed-gene-0.3-mRNA-1 3524970
.18 augustus_masked-168209383-processed-gene-0.3-mRNA-1 2720898
.99 augustus_masked-168208928-processed-gene-0.15-mRNA-1 5156311
.99 augustus_masked-168208902-processed-gene-0.10-mRNA-1 5156083
.99 augustus_masked-168208249-processed-gene-1.55-mRNA-1 5155936
.01 augustus_masked-168208148-processed-gene-0.1-mRNA-1 5080081
.99 augustus_masked-168208031-processed-gene-0.1-mRNA-1 5156190
.99 augustus_masked-168207527-processed-gene-0.11-mRNA-1 5155799
.99 augustus_masked-168207167-processed-gene-0.12-mRNA-1 5156292
.99 augustus_masked-168207067-processed-gene-0.9-mRNA-1 5155910
.99 augustus_masked-168205988-processed-gene-0.6-mRNA-1 5156132
.99 augustus_masked-168205955-processed-gene-0.1-mRNA-1 5156178
.99 augustus_masked-168205370-processed-gene-0.1-mRNA-1 5156223
.99 augustus_masked-168205206-processed-gene-0.10-mRNA-1 715065
.09 augustus_masked-168204106-processed-gene-0.0-mRNA-1 2994636
.90 augustus_masked-168204106-processed-gene-0.0-mRNA-1 425595
.99 augustus_masked-168203932-processed-gene-0.0-mRNA-1 5079085
.99 augustus_masked-168203006-processed-gene-0.14-mRNA-1 5155803
.70 augustus_masked-168202553-processed-gene-0.1-mRNA-1 5155965
.28 augustus_masked-168202553-processed-gene-0.1-mRNA-1 5155965
.21 augustus_masked-168202504-processed-gene-0.9-mRNA-1 1835718
.78 augustus_masked-168202504-processed-gene-0.9-mRNA-1 5156192
.99 augustus_masked-168201741-processed-gene-0.4-mRNA-1 5156319
.47 augustus_masked-168201657-processed-gene-0.21-mRNA-1 779311
.26 augustus_masked-168201657-processed-gene-0.21-mRNA-1 1373852
.99 augustus_masked-168201360-processed-gene-0.2-mRNA-1 5155858
.99 augustus_masked-168200274-processed-gene-0.4-mRNA-1 5155761
.99 augustus_masked-168200041-processed-gene-0.2-mRNA-1 5156351
.99 augustus_masked-168199459-processed-gene-0.6-mRNA-1 5102279
.99 augustus_masked-168199290-processed-gene-0.3-mRNA-1 5155916
.99 augustus_masked-168199200-processed-gene-0.15-mRNA-1 5156198
.99 augustus_masked-168198825-processed-gene-0.1-mRNA-1 5156194
.99 augustus_masked-168197842-processed-gene-0.0-mRNA-1 5155775
.99 augustus_masked-168197369-processed-gene-0.9-mRNA-1 5156246
.99 augustus_masked-168196710-processed-gene-0.1-mRNA-1 5083040
.56 augustus_masked-168196523-processed-gene-0.2-mRNA-1 5079544
.99 augustus_masked-168196227-processed-gene-0.0-mRNA-1 5156183
.99 augustus_masked-168195339-processed-gene-0.9-mRNA-1 5078221
.60 augustus_masked-168195165-processed-gene-0.0-mRNA-1 1223283
.38 augustus_masked-168195165-processed-gene-0.0-mRNA-1 4825238
.99 augustus_masked-168194351-processed-gene-0.0-mRNA-1 5156281
.99 augustus_masked-168193953-processed-gene-0.11-mRNA-1 5155865
.35 augustus_masked-168193385-processed-gene-0.0-mRNA-1 700560
.36 augustus_masked-168193385-processed-gene-0.0-mRNA-1 5080034
.64 augustus_masked-168193263-processed-gene-0.0-mRNA-1 5079001
.21 augustus_masked-168193263-processed-gene-0.0-mRNA-1 439985
.99 augustus_masked-168193222-processed-gene-0.4-mRNA-1 5077442
.99 augustus_masked-168193219-processed-gene-0.4-mRNA-1 5156037
.99 augustus_masked-168192876-processed-gene-0.2-mRNA-1 5155971
.99 augustus_masked-168192862-processed-gene-0.18-mRNA-1 5096251
.99 augustus_masked-168191930-processed-gene-0.0-mRNA-1 5156169
.99 augustus_masked-168191889-processed-gene-0.2-mRNA-1 5156001
.35 augustus_masked-168191855-processed-gene-0.10-mRNA-1 3171350
.26 augustus_masked-168191855-processed-gene-0.10-mRNA-1 4404665
.99 augustus_masked-168191806-processed-gene-0.0-mRNA-1 5156152
.17 augustus_masked-168191531-processed-gene-0.4-mRNA-1 5108448
.11 augustus_masked-168191531-processed-gene-0.4-mRNA-1 5113260
.47 augustus_masked-168191406-processed-gene-0.24-mRNA-1 1051137
.99 augustus_masked-168191390-processed-gene-0.5-mRNA-1 5156220
.99 augustus_masked-168191110-processed-gene-0.14-mRNA-1 5156213
.51 augustus_masked-168190982-processed-gene-0.3-mRNA-1 5082569
.48 augustus_masked-168190982-processed-gene-0.3-mRNA-1 1143986
.74 augustus_masked-168190933-processed-gene-0.0-mRNA-1 5079144
.20 augustus_masked-168190933-processed-gene-0.0-mRNA-1 5078678
.99 augustus_masked-168190781-processed-gene-0.10-mRNA-1 5079980
.24 augustus_masked-168190680-processed-gene-0.27-mRNA-1 349385
.75 augustus_masked-168190680-processed-gene-0.27-mRNA-1 5156186
.56 augustus_masked-168190673-processed-gene-0.3-mRNA-1 687788
.40 augustus_masked-168190673-processed-gene-0.3-mRNA-1 3665550
.99 augustus_masked-168190564-processed-gene-0.7-mRNA-1 5081439
.23 augustus_masked-168190522-processed-gene-0.8-mRNA-1 807528
.75 augustus_masked-168190522-processed-gene-0.8-mRNA-1 5092158
.40 augustus_masked-168190482-processed-gene-0.3-mRNA-1 968338
.99 augustus_masked-168190411-processed-gene-0.4-mRNA-1 5078369
.43 augustus_masked-168190325-processed-gene-1.35-mRNA-1 5156313
.19 augustus_masked-168190325-processed-gene-1.35-mRNA-1 2389136
.99 augustus_masked-168190306-processed-gene-0.0-mRNA-1 5085885
.99 augustus_masked-168190232-processed-gene-0.0-mRNA-1 5155864
.99 augustus_masked-168190184-processed-gene-0.31-mRNA-1 5155832
.99 augustus_masked-168190132-processed-gene-0.1-mRNA-1 5079604
.42 augustus_masked-168189980-processed-gene-0.0-mRNA-1 2450348
.71 augustus_masked-168189867-processed-gene-0.9-mRNA-1 656304
.28 augustus_masked-168189867-processed-gene-0.9-mRNA-1 5086946
.99 augustus_masked-168189867-processed-gene-0.8-mRNA-1 5156172
.99 augustus_masked-168189660-processed-gene-1.57-mRNA-1 5077380
.48 augustus_masked-168189649-processed-gene-0.4-mRNA-1 5082534
.22 augustus_masked-168189649-processed-gene-0.4-mRNA-1 853433
.55 augustus_masked-168189440-processed-gene-0.3-mRNA-1 5156210
.25 augustus_masked-168189440-processed-gene-0.3-mRNA-1 5090247
.99 augustus_masked-168189426-processed-gene-0.12-mRNA-1 5156106
.60 augustus_masked-168189142-processed-gene-0.14-mRNA-1 2589087
.35 augustus_masked-168189142-processed-gene-0.14-mRNA-1 1255054
.63 augustus_masked-168189022-processed-gene-0.5-mRNA-1 864314
.12 augustus_masked-168189022-processed-gene-0.5-mRNA-1 604710
.12 augustus_masked-168189022-processed-gene-0.5-mRNA-1 1787431
.99 augustus_masked-168189008-processed-gene-0.8-mRNA-1 5156304
.99 augustus_masked-168188950-processed-gene-0.31-mRNA-1 5156087
.99 augustus_masked-168188926-processed-gene-0.9-mRNA-1 5155750
.82 augustus_masked-168188904-processed-gene-0.0-mRNA-1 5155789
.07 augustus_masked-168188904-processed-gene-0.0-mRNA-1 2909001
.02 augustus_masked-168188904-processed-gene-0.0-mRNA-1 1512663
.99 augustus_masked-168188800-processed-gene-0.2-mRNA-1 5095356
.99 augustus_masked-168188785-processed-gene-0.8-mRNA-1 5083081
.23 augustus_masked-168188773-processed-gene-0.14-mRNA-1 5155828
.60 augustus_masked-168188747-processed-gene-0.8-mRNA-1 1775397
.99 augustus_masked-168188745-processed-gene-0.0-mRNA-1 5155982
.99 augustus_masked-168188711-processed-gene-0.6-mRNA-1 5155820
.99 augustus_masked-168188637-processed-gene-0.6-mRNA-1 5077873
.43 augustus_masked-168188610-processed-gene-0.6-mRNA-1 2184766
.43 augustus_masked-168188610-processed-gene-0.6-mRNA-1 1803397
.99 augustus_masked-168188278-processed-gene-0.7-mRNA-1 5156042
.23 augustus_masked-168188211-processed-gene-0.16-mRNA-1 250623
.09 augustus_masked-168188211-processed-gene-0.16-mRNA-1 5078224
.57 augustus_masked-168188139-processed-gene-0.27-mRNA-1 5156372
0 augustus_masked-168188139-processed-gene-0.27-mRNA-1 5078870
.19 augustus_masked-168188139-processed-gene-0.26-mRNA-1 1195110
.58 augustus_masked-168188139-processed-gene-0.26-mRNA-1 1264910
.90 augustus_masked-168187924-processed-gene-0.3-mRNA-1 5156378
.99 augustus_masked-168187863-processed-gene-0.2-mRNA-1 5156363
.99 augustus_masked-168187783-processed-gene-0.0-mRNA-1 5156122
.65 augustus_masked-168187591-processed-gene-0.1-mRNA-1 5156352
.48 augustus_masked-168187504-processed-gene-0.2-mRNA-1 5155798
.19 augustus_masked-168187504-processed-gene-0.2-mRNA-1 1009528
.79 augustus_masked-168187461-processed-gene-0.4-mRNA-1 5155859
.17 augustus_masked-168187461-processed-gene-0.4-mRNA-1 1330786
.99 augustus_masked-168187443-processed-gene-0.2-mRNA-1 5155928
.99 augustus_masked-168187337-processed-gene-1.4-mRNA-1 5078018
.99 augustus_masked-168186960-processed-gene-0.1-mRNA-1 5093934
.62 augustus_masked-168186958-processed-gene-0.5-mRNA-1 5084639
.99 augustus_masked-168186798-processed-gene-0.0-mRNA-1 5156365
.99 augustus_masked-168186752-processed-gene-0.2-mRNA-1 5156237
.99 augustus_masked-168186752-processed-gene-0.17-mRNA-1 5155894
.75 augustus_masked-168186752-processed-gene-0.12-mRNA-1 2165036
.18 augustus_masked-168186752-processed-gene-0.12-mRNA-1 2288424
.99 augustus_masked-168186752-processed-gene-0.10-mRNA-1 5156237
.99 augustus_masked-168186603-processed-gene-0.6-mRNA-1 5156044
.85 augustus_masked-168186603-processed-gene-0.2-mRNA-1 5155839
.10 augustus_masked-168186603-processed-gene-0.2-mRNA-1 876647
.99 augustus_masked-168186518-processed-gene-0.2-mRNA-1 5156323
.99 augustus_masked-168186181-processed-gene-0.8-mRNA-1 5155749
.99 augustus_masked-168186093-processed-gene-0.30-mRNA-1 5156101
.66 augustus_masked-168186093-processed-gene-0.28-mRNA-1 1049107
.32 augustus_masked-168186093-processed-gene-0.28-mRNA-1 1049090
.44 augustus_masked-168186062-processed-gene-0.2-mRNA-1 1355994
.22 augustus_masked-168186062-processed-gene-0.2-mRNA-1 4007639
.47 augustus_masked-168185968-processed-gene-0.2-mRNA-1 5090629
.52 augustus_masked-168185968-processed-gene-0.2-mRNA-1 5085907
.99 augustus_masked-168185863-processed-gene-0.0-mRNA-1 5155981
.99 augustus_masked-168185856-processed-gene-0.13-mRNA-1 5155797
.99 augustus_masked-168185855-processed-gene-0.2-mRNA-1 5156382
.84 augustus_masked-168185806-processed-gene-0.24-mRNA-1 5155745
.09 augustus_masked-168185806-processed-gene-0.24-mRNA-1 2144794
.99 augustus_masked-168185686-processed-gene-0.1-mRNA-1 5155710
.93 augustus_masked-168185517-processed-gene-0.4-mRNA-1 5156131
.03 augustus_masked-168185517-processed-gene-0.4-mRNA-1 1840436
.99 augustus_masked-168185435-processed-gene-0.1-mRNA-1 5156207
.22 augustus_masked-168185292-processed-gene-0.0-mRNA-1 1602070
.27 augustus_masked-168185292-processed-gene-0.0-mRNA-1 1177298
.55 augustus_masked-168185285-processed-gene-0.2-mRNA-1 3539937
.31 augustus_masked-168185204-processed-gene-0.2-mRNA-1 1675690
.68 augustus_masked-168185204-processed-gene-0.2-mRNA-1 2330054
.99 augustus_masked-168184992-processed-gene-0.7-mRNA-1 5156209
.87 augustus_masked-168184985-processed-gene-0.1-mRNA-1 5156364
.05 augustus_masked-168184985-processed-gene-0.1-mRNA-1 1201777
.99 augustus_masked-168184937-processed-gene-0.1-mRNA-1 5156263
.43 augustus_masked-168184832-processed-gene-0.1-mRNA-1 1074153
.34 augustus_masked-168184832-processed-gene-0.1-mRNA-1 2540184
.28 augustus_masked-168184832-processed-gene-0.1-mRNA-1 1912775
.28 augustus_masked-168184832-processed-gene-0.1-mRNA-1 2188378
.27 augustus_masked-168184832-processed-gene-0.1-mRNA-1 501970
.98 augustus_masked-168184829-processed-gene-0.0-mRNA-1 5079600
.99 augustus_masked-168184623-processed-gene-0.0-mRNA-1 5079739
.44 augustus_masked-168184607-processed-gene-0.2-mRNA-1 5155993
.21 augustus_masked-168184607-processed-gene-0.2-mRNA-1 5084076
.15 augustus_masked-168184607-processed-gene-0.2-mRNA-1 5084678
.01 augustus_masked-168184454-processed-gene-0.0-mRNA-1 5078555
.99 augustus_masked-168184385-processed-gene-0.4-mRNA-1 5155939
.99 augustus_masked-168184286-processed-gene-0.5-mRNA-1 5156015
.99 augustus_masked-168184283-processed-gene-0.10-mRNA-1 5084484
.99 augustus_masked-168183743-processed-gene-0.8-mRNA-1 5155914
.99 augustus_masked-168183743-processed-gene-0.3-mRNA-1 5088781
.24 augustus_masked-168183714-processed-gene-0.1-mRNA-1 5080904
.17 augustus_masked-168183714-processed-gene-0.1-mRNA-1 5156057
.99 augustus_masked-168183601-processed-gene-0.2-mRNA-1 5156099
.83 augustus_masked-168183575-processed-gene-0.30-mRNA-1 5156266
.15 augustus_masked-168183575-processed-gene-0.30-mRNA-1 5086759
.36 augustus_masked-168183575-processed-gene-0.17-mRNA-1 5090322
.25 augustus_masked-168183575-processed-gene-0.17-mRNA-1 5156163
.97 augustus_masked-168183519-processed-gene-0.0-mRNA-1 5155909
.02 augustus_masked-168183519-processed-gene-0.0-mRNA-1 2174231
.99 augustus_masked-168183397-processed-gene-0.1-mRNA-1 74909
.96 augustus_masked-168183393-processed-gene-0.0-mRNA-1 5155956
.01 augustus_masked-168183393-processed-gene-0.0-mRNA-1 4811381
.01 augustus_masked-168183393-processed-gene-0.0-mRNA-1 936715
.01 augustus_masked-168183393-processed-gene-0.0-mRNA-1 4402832
.98 augustus_masked-168183367-processed-gene-0.1-mRNA-1 5156308
.46 augustus_masked-168183336-processed-gene-0.8-mRNA-1 5116911
.99 augustus_masked-168183208-processed-gene-0.33-mRNA-1 5080043
.29 augustus_masked-168182986-processed-gene-0.6-mRNA-1 5084282
.70 augustus_masked-168182986-processed-gene-0.6-mRNA-1 5084281
.77 augustus_masked-168182957-processed-gene-0.12-mRNA-1 1936258
.21 augustus_masked-168182957-processed-gene-0.12-mRNA-1 3452841
.99 augustus_masked-168182767-processed-gene-0.1-mRNA-1 5156381
.99 augustus_masked-168182681-processed-gene-0.3-mRNA-1 5156124
.99 augustus_masked-168182674-processed-gene-0.3-mRNA-1 5155941
.55 augustus_masked-168182673-processed-gene-0.4-mRNA-1 1649204
.33 augustus_masked-168182664-processed-gene-0.11-mRNA-1 2101057
.19 augustus_masked-168182664-processed-gene-0.11-mRNA-1 2585846
.99 augustus_masked-168174636-processed-gene-0.1-mRNA-1 5156031
.76 augustus_masked-168174206-processed-gene-0.5-mRNA-1 5097527
.23 augustus_masked-168174206-processed-gene-0.5-mRNA-1 5080721
.99 augustus_masked-168171829-processed-gene-0.1-mRNA-1 5156097
.99 augustus_masked-168166395-processed-gene-0.0-mRNA-1 5155846
.99 augustus_masked-168156905-processed-gene-0.15-mRNA-1 5156104
.99 augustus_masked-168156783-processed-gene-0.1-mRNA-1 5083291
.99 augustus_masked-168154753-processed-gene-0.7-mRNA-1 5156089
.60 augustus_masked-168154322-processed-gene-0.1-mRNA-1 5155773
.32 augustus_masked-168154322-processed-gene-0.1-mRNA-1 831543
.31 augustus_masked-168153506-processed-gene-0.0-mRNA-1 1156414
.21 augustus_masked-168153506-processed-gene-0.0-mRNA-1 5079538
.54 augustus_masked-168152701-processed-gene-0.1-mRNA-1 731050
.16 augustus_masked-168152701-processed-gene-0.1-mRNA-1 475006
.53 augustus_masked-168150751-processed-gene-0.1-mRNA-1 2001465
.08 augustus_masked-168150751-processed-gene-0.1-mRNA-1 1720669
.94 augustus_masked-168147741-processed-gene-0.4-mRNA-1 5156045
.99 augustus_masked-168146477-processed-gene-0.1-mRNA-1 5090568
.99 augustus_masked-168145768-processed-gene-0.0-mRNA-1 5156283
.99 augustus_masked-168144148-processed-gene-0.1-mRNA-1 5155752
.99 augustus_masked-168144026-processed-gene-0.0-mRNA-1 5156278
.18 augustus_masked-168143487-processed-gene-0.3-mRNA-1 703589
.29 augustus_masked-168143487-processed-gene-0.3-mRNA-1 703592
.99 augustus_masked-168143196-processed-gene-0.12-mRNA-1 5155821
.83 augustus_masked-168143171-processed-gene-0.5-mRNA-1 5156165
.16 augustus_masked-168143171-processed-gene-0.5-mRNA-1 5079301
.48 augustus_masked-168142905-processed-gene-0.3-mRNA-1 5084696
.26 augustus_masked-168142905-processed-gene-0.3-mRNA-1 1695822
.95 augustus_masked-168140844-processed-gene-0.2-mRNA-1 637073
.99 augustus_masked-168139866-processed-gene-0.5-mRNA-1 1503548
.99 augustus_masked-168139664-processed-gene-0.4-mRNA-1 5156327
.99 augustus_masked-168138750-processed-gene-0.0-mRNA-1 5081943
.99 augustus_masked-168137910-processed-gene-0.0-mRNA-1 5081253
.99 augustus_masked-168137751-processed-gene-0.1-mRNA-1 5156052
.99 augustus_masked-168137129-processed-gene-0.1-mRNA-1 5155945
.87 augustus_masked-168135719-processed-gene-0.7-mRNA-1 5155818
.12 augustus_masked-168135719-processed-gene-0.7-mRNA-1 397782
.99 augustus_masked-168134911-processed-gene-0.1-mRNA-1 5156309
.99 augustus_masked-168134893-processed-gene-0.0-mRNA-1 5156235
.99 augustus_masked-168132471-processed-gene-0.0-mRNA-1 5078936
.69 augustus_masked-168125737-processed-gene-0.1-mRNA-1 5156224
.21 augustus_masked-168125737-processed-gene-0.1-mRNA-1 5085300
.99 augustus_masked-168125127-processed-gene-0.3-mRNA-1 5078672
.99 augustus_masked-168124981-processed-gene-0.0-mRNA-1 5155933
.99 augustus_masked-168123280-processed-gene-0.4-mRNA-1 5156366
.99 augustus_masked-168122537-processed-gene-0.0-mRNA-1 5156282
.73 augustus_masked-168120529-processed-gene-0.6-mRNA-1 2692578
.77 augustus_masked-168119776-processed-gene-0.1-mRNA-1 925431
.18 augustus_masked-168119776-processed-gene-0.1-mRNA-1 5092854
.99 augustus_masked-168119185-processed-gene-0.4-mRNA-1 5156090
.99 augustus_masked-168118944-processed-gene-0.1-mRNA-1 5156137
.76 augustus_masked-168117247-processed-gene-0.3-mRNA-1 5156296
.23 augustus_masked-168117247-processed-gene-0.3-mRNA-1 5079900
.99 augustus_masked-168117171-processed-gene-0.1-mRNA-1 5155885
.99 augustus_masked-168113120-processed-gene-0.3-mRNA-1 5155769
.66 augustus_masked-168110913-processed-gene-0.7-mRNA-1 5156290
.13 augustus_masked-168110913-processed-gene-0.7-mRNA-1 3248564
.99 augustus_masked-168110632-processed-gene-0.0-mRNA-1 5156143
.99 augustus_masked-168108657-processed-gene-0.0-mRNA-1 5155831
.99 augustus_masked-168107587-processed-gene-0.0-mRNA-1 5087464
.99 augustus_masked-168107337-processed-gene-0.2-mRNA-1 5155898
.99 augustus_masked-168106915-processed-gene-0.1-mRNA-1 5156346
.34 augustus_masked-168105669-processed-gene-0.3-mRNA-1 5156114
.65 augustus_masked-168105669-processed-gene-0.3-mRNA-1 5156114
.99 augustus_masked-168101744-processed-gene-0.0-mRNA-1 5155721
.99 augustus_masked-168100658-processed-gene-0.0-mRNA-1 5089735
.99 augustus_masked-168089468-processed-gene-0.0-mRNA-1 5156288
.53 augustus_masked-168088796-processed-gene-0.5-mRNA-1 3667787
.99 augustus_masked-168086386-processed-gene-0.4-mRNA-1 5090158
.99 augustus_masked-168086040-processed-gene-0.3-mRNA-1 5156026
.99 augustus_masked-168085162-processed-gene-0.1-mRNA-1 5156307
.99 augustus_masked-168081126-processed-gene-0.6-mRNA-1 5078017
.99 augustus_masked-168079202-processed-gene-0.3-mRNA-1 5155985
.99 augustus_masked-168076689-processed-gene-0.0-mRNA-1 5156067
.57 augustus_masked-168075266-processed-gene-0.4-mRNA-1 5084299
.28 augustus_masked-168073632-processed-gene-0.3-mRNA-1 4504618
.50 augustus_masked-168073632-processed-gene-0.3-mRNA-1 1486101
.99 augustus_masked-168070027-processed-gene-0.7-mRNA-1 5156023
.01 augustus_masked-168065758-processed-gene-0.0-mRNA-1 5155948
.99 augustus_masked-168065329-processed-gene-0.1-mRNA-1 5155862
.99 augustus_masked-168063138-processed-gene-0.6-mRNA-1 5155777
.99 augustus_masked-168060398-processed-gene-0.15-mRNA-1 5156068
.72 augustus_masked-168056380-processed-gene-0.1-mRNA-1 5156062
.99 augustus_masked-168053689-processed-gene-0.2-mRNA-1 5156080
.99 augustus_masked-168053619-processed-gene-0.0-mRNA-1 5155952
.99 augustus_masked-168050235-processed-gene-0.0-mRNA-1 5156007
.99 augustus_masked-168050117-processed-gene-0.0-mRNA-1 5155988
.99 augustus_masked-168048797-processed-gene-0.3-mRNA-1 5156205
.99 augustus_masked-168042770-processed-gene-0.1-mRNA-1 5155979
.99 augustus_masked-168041425-processed-gene-0.4-mRNA-1 5155923
.99 augustus_masked-168038738-processed-gene-0.14-mRNA-1 5155765
.09 augustus_masked-168029396-processed-gene-0.10-mRNA-1 1033521
.21 augustus_masked-168029396-processed-gene-0.10-mRNA-1 1764208
.99 augustus_masked-168027783-processed-gene-0.0-mRNA-1 5083685
.51 augustus_masked-168027072-processed-gene-0.2-mRNA-1 1812518
.18 augustus_masked-168027072-processed-gene-0.2-mRNA-1 4553247
.43 augustus_masked-168026261-processed-gene-0.2-mRNA-1 233730
.93 augustus_masked-168024456-processed-gene-0.1-mRNA-1 5156251
.30 augustus_masked-168024329-processed-gene-0.8-mRNA-1 5078894
.13 augustus_masked-168024329-processed-gene-0.8-mRNA-1 372811
.13 augustus_masked-168024329-processed-gene-0.8-mRNA-1 372852
.99 augustus_masked-168023958-processed-gene-0.4-mRNA-1 5156229
.09 augustus_masked-168022941-processed-gene-0.1-mRNA-1 5156189
.21 augustus_masked-168022941-processed-gene-0.1-mRNA-1 5156171
.46 augustus_masked-168019004-processed-gene-0.3-mRNA-1 5155886
.53 augustus_masked-168019004-processed-gene-0.3-mRNA-1 5081864
.99 augustus_masked-168019004-processed-gene-0.2-mRNA-1 5155886
.88 augustus_masked-168014894-processed-gene-0.0-mRNA-1 5156182
.11 augustus_masked-168014894-processed-gene-0.0-mRNA-1 5090686
.33 augustus_masked-168014532-processed-gene-0.3-mRNA-1 5083554
.24 augustus_masked-168014532-processed-gene-0.3-mRNA-1 2547744
.13 augustus_masked-168014532-processed-gene-0.3-mRNA-1 2281201
.99 augustus_masked-168007150-processed-gene-0.0-mRNA-1 5156095
.25 augustus_masked-168003134-processed-gene-0.0-mRNA-1 5100856
.18 augustus_masked-168003134-processed-gene-0.0-mRNA-1 3308401
.99 augustus_masked-168002720-processed-gene-0.0-mRNA-1 5156189
.17 augustus_masked-168002091-processed-gene-0.1-mRNA-1 5084341
.14 augustus_masked-168002091-processed-gene-0.1-mRNA-1 2096711
.96 augustus_masked-168001906-processed-gene-0.0-mRNA-1 5155785
.03 augustus_masked-168001906-processed-gene-0.0-mRNA-1 4091161
.99 augustus_masked-168000943-processed-gene-0.1-mRNA-1 5155795
.68 augustus_masked-167998294-processed-gene-0.3-mRNA-1 2689251
.23 augustus_masked-167998294-processed-gene-0.3-mRNA-1 1857676
.99 augustus_masked-167995031-processed-gene-0.10-mRNA-1 5155729
.68 augustus_masked-167994115-processed-gene-0.6-mRNA-1 5081238
.99 augustus_masked-167993638-processed-gene-0.1-mRNA-1 5156347
.99 augustus_masked-167992451-processed-gene-0.0-mRNA-1 5156146
.40 augustus_masked-167990478-processed-gene-0.8-mRNA-1 1974144
.32 augustus_masked-167990478-processed-gene-0.8-mRNA-1 777059
.99 augustus_masked-167989128-processed-gene-0.1-mRNA-1 5156360
.87 augustus_masked-167988530-processed-gene-0.0-mRNA-1 5156145
.09 augustus_masked-167988530-processed-gene-0.0-mRNA-1 1064995
.09 augustus_masked-167988530-processed-gene-0.0-mRNA-1 2081046
.08 augustus_masked-167988530-processed-gene-0.0-mRNA-1 695234
.99 augustus_masked-167988002-processed-gene-0.2-mRNA-1 5155938
.99 augustus_masked-167987704-processed-gene-0.7-mRNA-1 540880
.99 augustus_masked-167986870-processed-gene-0.0-mRNA-1 5155901
.99 augustus_masked-167983974-processed-gene-0.2-mRNA-1 5155887
.99 augustus_masked-167977170-processed-gene-0.0-mRNA-1 5155854
.88 augustus_masked-167976988-processed-gene-0.17-mRNA-1 5155907
.05 augustus_masked-167976988-processed-gene-0.17-mRNA-1 2005950
.99 augustus_masked-167971005-processed-gene-0.1-mRNA-1 5079932
.99 augustus_masked-167968022-processed-gene-0.1-mRNA-1 698322
.28 augustus_masked-167964991-processed-gene-0.1-mRNA-1 5083231
.18 augustus_masked-167964991-processed-gene-0.1-mRNA-1 554567
.99 augustus_masked-167964595-processed-gene-0.0-mRNA-1 5078082
.13 augustus_masked-167964480-processed-gene-0.9-mRNA-1 2748055
.14 augustus_masked-167964480-processed-gene-0.9-mRNA-1 949484
.65 augustus_masked-167963717-processed-gene-0.3-mRNA-1 5156049
.31 augustus_masked-167961791-processed-gene-0.2-mRNA-1 875696
.25 augustus_masked-167961791-processed-gene-0.2-mRNA-1 2012302
.99 augustus_masked-167961253-processed-gene-0.0-mRNA-1 5155876
.99 augustus_masked-167958808-processed-gene-0.3-mRNA-1 5156103
.99 augustus_masked-167957229-processed-gene-0.2-mRNA-1 5156392
.93 augustus_masked-167957050-processed-gene-0.3-mRNA-1 5156086
.04 augustus_masked-167957050-processed-gene-0.3-mRNA-1 677063
.99 augustus_masked-167949451-processed-gene-0.7-mRNA-1 5156157
.28 augustus_masked-167948271-processed-gene-0.0-mRNA-1 1766295
.69 augustus_masked-167943784-processed-gene-0.5-mRNA-1 5081619
.28 augustus_masked-167943784-processed-gene-0.5-mRNA-1 5088893
.99 augustus_masked-167943732-processed-gene-0.5-mRNA-1 5155998
.45 augustus_masked-167942660-processed-gene-0.4-mRNA-1 2848102
.30 augustus_masked-167942660-processed-gene-0.4-mRNA-1 3437906
.99 augustus_masked-167941534-processed-gene-0.2-mRNA-1 5156153
.99 augustus_masked-167940382-processed-gene-0.0-mRNA-1 5155843
.99 augustus_masked-167937783-processed-gene-0.2-mRNA-1 5155787
.99 augustus_masked-167937159-processed-gene-0.2-mRNA-1 5155943
.99 augustus_masked-167935987-processed-gene-0.3-mRNA-1 5156261
.99 augustus_masked-167934805-processed-gene-0.1-mRNA-1 5155814
.99 augustus_masked-167932084-processed-gene-0.0-mRNA-1 5156358
.99 augustus_masked-167931812-processed-gene-0.2-mRNA-1 5156151
.94 augustus_masked-167929491-processed-gene-0.0-mRNA-1 5156341
.03 augustus_masked-167929491-processed-gene-0.0-mRNA-1 2227227
.99 augustus_masked-167929112-processed-gene-0.0-mRNA-1 5155778
.99 augustus_masked-167927206-processed-gene-0.5-mRNA-1 5156074
.99 augustus_masked-167924612-processed-gene-0.2-mRNA-1 5155919
.99 augustus_masked-167924477-processed-gene-0.1-mRNA-1 5156088
.65 augustus_masked-167922716-processed-gene-0.34-mRNA-1 5081605
.22 augustus_masked-167922716-processed-gene-0.34-mRNA-1 5152187
.99 augustus_masked-167920184-processed-gene-0.7-mRNA-1 5155855
.84 augustus_masked-167918910-processed-gene-0.13-mRNA-1 5156123
.13 augustus_masked-167918910-processed-gene-0.13-mRNA-1 5092173
.99 augustus_masked-167916986-processed-gene-0.2-mRNA-1 5156273
.84 augustus_masked-167915881-processed-gene-0.1-mRNA-1 5155731
.11 augustus_masked-167915881-processed-gene-0.1-mRNA-1 1114113
.46 augustus_masked-167915622-processed-gene-0.0-mRNA-1 545902
.42 augustus_masked-167915622-processed-gene-0.0-mRNA-1 5092664
.99 augustus_masked-167915233-processed-gene-0.2-mRNA-1 5155861
.99 augustus_masked-167914925-processed-gene-0.1-mRNA-1 768589
.99 augustus_masked-167914815-processed-gene-0.0-mRNA-1 5155902
.50 augustus_masked-167908641-processed-gene-0.0-mRNA-1 606959
.23 augustus_masked-167908641-processed-gene-0.0-mRNA-1 2335570
.25 augustus_masked-167908641-processed-gene-0.0-mRNA-1 2687773
.23 augustus_masked-167908641-processed-gene-0.0-mRNA-1 1100928
.21 augustus_masked-167908641-processed-gene-0.0-mRNA-1 4024114
.99 augustus_masked-167908038-processed-gene-0.0-mRNA-1 5082224
.99 augustus_masked-167906599-processed-gene-0.1-mRNA-1 5156262
.76 augustus_masked-167902563-processed-gene-0.2-mRNA-1 5079581
.23 augustus_masked-167902563-processed-gene-0.2-mRNA-1 1399988
.99 augustus_masked-167895852-processed-gene-0.0-mRNA-1 5155808
.99 augustus_masked-167895353-processed-gene-0.1-mRNA-1 5155930
.99 augustus_masked-167894133-processed-gene-0.1-mRNA-1 5156272
.99 augustus_masked-167892212-processed-gene-0.0-mRNA-1 1441939
.99 augustus_masked-167892059-processed-gene-0.1-mRNA-1 5156039
.99 augustus_masked-167890542-processed-gene-0.0-mRNA-1 5156294
.32 augustus_masked-167890012-processed-gene-0.1-mRNA-1 5080721
.54 augustus_masked-167890012-processed-gene-0.1-mRNA-1 756039
.69 augustus_masked-167889027-processed-gene-0.0-mRNA-1 637073
.60 augustus_masked-167889027-processed-gene-0.0-mRNA-1 445083
.99 augustus_masked-167887692-processed-gene-0.2-mRNA-1 5156072
.91 augustus_masked-167879728-processed-gene-0.3-mRNA-1 5156010
.08 augustus_masked-167879728-processed-gene-0.3-mRNA-1 5095831
.35 augustus_masked-167875144-processed-gene-0.0-mRNA-1 1922911
.99 augustus_masked-167873313-processed-gene-0.8-mRNA-1 5156318
.99 augustus_masked-167873175-processed-gene-0.1-mRNA-1 5156389
.99 augustus_masked-167872780-processed-gene-0.0-mRNA-1 5080583
.11 augustus_masked-167872217-processed-gene-0.5-mRNA-1 5086344
.14 augustus_masked-167872092-processed-gene-0.1-mRNA-1 2123157
.81 augustus_masked-167872092-processed-gene-0.1-mRNA-1 5087475
.98 augustus_masked-167867781-processed-gene-0.6-mRNA-1 5155966
.99 augustus_masked-167867304-processed-gene-0.1-mRNA-1 5156082
.74 augustus_masked-167865352-processed-gene-0.8-mRNA-1 5156144
.86 augustus_masked-167865352-processed-gene-0.8-mRNA-1 5155822
.72 augustus_masked-167865352-processed-gene-0.8-mRNA-1 5155789
.19 augustus_masked-167865352-processed-gene-0.8-mRNA-1 686890
.09 augustus_masked-167865352-processed-gene-0.8-mRNA-1 1250284
.69 augustus_masked-167864537-processed-gene-0.7-mRNA-1 5079346
.27 augustus_masked-167864537-processed-gene-0.7-mRNA-1 4471169
.99 augustus_masked-167864363-processed-gene-0.2-mRNA-1 5155826
.99 augustus_masked-167864222-processed-gene-0.1-mRNA-1 5078243
.99 augustus_masked-167863336-processed-gene-0.0-mRNA-1 5156315
.98 augustus_masked-167855616-processed-gene-0.1-mRNA-1 5079544
.40 augustus_masked-167850591-processed-gene-0.0-mRNA-1 974169
.25 augustus_masked-167850591-processed-gene-0.0-mRNA-1 971641
.10 augustus_masked-167850591-processed-gene-0.0-mRNA-1 744747
.34 augustus_masked-167850314-processed-gene-0.12-mRNA-1 4448535
.99 augustus_masked-167843763-processed-gene-0.1-mRNA-1 5155978
.99 augustus_masked-167843124-processed-gene-0.2-mRNA-1 5156066
.48 augustus_masked-167842912-processed-gene-0.2-mRNA-1 2445780
.22 augustus_masked-167842912-processed-gene-0.2-mRNA-1 1721853
.39 augustus_masked-167841212-processed-gene-0.6-mRNA-1 1756127
.28 augustus_masked-167841212-processed-gene-0.6-mRNA-1 1116123
.99 augustus_masked-167841204-processed-gene-0.12-mRNA-1 5155997
.99 augustus_masked-167841173-processed-gene-0.8-mRNA-1 5155934
.99 augustus_masked-167841040-processed-gene-0.6-mRNA-1 5156005
.99 augustus_masked-167840748-processed-gene-0.0-mRNA-1 5156349
.99 augustus_masked-167840564-processed-gene-0.1-mRNA-1 5155813
.99 augustus_masked-167840235-processed-gene-0.18-mRNA-1 5077833
.99 augustus_masked-167840051-processed-gene-0.10-mRNA-1 518309
.92 augustus_masked-167840003-processed-gene-0.1-mRNA-1 5156393
.99 augustus_masked-167839618-processed-gene-0.2-mRNA-1 5156195
.99 augustus_masked-167839493-processed-gene-0.0-mRNA-1 5155896
.76 augustus_masked-167838072-processed-gene-0.0-mRNA-1 648990
.18 augustus_masked-167838072-processed-gene-0.0-mRNA-1 1882979
.12 augustus_masked-167836384-processed-gene-0.6-mRNA-1 5091255
.69 augustus_masked-167836384-processed-gene-0.6-mRNA-1 5156291
.42 augustus_masked-167835013-processed-gene-0.8-mRNA-1 5155892
.17 augustus_masked-167835013-processed-gene-0.8-mRNA-1 1070400
.97 augustus_masked-167834480-processed-gene-0.0-mRNA-1 5156387
.99 augustus_masked-167832312-processed-gene-0.5-mRNA-1 370879
.57 augustus_masked-167832312-processed-gene-0.5-mRNA-1 1662841
.99 augustus_masked-167831522-processed-gene-0.7-mRNA-1 158597
.46 augustus_masked-167831455-processed-gene-0.0-mRNA-1 1720314
.43 augustus_masked-167831455-processed-gene-0.0-mRNA-1 1060665
.99 augustus_masked-167831409-processed-gene-0.8-mRNA-1 5156302
.69 augustus_masked-167830933-processed-gene-0.4-mRNA-1 2649975
.19 augustus_masked-167830933-processed-gene-0.4-mRNA-1 4229849
.64 augustus_masked-167830659-processed-gene-0.0-mRNA-1 5155929
.12 augustus_masked-167830659-processed-gene-0.0-mRNA-1 1670811
.10 augustus_masked-167830659-processed-gene-0.0-mRNA-1 2612586
.99 augustus_masked-167830304-processed-gene-0.1-mRNA-1 5156022
.70 augustus_masked-167827970-processed-gene-0.8-mRNA-1 5109961
.28 augustus_masked-167827970-processed-gene-0.8-mRNA-1 3101648
.93 augustus_masked-167826540-processed-gene-0.8-mRNA-1 5155905
.06 augustus_masked-167826540-processed-gene-0.8-mRNA-1 5086715
.99 augustus_masked-167826540-processed-gene-0.5-mRNA-1 5155737
.24 augustus_masked-167825352-processed-gene-0.2-mRNA-1 5156375
.37 augustus_masked-167825352-processed-gene-0.2-mRNA-1 5156375
.99 augustus_masked-167823827-processed-gene-0.1-mRNA-1 5155897
.99 augustus_masked-167821462-processed-gene-0.1-mRNA-1 5096452
.25 augustus_masked-167820150-processed-gene-0.0-mRNA-1 1078382
.21 augustus_masked-167820150-processed-gene-0.0-mRNA-1 5090232
.49 augustus_masked-167819940-processed-gene-0.1-mRNA-1 5087255
.50 augustus_masked-167819940-processed-gene-0.1-mRNA-1 1296574
.99 augustus_masked-167819717-processed-gene-0.0-mRNA-1 5155757
.99 augustus_masked-167819461-processed-gene-0.6-mRNA-1 5156270
.60 augustus_masked-167819248-processed-gene-0.0-mRNA-1 5155884
.19 augustus_masked-167819248-processed-gene-0.0-mRNA-1 5155884
.15 augustus_masked-167819248-processed-gene-0.0-mRNA-1 5092403
.75 augustus_masked-167816065-processed-gene-0.2-mRNA-1 5081295
.13 augustus_masked-167816065-processed-gene-0.2-mRNA-1 5115856
.99 augustus_masked-167815241-processed-gene-0.0-mRNA-1 5156018
.99 augustus_masked-167814839-processed-gene-0.0-mRNA-1 5079557
.99 augustus_masked-167814796-processed-gene-0.9-mRNA-1 934691
.99 augustus_masked-167814774-processed-gene-0.0-mRNA-1 5155958
.99 augustus_masked-167813951-processed-gene-0.1-mRNA-1 5156385
.87 augustus_masked-167813562-processed-gene-0.1-mRNA-1 5156233
.11 augustus_masked-167813562-processed-gene-0.1-mRNA-1 5156233
.99 augustus_masked-167813405-processed-gene-0.2-mRNA-1 5156386
.59 augustus_masked-167812213-processed-gene-0.10-mRNA-1 5156289
.99 augustus_masked-167812132-processed-gene-0.6-mRNA-1 5155715
.99 augustus_masked-167812046-processed-gene-0.2-mRNA-1 5082408
.63 augustus_masked-167810256-processed-gene-0.1-mRNA-1 5090300
.33 augustus_masked-167810256-processed-gene-0.1-mRNA-1 682949
.31 augustus_masked-167809980-processed-gene-0.1-mRNA-1 5156348
.99 augustus_masked-167809606-processed-gene-0.2-mRNA-1 5155741
.99 augustus_masked-167809299-processed-gene-0.0-mRNA-1 5079573
.33 augustus_masked-167808003-processed-gene-0.0-mRNA-1 1026935
.65 augustus_masked-167808003-processed-gene-0.0-mRNA-1 1350298
.37 augustus_masked-167807106-processed-gene-0.10-mRNA-1 2146722
.31 augustus_masked-167807106-processed-gene-0.10-mRNA-1 2146724
.99 augustus_masked-167806957-processed-gene-0.4-mRNA-1 5084023
.40 augustus_masked-167806541-processed-gene-0.2-mRNA-1 5098775
.40 augustus_masked-167806541-processed-gene-0.2-mRNA-1 1404386
.09 augustus_masked-167805618-processed-gene-0.10-mRNA-1 1762284
.90 augustus_masked-167805618-processed-gene-0.10-mRNA-1 5155961
.99 augustus_masked-167802831-processed-gene-0.0-mRNA-1 5080467
.99 augustus_masked-167799996-processed-gene-0.7-mRNA-1 5155723
.99 augustus_masked-167799936-processed-gene-0.1-mRNA-1 5155802
.86 augustus_masked-167798865-processed-gene-0.2-mRNA-1 445083
.13 augustus_masked-167798865-processed-gene-0.2-mRNA-1 457964
.99 augustus_masked-167798770-processed-gene-0.0-mRNA-1 5080220
.99 augustus_masked-167798284-processed-gene-0.0-mRNA-1 5094945
.90 augustus_masked-167798104-processed-gene-0.0-mRNA-1 5155874
.06 augustus_masked-167798104-processed-gene-0.0-mRNA-1 2365660
.06 augustus_masked-167798104-processed-gene-0.0-mRNA-1 1592867
.99 augustus_masked-167797303-processed-gene-0.1-mRNA-1 5156317
.99 augustus_masked-167797150-processed-gene-0.5-mRNA-1 5155811
.99 augustus_masked-167797084-processed-gene-0.9-mRNA-1 5156032
.99 augustus_masked-167795672-processed-gene-0.2-mRNA-1 5155953
.99 augustus_masked-167793158-processed-gene-0.6-mRNA-1 5084284
.48 augustus_masked-167793158-processed-gene-0.10-mRNA-1 1931497
.50 augustus_masked-167793158-processed-gene-0.10-mRNA-1 2408436
.99 augustus_masked-167765273-processed-gene-0.0-mRNA-1 5155870
.24 augustus_masked-167751803-processed-gene-0.0-mRNA-1 5084077
.54 augustus_masked-167751803-processed-gene-0.0-mRNA-1 5080532
.60 augustus_masked-167722149-processed-gene-0.0-mRNA-1 774672
.57 augustus_masked-167722149-processed-gene-0.0-mRNA-1 2157727
.28 augustus_masked-167722149-processed-gene-0.0-mRNA-1 1573309
.28 augustus_masked-167722149-processed-gene-0.0-mRNA-1 1923971
.28 augustus_masked-167722149-processed-gene-0.0-mRNA-1 3662650
.88 augustus_masked-167476813-processed-gene-0.0-mRNA-1 2416923
.99 augustus_masked-167458657-processed-gene-0.0-mRNA-1 5156244
.37 augustus_masked-167357674-processed-gene-0.0-mRNA-1 1057290
.23 augustus_masked-167357674-processed-gene-0.0-mRNA-1 1057291
.99 augustus_masked-167353990-processed-gene-0.0-mRNA-1 5156298
.99 augustus_masked-167351915-processed-gene-0.0-mRNA-1 5156028
.87 augustus_masked-167263424-processed-gene-0.2-mRNA-1 5156106
.12 augustus_masked-167263424-processed-gene-0.2-mRNA-1 3270355
.77 augustus_masked-167243328-processed-gene-0.0-mRNA-1 5156193
.99 augustus_masked-167236155-processed-gene-0.0-mRNA-1 5155766
.99 augustus_masked-167234358-processed-gene-0.0-mRNA-1 5155867
.70 augustus_masked-167228950-processed-gene-0.1-mRNA-1 5155866
.13 augustus_masked-167228950-processed-gene-0.1-mRNA-1 1929819
.99 augustus_masked-167219112-processed-gene-0.0-mRNA-1 5078042
.99 augustus_masked-167219111-processed-gene-0.1-mRNA-1 5078042
.99 augustus_masked-167212265-processed-gene-0.0-mRNA-1 5156017
.99 augustus_masked-167210170-processed-gene-0.0-mRNA-1 5081389
.99 augustus_masked-167204387-processed-gene-0.0-mRNA-1 144927
.99 augustus_masked-167201819-processed-gene-0.1-mRNA-1 5156216
.99 augustus_masked-167200152-processed-gene-0.0-mRNA-1 5155986
.99 augustus_masked-167198735-processed-gene-0.3-mRNA-1 5156188
.44 augustus_masked-167196574-processed-gene-0.1-mRNA-1 2373230
.45 augustus_masked-167196574-processed-gene-0.1-mRNA-1 1925417
.99 augustus_masked-167196436-processed-gene-0.0-mRNA-1 5155974
.99 augustus_masked-167187769-processed-gene-0.0-mRNA-1 5086584
.99 augustus_masked-167183012-processed-gene-0.0-mRNA-1 5156264
.99 augustus_masked-167174538-processed-gene-0.0-mRNA-1 5155776
.99 augustus_masked-167152372-processed-gene-0.0-mRNA-1 5155815
.03 augustus_masked-167151707-processed-gene-0.1-mRNA-1 940154
.95 augustus_masked-167151707-processed-gene-0.1-mRNA-1 5156257
.99 augustus_masked-167130107-processed-gene-0.1-mRNA-1 5155849
.99 augustus_masked-167122188-processed-gene-0.0-mRNA-1 5156048
.38 augustus_masked-167109802-processed-gene-0.1-mRNA-1 5082512
.14 augustus_masked-167109802-processed-gene-0.1-mRNA-1 5089612
.99 augustus_masked-167095954-processed-gene-0.2-mRNA-1 5080779
.63 augustus_masked-167087399-processed-gene-0.1-mRNA-1 5099172
.21 augustus_masked-167087399-processed-gene-0.1-mRNA-1 2035789
.58 augustus_masked-167063863-processed-gene-0.0-mRNA-1 5083208
.40 augustus_masked-167063863-processed-gene-0.0-mRNA-1 5095568
.99 augustus_masked-167051515-processed-gene-0.0-mRNA-1 5156093
.99 augustus_masked-167050507-processed-gene-0.1-mRNA-1 5155964
.40 augustus_masked-167048256-processed-gene-0.1-mRNA-1 1114206
.29 augustus_masked-167048256-processed-gene-0.1-mRNA-1 1114203
.99 augustus_masked-167045582-processed-gene-0.0-mRNA-1 5155949
.59 augustus_masked-167041847-processed-gene-0.0-mRNA-1 5079128
.22 augustus_masked-167041847-processed-gene-0.0-mRNA-1 597860
.99 augustus_masked-167033022-processed-gene-0.0-mRNA-1 5156159
.83 augustus_masked-167019942-processed-gene-0.1-mRNA-1 5156054
.14 augustus_masked-167019942-processed-gene-0.1-mRNA-1 1245252
.99 augustus_masked-167012834-processed-gene-0.1-mRNA-1 730934
.58 augustus_masked-166985867-processed-gene-0.0-mRNA-1 1482413
.99 augustus_masked-166981598-processed-gene-0.0-mRNA-1 5155973
.96 augustus_masked-166956473-processed-gene-0.0-mRNA-1 5082846
.45 augustus_masked-166953384-processed-gene-0.0-mRNA-1 1246697
.42 augustus_masked-166953384-processed-gene-0.0-mRNA-1 5077996
.99 augustus_masked-166951630-processed-gene-0.0-mRNA-1 5155947
.42 augustus_masked-166947119-processed-gene-0.0-mRNA-1 5078670
.03 augustus_masked-166947119-processed-gene-0.0-mRNA-1 362091
.12 augustus_masked-166947119-processed-gene-0.0-mRNA-1 362091
.31 augustus_masked-166947012-processed-gene-0.0-mRNA-1 5084639
.13 augustus_masked-166947012-processed-gene-0.0-mRNA-1 1243627
.12 augustus_masked-166947012-processed-gene-0.0-mRNA-1 793351
.32 augustus_masked-166941382-processed-gene-0.0-mRNA-1 5080230
.25 augustus_masked-166941382-processed-gene-0.0-mRNA-1 5077289
.73 augustus_masked-166939593-processed-gene-0.0-mRNA-1 5111590
.25 augustus_masked-166939593-processed-gene-0.0-mRNA-1 4644852
.45 augustus_masked-166928994-processed-gene-0.0-mRNA-1 5086005
.22 augustus_masked-166928994-processed-gene-0.0-mRNA-1 1883738
.99 augustus_masked-166926399-processed-gene-0.0-mRNA-1 5156269
.99 augustus_masked-166924171-processed-gene-0.0-mRNA-1 5156079
.85 augustus_masked-166918682-processed-gene-0.1-mRNA-1 5156199
.14 augustus_masked-166918682-processed-gene-0.1-mRNA-1 1018291
.99 augustus_masked-166907323-processed-gene-0.1-mRNA-1 5156226
.93 augustus_masked-166889645-processed-gene-0.0-mRNA-1 5156353
.99 augustus_masked-166888896-processed-gene-0.0-mRNA-1 5155977
.99 augustus_masked-166882857-processed-gene-0.0-mRNA-1 5156279
.41 augustus_masked-166875524-processed-gene-0.0-mRNA-1 5086620
.29 augustus_masked-166875524-processed-gene-0.0-mRNA-1 5079876
.35 augustus_masked-166871153-processed-gene-0.0-mRNA-1 5084538
.63 augustus_masked-166871153-processed-gene-0.0-mRNA-1 5080679
.99 augustus_masked-166864467-processed-gene-0.1-mRNA-1 230680
.99 augustus_masked-166849731-processed-gene-0.0-mRNA-1 5156092
.99 augustus_masked-166846130-processed-gene-0.1-mRNA-1 5156215
.99 augustus_masked-166842099-processed-gene-0.1-mRNA-1 5156021
.60 augustus_masked-166824984-processed-gene-0.0-mRNA-1 5081515
.39 augustus_masked-166824984-processed-gene-0.0-mRNA-1 5081514
.07 augustus_masked-166822161-processed-gene-0.0-mRNA-1 5081229
.92 augustus_masked-166822161-processed-gene-0.0-mRNA-1 5156053
.99 augustus_masked-166819306-processed-gene-0.0-mRNA-1 5156128
.92 augustus_masked-166813204-processed-gene-0.0-mRNA-1 5079435
.07 augustus_masked-166813204-processed-gene-0.0-mRNA-1 5090081
.93 augustus_masked-166812921-processed-gene-0.0-mRNA-1 5093382
.06 augustus_masked-166812921-processed-gene-0.0-mRNA-1 1679131
.05 augustus_masked-166812921-processed-gene-0.0-mRNA-1 2953679
.05 augustus_masked-166812921-processed-gene-0.0-mRNA-1 3133420
.99 augustus_masked-166806025-processed-gene-0.0-mRNA-1 5156011
.99 augustus_masked-166802270-processed-gene-0.1-mRNA-1 5155959
.97 augustus_masked-166799071-processed-gene-0.0-mRNA-1 5155852
.99 augustus_masked-166796671-processed-gene-0.2-mRNA-1 5155957
.99 augustus_masked-166795133-processed-gene-0.1-mRNA-1 5155955
.99 augustus_masked-166775230-processed-gene-0.0-mRNA-1 5155733
.99 augustus_masked-166751873-processed-gene-0.0-mRNA-1 5156164
.48 augustus_masked-166744097-processed-gene-0.0-mRNA-1 5078991
.18 augustus_masked-166744097-processed-gene-0.0-mRNA-1 5078990
.87 augustus_masked-166722433-processed-gene-0.0-mRNA-1 5080457
.12 augustus_masked-166722433-processed-gene-0.0-mRNA-1 2478422
.56 augustus_masked-166699671-processed-gene-0.0-mRNA-1 5086306
.20 augustus_masked-166699671-processed-gene-0.0-mRNA-1 696666
.06 augustus_masked-166694858-processed-gene-0.0-mRNA-1 499042
.93 augustus_masked-166694858-processed-gene-0.0-mRNA-1 5155906
.99 augustus_masked-166691276-processed-gene-0.0-mRNA-1 5079416
.99 augustus_masked-166688901-processed-gene-0.1-mRNA-1 5156160
.99 augustus_masked-166676506-processed-gene-0.0-mRNA-1 5080315
.19 augustus_masked-166665649-processed-gene-0.0-mRNA-1 5080231
.34 augustus_masked-166665649-processed-gene-0.0-mRNA-1 5077317
.99 augustus_masked-166658789-processed-gene-0.2-mRNA-1 5156170
.31 augustus_masked-166653679-processed-gene-0.0-mRNA-1 4397743
.42 augustus_masked-166653679-processed-gene-0.0-mRNA-1 3510776
.99 augustus_masked-166638775-processed-gene-0.0-mRNA-1 5155853
.38 augustus_masked-166637586-processed-gene-0.0-mRNA-1 707705
.25 augustus_masked-166637586-processed-gene-0.0-mRNA-1 5088121
.16 augustus_masked-166637586-processed-gene-0.0-mRNA-1 1571624
.12 augustus_masked-166637586-processed-gene-0.0-mRNA-1 5091227
.99 augustus_masked-166636161-processed-gene-0.0-mRNA-1 5156256
.08 augustus_masked-166635318-processed-gene-0.0-mRNA-1 5156161
.63 augustus_masked-166635318-processed-gene-0.0-mRNA-1 5156161
.99 augustus_masked-166634215-processed-gene-0.0-mRNA-1 5087271
.99 augustus_masked-166632798-processed-gene-0.0-mRNA-1 5078296
.99 augustus_masked-166612523-processed-gene-0.2-mRNA-1 5155918
.54 augustus_masked-166611303-processed-gene-0.1-mRNA-1 5080365
.45 augustus_masked-166611303-processed-gene-0.1-mRNA-1 5081132
.99 augustus_masked-166603339-processed-gene-0.2-mRNA-1 5156041
.99 augustus_masked-166602925-processed-gene-0.1-mRNA-1 1302121
.96 augustus_masked-166602117-processed-gene-0.1-mRNA-1 5156355
.02 augustus_masked-166602117-processed-gene-0.1-mRNA-1 5083167
.99 augustus_masked-166598762-processed-gene-0.0-mRNA-1 5155860
.99 augustus_masked-166590198-processed-gene-0.0-mRNA-1 5080074
.99 augustus_masked-166582663-processed-gene-0.0-mRNA-1 5155888
.12 augustus_masked-166582141-processed-gene-0.1-mRNA-1 2649975
.99 augustus_masked-166575899-processed-gene-0.0-mRNA-1 5082002
.99 augustus_masked-166572215-processed-gene-0.1-mRNA-1 5155927
.96 augustus_masked-166569783-processed-gene-0.1-mRNA-1 5155781
.99 augustus_masked-166569327-processed-gene-0.1-mRNA-1 5156258
.66 augustus_masked-166562382-processed-gene-0.0-mRNA-1 5155863
.12 augustus_masked-166562382-processed-gene-0.0-mRNA-1 5080737
.10 augustus_masked-166562382-processed-gene-0.0-mRNA-1 892483
.99 augustus_masked-166546170-processed-gene-0.0-mRNA-1 5155829
.69 augustus_masked-166532123-processed-gene-0.1-mRNA-1 5080424
.25 augustus_masked-166532123-processed-gene-0.1-mRNA-1 5082610
.77 augustus_masked-166527179-processed-gene-0.0-mRNA-1 1163965
.21 augustus_masked-166527179-processed-gene-0.0-mRNA-1 4283015
.29 augustus_masked-166526482-processed-gene-0.0-mRNA-1 5086262
.43 augustus_masked-166526482-processed-gene-0.0-mRNA-1 948737
.99 augustus_masked-166515633-processed-gene-0.0-mRNA-1 5155940
.86 augustus_masked-166510344-processed-gene-0.1-mRNA-1 5100860
.99 augustus_masked-166503683-processed-gene-0.4-mRNA-1 5156285
.99 augustus_masked-166481277-processed-gene-0.0-mRNA-1 5155912
.99 augustus_masked-166462832-processed-gene-0.0-mRNA-1 5156004
.99 augustus_masked-166449174-processed-gene-0.0-mRNA-1 5156070
.99 augustus_masked-166443000-processed-gene-0.0-mRNA-1 5078815
.82 augustus_masked-166434217-processed-gene-0.0-mRNA-1 5085901
.17 augustus_masked-166434217-processed-gene-0.0-mRNA-1 1835952
.99 augustus_masked-166432650-processed-gene-0.0-mRNA-1 5156391
.99 augustus_masked-166421319-processed-gene-0.0-mRNA-1 5156249
.99 augustus_masked-166414248-processed-gene-0.0-mRNA-1 5155838
.99 augustus_masked-166403392-processed-gene-0.0-mRNA-1 5156379
.99 augustus_masked-166402395-processed-gene-0.0-mRNA-1 5155823
.99 augustus_masked-166399036-processed-gene-0.0-mRNA-1 5080820
.48 augustus_masked-166398954-processed-gene-0.1-mRNA-1 1522948
.31 augustus_masked-166398954-processed-gene-0.1-mRNA-1 5077575
.17 augustus_masked-166398954-processed-gene-0.1-mRNA-1 1190744
.15 augustus_masked-166398954-processed-gene-0.1-mRNA-1 1522952
.99 augustus_masked-166397571-processed-gene-0.0-mRNA-1 5155895
.99 augustus_masked-166396561-processed-gene-0.0-mRNA-1 5156202
.37 augustus_masked-166396019-processed-gene-0.0-mRNA-1 5081484
.24 augustus_masked-166396019-processed-gene-0.0-mRNA-1 5081069
.99 augustus_masked-166393132-processed-gene-0.0-mRNA-1 428926
.99 augustus_masked-166386740-processed-gene-0.0-mRNA-1 5156214
.99 augustus_masked-166372423-processed-gene-0.1-mRNA-1 5155980
.99 augustus_masked-166363357-processed-gene-0.0-mRNA-1 5078461
.66 augustus_masked-166359288-processed-gene-0.0-mRNA-1 5156196
.14 augustus_masked-166359288-processed-gene-0.0-mRNA-1 5080115
.99 augustus_masked-166352044-processed-gene-0.0-mRNA-1 5155991
.99 augustus_masked-166350556-processed-gene-0.0-mRNA-1 5156016
.99 augustus_masked-166345751-processed-gene-0.0-mRNA-1 5156148
.99 augustus_masked-166336943-processed-gene-0.1-mRNA-1 5155842
.99 augustus_masked-166329013-processed-gene-0.0-mRNA-1 5155800
.99 augustus_masked-166303890-processed-gene-0.0-mRNA-1 5155908
.99 augustus_masked-166278787-processed-gene-0.0-mRNA-1 5156239
.55 augustus_masked-166273236-processed-gene-0.0-mRNA-1 5094561
.38 augustus_masked-166273236-processed-gene-0.0-mRNA-1 5093845
.99 augustus_masked-166273037-processed-gene-0.0-mRNA-1 5155825
.99 augustus_masked-166272012-processed-gene-0.0-mRNA-1 5155722
.69 augustus_masked-166253586-processed-gene-0.2-mRNA-1 5156369
.18 augustus_masked-166253586-processed-gene-0.2-mRNA-1 5079461
.94 augustus_masked-166236181-processed-gene-0.0-mRNA-1 5155946
.38 augustus_masked-166228894-processed-gene-0.0-mRNA-1 5110681
.19 augustus_masked-166228894-processed-gene-0.0-mRNA-1 1975305
.99 augustus_masked-166226383-processed-gene-0.1-mRNA-1 5156264
.99 augustus_masked-166218451-processed-gene-0.0-mRNA-1 5156232
.99 augustus_masked-166207517-processed-gene-0.0-mRNA-1 5077402
.57 augustus_masked-166200433-processed-gene-0.0-mRNA-1 5082392
.34 augustus_masked-166200433-processed-gene-0.0-mRNA-1 857143
.99 augustus_masked-166196975-processed-gene-0.2-mRNA-1 5156305
.58 augustus_masked-166196620-processed-gene-0.0-mRNA-1 5156350
.99 augustus_masked-166192049-processed-gene-0.0-mRNA-1 5155732
.08 augustus_masked-166186252-processed-gene-0.0-mRNA-1 986384
.91 augustus_masked-166186252-processed-gene-0.0-mRNA-1 5155747
.99 augustus_masked-166177354-processed-gene-0.0-mRNA-1 5156312
.56 augustus_masked-166154275-processed-gene-0.0-mRNA-1 5156184
.13 augustus_masked-166154275-processed-gene-0.0-mRNA-1 5087980
.80 augustus_masked-166133206-processed-gene-0.0-mRNA-1 5156162
.10 augustus_masked-166133206-processed-gene-0.0-mRNA-1 771642
.97 augustus_masked-166127505-processed-gene-0.0-mRNA-1 1802059
.30 augustus_masked-166125841-processed-gene-0.0-mRNA-1 1682255
.58 augustus_masked-166125841-processed-gene-0.0-mRNA-1 5082745
.91 augustus_masked-166088674-processed-gene-0.0-mRNA-1 5081270
.99 augustus_masked-166054021-processed-gene-0.1-mRNA-1 5155881
.37 augustus_masked-166042400-processed-gene-0.1-mRNA-1 3126995
.30 augustus_masked-166042400-processed-gene-0.1-mRNA-1 2039291
.96 augustus_masked-166034448-processed-gene-0.1-mRNA-1 5156277
.03 augustus_masked-166034448-processed-gene-0.1-mRNA-1 3600682
.99 augustus_masked-166029284-processed-gene-0.0-mRNA-1 5156100
.22 augustus_masked-165993627-processed-gene-0.0-mRNA-1 2709335
.21 augustus_masked-165993627-processed-gene-0.0-mRNA-1 2405945
.99 augustus_masked-165929190-processed-gene-0.1-mRNA-1 5105731
.55 augustus_masked-165928839-processed-gene-0.0-mRNA-1 5078767
.24 augustus_masked-165928839-processed-gene-0.0-mRNA-1 5082176
.99 augustus_masked-165860553-processed-gene-0.0-mRNA-1 5155987
.99 augustus_masked-165849520-processed-gene-0.0-mRNA-1 719265
.26 augustus_masked-165846052-processed-gene-0.0-mRNA-1 1576211
.16 augustus_masked-165846052-processed-gene-0.0-mRNA-1 2365358
.14 augustus_masked-165846052-processed-gene-0.0-mRNA-1 766900
.15 augustus_masked-165846052-processed-gene-0.0-mRNA-1 461608
.16 augustus_masked-165846052-processed-gene-0.0-mRNA-1 3180274
.99 augustus_masked-165842763-processed-gene-0.0-mRNA-1 5155822
.99 augustus_masked-165834799-processed-gene-0.0-mRNA-1 5155804
.52 augustus_masked-165671819-processed-gene-0.0-mRNA-1 5088346
.18 augustus_masked-165671819-processed-gene-0.0-mRNA-1 4700125
.17 augustus_masked-165654167-processed-gene-0.0-mRNA-1 421665
.23 augustus_masked-165654167-processed-gene-0.0-mRNA-1 2225695
.99 augustus_masked-165638823-processed-gene-0.0-mRNA-1 5156033
.99 augustus_masked-165618298-processed-gene-0.0-mRNA-1 5156241
.82 augustus_masked-165579536-processed-gene-0.0-mRNA-1 5078819
.15 augustus_masked-165579536-processed-gene-0.0-mRNA-1 1653284
.99 augustus_masked-165549066-processed-gene-0.0-mRNA-1 5156025
.12 augustus_masked-165521715-processed-gene-0.0-mRNA-1 594393
.87 augustus_masked-165521715-processed-gene-0.0-mRNA-1 5156306
.51 augustus_masked-165513700-processed-gene-0.1-mRNA-1 2950755
.99 augustus_masked-165511409-processed-gene-0.0-mRNA-1 5081045
.98 augustus_masked-165482434-processed-gene-0.0-mRNA-1 5082301
.23 augustus_masked-165480568-processed-gene-0.0-mRNA-1 1348788
.99 augustus_masked-165479598-processed-gene-0.0-mRNA-1 5082752
.99 augustus_masked-165423691-processed-gene-0.0-mRNA-1 5077419
.99 augustus_masked-165308838-processed-gene-0.0-mRNA-1 5155893
.53 augustus_masked-165290087-processed-gene-0.0-mRNA-1 346090
.29 augustus_masked-165290087-processed-gene-0.0-mRNA-1 346087
.38 augustus_masked-165186837-processed-gene-0.0-mRNA-1 1270635
.21 augustus_masked-165186837-processed-gene-0.0-mRNA-1 3058535
.99 augustus_masked-165164311-processed-gene-0.0-mRNA-1 5084210
.91 augustus_masked-165157537-processed-gene-0.1-mRNA-1 5093111
.08 augustus_masked-165157537-processed-gene-0.1-mRNA-1 2738301
.08 augustus_masked-165157537-processed-gene-0.1-mRNA-1 1687706
.99 augustus_masked-165132234-processed-gene-0.0-mRNA-1 557296
.38 augustus_masked-165120295-processed-gene-0.0-mRNA-1 5084906
.16 augustus_masked-165120295-processed-gene-0.0-mRNA-1 968335
.75 augustus_masked-165118678-processed-gene-0.0-mRNA-1 5081064
.20 augustus_masked-165118678-processed-gene-0.0-mRNA-1 1579265
.20 augustus_masked-165083520-processed-gene-0.1-mRNA-1 5079777
.20 augustus_masked-165083520-processed-gene-0.1-mRNA-1 2397761
.17 augustus_masked-165083520-processed-gene-0.1-mRNA-1 5078207
.99 augustus_masked-165082396-processed-gene-0.0-mRNA-1 5156071
.55 augustus_masked-165076663-processed-gene-0.0-mRNA-1 1815950
.38 augustus_masked-165076663-processed-gene-0.0-mRNA-1 1124300
.99 augustus_masked-165070137-processed-gene-0.2-mRNA-1 5078098
.27 augustus_masked-165021365-processed-gene-0.0-mRNA-1 133412
.16 augustus_masked-165021365-processed-gene-0.0-mRNA-1 1530330
.52 augustus_masked-164913955-processed-gene-0.0-mRNA-1 5080747
.46 augustus_masked-164913955-processed-gene-0.0-mRNA-1 5108854
.99 augustus_masked-164890525-processed-gene-0.0-mRNA-1 5155783
.19 augustus_masked-164882258-processed-gene-0.0-mRNA-1 5156039
.17 augustus_masked-164882258-processed-gene-0.0-mRNA-1 920453
.99 augustus_masked-164842537-processed-gene-0.0-mRNA-1 5156061
.44 augustus_masked-164765120-processed-gene-0.0-mRNA-1 5079534
.23 augustus_masked-164765120-processed-gene-0.0-mRNA-1 806287
.99 augustus_masked-164670580-processed-gene-0.0-mRNA-1 5119868
.99 augustus_masked-164639279-processed-gene-0.0-mRNA-1 5079549
.99 augustus_masked-164532107-processed-gene-0.0-mRNA-1 5156073
.99 augustus_masked-164497338-processed-gene-0.0-mRNA-1 5089353
.99 augustus_masked-164484758-processed-gene-0.0-mRNA-1 739111
.46 augustus_masked-164436347-processed-gene-0.0-mRNA-1 4444527
.99 augustus_masked-164388300-processed-gene-0.0-mRNA-1 5155844
.45 augustus_masked-164361246-processed-gene-0.0-mRNA-1 2598573
.21 augustus_masked-164361246-processed-gene-0.0-mRNA-1 4356911
.99 augustus_masked-164312928-processed-gene-0.0-mRNA-1 5155889
.52 augustus_masked-164304488-processed-gene-0.0-mRNA-1 3945289
.98 augustus_masked-164236887-processed-gene-0.0-mRNA-1 5155848
.85 augustus_masked-164230340-processed-gene-0.0-mRNA-1 5083571
.14 augustus_masked-164230340-processed-gene-0.0-mRNA-1 5078262
.71 augustus_masked-164230156-processed-gene-0.1-mRNA-1 5156377
.99 augustus_masked-164182358-processed-gene-0.0-mRNA-1 5155932
.68 augustus_masked-164176512-processed-gene-0.0-mRNA-1 707696
.17 augustus_masked-164176512-processed-gene-0.0-mRNA-1 5081006
.55 augustus_masked-164156711-processed-gene-0.0-mRNA-1 5081709
.40 augustus_masked-164156711-processed-gene-0.0-mRNA-1 5094212
.99 augustus_masked-164138161-processed-gene-0.0-mRNA-1 5077737
.99 augustus_masked-164135065-processed-gene-0.1-mRNA-1 5156276
.99 augustus_masked-164124093-processed-gene-0.1-mRNA-1 5156271
.64 augustus_masked-164055532-processed-gene-0.1-mRNA-1 1767738
.99 augustus_masked-164044203-processed-gene-0.0-mRNA-1 5155984
.99 augustus_masked-164039539-processed-gene-0.0-mRNA-1 5156075
.99 augustus_masked-164016228-processed-gene-0.0-mRNA-1 5156107
.99 augustus_masked-164006246-processed-gene-0.0-mRNA-1 5079181
.99 augustus_masked-163994809-processed-gene-0.0-mRNA-1 5156236
.44 augustus_masked-163984269-processed-gene-0.0-mRNA-1 1062265
.39 augustus_masked-163984269-processed-gene-0.0-mRNA-1 1626882
.08 augustus_masked-163966911-processed-gene-0.2-mRNA-1 2866108
.21 augustus_masked-163966911-processed-gene-0.2-mRNA-1 5103707
.26 augustus_masked-163949268-processed-gene-0.0-mRNA-1 5093369
.51 augustus_masked-163949268-processed-gene-0.0-mRNA-1 5082540
.35 augustus_masked-163948251-processed-gene-0.0-mRNA-1 1808484
.64 augustus_masked-163948251-processed-gene-0.0-mRNA-1 5085851
.29 augustus_masked-163912774-processed-gene-0.0-mRNA-1 5082799
.24 augustus_masked-163912774-processed-gene-0.0-mRNA-1 1053734
.24 augustus_masked-163912774-processed-gene-0.0-mRNA-1 1518963
.31 augustus_masked-163901590-processed-gene-0.0-mRNA-1 2275225
.25 augustus_masked-163901590-processed-gene-0.0-mRNA-1 2275234
.99 augustus_masked-163897976-processed-gene-0.0-mRNA-1 1811037
.68 augustus_masked-163880074-processed-gene-0.0-mRNA-1 5088482
.25 augustus_masked-163880074-processed-gene-0.0-mRNA-1 5089384
.99 augustus_masked-163822686-processed-gene-0.2-mRNA-1 5155845
.08 augustus_masked-163766643-processed-gene-0.1-mRNA-1 653077
.90 augustus_masked-163766643-processed-gene-0.1-mRNA-1 5156134
.76 augustus_masked-163689328-processed-gene-0.0-mRNA-1 5155767
.15 augustus_masked-163689328-processed-gene-0.0-mRNA-1 5079603
.99 augustus_masked-163666880-processed-gene-0.1-mRNA-1 5155915
.99 augustus_masked-163643823-processed-gene-0.0-mRNA-1 5080588
.14 augustus_masked-163623599-processed-gene-0.0-mRNA-1 2008938
.23 augustus_masked-163623599-processed-gene-0.0-mRNA-1 5099956
.60 augustus_masked-163540267-processed-gene-0.0-mRNA-1 1033573
.39 augustus_masked-163540267-processed-gene-0.0-mRNA-1 869754
.84 augustus_masked-163536767-processed-gene-0.0-mRNA-1 1589866
.99 augustus_masked-163517678-processed-gene-0.1-mRNA-1 5156368
.99 augustus_masked-163503528-processed-gene-0.0-mRNA-1 5156230
.21 augustus_masked-163480470-processed-gene-0.1-mRNA-1 250627
.14 augustus_masked-163480470-processed-gene-0.1-mRNA-1 312226
.14 augustus_masked-163480470-processed-gene-0.1-mRNA-1 453692
.04 augustus_masked-163480470-processed-gene-0.1-mRNA-1 482290
.55 augustus_masked-163450215-processed-gene-0.0-mRNA-1 5081993
.19 augustus_masked-163450215-processed-gene-0.0-mRNA-1 117597
.99 augustus_masked-163436855-processed-gene-0.1-mRNA-1 5156297
.99 augustus_masked-163410974-processed-gene-0.0-mRNA-1 5156119
.99 augustus_masked-163404630-processed-gene-0.1-mRNA-1 5080533
.99 augustus_masked-163404341-processed-gene-0.0-mRNA-1 5156191
.99 augustus_masked-163393288-processed-gene-0.0-mRNA-1 5156185
.99 augustus_masked-163331802-processed-gene-0.0-mRNA-1 5155975
.99 augustus_masked-163245988-processed-gene-0.2-mRNA-1 5080362
.99 augustus_masked-163182345-processed-gene-0.0-mRNA-1 5155806
.38 augustus_masked-163165758-processed-gene-0.0-mRNA-1 2951266
.40 augustus_masked-163165758-processed-gene-0.0-mRNA-1 724218
.99 augustus_masked-163144905-processed-gene-0.0-mRNA-1 5156139
.99 augustus_masked-163142492-processed-gene-0.0-mRNA-1 5156301
.99 augustus_masked-163127727-processed-gene-0.0-mRNA-1 5080536
.99 augustus_masked-163111636-processed-gene-0.0-mRNA-1 5156105
.99 augustus_masked-163098266-processed-gene-0.0-mRNA-1 5156268
.99 augustus_masked-163085346-processed-gene-0.1-mRNA-1 5080178
.99 augustus_masked-163059219-processed-gene-0.0-mRNA-1 5080277
.99 augustus_masked-163056377-processed-gene-0.0-mRNA-1 5156154
.99 augustus_masked-162991318-processed-gene-0.0-mRNA-1 5083849
.97 augustus_masked-162952495-processed-gene-0.1-mRNA-1 2223924
.99 augustus_masked-162936136-processed-gene-0.1-mRNA-1 5156116
.45 augustus_masked-162926840-processed-gene-0.0-mRNA-1 588802
.51 augustus_masked-162926840-processed-gene-0.0-mRNA-1 2948290
.85 augustus_masked-162903465-processed-gene-0.0-mRNA-1 5110521
.66 augustus_masked-162902512-processed-gene-0.0-mRNA-1 5080373
.33 augustus_masked-162902512-processed-gene-0.0-mRNA-1 5080437
.99 augustus_masked-162899247-processed-gene-0.0-mRNA-1 5155762
.99 augustus_masked-162827743-processed-gene-0.0-mRNA-1 5081528
.99 augustus_masked-162759288-processed-gene-0.0-mRNA-1 5148099
.99 augustus_masked-162739565-processed-gene-0.2-mRNA-1 658494
.99 augustus_masked-162706430-processed-gene-0.0-mRNA-1 5094592
.99 augustus_masked-162706066-processed-gene-0.0-mRNA-1 5155922
.84 augustus_masked-162644485-processed-gene-0.1-mRNA-1 5080500
.10 augustus_masked-162644485-processed-gene-0.1-mRNA-1 4929225
.99 augustus_masked-162611389-processed-gene-0.0-mRNA-1 5156231
.99 augustus_masked-162604905-processed-gene-0.0-mRNA-1 5084682
.99 augustus_masked-162599146-processed-gene-0.1-mRNA-1 5094678
.99 augustus_masked-162591030-processed-gene-0.0-mRNA-1 5156326
.54 augustus_masked-162588525-processed-gene-0.0-mRNA-1 1284226
.23 augustus_masked-162588525-processed-gene-0.0-mRNA-1 2587480
.37 augustus_masked-162531797-processed-gene-0.0-mRNA-1 5101533
.28 augustus_masked-162531797-processed-gene-0.0-mRNA-1 5093342
.24 augustus_masked-162531797-processed-gene-0.0-mRNA-1 1206602
.20 augustus_masked-162531797-processed-gene-0.0-mRNA-1 1860917
.99 augustus_masked-162442556-processed-gene-0.1-mRNA-1 5081827
.85 augustus_masked-162362536-processed-gene-0.1-mRNA-1 5156051
.10 augustus_masked-162362536-processed-gene-0.1-mRNA-1 2038100
.50 augustus_masked-162342153-processed-gene-0.1-mRNA-1 5156255
.37 augustus_masked-162342153-processed-gene-0.1-mRNA-1 5086717
.36 augustus_masked-162318402-processed-gene-0.0-mRNA-1 4316618
.34 augustus_masked-162318402-processed-gene-0.0-mRNA-1 4316619
.15 augustus_masked-162301359-processed-gene-0.0-mRNA-1 1734939
.57 augustus_masked-162301359-processed-gene-0.0-mRNA-1 5093925
.28 augustus_masked-162282389-processed-gene-0.0-mRNA-1 1293339
.21 augustus_masked-162282389-processed-gene-0.0-mRNA-1 1796146
.99 augustus_masked-162249451-processed-gene-0.0-mRNA-1 5156180
.19 augustus_masked-162246406-processed-gene-0.1-mRNA-1 1082849
.23 augustus_masked-162246406-processed-gene-0.1-mRNA-1 1196149
.99 augustus_masked-162128440-processed-gene-0.0-mRNA-1 5079265
.99 augustus_masked-162100704-processed-gene-0.3-mRNA-1 568875
.99 augustus_masked-162088407-processed-gene-0.1-mRNA-1 5093071
.10 augustus_masked-162039724-processed-gene-0.0-mRNA-1 2043011
.51 augustus_masked-162039724-processed-gene-0.0-mRNA-1 5156125
.99 augustus_masked-162020190-processed-gene-0.0-mRNA-1 5156280
.99 augustus_masked-161990408-processed-gene-0.0-mRNA-1 5155817
.99 augustus_masked-161971473-processed-gene-0.0-mRNA-1 5155900
.99 augustus_masked-161960809-processed-gene-0.0-mRNA-1 5156118
.99 augustus_masked-161960070-processed-gene-0.1-mRNA-1 5155735
.74 augustus_masked-161939159-processed-gene-0.0-mRNA-1 5156299
.34 augustus_masked-161896787-processed-gene-0.0-mRNA-1 5082495
.08 augustus_masked-161896787-processed-gene-0.0-mRNA-1 5080990
.99 augustus_masked-161866779-processed-gene-0.0-mRNA-1 5077450
.99 augustus_masked-161853646-processed-gene-0.1-mRNA-1 5155794
.99 augustus_masked-161823563-processed-gene-0.2-mRNA-1 5082104
.99 augustus_masked-161707925-processed-gene-0.0-mRNA-1 5156200
.78 augustus_masked-161655789-processed-gene-0.0-mRNA-1 5087456
.21 augustus_masked-161655789-processed-gene-0.0-mRNA-1 5087457
.99 augustus_masked-161637480-processed-gene-0.0-mRNA-1 5082979
.50 augustus_masked-161631383-processed-gene-0.0-mRNA-1 5082799
.13 augustus_masked-161631383-processed-gene-0.0-mRNA-1 981858
.99 augustus_masked-161610211-processed-gene-0.0-mRNA-1 5156019
.99 augustus_masked-161574595-processed-gene-0.0-mRNA-1 5155809
.35 augustus_masked-161567023-processed-gene-0.0-mRNA-1 2477936
.39 augustus_masked-161567023-processed-gene-0.0-mRNA-1 2659014
.99 augustus_masked-161520615-processed-gene-0.1-mRNA-1 5078085
.99 augustus_masked-161494145-processed-gene-0.2-mRNA-1 5080755
.55 augustus_masked-161474922-processed-gene-0.0-mRNA-1 5079585
.39 augustus_masked-161474922-processed-gene-0.0-mRNA-1 5080536
.99 augustus_masked-161465451-processed-gene-0.0-mRNA-1 5155780
.99 augustus_masked-161460871-processed-gene-0.0-mRNA-1 5078387
.22 augustus_masked-161441644-processed-gene-0.0-mRNA-1 2613193
.54 augustus_masked-161441644-processed-gene-0.0-mRNA-1 655944
.90 augustus_masked-161425927-processed-gene-0.0-mRNA-1 5080186
.09 augustus_masked-161425927-processed-gene-0.0-mRNA-1 1282967
.73 augustus_masked-161361862-processed-gene-0.0-mRNA-1 2975314
.99 augustus_masked-160589544-processed-gene-0.0-mRNA-1 5155904
.99 augustus_masked-160571963-processed-gene-0.0-mRNA-1 5088213
.99 augustus_masked-160535725-processed-gene-0.0-mRNA-1 5156187
.99 augustus_masked-160417307-processed-gene-0.0-mRNA-1 5100348
.99 augustus_masked-160385594-processed-gene-0.0-mRNA-1 5155754
.42 augustus_masked-160384079-processed-gene-0.0-mRNA-1 4589085
.05 augustus_masked-160355095-processed-gene-0.0-mRNA-1 1033212
0 augustus_masked-160355095-processed-gene-0.0-mRNA-1 5156069
.01 augustus_masked-160355095-processed-gene-0.0-mRNA-1 5156069
.48 augustus_masked-160267126-processed-gene-0.2-mRNA-1 5156252
.21 augustus_masked-160267126-processed-gene-0.2-mRNA-1 5078084
.99 augustus_masked-160084814-processed-gene-0.0-mRNA-1 5155751
.99 augustus_masked-160042276-processed-gene-0.0-mRNA-1 5155830
.48 augustus_masked-159882295-processed-gene-0.0-mRNA-1 5102331
.46 augustus_masked-159882295-processed-gene-0.0-mRNA-1 2190000
.88 augustus_masked-159766302-processed-gene-0.0-mRNA-1 5077770
.10 augustus_masked-159766302-processed-gene-0.0-mRNA-1 1773413
.99 augustus_masked-159756926-processed-gene-0.1-mRNA-1 5079330
.44 augustus_masked-159676842-processed-gene-0.0-mRNA-1 1240262
.09 augustus_masked-159676842-processed-gene-0.0-mRNA-1 2711384
.99 augustus_masked-159663399-processed-gene-0.0-mRNA-1 5156147
.99 augustus_masked-159534971-processed-gene-0.0-mRNA-1 5155725
.99 augustus_masked-159520204-processed-gene-0.1-mRNA-1 5156141
.99 augustus_masked-159517812-processed-gene-0.0-mRNA-1 5078428
.26 augustus_masked-159456358-processed-gene-0.0-mRNA-1 5081224
.73 augustus_masked-159456358-processed-gene-0.0-mRNA-1 5156197
.99 augustus_masked-159454866-processed-gene-0.0-mRNA-1 5156300
.99 augustus_masked-159454360-processed-gene-0.0-mRNA-1 5082039
.59 augustus_masked-159349468-processed-gene-0.0-mRNA-1 5085211
.27 augustus_masked-159349468-processed-gene-0.0-mRNA-1 5103850
.99 augustus_masked-159287479-processed-gene-0.0-mRNA-1 5080118
.99 augustus_masked-159280557-processed-gene-0.0-mRNA-1 5155827
.99 augustus_masked-159279420-processed-gene-0.0-mRNA-1 5155801
.51 augustus_masked-159081026-processed-gene-0.0-mRNA-1 5156342
.99 augustus_masked-159044015-processed-gene-0.0-mRNA-1 5156012
.99 augustus_masked-158993501-processed-gene-0.0-mRNA-1 5155989
.99 augustus_masked-158970197-processed-gene-0.0-mRNA-1 5086532
.99 augustus_masked-158925609-processed-gene-0.0-mRNA-1 5078115
.99 augustus_masked-158905182-processed-gene-0.0-mRNA-1 5083857
.99 augustus_masked-158868022-processed-gene-0.0-mRNA-1 5155791
.99 augustus_masked-158847211-processed-gene-0.0-mRNA-1 5156030
.99 augustus_masked-158749036-processed-gene-0.0-mRNA-1 5080329
.99 augustus_masked-158581623-processed-gene-0.0-mRNA-1 5155847
.99 augustus_masked-158455949-processed-gene-0.1-mRNA-1 5155917
.99 augustus_masked-158414929-processed-gene-0.0-mRNA-1 5155891
.99 augustus_masked-158296454-processed-gene-0.0-mRNA-1 5155772
.45 augustus_masked-148817660-processed-gene-0.0-mRNA-1 1716249
.24 augustus_masked-148817660-processed-gene-0.0-mRNA-1 2138835
.15 augustus_masked-148817660-processed-gene-0.0-mRNA-1 3152956
.99 augustus_masked-146992770-processed-gene-0.0-mRNA-1 5156050
.72 augustus_masked-140382321-processed-gene-0.0-mRNA-1 5092969
.20 augustus_masked-140382321-processed-gene-0.0-mRNA-1 5088881
.99 augustus_masked-112047644-processed-gene-0.0-mRNA-1 5102825
.10 augustus_masked-10930138-processed-gene-0.0-mRNA-1 5087809
.88 augustus_masked-10930138-processed-gene-0.0-mRNA-1 5083970
.51 snap_masked-168576875-processed-gene-0.62-mRNA-1 3402511
.20 snap_masked-168571939-processed-gene-1.52-mRNA-1 1942766
.17 snap_masked-168571939-processed-gene-1.52-mRNA-1 307258
.98 snap_masked-168564450-processed-gene-0.30-mRNA-1 5156130
.22 snap_masked-168524305-processed-gene-0.4-mRNA-1 1189564
.06 snap_masked-168524305-processed-gene-0.4-mRNA-1 1890308
.10 snap_masked-168524305-processed-gene-0.4-mRNA-1 1301257
.99 snap_masked-168517811-processed-gene-0.11-mRNA-1 5079427
.68 snap_masked-168516704-processed-gene-0.42-mRNA-1 5155935
.67 snap_masked-168462660-processed-gene-0.16-mRNA-1 1799618
.28 snap_masked-168462660-processed-gene-0.16-mRNA-1 1799619
.07 snap_masked-168444448-processed-gene-0.13-mRNA-1 5091120
.87 snap_masked-168444448-processed-gene-0.13-mRNA-1 5155995
.02 snap_masked-168403189-processed-gene-0.8-mRNA-1 5156204
.70 snap_masked-168382665-processed-gene-0.12-mRNA-1 5155746
.19 snap_masked-168382665-processed-gene-0.12-mRNA-1 5086870
.19 snap_masked-168382665-processed-gene-0.12-mRNA-1 1736816
.19 snap_masked-168382665-processed-gene-0.12-mRNA-1 1518481
.99 snap_masked-168369745-processed-gene-0.102-mRNA-1 5155836
.99 snap_masked-168364669-processed-gene-0.37-mRNA-1 5156227
.98 snap_masked-168361743-processed-gene-0.84-mRNA-1 5090849
.38 snap_masked-168357327-processed-gene-0.14-mRNA-1 5082344
.30 snap_masked-168357327-processed-gene-0.14-mRNA-1 306007
.98 snap_masked-168315595-processed-gene-0.80-mRNA-1 5079751
.99 snap_masked-168266971-processed-gene-0.4-mRNA-1 5155869
.88 snap_masked-168265652-processed-gene-0.15-mRNA-1 5156250
.98 snap_masked-168204284-processed-gene-0.25-mRNA-1 5156175
.47 snap_masked-168188970-processed-gene-0.54-mRNA-1 5082514
.31 snap_masked-168188970-processed-gene-0.54-mRNA-1 5077549
.98 snap_masked-168088021-processed-gene-0.33-mRNA-1 5155793
.83 snap_masked-168080830-processed-gene-0.7-mRNA-1 5156167
.06 snap_masked-168080830-processed-gene-0.7-mRNA-1 5088244
.29 snap_masked-167945410-processed-gene-0.34-mRNA-1 5078518
.02 snap_masked-167945410-processed-gene-0.34-mRNA-1 5089401
.14 snap_masked-167938892-processed-gene-0.3-mRNA-1 1992051
.61 snap_masked-167938892-processed-gene-0.3-mRNA-1 5083005
.98 snap_masked-167813745-processed-gene-0.11-mRNA-1 5156094
.66 snap_masked-166714562-processed-gene-0.2-mRNA-1 5078173
.31 snap_masked-166714562-processed-gene-0.2-mRNA-1 5078173
.99 snap_masked-165709965-processed-gene-0.2-mRNA-1 5156142
.21 snap_masked-163629768-processed-gene-0.2-mRNA-1 5079338
.24 snap_masked-163629768-processed-gene-0.2-mRNA-1 5079338
.73 maker-168577133-snap-gene-0.14-mRNA-1 5155857
.19 maker-168577133-snap-gene-0.14-mRNA-1 930854
.85 maker-168577026-snap-gene-0.96-mRNA-1 5156383
.98 maker-168576926-augustus-gene-0.82-mRNA-1 5082849
.48 maker-168575187-snap-gene-0.11-mRNA-2 5156247
.23 maker-168575187-snap-gene-0.11-mRNA-2 5084348
.98 maker-168574463-snap-gene-0.20-mRNA-1 5156047
.78 maker-168571094-snap-gene-0.30-mRNA-1 5156324
.09 maker-168571094-snap-gene-0.30-mRNA-1 251608
.01 maker-168570609-snap-gene-0.54-mRNA-1 4738941
.97 maker-168570609-snap-gene-0.54-mRNA-1 5155833
.74 maker-168567348-augustus-gene-0.23-mRNA-1 5156343
.99 maker-168562406-augustus-gene-0.20-mRNA-1 5156384
.34 maker-168562378-augustus-gene-0.66-mRNA-1 5080443
.25 maker-168562378-augustus-gene-0.66-mRNA-1 570312
.22 maker-168562378-augustus-gene-0.66-mRNA-1 1225635
.98 maker-168562119-snap-gene-0.38-mRNA-1 5155877
.72 maker-168560154-snap-gene-0.140-mRNA-1 5155770
.08 maker-168560154-snap-gene-0.140-mRNA-1 330514
.98 maker-168550991-snap-gene-0.48-mRNA-1 5156370
.29 maker-168549148-snap-gene-0.52-mRNA-1 1915757
.63 maker-168549148-snap-gene-0.52-mRNA-1 5090287
.96 maker-168548136-snap-gene-0.21-mRNA-1 5080622
.58 maker-168547543-snap-gene-1.73-mRNA-1 5156367
.98 maker-168547413-snap-gene-0.30-mRNA-1 5080013
.52 maker-168546976-snap-gene-0.54-mRNA-1 5155950
.81 maker-168546639-snap-gene-0.71-mRNA-1 5156390
.08 maker-168546639-snap-gene-0.71-mRNA-1 5080093
.16 maker-168544907-snap-gene-0.62-mRNA-1 626348
.13 maker-168544907-snap-gene-0.62-mRNA-1 5083128
.52 maker-168543020-snap-gene-0.62-mRNA-1 5156108
.18 maker-168543020-snap-gene-0.62-mRNA-1 1431531
.12 maker-168543020-snap-gene-0.62-mRNA-1 5089133
.99 maker-168543020-augustus-gene-0.61-mRNA-1 5080901
.96 maker-168536420-snap-gene-0.58-mRNA-1 5155960
.43 maker-168536042-snap-gene-0.9-mRNA-1 5080286
.39 maker-168536042-snap-gene-0.9-mRNA-1 5079239
.99 maker-168532760-snap-gene-0.81-mRNA-1 5156359
.37 maker-168531405-snap-gene-0.73-mRNA-2 5156376
.18 maker-168531405-snap-gene-0.73-mRNA-2 1423512
.32 maker-168531405-snap-gene-0.73-mRNA-2 5156376
.98 maker-168529975-snap-gene-0.6-mRNA-1 5155755
.90 maker-168526891-snap-gene-0.41-mRNA-1 5156168
.07 maker-168526891-snap-gene-0.41-mRNA-1 2425476
.58 maker-168525408-augustus-gene-0.44-mRNA-1 5156254
.99 maker-168523478-snap-gene-0.94-mRNA-1 5156034
.99 maker-168520373-snap-gene-0.24-mRNA-1 5155840
.67 maker-168515644-snap-gene-0.56-mRNA-1 5156371
.32 maker-168514250-snap-gene-0.9-mRNA-1 5082479
.20 maker-168514250-snap-gene-0.9-mRNA-1 5080815
.99 maker-168505875-snap-gene-0.66-mRNA-1 5156240
.10 maker-168501149-snap-gene-0.19-mRNA-1 1440869
.86 maker-168501149-snap-gene-0.19-mRNA-1 5156248
.48 maker-168497388-snap-gene-0.18-mRNA-1 1054121
.79 maker-168496243-augustus-gene-0.17-mRNA-1 5081503
.11 maker-168496243-augustus-gene-0.17-mRNA-1 1552429
.77 maker-168481144-augustus-gene-1.72-mRNA-1 68377
.53 maker-168472909-augustus-gene-0.5-mRNA-1 5099567
.38 maker-168472909-augustus-gene-0.5-mRNA-1 5078341
.98 maker-168469778-snap-gene-0.27-mRNA-1 5095243
.26 maker-168465861-augustus-gene-0.18-mRNA-1 5082264
.26 maker-168465861-augustus-gene-0.18-mRNA-1 2196832
.21 maker-168465861-augustus-gene-0.18-mRNA-1 842199
.15 maker-168465861-augustus-gene-0.18-mRNA-1 704745
.98 maker-168458257-snap-gene-0.77-mRNA-2 5156374
.98 maker-168446370-snap-gene-0.20-mRNA-1 5155920
.01 maker-168446370-snap-gene-0.20-mRNA-1 1465387
.64 maker-168441811-augustus-gene-0.59-mRNA-2 5156380
.64 maker-168440884-snap-gene-0.29-mRNA-1 5155875
.99 maker-168438665-snap-gene-0.27-mRNA-1 5155969
.98 maker-168435910-augustus-gene-0.27-mRNA-1 5156135
.28 maker-168433767-snap-gene-0.16-mRNA-1 5156373
.24 maker-168433767-snap-gene-0.16-mRNA-1 5156373
.40 maker-168428618-snap-gene-0.19-mRNA-1 5082621
0 maker-168427270-snap-gene-0.99-mRNA-1 1435439
.91 maker-168427270-snap-gene-0.99-mRNA-1 5156388
