.44 maker-167980397-augustus-gene-0.28-mRNA-1 6312763
.34 maker-167980397-augustus-gene-0.28-mRNA-1 6318821
.63 maker-167980116-snap-gene-0.13-mRNA-1 6426841
.49 maker-167977330-augustus-gene-0.31-mRNA-1 1147831
.17 maker-167977330-augustus-gene-0.31-mRNA-1 6313752
.57 maker-167973355-augustus-gene-0.23-mRNA-1 6426912
.06 maker-167973355-augustus-gene-0.23-mRNA-1 6311452
.84 maker-167962962-augustus-gene-0.4-mRNA-1 6426826
.11 maker-167962962-augustus-gene-0.4-mRNA-1 2991309
.13 maker-167959964-snap-gene-0.11-mRNA-3 3682324
.84 maker-167959964-snap-gene-0.11-mRNA-3 6314832
.32 maker-167953437-augustus-gene-0.14-mRNA-1 1536027
.17 maker-167953437-augustus-gene-0.14-mRNA-1 2009456
.30 maker-167946650-snap-gene-0.11-mRNA-1 918072
.30 maker-167946650-snap-gene-0.11-mRNA-1 6345091
.66 maker-167939701-augustus-gene-0.13-mRNA-2 6426848
.20 maker-167939701-augustus-gene-0.13-mRNA-2 713927
.28 maker-167933401-augustus-gene-0.8-mRNA-1 118096
.33 maker-167933401-augustus-gene-0.8-mRNA-1 562819
.78 maker-167919028-augustus-gene-0.45-mRNA-1 6426940
.16 maker-167919028-augustus-gene-0.45-mRNA-1 6324950
.43 maker-167906224-snap-gene-0.19-mRNA-1 878754
.20 maker-167906224-snap-gene-0.19-mRNA-1 3351583
.73 maker-167887473-augustus-gene-0.15-mRNA-1 6426822
.23 maker-167887473-augustus-gene-0.15-mRNA-1 6326424
.20 maker-167882265-snap-gene-0.29-mRNA-1 2579570
.33 maker-167882265-snap-gene-0.29-mRNA-1 6319308
.30 maker-167882262-augustus-gene-0.10-mRNA-1 6329081
.29 maker-167882262-augustus-gene-0.10-mRNA-1 1144494
.86 maker-167881627-snap-gene-0.46-mRNA-1 6426963
.13 maker-167878492-augustus-gene-0.43-mRNA-1 6366056
.76 maker-167878492-augustus-gene-0.43-mRNA-1 6315879
.28 maker-167875104-snap-gene-0.37-mRNA-1 6342816
.13 maker-167874434-augustus-gene-0.6-mRNA-1 6316698
.61 maker-167874434-augustus-gene-0.6-mRNA-1 6336422
.36 maker-167873164-augustus-gene-0.6-mRNA-1 2247982
.23 maker-167873164-augustus-gene-0.6-mRNA-1 481067
.26 maker-167873164-augustus-gene-0.6-mRNA-1 1929271
.22 maker-167873164-augustus-gene-0.6-mRNA-1 546769
.27 maker-167873164-augustus-gene-0.6-mRNA-1 3082192
.84 maker-167860892-snap-gene-0.26-mRNA-1 6426863
.40 maker-167859886-snap-gene-0.7-mRNA-1 6426946
.17 maker-167856479-snap-gene-0.28-mRNA-1 3172738
.57 maker-167856479-snap-gene-0.28-mRNA-1 6312739
.34 maker-167853389-snap-gene-0.22-mRNA-1 6317440
.06 maker-167853389-snap-gene-0.22-mRNA-1 6320709
.18 maker-167845800-augustus-gene-0.34-mRNA-1 6316499
.02 maker-167845800-augustus-gene-0.34-mRNA-1 6316498
.79 maker-167841797-augustus-gene-0.40-mRNA-1 6426910
.13 maker-167841797-augustus-gene-0.40-mRNA-1 6347984
.47 maker-167840844-augustus-gene-0.9-mRNA-1 6426965
.44 maker-167840844-augustus-gene-0.9-mRNA-1 6426965
.39 maker-167838941-snap-gene-0.29-mRNA-1 6315450
.12 maker-167838941-snap-gene-0.29-mRNA-1 125681
.91 maker-167838589-augustus-gene-0.52-mRNA-1 6426966
.79 maker-167817183-augustus-gene-0.17-mRNA-1 6426943
.08 maker-167817183-augustus-gene-0.17-mRNA-1 2171948
.20 maker-167816500-augustus-gene-0.23-mRNA-1 739852
.12 maker-167816500-augustus-gene-0.23-mRNA-1 6383393
.25 maker-167812227-augustus-gene-0.25-mRNA-1 6318937
.20 maker-167812227-augustus-gene-0.25-mRNA-1 1744181
.06 maker-167812227-augustus-gene-0.25-mRNA-1 6319878
.15 maker-167809729-augustus-gene-0.5-mRNA-1 6316929
.84 maker-167809729-augustus-gene-0.5-mRNA-1 6426919
.83 maker-167809450-augustus-gene-0.38-mRNA-1 6426834
.12 maker-167809450-augustus-gene-0.38-mRNA-1 6426834
.29 maker-167808231-augustus-gene-0.17-mRNA-1 6426909
.38 maker-167807593-augustus-gene-0.6-mRNA-1 6313229
.16 maker-167807593-augustus-gene-0.6-mRNA-1 6315471
.93 maker-167806757-augustus-gene-0.19-mRNA-1 6426961
.23 maker-167805054-snap-gene-0.76-mRNA-1 1575715
.17 maker-167805054-snap-gene-0.76-mRNA-1 1299553
.83 maker-167804135-augustus-gene-0.36-mRNA-1 6426930
.24 maker-167800884-augustus-gene-0.35-mRNA-1 1986289
.15 maker-167800884-augustus-gene-0.35-mRNA-1 3769954
.27 maker-167797000-augustus-gene-0.12-mRNA-1 6349224
.25 maker-167797000-augustus-gene-0.12-mRNA-1 1691048
.17 maker-167795162-snap-gene-0.25-mRNA-1 6320144
.16 maker-167795162-snap-gene-0.25-mRNA-1 2349799
.09 maker-167795162-snap-gene-0.25-mRNA-1 2964229
.09 maker-167795162-snap-gene-0.25-mRNA-1 2165141
.08 maker-167795162-snap-gene-0.25-mRNA-1 2016621
.24 maker-167610773-augustus-gene-0.4-mRNA-1 1657101
.17 maker-167610773-augustus-gene-0.4-mRNA-1 1969556
.03 maker-167610773-augustus-gene-0.4-mRNA-1 6323036
.32 maker-167599018-augustus-gene-0.4-mRNA-1 1978281
.34 maker-167599018-augustus-gene-0.4-mRNA-1 2219632
.33 maker-167599018-augustus-gene-0.4-mRNA-1 6324433
.27 maker-167599018-augustus-gene-0.4-mRNA-1 2349515
.35 maker-167599018-augustus-gene-0.4-mRNA-1 4352461
.34 maker-167564571-snap-gene-0.4-mRNA-1 6321046
.18 maker-167564571-snap-gene-0.4-mRNA-1 1427325
.15 maker-167564571-snap-gene-0.4-mRNA-1 6317120
.65 maker-167330935-augustus-gene-0.2-mRNA-1 3383007
.42 maker-167252577-snap-gene-0.4-mRNA-1 1186576
.27 maker-167252577-snap-gene-0.4-mRNA-1 1186577
.70 maker-167249565-augustus-gene-0.3-mRNA-1 6426923
.17 maker-167249565-augustus-gene-0.3-mRNA-1 1227815
.15 maker-167249565-augustus-gene-0.3-mRNA-1 538301
.15 maker-167249565-augustus-gene-0.3-mRNA-1 538300
.28 maker-167223250-augustus-gene-0.3-mRNA-1 6324760
.17 maker-167223250-augustus-gene-0.3-mRNA-1 6349365
.14 maker-167223250-augustus-gene-0.3-mRNA-1 6321591
.36 maker-167195305-snap-gene-0.4-mRNA-1 6315226
.19 maker-167195305-snap-gene-0.4-mRNA-1 1009382
.82 maker-167168600-augustus-gene-0.3-mRNA-1 6313614
.16 maker-167168600-augustus-gene-0.3-mRNA-1 3543169
.36 maker-167150421-augustus-gene-0.4-mRNA-1 2465109
.23 maker-167150421-augustus-gene-0.4-mRNA-1 2826964
.99 maker-167010461-augustus-gene-0.5-mRNA-1 6319043
.55 maker-167006432-augustus-gene-0.3-mRNA-1 6318764
.33 maker-167006432-augustus-gene-0.3-mRNA-1 6332434
.52 maker-167002310-snap-gene-0.6-mRNA-1 6426967
.36 maker-166966283-augustus-gene-0.3-mRNA-1 6426854
.21 maker-166966283-augustus-gene-0.3-mRNA-1 6320724
.12 maker-166966283-augustus-gene-0.3-mRNA-1 2516239
.83 maker-166894346-augustus-gene-0.4-mRNA-1 6311780
.66 maker-166881219-augustus-gene-0.3-mRNA-1 6426969
.44 maker-166838974-augustus-gene-0.3-mRNA-1 1266434
.25 maker-166838974-augustus-gene-0.3-mRNA-1 6318379
.24 maker-166809642-augustus-gene-0.3-mRNA-1 6322018
.22 maker-166809642-augustus-gene-0.3-mRNA-1 6327859
.13 maker-166809642-augustus-gene-0.3-mRNA-1 882702
.10 maker-166809642-augustus-gene-0.3-mRNA-1 1580235
.23 maker-166788924-augustus-gene-0.3-mRNA-1 6335407
.16 maker-166788924-augustus-gene-0.3-mRNA-1 2390389
.15 maker-166788924-augustus-gene-0.3-mRNA-1 1401253
.25 maker-166781585-augustus-gene-0.6-mRNA-2 6426849
.25 maker-166781585-augustus-gene-0.6-mRNA-2 6326530
.19 maker-166781585-augustus-gene-0.6-mRNA-2 2382276
.58 maker-166766744-snap-gene-0.5-mRNA-1 6426938
.39 maker-166766744-snap-gene-0.5-mRNA-1 6324424
.33 maker-166750857-snap-gene-0.4-mRNA-1 2098028
.24 maker-166750857-snap-gene-0.4-mRNA-1 3555305
.21 maker-166750857-snap-gene-0.4-mRNA-1 3531704
.48 maker-166748757-augustus-gene-0.4-mRNA-2 6426914
.25 maker-166748757-augustus-gene-0.4-mRNA-2 6315681
.24 maker-166656892-snap-gene-0.8-mRNA-1 903941
.13 maker-166656892-snap-gene-0.8-mRNA-1 6335996
.73 maker-166564433-augustus-gene-0.4-mRNA-1 6426856
.54 maker-166537887-snap-gene-0.4-mRNA-1 6426819
.41 maker-166537887-snap-gene-0.4-mRNA-1 1057014
.80 maker-166529607-snap-gene-0.3-mRNA-1 6314728
.77 maker-166506730-snap-gene-0.5-mRNA-1 6426931
.17 maker-166506730-snap-gene-0.5-mRNA-1 6334209
.20 maker-166503398-snap-gene-0.4-mRNA-1 635703
.07 maker-166503398-snap-gene-0.4-mRNA-1 584480
.50 maker-166371926-snap-gene-0.4-mRNA-2 6426897
.14 maker-166371926-snap-gene-0.4-mRNA-2 1566243
.49 maker-166363699-augustus-gene-0.3-mRNA-1 6324748
.26 maker-166346932-augustus-gene-0.5-mRNA-1 6345739
.22 maker-166346932-augustus-gene-0.5-mRNA-1 6321536
.17 maker-166346932-augustus-gene-0.5-mRNA-1 6369209
.16 maker-166339601-snap-gene-0.4-mRNA-1 202146
.83 maker-166339601-snap-gene-0.4-mRNA-1 6311833
.58 maker-166328986-augustus-gene-0.4-mRNA-1 6426903
.15 maker-166328986-augustus-gene-0.4-mRNA-1 6316151
.90 maker-166280486-augustus-gene-0.3-mRNA-1 6426947
.05 maker-166280486-augustus-gene-0.3-mRNA-1 1845958
.42 maker-166274072-augustus-gene-0.3-mRNA-2 6323749
.06 maker-166274072-augustus-gene-0.3-mRNA-2 6319798
.53 maker-166202538-snap-gene-0.4-mRNA-1 6426918
.15 maker-166202538-snap-gene-0.4-mRNA-1 6315168
.15 maker-166202538-snap-gene-0.4-mRNA-1 1232753
.68 maker-166158333-augustus-gene-0.4-mRNA-1 6426832
.11 maker-166158333-augustus-gene-0.4-mRNA-1 1185795
.26 maker-166154157-snap-gene-0.5-mRNA-1 1138338
.22 maker-166154157-snap-gene-0.5-mRNA-1 1447710
.52 maker-166148576-augustus-gene-0.3-mRNA-1 1630883
.43 maker-166148576-augustus-gene-0.3-mRNA-1 6322736
.99 maker-166135902-augustus-gene-0.4-mRNA-1 6426962
.11 maker-166126260-augustus-gene-0.3-mRNA-1 520742
.07 maker-166126260-augustus-gene-0.3-mRNA-1 6313204
.20 maker-166022078-augustus-gene-0.3-mRNA-1 738121
.79 maker-166022078-augustus-gene-0.3-mRNA-1 6314360
.41 maker-166017658-snap-gene-0.1-mRNA-1 2627071
.44 maker-166017658-snap-gene-0.1-mRNA-1 1836086
.67 maker-165911483-augustus-gene-0.3-mRNA-1 6426802
.19 maker-165911483-augustus-gene-0.3-mRNA-1 3468514
.04 maker-165779737-snap-gene-0.5-mRNA-1 6317601
.49 maker-165779737-snap-gene-0.5-mRNA-1 6317601
.35 maker-165762603-snap-gene-0.4-mRNA-1 1277654
.21 maker-165762603-snap-gene-0.4-mRNA-1 3575285
.21 maker-165762603-snap-gene-0.4-mRNA-1 1712929
.36 maker-165740101-augustus-gene-0.4-mRNA-1 6321759
.21 maker-165736603-augustus-gene-0.3-mRNA-1 6315066
.36 maker-165736603-augustus-gene-0.3-mRNA-1 6426911
.27 maker-165675785-snap-gene-0.5-mRNA-1 2330604
.24 maker-165675785-snap-gene-0.5-mRNA-1 3535954
.83 maker-165451395-augustus-gene-0.6-mRNA-1 6332829
.11 maker-165451395-augustus-gene-0.6-mRNA-1 3430343
.18 maker-165416349-augustus-gene-0.3-mRNA-1 2787493
.19 maker-165416349-augustus-gene-0.3-mRNA-1 3203198
.16 maker-165416349-augustus-gene-0.3-mRNA-1 1124831
.86 maker-165379790-snap-gene-0.4-mRNA-1 6426825
.24 maker-165294499-snap-gene-0.3-mRNA-1 6326704
.62 maker-165294499-snap-gene-0.3-mRNA-1 1890429
.08 maker-165273855-augustus-gene-0.4-mRNA-1 2142100
.16 maker-165121766-augustus-gene-0.3-mRNA-1 4428461
.57 maker-165121766-augustus-gene-0.3-mRNA-1 6311299
.35 maker-164939322-augustus-gene-0.3-mRNA-1 6318760
.17 maker-164939322-augustus-gene-0.3-mRNA-1 6315215
.46 maker-164905100-snap-gene-0.3-mRNA-1 6336708
.26 maker-164905100-snap-gene-0.3-mRNA-1 6314722
.19 maker-164687080-snap-gene-0.4-mRNA-2 6311442
.14 maker-164687080-snap-gene-0.4-mRNA-2 2477117
.29 maker-164678396-augustus-gene-0.3-mRNA-1 5411972
.48 maker-164678396-augustus-gene-0.3-mRNA-1 2150495
.43 maker-164514551-augustus-gene-0.4-mRNA-1 6426964
.43 maker-164382434-augustus-gene-0.1-mRNA-1 1337641
.35 maker-164382434-augustus-gene-0.1-mRNA-1 1823823
.99 maker-164022984-augustus-gene-0.4-mRNA-1 6426957
.79 maker-163938059-augustus-gene-0.3-mRNA-1 6426941
.11 maker-163938059-augustus-gene-0.3-mRNA-1 2015965
.88 maker-163928303-snap-gene-0.1-mRNA-1 6311340
.11 maker-163928303-snap-gene-0.1-mRNA-1 43915
.80 maker-163696209-snap-gene-0.5-mRNA-1 6426816
.10 maker-163696209-snap-gene-0.5-mRNA-1 1463985
.06 maker-163696209-snap-gene-0.5-mRNA-1 1488613
.06 maker-163696209-snap-gene-0.5-mRNA-1 1513430
.06 maker-163696209-snap-gene-0.5-mRNA-1 1513428
.37 maker-163652291-augustus-gene-0.3-mRNA-2 1877714
.25 maker-163652291-augustus-gene-0.3-mRNA-2 6323873
.26 maker-163652291-augustus-gene-0.3-mRNA-2 6426941
.62 maker-163652231-augustus-gene-0.3-mRNA-1 6315052
.42 maker-163558320-augustus-gene-0.3-mRNA-1 1293727
.31 maker-163558320-augustus-gene-0.3-mRNA-1 6326641
.43 maker-163479337-augustus-gene-0.3-mRNA-1 6426814
.13 maker-163479337-augustus-gene-0.3-mRNA-1 6358636
.82 maker-163279748-augustus-gene-0.3-mRNA-1 6426937
.10 maker-163279748-augustus-gene-0.3-mRNA-1 3025002
.36 maker-162863485-augustus-gene-0.3-mRNA-1 6316921
.15 maker-162863485-augustus-gene-0.3-mRNA-1 2043458
.09 maker-162863485-augustus-gene-0.3-mRNA-1 6316922
.41 maker-162840049-augustus-gene-0.3-mRNA-1 716382
.43 maker-162840049-augustus-gene-0.3-mRNA-1 6318205
.49 maker-162834916-augustus-gene-0.3-mRNA-1 148573
.19 maker-162834916-augustus-gene-0.3-mRNA-1 2057629
.51 maker-162809378-snap-gene-0.1-mRNA-1 6322739
.18 maker-162809378-snap-gene-0.1-mRNA-1 3216459
.34 maker-162760471-augustus-gene-0.4-mRNA-1 1111479
.15 maker-162760471-augustus-gene-0.4-mRNA-1 2171324
.48 maker-162718143-snap-gene-0.8-mRNA-1 6426945
.16 maker-162718143-snap-gene-0.8-mRNA-1 6315253
.31 maker-162688004-augustus-gene-0.3-mRNA-1 2364756
.25 maker-162688004-augustus-gene-0.3-mRNA-1 3994763
.52 maker-162659755-augustus-gene-0.5-mRNA-1 1024915
.99 maker-162579771-snap-gene-0.4-mRNA-1 6426944
.28 maker-162512721-snap-gene-0.4-mRNA-1 1024120
.07 maker-162478808-snap-gene-0.4-mRNA-1 2362105
.12 maker-162478808-snap-gene-0.4-mRNA-1 6313674
.32 maker-162425490-augustus-gene-0.4-mRNA-1 6315782
.27 maker-162425490-augustus-gene-0.4-mRNA-1 218931
.32 maker-162425490-augustus-gene-0.4-mRNA-1 2469439
.18 maker-162398652-snap-gene-0.3-mRNA-1 1653566
.15 maker-162398652-snap-gene-0.3-mRNA-1 4165281
.79 maker-162284100-snap-gene-0.5-mRNA-1 6319393
.13 maker-162284100-snap-gene-0.5-mRNA-1 1682624
.62 maker-162267770-snap-gene-0.4-mRNA-1 6426855
.68 maker-162135516-snap-gene-0.6-mRNA-1 6321828
.29 maker-162135516-snap-gene-0.6-mRNA-1 6321826
.20 maker-162103006-snap-gene-0.3-mRNA-1 1091570
.18 maker-162103006-snap-gene-0.3-mRNA-1 2633120
.28 maker-162035908-snap-gene-0.3-mRNA-1 1802711
.28 maker-162035908-snap-gene-0.3-mRNA-1 1706000
.10 maker-161917400-augustus-gene-0.5-mRNA-1 1166726
.67 maker-161917400-augustus-gene-0.5-mRNA-1 6426958
.31 maker-161849811-snap-gene-0.4-mRNA-1 2011071
.20 maker-161849811-snap-gene-0.4-mRNA-1 2011062
.41 maker-161781612-augustus-gene-0.3-mRNA-1 965167
.17 maker-161781612-augustus-gene-0.3-mRNA-1 6315844
.44 maker-161773353-augustus-gene-0.3-mRNA-1 6325610
.19 maker-161773353-augustus-gene-0.3-mRNA-1 4047392
.29 maker-161772526-snap-gene-0.5-mRNA-1 700924
.17 maker-161772526-snap-gene-0.5-mRNA-1 6377361
.75 maker-161384859-augustus-gene-0.2-mRNA-1 6314581
.15 maker-161384859-augustus-gene-0.2-mRNA-1 1658523
.36 maker-161375427-augustus-gene-0.3-mRNA-1 6323325
.30 maker-161375427-augustus-gene-0.3-mRNA-1 1704389
.30 maker-161375427-augustus-gene-0.3-mRNA-1 6354568
.30 maker-161375427-augustus-gene-0.3-mRNA-1 1704399
.26 maker-161375427-augustus-gene-0.3-mRNA-1 2472482
.40 maker-159565083-augustus-gene-0.4-mRNA-1 6334781
.59 maker-159565083-augustus-gene-0.4-mRNA-1 6313189
.25 maker-158765767-augustus-gene-0.4-mRNA-1 6327691
.19 maker-158765767-augustus-gene-0.4-mRNA-1 6311810
.59 maker-106150956-augustus-gene-0.3-mRNA-1 1720944
.17 maker-106150956-augustus-gene-0.3-mRNA-1 1720950
.83 genemark-32366266-processed-gene-0.1-mRNA-1 6314878
.08 genemark-32366266-processed-gene-0.1-mRNA-1 823607
.34 genemark-168572818-processed-gene-0.25-mRNA-1 3534705
.24 genemark-168572818-processed-gene-0.25-mRNA-1 6125042
.77 genemark-168563301-processed-gene-0.26-mRNA-1 6354124
.19 genemark-168563301-processed-gene-0.26-mRNA-1 2271835
.61 genemark-168561940-processed-gene-0.2-mRNA-1 1574254
.03 genemark-168561940-processed-gene-0.2-mRNA-1 2784159
.32 genemark-168561676-processed-gene-0.7-mRNA-1 1592653
.45 genemark-168561676-processed-gene-0.7-mRNA-1 6315981
.38 genemark-168557670-processed-gene-0.6-mRNA-1 1878538
.24 genemark-168557670-processed-gene-0.6-mRNA-1 1658073
.22 genemark-168557670-processed-gene-0.6-mRNA-1 6412505
.21 genemark-168557670-processed-gene-0.6-mRNA-1 537279
.33 genemark-168529219-processed-gene-0.28-mRNA-1 6323741
.28 genemark-168529219-processed-gene-0.28-mRNA-1 1704885
.11 genemark-168518625-processed-gene-0.40-mRNA-1 6311976
.15 genemark-168518625-processed-gene-0.40-mRNA-1 6285887
.75 genemark-168513542-processed-gene-0.11-mRNA-1 6426844
.10 genemark-168513542-processed-gene-0.11-mRNA-1 6374739
.99 genemark-168508638-processed-gene-0.4-mRNA-1 6426865
.40 genemark-168508162-processed-gene-0.9-mRNA-1 6311702
.23 genemark-168508162-processed-gene-0.9-mRNA-1 6311703
.29 genemark-168481447-processed-gene-0.38-mRNA-1 6371876
.10 genemark-168380110-processed-gene-0.21-mRNA-1 554450
.34 genemark-168380110-processed-gene-0.21-mRNA-1 599948
.15 genemark-168325213-processed-gene-0.3-mRNA-1 6318298
.18 genemark-168325213-processed-gene-0.3-mRNA-1 6316408
.40 genemark-168313065-processed-gene-0.25-mRNA-1 4473828
.35 genemark-168302046-processed-gene-0.14-mRNA-1 1030683
.64 genemark-168302046-processed-gene-0.14-mRNA-1 932486
.90 genemark-168292688-processed-gene-0.26-mRNA-1 6322131
.08 genemark-168292688-processed-gene-0.26-mRNA-1 3708048
.21 genemark-168274745-processed-gene-0.8-mRNA-1 6322131
.44 genemark-168273234-processed-gene-0.4-mRNA-1 2061551
.40 genemark-168273234-processed-gene-0.4-mRNA-1 1288001
.31 genemark-168273234-processed-gene-0.4-mRNA-1 3103583
.27 genemark-168273234-processed-gene-0.4-mRNA-1 1843610
.27 genemark-168273234-processed-gene-0.4-mRNA-1 1515395
.60 genemark-168253278-processed-gene-0.1-mRNA-1 3152610
.34 genemark-168253278-processed-gene-0.1-mRNA-1 2015233
.44 genemark-168249711-processed-gene-0.1-mRNA-1 3148916
.39 genemark-168245982-processed-gene-0.3-mRNA-1 1666866
.60 genemark-168245982-processed-gene-0.3-mRNA-1 1666866
.99 genemark-168245911-processed-gene-0.3-mRNA-1 1299506
.79 genemark-168203283-processed-gene-0.21-mRNA-1 6313615
.20 genemark-168203283-processed-gene-0.21-mRNA-1 603304
.42 genemark-168188299-processed-gene-0.4-mRNA-1 6317244
.28 genemark-168188299-processed-gene-0.4-mRNA-1 6320576
.16 genemark-168122537-processed-gene-0.3-mRNA-1 753316
.21 genemark-168122537-processed-gene-0.3-mRNA-1 6313932
.04 genemark-168114386-processed-gene-0.8-mRNA-1 3786018
.95 genemark-168114386-processed-gene-0.8-mRNA-1 6426839
.97 genemark-168111798-processed-gene-0.13-mRNA-1 6321365
.20 genemark-168035315-processed-gene-0.19-mRNA-1 1849043
.20 genemark-168035315-processed-gene-0.19-mRNA-1 2735987
.79 genemark-167999317-processed-gene-0.3-mRNA-1 867332
.50 genemark-167932615-processed-gene-0.16-mRNA-1 1530615
.25 genemark-167932615-processed-gene-0.16-mRNA-1 2820279
.31 genemark-167812446-processed-gene-0.8-mRNA-1 922918
.22 genemark-167812446-processed-gene-0.8-mRNA-1 2996281
.13 genemark-167812446-processed-gene-0.8-mRNA-1 3704466
.47 genemark-166731363-processed-gene-0.1-mRNA-1 1395869
.30 genemark-166135246-processed-gene-0.0-mRNA-1 6313104
.50 genemark-166135246-processed-gene-0.0-mRNA-1 1793709
.48 genemark-165882519-processed-gene-0.0-mRNA-1 2302497
.31 genemark-164898960-processed-gene-0.0-mRNA-1 882288
.28 genemark-164898960-processed-gene-0.0-mRNA-1 6338406
.24 genemark-164898960-processed-gene-0.0-mRNA-1 3289241
.24 genemark-164898960-processed-gene-0.0-mRNA-1 6240923
.27 genemark-162620806-processed-gene-0.0-mRNA-1 2424535
.23 genemark-162620806-processed-gene-0.0-mRNA-1 962698
.45 genemark-162338917-processed-gene-0.1-mRNA-1 1895140
.31 genemark-162338917-processed-gene-0.1-mRNA-1 1726289
.23 genemark-162338917-processed-gene-0.1-mRNA-1 2755411
.20 genemark-162338917-processed-gene-0.1-mRNA-1 2804492
.23 genemark-162338917-processed-gene-0.1-mRNA-1 1710743
.43 genemark-161770830-processed-gene-0.0-mRNA-1 2046713
.54 genemark-161714239-processed-gene-0.1-mRNA-1 6326297
.30 genemark-161714239-processed-gene-0.1-mRNA-1 1545654
.53 genemark-161672094-processed-gene-0.1-mRNA-1 6321186
.43 genemark-161672094-processed-gene-0.1-mRNA-1 6337336
.85 genemark-159239767-processed-gene-0.0-mRNA-1 262574
.14 genemark-159239767-processed-gene-0.0-mRNA-1 1846472
.85 genemark-158940051-processed-gene-0.2-mRNA-1 6426862
.12 genemark-158940051-processed-gene-0.2-mRNA-1 5698431
.33 augustus_masked-86050138-processed-gene-0.0-mRNA-1 6426921
.14 augustus_masked-86050138-processed-gene-0.0-mRNA-1 6318434
.45 augustus_masked-65520929-processed-gene-0.0-mRNA-1 6328129
.52 augustus_masked-65520929-processed-gene-0.0-mRNA-1 2113611
.14 augustus_masked-36505605-processed-gene-0.0-mRNA-1 2710619
.85 augustus_masked-36505605-processed-gene-0.0-mRNA-1 6326308
.14 augustus_masked-22560038-processed-gene-0.0-mRNA-1 5347347
.24 augustus_masked-22560038-processed-gene-0.0-mRNA-1 6366325
.55 augustus_masked-168577605-processed-gene-0.20-mRNA-1 6344454
.29 augustus_masked-168577605-processed-gene-0.20-mRNA-1 833687
.32 augustus_masked-168577525-processed-gene-0.3-mRNA-1 6323062
.12 augustus_masked-168577525-processed-gene-0.3-mRNA-1 6358128
.80 augustus_masked-168577470-processed-gene-0.14-mRNA-1 6316440
.19 augustus_masked-168577470-processed-gene-0.14-mRNA-1 1868219
.63 augustus_masked-168577276-processed-gene-0.18-mRNA-1 1376227
.07 augustus_masked-168577276-processed-gene-0.18-mRNA-1 4795236
.50 augustus_masked-168577203-processed-gene-0.14-mRNA-1 2695031
.49 augustus_masked-168577203-processed-gene-0.14-mRNA-1 2671531
.22 augustus_masked-168577173-processed-gene-0.5-mRNA-1 1351247
.76 augustus_masked-168577173-processed-gene-0.5-mRNA-1 1946469
.53 augustus_masked-168577173-processed-gene-0.18-mRNA-1 6426830
.32 augustus_masked-168577164-processed-gene-0.14-mRNA-1 6318958
.23 augustus_masked-168577164-processed-gene-0.14-mRNA-1 6326707
.42 augustus_masked-168577092-processed-gene-0.0-mRNA-1 1757514
.30 augustus_masked-168577092-processed-gene-0.0-mRNA-1 2054107
.25 augustus_masked-168576375-processed-gene-0.4-mRNA-1 747639
.17 augustus_masked-168576375-processed-gene-0.4-mRNA-1 422480
.50 augustus_masked-168574535-processed-gene-0.23-mRNA-1 6426905
.35 augustus_masked-168573920-processed-gene-0.12-mRNA-1 6324118
.38 augustus_masked-168573920-processed-gene-0.12-mRNA-1 3515215
.51 augustus_masked-168572794-processed-gene-0.4-mRNA-1 6319065
.21 augustus_masked-168572794-processed-gene-0.4-mRNA-1 6324618
.52 augustus_masked-168572541-processed-gene-0.13-mRNA-1 3676739
.98 augustus_masked-168572001-processed-gene-0.2-mRNA-1 6426925
.40 augustus_masked-168571640-processed-gene-0.0-mRNA-1 1670747
.59 augustus_masked-168571640-processed-gene-0.0-mRNA-1 1191794
.31 augustus_masked-168569476-processed-gene-0.11-mRNA-1 6322203
.22 augustus_masked-168569476-processed-gene-0.11-mRNA-1 6313110
.09 augustus_masked-168569442-processed-gene-0.11-mRNA-1 1147755
.66 augustus_masked-168569442-processed-gene-0.11-mRNA-1 6426851
.99 augustus_masked-168568252-processed-gene-0.4-mRNA-1 6332163
.99 augustus_masked-168567648-processed-gene-0.1-mRNA-1 6426968
.13 augustus_masked-168567500-processed-gene-0.15-mRNA-1 850492
.86 augustus_masked-168567500-processed-gene-0.15-mRNA-1 6426829
.78 augustus_masked-168566980-processed-gene-0.14-mRNA-1 1644747
.39 augustus_masked-168566655-processed-gene-0.5-mRNA-1 6312088
.32 augustus_masked-168566431-processed-gene-0.12-mRNA-1 6321820
.27 augustus_masked-168566431-processed-gene-0.12-mRNA-1 6314509
.81 augustus_masked-168565385-processed-gene-0.12-mRNA-1 6426929
.07 augustus_masked-168565385-processed-gene-0.12-mRNA-1 2029014
.13 augustus_masked-168564770-processed-gene-0.5-mRNA-1 4182507
.13 augustus_masked-168564770-processed-gene-0.5-mRNA-1 4182508
.12 augustus_masked-168564770-processed-gene-0.5-mRNA-1 5803915
.10 augustus_masked-168564770-processed-gene-0.5-mRNA-1 2326623
.35 augustus_masked-168563026-processed-gene-0.6-mRNA-1 6426888
.22 augustus_masked-168563026-processed-gene-0.6-mRNA-1 6348085
.42 augustus_masked-168561869-processed-gene-1.58-mRNA-1 653975
.32 augustus_masked-168561869-processed-gene-1.58-mRNA-1 2807510
.24 augustus_masked-168561869-processed-gene-1.58-mRNA-1 4259516
.26 augustus_masked-168561869-processed-gene-1.58-mRNA-1 1055536
.17 augustus_masked-168561869-processed-gene-1.58-mRNA-1 1662530
.28 augustus_masked-168561396-processed-gene-0.0-mRNA-1 6315138
.59 augustus_masked-168561396-processed-gene-0.0-mRNA-1 6426845
.61 augustus_masked-168559654-processed-gene-0.3-mRNA-1 1395635
.16 augustus_masked-168559654-processed-gene-0.3-mRNA-1 4217242
.52 augustus_masked-168557885-processed-gene-0.0-mRNA-1 6317707
.31 augustus_masked-168557885-processed-gene-0.0-mRNA-1 6317069
.71 augustus_masked-168557392-processed-gene-0.5-mRNA-1 6426924
.72 augustus_masked-168557392-processed-gene-0.5-mRNA-1 6426816
.20 augustus_masked-168557392-processed-gene-0.5-mRNA-1 6316664
.20 augustus_masked-168557392-processed-gene-0.5-mRNA-1 769569
.34 augustus_masked-168556975-processed-gene-0.7-mRNA-1 632038
.65 augustus_masked-168556975-processed-gene-0.7-mRNA-1 632008
