.99 snap_masked-38781969-processed-gene-0.1-mRNA-1 6604257
.74 snap_masked-168577477-processed-gene-0.22-mRNA-1 6513068
.18 snap_masked-168577477-processed-gene-0.22-mRNA-1 1916547
.90 snap_masked-168577240-processed-gene-0.41-mRNA-1 6604280
.94 snap_masked-168577194-processed-gene-0.81-mRNA-1 6604168
.46 snap_masked-168576983-processed-gene-0.107-mRNA-1 6507571
.53 snap_masked-168576983-processed-gene-0.107-mRNA-1 1678241
.55 snap_masked-168575692-processed-gene-0.50-mRNA-1 6507890
.43 snap_masked-168575692-processed-gene-0.50-mRNA-1 527132
.99 snap_masked-168568823-processed-gene-0.74-mRNA-1 6604185
.78 snap_masked-168568076-processed-gene-0.22-mRNA-1 6504266
.16 snap_masked-168568076-processed-gene-0.22-mRNA-1 6567004
.84 snap_masked-168566042-processed-gene-0.43-mRNA-1 6604205
.12 snap_masked-168566042-processed-gene-0.43-mRNA-1 1425201
.58 snap_masked-168562908-processed-gene-0.17-mRNA-1 1173791
.40 snap_masked-168562908-processed-gene-0.17-mRNA-1 6543561
.63 snap_masked-168558167-processed-gene-0.27-mRNA-1 6504427
.12 snap_masked-168558167-processed-gene-0.27-mRNA-1 321342
.32 snap_masked-168548311-processed-gene-0.112-mRNA-1 3851636
.30 snap_masked-168548072-processed-gene-0.70-mRNA-1 6128770
.68 snap_masked-168548072-processed-gene-0.70-mRNA-1 2666996
.86 snap_masked-168548010-processed-gene-0.89-mRNA-1 1802611
.61 snap_masked-168548010-processed-gene-0.89-mRNA-1 4999048
.99 snap_masked-168547058-processed-gene-0.71-mRNA-1 6604240
.65 snap_masked-168544726-processed-gene-0.14-mRNA-1 3279772
.81 snap_masked-168543491-processed-gene-0.29-mRNA-1 6504747
.14 snap_masked-168543491-processed-gene-0.29-mRNA-1 1660264
.10 snap_masked-168543491-processed-gene-0.29-mRNA-1 1038972
.71 snap_masked-168534233-processed-gene-0.46-mRNA-1 2220695
.16 snap_masked-168532811-processed-gene-0.13-mRNA-1 2124109
.83 snap_masked-168532811-processed-gene-0.13-mRNA-1 6604186
.70 snap_masked-168523866-processed-gene-0.4-mRNA-1 1389909
.28 snap_masked-168523866-processed-gene-0.4-mRNA-1 2382915
.78 snap_masked-168523015-processed-gene-0.27-mRNA-1 4129096
.41 snap_masked-168521003-processed-gene-0.79-mRNA-1 4253018
.40 snap_masked-168521003-processed-gene-0.79-mRNA-1 3127582
.46 snap_masked-168509624-processed-gene-0.6-mRNA-1 1601487
.41 snap_masked-168509624-processed-gene-0.6-mRNA-1 3229404
.72 snap_masked-168500079-processed-gene-0.10-mRNA-1 6508993
.17 snap_masked-168500079-processed-gene-0.10-mRNA-1 6512690
.86 snap_masked-168497897-processed-gene-0.70-mRNA-1 6604261
.62 snap_masked-168497638-processed-gene-0.7-mRNA-1 5941026
.99 snap_masked-168496814-processed-gene-0.33-mRNA-1 6505021
.48 snap_masked-168496104-processed-gene-0.30-mRNA-1 6080497
.99 snap_masked-168491800-processed-gene-0.24-mRNA-1 6508604
.31 snap_masked-168491283-processed-gene-0.5-mRNA-1 568402
.16 snap_masked-168491283-processed-gene-0.5-mRNA-1 2679850
.99 snap_masked-168483785-processed-gene-0.40-mRNA-1 6604225
.99 snap_masked-168482879-processed-gene-0.41-mRNA-1 6604210
.50 snap_masked-168470559-processed-gene-0.32-mRNA-1 6604242
.22 snap_masked-168470559-processed-gene-0.32-mRNA-1 6504135
.58 snap_masked-168464262-processed-gene-0.2-mRNA-1 6211101
.33 snap_masked-168464262-processed-gene-0.2-mRNA-1 4929577
.99 snap_masked-168463841-processed-gene-0.61-mRNA-1 6604169
.29 snap_masked-168459523-processed-gene-1.52-mRNA-1 4124846
.70 snap_masked-168459523-processed-gene-1.52-mRNA-1 1156131
.66 snap_masked-168452355-processed-gene-0.77-mRNA-1 2554156
.11 snap_masked-168452355-processed-gene-0.77-mRNA-1 4000712
0 snap_masked-168451067-processed-gene-0.3-mRNA-1 6504172
.42 snap_masked-168451067-processed-gene-0.3-mRNA-1 6504172
.38 snap_masked-168447667-processed-gene-0.5-mRNA-1 997156
.31 snap_masked-168447667-processed-gene-0.5-mRNA-1 6506612
.66 snap_masked-168446456-processed-gene-0.19-mRNA-1 3536258
.38 snap_masked-168443762-processed-gene-0.17-mRNA-1 4750333
.62 snap_masked-168441156-processed-gene-0.18-mRNA-1 4759859
.71 snap_masked-168433123-processed-gene-0.3-mRNA-1 6524222
.28 snap_masked-168433123-processed-gene-0.3-mRNA-1 2535427
.36 snap_masked-168401655-processed-gene-0.20-mRNA-1 6508573
.55 snap_masked-168401655-processed-gene-0.20-mRNA-1 2550873
.43 snap_masked-168396491-processed-gene-0.34-mRNA-1 6519863
.55 snap_masked-168396491-processed-gene-0.34-mRNA-1 6503777
.63 snap_masked-168384894-processed-gene-0.13-mRNA-1 6604277
.32 snap_masked-168384894-processed-gene-0.13-mRNA-1 6604277
.50 snap_masked-168384633-processed-gene-0.101-mRNA-1 1780792
.58 snap_masked-168384425-processed-gene-0.40-mRNA-1 6510061
.16 snap_masked-168384425-processed-gene-0.40-mRNA-1 6534092
.15 snap_masked-168384425-processed-gene-0.40-mRNA-1 1371766
.69 snap_masked-168370811-processed-gene-0.10-mRNA-1 6604253
.49 snap_masked-168363119-processed-gene-0.34-mRNA-1 3277100
.73 snap_masked-168346542-processed-gene-0.4-mRNA-1 6524625
.21 snap_masked-168346542-processed-gene-0.4-mRNA-1 3687020
.36 snap_masked-168325153-processed-gene-0.52-mRNA-1 3414393
.37 snap_masked-168325153-processed-gene-0.52-mRNA-1 4359951
.56 snap_masked-168323488-processed-gene-0.19-mRNA-1 6503470
.28 snap_masked-168323488-processed-gene-0.19-mRNA-1 6523502
.63 snap_masked-168314700-processed-gene-0.10-mRNA-1 6514686
.33 snap_masked-168314700-processed-gene-0.10-mRNA-1 4321208
.99 snap_masked-168312706-processed-gene-0.43-mRNA-1 6604172
.85 snap_masked-168306296-processed-gene-0.7-mRNA-1 995111
.13 snap_masked-168306296-processed-gene-0.7-mRNA-1 2684597
.38 snap_masked-168283834-processed-gene-0.13-mRNA-1 6506285
.61 snap_masked-168283834-processed-gene-0.13-mRNA-1 6504415
.99 snap_masked-168268917-processed-gene-0.56-mRNA-1 6604274
.33 snap_masked-168267877-processed-gene-0.58-mRNA-1 6504915
.32 snap_masked-168267877-processed-gene-0.58-mRNA-1 1199475
.25 snap_masked-168267877-processed-gene-0.58-mRNA-1 6546906
.09 snap_masked-168267877-processed-gene-0.58-mRNA-1 1051991
.82 snap_masked-168267741-processed-gene-0.11-mRNA-1 985117
.09 snap_masked-168267741-processed-gene-0.11-mRNA-1 6344159
.88 snap_masked-168266478-processed-gene-0.30-mRNA-1 4000712
.35 snap_masked-168260411-processed-gene-0.69-mRNA-1 1864365
.28 snap_masked-168260411-processed-gene-0.69-mRNA-1 4411253
.64 snap_masked-168259747-processed-gene-0.3-mRNA-1 1191028
.35 snap_masked-168259747-processed-gene-0.3-mRNA-1 4236268
.69 snap_masked-168255753-processed-gene-0.73-mRNA-1 2912325
.29 snap_masked-168255753-processed-gene-0.73-mRNA-1 6507024
.99 snap_masked-168255753-processed-gene-0.72-mRNA-1 6507024
.50 snap_masked-168247743-processed-gene-0.59-mRNA-1 6507433
.36 snap_masked-168247743-processed-gene-0.59-mRNA-1 6504957
.88 snap_masked-168232233-processed-gene-0.19-mRNA-1 6507933
.08 snap_masked-168232233-processed-gene-0.19-mRNA-1 3425620
.29 snap_masked-168232124-processed-gene-0.36-mRNA-1 6506393
.12 snap_masked-168232124-processed-gene-0.36-mRNA-1 6604275
.18 snap_masked-168230750-processed-gene-0.39-mRNA-1 4675394
.65 snap_masked-168230750-processed-gene-0.39-mRNA-1 2197372
.99 snap_masked-168228894-processed-gene-0.91-mRNA-1 6522987
.47 snap_masked-168225487-processed-gene-0.67-mRNA-1 6604192
.23 snap_masked-168225487-processed-gene-0.67-mRNA-1 6508783
.46 snap_masked-168225051-processed-gene-0.49-mRNA-1 3240321
.56 snap_masked-168204345-processed-gene-0.4-mRNA-1 873641
.43 snap_masked-168204345-processed-gene-0.4-mRNA-1 873593
.69 snap_masked-168200171-processed-gene-0.6-mRNA-1 6505374
.07 snap_masked-168200171-processed-gene-0.6-mRNA-1 4438856
.56 snap_masked-168196290-processed-gene-0.43-mRNA-1 3381922
.45 snap_masked-168191937-processed-gene-0.90-mRNA-1 1498849
.34 snap_masked-168191937-processed-gene-0.90-mRNA-1 3132872
.39 snap_masked-168191928-processed-gene-0.105-mRNA-1 5273850
.29 snap_masked-168191447-processed-gene-0.12-mRNA-1 6510783
.18 snap_masked-168190179-processed-gene-0.157-mRNA-1 740396
.60 snap_masked-168190179-processed-gene-0.157-mRNA-1 6505374
.27 snap_masked-168188906-processed-gene-0.33-mRNA-1 1791047
.71 snap_masked-168188906-processed-gene-0.33-mRNA-1 6517219
.29 snap_masked-168188494-processed-gene-0.13-mRNA-1 6504513
.33 snap_masked-168188494-processed-gene-0.13-mRNA-1 1067645
.16 snap_masked-168188494-processed-gene-0.13-mRNA-1 1549284
.15 snap_masked-168188494-processed-gene-0.13-mRNA-1 2417935
.73 snap_masked-168187374-processed-gene-0.122-mRNA-1 6604191
.09 snap_masked-168187374-processed-gene-0.122-mRNA-1 2990824
.09 snap_masked-168187374-processed-gene-0.122-mRNA-1 2895989
.24 snap_masked-168187075-processed-gene-0.14-mRNA-1 6506792
.23 snap_masked-168187075-processed-gene-0.14-mRNA-1 6520881
.01 snap_masked-168187075-processed-gene-0.14-mRNA-1 2265463
.99 snap_masked-168186752-processed-gene-0.54-mRNA-1 1239410
.37 snap_masked-168184965-processed-gene-0.19-mRNA-1 6504251
.33 snap_masked-168184965-processed-gene-0.19-mRNA-1 6506350
.15 snap_masked-168184965-processed-gene-0.19-mRNA-1 1230343
.10 snap_masked-168184965-processed-gene-0.19-mRNA-1 1230349
.10 snap_masked-168183094-processed-gene-0.12-mRNA-1 6506838
.89 snap_masked-168183094-processed-gene-0.12-mRNA-1 6604234
.10 snap_masked-168165369-processed-gene-0.14-mRNA-1 3578751
.71 snap_masked-168165369-processed-gene-0.14-mRNA-1 6604180
.62 snap_masked-168153487-processed-gene-0.15-mRNA-1 6604273
.12 snap_masked-168153487-processed-gene-0.15-mRNA-1 1030308
.46 snap_masked-168151951-processed-gene-0.20-mRNA-1 6451061
.99 snap_masked-168142510-processed-gene-0.7-mRNA-1 6504023
.85 snap_masked-168137277-processed-gene-0.14-mRNA-1 187408
.12 snap_masked-168137277-processed-gene-0.14-mRNA-1 6556806
.32 snap_masked-168113208-processed-gene-0.3-mRNA-1 3183786
.67 snap_masked-168113208-processed-gene-0.3-mRNA-1 1219499
.87 snap_masked-168104155-processed-gene-0.10-mRNA-1 6604231
.12 snap_masked-168104155-processed-gene-0.10-mRNA-1 830088
.99 snap_masked-168099415-processed-gene-0.21-mRNA-1 320746
.84 snap_masked-168096650-processed-gene-0.6-mRNA-1 6503539
.17 snap_masked-168095837-processed-gene-0.26-mRNA-1 6509344
.04 snap_masked-168095837-processed-gene-0.26-mRNA-1 6504089
.40 snap_masked-168089074-processed-gene-0.6-mRNA-1 6509308
.28 snap_masked-168089074-processed-gene-0.6-mRNA-1 6509845
.30 snap_masked-168059917-processed-gene-0.8-mRNA-1 6504568
.21 snap_masked-168059917-processed-gene-0.8-mRNA-1 6509327
.12 snap_masked-168059917-processed-gene-0.8-mRNA-1 2033171
.36 snap_masked-167999217-processed-gene-0.8-mRNA-1 5484042
.56 snap_masked-167999217-processed-gene-0.8-mRNA-1 6522637
.57 snap_masked-167982074-processed-gene-0.6-mRNA-1 2355665
.37 snap_masked-167970637-processed-gene-0.4-mRNA-1 2310877
.26 snap_masked-167970637-processed-gene-0.4-mRNA-1 2115936
.47 snap_masked-167923352-processed-gene-0.14-mRNA-1 6604256
.06 snap_masked-167923352-processed-gene-0.14-mRNA-1 341676
.20 snap_masked-167900719-processed-gene-0.5-mRNA-1 6505400
.11 snap_masked-167900719-processed-gene-0.5-mRNA-1 6507559
.36 snap_masked-167884987-processed-gene-0.25-mRNA-1 1731473
.23 snap_masked-167884987-processed-gene-0.25-mRNA-1 2578327
.14 snap_masked-167884987-processed-gene-0.25-mRNA-1 3029058
.21 snap_masked-167868242-processed-gene-0.43-mRNA-1 6516418
.67 snap_masked-167868242-processed-gene-0.43-mRNA-1 6514632
.99 snap_masked-167859797-processed-gene-0.32-mRNA-1 1344825
.71 snap_masked-167828536-processed-gene-0.18-mRNA-1 3541567
.06 snap_masked-167828536-processed-gene-0.18-mRNA-1 2370722
.68 snap_masked-167818836-processed-gene-0.26-mRNA-1 873641
.99 snap_masked-167798297-processed-gene-0.120-mRNA-1 6512144
.42 snap_masked-167415251-processed-gene-0.2-mRNA-1 2833663
.50 snap_masked-167415251-processed-gene-0.2-mRNA-1 2329470
.70 snap_masked-167413712-processed-gene-0.2-mRNA-1 373968
.23 snap_masked-167413712-processed-gene-0.2-mRNA-1 5463572
.41 snap_masked-166936467-processed-gene-0.2-mRNA-1 3702525
.58 snap_masked-166936467-processed-gene-0.2-mRNA-1 1701184
.37 snap_masked-166826280-processed-gene-0.3-mRNA-1 5388943
.60 snap_masked-166826280-processed-gene-0.3-mRNA-1 741241
.81 snap_masked-166717510-processed-gene-0.2-mRNA-1 2665459
.07 snap_masked-166717510-processed-gene-0.2-mRNA-1 5310790
.26 snap_masked-166706928-processed-gene-0.2-mRNA-1 1648716
.19 snap_masked-166706928-processed-gene-0.2-mRNA-1 2342347
.22 snap_masked-166593787-processed-gene-0.2-mRNA-1 2527946
.76 snap_masked-166593787-processed-gene-0.2-mRNA-1 112479
.43 snap_masked-166581306-processed-gene-0.1-mRNA-1 5679400
.27 snap_masked-166581306-processed-gene-0.1-mRNA-1 3561954
.74 snap_masked-166552793-processed-gene-0.5-mRNA-1 6604236
.20 snap_masked-166552793-processed-gene-0.5-mRNA-1 2554529
.20 snap_masked-166552793-processed-gene-0.5-mRNA-1 1855888
.74 snap_masked-166453822-processed-gene-0.2-mRNA-1 916470
.25 snap_masked-166453822-processed-gene-0.2-mRNA-1 632293
.64 snap_masked-166301333-processed-gene-0.2-mRNA-1 6515624
.35 snap_masked-166301333-processed-gene-0.2-mRNA-1 1894500
.64 snap_masked-166294889-processed-gene-0.4-mRNA-1 6604227
.12 snap_masked-166294889-processed-gene-0.4-mRNA-1 6515718
.38 snap_masked-166173851-processed-gene-0.2-mRNA-1 1954783
.23 snap_masked-166173851-processed-gene-0.2-mRNA-1 6568037
.99 snap_masked-166105629-processed-gene-0.5-mRNA-1 6604287
.17 snap_masked-166072771-processed-gene-0.2-mRNA-1 2731072
.81 snap_masked-166072771-processed-gene-0.2-mRNA-1 6505635
.38 snap_masked-166061960-processed-gene-0.2-mRNA-1 5687704
.43 snap_masked-166061960-processed-gene-0.2-mRNA-1 2137375
.34 snap_masked-166061960-processed-gene-0.2-mRNA-1 4800369
.23 snap_masked-166061960-processed-gene-0.2-mRNA-1 3677205
.84 snap_masked-165311682-processed-gene-0.1-mRNA-1 1567568
.63 snap_masked-165311682-processed-gene-0.1-mRNA-1 1603036
.60 snap_masked-165311682-processed-gene-0.1-mRNA-1 908413
.63 snap_masked-165311682-processed-gene-0.1-mRNA-1 1110574
.62 snap_masked-165311682-processed-gene-0.1-mRNA-1 2460109
.16 snap_masked-165291827-processed-gene-0.2-mRNA-1 1489979
.83 snap_masked-165291827-processed-gene-0.2-mRNA-1 6503977
.53 snap_masked-165034132-processed-gene-0.2-mRNA-1 4513406
.37 snap_masked-165034132-processed-gene-0.2-mRNA-1 6522977
.86 snap_masked-164910967-processed-gene-0.2-mRNA-1 415370
.66 snap_masked-164910967-processed-gene-0.2-mRNA-1 3302034
.63 snap_masked-164910967-processed-gene-0.2-mRNA-1 1743983
.47 snap_masked-164910967-processed-gene-0.2-mRNA-1 3665629
.35 snap_masked-164910967-processed-gene-0.2-mRNA-1 1924329
.35 snap_masked-164890384-processed-gene-0.2-mRNA-1 1757918
.63 snap_masked-164890384-processed-gene-0.2-mRNA-1 6504782
.33 snap_masked-164828498-processed-gene-0.2-mRNA-1 868556
.25 snap_masked-164828498-processed-gene-0.2-mRNA-1 1461707
.26 snap_masked-164828498-processed-gene-0.2-mRNA-1 2857911
.28 snap_masked-164828498-processed-gene-0.2-mRNA-1 2154313
.18 snap_masked-164828498-processed-gene-0.2-mRNA-1 2215280
.73 snap_masked-164666445-processed-gene-0.2-mRNA-1 2179089
.21 snap_masked-164666445-processed-gene-0.2-mRNA-1 1746286
.53 snap_masked-164611498-processed-gene-0.2-mRNA-1 1696321
.24 snap_masked-164611498-processed-gene-0.2-mRNA-1 2245034
.47 snap_masked-164600149-processed-gene-0.3-mRNA-1 2352922
.28 snap_masked-164581289-processed-gene-0.3-mRNA-1 266733
.45 snap_masked-164581289-processed-gene-0.3-mRNA-1 6506232
.86 snap_masked-164347450-processed-gene-0.1-mRNA-1 732054
.13 snap_masked-164347450-processed-gene-0.1-mRNA-1 3597250
.74 snap_masked-162916521-processed-gene-0.2-mRNA-1 1136455
.25 snap_masked-162916521-processed-gene-0.2-mRNA-1 1759047
.38 snap_masked-162868190-processed-gene-0.2-mRNA-1 6509225
.40 snap_masked-162868190-processed-gene-0.2-mRNA-1 3280428
.43 snap_masked-162397403-processed-gene-0.3-mRNA-1 3115563
.30 snap_masked-162326255-processed-gene-0.2-mRNA-1 6510801
.69 snap_masked-162326255-processed-gene-0.2-mRNA-1 1899894
.39 snap_masked-162051028-processed-gene-0.3-mRNA-1 6505629
.27 snap_masked-162051028-processed-gene-0.3-mRNA-1 2125259
.99 snap_masked-162013780-processed-gene-0.3-mRNA-1 6604181
.17 snap_masked-161969380-processed-gene-0.3-mRNA-1 2155845
.24 snap_masked-161969380-processed-gene-0.3-mRNA-1 6604202
.39 snap_masked-161783185-processed-gene-0.2-mRNA-1 2251413
.27 snap_masked-161783185-processed-gene-0.2-mRNA-1 3425843
.34 snap_masked-161437822-processed-gene-0.2-mRNA-1 1158564
.26 snap_masked-161437822-processed-gene-0.2-mRNA-1 1886042
.56 snap_masked-160402875-processed-gene-0.2-mRNA-1 6505613
.43 snap_masked-160402875-processed-gene-0.2-mRNA-1 1556382
.39 snap_masked-102552325-processed-gene-0.1-mRNA-1 6125003
.25 snap_masked-102552325-processed-gene-0.1-mRNA-1 6600364
.18 snap_masked-102552325-processed-gene-0.1-mRNA-1 2989867
.18 snap_masked-102552325-processed-gene-0.1-mRNA-1 3465615
.18 snap_masked-102552325-processed-gene-0.1-mRNA-1 5378742
.67 maker-97349046-snap-gene-0.2-mRNA-1 6604221
.30 maker-97349046-snap-gene-0.2-mRNA-1 6604221
.32 maker-168577648-snap-gene-0.51-mRNA-1 3430188
.42 maker-168577648-snap-gene-0.51-mRNA-1 6548082
.15 maker-168577632-snap-gene-0.64-mRNA-1 6510930
.84 maker-168577632-snap-gene-0.64-mRNA-1 6604265
.49 maker-168577632-snap-gene-0.63-mRNA-1 6604212
.16 maker-168577591-augustus-gene-0.54-mRNA-1 1848934
.69 maker-168577591-augustus-gene-0.54-mRNA-1 6604222
.96 maker-168577573-augustus-gene-0.59-mRNA-1 6604276
.13 maker-168577548-snap-gene-0.85-mRNA-1 6510148
.08 maker-168577548-snap-gene-0.85-mRNA-1 1675666
.28 maker-168577548-augustus-gene-0.82-mRNA-1 2329086
.27 maker-168577548-augustus-gene-0.82-mRNA-1 1596945
.61 maker-168577546-snap-gene-1.73-mRNA-1 6508113
.20 maker-168577546-snap-gene-1.73-mRNA-1 1772739
.34 maker-168577511-snap-gene-0.95-mRNA-1 1996685
.31 maker-168577511-snap-gene-0.95-mRNA-1 6520813
.67 maker-168577495-snap-gene-0.68-mRNA-1 6604285
.07 maker-168577495-snap-gene-0.68-mRNA-1 1797174
.45 maker-168577455-augustus-gene-0.49-mRNA-1 1094518
.34 maker-168577455-augustus-gene-0.49-mRNA-1 6504467
.89 maker-168577427-snap-gene-0.30-mRNA-1 6604237
.71 maker-168577416-augustus-gene-0.94-mRNA-1 6604272
.40 maker-168577367-snap-gene-0.23-mRNA-1 6504437
.27 maker-168577367-snap-gene-0.23-mRNA-1 6509683
.19 maker-168577320-snap-gene-0.83-mRNA-1 6506474
.79 maker-168577320-snap-gene-0.83-mRNA-1 6604178
.11 maker-168577294-augustus-gene-0.99-mRNA-1 1044267
.14 maker-168577294-augustus-gene-0.99-mRNA-1 6510327
.41 maker-168577256-snap-gene-0.85-mRNA-1 6604177
.15 maker-168577256-snap-gene-0.85-mRNA-1 6511740
.36 maker-168577253-augustus-gene-0.12-mRNA-1 6547857
.60 maker-168577253-augustus-gene-0.12-mRNA-1 1430868
.02 maker-168577185-snap-gene-0.11-mRNA-1 1105133
.90 maker-168577185-snap-gene-0.11-mRNA-1 6604283
.68 maker-168577169-snap-gene-0.92-mRNA-1 6604286
.13 maker-168577169-snap-gene-0.92-mRNA-1 2028673
.20 maker-168577148-snap-gene-0.33-mRNA-1 1613154
.13 maker-168577148-snap-gene-0.33-mRNA-1 1308227
.65 maker-168577137-snap-gene-0.57-mRNA-1 6604173
.16 maker-168577137-snap-gene-0.57-mRNA-1 472692
.31 maker-168577117-augustus-gene-0.37-mRNA-1 1242180
.28 maker-168577117-augustus-gene-0.37-mRNA-1 925810
.68 maker-168577105-snap-gene-0.52-mRNA-1 6604252
.12 maker-168577105-snap-gene-0.52-mRNA-1 6526750
.48 maker-168577095-snap-gene-0.13-mRNA-1 6604195
.41 maker-168577095-snap-gene-0.13-mRNA-1 6504683
.16 maker-168577077-snap-gene-0.16-mRNA-1 1656505
.13 maker-168577077-snap-gene-0.16-mRNA-1 6508215
.88 maker-168577032-augustus-gene-0.29-mRNA-1 6604268
.02 maker-168577032-augustus-gene-0.29-mRNA-1 1171537
.04 maker-168577032-augustus-gene-0.29-mRNA-1 2726142
.79 maker-168576967-augustus-gene-0.17-mRNA-1 6604203
.59 maker-168576960-snap-gene-0.16-mRNA-1 6604246
.12 maker-168576960-snap-gene-0.16-mRNA-1 5843867
.09 maker-168576960-snap-gene-0.16-mRNA-1 4976219
.82 maker-168576920-snap-gene-0.66-mRNA-1 6604198
.42 maker-168575692-augustus-gene-1.106-mRNA-1 6604170
.32 maker-168575692-augustus-gene-1.106-mRNA-1 6504276
.13 maker-168575619-snap-gene-0.40-mRNA-1 6511666
.16 maker-168575619-snap-gene-0.40-mRNA-1 3276071
.99 maker-168573957-snap-gene-0.25-mRNA-1 6604284
.48 maker-168573945-snap-gene-0.19-mRNA-1 6604263
.33 maker-168573945-snap-gene-0.19-mRNA-1 2331323
.08 maker-168573665-augustus-gene-0.53-mRNA-1 5753705
.87 maker-168573665-augustus-gene-0.53-mRNA-1 6604247
.55 maker-168573397-augustus-gene-0.6-mRNA-1 737186
.78 maker-168572977-augustus-gene-0.25-mRNA-1 1009439
.05 maker-168572977-augustus-gene-0.25-mRNA-1 731851
.07 maker-168572970-augustus-gene-0.17-mRNA-1 1963547
.20 maker-168572970-augustus-gene-0.17-mRNA-1 1909617
.50 maker-168572826-snap-gene-0.103-mRNA-1 6512001
.48 maker-168572826-snap-gene-0.103-mRNA-1 6604184
.82 maker-168572209-augustus-gene-0.51-mRNA-1 6508046
.99 maker-168572186-augustus-gene-0.22-mRNA-1 6604187
.99 maker-168572137-augustus-gene-0.22-mRNA-1 6604267
.27 maker-168572021-augustus-gene-0.35-mRNA-1 6510192
.16 maker-168572021-augustus-gene-0.35-mRNA-1 6505024
.65 maker-168571643-augustus-gene-0.20-mRNA-1 6604288
.19 maker-168571545-snap-gene-0.73-mRNA-1 6505096
.73 maker-168571545-snap-gene-0.73-mRNA-1 6604176
.74 maker-168571518-snap-gene-0.32-mRNA-1 6604174
.14 maker-168571516-augustus-gene-0.34-mRNA-1 6512262
.13 maker-168571516-augustus-gene-0.34-mRNA-1 6507324
.72 maker-168569848-augustus-gene-0.88-mRNA-1 6505161
.09 maker-168569848-augustus-gene-0.88-mRNA-1 709804
.23 maker-168569780-augustus-gene-0.33-mRNA-1 2685795
.76 maker-168569780-augustus-gene-0.33-mRNA-1 1913955
.64 maker-168569592-augustus-gene-0.75-mRNA-1 6604188
.25 maker-168569213-snap-gene-0.103-mRNA-1 409979
.13 maker-168568969-augustus-gene-0.25-mRNA-1 1366494
.86 maker-168568969-augustus-gene-0.25-mRNA-1 6604244
.38 maker-168568915-snap-gene-0.11-mRNA-1 1302254
.52 maker-168568915-snap-gene-0.11-mRNA-1 6514040
.37 maker-168568482-augustus-gene-1.125-mRNA-1 6505313
.15 maker-168568482-augustus-gene-1.125-mRNA-1 6604230
.31 maker-168568324-snap-gene-0.100-mRNA-1 1044282
.54 maker-168568324-snap-gene-0.100-mRNA-1 6604282
.79 maker-168567808-augustus-gene-0.34-mRNA-1 6604197
.65 maker-168567683-augustus-gene-0.77-mRNA-2 6604281
.11 maker-168567683-augustus-gene-0.77-mRNA-2 6604281
.02 maker-168567683-augustus-gene-0.77-mRNA-2 6511092
.78 maker-168567683-augustus-gene-0.77-mRNA-1 6604281
.07 maker-168567683-augustus-gene-0.77-mRNA-1 1374605
.77 maker-168567559-snap-gene-0.34-mRNA-1 6604279
.21 maker-168567559-snap-gene-0.34-mRNA-1 1271101
.46 maker-168567442-snap-gene-0.34-mRNA-1 6513997
.43 maker-168567442-snap-gene-0.34-mRNA-1 6513997
.24 maker-168566937-augustus-gene-1.115-mRNA-1 576359
.05 maker-168566937-augustus-gene-1.115-mRNA-1 6525183
.03 maker-168566937-augustus-gene-1.115-mRNA-1 1551770
.56 maker-168566662-augustus-gene-0.51-mRNA-1 6604194
.25 maker-168566255-snap-gene-0.80-mRNA-1 6515700
.14 maker-168566255-snap-gene-0.80-mRNA-1 2846642
.62 maker-168565772-augustus-gene-0.121-mRNA-1 6514062
.25 maker-168565416-augustus-gene-0.11-mRNA-1 1464548
.44 maker-168565416-augustus-gene-0.11-mRNA-1 1424657
.82 maker-168564999-augustus-gene-0.9-mRNA-1 6604196
.17 maker-168564999-augustus-gene-0.9-mRNA-1 2228096
.16 maker-168564516-augustus-gene-0.55-mRNA-2 997391
.26 maker-168564516-augustus-gene-0.55-mRNA-2 699968
.92 maker-168564232-augustus-gene-0.56-mRNA-1 6604278
.70 maker-168562461-augustus-gene-0.45-mRNA-1 6604258
.29 maker-168562461-augustus-gene-0.45-mRNA-1 6509724
.36 maker-168561165-snap-gene-0.81-mRNA-1 6604254
.18 maker-168561165-snap-gene-0.81-mRNA-1 428990
.14 maker-168560768-snap-gene-0.44-mRNA-1 609168
.13 maker-168560768-snap-gene-0.44-mRNA-1 6504794
.19 maker-168560635-snap-gene-0.28-mRNA-1 6604239
