.99 maker-167981647-snap-gene-0.23-mRNA-1 4364554
.48 maker-167980397-augustus-gene-0.28-mRNA-1 4293654
.41 maker-167980397-augustus-gene-0.28-mRNA-1 4297482
.63 maker-167980116-snap-gene-0.13-mRNA-1 4363808
.93 maker-167980090-snap-gene-0.11-mRNA-1 4364221
.04 maker-167980090-snap-gene-0.11-mRNA-1 2717484
.99 maker-167978087-augustus-gene-0.14-mRNA-2 4293582
.86 maker-167977330-augustus-gene-0.31-mRNA-1 4364488
.11 maker-167977330-augustus-gene-0.31-mRNA-1 985899
.99 maker-167974010-augustus-gene-0.24-mRNA-1 4363885
.48 maker-167973355-augustus-gene-0.23-mRNA-1 4298398
.99 maker-167970788-augustus-gene-0.27-mRNA-3 4364580
.99 maker-167965502-snap-gene-0.27-mRNA-1 4363965
.99 maker-167964480-snap-gene-0.38-mRNA-1 4364078
.27 maker-167962962-augustus-gene-0.4-mRNA-1 1022807
.47 maker-167962962-augustus-gene-0.4-mRNA-1 4316780
.99 maker-167962708-snap-gene-0.18-mRNA-1 4364423
.99 maker-167962582-augustus-gene-0.30-mRNA-1 4296496
.16 maker-167962470-snap-gene-0.19-mRNA-1 4364577
.26 maker-167962470-snap-gene-0.19-mRNA-1 4364577
.13 maker-167959964-snap-gene-0.11-mRNA-3 4293607
.84 maker-167959964-snap-gene-0.11-mRNA-3 4364047
.97 maker-167954030-snap-gene-0.4-mRNA-1 4364320
.32 maker-167953437-augustus-gene-0.14-mRNA-1 1222119
.26 maker-167953437-augustus-gene-0.14-mRNA-1 1589775
.21 maker-167953437-augustus-gene-0.14-mRNA-1 680709
.19 maker-167953437-augustus-gene-0.14-mRNA-1 1490345
.99 maker-167947143-snap-gene-0.24-mRNA-1 4364561
.99 maker-167946914-snap-gene-0.74-mRNA-1 4363992
.99 maker-167945455-augustus-gene-0.7-mRNA-1 4363878
.99 maker-167945124-augustus-gene-0.14-mRNA-1 4364461
.99 maker-167943635-augustus-gene-0.11-mRNA-1 4364516
.99 maker-167942819-snap-gene-0.26-mRNA-1 4364552
.99 maker-167942724-augustus-gene-0.10-mRNA-1 874895
.99 maker-167940948-augustus-gene-0.10-mRNA-1 4363940
.99 maker-167940595-augustus-gene-0.6-mRNA-1 4294660
.66 maker-167939701-augustus-gene-0.13-mRNA-2 4364274
.29 maker-167939701-augustus-gene-0.13-mRNA-2 4293459
.77 maker-167939448-snap-gene-0.14-mRNA-1 4294614
.99 maker-167937678-snap-gene-0.23-mRNA-1 4364550
.99 maker-167937444-snap-gene-0.15-mRNA-1 4294642
.23 maker-167933401-augustus-gene-0.8-mRNA-1 1503086
.16 maker-167933401-augustus-gene-0.8-mRNA-1 1187897
.98 maker-167932176-augustus-gene-0.5-mRNA-1 4364519
.99 maker-167930278-augustus-gene-0.4-mRNA-1 4364046
.99 maker-167929652-augustus-gene-0.77-mRNA-1 4364285
.99 maker-167927622-augustus-gene-0.10-mRNA-1 4364220
.99 maker-167925817-augustus-gene-0.6-mRNA-1 229498
.99 maker-167925552-augustus-gene-0.48-mRNA-1 4364539
.66 maker-167921145-snap-gene-0.25-mRNA-2 4364322
.20 maker-167921145-snap-gene-0.25-mRNA-2 1054760
.99 maker-167919322-augustus-gene-0.10-mRNA-1 4302078
.78 maker-167919028-augustus-gene-0.45-mRNA-1 4363990
.13 maker-167919028-augustus-gene-0.45-mRNA-1 2205008
.98 maker-167918185-augustus-gene-0.63-mRNA-1 4364217
.99 maker-167918114-snap-gene-0.97-mRNA-1 4363753
.14 maker-167916781-augustus-gene-0.37-mRNA-3 4307248
.81 maker-167916781-augustus-gene-0.37-mRNA-3 4364257
.99 maker-167915957-snap-gene-0.12-mRNA-1 4363866
.99 maker-167915295-snap-gene-0.21-mRNA-1 4364437
.42 maker-167914017-augustus-gene-0.15-mRNA-1 1060201
.99 maker-167912513-snap-gene-0.22-mRNA-1 4364195
.99 maker-167911249-snap-gene-0.8-mRNA-1 4364315
.99 maker-167909851-augustus-gene-0.11-mRNA-1 4364304
.99 maker-167908843-snap-gene-0.15-mRNA-1 4364567
.99 maker-167904155-augustus-gene-0.43-mRNA-1 4364551
.99 maker-167900391-augustus-gene-0.19-mRNA-1 4364537
.98 maker-167900252-snap-gene-0.18-mRNA-1 4364464
.99 maker-167898925-augustus-gene-0.31-mRNA-1 4293910
.99 maker-167898736-augustus-gene-0.47-mRNA-1 4363813
.42 maker-167897123-snap-gene-0.25-mRNA-1 4364547
.09 maker-167897123-snap-gene-0.25-mRNA-1 4306094
.99 maker-167895031-augustus-gene-0.40-mRNA-1 4364310
.99 maker-167893426-snap-gene-0.35-mRNA-1 4364544
.99 maker-167892602-augustus-gene-0.9-mRNA-1 4364415
.74 maker-167890983-augustus-gene-0.14-mRNA-1 4364361
.08 maker-167890983-augustus-gene-0.14-mRNA-1 2445995
.99 maker-167889344-augustus-gene-0.23-mRNA-1 4294506
.07 maker-167888075-augustus-gene-0.20-mRNA-1 2065994
.78 maker-167888075-augustus-gene-0.20-mRNA-1 4364062
.73 maker-167887473-augustus-gene-0.15-mRNA-1 4364151
.23 maker-167887473-augustus-gene-0.15-mRNA-1 4301664
.99 maker-167884422-augustus-gene-0.12-mRNA-1 4363847
.99 maker-167883019-augustus-gene-0.23-mRNA-1 4363797
.88 maker-167881627-snap-gene-0.46-mRNA-1 4364532
.85 maker-167878492-augustus-gene-0.43-mRNA-1 4293775
.99 maker-167878050-augustus-gene-0.7-mRNA-1 4364364
.99 maker-167877580-augustus-gene-0.8-mRNA-1 4294520
.87 maker-167876910-augustus-gene-0.5-mRNA-1 4364576
.12 maker-167876910-augustus-gene-0.5-mRNA-1 4309319
.99 maker-167876465-snap-gene-0.28-mRNA-2 4363757
.54 maker-167875104-snap-gene-0.37-mRNA-1 4297436
.13 maker-167874434-augustus-gene-0.6-mRNA-1 4300149
.61 maker-167874434-augustus-gene-0.6-mRNA-1 4364017
.98 maker-167873713-augustus-gene-0.19-mRNA-1 4364570
.98 maker-167873270-snap-gene-0.8-mRNA-1 4363924
.31 maker-167873164-augustus-gene-0.6-mRNA-1 2381318
.26 maker-167873164-augustus-gene-0.6-mRNA-1 1085555
.30 maker-167873164-augustus-gene-0.6-mRNA-1 4304225
.20 maker-167873164-augustus-gene-0.6-mRNA-1 2378744
.21 maker-167873164-augustus-gene-0.6-mRNA-1 1224963
.99 maker-167869848-snap-gene-0.26-mRNA-1 4364359
.99 maker-167865379-augustus-gene-0.13-mRNA-1 4363918
.99 maker-167864987-snap-gene-0.14-mRNA-1 4364509
.93 maker-167864900-snap-gene-0.25-mRNA-1 4364424
.99 maker-167862728-snap-gene-0.41-mRNA-1 4364460
.54 maker-167862568-snap-gene-0.24-mRNA-1 1264704
.21 maker-167861262-snap-gene-0.7-mRNA-1 848716
.61 maker-167861262-snap-gene-0.7-mRNA-1 4363752
.81 maker-167860892-snap-gene-0.26-mRNA-1 4364055
.63 maker-167860406-augustus-gene-0.28-mRNA-1 4364572
.24 maker-167860406-augustus-gene-0.28-mRNA-1 4299197
.21 maker-167859886-snap-gene-0.7-mRNA-1 4301682
.15 maker-167859886-snap-gene-0.7-mRNA-1 4300810
.99 maker-167857959-snap-gene-0.18-mRNA-2 4364118
.57 maker-167856479-snap-gene-0.28-mRNA-1 4302003
.16 maker-167856479-snap-gene-0.28-mRNA-1 4307148
.34 maker-167853389-snap-gene-0.22-mRNA-1 4300045
.99 maker-167852567-snap-gene-0.27-mRNA-3 4364531
.77 maker-167852567-snap-gene-0.27-mRNA-1 4364531
.99 maker-167851497-augustus-gene-0.24-mRNA-1 4364116
.53 maker-167850086-augustus-gene-0.76-mRNA-2 4363997
.19 maker-167850086-augustus-gene-0.76-mRNA-2 4306734
.99 maker-167846646-augustus-gene-0.11-mRNA-1 4364262
.97 maker-167845951-snap-gene-0.18-mRNA-1 4364560
.46 maker-167845800-augustus-gene-0.34-mRNA-1 4364141
.04 maker-167845800-augustus-gene-0.34-mRNA-1 4298803
.80 maker-167841797-augustus-gene-0.40-mRNA-1 4364387
.07 maker-167841797-augustus-gene-0.40-mRNA-1 1814764
.99 maker-167841437-augustus-gene-0.4-mRNA-1 4293522
.99 maker-167841405-augustus-gene-0.16-mRNA-1 4364452
.99 maker-167841076-augustus-gene-0.9-mRNA-1 4364273
.99 maker-167840976-augustus-gene-0.13-mRNA-1 4300127
.99 maker-167840929-augustus-gene-0.14-mRNA-1 4292931
.74 maker-167840844-augustus-gene-0.9-mRNA-1 4364546
.24 maker-167840844-augustus-gene-0.9-mRNA-1 4364546
.99 maker-167839831-snap-gene-0.17-mRNA-1 4364299
.41 maker-167838941-snap-gene-0.29-mRNA-1 4295234
.20 maker-167838941-snap-gene-0.29-mRNA-1 4295206
.12 maker-167838941-snap-gene-0.29-mRNA-1 2003863
.99 maker-167838589-augustus-gene-1.77-mRNA-1 4364038
.84 maker-167838589-augustus-gene-0.52-mRNA-1 4364555
.64 maker-167836703-snap-gene-0.43-mRNA-2 4364463
.09 maker-167836703-snap-gene-0.43-mRNA-2 1958466
.69 maker-167836460-augustus-gene-0.41-mRNA-3 4364556
.05 maker-167836460-augustus-gene-0.41-mRNA-3 4364556
0 maker-167836111-augustus-gene-0.11-mRNA-1 4364341
.99 maker-167834417-augustus-gene-0.36-mRNA-1 4364398
.98 maker-167834296-augustus-gene-0.70-mRNA-1 4364041
.69 maker-167832791-augustus-gene-0.4-mRNA-1 4364203
.18 maker-167832791-augustus-gene-0.4-mRNA-1 1487081
.99 maker-167829879-snap-gene-0.18-mRNA-1 4364386
.99 maker-167828622-augustus-gene-0.5-mRNA-1 4364487
.97 maker-167828618-augustus-gene-0.13-mRNA-1 4364559
.99 maker-167828536-snap-gene-0.22-mRNA-1 4364166
.54 maker-167827970-augustus-gene-0.40-mRNA-1 4364569
.22 maker-167827970-augustus-gene-0.40-mRNA-1 4364569
.05 maker-167827970-augustus-gene-0.40-mRNA-1 4364569
.99 maker-167827913-augustus-gene-0.34-mRNA-1 4364507
.99 maker-167826953-snap-gene-0.51-mRNA-1 4364212
.99 maker-167826884-augustus-gene-0.4-mRNA-1 4364049
.98 maker-167826735-snap-gene-0.11-mRNA-1 4364508
.99 maker-167824635-augustus-gene-0.19-mRNA-1 4364378
.99 maker-167823799-augustus-gene-0.46-mRNA-1 4364194
.99 maker-167823224-augustus-gene-0.21-mRNA-1 4364354
.98 maker-167822797-augustus-gene-0.6-mRNA-1 4363959
.99 maker-167822158-augustus-gene-0.9-mRNA-1 4363870
.03 maker-167821706-augustus-gene-0.56-mRNA-1 1753004
.94 maker-167821706-augustus-gene-0.56-mRNA-1 4364563
.99 maker-167820392-augustus-gene-0.14-mRNA-1 4364441
.99 maker-167819115-augustus-gene-0.16-mRNA-1 4364260
.99 maker-167818615-augustus-gene-0.15-mRNA-1 4364050
.99 maker-167817897-augustus-gene-0.26-mRNA-1 4363973
.99 maker-167817428-augustus-gene-0.15-mRNA-1 4295515
.71 maker-167817183-augustus-gene-0.17-mRNA-1 4364355
.18 maker-167817183-augustus-gene-0.17-mRNA-1 4304751
.15 maker-167816500-augustus-gene-0.23-mRNA-1 4305777
.14 maker-167816500-augustus-gene-0.23-mRNA-1 1931018
.98 maker-167815901-augustus-gene-0.17-mRNA-1 4364557
.98 maker-167815250-augustus-gene-0.8-mRNA-2 4364574
.99 maker-167814144-augustus-gene-0.8-mRNA-1 4364499
.99 maker-167813692-augustus-gene-0.43-mRNA-1 4363732
.02 maker-167813595-augustus-gene-0.16-mRNA-1 1800132
.97 maker-167813595-augustus-gene-0.16-mRNA-1 4364527
.99 maker-167813193-snap-gene-0.13-mRNA-1 4364564
.13 maker-167812227-augustus-gene-0.25-mRNA-1 2554139
.12 maker-167812227-augustus-gene-0.25-mRNA-1 4302929
.90 maker-167812143-snap-gene-0.57-mRNA-1 4363969
.99 maker-167812022-augustus-gene-0.16-mRNA-1 4363825
.99 maker-167811016-augustus-gene-0.6-mRNA-2 4363780
.99 maker-167810405-augustus-gene-0.17-mRNA-1 4363883
.99 maker-167810389-augustus-gene-0.24-mRNA-1 4295823
.99 maker-167810154-augustus-gene-0.7-mRNA-1 4364065
.94 maker-167810147-snap-gene-0.29-mRNA-1 4364553
.01 maker-167810147-snap-gene-0.29-mRNA-1 1603072
.15 maker-167809729-augustus-gene-0.5-mRNA-1 4297520
.84 maker-167809729-augustus-gene-0.5-mRNA-1 4295865
.83 maker-167809450-augustus-gene-0.38-mRNA-1 4363832
.12 maker-167809450-augustus-gene-0.38-mRNA-1 4363832
.98 maker-167809269-augustus-gene-0.25-mRNA-1 4296719
.99 maker-167809119-snap-gene-0.24-mRNA-1 4364399
.05 maker-167808231-augustus-gene-0.17-mRNA-1 2305076
.32 maker-167808231-augustus-gene-0.17-mRNA-1 4363962
.47 maker-167807593-augustus-gene-0.6-mRNA-1 4292819
.10 maker-167807593-augustus-gene-0.6-mRNA-1 1286016
.29 maker-167806757-augustus-gene-0.19-mRNA-1 4299077
.21 maker-167806757-augustus-gene-0.19-mRNA-1 4364384
.17 maker-167806757-augustus-gene-0.19-mRNA-1 4299074
.17 maker-167806757-augustus-gene-0.19-mRNA-1 4307383
.99 maker-167806342-augustus-gene-0.6-mRNA-1 4364190
.99 maker-167805224-snap-gene-0.61-mRNA-1 4364249
.95 maker-167805082-augustus-gene-0.6-mRNA-1 4364483
.01 maker-167805082-augustus-gene-0.6-mRNA-1 980251
.68 maker-167805059-snap-gene-0.62-mRNA-1 4363747
.25 maker-167805059-snap-gene-0.62-mRNA-1 1251142
.24 maker-167805054-snap-gene-0.76-mRNA-1 2627807
.19 maker-167805054-snap-gene-0.76-mRNA-1 2888443
.99 maker-167804285-snap-gene-0.23-mRNA-3 4364289
.83 maker-167804135-augustus-gene-0.36-mRNA-1 4364045
.99 maker-167803196-augustus-gene-0.53-mRNA-1 4364342
.91 maker-167802979-snap-gene-0.27-mRNA-1 4364541
.06 maker-167802979-snap-gene-0.27-mRNA-1 4307039
.89 maker-167802635-augustus-gene-0.79-mRNA-1 4364565
.99 maker-167801541-augustus-gene-0.6-mRNA-1 4364540
.99 maker-167801222-snap-gene-0.5-mRNA-1 4364001
.40 maker-167800884-augustus-gene-0.35-mRNA-1 622209
.17 maker-167800884-augustus-gene-0.35-mRNA-1 489730
.97 maker-167799383-snap-gene-0.50-mRNA-1 4364588
.66 maker-167797068-snap-gene-0.12-mRNA-1 4364243
.27 maker-167797068-snap-gene-0.12-mRNA-1 678375
.46 maker-167797000-augustus-gene-0.12-mRNA-1 1061117
.99 maker-167796743-augustus-gene-0.66-mRNA-1 4363881
.29 maker-167795162-snap-gene-0.25-mRNA-1 4299155
.17 maker-167795162-snap-gene-0.25-mRNA-1 4296743
.10 maker-167795162-snap-gene-0.25-mRNA-1 3214046
.07 maker-167795162-snap-gene-0.25-mRNA-1 2463112
.07 maker-167795162-snap-gene-0.25-mRNA-1 914685
.99 maker-167794801-augustus-gene-0.63-mRNA-1 4364011
.99 maker-167794668-snap-gene-0.23-mRNA-1 4364193
.99 maker-167793963-augustus-gene-0.22-mRNA-2 4363840
.70 maker-167793191-augustus-gene-0.25-mRNA-1 4297243
.13 maker-167793191-augustus-gene-0.25-mRNA-1 4299291
.09 maker-167793191-augustus-gene-0.25-mRNA-1 4299291
.99 maker-167793164-augustus-gene-0.6-mRNA-2 4363834
.41 maker-167610773-augustus-gene-0.4-mRNA-1 4364456
.21 maker-167610773-augustus-gene-0.4-mRNA-1 4316050
.08 maker-167610773-augustus-gene-0.4-mRNA-1 4297564
.03 maker-167602866-augustus-gene-0.3-mRNA-1 3866920
.95 maker-167602866-augustus-gene-0.3-mRNA-1 4364482
.34 maker-167599018-augustus-gene-0.4-mRNA-1 1800944
.31 maker-167599018-augustus-gene-0.4-mRNA-1 570151
.17 maker-167564571-snap-gene-0.4-mRNA-1 4295416
.99 maker-167517460-snap-gene-0.5-mRNA-1 4364108
.99 maker-167500959-snap-gene-0.5-mRNA-1 4364358
.99 maker-167494833-augustus-gene-0.9-mRNA-1 4363764
.99 maker-167469225-augustus-gene-0.3-mRNA-1 4293410
.99 maker-167464733-augustus-gene-0.4-mRNA-1 4364433
.99 maker-167395827-augustus-gene-0.4-mRNA-1 4364246
.71 maker-167330935-augustus-gene-0.2-mRNA-1 4303191
.68 maker-167311580-augustus-gene-0.4-mRNA-1 4292890
.11 maker-167311580-augustus-gene-0.4-mRNA-1 3382826
.95 maker-167257809-augustus-gene-0.5-mRNA-1 4364472
.01 maker-167257809-augustus-gene-0.5-mRNA-1 760095
.99 maker-167256960-augustus-gene-0.9-mRNA-1 4364030
.85 maker-167252577-snap-gene-0.4-mRNA-1 4364453
.70 maker-167249565-augustus-gene-0.3-mRNA-1 4364103
.17 maker-167249565-augustus-gene-0.3-mRNA-1 2596064
.15 maker-167249565-augustus-gene-0.3-mRNA-1 1189482
.15 maker-167249565-augustus-gene-0.3-mRNA-1 1189490
.99 maker-167243520-augustus-gene-0.4-mRNA-1 4364210
.81 maker-167238986-augustus-gene-0.4-mRNA-1 4364329
.13 maker-167238986-augustus-gene-0.4-mRNA-1 4293321
.99 maker-167237664-snap-gene-0.3-mRNA-1 4364436
.99 maker-167232503-snap-gene-0.5-mRNA-3 4364518
.99 maker-167232503-snap-gene-0.5-mRNA-2 4364518
.99 maker-167232308-augustus-gene-0.3-mRNA-1 4364278
.27 maker-167223250-augustus-gene-0.3-mRNA-1 4303555
.18 maker-167223250-augustus-gene-0.3-mRNA-1 4305158
.99 maker-167222252-augustus-gene-0.4-mRNA-1 4364583
.99 maker-167214578-augustus-gene-0.5-mRNA-1 4363829
.94 maker-167196383-augustus-gene-0.10-mRNA-3 4364297
.05 maker-167196383-augustus-gene-0.10-mRNA-3 4298116
.99 maker-167196083-augustus-gene-0.8-mRNA-1 4364443
.31 maker-167195305-snap-gene-0.4-mRNA-1 4293299
.19 maker-167195305-snap-gene-0.4-mRNA-1 1386893
.99 maker-167189914-snap-gene-0.4-mRNA-1 4363854
.99 maker-167188905-snap-gene-0.2-mRNA-1 427920
.92 maker-167188188-snap-gene-0.7-mRNA-1 4364214
.06 maker-167188188-snap-gene-0.7-mRNA-1 4297648
.99 maker-167184492-augustus-gene-0.4-mRNA-1 4363765
.99 maker-167180340-augustus-gene-0.4-mRNA-1 4364240
.98 maker-167179853-snap-gene-0.5-mRNA-2 4364525
.82 maker-167168600-augustus-gene-0.3-mRNA-1 4364287
.11 maker-167168600-augustus-gene-0.3-mRNA-1 3902954
.84 maker-167166966-augustus-gene-0.3-mRNA-1 4364530
.14 maker-167166966-augustus-gene-0.3-mRNA-1 4297210
.36 maker-167150421-augustus-gene-0.4-mRNA-1 4293054
.24 maker-167150421-augustus-gene-0.4-mRNA-1 1363864
.99 maker-167150372-augustus-gene-0.3-mRNA-1 4364422
.94 maker-167146922-snap-gene-0.4-mRNA-1 4363784
.05 maker-167146922-snap-gene-0.4-mRNA-1 457529
.99 maker-167137125-augustus-gene-0.6-mRNA-1 4364136
.99 maker-167136005-augustus-gene-0.4-mRNA-1 4298296
.99 maker-167124403-augustus-gene-0.6-mRNA-1 4363968
.99 maker-167123460-augustus-gene-0.4-mRNA-1 4363989
.99 maker-167123280-augustus-gene-0.2-mRNA-1 4364159
.87 maker-167121271-snap-gene-0.5-mRNA-1 4364071
.10 maker-167121271-snap-gene-0.5-mRNA-1 4295494
.10 maker-167121271-snap-gene-0.5-mRNA-1 3445441
.99 maker-167111986-augustus-gene-0.3-mRNA-1 4364058
.99 maker-167110806-augustus-gene-0.3-mRNA-1 4363860
.99 maker-167102678-augustus-gene-0.5-mRNA-1 4364040
.99 maker-167096174-augustus-gene-0.4-mRNA-1 4364449
.99 maker-167095802-augustus-gene-0.4-mRNA-3 4364510
.99 maker-167077732-augustus-gene-0.4-mRNA-1 4364523
.99 maker-167076562-snap-gene-0.4-mRNA-1 4363853
.99 maker-167075483-snap-gene-0.4-mRNA-1 4295543
.99 maker-167067847-augustus-gene-0.6-mRNA-1 4364109
.99 maker-167048563-augustus-gene-0.3-mRNA-1 4364425
.99 maker-167043063-augustus-gene-0.4-mRNA-1 4292820
.99 maker-167036907-augustus-gene-0.11-mRNA-1 4364064
.99 maker-167035976-augustus-gene-0.3-mRNA-1 4295658
.99 maker-167035586-augustus-gene-0.5-mRNA-1 4293065
.98 maker-167014527-augustus-gene-0.7-mRNA-2 4364496
.01 maker-167014527-augustus-gene-0.7-mRNA-2 4297079
.98 maker-167014527-augustus-gene-0.7-mRNA-1 4364496
.01 maker-167014527-augustus-gene-0.7-mRNA-1 4297079
.98 maker-167013376-snap-gene-0.5-mRNA-1 4364462
.99 maker-167013085-augustus-gene-0.6-mRNA-1 4364581
.99 maker-167010684-augustus-gene-0.4-mRNA-1 4363894
.99 maker-167008351-augustus-gene-0.3-mRNA-1 4364391
.36 maker-167006432-augustus-gene-0.3-mRNA-1 4295989
.11 maker-167006432-augustus-gene-0.3-mRNA-1 4364015
.99 maker-167003068-snap-gene-0.3-mRNA-1 4295050
.26 maker-167002310-snap-gene-0.6-mRNA-1 4306417
.03 maker-167002310-snap-gene-0.6-mRNA-1 4363877
.99 maker-166997068-snap-gene-0.6-mRNA-2 4364186
.99 maker-166997068-snap-gene-0.6-mRNA-1 4364186
.99 maker-166991790-augustus-gene-0.6-mRNA-1 4294544
.99 maker-166974533-augustus-gene-0.6-mRNA-1 4363996
.96 maker-166967069-snap-gene-0.4-mRNA-1 4363803
.25 maker-166966283-augustus-gene-0.3-mRNA-1 4310911
.74 maker-166966283-augustus-gene-0.3-mRNA-1 4364141
.99 maker-166959697-snap-gene-0.4-mRNA-1 4364266
.99 maker-166952828-snap-gene-0.5-mRNA-1 4364392
.99 maker-166947916-augustus-gene-0.3-mRNA-1 4364538
.99 maker-166947532-augustus-gene-0.3-mRNA-1 4363758
.94 maker-166944031-augustus-gene-0.6-mRNA-1 4364505
.02 maker-166944031-augustus-gene-0.6-mRNA-1 1464531
.01 maker-166944031-augustus-gene-0.6-mRNA-1 1915741
.99 maker-166944008-snap-gene-0.6-mRNA-1 4363931
.99 maker-166941230-snap-gene-0.4-mRNA-1 4364197
.99 maker-166938256-augustus-gene-0.5-mRNA-1 4364120
.46 maker-166933183-augustus-gene-0.4-mRNA-1 4364209
.24 maker-166933183-augustus-gene-0.4-mRNA-1 515507
.14 maker-166933183-augustus-gene-0.4-mRNA-1 4294686
.99 maker-166927426-augustus-gene-0.6-mRNA-1 4364057
.99 maker-166925582-augustus-gene-0.4-mRNA-1 4297560
.99 maker-166923064-augustus-gene-0.6-mRNA-1 4364491
.10 maker-166910788-augustus-gene-0.3-mRNA-1 3111136
.73 maker-166910788-augustus-gene-0.3-mRNA-1 4363774
.99 maker-166909654-snap-gene-0.4-mRNA-1 4364321
.83 maker-166894346-augustus-gene-0.4-mRNA-1 4363999
.71 maker-166881219-augustus-gene-0.3-mRNA-1 4364259
.99 maker-166871210-augustus-gene-0.2-mRNA-1 4298605
.99 maker-166849335-augustus-gene-0.9-mRNA-1 4363981
.25 maker-166838974-augustus-gene-0.3-mRNA-1 4294890
.18 maker-166838974-augustus-gene-0.3-mRNA-1 674819
.20 maker-166836330-augustus-gene-0.4-mRNA-1 4301226
.79 maker-166836330-augustus-gene-0.4-mRNA-1 4364545
.98 maker-166826819-augustus-gene-0.3-mRNA-1 4364568
.99 maker-166815308-snap-gene-0.4-mRNA-1 4364500
.94 maker-166812432-augustus-gene-0.3-mRNA-1 4364206
.50 maker-166809642-augustus-gene-0.3-mRNA-1 4300848
.13 maker-166809642-augustus-gene-0.3-mRNA-1 1916945
.09 maker-166809642-augustus-gene-0.3-mRNA-1 2211354
.77 maker-166800958-augustus-gene-0.4-mRNA-1 4364521
.99 maker-166799701-augustus-gene-0.4-mRNA-1 4363901
.99 maker-166798825-snap-gene-0.7-mRNA-1 4364223
.60 maker-166791453-snap-gene-0.3-mRNA-1 4297139
.23 maker-166791453-snap-gene-0.3-mRNA-1 415600
.25 maker-166788924-augustus-gene-0.3-mRNA-1 4300547
.16 maker-166788924-augustus-gene-0.3-mRNA-1 1457442
.25 maker-166781585-augustus-gene-0.6-mRNA-2 4363896
.15 maker-166781585-augustus-gene-0.6-mRNA-2 4299852
.99 maker-166778662-augustus-gene-0.6-mRNA-1 4363958
.27 maker-166766744-snap-gene-0.5-mRNA-1 4306490
.58 maker-166766744-snap-gene-0.5-mRNA-1 4296196
.32 maker-166750857-snap-gene-0.4-mRNA-1 1972587
.35 maker-166750857-snap-gene-0.4-mRNA-1 1183594
.24 maker-166750857-snap-gene-0.4-mRNA-1 349589
.26 maker-166750857-snap-gene-0.4-mRNA-1 1727942
.48 maker-166748757-augustus-gene-0.4-mRNA-2 4364033
.25 maker-166748757-augustus-gene-0.4-mRNA-2 4295745
.75 maker-166748721-augustus-gene-0.8-mRNA-1 4364100
.17 maker-166748721-augustus-gene-0.8-mRNA-1 202687
.99 maker-166733857-augustus-gene-0.6-mRNA-1 4364170
.99 maker-166729568-augustus-gene-0.9-mRNA-1 4364528
.99 maker-166716299-augustus-gene-0.4-mRNA-1 4364146
.99 maker-166699177-augustus-gene-0.4-mRNA-1 4293480
.99 maker-166665679-snap-gene-0.7-mRNA-1 4364345
.99 maker-166659611-augustus-gene-0.3-mRNA-1 4363848
.98 maker-166658693-snap-gene-0.5-mRNA-1 4363985
.42 maker-166656892-snap-gene-0.8-mRNA-1 1143519
.99 maker-166655613-augustus-gene-0.5-mRNA-1 4364353
.99 maker-166647340-augustus-gene-0.3-mRNA-1 4364079
.73 maker-166646292-augustus-gene-0.4-mRNA-1 4293138
.16 maker-166646292-augustus-gene-0.4-mRNA-1 4293144
.12 maker-166646292-augustus-gene-0.4-mRNA-1 918512
.99 maker-166644468-augustus-gene-0.4-mRNA-1 4363930
.99 maker-166632758-snap-gene-0.3-mRNA-1 4364302
.92 maker-166624174-augustus-gene-0.3-mRNA-1 4364529
.99 maker-166604262-augustus-gene-0.7-mRNA-1 4305549
.99 maker-166586427-augustus-gene-0.3-mRNA-1 4363785
.19 maker-166576948-augustus-gene-0.3-mRNA-3 4312092
.71 maker-166576948-augustus-gene-0.3-mRNA-3 4364438
.73 maker-166564433-augustus-gene-0.4-mRNA-1 4364346
.99 maker-166561547-augustus-gene-0.3-mRNA-1 4364061
.99 maker-166556806-augustus-gene-0.3-mRNA-1 4364234
.54 maker-166537887-snap-gene-0.4-mRNA-1 4363810
.41 maker-166537887-snap-gene-0.4-mRNA-1 935426
.99 maker-166537777-snap-gene-0.6-mRNA-1 4363977
.18 maker-166529607-snap-gene-0.3-mRNA-1 1202178
.81 maker-166529607-snap-gene-0.3-mRNA-1 4363966
.19 maker-166506730-snap-gene-0.5-mRNA-1 4364123
.78 maker-166506730-snap-gene-0.5-mRNA-1 4364122
.55 maker-166503398-snap-gene-0.4-mRNA-1 4293565
.28 maker-166503398-snap-gene-0.4-mRNA-1 4303190
.99 maker-166499528-augustus-gene-0.3-mRNA-1 4364152
.99 maker-166492361-snap-gene-0.5-mRNA-1 4364244
.99 maker-166487505-snap-gene-0.4-mRNA-1 4364027
.25 maker-166477544-augustus-gene-0.3-mRNA-1 4298243
.16 maker-166477544-augustus-gene-0.3-mRNA-1 4307074
.36 maker-166471144-snap-gene-0.4-mRNA-1 707233
.26 maker-166471144-snap-gene-0.4-mRNA-1 3256722
.99 maker-166466101-augustus-gene-0.4-mRNA-1 4364117
.34 maker-166465311-snap-gene-0.3-mRNA-1 1084973
.17 maker-166465311-snap-gene-0.3-mRNA-1 1348541
.99 maker-166463013-snap-gene-0.4-mRNA-1 4364160
.99 maker-166450083-snap-gene-0.5-mRNA-1 4364114
.99 maker-166445120-snap-gene-0.5-mRNA-1 4363891
.99 maker-166443728-augustus-gene-0.3-mRNA-1 4297447
.99 maker-166436681-snap-gene-0.5-mRNA-1 4364548
.99 maker-166435752-augustus-gene-0.5-mRNA-1 4364021
.99 maker-166433314-augustus-gene-0.5-mRNA-1 188923
.48 maker-166415089-augustus-gene-0.3-mRNA-1 4295903
.51 maker-166415089-augustus-gene-0.3-mRNA-1 4294054
.99 maker-166410278-augustus-gene-0.5-mRNA-1 4363868
.99 maker-166406136-snap-gene-0.6-mRNA-1 4363995
.99 maker-166405390-snap-gene-0.4-mRNA-1 4364362
.99 maker-166378680-augustus-gene-0.4-mRNA-1 4299896
.63 maker-166371926-snap-gene-0.4-mRNA-2 4364526
.08 maker-166371926-snap-gene-0.4-mRNA-2 4295225
.04 maker-166371926-snap-gene-0.4-mRNA-2 1463396
.36 maker-166370471-snap-gene-0.4-mRNA-1 1899648
.43 maker-166370471-snap-gene-0.4-mRNA-1 519837
.49 maker-166363699-augustus-gene-0.3-mRNA-1 4293491
.98 maker-166363441-augustus-gene-0.5-mRNA-1 4363734
.25 maker-166346932-augustus-gene-0.5-mRNA-1 4299738
.22 maker-166346932-augustus-gene-0.5-mRNA-1 4301585
.13 maker-166346932-augustus-gene-0.5-mRNA-1 4306375
.95 maker-166344829-snap-gene-0.6-mRNA-1 4364277
.03 maker-166344829-snap-gene-0.6-mRNA-1 4242007
.99 maker-166343090-snap-gene-0.8-mRNA-1 4364237
.99 maker-166341881-augustus-gene-0.4-mRNA-1 4364506
.31 maker-166339601-snap-gene-0.4-mRNA-1 4292989
.51 maker-166339601-snap-gene-0.4-mRNA-1 4299840
.83 maker-166328986-augustus-gene-0.4-mRNA-1 4364408
.13 maker-166328986-augustus-gene-0.4-mRNA-1 346658
.99 maker-166318857-augustus-gene-0.4-mRNA-1 4364465
.99 maker-166306187-snap-gene-0.5-mRNA-1 4363927
.99 maker-166297669-augustus-gene-0.6-mRNA-3 4364053
.99 maker-166297669-augustus-gene-0.6-mRNA-2 4364053
.37 maker-166285787-snap-gene-0.6-mRNA-1 4305335
.46 maker-166285787-snap-gene-0.6-mRNA-1 4308669
.44 maker-166280486-augustus-gene-0.3-mRNA-1 4363944
.12 maker-166280486-augustus-gene-0.3-mRNA-1 1117021
.74 maker-166278201-snap-gene-0.4-mRNA-1 4364405
.15 maker-166278201-snap-gene-0.4-mRNA-1 4313002
.42 maker-166274072-augustus-gene-0.3-mRNA-2 4364429
.25 maker-166274072-augustus-gene-0.3-mRNA-2 4297505
.50 maker-166262433-augustus-gene-0.6-mRNA-1 4301742
.15 maker-166262433-augustus-gene-0.6-mRNA-1 1118152
.05 maker-166259688-augustus-gene-0.3-mRNA-1 4363974
.91 maker-166259688-augustus-gene-0.3-mRNA-1 4363974
.99 maker-166256057-augustus-gene-0.4-mRNA-1 4363795
.99 maker-166253855-augustus-gene-0.1-mRNA-1 4364143
.99 maker-166238195-augustus-gene-0.3-mRNA-1 4293931
.99 maker-166234208-augustus-gene-0.8-mRNA-1 4363855
.99 maker-166231338-snap-gene-0.5-mRNA-1 4364363
.99 maker-166210825-snap-gene-0.4-mRNA-1 4364476
.99 maker-166205143-augustus-gene-0.4-mRNA-1 4363733
.99 maker-166203577-snap-gene-0.4-mRNA-1 4364566
.27 maker-166202538-snap-gene-0.4-mRNA-1 4364213
.46 maker-166202538-snap-gene-0.4-mRNA-1 4302301
.99 maker-166196837-augustus-gene-0.3-mRNA-1 4364579
.99 maker-166186264-augustus-gene-0.5-mRNA-1 4363827
.99 maker-166179868-augustus-gene-0.3-mRNA-1 4363919
.93 maker-166174090-snap-gene-0.5-mRNA-1 4364281
.06 maker-166174090-snap-gene-0.5-mRNA-1 4309111
.68 maker-166158333-augustus-gene-0.4-mRNA-1 4363731
.11 maker-166158333-augustus-gene-0.4-mRNA-1 2158100
.33 maker-166154157-snap-gene-0.5-mRNA-1 724024
.28 maker-166154157-snap-gene-0.5-mRNA-1 4294119
.22 maker-166154157-snap-gene-0.5-mRNA-1 4306175
.13 maker-166154157-snap-gene-0.5-mRNA-1 1690735
.11 maker-166154157-snap-gene-0.5-mRNA-1 1976804
.52 maker-166148576-augustus-gene-0.3-mRNA-1 4297535
.35 maker-166148576-augustus-gene-0.3-mRNA-1 525441
.33 maker-166148576-augustus-gene-0.3-mRNA-1 4308106
.99 maker-166144882-augustus-gene-0.3-mRNA-1 4294843
.99 maker-166139872-snap-gene-0.4-mRNA-1 4364029
.29 maker-166135902-augustus-gene-0.4-mRNA-1 4304296
.32 maker-166135902-augustus-gene-0.4-mRNA-1 378555
.99 maker-166128143-augustus-gene-0.3-mRNA-1 4364522
.18 maker-166126260-augustus-gene-0.3-mRNA-1 4296615
.11 maker-166126260-augustus-gene-0.3-mRNA-1 2011645
.99 maker-166120987-augustus-gene-0.3-mRNA-2 4364101
.99 maker-166119890-snap-gene-0.4-mRNA-1 4364076
.84 maker-166117807-augustus-gene-0.3-mRNA-1 4364430
.15 maker-166117807-augustus-gene-0.3-mRNA-1 4307247
.99 maker-166109702-augustus-gene-0.3-mRNA-1 4363744
.99 maker-166108793-augustus-gene-0.3-mRNA-1 4363792
.27 maker-166108455-augustus-gene-0.5-mRNA-1 1038593
.01 maker-166108455-augustus-gene-0.5-mRNA-1 4313237
.99 maker-166099689-snap-gene-0.10-mRNA-1 4364370
.88 maker-166098511-augustus-gene-0.3-mRNA-1 4300854
.08 maker-166098511-augustus-gene-0.3-mRNA-1 4313933
.04 maker-166098511-augustus-gene-0.3-mRNA-1 2379385
.99 maker-166094700-augustus-gene-0.5-mRNA-1 4364439
.11 maker-166022078-augustus-gene-0.3-mRNA-1 919234
.88 maker-166022078-augustus-gene-0.3-mRNA-1 4296672
.68 maker-166017658-snap-gene-0.1-mRNA-1 4301100
.20 maker-166017658-snap-gene-0.1-mRNA-1 2365038
.99 maker-165962854-augustus-gene-0.4-mRNA-1 4364265
.99 maker-165935381-snap-gene-0.4-mRNA-1 4293999
.99 maker-165913971-augustus-gene-0.6-mRNA-1 4364440
.96 maker-165858805-augustus-gene-0.3-mRNA-1 4363949
.01 maker-165858805-augustus-gene-0.3-mRNA-1 1469927
.99 maker-165799666-snap-gene-0.4-mRNA-1 4364279
.10 maker-165779737-snap-gene-0.5-mRNA-1 751182
.55 maker-165779737-snap-gene-0.5-mRNA-1 751182
.99 maker-165778730-snap-gene-0.5-mRNA-1 4364097
.35 maker-165762603-snap-gene-0.4-mRNA-1 432029
.21 maker-165762603-snap-gene-0.4-mRNA-1 1122596
.21 maker-165762603-snap-gene-0.4-mRNA-1 1642919
.21 maker-165762603-snap-gene-0.4-mRNA-1 2765684
.99 maker-165762057-augustus-gene-0.3-mRNA-1 4364091
.55 maker-165740101-augustus-gene-0.4-mRNA-1 4363920
.35 maker-165736603-augustus-gene-0.3-mRNA-1 4364536
.31 maker-165736603-augustus-gene-0.3-mRNA-1 4364536
.99 maker-165673495-snap-gene-0.4-mRNA-1 4364083
.99 maker-165649006-augustus-gene-0.3-mRNA-1 4364147
.83 maker-165588006-augustus-gene-0.4-mRNA-1 4364182
.16 maker-165588006-augustus-gene-0.4-mRNA-1 4294975
.99 maker-165564494-snap-gene-0.4-mRNA-1 4364571
.99 maker-165478813-augustus-gene-0.3-mRNA-1 4364290
.12 maker-165451395-augustus-gene-0.6-mRNA-1 1321881
.86 maker-165451395-augustus-gene-0.6-mRNA-1 4363836
.99 maker-165424866-augustus-gene-0.4-mRNA-1 4364199
.33 maker-165416349-augustus-gene-0.3-mRNA-1 1094801
.99 maker-165396321-augustus-gene-0.3-mRNA-1 4363888
.86 maker-165379790-snap-gene-0.4-mRNA-1 4363755
.35 maker-165358907-augustus-gene-0.3-mRNA-1 4292908
.25 maker-165358907-augustus-gene-0.3-mRNA-1 4292907
.19 maker-165358907-augustus-gene-0.3-mRNA-1 115393
.03 maker-165352771-snap-gene-0.4-mRNA-1 687550
.96 maker-165352771-snap-gene-0.4-mRNA-1 4364013
.91 maker-165332935-snap-gene-0.5-mRNA-1 4363936
.99 maker-165329733-snap-gene-0.3-mRNA-1 4363823
.98 maker-165320560-augustus-gene-0.3-mRNA-1 4295082
.24 maker-165294499-snap-gene-0.3-mRNA-1 3320516
.62 maker-165294499-snap-gene-0.3-mRNA-1 1192557
.99 maker-165281831-augustus-gene-0.3-mRNA-1 4364589
.44 maker-165273855-augustus-gene-0.4-mRNA-1 2799015
.99 maker-165262243-snap-gene-0.4-mRNA-1 4363991
.99 maker-165242056-augustus-gene-0.4-mRNA-1 4364010
.44 maker-165187592-augustus-gene-0.3-mRNA-1 799991
.32 maker-165187592-augustus-gene-0.3-mRNA-1 687411
.23 maker-165187592-augustus-gene-0.3-mRNA-1 2494868
.05 maker-165175907-augustus-gene-0.3-mRNA-1 2229745
.91 maker-165175907-augustus-gene-0.3-mRNA-1 4364171
.40 maker-165131896-snap-gene-0.4-mRNA-1 4363835
.38 maker-165131896-snap-gene-0.4-mRNA-1 4295767
.36 maker-165121766-augustus-gene-0.3-mRNA-1 924770
.97 maker-165060400-snap-gene-0.3-mRNA-1 4336657
.99 maker-165033440-snap-gene-0.5-mRNA-1 4364008
.99 maker-164994526-augustus-gene-0.3-mRNA-1 4295342
.99 maker-164974112-snap-gene-0.4-mRNA-1 229498
.99 maker-164972098-snap-gene-0.5-mRNA-1 4363838
.99 maker-164959811-snap-gene-0.4-mRNA-1 4364373
.26 maker-164939322-augustus-gene-0.3-mRNA-1 4296954
.17 maker-164939322-augustus-gene-0.3-mRNA-1 4296573
.99 maker-164909669-augustus-gene-0.3-mRNA-1 4363859
.23 maker-164905100-snap-gene-0.3-mRNA-1 1212484
.13 maker-164905100-snap-gene-0.3-mRNA-1 1669033
.13 maker-164905100-snap-gene-0.3-mRNA-1 1597043
.99 maker-164893704-augustus-gene-0.3-mRNA-1 4363871
.99 maker-164863985-augustus-gene-0.3-mRNA-1 4364294
.99 maker-164824638-augustus-gene-0.4-mRNA-1 4364383
.99 maker-164774006-augustus-gene-0.9-mRNA-1 4364331
.93 maker-164768659-augustus-gene-0.3-mRNA-1 4306457
.99 maker-164756935-snap-gene-0.4-mRNA-1 4364187
.96 maker-164747686-augustus-gene-0.4-mRNA-1 4363799
.03 maker-164747686-augustus-gene-0.4-mRNA-1 1781984
.99 maker-164735530-augustus-gene-0.6-mRNA-1 4364052
.19 maker-164687080-snap-gene-0.4-mRNA-2 4293380
.14 maker-164687080-snap-gene-0.4-mRNA-2 260214
.99 maker-164679375-snap-gene-0.4-mRNA-1 4363879
.34 maker-164678396-augustus-gene-0.3-mRNA-1 2517320
.54 maker-164678396-augustus-gene-0.3-mRNA-1 541667
.03 maker-164650069-snap-gene-0.4-mRNA-1 1463312
.91 maker-164650069-snap-gene-0.4-mRNA-1 4364412
.87 maker-164644998-augustus-gene-0.4-mRNA-1 4364283
.08 maker-164644998-augustus-gene-0.4-mRNA-1 4297217
.97 maker-164597839-snap-gene-0.3-mRNA-1 4364231
.94 maker-164588199-augustus-gene-0.3-mRNA-1 4364480
.99 maker-164584233-augustus-gene-0.3-mRNA-1 4364479
.99 maker-164545528-augustus-gene-0.3-mRNA-1 4298790
.25 maker-164538353-augustus-gene-0.5-mRNA-1 443452
.74 maker-164538353-augustus-gene-0.5-mRNA-1 4364224
.31 maker-164514551-augustus-gene-0.4-mRNA-1 4296295
.36 maker-164514551-augustus-gene-0.4-mRNA-1 4294651
.99 maker-164514287-augustus-gene-0.3-mRNA-1 4294792
.69 maker-164504811-snap-gene-0.5-mRNA-1 4363916
.99 maker-164503406-snap-gene-0.4-mRNA-1 4297079
.99 maker-164494336-augustus-gene-0.9-mRNA-1 4364178
.98 maker-164427001-augustus-gene-0.3-mRNA-1 4364248
.99 maker-164418704-augustus-gene-0.4-mRNA-1 4363935
.99 maker-164391912-augustus-gene-0.4-mRNA-2 4292732
.20 maker-164382434-augustus-gene-0.1-mRNA-1 4315134
.58 maker-164382434-augustus-gene-0.1-mRNA-1 4320509
.69 maker-164355195-augustus-gene-0.3-mRNA-1 4310445
.10 maker-164355195-augustus-gene-0.3-mRNA-1 1581997
.99 maker-164340523-snap-gene-0.4-mRNA-1 4363948
.99 maker-164321905-augustus-gene-0.3-mRNA-1 4364458
.98 maker-164295366-augustus-gene-0.6-mRNA-3 4364426
0 maker-164295366-augustus-gene-0.6-mRNA-3 1824367
.99 maker-164287066-augustus-gene-0.3-mRNA-1 4364421
.99 maker-164226378-snap-gene-0.5-mRNA-1 4364201
.99 maker-164139676-snap-gene-0.6-mRNA-1 4364562
.99 maker-164099479-snap-gene-0.9-mRNA-1 4364128
.40 maker-164022984-augustus-gene-0.4-mRNA-1 4363903
.11 maker-164022984-augustus-gene-0.4-mRNA-1 4324069
.99 maker-164014596-augustus-gene-0.3-mRNA-1 4363804
.99 maker-163979973-augustus-gene-0.6-mRNA-1 4364070
.27 maker-163938059-augustus-gene-0.3-mRNA-1 4294088
.50 maker-163938059-augustus-gene-0.3-mRNA-1 4299555
.99 maker-163924924-snap-gene-0.3-mRNA-1 813141
.98 maker-163900378-snap-gene-0.5-mRNA-2 4364573
.98 maker-163847797-augustus-gene-0.3-mRNA-1 4364485
.99 maker-163796859-augustus-gene-0.3-mRNA-1 4364347
.99 maker-163714314-augustus-gene-0.2-mRNA-1 4364068
.52 maker-163696209-snap-gene-0.5-mRNA-1 4364016
.01 maker-163696209-snap-gene-0.5-mRNA-1 4301953
.16 maker-163696209-snap-gene-0.5-mRNA-1 4301953
.99 maker-163676549-snap-gene-0.4-mRNA-1 4364591
.37 maker-163652291-augustus-gene-0.3-mRNA-2 751297
.25 maker-163652291-augustus-gene-0.3-mRNA-2 4294088
.20 maker-163652231-augustus-gene-0.3-mRNA-1 4364560
.78 maker-163652231-augustus-gene-0.3-mRNA-1 4363982
.99 maker-163580438-snap-gene-0.4-mRNA-1 4364534
.99 maker-163576140-snap-gene-0.5-mRNA-1 4364379
.94 maker-163558726-augustus-gene-0.5-mRNA-1 4364585
.42 maker-163558320-augustus-gene-0.3-mRNA-1 577928
.31 maker-163558320-augustus-gene-0.3-mRNA-1 4364253
.99 maker-163505538-snap-gene-0.5-mRNA-1 4364043
.52 maker-163479337-augustus-gene-0.3-mRNA-1 4364395
.14 maker-163479337-augustus-gene-0.3-mRNA-1 4299190
.99 maker-163476020-augustus-gene-0.3-mRNA-1 4364222
.43 maker-163414130-augustus-gene-0.4-mRNA-1 4363837
.42 maker-163414130-augustus-gene-0.4-mRNA-1 4302146
.99 maker-163410302-augustus-gene-0.3-mRNA-1 4364498
.87 maker-163408108-snap-gene-0.4-mRNA-1 4294466
.06 maker-163408108-snap-gene-0.4-mRNA-1 408169
.99 maker-163338843-augustus-gene-0.5-mRNA-1 4364413
.24 maker-163310728-augustus-gene-0.3-mRNA-1 4295388
.99 maker-163308394-augustus-gene-0.3-mRNA-1 4364014
.93 maker-163294750-augustus-gene-0.4-mRNA-1 4364533
.06 maker-163294750-augustus-gene-0.4-mRNA-1 1237940
.23 maker-163279748-augustus-gene-0.3-mRNA-1 4304687
.59 maker-163279748-augustus-gene-0.3-mRNA-1 4297264
.99 maker-163267802-augustus-gene-0.4-mRNA-1 4364263
.99 maker-163194786-snap-gene-0.4-mRNA-1 4364054
.64 maker-163176180-augustus-gene-0.3-mRNA-1 4363749
.29 maker-163176180-augustus-gene-0.3-mRNA-1 4293381
.99 maker-163174611-augustus-gene-0.4-mRNA-1 4364138
.51 maker-163167551-augustus-gene-0.3-mRNA-1 4364340
.07 maker-163167551-augustus-gene-0.3-mRNA-1 4298866
.70 maker-163107947-augustus-gene-0.4-mRNA-1 4295775
.28 maker-163107947-augustus-gene-0.4-mRNA-1 865651
.22 maker-163105483-augustus-gene-0.3-mRNA-1 1786996
.21 maker-163105483-augustus-gene-0.3-mRNA-1 4315339
.13 maker-163105483-augustus-gene-0.3-mRNA-1 888362
.99 maker-163102258-augustus-gene-0.4-mRNA-1 711057
.99 maker-163097679-snap-gene-0.4-mRNA-1 4364135
.99 maker-163080181-snap-gene-0.4-mRNA-1 4364489
.99 maker-163023374-snap-gene-0.4-mRNA-1 4364130
.99 maker-162994110-augustus-gene-0.7-mRNA-1 4364448
.99 maker-162989239-augustus-gene-0.5-mRNA-1 4303096
.01 maker-162977802-snap-gene-0.7-mRNA-1 921662
.97 maker-162977802-snap-gene-0.7-mRNA-1 4363771
.99 maker-162964504-snap-gene-0.4-mRNA-1 4363826
.97 maker-162922772-snap-gene-0.3-mRNA-1 4295389
.02 maker-162922772-snap-gene-0.3-mRNA-1 1652442
.99 maker-162876872-augustus-gene-0.4-mRNA-1 4363956
.67 maker-162868920-snap-gene-0.4-mRNA-1 4364543
.02 maker-162868920-snap-gene-0.4-mRNA-1 4296163
.20 maker-162863485-augustus-gene-0.3-mRNA-1 4296403
.21 maker-162863485-augustus-gene-0.3-mRNA-1 4296404
.99 maker-162845309-augustus-gene-0.4-mRNA-1 4363955
.99 maker-162845186-augustus-gene-0.3-mRNA-1 4364416
.17 maker-162840049-augustus-gene-0.3-mRNA-1 4293566
.45 maker-162840049-augustus-gene-0.3-mRNA-1 4299032
.83 maker-162834916-augustus-gene-0.3-mRNA-1 4363932
.16 maker-162834916-augustus-gene-0.3-mRNA-1 4322138
.99 maker-162823815-augustus-gene-0.5-mRNA-1 4363738
.99 maker-162820053-augustus-gene-0.2-mRNA-1 4363953
.82 maker-162718143-snap-gene-0.8-mRNA-1 4364590
.02 maker-162718143-snap-gene-0.8-mRNA-1 1650876
.99 maker-162716798-augustus-gene-0.7-mRNA-1 4364018
.51 maker-162688004-augustus-gene-0.3-mRNA-1 4307502
.23 maker-162688004-augustus-gene-0.3-mRNA-1 497332
.19 maker-162688004-augustus-gene-0.3-mRNA-1 4296400
.18 maker-162688004-augustus-gene-0.3-mRNA-1 3987163
.15 maker-162688004-augustus-gene-0.3-mRNA-1 522276
.29 maker-162659755-augustus-gene-0.5-mRNA-1 846773
.17 maker-162659755-augustus-gene-0.5-mRNA-1 4341309
.16 maker-162659755-augustus-gene-0.5-mRNA-1 1538589
.15 maker-162659755-augustus-gene-0.5-mRNA-1 2272801
.14 maker-162659755-augustus-gene-0.5-mRNA-1 1825130
.99 maker-162628936-augustus-gene-0.5-mRNA-1 4363730
.21 maker-162579771-snap-gene-0.4-mRNA-1 1447757
.77 maker-162579771-snap-gene-0.4-mRNA-1 4364232
.99 maker-162541194-augustus-gene-0.4-mRNA-1 4364495
.94 maker-162520755-augustus-gene-0.4-mRNA-1 4364575
.99 maker-162519855-augustus-gene-0.3-mRNA-1 4298829
.28 maker-162512721-snap-gene-0.4-mRNA-1 846010
.99 maker-162499948-snap-gene-0.5-mRNA-1 4364578
.97 maker-162497958-snap-gene-0.4-mRNA-1 4364586
.07 maker-162478808-snap-gene-0.4-mRNA-1 668527
.12 maker-162478808-snap-gene-0.4-mRNA-1 4296593
.99 maker-162477729-augustus-gene-0.5-mRNA-1 4364200
.56 maker-162447124-snap-gene-0.5-mRNA-1 4363964
.31 maker-162447124-snap-gene-0.5-mRNA-1 4304299
.20 maker-162398652-snap-gene-0.3-mRNA-1 4295368
.33 maker-162398652-snap-gene-0.3-mRNA-1 1121727
.99 maker-162373558-augustus-gene-0.4-mRNA-1 4296723
.99 maker-162369037-augustus-gene-0.8-mRNA-1 4364584
.99 maker-162307608-augustus-gene-0.3-mRNA-1 4364020
.99 maker-162297936-augustus-gene-0.3-mRNA-1 4363852
.64 maker-162267770-snap-gene-0.4-mRNA-1 4364372
.09 maker-162267770-snap-gene-0.4-mRNA-1 1792478
.99 maker-162202506-snap-gene-0.5-mRNA-1 4302236
.99 maker-162197843-augustus-gene-0.3-mRNA-1 4364125
.98 maker-162148568-augustus-gene-0.3-mRNA-1 4364357
.84 maker-162055648-augustus-gene-0.3-mRNA-2 4364292
.10 maker-162055648-augustus-gene-0.3-mRNA-2 899946
.07 maker-162055648-augustus-gene-0.3-mRNA-2 265923
.32 maker-162035908-snap-gene-0.3-mRNA-1 1125591
.25 maker-162035908-snap-gene-0.3-mRNA-1 4311479
.99 maker-162000537-snap-gene-0.5-mRNA-1 4364036
.99 maker-161953606-augustus-gene-0.4-mRNA-1 4364228
.41 maker-161919378-snap-gene-0.5-mRNA-1 925775
.68 maker-161917400-augustus-gene-0.5-mRNA-1 4364238
.93 maker-161900800-augustus-gene-0.3-mRNA-1 4308509
.99 maker-161890636-augustus-gene-0.3-mRNA-1 4364024
.28 maker-161781612-augustus-gene-0.3-mRNA-1 4300208
.15 maker-161781612-augustus-gene-0.3-mRNA-1 652262
.99 maker-161779242-augustus-gene-0.3-mRNA-1 4363872
.36 maker-161773353-augustus-gene-0.3-mRNA-1 4297125
.29 maker-161773353-augustus-gene-0.3-mRNA-1 4300184
.27 maker-161772526-snap-gene-0.5-mRNA-1 4364466
.36 maker-161772526-snap-gene-0.5-mRNA-1 1149012
.29 maker-161753639-augustus-gene-0.3-mRNA-1 4296974
.60 maker-161753639-augustus-gene-0.3-mRNA-1 4364028
.99 maker-161638634-snap-gene-0.4-mRNA-1 4364025
.55 maker-161635758-augustus-gene-0.4-mRNA-1 4364582
.40 maker-161635758-augustus-gene-0.4-mRNA-1 4364582
.85 maker-161635373-augustus-gene-0.4-mRNA-1 4364270
.12 maker-161635373-augustus-gene-0.4-mRNA-1 752908
.99 maker-161578904-snap-gene-0.4-mRNA-1 4364127
.99 maker-161568535-augustus-gene-0.5-mRNA-1 4363843
.99 maker-161493547-augustus-gene-0.6-mRNA-3 4364517
.51 maker-161473617-snap-gene-0.9-mRNA-1 4364229
.99 maker-161398930-augustus-gene-0.3-mRNA-1 4364275
.75 maker-161384859-augustus-gene-0.2-mRNA-1 4296926
.15 maker-161384859-augustus-gene-0.2-mRNA-1 820734
.30 maker-161375427-augustus-gene-0.3-mRNA-1 491678
.24 maker-161375427-augustus-gene-0.3-mRNA-1 4300292
.74 maker-161374452-augustus-gene-0.6-mRNA-1 4294814
.25 maker-161374452-augustus-gene-0.6-mRNA-1 4299098
.99 maker-161312048-augustus-gene-0.3-mRNA-1 4364318
.99 maker-160693456-augustus-gene-0.4-mRNA-1 4363884
.99 maker-160648378-augustus-gene-0.5-mRNA-1 4364514
.99 maker-160637215-snap-gene-0.4-mRNA-1 4363978
.46 maker-160400468-snap-gene-0.4-mRNA-1 4304735
.26 maker-160400468-snap-gene-0.4-mRNA-1 3024792
.99 maker-160375775-augustus-gene-0.3-mRNA-1 4363904
.54 maker-160348139-snap-gene-0.6-mRNA-1 4363839
.35 maker-160348139-snap-gene-0.6-mRNA-1 4298278
.95 maker-160239063-augustus-gene-0.5-mRNA-2 4364481
.04 maker-160239063-augustus-gene-0.5-mRNA-2 1094231
.99 maker-160124111-snap-gene-0.4-mRNA-1 4364558
.99 maker-159904187-snap-gene-0.4-mRNA-1 4364004
.99 maker-159822145-augustus-gene-0.4-mRNA-1 4364542
.52 maker-159805252-snap-gene-0.5-mRNA-1 4300112
.38 maker-159805252-snap-gene-0.5-mRNA-1 4295475
.99 maker-159788192-augustus-gene-0.4-mRNA-1 4363882
.99 maker-159782394-augustus-gene-0.3-mRNA-1 4363967
.99 maker-159655733-augustus-gene-0.3-mRNA-1 4363875
.86 maker-159614259-augustus-gene-0.4-mRNA-1 4363851
.07 maker-159614259-augustus-gene-0.4-mRNA-1 4297335
.37 maker-159565083-augustus-gene-0.4-mRNA-1 1103005
.31 maker-159565083-augustus-gene-0.4-mRNA-1 4346615
.22 maker-159565083-augustus-gene-0.4-mRNA-1 4309667
.99 maker-159540286-augustus-gene-0.3-mRNA-1 4364169
.99 maker-159522153-snap-gene-0.4-mRNA-1 4364515
.99 maker-159518323-augustus-gene-0.3-mRNA-1 188176
.99 maker-159442487-augustus-gene-0.3-mRNA-1 4293394
.99 maker-159430260-snap-gene-0.3-mRNA-1 4364296
.99 maker-159417546-augustus-gene-0.3-mRNA-1 4364082
.99 maker-159278182-snap-gene-0.3-mRNA-1 4363818
.99 maker-159254874-augustus-gene-0.4-mRNA-1 4364067
.99 maker-159208848-augustus-gene-0.3-mRNA-1 4364356
.99 maker-159173607-snap-gene-0.3-mRNA-1 4363938
.99 maker-159162473-augustus-gene-0.3-mRNA-2 4364072
.99 maker-158920674-snap-gene-0.4-mRNA-1 4364080
.99 maker-158895201-augustus-gene-0.3-mRNA-1 4364314
.99 maker-158883843-augustus-gene-0.3-mRNA-1 4363939
.99 maker-158860682-snap-gene-0.5-mRNA-1 4363908
.99 maker-158814994-snap-gene-0.5-mRNA-1 4363776
.99 maker-158801656-augustus-gene-0.4-mRNA-1 4364511
.72 maker-158765767-augustus-gene-0.4-mRNA-1 4364300
.22 maker-158765767-augustus-gene-0.4-mRNA-1 4293551
.99 maker-158721513-augustus-gene-0.4-mRNA-1 4364573
.92 maker-158619454-snap-gene-0.4-mRNA-1 4363937
.99 maker-158348986-augustus-gene-0.3-mRNA-1 4364447
.10 maker-158274504-augustus-gene-0.2-mRNA-1 4298189
.89 maker-158274504-augustus-gene-0.2-mRNA-1 4364192
.99 maker-139570888-augustus-gene-0.3-mRNA-1 4364168
.99 maker-129500497-augustus-gene-0.3-mRNA-1 4363800
.99 maker-126778335-snap-gene-0.2-mRNA-1 4294837
.99 maker-115588757-augustus-gene-0.3-mRNA-1 4364122
.16 maker-106150956-augustus-gene-0.3-mRNA-1 1225164
.83 maker-106150956-augustus-gene-0.3-mRNA-1 4363929
.83 genemark-32366266-processed-gene-0.1-mRNA-1 4364284
.11 genemark-32366266-processed-gene-0.1-mRNA-1 717691
.93 genemark-168577638-processed-gene-0.29-mRNA-1 4364394
.99 genemark-168577311-processed-gene-0.22-mRNA-1 4302426
.99 genemark-168577274-processed-gene-0.8-mRNA-1 4364155
.97 genemark-168577249-processed-gene-0.21-mRNA-1 4364132
.78 genemark-168573920-processed-gene-0.22-mRNA-1 4364002
.99 genemark-168567662-processed-gene-0.22-mRNA-1 4363831
.15 genemark-168562072-processed-gene-0.47-mRNA-1 1733214
.76 genemark-168562072-processed-gene-0.47-mRNA-1 4312266
.99 genemark-168562064-processed-gene-0.33-mRNA-1 4363802
.51 genemark-168561940-processed-gene-0.2-mRNA-1 4306018
.29 genemark-168561676-processed-gene-0.7-mRNA-1 1063955
.48 genemark-168561676-processed-gene-0.7-mRNA-1 4364250
.44 genemark-168561651-processed-gene-0.17-mRNA-1 1855604
.36 genemark-168557670-processed-gene-0.6-mRNA-1 2675485
.35 genemark-168557670-processed-gene-0.6-mRNA-1 1410065
.99 genemark-168556689-processed-gene-0.12-mRNA-1 4364156
.99 genemark-168552197-processed-gene-0.20-mRNA-1 4364051
.99 genemark-168538374-processed-gene-0.23-mRNA-1 4364044
.99 genemark-168521195-processed-gene-0.31-mRNA-1 4363970
.47 genemark-168518625-processed-gene-0.40-mRNA-1 1455113
.32 genemark-168518625-processed-gene-0.40-mRNA-1 1455113
.99 genemark-168511084-processed-gene-1.99-mRNA-1 4364019
.22 genemark-168508638-processed-gene-0.4-mRNA-1 4363802
.27 genemark-168508162-processed-gene-0.9-mRNA-1 4295687
.23 genemark-168508162-processed-gene-0.9-mRNA-1 4296240
.99 genemark-168491533-processed-gene-0.6-mRNA-1 4364376
.99 genemark-168482832-processed-gene-0.18-mRNA-1 4363954
.24 genemark-168481447-processed-gene-0.38-mRNA-1 2394497
.18 genemark-168481447-processed-gene-0.38-mRNA-1 538355
.99 genemark-168471689-processed-gene-0.49-mRNA-1 1052769
.31 genemark-168470123-processed-gene-0.72-mRNA-1 1517401
.64 genemark-168470123-processed-gene-0.72-mRNA-1 4364052
.20 genemark-168450014-processed-gene-0.3-mRNA-1 335239
.55 genemark-168450014-processed-gene-0.3-mRNA-1 1014252
.99 genemark-168448719-processed-gene-0.84-mRNA-1 4363895
.99 genemark-168415208-processed-gene-0.19-mRNA-1 4364490
.38 genemark-168413975-processed-gene-0.45-mRNA-1 4295424
.25 genemark-168413975-processed-gene-0.45-mRNA-1 215907
.20 genemark-168388610-processed-gene-0.4-mRNA-1 4319313
.99 genemark-168386339-processed-gene-0.72-mRNA-1 4363917
.86 genemark-168380110-processed-gene-0.21-mRNA-1 4364052
.06 genemark-168380110-processed-gene-0.21-mRNA-1 1844649
.99 genemark-168356940-processed-gene-0.22-mRNA-1 4364254
.43 genemark-168347055-processed-gene-0.13-mRNA-1 4298824
.35 genemark-168347055-processed-gene-0.13-mRNA-1 4296729
.99 genemark-168346230-processed-gene-0.35-mRNA-1 4295421
.99 genemark-168338686-processed-gene-0.29-mRNA-1 4363915
.98 genemark-168338655-processed-gene-0.8-mRNA-1 4364577
.81 genemark-168332539-processed-gene-0.13-mRNA-1 1455113
.18 genemark-168332539-processed-gene-0.13-mRNA-1 465131
.25 genemark-168325213-processed-gene-0.3-mRNA-1 1597085
.13 genemark-168325213-processed-gene-0.3-mRNA-1 1161765
.09 genemark-168325213-processed-gene-0.3-mRNA-1 4297348
.01 genemark-168325213-processed-gene-0.3-mRNA-1 677153
.40 genemark-168313065-processed-gene-0.25-mRNA-1 2971399
.88 genemark-168312049-processed-gene-0.45-mRNA-1 4363756
.09 genemark-168312049-processed-gene-0.45-mRNA-1 4363844
.99 genemark-168305972-processed-gene-0.16-mRNA-1 4364503
.71 genemark-168300983-processed-gene-0.8-mRNA-1 798554
.99 genemark-168292700-processed-gene-0.1-mRNA-1 4296466
.32 genemark-168273234-processed-gene-0.4-mRNA-1 961414
.32 genemark-168273234-processed-gene-0.4-mRNA-1 1447007
.26 genemark-168273234-processed-gene-0.4-mRNA-1 1322675
.29 genemark-168273234-processed-gene-0.4-mRNA-1 3017151
.25 genemark-168273234-processed-gene-0.4-mRNA-1 2107639
.47 genemark-168271274-processed-gene-0.10-mRNA-1 4312541
.39 genemark-168271274-processed-gene-0.10-mRNA-1 2111344
.99 genemark-168267734-processed-gene-0.8-mRNA-1 4363737
.26 genemark-168253278-processed-gene-0.1-mRNA-1 1415430
.72 genemark-168253278-processed-gene-0.1-mRNA-1 4310363
.39 genemark-168245982-processed-gene-0.3-mRNA-1 1583630
.60 genemark-168245982-processed-gene-0.3-mRNA-1 1583630
.04 genemark-168245358-processed-gene-0.1-mRNA-1 726608
.92 genemark-168245358-processed-gene-0.1-mRNA-1 4364085
.99 genemark-168244953-processed-gene-0.5-mRNA-1 4363921
.99 genemark-168244414-processed-gene-0.11-mRNA-1 4364330
.99 genemark-168236416-processed-gene-0.3-mRNA-1 4313953
.99 genemark-168226543-processed-gene-0.43-mRNA-1 4363770
.26 genemark-168191995-processed-gene-0.17-mRNA-1 4308602
.73 genemark-168191995-processed-gene-0.17-mRNA-1 4295400
.99 genemark-168191671-processed-gene-0.28-mRNA-1 4364165
.99 genemark-168190278-processed-gene-0.13-mRNA-1 4364233
.45 genemark-168188299-processed-gene-0.4-mRNA-1 4341424
.15 genemark-168188299-processed-gene-0.4-mRNA-1 4297664
.99 genemark-168135504-processed-gene-0.0-mRNA-1 4364344
.82 genemark-168135504-processed-gene-0.0-mRNA-1 4364291
.24 genemark-168122537-processed-gene-0.3-mRNA-1 4292984
.30 genemark-168122537-processed-gene-0.3-mRNA-1 677153
.53 genemark-168114386-processed-gene-0.8-mRNA-1 4296513
.28 genemark-168114386-processed-gene-0.8-mRNA-1 4313289
.26 genemark-168035315-processed-gene-0.19-mRNA-1 837908
.19 genemark-168035315-processed-gene-0.19-mRNA-1 4306175
.99 genemark-168029724-processed-gene-0.4-mRNA-1 654545
.71 genemark-168029724-processed-gene-0.4-mRNA-1 4321893
.36 genemark-167999317-processed-gene-0.3-mRNA-1 3388003
.99 genemark-167951142-processed-gene-0.5-mRNA-1 4363910
.29 genemark-167932615-processed-gene-0.16-mRNA-1 622829
.99 genemark-167916992-processed-gene-0.7-mRNA-1 4364403
.51 genemark-167895275-processed-gene-0.1-mRNA-1 4292950
.47 genemark-167895275-processed-gene-0.1-mRNA-1 4292949
.36 genemark-167895275-processed-gene-0.1-mRNA-1 1075664
.99 genemark-167840340-processed-gene-0.4-mRNA-1 4363816
.43 genemark-167820084-processed-gene-0.1-mRNA-1 4292824
.10 genemark-167820084-processed-gene-0.1-mRNA-1 4297348
.99 genemark-167815371-processed-gene-0.3-mRNA-1 4364158
.23 genemark-167812446-processed-gene-0.8-mRNA-1 4340405
.07 genemark-167812446-processed-gene-0.8-mRNA-1 1804713
.25 genemark-167089413-processed-gene-0.0-mRNA-1 1465083
.39 genemark-167089413-processed-gene-0.0-mRNA-1 880586
.99 genemark-166735003-processed-gene-0.3-mRNA-1 4304972
.45 genemark-166593785-processed-gene-0.1-mRNA-1 1176622
.54 genemark-166593785-processed-gene-0.1-mRNA-1 1753828
.99 genemark-166507773-processed-gene-0.0-mRNA-1 4296778
.62 genemark-166180736-processed-gene-0.1-mRNA-1 2306470
.19 genemark-166180736-processed-gene-0.1-mRNA-1 3600152
.69 genemark-165908296-processed-gene-0.1-mRNA-1 2339374
.48 genemark-165882519-processed-gene-0.0-mRNA-1 3709977
.99 genemark-164985917-processed-gene-0.1-mRNA-1 4294904
.78 genemark-164193872-processed-gene-0.0-mRNA-1 4295858
.21 genemark-164193872-processed-gene-0.0-mRNA-1 726973
.99 genemark-163805127-processed-gene-0.2-mRNA-1 4364407
.23 genemark-162338917-processed-gene-0.1-mRNA-1 1570267
.35 genemark-162338917-processed-gene-0.1-mRNA-1 886666
.98 genemark-162318964-processed-gene-0.1-mRNA-1 4293111
.43 genemark-161770830-processed-gene-0.0-mRNA-1 2218608
.96 genemark-161741964-processed-gene-0.0-mRNA-1 986778
.24 genemark-161714239-processed-gene-0.1-mRNA-1 993304
.74 genemark-161714239-processed-gene-0.1-mRNA-1 4294956
.53 genemark-161672094-processed-gene-0.1-mRNA-1 4292769
.27 genemark-161672094-processed-gene-0.1-mRNA-1 4297631
.99 genemark-159670361-processed-gene-0.1-mRNA-1 4364031
.45 genemark-159239767-processed-gene-0.0-mRNA-1 3298266
.39 genemark-159239767-processed-gene-0.0-mRNA-1 1984273
.38 genemark-158940051-processed-gene-0.2-mRNA-1 4293799
.29 genemark-158940051-processed-gene-0.2-mRNA-1 4299181
.99 genemark-158836197-processed-gene-0.1-mRNA-1 4296536
.99 augustus_masked-99952239-processed-gene-0.2-mRNA-1 4363946
.96 augustus_masked-95857321-processed-gene-0.0-mRNA-1 4293588
.11 augustus_masked-8743699-processed-gene-0.0-mRNA-1 984866
.88 augustus_masked-8743699-processed-gene-0.0-mRNA-1 4364063
.62 augustus_masked-86050138-processed-gene-0.0-mRNA-1 4364492
.97 augustus_masked-84216522-processed-gene-0.0-mRNA-1 4364131
.99 augustus_masked-7509625-processed-gene-0.0-mRNA-1 325922
.99 augustus_masked-70882023-processed-gene-0.0-mRNA-1 4293876
.44 augustus_masked-65520929-processed-gene-0.0-mRNA-1 600039
.43 augustus_masked-65520929-processed-gene-0.0-mRNA-1 720248
.99 augustus_masked-40662775-processed-gene-0.1-mRNA-1 4363960
.14 augustus_masked-36505605-processed-gene-0.0-mRNA-1 3556389
.85 augustus_masked-36505605-processed-gene-0.0-mRNA-1 4303080
.99 augustus_masked-29066725-processed-gene-0.1-mRNA-1 4364256
.26 augustus_masked-24901332-processed-gene-0.0-mRNA-1 759777
.31 augustus_masked-24901332-processed-gene-0.0-mRNA-1 4309903
.50 augustus_masked-20790329-processed-gene-0.1-mRNA-1 4300650
.42 augustus_masked-20790329-processed-gene-0.1-mRNA-1 1263217
.79 augustus_masked-168577632-processed-gene-0.3-mRNA-1 1308906
.71 augustus_masked-168577632-processed-gene-0.16-mRNA-1 1528231
.28 augustus_masked-168577632-processed-gene-0.16-mRNA-1 3976309
.28 augustus_masked-168577605-processed-gene-0.20-mRNA-1 507328
.63 augustus_masked-168577605-processed-gene-0.20-mRNA-1 4295191
.99 augustus_masked-168577602-processed-gene-0.16-mRNA-1 4364069
.99 augustus_masked-168577573-processed-gene-1.9-mRNA-1 4305372
.99 augustus_masked-168577563-processed-gene-0.0-mRNA-1 4364309
.99 augustus_masked-168577562-processed-gene-0.0-mRNA-1 1493117
.99 augustus_masked-168577554-processed-gene-1.45-mRNA-1 4364198
.99 augustus_masked-168577554-processed-gene-0.6-mRNA-1 4364218
.99 augustus_masked-168577541-processed-gene-0.8-mRNA-1 4307411
.99 augustus_masked-168577532-processed-gene-0.8-mRNA-1 4295652
.99 augustus_masked-168577525-processed-gene-1.29-mRNA-1 4364267
.50 augustus_masked-168577525-processed-gene-0.3-mRNA-1 4364411
.13 augustus_masked-168577525-processed-gene-0.3-mRNA-1 4306732
.08 augustus_masked-168577525-processed-gene-0.3-mRNA-1 4306714
.78 augustus_masked-168577511-processed-gene-0.1-mRNA-1 4300335
.10 augustus_masked-168577511-processed-gene-0.1-mRNA-1 1509921
.06 augustus_masked-168577511-processed-gene-0.1-mRNA-1 1396401
.99 augustus_masked-168577488-processed-gene-0.19-mRNA-1 4363925
.99 augustus_masked-168577474-processed-gene-0.12-mRNA-1 4363763
.80 augustus_masked-168577470-processed-gene-0.14-mRNA-1 4297858
.19 augustus_masked-168577470-processed-gene-0.14-mRNA-1 1027388
.61 augustus_masked-168577467-processed-gene-0.10-mRNA-1 4363766
.16 augustus_masked-168577467-processed-gene-0.10-mRNA-1 4294208
.14 augustus_masked-168577467-processed-gene-0.10-mRNA-1 4294210
.09 augustus_masked-168577467-processed-gene-0.10-mRNA-1 3400905
.99 augustus_masked-168577462-processed-gene-1.39-mRNA-1 4313099
.99 augustus_masked-168577457-processed-gene-0.11-mRNA-1 4297267
.99 augustus_masked-168577398-processed-gene-0.7-mRNA-1 4364090
.99 augustus_masked-168577392-processed-gene-1.1-mRNA-1 4364455
.99 augustus_masked-168577386-processed-gene-0.1-mRNA-1 4364418
.99 augustus_masked-168577330-processed-gene-0.5-mRNA-1 4294297
.99 augustus_masked-168577327-processed-gene-0.2-mRNA-1 4364092
.99 augustus_masked-168577317-processed-gene-0.10-mRNA-1 4363893
.99 augustus_masked-168577308-processed-gene-0.4-mRNA-1 4363842
.99 augustus_masked-168577298-processed-gene-0.3-mRNA-1 4364325
.99 augustus_masked-168577298-processed-gene-0.0-mRNA-1 4363850
.49 augustus_masked-168577276-processed-gene-0.18-mRNA-1 1769677
.99 augustus_masked-168577233-processed-gene-0.6-mRNA-1 4363741
.99 augustus_masked-168577221-processed-gene-0.4-mRNA-1 4294794
.49 augustus_masked-168577203-processed-gene-0.14-mRNA-1 1345150
.50 augustus_masked-168577203-processed-gene-0.14-mRNA-1 1978584
.22 augustus_masked-168577173-processed-gene-0.5-mRNA-1 2725548
.76 augustus_masked-168577173-processed-gene-0.5-mRNA-1 1953590
.53 augustus_masked-168577173-processed-gene-0.18-mRNA-1 4294582
.73 augustus_masked-168577164-processed-gene-0.14-mRNA-1 4363781
.23 augustus_masked-168577164-processed-gene-0.14-mRNA-1 4293717
.99 augustus_masked-168577140-processed-gene-0.16-mRNA-1 4364205
.42 augustus_masked-168577092-processed-gene-0.0-mRNA-1 1109712
.30 augustus_masked-168577092-processed-gene-0.0-mRNA-1 2972558
.72 augustus_masked-168577059-processed-gene-0.2-mRNA-1 1512852
.27 augustus_masked-168577059-processed-gene-0.2-mRNA-1 4300256
.99 augustus_masked-168577039-processed-gene-0.15-mRNA-1 4364177
.99 augustus_masked-168577036-processed-gene-1.3-mRNA-1 4364396
.99 augustus_masked-168576969-processed-gene-0.19-mRNA-1 4363786
.99 augustus_masked-168576588-processed-gene-0.6-mRNA-1 4363762
.99 augustus_masked-168576513-processed-gene-0.11-mRNA-1 4363912
.99 augustus_masked-168576390-processed-gene-0.20-mRNA-1 4364293
.40 augustus_masked-168576375-processed-gene-0.4-mRNA-1 436103
.17 augustus_masked-168576375-processed-gene-0.4-mRNA-1 401823
.99 augustus_masked-168576220-processed-gene-0.6-mRNA-1 4364288
.99 augustus_masked-168576012-processed-gene-0.5-mRNA-1 4294265
.76 augustus_masked-168575866-processed-gene-0.5-mRNA-1 4364445
.10 augustus_masked-168575866-processed-gene-0.5-mRNA-1 2092279
.99 augustus_masked-168575803-processed-gene-0.1-mRNA-1 4364388
.99 augustus_masked-168575621-processed-gene-0.1-mRNA-1 4363942
.99 augustus_masked-168575501-processed-gene-0.11-mRNA-1 4364264
.57 augustus_masked-168575482-processed-gene-0.1-mRNA-1 3815791
.99 augustus_masked-168574960-processed-gene-0.7-mRNA-1 662096
.99 augustus_masked-168574711-processed-gene-0.11-mRNA-1 4364451
.99 augustus_masked-168574632-processed-gene-0.0-mRNA-1 4363945
.99 augustus_masked-168574614-processed-gene-0.2-mRNA-1 4364202
.99 augustus_masked-168574598-processed-gene-0.2-mRNA-1 4363767
.50 augustus_masked-168574535-processed-gene-0.23-mRNA-1 4364247
.09 augustus_masked-168574535-processed-gene-0.23-mRNA-1 1003157
.63 augustus_masked-168574523-processed-gene-0.0-mRNA-1 4305660
.36 augustus_masked-168574523-processed-gene-0.0-mRNA-1 4294399
.20 augustus_masked-168574494-processed-gene-1.50-mRNA-1 4297112
.79 augustus_masked-168574494-processed-gene-1.50-mRNA-1 4297665
.99 augustus_masked-168573996-processed-gene-0.0-mRNA-1 4364164
.23 augustus_masked-168573920-processed-gene-0.12-mRNA-1 4305054
.55 augustus_masked-168573920-processed-gene-0.12-mRNA-1 1334538
.99 augustus_masked-168573862-processed-gene-0.5-mRNA-1 4364282
.99 augustus_masked-168573555-processed-gene-0.2-mRNA-1 4363979
.99 augustus_masked-168573544-processed-gene-0.4-mRNA-1 4364089
.99 augustus_masked-168573523-processed-gene-0.0-mRNA-1 4364268
.72 augustus_masked-168573503-processed-gene-0.30-mRNA-1 2167158
.99 augustus_masked-168573370-processed-gene-0.0-mRNA-1 4364148
.99 augustus_masked-168573242-processed-gene-0.12-mRNA-1 4294317
.99 augustus_masked-168573162-processed-gene-0.3-mRNA-1 4363768
.98 augustus_masked-168573123-processed-gene-0.1-mRNA-1 4363809
.99 augustus_masked-168573107-processed-gene-0.0-mRNA-1 4364059
.75 augustus_masked-168572794-processed-gene-0.4-mRNA-1 4364144
.21 augustus_masked-168572794-processed-gene-0.4-mRNA-1 4298239
.99 augustus_masked-168572755-processed-gene-0.0-mRNA-1 4364184
.99 augustus_masked-168572660-processed-gene-0.0-mRNA-1 4364230
.99 augustus_masked-168572605-processed-gene-0.0-mRNA-1 4363862
.41 augustus_masked-168572541-processed-gene-0.13-mRNA-1 2095729
.80 augustus_masked-168572540-processed-gene-0.4-mRNA-1 2223090
.17 augustus_masked-168572540-processed-gene-0.4-mRNA-1 1999420
.99 augustus_masked-168572499-processed-gene-0.0-mRNA-1 4363865
.99 augustus_masked-168572484-processed-gene-0.8-mRNA-1 4364191
.83 augustus_masked-168572198-processed-gene-0.9-mRNA-1 4296469
.11 augustus_masked-168572198-processed-gene-0.9-mRNA-1 1906718
.79 augustus_masked-168572011-processed-gene-0.2-mRNA-1 4364382
.08 augustus_masked-168572011-processed-gene-0.2-mRNA-1 1215386
.62 augustus_masked-168572001-processed-gene-0.2-mRNA-1 4364303
.27 augustus_masked-168572001-processed-gene-0.2-mRNA-1 4301659
.40 augustus_masked-168571640-processed-gene-0.0-mRNA-1 1439312
.59 augustus_masked-168571640-processed-gene-0.0-mRNA-1 1439313
.99 augustus_masked-168571341-processed-gene-0.17-mRNA-1 4364119
.99 augustus_masked-168571282-processed-gene-0.4-mRNA-1 4364056
.99 augustus_masked-168571265-processed-gene-0.0-mRNA-1 4293883
.99 augustus_masked-168571006-processed-gene-0.1-mRNA-1 4364107
.99 augustus_masked-168570978-processed-gene-0.13-mRNA-1 4364316
.99 augustus_masked-168570884-processed-gene-0.7-mRNA-1 4364306
.99 augustus_masked-168570694-processed-gene-1.74-mRNA-1 4363793
.99 augustus_masked-168570619-processed-gene-0.7-mRNA-1 4364502
.99 augustus_masked-168570367-processed-gene-0.7-mRNA-1 4364351
.99 augustus_masked-168570305-processed-gene-0.3-mRNA-1 4364157
.99 augustus_masked-168569969-processed-gene-0.0-mRNA-1 4296980
.99 augustus_masked-168569891-processed-gene-0.10-mRNA-1 4364111
.99 augustus_masked-168569774-processed-gene-0.11-mRNA-1 4364327
.99 augustus_masked-168569567-processed-gene-0.5-mRNA-1 4363841
.99 augustus_masked-168569565-processed-gene-0.12-mRNA-1 4363801
.30 augustus_masked-168569476-processed-gene-0.11-mRNA-1 4364549
.31 augustus_masked-168569476-processed-gene-0.11-mRNA-1 4364549
.66 augustus_masked-168569442-processed-gene-0.11-mRNA-1 4364444
.99 augustus_masked-168569170-processed-gene-0.9-mRNA-1 4363794
.99 augustus_masked-168569170-processed-gene-0.23-mRNA-1 4364371
.99 augustus_masked-168569156-processed-gene-2.2-mRNA-1 4364139
.99 augustus_masked-168568947-processed-gene-0.1-mRNA-1 4363782
.49 augustus_masked-168568560-processed-gene-0.2-mRNA-1 684139
.49 augustus_masked-168568560-processed-gene-0.2-mRNA-1 684131
.99 augustus_masked-168568547-processed-gene-1.13-mRNA-1 4363880
.99 augustus_masked-168568337-processed-gene-1.48-mRNA-1 4363867
.99 augustus_masked-168568256-processed-gene-0.1-mRNA-1 4364196
.43 augustus_masked-168568252-processed-gene-0.4-mRNA-1 4295422
.48 augustus_masked-168568252-processed-gene-0.4-mRNA-1 4294902
.99 augustus_masked-168568230-processed-gene-0.6-mRNA-1 4294959
.99 augustus_masked-168568028-processed-gene-0.4-mRNA-1 4364032
.99 augustus_masked-168567767-processed-gene-0.3-mRNA-1 4364369
.58 augustus_masked-168567648-processed-gene-0.1-mRNA-1 4326342
.13 augustus_masked-168567500-processed-gene-0.15-mRNA-1 484512
.86 augustus_masked-168567500-processed-gene-0.15-mRNA-1 4295003
.99 augustus_masked-168567252-processed-gene-0.7-mRNA-1 4364007
.74 augustus_masked-168566980-processed-gene-0.14-mRNA-1 2248626
.99 augustus_masked-168566824-processed-gene-0.6-mRNA-1 4363911
.26 augustus_masked-168566655-processed-gene-0.5-mRNA-1 4295605
.15 augustus_masked-168566655-processed-gene-0.5-mRNA-1 1617073
.15 augustus_masked-168566655-processed-gene-0.5-mRNA-1 1236472
.76 augustus_masked-168566431-processed-gene-0.12-mRNA-1 4364494
.13 augustus_masked-168566431-processed-gene-0.12-mRNA-1 1382879
.08 augustus_masked-168566431-processed-gene-0.12-mRNA-1 4337828
.08 augustus_masked-168566431-processed-gene-0.12-mRNA-1 2080930
.62 augustus_masked-168566066-processed-gene-0.4-mRNA-1 4363950
.17 augustus_masked-168566066-processed-gene-0.4-mRNA-1 4301219
.99 augustus_masked-168566006-processed-gene-0.2-mRNA-1 4364410
.99 augustus_masked-168565977-processed-gene-0.4-mRNA-1 4293641
.39 augustus_masked-168565385-processed-gene-0.12-mRNA-1 4297169
.25 augustus_masked-168565385-processed-gene-0.12-mRNA-1 4299994
.98 augustus_masked-168565283-processed-gene-0.4-mRNA-1 4364512
.98 augustus_masked-168564873-processed-gene-2.53-mRNA-1 4364535
.90 augustus_masked-168564864-processed-gene-0.25-mRNA-1 4363887
.99 augustus_masked-168564864-processed-gene-0.22-mRNA-1 4364484
.99 augustus_masked-168564862-processed-gene-0.12-mRNA-1 4364098
.13 augustus_masked-168564770-processed-gene-0.5-mRNA-1 4185657
.99 augustus_masked-168564398-processed-gene-3.0-mRNA-1 4364075
.89 augustus_masked-168564311-processed-gene-0.9-mRNA-1 4364366
.10 augustus_masked-168564311-processed-gene-0.9-mRNA-1 1215601
.99 augustus_masked-168564231-processed-gene-0.7-mRNA-1 4364301
.99 augustus_masked-168564113-processed-gene-0.0-mRNA-1 4297662
.99 augustus_masked-168563455-processed-gene-1.52-mRNA-1 4296125
.99 augustus_masked-168563312-processed-gene-0.5-mRNA-1 4364513
.22 augustus_masked-168563266-processed-gene-0.12-mRNA-1 1027562
.21 augustus_masked-168563266-processed-gene-0.12-mRNA-1 1846224
.99 augustus_masked-168563105-processed-gene-0.1-mRNA-1 4364295
.31 augustus_masked-168563026-processed-gene-0.6-mRNA-1 4364368
.15 augustus_masked-168563026-processed-gene-0.6-mRNA-1 4304203
.17 augustus_masked-168563026-processed-gene-0.6-mRNA-1 4303327
.99 augustus_masked-168563026-processed-gene-0.5-mRNA-1 4364093
.99 augustus_masked-168562854-processed-gene-0.6-mRNA-1 4293766
.99 augustus_masked-168562767-processed-gene-0.17-mRNA-1 4363864
.99 augustus_masked-168562745-processed-gene-0.4-mRNA-1 4364022
.99 augustus_masked-168562697-processed-gene-0.3-mRNA-1 4363846
.99 augustus_masked-168562696-processed-gene-0.11-mRNA-1 4308618
.99 augustus_masked-168562181-processed-gene-0.4-mRNA-1 4363751
.99 augustus_masked-168562111-processed-gene-0.11-mRNA-1 4364060
.99 augustus_masked-168562064-processed-gene-0.17-mRNA-1 4364211
.06 augustus_masked-168561889-processed-gene-0.10-mRNA-1 3498616
.93 augustus_masked-168561889-processed-gene-0.10-mRNA-1 4364406
.32 augustus_masked-168561869-processed-gene-1.58-mRNA-1 1189351
.24 augustus_masked-168561869-processed-gene-1.58-mRNA-1 634163
.26 augustus_masked-168561869-processed-gene-1.58-mRNA-1 33263
.10 augustus_masked-168561869-processed-gene-1.58-mRNA-1 1457745
.99 augustus_masked-168561855-processed-gene-0.15-mRNA-1 4306143
.99 augustus_masked-168561814-processed-gene-0.4-mRNA-1 4364167
.08 augustus_masked-168561696-processed-gene-0.7-mRNA-1 4301221
.91 augustus_masked-168561696-processed-gene-0.7-mRNA-1 825293
.99 augustus_masked-168561517-processed-gene-0.6-mRNA-1 4363787
.35 augustus_masked-168561396-processed-gene-0.0-mRNA-1 4307332
.09 augustus_masked-168561396-processed-gene-0.0-mRNA-1 4364307
.27 augustus_masked-168561396-processed-gene-0.0-mRNA-1 4364455
.99 augustus_masked-168560097-processed-gene-0.3-mRNA-1 4293891
.35 augustus_masked-168560011-processed-gene-0.3-mRNA-1 4293396
.33 augustus_masked-168560011-processed-gene-0.3-mRNA-1 4306040
.71 augustus_masked-168559742-processed-gene-0.12-mRNA-1 4310435
.22 augustus_masked-168559742-processed-gene-0.12-mRNA-1 1597466
.99 augustus_masked-168559473-processed-gene-0.2-mRNA-1 4293102
.99 augustus_masked-168559357-processed-gene-0.0-mRNA-1 4364324
.99 augustus_masked-168558702-processed-gene-0.2-mRNA-1 4363873
.99 augustus_masked-168558609-processed-gene-0.20-mRNA-1 4364037
.99 augustus_masked-168558522-processed-gene-0.2-mRNA-1 4363993
.99 augustus_masked-168558074-processed-gene-0.7-mRNA-1 4364126
.30 augustus_masked-168558061-processed-gene-0.1-mRNA-1 4298370
.43 augustus_masked-168558061-processed-gene-0.1-mRNA-1 1373474
.99 augustus_masked-168558054-processed-gene-0.0-mRNA-1 4364337
.99 augustus_masked-168557896-processed-gene-2.18-mRNA-1 4364102
.26 augustus_masked-168557885-processed-gene-0.0-mRNA-1 4299449
.15 augustus_masked-168557885-processed-gene-0.0-mRNA-1 4294829
.99 augustus_masked-168557540-processed-gene-0.2-mRNA-1 4295123
.31 augustus_masked-168557449-processed-gene-0.0-mRNA-1 4364587
.34 augustus_masked-168557449-processed-gene-0.0-mRNA-1 4364587
.99 augustus_masked-168557446-processed-gene-1.12-mRNA-1 4364006
.52 augustus_masked-168557392-processed-gene-0.5-mRNA-1 4364016
.19 augustus_masked-168557392-processed-gene-0.5-mRNA-1 4301953
.99 augustus_masked-168557224-processed-gene-0.4-mRNA-1 340485
.99 augustus_masked-168557204-processed-gene-0.4-mRNA-1 4364226
.99 augustus_masked-168557124-processed-gene-1.87-mRNA-1 4364467
.25 augustus_masked-168556975-processed-gene-0.7-mRNA-1 2032981
