.59 WS0338_B10.1_clone=WS0338_B10_cluster=WS0338_B10_status=3 6508847
.21 WS0338_B10.1_clone=WS0338_B10_cluster=WS0338_B10_status=3 1784889
.14 WS0338_B10.1_clone=WS0338_B10_cluster=WS0338_B10_status=3 3244251
.13 WS0338_B10.1_clone=WS0338_B10_cluster=WS0338_B10_status=3 2771634
.25 WS0337_O12.1_clone=WS0337_O12_cluster=WS0337_O12_status=3 1299904
.49 WS0337_O12.1_clone=WS0337_O12_cluster=WS0337_O12_status=3 6619727
.17 WS0325_D17.1_clone=WS0325_D17_cluster=WS0325_D17_status=3 6518705
.49 WS0325_D17.1_clone=WS0325_D17_cluster=WS0325_D17_status=3 6619780
.84 WS03215_H11.1_clone=WS03215_H11_cluster=WS03215_H11_status=3 6619760
.64 WS03215_E14.1_clone=WS03215_E14_cluster=WS03215_E14_status=3 6511098
.34 WS03215_E14.1_clone=WS03215_E14_cluster=WS03215_E14_status=3 6512312
.58 WS03213_L02.1_clone=WS03213_L02_cluster=WS03213_L02_status=complete 6520565
.25 WS03213_L02.1_clone=WS03213_L02_cluster=WS03213_L02_status=complete 1290594
.99 WS03212_P20.1_clone=WS03212_P20_cluster=WS03212_P20_status=3 6619624
.55 WS0269_P08.1_clone=WS0269_P08_cluster=WS0269_P08_status=3 6518301
.43 WS0269_P08.1_clone=WS0269_P08_cluster=WS0269_P08_status=3 6553936
.54 WS02628_D23.1_clone=WS02628_D23_cluster=WS02628_D23_status=complete 6508585
.21 WS02628_D23.1_clone=WS02628_D23_cluster=WS02628_D23_status=complete 1042688
.57 WS02623_A15.1_clone=WS02623_A15_cluster=WS02623_A15_status=3 1757352
.31 WS02623_A15.1_clone=WS02623_A15_cluster=WS02623_A15_status=3 2667560
.25 WS02622_J03.1_clone=WS02622_J03_cluster=WS02622_J03_status=complete 6611634
.33 WS02622_J03.1_clone=WS02622_J03_cluster=WS02622_J03_status=complete 2570130
.99 WS0082_A10.1_clone=WS0082_A10_cluster=WS0082_A10_status=3 141331
.42 WS00829_A09.1_clone=WS00829_A09_cluster=WS00829_A09_status=3 6507783
.40 WS00829_A09.1_clone=WS00829_A09_cluster=WS00829_A09_status=3 6517331
.45 WS00821_I06.1_clone=WS00821_I06_cluster=WS00821_I06_status=complete 543978
.26 WS00821_I06.1_clone=WS00821_I06_cluster=WS00821_I06_status=complete 3816133
.39 WS0074_A10.1_clone=WS0074_A10_cluster=WS0074_A10_status=complete 1459197
.26 WS0074_A10.1_clone=WS0074_A10_cluster=WS0074_A10_status=complete 2839844
.30 WS0074_A10.1_clone=WS0074_A10_cluster=WS0074_A10_status=complete 6513901
.22 WS0074_A10.1_clone=WS0074_A10_cluster=WS0074_A10_status=complete 1921675
.15 WS0074_A10.1_clone=WS0074_A10_cluster=WS0074_A10_status=complete 1810318
.70 WS00743_I17.1_clone=WS00743_I17_cluster=WS00743_I17_status=3 6619775
.29 WS00743_I17.1_clone=WS00743_I17_cluster=WS00743_I17_status=3 86897
.28 WS00742_D20.1_clone=WS00742_D20_cluster=WS00742_D20_status=3 3261594
.43 WS00742_D20.1_clone=WS00742_D20_cluster=WS00742_D20_status=3 6516318
.25 WS00733_B21.1_clone=WS00733_B21_cluster=WS00733_B21_status=3 6520547
.16 WS00733_B21.1_clone=WS00733_B21_cluster=WS00733_B21_status=3 900545
.25 WS00726_E01.1_clone=WS00726_E01_cluster=WS00726_E01_status=3 2382762
.44 WS00726_E01.1_clone=WS00726_E01_cluster=WS00726_E01_status=3 6527310
.62 snap_masked-168478564-processed-gene-0.9-mRNA-1 4081153
.37 snap_masked-168478564-processed-gene-0.9-mRNA-1 5274870
.30 snap_masked-168447110-processed-gene-0.8-mRNA-1 6539841
.28 snap_masked-168447110-processed-gene-0.8-mRNA-1 2340280
.20 snap_masked-168447110-processed-gene-0.8-mRNA-1 1092703
.03 snap_masked-168447110-processed-gene-0.8-mRNA-1 1303452
.63 snap_masked-168401588-processed-gene-0.30-mRNA-1 2136843
.13 snap_masked-168401588-processed-gene-0.30-mRNA-1 3764942
.13 snap_masked-168401588-processed-gene-0.30-mRNA-1 177556
.11 snap_masked-168401588-processed-gene-0.30-mRNA-1 177545
.86 snap_masked-168320991-processed-gene-0.28-mRNA-1 6619766
.33 snap_masked-168212329-processed-gene-0.42-mRNA-1 4334761
.26 snap_masked-168212329-processed-gene-0.42-mRNA-1 6281840
.75 snap_masked-168190406-processed-gene-0.84-mRNA-1 6619634
.69 snap_masked-167798297-processed-gene-0.125-mRNA-1 1805110
.18 snap_masked-167798297-processed-gene-0.125-mRNA-1 1805111
.58 snap_masked-166692718-processed-gene-0.3-mRNA-1 6508808
.37 snap_masked-166692718-processed-gene-0.3-mRNA-1 6508471
.29 snap_masked-163417003-processed-gene-0.2-mRNA-1 1636198
.21 snap_masked-163417003-processed-gene-0.2-mRNA-1 3867505
.70 snap_masked-160499389-processed-gene-0.2-mRNA-1 702040
.28 snap_masked-160499389-processed-gene-0.2-mRNA-1 6584328
.70 maker-28470130-augustus-gene-0.4-mRNA-1 6506803
.11 maker-28470130-augustus-gene-0.4-mRNA-1 3460087
.48 maker-168577353-augustus-gene-0.73-mRNA-1 6619809
.18 maker-168577353-augustus-gene-0.73-mRNA-1 2281299
.04 maker-168577353-augustus-gene-0.73-mRNA-1 1179218
.48 maker-168577295-augustus-gene-0.127-mRNA-1 6619649
.82 maker-168577173-snap-gene-1.119-mRNA-1 6619595
.17 maker-168577031-augustus-gene-0.26-mRNA-1 2340032
.82 maker-168577031-augustus-gene-0.26-mRNA-1 6619731
.54 maker-168577012-snap-gene-2.94-mRNA-1 6507392
.62 maker-168576964-augustus-gene-0.72-mRNA-1 6619782
.46 maker-168575971-snap-gene-0.42-mRNA-1 6619772
.29 maker-168575971-snap-gene-0.42-mRNA-1 6540523
.13 maker-168575971-snap-gene-0.42-mRNA-1 2597071
.38 maker-168575856-snap-gene-0.19-mRNA-1 1653620
.23 maker-168575856-snap-gene-0.19-mRNA-1 3484804
.48 maker-168575165-augustus-gene-0.77-mRNA-1 6513402
.21 maker-168575165-augustus-gene-0.77-mRNA-1 6520280
.86 maker-168574056-snap-gene-0.57-mRNA-1 6619790
.39 maker-168571238-snap-gene-0.43-mRNA-1 6530129
.20 maker-168571238-snap-gene-0.43-mRNA-1 6523817
.60 maker-168569643-snap-gene-0.65-mRNA-1 2015418
.44 maker-168564204-augustus-gene-0.29-mRNA-1 6520323
.35 maker-168564204-augustus-gene-0.29-mRNA-1 6520568
.68 maker-168564075-augustus-gene-0.62-mRNA-1 6619640
.10 maker-168559072-snap-gene-0.53-mRNA-1 6510615
.09 maker-168559072-snap-gene-0.53-mRNA-1 6509679
.09 maker-168559072-snap-gene-0.53-mRNA-1 6510613
.13 maker-168556211-snap-gene-1.150-mRNA-1 3642036
.85 maker-168556211-snap-gene-1.150-mRNA-1 6619601
.59 maker-168555804-augustus-gene-0.23-mRNA-1 6619787
.05 maker-168555804-augustus-gene-0.23-mRNA-1 6519305
.12 maker-168553557-snap-gene-0.87-mRNA-2 1953129
.59 maker-168553557-snap-gene-0.87-mRNA-2 6619768
.54 maker-168552950-augustus-gene-0.93-mRNA-2 6619789
.14 maker-168552950-augustus-gene-0.93-mRNA-2 6527569
.13 maker-168552950-augustus-gene-0.93-mRNA-2 6522905
.32 maker-168550589-augustus-gene-0.111-mRNA-1 6507145
.20 maker-168550589-augustus-gene-0.111-mRNA-1 6507146
.08 maker-168543285-snap-gene-0.17-mRNA-1 6508011
.50 maker-168543285-snap-gene-0.17-mRNA-1 6512648
.31 maker-168538319-snap-gene-0.83-mRNA-1 6515158
.62 maker-168538319-snap-gene-0.83-mRNA-1 6513632
.45 maker-168537694-augustus-gene-0.48-mRNA-1 6517462
.54 maker-168537694-augustus-gene-0.48-mRNA-1 1680042
.10 maker-168533561-snap-gene-0.36-mRNA-1 2273532
.69 maker-168533561-snap-gene-0.36-mRNA-1 6619822
.62 maker-168533242-augustus-gene-0.10-mRNA-1 6619593
.16 maker-168533242-augustus-gene-0.10-mRNA-1 6511957
.44 maker-168531066-snap-gene-0.31-mRNA-1 6619759
.15 maker-168531066-snap-gene-0.31-mRNA-1 1309611
.34 maker-168529816-snap-gene-0.17-mRNA-1 2388285
.53 maker-168529816-snap-gene-0.17-mRNA-1 6509497
.64 maker-168528959-augustus-gene-0.21-mRNA-1 6619785
.18 maker-168528959-augustus-gene-0.21-mRNA-1 1601599
.44 maker-168526528-augustus-gene-0.45-mRNA-1 6506917
.34 maker-168526528-augustus-gene-0.45-mRNA-1 2721434
.77 maker-168516704-snap-gene-0.58-mRNA-1 6619689
.19 maker-168516704-snap-gene-0.58-mRNA-1 2023809
.25 maker-168513142-snap-gene-0.15-mRNA-1 6530642
.02 maker-168513142-snap-gene-0.15-mRNA-1 6508441
.29 maker-168512661-snap-gene-0.72-mRNA-1 6519261
.28 maker-168512661-snap-gene-0.72-mRNA-1 6511864
.70 maker-168511479-augustus-gene-0.38-mRNA-1 6619655
.11 maker-168511479-augustus-gene-0.38-mRNA-1 6531311
.07 maker-168511479-augustus-gene-0.38-mRNA-1 1423914
.06 maker-168511479-augustus-gene-0.38-mRNA-1 6550916
.08 maker-168509303-snap-gene-0.8-mRNA-1 6515060
.06 maker-168509303-snap-gene-0.8-mRNA-1 1318101
.99 maker-168507220-augustus-gene-0.29-mRNA-1 6619806
.16 maker-168504354-snap-gene-0.73-mRNA-2 6509333
.08 maker-168504354-snap-gene-0.73-mRNA-2 1655623
.07 maker-168504354-snap-gene-0.73-mRNA-2 986549
.07 maker-168504354-snap-gene-0.73-mRNA-2 6507179
.05 maker-168504354-snap-gene-0.73-mRNA-2 6507117
.84 maker-168501272-snap-gene-0.39-mRNA-1 6619823
.36 maker-168496771-snap-gene-0.19-mRNA-1 6516088
.30 maker-168496771-snap-gene-0.19-mRNA-1 2136440
.25 maker-168486030-augustus-gene-0.100-mRNA-1 6516388
.43 maker-168486030-augustus-gene-0.100-mRNA-1 6509334
.73 maker-168458557-augustus-gene-0.54-mRNA-1 6520085
.22 maker-168458557-augustus-gene-0.54-mRNA-1 2415059
.83 maker-168453979-snap-gene-0.24-mRNA-1 6513958
.16 maker-168446045-augustus-gene-0.67-mRNA-1 4521387
.44 maker-168446045-augustus-gene-0.67-mRNA-1 6517002
.83 maker-168443751-snap-gene-0.68-mRNA-1 6514239
.89 maker-168435126-augustus-gene-0.70-mRNA-1 6508589
.03 maker-168435126-augustus-gene-0.70-mRNA-1 2918373
.89 maker-168431040-snap-gene-1.123-mRNA-1 6506771
.04 maker-168431040-snap-gene-1.123-mRNA-1 3483952
.04 maker-168431040-snap-gene-1.123-mRNA-1 1401378
.04 maker-168431040-snap-gene-1.123-mRNA-1 1860161
.27 maker-168413301-augustus-gene-0.50-mRNA-1 2001117
.47 maker-168402968-augustus-gene-0.11-mRNA-1 6510670
.04 maker-168402968-augustus-gene-0.11-mRNA-1 1205156
.24 maker-168395551-snap-gene-0.45-mRNA-2 6507138
.18 maker-168395551-snap-gene-0.45-mRNA-2 6527766
.20 maker-168390186-snap-gene-0.37-mRNA-1 4233442
.30 maker-168390186-snap-gene-0.37-mRNA-1 1273125
.80 maker-168389011-snap-gene-0.41-mRNA-1 6619659
.12 maker-168389011-snap-gene-0.41-mRNA-1 441135
.09 maker-168385389-augustus-gene-0.13-mRNA-1 2231774
.18 maker-168385389-augustus-gene-0.13-mRNA-1 6512579
.24 maker-168376667-snap-gene-0.28-mRNA-1 6619803
.92 maker-168371447-augustus-gene-0.18-mRNA-1 6619814
.36 maker-168371378-augustus-gene-0.51-mRNA-1 2261124
.26 maker-168371378-augustus-gene-0.51-mRNA-1 6512460
.71 maker-168369745-augustus-gene-0.103-mRNA-1 6521424
.32 maker-168366183-augustus-gene-0.8-mRNA-1 2804663
.47 maker-168366183-augustus-gene-0.8-mRNA-1 1744245
.37 maker-168363450-augustus-gene-0.79-mRNA-1 6619686
.12 maker-168363450-augustus-gene-0.79-mRNA-1 1592758
.59 maker-168351830-snap-gene-0.23-mRNA-1 6509416
.34 maker-168351830-snap-gene-0.23-mRNA-1 2278810
.15 maker-168351830-snap-gene-0.23-mRNA-1 3487125
.36 maker-168350183-snap-gene-0.22-mRNA-1 6509510
.35 maker-168350183-snap-gene-0.22-mRNA-1 6512899
.21 maker-168347945-snap-gene-0.81-mRNA-2 6510090
.33 maker-168347945-snap-gene-0.81-mRNA-2 6511725
.93 maker-168347768-augustus-gene-0.28-mRNA-1 6619810
.45 maker-168346859-snap-gene-0.44-mRNA-1 6513335
.33 maker-168346859-snap-gene-0.44-mRNA-1 6619638
.36 maker-168346859-snap-gene-0.44-mRNA-1 2275178
.28 maker-168346859-snap-gene-0.44-mRNA-1 3308192
.86 maker-168346325-snap-gene-0.11-mRNA-1 6619829
.17 maker-168294002-augustus-gene-0.10-mRNA-1 1791035
.15 maker-168294002-augustus-gene-0.10-mRNA-1 6551386
.27 maker-168280945-snap-gene-0.63-mRNA-1 6510585
.24 maker-168280945-snap-gene-0.63-mRNA-1 6619721
.64 maker-168266138-augustus-gene-0.22-mRNA-1 6619826
.09 maker-168266138-augustus-gene-0.22-mRNA-1 6619826
.51 maker-168264924-augustus-gene-2.60-mRNA-1 6510442
.71 maker-168261152-snap-gene-0.94-mRNA-1 6619589
.43 maker-168256031-augustus-gene-0.9-mRNA-1 6619728
.17 maker-168256031-augustus-gene-0.9-mRNA-1 6507092
.57 maker-168251063-augustus-gene-1.60-mRNA-3 6619817
.07 maker-168251063-augustus-gene-1.60-mRNA-3 2591455
.88 maker-168248846-snap-gene-0.11-mRNA-1 6619769
.86 maker-168246658-augustus-gene-0.71-mRNA-1 6619579
.40 maker-168241522-snap-gene-0.34-mRNA-1 1016606
.48 maker-168239665-augustus-gene-0.26-mRNA-1 6509959
.15 maker-168239665-augustus-gene-0.26-mRNA-1 6509960
.09 maker-168239665-augustus-gene-0.26-mRNA-1 276466
.99 maker-168237988-snap-gene-0.11-mRNA-1 6619698
.51 maker-168236113-augustus-gene-0.98-mRNA-3 6514865
.23 maker-168236113-augustus-gene-0.98-mRNA-3 6524174
.64 maker-168233618-augustus-gene-0.42-mRNA-1 6507425
.35 maker-168233618-augustus-gene-0.42-mRNA-1 6510334
.58 maker-168225429-augustus-gene-0.25-mRNA-1 6619577
.18 maker-168225429-augustus-gene-0.25-mRNA-1 6528689
.60 maker-168225046-augustus-gene-0.14-mRNA-1 6619611
.23 maker-168225046-augustus-gene-0.14-mRNA-1 1677201
.69 maker-168223701-augustus-gene-0.5-mRNA-1 6619575
.23 maker-168223701-augustus-gene-0.5-mRNA-1 1181420
.69 maker-168223109-snap-gene-0.12-mRNA-1 6619581
.73 maker-168221362-snap-gene-0.7-mRNA-1 6619645
.26 maker-168221362-snap-gene-0.7-mRNA-1 874256
.39 maker-168213272-augustus-gene-0.49-mRNA-1 6619752
.72 maker-168209730-snap-gene-0.38-mRNA-1 6619641
.10 maker-168209730-snap-gene-0.38-mRNA-1 2976864
.29 maker-168193831-augustus-gene-0.73-mRNA-1 1329764
.70 maker-168193831-augustus-gene-0.73-mRNA-1 6619668
.89 maker-168191671-snap-gene-0.57-mRNA-1 6619586
.26 maker-168191426-augustus-gene-0.29-mRNA-3 6528275
.71 maker-168191426-augustus-gene-0.29-mRNA-3 6513159
.65 maker-168191264-augustus-gene-0.49-mRNA-4 6619608
.12 maker-168191264-augustus-gene-0.49-mRNA-4 1066168
.67 maker-168191264-augustus-gene-0.49-mRNA-2 6619608
.11 maker-168191264-augustus-gene-0.49-mRNA-2 1066168
.38 maker-168190750-augustus-gene-0.80-mRNA-1 6619643
0 maker-168190750-augustus-gene-0.80-mRNA-1 6619643
.14 maker-168190670-snap-gene-0.77-mRNA-4 2765890
.85 maker-168190670-snap-gene-0.77-mRNA-4 6619734
.48 maker-168190530-augustus-gene-0.54-mRNA-1 6518175
.84 maker-168190124-augustus-gene-0.85-mRNA-1 6619648
.10 maker-168190112-snap-gene-0.52-mRNA-1 2589999
.89 maker-168190112-snap-gene-0.52-mRNA-1 6619620
.58 maker-168190028-augustus-gene-0.98-mRNA-1 6619815
.75 maker-168190001-snap-gene-0.16-mRNA-1 6507787
.79 maker-168189998-augustus-gene-0.45-mRNA-1 6619808
.88 maker-168189431-snap-gene-0.41-mRNA-1 6619793
.08 maker-168189431-snap-gene-0.41-mRNA-1 3539735
.71 maker-168188982-snap-gene-0.116-mRNA-1 6619656
.11 maker-168188982-snap-gene-0.116-mRNA-1 1226681
.82 maker-168186996-snap-gene-0.16-mRNA-1 6619827
.38 maker-168185639-augustus-gene-0.75-mRNA-1 6619804
.13 maker-168185639-augustus-gene-0.75-mRNA-1 6508122
.12 maker-168185639-augustus-gene-0.75-mRNA-1 247027
.53 maker-168185386-augustus-gene-0.17-mRNA-1 6619801
.12 maker-168185386-augustus-gene-0.17-mRNA-1 1107799
.92 maker-168184263-augustus-gene-0.6-mRNA-1 6619830
.02 maker-168184263-augustus-gene-0.6-mRNA-1 4468444
.22 maker-168183464-snap-gene-0.7-mRNA-1 1437672
.17 maker-168183464-snap-gene-0.7-mRNA-1 905425
.77 maker-168138669-snap-gene-0.12-mRNA-1 6508103
.96 maker-168122684-snap-gene-0.12-mRNA-2 6619599
.99 maker-168115250-augustus-gene-0.13-mRNA-2 6619819
.55 maker-168107329-snap-gene-0.21-mRNA-1 6540269
.18 maker-168107329-snap-gene-0.21-mRNA-1 3649680
.65 maker-168101071-snap-gene-0.14-mRNA-1 6619702
.28 maker-168093928-augustus-gene-0.5-mRNA-1 6619654
.22 maker-168093928-augustus-gene-0.5-mRNA-1 3751557
.24 maker-167990574-augustus-gene-0.8-mRNA-1 6511938
.49 maker-167990574-augustus-gene-0.8-mRNA-1 1473088
.35 maker-167975569-snap-gene-0.51-mRNA-1 2061565
.55 maker-167975569-snap-gene-0.51-mRNA-1 6522020
.77 maker-167924612-snap-gene-0.22-mRNA-1 6619688
.70 maker-167912502-augustus-gene-0.18-mRNA-1 6509477
.93 maker-167891034-augustus-gene-0.44-mRNA-1 6619813
.06 maker-167891034-augustus-gene-0.44-mRNA-1 6141326
.38 maker-167887446-augustus-gene-0.6-mRNA-1 6511751
.28 maker-167887446-augustus-gene-0.6-mRNA-1 6509678
.24 maker-167887446-augustus-gene-0.6-mRNA-1 6513257
.36 maker-167884664-augustus-gene-0.6-mRNA-1 1345936
.21 maker-167884664-augustus-gene-0.6-mRNA-1 274794
.19 maker-167869083-augustus-gene-0.15-mRNA-1 6513769
.43 maker-167869083-augustus-gene-0.15-mRNA-1 6512641
.74 maker-167825238-augustus-gene-0.85-mRNA-2 6619672
.81 maker-167818485-augustus-gene-0.16-mRNA-1 6619797
.01 maker-167818485-augustus-gene-0.16-mRNA-1 6521783
.77 maker-167814911-augustus-gene-0.27-mRNA-1 6619710
.02 maker-167814911-augustus-gene-0.27-mRNA-1 6509778
.80 maker-167807726-augustus-gene-0.7-mRNA-1 6619644
.99 maker-167795902-augustus-gene-0.32-mRNA-1 6619795
.53 maker-167237107-augustus-gene-0.3-mRNA-1 6515319
.11 maker-167237107-augustus-gene-0.3-mRNA-1 1589973
.93 maker-167219780-snap-gene-0.7-mRNA-1 832110
.86 maker-167077547-augustus-gene-0.5-mRNA-1 6619778
.02 maker-167077547-augustus-gene-0.5-mRNA-1 2505584
.02 maker-167077547-augustus-gene-0.5-mRNA-1 3248283
.61 maker-166877798-augustus-gene-0.4-mRNA-1 6619653
.91 maker-166742881-augustus-gene-0.5-mRNA-1 6619800
.20 maker-166673152-augustus-gene-0.3-mRNA-1 6511092
.12 maker-166673152-augustus-gene-0.3-mRNA-1 461458
.09 maker-166585600-snap-gene-0.8-mRNA-1 2779875
.30 maker-166585600-snap-gene-0.8-mRNA-1 932154
.78 maker-166388279-augustus-gene-0.4-mRNA-1 6507432
.17 maker-166388279-augustus-gene-0.4-mRNA-1 2263500
.39 maker-166124770-snap-gene-0.6-mRNA-1 6619743
.62 maker-164217084-snap-gene-0.4-mRNA-1 6619587
.15 maker-164217084-snap-gene-0.4-mRNA-1 931887
.48 maker-162631872-augustus-gene-0.4-mRNA-1 6515334
.18 maker-162631872-augustus-gene-0.4-mRNA-1 6535795
.39 maker-162098822-augustus-gene-0.4-mRNA-1 6517645
.29 maker-162098822-augustus-gene-0.4-mRNA-1 6520153
.36 GQ04113_O10.1_clone=GQ04113_O10_cluster=GQ04113_O10_status=complete_gb=BT119997 6511153
.25 GQ04113_O10.1_clone=GQ04113_O10_cluster=GQ04113_O10_status=complete_gb=BT119997 3892832
.33 GQ04113_L14.1_clone=GQ04113_L14_cluster=GQ04113_L14_status=complete_gb=BT119988 6514757
.45 GQ04113_L14.1_clone=GQ04113_L14_cluster=GQ04113_L14_status=complete_gb=BT119988 6619576
.13 GQ04113_I01.3_clone=GQ04113_I01_cluster=GQ04113_I01_status=complete_gb=BT119975 6511246
.39 GQ04113_I01.3_clone=GQ04113_I01_cluster=GQ04113_I01_status=complete_gb=BT119975 6524305
.99 GQ04112_K08.1_clone=GQ04112_K08_cluster=GQ04112_K08_status=complete_gb=BT119929 6619807
.27 GQ04112_F22.1_clone=GQ04112_F22_cluster=GQ04112_F22_status=complete_gb=BT119916 6507463
.41 GQ04112_F22.1_clone=GQ04112_F22_cluster=GQ04112_F22_status=complete_gb=BT119916 2251785
.62 GQ04112_C19.2_clone=GQ04112_C19_cluster=GQ04112_C19_status=complete_gb=BT119905 6506929
.07 GQ04112_C19.2_clone=GQ04112_C19_cluster=GQ04112_C19_status=complete_gb=BT119905 6506928
.04 GQ04112_C19.2_clone=GQ04112_C19_cluster=GQ04112_C19_status=complete_gb=BT119905 6531376
.39 GQ04111_F17.1_clone=GQ04111_F17_cluster=GQ04111_F17_status=complete_gb=BT119864 6518155
.19 GQ04111_F17.1_clone=GQ04111_F17_cluster=GQ04111_F17_status=complete_gb=BT119864 1670071
.77 GQ04110_H21.1_clone=GQ04110_H21_cluster=GQ04110_H21_status=complete_gb=BT119816 6619594
.21 GQ04110_H21.1_clone=GQ04110_H21_cluster=GQ04110_H21_status=complete_gb=BT119816 1178249
.17 GQ04110_F16.1_clone=GQ04110_F16_cluster=GQ04110_F16_status=complete_gb=BT119810 6507721
.76 GQ04110_F16.1_clone=GQ04110_F16_cluster=GQ04110_F16_status=complete_gb=BT119810 6619590
.23 GQ04110_C13.1_clone=GQ04110_C13_cluster=GQ04110_C13_status=complete_gb=BT119794 2646487
.49 GQ04110_C13.1_clone=GQ04110_C13_cluster=GQ04110_C13_status=complete_gb=BT119794 6516212
.23 GQ04109_K22.4_clone=GQ04109_K22_cluster=GQ04109_K22_status=complete_gb=BT119755 6519451
.14 GQ04109_K22.4_clone=GQ04109_K22_cluster=GQ04109_K22_status=complete_gb=BT119755 6519450
.61 GQ04109_H04.2_clone=GQ04109_H04_cluster=GQ04109_H04_status=complete_gb=BT119739 6515418
.30 GQ04109_E07.2_clone=GQ04109_E07_cluster=GQ04109_E07_status=complete_gb=BT119722 6536782
.42 GQ04109_E07.2_clone=GQ04109_E07_cluster=GQ04109_E07_status=complete_gb=BT119722 6508117
.51 GQ04107_N17.3_clone=GQ04107_N17_cluster=GQ04107_N17_status=complete_gb=BT119619 1219038
.33 GQ04107_N17.3_clone=GQ04107_N17_cluster=GQ04107_N17_status=complete_gb=BT119619 1612656
.42 GQ04107_L23.1_clone=GQ04107_L23_cluster=GQ04107_L23_status=complete_gb=BT119608 6619673
.22 GQ04107_L23.1_clone=GQ04107_L23_cluster=GQ04107_L23_status=complete_gb=BT119608 2704924
.95 GQ04107_K04.1_clone=GQ04107_K04_cluster=GQ04107_K04_status=complete_gb=BT119597 6619796
.73 GQ04107_I03.1_clone=GQ04107_I03_cluster=GQ04107_I03_status=complete_gb=BT119583 6619628
.25 GQ04107_I03.1_clone=GQ04107_I03_cluster=GQ04107_I03_status=complete_gb=BT119583 6619628
.53 GQ04107_H14.1_clone=GQ04107_H14_cluster=GQ04107_H14_status=complete_gb=BT119582 6619629
.16 GQ04107_H14.1_clone=GQ04107_H14_cluster=GQ04107_H14_status=complete_gb=BT119582 270181
.25 GQ04107_A09.1_clone=GQ04107_A09_cluster=GQ04107_A09_status=complete_gb=BT119550 972922
.09 GQ04107_A09.1_clone=GQ04107_A09_cluster=GQ04107_A09_status=complete_gb=BT119550 458647
.70 GQ04106_M11.1_clone=GQ04106_M11_cluster=GQ04106_M11_status=complete_gb=BT119531 6619794
.39 GQ04106_L12.1_clone=GQ04106_L12_cluster=GQ04106_L12_status=complete_gb=BT119526 946589
.27 GQ04106_L12.1_clone=GQ04106_L12_cluster=GQ04106_L12_status=complete_gb=BT119526 1358014
.19 GQ04105_J04.1_clone=GQ04105_J04_cluster=GQ04105_J04_status=complete_gb=BT119430 3012239
.19 GQ04105_J04.1_clone=GQ04105_J04_cluster=GQ04105_J04_status=complete_gb=BT119430 6559611
.51 GQ04104_N16.1_clone=GQ04104_N16_cluster=GQ04104_N16_status=complete_gb=BT119377 831573
.23 GQ04104_N16.1_clone=GQ04104_N16_cluster=GQ04104_N16_status=complete_gb=BT119377 1165507
.52 GQ04104_L06.1_clone=GQ04104_L06_cluster=GQ04104_L06_status=complete_gb=BT119361 808630
.39 GQ04104_L06.1_clone=GQ04104_L06_cluster=GQ04104_L06_status=complete_gb=BT119361 822985
.53 GQ04103_M18.1_clone=GQ04103_M18_cluster=GQ04103_M18_status=complete_gb=BT119291 6619690
.18 GQ04103_M18.1_clone=GQ04103_M18_cluster=GQ04103_M18_status=complete_gb=BT119291 6507743
.58 GQ04103_F01.1_clone=GQ04103_F01_cluster=GQ04103_F01_status=complete_gb=BT119267 1243500
.36 GQ04103_F01.1_clone=GQ04103_F01_cluster=GQ04103_F01_status=complete_gb=BT119267 1243517
.68 GQ04103_E05.1_clone=GQ04103_E05_cluster=GQ04103_E05_status=complete_gb=BT119261 6619598
.24 GQ04103_E05.1_clone=GQ04103_E05_cluster=GQ04103_E05_status=complete_gb=BT119261 6518025
.75 GQ04103_C10.1_clone=GQ04103_C10_cluster=GQ04103_C10_status=complete_gb=BT119246 6619604
.65 GQ04102_O05.1_clone=GQ04102_O05_cluster=GQ04102_O05_status=complete_gb=BT119234 6619642
.17 GQ04102_O05.1_clone=GQ04102_O05_cluster=GQ04102_O05_status=complete_gb=BT119234 619648
.31 GQ04102_N06.1_clone=GQ04102_N06_cluster=GQ04102_N06_status=complete_gb=BT119226 6517374
.68 GQ04102_N06.1_clone=GQ04102_N06_cluster=GQ04102_N06_status=complete_gb=BT119226 6513443
.34 GQ04102_G23.1_clone=GQ04102_G23_cluster=GQ04102_G23_status=complete_gb=BT119184 910427
.31 GQ04102_G23.1_clone=GQ04102_G23_cluster=GQ04102_G23_status=complete_gb=BT119184 6524224
.18 GQ04102_D18.1_clone=GQ04102_D18_cluster=GQ04102_D18_status=complete_gb=BT119169 6510141
.80 GQ04102_D18.1_clone=GQ04102_D18_cluster=GQ04102_D18_status=complete_gb=BT119169 6619788
.53 GQ04102_C22.1_clone=GQ04102_C22_cluster=GQ04102_C22_status=complete_gb=BT119164 6533332
.43 GQ04101_P12.1_clone=GQ04101_P12_cluster=GQ04101_P12_status=complete_gb=BT119149 6619798
.17 GQ04101_P12.1_clone=GQ04101_P12_cluster=GQ04101_P12_status=complete_gb=BT119149 2144490
.46 GQ04013_O17.2_clone=GQ04013_O17_cluster=GQ04013_O17_status=complete_gb=BT119059 6619816
.27 GQ04013_O17.2_clone=GQ04013_O17_cluster=GQ04013_O17_status=complete_gb=BT119059 6619816
.29 GQ04013_O10.1_clone=GQ04013_O10_cluster=GQ04013_O10_status=complete_gb=BT119056 1433615
.17 GQ04013_O10.1_clone=GQ04013_O10_cluster=GQ04013_O10_status=complete_gb=BT119056 4701616
.16 GQ04013_O10.1_clone=GQ04013_O10_cluster=GQ04013_O10_status=complete_gb=BT119056 6510377
.75 GQ04013_M08.1_clone=GQ04013_M08_cluster=GQ04013_M08_status=complete_gb=BT119046 6619757
.38 GQ04013_E17.1_clone=GQ04013_E17_cluster=GQ04013_E17_status=complete_gb=BT119008 2660925
.21 GQ04013_E17.1_clone=GQ04013_E17_cluster=GQ04013_E17_status=complete_gb=BT119008 6530588
.17 GQ04013_E17.1_clone=GQ04013_E17_cluster=GQ04013_E17_status=complete_gb=BT119008 994157
.13 GQ04013_E17.1_clone=GQ04013_E17_cluster=GQ04013_E17_status=complete_gb=BT119008 2236343
.81 GQ04013_C19.1_clone=GQ04013_C19_cluster=GQ04013_C19_status=complete_gb=BT118998 1409759
.10 GQ04013_C19.1_clone=GQ04013_C19_cluster=GQ04013_C19_status=complete_gb=BT118998 1462916
.99 GQ04012_N14.1_clone=GQ04012_N14_cluster=GQ04012_N14_status=complete_gb=BT118976 6619764
.21 GQ04012_L01.2_clone=GQ04012_L01_cluster=GQ04012_L01_status=5 1665955
.66 GQ04012_L01.2_clone=GQ04012_L01_cluster=GQ04012_L01_status=5 6619732
.99 GQ04012_G08.1_clone=GQ04012_G08_cluster=GQ04012_G08_status=complete_gb=BT118956 6619670
.51 GQ04012_D01.1_clone=GQ04012_D01_cluster=GQ04012_D01_status=complete_gb=BT118944 6619773
.62 GQ04012_B21.4_clone=GQ04012_B21_cluster=GQ04012_B21_status=complete_gb=BT118938 6619671
.69 GQ04011_K07.1_clone=GQ04011_K07_cluster=GQ04011_K07_status=complete_gb=BT118899 6509081
.81 GQ04011_G12.1_clone=GQ04011_G12_cluster=GQ04011_G12_status=complete_gb=BT118878 6515902
.14 GQ04011_G12.1_clone=GQ04011_G12_cluster=GQ04011_G12_status=complete_gb=BT118878 2465817
.27 GQ04010_I15.1_clone=GQ04010_I15_cluster=GQ04010_I15_status=complete_gb=BT118812 6507935
.12 GQ04010_I15.1_clone=GQ04010_I15_cluster=GQ04010_I15_status=complete_gb=BT118812 6507934
.33 GQ04010_F24.1_clone=GQ04010_F24_cluster=GQ04010_F24_status=complete_gb=BT118799 6619756
.26 GQ04010_F24.1_clone=GQ04010_F24_cluster=GQ04010_F24_status=complete_gb=BT118799 6513630
.12 GQ04010_F24.1_clone=GQ04010_F24_cluster=GQ04010_F24_status=complete_gb=BT118799 1030077
.99 GQ04010_C11.1_clone=GQ04010_C11_cluster=GQ04010_C11_status=complete_gb=BT118780 6619799
.51 GQ04009_P22.1_clone=GQ04009_P22_cluster=GQ04009_P22_status=complete_gb=BT118765 6619652
.18 GQ04009_P22.1_clone=GQ04009_P22_cluster=GQ04009_P22_status=complete_gb=BT118765 2684641
.14 GQ04009_P22.1_clone=GQ04009_P22_cluster=GQ04009_P22_status=complete_gb=BT118765 2085769
.19 GQ04009_L06.1_clone=GQ04009_L06_cluster=GQ04009_L06_status=complete_gb=BT118733 1041578
.12 GQ04009_L06.1_clone=GQ04009_L06_cluster=GQ04009_L06_status=complete_gb=BT118733 1529990
.15 GQ04009_L06.1_clone=GQ04009_L06_cluster=GQ04009_L06_status=complete_gb=BT118733 1529994
.16 GQ04009_L06.1_clone=GQ04009_L06_cluster=GQ04009_L06_status=complete_gb=BT118733 2406520
.06 GQ04009_L06.1_clone=GQ04009_L06_cluster=GQ04009_L06_status=complete_gb=BT118733 2467444
.33 GQ04009_H12.1_clone=GQ04009_H12_cluster=GQ04009_H12_status=complete_gb=BT118713 440602
.21 GQ04009_H12.1_clone=GQ04009_H12_cluster=GQ04009_H12_status=complete_gb=BT118713 6541533
.16 GQ04009_H12.1_clone=GQ04009_H12_cluster=GQ04009_H12_status=complete_gb=BT118713 6508949
.55 GQ04009_G11.1_clone=GQ04009_G11_cluster=GQ04009_G11_status=complete_gb=BT118705 6619596
.29 GQ04009_G11.1_clone=GQ04009_G11_cluster=GQ04009_G11_status=complete_gb=BT118705 1963952
.77 GQ04009_F03.1_clone=GQ04009_F03_cluster=GQ04009_F03_status=complete_gb=BT118702 6619821
.22 GQ04009_F03.1_clone=GQ04009_F03_cluster=GQ04009_F03_status=complete_gb=BT118702 3055442
.29 GQ04008_M01.1_clone=GQ04008_M01_cluster=GQ04008_M01_status=complete_gb=BT118663 6619828
.35 GQ04008_M01.1_clone=GQ04008_M01_cluster=GQ04008_M01_status=complete_gb=BT118663 6619828
.08 GQ04008_M01.1_clone=GQ04008_M01_cluster=GQ04008_M01_status=complete_gb=BT118663 2392820
.18 GQ04008_H22.1_clone=GQ04008_H22_cluster=GQ04008_H22_status=complete_gb=BT118646 6515269
.74 GQ04008_H22.1_clone=GQ04008_H22_cluster=GQ04008_H22_status=complete_gb=BT118646 6619811
.73 GQ04008_C08.1_clone=GQ04008_C08_cluster=GQ04008_C08_status=complete_gb=BT118603 6619606
.21 GQ04008_C08.1_clone=GQ04008_C08_cluster=GQ04008_C08_status=complete_gb=BT118603 2607065
.14 GQ04008_C08.1_clone=GQ04008_C08_cluster=GQ04008_C08_status=complete_gb=BT118603 1331689
.14 GQ04008_C08.1_clone=GQ04008_C08_cluster=GQ04008_C08_status=complete_gb=BT118603 6538261
.31 GQ04007_I21.1_clone=GQ04007_I21_cluster=GQ04007_I21_status=complete_gb=BT118544 6512203
.24 GQ04007_H08.1_clone=GQ04007_H08_cluster=GQ04007_H08_status=complete_gb=BT118534 444637
.64 GQ04007_H08.1_clone=GQ04007_H08_cluster=GQ04007_H08_status=complete_gb=BT118534 6619746
.17 GQ04007_G09.1_clone=GQ04007_G09_cluster=GQ04007_G09_status=complete_gb=BT118532 6524172
.12 GQ04007_G09.1_clone=GQ04007_G09_cluster=GQ04007_G09_status=complete_gb=BT118532 6515071
.32 GQ04007_E07.1_clone=GQ04007_E07_cluster=GQ04007_E07_status=complete_gb=BT118521 6511698
.20 GQ04007_D17.1_clone=GQ04007_D17_cluster=GQ04007_D17_status=complete_gb=BT118517 6526736
.20 GQ04007_D17.1_clone=GQ04007_D17_cluster=GQ04007_D17_status=complete_gb=BT118517 2641555
.42 GQ04007_D12.2_clone=GQ04007_D12_cluster=GQ04007_D12_status=5 6523537
.05 GQ04007_D12.2_clone=GQ04007_D12_cluster=GQ04007_D12_status=5 6508068
.10 GQ04006_E08.1_clone=GQ04006_E08_cluster=GQ04006_E08_status=complete_gb=BT118427 569315
.89 GQ04006_E08.1_clone=GQ04006_E08_cluster=GQ04006_E08_status=complete_gb=BT118427 6527475
.15 GQ04006_C06.1_clone=GQ04006_C06_cluster=GQ04006_C06_status=complete_gb=BT118414 2224105
.15 GQ04006_C06.1_clone=GQ04006_C06_cluster=GQ04006_C06_status=complete_gb=BT118414 1825646
.13 GQ04006_C06.1_clone=GQ04006_C06_cluster=GQ04006_C06_status=complete_gb=BT118414 4767751
.26 GQ04006_A23.1_clone=GQ04006_A23_cluster=GQ04006_A23_status=complete_gb=BT118405 1750705
.28 GQ04006_A23.1_clone=GQ04006_A23_cluster=GQ04006_A23_status=complete_gb=BT118405 6518735
.31 GQ04005_M15.1_clone=GQ04005_M15_cluster=GQ04005_M15_status=complete_gb=BT118382 6511346
.68 GQ04005_M15.1_clone=GQ04005_M15_cluster=GQ04005_M15_status=complete_gb=BT118382 6511346
.38 GQ04005_M11.1_clone=GQ04005_M11_cluster=GQ04005_M11_status=complete_gb=BT118379 6511311
.32 GQ04005_M11.1_clone=GQ04005_M11_cluster=GQ04005_M11_status=complete_gb=BT118379 2952030
.26 GQ04005_G07.1_clone=GQ04005_G07_cluster=GQ04005_G07_status=complete_gb=BT118348 6619750
.22 GQ04005_G07.1_clone=GQ04005_G07_cluster=GQ04005_G07_status=complete_gb=BT118348 1568227
.63 GQ04005_F23.1_clone=GQ04005_F23_cluster=GQ04005_F23_status=complete_gb=BT118346 6619664
.20 GQ04005_F23.1_clone=GQ04005_F23_cluster=GQ04005_F23_status=complete_gb=BT118346 6509378
.30 GQ04005_B22.1_clone=GQ04005_B22_cluster=GQ04005_B22_status=complete_gb=BT118325 3151947
.25 GQ04005_B22.1_clone=GQ04005_B22_cluster=GQ04005_B22_status=complete_gb=BT118325 646735
.86 GQ04004_K14.2_clone=GQ04004_K14_cluster=GQ04004_K14_status=complete_gb=BT118283 6619726
.08 GQ04004_K14.2_clone=GQ04004_K14_cluster=GQ04004_K14_status=complete_gb=BT118283 2964212
.89 GQ04003_N07.1_clone=GQ04003_N07_cluster=GQ04003_N07_status=complete_gb=BT118227 6619713
.43 GQ04003_K16.1_clone=GQ04003_K16_cluster=GQ04003_K16_status=complete_gb=BT118213 6544533
.23 GQ04003_K16.1_clone=GQ04003_K16_cluster=GQ04003_K16_status=complete_gb=BT118213 1319693
.45 GQ04003_K10.1_clone=GQ04003_K10_cluster=GQ04003_K10_status=complete_gb=BT118210 6619681
.10 GQ04003_K10.1_clone=GQ04003_K10_cluster=GQ04003_K10_status=complete_gb=BT118210 196261
.56 GQ04003_H03.1_clone=GQ04003_H03_cluster=GQ04003_H03_status=complete_gb=BT118192 6531495
.25 GQ04003_H03.1_clone=GQ04003_H03_cluster=GQ04003_H03_status=complete_gb=BT118192 6523725
.99 GQ04003_G17.1_clone=GQ04003_G17_cluster=GQ04003_G17_status=complete_gb=BT118190 6619818
.23 GQ04003_G08.1_clone=GQ04003_G08_cluster=GQ04003_G08_status=complete_gb=BT118189 6565143
.35 GQ04003_G08.1_clone=GQ04003_G08_cluster=GQ04003_G08_status=complete_gb=BT118189 2002301
.22 GQ04003_E10.1_clone=GQ04003_E10_cluster=GQ04003_E10_status=complete_gb=BT118177 6506970
.15 GQ04003_E10.1_clone=GQ04003_E10_cluster=GQ04003_E10_status=complete_gb=BT118177 6518210
.13 GQ04003_E10.1_clone=GQ04003_E10_cluster=GQ04003_E10_status=complete_gb=BT118177 427333
.25 GQ04003_C15.1_clone=GQ04003_C15_cluster=GQ04003_C15_status=complete_gb=BT118165 6529556
.14 GQ04003_C15.1_clone=GQ04003_C15_cluster=GQ04003_C15_status=complete_gb=BT118165 1458095
.13 GQ04003_C15.1_clone=GQ04003_C15_cluster=GQ04003_C15_status=complete_gb=BT118165 2261132
.38 GQ04002_K17.4_clone=GQ04002_K17_cluster=GQ04002_K17_status=53 6619820
.10 GQ04002_K17.4_clone=GQ04002_K17_cluster=GQ04002_K17_status=53 6517962
.83 GQ04002_I15.1_clone=GQ04002_I15_cluster=GQ04002_I15_status=complete_gb=BT118113 6619605
.16 GQ04002_I15.1_clone=GQ04002_I15_cluster=GQ04002_I15_status=complete_gb=BT118113 3207353
.45 GQ04002_B09.1_clone=GQ04002_B09_cluster=GQ04002_B09_status=complete_gb=BT118078 6514656
.47 GQ04002_B09.1_clone=GQ04002_B09_cluster=GQ04002_B09_status=complete_gb=BT118078 6523434
.62 GQ04001_B19.1_clone=GQ04001_B19_cluster=GQ04001_B19_status=complete_gb=BT118008 6509915
.33 GQ04001_B19.1_clone=GQ04001_B19_cluster=GQ04001_B19_status=complete_gb=BT118008 6507574
.22 GQ04001_B19.1_clone=GQ04001_B19_cluster=GQ04001_B19_status=complete_gb=BT118008 2498479
.32 GQ03919_J21.2_clone=GQ03919_J21_cluster=GQ03919_J21_status=complete_gb=BT117986 6518266
.35 GQ03919_B21.3_clone=GQ03919_B21_cluster=GQ03919_B21_status=53 6619735
.51 GQ03917_E17.1_clone=GQ03917_E17_cluster=GQ03917_E17_status=complete_gb=BT117922 6521327
.17 GQ03917_E17.1_clone=GQ03917_E17_cluster=GQ03917_E17_status=complete_gb=BT117922 6520246
.28 GQ03915_N06.3_clone=GQ03915_N06_cluster=GQ03915_N06_status=complete_gb=BT117886 6527328
.01 GQ03915_N06.3_clone=GQ03915_N06_cluster=GQ03915_N06_status=complete_gb=BT117886 6520076
.52 GQ03914_J23.1_clone=GQ03914_J23_cluster=GQ03914_J23_status=complete_gb=BT117854 2833761
.39 GQ03914_J23.1_clone=GQ03914_J23_cluster=GQ03914_J23_status=complete_gb=BT117854 2072859
.28 GQ03914_J23.1_clone=GQ03914_J23_cluster=GQ03914_J23_status=complete_gb=BT117854 6536520
.18 GQ03914_A08.2_clone=GQ03914_A08_cluster=GQ03914_A08_status=complete_gb=BT117839 1013124
.49 GQ03914_A08.2_clone=GQ03914_A08_cluster=GQ03914_A08_status=complete_gb=BT117839 6524499
.39 GQ03912_O06.2_clone=GQ03912_O06_cluster=GQ03912_O06_status=53 6619677
.14 GQ03912_O06.2_clone=GQ03912_O06_cluster=GQ03912_O06_status=53 1602629
.43 GQ03912_N16.1_clone=GQ03912_N16_cluster=GQ03912_N16_status=complete_gb=BT117802 6525348
.99 GQ03912_M18.1_clone=GQ03912_M18_cluster=GQ03912_M18_status=complete_gb=BT117799 6619622
.36 GQ03909_D05.1_clone=GQ03909_D05_cluster=GQ03909_D05_status=complete_gb=BT117730 6530611
.15 GQ03909_D05.1_clone=GQ03909_D05_cluster=GQ03909_D05_status=complete_gb=BT117730 1303404
.94 GQ03908_L16.1_clone=GQ03908_L16_cluster=GQ03908_L16_status=complete_gb=BT117724 6619607
.99 GQ03908_G06.1_clone=GQ03908_G06_cluster=GQ03908_G06_status=complete_gb=BT117709 6619792
.19 GQ03906_L22.1_clone=GQ03906_L22_cluster=GQ03906_L22_status=complete_gb=BT117662 6522301
.32 GQ03906_L22.1_clone=GQ03906_L22_cluster=GQ03906_L22_status=complete_gb=BT117662 6515029
.52 GQ03906_B18.2_clone=GQ03906_B18_cluster=GQ03906_B18_status=53 6524796
.31 GQ03906_B18.2_clone=GQ03906_B18_cluster=GQ03906_B18_status=53 6512431
.24 GQ03904_P15.1_clone=GQ03904_P15_cluster=GQ03904_P15_status=complete_gb=BT117611 6527979
.25 GQ03904_P15.1_clone=GQ03904_P15_cluster=GQ03904_P15_status=complete_gb=BT117611 2656463
.02 GQ03904_P15.1_clone=GQ03904_P15_cluster=GQ03904_P15_status=complete_gb=BT117611 6605677
.02 GQ03904_P15.1_clone=GQ03904_P15_cluster=GQ03904_P15_status=complete_gb=BT117611 856728
.66 GQ03903_N01.1_clone=GQ03903_N01_cluster=GQ03903_N01_status=complete_gb=BT117569 6619693
.14 GQ03903_N01.1_clone=GQ03903_N01_cluster=GQ03903_N01_status=complete_gb=BT117569 3780098
.37 GQ03903_F02.1_clone=GQ03903_F02_cluster=GQ03903_F02_status=5 1611763
.61 GQ03903_F02.1_clone=GQ03903_F02_cluster=GQ03903_F02_status=5 6619584
.34 GQ03903_D23.1_clone=GQ03903_D23_cluster=GQ03903_D23_status=complete_gb=BT117557 6526560
.37 GQ03902_F22.1_clone=GQ03902_F22_cluster=GQ03902_F22_status=complete_gb=BT117527 6619791
.34 GQ03902_F22.1_clone=GQ03902_F22_cluster=GQ03902_F22_status=complete_gb=BT117527 6619791
.31 GQ03902_A01.2_clone=GQ03902_A01_cluster=GQ03902_A01_status=5 6509640
.24 GQ03902_A01.2_clone=GQ03902_A01_cluster=GQ03902_A01_status=5 2150209
.78 GQ03901_A21.1_clone=GQ03901_A21_cluster=GQ03901_A21_status=complete_gb=BT117465 6619650
.16 GQ03901_A21.1_clone=GQ03901_A21_cluster=GQ03901_A21_status=complete_gb=BT117465 6510592
.27 GQ03819_H18.4_clone=GQ03819_H18_cluster=GQ03819_H18_status=complete_gb=BT117437 1576426
.23 GQ03819_H18.4_clone=GQ03819_H18_cluster=GQ03819_H18_status=complete_gb=BT117437 1933281
.21 GQ03819_G05.2_clone=GQ03819_G05_cluster=GQ03819_G05_status=complete_gb=BT117432 1760319
.08 GQ03819_G05.2_clone=GQ03819_G05_cluster=GQ03819_G05_status=complete_gb=BT117432 1760318
.08 GQ03819_G05.2_clone=GQ03819_G05_cluster=GQ03819_G05_status=complete_gb=BT117432 4848161
.08 GQ03819_G05.2_clone=GQ03819_G05_cluster=GQ03819_G05_status=complete_gb=BT117432 6533613
.05 GQ03819_G05.2_clone=GQ03819_G05_cluster=GQ03819_G05_status=complete_gb=BT117432 2736274
.89 GQ03819_C17.1_clone=GQ03819_C17_cluster=GQ03819_C17_status=complete_gb=BT117417 6619714
.94 GQ03819_C01.1_clone=GQ03819_C01_cluster=GQ03819_C01_status=complete_gb=BT117415 6619824
.17 GQ03819_A17.1_clone=GQ03819_A17_cluster=GQ03819_A17_status=complete_gb=BT117411 2557472
.76 GQ03819_A17.1_clone=GQ03819_A17_cluster=GQ03819_A17_status=complete_gb=BT117411 6532512
.11 GQ03818_O03.1_clone=GQ03818_O03_cluster=GQ03818_O03_status=complete_gb=BT117404 4344340
.46 GQ03818_O03.1_clone=GQ03818_O03_cluster=GQ03818_O03_status=complete_gb=BT117404 1743401
.27 GQ03817_N22.2_clone=GQ03817_N22_cluster=GQ03817_N22_status=complete_gb=BT117363 6530591
.19 GQ03817_N22.2_clone=GQ03817_N22_cluster=GQ03817_N22_status=complete_gb=BT117363 6565212
.50 GQ03817_M23.1_clone=GQ03817_M23_cluster=GQ03817_M23_status=complete_gb=BT117359 6524871
.32 GQ03817_M23.1_clone=GQ03817_M23_cluster=GQ03817_M23_status=complete_gb=BT117359 6511599
.72 GQ03817_F02.1_clone=GQ03817_F02_cluster=GQ03817_F02_status=complete_gb=BT117332 6619776
.25 GQ03817_C02.1_clone=GQ03817_C02_cluster=GQ03817_C02_status=complete_gb=BT117319 6524732
.16 GQ03817_C02.1_clone=GQ03817_C02_cluster=GQ03817_C02_status=complete_gb=BT117319 6512729
.59 GQ03817_A10.1_clone=GQ03817_A10_cluster=GQ03817_A10_status=complete_gb=BT117313 6619695
.22 GQ03817_A10.1_clone=GQ03817_A10_cluster=GQ03817_A10_status=complete_gb=BT117313 6517719
.39 GQ03816_N20.1_clone=GQ03816_N20_cluster=GQ03816_N20_status=complete_gb=BT117308 896107
.36 GQ03816_N20.1_clone=GQ03816_N20_cluster=GQ03816_N20_status=complete_gb=BT117308 6550564
.14 GQ03816_M12.1_clone=GQ03816_M12_cluster=GQ03816_M12_status=complete_gb=BT117300 6494335
.68 GQ03816_M12.1_clone=GQ03816_M12_cluster=GQ03816_M12_status=complete_gb=BT117300 6521959
.38 GQ03816_J07.1_clone=GQ03816_J07_cluster=GQ03816_J07_status=complete_gb=BT117293 6619588
.13 GQ03816_J07.1_clone=GQ03816_J07_cluster=GQ03816_J07_status=complete_gb=BT117293 945442
.57 GQ03816_G05.1_clone=GQ03816_G05_cluster=GQ03816_G05_status=complete_gb=BT117276 822259
.30 GQ03816_G05.1_clone=GQ03816_G05_cluster=GQ03816_G05_status=complete_gb=BT117276 822258
.32 GQ03816_E18.1_clone=GQ03816_E18_cluster=GQ03816_E18_status=complete_gb=BT117269 1727313
.22 GQ03816_E18.1_clone=GQ03816_E18_cluster=GQ03816_E18_status=complete_gb=BT117269 6510499
.42 GQ03815_K06.1_clone=GQ03815_K06_cluster=GQ03815_K06_status=complete_gb=BT117238 6519362
.19 GQ03815_K06.1_clone=GQ03815_K06_cluster=GQ03815_K06_status=complete_gb=BT117238 2760117
.33 GQ03814_P16.1_clone=GQ03814_P16_cluster=GQ03814_P16_status=complete_gb=BT117207 6619657
.18 GQ03814_P16.1_clone=GQ03814_P16_cluster=GQ03814_P16_status=complete_gb=BT117207 1287898
.40 GQ03814_M09.2_clone=GQ03814_M09_cluster=GQ03814_M09_status=53 6513271
.22 GQ03814_M09.2_clone=GQ03814_M09_cluster=GQ03814_M09_status=53 6509930
.47 GQ03813_P07.1_clone=GQ03813_P07_cluster=GQ03813_P07_status=complete_gb=BT117159 6511937
.43 GQ03813_P07.1_clone=GQ03813_P07_cluster=GQ03813_P07_status=complete_gb=BT117159 6508569
.45 GQ03813_M16.1_clone=GQ03813_M16_cluster=GQ03813_M16_status=complete_gb=BT117150 6510116
.29 GQ03813_M16.1_clone=GQ03813_M16_cluster=GQ03813_M16_status=complete_gb=BT117150 1953182
.22 GQ03813_M10.1_clone=GQ03813_M10_cluster=GQ03813_M10_status=complete_gb=BT117148 6519620
.58 GQ03813_M10.1_clone=GQ03813_M10_cluster=GQ03813_M10_status=complete_gb=BT117148 6528076
.99 GQ03813_M03.2_clone=GQ03813_M03_cluster=GQ03813_M03_status=complete_gb=BT117144 6619825
.85 GQ03811_E01.1_clone=GQ03811_E01_cluster=GQ03811_E01_status=complete_gb=BT117023 6619585
.06 GQ03811_E01.1_clone=GQ03811_E01_cluster=GQ03811_E01_status=complete_gb=BT117023 3252002
.53 GQ03811_A07.1_clone=GQ03811_A07_cluster=GQ03811_A07_status=complete_gb=BT117006 6619724
.27 GQ03811_A07.1_clone=GQ03811_A07_cluster=GQ03811_A07_status=complete_gb=BT117006 6508375
.88 GQ03810_M05.1_clone=GQ03810_M05_cluster=GQ03810_M05_status=complete_gb=BT116985 6619699
.05 GQ03810_M05.1_clone=GQ03810_M05_cluster=GQ03810_M05_status=complete_gb=BT116985 3267091
.67 GQ03810_K02.1_clone=GQ03810_K02_cluster=GQ03810_K02_status=complete_gb=BT116975 6513912
.18 GQ03810_K02.1_clone=GQ03810_K02_cluster=GQ03810_K02_status=complete_gb=BT116975 6507253
.99 GQ03810_G01.1_clone=GQ03810_G01_cluster=GQ03810_G01_status=complete_gb=BT116966 6619812
.22 GQ03809_N09.1_clone=GQ03809_N09_cluster=GQ03809_N09_status=complete_gb=BT116936 1411572
.17 GQ03809_N09.1_clone=GQ03809_N09_cluster=GQ03809_N09_status=complete_gb=BT116936 6544422
.82 GQ03809_G05.1_clone=GQ03809_G05_cluster=GQ03809_G05_status=complete_gb=BT116918 6619578
.25 GQ03809_E07.1_clone=GQ03809_E07_cluster=GQ03809_E07_status=complete_gb=BT116913 1600594
.18 GQ03809_E07.1_clone=GQ03809_E07_cluster=GQ03809_E07_status=complete_gb=BT116913 6519180
.41 GQ03808_G18.1_clone=GQ03808_G18_cluster=GQ03808_G18_status=complete_gb=BT116872 6619736
.58 GQ03808_E05.1_clone=GQ03808_E05_cluster=GQ03808_E05_status=complete_gb=BT116863 6507843
.21 GQ03808_E05.1_clone=GQ03808_E05_cluster=GQ03808_E05_status=complete_gb=BT116863 6548972
.37 GQ03808_D10.1_clone=GQ03808_D10_cluster=GQ03808_D10_status=complete_gb=BT116860 3669415
.21 GQ03808_D10.1_clone=GQ03808_D10_cluster=GQ03808_D10_status=complete_gb=BT116860 6506903
.17 GQ03806_P06.1_clone=GQ03806_P06_cluster=GQ03806_P06_status=complete_gb=BT116797 2660024
.33 GQ03806_O16.2_clone=GQ03806_O16_cluster=GQ03806_O16_status=5 6514358
.29 GQ03806_O16.2_clone=GQ03806_O16_cluster=GQ03806_O16_status=5 6619725
.50 GQ03806_G13.1_clone=GQ03806_G13_cluster=GQ03806_G13_status=complete_gb=BT116772 4008195
.21 GQ03806_G13.1_clone=GQ03806_G13_cluster=GQ03806_G13_status=complete_gb=BT116772 4008685
.92 GQ03806_G12.1_clone=GQ03806_G12_cluster=GQ03806_G12_status=complete_gb=BT116771 6619739
.37 GQ03806_F12.1_clone=GQ03806_F12_cluster=GQ03806_F12_status=complete_gb=BT116766 1382919
.36 GQ03806_F12.1_clone=GQ03806_F12_cluster=GQ03806_F12_status=complete_gb=BT116766 1879178
.23 GQ03805_P01.2_clone=GQ03805_P01_cluster=GQ03805_P01_status=complete_gb=BT116747 6513318
.94 GQ03805_K14.4_clone=GQ03805_K14_cluster=GQ03805_K14_status=53 6619805
.26 GQ03805_C07.1_clone=GQ03805_C07_cluster=GQ03805_C07_status=complete_gb=BT116706 6527344
.15 GQ03805_C07.1_clone=GQ03805_C07_cluster=GQ03805_C07_status=complete_gb=BT116706 6507038
.37 GQ03805_C02.1_clone=GQ03805_C02_cluster=GQ03805_C02_status=complete_gb=BT116705 6517121
.32 GQ03805_C02.1_clone=GQ03805_C02_cluster=GQ03805_C02_status=complete_gb=BT116705 6508746
.21 GQ03804_I11.1_clone=GQ03804_I11_cluster=GQ03804_I11_status=complete_gb=BT116685 6508929
.14 GQ03804_I11.1_clone=GQ03804_I11_cluster=GQ03804_I11_status=complete_gb=BT116685 6509862
.25 GQ03804_C09.2_clone=GQ03804_C09_cluster=GQ03804_C09_status=complete_gb=BT116662 2000207
.46 GQ03804_C09.2_clone=GQ03804_C09_cluster=GQ03804_C09_status=complete_gb=BT116662 6509961
.38 GQ03804_B12.1_clone=GQ03804_B12_cluster=GQ03804_B12_status=complete_gb=BT116660 6619684
.14 GQ03804_B12.1_clone=GQ03804_B12_cluster=GQ03804_B12_status=complete_gb=BT116660 6520305
.25 GQ03803_M03.1_clone=GQ03803_M03_cluster=GQ03803_M03_status=complete_gb=BT116640 1907297
.53 GQ03803_M03.1_clone=GQ03803_M03_cluster=GQ03803_M03_status=complete_gb=BT116640 6619802
