.20 WS00743_I19.2_clone=WS00743_I19_cluster=WS00743_I19_status=complete 2462420
.70 WS00743_I19.2_clone=WS00743_I19_cluster=WS00743_I19_status=complete 6375104
.48 snap_masked-164508409-processed-gene-0.1-mRNA-1 1059613
.42 snap_masked-164508409-processed-gene-0.1-mRNA-1 6368846
.85 maker-168561571-augustus-gene-0.27-mRNA-1 6369208
.76 maker-168550067-snap-gene-0.25-mRNA-1 6467404
.21 maker-168550067-snap-gene-0.25-mRNA-1 1262607
.10 maker-168546774-snap-gene-0.51-mRNA-2 6370110
.79 maker-168546774-snap-gene-0.51-mRNA-2 6467457
.34 maker-168539019-snap-gene-0.14-mRNA-1 6467426
.47 maker-168527887-augustus-gene-1.102-mRNA-1 462651
.84 maker-168520985-snap-gene-1.62-mRNA-1 6467371
.66 maker-168511581-augustus-gene-0.52-mRNA-2 6467385
.19 maker-168511581-augustus-gene-0.52-mRNA-2 6370985
.35 maker-168325120-augustus-gene-0.91-mRNA-2 553420
.95 maker-168207041-augustus-gene-0.23-mRNA-1 6467407
.23 maker-168206297-snap-gene-0.47-mRNA-1 6467478
.18 maker-168206297-snap-gene-0.47-mRNA-1 2157055
.50 maker-168190526-snap-gene-1.103-mRNA-2 6467327
.29 maker-168190526-snap-gene-1.103-mRNA-2 1418520
.86 maker-168189634-snap-gene-0.23-mRNA-1 6467472
.09 maker-168189634-snap-gene-0.23-mRNA-1 4191494
.90 maker-168187403-snap-gene-0.8-mRNA-1 6467496
.03 maker-168187403-snap-gene-0.8-mRNA-1 6382500
.67 maker-168186447-augustus-gene-0.43-mRNA-1 6467406
.19 maker-168185463-snap-gene-0.44-mRNA-2 6374773
.49 maker-166645326-snap-gene-0.5-mRNA-1 1142905
.06 maker-166645326-snap-gene-0.5-mRNA-1 808027
.64 maker-166288602-snap-gene-0.7-mRNA-1 6467142
.07 maker-166288602-snap-gene-0.7-mRNA-1 1645336
.14 GQ04108_O21.1_clone=GQ04108_O21_cluster=GQ04108_O21_status=complete_gb=BT119697 1078973
.58 GQ04108_O21.1_clone=GQ04108_O21_cluster=GQ04108_O21_status=complete_gb=BT119697 6467270
.93 GQ04102_L24.1_clone=GQ04102_L24_cluster=GQ04102_L24_status=complete_gb=BT119212 6467470
.94 GQ04102_B18.1_clone=GQ04102_B18_cluster=GQ04102_B18_status=complete_gb=BT119158 6467473
.88 GQ04013_P06.1_clone=GQ04013_P06_cluster=GQ04013_P06_status=complete_gb=BT119064 6467439
.53 GQ04009_O23.1_clone=GQ04009_O23_cluster=GQ04009_O23_status=complete_gb=BT118760 6467224
.14 GQ04009_O23.1_clone=GQ04009_O23_cluster=GQ04009_O23_status=complete_gb=BT118760 6406238
.20 GQ04009_C24.1_clone=GQ04009_C24_cluster=GQ04009_C24_status=complete_gb=BT118694 6371372
.18 GQ04009_C24.1_clone=GQ04009_C24_cluster=GQ04009_C24_status=complete_gb=BT118694 645743
.70 GQ04008_K01.3_clone=GQ04008_K01_cluster=GQ04008_K01_status=complete_gb=BT118654 6467412
.13 GQ04008_K01.3_clone=GQ04008_K01_cluster=GQ04008_K01_status=complete_gb=BT118654 1439750
.90 GQ04006_G24.1_clone=GQ04006_G24_cluster=GQ04006_G24_status=complete_gb=BT118441 6467471
.42 GQ04004_J08.1_clone=GQ04004_J08_cluster=GQ04004_J08_status=complete_gb=BT118278 6371721
.20 GQ04004_J08.1_clone=GQ04004_J08_cluster=GQ04004_J08_status=complete_gb=BT118278 6377621
.19 GQ04004_J08.1_clone=GQ04004_J08_cluster=GQ04004_J08_status=complete_gb=BT118278 6382955
.33 GQ04004_J06.1_clone=GQ04004_J06_cluster=GQ04004_J06_status=complete_gb=BT118277 6381980
.31 GQ04003_N17.1_clone=GQ04003_N17_cluster=GQ04003_N17_status=complete_gb=BT118229 1551838
.31 GQ04003_N17.1_clone=GQ04003_N17_cluster=GQ04003_N17_status=complete_gb=BT118229 1198570
.36 GQ04003_A04.1_clone=GQ04003_A04_cluster=GQ04003_A04_status=complete_gb=BT118151 6376555
.18 GQ04003_A04.1_clone=GQ04003_A04_cluster=GQ04003_A04_status=complete_gb=BT118151 6373596
.48 GQ03919_L08.2_clone=GQ03919_L08_cluster=GQ03919_L08_status=complete_gb=BT117987 6467378
.35 GQ03915_K05.2_clone=GQ03915_K05_cluster=GQ03915_K05_status=complete_gb=BT117879 6373883
.26 GQ03915_K05.2_clone=GQ03915_K05_cluster=GQ03915_K05_status=complete_gb=BT117879 6467148
.40 GQ03913_P15.1_clone=GQ03913_P15_cluster=GQ03913_P15_status=complete_gb=BT117838 6467168
.20 GQ03913_P15.1_clone=GQ03913_P15_cluster=GQ03913_P15_status=complete_gb=BT117838 6377452
.67 GQ03911_N11.2_clone=GQ03911_N11_cluster=GQ03911_N11_status=complete_gb=BT117774 6467445
.11 GQ03911_N11.2_clone=GQ03911_N11_cluster=GQ03911_N11_status=complete_gb=BT117774 6372456
.38 GQ03902_E15.1_clone=GQ03902_E15_cluster=GQ03902_E15_status=complete_gb=BT117523 6402000
.28 GQ03819_M12.1_clone=GQ03819_M12_cluster=GQ03819_M12_status=complete_gb=BT117453 6467475
.32 GQ03819_M12.1_clone=GQ03819_M12_cluster=GQ03819_M12_status=complete_gb=BT117453 6467475
.15 GQ03819_M12.1_clone=GQ03819_M12_cluster=GQ03819_M12_status=complete_gb=BT117453 6375498
.44 GQ03817_E18.1_clone=GQ03817_E18_cluster=GQ03817_E18_status=complete_gb=BT117331 6467349
.50 GQ03814_D13.1_clone=GQ03814_D13_cluster=GQ03814_D13_status=complete_gb=BT117169 6467419
.30 GQ03814_D13.1_clone=GQ03814_D13_cluster=GQ03814_D13_status=complete_gb=BT117169 6467419
.41 GQ03811_B07.1_clone=GQ03811_B07_cluster=GQ03811_B07_status=complete_gb=BT117012 6467353
.28 GQ03811_B07.1_clone=GQ03811_B07_cluster=GQ03811_B07_status=complete_gb=BT117012 6382382
.24 GQ03811_B07.1_clone=GQ03811_B07_cluster=GQ03811_B07_status=complete_gb=BT117012 6372876
.58 GQ03811_A02.1_clone=GQ03811_A02_cluster=GQ03811_A02_status=complete_gb=BT117005 6467428
.11 GQ03811_A02.1_clone=GQ03811_A02_cluster=GQ03811_A02_status=complete_gb=BT117005 808322
.98 GQ03808_I16.1_clone=GQ03808_I16_cluster=GQ03808_I16_status=complete_gb=BT116883 6467158
.59 GQ03807_P11.3_clone=GQ03807_P11_cluster=GQ03807_P11_status=complete_gb=BT116853 6467273
.62 GQ03803_L08.2_clone=GQ03803_L08_cluster=GQ03803_L08_status=complete_gb=BT116636 6467425
.20 GQ03803_L08.2_clone=GQ03803_L08_cluster=GQ03803_L08_status=complete_gb=BT116636 6372626
.46 GQ03719_P02.1_clone=GQ03719_P02_cluster=GQ03719_P02_status=complete_gb=BT116506 6467402
.32 GQ03713_O19.1_clone=GQ03713_O19_cluster=GQ03713_O19_status=complete_gb=BT116221 6375231
.31 GQ03713_O19.1_clone=GQ03713_O19_cluster=GQ03713_O19_status=complete_gb=BT116221 6467097
.38 GQ03713_K04.1_clone=GQ03713_K04_cluster=GQ03713_K04_status=complete_gb=BT116207 6383604
.41 GQ03712_B13.1_clone=GQ03712_B13_cluster=GQ03712_B13_status=complete_gb=BT116117 6467335
.68 GQ03711_P20.1_clone=GQ03711_P20_cluster=GQ03711_P20_status=complete_gb=BT116111 6369290
.93 GQ03711_I24.1_clone=GQ03711_I24_cluster=GQ03711_I24_status=complete_gb=BT116080 6467454
.91 GQ03708_J15.1_clone=GQ03708_J15_cluster=GQ03708_J15_status=complete_gb=BT115906 6467484
.47 GQ03707_O24.1_clone=GQ03707_O24_cluster=GQ03707_O24_status=complete_gb=BT115880 6385193
.94 GQ03705_P14.1_clone=GQ03705_P14_cluster=GQ03705_P14_status=complete_gb=BT115775 6467476
.73 GQ03615_A12.1_clone=GQ03615_A12_cluster=GQ03615_A12_status=complete_gb=BT115364 6467453
.17 GQ03615_A12.1_clone=GQ03615_A12_cluster=GQ03615_A12_status=complete_gb=BT115364 6467453
.62 GQ03613_P17.1_clone=GQ03613_P17_cluster=GQ03613_P17_status=complete_gb=BT115310 6467440
.43 GQ03613_J04.1_clone=GQ03613_J04_cluster=GQ03613_J04_status=complete_gb=BT115292 6371025
.32 GQ03613_J04.1_clone=GQ03613_J04_cluster=GQ03613_J04_status=complete_gb=BT115292 6369600
.33 GQ03612_P05.1_clone=GQ03612_P05_cluster=GQ03612_P05_status=complete_gb=BT115265 6373290
.24 GQ03612_P05.1_clone=GQ03612_P05_cluster=GQ03612_P05_status=complete_gb=BT115265 558724
.37 GQ03608_H13.1_clone=GQ03608_H13_cluster=GQ03608_H13_status=complete_gb=BT115070 6372867
.20 GQ03608_H13.1_clone=GQ03608_H13_cluster=GQ03608_H13_status=complete_gb=BT115070 6467483
.19 GQ03606_M21.1_clone=GQ03606_M21_cluster=GQ03606_M21_status=complete_gb=BT114997 6373793
.26 GQ03606_M21.1_clone=GQ03606_M21_cluster=GQ03606_M21_status=complete_gb=BT114997 6467336
.45 GQ03603_K08.2_clone=GQ03603_K08_cluster=GQ03603_K08_status=complete_gb=BT114850 6371105
.65 GQ03601_A09.3_clone=GQ03601_A09_cluster=GQ03601_A09_status=complete_gb=BT114731 6467343
.13 GQ03601_A09.3_clone=GQ03601_A09_cluster=GQ03601_A09_status=complete_gb=BT114731 6375649
.15 GQ03519_B09.1_clone=GQ03519_B09_cluster=GQ03519_B09_status=complete_gb=BT114669 6393304
.71 GQ03519_B09.1_clone=GQ03519_B09_cluster=GQ03519_B09_status=complete_gb=BT114669 6385831
.32 GQ03517_P17.3_clone=GQ03517_P17_cluster=GQ03517_P17_status=complete_gb=BT114621 6370046
.30 GQ03517_M20.1_clone=GQ03517_M20_cluster=GQ03517_M20_status=complete_gb=BT114609 6467490
.09 GQ03517_M20.1_clone=GQ03517_M20_cluster=GQ03517_M20_status=complete_gb=BT114609 536927
.08 GQ03517_M20.1_clone=GQ03517_M20_cluster=GQ03517_M20_status=complete_gb=BT114609 6467490
.34 GQ03515_K24.1_clone=GQ03515_K24_cluster=GQ03515_K24_status=complete_gb=BT114499 698007
.99 GQ03514_L22.1_clone=GQ03514_L22_cluster=GQ03514_L22_status=complete_gb=BT114449 6467499
.32 GQ03513_N02.1_clone=GQ03513_N02_cluster=GQ03513_N02_status=complete_gb=BT114393 6467469
.22 GQ03513_N02.1_clone=GQ03513_N02_cluster=GQ03513_N02_status=complete_gb=BT114393 6467469
.58 GQ03505_M06.1_clone=GQ03505_M06_cluster=GQ03505_M06_status=complete_gb=BT113979 6467463
.14 GQ03505_M06.1_clone=GQ03505_M06_cluster=GQ03505_M06_status=complete_gb=BT113979 6384676
.99 GQ03418_M02.2_clone=GQ03418_M02_cluster=GQ03418_M02_status=complete_gb=BT113735 6378213
.45 GQ03413_M01.1_clone=GQ03413_M01_cluster=GQ03413_M01_status=complete_gb=BT113570 6372388
.62 GQ03404_J09.4_clone=GQ03404_J09_cluster=GQ03404_J09_status=53 6467221
.65 GQ03401_G01.1_clone=GQ03401_G01_cluster=GQ03401_G01_status=complete_gb=BT113205 6467494
.21 GQ03321_E21.1_clone=GQ03321_E21_cluster=GQ03321_E21_status=complete_gb=BT112820 2806986
.40 GQ03321_E21.1_clone=GQ03321_E21_cluster=GQ03321_E21_status=complete_gb=BT112820 6380053
.36 GQ03317_G23.1_clone=GQ03317_G23_cluster=GQ03317_G23_status=complete_gb=BT112558 6467191
.27 GQ03317_G23.1_clone=GQ03317_G23_cluster=GQ03317_G23_status=complete_gb=BT112558 6385446
.49 GQ03314_G21.1_clone=GQ03314_G21_cluster=GQ03314_G21_status=complete_gb=BT112395 6467223
.42 GQ03314_G21.1_clone=GQ03314_G21_cluster=GQ03314_G21_status=complete_gb=BT112395 6374961
.94 GQ03312_N08.1_clone=GQ03312_N08_cluster=GQ03312_N08_status=complete_gb=BT112274 6467465
.26 GQ03304_P12.1_clone=GQ03304_P12_cluster=GQ03304_P12_status=complete_gb=BT111889 1733507
.28 GQ03304_P12.1_clone=GQ03304_P12_cluster=GQ03304_P12_status=complete_gb=BT111889 6371313
.29 GQ03302_K19.1_clone=GQ03302_K19_cluster=GQ03302_K19_status=complete_gb=BT111718 6376442
.16 GQ03302_K19.1_clone=GQ03302_K19_cluster=GQ03302_K19_status=complete_gb=BT111718 6375962
.78 GQ03301_H04.3_clone=GQ03301_H04_cluster=GQ03301_H04_status=complete_gb=BT111623 6467414
.14 GQ03238_O21.1_clone=GQ03238_O21_cluster=GQ03238_O21_status=complete_gb=BT111524 922162
.43 GQ03238_O21.1_clone=GQ03238_O21_cluster=GQ03238_O21_status=complete_gb=BT111524 6374452
.51 GQ03237_G10.1_clone=GQ03237_G10_cluster=GQ03237_G10_status=complete_gb=BT111413 6467436
.78 GQ03237_F20.1_clone=GQ03237_F20_cluster=GQ03237_F20_status=complete_gb=BT111411 6467431
.10 GQ03237_F20.1_clone=GQ03237_F20_cluster=GQ03237_F20_status=complete_gb=BT111411 3302461
.88 GQ03235_G02.1_clone=GQ03235_G02_cluster=GQ03235_G02_status=complete_gb=BT111281 6467500
.35 GQ03233_I21.1_clone=GQ03233_I21_cluster=GQ03233_I21_status=complete_gb=BT111155 6467182
.62 GQ03232_N19.1_clone=GQ03232_N19_cluster=GQ03232_N19_status=complete_gb=BT111117 6467237
.50 GQ03231_F23.2_clone=GQ03231_F23_cluster=GQ03231_F23_status=complete_gb=BT111019 6467341
.24 GQ03231_F23.2_clone=GQ03231_F23_cluster=GQ03231_F23_status=complete_gb=BT111019 1629939
.18 GQ03231_F23.2_clone=GQ03231_F23_cluster=GQ03231_F23_status=complete_gb=BT111019 2629483
.91 GQ03224_B01.1_clone=GQ03224_B01_cluster=GQ03224_B01_status=complete_gb=BT110598 6467410
.03 GQ03224_B01.1_clone=GQ03224_B01_cluster=GQ03224_B01_status=complete_gb=BT110598 2155493
.91 GQ03214_N12.1_clone=GQ03214_N12_cluster=GQ03214_N12_status=complete_gb=BT110004 6467134
.26 GQ03213_G18.3_clone=GQ03213_G18_cluster=GQ03213_G18_status=complete_gb=BT109892 6467413
.21 GQ03213_G18.3_clone=GQ03213_G18_cluster=GQ03213_G18_status=complete_gb=BT109892 6467413
.19 GQ03212_J16.1_clone=GQ03212_J16_cluster=GQ03212_J16_status=complete_gb=BT109806 6372622
.79 GQ03212_J16.1_clone=GQ03212_J16_cluster=GQ03212_J16_status=complete_gb=BT109806 6467461
.39 GQ03210_B08.1_clone=GQ03210_B08_cluster=GQ03210_B08_status=complete_gb=BT109570 6467452
.61 GQ03208_M02.1_clone=GQ03208_M02_cluster=GQ03208_M02_status=complete_gb=BT109463 6379420
.19 GQ03208_M02.1_clone=GQ03208_M02_cluster=GQ03208_M02_status=complete_gb=BT109463 349883
.95 GQ03207_M18.2_clone=GQ03207_M18_cluster=GQ03207_M18_status=complete_gb=BT109383 6467487
.26 GQ03120_K24.1_clone=GQ03120_K24_cluster=GQ03120_K24_status=complete_gb=BT108357 6380043
.21 GQ03120_K24.1_clone=GQ03120_K24_cluster=GQ03120_K24_status=complete_gb=BT108357 6385833
.17 GQ03120_H17.2_clone=GQ03120_H17_cluster=GQ03120_H17_status=complete_gb=BT108346 4022533
.15 GQ03120_H17.2_clone=GQ03120_H17_cluster=GQ03120_H17_status=complete_gb=BT108346 1432473
.48 GQ03120_G19.1_clone=GQ03120_G19_cluster=GQ03120_G19_status=complete_gb=BT108345 4299953
.26 GQ03120_G19.1_clone=GQ03120_G19_cluster=GQ03120_G19_status=complete_gb=BT108345 5520351
.46 GQ03119_L03.1_clone=GQ03119_L03_cluster=GQ03119_L03_status=complete_gb=BT108299 6467195
.19 GQ03119_L03.1_clone=GQ03119_L03_cluster=GQ03119_L03_status=complete_gb=BT108299 3159932
.16 GQ03119_L03.1_clone=GQ03119_L03_cluster=GQ03119_L03_status=complete_gb=BT108299 6375821
.04 GQ03119_L03.1_clone=GQ03119_L03_cluster=GQ03119_L03_status=complete_gb=BT108299 6371928
.53 GQ03119_G13.1_clone=GQ03119_G13_cluster=GQ03119_G13_status=complete_gb=BT108277 6467322
.22 GQ03119_G13.1_clone=GQ03119_G13_cluster=GQ03119_G13_status=complete_gb=BT108277 188443
.17 GQ03119_G13.1_clone=GQ03119_G13_cluster=GQ03119_G13_status=complete_gb=BT108277 1716985
.11 GQ03118_O08.1_clone=GQ03118_O08_cluster=GQ03118_O08_status=complete_gb=BT108249 533483
.44 GQ03118_O08.1_clone=GQ03118_O08_cluster=GQ03118_O08_status=complete_gb=BT108249 6467290
.51 GQ03118_E23.1_clone=GQ03118_E23_cluster=GQ03118_E23_status=complete_gb=BT108206 6467089
.35 GQ03118_E23.1_clone=GQ03118_E23_cluster=GQ03118_E23_status=complete_gb=BT108206 6375701
.24 GQ03117_N20.1_clone=GQ03117_N20_cluster=GQ03117_N20_status=complete_gb=BT108179 6379991
.61 GQ03117_N20.1_clone=GQ03117_N20_cluster=GQ03117_N20_status=complete_gb=BT108179 6372018
.50 GQ03114_I12.1_clone=GQ03114_I12_cluster=GQ03114_I12_status=complete_gb=BT107927 6370458
.23 GQ03114_I12.1_clone=GQ03114_I12_cluster=GQ03114_I12_status=complete_gb=BT107927 6409797
.48 GQ03111_D16.2_clone=GQ03111_D16_cluster=GQ03111_D16_status=complete_gb=BT107667 6467315
.15 GQ03111_D16.2_clone=GQ03111_D16_cluster=GQ03111_D16_status=complete_gb=BT107667 1452347
.92 GQ03109_O19.1_clone=GQ03109_O19_cluster=GQ03109_O19_status=complete_gb=BT107593 6467467
.58 GQ03104_M11.1_clone=GQ03104_M11_cluster=GQ03104_M11_status=complete_gb=BT107232 6373421
.20 GQ03104_M11.1_clone=GQ03104_M11_cluster=GQ03104_M11_status=complete_gb=BT107232 1503923
.53 GQ03103_D06.1_clone=GQ03103_D06_cluster=GQ03103_D06_status=complete_gb=BT107136 6467435
.09 GQ03103_D06.1_clone=GQ03103_D06_cluster=GQ03103_D06_status=complete_gb=BT107136 2673961
.40 GQ03013_K11.1_clone=GQ03013_K11_cluster=GQ03013_K11_status=complete_gb=BT106922 355002
.15 GQ03013_K11.1_clone=GQ03013_K11_cluster=GQ03013_K11_status=complete_gb=BT106922 4290629
.63 GQ03012_F07.3_clone=GQ03012_F07_cluster=GQ03012_F07_status=complete_gb=BT106857 6467498
.13 GQ03012_F07.3_clone=GQ03012_F07_cluster=GQ03012_F07_status=complete_gb=BT106857 6467498
.86 GQ03009_M16.3_clone=GQ03009_M16_cluster=GQ03009_M16_status=complete_gb=BT106751 6467497
.52 GQ03007_F19.1_clone=GQ03007_F19_cluster=GQ03007_F19_status=complete_gb=BT106657 6467292
.32 GQ03007_F19.1_clone=GQ03007_F19_cluster=GQ03007_F19_status=complete_gb=BT106657 2532496
.62 GQ03005_C20.1_clone=GQ03005_C20_cluster=GQ03005_C20_status=complete_gb=BT106569 6467307
.18 GQ03005_C20.1_clone=GQ03005_C20_cluster=GQ03005_C20_status=complete_gb=BT106569 2460026
.15 GQ02907_N16.3_clone=GQ02907_N16_cluster=GQ02907_N16_status=complete_gb=BT106345 2474077
.13 GQ02907_N16.3_clone=GQ02907_N16_cluster=GQ02907_N16_status=complete_gb=BT106345 2009097
.12 GQ02907_N16.3_clone=GQ02907_N16_cluster=GQ02907_N16_status=complete_gb=BT106345 6378203
.14 GQ02907_C22.3_clone=GQ02907_C22_cluster=GQ02907_C22_status=complete_gb=BT106318 6378129
.82 GQ02906_M20.4_clone=GQ02906_M20_cluster=GQ02906_M20_status=complete_gb=BT106298 6467493
.86 GQ02906_E15.1_clone=GQ02906_E15_cluster=GQ02906_E15_status=complete_gb=BT106268 6467485
.51 GQ02904_M21.1_clone=GQ02904_M21_cluster=GQ02904_M21_status=complete_gb=BT106194 6467332
.20 GQ02904_G11.2_clone=GQ02904_G11_cluster=GQ02904_G11_status=complete_gb=BT106173 515292
.16 GQ02904_G11.2_clone=GQ02904_G11_cluster=GQ02904_G11_status=complete_gb=BT106173 1351580
.43 GQ02904_D05.1_clone=GQ02904_D05_cluster=GQ02904_D05_status=complete_gb=BT106162 6467245
.16 GQ02904_D05.1_clone=GQ02904_D05_cluster=GQ02904_D05_status=complete_gb=BT106162 6371119
.01 GQ02830_P12.1_clone=GQ02830_P12_cluster=GQ02830_P12_status=complete_gb=BT105989 2284266
.03 GQ02830_P12.1_clone=GQ02830_P12_cluster=GQ02830_P12_status=complete_gb=BT105989 2284266
.14 GQ02827_K22.2_clone=GQ02827_K22_cluster=GQ02827_K22_status=53 2669434
.21 GQ02827_K22.2_clone=GQ02827_K22_cluster=GQ02827_K22_status=53 2669429
.57 GQ02823_L03.1_clone=GQ02823_L03_cluster=GQ02823_L03_status=complete_gb=BT105523 6467408
.14 GQ02823_L03.1_clone=GQ02823_L03_cluster=GQ02823_L03_status=complete_gb=BT105523 6467408
.39 GQ02822_C06.2_clone=GQ02822_C06_cluster=GQ02822_C06_status=complete_gb=BT105418 6384217
.11 GQ02822_C06.2_clone=GQ02822_C06_cluster=GQ02822_C06_status=complete_gb=BT105418 1149563
.38 GQ02820_P15.2_clone=GQ02820_P15_cluster=GQ02820_P15_status=complete_gb=BT105332 6467302
.23 GQ02820_N01.1_clone=GQ02820_N01_cluster=GQ02820_N01_status=complete_gb=BT105315 6369083
.41 GQ02820_M04.1_clone=GQ02820_M04_cluster=GQ02820_M04_status=complete_gb=BT105309 6467227
.36 GQ02817_H13.1_clone=GQ02817_H13_cluster=GQ02817_H13_status=complete_gb=BT104992 6387535
.69 GQ02816_B23.1_clone=GQ02816_B23_cluster=GQ02816_B23_status=complete_gb=BT104873 304734
.55 GQ02810_B13.1_clone=GQ02810_B13_cluster=GQ02810_B13_status=complete_gb=BT104412 6467170
.72 GQ0259_K06.1_clone=GQ0259_K06_cluster=GQ0259_K06_status=complete_gb=BT103627 6467121
.19 GQ0259_K06.1_clone=GQ0259_K06_cluster=GQ0259_K06_status=complete_gb=BT103627 6380978
.53 GQ0205_P12.1_clone=GQ0205_P12_cluster=GQ0205_P12_status=complete_gb=BT103066 6467434
.25 GQ0205_P12.1_clone=GQ0205_P12_cluster=GQ0205_P12_status=complete_gb=BT103066 6467434
.20 GQ0204_B11.1_clone=GQ0204_B11_cluster=GQ0204_B11_status=complete_gb=BT102962 6370443
.14 GQ0204_B11.1_clone=GQ0204_B11_cluster=GQ0204_B11_status=complete_gb=BT102962 300706
.06 GQ0204_B11.1_clone=GQ0204_B11_cluster=GQ0204_B11_status=complete_gb=BT102962 5332879
.04 GQ0204_B11.1_clone=GQ0204_B11_cluster=GQ0204_B11_status=complete_gb=BT102962 6227917
.49 GQ02014_K10.1_clone=GQ02014_K10_cluster=GQ02014_K10_status=complete_gb=BT102766 6467211
.19 GQ02014_K10.1_clone=GQ02014_K10_cluster=GQ02014_K10_status=complete_gb=BT102766 6382528
.32 GQ02013_H10.1_clone=GQ02013_H10_cluster=GQ02013_H10_status=complete_gb=BT102742 1473879
.67 GQ02013_H10.1_clone=GQ02013_H10_cluster=GQ02013_H10_status=complete_gb=BT102742 1231022
.57 GQ0191_M01.1_clone=GQ0191_M01_cluster=GQ0191_M01_status=complete_gb=BT102418 6467466
.32 GQ0182_F04.1_clone=GQ0182_F04_cluster=GQ0182_F04_status=complete_gb=BT102356 6467205
.20 GQ0172_J03.1_clone=GQ0172_J03_cluster=GQ0172_J03_status=complete_gb=BT102250 475486
.13 GQ0172_J03.1_clone=GQ0172_J03_cluster=GQ0172_J03_status=complete_gb=BT102250 1790017
.03 GQ0172_J03.1_clone=GQ0172_J03_cluster=GQ0172_J03_status=complete_gb=BT102250 1544832
.28 GQ0171_F05.1_clone=GQ0171_F05_cluster=GQ0171_F05_status=complete_gb=BT102230 6467456
.11 GQ0171_F05.1_clone=GQ0171_F05_cluster=GQ0171_F05_status=complete_gb=BT102230 6467456
.45 GQ0165_C20.1_clone=GQ0165_C20_cluster=GQ0165_C20_status=complete_gb=BT102051 6467365
.85 GQ0069_H20.1_clone=GQ0069_H20_cluster=GQ0069_H20_status=complete_gb=BT101157 6467416
.33 GQ0061_K21.1_clone=GQ0061_K21_cluster=GQ0061_K21_status=complete_gb=BT100981 737427
.31 GQ0061_K21.1_clone=GQ0061_K21_cluster=GQ0061_K21_status=complete_gb=BT100981 6371265
.69 GQ0044_C20.1_clone=GQ0044_C20_cluster=GQ0044_C20_status=complete_gb=BT100786 6467132
.39 GQ0041_D14.1_clone=GQ0041_D14_cluster=GQ0041_D14_status=53 6467265
.91 GQ00412_D06.1_clone=GQ00412_D06_cluster=GQ00412_D06_status=complete_gb=BT100718 6467495
.70 GQ0025_O04.1_clone=GQ0025_O04_cluster=GQ0025_O04_status=complete_gb=BT100568 6467202
.40 genemark-162930554-processed-gene-0.0-mRNA-1 3960497
.30 genemark-162930554-processed-gene-0.0-mRNA-1 413553
.36 genemark-162930554-processed-gene-0.0-mRNA-1 6392118
.31 genemark-162930554-processed-gene-0.0-mRNA-1 6390140
.31 genemark-162930554-processed-gene-0.0-mRNA-1 2579049
.21 augustus_masked-168490649-processed-gene-0.5-mRNA-1 6370404
.13 augustus_masked-168490649-processed-gene-0.5-mRNA-1 6373082
.73 augustus_masked-168235767-processed-gene-0.0-mRNA-1 6467194
.99 augustus_masked-168187047-processed-gene-0.2-mRNA-1 6467449
.23 augustus_masked-162882530-processed-gene-0.0-mRNA-1 766853
.13 augustus_masked-162882530-processed-gene-0.0-mRNA-1 1157999
.49 augustus_masked-161410195-processed-gene-0.0-mRNA-1 6383391
.23 augustus_masked-161410195-processed-gene-0.0-mRNA-1 1187317
.88 WS03217_E24.1_clone=WS03217_E24_cluster=WS03217_E24_status=complete 6467373
.74 WS03210_K20.1_clone=WS03210_K20_cluster=WS03210_K20_status=3 6374694
.04 WS03210_K20.1_clone=WS03210_K20_cluster=WS03210_K20_status=3 2811050
.31 WS00748_H07.1_clone=WS00748_H07_cluster=WS00748_H07_status=complete 5114325
.37 snap_masked-168442939-processed-gene-0.49-mRNA-1 6380756
.21 snap_masked-168442939-processed-gene-0.49-mRNA-1 6377305
.33 snap_masked-167859479-processed-gene-0.13-mRNA-1 6405977
.31 snap_masked-167859479-processed-gene-0.13-mRNA-1 4140603
.52 maker-168577310-augustus-gene-0.20-mRNA-2 6467432
.15 maker-168561322-snap-gene-0.31-mRNA-1 6467321
.83 maker-168549664-augustus-gene-0.66-mRNA-1 6467455
.03 maker-168549664-augustus-gene-0.66-mRNA-1 3817962
.98 maker-168548884-snap-gene-0.30-mRNA-1 6467488
.66 maker-168548755-augustus-gene-0.108-mRNA-1 6467447
.15 maker-168548755-augustus-gene-0.108-mRNA-1 321295
.46 maker-168384492-snap-gene-0.19-mRNA-1 6467361
.06 maker-168384492-snap-gene-0.19-mRNA-1 6395443
.89 maker-168324762-augustus-gene-0.14-mRNA-2 6467420
.19 maker-168292693-snap-gene-0.20-mRNA-1 6467320
.15 maker-168292693-snap-gene-0.20-mRNA-1 6374375
.23 maker-168272497-augustus-gene-0.54-mRNA-1 6388690
.34 maker-168272497-augustus-gene-0.54-mRNA-1 1876665
.41 maker-168243758-snap-gene-0.22-mRNA-1 3345326
.26 maker-168243758-snap-gene-0.22-mRNA-1 6467364
.58 maker-168232300-snap-gene-0.34-mRNA-1 6467174
.15 maker-168232300-snap-gene-0.34-mRNA-1 327732
.85 maker-168228987-snap-gene-0.10-mRNA-1 6467117
.50 maker-168191360-augustus-gene-0.34-mRNA-2 6467418
.26 maker-168191360-augustus-gene-0.34-mRNA-2 6467418
.31 maker-168184771-augustus-gene-0.61-mRNA-1 6467352
.09 maker-168184771-augustus-gene-0.61-mRNA-1 6378389
.29 maker-167226855-snap-gene-0.6-mRNA-1 6467268
.77 maker-166283550-snap-gene-0.5-mRNA-1 6467446
.12 maker-166283550-snap-gene-0.5-mRNA-1 6372656
.99 maker-162611082-snap-gene-0.4-mRNA-1 6467482
.52 GQ04113_M13.4_clone=GQ04113_M13_cluster=GQ04113_M13_status=complete_gb=BT119990 6467259
.17 GQ04113_M13.4_clone=GQ04113_M13_cluster=GQ04113_M13_status=complete_gb=BT119990 6372679
.50 GQ04107_O05.1_clone=GQ04107_O05_cluster=GQ04107_O05_status=complete_gb=BT119620 6467310
.09 GQ04107_E14.1_clone=GQ04107_E14_cluster=GQ04107_E14_status=complete_gb=BT119567 6381107
.90 GQ04107_E14.1_clone=GQ04107_E14_cluster=GQ04107_E14_status=complete_gb=BT119567 6467427
.08 GQ04101_G02.1_clone=GQ04101_G02_cluster=GQ04101_G02_status=complete_gb=BT119094 4335525
.77 GQ04101_G02.1_clone=GQ04101_G02_cluster=GQ04101_G02_status=complete_gb=BT119094 6467405
.90 GQ04012_F20.1_clone=GQ04012_F20_cluster=GQ04012_F20_status=complete_gb=BT118952 6467441
.64 GQ04011_N05.1_clone=GQ04011_N05_cluster=GQ04011_N05_status=complete_gb=BT118918 6370725
.15 GQ04011_N05.1_clone=GQ04011_N05_cluster=GQ04011_N05_status=complete_gb=BT118918 2085008
.15 GQ04011_N05.1_clone=GQ04011_N05_cluster=GQ04011_N05_status=complete_gb=BT118918 3874411
.48 GQ04007_F20.1_clone=GQ04007_F20_cluster=GQ04007_F20_status=complete_gb=BT118530 6467226
.86 GQ04006_P12.1_clone=GQ04006_P12_cluster=GQ04006_P12_status=complete_gb=BT118498 6467433
.49 GQ04005_E18.1_clone=GQ04005_E18_cluster=GQ04005_E18_status=complete_gb=BT118342 6373161
.20 GQ04005_E18.1_clone=GQ04005_E18_cluster=GQ04005_E18_status=complete_gb=BT118342 1302758
.09 GQ04003_N24.1_clone=GQ04003_N24_cluster=GQ04003_N24_status=complete_gb=BT118231 1432198
.79 GQ04003_N24.1_clone=GQ04003_N24_cluster=GQ04003_N24_status=complete_gb=BT118231 6467462
.26 GQ03917_I22.3_clone=GQ03917_I22_cluster=GQ03917_I22_status=53 6467152
.21 GQ03917_I22.3_clone=GQ03917_I22_cluster=GQ03917_I22_status=53 1685140
.14 GQ03917_I22.3_clone=GQ03917_I22_cluster=GQ03917_I22_status=53 1624910
.01 GQ03917_I22.3_clone=GQ03917_I22_cluster=GQ03917_I22_status=53 975326
.26 GQ03917_C17.2_clone=GQ03917_C17_cluster=GQ03917_C17_status=complete_gb=BT117918 6467119
.65 GQ03916_G24.1_clone=GQ03916_G24_cluster=GQ03916_G24_status=complete_gb=BT117906 6369878
.22 GQ03916_G24.1_clone=GQ03916_G24_cluster=GQ03916_G24_status=complete_gb=BT117906 1500908
.72 GQ03906_F14.1_clone=GQ03906_F14_cluster=GQ03906_F14_status=complete_gb=BT117648 6467190
.09 GQ03906_F14.1_clone=GQ03906_F14_cluster=GQ03906_F14_status=complete_gb=BT117648 2506718
.09 GQ03906_F14.1_clone=GQ03906_F14_cluster=GQ03906_F14_status=complete_gb=BT117648 3189437
.99 GQ03903_K17.1_clone=GQ03903_K17_cluster=GQ03903_K17_status=complete_gb=BT117567 6467479
.33 GQ03902_F06.1_clone=GQ03902_F06_cluster=GQ03902_F06_status=complete_gb=BT117526 6385742
.46 GQ03902_F06.1_clone=GQ03902_F06_cluster=GQ03902_F06_status=complete_gb=BT117526 6467193
.61 GQ03817_C05.1_clone=GQ03817_C05_cluster=GQ03817_C05_status=complete_gb=BT117320 6467177
.22 GQ03817_C05.1_clone=GQ03817_C05_cluster=GQ03817_C05_status=complete_gb=BT117320 784752
.72 GQ03816_P19.1_clone=GQ03816_P19_cluster=GQ03816_P19_status=complete_gb=BT117312 6467143
.90 GQ03812_O14.1_clone=GQ03812_O14_cluster=GQ03812_O14_status=complete_gb=BT117105 6467451
.43 GQ03809_P03.1_clone=GQ03809_P03_cluster=GQ03809_P03_status=complete_gb=BT116943 6467130
.19 GQ03809_P03.1_clone=GQ03809_P03_cluster=GQ03809_P03_status=complete_gb=BT116943 526996
.62 GQ03809_K14.1_clone=GQ03809_K14_cluster=GQ03809_K14_status=complete_gb=BT116930 6467244
.18 GQ03809_K14.1_clone=GQ03809_K14_cluster=GQ03809_K14_status=complete_gb=BT116930 6372104
.49 GQ03809_F14.1_clone=GQ03809_F14_cluster=GQ03809_F14_status=complete_gb=BT116917 6372961
.22 GQ03809_F14.1_clone=GQ03809_F14_cluster=GQ03809_F14_status=complete_gb=BT116917 206562
.19 GQ03809_F14.1_clone=GQ03809_F14_cluster=GQ03809_F14_status=complete_gb=BT116917 6372973
.08 GQ03807_I11.1_clone=GQ03807_I11_cluster=GQ03807_I11_status=complete_gb=BT116833 1774201
.81 GQ03807_I11.1_clone=GQ03807_I11_cluster=GQ03807_I11_status=complete_gb=BT116833 6467409
.43 GQ03801_F16.1_clone=GQ03801_F16_cluster=GQ03801_F16_status=complete_gb=BT116527 6467162
.18 GQ03801_F16.1_clone=GQ03801_F16_cluster=GQ03801_F16_status=complete_gb=BT116527 6370291
.19 GQ03718_G20.1_clone=GQ03718_G20_cluster=GQ03718_G20_status=complete_gb=BT116423 1441925
.55 GQ03718_G20.1_clone=GQ03718_G20_cluster=GQ03718_G20_status=complete_gb=BT116423 6467460
.28 GQ03718_C10.1_clone=GQ03718_C10_cluster=GQ03718_C10_status=complete_gb=BT116406 6374783
.18 GQ03718_C10.1_clone=GQ03718_C10_cluster=GQ03718_C10_status=complete_gb=BT116406 6369897
.32 GQ03714_A20.1_clone=GQ03714_A20_cluster=GQ03714_A20_status=complete_gb=BT116226 6467459
.24 GQ03714_A20.1_clone=GQ03714_A20_cluster=GQ03714_A20_status=complete_gb=BT116226 6467459
.19 GQ03712_P14.1_clone=GQ03712_P14_cluster=GQ03712_P14_status=complete_gb=BT116169 6467243
.20 GQ03707_N04.1_clone=GQ03707_N04_cluster=GQ03707_N04_status=complete_gb=BT115873 6370787
.14 GQ03707_N04.1_clone=GQ03707_N04_cluster=GQ03707_N04_status=complete_gb=BT115873 6372664
.07 GQ03706_A04.1_clone=GQ03706_A04_cluster=GQ03706_A04_status=complete_gb=BT115777 3004583
.78 GQ03706_A04.1_clone=GQ03706_A04_cluster=GQ03706_A04_status=complete_gb=BT115777 6467458
.48 GQ03703_K05.1_clone=GQ03703_K05_cluster=GQ03703_K05_status=complete_gb=BT115643 6467491
.03 GQ03703_K05.1_clone=GQ03703_K05_cluster=GQ03703_K05_status=complete_gb=BT115643 6467491
.49 GQ03616_D10.1_clone=GQ03616_D10_cluster=GQ03616_D10_status=complete_gb=BT115419 6369879
.24 GQ03616_D10.1_clone=GQ03616_D10_cluster=GQ03616_D10_status=complete_gb=BT115419 6389192
.36 GQ03614_C11.1_clone=GQ03614_C11_cluster=GQ03614_C11_status=complete_gb=BT115318 6373647
.62 GQ03614_C11.1_clone=GQ03614_C11_cluster=GQ03614_C11_status=complete_gb=BT115318 6467444
.39 GQ03606_P20.1_clone=GQ03606_P20_cluster=GQ03606_P20_status=complete_gb=BT115003 6467492
.09 GQ03606_P20.1_clone=GQ03606_P20_cluster=GQ03606_P20_status=complete_gb=BT115003 1838566
.28 GQ03604_B10.1_clone=GQ03604_B10_cluster=GQ03604_B10_status=complete_gb=BT114871 6467165
.22 GQ03604_B10.1_clone=GQ03604_B10_cluster=GQ03604_B10_status=complete_gb=BT114871 1554320
.61 GQ03603_L05.1_clone=GQ03603_L05_cluster=GQ03603_L05_status=complete_gb=BT114853 6467197
.31 GQ03601_O15.1_clone=GQ03601_O15_cluster=GQ03601_O15_status=complete_gb=BT114776 6467155
.22 GQ03601_O15.1_clone=GQ03601_O15_cluster=GQ03601_O15_status=complete_gb=BT114776 801874
.37 GQ03519_O21.1_clone=GQ03519_O21_cluster=GQ03519_O21_status=complete_gb=BT114724 6467101
.95 GQ03517_A06.1_clone=GQ03517_A06_cluster=GQ03517_A06_status=complete_gb=BT114556 6467448
.80 GQ03509_D13.4_clone=GQ03509_D13_cluster=GQ03509_D13_status=53 6467489
.05 GQ03509_D13.4_clone=GQ03509_D13_cluster=GQ03509_D13_status=53 6467489
.68 GQ03505_C14.1_clone=GQ03505_C14_cluster=GQ03505_C14_status=complete_gb=BT113949 626582
.11 GQ03505_C14.1_clone=GQ03505_C14_cluster=GQ03505_C14_status=complete_gb=BT113949 5794547
.37 GQ03503_B04.1_clone=GQ03503_B04_cluster=GQ03503_B04_status=complete_gb=BT113854 6392492
.18 GQ03503_B04.1_clone=GQ03503_B04_cluster=GQ03503_B04_status=complete_gb=BT113854 6380969
.11 GQ03503_B04.1_clone=GQ03503_B04_cluster=GQ03503_B04_status=complete_gb=BT113854 601572
.11 GQ03503_B04.1_clone=GQ03503_B04_cluster=GQ03503_B04_status=complete_gb=BT113854 3588932
.87 GQ03501_E02.1_clone=GQ03501_E02_cluster=GQ03501_E02_status=complete_gb=BT113782 6370277
.88 GQ03417_G17.1_clone=GQ03417_G17_cluster=GQ03417_G17_status=5 6467201
.37 GQ03409_I04.1_clone=GQ03409_I04_cluster=GQ03409_I04_status=complete_gb=BT113463 6375214
.36 GQ03407_L13.1_clone=GQ03407_L13_cluster=GQ03407_L13_status=complete_gb=BT113422 1753952
.33 GQ03407_L13.1_clone=GQ03407_L13_cluster=GQ03407_L13_status=complete_gb=BT113422 6410011
.37 GQ03406_P14.1_clone=GQ03406_P14_cluster=GQ03406_P14_status=complete_gb=BT113397 6467450
.27 GQ03406_P14.1_clone=GQ03406_P14_cluster=GQ03406_P14_status=complete_gb=BT113397 6467450
.49 GQ03403_I15.1_clone=GQ03403_I15_cluster=GQ03403_I15_status=complete_gb=BT113275 6467474
.18 GQ03403_I15.1_clone=GQ03403_I15_cluster=GQ03403_I15_status=complete_gb=BT113275 6376842
.14 GQ03403_I15.1_clone=GQ03403_I15_cluster=GQ03403_I15_status=complete_gb=BT113275 1416334
.43 GQ03326_I17.1_clone=GQ03326_I17_cluster=GQ03326_I17_status=complete_gb=BT113165 553420
.26 GQ03326_I17.1_clone=GQ03326_I17_cluster=GQ03326_I17_status=complete_gb=BT113165 6382216
.89 GQ03324_K24.1_clone=GQ03324_K24_cluster=GQ03324_K24_status=complete_gb=BT113025 6467411
.47 GQ03322_P13.1_clone=GQ03322_P13_cluster=GQ03322_P13_status=complete_gb=BT112937 6373478
.33 GQ03321_H15.1_clone=GQ03321_H15_cluster=GQ03321_H15_status=complete_gb=BT112830 6372172
.29 GQ03321_H15.1_clone=GQ03321_H15_cluster=GQ03321_H15_status=complete_gb=BT112830 6369881
.37 GQ03320_I04.1_clone=GQ03320_I04_cluster=GQ03320_I04_status=complete_gb=BT112756 6392902
.29 GQ03320_I04.1_clone=GQ03320_I04_cluster=GQ03320_I04_status=complete_gb=BT112756 1288787
.13 GQ03320_I04.1_clone=GQ03320_I04_cluster=GQ03320_I04_status=complete_gb=BT112756 430962
.13 GQ03320_I04.1_clone=GQ03320_I04_cluster=GQ03320_I04_status=complete_gb=BT112756 2226475
.42 GQ03318_K14.1_clone=GQ03318_K14_cluster=GQ03318_K14_status=complete_gb=BT112632 6388313
.20 GQ03318_K14.1_clone=GQ03318_K14_cluster=GQ03318_K14_status=complete_gb=BT112632 6467147
.55 GQ03316_M06.1_clone=GQ03316_M06_cluster=GQ03316_M06_status=complete_gb=BT112521 6467339
.15 GQ03316_M06.1_clone=GQ03316_M06_cluster=GQ03316_M06_status=complete_gb=BT112521 6382618
.37 GQ03313_P05.1_clone=GQ03313_P05_cluster=GQ03313_P05_status=complete_gb=BT112368 6467438
.23 GQ03313_P05.1_clone=GQ03313_P05_cluster=GQ03313_P05_status=complete_gb=BT112368 6467438
.24 GQ03308_N14.1_clone=GQ03308_N14_cluster=GQ03308_N14_status=complete_gb=BT112018 6373475
.86 GQ03304_O17.1_clone=GQ03304_O17_cluster=GQ03304_O17_status=complete_gb=BT111887 6467423
.90 GQ03302_G05.1_clone=GQ03302_G05_cluster=GQ03302_G05_status=complete_gb=BT111703 6467477
.57 GQ03301_J16.2_clone=GQ03301_J16_cluster=GQ03301_J16_status=complete_gb=BT111637 6467468
.11 GQ03301_J16.2_clone=GQ03301_J16_cluster=GQ03301_J16_status=complete_gb=BT111637 6398888
.62 GQ03230_G10.1_clone=GQ03230_G10_cluster=GQ03230_G10_status=complete_gb=BT110959 6467139
.33 GQ03230_G10.1_clone=GQ03230_G10_cluster=GQ03230_G10_status=complete_gb=BT110959 2022735
.16 GQ03230_G10.1_clone=GQ03230_G10_cluster=GQ03230_G10_status=complete_gb=BT110959 6370502
.92 GQ03226_I06.1_clone=GQ03226_I06_cluster=GQ03226_I06_status=complete_gb=BT110701 6467443
.42 GQ03210_I03.1_clone=GQ03210_I03_cluster=GQ03210_I03_status=complete_gb=BT109606 6467294
.17 GQ03210_I03.1_clone=GQ03210_I03_cluster=GQ03210_I03_status=complete_gb=BT109606 1853665
.43 GQ03209_I11.1_clone=GQ03209_I11_cluster=GQ03209_I11_status=complete_gb=BT109526 6467181
.33 GQ03209_I11.1_clone=GQ03209_I11_cluster=GQ03209_I11_status=complete_gb=BT109526 6383459
.36 GQ03209_C24.1_clone=GQ03209_C24_cluster=GQ03209_C24_status=complete_gb=BT109501 6467323
.23 GQ03208_N06.1_clone=GQ03208_N06_cluster=GQ03208_N06_status=complete_gb=BT109468 1576931
.27 GQ03205_G02.1_clone=GQ03205_G02_cluster=GQ03205_G02_status=complete_gb=BT109161 6467372
.91 GQ03204_F04.1_clone=GQ03204_F04_cluster=GQ03204_F04_status=complete_gb=BT109071 6467442
.90 GQ03201_M02.1_clone=GQ03201_M02_cluster=GQ03201_M02_status=complete_gb=BT108848 6467415
.92 GQ03201_J22.4_clone=GQ03201_J22_cluster=GQ03201_J22_status=complete_gb=BT108835 6467417
.50 GQ03122_B01.1_clone=GQ03122_B01_cluster=GQ03122_B01_status=complete_gb=BT108458 6377503
.32 GQ03122_B01.1_clone=GQ03122_B01_cluster=GQ03122_B01_status=complete_gb=BT108458 6384257
.09 GQ03119_K08.1_clone=GQ03119_K08_cluster=GQ03119_K08_status=complete_gb=BT108296 4698573
.89 GQ03119_K08.1_clone=GQ03119_K08_cluster=GQ03119_K08_status=complete_gb=BT108296 6372982
.63 GQ03118_M07.1_clone=GQ03118_M07_cluster=GQ03118_M07_status=complete_gb=BT108240 6467272
.15 GQ03118_M07.1_clone=GQ03118_M07_cluster=GQ03118_M07_status=complete_gb=BT108240 2419980
.40 GQ03117_E13.1_clone=GQ03117_E13_cluster=GQ03117_E13_status=complete_gb=BT108134 6467360
.26 GQ03117_E13.1_clone=GQ03117_E13_cluster=GQ03117_E13_status=complete_gb=BT108134 6378634
.31 GQ03115_O06.2_clone=GQ03115_O06_cluster=GQ03115_O06_status=5 796795
.22 GQ03115_O06.2_clone=GQ03115_O06_cluster=GQ03115_O06_status=5 6380625
.11 GQ03115_O06.2_clone=GQ03115_O06_cluster=GQ03115_O06_status=5 6375636
.12 GQ03115_O06.2_clone=GQ03115_O06_cluster=GQ03115_O06_status=5 3722840
.11 GQ03115_O06.2_clone=GQ03115_O06_cluster=GQ03115_O06_status=5 1767309
.39 GQ03114_J11.1_clone=GQ03114_J11_cluster=GQ03114_J11_status=complete_gb=BT107932 6467384
.53 GQ03114_I05.1_clone=GQ03114_I05_cluster=GQ03114_I05_status=complete_gb=BT107925 6467480
.19 GQ03114_I05.1_clone=GQ03114_I05_cluster=GQ03114_I05_status=complete_gb=BT107925 6467480
.37 GQ03112_E07.1_clone=GQ03112_E07_cluster=GQ03112_E07_status=complete_gb=BT107750 6467088
.49 GQ03112_E07.1_clone=GQ03112_E07_cluster=GQ03112_E07_status=complete_gb=BT107750 6385267
.42 GQ03112_D12.1_clone=GQ03112_D12_cluster=GQ03112_D12_status=complete_gb=BT107745 6467163
.47 GQ03111_B16.1_clone=GQ03111_B16_cluster=GQ03111_B16_status=complete_gb=BT107659 6369404
.26 GQ03111_B16.1_clone=GQ03111_B16_cluster=GQ03111_B16_status=complete_gb=BT107659 6369423
.51 GQ03111_A02.1_clone=GQ03111_A02_cluster=GQ03111_A02_status=complete_gb=BT107652 6372253
.38 GQ03109_G21.2_clone=GQ03109_G21_cluster=GQ03109_G21_status=complete_gb=BT107568 6377769
.06 GQ03106_B07.3_clone=GQ03106_B07_cluster=GQ03106_B07_status=complete_gb=BT107346 3622297
.30 GQ03106_B07.3_clone=GQ03106_B07_cluster=GQ03106_B07_status=complete_gb=BT107346 1062052
.66 GQ03101_N05.1_clone=GQ03101_N05_cluster=GQ03101_N05_status=complete_gb=BT107018 6369093
.11 GQ03101_N05.1_clone=GQ03101_N05_cluster=GQ03101_N05_status=complete_gb=BT107018 4384869
.26 GQ03010_I04.1_clone=GQ03010_I04_cluster=GQ03010_I04_status=complete_gb=BT106785 6467275
.50 GQ02901_N08.1_clone=GQ02901_N08_cluster=GQ02901_N08_status=complete_gb=BT106040 6467331
.30 GQ02901_N08.1_clone=GQ02901_N08_cluster=GQ02901_N08_status=complete_gb=BT106040 6369501
.39 GQ02829_K20.2_clone=GQ02829_K20_cluster=GQ02829_K20_status=complete_gb=BT105880 6467299
.18 GQ02829_K20.2_clone=GQ02829_K20_cluster=GQ02829_K20_status=complete_gb=BT105880 6373967
.86 GQ02826_M24.3_clone=GQ02826_M24_cluster=GQ02826_M24_status=complete_gb=BT105708 6467464
.42 GQ02822_G04.1_clone=GQ02822_G04_cluster=GQ02822_G04_status=complete_gb=BT105432 6467355
.46 GQ02820_P08.2_clone=GQ02820_P08_cluster=GQ02820_P08_status=complete_gb=BT105330 6467183
.07 GQ02820_P08.2_clone=GQ02820_P08_cluster=GQ02820_P08_status=complete_gb=BT105330 6408065
.03 GQ02820_P08.2_clone=GQ02820_P08_cluster=GQ02820_P08_status=complete_gb=BT105330 6408065
.17 GQ02820_F20.4_clone=GQ02820_F20_cluster=GQ02820_F20_status=complete_gb=BT105265 6371324
.59 GQ02820_F20.4_clone=GQ02820_F20_cluster=GQ02820_F20_status=complete_gb=BT105265 6467481
.35 GQ02812_H07.4_clone=GQ02812_H07_cluster=GQ02812_H07_status=complete_gb=BT104604 6467129
.20 GQ02812_H07.4_clone=GQ02812_H07_cluster=GQ02812_H07_status=complete_gb=BT104604 6374314
.92 GQ02811_J12.1_clone=GQ02811_J12_cluster=GQ02811_J12_status=complete_gb=BT104537 6467421
.16 GQ02808_D07.1_clone=GQ02808_D07_cluster=GQ02808_D07_status=complete_gb=BT104245 1731563
.21 GQ02808_D07.1_clone=GQ02808_D07_cluster=GQ02808_D07_status=complete_gb=BT104245 6372468
.64 GQ02807_A24.3_clone=GQ02807_A24_cluster=GQ02807_A24_status=complete_gb=BT104162 6467206
.89 GQ02806_J04.1_clone=GQ02806_J04_cluster=GQ02806_J04_status=complete_gb=BT104109 6467437
.84 GQ02804_A13.1_clone=GQ02804_A13_cluster=GQ02804_A13_status=complete_gb=BT103912 6467304
.09 GQ02804_A13.1_clone=GQ02804_A13_cluster=GQ02804_A13_status=complete_gb=BT103912 2883692
.12 GQ02752_F10.1_clone=GQ02752_F10_cluster=GQ02752_F10_status=5 5250652
.75 GQ02752_F10.1_clone=GQ02752_F10_cluster=GQ02752_F10_status=5 6467367
.23 GQ02511_A12.1_clone=GQ02511_A12_cluster=GQ02511_A12_status=complete_gb=BT103365 6375333
.46 GQ0206_A16.1_clone=GQ0206_A16_cluster=GQ0206_A16_status=53 6467376
.12 GQ0206_A16.1_clone=GQ0206_A16_cluster=GQ0206_A16_status=53 3890212
.95 GQ0204_F17.1_clone=GQ0204_F17_cluster=GQ0204_F17_status=complete_gb=BT102981 6467403
.35 GQ0203_M23.1_clone=GQ0203_M23_cluster=GQ0203_M23_status=complete_gb=BT102947 6467229
.29 GQ0203_M23.1_clone=GQ0203_M23_cluster=GQ0203_M23_status=complete_gb=BT102947 6373696
.33 GQ0201_I01.1_clone=GQ0201_I01_cluster=GQ0201_I01_status=complete_gb=BT102842 6371992
.18 GQ0201_I01.1_clone=GQ0201_I01_cluster=GQ0201_I01_status=complete_gb=BT102842 1083902
.06 GQ0201_I01.1_clone=GQ0201_I01_cluster=GQ0201_I01_status=complete_gb=BT102842 6369231
.86 GQ02016_M18.1_clone=GQ02016_M18_cluster=GQ02016_M18_status=complete_gb=BT102811 6467430
.65 GQ0178_C17.2_clone=GQ0178_C17_cluster=GQ0178_C17_status=3 6467486
.44 GQ0177_L10.2_clone=GQ0177_L10_cluster=GQ0177_L10_status=3 6467210
.13 GQ0175_F03.1_clone=GQ0175_F03_cluster=GQ0175_F03_status=3 1901663
.68 GQ0175_F03.1_clone=GQ0175_F03_cluster=GQ0175_F03_status=3 6370995
.39 GQ0164_P01.1_clone=GQ0164_P01_cluster=GQ0164_P01_status=complete_gb=BT102045 6467242
.78 GQ0069_O03.1_clone=GQ0069_O03_cluster=GQ0069_O03_status=complete_gb=BT101170 6467422
.53 GQ0044_L01.1_clone=GQ0044_L01_cluster=GQ0044_L01_status=complete_gb=BT100795 6370308
.15 GQ0044_L01.1_clone=GQ0044_L01_cluster=GQ0044_L01_status=complete_gb=BT100795 1878442
.43 GQ00410_C16.1_clone=GQ00410_C16_cluster=GQ00410_C16_status=complete_gb=BT100670 6467368
.84 GQ0015_F01.1_clone=GQ0015_F01_cluster=GQ0015_F01_status=complete_gb=BT100467 6467429
.01 augustus_masked-168550478-processed-gene-0.0-mRNA-1 6467340
.41 augustus_masked-168504068-processed-gene-0.0-mRNA-1 4675726
.39 augustus_masked-168217589-processed-gene-1.11-mRNA-1 890689
.17 augustus_masked-168217589-processed-gene-1.11-mRNA-1 6375632
.44 augustus_masked-168188875-processed-gene-0.18-mRNA-1 6467424
.22 augustus_masked-168188875-processed-gene-0.18-mRNA-1 1267079
.99 augustus_masked-168039454-processed-gene-0.1-mRNA-1 6467102
.24 augustus_masked-161473126-processed-gene-0.0-mRNA-1 1289417
