.99 GQ03802_K15.1_clone=GQ03802_K15_cluster=GQ03802_K15_status=complete_gb=BT116588 8233451
.79 GQ03802_I19.1_clone=GQ03802_I19_cluster=GQ03802_I19_status=complete_gb=BT116583 8233345
.50 GQ03801_M13.1_clone=GQ03801_M13_cluster=GQ03801_M13_status=complete_gb=BT116549 1764067
.35 GQ03801_M13.1_clone=GQ03801_M13_cluster=GQ03801_M13_status=complete_gb=BT116549 8110218
.45 GQ03801_E18.1_clone=GQ03801_E18_cluster=GQ03801_E18_status=complete_gb=BT116523 8120764
.18 GQ03801_E18.1_clone=GQ03801_E18_cluster=GQ03801_E18_status=complete_gb=BT116523 8117334
.15 GQ03801_E18.1_clone=GQ03801_E18_cluster=GQ03801_E18_status=complete_gb=BT116523 8233463
.40 GQ03718_O01.1_clone=GQ03718_O01_cluster=GQ03718_O01_status=complete_gb=BT116452 8233435
.38 GQ03718_O01.1_clone=GQ03718_O01_cluster=GQ03718_O01_status=complete_gb=BT116452 8115372
.41 GQ03718_G13.2_clone=GQ03718_G13_cluster=GQ03718_G13_status=complete_gb=BT116421 8233521
.12 GQ03718_G13.2_clone=GQ03718_G13_cluster=GQ03718_G13_status=complete_gb=BT116421 3816325
.64 GQ03718_F13.1_clone=GQ03718_F13_cluster=GQ03718_F13_status=complete_gb=BT116416 8233542
.11 GQ03718_F13.1_clone=GQ03718_F13_cluster=GQ03718_F13_status=complete_gb=BT116416 8109270
.07 GQ03718_F06.1_clone=GQ03718_F06_cluster=GQ03718_F06_status=complete_gb=BT116414 6527451
.77 GQ03718_F06.1_clone=GQ03718_F06_cluster=GQ03718_F06_status=complete_gb=BT116414 8233527
.23 GQ03718_B17.4_clone=GQ03718_B17_cluster=GQ03718_B17_status=complete_gb=BT116400 8111794
.21 GQ03718_B17.4_clone=GQ03718_B17_cluster=GQ03718_B17_status=complete_gb=BT116400 8108300
.03 GQ03718_B17.4_clone=GQ03718_B17_cluster=GQ03718_B17_status=complete_gb=BT116400 8108299
.08 GQ03717_P23.1_clone=GQ03717_P23_cluster=GQ03717_P23_status=complete_gb=BT116396 3392264
.82 GQ03717_P23.1_clone=GQ03717_P23_cluster=GQ03717_P23_status=complete_gb=BT116396 8233507
.24 GQ03717_F18.1_clone=GQ03717_F18_cluster=GQ03717_F18_status=complete_gb=BT116368 8111778
.37 GQ03717_F18.1_clone=GQ03717_F18_cluster=GQ03717_F18_status=complete_gb=BT116368 8233464
.07 GQ03716_G07.1_clone=GQ03716_G07_cluster=GQ03716_G07_status=complete_gb=BT116327 4291250
.13 GQ03716_G07.1_clone=GQ03716_G07_cluster=GQ03716_G07_status=complete_gb=BT116327 8112067
.51 GQ03716_A23.1_clone=GQ03716_A23_cluster=GQ03716_A23_status=complete_gb=BT116320 8233359
.15 GQ03716_A23.1_clone=GQ03716_A23_cluster=GQ03716_A23_status=complete_gb=BT116320 2152356
.08 GQ03716_A23.1_clone=GQ03716_A23_cluster=GQ03716_A23_status=complete_gb=BT116320 4936058
.19 GQ03715_M13.1_clone=GQ03715_M13_cluster=GQ03715_M13_status=complete_gb=BT116305 8120549
.79 GQ03715_M13.1_clone=GQ03715_M13_cluster=GQ03715_M13_status=complete_gb=BT116305 8233497
.41 GQ03715_J17.1_clone=GQ03715_J17_cluster=GQ03715_J17_status=complete_gb=BT116297 8108954
.31 GQ03715_J17.1_clone=GQ03715_J17_cluster=GQ03715_J17_status=complete_gb=BT116297 8134012
.29 GQ03715_G20.1_clone=GQ03715_G20_cluster=GQ03715_G20_status=complete_gb=BT116289 8233377
.15 GQ03715_G20.1_clone=GQ03715_G20_cluster=GQ03715_G20_status=complete_gb=BT116289 3117766
.51 GQ03715_A18.1_clone=GQ03715_A18_cluster=GQ03715_A18_status=complete_gb=BT116270 8233513
.23 GQ03715_A18.1_clone=GQ03715_A18_cluster=GQ03715_A18_status=complete_gb=BT116270 8110958
.32 GQ03715_A06.1_clone=GQ03715_A06_cluster=GQ03715_A06_status=complete_gb=BT116269 8119747
.71 GQ03713_I08.1_clone=GQ03713_I08_cluster=GQ03713_I08_status=complete_gb=BT116200 8233469
.15 GQ03713_I08.1_clone=GQ03713_I08_cluster=GQ03713_I08_status=complete_gb=BT116200 1996636
.14 GQ03713_I08.1_clone=GQ03713_I08_cluster=GQ03713_I08_status=complete_gb=BT116200 3372968
.33 GQ03713_A03.1_clone=GQ03713_A03_cluster=GQ03713_A03_status=complete_gb=BT116171 3453973
.27 GQ03713_A03.1_clone=GQ03713_A03_cluster=GQ03713_A03_status=complete_gb=BT116171 1104416
.99 GQ03712_K15.1_clone=GQ03712_K15_cluster=GQ03712_K15_status=complete_gb=BT116153 8233537
.30 GQ03712_G11.1_clone=GQ03712_G11_cluster=GQ03712_G11_status=complete_gb=BT116135 8233442
.14 GQ03712_G11.1_clone=GQ03712_G11_cluster=GQ03712_G11_status=complete_gb=BT116135 1995194
.12 GQ03711_E03.1_clone=GQ03711_E03_cluster=GQ03711_E03_status=complete_gb=BT116060 2742859
.86 GQ03711_E03.1_clone=GQ03711_E03_cluster=GQ03711_E03_status=complete_gb=BT116060 8233490
.23 GQ03711_D21.1_clone=GQ03711_D21_cluster=GQ03711_D21_status=complete_gb=BT116057 3304240
.66 GQ03711_D21.1_clone=GQ03711_D21_cluster=GQ03711_D21_status=complete_gb=BT116057 8131850
.39 GQ03710_L14.1_clone=GQ03710_L14_cluster=GQ03710_L14_status=complete_gb=BT116029 8233356
.25 GQ03710_L14.1_clone=GQ03710_L14_cluster=GQ03710_L14_status=complete_gb=BT116029 8120145
.04 GQ03710_L14.1_clone=GQ03710_L14_cluster=GQ03710_L14_status=complete_gb=BT116029 8127015
.21 GQ03710_K16.1_clone=GQ03710_K16_cluster=GQ03710_K16_status=complete_gb=BT116025 8113032
.20 GQ03710_K16.1_clone=GQ03710_K16_cluster=GQ03710_K16_status=complete_gb=BT116025 1545564
.36 GQ03710_I04.1_clone=GQ03710_I04_cluster=GQ03710_I04_status=complete_gb=BT116017 8118737
.15 GQ03710_I04.1_clone=GQ03710_I04_cluster=GQ03710_I04_status=complete_gb=BT116017 1826918
.36 GQ03710_G09.1_clone=GQ03710_G09_cluster=GQ03710_G09_status=complete_gb=BT116010 3515493
.26 GQ03710_G09.1_clone=GQ03710_G09_cluster=GQ03710_G09_status=complete_gb=BT116010 8115268
.18 GQ03710_G09.1_clone=GQ03710_G09_cluster=GQ03710_G09_status=complete_gb=BT116010 4876793
.86 GQ03708_P09.1_clone=GQ03708_P09_cluster=GQ03708_P09_status=complete_gb=BT115927 8233444
.07 GQ03708_P09.1_clone=GQ03708_P09_cluster=GQ03708_P09_status=complete_gb=BT115927 5340017
.05 GQ03708_P09.1_clone=GQ03708_P09_cluster=GQ03708_P09_status=complete_gb=BT115927 1451132
.06 GQ03708_P09.1_clone=GQ03708_P09_cluster=GQ03708_P09_status=complete_gb=BT115927 3533675
.78 GQ03708_F08.1_clone=GQ03708_F08_cluster=GQ03708_F08_status=complete_gb=BT115898 8233506
.73 GQ03706_C21.1_clone=GQ03706_C21_cluster=GQ03706_C21_status=complete_gb=BT115788 8233330
.31 GQ03705_K12.1_clone=GQ03705_K12_cluster=GQ03705_K12_status=complete_gb=BT115758 8124171
.30 GQ03705_K12.1_clone=GQ03705_K12_cluster=GQ03705_K12_status=complete_gb=BT115758 8233432
.55 GQ03705_I09.1_clone=GQ03705_I09_cluster=GQ03705_I09_status=complete_gb=BT115747 8112432
.21 GQ03705_I09.1_clone=GQ03705_I09_cluster=GQ03705_I09_status=complete_gb=BT115747 3756418
.27 GQ03704_N18.1_clone=GQ03704_N18_cluster=GQ03704_N18_status=complete_gb=BT115714 8233425
.21 GQ03704_N18.1_clone=GQ03704_N18_cluster=GQ03704_N18_status=complete_gb=BT115714 8115155
.16 GQ03704_N18.1_clone=GQ03704_N18_cluster=GQ03704_N18_status=complete_gb=BT115714 2256252
.30 GQ03704_J19.1_clone=GQ03704_J19_cluster=GQ03704_J19_status=complete_gb=BT115701 8107835
.19 GQ03704_J19.1_clone=GQ03704_J19_cluster=GQ03704_J19_status=complete_gb=BT115701 3644109
.19 GQ03704_J19.1_clone=GQ03704_J19_cluster=GQ03704_J19_status=complete_gb=BT115701 3411718
.18 GQ03704_J19.1_clone=GQ03704_J19_cluster=GQ03704_J19_status=complete_gb=BT115701 8136971
.06 GQ03704_J15.1_clone=GQ03704_J15_cluster=GQ03704_J15_status=complete_gb=BT115699 4330418
.87 GQ03704_J15.1_clone=GQ03704_J15_cluster=GQ03704_J15_status=complete_gb=BT115699 8233495
.88 GQ03704_E15.1_clone=GQ03704_E15_cluster=GQ03704_E15_status=complete_gb=BT115686 8233532
.02 GQ03704_E15.1_clone=GQ03704_E15_cluster=GQ03704_E15_status=complete_gb=BT115686 188992
.07 GQ03704_D12.1_clone=GQ03704_D12_cluster=GQ03704_D12_status=complete_gb=BT115677 3859374
.79 GQ03704_D12.1_clone=GQ03704_D12_cluster=GQ03704_D12_status=complete_gb=BT115677 8233508
.99 GQ03704_D09.2_clone=GQ03704_D09_cluster=GQ03704_D09_status=complete_gb=BT115676 8233505
.35 GQ03703_P05.1_clone=GQ03703_P05_cluster=GQ03703_P05_status=complete_gb=BT115660 8233332
.24 GQ03703_K16.1_clone=GQ03703_K16_cluster=GQ03703_K16_status=complete_gb=BT115645 401813
.21 GQ03703_K16.1_clone=GQ03703_K16_cluster=GQ03703_K16_status=complete_gb=BT115645 394444
.19 GQ03703_K16.1_clone=GQ03703_K16_cluster=GQ03703_K16_status=complete_gb=BT115645 3072151
.38 GQ03703_A16.1_clone=GQ03703_A16_cluster=GQ03703_A16_status=complete_gb=BT115623 8233503
.10 GQ03703_A16.1_clone=GQ03703_A16_cluster=GQ03703_A16_status=complete_gb=BT115623 1105371
.34 GQ03702_E08.1_clone=GQ03702_E08_cluster=GQ03702_E08_status=complete_gb=BT115594 3170921
.44 GQ03702_E08.1_clone=GQ03702_E08_cluster=GQ03702_E08_status=complete_gb=BT115594 8148275
.55 GQ03701_J10.1_clone=GQ03701_J10_cluster=GQ03701_J10_status=complete_gb=BT115556 8233355
.23 GQ03701_J10.1_clone=GQ03701_J10_cluster=GQ03701_J10_status=complete_gb=BT115556 8131489
.30 GQ03701_B09.1_clone=GQ03701_B09_cluster=GQ03701_B09_status=complete_gb=BT115528 2902030
.38 GQ03701_B09.1_clone=GQ03701_B09_cluster=GQ03701_B09_status=complete_gb=BT115528 2902026
.22 GQ03619_C19.1_clone=GQ03619_C19_cluster=GQ03619_C19_status=complete_gb=BT115504 1547937
.28 GQ03619_C19.1_clone=GQ03619_C19_cluster=GQ03619_C19_status=complete_gb=BT115504 8115609
.20 GQ03619_C19.1_clone=GQ03619_C19_cluster=GQ03619_C19_status=complete_gb=BT115504 2381035
.17 GQ03617_A14.1_clone=GQ03617_A14_cluster=GQ03617_A14_status=complete_gb=BT115457 8128905
.49 GQ03617_A14.1_clone=GQ03617_A14_cluster=GQ03617_A14_status=complete_gb=BT115457 1521418
.36 GQ03616_O20.1_clone=GQ03616_O20_cluster=GQ03616_O20_status=complete_gb=BT115452 8125205
.25 GQ03616_O20.1_clone=GQ03616_O20_cluster=GQ03616_O20_status=complete_gb=BT115452 8233474
.28 GQ03616_H15.1_clone=GQ03616_H15_cluster=GQ03616_H15_status=complete_gb=BT115431 1129896
.19 GQ03616_H15.1_clone=GQ03616_H15_cluster=GQ03616_H15_status=complete_gb=BT115431 1129672
.23 GQ03615_E17.1_clone=GQ03615_E17_cluster=GQ03615_E17_status=complete_gb=BT115379 8108560
.60 GQ03614_C04.1_clone=GQ03614_C04_cluster=GQ03614_C04_status=complete_gb=BT115317 8233517
.21 GQ03614_C04.1_clone=GQ03614_C04_cluster=GQ03614_C04_status=complete_gb=BT115317 959969
.31 GQ03612_N16.1_clone=GQ03612_N16_cluster=GQ03612_N16_status=complete_gb=BT115264 8115163
.67 GQ03612_N16.1_clone=GQ03612_N16_cluster=GQ03612_N16_status=complete_gb=BT115264 8233512
.55 GQ03610_N24.2_clone=GQ03610_N24_cluster=GQ03610_N24_status=complete_gb=BT115179 3004389
.14 GQ03610_N24.2_clone=GQ03610_N24_cluster=GQ03610_N24_status=complete_gb=BT115179 7414057
.32 GQ03607_G07.1_clone=GQ03607_G07_cluster=GQ03607_G07_status=complete_gb=BT115019 8112382
.31 GQ03607_G07.1_clone=GQ03607_G07_cluster=GQ03607_G07_status=complete_gb=BT115019 4005397
.92 GQ03606_D01.1_clone=GQ03606_D01_cluster=GQ03606_D01_status=complete_gb=BT114963 8233353
.06 GQ03606_D01.1_clone=GQ03606_D01_cluster=GQ03606_D01_status=complete_gb=BT114963 3750351
.35 GQ03605_M05.1_clone=GQ03605_M05_cluster=GQ03605_M05_status=5 8113109
.21 GQ03605_M05.1_clone=GQ03605_M05_cluster=GQ03605_M05_status=5 4799980
.83 GQ03604_B09.1_clone=GQ03604_B09_cluster=GQ03604_B09_status=complete_gb=BT114870 8120176
.25 GQ03602_O12.1_clone=GQ03602_O12_cluster=GQ03602_O12_status=complete_gb=BT114820 1459822
.17 GQ03602_O12.1_clone=GQ03602_O12_cluster=GQ03602_O12_status=complete_gb=BT114820 1811478
.18 GQ03602_J19.1_clone=GQ03602_J19_cluster=GQ03602_J19_status=complete_gb=BT114807 3674299
.50 GQ03602_J19.1_clone=GQ03602_J19_cluster=GQ03602_J19_status=complete_gb=BT114807 8233500
.38 GQ03519_N24.1_clone=GQ03519_N24_cluster=GQ03519_N24_status=complete_gb=BT114721 8233407
.24 GQ03519_N24.1_clone=GQ03519_N24_cluster=GQ03519_N24_status=complete_gb=BT114721 8139275
.49 GQ03517_O22.1_clone=GQ03517_O22_cluster=GQ03517_O22_status=complete_gb=BT114615 8233363
.13 GQ03517_O22.1_clone=GQ03517_O22_cluster=GQ03517_O22_status=complete_gb=BT114615 8112104
.32 GQ03516_I02.1_clone=GQ03516_I02_cluster=GQ03516_I02_status=complete_gb=BT114536 8108419
.24 GQ03516_I02.1_clone=GQ03516_I02_cluster=GQ03516_I02_status=complete_gb=BT114536 8116814
.17 GQ03516_E16.1_clone=GQ03516_E16_cluster=GQ03516_E16_status=complete_gb=BT114525 8109152
.43 GQ03516_E16.1_clone=GQ03516_E16_cluster=GQ03516_E16_status=complete_gb=BT114525 8129806
.99 GQ03514_N12.2_clone=GQ03514_N12_cluster=GQ03514_N12_status=complete_gb=BT114456 8233488
.26 GQ03514_B06.4_clone=GQ03514_B06_cluster=GQ03514_B06_status=complete_gb=BT114407 8233526
.15 GQ03514_B06.4_clone=GQ03514_B06_cluster=GQ03514_B06_status=complete_gb=BT114407 8233526
.10 GQ03514_B06.4_clone=GQ03514_B06_cluster=GQ03514_B06_status=complete_gb=BT114407 8112038
.07 GQ03514_B06.4_clone=GQ03514_B06_cluster=GQ03514_B06_status=complete_gb=BT114407 1447851
.99 GQ03513_P17.1_clone=GQ03513_P17_cluster=GQ03513_P17_status=complete_gb=BT114403 8233531
.42 GQ03513_E14.1_clone=GQ03513_E14_cluster=GQ03513_E14_status=complete_gb=BT114367 8126084
.18 GQ03513_E14.1_clone=GQ03513_E14_cluster=GQ03513_E14_status=complete_gb=BT114367 1256412
.89 GQ03512_L16.1_clone=GQ03512_L16_cluster=GQ03512_L16_status=complete_gb=BT114337 8233473
.02 GQ03512_L16.1_clone=GQ03512_L16_cluster=GQ03512_L16_status=complete_gb=BT114337 4711810
.83 GQ03508_B05.1_clone=GQ03508_B05_cluster=GQ03508_B05_status=complete_gb=BT114100 8233458
.10 GQ03508_B05.1_clone=GQ03508_B05_cluster=GQ03508_B05_status=complete_gb=BT114100 3977831
.57 GQ03507_H11.1_clone=GQ03507_H11_cluster=GQ03507_H11_status=5 8111716
.23 GQ03507_H11.1_clone=GQ03507_H11_cluster=GQ03507_H11_status=5 5626119
.47 GQ03507_E10.1_clone=GQ03507_E10_cluster=GQ03507_E10_status=complete_gb=BT114062 8111082
.25 GQ03507_E10.1_clone=GQ03507_E10_cluster=GQ03507_E10_status=complete_gb=BT114062 8122780
.42 GQ03507_B23.1_clone=GQ03507_B23_cluster=GQ03507_B23_status=complete_gb=BT114054 8233358
.37 GQ03507_B23.1_clone=GQ03507_B23_cluster=GQ03507_B23_status=complete_gb=BT114054 8108033
.68 GQ03506_B17.2_clone=GQ03506_B17_cluster=GQ03506_B17_status=complete_gb=BT113997 8108782
.29 GQ03506_B17.2_clone=GQ03506_B17_cluster=GQ03506_B17_status=complete_gb=BT113997 8114250
.16 GQ03505_N20.1_clone=GQ03505_N20_cluster=GQ03505_N20_status=complete_gb=BT113987 8114378
.13 GQ03505_N20.1_clone=GQ03505_N20_cluster=GQ03505_N20_status=complete_gb=BT113987 8233485
.03 GQ03505_N20.1_clone=GQ03505_N20_cluster=GQ03505_N20_status=complete_gb=BT113987 2751170
.03 GQ03505_N20.1_clone=GQ03505_N20_cluster=GQ03505_N20_status=complete_gb=BT113987 8233485
.44 GQ03503_H18.2_clone=GQ03503_H18_cluster=GQ03503_H18_status=complete_gb=BT113872 8121777
.33 GQ03503_H18.2_clone=GQ03503_H18_cluster=GQ03503_H18_status=complete_gb=BT113872 2063333
.61 GQ03503_C11.2_clone=GQ03503_C11_cluster=GQ03503_C11_status=53 8233426
.13 GQ03503_C11.2_clone=GQ03503_C11_cluster=GQ03503_C11_status=53 8140207
.09 GQ03503_C11.2_clone=GQ03503_C11_cluster=GQ03503_C11_status=53 875455
.28 GQ03502_J12.1_clone=GQ03502_J12_cluster=GQ03502_J12_status=complete_gb=BT113839 8120245
.26 GQ03502_J12.1_clone=GQ03502_J12_cluster=GQ03502_J12_status=complete_gb=BT113839 2907324
.22 GQ03502_J12.1_clone=GQ03502_J12_cluster=GQ03502_J12_status=complete_gb=BT113839 8116854
.99 GQ03502_F15.1_clone=GQ03502_F15_cluster=GQ03502_F15_status=complete_gb=BT113827 8233518
.08 GQ03502_C13.2_clone=GQ03502_C13_cluster=GQ03502_C13_status=complete_gb=BT113821 4037519
.81 GQ03502_C13.2_clone=GQ03502_C13_cluster=GQ03502_C13_status=complete_gb=BT113821 8110296
.75 GQ03501_J14.4_clone=GQ03501_J14_cluster=GQ03501_J14_status=complete_gb=BT113797 8118293
.17 GQ03501_J14.4_clone=GQ03501_J14_cluster=GQ03501_J14_status=complete_gb=BT113797 8108794
.03 GQ03501_J14.4_clone=GQ03501_J14_cluster=GQ03501_J14_status=complete_gb=BT113797 3427542
.01 GQ03501_J14.4_clone=GQ03501_J14_cluster=GQ03501_J14_status=complete_gb=BT113797 4467749
.01 GQ03501_J14.4_clone=GQ03501_J14_cluster=GQ03501_J14_status=complete_gb=BT113797 2253104
.46 GQ03419_F05.1_clone=GQ03419_F05_cluster=GQ03419_F05_status=5 8233380
.46 GQ03419_F05.1_clone=GQ03419_F05_cluster=GQ03419_F05_status=5 3486244
.56 GQ03416_K11.1_clone=GQ03416_K11_cluster=GQ03416_K11_status=complete_gb=BT113665 8113096
.37 GQ03416_K11.1_clone=GQ03416_K11_cluster=GQ03416_K11_status=complete_gb=BT113665 8111807
.16 GQ03415_P21.1_clone=GQ03415_P21_cluster=GQ03415_P21_status=complete_gb=BT113643 2103912
.15 GQ03415_P21.1_clone=GQ03415_P21_cluster=GQ03415_P21_status=complete_gb=BT113643 8108242
.19 GQ03415_G20.1_clone=GQ03415_G20_cluster=GQ03415_G20_status=complete_gb=BT113627 3150339
.46 GQ03415_G20.1_clone=GQ03415_G20_cluster=GQ03415_G20_status=complete_gb=BT113627 1930069
.32 GQ03414_P13.2_clone=GQ03414_P13_cluster=GQ03414_P13_status=5 8132635
.20 GQ03414_P13.2_clone=GQ03414_P13_cluster=GQ03414_P13_status=5 2964304
.17 GQ03414_P13.2_clone=GQ03414_P13_cluster=GQ03414_P13_status=5 2739507
.14 GQ03414_P13.2_clone=GQ03414_P13_cluster=GQ03414_P13_status=5 8115709
.99 GQ03414_E21.2_clone=GQ03414_E21_cluster=GQ03414_E21_status=complete_gb=BT113587 8233530
.15 GQ03414_B24.1_clone=GQ03414_B24_cluster=GQ03414_B24_status=complete_gb=BT113584 1688702
.76 GQ03414_B24.1_clone=GQ03414_B24_cluster=GQ03414_B24_status=complete_gb=BT113584 8233477
.73 GQ03414_B19.1_clone=GQ03414_B19_cluster=GQ03414_B19_status=complete_gb=BT113583 8108627
.20 GQ03414_B19.1_clone=GQ03414_B19_cluster=GQ03414_B19_status=complete_gb=BT113583 3012773
.18 GQ03414_A12.1_clone=GQ03414_A12_cluster=GQ03414_A12_status=complete_gb=BT113578 2193554
.61 GQ03414_A12.1_clone=GQ03414_A12_cluster=GQ03414_A12_status=complete_gb=BT113578 8111072
.67 GQ03413_K05.3_clone=GQ03413_K05_cluster=GQ03413_K05_status=complete_gb=BT113567 8233492
.07 GQ03413_K05.3_clone=GQ03413_K05_cluster=GQ03413_K05_status=complete_gb=BT113567 4655563
.34 GQ03413_B24.4_clone=GQ03413_B24_cluster=GQ03413_B24_status=complete_gb=BT113559 8116372
.39 GQ03413_B24.4_clone=GQ03413_B24_cluster=GQ03413_B24_status=complete_gb=BT113559 8108942
.28 GQ03413_B24.4_clone=GQ03413_B24_cluster=GQ03413_B24_status=complete_gb=BT113559 8109248
.93 GQ03410_M16.1_clone=GQ03410_M16_cluster=GQ03410_M16_status=complete_gb=BT113491 8132427
.05 GQ03410_M16.1_clone=GQ03410_M16_cluster=GQ03410_M16_status=complete_gb=BT113491 7636167
.05 GQ03410_M16.1_clone=GQ03410_M16_cluster=GQ03410_M16_status=complete_gb=BT113491 5804304
.32 GQ03410_H23.1_clone=GQ03410_H23_cluster=GQ03410_H23_status=complete_gb=BT113485 599360
.24 GQ03410_H23.1_clone=GQ03410_H23_cluster=GQ03410_H23_status=complete_gb=BT113485 2882019
.08 GQ03410_H23.1_clone=GQ03410_H23_cluster=GQ03410_H23_status=complete_gb=BT113485 8127739
.14 GQ03407_G05.1_clone=GQ03407_G05_cluster=GQ03407_G05_status=complete_gb=BT113412 8107670
.77 GQ03407_G05.1_clone=GQ03407_G05_cluster=GQ03407_G05_status=complete_gb=BT113412 8233514
.28 GQ03407_C06.2_clone=GQ03407_C06_cluster=GQ03407_C06_status=complete_gb=BT113403 4442154
.22 GQ03407_C06.2_clone=GQ03407_C06_cluster=GQ03407_C06_status=complete_gb=BT113403 2178586
.24 GQ03405_P05.1_clone=GQ03405_P05_cluster=GQ03405_P05_status=5 4242145
.50 GQ03405_P05.1_clone=GQ03405_P05_cluster=GQ03405_P05_status=5 8109140
.45 GQ03405_O09.1_clone=GQ03405_O09_cluster=GQ03405_O09_status=complete_gb=BT113360 2018075
.36 GQ03405_O09.1_clone=GQ03405_O09_cluster=GQ03405_O09_status=complete_gb=BT113360 8118083
.31 GQ03405_H01.2_clone=GQ03405_H01_cluster=GQ03405_H01_status=complete_gb=BT113339 8111896
.32 GQ03405_H01.2_clone=GQ03405_H01_cluster=GQ03405_H01_status=complete_gb=BT113339 8108855
.77 GQ03404_F11.1_clone=GQ03404_F11_cluster=GQ03404_F11_status=complete_gb=BT113303 8233387
.33 GQ03402_N23.1_clone=GQ03402_N23_cluster=GQ03402_N23_status=complete_gb=BT113253 2130110
.33 GQ03402_N23.1_clone=GQ03402_N23_cluster=GQ03402_N23_status=complete_gb=BT113253 1634685
.25 GQ03402_N23.1_clone=GQ03402_N23_cluster=GQ03402_N23_status=complete_gb=BT113253 8109818
.24 GQ03402_N23.1_clone=GQ03402_N23_cluster=GQ03402_N23_status=complete_gb=BT113253 3711724
.41 GQ03401_M21.1_clone=GQ03401_M21_cluster=GQ03401_M21_status=complete_gb=BT113219 8233413
.39 GQ03401_M21.1_clone=GQ03401_M21_cluster=GQ03401_M21_status=complete_gb=BT113219 8125049
.09 GQ03401_M21.1_clone=GQ03401_M21_cluster=GQ03401_M21_status=complete_gb=BT113219 8118650
.72 GQ03401_C13.1_clone=GQ03401_C13_cluster=GQ03401_C13_status=complete_gb=BT113197 8233418
.11 GQ03401_C13.1_clone=GQ03401_C13_cluster=GQ03401_C13_status=complete_gb=BT113197 462818
.96 GQ03326_I09.1_clone=GQ03326_I09_cluster=GQ03326_I09_status=complete_gb=BT113161 8233544
.26 GQ03326_C08.1_clone=GQ03326_C08_cluster=GQ03326_C08_status=complete_gb=BT113133 897897
.12 GQ03326_C08.1_clone=GQ03326_C08_cluster=GQ03326_C08_status=complete_gb=BT113133 2480498
.99 GQ03325_M08.1_clone=GQ03325_M08_cluster=GQ03325_M08_status=complete_gb=BT113108 8233383
.74 GQ03325_H16.1_clone=GQ03325_H16_cluster=GQ03325_H16_status=complete_gb=BT113086 8233433
.51 GQ03325_B05.2_clone=GQ03325_B05_cluster=GQ03325_B05_status=complete_gb=BT113056 8117801
.34 GQ03325_B05.2_clone=GQ03325_B05_cluster=GQ03325_B05_status=complete_gb=BT113056 1861393
.65 GQ03324_D10.1_clone=GQ03324_D10_cluster=GQ03324_D10_status=complete_gb=BT113004 1121003
.15 GQ03324_D10.1_clone=GQ03324_D10_cluster=GQ03324_D10_status=complete_gb=BT113004 2305635
.15 GQ03324_D10.1_clone=GQ03324_D10_cluster=GQ03324_D10_status=complete_gb=BT113004 6729810
.56 GQ03322_P21.4_clone=GQ03322_P21_cluster=GQ03322_P21_status=complete_gb=BT112939 8233360
.14 GQ03322_P21.4_clone=GQ03322_P21_cluster=GQ03322_P21_status=complete_gb=BT112939 8130193
.05 GQ03322_P21.4_clone=GQ03322_P21_cluster=GQ03322_P21_status=complete_gb=BT112939 8137177
.23 GQ03322_G11.1_clone=GQ03322_G11_cluster=GQ03322_G11_status=complete_gb=BT112892 2479950
.42 GQ03322_G11.1_clone=GQ03322_G11_cluster=GQ03322_G11_status=complete_gb=BT112892 8112019
.43 GQ03321_J20.1_clone=GQ03321_J20_cluster=GQ03321_J20_status=complete_gb=BT112838 8114362
.28 GQ03321_J20.1_clone=GQ03321_J20_cluster=GQ03321_J20_status=complete_gb=BT112838 2060130
.26 GQ03321_J18.1_clone=GQ03321_J18_cluster=GQ03321_J18_status=complete_gb=BT112837 8110893
.16 GQ03321_J18.1_clone=GQ03321_J18_cluster=GQ03321_J18_status=complete_gb=BT112837 786548
.09 GQ03321_J18.1_clone=GQ03321_J18_cluster=GQ03321_J18_status=complete_gb=BT112837 8131787
.14 GQ03321_H07.1_clone=GQ03321_H07_cluster=GQ03321_H07_status=complete_gb=BT112829 6212371
.73 GQ03321_H07.1_clone=GQ03321_H07_cluster=GQ03321_H07_status=complete_gb=BT112829 8233501
.70 GQ03321_E10.1_clone=GQ03321_E10_cluster=GQ03321_E10_status=complete_gb=BT112815 8233437
.45 GQ03321_B07.1_clone=GQ03321_B07_cluster=GQ03321_B07_status=complete_gb=BT112799 8233525
.15 GQ03321_B07.1_clone=GQ03321_B07_cluster=GQ03321_B07_status=complete_gb=BT112799 1466245
.50 GQ03320_P06.1_clone=GQ03320_P06_cluster=GQ03320_P06_status=complete_gb=BT112785 8108020
.24 GQ03320_P06.1_clone=GQ03320_P06_cluster=GQ03320_P06_status=complete_gb=BT112785 8110414
.83 GQ03320_K16.1_clone=GQ03320_K16_cluster=GQ03320_K16_status=complete_gb=BT112768 8233393
.13 GQ03320_K16.1_clone=GQ03320_K16_cluster=GQ03320_K16_status=complete_gb=BT112768 4223903
.72 GQ03320_C09.1_clone=GQ03320_C09_cluster=GQ03320_C09_status=complete_gb=BT112728 8233502
.10 GQ03320_C09.1_clone=GQ03320_C09_cluster=GQ03320_C09_status=complete_gb=BT112728 4465792
.11 GQ03320_C09.1_clone=GQ03320_C09_cluster=GQ03320_C09_status=complete_gb=BT112728 4490702
.09 GQ03320_C09.1_clone=GQ03320_C09_cluster=GQ03320_C09_status=complete_gb=BT112728 1138436
.20 GQ03320_B11.1_clone=GQ03320_B11_cluster=GQ03320_B11_status=complete_gb=BT112726 3402315
.54 GQ03320_B11.1_clone=GQ03320_B11_cluster=GQ03320_B11_status=complete_gb=BT112726 8108350
.98 GQ03319_O12.1_clone=GQ03319_O12_cluster=GQ03319_O12_status=complete_gb=BT112711 8233511
.23 GQ03319_D13.1_clone=GQ03319_D13_cluster=GQ03319_D13_status=complete_gb=BT112666 3503339
.17 GQ03319_D13.1_clone=GQ03319_D13_cluster=GQ03319_D13_status=complete_gb=BT112666 8233470
.49 GQ03319_B17.1_clone=GQ03319_B17_cluster=GQ03319_B17_status=complete_gb=BT112657 8233460
.21 GQ03319_B17.1_clone=GQ03319_B17_cluster=GQ03319_B17_status=complete_gb=BT112657 3656568
.33 GQ03318_N18.1_clone=GQ03318_N18_cluster=GQ03318_N18_status=complete_gb=BT112647 8233534
.44 GQ03318_N18.1_clone=GQ03318_N18_cluster=GQ03318_N18_status=complete_gb=BT112647 8233534
.21 GQ03318_N18.1_clone=GQ03318_N18_cluster=GQ03318_N18_status=complete_gb=BT112647 3333658
.60 GQ03317_N05.1_clone=GQ03317_N05_cluster=GQ03317_N05_status=complete_gb=BT112577 8122892
.38 GQ03317_N05.1_clone=GQ03317_N05_cluster=GQ03317_N05_status=complete_gb=BT112577 1448001
.45 GQ03317_M17.1_clone=GQ03317_M17_cluster=GQ03317_M17_status=complete_gb=BT112575 8131493
.31 GQ03317_M17.1_clone=GQ03317_M17_cluster=GQ03317_M17_status=complete_gb=BT112575 8112365
.09 GQ03317_G12.1_clone=GQ03317_G12_cluster=GQ03317_G12_status=complete_gb=BT112557 8117668
.48 GQ03317_G12.1_clone=GQ03317_G12_cluster=GQ03317_G12_status=complete_gb=BT112557 8112126
.28 GQ03316_D20.1_clone=GQ03316_D20_cluster=GQ03316_D20_status=complete_gb=BT112493 8122264
.19 GQ03316_D20.1_clone=GQ03316_D20_cluster=GQ03316_D20_status=complete_gb=BT112493 2077421
.49 GQ03315_I05.1_clone=GQ03315_I05_cluster=GQ03315_I05_status=complete_gb=BT112455 8108319
.17 GQ03315_I05.1_clone=GQ03315_I05_cluster=GQ03315_I05_status=complete_gb=BT112455 5116617
.34 GQ03314_A05.1_clone=GQ03314_A05_cluster=GQ03314_A05_status=complete_gb=BT112373 8107942
.21 GQ03314_A05.1_clone=GQ03314_A05_cluster=GQ03314_A05_status=complete_gb=BT112373 3050148
.18 GQ03314_A05.1_clone=GQ03314_A05_cluster=GQ03314_A05_status=complete_gb=BT112373 6929478
.62 GQ03313_O02.1_clone=GQ03313_O02_cluster=GQ03313_O02_status=complete_gb=BT112363 8233369
.23 GQ03313_N04.1_clone=GQ03313_N04_cluster=GQ03313_N04_status=complete_gb=BT112355 2114733
.55 GQ03313_N04.1_clone=GQ03313_N04_cluster=GQ03313_N04_status=complete_gb=BT112355 1790951
.49 GQ03313_K02.1_clone=GQ03313_K02_cluster=GQ03313_K02_status=complete_gb=BT112339 8108914
.15 GQ03313_K02.1_clone=GQ03313_K02_cluster=GQ03313_K02_status=complete_gb=BT112339 508053
.43 GQ03312_J14.1_clone=GQ03312_J14_cluster=GQ03312_J14_status=complete_gb=BT112254 8112763
.39 GQ03312_J14.1_clone=GQ03312_J14_cluster=GQ03312_J14_status=complete_gb=BT112254 1587849
.28 GQ03311_N20.1_clone=GQ03311_N20_cluster=GQ03311_N20_status=complete_gb=BT112201 8107932
.27 GQ03311_N20.1_clone=GQ03311_N20_cluster=GQ03311_N20_status=complete_gb=BT112201 8119442
.99 GQ03311_G20.1_clone=GQ03311_G20_cluster=GQ03311_G20_status=complete_gb=BT112177 8233499
.98 GQ03311_C07.1_clone=GQ03311_C07_cluster=GQ03311_C07_status=complete_gb=BT112162 8233538
.23 GQ03309_N03.1_clone=GQ03309_N03_cluster=GQ03309_N03_status=complete_gb=BT112086 8115862
.30 GQ03309_N03.1_clone=GQ03309_N03_cluster=GQ03309_N03_status=complete_gb=BT112086 8119977
.79 GQ03309_B17.1_clone=GQ03309_B17_cluster=GQ03309_B17_status=complete_gb=BT112037 8233406
.17 GQ03309_B17.1_clone=GQ03309_B17_cluster=GQ03309_B17_status=complete_gb=BT112037 2058920
.56 GQ03308_O19.1_clone=GQ03308_O19_cluster=GQ03308_O19_status=complete_gb=BT112025 8123780
.14 GQ03308_O19.1_clone=GQ03308_O19_cluster=GQ03308_O19_status=complete_gb=BT112025 2685576
.57 GQ03308_O08.1_clone=GQ03308_O08_cluster=GQ03308_O08_status=complete_gb=BT112023 2084125
.20 GQ03308_O08.1_clone=GQ03308_O08_cluster=GQ03308_O08_status=complete_gb=BT112023 4374572
.84 GQ03308_O03.1_clone=GQ03308_O03_cluster=GQ03308_O03_status=complete_gb=BT112022 8233396
.54 GQ03308_I16.1_clone=GQ03308_I16_cluster=GQ03308_I16_status=complete_gb=BT111990 8233491
.17 GQ03308_H19.1_clone=GQ03308_H19_cluster=GQ03308_H19_status=complete_gb=BT111984 998791
.66 GQ03308_H19.1_clone=GQ03308_H19_cluster=GQ03308_H19_status=complete_gb=BT111984 8107665
.54 GQ03307_N13.1_clone=GQ03307_N13_cluster=GQ03307_N13_status=complete_gb=BT111934 1396932
.46 GQ03307_K11.1_clone=GQ03307_K11_cluster=GQ03307_K11_status=complete_gb=BT111922 8233424
.15 GQ03307_K11.1_clone=GQ03307_K11_cluster=GQ03307_K11_status=complete_gb=BT111922 8123839
.74 GQ03307_A19.1_clone=GQ03307_A19_cluster=GQ03307_A19_status=complete_gb=BT111894 8233361
.18 GQ03307_A19.1_clone=GQ03307_A19_cluster=GQ03307_A19_status=complete_gb=BT111894 8193560
.16 GQ03307_A19.1_clone=GQ03307_A19_cluster=GQ03307_A19_status=complete_gb=BT111894 7677990
.16 GQ03307_A19.1_clone=GQ03307_A19_cluster=GQ03307_A19_status=complete_gb=BT111894 3026232
.16 GQ03307_A19.1_clone=GQ03307_A19_cluster=GQ03307_A19_status=complete_gb=BT111894 5045193
.20 GQ03304_N11.2_clone=GQ03304_N11_cluster=GQ03304_N11_status=complete_gb=BT111881 8120830
.20 GQ03304_N11.2_clone=GQ03304_N11_cluster=GQ03304_N11_status=complete_gb=BT111881 8123740
.96 GQ03304_I02.1_clone=GQ03304_I02_cluster=GQ03304_I02_status=complete_gb=BT111857 8233496
.02 GQ03304_I02.1_clone=GQ03304_I02_cluster=GQ03304_I02_status=complete_gb=BT111857 3264583
.55 GQ03303_O13.1_clone=GQ03303_O13_cluster=GQ03303_O13_status=complete_gb=BT111812 906755
.36 GQ03303_O13.1_clone=GQ03303_O13_cluster=GQ03303_O13_status=complete_gb=BT111812 8109332
.29 GQ03303_M04.1_clone=GQ03303_M04_cluster=GQ03303_M04_status=complete_gb=BT111794 2354755
.21 GQ03303_M04.1_clone=GQ03303_M04_cluster=GQ03303_M04_status=complete_gb=BT111794 8166358
.37 GQ03303_I18.1_clone=GQ03303_I18_cluster=GQ03303_I18_status=complete_gb=BT111781 8108123
.60 GQ03303_I18.1_clone=GQ03303_I18_cluster=GQ03303_I18_status=complete_gb=BT111781 8233446
.36 GQ03303_H10.1_clone=GQ03303_H10_cluster=GQ03303_H10_status=complete_gb=BT111773 8128603
.19 GQ03303_H10.1_clone=GQ03303_H10_cluster=GQ03303_H10_status=complete_gb=BT111773 2314510
.44 GQ03303_B20.1_clone=GQ03303_B20_cluster=GQ03303_B20_status=complete_gb=BT111751 8109990
.54 GQ03303_B20.1_clone=GQ03303_B20_cluster=GQ03303_B20_status=complete_gb=BT111751 8233348
.58 GQ03302_P12.1_clone=GQ03302_P12_cluster=GQ03302_P12_status=complete_gb=BT111738 8233478
.17 GQ03302_P12.1_clone=GQ03302_P12_cluster=GQ03302_P12_status=complete_gb=BT111738 3536918
.71 GQ03302_O19.2_clone=GQ03302_O19_cluster=GQ03302_O19_status=complete_gb=BT111735 8111084
.24 GQ03302_O19.2_clone=GQ03302_O19_cluster=GQ03302_O19_status=complete_gb=BT111735 1197089
.22 GQ03302_O19.2_clone=GQ03302_O19_cluster=GQ03302_O19_status=complete_gb=BT111735 4021865
.73 GQ03302_N04.1_clone=GQ03302_N04_cluster=GQ03302_N04_status=complete_gb=BT111727 1451156
.25 GQ03302_N04.1_clone=GQ03302_N04_cluster=GQ03302_N04_status=complete_gb=BT111727 8111857
.39 GQ03302_M17.1_clone=GQ03302_M17_cluster=GQ03302_M17_status=complete_gb=BT111723 8233343
.21 GQ03302_M17.1_clone=GQ03302_M17_cluster=GQ03302_M17_status=complete_gb=BT111723 4376733
.18 GQ03302_M17.1_clone=GQ03302_M17_cluster=GQ03302_M17_status=complete_gb=BT111723 4585542
.19 GQ03302_M17.1_clone=GQ03302_M17_cluster=GQ03302_M17_status=complete_gb=BT111723 2354556
.16 GQ03302_M17.1_clone=GQ03302_M17_cluster=GQ03302_M17_status=complete_gb=BT111723 2227586
.99 GQ03302_E19.1_clone=GQ03302_E19_cluster=GQ03302_E19_status=complete_gb=BT111695 8233533
.37 GQ03301_P05.1_clone=GQ03301_P05_cluster=GQ03301_P05_status=complete_gb=BT111665 8139419
.62 GQ03301_P05.1_clone=GQ03301_P05_cluster=GQ03301_P05_status=complete_gb=BT111665 8233519
.99 GQ03301_N12.1_clone=GQ03301_N12_cluster=GQ03301_N12_status=complete_gb=BT111654 8233547
.16 GQ03301_K13.1_clone=GQ03301_K13_cluster=GQ03301_K13_status=complete_gb=BT111643 3504017
.83 GQ03301_K13.1_clone=GQ03301_K13_cluster=GQ03301_K13_status=complete_gb=BT111643 8108287
.15 GQ03301_I22.1_clone=GQ03301_I22_cluster=GQ03301_I22_status=complete_gb=BT111633 8109620
.83 GQ03301_I22.1_clone=GQ03301_I22_cluster=GQ03301_I22_status=complete_gb=BT111633 8233388
.18 GQ03301_D03.1_clone=GQ03301_D03_cluster=GQ03301_D03_status=complete_gb=BT111601 2495901
.81 GQ03301_D03.1_clone=GQ03301_D03_cluster=GQ03301_D03_status=complete_gb=BT111601 8120619
.67 GQ03301_A10.1_clone=GQ03301_A10_cluster=GQ03301_A10_status=complete_gb=BT111592 8126342
.47 GQ03238_N17.2_clone=GQ03238_N17_cluster=GQ03238_N17_status=complete_gb=BT111520 2454160
.36 GQ03238_N17.2_clone=GQ03238_N17_cluster=GQ03238_N17_status=complete_gb=BT111520 2947052
.50 GQ03238_N16.1_clone=GQ03238_N16_cluster=GQ03238_N16_status=complete_gb=BT111519 8233389
.04 GQ03238_N16.1_clone=GQ03238_N16_cluster=GQ03238_N16_status=complete_gb=BT111519 7057446
.96 GQ03237_M23.1_clone=GQ03237_M23_cluster=GQ03237_M23_status=complete_gb=BT111448 8233504
.34 GQ03237_M15.1_clone=GQ03237_M15_cluster=GQ03237_M15_status=complete_gb=BT111444 8112591
.20 GQ03237_M15.1_clone=GQ03237_M15_cluster=GQ03237_M15_status=complete_gb=BT111444 8108148
.31 GQ03236_P20.1_clone=GQ03236_P20_cluster=GQ03236_P20_status=complete_gb=BT111393 8111651
.16 GQ03236_P20.1_clone=GQ03236_P20_cluster=GQ03236_P20_status=complete_gb=BT111393 3168823
.05 GQ03236_P20.1_clone=GQ03236_P20_cluster=GQ03236_P20_status=complete_gb=BT111393 8113526
.31 GQ03236_F10.1_clone=GQ03236_F10_cluster=GQ03236_F10_status=complete_gb=BT111348 8233381
.19 GQ03236_F10.1_clone=GQ03236_F10_cluster=GQ03236_F10_status=complete_gb=BT111348 1061793
.15 GQ03236_F10.1_clone=GQ03236_F10_cluster=GQ03236_F10_status=complete_gb=BT111348 2423380
.81 GQ03236_E09.1_clone=GQ03236_E09_cluster=GQ03236_E09_status=complete_gb=BT111343 8233535
.34 GQ03236_C01.1_clone=GQ03236_C01_cluster=GQ03236_C01_status=complete_gb=BT111332 8233546
.17 GQ03236_C01.1_clone=GQ03236_C01_cluster=GQ03236_C01_status=complete_gb=BT111332 8233546
.76 GQ03235_F11.1_clone=GQ03235_F11_cluster=GQ03235_F11_status=complete_gb=BT111275 8117989
.98 GQ03234_B02.1_clone=GQ03234_B02_cluster=GQ03234_B02_status=complete_gb=BT111190 8233516
.55 GQ03233_H15.1_clone=GQ03233_H15_cluster=GQ03233_H15_status=5 8108298
.18 GQ03233_H15.1_clone=GQ03233_H15_cluster=GQ03233_H15_status=5 8119941
.33 GQ03232_N07.1_clone=GQ03232_N07_cluster=GQ03232_N07_status=complete_gb=BT111113 8111839
.37 GQ03232_I06.1_clone=GQ03232_I06_cluster=GQ03232_I06_status=complete_gb=BT111088 8108316
.39 GQ03232_I06.1_clone=GQ03232_I06_cluster=GQ03232_I06_status=complete_gb=BT111088 8113260
.34 GQ03232_F05.1_clone=GQ03232_F05_cluster=GQ03232_F05_status=complete_gb=BT111072 8112622
.27 GQ03232_F05.1_clone=GQ03232_F05_cluster=GQ03232_F05_status=complete_gb=BT111072 8114280
.18 GQ03232_F05.1_clone=GQ03232_F05_cluster=GQ03232_F05_status=complete_gb=BT111072 8117822
.20 GQ03232_F05.1_clone=GQ03232_F05_cluster=GQ03232_F05_status=complete_gb=BT111072 8149704
.35 GQ03231_K12.2_clone=GQ03231_K12_cluster=GQ03231_K12_status=complete_gb=BT111035 8113704
.15 GQ03231_K12.2_clone=GQ03231_K12_cluster=GQ03231_K12_status=complete_gb=BT111035 2622289
.61 GQ03231_D13.1_clone=GQ03231_D13_cluster=GQ03231_D13_status=complete_gb=BT111012 8114727
.41 GQ03231_B18.2_clone=GQ03231_B18_cluster=GQ03231_B18_status=complete_gb=BT111004 8233341
.32 GQ03230_M13.1_clone=GQ03230_M13_cluster=GQ03230_M13_status=complete_gb=BT110983 8116812
.36 GQ03230_M13.1_clone=GQ03230_M13_cluster=GQ03230_M13_status=complete_gb=BT110983 8133101
.99 GQ03230_M01.1_clone=GQ03230_M01_cluster=GQ03230_M01_status=complete_gb=BT110980 8233522
.24 GQ03230_G18.1_clone=GQ03230_G18_cluster=GQ03230_G18_status=complete_gb=BT110962 713689
.17 GQ03230_G18.1_clone=GQ03230_G18_cluster=GQ03230_G18_status=complete_gb=BT110962 8153939
.08 GQ03230_G18.1_clone=GQ03230_G18_cluster=GQ03230_G18_status=complete_gb=BT110962 1901346
.52 GQ03230_F19.1_clone=GQ03230_F19_cluster=GQ03230_F19_status=complete_gb=BT110957 8233400
.40 GQ03230_E12.1_clone=GQ03230_E12_cluster=GQ03230_E12_status=complete_gb=BT110954 8112845
.33 GQ03230_E12.1_clone=GQ03230_E12_cluster=GQ03230_E12_status=complete_gb=BT110954 8121882
.12 GQ03229_M01.1_clone=GQ03229_M01_cluster=GQ03229_M01_status=complete_gb=BT110910 6774583
.82 GQ03229_M01.1_clone=GQ03229_M01_cluster=GQ03229_M01_status=complete_gb=BT110910 8233338
.98 GQ03227_L18.1_clone=GQ03227_L18_cluster=GQ03227_L18_status=complete_gb=BT110775 8233540
.89 GQ03227_I23.1_clone=GQ03227_I23_cluster=GQ03227_I23_status=complete_gb=BT110764 8233391
.34 GQ03227_B08.1_clone=GQ03227_B08_cluster=GQ03227_B08_status=complete_gb=BT110731 8127658
.30 GQ03227_B08.1_clone=GQ03227_B08_cluster=GQ03227_B08_status=complete_gb=BT110731 8127657
.26 GQ03227_B08.1_clone=GQ03227_B08_cluster=GQ03227_B08_status=complete_gb=BT110731 8233455
.51 GQ03225_N12.3_clone=GQ03225_N12_cluster=GQ03225_N12_status=53 8233367
.22 GQ03225_N12.3_clone=GQ03225_N12_cluster=GQ03225_N12_status=53 3333238
.31 GQ03223_O06.1_clone=GQ03223_O06_cluster=GQ03223_O06_status=complete_gb=BT110582 8133601
.30 GQ03223_O06.1_clone=GQ03223_O06_cluster=GQ03223_O06_status=complete_gb=BT110582 1264460
.36 GQ03223_N10.1_clone=GQ03223_N10_cluster=GQ03223_N10_status=complete_gb=BT110578 8113355
.20 GQ03223_N10.1_clone=GQ03223_N10_cluster=GQ03223_N10_status=complete_gb=BT110578 8138753
.99 GQ03222_O12.1_clone=GQ03222_O12_cluster=GQ03222_O12_status=complete_gb=BT110516 8233539
.16 GQ03222_N16.1_clone=GQ03222_N16_cluster=GQ03222_N16_status=complete_gb=BT110513 8107767
.82 GQ03222_N16.1_clone=GQ03222_N16_cluster=GQ03222_N16_status=complete_gb=BT110513 8107841
.54 GQ03222_J13.1_clone=GQ03222_J13_cluster=GQ03222_J13_status=complete_gb=BT110494 8233399
.34 GQ03222_J13.1_clone=GQ03222_J13_cluster=GQ03222_J13_status=complete_gb=BT110494 8111412
.41 GQ03221_K11.1_clone=GQ03221_K11_cluster=GQ03221_K11_status=complete_gb=BT110433 2279106
.41 GQ03221_K11.1_clone=GQ03221_K11_cluster=GQ03221_K11_status=complete_gb=BT110433 8112710
.99 GQ03219_O04.2_clone=GQ03219_O04_cluster=GQ03219_O04_status=complete_gb=BT110326 8233515
.54 GQ03219_N19.1_clone=GQ03219_N19_cluster=GQ03219_N19_status=5 8233457
.36 GQ03219_N19.1_clone=GQ03219_N19_cluster=GQ03219_N19_status=5 8108225
.70 GQ03219_L04.1_clone=GQ03219_L04_cluster=GQ03219_L04_status=complete_gb=BT110315 8126756
.48 GQ03219_G17.3_clone=GQ03219_G17_cluster=GQ03219_G17_status=53 8233545
.24 GQ03219_G17.3_clone=GQ03219_G17_cluster=GQ03219_G17_status=53 8233545
.10 GQ03218_M07.2_clone=GQ03218_M07_cluster=GQ03218_M07_status=complete_gb=BT110254 3954384
.83 GQ03218_M07.2_clone=GQ03218_M07_cluster=GQ03218_M07_status=complete_gb=BT110254 8108044
.18 GQ03216_O11.1_clone=GQ03216_O11_cluster=GQ03216_O11_status=complete_gb=BT110140 8116345
.79 GQ03216_O11.1_clone=GQ03216_O11_cluster=GQ03216_O11_status=complete_gb=BT110140 8116960
.17 GQ03216_I09.1_clone=GQ03216_I09_cluster=GQ03216_I09_status=complete_gb=BT110107 8135255
.65 GQ03216_I09.1_clone=GQ03216_I09_cluster=GQ03216_I09_status=complete_gb=BT110107 8113399
.11 GQ03216_F04.1_clone=GQ03216_F04_cluster=GQ03216_F04_status=complete_gb=BT110099 682394
.54 GQ03216_F04.1_clone=GQ03216_F04_cluster=GQ03216_F04_status=complete_gb=BT110099 8233523
.38 GQ03215_N05.1_clone=GQ03215_N05_cluster=GQ03215_N05_status=complete_gb=BT110073 1677530
.26 GQ03215_N05.1_clone=GQ03215_N05_cluster=GQ03215_N05_status=complete_gb=BT110073 2190212
.54 GQ03215_M16.1_clone=GQ03215_M16_cluster=GQ03215_M16_status=complete_gb=BT110071 8107885
.38 GQ03215_M16.1_clone=GQ03215_M16_cluster=GQ03215_M16_status=complete_gb=BT110071 8113701
.32 GQ03215_B14.1_clone=GQ03215_B14_cluster=GQ03215_B14_status=complete_gb=BT110032 2372036
.22 GQ03215_B14.1_clone=GQ03215_B14_cluster=GQ03215_B14_status=complete_gb=BT110032 8134492
.49 GQ03214_J23.2_clone=GQ03214_J23_cluster=GQ03214_J23_status=complete_gb=BT109987 8233529
.24 GQ03214_J23.2_clone=GQ03214_J23_cluster=GQ03214_J23_status=complete_gb=BT109987 8115369
.41 GQ03214_J12.1_clone=GQ03214_J12_cluster=GQ03214_J12_status=complete_gb=BT109981 8124697
.28 GQ03214_J12.1_clone=GQ03214_J12_cluster=GQ03214_J12_status=complete_gb=BT109981 8110159
.46 GQ03214_H17.1_clone=GQ03214_H17_cluster=GQ03214_H17_status=complete_gb=BT109973 8133172
.24 GQ03214_H17.1_clone=GQ03214_H17_cluster=GQ03214_H17_status=complete_gb=BT109973 3670855
.67 GQ03213_J06.1_clone=GQ03213_J06_cluster=GQ03213_J06_status=complete_gb=BT109907 8233362
.24 GQ03213_J06.1_clone=GQ03213_J06_cluster=GQ03213_J06_status=complete_gb=BT109907 3617525
.20 GQ03213_G11.1_clone=GQ03213_G11_cluster=GQ03213_G11_status=complete_gb=BT109890 8125099
.78 GQ03213_G11.1_clone=GQ03213_G11_cluster=GQ03213_G11_status=complete_gb=BT109890 8233524
.84 GQ03213_B01.1_clone=GQ03213_B01_cluster=GQ03213_B01_status=complete_gb=BT109856 8233357
.08 GQ03213_B01.1_clone=GQ03213_B01_cluster=GQ03213_B01_status=complete_gb=BT109856 4818310
.16 GQ03213_A05.1_clone=GQ03213_A05_cluster=GQ03213_A05_status=complete_gb=BT109851 8116698
.77 GQ03212_N10.3_clone=GQ03212_N10_cluster=GQ03212_N10_status=complete_gb=BT109830 8108254
.14 GQ03212_N10.3_clone=GQ03212_N10_cluster=GQ03212_N10_status=complete_gb=BT109830 1516173
.11 GQ03212_N10.3_clone=GQ03212_N10_cluster=GQ03212_N10_status=complete_gb=BT109830 492264
.68 GQ03212_J17.1_clone=GQ03212_J17_cluster=GQ03212_J17_status=complete_gb=BT109807 8107808
.24 GQ03212_J17.1_clone=GQ03212_J17_cluster=GQ03212_J17_status=complete_gb=BT109807 8144453
.49 GQ03212_D09.1_clone=GQ03212_D09_cluster=GQ03212_D09_status=complete_gb=BT109771 8111025
.25 GQ03212_D09.1_clone=GQ03212_D09_cluster=GQ03212_D09_status=complete_gb=BT109771 8147915
.36 GQ03212_D02.1_clone=GQ03212_D02_cluster=GQ03212_D02_status=complete_gb=BT109769 8233429
.49 GQ03212_D02.1_clone=GQ03212_D02_cluster=GQ03212_D02_status=complete_gb=BT109769 8133786
.59 GQ03212_B07.1_clone=GQ03212_B07_cluster=GQ03212_B07_status=complete_gb=BT109757 8116868
.22 GQ03212_B07.1_clone=GQ03212_B07_cluster=GQ03212_B07_status=complete_gb=BT109757 509978
.13 GQ03212_B07.1_clone=GQ03212_B07_cluster=GQ03212_B07_status=complete_gb=BT109757 3957595
.13 GQ03212_B07.1_clone=GQ03212_B07_cluster=GQ03212_B07_status=complete_gb=BT109757 2463073
.10 GQ03212_B07.1_clone=GQ03212_B07_cluster=GQ03212_B07_status=complete_gb=BT109757 5363494
.42 GQ03211_M24.1_clone=GQ03211_M24_cluster=GQ03211_M24_status=complete_gb=BT109726 8112082
.29 GQ03211_M24.1_clone=GQ03211_M24_cluster=GQ03211_M24_status=complete_gb=BT109726 8112084
.52 GQ03211_J09.1_clone=GQ03211_J09_cluster=GQ03211_J09_status=complete_gb=BT109696 8110461
.21 GQ03211_J09.1_clone=GQ03211_J09_cluster=GQ03211_J09_status=complete_gb=BT109696 8107883
.35 GQ03211_I21.1_clone=GQ03211_I21_cluster=GQ03211_I21_status=complete_gb=BT109694 8119049
.13 GQ03211_I21.1_clone=GQ03211_I21_cluster=GQ03211_I21_status=complete_gb=BT109694 5285735
.13 GQ03211_H14.1_clone=GQ03211_H14_cluster=GQ03211_H14_status=complete_gb=BT109688 3064203
.12 GQ03211_H14.1_clone=GQ03211_H14_cluster=GQ03211_H14_status=complete_gb=BT109688 8108403
.18 GQ03211_G19.1_clone=GQ03211_G19_cluster=GQ03211_G19_status=complete_gb=BT109684 4056623
.58 GQ03211_G19.1_clone=GQ03211_G19_cluster=GQ03211_G19_status=complete_gb=BT109684 2023726
.75 GQ03211_C10.1_clone=GQ03211_C10_cluster=GQ03211_C10_status=complete_gb=BT109657 8233509
.19 GQ03211_B01.3_clone=GQ03211_B01_cluster=GQ03211_B01_status=complete_gb=BT109650 732561
.43 GQ03211_B01.3_clone=GQ03211_B01_cluster=GQ03211_B01_status=complete_gb=BT109650 8233405
.27 GQ03211_A10.1_clone=GQ03211_A10_cluster=GQ03211_A10_status=complete_gb=BT109645 8117253
.72 GQ03211_A10.1_clone=GQ03211_A10_cluster=GQ03211_A10_status=complete_gb=BT109645 8233449
.29 GQ03210_I22.1_clone=GQ03210_I22_cluster=GQ03210_I22_status=complete_gb=BT109609 8132977
.27 GQ03210_I22.1_clone=GQ03210_I22_cluster=GQ03210_I22_status=complete_gb=BT109609 3425675
.46 GQ03210_G20.1_clone=GQ03210_G20_cluster=GQ03210_G20_status=complete_gb=BT109598 1317205
.46 GQ03210_F23.3_clone=GQ03210_F23_cluster=GQ03210_F23_status=complete_gb=BT109593 8233543
.29 GQ03210_F23.3_clone=GQ03210_F23_cluster=GQ03210_F23_status=complete_gb=BT109593 2180513
.28 GQ03210_E05.4_clone=GQ03210_E05_cluster=GQ03210_E05_status=complete_gb=BT109585 8123483
.16 GQ03210_E05.4_clone=GQ03210_E05_cluster=GQ03210_E05_status=complete_gb=BT109585 8112769
.99 GQ03209_N17.1_clone=GQ03209_N17_cluster=GQ03209_N17_status=complete_gb=BT109548 8233461
.92 GQ03209_F21.1_clone=GQ03209_F21_cluster=GQ03209_F21_status=complete_gb=BT109511 8233402
.06 GQ03209_F21.1_clone=GQ03209_F21_cluster=GQ03209_F21_status=complete_gb=BT109511 6147572
.64 GQ03209_C06.2_clone=GQ03209_C06_cluster=GQ03209_C06_status=complete_gb=BT109497 8233528
.14 GQ03209_C06.2_clone=GQ03209_C06_cluster=GQ03209_C06_status=complete_gb=BT109497 8117476
.11 GQ03209_C06.2_clone=GQ03209_C06_cluster=GQ03209_C06_status=complete_gb=BT109497 3714906
.31 GQ03209_B16.1_clone=GQ03209_B16_cluster=GQ03209_B16_status=complete_gb=BT109493 8233484
.20 GQ03209_B16.1_clone=GQ03209_B16_cluster=GQ03209_B16_status=complete_gb=BT109493 4204373
.12 GQ03209_B16.1_clone=GQ03209_B16_cluster=GQ03209_B16_status=complete_gb=BT109493 1821847
.11 GQ03209_B16.1_clone=GQ03209_B16_cluster=GQ03209_B16_status=complete_gb=BT109493 1319466
.04 GQ03209_B16.1_clone=GQ03209_B16_cluster=GQ03209_B16_status=complete_gb=BT109493 8107809
.41 GQ03209_A18.1_clone=GQ03209_A18_cluster=GQ03209_A18_status=complete_gb=BT109486 8112368
.20 GQ03209_A18.1_clone=GQ03209_A18_cluster=GQ03209_A18_status=complete_gb=BT109486 3624638
.21 GQ03209_A18.1_clone=GQ03209_A18_cluster=GQ03209_A18_status=complete_gb=BT109486 2039212
.20 GQ03209_A18.1_clone=GQ03209_A18_cluster=GQ03209_A18_status=complete_gb=BT109486 2273295
.11 GQ03209_A18.1_clone=GQ03209_A18_cluster=GQ03209_A18_status=complete_gb=BT109486 2837087
.34 GQ03208_P17.1_clone=GQ03208_P17_cluster=GQ03208_P17_status=complete_gb=BT109483 8112479
.24 GQ03208_P17.1_clone=GQ03208_P17_cluster=GQ03208_P17_status=complete_gb=BT109483 8136979
.16 GQ03208_L20.1_clone=GQ03208_L20_cluster=GQ03208_L20_status=complete_gb=BT109460 2051431
.72 GQ03208_L20.1_clone=GQ03208_L20_cluster=GQ03208_L20_status=complete_gb=BT109460 1067766
.61 GQ03208_H13.2_clone=GQ03208_H13_cluster=GQ03208_H13_status=complete_gb=BT109442 8233459
.43 GQ03208_E06.1_clone=GQ03208_E06_cluster=GQ03208_E06_status=complete_gb=BT109426 8108469
.56 GQ03208_E06.1_clone=GQ03208_E06_cluster=GQ03208_E06_status=complete_gb=BT109426 950943
.60 GQ03208_D16.1_clone=GQ03208_D16_cluster=GQ03208_D16_status=complete_gb=BT109423 8121294
.29 GQ03208_D16.1_clone=GQ03208_D16_cluster=GQ03208_D16_status=complete_gb=BT109423 8115346
.62 GQ03208_A04.1_clone=GQ03208_A04_cluster=GQ03208_A04_status=complete_gb=BT109402 8109465
.36 GQ03208_A04.1_clone=GQ03208_A04_cluster=GQ03208_A04_status=complete_gb=BT109402 3795585
.83 GQ03207_O08.1_clone=GQ03207_O08_cluster=GQ03207_O08_status=complete_gb=BT109390 8128417
.12 GQ03207_O08.1_clone=GQ03207_O08_cluster=GQ03207_O08_status=complete_gb=BT109390 5948068
.15 GQ03207_F19.1_clone=GQ03207_F19_cluster=GQ03207_F19_status=complete_gb=BT109338 677549
.25 GQ03207_F19.1_clone=GQ03207_F19_cluster=GQ03207_F19_status=complete_gb=BT109338 8107763
.24 GQ03207_D19.2_clone=GQ03207_D19_cluster=GQ03207_D19_status=complete_gb=BT109329 8118692
.13 GQ03207_D19.2_clone=GQ03207_D19_cluster=GQ03207_D19_status=complete_gb=BT109329 8121573
.08 GQ03207_B15.4_clone=GQ03207_B15_cluster=GQ03207_B15_status=complete_gb=BT109321 8117238
.76 GQ03207_B15.4_clone=GQ03207_B15_cluster=GQ03207_B15_status=complete_gb=BT109321 8233354
.36 GQ03206_L24.1_clone=GQ03206_L24_cluster=GQ03206_L24_status=complete_gb=BT109285 8108866
.14 GQ03206_L24.1_clone=GQ03206_L24_cluster=GQ03206_L24_status=complete_gb=BT109285 743418
.48 GQ03206_G02.1_clone=GQ03206_G02_cluster=GQ03206_G02_status=complete_gb=BT109252 8109708
.19 GQ03206_G02.1_clone=GQ03206_G02_cluster=GQ03206_G02_status=complete_gb=BT109252 8108610
.51 GQ03206_F23.1_clone=GQ03206_F23_cluster=GQ03206_F23_status=complete_gb=BT109250 8124253
.41 GQ03206_C05.1_clone=GQ03206_C05_cluster=GQ03206_C05_status=complete_gb=BT109227 8233419
.21 GQ03206_C05.1_clone=GQ03206_C05_cluster=GQ03206_C05_status=complete_gb=BT109227 8113675
.26 GQ03205_O14.1_clone=GQ03205_O14_cluster=GQ03205_O14_status=complete_gb=BT109211 8233494
.27 GQ03205_O14.1_clone=GQ03205_O14_cluster=GQ03205_O14_status=complete_gb=BT109211 1028366
.27 GQ03205_M11.1_clone=GQ03205_M11_cluster=GQ03205_M11_status=complete_gb=BT109201 8118388
.40 GQ03205_M11.1_clone=GQ03205_M11_cluster=GQ03205_M11_status=complete_gb=BT109201 8120673
.32 GQ03205_J23.1_clone=GQ03205_J23_cluster=GQ03205_J23_status=complete_gb=BT109185 1506482
.53 GQ03205_J23.1_clone=GQ03205_J23_cluster=GQ03205_J23_status=complete_gb=BT109185 1506482
.18 GQ03205_G22.1_clone=GQ03205_G22_cluster=GQ03205_G22_status=complete_gb=BT109162 8111746
.81 GQ03205_G22.1_clone=GQ03205_G22_cluster=GQ03205_G22_status=complete_gb=BT109162 8120553
.88 GQ03205_F02.1_clone=GQ03205_F02_cluster=GQ03205_F02_status=complete_gb=BT109158 8233536
.98 GQ03205_D18.1_clone=GQ03205_D18_cluster=GQ03205_D18_status=complete_gb=BT109154 8233370
.24 GQ03204_I22.2_clone=GQ03204_I22_cluster=GQ03204_I22_status=complete_gb=BT109094 8108046
.13 GQ03204_I22.2_clone=GQ03204_I22_cluster=GQ03204_I22_status=complete_gb=BT109094 1631306
.12 GQ03204_I22.2_clone=GQ03204_I22_cluster=GQ03204_I22_status=complete_gb=BT109094 4197130
.59 GQ03204_H03.1_clone=GQ03204_H03_cluster=GQ03204_H03_status=complete_gb=BT109085 8233468
.20 GQ03204_H03.1_clone=GQ03204_H03_cluster=GQ03204_H03_status=complete_gb=BT109085 8124817
.13 GQ03204_H03.1_clone=GQ03204_H03_cluster=GQ03204_H03_status=complete_gb=BT109085 3359097
.42 GQ03204_E24.1_clone=GQ03204_E24_cluster=GQ03204_E24_status=complete_gb=BT109069 8123156
.18 GQ03204_E24.1_clone=GQ03204_E24_cluster=GQ03204_E24_status=complete_gb=BT109069 1796180
.99 GQ03203_E23.1_clone=GQ03203_E23_cluster=GQ03203_E23_status=complete_gb=BT108983 8233530
.26 GQ03202_O05.1_clone=GQ03202_O05_cluster=GQ03202_O05_status=complete_gb=BT108946 2766443
.21 GQ03202_O05.1_clone=GQ03202_O05_cluster=GQ03202_O05_status=complete_gb=BT108946 2825579
.19 GQ03202_O05.1_clone=GQ03202_O05_cluster=GQ03202_O05_status=complete_gb=BT108946 2302251
.17 GQ03202_O05.1_clone=GQ03202_O05_cluster=GQ03202_O05_status=complete_gb=BT108946 4906645
.14 GQ03202_O05.1_clone=GQ03202_O05_cluster=GQ03202_O05_status=complete_gb=BT108946 3029850
.20 GQ03201_I23.1_clone=GQ03201_I23_cluster=GQ03201_I23_status=complete_gb=BT108826 8134387
.14 GQ03201_I23.1_clone=GQ03201_I23_cluster=GQ03201_I23_status=complete_gb=BT108826 5543242
.28 GQ03201_C04.1_clone=GQ03201_C04_cluster=GQ03201_C04_status=complete_gb=BT108795 3408632
.15 GQ03201_C04.1_clone=GQ03201_C04_cluster=GQ03201_C04_status=complete_gb=BT108795 4124631
.15 GQ03201_C04.1_clone=GQ03201_C04_cluster=GQ03201_C04_status=complete_gb=BT108795 4628455
.27 GQ03126_P23.1_clone=GQ03126_P23_cluster=GQ03126_P23_status=complete_gb=BT108783 8120840
.19 GQ03126_P23.1_clone=GQ03126_P23_cluster=GQ03126_P23_status=complete_gb=BT108783 2198539
.19 GQ03126_P23.1_clone=GQ03126_P23_cluster=GQ03126_P23_status=complete_gb=BT108783 8119952
.08 GQ03126_P23.1_clone=GQ03126_P23_cluster=GQ03126_P23_status=complete_gb=BT108783 8233375
.37 GQ03126_F18.1_clone=GQ03126_F18_cluster=GQ03126_F18_status=complete_gb=BT108739 8233417
.20 GQ03126_F18.1_clone=GQ03126_F18_cluster=GQ03126_F18_status=complete_gb=BT108739 1871659
.99 GQ03126_D10.1_clone=GQ03126_D10_cluster=GQ03126_D10_status=complete_gb=BT108730 8233541
.54 GQ03125_N10.1_clone=GQ03125_N10_cluster=GQ03125_N10_status=complete_gb=BT108715 2320042
.03 GQ03125_N10.1_clone=GQ03125_N10_cluster=GQ03125_N10_status=complete_gb=BT108715 6200804
.55 GQ03125_L24.1_clone=GQ03125_L24_cluster=GQ03125_L24_status=complete_gb=BT108713 940135
.14 GQ03125_L24.1_clone=GQ03125_L24_cluster=GQ03125_L24_status=complete_gb=BT108713 2920158
.12 GQ03125_L24.1_clone=GQ03125_L24_cluster=GQ03125_L24_status=complete_gb=BT108713 3346414
.31 GQ03125_F09.1_clone=GQ03125_F09_cluster=GQ03125_F09_status=complete_gb=BT108683 2427307
.37 GQ03125_A02.1_clone=GQ03125_A02_cluster=GQ03125_A02_status=complete_gb=BT108651 8233454
.23 GQ03125_A02.1_clone=GQ03125_A02_cluster=GQ03125_A02_status=complete_gb=BT108651 8125015
.11 GQ03125_A02.1_clone=GQ03125_A02_cluster=GQ03125_A02_status=complete_gb=BT108651 2968543
.11 GQ03125_A02.1_clone=GQ03125_A02_cluster=GQ03125_A02_status=complete_gb=BT108651 3423279
.41 GQ03124_L14.1_clone=GQ03124_L14_cluster=GQ03124_L14_status=complete_gb=BT108638 8116400
.14 GQ03124_L14.1_clone=GQ03124_L14_cluster=GQ03124_L14_status=complete_gb=BT108638 8116399
.79 GQ03124_K15.1_clone=GQ03124_K15_cluster=GQ03124_K15_status=complete_gb=BT108634 8233346
.45 GQ03124_E09.1_clone=GQ03124_E09_cluster=GQ03124_E09_status=complete_gb=BT108607 8109883
.60 GQ03123_C17.1_clone=GQ03123_C17_cluster=GQ03123_C17_status=complete_gb=BT108531 1061653
.17 GQ03123_C17.1_clone=GQ03123_C17_cluster=GQ03123_C17_status=complete_gb=BT108531 8121113
.51 GQ03122_O01.1_clone=GQ03122_O01_cluster=GQ03122_O01_status=complete_gb=BT108510 8233510
.13 GQ03122_O01.1_clone=GQ03122_O01_cluster=GQ03122_O01_status=complete_gb=BT108510 8123914
.99 GQ03121_M05.1_clone=GQ03121_M05_cluster=GQ03121_M05_status=complete_gb=BT108437 8233436
.80 GQ03121_I01.1_clone=GQ03121_I01_cluster=GQ03121_I01_status=complete_gb=BT108415 8233386
.13 GQ03121_I01.1_clone=GQ03121_I01_cluster=GQ03121_I01_status=complete_gb=BT108415 5236967
.44 GQ03121_C01.1_clone=GQ03121_C01_cluster=GQ03121_C01_status=complete_gb=BT108383 8110428
.11 GQ03121_C01.1_clone=GQ03121_C01_cluster=GQ03121_C01_status=complete_gb=BT108383 3956215
.28 GQ03119_O23.1_clone=GQ03119_O23_cluster=GQ03119_O23_status=complete_gb=BT108314 8233395
.27 GQ03119_O23.1_clone=GQ03119_O23_cluster=GQ03119_O23_status=complete_gb=BT108314 2687068
.01 GQ03119_O23.1_clone=GQ03119_O23_cluster=GQ03119_O23_status=complete_gb=BT108314 8115611
.40 GQ03119_I21.1_clone=GQ03119_I21_cluster=GQ03119_I21_status=complete_gb=BT108289 8109822
.38 GQ03119_I21.1_clone=GQ03119_I21_cluster=GQ03119_I21_status=complete_gb=BT108289 8109823
.55 GQ03119_A04.1_clone=GQ03119_A04_cluster=GQ03119_A04_status=complete_gb=BT108255 8233520
.13 GQ03119_A04.1_clone=GQ03119_A04_cluster=GQ03119_A04_status=complete_gb=BT108255 1070774
.12 GQ03119_A04.1_clone=GQ03119_A04_cluster=GQ03119_A04_status=complete_gb=BT108255 1832846
.12 GQ03119_A04.1_clone=GQ03119_A04_cluster=GQ03119_A04_status=complete_gb=BT108255 3030829
