.19 WS0338_B10.1_clone=WS0338_B10_cluster=WS0338_B10_status=3 5793512
.46 WS0338_B10.1_clone=WS0338_B10_cluster=WS0338_B10_status=3 10847755
.26 WS0337_O12.1_clone=WS0337_O12_cluster=WS0337_O12_status=3 5101699
.25 WS0337_O12.1_clone=WS0337_O12_cluster=WS0337_O12_status=3 10850552
.49 WS0325_D17.1_clone=WS0325_D17_cluster=WS0325_D17_status=3 10849199
.21 WS0325_D17.1_clone=WS0325_D17_cluster=WS0325_D17_status=3 10846125
.78 WS0322_P17.1_clone=WS0322_P17_cluster=WS0322_P17_status=complete 10860661
.84 WS03215_H11.1_clone=WS03215_H11_cluster=WS03215_H11_status=3 10992767
.64 WS03215_E14.1_clone=WS03215_E14_cluster=WS03215_E14_status=3 10992746
.34 WS03215_E14.1_clone=WS03215_E14_cluster=WS03215_E14_status=3 4073611
.32 WS03213_L02.1_clone=WS03213_L02_cluster=WS03213_L02_status=complete 3250202
.25 WS03213_L02.1_clone=WS03213_L02_cluster=WS03213_L02_status=complete 4155355
.49 WS0269_P08.1_clone=WS0269_P08_cluster=WS0269_P08_status=3 3400915
.43 WS0269_P08.1_clone=WS0269_P08_cluster=WS0269_P08_status=3 10846968
.54 WS02628_D23.1_clone=WS02628_D23_cluster=WS02628_D23_status=complete 10854391
.28 WS02628_D23.1_clone=WS02628_D23_cluster=WS02628_D23_status=complete 4792593
.57 WS02623_A15.1_clone=WS02623_A15_cluster=WS02623_A15_status=3 432390
.31 WS02623_A15.1_clone=WS02623_A15_cluster=WS02623_A15_status=3 432436
.25 WS02622_J03.1_clone=WS02622_J03_cluster=WS02622_J03_status=complete 2517101
.33 WS02622_J03.1_clone=WS02622_J03_cluster=WS02622_J03_status=complete 2473397
.23 WS00829_A09.1_clone=WS00829_A09_cluster=WS00829_A09_status=3 10845697
.40 WS00829_A09.1_clone=WS00829_A09_cluster=WS00829_A09_status=3 10845696
.45 WS00821_I06.1_clone=WS00821_I06_cluster=WS00821_I06_status=complete 3546661
.34 WS00821_I06.1_clone=WS00821_I06_cluster=WS00821_I06_status=complete 4633295
.11 WS00753_B09.1_clone=WS00753_B09_cluster=WS00753_B09_status=3 587254
.85 WS00753_B09.1_clone=WS00753_B09_cluster=WS00753_B09_status=3 587255
.31 WS0074_A10.1_clone=WS0074_A10_cluster=WS0074_A10_status=complete 2645999
.29 WS0074_A10.1_clone=WS0074_A10_cluster=WS0074_A10_status=complete 10869383
.70 WS00743_I17.1_clone=WS00743_I17_cluster=WS00743_I17_status=3 10992756
.29 WS00743_I17.1_clone=WS00743_I17_cluster=WS00743_I17_status=3 3922262
.28 WS00742_D20.1_clone=WS00742_D20_cluster=WS00742_D20_status=3 1463072
.43 WS00742_D20.1_clone=WS00742_D20_cluster=WS00742_D20_status=3 10879193
.37 WS00733_B21.1_clone=WS00733_B21_cluster=WS00733_B21_status=3 213244
.27 WS00726_E01.1_clone=WS00726_E01_cluster=WS00726_E01_status=3 10858682
.27 WS00726_E01.1_clone=WS00726_E01_cluster=WS00726_E01_status=3 3321370
.66 snap_masked-168503274-processed-gene-0.18-mRNA-1 8804515
.75 snap_masked-168447110-processed-gene-0.8-mRNA-1 10851159
.18 snap_masked-168447110-processed-gene-0.8-mRNA-1 10870656
.63 snap_masked-168401588-processed-gene-0.30-mRNA-1 10850951
.13 snap_masked-168401588-processed-gene-0.30-mRNA-1 4432635
.13 snap_masked-168401588-processed-gene-0.30-mRNA-1 4914974
.11 snap_masked-168401588-processed-gene-0.30-mRNA-1 2293103
.86 snap_masked-168320991-processed-gene-0.28-mRNA-1 10855108
.04 snap_masked-168320991-processed-gene-0.28-mRNA-1 5675400
.75 snap_masked-168190406-processed-gene-0.84-mRNA-1 442425
.10 snap_masked-167798297-processed-gene-0.125-mRNA-1 8937774
.78 snap_masked-167798297-processed-gene-0.125-mRNA-1 6096533
.58 snap_masked-166692718-processed-gene-0.3-mRNA-1 10862263
.37 snap_masked-166692718-processed-gene-0.3-mRNA-1 10873304
.29 snap_masked-163417003-processed-gene-0.2-mRNA-1 2090210
.25 snap_masked-163417003-processed-gene-0.2-mRNA-1 3009206
.63 snap_masked-160499389-processed-gene-0.2-mRNA-1 4392467
.36 snap_masked-160499389-processed-gene-0.2-mRNA-1 10817306
.51 maker-28470130-augustus-gene-0.4-mRNA-1 10846757
.18 maker-168577353-augustus-gene-0.73-mRNA-1 5480986
.19 maker-168577353-augustus-gene-0.73-mRNA-1 10895035
.13 maker-168577353-augustus-gene-0.73-mRNA-1 6390531
.48 maker-168577295-augustus-gene-0.127-mRNA-1 10992769
.19 maker-168577295-augustus-gene-0.127-mRNA-1 2087788
.22 maker-168577184-augustus-gene-0.15-mRNA-1 4621073
.16 maker-168577184-augustus-gene-0.15-mRNA-1 2841734
.76 maker-168577173-snap-gene-1.119-mRNA-1 10847239
.17 maker-168577031-augustus-gene-0.26-mRNA-1 2649497
.82 maker-168577031-augustus-gene-0.26-mRNA-1 10850987
.54 maker-168577012-snap-gene-2.94-mRNA-1 10866287
.18 maker-168577012-snap-gene-2.94-mRNA-1 10845941
.62 maker-168576964-augustus-gene-0.72-mRNA-1 10992828
.38 maker-168575971-snap-gene-0.42-mRNA-1 3626303
.23 maker-168575971-snap-gene-0.42-mRNA-1 10851206
.48 maker-168575165-augustus-gene-0.77-mRNA-1 10856205
.21 maker-168575165-augustus-gene-0.77-mRNA-1 10848420
.47 maker-168574279-augustus-gene-0.75-mRNA-1 4599842
.33 maker-168574279-augustus-gene-0.75-mRNA-1 594253
.37 maker-168574056-snap-gene-0.57-mRNA-1 10992849
.18 maker-168574056-snap-gene-0.57-mRNA-1 10992849
.16 maker-168574056-snap-gene-0.57-mRNA-1 1429975
.29 maker-168571238-snap-gene-0.43-mRNA-1 10869962
.19 maker-168571238-snap-gene-0.43-mRNA-1 10864283
.59 maker-168569643-snap-gene-0.65-mRNA-1 5974086
.22 maker-168569643-snap-gene-0.65-mRNA-1 10853304
.16 maker-168564075-augustus-gene-0.62-mRNA-1 6084232
.68 maker-168564075-augustus-gene-0.62-mRNA-1 10852704
.22 maker-168559072-snap-gene-0.53-mRNA-1 10992694
.02 maker-168559072-snap-gene-0.53-mRNA-1 2363677
.13 maker-168556211-snap-gene-1.150-mRNA-1 3920326
.85 maker-168556211-snap-gene-1.150-mRNA-1 10992715
.61 maker-168555804-augustus-gene-0.23-mRNA-1 10992786
.05 maker-168555804-augustus-gene-0.23-mRNA-1 10858598
.56 maker-168553557-snap-gene-0.87-mRNA-2 10992713
.06 maker-168552950-augustus-gene-0.93-mRNA-2 10865620
.80 maker-168552950-augustus-gene-0.93-mRNA-2 10992850
.32 maker-168550589-augustus-gene-0.111-mRNA-1 10849592
.34 maker-168550589-augustus-gene-0.111-mRNA-1 10992813
.87 maker-168543285-snap-gene-0.17-mRNA-1 10992853
.22 maker-168539524-snap-gene-0.12-mRNA-1 10847385
.19 maker-168539524-snap-gene-0.12-mRNA-1 3766865
.31 maker-168538319-snap-gene-0.83-mRNA-1 10866481
.67 maker-168538319-snap-gene-0.83-mRNA-1 10992806
.45 maker-168537694-augustus-gene-0.48-mRNA-1 10846322
.17 maker-168537694-augustus-gene-0.48-mRNA-1 1017991
.70 maker-168533561-snap-gene-0.36-mRNA-1 10992835
.26 maker-168531066-snap-gene-0.31-mRNA-1 10849590
.15 maker-168531066-snap-gene-0.31-mRNA-1 814263
.34 maker-168529816-snap-gene-0.17-mRNA-1 1997197
.53 maker-168529816-snap-gene-0.17-mRNA-1 372298
.52 maker-168528959-augustus-gene-0.21-mRNA-1 10992820
.20 maker-168528959-augustus-gene-0.21-mRNA-1 1206578
.44 maker-168526528-augustus-gene-0.45-mRNA-1 10857700
.31 maker-168526528-augustus-gene-0.45-mRNA-1 3802280
.77 maker-168516704-snap-gene-0.58-mRNA-1 1096180
.13 maker-168516704-snap-gene-0.58-mRNA-1 8174061
.20 maker-168513142-snap-gene-0.15-mRNA-1 2148810
.17 maker-168513142-snap-gene-0.15-mRNA-1 10851631
.61 maker-168512661-snap-gene-0.72-mRNA-1 10992801
.10 maker-168512661-snap-gene-0.72-mRNA-1 10888178
.11 maker-168511479-augustus-gene-0.38-mRNA-1 10871290
.56 maker-168511479-augustus-gene-0.38-mRNA-1 10992837
.14 maker-168504354-snap-gene-0.73-mRNA-2 10855027
.07 maker-168504354-snap-gene-0.73-mRNA-2 2766918
.07 maker-168504354-snap-gene-0.73-mRNA-2 10850205
.05 maker-168504354-snap-gene-0.73-mRNA-2 10865229
.02 maker-168504354-snap-gene-0.73-mRNA-2 5618350
.85 maker-168501272-snap-gene-0.39-mRNA-1 10992843
.08 maker-168501272-snap-gene-0.39-mRNA-1 3231392
.36 maker-168496771-snap-gene-0.19-mRNA-1 10992840
.30 maker-168496771-snap-gene-0.19-mRNA-1 1290649
.06 maker-168496771-snap-gene-0.19-mRNA-1 10992840
.99 maker-168486030-augustus-gene-0.100-mRNA-1 10992772
.73 maker-168458557-augustus-gene-0.54-mRNA-1 10850634
.22 maker-168458557-augustus-gene-0.54-mRNA-1 2521447
.10 maker-168453979-snap-gene-0.24-mRNA-1 5033363
.83 maker-168453979-snap-gene-0.24-mRNA-1 10970455
.18 maker-168446045-augustus-gene-0.67-mRNA-1 3977692
.30 maker-168446045-augustus-gene-0.67-mRNA-1 10869378
.64 maker-168443751-snap-gene-0.68-mRNA-1 10992761
.08 maker-168443751-snap-gene-0.68-mRNA-1 1566885
.08 maker-168443751-snap-gene-0.68-mRNA-1 10863927
.01 maker-168443751-snap-gene-0.68-mRNA-1 1566885
.89 maker-168435126-augustus-gene-0.70-mRNA-1 10849573
.03 maker-168435126-augustus-gene-0.70-mRNA-1 10004982
.89 maker-168431040-snap-gene-1.123-mRNA-1 10992753
.04 maker-168431040-snap-gene-1.123-mRNA-1 3235514
.04 maker-168431040-snap-gene-1.123-mRNA-1 2544681
.04 maker-168431040-snap-gene-1.123-mRNA-1 3230073
.12 maker-168422342-snap-gene-0.79-mRNA-1 4358518
.12 maker-168422342-snap-gene-0.79-mRNA-1 4079210
.11 maker-168422342-snap-gene-0.79-mRNA-1 10905626
.11 maker-168422342-snap-gene-0.79-mRNA-1 5176600
.36 maker-168413301-augustus-gene-0.50-mRNA-1 10873677
.24 maker-168413301-augustus-gene-0.50-mRNA-1 6531057
.51 maker-168402968-augustus-gene-0.11-mRNA-1 10854107
.04 maker-168402968-augustus-gene-0.11-mRNA-1 10849529
.23 maker-168395551-snap-gene-0.45-mRNA-2 4198489
.20 maker-168395551-snap-gene-0.45-mRNA-2 10845584
.44 maker-168390186-snap-gene-0.37-mRNA-1 10870304
.16 maker-168390186-snap-gene-0.37-mRNA-1 1087189
.78 maker-168389011-snap-gene-0.41-mRNA-1 10857944
.15 maker-168389011-snap-gene-0.41-mRNA-1 5328104
.17 maker-168385389-augustus-gene-0.13-mRNA-1 10872197
.24 maker-168376667-snap-gene-0.28-mRNA-1 10992839
.30 maker-168371378-augustus-gene-0.51-mRNA-1 2352202
.26 maker-168371378-augustus-gene-0.51-mRNA-1 10857991
.41 maker-168369745-augustus-gene-0.103-mRNA-1 1378653
.29 maker-168369745-augustus-gene-0.103-mRNA-1 10848182
.46 maker-168366183-augustus-gene-0.8-mRNA-1 8630110
.42 maker-168366183-augustus-gene-0.8-mRNA-1 7807051
.35 maker-168366183-augustus-gene-0.8-mRNA-1 10938552
.24 maker-168363450-augustus-gene-0.79-mRNA-1 10850660
.12 maker-168363450-augustus-gene-0.79-mRNA-1 10846143
.12 maker-168363450-augustus-gene-0.79-mRNA-1 4814527
.09 maker-168363450-augustus-gene-0.79-mRNA-1 2215412
.23 maker-168351830-snap-gene-0.23-mRNA-1 992409
.74 maker-168351830-snap-gene-0.23-mRNA-1 10849193
.36 maker-168350183-snap-gene-0.22-mRNA-1 10849152
.35 maker-168350183-snap-gene-0.22-mRNA-1 10852017
.62 maker-168346859-snap-gene-0.44-mRNA-1 5458461
.33 maker-168346859-snap-gene-0.44-mRNA-1 1492623
.26 maker-168346859-snap-gene-0.44-mRNA-1 4887712
.22 maker-168346325-snap-gene-0.11-mRNA-1 10992830
.13 maker-168346325-snap-gene-0.11-mRNA-1 10852891
.22 maker-168294002-augustus-gene-0.10-mRNA-1 10858964
.18 maker-168294002-augustus-gene-0.10-mRNA-1 10992733
.56 maker-168280945-snap-gene-0.63-mRNA-1 10855567
.26 maker-168280945-snap-gene-0.63-mRNA-1 10855762
.24 maker-168280945-snap-gene-0.63-mRNA-1 10877109
.65 maker-168266138-augustus-gene-0.22-mRNA-1 10992836
.09 maker-168266138-augustus-gene-0.22-mRNA-1 10992836
.24 maker-168264924-augustus-gene-2.60-mRNA-1 2595444
.64 maker-168264924-augustus-gene-2.60-mRNA-1 10846419
.71 maker-168261152-snap-gene-0.94-mRNA-1 10992701
.09 maker-168261152-snap-gene-0.94-mRNA-1 5395520
.34 maker-168256031-augustus-gene-0.9-mRNA-1 10851624
.12 maker-168256031-augustus-gene-0.9-mRNA-1 4010145
.62 maker-168251063-augustus-gene-1.60-mRNA-3 10992845
.09 maker-168251063-augustus-gene-1.60-mRNA-3 2601919
.10 maker-168248846-snap-gene-0.11-mRNA-1 5283103
.78 maker-168248846-snap-gene-0.11-mRNA-1 10992724
.86 maker-168246658-augustus-gene-0.71-mRNA-1 10992765
.48 maker-168241522-snap-gene-0.34-mRNA-1 10846105
.40 maker-168241522-snap-gene-0.34-mRNA-1 10848705
.48 maker-168239665-augustus-gene-0.26-mRNA-1 10853491
.27 maker-168239665-augustus-gene-0.26-mRNA-1 10846698
.64 maker-168233618-augustus-gene-0.42-mRNA-1 10847351
.35 maker-168233618-augustus-gene-0.42-mRNA-1 3821822
.26 maker-168225429-augustus-gene-0.25-mRNA-1 10868810
.18 maker-168225429-augustus-gene-0.25-mRNA-1 1721133
.13 maker-168225429-augustus-gene-0.25-mRNA-1 10846174
.54 maker-168225046-augustus-gene-0.14-mRNA-1 1764458
.24 maker-168225046-augustus-gene-0.14-mRNA-1 10992852
.99 maker-168223701-augustus-gene-0.5-mRNA-1 10992846
.69 maker-168223109-snap-gene-0.12-mRNA-1 10992792
.12 maker-168223109-snap-gene-0.12-mRNA-1 8001863
.57 maker-168221362-snap-gene-0.7-mRNA-1 10885161
.37 maker-168221362-snap-gene-0.7-mRNA-1 10848821
.28 maker-168213272-augustus-gene-0.49-mRNA-1 10849380
.16 maker-168213272-augustus-gene-0.49-mRNA-1 10851983
.48 maker-168209730-snap-gene-0.38-mRNA-1 10847879
.21 maker-168209730-snap-gene-0.38-mRNA-1 10845755
.07 maker-168209730-snap-gene-0.38-mRNA-1 10901419
.27 maker-168204755-snap-gene-0.48-mRNA-1 1375877
.29 maker-168193831-augustus-gene-0.73-mRNA-1 2617995
.70 maker-168193831-augustus-gene-0.73-mRNA-1 10853233
.89 maker-168191671-snap-gene-0.57-mRNA-1 10992819
.26 maker-168191426-augustus-gene-0.29-mRNA-3 10848074
.71 maker-168191426-augustus-gene-0.29-mRNA-3 10992804
.65 maker-168191264-augustus-gene-0.49-mRNA-4 10852218
.12 maker-168191264-augustus-gene-0.49-mRNA-4 3412753
.66 maker-168191264-augustus-gene-0.49-mRNA-2 10852218
.11 maker-168191264-augustus-gene-0.49-mRNA-2 3412753
.16 maker-168190750-augustus-gene-0.80-mRNA-1 10849473
.14 maker-168190750-augustus-gene-0.80-mRNA-1 10853269
.21 maker-168190670-snap-gene-0.77-mRNA-4 1929419
.53 maker-168190670-snap-gene-0.77-mRNA-4 10850786
.84 maker-168190124-augustus-gene-0.85-mRNA-1 10854383
.85 maker-168190112-snap-gene-0.52-mRNA-1 10992793
.10 maker-168190112-snap-gene-0.52-mRNA-1 4191167
.09 maker-168190112-snap-gene-0.52-mRNA-1 3404362
.59 maker-168190028-augustus-gene-0.98-mRNA-1 10992781
.07 maker-168190028-augustus-gene-0.98-mRNA-1 5293375
.75 maker-168190001-snap-gene-0.16-mRNA-1 10992802
.18 maker-168190001-snap-gene-0.16-mRNA-1 10877406
.38 maker-168189998-augustus-gene-0.45-mRNA-1 10878163
.22 maker-168189998-augustus-gene-0.45-mRNA-1 218341
.22 maker-168189998-augustus-gene-0.45-mRNA-1 10845460
.24 maker-168189431-snap-gene-0.41-mRNA-1 10889144
.57 maker-168189431-snap-gene-0.41-mRNA-1 10992687
.71 maker-168188982-snap-gene-0.116-mRNA-1 10992757
.19 maker-168188982-snap-gene-0.116-mRNA-1 10852281
.15 maker-168186996-snap-gene-0.16-mRNA-1 934127
.61 maker-168186996-snap-gene-0.16-mRNA-1 10992841
.38 maker-168185639-augustus-gene-0.75-mRNA-1 10852990
.19 maker-168185639-augustus-gene-0.75-mRNA-1 10849824
.15 maker-168185639-augustus-gene-0.75-mRNA-1 1247053
.67 maker-168185386-augustus-gene-0.17-mRNA-1 10992844
.09 maker-168185386-augustus-gene-0.17-mRNA-1 3731057
.24 maker-168183464-snap-gene-0.7-mRNA-1 10860353
.17 maker-168183464-snap-gene-0.7-mRNA-1 10846356
.25 maker-168107329-snap-gene-0.21-mRNA-1 3281033
.65 maker-168101071-snap-gene-0.14-mRNA-1 10992736
.31 maker-168093928-augustus-gene-0.5-mRNA-1 10869001
.30 maker-168093928-augustus-gene-0.5-mRNA-1 10847796
.24 maker-167990574-augustus-gene-0.8-mRNA-1 10854856
.49 maker-167990574-augustus-gene-0.8-mRNA-1 2288044
.42 maker-167975569-snap-gene-0.51-mRNA-1 10847996
.55 maker-167975569-snap-gene-0.51-mRNA-1 10869679
.77 maker-167924612-snap-gene-0.22-mRNA-1 10992692
.75 maker-167912502-augustus-gene-0.18-mRNA-1 10992709
.32 maker-167887446-augustus-gene-0.6-mRNA-1 10992770
.28 maker-167887446-augustus-gene-0.6-mRNA-1 10847760
.24 maker-167887446-augustus-gene-0.6-mRNA-1 10850398
.35 maker-167884664-augustus-gene-0.6-mRNA-1 4133072
.18 maker-167884664-augustus-gene-0.6-mRNA-1 4634500
.22 maker-167869083-augustus-gene-0.15-mRNA-1 10848134
.20 maker-167869083-augustus-gene-0.15-mRNA-1 1409795
.74 maker-167825238-augustus-gene-0.85-mRNA-2 10992755
.30 maker-167818485-augustus-gene-0.16-mRNA-1 10992834
.20 maker-167818485-augustus-gene-0.16-mRNA-1 10992834
.15 maker-167814911-augustus-gene-0.27-mRNA-1 867384
.08 maker-167814911-augustus-gene-0.27-mRNA-1 10859527
.02 maker-167814911-augustus-gene-0.27-mRNA-1 10870783
.27 maker-167812013-augustus-gene-0.8-mRNA-1 10846647
.23 maker-167812013-augustus-gene-0.8-mRNA-1 10853039
.80 maker-167807726-augustus-gene-0.7-mRNA-1 10992823
.81 maker-167237107-augustus-gene-0.3-mRNA-1 10992752
.11 maker-167237107-augustus-gene-0.3-mRNA-1 3279652
.86 maker-167077547-augustus-gene-0.5-mRNA-1 10992807
.61 maker-166877798-augustus-gene-0.4-mRNA-1 10992810
.20 maker-166673152-augustus-gene-0.3-mRNA-1 10859947
.14 maker-166673152-augustus-gene-0.3-mRNA-1 4383119
.54 maker-166585600-snap-gene-0.8-mRNA-1 10899413
.68 maker-166388279-augustus-gene-0.4-mRNA-1 10848036
.17 maker-166388279-augustus-gene-0.4-mRNA-1 256545
.16 maker-166124770-snap-gene-0.6-mRNA-1 3890651
.17 maker-166124770-snap-gene-0.6-mRNA-1 3899098
.25 maker-164217084-snap-gene-0.4-mRNA-1 10846076
.21 maker-164217084-snap-gene-0.4-mRNA-1 10851702
.21 maker-162631872-augustus-gene-0.4-mRNA-1 10873503
.48 maker-162631872-augustus-gene-0.4-mRNA-1 10862807
.48 maker-162098822-augustus-gene-0.4-mRNA-1 10992783
.36 maker-162098822-augustus-gene-0.4-mRNA-1 10860645
.46 GQ04113_O10.1_clone=GQ04113_O10_cluster=GQ04113_O10_status=complete_gb=BT119997 10858747
.36 GQ04113_O10.1_clone=GQ04113_O10_cluster=GQ04113_O10_status=complete_gb=BT119997 10851991
.34 GQ04113_L14.1_clone=GQ04113_L14_cluster=GQ04113_L14_status=complete_gb=BT119988 3473008
.44 GQ04113_L14.1_clone=GQ04113_L14_cluster=GQ04113_L14_status=complete_gb=BT119988 10850804
.35 GQ04113_I01.3_clone=GQ04113_I01_cluster=GQ04113_I01_status=complete_gb=BT119975 10874393
.18 GQ04113_I01.3_clone=GQ04113_I01_cluster=GQ04113_I01_status=complete_gb=BT119975 10848444
.18 GQ04112_F22.1_clone=GQ04112_F22_cluster=GQ04112_F22_status=complete_gb=BT119916 7314603
.51 GQ04112_F22.1_clone=GQ04112_F22_cluster=GQ04112_F22_status=complete_gb=BT119916 2275920
.62 GQ04112_C19.2_clone=GQ04112_C19_cluster=GQ04112_C19_status=complete_gb=BT119905 10855916
.31 GQ04111_F17.1_clone=GQ04111_F17_cluster=GQ04111_F17_status=complete_gb=BT119864 10851605
.19 GQ04111_F17.1_clone=GQ04111_F17_cluster=GQ04111_F17_status=complete_gb=BT119864 10852585
.57 GQ04110_H21.1_clone=GQ04110_H21_cluster=GQ04110_H21_status=complete_gb=BT119816 10858100
.28 GQ04110_H21.1_clone=GQ04110_H21_cluster=GQ04110_H21_status=complete_gb=BT119816 10862118
.17 GQ04110_F16.1_clone=GQ04110_F16_cluster=GQ04110_F16_status=complete_gb=BT119810 2199808
.76 GQ04110_F16.1_clone=GQ04110_F16_cluster=GQ04110_F16_status=complete_gb=BT119810 10992743
.20 GQ04110_C13.1_clone=GQ04110_C13_cluster=GQ04110_C13_status=complete_gb=BT119794 2480272
.71 GQ04110_C13.1_clone=GQ04110_C13_cluster=GQ04110_C13_status=complete_gb=BT119794 10992816
.28 GQ04109_K22.4_clone=GQ04109_K22_cluster=GQ04109_K22_status=complete_gb=BT119755 10856244
.21 GQ04109_K22.4_clone=GQ04109_K22_cluster=GQ04109_K22_status=complete_gb=BT119755 10868479
.61 GQ04109_H04.2_clone=GQ04109_H04_cluster=GQ04109_H04_status=complete_gb=BT119739 10992780
.09 GQ04109_H04.2_clone=GQ04109_H04_cluster=GQ04109_H04_status=complete_gb=BT119739 2281378
.42 GQ04109_E07.2_clone=GQ04109_E07_cluster=GQ04109_E07_status=complete_gb=BT119722 10848101
.21 GQ04109_E07.2_clone=GQ04109_E07_cluster=GQ04109_E07_status=complete_gb=BT119722 3907764
.34 GQ04109_E03.1_clone=GQ04109_E03_cluster=GQ04109_E03_status=complete_gb=BT119721 10853071
.12 GQ04109_E03.1_clone=GQ04109_E03_cluster=GQ04109_E03_status=complete_gb=BT119721 3850715
.13 GQ04109_E03.1_clone=GQ04109_E03_cluster=GQ04109_E03_status=complete_gb=BT119721 3264444
.13 GQ04109_E03.1_clone=GQ04109_E03_cluster=GQ04109_E03_status=complete_gb=BT119721 1885017
.13 GQ04109_E03.1_clone=GQ04109_E03_cluster=GQ04109_E03_status=complete_gb=BT119721 2415426
.51 GQ04107_N17.3_clone=GQ04107_N17_cluster=GQ04107_N17_status=complete_gb=BT119619 10992734
.33 GQ04107_N17.3_clone=GQ04107_N17_cluster=GQ04107_N17_status=complete_gb=BT119619 3044687
.30 GQ04107_L23.1_clone=GQ04107_L23_cluster=GQ04107_L23_status=complete_gb=BT119608 4033600
.41 GQ04107_L23.1_clone=GQ04107_L23_cluster=GQ04107_L23_status=complete_gb=BT119608 10992774
.74 GQ04107_I03.1_clone=GQ04107_I03_cluster=GQ04107_I03_status=complete_gb=BT119583 10992696
.25 GQ04107_I03.1_clone=GQ04107_I03_cluster=GQ04107_I03_status=complete_gb=BT119583 10992696
.02 GQ04107_H14.1_clone=GQ04107_H14_cluster=GQ04107_H14_status=complete_gb=BT119582 10992737
.38 GQ04107_A09.1_clone=GQ04107_A09_cluster=GQ04107_A09_status=complete_gb=BT119550 10847359
.09 GQ04107_A09.1_clone=GQ04107_A09_cluster=GQ04107_A09_status=complete_gb=BT119550 10845532
.66 GQ04106_L12.1_clone=GQ04106_L12_cluster=GQ04106_L12_status=complete_gb=BT119526 2272061
.32 GQ04106_L12.1_clone=GQ04106_L12_cluster=GQ04106_L12_status=complete_gb=BT119526 3401320
.35 GQ04105_J04.1_clone=GQ04105_J04_cluster=GQ04105_J04_status=complete_gb=BT119430 4287860
.51 GQ04104_N16.1_clone=GQ04104_N16_cluster=GQ04104_N16_status=complete_gb=BT119377 10992721
.23 GQ04104_N16.1_clone=GQ04104_N16_cluster=GQ04104_N16_status=complete_gb=BT119377 3155057
.15 GQ04104_N16.1_clone=GQ04104_N16_cluster=GQ04104_N16_status=complete_gb=BT119377 4374313
.36 GQ04104_L06.1_clone=GQ04104_L06_cluster=GQ04104_L06_status=complete_gb=BT119361 10846673
.26 GQ04104_L06.1_clone=GQ04104_L06_cluster=GQ04104_L06_status=complete_gb=BT119361 2097849
.18 GQ04103_M18.1_clone=GQ04103_M18_cluster=GQ04103_M18_status=complete_gb=BT119291 10847092
.33 GQ04103_M18.1_clone=GQ04103_M18_cluster=GQ04103_M18_status=complete_gb=BT119291 10846146
.43 GQ04103_F01.1_clone=GQ04103_F01_cluster=GQ04103_F01_status=complete_gb=BT119267 1785342
.25 GQ04103_F01.1_clone=GQ04103_F01_cluster=GQ04103_F01_status=complete_gb=BT119267 6757412
.23 GQ04103_F01.1_clone=GQ04103_F01_cluster=GQ04103_F01_status=complete_gb=BT119267 4053105
.65 GQ04103_E05.1_clone=GQ04103_E05_cluster=GQ04103_E05_status=complete_gb=BT119261 10864495
.24 GQ04103_E05.1_clone=GQ04103_E05_cluster=GQ04103_E05_status=complete_gb=BT119261 10845676
.75 GQ04103_C10.1_clone=GQ04103_C10_cluster=GQ04103_C10_status=complete_gb=BT119246 2640464
.28 GQ04102_O05.1_clone=GQ04102_O05_cluster=GQ04102_O05_status=complete_gb=BT119234 10846363
.20 GQ04102_O05.1_clone=GQ04102_O05_cluster=GQ04102_O05_status=complete_gb=BT119234 10847600
.56 GQ04102_N06.1_clone=GQ04102_N06_cluster=GQ04102_N06_status=complete_gb=BT119226 3340566
.19 GQ04102_N06.1_clone=GQ04102_N06_cluster=GQ04102_N06_status=complete_gb=BT119226 10884564
.89 GQ04102_G23.1_clone=GQ04102_G23_cluster=GQ04102_G23_status=complete_gb=BT119184 10992747
.19 GQ04102_D18.1_clone=GQ04102_D18_cluster=GQ04102_D18_status=complete_gb=BT119169 10876575
.80 GQ04102_D18.1_clone=GQ04102_D18_cluster=GQ04102_D18_status=complete_gb=BT119169 10992831
.40 GQ04101_P12.1_clone=GQ04101_P12_cluster=GQ04101_P12_status=complete_gb=BT119149 10992833
.14 GQ04101_P12.1_clone=GQ04101_P12_cluster=GQ04101_P12_status=complete_gb=BT119149 1855562
.11 GQ04101_P12.1_clone=GQ04101_P12_cluster=GQ04101_P12_status=complete_gb=BT119149 2116392
.46 GQ04013_O17.2_clone=GQ04013_O17_cluster=GQ04013_O17_status=complete_gb=BT119059 10992855
.27 GQ04013_O17.2_clone=GQ04013_O17_cluster=GQ04013_O17_status=complete_gb=BT119059 10992855
.29 GQ04013_O10.1_clone=GQ04013_O10_cluster=GQ04013_O10_status=complete_gb=BT119056 1131122
.25 GQ04013_O10.1_clone=GQ04013_O10_cluster=GQ04013_O10_status=complete_gb=BT119056 10853374
.75 GQ04013_M08.1_clone=GQ04013_M08_cluster=GQ04013_M08_status=complete_gb=BT119046 10992731
.42 GQ04013_F21.1_clone=GQ04013_F21_cluster=GQ04013_F21_status=complete_gb=BT119012 3487582
.17 GQ04013_F21.1_clone=GQ04013_F21_cluster=GQ04013_F21_status=complete_gb=BT119012 10949812
.14 GQ04013_F21.1_clone=GQ04013_F21_cluster=GQ04013_F21_status=complete_gb=BT119012 8456847
.18 GQ04013_E17.1_clone=GQ04013_E17_cluster=GQ04013_E17_status=complete_gb=BT119008 7184088
.59 GQ04013_E17.1_clone=GQ04013_E17_cluster=GQ04013_E17_status=complete_gb=BT119008 10864110
.86 GQ04013_C19.1_clone=GQ04013_C19_cluster=GQ04013_C19_status=complete_gb=BT118998 10992827
.12 GQ04013_C19.1_clone=GQ04013_C19_cluster=GQ04013_C19_status=complete_gb=BT118998 10992827
.23 GQ04012_L01.2_clone=GQ04012_L01_cluster=GQ04012_L01_status=5 10845946
.48 GQ04012_L01.2_clone=GQ04012_L01_cluster=GQ04012_L01_status=5 561068
.39 GQ04012_D01.1_clone=GQ04012_D01_cluster=GQ04012_D01_status=complete_gb=BT118944 10992824
.62 GQ04012_B21.4_clone=GQ04012_B21_cluster=GQ04012_B21_status=complete_gb=BT118938 10992719
.99 GQ04011_K07.1_clone=GQ04011_K07_cluster=GQ04011_K07_status=complete_gb=BT118899 10992832
.47 GQ04011_G12.1_clone=GQ04011_G12_cluster=GQ04011_G12_status=complete_gb=BT118878 10992790
.44 GQ04011_G12.1_clone=GQ04011_G12_cluster=GQ04011_G12_status=complete_gb=BT118878 1288969
.30 GQ04011_A09.1_clone=GQ04011_A09_cluster=GQ04011_A09_status=complete_gb=BT118854 10943997
.31 GQ04011_A09.1_clone=GQ04011_A09_cluster=GQ04011_A09_status=complete_gb=BT118854 10979375
.54 GQ04010_I15.1_clone=GQ04010_I15_cluster=GQ04010_I15_status=complete_gb=BT118812 10858167
.14 GQ04010_I15.1_clone=GQ04010_I15_cluster=GQ04010_I15_status=complete_gb=BT118812 10847746
.13 GQ04010_I15.1_clone=GQ04010_I15_cluster=GQ04010_I15_status=complete_gb=BT118812 3479460
.14 GQ04010_I15.1_clone=GQ04010_I15_cluster=GQ04010_I15_status=complete_gb=BT118812 5549560
.22 GQ04010_F24.1_clone=GQ04010_F24_cluster=GQ04010_F24_status=complete_gb=BT118799 10854464
.12 GQ04010_F24.1_clone=GQ04010_F24_cluster=GQ04010_F24_status=complete_gb=BT118799 3620997
.51 GQ04009_P22.1_clone=GQ04009_P22_cluster=GQ04009_P22_status=complete_gb=BT118765 10992686
.16 GQ04009_P22.1_clone=GQ04009_P22_cluster=GQ04009_P22_status=complete_gb=BT118765 3114351
.17 GQ04009_P22.1_clone=GQ04009_P22_cluster=GQ04009_P22_status=complete_gb=BT118765 5263997
.15 GQ04009_P22.1_clone=GQ04009_P22_cluster=GQ04009_P22_status=complete_gb=BT118765 10887116
.21 GQ04009_L06.1_clone=GQ04009_L06_cluster=GQ04009_L06_status=complete_gb=BT118733 10992748
.19 GQ04009_L06.1_clone=GQ04009_L06_cluster=GQ04009_L06_status=complete_gb=BT118733 3016454
.17 GQ04009_L06.1_clone=GQ04009_L06_cluster=GQ04009_L06_status=complete_gb=BT118733 3454117
.18 GQ04009_L06.1_clone=GQ04009_L06_cluster=GQ04009_L06_status=complete_gb=BT118733 4736428
.06 GQ04009_L06.1_clone=GQ04009_L06_cluster=GQ04009_L06_status=complete_gb=BT118733 3801316
.33 GQ04009_H12.1_clone=GQ04009_H12_cluster=GQ04009_H12_status=complete_gb=BT118713 1798113
.21 GQ04009_H12.1_clone=GQ04009_H12_cluster=GQ04009_H12_status=complete_gb=BT118713 3844384
.36 GQ04009_G11.1_clone=GQ04009_G11_cluster=GQ04009_G11_status=complete_gb=BT118705 2088796
.29 GQ04009_G11.1_clone=GQ04009_G11_cluster=GQ04009_G11_status=complete_gb=BT118705 2385189
.77 GQ04009_F03.1_clone=GQ04009_F03_cluster=GQ04009_F03_status=complete_gb=BT118702 10992856
.22 GQ04009_F03.1_clone=GQ04009_F03_cluster=GQ04009_F03_status=complete_gb=BT118702 10846554
.70 GQ04008_M01.1_clone=GQ04008_M01_cluster=GQ04008_M01_status=complete_gb=BT118663 10992825
.28 GQ04008_M01.1_clone=GQ04008_M01_cluster=GQ04008_M01_status=complete_gb=BT118663 10862811
.18 GQ04008_H22.1_clone=GQ04008_H22_cluster=GQ04008_H22_status=complete_gb=BT118646 10847945
.30 GQ04008_H22.1_clone=GQ04008_H22_cluster=GQ04008_H22_status=complete_gb=BT118646 10847944
.28 GQ04008_G13.1_clone=GQ04008_G13_cluster=GQ04008_G13_status=complete_gb=BT118637 2616618
.20 GQ04008_G13.1_clone=GQ04008_G13_cluster=GQ04008_G13_status=complete_gb=BT118637 7202886
.73 GQ04008_C08.1_clone=GQ04008_C08_cluster=GQ04008_C08_status=complete_gb=BT118603 10992729
.14 GQ04008_C08.1_clone=GQ04008_C08_cluster=GQ04008_C08_status=complete_gb=BT118603 3895761
.10 GQ04008_C08.1_clone=GQ04008_C08_cluster=GQ04008_C08_status=complete_gb=BT118603 3538357
.10 GQ04008_C08.1_clone=GQ04008_C08_cluster=GQ04008_C08_status=complete_gb=BT118603 6668468
.51 GQ04007_P09.1_clone=GQ04007_P09_cluster=GQ04007_P09_status=complete_gb=BT118583 10992695
.25 GQ04007_P09.1_clone=GQ04007_P09_cluster=GQ04007_P09_status=complete_gb=BT118583 6586540
.24 GQ04007_K19.1_clone=GQ04007_K19_cluster=GQ04007_K19_status=complete_gb=BT118557 10854387
.48 GQ04007_K19.1_clone=GQ04007_K19_cluster=GQ04007_K19_status=complete_gb=BT118557 10992795
.44 GQ04007_I21.1_clone=GQ04007_I21_cluster=GQ04007_I21_status=complete_gb=BT118544 10849343
.33 GQ04007_I21.1_clone=GQ04007_I21_cluster=GQ04007_I21_status=complete_gb=BT118544 10857800
.99 GQ04007_H08.1_clone=GQ04007_H08_cluster=GQ04007_H08_status=complete_gb=BT118534 10992838
.41 GQ04007_G09.1_clone=GQ04007_G09_cluster=GQ04007_G09_status=complete_gb=BT118532 10992799
.62 GQ04007_E07.1_clone=GQ04007_E07_cluster=GQ04007_E07_status=complete_gb=BT118521 10992796
.23 GQ04007_D17.1_clone=GQ04007_D17_cluster=GQ04007_D17_status=complete_gb=BT118517 10849491
.23 GQ04007_D17.1_clone=GQ04007_D17_cluster=GQ04007_D17_status=complete_gb=BT118517 2220191
.20 GQ04007_D17.1_clone=GQ04007_D17_cluster=GQ04007_D17_status=complete_gb=BT118517 4308534
.33 GQ04007_D12.2_clone=GQ04007_D12_cluster=GQ04007_D12_status=5 2340218
.23 GQ04007_D12.2_clone=GQ04007_D12_cluster=GQ04007_D12_status=5 2340232
.10 GQ04006_E08.1_clone=GQ04006_E08_cluster=GQ04006_E08_status=complete_gb=BT118427 4329557
.89 GQ04006_E08.1_clone=GQ04006_E08_cluster=GQ04006_E08_status=complete_gb=BT118427 10873623
.16 GQ04006_C06.1_clone=GQ04006_C06_cluster=GQ04006_C06_status=complete_gb=BT118414 4842157
.16 GQ04006_C06.1_clone=GQ04006_C06_cluster=GQ04006_C06_status=complete_gb=BT118414 2073539
.26 GQ04006_A23.1_clone=GQ04006_A23_cluster=GQ04006_A23_status=complete_gb=BT118405 4872643
.28 GQ04006_A23.1_clone=GQ04006_A23_cluster=GQ04006_A23_status=complete_gb=BT118405 4872646
.31 GQ04005_M15.1_clone=GQ04005_M15_cluster=GQ04005_M15_status=complete_gb=BT118382 4795058
.59 GQ04005_M15.1_clone=GQ04005_M15_cluster=GQ04005_M15_status=complete_gb=BT118382 4795058
.78 GQ04005_M11.1_clone=GQ04005_M11_cluster=GQ04005_M11_status=complete_gb=BT118379 10992817
.08 GQ04005_M11.1_clone=GQ04005_M11_cluster=GQ04005_M11_status=complete_gb=BT118379 8839581
.20 GQ04005_G07.1_clone=GQ04005_G07_cluster=GQ04005_G07_status=complete_gb=BT118348 1845482
.15 GQ04005_G07.1_clone=GQ04005_G07_cluster=GQ04005_G07_status=complete_gb=BT118348 10868507
.63 GQ04005_F23.1_clone=GQ04005_F23_cluster=GQ04005_F23_status=complete_gb=BT118346 10847234
.19 GQ04005_F23.1_clone=GQ04005_F23_cluster=GQ04005_F23_status=complete_gb=BT118346 10848265
.44 GQ04005_B22.1_clone=GQ04005_B22_cluster=GQ04005_B22_status=complete_gb=BT118325 10860343
.41 GQ04005_B22.1_clone=GQ04005_B22_cluster=GQ04005_B22_status=complete_gb=BT118325 2701363
.78 GQ04004_K14.2_clone=GQ04004_K14_cluster=GQ04004_K14_status=complete_gb=BT118283 10849593
.10 GQ04004_K14.2_clone=GQ04004_K14_cluster=GQ04004_K14_status=complete_gb=BT118283 10883668
.10 GQ04003_N07.1_clone=GQ04003_N07_cluster=GQ04003_N07_status=complete_gb=BT118227 4831452
.88 GQ04003_N07.1_clone=GQ04003_N07_cluster=GQ04003_N07_status=complete_gb=BT118227 10992809
.99 GQ04003_K16.1_clone=GQ04003_K16_cluster=GQ04003_K16_status=complete_gb=BT118213 10859141
.89 GQ04003_K10.1_clone=GQ04003_K10_cluster=GQ04003_K10_status=complete_gb=BT118210 10992794
.07 GQ04003_K10.1_clone=GQ04003_K10_cluster=GQ04003_K10_status=complete_gb=BT118210 1989810
.07 GQ04003_K10.1_clone=GQ04003_K10_cluster=GQ04003_K10_status=complete_gb=BT118210 4434152
.32 GQ04003_H03.1_clone=GQ04003_H03_cluster=GQ04003_H03_status=complete_gb=BT118192 10854114
.20 GQ04003_H03.1_clone=GQ04003_H03_cluster=GQ04003_H03_status=complete_gb=BT118192 5671327
.32 GQ04003_G08.1_clone=GQ04003_G08_cluster=GQ04003_G08_status=complete_gb=BT118189 10853795
.02 GQ04003_G08.1_clone=GQ04003_G08_cluster=GQ04003_G08_status=complete_gb=BT118189 3271409
.35 GQ04003_E10.1_clone=GQ04003_E10_cluster=GQ04003_E10_status=complete_gb=BT118177 10992813
.28 GQ04003_E10.1_clone=GQ04003_E10_cluster=GQ04003_E10_status=complete_gb=BT118177 10855979
.18 GQ04003_C15.1_clone=GQ04003_C15_cluster=GQ04003_C15_status=complete_gb=BT118165 10855625
.16 GQ04003_C15.1_clone=GQ04003_C15_cluster=GQ04003_C15_status=complete_gb=BT118165 5823628
.14 GQ04003_C15.1_clone=GQ04003_C15_cluster=GQ04003_C15_status=complete_gb=BT118165 2870120
.39 GQ04002_K17.4_clone=GQ04002_K17_cluster=GQ04002_K17_status=53 10992851
.77 GQ04002_I15.1_clone=GQ04002_I15_cluster=GQ04002_I15_status=complete_gb=BT118113 10992805
.16 GQ04002_I15.1_clone=GQ04002_I15_cluster=GQ04002_I15_status=complete_gb=BT118113 10846037
.35 GQ04002_B09.1_clone=GQ04002_B09_cluster=GQ04002_B09_status=complete_gb=BT118078 10848475
.47 GQ04002_B09.1_clone=GQ04002_B09_cluster=GQ04002_B09_status=complete_gb=BT118078 10852545
.33 GQ04001_B19.1_clone=GQ04001_B19_cluster=GQ04001_B19_status=complete_gb=BT118008 10846907
.27 GQ04001_B19.1_clone=GQ04001_B19_cluster=GQ04001_B19_status=complete_gb=BT118008 2534755
.73 GQ03919_J21.2_clone=GQ03919_J21_cluster=GQ03919_J21_status=complete_gb=BT117986 10992857
.30 GQ03919_B21.3_clone=GQ03919_B21_cluster=GQ03919_B21_status=53 10992717
.51 GQ03917_E17.1_clone=GQ03917_E17_cluster=GQ03917_E17_status=complete_gb=BT117922 10856227
.24 GQ03917_E17.1_clone=GQ03917_E17_cluster=GQ03917_E17_status=complete_gb=BT117922 10867293
.21 GQ03915_N06.3_clone=GQ03915_N06_cluster=GQ03915_N06_status=complete_gb=BT117886 10858818
.01 GQ03915_N06.3_clone=GQ03915_N06_cluster=GQ03915_N06_status=complete_gb=BT117886 10847268
.39 GQ03914_J23.1_clone=GQ03914_J23_cluster=GQ03914_J23_status=complete_gb=BT117854 4585234
.36 GQ03914_J23.1_clone=GQ03914_J23_cluster=GQ03914_J23_status=complete_gb=BT117854 7200170
.28 GQ03914_J23.1_clone=GQ03914_J23_cluster=GQ03914_J23_status=complete_gb=BT117854 10886357
.46 GQ03914_A08.2_clone=GQ03914_A08_cluster=GQ03914_A08_status=complete_gb=BT117839 10847786
.39 GQ03912_O06.2_clone=GQ03912_O06_cluster=GQ03912_O06_status=53 10992775
.14 GQ03912_O06.2_clone=GQ03912_O06_cluster=GQ03912_O06_status=53 2391385
.37 GQ03912_N16.1_clone=GQ03912_N16_cluster=GQ03912_N16_status=complete_gb=BT117802 10849594
.61 GQ03912_N16.1_clone=GQ03912_N16_cluster=GQ03912_N16_status=complete_gb=BT117802 10890219
.36 GQ03909_D05.1_clone=GQ03909_D05_cluster=GQ03909_D05_status=complete_gb=BT117730 10992704
.14 GQ03909_D05.1_clone=GQ03909_D05_cluster=GQ03909_D05_status=complete_gb=BT117730 10845994
.53 GQ03906_L22.1_clone=GQ03906_L22_cluster=GQ03906_L22_status=complete_gb=BT117662 10855438
.37 GQ03906_L22.1_clone=GQ03906_L22_cluster=GQ03906_L22_status=complete_gb=BT117662 10860591
.47 GQ03906_B18.2_clone=GQ03906_B18_cluster=GQ03906_B18_status=53 10857760
.37 GQ03906_B18.2_clone=GQ03906_B18_cluster=GQ03906_B18_status=53 10992732
.33 GQ03904_P15.1_clone=GQ03904_P15_cluster=GQ03904_P15_status=complete_gb=BT117611 2246733
.32 GQ03904_P15.1_clone=GQ03904_P15_cluster=GQ03904_P15_status=complete_gb=BT117611 1143641
.11 GQ03904_P15.1_clone=GQ03904_P15_cluster=GQ03904_P15_status=complete_gb=BT117611 5849749
.07 GQ03904_P15.1_clone=GQ03904_P15_cluster=GQ03904_P15_status=complete_gb=BT117611 6385164
.02 GQ03904_P15.1_clone=GQ03904_P15_cluster=GQ03904_P15_status=complete_gb=BT117611 2012883
.65 GQ03903_N01.1_clone=GQ03903_N01_cluster=GQ03903_N01_status=complete_gb=BT117569 10992776
.22 GQ03903_N01.1_clone=GQ03903_N01_cluster=GQ03903_N01_status=complete_gb=BT117569 2043936
.11 GQ03903_N01.1_clone=GQ03903_N01_cluster=GQ03903_N01_status=complete_gb=BT117569 6452076
.48 GQ03903_J09.1_clone=GQ03903_J09_cluster=GQ03903_J09_status=5 2379357
.99 GQ03903_F02.1_clone=GQ03903_F02_cluster=GQ03903_F02_status=5 10992842
.26 GQ03903_D23.1_clone=GQ03903_D23_cluster=GQ03903_D23_status=complete_gb=BT117557 8310647
.44 GQ03903_D23.1_clone=GQ03903_D23_cluster=GQ03903_D23_status=complete_gb=BT117557 2049126
.17 GQ03902_N15.1_clone=GQ03902_N15_cluster=GQ03902_N15_status=complete_gb=BT117545 10868891
.23 GQ03902_N15.1_clone=GQ03902_N15_cluster=GQ03902_N15_status=complete_gb=BT117545 10857362
.07 GQ03902_F22.1_clone=GQ03902_F22_cluster=GQ03902_F22_status=complete_gb=BT117527 969496
.88 GQ03902_F22.1_clone=GQ03902_F22_cluster=GQ03902_F22_status=complete_gb=BT117527 10992782
.44 GQ03902_A01.2_clone=GQ03902_A01_cluster=GQ03902_A01_status=5 10992725
.31 GQ03902_A01.2_clone=GQ03902_A01_cluster=GQ03902_A01_status=5 10992725
.78 GQ03901_A21.1_clone=GQ03901_A21_cluster=GQ03901_A21_status=complete_gb=BT117465 10992740
.07 GQ03901_A21.1_clone=GQ03901_A21_cluster=GQ03901_A21_status=complete_gb=BT117465 143540
.35 GQ03819_H18.4_clone=GQ03819_H18_cluster=GQ03819_H18_status=complete_gb=BT117437 2592938
.29 GQ03819_H18.4_clone=GQ03819_H18_cluster=GQ03819_H18_status=complete_gb=BT117437 1530697
.32 GQ03819_G05.2_clone=GQ03819_G05_cluster=GQ03819_G05_status=complete_gb=BT117432 1911747
.33 GQ03819_G05.2_clone=GQ03819_G05_cluster=GQ03819_G05_status=complete_gb=BT117432 10847865
.08 GQ03819_G05.2_clone=GQ03819_G05_cluster=GQ03819_G05_status=complete_gb=BT117432 3692001
.08 GQ03819_G05.2_clone=GQ03819_G05_cluster=GQ03819_G05_status=complete_gb=BT117432 4648998
.08 GQ03819_G05.2_clone=GQ03819_G05_cluster=GQ03819_G05_status=complete_gb=BT117432 2610260
.89 GQ03819_C17.1_clone=GQ03819_C17_cluster=GQ03819_C17_status=complete_gb=BT117417 10992723
.22 GQ03819_A17.1_clone=GQ03819_A17_cluster=GQ03819_A17_status=complete_gb=BT117411 3788959
.76 GQ03819_A17.1_clone=GQ03819_A17_cluster=GQ03819_A17_status=complete_gb=BT117411 10866557
.19 GQ03818_O03.1_clone=GQ03818_O03_cluster=GQ03818_O03_status=complete_gb=BT117404 729266
.49 GQ03818_O03.1_clone=GQ03818_O03_cluster=GQ03818_O03_status=complete_gb=BT117404 10846273
.26 GQ03817_N22.2_clone=GQ03817_N22_cluster=GQ03817_N22_status=complete_gb=BT117363 5280208
.19 GQ03817_N22.2_clone=GQ03817_N22_cluster=GQ03817_N22_status=complete_gb=BT117363 5118430
.49 GQ03817_M23.1_clone=GQ03817_M23_cluster=GQ03817_M23_status=complete_gb=BT117359 10848243
.32 GQ03817_M23.1_clone=GQ03817_M23_cluster=GQ03817_M23_status=complete_gb=BT117359 10846423
.12 GQ03817_M23.1_clone=GQ03817_M23_cluster=GQ03817_M23_status=complete_gb=BT117359 10846423
.22 GQ03817_F02.1_clone=GQ03817_F02_cluster=GQ03817_F02_status=complete_gb=BT117332 4903748
.58 GQ03817_F02.1_clone=GQ03817_F02_cluster=GQ03817_F02_status=complete_gb=BT117332 1607577
.25 GQ03817_C02.1_clone=GQ03817_C02_cluster=GQ03817_C02_status=complete_gb=BT117319 10845745
.59 GQ03817_A10.1_clone=GQ03817_A10_cluster=GQ03817_A10_status=complete_gb=BT117313 10992730
.22 GQ03817_A10.1_clone=GQ03817_A10_cluster=GQ03817_A10_status=complete_gb=BT117313 10856495
.48 GQ03816_N20.1_clone=GQ03816_N20_cluster=GQ03816_N20_status=complete_gb=BT117308 10869070
.51 GQ03816_N20.1_clone=GQ03816_N20_cluster=GQ03816_N20_status=complete_gb=BT117308 10857454
.98 GQ03816_M12.1_clone=GQ03816_M12_cluster=GQ03816_M12_status=complete_gb=BT117300 10911349
.24 GQ03816_J07.1_clone=GQ03816_J07_cluster=GQ03816_J07_status=complete_gb=BT117293 10845624
.19 GQ03816_J07.1_clone=GQ03816_J07_cluster=GQ03816_J07_status=complete_gb=BT117293 1773061
.57 GQ03816_G05.1_clone=GQ03816_G05_cluster=GQ03816_G05_status=complete_gb=BT117276 4107010
.30 GQ03816_G05.1_clone=GQ03816_G05_cluster=GQ03816_G05_status=complete_gb=BT117276 1584645
.32 GQ03816_E18.1_clone=GQ03816_E18_cluster=GQ03816_E18_status=complete_gb=BT117269 3667641
.22 GQ03816_E18.1_clone=GQ03816_E18_cluster=GQ03816_E18_status=complete_gb=BT117269 10992777
.21 GQ03815_I03.2_clone=GQ03815_I03_cluster=GQ03815_I03_status=5 1995928
.18 GQ03815_I03.2_clone=GQ03815_I03_cluster=GQ03815_I03_status=5 10852205
.31 GQ03814_P16.1_clone=GQ03814_P16_cluster=GQ03814_P16_status=complete_gb=BT117207 10992759
.18 GQ03814_P16.1_clone=GQ03814_P16_cluster=GQ03814_P16_status=complete_gb=BT117207 10847883
.18 GQ03814_P16.1_clone=GQ03814_P16_cluster=GQ03814_P16_status=complete_gb=BT117207 2110626
.40 GQ03814_M09.2_clone=GQ03814_M09_cluster=GQ03814_M09_status=53 10854310
.22 GQ03814_M09.2_clone=GQ03814_M09_cluster=GQ03814_M09_status=53 10857467
.47 GQ03813_P07.1_clone=GQ03813_P07_cluster=GQ03813_P07_status=complete_gb=BT117159 10992814
.43 GQ03813_P07.1_clone=GQ03813_P07_cluster=GQ03813_P07_status=complete_gb=BT117159 3664827
.45 GQ03813_M16.1_clone=GQ03813_M16_cluster=GQ03813_M16_status=complete_gb=BT117150 10858814
.09 GQ03813_M16.1_clone=GQ03813_M16_cluster=GQ03813_M16_status=complete_gb=BT117150 10846001
.85 GQ03811_E01.1_clone=GQ03811_E01_cluster=GQ03811_E01_status=complete_gb=BT117023 10992727
.06 GQ03811_E01.1_clone=GQ03811_E01_cluster=GQ03811_E01_status=complete_gb=BT117023 1353242
.33 GQ03811_A07.1_clone=GQ03811_A07_cluster=GQ03811_A07_status=complete_gb=BT117006 10856476
.45 GQ03811_A07.1_clone=GQ03811_A07_cluster=GQ03811_A07_status=complete_gb=BT117006 2603359
.88 GQ03810_M05.1_clone=GQ03810_M05_cluster=GQ03810_M05_status=complete_gb=BT116985 10992758
.09 GQ03810_M05.1_clone=GQ03810_M05_cluster=GQ03810_M05_status=complete_gb=BT116985 10849034
.67 GQ03810_K02.1_clone=GQ03810_K02_cluster=GQ03810_K02_status=complete_gb=BT116975 10857432
.22 GQ03810_K02.1_clone=GQ03810_K02_cluster=GQ03810_K02_status=complete_gb=BT116975 10857431
.29 GQ03809_N09.1_clone=GQ03809_N09_cluster=GQ03809_N09_status=complete_gb=BT116936 10845569
.25 GQ03809_N09.1_clone=GQ03809_N09_cluster=GQ03809_N09_status=complete_gb=BT116936 5836312
.22 GQ03809_N09.1_clone=GQ03809_N09_cluster=GQ03809_N09_status=complete_gb=BT116936 1978923
.72 GQ03809_G05.1_clone=GQ03809_G05_cluster=GQ03809_G05_status=complete_gb=BT116918 10992829
.13 GQ03809_G05.1_clone=GQ03809_G05_cluster=GQ03809_G05_status=complete_gb=BT116918 10851143
.28 GQ03809_E07.1_clone=GQ03809_E07_cluster=GQ03809_E07_status=complete_gb=BT116913 10857688
.26 GQ03809_E07.1_clone=GQ03809_E07_cluster=GQ03809_E07_status=complete_gb=BT116913 3372807
.22 GQ03808_G18.1_clone=GQ03808_G18_cluster=GQ03808_G18_status=complete_gb=BT116872 10845686
.41 GQ03808_G18.1_clone=GQ03808_G18_cluster=GQ03808_G18_status=complete_gb=BT116872 10869500
.58 GQ03808_E05.1_clone=GQ03808_E05_cluster=GQ03808_E05_status=complete_gb=BT116863 10866145
.21 GQ03808_E05.1_clone=GQ03808_E05_cluster=GQ03808_E05_status=complete_gb=BT116863 2414441
.56 GQ03808_D10.1_clone=GQ03808_D10_cluster=GQ03808_D10_status=complete_gb=BT116860 10864820
.37 GQ03808_D10.1_clone=GQ03808_D10_cluster=GQ03808_D10_status=complete_gb=BT116860 4083523
.58 GQ03806_P06.1_clone=GQ03806_P06_cluster=GQ03806_P06_status=complete_gb=BT116797 2911214
.19 GQ03806_P06.1_clone=GQ03806_P06_cluster=GQ03806_P06_status=complete_gb=BT116797 10949914
.82 GQ03806_O16.2_clone=GQ03806_O16_cluster=GQ03806_O16_status=5 10992854
.15 GQ03806_O16.2_clone=GQ03806_O16_cluster=GQ03806_O16_status=5 2657525
.37 GQ03806_G13.1_clone=GQ03806_G13_cluster=GQ03806_G13_status=complete_gb=BT116772 4446004
.33 GQ03806_G13.1_clone=GQ03806_G13_cluster=GQ03806_G13_status=complete_gb=BT116772 5044294
.27 GQ03806_F12.1_clone=GQ03806_F12_cluster=GQ03806_F12_status=complete_gb=BT116766 1263878
.37 GQ03806_F12.1_clone=GQ03806_F12_cluster=GQ03806_F12_status=complete_gb=BT116766 1263886
.23 GQ03805_P01.2_clone=GQ03805_P01_cluster=GQ03805_P01_status=complete_gb=BT116747 5550427
.27 GQ03805_C07.1_clone=GQ03805_C07_cluster=GQ03805_C07_status=complete_gb=BT116706 10855918
.20 GQ03805_C07.1_clone=GQ03805_C07_cluster=GQ03805_C07_status=complete_gb=BT116706 3044403
.46 GQ03805_C02.1_clone=GQ03805_C02_cluster=GQ03805_C02_status=complete_gb=BT116705 10846839
.32 GQ03805_C02.1_clone=GQ03805_C02_cluster=GQ03805_C02_status=complete_gb=BT116705 10846840
.18 GQ03804_I11.1_clone=GQ03804_I11_cluster=GQ03804_I11_status=complete_gb=BT116685 10859771
.17 GQ03804_I11.1_clone=GQ03804_I11_cluster=GQ03804_I11_status=complete_gb=BT116685 3625077
.99 GQ03804_C09.2_clone=GQ03804_C09_cluster=GQ03804_C09_status=complete_gb=BT116662 10992847
.21 GQ03804_B12.1_clone=GQ03804_B12_cluster=GQ03804_B12_status=complete_gb=BT116660 10992726
.18 GQ03804_B12.1_clone=GQ03804_B12_cluster=GQ03804_B12_status=complete_gb=BT116660 2253655
.12 GQ03804_B12.1_clone=GQ03804_B12_cluster=GQ03804_B12_status=complete_gb=BT116660 1845689
.22 GQ03803_M03.1_clone=GQ03803_M03_cluster=GQ03803_M03_status=complete_gb=BT116640 1629534
.56 GQ03803_M03.1_clone=GQ03803_M03_cluster=GQ03803_M03_status=complete_gb=BT116640 10992848
