.37 GQ0047_J20.1_clone=GQ0047_J20_cluster=GQ0047_J20_status=complete_gb=BT100861 10722040
.29 GQ0047_J20.1_clone=GQ0047_J20_cluster=GQ0047_J20_status=complete_gb=BT100861 1094104
.99 GQ0047_I17.1_clone=GQ0047_I17_cluster=GQ0047_I17_status=complete_gb=BT100858 10869723
.16 GQ0047_G06.1_clone=GQ0047_G06_cluster=GQ0047_G06_status=complete_gb=BT100856 10719746
.69 GQ0047_G06.1_clone=GQ0047_G06_cluster=GQ0047_G06_status=complete_gb=BT100856 10869570
.02 GQ0046_O19.1_clone=GQ0046_O19_cluster=GQ0046_O19_status=complete_gb=BT100841 3493859
.74 GQ0045_B04.1_clone=GQ0045_B04_cluster=GQ0045_B04_status=5 10869626
.25 GQ0045_B04.1_clone=GQ0045_B04_cluster=GQ0045_B04_status=5 2511063
.32 GQ0041_N15.1_clone=GQ0041_N15_cluster=GQ0041_N15_status=complete_gb=BT100749 10730827
.25 GQ0041_N15.1_clone=GQ0041_N15_cluster=GQ0041_N15_status=complete_gb=BT100749 10741042
.14 GQ0041_N15.1_clone=GQ0041_N15_cluster=GQ0041_N15_status=complete_gb=BT100749 6073775
.10 GQ0041_N15.1_clone=GQ0041_N15_cluster=GQ0041_N15_status=complete_gb=BT100749 2622687
.29 GQ00411_M18.1_clone=GQ00411_M18_cluster=GQ00411_M18_status=complete_gb=BT100706 10725318
.19 GQ00411_M18.1_clone=GQ00411_M18_cluster=GQ00411_M18_status=complete_gb=BT100706 4122914
.22 GQ00411_M18.1_clone=GQ00411_M18_cluster=GQ00411_M18_status=complete_gb=BT100706 3032709
.19 GQ00411_M18.1_clone=GQ00411_M18_cluster=GQ00411_M18_status=complete_gb=BT100706 3032707
.41 GQ00410_I07.1_clone=GQ00410_I07_cluster=GQ00410_I07_status=complete_gb=BT100674 10869572
.15 GQ00410_I07.1_clone=GQ00410_I07_cluster=GQ00410_I07_status=complete_gb=BT100674 10737721
.34 GQ00410_F05.1_clone=GQ00410_F05_cluster=GQ00410_F05_status=complete_gb=BT100671 10716666
.33 GQ00410_C09.1_clone=GQ00410_C09_cluster=GQ00410_C09_status=complete_gb=BT100668 4461554
.57 GQ00410_C09.1_clone=GQ00410_C09_cluster=GQ00410_C09_status=complete_gb=BT100668 1580384
.26 GQ00410_B09.1_clone=GQ00410_B09_cluster=GQ00410_B09_status=53 10732449
.23 GQ00410_B09.1_clone=GQ00410_B09_cluster=GQ00410_B09_status=53 3420047
.21 GQ00410_B09.1_clone=GQ00410_B09_cluster=GQ00410_B09_status=53 4592110
.15 GQ00410_B09.1_clone=GQ00410_B09_cluster=GQ00410_B09_status=53 3420052
.31 GQ0035_E12.1_clone=GQ0035_E12_cluster=GQ0035_E12_status=complete_gb=BT100653 3234360
.19 GQ0035_E12.1_clone=GQ0035_E12_cluster=GQ0035_E12_status=complete_gb=BT100653 4475172
.16 GQ0035_E12.1_clone=GQ0035_E12_cluster=GQ0035_E12_status=complete_gb=BT100653 10720358
.25 GQ0032_C03.1_clone=GQ0032_C03_cluster=GQ0032_C03_status=complete_gb=BT100613 10731844
.36 GQ0032_C03.1_clone=GQ0032_C03_cluster=GQ0032_C03_status=complete_gb=BT100613 3243312
.38 GQ0026_I20.1_clone=GQ0026_I20_cluster=GQ0026_I20_status=complete_gb=BT100588 10716539
.19 GQ0026_I20.1_clone=GQ0026_I20_cluster=GQ0026_I20_status=complete_gb=BT100588 10720276
.99 GQ0025_J07.1_clone=GQ0025_J07_cluster=GQ0025_J07_status=complete_gb=BT100563 10724235
.45 GQ0024_I12.1_clone=GQ0024_I12_cluster=GQ0024_I12_status=complete_gb=BT100540 2212458
.36 GQ0024_I12.1_clone=GQ0024_I12_cluster=GQ0024_I12_status=complete_gb=BT100540 7091711
.56 GQ0024_E20.1_clone=GQ0024_E20_cluster=GQ0024_E20_status=complete_gb=BT100535 10720316
.19 GQ0024_E20.1_clone=GQ0024_E20_cluster=GQ0024_E20_status=complete_gb=BT100535 2580829
.60 GQ0013_K06.1_clone=GQ0013_K06_cluster=GQ0013_K06_status=complete_gb=BT100416 10715924
.27 GQ0013_K06.1_clone=GQ0013_K06_cluster=GQ0013_K06_status=complete_gb=BT100416 10717593
.42 GQ0013_G18.1_clone=GQ0013_G18_cluster=GQ0013_G18_status=complete_gb=BT100401 10722624
.42 genemark-168465189-processed-gene-0.13-mRNA-1 3085421
.28 genemark-168465189-processed-gene-0.13-mRNA-1 1698486
.23 genemark-168465189-processed-gene-0.13-mRNA-1 3133428
.24 genemark-168465189-processed-gene-0.13-mRNA-1 2433246
.23 genemark-168465189-processed-gene-0.13-mRNA-1 2687953
.99 augustus_masked-168577386-processed-gene-0.5-mRNA-1 10716167
.87 augustus_masked-168577247-processed-gene-0.4-mRNA-1 10721079
.08 augustus_masked-168577247-processed-gene-0.4-mRNA-1 6272945
.55 augustus_masked-168573039-processed-gene-0.4-mRNA-1 10869529
.18 augustus_masked-168573039-processed-gene-0.4-mRNA-1 10729339
.32 augustus_masked-168563499-processed-gene-1.57-mRNA-1 10770082
.03 augustus_masked-168563499-processed-gene-1.57-mRNA-1 10730882
.68 augustus_masked-168560751-processed-gene-0.5-mRNA-1 10869690
.07 augustus_masked-168541809-processed-gene-0.13-mRNA-1 559596
.83 augustus_masked-168541809-processed-gene-0.13-mRNA-1 10869684
.32 augustus_masked-168532384-processed-gene-0.1-mRNA-1 10732493
.11 augustus_masked-168532384-processed-gene-0.1-mRNA-1 2098200
.32 augustus_masked-168515415-processed-gene-0.7-mRNA-1 4013109
.20 augustus_masked-168515415-processed-gene-0.7-mRNA-1 5193326
.36 augustus_masked-168513137-processed-gene-0.0-mRNA-1 10869639
.13 augustus_masked-168513137-processed-gene-0.0-mRNA-1 10717747
.48 augustus_masked-168508717-processed-gene-0.4-mRNA-1 10734696
.28 augustus_masked-168508717-processed-gene-0.4-mRNA-1 10743117
.15 augustus_masked-168508717-processed-gene-0.4-mRNA-1 2895953
.98 augustus_masked-168506429-processed-gene-0.10-mRNA-1 2083305
.21 augustus_masked-168497320-processed-gene-0.9-mRNA-1 10869514
.14 augustus_masked-168497320-processed-gene-0.9-mRNA-1 2402652
.37 augustus_masked-168419165-processed-gene-0.0-mRNA-1 10741334
.19 augustus_masked-168419165-processed-gene-0.0-mRNA-1 10730379
.99 augustus_masked-168414818-processed-gene-1.20-mRNA-1 2536592
.83 augustus_masked-168395055-processed-gene-0.9-mRNA-1 10869526
.58 augustus_masked-168387934-processed-gene-0.1-mRNA-1 10772219
.26 augustus_masked-168387934-processed-gene-0.1-mRNA-1 9616600
.14 augustus_masked-168387934-processed-gene-0.1-mRNA-1 10492692
.77 augustus_masked-168300907-processed-gene-0.2-mRNA-1 10738777
.04 augustus_masked-168300907-processed-gene-0.2-mRNA-1 4975530
.35 augustus_masked-168287478-processed-gene-0.21-mRNA-1 543884
.30 augustus_masked-168287478-processed-gene-0.21-mRNA-1 10737443
.42 augustus_masked-168258227-processed-gene-0.0-mRNA-1 10737711
.24 augustus_masked-168258227-processed-gene-0.0-mRNA-1 1951895
.26 augustus_masked-168246365-processed-gene-0.2-mRNA-1 10735784
.72 augustus_masked-168246365-processed-gene-0.2-mRNA-1 10869569
.87 augustus_masked-168242813-processed-gene-0.0-mRNA-1 10869590
.66 augustus_masked-168188318-processed-gene-0.3-mRNA-1 10869566
.16 augustus_masked-168188318-processed-gene-0.3-mRNA-1 10724576
.06 augustus_masked-168188318-processed-gene-0.3-mRNA-1 9958458
.04 augustus_masked-168188318-processed-gene-0.3-mRNA-1 8793332
.06 augustus_masked-168188318-processed-gene-0.3-mRNA-1 4312093
.36 augustus_masked-168186805-processed-gene-0.1-mRNA-1 2180007
.10 augustus_masked-168186805-processed-gene-0.1-mRNA-1 10727007
.99 augustus_masked-168183382-processed-gene-0.5-mRNA-1 10869689
.27 augustus_masked-168139723-processed-gene-0.0-mRNA-1 10730115
.18 augustus_masked-168139723-processed-gene-0.0-mRNA-1 2984373
.10 augustus_masked-167975795-processed-gene-0.0-mRNA-1 976403
.69 augustus_masked-167975795-processed-gene-0.0-mRNA-1 10869632
.99 augustus_masked-167948765-processed-gene-0.0-mRNA-1 10869651
.30 augustus_masked-166789777-processed-gene-0.0-mRNA-1 1729926
.15 augustus_masked-166789777-processed-gene-0.0-mRNA-1 10715282
.69 augustus_masked-166764245-processed-gene-0.2-mRNA-1 10719934
.12 augustus_masked-166764245-processed-gene-0.2-mRNA-1 10736545
.43 augustus_masked-165643292-processed-gene-0.1-mRNA-1 7641633
.43 augustus_masked-165643292-processed-gene-0.1-mRNA-1 5706132
.66 augustus_masked-163716005-processed-gene-0.0-mRNA-1 4013350
.13 augustus_masked-163716005-processed-gene-0.0-mRNA-1 4375540
.23 augustus_masked-163242744-processed-gene-0.1-mRNA-1 2157082
.38 augustus_masked-163242744-processed-gene-0.1-mRNA-1 10735655
.30 augustus_masked-161943650-processed-gene-0.0-mRNA-1 10715329
.35 augustus_masked-161862128-processed-gene-0.0-mRNA-1 3273300
.23 augustus_masked-161862128-processed-gene-0.0-mRNA-1 4431637
.27 augustus_masked-161859329-processed-gene-0.0-mRNA-1 2348568
.19 augustus_masked-161859329-processed-gene-0.0-mRNA-1 4182981
.50 augustus_masked-161664343-processed-gene-0.0-mRNA-1 10723249
.45 augustus_masked-161664343-processed-gene-0.0-mRNA-1 10722039
.14 WS03213_A17.1_clone=WS03213_A17_cluster=WS03213_A17_status=complete 4624913
.81 WS03213_A17.1_clone=WS03213_A17_cluster=WS03213_A17_status=complete 10724860
.48 WS03212_I22.1_clone=WS03212_I22_cluster=WS03212_I22_status=complete 2578105
.31 WS0313_K20.1_clone=WS0313_K20_cluster=WS0313_K20_status=3 10733967
.26 WS0313_K20.1_clone=WS0313_K20_cluster=WS0313_K20_status=3 10718729
.61 WS0083_P17.1_clone=WS0083_P17_cluster=WS0083_P17_status=complete 261977
.21 WS0083_P17.1_clone=WS0083_P17_cluster=WS0083_P17_status=complete 5375548
.21 WS0083_P17.1_clone=WS0083_P17_cluster=WS0083_P17_status=complete 5800676
.38 WS00839_P09.1_clone=WS00839_P09_cluster=WS00839_P09_status=complete 4243316
.28 WS00839_P09.1_clone=WS00839_P09_cluster=WS00839_P09_status=complete 1723527
.15 WS00839_P09.1_clone=WS00839_P09_cluster=WS00839_P09_status=complete 10709874
.16 WS00824_G06.1_clone=WS00824_G06_cluster=WS00824_G06_status=complete 10756055
.81 WS00824_G06.1_clone=WS00824_G06_cluster=WS00824_G06_status=complete 10728270
.51 WS00755_M20.1_clone=WS00755_M20_cluster=WS00755_M20_status=complete 2424725
.29 WS00755_M20.1_clone=WS00755_M20_cluster=WS00755_M20_status=complete 3294378
.51 WS00753_M03.1_clone=WS00753_M03_cluster=WS00753_M03_status=3 10727081
.52 WS00745_L07.1_clone=WS00745_L07_cluster=WS00745_L07_status=complete 10729059
.33 WS00745_L07.1_clone=WS00745_L07_cluster=WS00745_L07_status=complete 10742097
.41 WS00745_L07.1_clone=WS00745_L07_cluster=WS00745_L07_status=complete 4852063
.36 WS00742_L15.1_clone=WS00742_L15_cluster=WS00742_L15_status=3 10869584
.30 WS00742_L15.1_clone=WS00742_L15_cluster=WS00742_L15_status=3 10715316
.47 WS0073_I10.1_clone=WS0073_I10_cluster=WS0073_I10_status=3 10726706
.40 WS0073_I10.1_clone=WS0073_I10_cluster=WS0073_I10_status=3 2531925
.39 WS00720_N04.1_clone=WS00720_N04_cluster=WS00720_N04_status=3 10869542
.06 snap_masked-168312317-processed-gene-0.15-mRNA-1 8103088
.45 snap_masked-168188596-processed-gene-0.24-mRNA-1 10869654
.53 snap_masked-168188596-processed-gene-0.24-mRNA-1 10725474
.56 maker-168559580-snap-gene-0.40-mRNA-1 10723716
.14 maker-168559580-snap-gene-0.40-mRNA-1 3856715
.35 maker-168524879-snap-gene-0.28-mRNA-2 10724969
.36 maker-168524879-snap-gene-0.28-mRNA-2 10716788
.43 maker-168474858-snap-gene-0.126-mRNA-1 7442890
.33 maker-168464033-snap-gene-0.112-mRNA-1 10869707
.65 maker-168464033-snap-gene-0.112-mRNA-1 10869707
.12 maker-168371211-snap-gene-0.29-mRNA-1 2230621
.85 maker-168371211-snap-gene-0.29-mRNA-1 10869722
.98 maker-168293821-augustus-gene-0.30-mRNA-1 10869710
.33 maker-168276834-snap-gene-1.135-mRNA-1 5052321
.22 maker-168276834-snap-gene-1.135-mRNA-1 5079477
.21 maker-168259692-augustus-gene-0.34-mRNA-1 2197779
.11 maker-168259692-augustus-gene-0.34-mRNA-1 2560808
.55 maker-168252781-augustus-gene-0.79-mRNA-1 10869681
.28 maker-168191937-snap-gene-0.121-mRNA-1 4265753
.28 maker-168188205-snap-gene-0.24-mRNA-1 10715572
.31 maker-168188205-snap-gene-0.24-mRNA-1 10738050
.24 maker-168188205-snap-gene-0.24-mRNA-1 4455959
.60 maker-168185784-snap-gene-0.17-mRNA-1 10869699
.20 maker-168185784-snap-gene-0.17-mRNA-1 10723028
.23 maker-168184278-snap-gene-0.19-mRNA-2 10758952
.65 maker-168184278-snap-gene-0.19-mRNA-2 10715260
.69 maker-168184188-augustus-gene-0.16-mRNA-1 10869534
.12 maker-168184188-augustus-gene-0.16-mRNA-1 5722708
.99 maker-168184143-augustus-gene-0.81-mRNA-1 10869713
.84 maker-168082949-augustus-gene-0.12-mRNA-1 10869580
.06 maker-168082949-augustus-gene-0.12-mRNA-1 5166530
.35 maker-167975463-snap-gene-0.30-mRNA-1 10729233
.29 maker-167975463-snap-gene-0.30-mRNA-1 10727716
.20 maker-167894513-snap-gene-0.25-mRNA-1 3602314
.20 maker-167894513-snap-gene-0.25-mRNA-1 10735449
.66 maker-167850204-augustus-gene-0.26-mRNA-1 10869576
.40 maker-167810274-augustus-gene-0.61-mRNA-1 10869649
.16 maker-167810274-augustus-gene-0.61-mRNA-1 1661777
.54 maker-162926141-augustus-gene-0.3-mRNA-1 10869622
.33 maker-162926141-augustus-gene-0.3-mRNA-1 10717040
.31 GQ04108_H18.1_clone=GQ04108_H18_cluster=GQ04108_H18_status=complete_gb=BT119663 10718454
.05 GQ04108_H18.1_clone=GQ04108_H18_cluster=GQ04108_H18_status=complete_gb=BT119663 10727052
.12 GQ04107_L02.1_clone=GQ04107_L02_cluster=GQ04107_L02_status=complete_gb=BT119605 124918
.84 GQ04107_L02.1_clone=GQ04107_L02_cluster=GQ04107_L02_status=complete_gb=BT119605 10869692
.59 GQ04107_E01.1_clone=GQ04107_E01_cluster=GQ04107_E01_status=complete_gb=BT119564 10869610
.27 GQ04107_E01.1_clone=GQ04107_E01_cluster=GQ04107_E01_status=complete_gb=BT119564 7397203
.51 GQ04104_F10.1_clone=GQ04104_F10_cluster=GQ04104_F10_status=complete_gb=BT119337 10715348
.33 GQ04104_F10.1_clone=GQ04104_F10_cluster=GQ04104_F10_status=complete_gb=BT119337 10715347
.75 GQ04102_G09.1_clone=GQ04102_G09_cluster=GQ04102_G09_status=complete_gb=BT119180 10732454
.19 GQ04102_G09.1_clone=GQ04102_G09_cluster=GQ04102_G09_status=complete_gb=BT119180 4257953
.19 GQ04102_G09.1_clone=GQ04102_G09_cluster=GQ04102_G09_status=complete_gb=BT119180 4005859
.12 GQ04102_G09.1_clone=GQ04102_G09_cluster=GQ04102_G09_status=complete_gb=BT119180 1055768
.27 GQ04101_A06.1_clone=GQ04101_A06_cluster=GQ04101_A06_status=complete_gb=BT119069 2657481
.42 GQ04010_E13.1_clone=GQ04010_E13_cluster=GQ04010_E13_status=complete_gb=BT118791 10749240
.28 GQ04010_E13.1_clone=GQ04010_E13_cluster=GQ04010_E13_status=complete_gb=BT118791 5799478
.74 GQ04008_M08.1_clone=GQ04008_M08_cluster=GQ04008_M08_status=complete_gb=BT118665 1265143
.21 GQ04008_M08.1_clone=GQ04008_M08_cluster=GQ04008_M08_status=complete_gb=BT118665 4803313
.58 GQ04008_F14.2_clone=GQ04008_F14_cluster=GQ04008_F14_status=complete_gb=BT118631 10869668
.17 GQ04008_F14.2_clone=GQ04008_F14_cluster=GQ04008_F14_status=complete_gb=BT118631 10716283
.66 GQ04007_M16.1_clone=GQ04007_M16_cluster=GQ04007_M16_status=complete_gb=BT118570 10869669
.14 GQ04007_M16.1_clone=GQ04007_M16_cluster=GQ04007_M16_status=complete_gb=BT118570 3827133
.26 GQ04007_L08.1_clone=GQ04007_L08_cluster=GQ04007_L08_status=complete_gb=BT118561 10869670
.15 GQ04007_L08.1_clone=GQ04007_L08_cluster=GQ04007_L08_status=complete_gb=BT118561 10723085
.57 GQ04004_P19.1_clone=GQ04004_P19_cluster=GQ04004_P19_status=complete_gb=BT118314 10869508
.22 GQ04004_P19.1_clone=GQ04004_P19_cluster=GQ04004_P19_status=complete_gb=BT118314 10739434
.64 GQ04002_O11.1_clone=GQ04002_O11_cluster=GQ04002_O11_status=complete_gb=BT118145 10733766
.21 GQ03906_E10.1_clone=GQ03906_E10_cluster=GQ03906_E10_status=complete_gb=BT117644 3476616
.50 GQ03906_E10.1_clone=GQ03906_E10_cluster=GQ03906_E10_status=complete_gb=BT117644 10732744
.13 GQ03902_G13.1_clone=GQ03902_G13_cluster=GQ03902_G13_status=complete_gb=BT117531 10720654
.24 GQ03902_G13.1_clone=GQ03902_G13_cluster=GQ03902_G13_status=complete_gb=BT117531 10740382
.21 GQ03816_E01.1_clone=GQ03816_E01_cluster=GQ03816_E01_status=complete_gb=BT117267 10729778
.23 GQ03816_E01.1_clone=GQ03816_E01_cluster=GQ03816_E01_status=complete_gb=BT117267 744699
.31 GQ03811_P01.1_clone=GQ03811_P01_cluster=GQ03811_P01_status=complete_gb=BT117058 3863743
.20 GQ03811_P01.1_clone=GQ03811_P01_cluster=GQ03811_P01_status=complete_gb=BT117058 10719868
.45 GQ03811_N08.1_clone=GQ03811_N08_cluster=GQ03811_N08_status=complete_gb=BT117050 2971774
.28 GQ03811_N08.1_clone=GQ03811_N08_cluster=GQ03811_N08_status=complete_gb=BT117050 6134297
.46 GQ03807_O07.1_clone=GQ03807_O07_cluster=GQ03807_O07_status=complete_gb=BT116850 10768675
.21 GQ03807_O07.1_clone=GQ03807_O07_cluster=GQ03807_O07_status=complete_gb=BT116850 1361977
.18 GQ03807_M11.1_clone=GQ03807_M11_cluster=GQ03807_M11_status=complete_gb=BT116846 10732118
.29 GQ03807_M11.1_clone=GQ03807_M11_cluster=GQ03807_M11_status=complete_gb=BT116846 10764806
.17 GQ03807_C16.1_clone=GQ03807_C16_cluster=GQ03807_C16_status=complete_gb=BT116811 2984958
.75 GQ03807_C16.1_clone=GQ03807_C16_cluster=GQ03807_C16_status=complete_gb=BT116811 10869701
.46 GQ03806_L21.4_clone=GQ03806_L21_cluster=GQ03806_L21_status=complete_gb=BT116788 1433163
.27 GQ03804_E04.1_clone=GQ03804_E04_cluster=GQ03804_E04_status=complete_gb=BT116666 10780928
.22 GQ03804_E04.1_clone=GQ03804_E04_cluster=GQ03804_E04_status=complete_gb=BT116666 8610631
.51 GQ03803_J24.1_clone=GQ03803_J24_cluster=GQ03803_J24_status=complete_gb=BT116633 10743121
.24 GQ03803_J24.1_clone=GQ03803_J24_cluster=GQ03803_J24_status=complete_gb=BT116633 10780019
.34 GQ03719_N11.1_clone=GQ03719_N11_cluster=GQ03719_N11_status=complete_gb=BT116498 2125512
.64 GQ03719_N11.1_clone=GQ03719_N11_cluster=GQ03719_N11_status=complete_gb=BT116498 10869513
.26 GQ03717_B24.1_clone=GQ03717_B24_cluster=GQ03717_B24_status=complete_gb=BT116353 10869565
.24 GQ03717_B24.1_clone=GQ03717_B24_cluster=GQ03717_B24_status=complete_gb=BT116353 10717266
.21 GQ03714_M12.1_clone=GQ03714_M12_cluster=GQ03714_M12_status=complete_gb=BT116258 2229403
.16 GQ03714_M12.1_clone=GQ03714_M12_cluster=GQ03714_M12_status=complete_gb=BT116258 10721834
.16 GQ03714_M12.1_clone=GQ03714_M12_cluster=GQ03714_M12_status=complete_gb=BT116258 4739828
.25 GQ03709_E03.1_clone=GQ03709_E03_cluster=GQ03709_E03_status=complete_gb=BT115946 653615
.87 GQ03703_M23.1_clone=GQ03703_M23_cluster=GQ03703_M23_status=complete_gb=BT115652 10869556
.24 GQ03701_F22.1_clone=GQ03701_F22_cluster=GQ03701_F22_status=complete_gb=BT115546 10722876
.14 GQ03701_F22.1_clone=GQ03701_F22_cluster=GQ03701_F22_status=complete_gb=BT115546 4185761
.14 GQ03701_F22.1_clone=GQ03701_F22_cluster=GQ03701_F22_status=complete_gb=BT115546 47994
.62 GQ03616_C11.1_clone=GQ03616_C11_cluster=GQ03616_C11_status=complete_gb=BT115418 10869512
.17 GQ03616_C11.1_clone=GQ03616_C11_cluster=GQ03616_C11_status=complete_gb=BT115418 4759472
.14 GQ03611_E22.1_clone=GQ03611_E22_cluster=GQ03611_E22_status=complete_gb=BT115200 6863808
.84 GQ03611_E22.1_clone=GQ03611_E22_cluster=GQ03611_E22_status=complete_gb=BT115200 10869544
.01 GQ03608_F12.1_clone=GQ03608_F12_cluster=GQ03608_F12_status=complete_gb=BT115064 1961717
.12 GQ03519_I17.1_clone=GQ03519_I17_cluster=GQ03519_I17_status=complete_gb=BT114701 2293720
.35 GQ03519_I17.1_clone=GQ03519_I17_cluster=GQ03519_I17_status=complete_gb=BT114701 10723807
.25 GQ03517_M17.1_clone=GQ03517_M17_cluster=GQ03517_M17_status=complete_gb=BT114608 5866821
.56 GQ03517_M17.1_clone=GQ03517_M17_cluster=GQ03517_M17_status=complete_gb=BT114608 10718996
.76 GQ03517_C17.1_clone=GQ03517_C17_cluster=GQ03517_C17_status=5 10869511
.22 GQ03513_J10.1_clone=GQ03513_J10_cluster=GQ03513_J10_status=complete_gb=BT114380 10741889
.63 GQ03513_J10.1_clone=GQ03513_J10_cluster=GQ03513_J10_status=complete_gb=BT114380 10723238
.27 GQ03508_P10.1_clone=GQ03508_P10_cluster=GQ03508_P10_status=complete_gb=BT114141 3798236
.19 GQ03508_P10.1_clone=GQ03508_P10_cluster=GQ03508_P10_status=complete_gb=BT114141 1633130
.33 GQ03507_D06.1_clone=GQ03507_D06_cluster=GQ03507_D06_status=complete_gb=BT114057 7100599
.37 GQ03419_I04.2_clone=GQ03419_I04_cluster=GQ03419_I04_status=complete_gb=BT113755 4011791
.37 GQ03419_I04.2_clone=GQ03419_I04_cluster=GQ03419_I04_status=complete_gb=BT113755 6191998
.33 GQ03419_I04.2_clone=GQ03419_I04_cluster=GQ03419_I04_status=complete_gb=BT113755 10759366
.42 GQ03417_H02.1_clone=GQ03417_H02_cluster=GQ03417_H02_status=complete_gb=BT113688 6911725
.19 GQ03417_D18.1_clone=GQ03417_D18_cluster=GQ03417_D18_status=complete_gb=BT113684 10869694
.12 GQ03417_D18.1_clone=GQ03417_D18_cluster=GQ03417_D18_status=complete_gb=BT113684 3776596
.69 GQ03413_F16.3_clone=GQ03413_F16_cluster=GQ03413_F16_status=complete_gb=BT113563 10869528
.11 GQ03413_F16.3_clone=GQ03413_F16_cluster=GQ03413_F16_status=complete_gb=BT113563 5315409
.62 GQ03403_P01.1_clone=GQ03403_P01_cluster=GQ03403_P01_status=complete_gb=BT113296 2150459
.21 GQ03403_P01.1_clone=GQ03403_P01_cluster=GQ03403_P01_status=complete_gb=BT113296 10744277
.23 GQ03402_C01.1_clone=GQ03402_C01_cluster=GQ03402_C01_status=complete_gb=BT113232 5193331
.74 GQ03402_C01.1_clone=GQ03402_C01_cluster=GQ03402_C01_status=complete_gb=BT113232 10727056
.28 GQ03401_O01.1_clone=GQ03401_O01_cluster=GQ03401_O01_status=complete_gb=BT113224 10727189
.61 GQ03401_O01.1_clone=GQ03401_O01_cluster=GQ03401_O01_status=complete_gb=BT113224 10869579
.50 GQ03401_M18.1_clone=GQ03401_M18_cluster=GQ03401_M18_status=complete_gb=BT113218 10869621
.25 GQ03401_M18.1_clone=GQ03401_M18_cluster=GQ03401_M18_status=complete_gb=BT113218 10727502
.36 GQ03324_L10.1_clone=GQ03324_L10_cluster=GQ03324_L10_status=complete_gb=BT113028 10869696
.16 GQ03324_L10.1_clone=GQ03324_L10_cluster=GQ03324_L10_status=complete_gb=BT113028 10869696
.63 GQ03322_O17.1_clone=GQ03322_O17_cluster=GQ03322_O17_status=complete_gb=BT112932 2604861
.22 GQ03322_O17.1_clone=GQ03322_O17_cluster=GQ03322_O17_status=complete_gb=BT112932 2885991
.63 GQ03319_G22.1_clone=GQ03319_G22_cluster=GQ03319_G22_status=complete_gb=BT112685 10869726
.17 GQ03319_G22.1_clone=GQ03319_G22_cluster=GQ03319_G22_status=complete_gb=BT112685 10748802
.32 GQ03313_N03.1_clone=GQ03313_N03_cluster=GQ03313_N03_status=complete_gb=BT112354 882135
.35 GQ03313_N03.1_clone=GQ03313_N03_cluster=GQ03313_N03_status=complete_gb=BT112354 3182383
.39 GQ03313_J22.2_clone=GQ03313_J22_cluster=GQ03313_J22_status=complete_gb=BT112338 10725411
.29 GQ03313_J22.2_clone=GQ03313_J22_cluster=GQ03313_J22_status=complete_gb=BT112338 10730183
.46 GQ03312_K12.1_clone=GQ03312_K12_cluster=GQ03312_K12_status=complete_gb=BT112258 10869711
.24 GQ03312_K12.1_clone=GQ03312_K12_cluster=GQ03312_K12_status=complete_gb=BT112258 10869711
.62 GQ03312_I21.1_clone=GQ03312_I21_cluster=GQ03312_I21_status=complete_gb=BT112252 10728709
.19 GQ03312_I21.1_clone=GQ03312_I21_cluster=GQ03312_I21_status=complete_gb=BT112252 5748155
.65 GQ03310_O02.1_clone=GQ03310_O02_cluster=GQ03310_O02_status=complete_gb=BT112152 2515870
.20 GQ03310_O02.1_clone=GQ03310_O02_cluster=GQ03310_O02_status=complete_gb=BT112152 2354172
.42 GQ03310_N18.1_clone=GQ03310_N18_cluster=GQ03310_N18_status=complete_gb=BT112150 4229117
.53 GQ03310_N18.1_clone=GQ03310_N18_cluster=GQ03310_N18_status=complete_gb=BT112150 636683
.43 GQ03302_H03.2_clone=GQ03302_H03_cluster=GQ03302_H03_status=complete_gb=BT111706 10869698
.17 GQ03302_H03.2_clone=GQ03302_H03_cluster=GQ03302_H03_status=complete_gb=BT111706 10869698
.12 GQ03302_H03.2_clone=GQ03302_H03_cluster=GQ03302_H03_status=complete_gb=BT111706 1650027
.35 GQ03302_B22.1_clone=GQ03302_B22_cluster=GQ03302_B22_status=complete_gb=BT111678 2397163
.37 GQ03302_B22.1_clone=GQ03302_B22_cluster=GQ03302_B22_status=complete_gb=BT111678 10721517
.98 GQ03301_N19.1_clone=GQ03301_N19_cluster=GQ03301_N19_status=complete_gb=BT111655 10869687
.26 GQ03238_O10.1_clone=GQ03238_O10_cluster=GQ03238_O10_status=complete_gb=BT111523 10718368
.07 GQ03238_O10.1_clone=GQ03238_O10_cluster=GQ03238_O10_status=complete_gb=BT111523 3859752
.89 GQ03234_L22.1_clone=GQ03234_L22_cluster=GQ03234_L22_status=complete_gb=BT111247 1040615
.08 GQ03234_L22.1_clone=GQ03234_L22_cluster=GQ03234_L22_status=complete_gb=BT111247 2737549
.24 GQ03232_L20.1_clone=GQ03232_L20_cluster=GQ03232_L20_status=complete_gb=BT111106 9736483
.40 GQ03232_L20.1_clone=GQ03232_L20_cluster=GQ03232_L20_status=complete_gb=BT111106 4741922
.24 GQ03230_P23.1_clone=GQ03230_P23_cluster=GQ03230_P23_status=complete_gb=BT110999 10722468
.22 GQ03230_P23.1_clone=GQ03230_P23_cluster=GQ03230_P23_status=complete_gb=BT110999 10728168
.59 GQ03230_G20.1_clone=GQ03230_G20_cluster=GQ03230_G20_status=complete_gb=BT110963 10719583
.33 GQ03230_G20.1_clone=GQ03230_G20_cluster=GQ03230_G20_status=complete_gb=BT110963 10719159
.52 GQ03229_M19.1_clone=GQ03229_M19_cluster=GQ03229_M19_status=complete_gb=BT110918 1435706
.33 GQ03229_M19.1_clone=GQ03229_M19_cluster=GQ03229_M19_status=complete_gb=BT110918 2872056
.55 GQ03228_G13.1_clone=GQ03228_G13_cluster=GQ03228_G13_status=complete_gb=BT110821 10715735
.18 GQ03228_G13.1_clone=GQ03228_G13_cluster=GQ03228_G13_status=complete_gb=BT110821 10732989
.85 GQ03220_M23.4_clone=GQ03220_M23_cluster=GQ03220_M23_status=complete_gb=BT110377 10869552
.13 GQ03220_M23.4_clone=GQ03220_M23_cluster=GQ03220_M23_status=complete_gb=BT110377 3702949
.40 GQ03219_J14.1_clone=GQ03219_J14_cluster=GQ03219_J14_status=complete_gb=BT110309 10869719
.26 GQ03219_J14.1_clone=GQ03219_J14_cluster=GQ03219_J14_status=complete_gb=BT110309 10728499
.27 GQ03218_J05.1_clone=GQ03218_J05_cluster=GQ03218_J05_status=complete_gb=BT110239 10751114
.71 GQ03218_J05.1_clone=GQ03218_J05_cluster=GQ03218_J05_status=complete_gb=BT110239 10869604
.48 GQ03213_L12.1_clone=GQ03213_L12_cluster=GQ03213_L12_status=complete_gb=BT109917 10722369
.50 GQ03213_L12.1_clone=GQ03213_L12_cluster=GQ03213_L12_status=complete_gb=BT109917 21495
.50 GQ03211_N18.1_clone=GQ03211_N18_cluster=GQ03211_N18_status=complete_gb=BT109732 10869554
.26 GQ03211_N18.1_clone=GQ03211_N18_cluster=GQ03211_N18_status=complete_gb=BT109732 10722614
.19 GQ03211_N18.1_clone=GQ03211_N18_cluster=GQ03211_N18_status=complete_gb=BT109732 1400688
.16 GQ03211_N18.1_clone=GQ03211_N18_cluster=GQ03211_N18_status=complete_gb=BT109732 1888770
.21 GQ03210_F07.1_clone=GQ03210_F07_cluster=GQ03210_F07_status=complete_gb=BT109591 10716517
.45 GQ03210_F07.1_clone=GQ03210_F07_cluster=GQ03210_F07_status=complete_gb=BT109591 4348147
.49 GQ03205_L16.1_clone=GQ03205_L16_cluster=GQ03205_L16_status=complete_gb=BT109196 10732738
.21 GQ03205_L16.1_clone=GQ03205_L16_cluster=GQ03205_L16_status=complete_gb=BT109196 10746211
.14 GQ03205_L16.1_clone=GQ03205_L16_cluster=GQ03205_L16_status=complete_gb=BT109196 2187386
.14 GQ03205_L16.1_clone=GQ03205_L16_cluster=GQ03205_L16_status=complete_gb=BT109196 5578327
.64 GQ03203_P16.1_clone=GQ03203_P16_cluster=GQ03203_P16_status=complete_gb=BT109038 10869574
.26 GQ03203_P16.1_clone=GQ03203_P16_cluster=GQ03203_P16_status=complete_gb=BT109038 2621358
.21 GQ03203_E13.1_clone=GQ03203_E13_cluster=GQ03203_E13_status=complete_gb=BT108980 10718711
.21 GQ03203_E13.1_clone=GQ03203_E13_cluster=GQ03203_E13_status=complete_gb=BT108980 10741346
.54 GQ03201_O14.1_clone=GQ03201_O14_cluster=GQ03201_O14_status=complete_gb=BT108862 1036645
.22 GQ03201_O14.1_clone=GQ03201_O14_cluster=GQ03201_O14_status=complete_gb=BT108862 2696766
.60 GQ03201_D02.1_clone=GQ03201_D02_cluster=GQ03201_D02_status=complete_gb=BT108802 141019
.26 GQ03201_D02.1_clone=GQ03201_D02_cluster=GQ03201_D02_status=complete_gb=BT108802 10718436
.30 GQ03124_L06.1_clone=GQ03124_L06_cluster=GQ03124_L06_status=complete_gb=BT108636 4081731
.23 GQ03124_L06.1_clone=GQ03124_L06_cluster=GQ03124_L06_status=complete_gb=BT108636 6152856
.21 GQ03124_L06.1_clone=GQ03124_L06_cluster=GQ03124_L06_status=complete_gb=BT108636 3024144
.18 GQ03124_L06.1_clone=GQ03124_L06_cluster=GQ03124_L06_status=complete_gb=BT108636 10840940
.15 GQ03124_L06.1_clone=GQ03124_L06_cluster=GQ03124_L06_status=complete_gb=BT108636 1961885
.71 GQ03121_O06.1_clone=GQ03121_O06_cluster=GQ03121_O06_status=complete_gb=BT108449 10716904
.13 GQ03121_O06.1_clone=GQ03121_O06_cluster=GQ03121_O06_status=complete_gb=BT108449 5910121
.27 GQ03119_O02.1_clone=GQ03119_O02_cluster=GQ03119_O02_status=complete_gb=BT108310 10739698
.16 GQ03119_O02.1_clone=GQ03119_O02_cluster=GQ03119_O02_status=complete_gb=BT108310 10732441
.30 GQ03119_M05.2_clone=GQ03119_M05_cluster=GQ03119_M05_status=complete_gb=BT108303 10721432
.67 GQ03119_M05.2_clone=GQ03119_M05_cluster=GQ03119_M05_status=complete_gb=BT108303 10869550
.85 GQ03119_B06.1_clone=GQ03119_B06_cluster=GQ03119_B06_status=complete_gb=BT108262 10717521
.62 GQ03118_L05.1_clone=GQ03118_L05_cluster=GQ03118_L05_status=complete_gb=BT108234 10720280
.36 GQ03118_L05.1_clone=GQ03118_L05_cluster=GQ03118_L05_status=complete_gb=BT108234 10718793
.62 GQ03117_J19.1_clone=GQ03117_J19_cluster=GQ03117_J19_status=complete_gb=BT108160 10722285
.14 GQ03117_J19.1_clone=GQ03117_J19_cluster=GQ03117_J19_status=complete_gb=BT108160 6510913
.15 GQ03116_O20.1_clone=GQ03116_O20_cluster=GQ03116_O20_status=complete_gb=BT108104 10717833
.75 GQ03116_O20.1_clone=GQ03116_O20_cluster=GQ03116_O20_status=complete_gb=BT108104 10869578
.43 GQ03116_N23.1_clone=GQ03116_N23_cluster=GQ03116_N23_status=complete_gb=BT108099 3717633
.25 GQ03116_N23.1_clone=GQ03116_N23_cluster=GQ03116_N23_status=complete_gb=BT108099 3643351
.83 GQ03116_N15.1_clone=GQ03116_N15_cluster=GQ03116_N15_status=complete_gb=BT108096 10718913
.15 GQ03116_N15.1_clone=GQ03116_N15_cluster=GQ03116_N15_status=complete_gb=BT108096 2762636
.28 GQ03114_N04.1_clone=GQ03114_N04_cluster=GQ03114_N04_status=complete_gb=BT107942 1491363
.20 GQ03114_N04.1_clone=GQ03114_N04_cluster=GQ03114_N04_status=complete_gb=BT107942 5507767
.99 GQ03111_N19.2_clone=GQ03111_N19_cluster=GQ03111_N19_status=complete_gb=BT107715 10869697
.12 GQ03111_E11.1_clone=GQ03111_E11_cluster=GQ03111_E11_status=complete_gb=BT107671 3226358
.63 GQ03111_E11.1_clone=GQ03111_E11_cluster=GQ03111_E11_status=complete_gb=BT107671 10869529
.75 GQ03110_P06.3_clone=GQ03110_P06_cluster=GQ03110_P06_status=complete_gb=BT107649 10869721
.19 GQ03110_P06.3_clone=GQ03110_P06_cluster=GQ03110_P06_status=complete_gb=BT107649 10719641
.71 GQ03110_G02.1_clone=GQ03110_G02_cluster=GQ03110_G02_status=complete_gb=BT107614 10736044
.13 GQ03110_G02.1_clone=GQ03110_G02_cluster=GQ03110_G02_status=complete_gb=BT107614 2825792
.65 GQ03109_L07.1_clone=GQ03109_L07_cluster=GQ03109_L07_status=complete_gb=BT107584 10721408
.11 GQ03109_L07.1_clone=GQ03109_L07_cluster=GQ03109_L07_status=complete_gb=BT107584 5831977
.44 GQ03108_G18.1_clone=GQ03108_G18_cluster=GQ03108_G18_status=complete_gb=BT107500 10722603
.17 GQ03108_G18.1_clone=GQ03108_G18_cluster=GQ03108_G18_status=complete_gb=BT107500 10728389
.32 GQ03101_P11.1_clone=GQ03101_P11_cluster=GQ03101_P11_status=complete_gb=BT107030 1889938
.27 GQ03101_P11.1_clone=GQ03101_P11_cluster=GQ03101_P11_status=complete_gb=BT107030 1564853
.13 GQ03101_P11.1_clone=GQ03101_P11_cluster=GQ03101_P11_status=complete_gb=BT107030 3634358
.13 GQ03101_P11.1_clone=GQ03101_P11_cluster=GQ03101_P11_status=complete_gb=BT107030 7963549
.13 GQ03101_P11.1_clone=GQ03101_P11_cluster=GQ03101_P11_status=complete_gb=BT107030 2629161
.58 GQ03013_E04.1_clone=GQ03013_E04_cluster=GQ03013_E04_status=complete_gb=BT106903 10869647
.44 GQ03009_K20.1_clone=GQ03009_K20_cluster=GQ03009_K20_status=complete_gb=BT106746 10717754
.07 GQ03009_K20.1_clone=GQ03009_K20_cluster=GQ03009_K20_status=complete_gb=BT106746 2021923
.46 GQ03001_N15.1_clone=GQ03001_N15_cluster=GQ03001_N15_status=complete_gb=BT106444 4577960
.25 GQ03001_N15.1_clone=GQ03001_N15_cluster=GQ03001_N15_status=complete_gb=BT106444 7129720
.51 GQ03001_A22.1_clone=GQ03001_A22_cluster=GQ03001_A22_status=complete_gb=BT106407 10869634
.39 GQ03001_A22.1_clone=GQ03001_A22_cluster=GQ03001_A22_status=complete_gb=BT106407 10722125
.54 GQ02908_O17.1_clone=GQ02908_O17_cluster=GQ02908_O17_status=complete_gb=BT106397 3525212
.18 GQ02908_O17.1_clone=GQ02908_O17_cluster=GQ02908_O17_status=complete_gb=BT106397 6141476
.51 GQ02907_O19.3_clone=GQ02907_O19_cluster=GQ02907_O19_status=complete_gb=BT106347 10869730
.28 GQ02907_O19.3_clone=GQ02907_O19_cluster=GQ02907_O19_status=complete_gb=BT106347 10869730
.62 GQ02830_O17.3_clone=GQ02830_O17_cluster=GQ02830_O17_status=53 10869725
.98 GQ02829_I15.1_clone=GQ02829_I15_cluster=GQ02829_I15_status=complete_gb=BT105868 10728846
.46 GQ02828_B07.1_clone=GQ02828_B07_cluster=GQ02828_B07_status=complete_gb=BT105761 10869657
.27 GQ02828_B07.1_clone=GQ02828_B07_cluster=GQ02828_B07_status=complete_gb=BT105761 2736988
.43 GQ02822_K15.1_clone=GQ02822_K15_cluster=GQ02822_K15_status=complete_gb=BT105451 10736143
.27 GQ02822_K15.1_clone=GQ02822_K15_cluster=GQ02822_K15_status=complete_gb=BT105451 10725971
.43 GQ02822_F20.1_clone=GQ02822_F20_cluster=GQ02822_F20_status=complete_gb=BT105430 2178429
.38 GQ02822_F20.1_clone=GQ02822_F20_cluster=GQ02822_F20_status=complete_gb=BT105430 1748653
.32 GQ02822_F20.1_clone=GQ02822_F20_cluster=GQ02822_F20_status=complete_gb=BT105430 2857492
.31 GQ02822_F20.1_clone=GQ02822_F20_cluster=GQ02822_F20_status=complete_gb=BT105430 3678572
.26 GQ02822_F20.1_clone=GQ02822_F20_cluster=GQ02822_F20_status=complete_gb=BT105430 6681920
.13 GQ02821_J11.1_clone=GQ02821_J11_cluster=GQ02821_J11_status=complete_gb=BT105370 10849820
.84 GQ02821_J11.1_clone=GQ02821_J11_cluster=GQ02821_J11_status=complete_gb=BT105370 10869568
.27 GQ02820_L01.1_clone=GQ02820_L01_cluster=GQ02820_L01_status=complete_gb=BT105299 10722425
.26 GQ02820_L01.1_clone=GQ02820_L01_cluster=GQ02820_L01_status=complete_gb=BT105299 7570053
.18 GQ02820_L01.1_clone=GQ02820_L01_cluster=GQ02820_L01_status=complete_gb=BT105299 4221168
.37 GQ02820_F14.2_clone=GQ02820_F14_cluster=GQ02820_F14_status=complete_gb=BT105263 10726311
.18 GQ02820_F14.2_clone=GQ02820_F14_cluster=GQ02820_F14_status=complete_gb=BT105263 1487934
.45 GQ02820_D15.1_clone=GQ02820_D15_cluster=GQ02820_D15_status=complete_gb=BT105254 1397416
.38 GQ02820_D15.1_clone=GQ02820_D15_cluster=GQ02820_D15_status=complete_gb=BT105254 10721251
.30 GQ02819_P15.1_clone=GQ02819_P15_cluster=GQ02819_P15_status=complete_gb=BT105230 3493816
.67 GQ02819_P15.1_clone=GQ02819_P15_cluster=GQ02819_P15_status=complete_gb=BT105230 10715866
.21 GQ02819_J19.1_clone=GQ02819_J19_cluster=GQ02819_J19_status=complete_gb=BT105199 3824527
.38 GQ02819_J19.1_clone=GQ02819_J19_cluster=GQ02819_J19_status=complete_gb=BT105199 10718675
.12 GQ02815_P23.1_clone=GQ02815_P23_cluster=GQ02815_P23_status=complete_gb=BT104864 10770821
.22 GQ02815_P23.1_clone=GQ02815_P23_cluster=GQ02815_P23_status=complete_gb=BT104864 10748978
.83 GQ02813_J08.2_clone=GQ02813_J08_cluster=GQ02813_J08_status=complete_gb=BT104691 10869693
.14 GQ02813_J08.2_clone=GQ02813_J08_cluster=GQ02813_J08_status=complete_gb=BT104691 10717078
.66 GQ02811_O06.1_clone=GQ02811_O06_cluster=GQ02811_O06_status=complete_gb=BT104564 2511737
.21 GQ02811_O06.1_clone=GQ02811_O06_cluster=GQ02811_O06_status=complete_gb=BT104564 5225530
.22 GQ02807_B13.1_clone=GQ02807_B13_cluster=GQ02807_B13_status=complete_gb=BT104166 6344070
.53 GQ02807_B05.1_clone=GQ02807_B05_cluster=GQ02807_B05_status=complete_gb=BT104163 10869704
.21 GQ02807_B05.1_clone=GQ02807_B05_cluster=GQ02807_B05_status=complete_gb=BT104163 4827057
.23 GQ02801_P15.1_clone=GQ02801_P15_cluster=GQ02801_P15_status=complete_gb=BT103777 10718307
.47 GQ02801_I10.1_clone=GQ02801_I10_cluster=GQ02801_I10_status=complete_gb=BT103747 2641377
.25 GQ02801_I10.1_clone=GQ02801_I10_cluster=GQ02801_I10_status=complete_gb=BT103747 4104555
.23 GQ02801_I10.1_clone=GQ02801_I10_cluster=GQ02801_I10_status=complete_gb=BT103747 10760355
.21 GQ02801_I10.1_clone=GQ02801_I10_cluster=GQ02801_I10_status=complete_gb=BT103747 4104564
.25 GQ02612_A09.1_clone=GQ02612_A09_cluster=GQ02612_A09_status=3 3365645
.20 GQ02612_A09.1_clone=GQ02612_A09_cluster=GQ02612_A09_status=3 3429148
.48 GQ0256_G17.1_clone=GQ0256_G17_cluster=GQ0256_G17_status=complete_gb=BT103536 10721376
.21 GQ0256_G17.1_clone=GQ0256_G17_cluster=GQ0256_G17_status=complete_gb=BT103536 2346947
.47 GQ0253_P01.1_clone=GQ0253_P01_cluster=GQ0253_P01_status=3 2012104
.38 GQ0253_P01.1_clone=GQ0253_P01_cluster=GQ0253_P01_status=3 5819035
.81 GQ02511_G01.1_clone=GQ02511_G01_cluster=GQ02511_G01_status=complete_gb=BT103377 10869661
.17 GQ02511_G01.1_clone=GQ02511_G01_cluster=GQ02511_G01_status=complete_gb=BT103377 2423602
.15 GQ0205_K03.1_clone=GQ0205_K03_cluster=GQ0205_K03_status=complete_gb=BT103046 10715984
.24 GQ0205_K03.1_clone=GQ0205_K03_cluster=GQ0205_K03_status=complete_gb=BT103046 10869606
.22 GQ0205_A16.1_clone=GQ0205_A16_cluster=GQ0205_A16_status=complete_gb=BT103019 10717412
.08 GQ0205_A16.1_clone=GQ0205_A16_cluster=GQ0205_A16_status=complete_gb=BT103019 10735615
.49 GQ0202_O05.2_clone=GQ0202_O05_cluster=GQ0202_O05_status=complete_gb=BT102907 10869630
.34 GQ0202_O05.2_clone=GQ0202_O05_cluster=GQ0202_O05_status=complete_gb=BT102907 10717291
.34 GQ0201_M19.1_clone=GQ0201_M19_cluster=GQ0201_M19_status=complete_gb=BT102857 10715019
.25 GQ0201_M19.1_clone=GQ0201_M19_cluster=GQ0201_M19_status=complete_gb=BT102857 10721852
.64 GQ02016_L16.1_clone=GQ02016_L16_cluster=GQ02016_L16_status=complete_gb=BT102807 27728
.16 GQ02016_L16.1_clone=GQ02016_L16_cluster=GQ02016_L16_status=complete_gb=BT102807 4026859
.12 GQ02016_L16.1_clone=GQ02016_L16_cluster=GQ02016_L16_status=complete_gb=BT102807 4630950
.18 GQ02015_L09.1_clone=GQ02015_L09_cluster=GQ02015_L09_status=complete_gb=BT102782 10789619
.44 GQ02015_L09.1_clone=GQ02015_L09_cluster=GQ02015_L09_status=complete_gb=BT102782 10789619
.57 GQ0198_N10.1_clone=GQ0198_N10_cluster=GQ0198_N10_status=complete_gb=BT102644 8292251
.53 GQ0198_N10.1_clone=GQ0198_N10_cluster=GQ0198_N10_status=complete_gb=BT102644 4362374
.13 GQ0198_N10.1_clone=GQ0198_N10_cluster=GQ0198_N10_status=complete_gb=BT102644 8583928
.47 GQ0183_C03.1_clone=GQ0183_C03_cluster=GQ0183_C03_status=complete_gb=BT102365 10722001
.20 GQ0183_C03.1_clone=GQ0183_C03_cluster=GQ0183_C03_status=complete_gb=BT102365 5913078
.81 GQ0182_B03.1_clone=GQ0182_B03_cluster=GQ0182_B03_status=complete_gb=BT102353 10869600
.11 GQ0182_B03.1_clone=GQ0182_B03_cluster=GQ0182_B03_status=complete_gb=BT102353 3338376
.11 GQ0182_B03.1_clone=GQ0182_B03_cluster=GQ0182_B03_status=complete_gb=BT102353 3436690
.10 GQ0182_B03.1_clone=GQ0182_B03_cluster=GQ0182_B03_status=complete_gb=BT102353 10735230
.73 GQ0168_L11.2_clone=GQ0168_L11_cluster=GQ0168_L11_status=5 1349222
.13 GQ0168_L11.2_clone=GQ0168_L11_cluster=GQ0168_L11_status=5 5378882
.27 GQ0134_O15.1_clone=GQ0134_O15_cluster=GQ0134_O15_status=complete_gb=BT101977 10719182
.17 GQ0134_O15.1_clone=GQ0134_O15_cluster=GQ0134_O15_status=complete_gb=BT101977 1778595
.51 GQ0134_M06.1_clone=GQ0134_M06_cluster=GQ0134_M06_status=complete_gb=BT101966 10734272
.15 GQ0134_M06.1_clone=GQ0134_M06_cluster=GQ0134_M06_status=complete_gb=BT101966 1250480
.78 GQ01304_L05.1_clone=GQ01304_L05_cluster=GQ01304_L05_status=complete_gb=BT101445 10723303
.11 GQ01304_L05.1_clone=GQ01304_L05_cluster=GQ01304_L05_status=complete_gb=BT101445 10716101
.11 GQ01304_L05.1_clone=GQ01304_L05_cluster=GQ01304_L05_status=complete_gb=BT101445 694540
.11 GQ01304_L05.1_clone=GQ01304_L05_cluster=GQ01304_L05_status=complete_gb=BT101445 2969150
.57 GQ0073_D16.1_clone=GQ0073_D16_cluster=GQ0073_D16_status=complete_gb=BT101212 10728578
.19 GQ0073_D16.1_clone=GQ0073_D16_cluster=GQ0073_D16_status=complete_gb=BT101212 2680391
.11 GQ0073_D16.1_clone=GQ0073_D16_cluster=GQ0073_D16_status=complete_gb=BT101212 3491980
.30 GQ0071_K23.1_clone=GQ0071_K23_cluster=GQ0071_K23_status=complete_gb=BT101184 10720997
.17 GQ0071_K23.1_clone=GQ0071_K23_cluster=GQ0071_K23_status=complete_gb=BT101184 3140947
.12 GQ0071_K23.1_clone=GQ0071_K23_cluster=GQ0071_K23_status=complete_gb=BT101184 10869523
.19 GQ0071_K06.1_clone=GQ0071_K06_cluster=GQ0071_K06_status=complete_gb=BT101182 3486792
.53 GQ0071_K06.1_clone=GQ0071_K06_cluster=GQ0071_K06_status=complete_gb=BT101182 10751269
.32 GQ0069_D04.1_clone=GQ0069_D04_cluster=GQ0069_D04_status=complete_gb=BT101152 1780936
.30 GQ0069_D04.1_clone=GQ0069_D04_cluster=GQ0069_D04_status=complete_gb=BT101152 3524969
.07 GQ0069_D04.1_clone=GQ0069_D04_cluster=GQ0069_D04_status=complete_gb=BT101152 3624866
.38 GQ0063_E01.1_clone=GQ0063_E01_cluster=GQ0063_E01_status=complete_gb=BT101001 10716834
.33 GQ0063_E01.1_clone=GQ0063_E01_cluster=GQ0063_E01_status=complete_gb=BT101001 1233565
.48 GQ00610_O15.1_clone=GQ00610_O15_cluster=GQ00610_O15_status=complete_gb=BT100924 4904502
.14 GQ00610_O15.1_clone=GQ00610_O15_cluster=GQ00610_O15_status=complete_gb=BT100924 10811183
.20 GQ0044_F06.1_clone=GQ0044_F06_cluster=GQ0044_F06_status=complete_gb=BT100789 10758205
.10 GQ0044_F06.1_clone=GQ0044_F06_cluster=GQ0044_F06_status=complete_gb=BT100789 10818292
.86 GQ00410_A08.1_clone=GQ00410_A08_cluster=GQ00410_A08_status=complete_gb=BT100666 10715586
.31 GQ0026_I09.1_clone=GQ0026_I09_cluster=GQ0026_I09_status=complete_gb=BT100587 4017471
.42 GQ0026_I09.1_clone=GQ0026_I09_cluster=GQ0026_I09_status=complete_gb=BT100587 4017467
.59 GQ0013_O10.1_clone=GQ0013_O10_cluster=GQ0013_O10_status=complete_gb=BT100426 10715495
.35 GQ0013_O10.1_clone=GQ0013_O10_cluster=GQ0013_O10_status=complete_gb=BT100426 10734326
.77 genemark-168198321-processed-gene-0.7-mRNA-1 10869548
.33 augustus_masked-168562641-processed-gene-0.0-mRNA-1 222617
.19 augustus_masked-168562641-processed-gene-0.0-mRNA-1 10715217
.46 augustus_masked-168426091-processed-gene-0.9-mRNA-1 10869623
.19 augustus_masked-168426091-processed-gene-0.9-mRNA-1 10717513
.35 augustus_masked-168246814-processed-gene-0.6-mRNA-1 10869594
.08 augustus_masked-168246814-processed-gene-0.6-mRNA-1 10741502
.17 augustus_masked-168128313-processed-gene-0.5-mRNA-1 10732170
.17 augustus_masked-168128313-processed-gene-0.5-mRNA-1 10727140
.16 augustus_masked-168128313-processed-gene-0.5-mRNA-1 10726752
.99 augustus_masked-166669677-processed-gene-0.0-mRNA-1 4543432
.25 WS0348_P15.1_clone=WS0348_P15_cluster=WS0348_P15_status=complete 10736594
.72 WS0348_P15.1_clone=WS0348_P15_cluster=WS0348_P15_status=complete 10720944
.44 WS02628_C04.1_clone=WS02628_C04_cluster=WS02628_C04_status=complete 10715870
.21 WS02628_C04.1_clone=WS02628_C04_cluster=WS02628_C04_status=complete 3238764
.71 WS0261_D07.1_clone=WS0261_D07_cluster=WS0261_D07_status=complete 5446702
.39 WS02613_I07.1_clone=WS02613_I07_cluster=WS02613_I07_status=complete 10717382
.43 WS02613_I07.1_clone=WS02613_I07_cluster=WS02613_I07_status=complete 10717383
.27 WS00818_L14.1_clone=WS00818_L14_cluster=WS00818_L14_status=complete 10723622
.14 WS00818_L14.1_clone=WS00818_L14_cluster=WS00818_L14_status=complete 10753881
.14 WS00818_L14.1_clone=WS00818_L14_cluster=WS00818_L14_status=complete 5088060
.18 WS00735_A22.1_clone=WS00735_A22_cluster=WS00735_A22_status=complete 4763640
.60 WS00735_A22.1_clone=WS00735_A22_cluster=WS00735_A22_status=complete 10734615
.54 snap_masked-168475732-processed-gene-0.58-mRNA-1 10869682
.33 snap_masked-168296121-processed-gene-0.78-mRNA-1 10718488
.55 snap_masked-168296121-processed-gene-0.78-mRNA-1 10728175
.67 snap_masked-168183995-processed-gene-0.7-mRNA-1 2642063
.27 maker-168573924-snap-gene-0.30-mRNA-1 10869560
.23 maker-168573924-snap-gene-0.30-mRNA-1 10720578
.33 maker-168565737-augustus-gene-0.33-mRNA-2 2498564
.22 maker-168565737-augustus-gene-0.33-mRNA-2 10720701
.29 maker-168563494-augustus-gene-0.15-mRNA-2 10793799
.27 maker-168563494-augustus-gene-0.15-mRNA-2 2587154
.19 maker-168563494-augustus-gene-0.15-mRNA-2 10752793
.26 maker-168563494-augustus-gene-0.15-mRNA-2 771190
.17 maker-168563494-augustus-gene-0.15-mRNA-2 7761975
.10 maker-168558574-snap-gene-0.48-mRNA-1 7834311
.78 maker-168558574-snap-gene-0.48-mRNA-1 10869720
.45 maker-168557713-augustus-gene-0.28-mRNA-1 859129
.52 maker-168557713-augustus-gene-0.28-mRNA-1 10869582
.24 maker-168480251-augustus-gene-0.56-mRNA-1 10718926
.01 maker-168480251-augustus-gene-0.56-mRNA-1 10719880
.77 maker-168259029-snap-gene-0.31-mRNA-1 10869729
.09 maker-168259029-snap-gene-0.31-mRNA-1 7130311
.25 maker-168254861-augustus-gene-0.35-mRNA-1 10722502
.20 maker-168254861-augustus-gene-0.35-mRNA-1 10737419
.18 maker-168254861-augustus-gene-0.35-mRNA-1 10734107
.51 maker-168251502-augustus-gene-0.85-mRNA-1 10869648
.23 maker-168251502-augustus-gene-0.85-mRNA-1 3040277
.15 maker-168240512-snap-gene-0.91-mRNA-1 10869553
.22 maker-168240512-snap-gene-0.91-mRNA-1 3544392
.45 maker-168214681-augustus-gene-0.105-mRNA-1 10720731
.19 maker-168214681-augustus-gene-0.105-mRNA-1 10747979
.80 maker-168198953-augustus-gene-0.13-mRNA-1 10869717
.10 maker-168188498-snap-gene-0.15-mRNA-1 2298375
.62 maker-168188498-snap-gene-0.15-mRNA-1 10869695
.53 maker-168186615-augustus-gene-0.43-mRNA-1 10869515
.09 maker-168186615-augustus-gene-0.43-mRNA-1 1071480
.64 maker-168185382-augustus-gene-0.5-mRNA-1 10869638
.24 maker-168185382-augustus-gene-0.5-mRNA-1 2839611
.36 maker-167830535-snap-gene-0.6-mRNA-1 10869532
.35 GQ04109_B10.1_clone=GQ04109_B10_cluster=GQ04109_B10_status=complete_gb=BT119711 10869705
.60 GQ04013_L14.1_clone=GQ04013_L14_cluster=GQ04013_L14_status=complete_gb=BT119040 10715021
.13 GQ04013_L14.1_clone=GQ04013_L14_cluster=GQ04013_L14_status=complete_gb=BT119040 5817699
.42 GQ04011_P18.1_clone=GQ04011_P18_cluster=GQ04011_P18_status=complete_gb=BT118927 10869714
.13 GQ04011_P18.1_clone=GQ04011_P18_cluster=GQ04011_P18_status=complete_gb=BT118927 613360
.67 GQ04011_O10.1_clone=GQ04011_O10_cluster=GQ04011_O10_status=complete_gb=BT118922 10869517
.17 GQ04011_O10.1_clone=GQ04011_O10_cluster=GQ04011_O10_status=complete_gb=BT118922 1395835
.15 GQ04011_O10.1_clone=GQ04011_O10_cluster=GQ04011_O10_status=complete_gb=BT118922 10716226
.53 GQ04011_C24.2_clone=GQ04011_C24_cluster=GQ04011_C24_status=complete_gb=BT118866 10869727
.15 GQ04011_C24.2_clone=GQ04011_C24_cluster=GQ04011_C24_status=complete_gb=BT118866 10869727
.53 GQ04009_J08.1_clone=GQ04009_J08_cluster=GQ04009_J08_status=complete_gb=BT118723 10869685
.14 GQ04009_J08.1_clone=GQ04009_J08_cluster=GQ04009_J08_status=complete_gb=BT118723 3302172
.43 GQ04008_B19.2_clone=GQ04008_B19_cluster=GQ04008_B19_status=complete_gb=BT118599 10722868
.16 GQ04008_B19.2_clone=GQ04008_B19_cluster=GQ04008_B19_status=complete_gb=BT118599 2329663
.40 GQ04005_D05.1_clone=GQ04005_D05_cluster=GQ04005_D05_status=complete_gb=BT118331 10869708
.19 GQ04005_D05.1_clone=GQ04005_D05_cluster=GQ04005_D05_status=complete_gb=BT118331 10869708
.18 GQ03913_G20.3_clone=GQ03913_G20_cluster=GQ03913_G20_status=53 10715801
.13 GQ03913_G20.3_clone=GQ03913_G20_cluster=GQ03913_G20_status=53 10869688
.57 GQ03902_G06.1_clone=GQ03902_G06_cluster=GQ03902_G06_status=complete_gb=BT117529 10730649
.17 GQ03902_G06.1_clone=GQ03902_G06_cluster=GQ03902_G06_status=complete_gb=BT117529 3647321
.11 GQ03902_G06.1_clone=GQ03902_G06_cluster=GQ03902_G06_status=complete_gb=BT117529 6284222
.68 GQ03817_C13.1_clone=GQ03817_C13_cluster=GQ03817_C13_status=complete_gb=BT117324 10869581
.21 GQ03817_C13.1_clone=GQ03817_C13_cluster=GQ03817_C13_status=complete_gb=BT117324 1388741
.94 GQ03808_O20.1_clone=GQ03808_O20_cluster=GQ03808_O20_status=complete_gb=BT116897 10869686
.33 GQ03806_D01.1_clone=GQ03806_D01_cluster=GQ03806_D01_status=complete_gb=BT116759 10869718
.19 GQ03806_D01.1_clone=GQ03806_D01_cluster=GQ03806_D01_status=complete_gb=BT116759 10869718
.24 GQ03805_M15.2_clone=GQ03805_M15_cluster=GQ03805_M15_status=complete_gb=BT116735 10715817
.01 GQ03805_M15.2_clone=GQ03805_M15_cluster=GQ03805_M15_status=complete_gb=BT116735 10723635
.31 GQ03716_B01.1_clone=GQ03716_B01_cluster=GQ03716_B01_status=complete_gb=BT116321 10869706
.28 GQ03716_B01.1_clone=GQ03716_B01_cluster=GQ03716_B01_status=complete_gb=BT116321 10869706
.97 GQ03715_B14.1_clone=GQ03715_B14_cluster=GQ03715_B14_status=complete_gb=BT116272 10869724
.31 GQ03707_E01.2_clone=GQ03707_E01_cluster=GQ03707_E01_status=5 10758064
.36 GQ03707_E01.2_clone=GQ03707_E01_cluster=GQ03707_E01_status=5 4272906
.34 GQ03506_O19.1_clone=GQ03506_O19_cluster=GQ03506_O19_status=complete_gb=BT114041 10869728
.18 GQ03506_O19.1_clone=GQ03506_O19_cluster=GQ03506_O19_status=complete_gb=BT114041 201450
.06 GQ03411_M23.1_clone=GQ03411_M23_cluster=GQ03411_M23_status=complete_gb=BT113512 4638284
.26 GQ03409_P11.1_clone=GQ03409_P11_cluster=GQ03409_P11_status=complete_gb=BT113476 599306
.53 GQ03406_O15.1_clone=GQ03406_O15_cluster=GQ03406_O15_status=complete_gb=BT113393 10726978
.14 GQ03406_O15.1_clone=GQ03406_O15_cluster=GQ03406_O15_status=complete_gb=BT113393 5412084
.75 GQ03406_D21.1_clone=GQ03406_D21_cluster=GQ03406_D21_status=complete_gb=BT113369 10869618
.10 GQ03406_D21.1_clone=GQ03406_D21_cluster=GQ03406_D21_status=complete_gb=BT113369 10726901
.12 GQ03313_G15.4_clone=GQ03313_G15_cluster=GQ03313_G15_status=complete_gb=BT112316 489258
.34 GQ03313_G15.4_clone=GQ03313_G15_cluster=GQ03313_G15_status=complete_gb=BT112316 792551
.18 GQ03310_C02.1_clone=GQ03310_C02_cluster=GQ03310_C02_status=complete_gb=BT112109 10726581
.15 GQ03310_C02.1_clone=GQ03310_C02_cluster=GQ03310_C02_status=complete_gb=BT112109 10725684
.14 GQ03310_C02.1_clone=GQ03310_C02_cluster=GQ03310_C02_status=complete_gb=BT112109 4057431
.26 GQ03303_A20.1_clone=GQ03303_A20_cluster=GQ03303_A20_status=complete_gb=BT111744 10735143
.30 GQ03303_A20.1_clone=GQ03303_A20_cluster=GQ03303_A20_status=complete_gb=BT111744 10869642
.28 GQ03302_I09.1_clone=GQ03302_I09_cluster=GQ03302_I09_status=complete_gb=BT111711 10719946
.37 GQ03236_H07.1_clone=GQ03236_H07_cluster=GQ03236_H07_status=complete_gb=BT111358 10869709
.26 GQ03236_H07.1_clone=GQ03236_H07_cluster=GQ03236_H07_status=complete_gb=BT111358 2023713
.34 GQ03234_E15.2_clone=GQ03234_E15_cluster=GQ03234_E15_status=complete_gb=BT111203 2626380
.38 GQ03233_J24.1_clone=GQ03233_J24_cluster=GQ03233_J24_status=complete_gb=BT111161 5103197
.35 GQ03233_J24.1_clone=GQ03233_J24_cluster=GQ03233_J24_status=complete_gb=BT111161 4385989
.44 GQ03229_F22.2_clone=GQ03229_F22_cluster=GQ03229_F22_status=complete_gb=BT110893 10720112
.30 GQ03229_F22.2_clone=GQ03229_F22_cluster=GQ03229_F22_status=complete_gb=BT110893 3264862
.78 GQ03224_C01.1_clone=GQ03224_C01_cluster=GQ03224_C01_status=complete_gb=BT110602 10869615
.10 GQ03224_C01.1_clone=GQ03224_C01_cluster=GQ03224_C01_status=complete_gb=BT110602 10730101
.09 GQ03224_C01.1_clone=GQ03224_C01_cluster=GQ03224_C01_status=complete_gb=BT110602 10715242
.21 GQ03223_G19.1_clone=GQ03223_G19_cluster=GQ03223_G19_status=complete_gb=BT110557 10717321
.21 GQ03223_G19.1_clone=GQ03223_G19_cluster=GQ03223_G19_status=complete_gb=BT110557 10727523
.05 GQ03220_F23.1_clone=GQ03220_F23_cluster=GQ03220_F23_status=complete_gb=BT110348 10722541
.91 GQ03220_F23.1_clone=GQ03220_F23_cluster=GQ03220_F23_status=complete_gb=BT110348 10869715
.56 GQ03211_P01.1_clone=GQ03211_P01_cluster=GQ03211_P01_status=complete_gb=BT109741 10742146
.32 GQ03211_P01.1_clone=GQ03211_P01_cluster=GQ03211_P01_status=complete_gb=BT109741 10737096
.24 GQ03208_F05.1_clone=GQ03208_F05_cluster=GQ03208_F05_status=complete_gb=BT109434 3198872
.22 GQ03208_F05.1_clone=GQ03208_F05_cluster=GQ03208_F05_status=complete_gb=BT109434 10719672
.67 GQ03206_L03.1_clone=GQ03206_L03_cluster=GQ03206_L03_status=complete_gb=BT109279 10869691
.25 GQ03206_L03.1_clone=GQ03206_L03_cluster=GQ03206_L03_status=complete_gb=BT109279 10743750
.45 GQ03201_M14.1_clone=GQ03201_M14_cluster=GQ03201_M14_status=complete_gb=BT108852 1731924
.15 GQ03201_M14.1_clone=GQ03201_M14_cluster=GQ03201_M14_status=complete_gb=BT108852 7221764
.54 GQ03124_F08.1_clone=GQ03124_F08_cluster=GQ03124_F08_status=complete_gb=BT108610 10716817
.12 GQ03124_F08.1_clone=GQ03124_F08_cluster=GQ03124_F08_status=complete_gb=BT108610 4555349
.19 GQ03122_C04.1_clone=GQ03122_C04_cluster=GQ03122_C04_status=complete_gb=BT108461 4919279
.71 GQ03122_C04.1_clone=GQ03122_C04_cluster=GQ03122_C04_status=complete_gb=BT108461 10721049
.27 GQ03118_P24.1_clone=GQ03118_P24_cluster=GQ03118_P24_status=complete_gb=BT108254 4530558
.65 GQ03118_P24.1_clone=GQ03118_P24_cluster=GQ03118_P24_status=complete_gb=BT108254 10869703
.39 GQ03117_D03.1_clone=GQ03117_D03_cluster=GQ03117_D03_status=complete_gb=BT108128 10749575
.18 GQ03117_D03.1_clone=GQ03117_D03_cluster=GQ03117_D03_status=complete_gb=BT108128 10739440
.17 GQ03117_D03.1_clone=GQ03117_D03_cluster=GQ03117_D03_status=complete_gb=BT108128 10719954
.16 GQ03117_D03.1_clone=GQ03117_D03_cluster=GQ03117_D03_status=complete_gb=BT108128 926312
.14 GQ03117_D03.1_clone=GQ03117_D03_cluster=GQ03117_D03_status=complete_gb=BT108128 10742359
.36 GQ03110_A22.1_clone=GQ03110_A22_cluster=GQ03110_A22_status=complete_gb=BT107602 10869575
.53 GQ03107_L06.1_clone=GQ03107_L06_cluster=GQ03107_L06_status=complete_gb=BT107452 10869521
.32 GQ03103_K04.2_clone=GQ03103_K04_cluster=GQ03103_K04_status=complete_gb=BT107169 10718276
.09 GQ03103_K04.2_clone=GQ03103_K04_cluster=GQ03103_K04_status=complete_gb=BT107169 2236089
.55 GQ03009_I04.1_clone=GQ03009_I04_cluster=GQ03009_I04_status=complete_gb=BT106735 10716392
.22 GQ03009_I04.1_clone=GQ03009_I04_cluster=GQ03009_I04_status=complete_gb=BT106735 10739271
.21 GQ03005_C12.1_clone=GQ03005_C12_cluster=GQ03005_C12_status=complete_gb=BT106568 10719099
.67 GQ03002_D18.2_clone=GQ03002_D18_cluster=GQ03002_D18_status=complete_gb=BT106460 10869664
.24 GQ03002_D18.2_clone=GQ03002_D18_cluster=GQ03002_D18_status=complete_gb=BT106460 10736478
.43 GQ02906_F12.1_clone=GQ02906_F12_cluster=GQ02906_F12_status=complete_gb=BT106272 10717212
.35 GQ02906_F12.1_clone=GQ02906_F12_cluster=GQ02906_F12_status=complete_gb=BT106272 671277
.34 GQ02906_D09.1_clone=GQ02906_D09_cluster=GQ02906_D09_status=complete_gb=BT106264 1200106
.23 GQ02906_D09.1_clone=GQ02906_D09_cluster=GQ02906_D09_status=complete_gb=BT106264 6289164
.24 GQ02906_D09.1_clone=GQ02906_D09_cluster=GQ02906_D09_status=complete_gb=BT106264 3931544
.21 GQ02906_D09.1_clone=GQ02906_D09_cluster=GQ02906_D09_status=complete_gb=BT106264 522002
.28 GQ02904_G13.1_clone=GQ02904_G13_cluster=GQ02904_G13_status=complete_gb=BT106175 4200055
.26 GQ02904_G13.1_clone=GQ02904_G13_cluster=GQ02904_G13_status=complete_gb=BT106175 10869637
.67 GQ02823_M12.1_clone=GQ02823_M12_cluster=GQ02823_M12_status=complete_gb=BT105529 10722349
.32 GQ02823_M12.1_clone=GQ02823_M12_cluster=GQ02823_M12_status=complete_gb=BT105529 10717523
.37 GQ02819_F02.2_clone=GQ02819_F02_cluster=GQ02819_F02_status=complete_gb=BT105166 10728748
.37 GQ02818_N22.1_clone=GQ02818_N22_cluster=GQ02818_N22_status=complete_gb=BT105125 10869716
.36 GQ02818_N22.1_clone=GQ02818_N22_cluster=GQ02818_N22_status=complete_gb=BT105125 10719156
.63 GQ02818_B03.3_clone=GQ02818_B03_cluster=GQ02818_B03_status=complete_gb=BT105050 10869591
.30 GQ02813_H02.1_clone=GQ02813_H02_cluster=GQ02813_H02_status=complete_gb=BT104679 10722439
.24 GQ02813_H02.1_clone=GQ02813_H02_cluster=GQ02813_H02_status=complete_gb=BT104679 2229237
.21 GQ02813_H02.1_clone=GQ02813_H02_cluster=GQ02813_H02_status=complete_gb=BT104679 2610462
.26 GQ02811_N12.1_clone=GQ02811_N12_cluster=GQ02811_N12_status=complete_gb=BT104562 7494834
.59 GQ02811_N12.1_clone=GQ02811_N12_cluster=GQ02811_N12_status=complete_gb=BT104562 10731669
.65 GQ02811_B06.1_clone=GQ02811_B06_cluster=GQ02811_B06_status=complete_gb=BT104496 10869645
.24 GQ02810_J18.2_clone=GQ02810_J18_cluster=GQ02810_J18_status=complete_gb=BT104457 10745145
.16 GQ02810_J18.2_clone=GQ02810_J18_cluster=GQ02810_J18_status=complete_gb=BT104457 3744329
.33 GQ02809_M15.2_clone=GQ02809_M15_cluster=GQ02809_M15_status=complete_gb=BT104383 10783643
.14 GQ02809_M15.2_clone=GQ02809_M15_cluster=GQ02809_M15_status=complete_gb=BT104383 10720497
.83 GQ02809_C21.3_clone=GQ02809_C21_cluster=GQ02809_C21_status=complete_gb=BT104338 10869700
.07 GQ02809_C21.3_clone=GQ02809_C21_cluster=GQ02809_C21_status=complete_gb=BT104338 7104261
.06 GQ02809_C21.3_clone=GQ02809_C21_cluster=GQ02809_C21_status=complete_gb=BT104338 10789054
.42 GQ0254_O19.1_clone=GQ0254_O19_cluster=GQ0254_O19_status=complete_gb=BT103481 10869525
.37 GQ0254_O19.1_clone=GQ0254_O19_cluster=GQ0254_O19_status=complete_gb=BT103481 4102833
.38 GQ0207_A02.1_clone=GQ0207_A02_cluster=GQ0207_A02_status=complete_gb=BT103125 10723054
.18 GQ0207_A02.1_clone=GQ0207_A02_cluster=GQ0207_A02_status=complete_gb=BT103125 10719298
.69 GQ0204_C11.1_clone=GQ0204_C11_cluster=GQ0204_C11_status=complete_gb=BT102964 10869555
.62 GQ0177_D02.2_clone=GQ0177_D02_cluster=GQ0177_D02_status=complete_gb=BT102304 2947806
.34 GQ0177_D02.2_clone=GQ0177_D02_cluster=GQ0177_D02_status=complete_gb=BT102304 10749984
.47 GQ0164_B11.1_clone=GQ0164_B11_cluster=GQ0164_B11_status=3 10723379
.40 GQ0164_B11.1_clone=GQ0164_B11_cluster=GQ0164_B11_status=3 10748257
.41 GQ0062_O10.1_clone=GQ0062_O10_cluster=GQ0062_O10_status=complete_gb=BT100995 10716746
.34 GQ0062_O10.1_clone=GQ0062_O10_cluster=GQ0062_O10_status=complete_gb=BT100995 10717067
.22 GQ0061_A15.2_clone=GQ0061_A15_cluster=GQ0061_A15_status=53 3285195
.05 GQ0061_A15.2_clone=GQ0061_A15_cluster=GQ0061_A15_status=53 10741911
.50 GQ0044_I24.1_clone=GQ0044_I24_cluster=GQ0044_I24_status=complete_gb=BT100793 10755961
.25 GQ0044_I24.1_clone=GQ0044_I24_cluster=GQ0044_I24_status=complete_gb=BT100793 10755963
.16 GQ0044_I24.1_clone=GQ0044_I24_cluster=GQ0044_I24_status=complete_gb=BT100793 5355556
.16 GQ0044_I24.1_clone=GQ0044_I24_cluster=GQ0044_I24_status=complete_gb=BT100793 4792388
.49 GQ00410_P08.1_clone=GQ00410_P08_cluster=GQ00410_P08_status=53 10869592
.44 GQ00410_P08.1_clone=GQ00410_P08_cluster=GQ00410_P08_status=53 10869592
.76 augustus_masked-167845099-processed-gene-0.7-mRNA-1 10724180
.37 WS03224_G19.1_clone=WS03224_G19_cluster=WS03224_G19_status=complete 10762350
.27 WS00755_D09.1_clone=WS00755_D09_cluster=WS00755_D09_status=3 1089081
.58 WS00755_D09.1_clone=WS00755_D09_cluster=WS00755_D09_status=3 10717263
.28 WS00752_F23.1_clone=WS00752_F23_cluster=WS00752_F23_status=complete 10715106
.99 WS00736_D18.1_clone=WS00736_D18_cluster=WS00736_D18_status=complete 1974126
.58 WS0056_G02.1_clone=WS0056_G02_cluster=WS0056_G02_status=complete 10730306
.24 WS0056_G02.1_clone=WS0056_G02_cluster=WS0056_G02_status=complete 7127830
.25 WS0056_G02.1_clone=WS0056_G02_cluster=WS0056_G02_status=complete 9887390
.20 WS0056_G02.1_clone=WS0056_G02_cluster=WS0056_G02_status=complete 3002046
.87 snap_masked-168577080-processed-gene-0.66-mRNA-1 10717484
.08 snap_masked-168577080-processed-gene-0.66-mRNA-1 8896076
.49 snap_masked-168526131-processed-gene-0.5-mRNA-1 10715066
.27 snap_masked-168114044-processed-gene-0.13-mRNA-1 10869545
.20 snap_masked-168114044-processed-gene-0.13-mRNA-1 10745109
.30 maker-168577266-snap-gene-0.32-mRNA-1 10735476
.16 maker-168577036-snap-gene-2.115-mRNA-1 6141606
.61 maker-168577036-snap-gene-2.115-mRNA-1 10869665
.70 maker-168576936-augustus-gene-0.26-mRNA-1 10869702
.33 maker-168526749-snap-gene-0.36-mRNA-1 10720727
.18 maker-168526749-snap-gene-0.36-mRNA-1 10718476
.33 maker-168524879-snap-gene-0.28-mRNA-1 10724969
.34 maker-168524879-snap-gene-0.28-mRNA-1 10716788
.43 maker-168471017-snap-gene-0.27-mRNA-1 10869712
0 maker-168471017-snap-gene-0.27-mRNA-1 10722710
.66 maker-168429677-augustus-gene-0.99-mRNA-1 10869624
.23 maker-168429677-augustus-gene-0.99-mRNA-1 10729945
.17 maker-168384428-snap-gene-0.10-mRNA-1 10718285
