.98 WS02617_K06.1_clone=WS02617_K06_cluster=WS02617_K06_status=complete 6525925
.20 WS00743_I19.2_clone=WS00743_I19_cluster=WS00743_I19_status=complete 1815116
.70 WS00743_I19.2_clone=WS00743_I19_cluster=WS00743_I19_status=complete 6438967
.99 maker-168577498-augustus-gene-0.78-mRNA-1 6434951
.85 maker-168561571-augustus-gene-0.27-mRNA-1 6437914
.53 maker-168550067-snap-gene-0.25-mRNA-1 6526077
.21 maker-168550067-snap-gene-0.25-mRNA-1 1266863
.30 maker-168546774-snap-gene-0.51-mRNA-2 6526159
.09 maker-168546774-snap-gene-0.51-mRNA-2 6435726
.37 maker-168539019-snap-gene-0.14-mRNA-1 6526328
.99 maker-168532355-snap-gene-0.14-mRNA-1 577732
.24 maker-168527887-augustus-gene-1.102-mRNA-1 1476563
.97 maker-168521177-snap-gene-0.17-mRNA-1 6526452
.38 maker-168520985-snap-gene-1.62-mRNA-1 6439195
.39 maker-168520985-snap-gene-1.62-mRNA-1 6441383
.57 maker-168511581-augustus-gene-0.52-mRNA-2 6525922
.19 maker-168511581-augustus-gene-0.52-mRNA-2 6446729
.94 maker-168404093-augustus-gene-0.30-mRNA-1 6526371
.99 maker-168348461-snap-gene-0.51-mRNA-1 6526369
.35 maker-168325120-augustus-gene-0.91-mRNA-2 448749
.79 maker-168207041-augustus-gene-0.23-mRNA-1 6525935
.07 maker-168207041-augustus-gene-0.23-mRNA-1 345443
.30 maker-168206297-snap-gene-0.47-mRNA-1 1704246
.33 maker-168190526-snap-gene-1.103-mRNA-2 6449077
.36 maker-168189634-snap-gene-0.23-mRNA-1 6525967
.82 maker-168187403-snap-gene-0.8-mRNA-1 6526438
.03 maker-168187403-snap-gene-0.8-mRNA-1 2294098
.66 maker-168186447-augustus-gene-0.43-mRNA-1 6526333
.27 maker-168185463-snap-gene-0.44-mRNA-2 6526239
.19 maker-168185463-snap-gene-0.44-mRNA-2 6435380
.23 maker-166645326-snap-gene-0.5-mRNA-1 287201
.30 maker-166645326-snap-gene-0.5-mRNA-1 6440671
.22 maker-166288602-snap-gene-0.7-mRNA-1 6445126
.14 GQ04108_O21.1_clone=GQ04108_O21_cluster=GQ04108_O21_status=complete_gb=BT119697 3343974
.58 GQ04108_O21.1_clone=GQ04108_O21_cluster=GQ04108_O21_status=complete_gb=BT119697 6526126
.45 GQ04102_L24.1_clone=GQ04102_L24_cluster=GQ04102_L24_status=complete_gb=BT119212 6437771
.20 GQ04102_L24.1_clone=GQ04102_L24_cluster=GQ04102_L24_status=complete_gb=BT119212 834985
.42 GQ04102_B18.1_clone=GQ04102_B18_cluster=GQ04102_B18_status=complete_gb=BT119158 6435827
.17 GQ04102_B18.1_clone=GQ04102_B18_cluster=GQ04102_B18_status=complete_gb=BT119158 6434721
.88 GQ04013_P06.1_clone=GQ04013_P06_cluster=GQ04013_P06_status=complete_gb=BT119064 6526320
.91 GQ04013_D17.1_clone=GQ04013_D17_cluster=GQ04013_D17_status=complete_gb=BT119002 6526340
.98 GQ04010_H24.1_clone=GQ04010_H24_cluster=GQ04010_H24_status=complete_gb=BT118811 6437021
.49 GQ04009_O23.1_clone=GQ04009_O23_cluster=GQ04009_O23_status=complete_gb=BT118760 6526179
.32 GQ04009_C24.1_clone=GQ04009_C24_cluster=GQ04009_C24_status=complete_gb=BT118694 6526414
.19 GQ04009_C24.1_clone=GQ04009_C24_cluster=GQ04009_C24_status=complete_gb=BT118694 6434481
.15 GQ04009_C24.1_clone=GQ04009_C24_cluster=GQ04009_C24_status=complete_gb=BT118694 2451832
.70 GQ04008_K01.3_clone=GQ04008_K01_cluster=GQ04008_K01_status=complete_gb=BT118654 6526335
.90 GQ04007_G03.1_clone=GQ04007_G03_cluster=GQ04007_G03_status=complete_gb=BT118531 6526329
.34 GQ04006_G24.1_clone=GQ04006_G24_cluster=GQ04006_G24_status=complete_gb=BT118441 6526325
.20 GQ04006_G24.1_clone=GQ04006_G24_cluster=GQ04006_G24_status=complete_gb=BT118441 6526325
.99 GQ04005_O05.1_clone=GQ04005_O05_cluster=GQ04005_O05_status=complete_gb=BT118389 6526281
.90 GQ04004_O01.1_clone=GQ04004_O01_cluster=GQ04004_O01_status=complete_gb=BT118306 6526350
.34 GQ04004_J08.1_clone=GQ04004_J08_cluster=GQ04004_J08_status=complete_gb=BT118278 6526002
.31 GQ04004_J08.1_clone=GQ04004_J08_cluster=GQ04004_J08_status=complete_gb=BT118278 2190126
.83 GQ04004_J06.1_clone=GQ04004_J06_cluster=GQ04004_J06_status=complete_gb=BT118277 6526355
.04 GQ04004_J06.1_clone=GQ04004_J06_cluster=GQ04004_J06_status=complete_gb=BT118277 5599084
.40 GQ04003_N17.1_clone=GQ04003_N17_cluster=GQ04003_N17_status=complete_gb=BT118229 6526271
.16 GQ04003_N17.1_clone=GQ04003_N17_cluster=GQ04003_N17_status=complete_gb=BT118229 1248114
.36 GQ04003_A04.1_clone=GQ04003_A04_cluster=GQ04003_A04_status=complete_gb=BT118151 6438189
.18 GQ04003_A04.1_clone=GQ04003_A04_cluster=GQ04003_A04_status=complete_gb=BT118151 6438906
.48 GQ03919_L08.2_clone=GQ03919_L08_cluster=GQ03919_L08_status=complete_gb=BT117987 1125516
.91 GQ03919_H23.1_clone=GQ03919_H23_cluster=GQ03919_H23_status=5 6525987
.35 GQ03915_K05.2_clone=GQ03915_K05_cluster=GQ03915_K05_status=complete_gb=BT117879 6435083
.15 GQ03915_K05.2_clone=GQ03915_K05_cluster=GQ03915_K05_status=complete_gb=BT117879 6434388
.22 GQ03913_P15.1_clone=GQ03913_P15_cluster=GQ03913_P15_status=complete_gb=BT117838 6441468
.17 GQ03913_P15.1_clone=GQ03913_P15_cluster=GQ03913_P15_status=complete_gb=BT117838 6442222
.67 GQ03911_N11.2_clone=GQ03911_N11_cluster=GQ03911_N11_status=complete_gb=BT117774 6526434
.11 GQ03911_N11.2_clone=GQ03911_N11_cluster=GQ03911_N11_status=complete_gb=BT117774 6441246
.10 GQ03911_N11.2_clone=GQ03911_N11_cluster=GQ03911_N11_status=complete_gb=BT117774 6526434
.99 GQ03902_M22.2_clone=GQ03902_M22_cluster=GQ03902_M22_status=complete_gb=BT117541 6526275
.25 GQ03902_E15.1_clone=GQ03902_E15_cluster=GQ03902_E15_status=complete_gb=BT117523 3158912
.65 GQ03819_M12.1_clone=GQ03819_M12_cluster=GQ03819_M12_status=complete_gb=BT117453 6526385
.35 GQ03817_E18.1_clone=GQ03817_E18_cluster=GQ03817_E18_status=complete_gb=BT117331 6526212
.13 GQ03817_E18.1_clone=GQ03817_E18_cluster=GQ03817_E18_status=complete_gb=BT117331 1801294
.61 GQ03814_D13.1_clone=GQ03814_D13_cluster=GQ03814_D13_status=complete_gb=BT117169 6526402
.41 GQ03811_B07.1_clone=GQ03811_B07_cluster=GQ03811_B07_status=complete_gb=BT117012 6526258
.28 GQ03811_B07.1_clone=GQ03811_B07_cluster=GQ03811_B07_status=complete_gb=BT117012 6438366
.24 GQ03811_B07.1_clone=GQ03811_B07_cluster=GQ03811_B07_status=complete_gb=BT117012 1503489
.50 GQ03811_A02.1_clone=GQ03811_A02_cluster=GQ03811_A02_status=complete_gb=BT117005 6526439
.09 GQ03811_A02.1_clone=GQ03811_A02_cluster=GQ03811_A02_status=complete_gb=BT117005 3039960
.99 GQ03809_L15.1_clone=GQ03809_L15_cluster=GQ03809_L15_status=complete_gb=BT116933 6526149
.46 GQ03808_I16.1_clone=GQ03808_I16_cluster=GQ03808_I16_status=complete_gb=BT116883 6437436
.52 GQ03808_I16.1_clone=GQ03808_I16_cluster=GQ03808_I16_status=complete_gb=BT116883 6435653
.62 GQ03807_P11.3_clone=GQ03807_P11_cluster=GQ03807_P11_status=complete_gb=BT116853 6526287
.82 GQ03803_L08.2_clone=GQ03803_L08_cluster=GQ03803_L08_status=complete_gb=BT116636 6526416
.06 GQ03803_L08.2_clone=GQ03803_L08_cluster=GQ03803_L08_status=complete_gb=BT116636 6442058
.46 GQ03719_P02.1_clone=GQ03719_P02_cluster=GQ03719_P02_status=complete_gb=BT116506 6526313
.99 GQ03718_M10.1_clone=GQ03718_M10_cluster=GQ03718_M10_status=complete_gb=BT116442 6526437
.99 GQ03717_O05.2_clone=GQ03717_O05_cluster=GQ03717_O05_status=complete_gb=BT116389 6526192
.23 GQ03713_O19.1_clone=GQ03713_O19_cluster=GQ03713_O19_status=complete_gb=BT116221 6436314
.12 GQ03713_O19.1_clone=GQ03713_O19_cluster=GQ03713_O19_status=complete_gb=BT116221 1580288
.91 GQ03713_N01.1_clone=GQ03713_N01_cluster=GQ03713_N01_status=complete_gb=BT116214 6526378
.47 GQ03713_K04.1_clone=GQ03713_K04_cluster=GQ03713_K04_status=complete_gb=BT116207 6526170
.93 GQ03713_G02.1_clone=GQ03713_G02_cluster=GQ03713_G02_status=complete_gb=BT116193 6526398
.07 GQ03712_I17.1_clone=GQ03712_I17_cluster=GQ03712_I17_status=complete_gb=BT116147 619607
.92 GQ03712_I17.1_clone=GQ03712_I17_cluster=GQ03712_I17_status=complete_gb=BT116147 6526401
.41 GQ03712_B13.1_clone=GQ03712_B13_cluster=GQ03712_B13_status=complete_gb=BT116117 6526133
.68 GQ03711_P20.1_clone=GQ03711_P20_cluster=GQ03711_P20_status=complete_gb=BT116111 6526014
.52 GQ03711_I24.1_clone=GQ03711_I24_cluster=GQ03711_I24_status=complete_gb=BT116080 6435292
.26 GQ03711_I24.1_clone=GQ03711_I24_cluster=GQ03711_I24_status=complete_gb=BT116080 6444552
.88 GQ03708_J15.1_clone=GQ03708_J15_cluster=GQ03708_J15_status=complete_gb=BT115906 6526346
.47 GQ03707_O24.1_clone=GQ03707_O24_cluster=GQ03707_O24_status=complete_gb=BT115880 6434316
.08 GQ03707_J13.1_clone=GQ03707_J13_cluster=GQ03707_J13_status=complete_gb=BT115863 1825523
.91 GQ03707_J13.1_clone=GQ03707_J13_cluster=GQ03707_J13_status=complete_gb=BT115863 6526118
.88 GQ03705_P14.1_clone=GQ03705_P14_cluster=GQ03705_P14_status=complete_gb=BT115775 6526400
.62 GQ03615_A12.1_clone=GQ03615_A12_cluster=GQ03615_A12_status=complete_gb=BT115364 6525901
.74 GQ03613_P17.1_clone=GQ03613_P17_cluster=GQ03613_P17_status=complete_gb=BT115310 6526435
.76 GQ03613_J04.1_clone=GQ03613_J04_cluster=GQ03613_J04_status=complete_gb=BT115292 6526396
.32 GQ03612_P05.1_clone=GQ03612_P05_cluster=GQ03612_P05_status=complete_gb=BT115265 6444859
.24 GQ03612_P05.1_clone=GQ03612_P05_cluster=GQ03612_P05_status=complete_gb=BT115265 818522
.36 GQ03611_F13.1_clone=GQ03611_F13_cluster=GQ03611_F13_status=complete_gb=BT115201 6434169
.34 GQ03608_H13.1_clone=GQ03608_H13_cluster=GQ03608_H13_status=complete_gb=BT115070 6439721
.13 GQ03608_H13.1_clone=GQ03608_H13_cluster=GQ03608_H13_status=complete_gb=BT115070 6435190
.19 GQ03606_M21.1_clone=GQ03606_M21_cluster=GQ03606_M21_status=complete_gb=BT114997 6435232
.36 GQ03606_M21.1_clone=GQ03606_M21_cluster=GQ03606_M21_status=complete_gb=BT114997 6435610
.45 GQ03603_K08.2_clone=GQ03603_K08_cluster=GQ03603_K08_status=complete_gb=BT114850 1685896
.91 GQ03601_N05.1_clone=GQ03601_N05_cluster=GQ03601_N05_status=complete_gb=BT114769 6526389
.65 GQ03601_A09.3_clone=GQ03601_A09_cluster=GQ03601_A09_status=complete_gb=BT114731 6526193
.10 GQ03601_A09.3_clone=GQ03601_A09_cluster=GQ03601_A09_status=complete_gb=BT114731 6437869
.09 GQ03601_A09.3_clone=GQ03601_A09_cluster=GQ03601_A09_status=complete_gb=BT114731 1107429
.97 GQ03519_M12.1_clone=GQ03519_M12_cluster=GQ03519_M12_status=complete_gb=BT114714 6526403
.41 GQ03519_E07.1_clone=GQ03519_E07_cluster=GQ03519_E07_status=complete_gb=BT114681 6526216
.15 GQ03519_B09.1_clone=GQ03519_B09_cluster=GQ03519_B09_status=complete_gb=BT114669 2577526
.71 GQ03519_B09.1_clone=GQ03519_B09_cluster=GQ03519_B09_status=complete_gb=BT114669 6436778
.39 GQ03517_P17.3_clone=GQ03517_P17_cluster=GQ03517_P17_status=complete_gb=BT114621 6438641
.65 GQ03517_M20.1_clone=GQ03517_M20_cluster=GQ03517_M20_status=complete_gb=BT114609 6526365
.06 GQ03517_M20.1_clone=GQ03517_M20_cluster=GQ03517_M20_status=complete_gb=BT114609 1385371
.34 GQ03515_K24.1_clone=GQ03515_K24_cluster=GQ03515_K24_status=complete_gb=BT114499 6435481
.78 GQ03514_L22.1_clone=GQ03514_L22_cluster=GQ03514_L22_status=complete_gb=BT114449 6526397
.32 GQ03513_N02.1_clone=GQ03513_N02_cluster=GQ03513_N02_status=complete_gb=BT114393 6526406
.37 GQ03513_N02.1_clone=GQ03513_N02_cluster=GQ03513_N02_status=complete_gb=BT114393 6526406
.22 GQ03513_N02.1_clone=GQ03513_N02_cluster=GQ03513_N02_status=complete_gb=BT114393 6525962
.64 GQ03505_M06.1_clone=GQ03505_M06_cluster=GQ03505_M06_status=complete_gb=BT113979 6526347
.08 GQ03505_M06.1_clone=GQ03505_M06_cluster=GQ03505_M06_status=complete_gb=BT113979 4482072
.05 GQ03503_E10.1_clone=GQ03503_E10_cluster=GQ03503_E10_status=complete_gb=BT113866 487390
.90 GQ03503_E10.1_clone=GQ03503_E10_cluster=GQ03503_E10_status=complete_gb=BT113866 6526376
.19 GQ03418_M02.2_clone=GQ03418_M02_cluster=GQ03418_M02_status=complete_gb=BT113735 6443311
.71 GQ03418_M02.2_clone=GQ03418_M02_cluster=GQ03418_M02_status=complete_gb=BT113735 6436029
.45 GQ03413_M01.1_clone=GQ03413_M01_cluster=GQ03413_M01_status=complete_gb=BT113570 6526227
.99 GQ03406_B21.1_clone=GQ03406_B21_cluster=GQ03406_B21_status=complete_gb=BT113366 6526257
.64 GQ03404_J09.4_clone=GQ03404_J09_cluster=GQ03404_J09_status=53 6444852
.65 GQ03401_G01.1_clone=GQ03401_G01_cluster=GQ03401_G01_status=complete_gb=BT113205 6526399
.25 GQ03321_E21.1_clone=GQ03321_E21_cluster=GQ03321_E21_status=complete_gb=BT112820 1295510
.30 GQ03321_E21.1_clone=GQ03321_E21_cluster=GQ03321_E21_status=complete_gb=BT112820 6445844
.36 GQ03317_G23.1_clone=GQ03317_G23_cluster=GQ03317_G23_status=complete_gb=BT112558 6526214
.26 GQ03317_G23.1_clone=GQ03317_G23_cluster=GQ03317_G23_status=complete_gb=BT112558 6437060
.14 GQ03317_G23.1_clone=GQ03317_G23_cluster=GQ03317_G23_status=complete_gb=BT112558 924260
.94 GQ03314_J09.1_clone=GQ03314_J09_cluster=GQ03314_J09_status=complete_gb=BT112406 6526443
.01 GQ03314_J09.1_clone=GQ03314_J09_cluster=GQ03314_J09_status=complete_gb=BT112406 5022027
.01 GQ03314_J09.1_clone=GQ03314_J09_cluster=GQ03314_J09_status=complete_gb=BT112406 6526443
.49 GQ03314_G21.1_clone=GQ03314_G21_cluster=GQ03314_G21_status=complete_gb=BT112395 6525927
.42 GQ03314_G21.1_clone=GQ03314_G21_cluster=GQ03314_G21_status=complete_gb=BT112395 6437610
.88 GQ03312_N08.1_clone=GQ03312_N08_cluster=GQ03312_N08_status=complete_gb=BT112274 6526316
.28 GQ03304_P12.1_clone=GQ03304_P12_cluster=GQ03304_P12_status=complete_gb=BT111889 6526135
.23 GQ03304_P12.1_clone=GQ03304_P12_cluster=GQ03304_P12_status=complete_gb=BT111889 1502646
.34 GQ03302_K19.1_clone=GQ03302_K19_cluster=GQ03302_K19_status=complete_gb=BT111718 2719588
.16 GQ03302_K19.1_clone=GQ03302_K19_cluster=GQ03302_K19_status=complete_gb=BT111718 6438624
.05 GQ03301_H04.3_clone=GQ03301_H04_cluster=GQ03301_H04_status=complete_gb=BT111623 2757288
.81 GQ03301_H04.3_clone=GQ03301_H04_cluster=GQ03301_H04_status=complete_gb=BT111623 6526426
.43 GQ03238_O21.1_clone=GQ03238_O21_cluster=GQ03238_O21_status=complete_gb=BT111524 6526012
.58 GQ03237_G10.1_clone=GQ03237_G10_cluster=GQ03237_G10_status=complete_gb=BT111413 6526334
.65 GQ03237_F20.1_clone=GQ03237_F20_cluster=GQ03237_F20_status=complete_gb=BT111411 6456817
.48 GQ03235_G02.1_clone=GQ03235_G02_cluster=GQ03235_G02_status=complete_gb=BT111281 6526449
.91 GQ03235_E10.1_clone=GQ03235_E10_cluster=GQ03235_E10_status=complete_gb=BT111272 6526354
.33 GQ03233_I21.1_clone=GQ03233_I21_cluster=GQ03233_I21_status=complete_gb=BT111155 6436075
.62 GQ03232_N19.1_clone=GQ03232_N19_cluster=GQ03232_N19_status=complete_gb=BT111117 6436501
.50 GQ03231_F23.2_clone=GQ03231_F23_cluster=GQ03231_F23_status=complete_gb=BT111019 6526061
.18 GQ03231_F23.2_clone=GQ03231_F23_cluster=GQ03231_F23_status=complete_gb=BT111019 636526
.99 GQ03229_N21.1_clone=GQ03229_N21_cluster=GQ03229_N21_status=complete_gb=BT110927 6526098
.99 GQ03228_A14.1_clone=GQ03228_A14_cluster=GQ03228_A14_status=complete_gb=BT110793 6526318
.48 GQ03224_B01.1_clone=GQ03224_B01_cluster=GQ03224_B01_status=complete_gb=BT110598 6435269
.98 GQ03221_I23.1_clone=GQ03221_I23_cluster=GQ03221_I23_status=complete_gb=BT110425 6441665
.99 GQ03219_B16.1_clone=GQ03219_B16_cluster=GQ03219_B16_status=complete_gb=BT110279 6525997
.61 GQ03214_N12.1_clone=GQ03214_N12_cluster=GQ03214_N12_status=complete_gb=BT110004 6438421
.58 GQ03213_G18.3_clone=GQ03213_G18_cluster=GQ03213_G18_status=complete_gb=BT109892 6526338
.84 GQ03212_J16.1_clone=GQ03212_J16_cluster=GQ03212_J16_status=complete_gb=BT109806 6526388
.18 GQ03210_B08.1_clone=GQ03210_B08_cluster=GQ03210_B08_status=complete_gb=BT109570 6436812
.80 GQ03208_M02.1_clone=GQ03208_M02_cluster=GQ03208_M02_status=complete_gb=BT109463 6434736
.19 GQ03208_M02.1_clone=GQ03208_M02_cluster=GQ03208_M02_status=complete_gb=BT109463 491341
.13 GQ03207_M18.2_clone=GQ03207_M18_cluster=GQ03207_M18_status=complete_gb=BT109383 6441332
.66 GQ03207_M18.2_clone=GQ03207_M18_cluster=GQ03207_M18_status=complete_gb=BT109383 6526345
.98 GQ03204_M13.1_clone=GQ03204_M13_cluster=GQ03204_M13_status=complete_gb=BT109106 6526352
.38 GQ03120_K24.1_clone=GQ03120_K24_cluster=GQ03120_K24_status=complete_gb=BT108357 6526089
.22 GQ03120_K24.1_clone=GQ03120_K24_cluster=GQ03120_K24_status=complete_gb=BT108357 6445531
.16 GQ03120_H17.2_clone=GQ03120_H17_cluster=GQ03120_H17_status=complete_gb=BT108346 3337332
.15 GQ03120_H17.2_clone=GQ03120_H17_cluster=GQ03120_H17_status=complete_gb=BT108346 6448452
.48 GQ03120_G19.1_clone=GQ03120_G19_cluster=GQ03120_G19_status=complete_gb=BT108345 3002130
.26 GQ03120_G19.1_clone=GQ03120_G19_cluster=GQ03120_G19_status=complete_gb=BT108345 6045902
.16 GQ03120_G19.1_clone=GQ03120_G19_cluster=GQ03120_G19_status=complete_gb=BT108345 3160215
.84 GQ03119_L03.1_clone=GQ03119_L03_cluster=GQ03119_L03_status=complete_gb=BT108299 6526425
.53 GQ03119_G13.1_clone=GQ03119_G13_cluster=GQ03119_G13_status=complete_gb=BT108277 6526180
.17 GQ03119_G13.1_clone=GQ03119_G13_cluster=GQ03119_G13_status=complete_gb=BT108277 2235757
.10 GQ03118_O08.1_clone=GQ03118_O08_cluster=GQ03118_O08_status=complete_gb=BT108249 6444155
.52 GQ03118_O08.1_clone=GQ03118_O08_cluster=GQ03118_O08_status=complete_gb=BT108249 6526272
.40 GQ03118_E23.1_clone=GQ03118_E23_cluster=GQ03118_E23_status=complete_gb=BT108206 6525957
.20 GQ03118_E23.1_clone=GQ03118_E23_cluster=GQ03118_E23_status=complete_gb=BT108206 1462724
.89 GQ03117_N20.1_clone=GQ03117_N20_cluster=GQ03117_N20_status=complete_gb=BT108179 6440979
.50 GQ03114_I12.1_clone=GQ03114_I12_cluster=GQ03114_I12_status=complete_gb=BT107927 6525940
.23 GQ03114_I12.1_clone=GQ03114_I12_cluster=GQ03114_I12_status=complete_gb=BT107927 6450723
.91 GQ03114_A11.1_clone=GQ03114_A11_cluster=GQ03114_A11_status=complete_gb=BT107893 6526017
.92 GQ03113_O17.1_clone=GQ03113_O17_cluster=GQ03113_O17_status=complete_gb=BT107885 6526368
.48 GQ03111_D16.2_clone=GQ03111_D16_cluster=GQ03111_D16_status=complete_gb=BT107667 6526161
.21 GQ03111_D16.2_clone=GQ03111_D16_cluster=GQ03111_D16_status=complete_gb=BT107667 3180848
.82 GQ03109_O19.1_clone=GQ03109_O19_cluster=GQ03109_O19_status=complete_gb=BT107593 6526390
.91 GQ03108_K14.1_clone=GQ03108_K14_cluster=GQ03108_K14_status=complete_gb=BT107522 6526337
.92 GQ03108_G20.1_clone=GQ03108_G20_cluster=GQ03108_G20_status=complete_gb=BT107501 6526215
.58 GQ03104_M11.1_clone=GQ03104_M11_cluster=GQ03104_M11_status=complete_gb=BT107232 6525995
.15 GQ03104_M11.1_clone=GQ03104_M11_cluster=GQ03104_M11_status=complete_gb=BT107232 6447528
.91 GQ03104_K05.1_clone=GQ03104_K05_cluster=GQ03104_K05_status=complete_gb=BT107222 6526164
.53 GQ03103_D06.1_clone=GQ03103_D06_cluster=GQ03103_D06_status=complete_gb=BT107136 6526087
.09 GQ03103_D06.1_clone=GQ03103_D06_cluster=GQ03103_D06_status=complete_gb=BT107136 3096751
.40 GQ03013_K11.1_clone=GQ03013_K11_cluster=GQ03013_K11_status=complete_gb=BT106922 306482
.15 GQ03013_K11.1_clone=GQ03013_K11_cluster=GQ03013_K11_status=complete_gb=BT106922 2439777
.49 GQ03012_F07.3_clone=GQ03012_F07_cluster=GQ03012_F07_status=complete_gb=BT106857 6526375
.13 GQ03012_F07.3_clone=GQ03012_F07_cluster=GQ03012_F07_status=complete_gb=BT106857 6526375
.86 GQ03009_M16.3_clone=GQ03009_M16_cluster=GQ03009_M16_status=complete_gb=BT106751 6526341
.39 GQ03007_F19.1_clone=GQ03007_F19_cluster=GQ03007_F19_status=complete_gb=BT106657 6467756
.47 GQ03005_C20.1_clone=GQ03005_C20_cluster=GQ03005_C20_status=complete_gb=BT106569 6526178
.18 GQ03005_C20.1_clone=GQ03005_C20_cluster=GQ03005_C20_status=complete_gb=BT106569 247024
.99 GQ02908_L05.1_clone=GQ02908_L05_cluster=GQ02908_L05_status=complete_gb=BT106388 6526319
.37 GQ02907_N16.3_clone=GQ02907_N16_cluster=GQ02907_N16_status=complete_gb=BT106345 6526408
.30 GQ02907_N16.3_clone=GQ02907_N16_cluster=GQ02907_N16_status=complete_gb=BT106345 6526408
.14 GQ02907_C22.3_clone=GQ02907_C22_cluster=GQ02907_C22_status=complete_gb=BT106318 2115795
.24 GQ02907_C22.3_clone=GQ02907_C22_cluster=GQ02907_C22_status=complete_gb=BT106318 6526343
.09 GQ02907_C22.3_clone=GQ02907_C22_cluster=GQ02907_C22_status=complete_gb=BT106318 2288486
.31 GQ02906_M20.4_clone=GQ02906_M20_cluster=GQ02906_M20_status=complete_gb=BT106298 6526429
.13 GQ02906_M20.4_clone=GQ02906_M20_cluster=GQ02906_M20_status=complete_gb=BT106298 1069463
.86 GQ02906_E15.1_clone=GQ02906_E15_cluster=GQ02906_E15_status=complete_gb=BT106268 6526384
.42 GQ02904_M21.1_clone=GQ02904_M21_cluster=GQ02904_M21_status=complete_gb=BT106194 6441944
.16 GQ02904_G11.2_clone=GQ02904_G11_cluster=GQ02904_G11_status=complete_gb=BT106173 6435461
.40 GQ02904_G11.2_clone=GQ02904_G11_cluster=GQ02904_G11_status=complete_gb=BT106173 6435365
.43 GQ02904_D05.1_clone=GQ02904_D05_cluster=GQ02904_D05_status=complete_gb=BT106162 6526104
.16 GQ02904_D05.1_clone=GQ02904_D05_cluster=GQ02904_D05_status=complete_gb=BT106162 6438119
.29 GQ02830_P12.1_clone=GQ02830_P12_cluster=GQ02830_P12_status=complete_gb=BT105989 3304193
.27 GQ02830_P12.1_clone=GQ02830_P12_cluster=GQ02830_P12_status=complete_gb=BT105989 6434339
.04 GQ02830_P12.1_clone=GQ02830_P12_cluster=GQ02830_P12_status=complete_gb=BT105989 3304193
.96 GQ02830_H02.4_clone=GQ02830_H02_cluster=GQ02830_H02_status=complete_gb=BT105952 6526419
.35 GQ02827_K22.2_clone=GQ02827_K22_cluster=GQ02827_K22_status=53 961088
.15 GQ02827_K22.2_clone=GQ02827_K22_cluster=GQ02827_K22_status=53 1195046
.11 GQ02823_L03.1_clone=GQ02823_L03_cluster=GQ02823_L03_status=complete_gb=BT105523 4056191
.76 GQ02823_L03.1_clone=GQ02823_L03_cluster=GQ02823_L03_status=complete_gb=BT105523 6526424
.76 GQ02822_C06.2_clone=GQ02822_C06_cluster=GQ02822_C06_status=complete_gb=BT105418 6526386
.38 GQ02820_P15.2_clone=GQ02820_P15_cluster=GQ02820_P15_status=complete_gb=BT105332 944314
.19 GQ02820_N01.1_clone=GQ02820_N01_cluster=GQ02820_N01_status=complete_gb=BT105315 6435831
.41 GQ02820_M04.1_clone=GQ02820_M04_cluster=GQ02820_M04_status=complete_gb=BT105309 6526073
.36 GQ02817_H13.1_clone=GQ02817_H13_cluster=GQ02817_H13_status=complete_gb=BT104992 6435020
.63 GQ02816_B23.1_clone=GQ02816_B23_cluster=GQ02816_B23_status=complete_gb=BT104873 6525909
.78 GQ02810_B13.1_clone=GQ02810_B13_cluster=GQ02810_B13_status=complete_gb=BT104412 6526063
.90 GQ02809_F16.2_clone=GQ02809_F16_cluster=GQ02809_F16_status=complete_gb=BT104350 6526351
.95 GQ02806_K16.2_clone=GQ02806_K16_cluster=GQ02806_K16_status=complete_gb=BT104117 6526324
.72 GQ0259_K06.1_clone=GQ0259_K06_cluster=GQ0259_K06_status=complete_gb=BT103627 6526224
.19 GQ0259_K06.1_clone=GQ0259_K06_cluster=GQ0259_K06_status=complete_gb=BT103627 6435759
.53 GQ0205_P12.1_clone=GQ0205_P12_cluster=GQ0205_P12_status=complete_gb=BT103066 6526123
.19 GQ0205_P12.1_clone=GQ0205_P12_cluster=GQ0205_P12_status=complete_gb=BT103066 2739882
.13 GQ0204_B11.1_clone=GQ0204_B11_cluster=GQ0204_B11_status=complete_gb=BT102962 6434406
.09 GQ0204_B11.1_clone=GQ0204_B11_cluster=GQ0204_B11_status=complete_gb=BT102962 6448401
.16 GQ0203_A05.1_clone=GQ0203_A05_cluster=GQ0203_A05_status=complete_gb=BT102911 3146022
.23 GQ0203_A05.1_clone=GQ0203_A05_cluster=GQ0203_A05_status=complete_gb=BT102911 6526119
.99 GQ0201_J16.1_clone=GQ0201_J16_cluster=GQ0201_J16_status=complete_gb=BT102845 6526252
.39 GQ02014_K10.1_clone=GQ02014_K10_cluster=GQ02014_K10_status=complete_gb=BT102766 6526057
.14 GQ02014_K10.1_clone=GQ02014_K10_cluster=GQ02014_K10_status=complete_gb=BT102766 6491469
.68 GQ02013_H10.1_clone=GQ02013_H10_cluster=GQ02013_H10_status=complete_gb=BT102742 6444589
.37 GQ02013_H10.1_clone=GQ02013_H10_cluster=GQ02013_H10_status=complete_gb=BT102742 1582440
.24 GQ02013_H10.1_clone=GQ02013_H10_cluster=GQ02013_H10_status=complete_gb=BT102742 1504079
.91 GQ02011_M05.1_clone=GQ02011_M05_cluster=GQ02011_M05_status=complete_gb=BT102707 6526410
.57 GQ0191_M01.1_clone=GQ0191_M01_cluster=GQ0191_M01_status=complete_gb=BT102418 6526442
.32 GQ0182_F04.1_clone=GQ0182_F04_cluster=GQ0182_F04_status=complete_gb=BT102356 6526088
.14 GQ0171_F05.1_clone=GQ0171_F05_cluster=GQ0171_F05_status=complete_gb=BT102230 6525988
.06 GQ0171_F05.1_clone=GQ0171_F05_cluster=GQ0171_F05_status=complete_gb=BT102230 3923466
.98 GQ0167_M11.1_clone=GQ0167_M11_cluster=GQ0167_M11_status=complete_gb=BT102169 6525983
.85 GQ0165_C20.1_clone=GQ0165_C20_cluster=GQ0165_C20_status=complete_gb=BT102051 6526427
.84 GQ0069_H20.1_clone=GQ0069_H20_cluster=GQ0069_H20_status=complete_gb=BT101157 6526321
.12 GQ0064_H22.1_clone=GQ0064_H22_cluster=GQ0064_H22_status=complete_gb=BT101019 2392761
.09 GQ0064_H22.1_clone=GQ0064_H22_cluster=GQ0064_H22_status=complete_gb=BT101019 2140334
.65 GQ0061_K21.1_clone=GQ0061_K21_cluster=GQ0061_K21_status=complete_gb=BT100981 6436337
.07 GQ0048_K15.1_clone=GQ0048_K15_cluster=GQ0048_K15_status=complete_gb=BT100882 6028312
.91 GQ0048_K15.1_clone=GQ0048_K15_cluster=GQ0048_K15_status=complete_gb=BT100882 6433976
.69 GQ0044_C20.1_clone=GQ0044_C20_cluster=GQ0044_C20_status=complete_gb=BT100786 6526189
.39 GQ0041_D14.1_clone=GQ0041_D14_cluster=GQ0041_D14_status=53 6525966
.84 GQ00412_D06.1_clone=GQ00412_D06_cluster=GQ00412_D06_status=complete_gb=BT100718 6526361
.41 GQ0025_O04.1_clone=GQ0025_O04_cluster=GQ0025_O04_status=complete_gb=BT100568 6526245
.31 augustus_masked-168490649-processed-gene-0.5-mRNA-1 6437043
.99 augustus_masked-168313924-processed-gene-0.11-mRNA-1 6526291
.73 augustus_masked-168235767-processed-gene-0.0-mRNA-1 6526143
.99 augustus_masked-168189660-processed-gene-0.2-mRNA-1 6526209
.56 augustus_masked-168187047-processed-gene-0.2-mRNA-1 6525937
.17 augustus_masked-168187047-processed-gene-0.2-mRNA-1 6438337
.15 augustus_masked-162882530-processed-gene-0.0-mRNA-1 703869
.21 augustus_masked-162882530-processed-gene-0.0-mRNA-1 758162
.25 augustus_masked-161410195-processed-gene-0.0-mRNA-1 584980
.74 augustus_masked-161410195-processed-gene-0.0-mRNA-1 6435101
.88 WS03217_E24.1_clone=WS03217_E24_cluster=WS03217_E24_status=complete 6439029
.31 WS03210_K20.1_clone=WS03210_K20_cluster=WS03210_K20_status=3 753417
.38 WS03210_K20.1_clone=WS03210_K20_cluster=WS03210_K20_status=3 6434553
.99 WS0084_O21.1_clone=WS0084_O21_cluster=WS0084_O21_status=3 6526235
.90 WS00749_A09.1_clone=WS00749_A09_cluster=WS00749_A09_status=3 6525978
.31 WS00748_H07.1_clone=WS00748_H07_cluster=WS00748_H07_status=complete 5255888
.99 WS00746_P09.1_clone=WS00746_P09_cluster=WS00746_P09_status=3 6526151
.93 WS0023_J13.1_clone=WS0023_J13_cluster=WS0023_J13_status=3 6435305
.37 snap_masked-168442939-processed-gene-0.49-mRNA-1 6526228
.29 snap_masked-168442939-processed-gene-0.49-mRNA-1 6435379
.33 snap_masked-167859479-processed-gene-0.13-mRNA-1 6526186
.31 snap_masked-167859479-processed-gene-0.13-mRNA-1 6444066
.52 maker-168577310-augustus-gene-0.20-mRNA-2 6526420
.27 maker-168577310-augustus-gene-0.20-mRNA-2 6526420
.53 maker-168561322-snap-gene-0.31-mRNA-1 6526379
.27 maker-168561322-snap-gene-0.31-mRNA-1 6441703
.86 maker-168549664-augustus-gene-0.66-mRNA-1 6526433
.03 maker-168549664-augustus-gene-0.66-mRNA-1 4378494
.23 maker-168548884-snap-gene-0.30-mRNA-1 1302987
.66 maker-168548884-snap-gene-0.30-mRNA-1 6526387
.77 maker-168548755-augustus-gene-0.108-mRNA-1 6526360
.01 maker-168548755-augustus-gene-0.108-mRNA-1 3262497
.95 maker-168488512-augustus-gene-0.48-mRNA-1 6526436
.56 maker-168384492-snap-gene-0.19-mRNA-1 6525948
.29 maker-168324762-augustus-gene-0.14-mRNA-2 6526374
.32 maker-168324762-augustus-gene-0.14-mRNA-2 6526374
.30 maker-168292693-snap-gene-0.20-mRNA-1 6435407
.11 maker-168292693-snap-gene-0.20-mRNA-1 6434160
.23 maker-168272497-augustus-gene-0.54-mRNA-1 6438046
.34 maker-168272497-augustus-gene-0.54-mRNA-1 1731989
.41 maker-168243758-snap-gene-0.22-mRNA-1 6447989
.26 maker-168243758-snap-gene-0.22-mRNA-1 6442624
.47 maker-168232300-snap-gene-0.34-mRNA-1 6526322
.15 maker-168232300-snap-gene-0.34-mRNA-1 6526322
.10 maker-168232300-snap-gene-0.34-mRNA-1 588280
.09 maker-168232300-snap-gene-0.34-mRNA-1 1010989
.03 maker-168232300-snap-gene-0.34-mRNA-1 6446996
.85 maker-168228987-snap-gene-0.10-mRNA-1 6526016
.20 maker-168208252-snap-gene-0.85-mRNA-1 6438428
.17 maker-168208252-snap-gene-0.85-mRNA-1 854358
.71 maker-168191360-augustus-gene-0.34-mRNA-2 6526446
.08 maker-168191360-augustus-gene-0.34-mRNA-2 1993321
.22 maker-168184771-augustus-gene-0.61-mRNA-1 6434167
.18 maker-168184771-augustus-gene-0.61-mRNA-1 6434891
.99 maker-168183457-snap-gene-0.34-mRNA-1 6526440
.99 maker-167855813-augustus-gene-0.14-mRNA-1 6436247
.29 maker-167226855-snap-gene-0.6-mRNA-1 6437233
.33 maker-166283550-snap-gene-0.5-mRNA-1 6442179
.25 maker-166283550-snap-gene-0.5-mRNA-1 1798006
.58 maker-162611082-snap-gene-0.4-mRNA-1 6525942
.40 maker-162611082-snap-gene-0.4-mRNA-1 6437681
.16 GQ04113_M13.4_clone=GQ04113_M13_cluster=GQ04113_M13_status=complete_gb=BT119990 6439957
.78 GQ04113_M13.4_clone=GQ04113_M13_cluster=GQ04113_M13_status=complete_gb=BT119990 6526412
.50 GQ04107_O05.1_clone=GQ04107_O05_cluster=GQ04107_O05_status=complete_gb=BT119620 6526200
.63 GQ04107_E14.1_clone=GQ04107_E14_cluster=GQ04107_E14_status=complete_gb=BT119567 6526330
.13 GQ04107_E14.1_clone=GQ04107_E14_cluster=GQ04107_E14_status=complete_gb=BT119567 2274227
.08 GQ04101_J17.1_clone=GQ04101_J17_cluster=GQ04101_J17_status=complete_gb=BT119117 6437739
.90 GQ04101_J17.1_clone=GQ04101_J17_cluster=GQ04101_J17_status=complete_gb=BT119117 6526430
.08 GQ04101_G02.1_clone=GQ04101_G02_cluster=GQ04101_G02_status=complete_gb=BT119094 4782951
.80 GQ04101_G02.1_clone=GQ04101_G02_cluster=GQ04101_G02_status=complete_gb=BT119094 6526418
.89 GQ04012_F20.1_clone=GQ04012_F20_cluster=GQ04012_F20_status=complete_gb=BT118952 6526377
.90 GQ04012_C06.1_clone=GQ04012_C06_cluster=GQ04012_C06_status=complete_gb=BT118939 6526154
.38 GQ04011_N05.1_clone=GQ04011_N05_cluster=GQ04011_N05_status=complete_gb=BT118918 6438826
.22 GQ04011_N05.1_clone=GQ04011_N05_cluster=GQ04011_N05_status=complete_gb=BT118918 3243988
.21 GQ04009_E16.1_clone=GQ04009_E16_cluster=GQ04009_E16_status=complete_gb=BT118700 6450576
.48 GQ04007_F20.1_clone=GQ04007_F20_cluster=GQ04007_F20_status=complete_gb=BT118530 6526240
.08 GQ04007_E01.1_clone=GQ04007_E01_cluster=GQ04007_E01_status=complete_gb=BT118520 6434163
.91 GQ04007_E01.1_clone=GQ04007_E01_cluster=GQ04007_E01_status=complete_gb=BT118520 6526314
.87 GQ04006_P12.1_clone=GQ04006_P12_cluster=GQ04006_P12_status=complete_gb=BT118498 6526373
.49 GQ04005_E18.1_clone=GQ04005_E18_cluster=GQ04005_E18_status=complete_gb=BT118342 6446751
.20 GQ04005_E18.1_clone=GQ04005_E18_cluster=GQ04005_E18_status=complete_gb=BT118342 1043248
.09 GQ04003_N24.1_clone=GQ04003_N24_cluster=GQ04003_N24_status=complete_gb=BT118231 548546
.79 GQ04003_N24.1_clone=GQ04003_N24_cluster=GQ04003_N24_status=complete_gb=BT118231 6526392
.95 GQ04003_D03.1_clone=GQ04003_D03_cluster=GQ04003_D03_status=complete_gb=BT118168 6526428
.23 GQ03917_I22.3_clone=GQ03917_I22_cluster=GQ03917_I22_status=53 6434541
.17 GQ03917_I22.3_clone=GQ03917_I22_cluster=GQ03917_I22_status=53 6437464
.26 GQ03917_C17.2_clone=GQ03917_C17_cluster=GQ03917_C17_status=complete_gb=BT117918 6526383
.22 GQ03917_C17.2_clone=GQ03917_C17_cluster=GQ03917_C17_status=complete_gb=BT117918 6526383
.52 GQ03906_F14.1_clone=GQ03906_F14_cluster=GQ03906_F14_status=complete_gb=BT117648 31004
.20 GQ03906_F14.1_clone=GQ03906_F14_cluster=GQ03906_F14_status=complete_gb=BT117648 4225390
.99 GQ03906_E05.1_clone=GQ03906_E05_cluster=GQ03906_E05_status=complete_gb=BT117643 6526422
.86 GQ03903_K17.1_clone=GQ03903_K17_cluster=GQ03903_K17_status=complete_gb=BT117567 6526409
.37 GQ03902_F06.1_clone=GQ03902_F06_cluster=GQ03902_F06_status=complete_gb=BT117526 6453517
.19 GQ03902_F06.1_clone=GQ03902_F06_cluster=GQ03902_F06_status=complete_gb=BT117526 1776267
.90 GQ03901_E21.1_clone=GQ03901_E21_cluster=GQ03901_E21_status=complete_gb=BT117478 6525902
.99 GQ03819_D24.1_clone=GQ03819_D24_cluster=GQ03819_D24_status=complete_gb=BT117423 6526013
.61 GQ03817_C05.1_clone=GQ03817_C05_cluster=GQ03817_C05_status=complete_gb=BT117320 6526037
.29 GQ03817_C05.1_clone=GQ03817_C05_cluster=GQ03817_C05_status=complete_gb=BT117320 6433729
.16 GQ03816_P19.1_clone=GQ03816_P19_cluster=GQ03816_P19_status=complete_gb=BT117312 6434904
.16 GQ03816_P19.1_clone=GQ03816_P19_cluster=GQ03816_P19_status=complete_gb=BT117312 2274123
.90 GQ03816_F14.1_clone=GQ03816_F14_cluster=GQ03816_F14_status=complete_gb=BT117273 6526336
.33 GQ03812_O14.1_clone=GQ03812_O14_cluster=GQ03812_O14_status=complete_gb=BT117105 6441987
.31 GQ03812_O14.1_clone=GQ03812_O14_cluster=GQ03812_O14_status=complete_gb=BT117105 6438391
.19 GQ03812_O14.1_clone=GQ03812_O14_cluster=GQ03812_O14_status=complete_gb=BT117105 767608
.02 GQ03810_N11.1_clone=GQ03810_N11_cluster=GQ03810_N11_status=complete_gb=BT116991 6439708
.96 GQ03810_N11.1_clone=GQ03810_N11_cluster=GQ03810_N11_status=complete_gb=BT116991 6526391
.51 GQ03809_P03.1_clone=GQ03809_P03_cluster=GQ03809_P03_status=complete_gb=BT116943 6434257
.24 GQ03809_P03.1_clone=GQ03809_P03_cluster=GQ03809_P03_status=complete_gb=BT116943 6437442
.18 GQ03809_K14.1_clone=GQ03809_K14_cluster=GQ03809_K14_status=complete_gb=BT116930 6452809
.81 GQ03809_K14.1_clone=GQ03809_K14_cluster=GQ03809_K14_status=complete_gb=BT116930 6526381
.86 GQ03809_F14.1_clone=GQ03809_F14_cluster=GQ03809_F14_status=complete_gb=BT116917 6526353
.08 GQ03807_I11.1_clone=GQ03807_I11_cluster=GQ03807_I11_status=complete_gb=BT116833 1019053
.81 GQ03807_I11.1_clone=GQ03807_I11_cluster=GQ03807_I11_status=complete_gb=BT116833 6526317
.09 GQ03806_O09.1_clone=GQ03806_O09_cluster=GQ03806_O09_status=complete_gb=BT116792 1413357
.90 GQ03806_O09.1_clone=GQ03806_O09_cluster=GQ03806_O09_status=complete_gb=BT116792 6526241
.80 GQ03801_F16.1_clone=GQ03801_F16_cluster=GQ03801_F16_status=complete_gb=BT116527 6526413
.19 GQ03718_G20.1_clone=GQ03718_G20_cluster=GQ03718_G20_status=complete_gb=BT116423 6445559
.62 GQ03718_G20.1_clone=GQ03718_G20_cluster=GQ03718_G20_status=complete_gb=BT116423 6526380
.28 GQ03718_C10.1_clone=GQ03718_C10_cluster=GQ03718_C10_status=complete_gb=BT116406 6441801
.32 GQ03714_A20.1_clone=GQ03714_A20_cluster=GQ03714_A20_status=complete_gb=BT116226 6526246
.24 GQ03714_A20.1_clone=GQ03714_A20_cluster=GQ03714_A20_status=complete_gb=BT116226 6448247
.19 GQ03712_P14.1_clone=GQ03712_P14_cluster=GQ03712_P14_status=complete_gb=BT116169 6525916
.23 GQ03707_N04.1_clone=GQ03707_N04_cluster=GQ03707_N04_status=complete_gb=BT115873 6440459
.20 GQ03707_N04.1_clone=GQ03707_N04_cluster=GQ03707_N04_status=complete_gb=BT115873 6437183
.14 GQ03707_N04.1_clone=GQ03707_N04_cluster=GQ03707_N04_status=complete_gb=BT115873 6444056
.07 GQ03706_A04.1_clone=GQ03706_A04_cluster=GQ03706_A04_status=complete_gb=BT115777 1400106
.78 GQ03706_A04.1_clone=GQ03706_A04_cluster=GQ03706_A04_status=complete_gb=BT115777 6526349
.36 GQ03703_K05.1_clone=GQ03703_K05_cluster=GQ03703_K05_status=complete_gb=BT115643 6526359
.03 GQ03703_K05.1_clone=GQ03703_K05_cluster=GQ03703_K05_status=complete_gb=BT115643 6526359
.90 GQ03701_O10.2_clone=GQ03701_O10_cluster=GQ03701_O10_status=complete_gb=BT115579 6525986
.99 GQ03619_H22.2_clone=GQ03619_H22_cluster=GQ03619_H22_status=5 6526039
.30 GQ03616_D10.1_clone=GQ03616_D10_cluster=GQ03616_D10_status=complete_gb=BT115419 1318852
.09 GQ03611_J15.1_clone=GQ03611_J15_cluster=GQ03611_J15_status=complete_gb=BT115215 2328940
.90 GQ03611_J15.1_clone=GQ03611_J15_cluster=GQ03611_J15_status=complete_gb=BT115215 6526096
.99 GQ03608_I02.1_clone=GQ03608_I02_cluster=GQ03608_I02_status=complete_gb=BT115071 6526203
.99 GQ03607_N12.1_clone=GQ03607_N12_cluster=GQ03607_N12_status=complete_gb=BT115043 6526207
.39 GQ03606_P20.1_clone=GQ03606_P20_cluster=GQ03606_P20_status=complete_gb=BT115003 6526366
.09 GQ03606_P20.1_clone=GQ03606_P20_cluster=GQ03606_P20_status=complete_gb=BT115003 390580
.28 GQ03604_B10.1_clone=GQ03604_B10_cluster=GQ03604_B10_status=complete_gb=BT114871 6436024
.26 GQ03604_B10.1_clone=GQ03604_B10_cluster=GQ03604_B10_status=complete_gb=BT114871 6442093
.61 GQ03603_L05.1_clone=GQ03603_L05_cluster=GQ03603_L05_status=complete_gb=BT114853 6526132
.23 GQ03601_O15.1_clone=GQ03601_O15_cluster=GQ03601_O15_status=complete_gb=BT114776 6438971
.07 GQ03601_O15.1_clone=GQ03601_O15_cluster=GQ03601_O15_status=complete_gb=BT114776 6525982
.90 GQ03519_N10.1_clone=GQ03519_N10_cluster=GQ03519_N10_status=complete_gb=BT114719 6434921
.89 GQ03517_A06.1_clone=GQ03517_A06_cluster=GQ03517_A06_status=complete_gb=BT114556 6526348
.04 GQ03509_D13.4_clone=GQ03509_D13_cluster=GQ03509_D13_status=53 6454326
.85 GQ03509_D13.4_clone=GQ03509_D13_cluster=GQ03509_D13_status=53 6526382
.49 GQ03505_C14.1_clone=GQ03505_C14_cluster=GQ03505_C14_status=complete_gb=BT113949 6450118
.11 GQ03505_C14.1_clone=GQ03505_C14_cluster=GQ03505_C14_status=complete_gb=BT113949 5642395
.64 GQ03503_B04.1_clone=GQ03503_B04_cluster=GQ03503_B04_status=complete_gb=BT113854 6449340
.40 GQ03503_B04.1_clone=GQ03503_B04_cluster=GQ03503_B04_status=complete_gb=BT113854 1923669
.87 GQ03501_E02.1_clone=GQ03501_E02_cluster=GQ03501_E02_status=complete_gb=BT113782 6437325
.88 GQ03417_G17.1_clone=GQ03417_G17_cluster=GQ03417_G17_status=5 6526010
.37 GQ03409_I04.1_clone=GQ03409_I04_cluster=GQ03409_I04_status=complete_gb=BT113463 6434409
.08 GQ03409_D09.1_clone=GQ03409_D09_cluster=GQ03409_D09_status=complete_gb=BT113456 4604555
.90 GQ03409_D09.1_clone=GQ03409_D09_cluster=GQ03409_D09_status=complete_gb=BT113456 6526247
.40 GQ03407_L13.1_clone=GQ03407_L13_cluster=GQ03407_L13_status=complete_gb=BT113422 1981752
.33 GQ03407_L13.1_clone=GQ03407_L13_cluster=GQ03407_L13_status=complete_gb=BT113422 6526047
.79 GQ03406_P14.1_clone=GQ03406_P14_cluster=GQ03406_P14_status=complete_gb=BT113397 6526404
.25 GQ03403_I15.1_clone=GQ03403_I15_cluster=GQ03403_I15_status=complete_gb=BT113275 6525993
.43 GQ03326_I17.1_clone=GQ03326_I17_cluster=GQ03326_I17_status=complete_gb=BT113165 448749
.26 GQ03326_I17.1_clone=GQ03326_I17_cluster=GQ03326_I17_status=complete_gb=BT113165 6437282
.87 GQ03324_K24.1_clone=GQ03324_K24_cluster=GQ03324_K24_status=complete_gb=BT113025 6526323
.38 GQ03322_P13.1_clone=GQ03322_P13_cluster=GQ03322_P13_status=complete_gb=BT112937 629843
.57 GQ03321_H15.1_clone=GQ03321_H15_cluster=GQ03321_H15_status=complete_gb=BT112830 6526150
.29 GQ03321_H15.1_clone=GQ03321_H15_cluster=GQ03321_H15_status=complete_gb=BT112830 6438741
.37 GQ03320_I04.1_clone=GQ03320_I04_cluster=GQ03320_I04_status=complete_gb=BT112756 6441460
.29 GQ03320_I04.1_clone=GQ03320_I04_cluster=GQ03320_I04_status=complete_gb=BT112756 1566386
.15 GQ03320_I04.1_clone=GQ03320_I04_cluster=GQ03320_I04_status=complete_gb=BT112756 3360456
.13 GQ03320_I04.1_clone=GQ03320_I04_cluster=GQ03320_I04_status=complete_gb=BT112756 206577
.13 GQ03320_I04.1_clone=GQ03320_I04_cluster=GQ03320_I04_status=complete_gb=BT112756 2245585
.42 GQ03318_K14.1_clone=GQ03318_K14_cluster=GQ03318_K14_status=complete_gb=BT112632 6526448
.20 GQ03318_K14.1_clone=GQ03318_K14_cluster=GQ03318_K14_status=complete_gb=BT112632 6526448
.55 GQ03316_M06.1_clone=GQ03316_M06_cluster=GQ03316_M06_status=complete_gb=BT112521 6437453
.37 GQ03313_P05.1_clone=GQ03313_P05_cluster=GQ03313_P05_status=complete_gb=BT112368 6526041
.19 GQ03313_P05.1_clone=GQ03313_P05_cluster=GQ03313_P05_status=complete_gb=BT112368 6440417
.94 GQ03311_J01.1_clone=GQ03311_J01_cluster=GQ03311_J01_status=complete_gb=BT112185 6526156
.94 GQ03309_G10.1_clone=GQ03309_G10_cluster=GQ03309_G10_status=complete_gb=BT112060 6526444
.34 GQ03308_N14.1_clone=GQ03308_N14_cluster=GQ03308_N14_status=complete_gb=BT112018 6480764
.89 GQ03304_O17.1_clone=GQ03304_O17_cluster=GQ03304_O17_status=complete_gb=BT111887 6526339
.18 GQ03303_N21.1_clone=GQ03303_N21_cluster=GQ03303_N21_status=complete_gb=BT111805 3214711
.13 GQ03303_N21.1_clone=GQ03303_N21_cluster=GQ03303_N21_status=complete_gb=BT111805 427196
.48 GQ03302_G05.1_clone=GQ03302_G05_cluster=GQ03302_G05_status=complete_gb=BT111703 6526362
.19 GQ03302_G05.1_clone=GQ03302_G05_cluster=GQ03302_G05_status=complete_gb=BT111703 3109692
.57 GQ03301_J16.2_clone=GQ03301_J16_cluster=GQ03301_J16_status=complete_gb=BT111637 6526261
.99 GQ03301_E06.1_clone=GQ03301_E06_cluster=GQ03301_E06_status=complete_gb=BT111609 6526363
.09 GQ03234_H21.1_clone=GQ03234_H21_cluster=GQ03234_H21_status=complete_gb=BT111220 1934830
.90 GQ03234_H21.1_clone=GQ03234_H21_cluster=GQ03234_H21_status=complete_gb=BT111220 6526139
.08 GQ03232_D12.1_clone=GQ03232_D12_cluster=GQ03232_D12_status=complete_gb=BT111061 3282378
.90 GQ03232_D12.1_clone=GQ03232_D12_cluster=GQ03232_D12_status=complete_gb=BT111061 6526445
.71 GQ03230_G10.1_clone=GQ03230_G10_cluster=GQ03230_G10_status=complete_gb=BT110959 6438855
.16 GQ03230_G10.1_clone=GQ03230_G10_cluster=GQ03230_G10_status=complete_gb=BT110959 6436945
.79 GQ03226_I06.1_clone=GQ03226_I06_cluster=GQ03226_I06_status=complete_gb=BT110701 6526417
.99 GQ03222_H22.1_clone=GQ03222_H22_cluster=GQ03222_H22_status=complete_gb=BT110484 6526421
.90 GQ03212_N16.1_clone=GQ03212_N16_cluster=GQ03212_N16_status=complete_gb=BT109833 6526364
.91 GQ03212_G12.1_clone=GQ03212_G12_cluster=GQ03212_G12_status=complete_gb=BT109788 6526357
.60 GQ03210_I03.1_clone=GQ03210_I03_cluster=GQ03210_I03_status=complete_gb=BT109606 6526232
.24 GQ03210_I03.1_clone=GQ03210_I03_cluster=GQ03210_I03_status=complete_gb=BT109606 6439826
.43 GQ03209_I11.1_clone=GQ03209_I11_cluster=GQ03209_I11_status=complete_gb=BT109526 6526055
.33 GQ03209_I11.1_clone=GQ03209_I11_cluster=GQ03209_I11_status=complete_gb=BT109526 6439002
.36 GQ03209_C24.1_clone=GQ03209_C24_cluster=GQ03209_C24_status=complete_gb=BT109501 6526028
.24 GQ03208_N06.1_clone=GQ03208_N06_cluster=GQ03208_N06_status=complete_gb=BT109468 6441238
.99 GQ03206_G15.1_clone=GQ03206_G15_cluster=GQ03206_G15_status=complete_gb=BT109256 6526177
.91 GQ03205_H12.1_clone=GQ03205_H12_cluster=GQ03205_H12_status=complete_gb=BT109168 6526447
.90 GQ03204_O01.1_clone=GQ03204_O01_cluster=GQ03204_O01_status=complete_gb=BT109115 6526432
.55 GQ03204_F04.1_clone=GQ03204_F04_cluster=GQ03204_F04_status=complete_gb=BT109071 6526003
.16 GQ03204_F04.1_clone=GQ03204_F04_cluster=GQ03204_F04_status=complete_gb=BT109071 2874096
.95 GQ03203_D01.1_clone=GQ03203_D01_cluster=GQ03203_D01_status=complete_gb=BT108973 6526372
.91 GQ03201_O19.1_clone=GQ03201_O19_cluster=GQ03201_O19_status=complete_gb=BT108863 6526395
.89 GQ03201_M02.1_clone=GQ03201_M02_cluster=GQ03201_M02_status=complete_gb=BT108848 6526327
.32 GQ03201_J22.4_clone=GQ03201_J22_cluster=GQ03201_J22_status=complete_gb=BT108835 6526431
.26 GQ03201_J22.4_clone=GQ03201_J22_cluster=GQ03201_J22_status=complete_gb=BT108835 6526431
.98 GQ03122_D20.1_clone=GQ03122_D20_cluster=GQ03122_D20_status=complete_gb=BT108465 6526411
.50 GQ03122_B01.1_clone=GQ03122_B01_cluster=GQ03122_B01_status=complete_gb=BT108458 6525990
.09 GQ03119_K08.1_clone=GQ03119_K08_cluster=GQ03119_K08_status=complete_gb=BT108296 5051189
.89 GQ03119_K08.1_clone=GQ03119_K08_cluster=GQ03119_K08_status=complete_gb=BT108296 6526229
.63 GQ03118_M07.1_clone=GQ03118_M07_cluster=GQ03118_M07_status=complete_gb=BT108240 6526173
.15 GQ03118_M07.1_clone=GQ03118_M07_cluster=GQ03118_M07_status=complete_gb=BT108240 280363
.16 GQ03117_E13.1_clone=GQ03117_E13_cluster=GQ03117_E13_status=complete_gb=BT108134 6437056
.31 GQ03115_O06.2_clone=GQ03115_O06_cluster=GQ03115_O06_status=5 938076
.11 GQ03115_O06.2_clone=GQ03115_O06_cluster=GQ03115_O06_status=5 6436829
.12 GQ03115_O06.2_clone=GQ03115_O06_cluster=GQ03115_O06_status=5 3109432
.11 GQ03115_O06.2_clone=GQ03115_O06_cluster=GQ03115_O06_status=5 1081617
.11 GQ03115_O06.2_clone=GQ03115_O06_cluster=GQ03115_O06_status=5 938067
.99 GQ03114_N14.1_clone=GQ03114_N14_cluster=GQ03114_N14_status=complete_gb=BT107944 6526450
.18 GQ03114_J11.1_clone=GQ03114_J11_cluster=GQ03114_J11_status=complete_gb=BT107932 628575
.18 GQ03114_J11.1_clone=GQ03114_J11_cluster=GQ03114_J11_status=complete_gb=BT107932 2500727
.53 GQ03114_I05.1_clone=GQ03114_I05_cluster=GQ03114_I05_status=complete_gb=BT107925 6526331
.13 GQ03114_I05.1_clone=GQ03114_I05_cluster=GQ03114_I05_status=complete_gb=BT107925 6526331
.92 GQ03112_L08.1_clone=GQ03112_L08_cluster=GQ03112_L08_status=complete_gb=BT107782 6526332
.35 GQ03112_D12.1_clone=GQ03112_D12_cluster=GQ03112_D12_status=complete_gb=BT107745 6436576
.80 GQ03111_B16.1_clone=GQ03111_B16_cluster=GQ03111_B16_status=complete_gb=BT107659 6526183
.51 GQ03111_A02.1_clone=GQ03111_A02_cluster=GQ03111_A02_status=complete_gb=BT107652 6438394
.17 GQ03111_A02.1_clone=GQ03111_A02_cluster=GQ03111_A02_status=complete_gb=BT107652 6437527
.38 GQ03109_G21.2_clone=GQ03109_G21_cluster=GQ03109_G21_status=complete_gb=BT107568 6438453
.06 GQ03106_B07.3_clone=GQ03106_B07_cluster=GQ03106_B07_status=complete_gb=BT107346 2762363
.30 GQ03106_B07.3_clone=GQ03106_B07_cluster=GQ03106_B07_status=complete_gb=BT107346 3086439
.93 GQ03104_K06.2_clone=GQ03104_K06_cluster=GQ03104_K06_status=complete_gb=BT107223 6526358
.66 GQ03101_N05.1_clone=GQ03101_N05_cluster=GQ03101_N05_status=complete_gb=BT107018 6526071
.11 GQ03101_N05.1_clone=GQ03101_N05_cluster=GQ03101_N05_status=complete_gb=BT107018 4815743
.09 GQ03012_K10.1_clone=GQ03012_K10_cluster=GQ03012_K10_status=complete_gb=BT106875 5072989
.90 GQ03012_K10.1_clone=GQ03012_K10_cluster=GQ03012_K10_status=complete_gb=BT106875 6434438
.99 GQ03011_D11.2_clone=GQ03011_D11_cluster=GQ03011_D11_status=complete_gb=BT106815 6526394
.26 GQ03010_I04.1_clone=GQ03010_I04_cluster=GQ03010_I04_status=complete_gb=BT106785 6434029
.96 GQ03005_N01.3_clone=GQ03005_N01_cluster=GQ03005_N01_status=complete_gb=BT106591 6526423
.97 GQ03002_I14.1_clone=GQ03002_I14_cluster=GQ03002_I14_status=complete_gb=BT106476 6439776
.99 GQ02908_P11.2_clone=GQ02908_P11_cluster=GQ02908_P11_status=complete_gb=BT106402 6526285
.50 GQ02901_N08.1_clone=GQ02901_N08_cluster=GQ02901_N08_status=complete_gb=BT106040 6526280
.30 GQ02901_N08.1_clone=GQ02901_N08_cluster=GQ02901_N08_status=complete_gb=BT106040 6437099
.35 GQ02829_K20.2_clone=GQ02829_K20_cluster=GQ02829_K20_status=complete_gb=BT105880 6525930
.22 GQ02829_K20.2_clone=GQ02829_K20_cluster=GQ02829_K20_status=complete_gb=BT105880 6438791
.87 GQ02826_M24.3_clone=GQ02826_M24_cluster=GQ02826_M24_status=complete_gb=BT105708 6526441
.90 GQ02825_F01.1_clone=GQ02825_F01_cluster=GQ02825_F01_status=complete_gb=BT105625 6526242
.02 GQ02825_F01.1_clone=GQ02825_F01_cluster=GQ02825_F01_status=complete_gb=BT105625 2141988
.42 GQ02822_G04.1_clone=GQ02822_G04_cluster=GQ02822_G04_status=complete_gb=BT105432 473196
.23 GQ02820_P08.2_clone=GQ02820_P08_cluster=GQ02820_P08_status=complete_gb=BT105330 409134
.04 GQ02820_P08.2_clone=GQ02820_P08_cluster=GQ02820_P08_status=complete_gb=BT105330 6450550
.14 GQ02820_F20.4_clone=GQ02820_F20_cluster=GQ02820_F20_status=complete_gb=BT105265 3047083
.63 GQ02820_F20.4_clone=GQ02820_F20_cluster=GQ02820_F20_status=complete_gb=BT105265 6526415
.62 GQ02812_H07.4_clone=GQ02812_H07_cluster=GQ02812_H07_status=complete_gb=BT104604 6526407
.13 GQ02812_H07.4_clone=GQ02812_H07_cluster=GQ02812_H07_status=complete_gb=BT104604 1709775
.89 GQ02811_J12.1_clone=GQ02811_J12_cluster=GQ02811_J12_status=complete_gb=BT104537 6526342
.90 GQ02811_J05.1_clone=GQ02811_J05_cluster=GQ02811_J05_status=complete_gb=BT104534 6526125
.16 GQ02808_D07.1_clone=GQ02808_D07_cluster=GQ02808_D07_status=complete_gb=BT104245 1257788
.21 GQ02808_D07.1_clone=GQ02808_D07_cluster=GQ02808_D07_status=complete_gb=BT104245 6443047
.64 GQ02807_A24.3_clone=GQ02807_A24_cluster=GQ02807_A24_status=complete_gb=BT104162 6526095
.41 GQ02806_J04.1_clone=GQ02806_J04_cluster=GQ02806_J04_status=complete_gb=BT104109 6526292
.84 GQ02804_A13.1_clone=GQ02804_A13_cluster=GQ02804_A13_status=complete_gb=BT103912 6526025
.90 GQ02801_L07.1_clone=GQ02801_L07_cluster=GQ02801_L07_status=complete_gb=BT103757 6526197
.70 GQ02752_F10.1_clone=GQ02752_F10_cluster=GQ02752_F10_status=5 6435496
.90 GQ0253_P17.1_clone=GQ0253_P17_cluster=GQ0253_P17_status=complete_gb=BT103457 6526356
.23 GQ02511_A12.1_clone=GQ02511_A12_cluster=GQ02511_A12_status=complete_gb=BT103365 6486548
.44 GQ0206_A16.1_clone=GQ0206_A16_cluster=GQ0206_A16_status=53 467068
.12 GQ0206_A16.1_clone=GQ0206_A16_cluster=GQ0206_A16_status=53 3268703
.90 GQ0204_O08.1_clone=GQ0204_O08_cluster=GQ0204_O08_status=complete_gb=BT103014 6526250
.09 GQ0204_F17.1_clone=GQ0204_F17_cluster=GQ0204_F17_status=complete_gb=BT102981 2661092
.77 GQ0204_F17.1_clone=GQ0204_F17_cluster=GQ0204_F17_status=complete_gb=BT102981 6526326
.77 GQ0203_M23.1_clone=GQ0203_M23_cluster=GQ0203_M23_status=complete_gb=BT102947 6526405
.29 GQ0201_I01.1_clone=GQ0201_I01_cluster=GQ0201_I01_status=complete_gb=BT102842 6453261
.28 GQ0201_I01.1_clone=GQ0201_I01_cluster=GQ0201_I01_status=complete_gb=BT102842 6435431
.83 GQ02016_M18.1_clone=GQ02016_M18_cluster=GQ02016_M18_status=complete_gb=BT102811 6526344
.91 GQ0197_G07.1_clone=GQ0197_G07_cluster=GQ0197_G07_status=complete_gb=BT102594 6435498
.66 GQ0178_C17.2_clone=GQ0178_C17_cluster=GQ0178_C17_status=3 6526451
.44 GQ0177_L10.2_clone=GQ0177_L10_cluster=GQ0177_L10_status=3 6526137
.12 GQ0175_F03.1_clone=GQ0175_F03_cluster=GQ0175_F03_status=3 3260861
.68 GQ0175_F03.1_clone=GQ0175_F03_cluster=GQ0175_F03_status=3 6526219
.90 GQ0168_P03.1_clone=GQ0168_P03_cluster=GQ0168_P03_status=complete_gb=BT102224 6526078
.99 GQ0167_M06.1_clone=GQ0167_M06_cluster=GQ0167_M06_status=complete_gb=BT102167 6526274
.99 GQ0166_G19.1_clone=GQ0166_G19_cluster=GQ0166_G19_status=complete_gb=BT102101 6525999
.39 GQ0164_P01.1_clone=GQ0164_P01_cluster=GQ0164_P01_status=complete_gb=BT102045 6445838
.90 GQ0133_H01.2_clone=GQ0133_H01_cluster=GQ0133_H01_status=53 6526131
.78 GQ0069_O03.1_clone=GQ0069_O03_cluster=GQ0069_O03_status=complete_gb=BT101170 6526367
.91 GQ00611_A01.1_clone=GQ00611_A01_cluster=GQ00611_A01_status=complete_gb=BT100928 6526370
.52 GQ0044_L01.1_clone=GQ0044_L01_cluster=GQ0044_L01_status=complete_gb=BT100795 6438231
.42 GQ0044_L01.1_clone=GQ0044_L01_cluster=GQ0044_L01_status=complete_gb=BT100795 6435424
.43 GQ00410_C16.1_clone=GQ00410_C16_cluster=GQ00410_C16_status=complete_gb=BT100670 6526129
.18 GQ0015_F01.1_clone=GQ0015_F01_cluster=GQ0015_F01_status=complete_gb=BT100467 6447137
.44 GQ0015_F01.1_clone=GQ0015_F01_cluster=GQ0015_F01_status=complete_gb=BT100467 6526097
.01 augustus_masked-168550478-processed-gene-0.0-mRNA-1 6526092
.41 augustus_masked-168504068-processed-gene-0.0-mRNA-1 5036952
.39 augustus_masked-168217589-processed-gene-1.11-mRNA-1 768426
.17 augustus_masked-168217589-processed-gene-1.11-mRNA-1 6435107
.85 augustus_masked-168188875-processed-gene-0.18-mRNA-1 6526393
.59 augustus_masked-168039454-processed-gene-0.1-mRNA-1 2208880
.32 augustus_masked-168039454-processed-gene-0.1-mRNA-1 6437124
.24 augustus_masked-161473126-processed-gene-0.0-mRNA-1 6447139
.99 augustus_masked-158701749-processed-gene-0.0-mRNA-1 6441441
