.48 GQ03802_K15.1_clone=GQ03802_K15_cluster=GQ03802_K15_status=complete_gb=BT116588 5776512
.72 GQ03802_I19.1_clone=GQ03802_I19_cluster=GQ03802_I19_status=complete_gb=BT116583 5878555
.48 GQ03801_M13.1_clone=GQ03801_M13_cluster=GQ03801_M13_status=complete_gb=BT116549 588613
.28 GQ03718_O01.1_clone=GQ03718_O01_cluster=GQ03718_O01_status=complete_gb=BT116452 5799616
.14 GQ03718_O01.1_clone=GQ03718_O01_cluster=GQ03718_O01_status=complete_gb=BT116452 1358561
.15 GQ03718_O01.1_clone=GQ03718_O01_cluster=GQ03718_O01_status=complete_gb=BT116452 1319342
.40 GQ03718_G13.2_clone=GQ03718_G13_cluster=GQ03718_G13_status=complete_gb=BT116421 5878541
.17 GQ03718_G13.2_clone=GQ03718_G13_cluster=GQ03718_G13_status=complete_gb=BT116421 1319242
.12 GQ03718_G13.2_clone=GQ03718_G13_cluster=GQ03718_G13_status=complete_gb=BT116421 1234997
.67 GQ03718_F13.1_clone=GQ03718_F13_cluster=GQ03718_F13_status=complete_gb=BT116416 5878723
.19 GQ03718_F13.1_clone=GQ03718_F13_cluster=GQ03718_F13_status=complete_gb=BT116416 5780275
.14 GQ03718_F13.1_clone=GQ03718_F13_cluster=GQ03718_F13_status=complete_gb=BT116416 5798110
.63 GQ03718_F06.1_clone=GQ03718_F06_cluster=GQ03718_F06_status=complete_gb=BT116414 5878705
.52 GQ03718_B17.4_clone=GQ03718_B17_cluster=GQ03718_B17_status=complete_gb=BT116400 5878634
.23 GQ03718_B17.4_clone=GQ03718_B17_cluster=GQ03718_B17_status=complete_gb=BT116400 5780828
.07 GQ03717_P23.1_clone=GQ03717_P23_cluster=GQ03717_P23_status=complete_gb=BT116396 2621650
.82 GQ03717_P23.1_clone=GQ03717_P23_cluster=GQ03717_P23_status=complete_gb=BT116396 5878730
.37 GQ03717_F18.1_clone=GQ03717_F18_cluster=GQ03717_F18_status=complete_gb=BT116368 5878553
.24 GQ03717_F18.1_clone=GQ03717_F18_cluster=GQ03717_F18_status=complete_gb=BT116368 2479242
.10 GQ03717_F18.1_clone=GQ03717_F18_cluster=GQ03717_F18_status=complete_gb=BT116368 5779551
.39 GQ03716_G07.1_clone=GQ03716_G07_cluster=GQ03716_G07_status=complete_gb=BT116327 5878603
.13 GQ03716_G07.1_clone=GQ03716_G07_cluster=GQ03716_G07_status=complete_gb=BT116327 5778338
.54 GQ03716_A23.1_clone=GQ03716_A23_cluster=GQ03716_A23_status=complete_gb=BT116320 5878661
.15 GQ03716_A23.1_clone=GQ03716_A23_cluster=GQ03716_A23_status=complete_gb=BT116320 942915
.09 GQ03716_A23.1_clone=GQ03716_A23_cluster=GQ03716_A23_status=complete_gb=BT116320 1120700
.01 GQ03716_A23.1_clone=GQ03716_A23_cluster=GQ03716_A23_status=complete_gb=BT116320 942914
.51 GQ03715_M13.1_clone=GQ03715_M13_cluster=GQ03715_M13_status=complete_gb=BT116305 5878669
.25 GQ03715_M13.1_clone=GQ03715_M13_cluster=GQ03715_M13_status=complete_gb=BT116305 2537668
.41 GQ03715_J17.1_clone=GQ03715_J17_cluster=GQ03715_J17_status=complete_gb=BT116297 5777408
.31 GQ03715_J17.1_clone=GQ03715_J17_cluster=GQ03715_J17_status=complete_gb=BT116297 1817799
.17 GQ03715_G20.1_clone=GQ03715_G20_cluster=GQ03715_G20_status=complete_gb=BT116289 5779103
.51 GQ03715_A18.1_clone=GQ03715_A18_cluster=GQ03715_A18_status=complete_gb=BT116270 5878716
.23 GQ03715_A18.1_clone=GQ03715_A18_cluster=GQ03715_A18_status=complete_gb=BT116270 5776610
.32 GQ03715_A06.1_clone=GQ03715_A06_cluster=GQ03715_A06_status=complete_gb=BT116269 5782201
.58 GQ03713_I08.1_clone=GQ03713_I08_cluster=GQ03713_I08_status=complete_gb=BT116200 5796168
.16 GQ03713_I08.1_clone=GQ03713_I08_cluster=GQ03713_I08_status=complete_gb=BT116200 5808007
.46 GQ03713_A03.1_clone=GQ03713_A03_cluster=GQ03713_A03_status=complete_gb=BT116171 5778410
.27 GQ03713_A03.1_clone=GQ03713_A03_cluster=GQ03713_A03_status=complete_gb=BT116171 1136615
.55 GQ03712_K15.1_clone=GQ03712_K15_cluster=GQ03712_K15_status=complete_gb=BT116153 5777413
.28 GQ03712_K15.1_clone=GQ03712_K15_cluster=GQ03712_K15_status=complete_gb=BT116153 5775599
.86 GQ03711_E03.1_clone=GQ03711_E03_cluster=GQ03711_E03_status=complete_gb=BT116060 5878656
.14 GQ03711_D21.1_clone=GQ03711_D21_cluster=GQ03711_D21_status=complete_gb=BT116057 1870884
.34 GQ03711_D21.1_clone=GQ03711_D21_cluster=GQ03711_D21_status=complete_gb=BT116057 844932
.39 GQ03710_L14.1_clone=GQ03710_L14_cluster=GQ03710_L14_status=complete_gb=BT116029 5878715
.21 GQ03710_K16.1_clone=GQ03710_K16_cluster=GQ03710_K16_status=complete_gb=BT116025 5777801
.20 GQ03710_K16.1_clone=GQ03710_K16_cluster=GQ03710_K16_status=complete_gb=BT116025 870934
.36 GQ03710_I04.1_clone=GQ03710_I04_cluster=GQ03710_I04_status=complete_gb=BT116017 5788020
.23 GQ03710_I04.1_clone=GQ03710_I04_cluster=GQ03710_I04_status=complete_gb=BT116017 5780443
.87 GQ03708_P09.1_clone=GQ03708_P09_cluster=GQ03708_P09_status=complete_gb=BT115927 5878513
.07 GQ03708_P09.1_clone=GQ03708_P09_cluster=GQ03708_P09_status=complete_gb=BT115927 3272224
.06 GQ03708_P09.1_clone=GQ03708_P09_cluster=GQ03708_P09_status=complete_gb=BT115927 1640492
.78 GQ03708_F08.1_clone=GQ03708_F08_cluster=GQ03708_F08_status=complete_gb=BT115898 5878721
.34 GQ03707_C13.1_clone=GQ03707_C13_cluster=GQ03707_C13_status=complete_gb=BT115836 5783332
.22 GQ03707_C13.1_clone=GQ03707_C13_cluster=GQ03707_C13_status=complete_gb=BT115836 5776086
.16 GQ03707_C13.1_clone=GQ03707_C13_cluster=GQ03707_C13_status=complete_gb=BT115836 1905885
.73 GQ03706_C21.1_clone=GQ03706_C21_cluster=GQ03706_C21_status=complete_gb=BT115788 5878679
.30 GQ03705_K12.1_clone=GQ03705_K12_cluster=GQ03705_K12_status=complete_gb=BT115758 5786840
.25 GQ03705_K12.1_clone=GQ03705_K12_cluster=GQ03705_K12_status=complete_gb=BT115758 1386180
.49 GQ03705_I09.1_clone=GQ03705_I09_cluster=GQ03705_I09_status=complete_gb=BT115747 5776958
.26 GQ03705_I09.1_clone=GQ03705_I09_cluster=GQ03705_I09_status=complete_gb=BT115747 3141599
.16 GQ03704_N18.1_clone=GQ03704_N18_cluster=GQ03704_N18_status=complete_gb=BT115714 490579
.16 GQ03704_N18.1_clone=GQ03704_N18_cluster=GQ03704_N18_status=complete_gb=BT115714 5775825
.51 GQ03704_J19.1_clone=GQ03704_J19_cluster=GQ03704_J19_status=complete_gb=BT115701 5774910
.41 GQ03704_J19.1_clone=GQ03704_J19_cluster=GQ03704_J19_status=complete_gb=BT115701 2250972
.81 GQ03704_J15.1_clone=GQ03704_J15_cluster=GQ03704_J15_status=complete_gb=BT115699 5878641
.06 GQ03704_J15.1_clone=GQ03704_J15_cluster=GQ03704_J15_status=complete_gb=BT115699 2359405
.48 GQ03704_E15.1_clone=GQ03704_E15_cluster=GQ03704_E15_status=complete_gb=BT115686 5878729
.27 GQ03704_E15.1_clone=GQ03704_E15_cluster=GQ03704_E15_status=complete_gb=BT115686 5791077
.45 GQ03704_D12.1_clone=GQ03704_D12_cluster=GQ03704_D12_status=complete_gb=BT115677 5878623
.30 GQ03704_D12.1_clone=GQ03704_D12_cluster=GQ03704_D12_status=complete_gb=BT115677 5789745
.84 GQ03704_D09.2_clone=GQ03704_D09_cluster=GQ03704_D09_status=complete_gb=BT115676 5878732
.09 GQ03704_D09.2_clone=GQ03704_D09_cluster=GQ03704_D09_status=complete_gb=BT115676 1854473
.35 GQ03703_P05.1_clone=GQ03703_P05_cluster=GQ03703_P05_status=complete_gb=BT115660 1416981
.24 GQ03703_K16.1_clone=GQ03703_K16_cluster=GQ03703_K16_status=complete_gb=BT115645 1525246
.18 GQ03703_K16.1_clone=GQ03703_K16_cluster=GQ03703_K16_status=complete_gb=BT115645 259850
.38 GQ03703_A16.1_clone=GQ03703_A16_cluster=GQ03703_A16_status=complete_gb=BT115623 5776364
.10 GQ03703_A16.1_clone=GQ03703_A16_cluster=GQ03703_A16_status=complete_gb=BT115623 5829079
.37 GQ03701_J10.1_clone=GQ03701_J10_cluster=GQ03701_J10_status=complete_gb=BT115556 5778526
.23 GQ03701_J10.1_clone=GQ03701_J10_cluster=GQ03701_J10_status=complete_gb=BT115556 5795973
.37 GQ03701_B09.1_clone=GQ03701_B09_cluster=GQ03701_B09_status=complete_gb=BT115528 1724025
.34 GQ03701_B09.1_clone=GQ03701_B09_cluster=GQ03701_B09_status=complete_gb=BT115528 2173103
.25 GQ03619_C19.1_clone=GQ03619_C19_cluster=GQ03619_C19_status=complete_gb=BT115504 5878538
.22 GQ03619_C19.1_clone=GQ03619_C19_cluster=GQ03619_C19_status=complete_gb=BT115504 5775195
.49 GQ03617_A14.1_clone=GQ03617_A14_cluster=GQ03617_A14_status=complete_gb=BT115457 5878684
.38 GQ03616_O20.1_clone=GQ03616_O20_cluster=GQ03616_O20_status=complete_gb=BT115452 5781097
.16 GQ03616_O20.1_clone=GQ03616_O20_cluster=GQ03616_O20_status=complete_gb=BT115452 5878631
.40 GQ03616_H15.1_clone=GQ03616_H15_cluster=GQ03616_H15_status=complete_gb=BT115431 5777536
.25 GQ03616_H15.1_clone=GQ03616_H15_cluster=GQ03616_H15_status=complete_gb=BT115431 1321788
.36 GQ03615_E17.1_clone=GQ03615_E17_cluster=GQ03615_E17_status=complete_gb=BT115379 5878556
.15 GQ03615_E17.1_clone=GQ03615_E17_cluster=GQ03615_E17_status=complete_gb=BT115379 5782391
.33 GQ03614_C04.1_clone=GQ03614_C04_cluster=GQ03614_C04_status=complete_gb=BT115317 5779933
.27 GQ03614_C04.1_clone=GQ03614_C04_cluster=GQ03614_C04_status=complete_gb=BT115317 777119
.45 GQ03612_N16.1_clone=GQ03612_N16_cluster=GQ03612_N16_status=complete_gb=BT115264 5878686
.29 GQ03612_N16.1_clone=GQ03612_N16_cluster=GQ03612_N16_status=complete_gb=BT115264 5779501
.32 GQ03607_G07.1_clone=GQ03607_G07_cluster=GQ03607_G07_status=complete_gb=BT115019 5783333
.22 GQ03607_G07.1_clone=GQ03607_G07_cluster=GQ03607_G07_status=complete_gb=BT115019 3716439
.24 GQ03606_J18.1_clone=GQ03606_J18_cluster=GQ03606_J18_status=complete_gb=BT114988 2497315
.42 GQ03606_J18.1_clone=GQ03606_J18_cluster=GQ03606_J18_status=complete_gb=BT114988 2593279
.96 GQ03606_I24.1_clone=GQ03606_I24_cluster=GQ03606_I24_status=complete_gb=BT114986 5878717
.86 GQ03606_D01.1_clone=GQ03606_D01_cluster=GQ03606_D01_status=complete_gb=BT114963 5878690
.13 GQ03606_D01.1_clone=GQ03606_D01_cluster=GQ03606_D01_status=complete_gb=BT114963 5878690
.83 GQ03604_B09.1_clone=GQ03604_B09_cluster=GQ03604_B09_status=complete_gb=BT114870 5878565
.25 GQ03602_O12.1_clone=GQ03602_O12_cluster=GQ03602_O12_status=complete_gb=BT114820 1922781
.17 GQ03602_O12.1_clone=GQ03602_O12_cluster=GQ03602_O12_status=complete_gb=BT114820 2944858
.46 GQ03602_J19.1_clone=GQ03602_J19_cluster=GQ03602_J19_status=complete_gb=BT114807 5878697
.21 GQ03602_J19.1_clone=GQ03602_J19_cluster=GQ03602_J19_status=complete_gb=BT114807 5878697
.20 GQ03602_J19.1_clone=GQ03602_J19_cluster=GQ03602_J19_status=complete_gb=BT114807 510143
.61 GQ03519_N24.1_clone=GQ03519_N24_cluster=GQ03519_N24_status=complete_gb=BT114721 5878694
.37 GQ03519_N24.1_clone=GQ03519_N24_cluster=GQ03519_N24_status=complete_gb=BT114721 5790071
.49 GQ03517_O22.1_clone=GQ03517_O22_cluster=GQ03517_O22_status=complete_gb=BT114615 5878560
.13 GQ03517_O22.1_clone=GQ03517_O22_cluster=GQ03517_O22_status=complete_gb=BT114615 5791686
.12 GQ03517_O22.1_clone=GQ03517_O22_cluster=GQ03517_O22_status=complete_gb=BT114615 5776524
.62 GQ03516_I02.1_clone=GQ03516_I02_cluster=GQ03516_I02_status=complete_gb=BT114536 5878708
.32 GQ03516_I02.1_clone=GQ03516_I02_cluster=GQ03516_I02_status=complete_gb=BT114536 5780262
.61 GQ03516_E16.1_clone=GQ03516_E16_cluster=GQ03516_E16_status=complete_gb=BT114525 806991
.13 GQ03516_E16.1_clone=GQ03516_E16_cluster=GQ03516_E16_status=complete_gb=BT114525 5862080
.17 GQ03516_A13.1_clone=GQ03516_A13_cluster=GQ03516_A13_status=complete_gb=BT114515 2672207
.33 GQ03516_A13.1_clone=GQ03516_A13_cluster=GQ03516_A13_status=complete_gb=BT114515 1848395
.42 GQ03513_P17.1_clone=GQ03513_P17_cluster=GQ03513_P17_status=complete_gb=BT114403 1310617
.22 GQ03513_P17.1_clone=GQ03513_P17_cluster=GQ03513_P17_status=complete_gb=BT114403 1963574
.27 GQ03513_E14.1_clone=GQ03513_E14_cluster=GQ03513_E14_status=complete_gb=BT114367 5776822
.24 GQ03513_E14.1_clone=GQ03513_E14_cluster=GQ03513_E14_status=complete_gb=BT114367 5787327
.77 GQ03512_L16.1_clone=GQ03512_L16_cluster=GQ03512_L16_status=complete_gb=BT114337 5878545
.41 GQ03508_B05.1_clone=GQ03508_B05_cluster=GQ03508_B05_status=complete_gb=BT114100 1217946
.23 GQ03508_B05.1_clone=GQ03508_B05_cluster=GQ03508_B05_status=complete_gb=BT114100 441237
.57 GQ03507_H11.1_clone=GQ03507_H11_cluster=GQ03507_H11_status=5 1261132
.19 GQ03507_H11.1_clone=GQ03507_H11_cluster=GQ03507_H11_status=5 3355266
.84 GQ03507_E10.1_clone=GQ03507_E10_cluster=GQ03507_E10_status=complete_gb=BT114062 5878734
0 GQ03507_E10.1_clone=GQ03507_E10_cluster=GQ03507_E10_status=complete_gb=BT114062 4281014
.42 GQ03507_B23.1_clone=GQ03507_B23_cluster=GQ03507_B23_status=complete_gb=BT114054 5780211
.37 GQ03507_B23.1_clone=GQ03507_B23_cluster=GQ03507_B23_status=complete_gb=BT114054 5776950
.20 GQ03507_B14.1_clone=GQ03507_B14_cluster=GQ03507_B14_status=complete_gb=BT114052 1126949
.68 GQ03506_B17.2_clone=GQ03506_B17_cluster=GQ03506_B17_status=complete_gb=BT113997 5801275
.30 GQ03506_B17.2_clone=GQ03506_B17_cluster=GQ03506_B17_status=complete_gb=BT113997 5775580
.17 GQ03505_N20.1_clone=GQ03505_N20_cluster=GQ03505_N20_status=complete_gb=BT113987 1794637
.16 GQ03505_N20.1_clone=GQ03505_N20_cluster=GQ03505_N20_status=complete_gb=BT113987 5791092
.02 GQ03505_N20.1_clone=GQ03505_N20_cluster=GQ03505_N20_status=complete_gb=BT113987 3591042
.21 GQ03503_H18.2_clone=GQ03503_H18_cluster=GQ03503_H18_status=complete_gb=BT113872 1524866
.76 GQ03503_H18.2_clone=GQ03503_H18_cluster=GQ03503_H18_status=complete_gb=BT113872 5777197
.53 GQ03503_C11.2_clone=GQ03503_C11_cluster=GQ03503_C11_status=53 5878547
.10 GQ03503_C11.2_clone=GQ03503_C11_cluster=GQ03503_C11_status=53 1226647
.36 GQ03502_J12.1_clone=GQ03502_J12_cluster=GQ03502_J12_status=complete_gb=BT113839 5777110
.17 GQ03502_J12.1_clone=GQ03502_J12_cluster=GQ03502_J12_status=complete_gb=BT113839 2006033
.53 GQ03502_F15.1_clone=GQ03502_F15_cluster=GQ03502_F15_status=complete_gb=BT113827 5878666
.81 GQ03502_C13.2_clone=GQ03502_C13_cluster=GQ03502_C13_status=complete_gb=BT113821 5878574
.78 GQ03501_J14.4_clone=GQ03501_J14_cluster=GQ03501_J14_status=complete_gb=BT113797 5878540
.46 GQ03419_F05.1_clone=GQ03419_F05_cluster=GQ03419_F05_status=5 5878530
.21 GQ03419_F05.1_clone=GQ03419_F05_cluster=GQ03419_F05_status=5 1088783
.62 GQ03416_K11.1_clone=GQ03416_K11_cluster=GQ03416_K11_status=complete_gb=BT113665 5878682
.33 GQ03416_K11.1_clone=GQ03416_K11_cluster=GQ03416_K11_status=complete_gb=BT113665 736744
.39 GQ03415_P21.1_clone=GQ03415_P21_cluster=GQ03415_P21_status=complete_gb=BT113643 1999588
.11 GQ03415_P21.1_clone=GQ03415_P21_cluster=GQ03415_P21_status=complete_gb=BT113643 2424725
.78 GQ03415_G20.1_clone=GQ03415_G20_cluster=GQ03415_G20_status=complete_gb=BT113627 5878562
.20 GQ03415_G20.1_clone=GQ03415_G20_cluster=GQ03415_G20_status=complete_gb=BT113627 520823
.15 GQ03414_P13.2_clone=GQ03414_P13_cluster=GQ03414_P13_status=5 1025257
.13 GQ03414_P13.2_clone=GQ03414_P13_cluster=GQ03414_P13_status=5 5778985
.48 GQ03414_E21.2_clone=GQ03414_E21_cluster=GQ03414_E21_status=complete_gb=BT113587 1718289
.24 GQ03414_E21.2_clone=GQ03414_E21_cluster=GQ03414_E21_status=complete_gb=BT113587 322847
.15 GQ03414_B24.1_clone=GQ03414_B24_cluster=GQ03414_B24_status=complete_gb=BT113584 2426170
.76 GQ03414_B24.1_clone=GQ03414_B24_cluster=GQ03414_B24_status=complete_gb=BT113584 5783519
.17 GQ03414_A12.1_clone=GQ03414_A12_cluster=GQ03414_A12_status=complete_gb=BT113578 2074850
.61 GQ03414_A12.1_clone=GQ03414_A12_cluster=GQ03414_A12_status=complete_gb=BT113578 5878554
.62 GQ03413_K05.3_clone=GQ03413_K05_cluster=GQ03413_K05_status=complete_gb=BT113567 5878535
.20 GQ03413_K05.3_clone=GQ03413_K05_cluster=GQ03413_K05_status=complete_gb=BT113567 5774991
.83 GQ03413_B24.4_clone=GQ03413_B24_cluster=GQ03413_B24_status=complete_gb=BT113559 5878621
.04 GQ03413_B24.4_clone=GQ03413_B24_cluster=GQ03413_B24_status=complete_gb=BT113559 930589
.05 GQ03413_B24.4_clone=GQ03413_B24_cluster=GQ03413_B24_status=complete_gb=BT113559 2911932
.34 GQ03410_M16.1_clone=GQ03410_M16_cluster=GQ03410_M16_status=complete_gb=BT113491 3375356
.62 GQ03410_M16.1_clone=GQ03410_M16_cluster=GQ03410_M16_status=complete_gb=BT113491 5778789
.43 GQ03410_H23.1_clone=GQ03410_H23_cluster=GQ03410_H23_status=complete_gb=BT113485 5777042
.78 GQ03407_G05.1_clone=GQ03407_G05_cluster=GQ03407_G05_status=complete_gb=BT113412 5878719
.50 GQ03405_P05.1_clone=GQ03405_P05_cluster=GQ03405_P05_status=5 5779905
.45 GQ03405_O09.1_clone=GQ03405_O09_cluster=GQ03405_O09_status=complete_gb=BT113360 1473126
.35 GQ03405_O09.1_clone=GQ03405_O09_cluster=GQ03405_O09_status=complete_gb=BT113360 5783935
.31 GQ03405_H01.2_clone=GQ03405_H01_cluster=GQ03405_H01_status=complete_gb=BT113339 1589245
.32 GQ03405_H01.2_clone=GQ03405_H01_cluster=GQ03405_H01_status=complete_gb=BT113339 677632
.25 GQ03402_N23.1_clone=GQ03402_N23_cluster=GQ03402_N23_status=complete_gb=BT113253 5783134
.29 GQ03402_N23.1_clone=GQ03402_N23_cluster=GQ03402_N23_status=complete_gb=BT113253 1808943
.32 GQ03401_M21.1_clone=GQ03401_M21_cluster=GQ03401_M21_status=complete_gb=BT113219 5778817
.78 GQ03401_C13.1_clone=GQ03401_C13_cluster=GQ03401_C13_status=complete_gb=BT113197 5878594
.10 GQ03401_C13.1_clone=GQ03401_C13_cluster=GQ03401_C13_status=complete_gb=BT113197 2159895
.67 GQ03326_I09.1_clone=GQ03326_I09_cluster=GQ03326_I09_status=complete_gb=BT113161 5878671
.22 GQ03326_I09.1_clone=GQ03326_I09_cluster=GQ03326_I09_status=complete_gb=BT113161 1343802
.12 GQ03325_M08.1_clone=GQ03325_M08_cluster=GQ03325_M08_status=complete_gb=BT113108 2188333
.81 GQ03325_M08.1_clone=GQ03325_M08_cluster=GQ03325_M08_status=complete_gb=BT113108 5878687
.71 GQ03325_H16.1_clone=GQ03325_H16_cluster=GQ03325_H16_status=complete_gb=BT113086 5878689
.85 GQ03325_B05.2_clone=GQ03325_B05_cluster=GQ03325_B05_status=complete_gb=BT113056 5878522
.12 GQ03325_B05.2_clone=GQ03325_B05_cluster=GQ03325_B05_status=complete_gb=BT113056 651976
.65 GQ03324_D10.1_clone=GQ03324_D10_cluster=GQ03324_D10_status=complete_gb=BT113004 869489
.15 GQ03324_D10.1_clone=GQ03324_D10_cluster=GQ03324_D10_status=complete_gb=BT113004 703903
.15 GQ03324_D10.1_clone=GQ03324_D10_cluster=GQ03324_D10_status=complete_gb=BT113004 4239580
.53 GQ03322_P21.4_clone=GQ03322_P21_cluster=GQ03322_P21_status=complete_gb=BT112939 5774825
.23 GQ03322_G11.1_clone=GQ03322_G11_cluster=GQ03322_G11_status=complete_gb=BT112892 5775319
.42 GQ03322_G11.1_clone=GQ03322_G11_cluster=GQ03322_G11_status=complete_gb=BT112892 5805202
.18 GQ03321_J20.1_clone=GQ03321_J20_cluster=GQ03321_J20_status=complete_gb=BT112838 5778213
.62 GQ03321_J20.1_clone=GQ03321_J20_cluster=GQ03321_J20_status=complete_gb=BT112838 5776598
.61 GQ03321_J18.1_clone=GQ03321_J18_cluster=GQ03321_J18_status=complete_gb=BT112837 5878658
.16 GQ03321_J18.1_clone=GQ03321_J18_cluster=GQ03321_J18_status=complete_gb=BT112837 1589633
.17 GQ03321_H07.1_clone=GQ03321_H07_cluster=GQ03321_H07_status=complete_gb=BT112829 1854691
.73 GQ03321_H07.1_clone=GQ03321_H07_cluster=GQ03321_H07_status=complete_gb=BT112829 5878698
.62 GQ03321_E10.1_clone=GQ03321_E10_cluster=GQ03321_E10_status=complete_gb=BT112815 5779794
.21 GQ03321_E10.1_clone=GQ03321_E10_cluster=GQ03321_E10_status=complete_gb=BT112815 5786561
.25 GQ03320_P06.1_clone=GQ03320_P06_cluster=GQ03320_P06_status=complete_gb=BT112785 2252699
.24 GQ03320_P06.1_clone=GQ03320_P06_cluster=GQ03320_P06_status=complete_gb=BT112785 478276
.15 GQ03320_K16.1_clone=GQ03320_K16_cluster=GQ03320_K16_status=complete_gb=BT112768 5780312
.83 GQ03320_K16.1_clone=GQ03320_K16_cluster=GQ03320_K16_status=complete_gb=BT112768 5777420
.58 GQ03320_C09.1_clone=GQ03320_C09_cluster=GQ03320_C09_status=complete_gb=BT112728 5878720
.10 GQ03320_C09.1_clone=GQ03320_C09_cluster=GQ03320_C09_status=complete_gb=BT112728 1277663
.11 GQ03320_C09.1_clone=GQ03320_C09_cluster=GQ03320_C09_status=complete_gb=BT112728 1663091
.09 GQ03320_C09.1_clone=GQ03320_C09_cluster=GQ03320_C09_status=complete_gb=BT112728 1147812
.73 GQ03320_B11.1_clone=GQ03320_B11_cluster=GQ03320_B11_status=complete_gb=BT112726 5878653
.21 GQ03320_B11.1_clone=GQ03320_B11_cluster=GQ03320_B11_status=complete_gb=BT112726 1233533
.55 GQ03319_O12.1_clone=GQ03319_O12_cluster=GQ03319_O12_status=complete_gb=BT112711 5878525
.45 GQ03319_D13.1_clone=GQ03319_D13_cluster=GQ03319_D13_status=complete_gb=BT112666 5878712
.23 GQ03319_D13.1_clone=GQ03319_D13_cluster=GQ03319_D13_status=complete_gb=BT112666 5800798
.40 GQ03319_B17.1_clone=GQ03319_B17_cluster=GQ03319_B17_status=complete_gb=BT112657 5878683
.22 GQ03319_B17.1_clone=GQ03319_B17_cluster=GQ03319_B17_status=complete_gb=BT112657 1978293
.26 GQ03318_N18.1_clone=GQ03318_N18_cluster=GQ03318_N18_status=complete_gb=BT112647 5794390
.27 GQ03318_N18.1_clone=GQ03318_N18_cluster=GQ03318_N18_status=complete_gb=BT112647 1853485
.99 GQ03318_M15.1_clone=GQ03318_M15_cluster=GQ03318_M15_status=complete_gb=BT112642 5878711
.60 GQ03317_N05.1_clone=GQ03317_N05_cluster=GQ03317_N05_status=complete_gb=BT112577 1964733
.25 GQ03317_N05.1_clone=GQ03317_N05_cluster=GQ03317_N05_status=complete_gb=BT112577 5800051
.43 GQ03317_M17.1_clone=GQ03317_M17_cluster=GQ03317_M17_status=complete_gb=BT112575 5797946
.31 GQ03317_M17.1_clone=GQ03317_M17_cluster=GQ03317_M17_status=complete_gb=BT112575 5776835
.32 GQ03316_D20.1_clone=GQ03316_D20_cluster=GQ03316_D20_status=complete_gb=BT112493 5878647
.19 GQ03316_D20.1_clone=GQ03316_D20_cluster=GQ03316_D20_status=complete_gb=BT112493 1155308
.99 GQ03315_M15.1_clone=GQ03315_M15_cluster=GQ03315_M15_status=complete_gb=BT112471 5878706
.23 GQ03315_I05.1_clone=GQ03315_I05_cluster=GQ03315_I05_status=complete_gb=BT112455 1515475
.13 GQ03315_I05.1_clone=GQ03315_I05_cluster=GQ03315_I05_status=complete_gb=BT112455 2165884
.50 GQ03314_A05.1_clone=GQ03314_A05_cluster=GQ03314_A05_status=complete_gb=BT112373 5783727
.21 GQ03314_A05.1_clone=GQ03314_A05_cluster=GQ03314_A05_status=complete_gb=BT112373 1596268
.54 GQ03313_O02.1_clone=GQ03313_O02_cluster=GQ03313_O02_status=complete_gb=BT112363 5878605
.23 GQ03313_N04.1_clone=GQ03313_N04_cluster=GQ03313_N04_status=complete_gb=BT112355 2469893
.55 GQ03313_N04.1_clone=GQ03313_N04_cluster=GQ03313_N04_status=complete_gb=BT112355 2099003
.49 GQ03313_K02.1_clone=GQ03313_K02_cluster=GQ03313_K02_status=complete_gb=BT112339 5878625
.28 GQ03313_K02.1_clone=GQ03313_K02_cluster=GQ03313_K02_status=complete_gb=BT112339 743202
.15 GQ03313_K02.1_clone=GQ03313_K02_cluster=GQ03313_K02_status=complete_gb=BT112339 1099061
.62 GQ03312_J14.1_clone=GQ03312_J14_cluster=GQ03312_J14_status=complete_gb=BT112254 5803157
.36 GQ03312_J14.1_clone=GQ03312_J14_cluster=GQ03312_J14_status=complete_gb=BT112254 1459618
.27 GQ03311_N20.1_clone=GQ03311_N20_cluster=GQ03311_N20_status=complete_gb=BT112201 164289
.57 GQ03311_N20.1_clone=GQ03311_N20_cluster=GQ03311_N20_status=complete_gb=BT112201 5878733
.70 GQ03311_G20.1_clone=GQ03311_G20_cluster=GQ03311_G20_status=complete_gb=BT112177 5775438
.43 GQ03311_C07.1_clone=GQ03311_C07_cluster=GQ03311_C07_status=complete_gb=BT112162 5779740
.45 GQ03311_C07.1_clone=GQ03311_C07_cluster=GQ03311_C07_status=complete_gb=BT112162 5777664
.56 GQ03309_N03.1_clone=GQ03309_N03_cluster=GQ03309_N03_status=complete_gb=BT112086 5878648
.99 GQ03309_D18.1_clone=GQ03309_D18_cluster=GQ03309_D18_status=complete_gb=BT112049 5878710
.17 GQ03309_B17.1_clone=GQ03309_B17_cluster=GQ03309_B17_status=complete_gb=BT112037 5784211
.73 GQ03309_B17.1_clone=GQ03309_B17_cluster=GQ03309_B17_status=complete_gb=BT112037 5878624
.50 GQ03308_O19.1_clone=GQ03308_O19_cluster=GQ03308_O19_status=complete_gb=BT112025 5788657
.76 GQ03308_O08.1_clone=GQ03308_O08_cluster=GQ03308_O08_status=complete_gb=BT112023 1223600
.13 GQ03308_O03.1_clone=GQ03308_O03_cluster=GQ03308_O03_status=complete_gb=BT112022 3692273
.59 GQ03308_O03.1_clone=GQ03308_O03_cluster=GQ03308_O03_status=complete_gb=BT112022 605407
.54 GQ03308_I16.1_clone=GQ03308_I16_cluster=GQ03308_I16_status=complete_gb=BT111990 1795108
.32 GQ03308_I16.1_clone=GQ03308_I16_cluster=GQ03308_I16_status=complete_gb=BT111990 1813422
.66 GQ03308_H19.1_clone=GQ03308_H19_cluster=GQ03308_H19_status=complete_gb=BT111984 5780084
.17 GQ03308_H19.1_clone=GQ03308_H19_cluster=GQ03308_H19_status=complete_gb=BT111984 3924192
.54 GQ03307_N13.1_clone=GQ03307_N13_cluster=GQ03307_N13_status=complete_gb=BT111934 1483667
.20 GQ03307_K11.1_clone=GQ03307_K11_cluster=GQ03307_K11_status=complete_gb=BT111922 5784546
.22 GQ03307_K11.1_clone=GQ03307_K11_cluster=GQ03307_K11_status=complete_gb=BT111922 5878579
.74 GQ03307_A19.1_clone=GQ03307_A19_cluster=GQ03307_A19_status=complete_gb=BT111894 1677535
.19 GQ03307_A19.1_clone=GQ03307_A19_cluster=GQ03307_A19_status=complete_gb=BT111894 4580388
.13 GQ03304_N11.2_clone=GQ03304_N11_cluster=GQ03304_N11_status=complete_gb=BT111881 4024079
.36 GQ03304_N11.2_clone=GQ03304_N11_cluster=GQ03304_N11_status=complete_gb=BT111881 5775067
.36 GQ03304_I02.1_clone=GQ03304_I02_cluster=GQ03304_I02_status=complete_gb=BT111857 5878664
.15 GQ03304_I02.1_clone=GQ03304_I02_cluster=GQ03304_I02_status=complete_gb=BT111857 2770288
.14 GQ03304_I02.1_clone=GQ03304_I02_cluster=GQ03304_I02_status=complete_gb=BT111857 5777151
.56 GQ03303_O13.1_clone=GQ03303_O13_cluster=GQ03303_O13_status=complete_gb=BT111812 5878599
.28 GQ03303_O13.1_clone=GQ03303_O13_cluster=GQ03303_O13_status=complete_gb=BT111812 1573851
.22 GQ03303_M04.1_clone=GQ03303_M04_cluster=GQ03303_M04_status=complete_gb=BT111794 2477200
.22 GQ03303_M04.1_clone=GQ03303_M04_cluster=GQ03303_M04_status=complete_gb=BT111794 5832430
.39 GQ03303_I18.1_clone=GQ03303_I18_cluster=GQ03303_I18_status=complete_gb=BT111781 5779329
.34 GQ03303_I18.1_clone=GQ03303_I18_cluster=GQ03303_I18_status=complete_gb=BT111781 5775832
.24 GQ03303_H10.1_clone=GQ03303_H10_cluster=GQ03303_H10_status=complete_gb=BT111773 1916758
.44 GQ03303_B20.1_clone=GQ03303_B20_cluster=GQ03303_B20_status=complete_gb=BT111751 5780532
.54 GQ03303_B20.1_clone=GQ03303_B20_cluster=GQ03303_B20_status=complete_gb=BT111751 5782232
.58 GQ03302_P12.1_clone=GQ03302_P12_cluster=GQ03302_P12_status=complete_gb=BT111738 5774846
.17 GQ03302_P12.1_clone=GQ03302_P12_cluster=GQ03302_P12_status=complete_gb=BT111738 2043592
.15 GQ03302_P12.1_clone=GQ03302_P12_cluster=GQ03302_P12_status=complete_gb=BT111738 4018054
.71 GQ03302_O19.2_clone=GQ03302_O19_cluster=GQ03302_O19_status=complete_gb=BT111735 5878617
.25 GQ03302_O19.2_clone=GQ03302_O19_cluster=GQ03302_O19_status=complete_gb=BT111735 5777003
.73 GQ03302_N04.1_clone=GQ03302_N04_cluster=GQ03302_N04_status=complete_gb=BT111727 1435106
.25 GQ03302_N04.1_clone=GQ03302_N04_cluster=GQ03302_N04_status=complete_gb=BT111727 2630840
.35 GQ03302_M17.1_clone=GQ03302_M17_cluster=GQ03302_M17_status=complete_gb=BT111723 5878550
.21 GQ03302_M17.1_clone=GQ03302_M17_cluster=GQ03302_M17_status=complete_gb=BT111723 1966006
.21 GQ03302_M17.1_clone=GQ03302_M17_cluster=GQ03302_M17_status=complete_gb=BT111723 489158
.60 GQ03302_E19.1_clone=GQ03302_E19_cluster=GQ03302_E19_status=complete_gb=BT111695 5878670
.37 GQ03301_P05.1_clone=GQ03301_P05_cluster=GQ03301_P05_status=complete_gb=BT111665 5783099
.62 GQ03301_P05.1_clone=GQ03301_P05_cluster=GQ03301_P05_status=complete_gb=BT111665 5878638
.52 GQ03301_N12.1_clone=GQ03301_N12_cluster=GQ03301_N12_status=complete_gb=BT111654 5783288
.19 GQ03301_N12.1_clone=GQ03301_N12_cluster=GQ03301_N12_status=complete_gb=BT111654 2001482
.13 GQ03301_K13.1_clone=GQ03301_K13_cluster=GQ03301_K13_status=complete_gb=BT111643 5396636
.83 GQ03301_K13.1_clone=GQ03301_K13_cluster=GQ03301_K13_status=complete_gb=BT111643 5878607
.15 GQ03301_I22.1_clone=GQ03301_I22_cluster=GQ03301_I22_status=complete_gb=BT111633 2556315
.83 GQ03301_I22.1_clone=GQ03301_I22_cluster=GQ03301_I22_status=complete_gb=BT111633 5878544
.18 GQ03301_D03.1_clone=GQ03301_D03_cluster=GQ03301_D03_status=complete_gb=BT111601 5790876
.81 GQ03301_D03.1_clone=GQ03301_D03_cluster=GQ03301_D03_status=complete_gb=BT111601 5777317
.67 GQ03301_A10.1_clone=GQ03301_A10_cluster=GQ03301_A10_status=complete_gb=BT111592 365142
.47 GQ03238_N17.2_clone=GQ03238_N17_cluster=GQ03238_N17_status=complete_gb=BT111520 2643835
.33 GQ03238_N17.2_clone=GQ03238_N17_cluster=GQ03238_N17_status=complete_gb=BT111520 2513995
.67 GQ03238_N16.1_clone=GQ03238_N16_cluster=GQ03238_N16_status=complete_gb=BT111519 5878537
.56 GQ03237_M23.1_clone=GQ03237_M23_cluster=GQ03237_M23_status=complete_gb=BT111448 5878542
.33 GQ03237_M15.1_clone=GQ03237_M15_cluster=GQ03237_M15_status=complete_gb=BT111444 5775149
.32 GQ03237_M15.1_clone=GQ03237_M15_cluster=GQ03237_M15_status=complete_gb=BT111444 1726507
.60 GQ03236_P20.1_clone=GQ03236_P20_cluster=GQ03236_P20_status=complete_gb=BT111393 5779475
.26 GQ03236_P20.1_clone=GQ03236_P20_cluster=GQ03236_P20_status=complete_gb=BT111393 5774907
.31 GQ03236_F10.1_clone=GQ03236_F10_cluster=GQ03236_F10_status=complete_gb=BT111348 5878635
.19 GQ03236_F10.1_clone=GQ03236_F10_cluster=GQ03236_F10_status=complete_gb=BT111348 5818978
.15 GQ03236_F10.1_clone=GQ03236_F10_cluster=GQ03236_F10_status=complete_gb=BT111348 1449648
.59 GQ03236_E09.1_clone=GQ03236_E09_cluster=GQ03236_E09_status=complete_gb=BT111343 5878677
.33 GQ03236_C01.1_clone=GQ03236_C01_cluster=GQ03236_C01_status=complete_gb=BT111332 5785211
.13 GQ03236_C01.1_clone=GQ03236_C01_cluster=GQ03236_C01_status=complete_gb=BT111332 5777498
.92 GQ03235_F23.1_clone=GQ03235_F23_cluster=GQ03235_F23_status=complete_gb=BT111279 5878703
.66 GQ03235_F11.1_clone=GQ03235_F11_cluster=GQ03235_F11_status=complete_gb=BT111275 5878645
.64 GQ03234_B02.1_clone=GQ03234_B02_cluster=GQ03234_B02_status=complete_gb=BT111190 5878524
.15 GQ03233_H15.1_clone=GQ03233_H15_cluster=GQ03233_H15_status=5 2737337
.66 GQ03233_H15.1_clone=GQ03233_H15_cluster=GQ03233_H15_status=5 5878589
.33 GQ03232_I06.1_clone=GQ03232_I06_cluster=GQ03232_I06_status=complete_gb=BT111088 5878728
.30 GQ03232_I06.1_clone=GQ03232_I06_cluster=GQ03232_I06_status=complete_gb=BT111088 764098
.47 GQ03232_F05.1_clone=GQ03232_F05_cluster=GQ03232_F05_status=complete_gb=BT111072 5783547
.25 GQ03232_F05.1_clone=GQ03232_F05_cluster=GQ03232_F05_status=complete_gb=BT111072 5815645
.26 GQ03232_F05.1_clone=GQ03232_F05_cluster=GQ03232_F05_status=complete_gb=BT111072 5774911
.48 GQ03231_K12.2_clone=GQ03231_K12_cluster=GQ03231_K12_status=complete_gb=BT111035 5878533
.09 GQ03231_K12.2_clone=GQ03231_K12_cluster=GQ03231_K12_status=complete_gb=BT111035 5775092
.61 GQ03231_D13.1_clone=GQ03231_D13_cluster=GQ03231_D13_status=complete_gb=BT111012 5878586
.41 GQ03231_B18.2_clone=GQ03231_B18_cluster=GQ03231_B18_status=complete_gb=BT111004 5878578
.88 GQ03230_M13.1_clone=GQ03230_M13_cluster=GQ03230_M13_status=complete_gb=BT110983 5878618
.10 GQ03230_M13.1_clone=GQ03230_M13_cluster=GQ03230_M13_status=complete_gb=BT110983 543546
.15 GQ03230_M01.1_clone=GQ03230_M01_cluster=GQ03230_M01_status=complete_gb=BT110980 5811296
.60 GQ03230_M01.1_clone=GQ03230_M01_cluster=GQ03230_M01_status=complete_gb=BT110980 5878588
.24 GQ03230_G18.1_clone=GQ03230_G18_cluster=GQ03230_G18_status=complete_gb=BT110962 924300
.25 GQ03230_G18.1_clone=GQ03230_G18_cluster=GQ03230_G18_status=complete_gb=BT110962 1817825
.36 GQ03230_F19.1_clone=GQ03230_F19_cluster=GQ03230_F19_status=complete_gb=BT110957 5878576
.81 GQ03230_E12.1_clone=GQ03230_E12_cluster=GQ03230_E12_status=complete_gb=BT110954 5878727
.13 GQ03230_E12.1_clone=GQ03230_E12_cluster=GQ03230_E12_status=complete_gb=BT110954 2049900
.10 GQ03230_E12.1_clone=GQ03230_E12_cluster=GQ03230_E12_status=complete_gb=BT110954 1623732
.55 GQ03229_M01.1_clone=GQ03229_M01_cluster=GQ03229_M01_status=complete_gb=BT110910 5788590
.14 GQ03229_M01.1_clone=GQ03229_M01_cluster=GQ03229_M01_status=complete_gb=BT110910 5788588
.99 GQ03228_P10.1_clone=GQ03228_P10_cluster=GQ03228_P10_status=complete_gb=BT110859 5878709
.15 GQ03227_L18.1_clone=GQ03227_L18_cluster=GQ03227_L18_status=complete_gb=BT110775 2471775
.72 GQ03227_L18.1_clone=GQ03227_L18_cluster=GQ03227_L18_status=complete_gb=BT110775 5878512
.89 GQ03227_I23.1_clone=GQ03227_I23_cluster=GQ03227_I23_status=complete_gb=BT110764 5878676
.34 GQ03227_B08.1_clone=GQ03227_B08_cluster=GQ03227_B08_status=complete_gb=BT110731 5775524
.30 GQ03227_B08.1_clone=GQ03227_B08_cluster=GQ03227_B08_status=complete_gb=BT110731 5792973
.26 GQ03227_B08.1_clone=GQ03227_B08_cluster=GQ03227_B08_status=complete_gb=BT110731 5775463
.85 GQ03225_N12.3_clone=GQ03225_N12_cluster=GQ03225_N12_status=53 5878722
.05 GQ03225_N12.3_clone=GQ03225_N12_cluster=GQ03225_N12_status=53 1673671
.05 GQ03225_N12.3_clone=GQ03225_N12_cluster=GQ03225_N12_status=53 1673670
.05 GQ03225_N12.3_clone=GQ03225_N12_cluster=GQ03225_N12_status=53 2909580
.99 GQ03224_P14.1_clone=GQ03224_P14_cluster=GQ03224_P14_status=complete_gb=BT110652 5878699
.99 GQ03224_F11.2_clone=GQ03224_F11_cluster=GQ03224_F11_status=complete_gb=BT110611 5878610
.39 GQ03223_O06.1_clone=GQ03223_O06_cluster=GQ03223_O06_status=complete_gb=BT110582 5786365
.22 GQ03223_O06.1_clone=GQ03223_O06_cluster=GQ03223_O06_status=complete_gb=BT110582 5782061
.36 GQ03223_N10.1_clone=GQ03223_N10_cluster=GQ03223_N10_status=complete_gb=BT110578 1683034
.10 GQ03222_O12.1_clone=GQ03222_O12_cluster=GQ03222_O12_status=complete_gb=BT110516 5826935
.88 GQ03222_O12.1_clone=GQ03222_O12_cluster=GQ03222_O12_status=complete_gb=BT110516 5878718
.16 GQ03222_N16.1_clone=GQ03222_N16_cluster=GQ03222_N16_status=complete_gb=BT110513 5788973
.82 GQ03222_N16.1_clone=GQ03222_N16_cluster=GQ03222_N16_status=complete_gb=BT110513 5878521
.45 GQ03222_J13.1_clone=GQ03222_J13_cluster=GQ03222_J13_status=complete_gb=BT110494 5779354
.31 GQ03222_J13.1_clone=GQ03222_J13_cluster=GQ03222_J13_status=complete_gb=BT110494 5782757
.53 GQ03221_K11.1_clone=GQ03221_K11_cluster=GQ03221_K11_status=complete_gb=BT110433 330400
.48 GQ03219_O04.2_clone=GQ03219_O04_cluster=GQ03219_O04_status=complete_gb=BT110326 5878707
.42 GQ03219_O04.2_clone=GQ03219_O04_cluster=GQ03219_O04_status=complete_gb=BT110326 2123360
.51 GQ03219_N19.1_clone=GQ03219_N19_cluster=GQ03219_N19_status=5 5774737
.45 GQ03219_N19.1_clone=GQ03219_N19_cluster=GQ03219_N19_status=5 1779714
.70 GQ03219_L04.1_clone=GQ03219_L04_cluster=GQ03219_L04_status=complete_gb=BT110315 5785567
.08 GQ03219_G17.3_clone=GQ03219_G17_cluster=GQ03219_G17_status=53 5796199
.68 GQ03219_G17.3_clone=GQ03219_G17_cluster=GQ03219_G17_status=53 5878701
.61 GQ03218_M07.2_clone=GQ03218_M07_cluster=GQ03218_M07_status=complete_gb=BT110254 5801662
.80 GQ03216_O11.1_clone=GQ03216_O11_cluster=GQ03216_O11_status=complete_gb=BT110140 5878580
.93 GQ03216_M13.1_clone=GQ03216_M13_cluster=GQ03216_M13_status=complete_gb=BT110133 5878695
.02 GQ03216_M13.1_clone=GQ03216_M13_cluster=GQ03216_M13_status=complete_gb=BT110133 5878695
.17 GQ03216_I09.1_clone=GQ03216_I09_cluster=GQ03216_I09_status=complete_gb=BT110107 5780530
.65 GQ03216_I09.1_clone=GQ03216_I09_cluster=GQ03216_I09_status=complete_gb=BT110107 5799732
.24 GQ03216_F04.1_clone=GQ03216_F04_cluster=GQ03216_F04_status=complete_gb=BT110099 1319299
.38 GQ03215_N05.1_clone=GQ03215_N05_cluster=GQ03215_N05_status=complete_gb=BT110073 2048602
.26 GQ03215_N05.1_clone=GQ03215_N05_cluster=GQ03215_N05_status=complete_gb=BT110073 5878520
.54 GQ03215_M16.1_clone=GQ03215_M16_cluster=GQ03215_M16_status=complete_gb=BT110071 5878584
.45 GQ03215_M16.1_clone=GQ03215_M16_cluster=GQ03215_M16_status=complete_gb=BT110071 5778808
.39 GQ03215_B14.1_clone=GQ03215_B14_cluster=GQ03215_B14_status=complete_gb=BT110032 5878674
.30 GQ03215_B14.1_clone=GQ03215_B14_cluster=GQ03215_B14_status=complete_gb=BT110032 5780277
.41 GQ03214_J12.1_clone=GQ03214_J12_cluster=GQ03214_J12_status=complete_gb=BT109981 5776726
.28 GQ03214_J12.1_clone=GQ03214_J12_cluster=GQ03214_J12_status=complete_gb=BT109981 5776156
.24 GQ03214_H17.1_clone=GQ03214_H17_cluster=GQ03214_H17_status=complete_gb=BT109973 1387051
.19 GQ03214_H17.1_clone=GQ03214_H17_cluster=GQ03214_H17_status=complete_gb=BT109973 3360729
.67 GQ03213_J06.1_clone=GQ03213_J06_cluster=GQ03213_J06_status=complete_gb=BT109907 481101
.22 GQ03213_J06.1_clone=GQ03213_J06_cluster=GQ03213_J06_status=complete_gb=BT109907 3068080
.20 GQ03213_G11.1_clone=GQ03213_G11_cluster=GQ03213_G11_status=complete_gb=BT109890 5787948
.78 GQ03213_G11.1_clone=GQ03213_G11_cluster=GQ03213_G11_status=complete_gb=BT109890 5878724
.22 GQ03213_B01.1_clone=GQ03213_B01_cluster=GQ03213_B01_status=complete_gb=BT109856 1284285
.62 GQ03213_B01.1_clone=GQ03213_B01_cluster=GQ03213_B01_status=complete_gb=BT109856 5796483
.28 GQ03213_A05.1_clone=GQ03213_A05_cluster=GQ03213_A05_status=complete_gb=BT109851 5782686
.19 GQ03213_A05.1_clone=GQ03213_A05_cluster=GQ03213_A05_status=complete_gb=BT109851 2071998
.59 GQ03212_N10.3_clone=GQ03212_N10_cluster=GQ03212_N10_status=complete_gb=BT109830 5878663
.14 GQ03212_N10.3_clone=GQ03212_N10_cluster=GQ03212_N10_status=complete_gb=BT109830 828589
.11 GQ03212_N10.3_clone=GQ03212_N10_cluster=GQ03212_N10_status=complete_gb=BT109830 669877
.68 GQ03212_J17.1_clone=GQ03212_J17_cluster=GQ03212_J17_status=complete_gb=BT109807 5878539
.24 GQ03212_J17.1_clone=GQ03212_J17_cluster=GQ03212_J17_status=complete_gb=BT109807 5777812
.52 GQ03212_D09.1_clone=GQ03212_D09_cluster=GQ03212_D09_status=complete_gb=BT109771 541284
.36 GQ03212_D02.1_clone=GQ03212_D02_cluster=GQ03212_D02_status=complete_gb=BT109769 5781804
.49 GQ03212_D02.1_clone=GQ03212_D02_cluster=GQ03212_D02_status=complete_gb=BT109769 5777184
.59 GQ03212_B07.1_clone=GQ03212_B07_cluster=GQ03212_B07_status=complete_gb=BT109757 5808938
.22 GQ03212_B07.1_clone=GQ03212_B07_cluster=GQ03212_B07_status=complete_gb=BT109757 1391234
.13 GQ03212_B07.1_clone=GQ03212_B07_cluster=GQ03212_B07_status=complete_gb=BT109757 1141331
.22 GQ03211_M24.1_clone=GQ03211_M24_cluster=GQ03211_M24_status=complete_gb=BT109726 5775577
.72 GQ03211_M24.1_clone=GQ03211_M24_cluster=GQ03211_M24_status=complete_gb=BT109726 5878573
.40 GQ03211_J09.1_clone=GQ03211_J09_cluster=GQ03211_J09_status=complete_gb=BT109696 5775296
.35 GQ03211_I21.1_clone=GQ03211_I21_cluster=GQ03211_I21_status=complete_gb=BT109694 5778291
.13 GQ03211_I21.1_clone=GQ03211_I21_cluster=GQ03211_I21_status=complete_gb=BT109694 1139938
.43 GQ03211_H14.1_clone=GQ03211_H14_cluster=GQ03211_H14_status=complete_gb=BT109688 5878567
.26 GQ03211_G19.1_clone=GQ03211_G19_cluster=GQ03211_G19_status=complete_gb=BT109684 1074761
.32 GQ03211_G19.1_clone=GQ03211_G19_cluster=GQ03211_G19_status=complete_gb=BT109684 1434846
.31 GQ03211_C10.1_clone=GQ03211_C10_cluster=GQ03211_C10_status=complete_gb=BT109657 5878700
.16 GQ03211_C10.1_clone=GQ03211_C10_cluster=GQ03211_C10_status=complete_gb=BT109657 5878700
.35 GQ03211_B01.3_clone=GQ03211_B01_cluster=GQ03211_B01_status=complete_gb=BT109650 5786405
.29 GQ03211_B01.3_clone=GQ03211_B01_cluster=GQ03211_B01_status=complete_gb=BT109650 435254
.10 GQ03211_A10.1_clone=GQ03211_A10_cluster=GQ03211_A10_status=complete_gb=BT109645 446004
.72 GQ03211_A10.1_clone=GQ03211_A10_cluster=GQ03211_A10_status=complete_gb=BT109645 5878713
.73 GQ03210_I22.1_clone=GQ03210_I22_cluster=GQ03210_I22_status=complete_gb=BT109609 5782103
.17 GQ03210_I22.1_clone=GQ03210_I22_cluster=GQ03210_I22_status=complete_gb=BT109609 1412366
.12 GQ03210_I22.1_clone=GQ03210_I22_cluster=GQ03210_I22_status=complete_gb=BT109609 1412367
.12 GQ03210_I22.1_clone=GQ03210_I22_cluster=GQ03210_I22_status=complete_gb=BT109609 3475635
.51 GQ03210_G20.1_clone=GQ03210_G20_cluster=GQ03210_G20_status=complete_gb=BT109598 2030964
.11 GQ03210_G20.1_clone=GQ03210_G20_cluster=GQ03210_G20_status=complete_gb=BT109598 5804901
.34 GQ03210_F23.3_clone=GQ03210_F23_cluster=GQ03210_F23_status=complete_gb=BT109593 5782412
.29 GQ03210_F23.3_clone=GQ03210_F23_cluster=GQ03210_F23_status=complete_gb=BT109593 5780122
.22 GQ03210_F23.3_clone=GQ03210_F23_cluster=GQ03210_F23_status=complete_gb=BT109593 5780772
.28 GQ03210_E05.4_clone=GQ03210_E05_cluster=GQ03210_E05_status=complete_gb=BT109585 5779283
.16 GQ03210_E05.4_clone=GQ03210_E05_cluster=GQ03210_E05_status=complete_gb=BT109585 5778126
.59 GQ03209_N17.1_clone=GQ03209_N17_cluster=GQ03209_N17_status=complete_gb=BT109548 5802509
.38 GQ03209_N17.1_clone=GQ03209_N17_cluster=GQ03209_N17_status=complete_gb=BT109548 1072111
.70 GQ03209_F21.1_clone=GQ03209_F21_cluster=GQ03209_F21_status=complete_gb=BT109511 5786921
.47 GQ03209_C06.2_clone=GQ03209_C06_cluster=GQ03209_C06_status=complete_gb=BT109497 5878702
.11 GQ03209_C06.2_clone=GQ03209_C06_cluster=GQ03209_C06_status=complete_gb=BT109497 1215431
.31 GQ03209_B16.1_clone=GQ03209_B16_cluster=GQ03209_B16_status=complete_gb=BT109493 5786136
.17 GQ03209_B16.1_clone=GQ03209_B16_cluster=GQ03209_B16_status=complete_gb=BT109493 5775493
.17 GQ03209_B16.1_clone=GQ03209_B16_cluster=GQ03209_B16_status=complete_gb=BT109493 628133
.17 GQ03209_B16.1_clone=GQ03209_B16_cluster=GQ03209_B16_status=complete_gb=BT109493 636758
.41 GQ03209_A18.1_clone=GQ03209_A18_cluster=GQ03209_A18_status=complete_gb=BT109486 5787622
.21 GQ03209_A18.1_clone=GQ03209_A18_cluster=GQ03209_A18_status=complete_gb=BT109486 1770738
.21 GQ03209_A18.1_clone=GQ03209_A18_cluster=GQ03209_A18_status=complete_gb=BT109486 1375428
.11 GQ03209_A18.1_clone=GQ03209_A18_cluster=GQ03209_A18_status=complete_gb=BT109486 3049228
.33 GQ03208_P17.1_clone=GQ03208_P17_cluster=GQ03208_P17_status=complete_gb=BT109483 5777836
.33 GQ03208_P17.1_clone=GQ03208_P17_cluster=GQ03208_P17_status=complete_gb=BT109483 1866315
.44 GQ03208_L20.1_clone=GQ03208_L20_cluster=GQ03208_L20_status=complete_gb=BT109460 2181025
.30 GQ03208_L20.1_clone=GQ03208_L20_cluster=GQ03208_L20_status=complete_gb=BT109460 1919954
.61 GQ03208_H13.2_clone=GQ03208_H13_cluster=GQ03208_H13_status=complete_gb=BT109442 5878654
.26 GQ03208_E06.1_clone=GQ03208_E06_cluster=GQ03208_E06_status=complete_gb=BT109426 1049387
.56 GQ03208_E06.1_clone=GQ03208_E06_cluster=GQ03208_E06_status=complete_gb=BT109426 5878626
.60 GQ03208_D16.1_clone=GQ03208_D16_cluster=GQ03208_D16_status=complete_gb=BT109423 5786625
.62 GQ03208_A04.1_clone=GQ03208_A04_cluster=GQ03208_A04_status=complete_gb=BT109402 5774815
.36 GQ03208_A04.1_clone=GQ03208_A04_cluster=GQ03208_A04_status=complete_gb=BT109402 1101295
.83 GQ03207_O08.1_clone=GQ03207_O08_cluster=GQ03207_O08_status=complete_gb=BT109390 5787045
.12 GQ03207_O08.1_clone=GQ03207_O08_cluster=GQ03207_O08_status=complete_gb=BT109390 1765795
.36 GQ03207_F19.1_clone=GQ03207_F19_cluster=GQ03207_F19_status=complete_gb=BT109338 5878557
.08 GQ03207_F19.1_clone=GQ03207_F19_cluster=GQ03207_F19_status=complete_gb=BT109338 553915
.57 GQ03207_D19.2_clone=GQ03207_D19_cluster=GQ03207_D19_status=complete_gb=BT109329 5878731
.02 GQ03207_D19.2_clone=GQ03207_D19_cluster=GQ03207_D19_status=complete_gb=BT109329 5782208
.64 GQ03207_B15.4_clone=GQ03207_B15_cluster=GQ03207_B15_status=complete_gb=BT109321 5878673
.36 GQ03206_L24.1_clone=GQ03206_L24_cluster=GQ03206_L24_status=complete_gb=BT109285 5791740
.14 GQ03206_L24.1_clone=GQ03206_L24_cluster=GQ03206_L24_status=complete_gb=BT109285 878885
.34 GQ03206_G02.1_clone=GQ03206_G02_cluster=GQ03206_G02_status=complete_gb=BT109252 5786654
.23 GQ03206_G02.1_clone=GQ03206_G02_cluster=GQ03206_G02_status=complete_gb=BT109252 5786655
.68 GQ03206_C05.1_clone=GQ03206_C05_cluster=GQ03206_C05_status=complete_gb=BT109227 5777512
.12 GQ03206_C05.1_clone=GQ03206_C05_cluster=GQ03206_C05_status=complete_gb=BT109227 1553410
.95 GQ03206_B04.1_clone=GQ03206_B04_cluster=GQ03206_B04_status=complete_gb=BT109219 5878559
.30 GQ03205_O14.1_clone=GQ03205_O14_cluster=GQ03205_O14_status=complete_gb=BT109211 5778942
.26 GQ03205_O14.1_clone=GQ03205_O14_cluster=GQ03205_O14_status=complete_gb=BT109211 5878595
.27 GQ03205_O14.1_clone=GQ03205_O14_cluster=GQ03205_O14_status=complete_gb=BT109211 1936895
.23 GQ03205_M11.1_clone=GQ03205_M11_cluster=GQ03205_M11_status=complete_gb=BT109201 5788779
.44 GQ03205_M11.1_clone=GQ03205_M11_cluster=GQ03205_M11_status=complete_gb=BT109201 5774879
.32 GQ03205_J23.1_clone=GQ03205_J23_cluster=GQ03205_J23_status=complete_gb=BT109185 1091421
.53 GQ03205_J23.1_clone=GQ03205_J23_cluster=GQ03205_J23_status=complete_gb=BT109185 1091421
.81 GQ03205_G22.1_clone=GQ03205_G22_cluster=GQ03205_G22_status=complete_gb=BT109162 5776802
.88 GQ03205_F02.1_clone=GQ03205_F02_cluster=GQ03205_F02_status=complete_gb=BT109158 5878696
.35 GQ03205_D18.1_clone=GQ03205_D18_cluster=GQ03205_D18_status=complete_gb=BT109154 5785608
.60 GQ03205_D18.1_clone=GQ03205_D18_cluster=GQ03205_D18_status=complete_gb=BT109154 1751842
.24 GQ03204_I22.2_clone=GQ03204_I22_cluster=GQ03204_I22_status=complete_gb=BT109094 5782876
.13 GQ03204_I22.2_clone=GQ03204_I22_cluster=GQ03204_I22_status=complete_gb=BT109094 2959021
.32 GQ03204_H03.1_clone=GQ03204_H03_cluster=GQ03204_H03_status=complete_gb=BT109085 5878581
.16 GQ03204_H03.1_clone=GQ03204_H03_cluster=GQ03204_H03_status=complete_gb=BT109085 2432180
.33 GQ03204_E24.1_clone=GQ03204_E24_cluster=GQ03204_E24_status=complete_gb=BT109069 5774834
.18 GQ03204_E24.1_clone=GQ03204_E24_cluster=GQ03204_E24_status=complete_gb=BT109069 2024858
.14 GQ03204_E24.1_clone=GQ03204_E24_cluster=GQ03204_E24_status=complete_gb=BT109069 908363
.24 GQ03203_E23.1_clone=GQ03203_E23_cluster=GQ03203_E23_status=complete_gb=BT108983 322847
.39 GQ03202_O05.1_clone=GQ03202_O05_cluster=GQ03202_O05_status=complete_gb=BT108946 1050168
.26 GQ03202_O05.1_clone=GQ03202_O05_cluster=GQ03202_O05_status=complete_gb=BT108946 2385560
.21 GQ03202_O05.1_clone=GQ03202_O05_cluster=GQ03202_O05_status=complete_gb=BT108946 1441234
.49 GQ03201_I23.1_clone=GQ03201_I23_cluster=GQ03201_I23_status=complete_gb=BT108826 5878598
.23 GQ03201_I23.1_clone=GQ03201_I23_cluster=GQ03201_I23_status=complete_gb=BT108826 2427186
.26 GQ03201_C04.1_clone=GQ03201_C04_cluster=GQ03201_C04_status=complete_gb=BT108795 5785708
.15 GQ03201_C04.1_clone=GQ03201_C04_cluster=GQ03201_C04_status=complete_gb=BT108795 1411654
.15 GQ03201_C04.1_clone=GQ03201_C04_cluster=GQ03201_C04_status=complete_gb=BT108795 5774821
.15 GQ03201_C04.1_clone=GQ03201_C04_cluster=GQ03201_C04_status=complete_gb=BT108795 2643533
.16 GQ03126_P23.1_clone=GQ03126_P23_cluster=GQ03126_P23_status=complete_gb=BT108783 5776115
.30 GQ03126_P23.1_clone=GQ03126_P23_cluster=GQ03126_P23_status=complete_gb=BT108783 5788753
.70 GQ03126_F18.1_clone=GQ03126_F18_cluster=GQ03126_F18_status=complete_gb=BT108739 5878726
.12 GQ03126_F18.1_clone=GQ03126_F18_cluster=GQ03126_F18_status=complete_gb=BT108739 5806623
.46 GQ03126_D10.1_clone=GQ03126_D10_cluster=GQ03126_D10_status=complete_gb=BT108730 5878528
.11 GQ03126_D10.1_clone=GQ03126_D10_cluster=GQ03126_D10_status=complete_gb=BT108730 574142
.55 GQ03125_L24.1_clone=GQ03125_L24_cluster=GQ03125_L24_status=complete_gb=BT108713 5878640
.14 GQ03125_L24.1_clone=GQ03125_L24_cluster=GQ03125_L24_status=complete_gb=BT108713 5788003
.12 GQ03125_L24.1_clone=GQ03125_L24_cluster=GQ03125_L24_status=complete_gb=BT108713 3107464
.27 GQ03125_F09.1_clone=GQ03125_F09_cluster=GQ03125_F09_status=complete_gb=BT108683 5778595
.39 GQ03125_A02.1_clone=GQ03125_A02_cluster=GQ03125_A02_status=complete_gb=BT108651 5878704
.60 GQ03125_A02.1_clone=GQ03125_A02_cluster=GQ03125_A02_status=complete_gb=BT108651 5878704
.55 GQ03124_L14.1_clone=GQ03124_L14_cluster=GQ03124_L14_status=complete_gb=BT108638 5878566
.28 GQ03124_L14.1_clone=GQ03124_L14_cluster=GQ03124_L14_status=complete_gb=BT108638 5778745
.79 GQ03124_K15.1_clone=GQ03124_K15_cluster=GQ03124_K15_status=complete_gb=BT108634 5878616
.17 GQ03124_E09.1_clone=GQ03124_E09_cluster=GQ03124_E09_status=complete_gb=BT108607 912147
.54 GQ03124_E09.1_clone=GQ03124_E09_cluster=GQ03124_E09_status=complete_gb=BT108607 5878564
.61 GQ03123_C17.1_clone=GQ03123_C17_cluster=GQ03123_C17_status=complete_gb=BT108531 742851
.28 GQ03122_O01.1_clone=GQ03122_O01_cluster=GQ03122_O01_status=complete_gb=BT108510 5780750
.16 GQ03122_O01.1_clone=GQ03122_O01_cluster=GQ03122_O01_status=complete_gb=BT108510 5782419
.13 GQ03122_O01.1_clone=GQ03122_O01_cluster=GQ03122_O01_status=complete_gb=BT108510 5778354
.65 GQ03121_M05.1_clone=GQ03121_M05_cluster=GQ03121_M05_status=complete_gb=BT108437 5778268
.15 GQ03121_M05.1_clone=GQ03121_M05_cluster=GQ03121_M05_status=complete_gb=BT108437 934823
.53 GQ03121_I01.1_clone=GQ03121_I01_cluster=GQ03121_I01_status=complete_gb=BT108415 5878657
.11 GQ03121_I01.1_clone=GQ03121_I01_cluster=GQ03121_I01_status=complete_gb=BT108415 2648069
.63 GQ03121_C01.1_clone=GQ03121_C01_cluster=GQ03121_C01_status=complete_gb=BT108383 5878627
.33 GQ03119_O23.1_clone=GQ03119_O23_cluster=GQ03119_O23_status=complete_gb=BT108314 5878714
.28 GQ03119_O23.1_clone=GQ03119_O23_cluster=GQ03119_O23_status=complete_gb=BT108314 5878714
.16 GQ03119_O23.1_clone=GQ03119_O23_cluster=GQ03119_O23_status=complete_gb=BT108314 1991607
.45 GQ03119_I21.1_clone=GQ03119_I21_cluster=GQ03119_I21_status=complete_gb=BT108289 5782416
.53 GQ03119_I21.1_clone=GQ03119_I21_cluster=GQ03119_I21_status=complete_gb=BT108289 5790646
.52 GQ03119_A04.1_clone=GQ03119_A04_cluster=GQ03119_A04_status=complete_gb=BT108255 5878725
.12 GQ03119_A04.1_clone=GQ03119_A04_cluster=GQ03119_A04_status=complete_gb=BT108255 1931012
