.71 WS0338_B10.1_clone=WS0338_B10_cluster=WS0338_B10_status=3 10031403
.13 WS0338_B10.1_clone=WS0338_B10_cluster=WS0338_B10_status=3 6936782
.13 WS0338_B10.1_clone=WS0338_B10_cluster=WS0338_B10_status=3 5736888
.11 WS0338_B10.1_clone=WS0338_B10_cluster=WS0338_B10_status=3 6163519
.24 WS0325_D17.1_clone=WS0325_D17_cluster=WS0325_D17_status=3 10027206
.46 WS0325_D17.1_clone=WS0325_D17_cluster=WS0325_D17_status=3 10021195
.40 WS0322_P17.1_clone=WS0322_P17_cluster=WS0322_P17_status=complete 2330321
.28 WS0322_P17.1_clone=WS0322_P17_cluster=WS0322_P17_status=complete 1706698
.25 WS0321_K02.1_clone=WS0321_K02_cluster=WS0321_K02_status=complete 4697376
.19 WS0321_K02.1_clone=WS0321_K02_cluster=WS0321_K02_status=complete 6662037
.11 WS0321_K02.1_clone=WS0321_K02_cluster=WS0321_K02_status=complete 3194192
.73 WS03215_H11.1_clone=WS03215_H11_cluster=WS03215_H11_status=3 10050947
.10 WS03215_H11.1_clone=WS03215_H11_cluster=WS03215_H11_status=3 4683161
.64 WS03215_E14.1_clone=WS03215_E14_cluster=WS03215_E14_status=3 10024699
.34 WS03215_E14.1_clone=WS03215_E14_cluster=WS03215_E14_status=3 3488654
.58 WS03213_L02.1_clone=WS03213_L02_cluster=WS03213_L02_status=complete 10026607
.25 WS03213_L02.1_clone=WS03213_L02_cluster=WS03213_L02_status=complete 4325912
.55 WS0269_P08.1_clone=WS0269_P08_cluster=WS0269_P08_status=3 2676003
.43 WS0269_P08.1_clone=WS0269_P08_cluster=WS0269_P08_status=3 10162654
.54 WS02628_D23.1_clone=WS02628_D23_cluster=WS02628_D23_status=complete 10030324
.31 WS02628_D23.1_clone=WS02628_D23_cluster=WS02628_D23_status=complete 1204140
.57 WS02623_A15.1_clone=WS02623_A15_cluster=WS02623_A15_status=3 10045122
.28 WS02623_A15.1_clone=WS02623_A15_cluster=WS02623_A15_status=3 10045407
.25 WS02622_J03.1_clone=WS02622_J03_cluster=WS02622_J03_status=complete 7332623
.33 WS02622_J03.1_clone=WS02622_J03_cluster=WS02622_J03_status=complete 10036409
.30 WS02611_P20.1_clone=WS02611_P20_cluster=WS02611_P20_status=3 10027434
.52 WS02611_P20.1_clone=WS02611_P20_cluster=WS02611_P20_status=3 10027434
.27 WS00829_A09.1_clone=WS00829_A09_cluster=WS00829_A09_status=3 10020997
.36 WS00829_A09.1_clone=WS00829_A09_cluster=WS00829_A09_status=3 10020996
.65 WS00821_I06.1_clone=WS00821_I06_cluster=WS00821_I06_status=complete 2448790
.25 WS00821_I06.1_clone=WS00821_I06_cluster=WS00821_I06_status=complete 1075504
.24 WS00753_B09.1_clone=WS00753_B09_cluster=WS00753_B09_status=3 6189676
.39 WS0074_A10.1_clone=WS0074_A10_cluster=WS0074_A10_status=complete 2892672
.32 WS0074_A10.1_clone=WS0074_A10_cluster=WS0074_A10_status=complete 2755971
.31 WS0074_A10.1_clone=WS0074_A10_cluster=WS0074_A10_status=complete 10116739
.26 WS0074_A10.1_clone=WS0074_A10_cluster=WS0074_A10_status=complete 3697822
.30 WS0074_A10.1_clone=WS0074_A10_cluster=WS0074_A10_status=complete 2025504
.70 WS00743_I17.1_clone=WS00743_I17_cluster=WS00743_I17_status=3 10162699
.29 WS00743_I17.1_clone=WS00743_I17_cluster=WS00743_I17_status=3 3298743
.28 WS00742_D20.1_clone=WS00742_D20_cluster=WS00742_D20_status=3 1982628
.46 WS00742_D20.1_clone=WS00742_D20_cluster=WS00742_D20_status=3 10046015
.25 WS00733_B21.1_clone=WS00733_B21_cluster=WS00733_B21_status=3 10021082
.70 WS00726_E01.1_clone=WS00726_E01_cluster=WS00726_E01_status=3 614306
.36 WS00726_E01.1_clone=WS00726_E01_cluster=WS00726_E01_status=3 10044707
.14 WS00726_E01.1_clone=WS00726_E01_cluster=WS00726_E01_status=3 6177757
.13 WS00726_E01.1_clone=WS00726_E01_cluster=WS00726_E01_status=3 4548820
.10 WS00726_E01.1_clone=WS00726_E01_cluster=WS00726_E01_status=3 2327336
.75 snap_masked-168543006-processed-gene-0.67-mRNA-1 2644825
.24 snap_masked-168503274-processed-gene-0.18-mRNA-1 3407601
.75 snap_masked-168503274-processed-gene-0.18-mRNA-1 10022449
.99 snap_masked-168478564-processed-gene-0.9-mRNA-1 2529181
.46 snap_masked-168447110-processed-gene-0.8-mRNA-1 10036832
.29 snap_masked-168447110-processed-gene-0.8-mRNA-1 10036831
.63 snap_masked-168401588-processed-gene-0.30-mRNA-1 10023072
.13 snap_masked-168401588-processed-gene-0.30-mRNA-1 1234309
.11 snap_masked-168401588-processed-gene-0.30-mRNA-1 1234322
.86 snap_masked-168320991-processed-gene-0.28-mRNA-1 10162697
.04 snap_masked-168320991-processed-gene-0.28-mRNA-1 4645307
.99 snap_masked-168212329-processed-gene-0.42-mRNA-1 10162750
.50 snap_masked-168190406-processed-gene-0.84-mRNA-1 5465919
.19 snap_masked-168190406-processed-gene-0.84-mRNA-1 8418365
.74 snap_masked-167798297-processed-gene-0.125-mRNA-1 926995
.15 snap_masked-167798297-processed-gene-0.125-mRNA-1 10026657
.14 snap_masked-167798297-processed-gene-0.125-mRNA-1 2020096
.12 snap_masked-167798297-processed-gene-0.125-mRNA-1 2950823
.12 snap_masked-167798297-processed-gene-0.125-mRNA-1 9240547
.58 snap_masked-166692718-processed-gene-0.3-mRNA-1 10045047
.37 snap_masked-166692718-processed-gene-0.3-mRNA-1 10052301
.29 snap_masked-163417003-processed-gene-0.2-mRNA-1 2459010
.25 snap_masked-163417003-processed-gene-0.2-mRNA-1 2814024
.50 maker-28470130-augustus-gene-0.4-mRNA-1 10025034
.29 maker-168577353-augustus-gene-0.73-mRNA-1 2789886
.18 maker-168577353-augustus-gene-0.73-mRNA-1 163822
.07 maker-168577353-augustus-gene-0.73-mRNA-1 3808669
.48 maker-168577295-augustus-gene-0.127-mRNA-1 10162785
.19 maker-168577295-augustus-gene-0.127-mRNA-1 4419361
.15 maker-168577184-augustus-gene-0.15-mRNA-1 10025642
.17 maker-168577184-augustus-gene-0.15-mRNA-1 10026903
.82 maker-168577173-snap-gene-1.119-mRNA-1 323726
.17 maker-168577031-augustus-gene-0.26-mRNA-1 10029424
.82 maker-168577031-augustus-gene-0.26-mRNA-1 10033522
.54 maker-168577012-snap-gene-2.94-mRNA-1 10162756
.78 maker-168576964-augustus-gene-0.72-mRNA-1 10162795
.09 maker-168576964-augustus-gene-0.72-mRNA-1 2791388
.39 maker-168575971-snap-gene-0.42-mRNA-1 10021420
.23 maker-168575971-snap-gene-0.42-mRNA-1 10021421
.15 maker-168575971-snap-gene-0.42-mRNA-1 10031245
.95 maker-168575856-snap-gene-0.19-mRNA-1 10162812
.48 maker-168575165-augustus-gene-0.77-mRNA-1 10162677
.21 maker-168575165-augustus-gene-0.77-mRNA-1 10023127
.37 maker-168574056-snap-gene-0.57-mRNA-1 10162817
.18 maker-168574056-snap-gene-0.57-mRNA-1 10162817
.16 maker-168574056-snap-gene-0.57-mRNA-1 1902280
.35 maker-168571238-snap-gene-0.43-mRNA-1 10025033
.34 maker-168571238-snap-gene-0.43-mRNA-1 1925038
.60 maker-168569643-snap-gene-0.65-mRNA-1 10023318
.45 maker-168564204-augustus-gene-0.29-mRNA-1 10038214
.20 maker-168564204-augustus-gene-0.29-mRNA-1 10034755
.11 maker-168564075-augustus-gene-0.62-mRNA-1 4943275
.85 maker-168564075-augustus-gene-0.62-mRNA-1 10162663
.17 maker-168559072-snap-gene-0.53-mRNA-1 10162645
.08 maker-168559072-snap-gene-0.53-mRNA-1 1250436
.85 maker-168556211-snap-gene-1.150-mRNA-1 10162700
.61 maker-168555804-augustus-gene-0.23-mRNA-1 10162759
.10 maker-168555804-augustus-gene-0.23-mRNA-1 10028034
.05 maker-168555804-augustus-gene-0.23-mRNA-1 3146762
.43 maker-168553557-snap-gene-0.87-mRNA-2 10028190
.10 maker-168552950-augustus-gene-0.93-mRNA-2 10039111
.88 maker-168552950-augustus-gene-0.93-mRNA-2 10162823
.32 maker-168550589-augustus-gene-0.111-mRNA-1 10162686
.34 maker-168550589-augustus-gene-0.111-mRNA-1 10162765
.22 maker-168539524-snap-gene-0.12-mRNA-1 10024963
.18 maker-168539524-snap-gene-0.12-mRNA-1 5424520
.31 maker-168538319-snap-gene-0.83-mRNA-1 3986115
.67 maker-168538319-snap-gene-0.83-mRNA-1 10162664
.16 maker-168537694-augustus-gene-0.48-mRNA-1 10045912
.32 maker-168537694-augustus-gene-0.48-mRNA-1 2269982
.42 maker-168533561-snap-gene-0.36-mRNA-1 10162710
.14 maker-168533561-snap-gene-0.36-mRNA-1 3218081
.99 maker-168533242-augustus-gene-0.10-mRNA-1 10162821
.44 maker-168531066-snap-gene-0.31-mRNA-1 10162692
.15 maker-168531066-snap-gene-0.31-mRNA-1 2417258
.11 maker-168531066-snap-gene-0.31-mRNA-1 5038047
.88 maker-168529816-snap-gene-0.17-mRNA-1 10162804
.56 maker-168528959-augustus-gene-0.21-mRNA-1 10162774
.18 maker-168528959-augustus-gene-0.21-mRNA-1 10025574
.44 maker-168526528-augustus-gene-0.45-mRNA-1 10162674
.35 maker-168526528-augustus-gene-0.45-mRNA-1 10023270
.77 maker-168516704-snap-gene-0.58-mRNA-1 10162763
.13 maker-168516704-snap-gene-0.58-mRNA-1 8577863
.25 maker-168513142-snap-gene-0.15-mRNA-1 10038133
.14 maker-168513142-snap-gene-0.15-mRNA-1 548092
.12 maker-168513142-snap-gene-0.15-mRNA-1 3647058
.30 maker-168512661-snap-gene-0.72-mRNA-1 10162705
.15 maker-168512661-snap-gene-0.72-mRNA-1 2403615
.25 maker-168511479-augustus-gene-0.38-mRNA-1 10162822
.73 maker-168511479-augustus-gene-0.38-mRNA-1 10162822
.29 maker-168504354-snap-gene-0.73-mRNA-2 10162684
.07 maker-168504354-snap-gene-0.73-mRNA-2 3153789
.05 maker-168504354-snap-gene-0.73-mRNA-2 10023060
.02 maker-168504354-snap-gene-0.73-mRNA-2 3153791
.78 maker-168501272-snap-gene-0.39-mRNA-1 10162800
.08 maker-168501272-snap-gene-0.39-mRNA-1 5230353
.48 maker-168496771-snap-gene-0.19-mRNA-1 10162793
.65 maker-168486030-augustus-gene-0.100-mRNA-1 10024306
.23 maker-168486030-augustus-gene-0.100-mRNA-1 2304190
.73 maker-168458557-augustus-gene-0.54-mRNA-1 10023562
.22 maker-168458557-augustus-gene-0.54-mRNA-1 10048881
.66 maker-168453979-snap-gene-0.24-mRNA-1 10022467
.23 maker-168453979-snap-gene-0.24-mRNA-1 10033080
.47 maker-168446045-augustus-gene-0.67-mRNA-1 10028679
.31 maker-168446045-augustus-gene-0.67-mRNA-1 10162773
.83 maker-168443751-snap-gene-0.68-mRNA-1 10025190
.89 maker-168435126-augustus-gene-0.70-mRNA-1 10022886
.03 maker-168435126-augustus-gene-0.70-mRNA-1 9487743
.89 maker-168431040-snap-gene-1.123-mRNA-1 10162688
.04 maker-168431040-snap-gene-1.123-mRNA-1 1915178
.04 maker-168431040-snap-gene-1.123-mRNA-1 1802542
.04 maker-168431040-snap-gene-1.123-mRNA-1 3055558
.27 maker-168413301-augustus-gene-0.50-mRNA-1 1425898
.24 maker-168413301-augustus-gene-0.50-mRNA-1 6973280
.51 maker-168402968-augustus-gene-0.11-mRNA-1 10022309
.22 maker-168402968-augustus-gene-0.11-mRNA-1 1983023
.60 maker-168395551-snap-gene-0.45-mRNA-2 10162747
.18 maker-168395551-snap-gene-0.45-mRNA-2 10028047
.44 maker-168390186-snap-gene-0.37-mRNA-1 10044165
.55 maker-168390186-snap-gene-0.37-mRNA-1 10162818
.38 maker-168389011-snap-gene-0.41-mRNA-1 10162735
.02 maker-168389011-snap-gene-0.41-mRNA-1 10027021
.34 maker-168385389-augustus-gene-0.13-mRNA-1 10162766
.08 maker-168385389-augustus-gene-0.13-mRNA-1 1289775
.24 maker-168376667-snap-gene-0.28-mRNA-1 10162799
.50 maker-168371378-augustus-gene-0.51-mRNA-1 10031249
.36 maker-168371378-augustus-gene-0.51-mRNA-1 2184168
.71 maker-168369745-augustus-gene-0.103-mRNA-1 10023782
.05 maker-168369745-augustus-gene-0.103-mRNA-1 8532323
.50 maker-168366183-augustus-gene-0.8-mRNA-1 3671975
.48 maker-168366183-augustus-gene-0.8-mRNA-1 6089423
.14 maker-168363450-augustus-gene-0.79-mRNA-1 2849073
.19 maker-168363450-augustus-gene-0.79-mRNA-1 397025
.22 maker-168351830-snap-gene-0.23-mRNA-1 3108265
.59 maker-168351830-snap-gene-0.23-mRNA-1 10022083
.36 maker-168350183-snap-gene-0.22-mRNA-1 10025043
.43 maker-168350183-snap-gene-0.22-mRNA-1 10027146
.02 maker-168346325-snap-gene-0.11-mRNA-1 10049960
.27 maker-168346325-snap-gene-0.11-mRNA-1 10039319
.27 maker-168294002-augustus-gene-0.10-mRNA-1 10162647
.27 maker-168280945-snap-gene-0.63-mRNA-1 10032161
.26 maker-168280945-snap-gene-0.63-mRNA-1 1992853
.60 maker-168266138-augustus-gene-0.22-mRNA-1 10162810
.09 maker-168266138-augustus-gene-0.22-mRNA-1 10162810
.24 maker-168264924-augustus-gene-2.60-mRNA-1 4294291
.64 maker-168264924-augustus-gene-2.60-mRNA-1 10023543
.71 maker-168261152-snap-gene-0.94-mRNA-1 10162639
.09 maker-168261152-snap-gene-0.94-mRNA-1 4375865
.34 maker-168256031-augustus-gene-0.9-mRNA-1 10020888
.13 maker-168256031-augustus-gene-0.9-mRNA-1 3117639
.72 maker-168251063-augustus-gene-1.60-mRNA-3 10162813
.10 maker-168251063-augustus-gene-1.60-mRNA-3 10022911
.88 maker-168248846-snap-gene-0.11-mRNA-1 10162649
.12 maker-168246658-augustus-gene-0.71-mRNA-1 2136487
.86 maker-168246658-augustus-gene-0.71-mRNA-1 10162755
.48 maker-168241522-snap-gene-0.34-mRNA-1 10162753
.40 maker-168241522-snap-gene-0.34-mRNA-1 10029191
.67 maker-168239665-augustus-gene-0.26-mRNA-1 10034215
.27 maker-168239665-augustus-gene-0.26-mRNA-1 10027291
.09 maker-168239665-augustus-gene-0.26-mRNA-1 3373602
.96 maker-168236113-augustus-gene-0.98-mRNA-3 10162803
.03 maker-168236113-augustus-gene-0.98-mRNA-3 10021945
.34 maker-168233618-augustus-gene-0.42-mRNA-1 10047160
.35 maker-168233618-augustus-gene-0.42-mRNA-1 10041507
.23 maker-168225429-augustus-gene-0.25-mRNA-1 1161438
.18 maker-168225429-augustus-gene-0.25-mRNA-1 10023654
.54 maker-168225046-augustus-gene-0.14-mRNA-1 74797
.23 maker-168225046-augustus-gene-0.14-mRNA-1 1069041
.69 maker-168223701-augustus-gene-0.5-mRNA-1 2055271
.11 maker-168223701-augustus-gene-0.5-mRNA-1 4831600
.69 maker-168223109-snap-gene-0.12-mRNA-1 10162762
.12 maker-168223109-snap-gene-0.12-mRNA-1 8158934
.23 maker-168221362-snap-gene-0.7-mRNA-1 10036384
.27 maker-168221362-snap-gene-0.7-mRNA-1 3038430
.28 maker-168213272-augustus-gene-0.49-mRNA-1 10162772
.81 maker-168209730-snap-gene-0.38-mRNA-1 10162792
.06 maker-168209730-snap-gene-0.38-mRNA-1 10021671
.29 maker-168193831-augustus-gene-0.73-mRNA-1 3342923
.70 maker-168193831-augustus-gene-0.73-mRNA-1 10040197
.64 maker-168191671-snap-gene-0.57-mRNA-1 10024666
.16 maker-168191671-snap-gene-0.57-mRNA-1 10020958
.22 maker-168191426-augustus-gene-0.29-mRNA-3 10049894
.71 maker-168191426-augustus-gene-0.29-mRNA-3 10162679
.65 maker-168191264-augustus-gene-0.49-mRNA-4 10162669
.12 maker-168191264-augustus-gene-0.49-mRNA-4 5285384
.66 maker-168191264-augustus-gene-0.49-mRNA-2 10162669
.11 maker-168191264-augustus-gene-0.49-mRNA-2 5285384
.08 maker-168190750-augustus-gene-0.80-mRNA-1 10024106
.01 maker-168190750-augustus-gene-0.80-mRNA-1 10028215
0 maker-168190750-augustus-gene-0.80-mRNA-1 10028215
.02 maker-168190750-augustus-gene-0.80-mRNA-1 10028215
.21 maker-168190670-snap-gene-0.77-mRNA-4 2827042
.53 maker-168190670-snap-gene-0.77-mRNA-4 10033746
.84 maker-168190124-augustus-gene-0.85-mRNA-1 10021210
.10 maker-168190112-snap-gene-0.52-mRNA-1 1396309
.88 maker-168190112-snap-gene-0.52-mRNA-1 10162691
.62 maker-168190028-augustus-gene-0.98-mRNA-1 10162819
.10 maker-168190028-augustus-gene-0.98-mRNA-1 10162819
.75 maker-168190001-snap-gene-0.16-mRNA-1 10021353
.40 maker-168189998-augustus-gene-0.45-mRNA-1 10028985
.17 maker-168189998-augustus-gene-0.45-mRNA-1 4509346
.84 maker-168189431-snap-gene-0.41-mRNA-1 10162814
.11 maker-168189431-snap-gene-0.41-mRNA-1 10031581
.69 maker-168188982-snap-gene-0.116-mRNA-1 10162704
.11 maker-168188982-snap-gene-0.116-mRNA-1 4940195
.41 maker-168186996-snap-gene-0.16-mRNA-1 10022641
.07 maker-168186996-snap-gene-0.16-mRNA-1 3537720
.38 maker-168185639-augustus-gene-0.75-mRNA-1 10162717
.19 maker-168185639-augustus-gene-0.75-mRNA-1 10037720
.67 maker-168185386-augustus-gene-0.17-mRNA-1 10162667
.33 maker-168183464-snap-gene-0.7-mRNA-1 10039937
.17 maker-168183464-snap-gene-0.7-mRNA-1 3061326
.14 maker-168183464-snap-gene-0.7-mRNA-1 10162729
.93 maker-168138669-snap-gene-0.12-mRNA-1 10162730
.01 maker-168138669-snap-gene-0.12-mRNA-1 7287246
.25 maker-168107329-snap-gene-0.21-mRNA-1 10039211
.65 maker-168101071-snap-gene-0.14-mRNA-1 10162676
.30 maker-168093928-augustus-gene-0.5-mRNA-1 10031660
.19 maker-168093928-augustus-gene-0.5-mRNA-1 10034422
.06 maker-168093928-augustus-gene-0.5-mRNA-1 10031684
.24 maker-167990574-augustus-gene-0.8-mRNA-1 10025372
.66 maker-167990574-augustus-gene-0.8-mRNA-1 10034221
.44 maker-167975569-snap-gene-0.51-mRNA-1 2804112
.55 maker-167975569-snap-gene-0.51-mRNA-1 242243
.77 maker-167924612-snap-gene-0.22-mRNA-1 10036717
.75 maker-167912502-augustus-gene-0.18-mRNA-1 10162659
.09 maker-167912502-augustus-gene-0.18-mRNA-1 10030723
.32 maker-167887446-augustus-gene-0.6-mRNA-1 10031688
.28 maker-167887446-augustus-gene-0.6-mRNA-1 10021609
.24 maker-167887446-augustus-gene-0.6-mRNA-1 10038926
.22 maker-167884664-augustus-gene-0.6-mRNA-1 10085685
.18 maker-167884664-augustus-gene-0.6-mRNA-1 1165415
.19 maker-167869083-augustus-gene-0.15-mRNA-1 10034682
.43 maker-167869083-augustus-gene-0.15-mRNA-1 10022939
.74 maker-167825238-augustus-gene-0.85-mRNA-2 10162725
.29 maker-167818485-augustus-gene-0.16-mRNA-1 10162739
.13 maker-167818485-augustus-gene-0.16-mRNA-1 10023847
.87 maker-167814911-augustus-gene-0.27-mRNA-1 10162761
.10 maker-167814911-augustus-gene-0.27-mRNA-1 10037734
.23 maker-167812013-augustus-gene-0.8-mRNA-1 10039365
.80 maker-167807726-augustus-gene-0.7-mRNA-1 10162694
.83 maker-167237107-augustus-gene-0.3-mRNA-1 10162652
.11 maker-167237107-augustus-gene-0.3-mRNA-1 5249130
.07 maker-167077547-augustus-gene-0.5-mRNA-1 7615443
.86 maker-167077547-augustus-gene-0.5-mRNA-1 10162816
.27 maker-166877798-augustus-gene-0.4-mRNA-1 10026272
.21 maker-166877798-augustus-gene-0.4-mRNA-1 2563517
.20 maker-166673152-augustus-gene-0.3-mRNA-1 10026248
.12 maker-166673152-augustus-gene-0.3-mRNA-1 5163140
.47 maker-166585600-snap-gene-0.8-mRNA-1 10022660
.80 maker-166388279-augustus-gene-0.4-mRNA-1 10162745
.17 maker-166388279-augustus-gene-0.4-mRNA-1 1797872
.35 maker-166124770-snap-gene-0.6-mRNA-1 10026568
.28 maker-166124770-snap-gene-0.6-mRNA-1 1496182
.62 maker-164217084-snap-gene-0.4-mRNA-1 10036602
.17 maker-164217084-snap-gene-0.4-mRNA-1 10038084
.31 maker-162631872-augustus-gene-0.4-mRNA-1 1881649
.48 maker-162631872-augustus-gene-0.4-mRNA-1 10028090
.39 maker-162098822-augustus-gene-0.4-mRNA-1 10057993
.18 maker-162098822-augustus-gene-0.4-mRNA-1 2438117
.34 GQ04113_L14.1_clone=GQ04113_L14_cluster=GQ04113_L14_status=complete_gb=BT119988 10025415
.44 GQ04113_L14.1_clone=GQ04113_L14_cluster=GQ04113_L14_status=complete_gb=BT119988 10162662
.48 GQ04113_I01.3_clone=GQ04113_I01_cluster=GQ04113_I01_status=complete_gb=BT119975 10063279
.53 GQ04112_F22.1_clone=GQ04112_F22_cluster=GQ04112_F22_status=complete_gb=BT119916 2332540
.25 GQ04112_F22.1_clone=GQ04112_F22_cluster=GQ04112_F22_status=complete_gb=BT119916 10065506
.58 GQ04112_C19.2_clone=GQ04112_C19_cluster=GQ04112_C19_status=complete_gb=BT119905 10162788
.40 GQ04112_C19.2_clone=GQ04112_C19_cluster=GQ04112_C19_status=complete_gb=BT119905 10088551
.31 GQ04111_F17.1_clone=GQ04111_F17_cluster=GQ04111_F17_status=complete_gb=BT119864 10025343
.14 GQ04111_F17.1_clone=GQ04111_F17_cluster=GQ04111_F17_status=complete_gb=BT119864 10133440
.57 GQ04110_H21.1_clone=GQ04110_H21_cluster=GQ04110_H21_status=complete_gb=BT119816 10025177
.32 GQ04110_H21.1_clone=GQ04110_H21_cluster=GQ04110_H21_status=complete_gb=BT119816 10026192
.17 GQ04110_F16.1_clone=GQ04110_F16_cluster=GQ04110_F16_status=complete_gb=BT119810 2373138
.76 GQ04110_F16.1_clone=GQ04110_F16_cluster=GQ04110_F16_status=complete_gb=BT119810 10162732
.27 GQ04110_C13.1_clone=GQ04110_C13_cluster=GQ04110_C13_status=complete_gb=BT119794 10023284
.71 GQ04110_C13.1_clone=GQ04110_C13_cluster=GQ04110_C13_status=complete_gb=BT119794 10029359
.43 GQ04109_K22.4_clone=GQ04109_K22_cluster=GQ04109_K22_status=complete_gb=BT119755 10162736
.09 GQ04109_K22.4_clone=GQ04109_K22_cluster=GQ04109_K22_status=complete_gb=BT119755 3319963
.64 GQ04109_H04.2_clone=GQ04109_H04_cluster=GQ04109_H04_status=complete_gb=BT119739 10028469
.20 GQ04109_E07.2_clone=GQ04109_E07_cluster=GQ04109_E07_status=complete_gb=BT119722 3899050
.21 GQ04109_E07.2_clone=GQ04109_E07_cluster=GQ04109_E07_status=complete_gb=BT119722 2619091
.24 GQ04109_E03.1_clone=GQ04109_E03_cluster=GQ04109_E03_status=complete_gb=BT119721 2868863
.26 GQ04109_E03.1_clone=GQ04109_E03_cluster=GQ04109_E03_status=complete_gb=BT119721 10044944
.23 GQ04109_E03.1_clone=GQ04109_E03_cluster=GQ04109_E03_status=complete_gb=BT119721 10034133
.16 GQ04109_E03.1_clone=GQ04109_E03_cluster=GQ04109_E03_status=complete_gb=BT119721 4737702
.12 GQ04109_E03.1_clone=GQ04109_E03_cluster=GQ04109_E03_status=complete_gb=BT119721 3318089
.31 GQ04107_N17.3_clone=GQ04107_N17_cluster=GQ04107_N17_status=complete_gb=BT119619 1127625
.28 GQ04107_N17.3_clone=GQ04107_N17_cluster=GQ04107_N17_status=complete_gb=BT119619 10033334
.42 GQ04107_L23.1_clone=GQ04107_L23_cluster=GQ04107_L23_status=complete_gb=BT119608 10162746
.22 GQ04107_L23.1_clone=GQ04107_L23_cluster=GQ04107_L23_status=complete_gb=BT119608 6130707
.73 GQ04107_I03.1_clone=GQ04107_I03_cluster=GQ04107_I03_status=complete_gb=BT119583 10162683
.25 GQ04107_I03.1_clone=GQ04107_I03_cluster=GQ04107_I03_status=complete_gb=BT119583 10162683
.37 GQ04107_H14.1_clone=GQ04107_H14_cluster=GQ04107_H14_status=complete_gb=BT119582 10028516
.53 GQ04107_H14.1_clone=GQ04107_H14_cluster=GQ04107_H14_status=complete_gb=BT119582 1756219
.58 GQ04107_A09.1_clone=GQ04107_A09_cluster=GQ04107_A09_status=complete_gb=BT119550 10162808
.36 GQ04107_A09.1_clone=GQ04107_A09_cluster=GQ04107_A09_status=complete_gb=BT119550 4687909
.99 GQ04106_M11.1_clone=GQ04106_M11_cluster=GQ04106_M11_status=complete_gb=BT119531 10162807
.44 GQ04106_L12.1_clone=GQ04106_L12_cluster=GQ04106_L12_status=complete_gb=BT119526 2992633
.22 GQ04106_L12.1_clone=GQ04106_L12_cluster=GQ04106_L12_status=complete_gb=BT119526 1497923
.35 GQ04105_J04.1_clone=GQ04105_J04_cluster=GQ04105_J04_status=complete_gb=BT119430 10162687
.20 GQ04105_J04.1_clone=GQ04105_J04_cluster=GQ04105_J04_status=complete_gb=BT119430 10037983
.51 GQ04104_N16.1_clone=GQ04104_N16_cluster=GQ04104_N16_status=complete_gb=BT119377 10162783
.23 GQ04104_N16.1_clone=GQ04104_N16_cluster=GQ04104_N16_status=complete_gb=BT119377 513478
.16 GQ04104_N16.1_clone=GQ04104_N16_cluster=GQ04104_N16_status=complete_gb=BT119377 10042463
.39 GQ04104_L06.1_clone=GQ04104_L06_cluster=GQ04104_L06_status=complete_gb=BT119361 2725609
.34 GQ04104_L06.1_clone=GQ04104_L06_cluster=GQ04104_L06_status=complete_gb=BT119361 10032576
.17 GQ04104_L06.1_clone=GQ04104_L06_cluster=GQ04104_L06_status=complete_gb=BT119361 10034999
.77 GQ04103_M18.1_clone=GQ04103_M18_cluster=GQ04103_M18_status=complete_gb=BT119291 10162764
.10 GQ04103_M18.1_clone=GQ04103_M18_cluster=GQ04103_M18_status=complete_gb=BT119291 3810360
.09 GQ04103_M18.1_clone=GQ04103_M18_cluster=GQ04103_M18_status=complete_gb=BT119291 10044801
.44 GQ04103_F01.1_clone=GQ04103_F01_cluster=GQ04103_F01_status=complete_gb=BT119267 2830600
.35 GQ04103_F01.1_clone=GQ04103_F01_cluster=GQ04103_F01_status=complete_gb=BT119267 6218018
.68 GQ04103_E05.1_clone=GQ04103_E05_cluster=GQ04103_E05_status=complete_gb=BT119261 10162716
.24 GQ04103_E05.1_clone=GQ04103_E05_cluster=GQ04103_E05_status=complete_gb=BT119261 10021332
.75 GQ04103_C10.1_clone=GQ04103_C10_cluster=GQ04103_C10_status=complete_gb=BT119246 10162646
.22 GQ04102_O05.1_clone=GQ04102_O05_cluster=GQ04102_O05_status=complete_gb=BT119234 10025752
.14 GQ04102_O05.1_clone=GQ04102_O05_cluster=GQ04102_O05_status=complete_gb=BT119234 10162695
.64 GQ04102_N06.1_clone=GQ04102_N06_cluster=GQ04102_N06_status=complete_gb=BT119226 10022667
.19 GQ04102_N06.1_clone=GQ04102_N06_cluster=GQ04102_N06_status=complete_gb=BT119226 10038088
.30 GQ04102_G23.1_clone=GQ04102_G23_cluster=GQ04102_G23_status=complete_gb=BT119184 1844251
.36 GQ04102_G23.1_clone=GQ04102_G23_cluster=GQ04102_G23_status=complete_gb=BT119184 10034335
.19 GQ04102_D18.1_clone=GQ04102_D18_cluster=GQ04102_D18_status=complete_gb=BT119169 10021659
.80 GQ04102_D18.1_clone=GQ04102_D18_cluster=GQ04102_D18_status=complete_gb=BT119169 10162791
.96 GQ04102_C22.1_clone=GQ04102_C22_cluster=GQ04102_C22_status=complete_gb=BT119164 10162744
.28 GQ04101_P12.1_clone=GQ04101_P12_cluster=GQ04101_P12_status=complete_gb=BT119149 10162689
.46 GQ04013_O17.2_clone=GQ04013_O17_cluster=GQ04013_O17_status=complete_gb=BT119059 10162707
.17 GQ04013_O17.2_clone=GQ04013_O17_cluster=GQ04013_O17_status=complete_gb=BT119059 10024940
.40 GQ04013_O10.1_clone=GQ04013_O10_cluster=GQ04013_O10_status=complete_gb=BT119056 1874459
.29 GQ04013_O10.1_clone=GQ04013_O10_cluster=GQ04013_O10_status=complete_gb=BT119056 2560160
.14 GQ04013_O10.1_clone=GQ04013_O10_cluster=GQ04013_O10_status=complete_gb=BT119056 3492775
.75 GQ04013_M08.1_clone=GQ04013_M08_cluster=GQ04013_M08_status=complete_gb=BT119046 10162781
.14 GQ04013_E17.1_clone=GQ04013_E17_cluster=GQ04013_E17_status=complete_gb=BT119008 6052736
.51 GQ04013_E17.1_clone=GQ04013_E17_cluster=GQ04013_E17_status=complete_gb=BT119008 3564426
.84 GQ04013_C19.1_clone=GQ04013_C19_cluster=GQ04013_C19_status=complete_gb=BT118998 538333
.10 GQ04013_C19.1_clone=GQ04013_C19_cluster=GQ04013_C19_status=complete_gb=BT118998 2351747
.23 GQ04012_L01.2_clone=GQ04012_L01_cluster=GQ04012_L01_status=5 10025822
.48 GQ04012_L01.2_clone=GQ04012_L01_cluster=GQ04012_L01_status=5 10021969
.20 GQ04012_D01.1_clone=GQ04012_D01_cluster=GQ04012_D01_status=complete_gb=BT118944 10028543
.62 GQ04012_B21.4_clone=GQ04012_B21_cluster=GQ04012_B21_status=complete_gb=BT118938 10162702
.69 GQ04011_K07.1_clone=GQ04011_K07_cluster=GQ04011_K07_status=complete_gb=BT118899 10022783
.23 GQ04011_K07.1_clone=GQ04011_K07_cluster=GQ04011_K07_status=complete_gb=BT118899 10029321
.37 GQ04011_G12.1_clone=GQ04011_G12_cluster=GQ04011_G12_status=complete_gb=BT118878 10031240
.43 GQ04011_G12.1_clone=GQ04011_G12_cluster=GQ04011_G12_status=complete_gb=BT118878 10028196
.31 GQ04011_A09.1_clone=GQ04011_A09_cluster=GQ04011_A09_status=complete_gb=BT118854 10040742
.31 GQ04011_A09.1_clone=GQ04011_A09_cluster=GQ04011_A09_status=complete_gb=BT118854 10140551
.54 GQ04010_I15.1_clone=GQ04010_I15_cluster=GQ04010_I15_status=complete_gb=BT118812 10023133
.12 GQ04010_I15.1_clone=GQ04010_I15_cluster=GQ04010_I15_status=complete_gb=BT118812 10038177
.29 GQ04010_F24.1_clone=GQ04010_F24_cluster=GQ04010_F24_status=complete_gb=BT118799 10024340
.12 GQ04010_F24.1_clone=GQ04010_F24_cluster=GQ04010_F24_status=complete_gb=BT118799 1601169
.47 GQ04009_P22.1_clone=GQ04009_P22_cluster=GQ04009_P22_status=complete_gb=BT118765 10024278
.14 GQ04009_P22.1_clone=GQ04009_P22_cluster=GQ04009_P22_status=complete_gb=BT118765 3925887
.21 GQ04009_L06.1_clone=GQ04009_L06_cluster=GQ04009_L06_status=complete_gb=BT118733 780482
.23 GQ04009_L06.1_clone=GQ04009_L06_cluster=GQ04009_L06_status=complete_gb=BT118733 10024586
.33 GQ04009_H12.1_clone=GQ04009_H12_cluster=GQ04009_H12_status=complete_gb=BT118713 2428776
.25 GQ04009_H12.1_clone=GQ04009_H12_cluster=GQ04009_H12_status=complete_gb=BT118713 3972909
.56 GQ04009_G11.1_clone=GQ04009_G11_cluster=GQ04009_G11_status=complete_gb=BT118705 10021115
.28 GQ04009_G11.1_clone=GQ04009_G11_cluster=GQ04009_G11_status=complete_gb=BT118705 2637362
.77 GQ04009_F03.1_clone=GQ04009_F03_cluster=GQ04009_F03_status=complete_gb=BT118702 10162805
.22 GQ04009_F03.1_clone=GQ04009_F03_cluster=GQ04009_F03_status=complete_gb=BT118702 1997493
.70 GQ04008_M01.1_clone=GQ04008_M01_cluster=GQ04008_M01_status=complete_gb=BT118663 10162671
.27 GQ04008_M01.1_clone=GQ04008_M01_cluster=GQ04008_M01_status=complete_gb=BT118663 10047111
.20 GQ04008_H22.1_clone=GQ04008_H22_cluster=GQ04008_H22_status=complete_gb=BT118646 3556647
.52 GQ04008_H22.1_clone=GQ04008_H22_cluster=GQ04008_H22_status=complete_gb=BT118646 10162809
.73 GQ04008_C08.1_clone=GQ04008_C08_cluster=GQ04008_C08_status=complete_gb=BT118603 10162733
.21 GQ04008_C08.1_clone=GQ04008_C08_cluster=GQ04008_C08_status=complete_gb=BT118603 3388906
.10 GQ04008_C08.1_clone=GQ04008_C08_cluster=GQ04008_C08_status=complete_gb=BT118603 4069889
.36 GQ04007_P09.1_clone=GQ04007_P09_cluster=GQ04007_P09_status=complete_gb=BT118583 3933492
.25 GQ04007_P09.1_clone=GQ04007_P09_cluster=GQ04007_P09_status=complete_gb=BT118583 6779397
.48 GQ04007_K19.1_clone=GQ04007_K19_cluster=GQ04007_K19_status=complete_gb=BT118557 10162637
.22 GQ04007_K19.1_clone=GQ04007_K19_cluster=GQ04007_K19_status=complete_gb=BT118557 710915
.34 GQ04007_I21.1_clone=GQ04007_I21_cluster=GQ04007_I21_status=complete_gb=BT118544 10021735
.33 GQ04007_I21.1_clone=GQ04007_I21_cluster=GQ04007_I21_status=complete_gb=BT118544 10033416
.25 GQ04007_H08.1_clone=GQ04007_H08_cluster=GQ04007_H08_status=complete_gb=BT118534 1835916
.22 GQ04007_H08.1_clone=GQ04007_H08_cluster=GQ04007_H08_status=complete_gb=BT118534 2331460
.17 GQ04007_G09.1_clone=GQ04007_G09_cluster=GQ04007_G09_status=complete_gb=BT118532 10162643
.12 GQ04007_G09.1_clone=GQ04007_G09_cluster=GQ04007_G09_status=complete_gb=BT118532 3831713
.17 GQ04007_E07.1_clone=GQ04007_E07_cluster=GQ04007_E07_status=complete_gb=BT118521 3133475
.24 GQ04007_E07.1_clone=GQ04007_E07_cluster=GQ04007_E07_status=complete_gb=BT118521 10039819
.23 GQ04007_D17.1_clone=GQ04007_D17_cluster=GQ04007_D17_status=complete_gb=BT118517 10021940
.23 GQ04007_D17.1_clone=GQ04007_D17_cluster=GQ04007_D17_status=complete_gb=BT118517 1545978
.20 GQ04007_D17.1_clone=GQ04007_D17_cluster=GQ04007_D17_status=complete_gb=BT118517 4339063
.18 GQ04007_D17.1_clone=GQ04007_D17_cluster=GQ04007_D17_status=complete_gb=BT118517 2277966
.12 GQ04007_D17.1_clone=GQ04007_D17_cluster=GQ04007_D17_status=complete_gb=BT118517 1113692
.31 GQ04007_D12.2_clone=GQ04007_D12_cluster=GQ04007_D12_status=5 10020901
.13 GQ04007_D12.2_clone=GQ04007_D12_cluster=GQ04007_D12_status=5 91850
.05 GQ04007_D12.2_clone=GQ04007_D12_cluster=GQ04007_D12_status=5 10020902
.05 GQ04007_D12.2_clone=GQ04007_D12_cluster=GQ04007_D12_status=5 4104493
.12 GQ04006_E08.1_clone=GQ04006_E08_cluster=GQ04006_E08_status=complete_gb=BT118427 3039852
.87 GQ04006_E08.1_clone=GQ04006_E08_cluster=GQ04006_E08_status=complete_gb=BT118427 10024627
.22 GQ04006_C06.1_clone=GQ04006_C06_cluster=GQ04006_C06_status=complete_gb=BT118414 10037593
.15 GQ04006_C06.1_clone=GQ04006_C06_cluster=GQ04006_C06_status=complete_gb=BT118414 4125846
.28 GQ04006_A23.1_clone=GQ04006_A23_cluster=GQ04006_A23_status=complete_gb=BT118405 4028037
.36 GQ04006_A23.1_clone=GQ04006_A23_cluster=GQ04006_A23_status=complete_gb=BT118405 3956836
.31 GQ04005_M15.1_clone=GQ04005_M15_cluster=GQ04005_M15_status=complete_gb=BT118382 2946489
.59 GQ04005_M15.1_clone=GQ04005_M15_cluster=GQ04005_M15_status=complete_gb=BT118382 2946489
.77 GQ04005_M11.1_clone=GQ04005_M11_cluster=GQ04005_M11_status=complete_gb=BT118379 10162769
.20 GQ04005_G07.1_clone=GQ04005_G07_cluster=GQ04005_G07_status=complete_gb=BT118348 3284857
.15 GQ04005_G07.1_clone=GQ04005_G07_cluster=GQ04005_G07_status=complete_gb=BT118348 10032996
.56 GQ04005_F23.1_clone=GQ04005_F23_cluster=GQ04005_F23_status=complete_gb=BT118346 10162693
.19 GQ04005_F23.1_clone=GQ04005_F23_cluster=GQ04005_F23_status=complete_gb=BT118346 4166341
.27 GQ04005_B22.1_clone=GQ04005_B22_cluster=GQ04005_B22_status=complete_gb=BT118325 10045239
.62 GQ04005_B22.1_clone=GQ04005_B22_cluster=GQ04005_B22_status=complete_gb=BT118325 10024500
.11 GQ04004_K14.2_clone=GQ04004_K14_cluster=GQ04004_K14_status=complete_gb=BT118283 10027107
.87 GQ04004_K14.2_clone=GQ04004_K14_cluster=GQ04004_K14_status=complete_gb=BT118283 10162754
.10 GQ04003_N07.1_clone=GQ04003_N07_cluster=GQ04003_N07_status=complete_gb=BT118227 7373490
.88 GQ04003_N07.1_clone=GQ04003_N07_cluster=GQ04003_N07_status=complete_gb=BT118227 10162749
.80 GQ04003_K16.1_clone=GQ04003_K16_cluster=GQ04003_K16_status=complete_gb=BT118213 10026982
.15 GQ04003_K16.1_clone=GQ04003_K16_cluster=GQ04003_K16_status=complete_gb=BT118213 4313987
.61 GQ04003_K10.1_clone=GQ04003_K10_cluster=GQ04003_K10_status=complete_gb=BT118210 10023465
.18 GQ04003_K10.1_clone=GQ04003_K10_cluster=GQ04003_K10_status=complete_gb=BT118210 10033972
.48 GQ04003_H03.1_clone=GQ04003_H03_cluster=GQ04003_H03_status=complete_gb=BT118192 3053066
.16 GQ04003_H03.1_clone=GQ04003_H03_cluster=GQ04003_H03_status=complete_gb=BT118192 6966587
.32 GQ04003_G08.1_clone=GQ04003_G08_cluster=GQ04003_G08_status=complete_gb=BT118189 10028027
.22 GQ04003_G08.1_clone=GQ04003_G08_cluster=GQ04003_G08_status=complete_gb=BT118189 10024456
.10 GQ04003_G08.1_clone=GQ04003_G08_cluster=GQ04003_G08_status=complete_gb=BT118189 10024456
.35 GQ04003_E10.1_clone=GQ04003_E10_cluster=GQ04003_E10_status=complete_gb=BT118177 10162765
.24 GQ04003_E10.1_clone=GQ04003_E10_cluster=GQ04003_E10_status=complete_gb=BT118177 10029096
.30 GQ04003_C15.1_clone=GQ04003_C15_cluster=GQ04003_C15_status=complete_gb=BT118165 10052770
.13 GQ04003_C15.1_clone=GQ04003_C15_cluster=GQ04003_C15_status=complete_gb=BT118165 2412735
.13 GQ04003_C15.1_clone=GQ04003_C15_cluster=GQ04003_C15_status=complete_gb=BT118165 2437220
.14 GQ04003_C15.1_clone=GQ04003_C15_cluster=GQ04003_C15_status=complete_gb=BT118165 5256026
.32 GQ04002_K17.4_clone=GQ04002_K17_cluster=GQ04002_K17_status=53 10162658
.10 GQ04002_K17.4_clone=GQ04002_K17_cluster=GQ04002_K17_status=53 10162658
.27 GQ04002_I15.1_clone=GQ04002_I15_cluster=GQ04002_I15_status=complete_gb=BT118113 10023125
.55 GQ04002_I15.1_clone=GQ04002_I15_cluster=GQ04002_I15_status=complete_gb=BT118113 10051471
.43 GQ04002_B09.1_clone=GQ04002_B09_cluster=GQ04002_B09_status=complete_gb=BT118078 10025700
.47 GQ04002_B09.1_clone=GQ04002_B09_cluster=GQ04002_B09_status=complete_gb=BT118078 10029154
.29 GQ03919_J21.2_clone=GQ03919_J21_cluster=GQ03919_J21_status=complete_gb=BT117986 10022768
.58 GQ03919_B21.3_clone=GQ03919_B21_cluster=GQ03919_B21_status=53 10162801
.12 GQ03917_E17.1_clone=GQ03917_E17_cluster=GQ03917_E17_status=complete_gb=BT117922 10026201
.63 GQ03917_E17.1_clone=GQ03917_E17_cluster=GQ03917_E17_status=complete_gb=BT117922 10026202
.23 GQ03915_N06.3_clone=GQ03915_N06_cluster=GQ03915_N06_status=complete_gb=BT117886 10051497
.09 GQ03915_N06.3_clone=GQ03915_N06_cluster=GQ03915_N06_status=complete_gb=BT117886 10057718
.06 GQ03915_N06.3_clone=GQ03915_N06_cluster=GQ03915_N06_status=complete_gb=BT117886 2333387
.50 GQ03914_J23.1_clone=GQ03914_J23_cluster=GQ03914_J23_status=complete_gb=BT117854 3193578
.38 GQ03914_J23.1_clone=GQ03914_J23_cluster=GQ03914_J23_status=complete_gb=BT117854 5767471
.68 GQ03914_A08.2_clone=GQ03914_A08_cluster=GQ03914_A08_status=complete_gb=BT117839 10026665
.19 GQ03912_O06.2_clone=GQ03912_O06_cluster=GQ03912_O06_status=53 10024154
.20 GQ03912_O06.2_clone=GQ03912_O06_cluster=GQ03912_O06_status=53 1404562
.43 GQ03912_N16.1_clone=GQ03912_N16_cluster=GQ03912_N16_status=complete_gb=BT117802 10025951
.36 GQ03909_D05.1_clone=GQ03909_D05_cluster=GQ03909_D05_status=complete_gb=BT117730 10034594
.23 GQ03909_D05.1_clone=GQ03909_D05_cluster=GQ03909_D05_status=complete_gb=BT117730 10021713
.13 GQ03909_D05.1_clone=GQ03909_D05_cluster=GQ03909_D05_status=complete_gb=BT117730 10023140
.53 GQ03906_L22.1_clone=GQ03906_L22_cluster=GQ03906_L22_status=complete_gb=BT117662 10034902
.16 GQ03906_L22.1_clone=GQ03906_L22_cluster=GQ03906_L22_status=complete_gb=BT117662 8027729
.47 GQ03906_B18.2_clone=GQ03906_B18_cluster=GQ03906_B18_status=53 10043421
.27 GQ03906_B18.2_clone=GQ03906_B18_cluster=GQ03906_B18_status=53 10059395
.26 GQ03904_P15.1_clone=GQ03904_P15_cluster=GQ03904_P15_status=complete_gb=BT117611 10025420
.03 GQ03904_P15.1_clone=GQ03904_P15_cluster=GQ03904_P15_status=complete_gb=BT117611 10047127
.65 GQ03903_N01.1_clone=GQ03903_N01_cluster=GQ03903_N01_status=complete_gb=BT117569 10162723
.16 GQ03903_N01.1_clone=GQ03903_N01_cluster=GQ03903_N01_status=complete_gb=BT117569 3529415
.11 GQ03903_N01.1_clone=GQ03903_N01_cluster=GQ03903_N01_status=complete_gb=BT117569 2921267
.12 GQ03903_N01.1_clone=GQ03903_N01_cluster=GQ03903_N01_status=complete_gb=BT117569 5485722
.23 GQ03903_F02.1_clone=GQ03903_F02_cluster=GQ03903_F02_status=5 5188192
.61 GQ03903_F02.1_clone=GQ03903_F02_cluster=GQ03903_F02_status=5 10031961
.26 GQ03903_D23.1_clone=GQ03903_D23_cluster=GQ03903_D23_status=complete_gb=BT117557 8708137
.50 GQ03903_D23.1_clone=GQ03903_D23_cluster=GQ03903_D23_status=complete_gb=BT117557 10032571
.28 GQ03902_N15.1_clone=GQ03902_N15_cluster=GQ03902_N15_status=complete_gb=BT117545 10034424
.16 GQ03902_N15.1_clone=GQ03902_N15_cluster=GQ03902_N15_status=complete_gb=BT117545 10037418
.11 GQ03902_N15.1_clone=GQ03902_N15_cluster=GQ03902_N15_status=complete_gb=BT117545 10037419
.47 GQ03902_F22.1_clone=GQ03902_F22_cluster=GQ03902_F22_status=complete_gb=BT117527 10024656
.22 GQ03902_F22.1_clone=GQ03902_F22_cluster=GQ03902_F22_status=complete_gb=BT117527 1515992
.12 GQ03902_F22.1_clone=GQ03902_F22_cluster=GQ03902_F22_status=complete_gb=BT117527 1830664
.55 GQ03902_A01.2_clone=GQ03902_A01_cluster=GQ03902_A01_status=5 10042801
.24 GQ03902_A01.2_clone=GQ03902_A01_cluster=GQ03902_A01_status=5 3670524
.78 GQ03901_A21.1_clone=GQ03901_A21_cluster=GQ03901_A21_status=complete_gb=BT117465 10028152
.20 GQ03901_A21.1_clone=GQ03901_A21_cluster=GQ03901_A21_status=complete_gb=BT117465 10027923
.27 GQ03819_H18.4_clone=GQ03819_H18_cluster=GQ03819_H18_status=complete_gb=BT117437 1390596
.23 GQ03819_H18.4_clone=GQ03819_H18_cluster=GQ03819_H18_status=complete_gb=BT117437 1390584
.28 GQ03819_G05.2_clone=GQ03819_G05_cluster=GQ03819_G05_status=complete_gb=BT117432 10021602
.23 GQ03819_G05.2_clone=GQ03819_G05_cluster=GQ03819_G05_status=complete_gb=BT117432 10045739
.89 GQ03819_C17.1_clone=GQ03819_C17_cluster=GQ03819_C17_status=complete_gb=BT117417 10162665
.80 GQ03818_O03.1_clone=GQ03818_O03_cluster=GQ03818_O03_status=complete_gb=BT117404 10162724
.16 GQ03818_O03.1_clone=GQ03818_O03_cluster=GQ03818_O03_status=complete_gb=BT117404 2089577
.07 GQ03818_O03.1_clone=GQ03818_O03_cluster=GQ03818_O03_status=complete_gb=BT117404 732703
.07 GQ03818_O03.1_clone=GQ03818_O03_cluster=GQ03818_O03_status=complete_gb=BT117404 1287034
.25 GQ03817_N22.2_clone=GQ03817_N22_cluster=GQ03817_N22_status=complete_gb=BT117363 10029149
.24 GQ03817_N22.2_clone=GQ03817_N22_cluster=GQ03817_N22_status=complete_gb=BT117363 10029605
.36 GQ03817_M23.1_clone=GQ03817_M23_cluster=GQ03817_M23_status=complete_gb=BT117359 10029783
.32 GQ03817_M23.1_clone=GQ03817_M23_cluster=GQ03817_M23_status=complete_gb=BT117359 10162757
.22 GQ03817_F02.1_clone=GQ03817_F02_cluster=GQ03817_F02_status=complete_gb=BT117332 5927945
.56 GQ03817_F02.1_clone=GQ03817_F02_cluster=GQ03817_F02_status=complete_gb=BT117332 2990899
.28 GQ03817_C02.1_clone=GQ03817_C02_cluster=GQ03817_C02_status=complete_gb=BT117319 10032181
.25 GQ03817_C02.1_clone=GQ03817_C02_cluster=GQ03817_C02_status=complete_gb=BT117319 10029785
.10 GQ03817_C02.1_clone=GQ03817_C02_cluster=GQ03817_C02_status=complete_gb=BT117319 1823947
.11 GQ03817_C02.1_clone=GQ03817_C02_cluster=GQ03817_C02_status=complete_gb=BT117319 3838373
.59 GQ03817_A10.1_clone=GQ03817_A10_cluster=GQ03817_A10_status=complete_gb=BT117313 10162638
.25 GQ03817_A10.1_clone=GQ03817_A10_cluster=GQ03817_A10_status=complete_gb=BT117313 10082934
.48 GQ03816_N20.1_clone=GQ03816_N20_cluster=GQ03816_N20_status=complete_gb=BT117308 10025428
.51 GQ03816_N20.1_clone=GQ03816_N20_cluster=GQ03816_N20_status=complete_gb=BT117308 10036640
.80 GQ03816_M12.1_clone=GQ03816_M12_cluster=GQ03816_M12_status=complete_gb=BT117300 10041380
.10 GQ03816_M12.1_clone=GQ03816_M12_cluster=GQ03816_M12_status=complete_gb=BT117300 7594859
.43 GQ03816_J07.1_clone=GQ03816_J07_cluster=GQ03816_J07_status=complete_gb=BT117293 10162673
.57 GQ03816_G05.1_clone=GQ03816_G05_cluster=GQ03816_G05_status=complete_gb=BT117276 2049814
.30 GQ03816_G05.1_clone=GQ03816_G05_cluster=GQ03816_G05_status=complete_gb=BT117276 2037864
.32 GQ03816_E18.1_clone=GQ03816_E18_cluster=GQ03816_E18_status=complete_gb=BT117269 10029661
.22 GQ03816_E18.1_clone=GQ03816_E18_cluster=GQ03816_E18_status=complete_gb=BT117269 10162714
.98 GQ03815_K06.1_clone=GQ03815_K06_cluster=GQ03815_K06_status=complete_gb=BT117238 10162798
.20 GQ03815_I03.2_clone=GQ03815_I03_cluster=GQ03815_I03_status=5 1672006
.33 GQ03814_P16.1_clone=GQ03814_P16_cluster=GQ03814_P16_status=complete_gb=BT117207 10162802
.18 GQ03814_P16.1_clone=GQ03814_P16_cluster=GQ03814_P16_status=complete_gb=BT117207 10162802
.40 GQ03814_M09.2_clone=GQ03814_M09_cluster=GQ03814_M09_status=53 10042745
.22 GQ03814_M09.2_clone=GQ03814_M09_cluster=GQ03814_M09_status=53 10025858
.52 GQ03813_P07.1_clone=GQ03813_P07_cluster=GQ03813_P07_status=complete_gb=BT117159 10042347
.47 GQ03813_P07.1_clone=GQ03813_P07_cluster=GQ03813_P07_status=complete_gb=BT117159 10107972
.40 GQ03813_M16.1_clone=GQ03813_M16_cluster=GQ03813_M16_status=complete_gb=BT117150 10035052
.29 GQ03813_M16.1_clone=GQ03813_M16_cluster=GQ03813_M16_status=complete_gb=BT117150 10026794
.90 GQ03813_M10.1_clone=GQ03813_M10_cluster=GQ03813_M10_status=complete_gb=BT117148 10162806
.85 GQ03811_E01.1_clone=GQ03811_E01_cluster=GQ03811_E01_status=complete_gb=BT117023 10162711
.06 GQ03811_E01.1_clone=GQ03811_E01_cluster=GQ03811_E01_status=complete_gb=BT117023 4790097
.54 GQ03811_A07.1_clone=GQ03811_A07_cluster=GQ03811_A07_status=complete_gb=BT117006 10162767
.44 GQ03811_A07.1_clone=GQ03811_A07_cluster=GQ03811_A07_status=complete_gb=BT117006 10026289
.88 GQ03810_M05.1_clone=GQ03810_M05_cluster=GQ03810_M05_status=complete_gb=BT116985 10162782
.08 GQ03810_M05.1_clone=GQ03810_M05_cluster=GQ03810_M05_status=complete_gb=BT116985 1903178
.05 GQ03810_M05.1_clone=GQ03810_M05_cluster=GQ03810_M05_status=complete_gb=BT116985 4841124
.67 GQ03810_K02.1_clone=GQ03810_K02_cluster=GQ03810_K02_status=complete_gb=BT116975 10162787
.17 GQ03810_K02.1_clone=GQ03810_K02_cluster=GQ03810_K02_status=complete_gb=BT116975 10037281
.72 GQ03809_G05.1_clone=GQ03809_G05_cluster=GQ03809_G05_status=complete_gb=BT116918 10162794
.08 GQ03809_G05.1_clone=GQ03809_G05_cluster=GQ03809_G05_status=complete_gb=BT116918 4910120
.29 GQ03809_E07.1_clone=GQ03809_E07_cluster=GQ03809_E07_status=complete_gb=BT116913 2488556
.25 GQ03809_E07.1_clone=GQ03809_E07_cluster=GQ03809_E07_status=complete_gb=BT116913 10024881
.41 GQ03808_G18.1_clone=GQ03808_G18_cluster=GQ03808_G18_status=complete_gb=BT116872 10030598
.51 GQ03808_E05.1_clone=GQ03808_E05_cluster=GQ03808_E05_status=complete_gb=BT116863 10023680
.21 GQ03808_E05.1_clone=GQ03808_E05_cluster=GQ03808_E05_status=complete_gb=BT116863 4510030
.32 GQ03808_D10.1_clone=GQ03808_D10_cluster=GQ03808_D10_status=complete_gb=BT116860 10033222
.22 GQ03808_D10.1_clone=GQ03808_D10_cluster=GQ03808_D10_status=complete_gb=BT116860 10053870
.58 GQ03806_P06.1_clone=GQ03806_P06_cluster=GQ03806_P06_status=complete_gb=BT116797 10162820
.21 GQ03806_P06.1_clone=GQ03806_P06_cluster=GQ03806_P06_status=complete_gb=BT116797 10162820
.29 GQ03806_O16.2_clone=GQ03806_O16_cluster=GQ03806_O16_status=5 10022737
.66 GQ03806_O16.2_clone=GQ03806_O16_cluster=GQ03806_O16_status=5 10162815
.33 GQ03806_G13.1_clone=GQ03806_G13_cluster=GQ03806_G13_status=complete_gb=BT116772 10048254
.33 GQ03806_G13.1_clone=GQ03806_G13_cluster=GQ03806_G13_status=complete_gb=BT116772 2645278
.35 GQ03806_F12.1_clone=GQ03806_F12_cluster=GQ03806_F12_status=complete_gb=BT116766 10029830
.39 GQ03806_F12.1_clone=GQ03806_F12_cluster=GQ03806_F12_status=complete_gb=BT116766 10036696
.25 GQ03805_P01.2_clone=GQ03805_P01_cluster=GQ03805_P01_status=complete_gb=BT116747 10022481
.23 GQ03805_P01.2_clone=GQ03805_P01_cluster=GQ03805_P01_status=complete_gb=BT116747 10032989
.27 GQ03805_C07.1_clone=GQ03805_C07_cluster=GQ03805_C07_status=complete_gb=BT116706 10162680
.19 GQ03805_C07.1_clone=GQ03805_C07_cluster=GQ03805_C07_status=complete_gb=BT116706 4345593
.30 GQ03805_C02.1_clone=GQ03805_C02_cluster=GQ03805_C02_status=complete_gb=BT116705 1173664
.14 GQ03805_C02.1_clone=GQ03805_C02_cluster=GQ03805_C02_status=complete_gb=BT116705 2842206
.35 GQ03804_I11.1_clone=GQ03804_I11_cluster=GQ03804_I11_status=complete_gb=BT116685 10025320
.18 GQ03804_I11.1_clone=GQ03804_I11_cluster=GQ03804_I11_status=complete_gb=BT116685 2603257
.42 GQ03804_C09.2_clone=GQ03804_C09_cluster=GQ03804_C09_status=complete_gb=BT116662 1733929
.43 GQ03804_C09.2_clone=GQ03804_C09_cluster=GQ03804_C09_status=complete_gb=BT116662 10037728
.27 GQ03804_B12.1_clone=GQ03804_B12_cluster=GQ03804_B12_status=complete_gb=BT116660 10025878
.55 GQ03804_B12.1_clone=GQ03804_B12_cluster=GQ03804_B12_status=complete_gb=BT116660 10162796
.25 GQ03803_M03.1_clone=GQ03803_M03_cluster=GQ03803_M03_status=complete_gb=BT116640 2498183
.54 GQ03803_M03.1_clone=GQ03803_M03_cluster=GQ03803_M03_status=complete_gb=BT116640 10162811
