.91 WS00743_I19.2_clone=WS00743_I19_cluster=WS00743_I19_status=complete 7007163
.40 snap_masked-164508409-processed-gene-0.1-mRNA-1 7010845
.34 snap_masked-164508409-processed-gene-0.1-mRNA-1 1492347
.26 snap_masked-164508409-processed-gene-0.1-mRNA-1 1439251
.26 snap_masked-164508409-processed-gene-0.1-mRNA-1 7019328
.17 snap_masked-164508409-processed-gene-0.1-mRNA-1 4857007
.84 maker-168561571-augustus-gene-0.27-mRNA-1 7127906
.26 maker-168550067-snap-gene-0.25-mRNA-1 7014822
.19 maker-168550067-snap-gene-0.25-mRNA-1 1836990
.30 maker-168546774-snap-gene-0.51-mRNA-2 7127765
.26 maker-168546774-snap-gene-0.51-mRNA-2 1065993
.20 maker-168539019-snap-gene-0.14-mRNA-1 7003949
.11 maker-168539019-snap-gene-0.14-mRNA-1 7013799
.04 maker-168539019-snap-gene-0.14-mRNA-1 7013798
.49 maker-168527887-augustus-gene-1.102-mRNA-1 7127759
.71 maker-168520985-snap-gene-1.62-mRNA-1 7043625
.10 maker-168520985-snap-gene-1.62-mRNA-1 7038405
.68 maker-168325120-augustus-gene-0.91-mRNA-2 7004509
.64 maker-168206297-snap-gene-0.47-mRNA-1 7127961
.20 maker-168206297-snap-gene-0.47-mRNA-1 7023005
.50 maker-168190526-snap-gene-1.103-mRNA-2 7127817
.16 maker-168190526-snap-gene-1.103-mRNA-2 2345820
.62 maker-168186447-augustus-gene-0.43-mRNA-1 7127936
.21 maker-168186447-augustus-gene-0.43-mRNA-1 1255157
.27 maker-168185463-snap-gene-0.44-mRNA-2 7127957
.19 maker-168185463-snap-gene-0.44-mRNA-2 7127957
.18 maker-166645326-snap-gene-0.5-mRNA-1 7127741
.53 maker-166645326-snap-gene-0.5-mRNA-1 2829049
.60 maker-166288602-snap-gene-0.7-mRNA-1 7127790
.14 GQ04108_O21.1_clone=GQ04108_O21_cluster=GQ04108_O21_status=complete_gb=BT119697 1200044
.58 GQ04108_O21.1_clone=GQ04108_O21_cluster=GQ04108_O21_status=complete_gb=BT119697 7127877
.41 GQ04013_P06.1_clone=GQ04013_P06_cluster=GQ04013_P06_status=complete_gb=BT119064 940215
.40 GQ04013_P06.1_clone=GQ04013_P06_cluster=GQ04013_P06_status=complete_gb=BT119064 1413393
.30 GQ04009_O23.1_clone=GQ04009_O23_cluster=GQ04009_O23_status=complete_gb=BT118760 7127893
.17 GQ04009_O23.1_clone=GQ04009_O23_cluster=GQ04009_O23_status=complete_gb=BT118760 1723378
.70 GQ04008_K01.3_clone=GQ04008_K01_cluster=GQ04008_K01_status=complete_gb=BT118654 7127967
.85 GQ04004_J08.1_clone=GQ04004_J08_cluster=GQ04004_J08_status=complete_gb=BT118278 7127973
.33 GQ04004_J06.1_clone=GQ04004_J06_cluster=GQ04004_J06_status=complete_gb=BT118277 7007587
.29 GQ04004_J06.1_clone=GQ04004_J06_cluster=GQ04004_J06_status=complete_gb=BT118277 7127773
.40 GQ04003_N17.1_clone=GQ04003_N17_cluster=GQ04003_N17_status=complete_gb=BT118229 1784361
.31 GQ04003_N17.1_clone=GQ04003_N17_cluster=GQ04003_N17_status=complete_gb=BT118229 7009148
.36 GQ04003_A04.1_clone=GQ04003_A04_cluster=GQ04003_A04_status=complete_gb=BT118151 775378
.18 GQ04003_A04.1_clone=GQ04003_A04_cluster=GQ04003_A04_status=complete_gb=BT118151 7015715
.92 GQ03919_L08.2_clone=GQ03919_L08_cluster=GQ03919_L08_status=complete_gb=BT117987 7127976
.40 GQ03915_K05.2_clone=GQ03915_K05_cluster=GQ03915_K05_status=complete_gb=BT117879 7018772
.16 GQ03915_K05.2_clone=GQ03915_K05_cluster=GQ03915_K05_status=complete_gb=BT117879 1996680
.23 GQ03913_P15.1_clone=GQ03913_P15_cluster=GQ03913_P15_status=complete_gb=BT117838 1823159
.41 GQ03913_P15.1_clone=GQ03913_P15_cluster=GQ03913_P15_status=complete_gb=BT117838 1300378
.11 GQ03911_N11.2_clone=GQ03911_N11_cluster=GQ03911_N11_status=complete_gb=BT117774 2515241
.55 GQ03911_N11.2_clone=GQ03911_N11_cluster=GQ03911_N11_status=complete_gb=BT117774 7127947
.28 GQ03819_M12.1_clone=GQ03819_M12_cluster=GQ03819_M12_status=complete_gb=BT117453 7127903
.16 GQ03819_M12.1_clone=GQ03819_M12_cluster=GQ03819_M12_status=complete_gb=BT117453 1709604
.44 GQ03817_E18.1_clone=GQ03817_E18_cluster=GQ03817_E18_status=complete_gb=BT117331 7127802
.13 GQ03817_E18.1_clone=GQ03817_E18_cluster=GQ03817_E18_status=complete_gb=BT117331 2672192
.21 GQ03811_A02.1_clone=GQ03811_A02_cluster=GQ03811_A02_status=complete_gb=BT117005 7127774
.11 GQ03811_A02.1_clone=GQ03811_A02_cluster=GQ03811_A02_status=complete_gb=BT117005 1311531
.35 GQ03803_L08.2_clone=GQ03803_L08_cluster=GQ03803_L08_status=complete_gb=BT116636 7127933
.25 GQ03803_L08.2_clone=GQ03803_L08_cluster=GQ03803_L08_status=complete_gb=BT116636 7127933
.53 GQ03719_P02.1_clone=GQ03719_P02_cluster=GQ03719_P02_status=complete_gb=BT116506 7127963
.01 GQ03719_P02.1_clone=GQ03719_P02_cluster=GQ03719_P02_status=complete_gb=BT116506 7009916
.77 GQ03713_O19.1_clone=GQ03713_O19_cluster=GQ03713_O19_status=complete_gb=BT116221 7127977
.47 GQ03713_K04.1_clone=GQ03713_K04_cluster=GQ03713_K04_status=complete_gb=BT116207 7006605
.51 GQ03712_B13.1_clone=GQ03712_B13_cluster=GQ03712_B13_status=complete_gb=BT116117 7127945
.13 GQ03711_P20.1_clone=GQ03711_P20_cluster=GQ03711_P20_status=complete_gb=BT116111 2346603
.54 GQ03711_P20.1_clone=GQ03711_P20_cluster=GQ03711_P20_status=complete_gb=BT116111 7010381
.94 GQ03707_O24.1_clone=GQ03707_O24_cluster=GQ03707_O24_status=complete_gb=BT115880 7127934
.53 GQ03615_A12.1_clone=GQ03615_A12_cluster=GQ03615_A12_status=complete_gb=BT115364 1546219
.17 GQ03615_A12.1_clone=GQ03615_A12_cluster=GQ03615_A12_status=complete_gb=BT115364 1365633
.43 GQ03613_P17.1_clone=GQ03613_P17_cluster=GQ03613_P17_status=complete_gb=BT115310 7127954
.10 GQ03613_P17.1_clone=GQ03613_P17_cluster=GQ03613_P17_status=complete_gb=BT115310 7127954
.43 GQ03613_J04.1_clone=GQ03613_J04_cluster=GQ03613_J04_status=complete_gb=BT115292 7014524
.32 GQ03613_J04.1_clone=GQ03613_J04_cluster=GQ03613_J04_status=complete_gb=BT115292 7127916
.25 GQ03612_P05.1_clone=GQ03612_P05_cluster=GQ03612_P05_status=complete_gb=BT115265 7018531
.44 GQ03611_F13.1_clone=GQ03611_F13_cluster=GQ03611_F13_status=complete_gb=BT115201 7127941
.25 GQ03611_F13.1_clone=GQ03611_F13_cluster=GQ03611_F13_status=complete_gb=BT115201 7127941
.86 GQ03608_H13.1_clone=GQ03608_H13_cluster=GQ03608_H13_status=complete_gb=BT115070 7127949
.57 GQ03606_M21.1_clone=GQ03606_M21_cluster=GQ03606_M21_status=complete_gb=BT114997 7127938
.14 GQ03606_M21.1_clone=GQ03606_M21_cluster=GQ03606_M21_status=complete_gb=BT114997 7057699
.09 GQ03606_M21.1_clone=GQ03606_M21_cluster=GQ03606_M21_status=complete_gb=BT114997 5545330
.27 GQ03603_K08.2_clone=GQ03603_K08_cluster=GQ03603_K08_status=complete_gb=BT114850 2249058
.65 GQ03601_A09.3_clone=GQ03601_A09_cluster=GQ03601_A09_status=complete_gb=BT114731 7127876
.10 GQ03601_A09.3_clone=GQ03601_A09_cluster=GQ03601_A09_status=complete_gb=BT114731 7034825
.41 GQ03519_E07.1_clone=GQ03519_E07_cluster=GQ03519_E07_status=complete_gb=BT114681 7009532
.23 GQ03519_E07.1_clone=GQ03519_E07_cluster=GQ03519_E07_status=complete_gb=BT114681 7041985
.22 GQ03519_E07.1_clone=GQ03519_E07_cluster=GQ03519_E07_status=complete_gb=BT114681 2556734
.15 GQ03519_B09.1_clone=GQ03519_B09_cluster=GQ03519_B09_status=complete_gb=BT114669 2134779
.71 GQ03519_B09.1_clone=GQ03519_B09_cluster=GQ03519_B09_status=complete_gb=BT114669 7013840
.32 GQ03517_P17.3_clone=GQ03517_P17_cluster=GQ03517_P17_status=complete_gb=BT114621 7004892
.26 GQ03517_M20.1_clone=GQ03517_M20_cluster=GQ03517_M20_status=complete_gb=BT114609 7014607
.23 GQ03517_M20.1_clone=GQ03517_M20_cluster=GQ03517_M20_status=complete_gb=BT114609 7127950
.27 GQ03515_K24.1_clone=GQ03515_K24_cluster=GQ03515_K24_status=complete_gb=BT114499 2888975
.10 GQ03513_N02.1_clone=GQ03513_N02_cluster=GQ03513_N02_status=complete_gb=BT114393 735463
.36 GQ03513_N02.1_clone=GQ03513_N02_cluster=GQ03513_N02_status=complete_gb=BT114393 7127958
.38 GQ03505_M06.1_clone=GQ03505_M06_cluster=GQ03505_M06_status=complete_gb=BT113979 7127969
.17 GQ03505_M06.1_clone=GQ03505_M06_cluster=GQ03505_M06_status=complete_gb=BT113979 7004347
.23 GQ03413_M01.1_clone=GQ03413_M01_cluster=GQ03413_M01_status=complete_gb=BT113570 7127838
.15 GQ03413_M01.1_clone=GQ03413_M01_cluster=GQ03413_M01_status=complete_gb=BT113570 3534821
.99 GQ03404_J09.4_clone=GQ03404_J09_cluster=GQ03404_J09_status=53 7127968
.64 GQ03401_G01.1_clone=GQ03401_G01_cluster=GQ03401_G01_status=complete_gb=BT113205 7127966
.19 GQ03321_E21.1_clone=GQ03321_E21_cluster=GQ03321_E21_status=complete_gb=BT112820 1886795
.42 GQ03321_E21.1_clone=GQ03321_E21_cluster=GQ03321_E21_status=complete_gb=BT112820 7021086
.85 GQ03317_G23.1_clone=GQ03317_G23_cluster=GQ03317_G23_status=complete_gb=BT112558 7127975
.51 GQ03314_G21.1_clone=GQ03314_G21_cluster=GQ03314_G21_status=complete_gb=BT112395 7127820
.27 GQ03314_G21.1_clone=GQ03314_G21_cluster=GQ03314_G21_status=complete_gb=BT112395 1676380
.18 GQ03314_G21.1_clone=GQ03314_G21_cluster=GQ03314_G21_status=complete_gb=BT112395 1700108
.28 GQ03304_P12.1_clone=GQ03304_P12_cluster=GQ03304_P12_status=complete_gb=BT111889 2649128
.49 GQ03302_K19.1_clone=GQ03302_K19_cluster=GQ03302_K19_status=complete_gb=BT111718 1460962
.16 GQ03302_K19.1_clone=GQ03302_K19_cluster=GQ03302_K19_status=complete_gb=BT111718 1696785
.10 GQ03301_H04.3_clone=GQ03301_H04_cluster=GQ03301_H04_status=complete_gb=BT111623 1001284
.76 GQ03301_H04.3_clone=GQ03301_H04_cluster=GQ03301_H04_status=complete_gb=BT111623 7127956
.14 GQ03238_O21.1_clone=GQ03238_O21_cluster=GQ03238_O21_status=complete_gb=BT111524 1770001
.43 GQ03238_O21.1_clone=GQ03238_O21_cluster=GQ03238_O21_status=complete_gb=BT111524 7127905
.49 GQ03237_G10.1_clone=GQ03237_G10_cluster=GQ03237_G10_status=complete_gb=BT111413 7127953
.59 GQ03237_F20.1_clone=GQ03237_F20_cluster=GQ03237_F20_status=complete_gb=BT111411 7127892
.29 GQ03235_G02.1_clone=GQ03235_G02_cluster=GQ03235_G02_status=complete_gb=BT111281 7127942
.23 GQ03235_G02.1_clone=GQ03235_G02_cluster=GQ03235_G02_status=complete_gb=BT111281 7127942
.34 GQ03233_I21.1_clone=GQ03233_I21_cluster=GQ03233_I21_status=complete_gb=BT111155 7127822
.20 GQ03233_I21.1_clone=GQ03233_I21_cluster=GQ03233_I21_status=complete_gb=BT111155 7009670
.62 GQ03232_N19.1_clone=GQ03232_N19_cluster=GQ03232_N19_status=complete_gb=BT111117 7127897
.50 GQ03231_F23.2_clone=GQ03231_F23_cluster=GQ03231_F23_status=complete_gb=BT111019 7004001
.20 GQ03213_G18.3_clone=GQ03213_G18_cluster=GQ03213_G18_status=complete_gb=BT109892 7127865
.29 GQ03213_G18.3_clone=GQ03213_G18_cluster=GQ03213_G18_status=complete_gb=BT109892 7017366
.39 GQ03210_B08.1_clone=GQ03210_B08_cluster=GQ03210_B08_status=complete_gb=BT109570 7127964
.80 GQ03208_M02.1_clone=GQ03208_M02_cluster=GQ03208_M02_status=complete_gb=BT109463 7004613
.14 GQ03208_M02.1_clone=GQ03208_M02_cluster=GQ03208_M02_status=complete_gb=BT109463 5416630
.38 GQ03120_K24.1_clone=GQ03120_K24_cluster=GQ03120_K24_status=complete_gb=BT108357 7127857
.21 GQ03120_K24.1_clone=GQ03120_K24_cluster=GQ03120_K24_status=complete_gb=BT108357 7004367
.22 GQ03120_H17.2_clone=GQ03120_H17_cluster=GQ03120_H17_status=complete_gb=BT108346 2859258
.17 GQ03120_H17.2_clone=GQ03120_H17_cluster=GQ03120_H17_status=complete_gb=BT108346 887335
.60 GQ03120_G19.1_clone=GQ03120_G19_cluster=GQ03120_G19_status=complete_gb=BT108345 1490273
.37 GQ03120_G19.1_clone=GQ03120_G19_cluster=GQ03120_G19_status=complete_gb=BT108345 7076289
.46 GQ03119_L03.1_clone=GQ03119_L03_cluster=GQ03119_L03_status=complete_gb=BT108299 7014773
.14 GQ03119_L03.1_clone=GQ03119_L03_cluster=GQ03119_L03_status=complete_gb=BT108299 2083354
.53 GQ03119_G13.1_clone=GQ03119_G13_cluster=GQ03119_G13_status=complete_gb=BT108277 7127846
.22 GQ03119_G13.1_clone=GQ03119_G13_cluster=GQ03119_G13_status=complete_gb=BT108277 2393069
.27 GQ03118_O08.1_clone=GQ03118_O08_cluster=GQ03118_O08_status=complete_gb=BT108249 7008508
.13 GQ03118_O08.1_clone=GQ03118_O08_cluster=GQ03118_O08_status=complete_gb=BT108249 215621
.11 GQ03117_N20.1_clone=GQ03117_N20_cluster=GQ03117_N20_status=complete_gb=BT108179 2169110
.78 GQ03117_N20.1_clone=GQ03117_N20_cluster=GQ03117_N20_status=complete_gb=BT108179 7011716
.50 GQ03114_I12.1_clone=GQ03114_I12_cluster=GQ03114_I12_status=complete_gb=BT107927 7127747
.28 GQ03114_I12.1_clone=GQ03114_I12_cluster=GQ03114_I12_status=complete_gb=BT107927 7013745
.24 GQ03111_D16.2_clone=GQ03111_D16_cluster=GQ03111_D16_status=complete_gb=BT107667 7010175
.24 GQ03111_D16.2_clone=GQ03111_D16_cluster=GQ03111_D16_status=complete_gb=BT107667 7016634
.58 GQ03104_M11.1_clone=GQ03104_M11_cluster=GQ03104_M11_status=complete_gb=BT107232 7127769
.14 GQ03104_M11.1_clone=GQ03104_M11_cluster=GQ03104_M11_status=complete_gb=BT107232 4215666
.53 GQ03103_D06.1_clone=GQ03103_D06_cluster=GQ03103_D06_status=complete_gb=BT107136 7127895
.20 GQ03103_D06.1_clone=GQ03103_D06_cluster=GQ03103_D06_status=complete_gb=BT107136 3135584
.40 GQ03013_K11.1_clone=GQ03013_K11_cluster=GQ03013_K11_status=complete_gb=BT106922 2300916
.18 GQ03013_K11.1_clone=GQ03013_K11_cluster=GQ03013_K11_status=complete_gb=BT106922 2103227
.63 GQ03012_F07.3_clone=GQ03012_F07_cluster=GQ03012_F07_status=complete_gb=BT106857 7127948
.13 GQ03012_F07.3_clone=GQ03012_F07_cluster=GQ03012_F07_status=complete_gb=BT106857 7009021
.29 GQ03009_M16.3_clone=GQ03009_M16_cluster=GQ03009_M16_status=complete_gb=BT106751 1164233
.27 GQ03009_M16.3_clone=GQ03009_M16_cluster=GQ03009_M16_status=complete_gb=BT106751 7032614
.51 GQ03007_F19.1_clone=GQ03007_F19_cluster=GQ03007_F19_status=complete_gb=BT106657 7006100
.39 GQ03007_F19.1_clone=GQ03007_F19_cluster=GQ03007_F19_status=complete_gb=BT106657 1215418
.51 GQ03005_C20.1_clone=GQ03005_C20_cluster=GQ03005_C20_status=complete_gb=BT106569 7024058
.18 GQ03005_C20.1_clone=GQ03005_C20_cluster=GQ03005_C20_status=complete_gb=BT106569 7009012
.09 GQ03005_C20.1_clone=GQ03005_C20_cluster=GQ03005_C20_status=complete_gb=BT106569 7020176
.30 GQ02907_N16.3_clone=GQ02907_N16_cluster=GQ02907_N16_status=complete_gb=BT106345 7127800
.17 GQ02907_N16.3_clone=GQ02907_N16_cluster=GQ02907_N16_status=complete_gb=BT106345 7014250
.27 GQ02907_C22.3_clone=GQ02907_C22_cluster=GQ02907_C22_status=complete_gb=BT106318 7127972
.12 GQ02907_C22.3_clone=GQ02907_C22_cluster=GQ02907_C22_status=complete_gb=BT106318 7008603
.05 GQ02907_C22.3_clone=GQ02907_C22_cluster=GQ02907_C22_status=complete_gb=BT106318 7008602
.90 GQ02906_E15.1_clone=GQ02906_E15_cluster=GQ02906_E15_status=complete_gb=BT106268 7127927
.33 GQ02904_M21.1_clone=GQ02904_M21_cluster=GQ02904_M21_status=complete_gb=BT106194 7012496
.16 GQ02904_G11.2_clone=GQ02904_G11_cluster=GQ02904_G11_status=complete_gb=BT106173 1577113
.40 GQ02904_G11.2_clone=GQ02904_G11_cluster=GQ02904_G11_status=complete_gb=BT106173 7012862
.21 GQ02904_D05.1_clone=GQ02904_D05_cluster=GQ02904_D05_status=complete_gb=BT106162 7005315
.43 GQ02904_D05.1_clone=GQ02904_D05_cluster=GQ02904_D05_status=complete_gb=BT106162 7007257
.26 GQ02830_P12.1_clone=GQ02830_P12_cluster=GQ02830_P12_status=complete_gb=BT105989 1494970
.10 GQ02830_P12.1_clone=GQ02830_P12_cluster=GQ02830_P12_status=complete_gb=BT105989 1411028
.43 GQ02827_K22.2_clone=GQ02827_K22_cluster=GQ02827_K22_status=53 7127881
.21 GQ02827_K22.2_clone=GQ02827_K22_cluster=GQ02827_K22_status=53 7021146
.14 GQ02827_K22.2_clone=GQ02827_K22_cluster=GQ02827_K22_status=53 2030086
.57 GQ02823_L03.1_clone=GQ02823_L03_cluster=GQ02823_L03_status=complete_gb=BT105523 7127943
.14 GQ02823_L03.1_clone=GQ02823_L03_cluster=GQ02823_L03_status=complete_gb=BT105523 2873744
.40 GQ02822_C06.2_clone=GQ02822_C06_cluster=GQ02822_C06_status=complete_gb=BT105418 7011379
.91 GQ02820_P15.2_clone=GQ02820_P15_cluster=GQ02820_P15_status=complete_gb=BT105332 7127955
.30 GQ02817_H13.1_clone=GQ02817_H13_cluster=GQ02817_H13_status=complete_gb=BT104992 2100025
.23 GQ02817_H13.1_clone=GQ02817_H13_cluster=GQ02817_H13_status=complete_gb=BT104992 4245133
.69 GQ02816_B23.1_clone=GQ02816_B23_cluster=GQ02816_B23_status=complete_gb=BT104873 7127937
.78 GQ02810_B13.1_clone=GQ02810_B13_cluster=GQ02810_B13_status=complete_gb=BT104412 7127770
.72 GQ0259_K06.1_clone=GQ0259_K06_cluster=GQ0259_K06_status=complete_gb=BT103627 7127795
.14 GQ0259_K06.1_clone=GQ0259_K06_cluster=GQ0259_K06_status=complete_gb=BT103627 2265093
.53 GQ0205_P12.1_clone=GQ0205_P12_cluster=GQ0205_P12_status=complete_gb=BT103066 7127778
.25 GQ0205_P12.1_clone=GQ0205_P12_cluster=GQ0205_P12_status=complete_gb=BT103066 7011201
.28 GQ0204_B11.1_clone=GQ0204_B11_cluster=GQ0204_B11_status=complete_gb=BT102962 7003153
.15 GQ0204_B11.1_clone=GQ0204_B11_cluster=GQ0204_B11_status=complete_gb=BT102962 7027384
.32 GQ0203_A05.1_clone=GQ0203_A05_cluster=GQ0203_A05_status=complete_gb=BT102911 7013985
.46 GQ02013_H10.1_clone=GQ02013_H10_cluster=GQ02013_H10_status=complete_gb=BT102742 1102774
.24 GQ02013_H10.1_clone=GQ02013_H10_cluster=GQ02013_H10_status=complete_gb=BT102742 1102781
.34 GQ0191_M01.1_clone=GQ0191_M01_cluster=GQ0191_M01_status=complete_gb=BT102418 7127960
.21 GQ0191_M01.1_clone=GQ0191_M01_cluster=GQ0191_M01_status=complete_gb=BT102418 7127960
.15 GQ0191_M01.1_clone=GQ0191_M01_cluster=GQ0191_M01_status=complete_gb=BT102418 1614016
.15 GQ0172_J03.1_clone=GQ0172_J03_cluster=GQ0172_J03_status=complete_gb=BT102250 7017950
.20 GQ0172_J03.1_clone=GQ0172_J03_cluster=GQ0172_J03_status=complete_gb=BT102250 1474394
.14 GQ0171_F05.1_clone=GQ0171_F05_cluster=GQ0171_F05_status=complete_gb=BT102230 7008460
.84 GQ0165_C20.1_clone=GQ0165_C20_cluster=GQ0165_C20_status=complete_gb=BT102051 7127930
.21 GQ0064_H22.1_clone=GQ0064_H22_cluster=GQ0064_H22_status=complete_gb=BT101019 7006520
.18 GQ0064_H22.1_clone=GQ0064_H22_cluster=GQ0064_H22_status=complete_gb=BT101019 2296882
.22 GQ0044_C20.1_clone=GQ0044_C20_cluster=GQ0044_C20_status=complete_gb=BT100786 7008150
.69 GQ0044_C20.1_clone=GQ0044_C20_cluster=GQ0044_C20_status=complete_gb=BT100786 7127767
.39 GQ0041_D14.1_clone=GQ0041_D14_cluster=GQ0041_D14_status=53 7127959
.30 GQ0025_O04.1_clone=GQ0025_O04_cluster=GQ0025_O04_status=complete_gb=BT100568 7018289
.08 GQ0025_O04.1_clone=GQ0025_O04_cluster=GQ0025_O04_status=complete_gb=BT100568 7015020
.15 genemark-162930554-processed-gene-0.0-mRNA-1 2517023
.73 genemark-162930554-processed-gene-0.0-mRNA-1 7004364
.34 augustus_masked-168490649-processed-gene-0.5-mRNA-1 7006106
.27 augustus_masked-168490649-processed-gene-0.5-mRNA-1 7014688
.70 augustus_masked-168235767-processed-gene-0.0-mRNA-1 7008275
.23 augustus_masked-162882530-processed-gene-0.0-mRNA-1 1043228
.13 augustus_masked-162882530-processed-gene-0.0-mRNA-1 2267091
.63 augustus_masked-161410195-processed-gene-0.0-mRNA-1 7006727
.24 augustus_masked-161410195-processed-gene-0.0-mRNA-1 2804577
.18 augustus_masked-161410195-processed-gene-0.0-mRNA-1 2996141
.88 WS03217_E24.1_clone=WS03217_E24_cluster=WS03217_E24_status=complete 7005872
.79 WS00748_H07.1_clone=WS00748_H07_cluster=WS00748_H07_status=complete 1282070
.77 snap_masked-168545449-processed-gene-0.41-mRNA-1 7013795
.37 snap_masked-168442939-processed-gene-0.49-mRNA-1 7127887
.13 snap_masked-168442939-processed-gene-0.49-mRNA-1 1572280
.33 snap_masked-167859479-processed-gene-0.13-mRNA-1 3335316
.31 snap_masked-167859479-processed-gene-0.13-mRNA-1 7127834
.52 maker-168577310-augustus-gene-0.20-mRNA-2 7127862
.10 maker-168577310-augustus-gene-0.20-mRNA-2 1696666
.24 maker-168561322-snap-gene-0.31-mRNA-1 7008878
.15 maker-168561322-snap-gene-0.31-mRNA-1 7014864
.03 maker-168561322-snap-gene-0.31-mRNA-1 7003296
.56 maker-168384492-snap-gene-0.19-mRNA-1 7127784
.28 maker-168292693-snap-gene-0.20-mRNA-1 7004727
.73 maker-168243758-snap-gene-0.22-mRNA-1 7127951
.47 maker-168232300-snap-gene-0.34-mRNA-1 7005197
.15 maker-168232300-snap-gene-0.34-mRNA-1 7009624
.15 maker-168232300-snap-gene-0.34-mRNA-1 4588421
.94 maker-168228987-snap-gene-0.10-mRNA-1 7127971
.01 maker-168228987-snap-gene-0.10-mRNA-1 4749905
.20 maker-168208252-snap-gene-0.85-mRNA-1 556353
.34 maker-168191360-augustus-gene-0.34-mRNA-2 7127952
.32 maker-168184771-augustus-gene-0.61-mRNA-1 7009107
.09 maker-168184771-augustus-gene-0.61-mRNA-1 7010628
.10 maker-168008546-snap-gene-0.31-mRNA-1 3270532
.10 maker-168008546-snap-gene-0.31-mRNA-1 1964327
.02 maker-168008546-snap-gene-0.31-mRNA-1 3270532
.15 maker-167226855-snap-gene-0.6-mRNA-1 2426855
.15 maker-167226855-snap-gene-0.6-mRNA-1 2428327
.33 maker-166283550-snap-gene-0.5-mRNA-1 7015441
.25 maker-166283550-snap-gene-0.5-mRNA-1 500410
.52 GQ04113_M13.4_clone=GQ04113_M13_cluster=GQ04113_M13_status=complete_gb=BT119990 7127809
.17 GQ04113_M13.4_clone=GQ04113_M13_cluster=GQ04113_M13_status=complete_gb=BT119990 7012030
.24 GQ04107_O05.1_clone=GQ04107_O05_cluster=GQ04107_O05_status=complete_gb=BT119620 7127835
.15 GQ04107_O05.1_clone=GQ04107_O05_cluster=GQ04107_O05_status=complete_gb=BT119620 7004714
.66 GQ04101_G02.1_clone=GQ04101_G02_cluster=GQ04101_G02_status=complete_gb=BT119094 7127931
.09 GQ04101_G02.1_clone=GQ04101_G02_cluster=GQ04101_G02_status=complete_gb=BT119094 1568316
.55 GQ04011_N05.1_clone=GQ04011_N05_cluster=GQ04011_N05_status=complete_gb=BT118918 7127873
.22 GQ04011_N05.1_clone=GQ04011_N05_cluster=GQ04011_N05_status=complete_gb=BT118918 3217139
.99 GQ04009_E16.1_clone=GQ04009_E16_cluster=GQ04009_E16_status=complete_gb=BT118700 7127965
.48 GQ04007_F20.1_clone=GQ04007_F20_cluster=GQ04007_F20_status=complete_gb=BT118530 7004957
.42 GQ04006_P12.1_clone=GQ04006_P12_cluster=GQ04006_P12_status=complete_gb=BT118498 7127872
.36 GQ04006_P12.1_clone=GQ04006_P12_cluster=GQ04006_P12_status=complete_gb=BT118498 7010816
.49 GQ04005_E18.1_clone=GQ04005_E18_cluster=GQ04005_E18_status=complete_gb=BT118342 7127898
.18 GQ04005_E18.1_clone=GQ04005_E18_cluster=GQ04005_E18_status=complete_gb=BT118342 2412558
.33 GQ04003_N24.1_clone=GQ04003_N24_cluster=GQ04003_N24_status=complete_gb=BT118231 1195766
.10 GQ04003_N24.1_clone=GQ04003_N24_cluster=GQ04003_N24_status=complete_gb=BT118231 7127935
.23 GQ04002_L05.1_clone=GQ04002_L05_cluster=GQ04002_L05_status=complete_gb=BT118123 861732
.26 GQ03917_I22.3_clone=GQ03917_I22_cluster=GQ03917_I22_status=53 7127806
.07 GQ03917_I22.3_clone=GQ03917_I22_cluster=GQ03917_I22_status=53 3856874
.26 GQ03917_C17.2_clone=GQ03917_C17_cluster=GQ03917_C17_status=complete_gb=BT117918 7127760
.22 GQ03917_C17.2_clone=GQ03917_C17_cluster=GQ03917_C17_status=complete_gb=BT117918 7008396
.65 GQ03916_G24.1_clone=GQ03916_G24_cluster=GQ03916_G24_status=complete_gb=BT117906 7004581
.22 GQ03916_G24.1_clone=GQ03916_G24_cluster=GQ03916_G24_status=complete_gb=BT117906 4062220
.34 GQ03906_F14.1_clone=GQ03906_F14_cluster=GQ03906_F14_status=complete_gb=BT117648 1167936
.37 GQ03906_F14.1_clone=GQ03906_F14_cluster=GQ03906_F14_status=complete_gb=BT117648 7009550
.37 GQ03902_F06.1_clone=GQ03902_F06_cluster=GQ03902_F06_status=complete_gb=BT117526 7021798
.19 GQ03902_F06.1_clone=GQ03902_F06_cluster=GQ03902_F06_status=complete_gb=BT117526 5448774
.28 GQ03817_C05.1_clone=GQ03817_C05_cluster=GQ03817_C05_status=complete_gb=BT117320 7005582
.25 GQ03817_C05.1_clone=GQ03817_C05_cluster=GQ03817_C05_status=complete_gb=BT117320 7009575
.72 GQ03816_P19.1_clone=GQ03816_P19_cluster=GQ03816_P19_status=complete_gb=BT117312 7127785
.43 GQ03809_P03.1_clone=GQ03809_P03_cluster=GQ03809_P03_status=complete_gb=BT116943 7127880
.33 GQ03809_P03.1_clone=GQ03809_P03_cluster=GQ03809_P03_status=complete_gb=BT116943 7015322
.49 GQ03809_F14.1_clone=GQ03809_F14_cluster=GQ03809_F14_status=complete_gb=BT116917 7127761
.22 GQ03809_F14.1_clone=GQ03809_F14_cluster=GQ03809_F14_status=complete_gb=BT116917 1032696
.19 GQ03809_F14.1_clone=GQ03809_F14_cluster=GQ03809_F14_status=complete_gb=BT116917 7006703
.08 GQ03807_I11.1_clone=GQ03807_I11_cluster=GQ03807_I11_status=complete_gb=BT116833 7022247
.85 GQ03807_I11.1_clone=GQ03807_I11_cluster=GQ03807_I11_status=complete_gb=BT116833 7127962
.56 GQ03801_F16.1_clone=GQ03801_F16_cluster=GQ03801_F16_status=complete_gb=BT116527 7127926
.18 GQ03801_F16.1_clone=GQ03801_F16_cluster=GQ03801_F16_status=complete_gb=BT116527 7054321
.44 GQ03718_G20.1_clone=GQ03718_G20_cluster=GQ03718_G20_status=complete_gb=BT116423 7127780
.28 GQ03718_C10.1_clone=GQ03718_C10_cluster=GQ03718_C10_status=complete_gb=BT116406 7055576
.25 GQ03718_C10.1_clone=GQ03718_C10_cluster=GQ03718_C10_status=complete_gb=BT116406 1263895
.13 GQ03718_C10.1_clone=GQ03718_C10_cluster=GQ03718_C10_status=complete_gb=BT116406 1552845
.24 GQ03714_A20.1_clone=GQ03714_A20_cluster=GQ03714_A20_status=complete_gb=BT116226 7004776
.20 GQ03714_A20.1_clone=GQ03714_A20_cluster=GQ03714_A20_status=complete_gb=BT116226 7006321
.37 GQ03712_P14.1_clone=GQ03712_P14_cluster=GQ03712_P14_status=complete_gb=BT116169 7003066
.23 GQ03707_N04.1_clone=GQ03707_N04_cluster=GQ03707_N04_status=complete_gb=BT115873 7007818
.20 GQ03707_N04.1_clone=GQ03707_N04_cluster=GQ03707_N04_status=complete_gb=BT115873 1764918
.14 GQ03707_N04.1_clone=GQ03707_N04_cluster=GQ03707_N04_status=complete_gb=BT115873 7011426
.33 GQ03703_K05.1_clone=GQ03703_K05_cluster=GQ03703_K05_status=complete_gb=BT115643 7127803
.03 GQ03703_K05.1_clone=GQ03703_K05_cluster=GQ03703_K05_status=complete_gb=BT115643 7010839
.37 GQ03616_D10.1_clone=GQ03616_D10_cluster=GQ03616_D10_status=complete_gb=BT115419 7008919
.13 GQ03606_P20.1_clone=GQ03606_P20_cluster=GQ03606_P20_status=complete_gb=BT115003 7127858
.13 GQ03606_P20.1_clone=GQ03606_P20_cluster=GQ03606_P20_status=complete_gb=BT115003 7029770
.28 GQ03604_B10.1_clone=GQ03604_B10_cluster=GQ03604_B10_status=complete_gb=BT114871 7047726
.20 GQ03604_B10.1_clone=GQ03604_B10_cluster=GQ03604_B10_status=complete_gb=BT114871 1426411
.61 GQ03603_L05.1_clone=GQ03603_L05_cluster=GQ03603_L05_status=complete_gb=BT114853 7014041
.28 GQ03601_O15.1_clone=GQ03601_O15_cluster=GQ03601_O15_status=complete_gb=BT114776 7003118
.22 GQ03601_O15.1_clone=GQ03601_O15_cluster=GQ03601_O15_status=complete_gb=BT114776 7019012
.64 GQ03519_O21.1_clone=GQ03519_O21_cluster=GQ03519_O21_status=complete_gb=BT114724 7127928
.05 GQ03509_D13.4_clone=GQ03509_D13_cluster=GQ03509_D13_status=53 7007018
.71 GQ03509_D13.4_clone=GQ03509_D13_cluster=GQ03509_D13_status=53 7127946
.69 GQ03505_C14.1_clone=GQ03505_C14_cluster=GQ03505_C14_status=complete_gb=BT113949 1548055
.12 GQ03505_C14.1_clone=GQ03505_C14_cluster=GQ03505_C14_status=complete_gb=BT113949 3804867
.50 GQ03503_B04.1_clone=GQ03503_B04_cluster=GQ03503_B04_status=complete_gb=BT113854 7011904
.12 GQ03503_B04.1_clone=GQ03503_B04_cluster=GQ03503_B04_status=complete_gb=BT113854 7028226
.88 GQ03417_G17.1_clone=GQ03417_G17_cluster=GQ03417_G17_status=5 7127758
.36 GQ03409_I04.1_clone=GQ03409_I04_cluster=GQ03409_I04_status=complete_gb=BT113463 1724082
.33 GQ03407_L13.1_clone=GQ03407_L13_cluster=GQ03407_L13_status=complete_gb=BT113422 7127849
.26 GQ03407_L13.1_clone=GQ03407_L13_cluster=GQ03407_L13_status=complete_gb=BT113422 3322918
.37 GQ03406_P14.1_clone=GQ03406_P14_cluster=GQ03406_P14_status=complete_gb=BT113397 7127974
.27 GQ03406_P14.1_clone=GQ03406_P14_cluster=GQ03406_P14_status=complete_gb=BT113397 7127974
.43 GQ03326_I17.1_clone=GQ03326_I17_cluster=GQ03326_I17_status=complete_gb=BT113165 7004509
.25 GQ03326_I17.1_clone=GQ03326_I17_cluster=GQ03326_I17_status=complete_gb=BT113165 7011413
.47 GQ03324_K24.1_clone=GQ03324_K24_cluster=GQ03324_K24_status=complete_gb=BT113025 1325928
.37 GQ03324_K24.1_clone=GQ03324_K24_cluster=GQ03324_K24_status=complete_gb=BT113025 1780942
.57 GQ03321_H15.1_clone=GQ03321_H15_cluster=GQ03321_H15_status=complete_gb=BT112830 7007225
.26 GQ03321_H15.1_clone=GQ03321_H15_cluster=GQ03321_H15_status=complete_gb=BT112830 7031713
.37 GQ03320_I04.1_clone=GQ03320_I04_cluster=GQ03320_I04_status=complete_gb=BT112756 7006803
.29 GQ03320_I04.1_clone=GQ03320_I04_cluster=GQ03320_I04_status=complete_gb=BT112756 608184
.15 GQ03320_I04.1_clone=GQ03320_I04_cluster=GQ03320_I04_status=complete_gb=BT112756 2165377
.13 GQ03320_I04.1_clone=GQ03320_I04_cluster=GQ03320_I04_status=complete_gb=BT112756 653504
.13 GQ03320_I04.1_clone=GQ03320_I04_cluster=GQ03320_I04_status=complete_gb=BT112756 1378605
.19 GQ03318_K14.1_clone=GQ03318_K14_cluster=GQ03318_K14_status=complete_gb=BT112632 2950246
.23 GQ03318_K14.1_clone=GQ03318_K14_cluster=GQ03318_K14_status=complete_gb=BT112632 2067433
.55 GQ03316_M06.1_clone=GQ03316_M06_cluster=GQ03316_M06_status=complete_gb=BT112521 7127850
.32 GQ03313_P05.1_clone=GQ03313_P05_cluster=GQ03313_P05_status=complete_gb=BT112368 7020567
.23 GQ03313_P05.1_clone=GQ03313_P05_cluster=GQ03313_P05_status=complete_gb=BT112368 7003322
.34 GQ03308_N14.1_clone=GQ03308_N14_cluster=GQ03308_N14_status=complete_gb=BT112018 7003165
.86 GQ03304_O17.1_clone=GQ03304_O17_cluster=GQ03304_O17_status=complete_gb=BT111887 7127944
.18 GQ03303_N21.1_clone=GQ03303_N21_cluster=GQ03303_N21_status=complete_gb=BT111805 2052612
.13 GQ03303_N21.1_clone=GQ03303_N21_cluster=GQ03303_N21_status=complete_gb=BT111805 7035390
.25 GQ03239_J05.1_clone=GQ03239_J05_cluster=GQ03239_J05_status=complete_gb=BT111569 7005077
.16 GQ03230_G10.1_clone=GQ03230_G10_cluster=GQ03230_G10_status=complete_gb=BT110959 2748502
.29 GQ03230_G10.1_clone=GQ03230_G10_cluster=GQ03230_G10_status=complete_gb=BT110959 7005925
.42 GQ03210_I03.1_clone=GQ03210_I03_cluster=GQ03210_I03_status=complete_gb=BT109606 7018350
.30 GQ03210_I03.1_clone=GQ03210_I03_cluster=GQ03210_I03_status=complete_gb=BT109606 7127861
.43 GQ03209_I11.1_clone=GQ03209_I11_cluster=GQ03209_I11_status=complete_gb=BT109526 7007232
.33 GQ03209_I11.1_clone=GQ03209_I11_cluster=GQ03209_I11_status=complete_gb=BT109526 7019429
.60 GQ03209_C24.1_clone=GQ03209_C24_cluster=GQ03209_C24_status=complete_gb=BT109501 7127932
.28 GQ03208_N06.1_clone=GQ03208_N06_cluster=GQ03208_N06_status=complete_gb=BT109468 7008779
.19 GQ03208_N06.1_clone=GQ03208_N06_cluster=GQ03208_N06_status=complete_gb=BT109468 3683680
.27 GQ03205_G02.1_clone=GQ03205_G02_cluster=GQ03205_G02_status=complete_gb=BT109161 7004440
.63 GQ03118_M07.1_clone=GQ03118_M07_cluster=GQ03118_M07_status=complete_gb=BT108240 7127831
.20 GQ03118_M07.1_clone=GQ03118_M07_cluster=GQ03118_M07_status=complete_gb=BT108240 7003751
.22 GQ03117_E13.1_clone=GQ03117_E13_cluster=GQ03117_E13_status=complete_gb=BT108134 2958775
.15 GQ03117_E13.1_clone=GQ03117_E13_cluster=GQ03117_E13_status=complete_gb=BT108134 1451717
.15 GQ03115_O06.2_clone=GQ03115_O06_cluster=GQ03115_O06_status=5 7007388
.16 GQ03115_O06.2_clone=GQ03115_O06_cluster=GQ03115_O06_status=5 1031508
.14 GQ03114_J11.1_clone=GQ03114_J11_cluster=GQ03114_J11_status=complete_gb=BT107932 1803534
.30 GQ03114_J11.1_clone=GQ03114_J11_cluster=GQ03114_J11_status=complete_gb=BT107932 1143868
.35 GQ03112_D12.1_clone=GQ03112_D12_cluster=GQ03112_D12_status=complete_gb=BT107745 7003716
.27 GQ03112_D12.1_clone=GQ03112_D12_cluster=GQ03112_D12_status=complete_gb=BT107745 842503
.47 GQ03111_B16.1_clone=GQ03111_B16_cluster=GQ03111_B16_status=complete_gb=BT107659 2270338
.26 GQ03111_B16.1_clone=GQ03111_B16_cluster=GQ03111_B16_status=complete_gb=BT107659 7011731
.62 GQ03111_A02.1_clone=GQ03111_A02_cluster=GQ03111_A02_status=complete_gb=BT107652 7006166
.22 GQ03111_A02.1_clone=GQ03111_A02_cluster=GQ03111_A02_status=complete_gb=BT107652 7010843
.38 GQ03109_G21.2_clone=GQ03109_G21_cluster=GQ03109_G21_status=complete_gb=BT107568 7015942
.10 GQ03109_G21.2_clone=GQ03109_G21_cluster=GQ03109_G21_status=complete_gb=BT107568 7015266
.39 GQ03106_B07.3_clone=GQ03106_B07_cluster=GQ03106_B07_status=complete_gb=BT107346 7008563
.17 GQ03106_B07.3_clone=GQ03106_B07_cluster=GQ03106_B07_status=complete_gb=BT107346 7011972
.26 GQ03010_I04.1_clone=GQ03010_I04_cluster=GQ03010_I04_status=complete_gb=BT106785 7127788
.84 GQ02901_N08.1_clone=GQ02901_N08_cluster=GQ02901_N08_status=complete_gb=BT106040 7127939
.35 GQ02829_K20.2_clone=GQ02829_K20_cluster=GQ02829_K20_status=complete_gb=BT105880 7127799
.33 GQ02829_K20.2_clone=GQ02829_K20_cluster=GQ02829_K20_status=complete_gb=BT105880 7025461
.91 GQ02826_M24.3_clone=GQ02826_M24_cluster=GQ02826_M24_status=complete_gb=BT105708 7127929
.42 GQ02822_G04.1_clone=GQ02822_G04_cluster=GQ02822_G04_status=complete_gb=BT105432 7127762
.33 GQ02822_G04.1_clone=GQ02822_G04_cluster=GQ02822_G04_status=complete_gb=BT105432 3031934
.72 GQ02820_P08.2_clone=GQ02820_P08_cluster=GQ02820_P08_status=complete_gb=BT105330 7127750
.35 GQ02812_H07.4_clone=GQ02812_H07_cluster=GQ02812_H07_status=complete_gb=BT104604 7127899
.26 GQ02812_H07.4_clone=GQ02812_H07_cluster=GQ02812_H07_status=complete_gb=BT104604 7004269
.16 GQ02808_D07.1_clone=GQ02808_D07_cluster=GQ02808_D07_status=complete_gb=BT104245 939734
.21 GQ02808_D07.1_clone=GQ02808_D07_cluster=GQ02808_D07_status=complete_gb=BT104245 7012475
.64 GQ02807_A24.3_clone=GQ02807_A24_cluster=GQ02807_A24_status=complete_gb=BT104162 7127824
.31 GQ02804_A13.1_clone=GQ02804_A13_cluster=GQ02804_A13_status=complete_gb=BT103912 7009672
.53 GQ02804_A13.1_clone=GQ02804_A13_cluster=GQ02804_A13_status=complete_gb=BT103912 7127853
.83 GQ02752_F10.1_clone=GQ02752_F10_cluster=GQ02752_F10_status=5 7127797
.34 GQ0206_A16.1_clone=GQ0206_A16_cluster=GQ0206_A16_status=53 7005956
.13 GQ0206_A16.1_clone=GQ0206_A16_cluster=GQ0206_A16_status=53 3114218
.86 GQ0203_M23.1_clone=GQ0203_M23_cluster=GQ0203_M23_status=complete_gb=BT102947 7127925
.65 GQ0178_C17.2_clone=GQ0178_C17_cluster=GQ0178_C17_status=3 7127970
.44 GQ0177_L10.2_clone=GQ0177_L10_cluster=GQ0177_L10_status=3 7005963
.15 GQ0175_F03.1_clone=GQ0175_F03_cluster=GQ0175_F03_status=3 1635860
.68 GQ0175_F03.1_clone=GQ0175_F03_cluster=GQ0175_F03_status=3 7127914
.39 GQ0164_P01.1_clone=GQ0164_P01_cluster=GQ0164_P01_status=complete_gb=BT102045 7013151
.78 GQ0069_O03.1_clone=GQ0069_O03_cluster=GQ0069_O03_status=complete_gb=BT101170 7127940
.49 GQ0044_L01.1_clone=GQ0044_L01_cluster=GQ0044_L01_status=complete_gb=BT100795 7009595
.22 GQ0044_L01.1_clone=GQ0044_L01_cluster=GQ0044_L01_status=complete_gb=BT100795 7008021
.32 GQ00410_C16.1_clone=GQ00410_C16_cluster=GQ00410_C16_status=complete_gb=BT100670 3150080
.41 augustus_masked-168504068-processed-gene-0.0-mRNA-1 6980680
.30 augustus_masked-168217589-processed-gene-1.11-mRNA-1 7004438
.26 augustus_masked-168217589-processed-gene-1.11-mRNA-1 1372304
.33 augustus_masked-168188875-processed-gene-0.18-mRNA-1 7127883
.15 augustus_masked-168188875-processed-gene-0.18-mRNA-1 7013750
.06 augustus_masked-168188875-processed-gene-0.18-mRNA-1 7023855
