.45 GQ03118_L09.1_clone=GQ03118_L09_cluster=GQ03118_L09_status=complete_gb=BT108235 8267739
.14 GQ03118_L09.1_clone=GQ03118_L09_cluster=GQ03118_L09_status=complete_gb=BT108235 2630735
.40 GQ03118_J01.1_clone=GQ03118_J01_cluster=GQ03118_J01_status=complete_gb=BT108223 8269297
.17 GQ03118_J01.1_clone=GQ03118_J01_cluster=GQ03118_J01_status=complete_gb=BT108223 2475730
.16 GQ03118_J01.1_clone=GQ03118_J01_cluster=GQ03118_J01_status=complete_gb=BT108223 8265445
.07 GQ03118_J01.1_clone=GQ03118_J01_cluster=GQ03118_J01_status=complete_gb=BT108223 8258117
.42 GQ03118_C05.1_clone=GQ03118_C05_cluster=GQ03118_C05_status=complete_gb=BT108195 8275028
.27 GQ03118_C05.1_clone=GQ03118_C05_cluster=GQ03118_C05_status=complete_gb=BT108195 8291992
.23 GQ03117_P23.1_clone=GQ03117_P23_cluster=GQ03117_P23_status=complete_gb=BT108188 8265803
.75 GQ03117_P23.1_clone=GQ03117_P23_cluster=GQ03117_P23_status=complete_gb=BT108188 8257632
.40 GQ03116_D16.1_clone=GQ03116_D16_cluster=GQ03116_D16_status=complete_gb=BT108042 8262429
.50 GQ03116_D16.1_clone=GQ03116_D16_cluster=GQ03116_D16_status=complete_gb=BT108042 8261557
.55 GQ03115_L12.1_clone=GQ03115_L12_cluster=GQ03115_L12_status=complete_gb=BT108004 8379962
.10 GQ03115_L12.1_clone=GQ03115_L12_cluster=GQ03115_L12_status=complete_gb=BT108004 1737640
.29 GQ03115_K06.1_clone=GQ03115_K06_cluster=GQ03115_K06_status=5 4644060
.33 GQ03115_K06.1_clone=GQ03115_K06_cluster=GQ03115_K06_status=5 3511506
.43 GQ03115_H12.1_clone=GQ03115_H12_cluster=GQ03115_H12_status=complete_gb=BT107992 8379996
.31 GQ03115_H12.1_clone=GQ03115_H12_cluster=GQ03115_H12_status=complete_gb=BT107992 8261385
.42 GQ03113_A11.1_clone=GQ03113_A11_cluster=GQ03113_A11_status=complete_gb=BT107818 798362
.21 GQ03110_O18.1_clone=GQ03110_O18_cluster=GQ03110_O18_status=complete_gb=BT107645 2676948
.22 GQ03110_O18.1_clone=GQ03110_O18_cluster=GQ03110_O18_status=complete_gb=BT107645 3498743
.13 GQ03109_K05.4_clone=GQ03109_K05_cluster=GQ03109_K05_status=complete_gb=BT107583 1864570
.84 GQ03109_K05.4_clone=GQ03109_K05_cluster=GQ03109_K05_status=complete_gb=BT107583 8379932
.29 GQ03109_H23.1_clone=GQ03109_H23_cluster=GQ03109_H23_status=complete_gb=BT107572 328627
.18 GQ03109_H23.1_clone=GQ03109_H23_cluster=GQ03109_H23_status=complete_gb=BT107572 2897559
.22 GQ03109_H23.1_clone=GQ03109_H23_cluster=GQ03109_H23_status=complete_gb=BT107572 3275152
.20 GQ03109_H23.1_clone=GQ03109_H23_cluster=GQ03109_H23_status=complete_gb=BT107572 8271612
.19 GQ03109_H23.1_clone=GQ03109_H23_cluster=GQ03109_H23_status=complete_gb=BT107572 3262254
.17 GQ03109_G08.1_clone=GQ03109_G08_cluster=GQ03109_G08_status=complete_gb=BT107567 2387725
.81 GQ03109_G08.1_clone=GQ03109_G08_cluster=GQ03109_G08_status=complete_gb=BT107567 8266635
.66 GQ03108_O03.1_clone=GQ03108_O03_cluster=GQ03108_O03_status=complete_gb=BT107540 8379952
.29 GQ03108_J08.1_clone=GQ03108_J08_cluster=GQ03108_J08_status=complete_gb=BT107518 8271301
.70 GQ03108_J08.1_clone=GQ03108_J08_cluster=GQ03108_J08_status=complete_gb=BT107518 8271300
.64 GQ03108_I19.1_clone=GQ03108_I19_cluster=GQ03108_I19_status=complete_gb=BT107514 8379914
.26 GQ03108_I19.1_clone=GQ03108_I19_cluster=GQ03108_I19_status=complete_gb=BT107514 1924294
.27 GQ03108_I19.1_clone=GQ03108_I19_cluster=GQ03108_I19_status=complete_gb=BT107514 3868037
.18 GQ03108_I19.1_clone=GQ03108_I19_cluster=GQ03108_I19_status=complete_gb=BT107514 8293502
.14 GQ03108_I19.1_clone=GQ03108_I19_cluster=GQ03108_I19_status=complete_gb=BT107514 1924303
.40 GQ03108_D21.1_clone=GQ03108_D21_cluster=GQ03108_D21_status=complete_gb=BT107490 8259591
.32 GQ03108_D21.1_clone=GQ03108_D21_cluster=GQ03108_D21_status=complete_gb=BT107490 8261795
.37 GQ03107_L03.1_clone=GQ03107_L03_cluster=GQ03107_L03_status=complete_gb=BT107451 8262862
.28 GQ03107_L03.1_clone=GQ03107_L03_cluster=GQ03107_L03_status=complete_gb=BT107451 8257851
.45 GQ03107_J05.1_clone=GQ03107_J05_cluster=GQ03107_J05_status=complete_gb=BT107443 8258564
.26 GQ03107_I05.1_clone=GQ03107_I05_cluster=GQ03107_I05_status=complete_gb=BT107438 8264225
.04 GQ03107_I05.1_clone=GQ03107_I05_cluster=GQ03107_I05_status=complete_gb=BT107438 1356217
.45 GQ03106_H11.1_clone=GQ03106_H11_cluster=GQ03106_H11_status=complete_gb=BT107364 8257349
.39 GQ03106_H11.1_clone=GQ03106_H11_cluster=GQ03106_H11_status=complete_gb=BT107364 8265410
.33 GQ03106_C02.1_clone=GQ03106_C02_cluster=GQ03106_C02_status=complete_gb=BT107348 8379921
.23 GQ03106_C02.1_clone=GQ03106_C02_cluster=GQ03106_C02_status=complete_gb=BT107348 2863556
.26 GQ03105_P12.4_clone=GQ03105_P12_cluster=GQ03105_P12_status=complete_gb=BT107342 8259653
.21 GQ03105_P12.4_clone=GQ03105_P12_cluster=GQ03105_P12_status=complete_gb=BT107342 8261325
.72 GQ03105_N08.1_clone=GQ03105_N08_cluster=GQ03105_N08_status=complete_gb=BT107329 8379986
.15 GQ03105_N08.1_clone=GQ03105_N08_cluster=GQ03105_N08_status=complete_gb=BT107329 4869734
.64 GQ03105_H05.1_clone=GQ03105_H05_cluster=GQ03105_H05_status=complete_gb=BT107296 8258284
.31 GQ03105_H05.1_clone=GQ03105_H05_cluster=GQ03105_H05_status=complete_gb=BT107296 8265927
.38 GQ03105_F17.2_clone=GQ03105_F17_cluster=GQ03105_F17_status=complete_gb=BT107288 8268738
.33 GQ03105_F17.2_clone=GQ03105_F17_cluster=GQ03105_F17_status=complete_gb=BT107288 8272052
.61 GQ03103_G03.1_clone=GQ03103_G03_cluster=GQ03103_G03_status=complete_gb=BT107155 8379951
.36 GQ03103_E24.1_clone=GQ03103_E24_cluster=GQ03103_E24_status=complete_gb=BT107150 757076
.25 GQ03103_E24.1_clone=GQ03103_E24_cluster=GQ03103_E24_status=complete_gb=BT107150 8258333
.08 GQ03103_E24.1_clone=GQ03103_E24_cluster=GQ03103_E24_status=complete_gb=BT107150 8258332
.99 GQ03103_D21.1_clone=GQ03103_D21_cluster=GQ03103_D21_status=complete_gb=BT107141 8380018
.43 GQ03102_L15.4_clone=GQ03102_L15_cluster=GQ03102_L15_status=complete_gb=BT107096 8379936
.37 GQ03101_M14.1_clone=GQ03101_M14_cluster=GQ03101_M14_status=complete_gb=BT107014 8260737
.21 GQ03101_M14.1_clone=GQ03101_M14_cluster=GQ03101_M14_status=complete_gb=BT107014 1339348
.29 GQ03101_M14.1_clone=GQ03101_M14_cluster=GQ03101_M14_status=complete_gb=BT107014 8379992
.21 GQ03101_L16.4_clone=GQ03101_L16_cluster=GQ03101_L16_status=complete_gb=BT107007 2163881
.16 GQ03101_L16.4_clone=GQ03101_L16_cluster=GQ03101_L16_status=complete_gb=BT107007 3156831
.14 GQ03101_L16.4_clone=GQ03101_L16_cluster=GQ03101_L16_status=complete_gb=BT107007 8299422
.69 GQ03101_E23.1_clone=GQ03101_E23_cluster=GQ03101_E23_status=complete_gb=BT106969 8379918
.15 GQ03101_E23.1_clone=GQ03101_E23_cluster=GQ03101_E23_status=complete_gb=BT106969 8258320
.10 GQ03101_E23.1_clone=GQ03101_E23_cluster=GQ03101_E23_status=complete_gb=BT106969 5565763
.10 GQ03101_E23.1_clone=GQ03101_E23_cluster=GQ03101_E23_status=complete_gb=BT106969 2185144
.21 GQ03101_E21.1_clone=GQ03101_E21_cluster=GQ03101_E21_status=complete_gb=BT106968 6264937
.84 GQ03101_C18.1_clone=GQ03101_C18_cluster=GQ03101_C18_status=complete_gb=BT106956 8262769
.07 GQ03101_C18.1_clone=GQ03101_C18_cluster=GQ03101_C18_status=complete_gb=BT106956 7940195
.79 GQ03012_L05.4_clone=GQ03012_L05_cluster=GQ03012_L05_status=complete_gb=BT106877 8380020
.17 GQ03012_L05.4_clone=GQ03012_L05_cluster=GQ03012_L05_status=complete_gb=BT106877 2322194
.11 GQ03012_L05.4_clone=GQ03012_L05_cluster=GQ03012_L05_status=complete_gb=BT106877 2644800
.27 GQ03012_I04.1_clone=GQ03012_I04_cluster=GQ03012_I04_status=complete_gb=BT106866 8263435
.22 GQ03012_I04.1_clone=GQ03012_I04_cluster=GQ03012_I04_status=complete_gb=BT106866 8261294
.12 GQ03012_I04.1_clone=GQ03012_I04_cluster=GQ03012_I04_status=complete_gb=BT106866 8261216
.25 GQ03012_C13.3_clone=GQ03012_C13_cluster=GQ03012_C13_status=complete_gb=BT106847 1994078
.19 GQ03011_K15.1_clone=GQ03011_K15_cluster=GQ03011_K15_status=complete_gb=BT106834 8262313
.67 GQ03011_K15.1_clone=GQ03011_K15_cluster=GQ03011_K15_status=complete_gb=BT106834 8262314
.64 GQ03011_B21.1_clone=GQ03011_B21_cluster=GQ03011_B21_status=complete_gb=BT106813 8262237
.20 GQ03011_B21.1_clone=GQ03011_B21_cluster=GQ03011_B21_status=complete_gb=BT106813 2565254
.17 GQ03010_O15.1_clone=GQ03010_O15_cluster=GQ03010_O15_status=complete_gb=BT106803 8266294
.30 GQ03010_O15.1_clone=GQ03010_O15_cluster=GQ03010_O15_status=complete_gb=BT106803 2096071
.62 GQ03009_I17.1_clone=GQ03009_I17_cluster=GQ03009_I17_status=complete_gb=BT106737 1427365
.18 GQ03009_I17.1_clone=GQ03009_I17_cluster=GQ03009_I17_status=complete_gb=BT106737 4752491
.16 GQ03009_I17.1_clone=GQ03009_I17_cluster=GQ03009_I17_status=complete_gb=BT106737 5055106
.14 GQ03009_I17.1_clone=GQ03009_I17_cluster=GQ03009_I17_status=complete_gb=BT106737 3090205
.38 GQ03009_H02.1_clone=GQ03009_H02_cluster=GQ03009_H02_status=complete_gb=BT106732 8262579
.22 GQ03009_H02.1_clone=GQ03009_H02_cluster=GQ03009_H02_status=complete_gb=BT106732 8262580
.17 GQ03009_H02.1_clone=GQ03009_H02_cluster=GQ03009_H02_status=complete_gb=BT106732 2965080
.85 GQ03009_F18.1_clone=GQ03009_F18_cluster=GQ03009_F18_status=complete_gb=BT106729 8379916
.13 GQ03009_F18.1_clone=GQ03009_F18_cluster=GQ03009_F18_status=complete_gb=BT106729 1436387
.37 GQ03007_C09.1_clone=GQ03007_C09_cluster=GQ03007_C09_status=complete_gb=BT106648 8263053
.18 GQ03007_C09.1_clone=GQ03007_C09_cluster=GQ03007_C09_status=complete_gb=BT106648 8262609
.18 GQ03007_C09.1_clone=GQ03007_C09_cluster=GQ03007_C09_status=complete_gb=BT106648 1639251
.40 GQ03007_B21.1_clone=GQ03007_B21_cluster=GQ03007_B21_status=complete_gb=BT106646 4693304
.58 GQ03007_B21.1_clone=GQ03007_B21_cluster=GQ03007_B21_status=complete_gb=BT106646 8263105
.64 GQ03006_A04.1_clone=GQ03006_A04_cluster=GQ03006_A04_status=complete_gb=BT106596 8379926
.35 GQ03006_A04.1_clone=GQ03006_A04_cluster=GQ03006_A04_status=complete_gb=BT106596 2478620
.36 GQ03003_M09.1_clone=GQ03003_M09_cluster=GQ03003_M09_status=complete_gb=BT106518 1682656
.14 GQ03003_M09.1_clone=GQ03003_M09_cluster=GQ03003_M09_status=complete_gb=BT106518 1585894
.19 GQ03002_N18.1_clone=GQ03002_N18_cluster=GQ03002_N18_status=complete_gb=BT106494 8257659
.53 GQ03002_N18.1_clone=GQ03002_N18_cluster=GQ03002_N18_status=complete_gb=BT106494 8379965
.80 GQ03002_J20.2_clone=GQ03002_J20_cluster=GQ03002_J20_status=complete_gb=BT106480 8380001
.09 GQ03001_K08.1_clone=GQ03001_K08_cluster=GQ03001_K08_status=complete_gb=BT106436 8276143
.89 GQ03001_K08.1_clone=GQ03001_K08_cluster=GQ03001_K08_status=complete_gb=BT106436 8379987
.57 GQ02908_K17.1_clone=GQ02908_K17_cluster=GQ02908_K17_status=complete_gb=BT106387 8379953
.26 GQ02908_K17.1_clone=GQ02908_K17_cluster=GQ02908_K17_status=complete_gb=BT106387 1680014
.37 GQ02908_I11.1_clone=GQ02908_I11_cluster=GQ02908_I11_status=complete_gb=BT106375 3231613
.22 GQ02908_I11.1_clone=GQ02908_I11_cluster=GQ02908_I11_status=complete_gb=BT106375 4685934
.04 GQ02908_I11.1_clone=GQ02908_I11_cluster=GQ02908_I11_status=complete_gb=BT106375 4620337
.34 GQ02908_I08.1_clone=GQ02908_I08_cluster=GQ02908_I08_status=complete_gb=BT106374 4288918
.30 GQ02908_I08.1_clone=GQ02908_I08_cluster=GQ02908_I08_status=complete_gb=BT106374 8257439
.27 GQ02908_I08.1_clone=GQ02908_I08_cluster=GQ02908_I08_status=complete_gb=BT106374 8288751
.35 GQ02907_N04.1_clone=GQ02907_N04_cluster=GQ02907_N04_status=complete_gb=BT106343 8264563
.21 GQ02907_N04.1_clone=GQ02907_N04_cluster=GQ02907_N04_status=complete_gb=BT106343 3217058
.77 GQ02907_L14.4_clone=GQ02907_L14_cluster=GQ02907_L14_status=complete_gb=BT106338 8275727
.27 GQ02907_G01.2_clone=GQ02907_G01_cluster=GQ02907_G01_status=complete_gb=BT106325 8379990
.16 GQ02907_G01.2_clone=GQ02907_G01_cluster=GQ02907_G01_status=complete_gb=BT106325 2291947
.77 GQ02906_O06.1_clone=GQ02906_O06_cluster=GQ02906_O06_status=complete_gb=BT106300 8380021
.71 GQ02906_M17.2_clone=GQ02906_M17_cluster=GQ02906_M17_status=complete_gb=BT106296 8379997
.28 GQ02906_M17.2_clone=GQ02906_M17_cluster=GQ02906_M17_status=complete_gb=BT106296 8262933
.32 GQ02906_K22.1_clone=GQ02906_K22_cluster=GQ02906_K22_status=complete_gb=BT106291 8379910
.28 GQ02906_K15.1_clone=GQ02906_K15_cluster=GQ02906_K15_status=complete_gb=BT106289 681478
.36 GQ02906_H19.1_clone=GQ02906_H19_cluster=GQ02906_H19_status=complete_gb=BT106281 8264513
.23 GQ02906_H19.1_clone=GQ02906_H19_cluster=GQ02906_H19_status=complete_gb=BT106281 1288075
.31 GQ02905_P07.1_clone=GQ02905_P07_cluster=GQ02905_P07_status=complete_gb=BT106252 8261601
.28 GQ02905_P07.1_clone=GQ02905_P07_cluster=GQ02905_P07_status=complete_gb=BT106252 8265962
.89 GQ02905_A12.2_clone=GQ02905_A12_cluster=GQ02905_A12_status=complete_gb=BT106209 8379975
.07 GQ02905_A12.2_clone=GQ02905_A12_cluster=GQ02905_A12_status=complete_gb=BT106209 1921162
.07 GQ02905_A12.2_clone=GQ02905_A12_cluster=GQ02905_A12_status=complete_gb=BT106209 3571532
.05 GQ02905_A12.2_clone=GQ02905_A12_cluster=GQ02905_A12_status=complete_gb=BT106209 4194294
.12 GQ02904_O13.1_clone=GQ02904_O13_cluster=GQ02904_O13_status=complete_gb=BT106202 2231965
.38 GQ02904_O13.1_clone=GQ02904_O13_cluster=GQ02904_O13_status=complete_gb=BT106202 8257750
.20 GQ02904_C21.1_clone=GQ02904_C21_cluster=GQ02904_C21_status=complete_gb=BT106159 625127
.18 GQ02904_C21.1_clone=GQ02904_C21_cluster=GQ02904_C21_status=complete_gb=BT106159 2587139
.39 GQ02903_P04.3_clone=GQ02903_P04_cluster=GQ02903_P04_status=complete_gb=BT106146 8379980
.25 GQ02903_J24.1_clone=GQ02903_J24_cluster=GQ02903_J24_status=complete_gb=BT106134 8280644
.13 GQ02903_J24.1_clone=GQ02903_J24_cluster=GQ02903_J24_status=complete_gb=BT106134 8264964
.08 GQ02903_J24.1_clone=GQ02903_J24_cluster=GQ02903_J24_status=complete_gb=BT106134 1003664
.72 GQ02903_I12.1_clone=GQ02903_I12_cluster=GQ02903_I12_status=complete_gb=BT106129 8379927
.13 GQ02903_I12.1_clone=GQ02903_I12_cluster=GQ02903_I12_status=complete_gb=BT106129 2888827
.10 GQ02903_I12.1_clone=GQ02903_I12_cluster=GQ02903_I12_status=complete_gb=BT106129 2888819
.10 GQ02903_I12.1_clone=GQ02903_I12_cluster=GQ02903_I12_status=complete_gb=BT106129 3379569
.53 GQ02902_C11.2_clone=GQ02902_C11_cluster=GQ02902_C11_status=complete_gb=BT106057 8379981
.32 GQ02902_C11.2_clone=GQ02902_C11_cluster=GQ02902_C11_status=complete_gb=BT106057 8269569
.21 GQ02902_B07.1_clone=GQ02902_B07_cluster=GQ02902_B07_status=complete_gb=BT106052 4984375
.76 GQ02902_B07.1_clone=GQ02902_B07_cluster=GQ02902_B07_status=complete_gb=BT106052 8261660
.35 GQ02901_N03.2_clone=GQ02901_N03_cluster=GQ02901_N03_status=complete_gb=BT106038 8379925
.38 GQ02901_N03.2_clone=GQ02901_N03_cluster=GQ02901_N03_status=complete_gb=BT106038 8265881
.67 GQ02901_M09.3_clone=GQ02901_M09_cluster=GQ02901_M09_status=complete_gb=BT106034 8379922
.17 GQ02901_M09.3_clone=GQ02901_M09_cluster=GQ02901_M09_status=complete_gb=BT106034 8258429
.50 GQ02901_C09.1_clone=GQ02901_C09_cluster=GQ02901_C09_status=complete_gb=BT106002 2098255
.20 GQ02901_C09.1_clone=GQ02901_C09_cluster=GQ02901_C09_status=complete_gb=BT106002 571010
.13 GQ02901_C09.1_clone=GQ02901_C09_cluster=GQ02901_C09_status=complete_gb=BT106002 1865626
.10 GQ02901_C09.1_clone=GQ02901_C09_cluster=GQ02901_C09_status=complete_gb=BT106002 8278593
.49 GQ02901_B20.1_clone=GQ02901_B20_cluster=GQ02901_B20_status=complete_gb=BT105999 8379982
.29 GQ02901_B20.1_clone=GQ02901_B20_cluster=GQ02901_B20_status=complete_gb=BT105999 8269768
.36 GQ02830_G02.1_clone=GQ02830_G02_cluster=GQ02830_G02_status=complete_gb=BT105945 8273099
.27 GQ02830_G02.1_clone=GQ02830_G02_cluster=GQ02830_G02_status=complete_gb=BT105945 2097587
.46 GQ02830_E17.1_clone=GQ02830_E17_cluster=GQ02830_E17_status=complete_gb=BT105937 8379985
.55 GQ02830_C23.1_clone=GQ02830_C23_cluster=GQ02830_C23_status=complete_gb=BT105925 8380016
.27 GQ02830_C23.1_clone=GQ02830_C23_cluster=GQ02830_C23_status=complete_gb=BT105925 2245009
.29 GQ02829_O09.1_clone=GQ02829_O09_cluster=GQ02829_O09_status=complete_gb=BT105902 2294836
.22 GQ02829_O09.1_clone=GQ02829_O09_cluster=GQ02829_O09_status=complete_gb=BT105902 11223
.44 GQ02829_M05.1_clone=GQ02829_M05_cluster=GQ02829_M05_status=complete_gb=BT105889 8379988
.25 GQ02829_M05.1_clone=GQ02829_M05_cluster=GQ02829_M05_status=complete_gb=BT105889 2884732
.18 GQ02829_A20.1_clone=GQ02829_A20_cluster=GQ02829_A20_status=complete_gb=BT105826 1238468
.53 GQ02829_A20.1_clone=GQ02829_A20_cluster=GQ02829_A20_status=complete_gb=BT105826 8267039
.89 GQ02828_O08.1_clone=GQ02828_O08_cluster=GQ02828_O08_status=complete_gb=BT105816 8259191
.10 GQ02828_O08.1_clone=GQ02828_O08_cluster=GQ02828_O08_status=complete_gb=BT105816 2543674
.37 GQ02828_N17.1_clone=GQ02828_N17_cluster=GQ02828_N17_status=complete_gb=BT105813 8261790
.31 GQ02828_N17.1_clone=GQ02828_N17_cluster=GQ02828_N17_status=complete_gb=BT105813 8258354
.19 GQ02828_N17.1_clone=GQ02828_N17_cluster=GQ02828_N17_status=complete_gb=BT105813 8261791
.21 GQ02828_C13.1_clone=GQ02828_C13_cluster=GQ02828_C13_status=complete_gb=BT105767 8264644
.66 GQ02828_C13.1_clone=GQ02828_C13_cluster=GQ02828_C13_status=complete_gb=BT105767 8259275
.17 GQ02827_K12.1_clone=GQ02827_K12_cluster=GQ02827_K12_status=complete_gb=BT105743 8274320
.65 GQ02827_K12.1_clone=GQ02827_K12_cluster=GQ02827_K12_status=complete_gb=BT105743 8258723
.30 GQ02827_I09.1_clone=GQ02827_I09_cluster=GQ02827_I09_status=complete_gb=BT105739 8257328
.25 GQ02827_I09.1_clone=GQ02827_I09_cluster=GQ02827_I09_status=complete_gb=BT105739 3751472
.62 GQ02827_G04.1_clone=GQ02827_G04_cluster=GQ02827_G04_status=complete_gb=BT105735 8379945
.37 GQ02827_G04.1_clone=GQ02827_G04_cluster=GQ02827_G04_status=complete_gb=BT105735 8258412
.83 GQ02826_E24.1_clone=GQ02826_E24_cluster=GQ02826_E24_status=complete_gb=BT105693 8263017
.52 GQ02826_B12.1_clone=GQ02826_B12_cluster=GQ02826_B12_status=complete_gb=BT105683 8379937
.02 GQ02826_B12.1_clone=GQ02826_B12_cluster=GQ02826_B12_status=complete_gb=BT105683 8286076
.45 GQ02826_A19.1_clone=GQ02826_A19_cluster=GQ02826_A19_status=complete_gb=BT105678 8263507
.23 GQ02826_A19.1_clone=GQ02826_A19_cluster=GQ02826_A19_status=complete_gb=BT105678 2671661
.09 GQ02826_A19.1_clone=GQ02826_A19_cluster=GQ02826_A19_status=complete_gb=BT105678 1332659
.06 GQ02826_A19.1_clone=GQ02826_A19_cluster=GQ02826_A19_status=complete_gb=BT105678 1630137
.23 GQ02825_P13.1_clone=GQ02825_P13_cluster=GQ02825_P13_status=complete_gb=BT105670 8290054
.17 GQ02825_P13.1_clone=GQ02825_P13_cluster=GQ02825_P13_status=complete_gb=BT105670 4436819
.18 GQ02825_P13.1_clone=GQ02825_P13_cluster=GQ02825_P13_status=complete_gb=BT105670 2773976
.15 GQ02824_P11.1_clone=GQ02824_P11_cluster=GQ02824_P11_status=complete_gb=BT105610 3065507
.63 GQ02824_P11.1_clone=GQ02824_P11_cluster=GQ02824_P11_status=complete_gb=BT105610 8259936
.56 GQ02824_M01.2_clone=GQ02824_M01_cluster=GQ02824_M01_status=complete_gb=BT105587 8379938
.32 GQ02824_K24.1_clone=GQ02824_K24_cluster=GQ02824_K24_status=complete_gb=BT105579 8262387
.26 GQ02824_K24.1_clone=GQ02824_K24_cluster=GQ02824_K24_status=complete_gb=BT105579 1762665
.84 GQ02824_I06.2_clone=GQ02824_I06_cluster=GQ02824_I06_status=complete_gb=BT105566 8380012
.11 GQ02824_I06.2_clone=GQ02824_I06_cluster=GQ02824_I06_status=complete_gb=BT105566 1215550
.09 GQ02824_I06.2_clone=GQ02824_I06_cluster=GQ02824_I06_status=complete_gb=BT105566 5912970
.45 GQ02824_B13.1_clone=GQ02824_B13_cluster=GQ02824_B13_status=complete_gb=BT105544 8379929
.18 GQ02824_B13.1_clone=GQ02824_B13_cluster=GQ02824_B13_status=complete_gb=BT105544 8372170
.28 GQ02824_A04.1_clone=GQ02824_A04_cluster=GQ02824_A04_status=complete_gb=BT105538 2116451
.31 GQ02823_K22.1_clone=GQ02823_K22_cluster=GQ02823_K22_status=complete_gb=BT105522 8287421
.31 GQ02823_K22.1_clone=GQ02823_K22_cluster=GQ02823_K22_status=complete_gb=BT105522 3521955
.48 GQ02823_G23.1_clone=GQ02823_G23_cluster=GQ02823_G23_status=complete_gb=BT105499 8272630
.32 GQ02823_G23.1_clone=GQ02823_G23_cluster=GQ02823_G23_status=complete_gb=BT105499 4819339
.66 GQ02822_N04.2_clone=GQ02822_N04_cluster=GQ02822_N04_status=complete_gb=BT105461 8257311
.13 GQ02822_N04.2_clone=GQ02822_N04_cluster=GQ02822_N04_status=complete_gb=BT105461 3051180
.12 GQ02822_N04.2_clone=GQ02822_N04_cluster=GQ02822_N04_status=complete_gb=BT105461 2127288
.01 GQ02822_N04.2_clone=GQ02822_N04_cluster=GQ02822_N04_status=complete_gb=BT105461 8257311
.50 GQ02822_G15.1_clone=GQ02822_G15_cluster=GQ02822_G15_status=complete_gb=BT105433 8296120
.38 GQ02822_G15.1_clone=GQ02822_G15_cluster=GQ02822_G15_status=complete_gb=BT105433 8271701
.34 GQ02822_C01.1_clone=GQ02822_C01_cluster=GQ02822_C01_status=complete_gb=BT105414 930479
.25 GQ02822_C01.1_clone=GQ02822_C01_cluster=GQ02822_C01_status=complete_gb=BT105414 2511852
.42 GQ02822_B17.1_clone=GQ02822_B17_cluster=GQ02822_B17_status=complete_gb=BT105411 2221120
.32 GQ02822_B17.1_clone=GQ02822_B17_cluster=GQ02822_B17_status=complete_gb=BT105411 4039644
.72 GQ02821_N14.1_clone=GQ02821_N14_cluster=GQ02821_N14_status=complete_gb=BT105389 8380004
.16 GQ02820_P07.1_clone=GQ02820_P07_cluster=GQ02820_P07_status=complete_gb=BT105329 8284148
.82 GQ02820_P07.1_clone=GQ02820_P07_cluster=GQ02820_P07_status=complete_gb=BT105329 8264679
.25 GQ02820_D14.1_clone=GQ02820_D14_cluster=GQ02820_D14_status=complete_gb=BT105253 8259644
.28 GQ02820_D14.1_clone=GQ02820_D14_cluster=GQ02820_D14_status=complete_gb=BT105253 2934445
.24 GQ02820_D14.1_clone=GQ02820_D14_cluster=GQ02820_D14_status=complete_gb=BT105253 3767001
.35 GQ02819_P18.1_clone=GQ02819_P18_cluster=GQ02819_P18_status=complete_gb=BT105233 8266809
.39 GQ02819_P18.1_clone=GQ02819_P18_cluster=GQ02819_P18_status=complete_gb=BT105233 8379994
.75 GQ02819_P17.2_clone=GQ02819_P17_cluster=GQ02819_P17_status=complete_gb=BT105232 8260053
.53 GQ02819_P12.1_clone=GQ02819_P12_cluster=GQ02819_P12_status=complete_gb=BT105228 8262259
.30 GQ02819_P12.1_clone=GQ02819_P12_cluster=GQ02819_P12_status=complete_gb=BT105228 8257566
.34 GQ02819_H14.2_clone=GQ02819_H14_cluster=GQ02819_H14_status=complete_gb=BT105182 8380024
.26 GQ02819_H14.2_clone=GQ02819_H14_cluster=GQ02819_H14_status=complete_gb=BT105182 8380024
.56 GQ02818_P21.3_clone=GQ02818_P21_cluster=GQ02818_P21_status=complete_gb=BT105133 8380015
.11 GQ02818_P21.3_clone=GQ02818_P21_cluster=GQ02818_P21_status=complete_gb=BT105133 1432302
.12 GQ02818_P21.3_clone=GQ02818_P21_cluster=GQ02818_P21_status=complete_gb=BT105133 1409837
.32 GQ02818_L15.1_clone=GQ02818_L15_cluster=GQ02818_L15_status=complete_gb=BT105112 3914866
.66 GQ02818_L15.1_clone=GQ02818_L15_cluster=GQ02818_L15_status=complete_gb=BT105112 8257163
.44 GQ02818_J19.1_clone=GQ02818_J19_cluster=GQ02818_J19_status=complete_gb=BT105102 8272637
.15 GQ02818_B20.1_clone=GQ02818_B20_cluster=GQ02818_B20_status=complete_gb=BT105054 8261074
.84 GQ02818_B20.1_clone=GQ02818_B20_cluster=GQ02818_B20_status=complete_gb=BT105054 8380013
.37 GQ02817_O19.1_clone=GQ02817_O19_cluster=GQ02817_O19_status=complete_gb=BT105041 8257633
.12 GQ02817_O19.1_clone=GQ02817_O19_cluster=GQ02817_O19_status=complete_gb=BT105041 8269960
.51 GQ02817_E20.1_clone=GQ02817_E20_cluster=GQ02817_E20_status=complete_gb=BT104979 8267982
.15 GQ02817_E20.1_clone=GQ02817_E20_cluster=GQ02817_E20_status=complete_gb=BT104979 1761351
.31 GQ02817_C04.1_clone=GQ02817_C04_cluster=GQ02817_C04_status=complete_gb=BT104966 8266768
.53 GQ02817_C04.1_clone=GQ02817_C04_cluster=GQ02817_C04_status=complete_gb=BT104966 2147758
.35 GQ02816_F10.1_clone=GQ02816_F10_cluster=GQ02816_F10_status=complete_gb=BT104895 1054695
.19 GQ02816_F10.1_clone=GQ02816_F10_cluster=GQ02816_F10_status=complete_gb=BT104895 5601633
.39 GQ02816_D10.1_clone=GQ02816_D10_cluster=GQ02816_D10_status=complete_gb=BT104879 2284203
.08 GQ02816_D10.1_clone=GQ02816_D10_cluster=GQ02816_D10_status=complete_gb=BT104879 8266725
.97 GQ02816_A21.1_clone=GQ02816_A21_cluster=GQ02816_A21_status=complete_gb=BT104868 8380017
.16 GQ02815_O18.1_clone=GQ02815_O18_cluster=GQ02815_O18_status=complete_gb=BT104854 2062159
.32 GQ02815_O18.1_clone=GQ02815_O18_cluster=GQ02815_O18_status=complete_gb=BT104854 2411346
.37 GQ02814_H24.1_clone=GQ02814_H24_cluster=GQ02814_H24_status=complete_gb=BT104759 8379912
.42 GQ02814_H24.1_clone=GQ02814_H24_cluster=GQ02814_H24_status=complete_gb=BT104759 8271481
.20 GQ02813_K05.1_clone=GQ02813_K05_cluster=GQ02813_K05_status=complete_gb=BT104696 766673
.59 GQ02813_K05.1_clone=GQ02813_K05_cluster=GQ02813_K05_status=complete_gb=BT104696 8379935
.84 GQ02813_I17.1_clone=GQ02813_I17_cluster=GQ02813_I17_status=complete_gb=BT104689 8379943
.67 GQ02813_F12.1_clone=GQ02813_F12_cluster=GQ02813_F12_status=complete_gb=BT104673 8260404
.18 GQ02813_F12.1_clone=GQ02813_F12_cluster=GQ02813_F12_status=complete_gb=BT104673 3599540
.75 GQ02813_E19.1_clone=GQ02813_E19_cluster=GQ02813_E19_status=complete_gb=BT104671 8379931
.12 GQ02813_E19.1_clone=GQ02813_E19_cluster=GQ02813_E19_status=complete_gb=BT104671 1715735
.14 GQ02813_E19.1_clone=GQ02813_E19_cluster=GQ02813_E19_status=complete_gb=BT104671 2405534
.10 GQ02813_E19.1_clone=GQ02813_E19_cluster=GQ02813_E19_status=complete_gb=BT104671 4762708
.10 GQ02813_E19.1_clone=GQ02813_E19_cluster=GQ02813_E19_status=complete_gb=BT104671 4186791
.30 GQ02813_C16.1_clone=GQ02813_C16_cluster=GQ02813_C16_status=complete_gb=BT104661 8380000
.23 GQ02813_C16.1_clone=GQ02813_C16_cluster=GQ02813_C16_status=complete_gb=BT104661 1060349
.18 GQ02813_C16.1_clone=GQ02813_C16_cluster=GQ02813_C16_status=complete_gb=BT104661 3654108
.16 GQ02812_O16.1_clone=GQ02812_O16_cluster=GQ02812_O16_status=complete_gb=BT104636 2293089
.41 GQ02812_D15.1_clone=GQ02812_D15_cluster=GQ02812_D15_status=complete_gb=BT104588 1610594
.33 GQ02812_D15.1_clone=GQ02812_D15_cluster=GQ02812_D15_status=complete_gb=BT104588 1867057
.62 GQ02811_J17.1_clone=GQ02811_J17_cluster=GQ02811_J17_status=complete_gb=BT104538 8266341
.20 GQ02811_J17.1_clone=GQ02811_J17_cluster=GQ02811_J17_status=complete_gb=BT104538 1499216
.65 GQ02810_L17.1_clone=GQ02810_L17_cluster=GQ02810_L17_status=complete_gb=BT104471 8379977
.13 GQ02810_L17.1_clone=GQ02810_L17_cluster=GQ02810_L17_status=complete_gb=BT104471 1063019
.29 GQ02810_J12.1_clone=GQ02810_J12_cluster=GQ02810_J12_status=complete_gb=BT104455 8269397
.19 GQ02810_J12.1_clone=GQ02810_J12_cluster=GQ02810_J12_status=complete_gb=BT104455 8258500
.36 GQ02810_A05.1_clone=GQ02810_A05_cluster=GQ02810_A05_status=complete_gb=BT104403 8267767
.54 GQ02810_A05.1_clone=GQ02810_A05_cluster=GQ02810_A05_status=complete_gb=BT104403 8379995
.89 GQ02809_L21.1_clone=GQ02809_L21_cluster=GQ02809_L21_status=complete_gb=BT104378 8380023
.32 GQ02809_K09.1_clone=GQ02809_K09_cluster=GQ02809_K09_status=complete_gb=BT104370 902478
.30 GQ02809_K09.1_clone=GQ02809_K09_cluster=GQ02809_K09_status=complete_gb=BT104370 1155364
.78 GQ02808_F23.1_clone=GQ02808_F23_cluster=GQ02808_F23_status=complete_gb=BT104262 8379957
.09 GQ02808_F23.1_clone=GQ02808_F23_cluster=GQ02808_F23_status=complete_gb=BT104262 110481
.17 GQ02808_F05.1_clone=GQ02808_F05_cluster=GQ02808_F05_status=complete_gb=BT104258 1667003
.22 GQ02808_D15.1_clone=GQ02808_D15_cluster=GQ02808_D15_status=complete_gb=BT104246 8259919
.38 GQ02808_D15.1_clone=GQ02808_D15_cluster=GQ02808_D15_status=complete_gb=BT104246 8263041
.18 GQ02808_C10.1_clone=GQ02808_C10_cluster=GQ02808_C10_status=complete_gb=BT104240 4399443
.41 GQ02808_C10.1_clone=GQ02808_C10_cluster=GQ02808_C10_status=complete_gb=BT104240 8264957
.19 GQ02808_B16.1_clone=GQ02808_B16_cluster=GQ02808_B16_status=complete_gb=BT104235 8263602
.38 GQ02808_B16.1_clone=GQ02808_B16_cluster=GQ02808_B16_status=complete_gb=BT104235 1731044
.36 GQ02806_P11.1_clone=GQ02806_P11_cluster=GQ02806_P11_status=complete_gb=BT104148 8379905
.24 GQ02806_P11.1_clone=GQ02806_P11_cluster=GQ02806_P11_status=complete_gb=BT104148 1863097
.21 GQ02806_L08.1_clone=GQ02806_L08_cluster=GQ02806_L08_status=complete_gb=BT104120 2861754
.33 GQ02806_L08.1_clone=GQ02806_L08_cluster=GQ02806_L08_status=complete_gb=BT104120 1833653
.46 GQ02806_G04.1_clone=GQ02806_G04_cluster=GQ02806_G04_status=complete_gb=BT104095 518320
.21 GQ02806_G04.1_clone=GQ02806_G04_cluster=GQ02806_G04_status=complete_gb=BT104095 3341472
.20 GQ02806_G04.1_clone=GQ02806_G04_cluster=GQ02806_G04_status=complete_gb=BT104095 1645160
.26 GQ02805_H15.1_clone=GQ02805_H15_cluster=GQ02805_H15_status=complete_gb=BT104018 8258587
.68 GQ02804_N05.1_clone=GQ02804_N05_cluster=GQ02804_N05_status=complete_gb=BT103975 8257590
.23 GQ02804_M05.2_clone=GQ02804_M05_cluster=GQ02804_M05_status=complete_gb=BT103968 8258940
.10 GQ02804_M05.2_clone=GQ02804_M05_cluster=GQ02804_M05_status=complete_gb=BT103968 8257414
.21 GQ02804_H17.1_clone=GQ02804_H17_cluster=GQ02804_H17_status=complete_gb=BT103942 8257804
.19 GQ02804_H17.1_clone=GQ02804_H17_cluster=GQ02804_H17_status=complete_gb=BT103942 675097
.38 GQ02803_P16.1_clone=GQ02803_P16_cluster=GQ02803_P16_status=complete_gb=BT103906 1911065
.36 GQ02803_P16.1_clone=GQ02803_P16_cluster=GQ02803_P16_status=complete_gb=BT103906 8267031
.44 GQ02803_N10.1_clone=GQ02803_N10_cluster=GQ02803_N10_status=complete_gb=BT103897 8258790
.21 GQ02803_N10.1_clone=GQ02803_N10_cluster=GQ02803_N10_status=complete_gb=BT103897 8271691
.79 GQ02803_L21.1_clone=GQ02803_L21_cluster=GQ02803_L21_status=complete_gb=BT103891 8379904
.36 GQ02803_J23.1_clone=GQ02803_J23_cluster=GQ02803_J23_status=complete_gb=BT103883 8379998
.21 GQ02803_J23.1_clone=GQ02803_J23_cluster=GQ02803_J23_status=complete_gb=BT103883 2832776
.28 GQ02803_B08.1_clone=GQ02803_B08_cluster=GQ02803_B08_status=complete_gb=BT103853 8258257
.17 GQ02803_B08.1_clone=GQ02803_B08_cluster=GQ02803_B08_status=complete_gb=BT103853 2013235
.23 GQ02802_I24.1_clone=GQ02802_I24_cluster=GQ02802_I24_status=complete_gb=BT103811 8257400
.13 GQ02802_I24.1_clone=GQ02802_I24_cluster=GQ02802_I24_status=complete_gb=BT103811 8379979
.59 GQ02802_C02.1_clone=GQ02802_C02_cluster=GQ02802_C02_status=complete_gb=BT103787 8380005
.21 GQ02802_C02.1_clone=GQ02802_C02_cluster=GQ02802_C02_status=complete_gb=BT103787 8298689
.41 GQ02802_A10.1_clone=GQ02802_A10_cluster=GQ02802_A10_status=complete_gb=BT103780 8262966
.08 GQ02802_A10.1_clone=GQ02802_A10_cluster=GQ02802_A10_status=complete_gb=BT103780 3095879
.34 GQ02801_F17.1_clone=GQ02801_F17_cluster=GQ02801_F17_status=complete_gb=BT103737 8277717
.17 GQ02801_F17.1_clone=GQ02801_F17_cluster=GQ02801_F17_status=complete_gb=BT103737 4504606
.55 GQ02801_E06.1_clone=GQ02801_E06_cluster=GQ02801_E06_status=complete_gb=BT103730 710641
.30 GQ02801_E06.1_clone=GQ02801_E06_cluster=GQ02801_E06_status=complete_gb=BT103730 2180692
.42 GQ02754_G07.2_clone=GQ02754_G07_cluster=GQ02754_G07_status=5 2251479
.13 GQ02754_G07.2_clone=GQ02754_G07_cluster=GQ02754_G07_status=5 8312431
.26 GQ027120_D12.2_clone=GQ027120_D12_cluster=GQ027120_D12_status=5 1629873
.21 GQ027120_D12.2_clone=GQ027120_D12_cluster=GQ027120_D12_status=5 8258208
.96 GQ0269_F03.1_clone=GQ0269_F03_cluster=GQ0269_F03_status=complete_gb=BT103651 8264048
.47 GQ0258_E05.1_clone=GQ0258_E05_cluster=GQ0258_E05_status=complete_gb=BT103592 1313183
.24 GQ0258_E05.1_clone=GQ0258_E05_cluster=GQ0258_E05_status=complete_gb=BT103592 1574671
.17 GQ0258_E05.1_clone=GQ0258_E05_cluster=GQ0258_E05_status=complete_gb=BT103592 8293123
.44 GQ0256_L14.1_clone=GQ0256_L14_cluster=GQ0256_L14_status=complete_gb=BT103551 3313819
.07 GQ0256_L14.1_clone=GQ0256_L14_cluster=GQ0256_L14_status=complete_gb=BT103551 2584091
.43 GQ0252_L06.1_clone=GQ0252_L06_cluster=GQ0252_L06_status=3 437505
.83 GQ0251_K21.1_clone=GQ0251_K21_cluster=GQ0251_K21_status=complete_gb=BT103424 8283472
.16 GQ0251_K21.1_clone=GQ0251_K21_cluster=GQ0251_K21_status=complete_gb=BT103424 8293989
.21 GQ0251_J22.1_clone=GQ0251_J22_cluster=GQ0251_J22_status=3 3368441
.12 GQ0251_J22.1_clone=GQ0251_J22_cluster=GQ0251_J22_status=3 8261480
.27 GQ02511_G04.1_clone=GQ02511_G04_cluster=GQ02511_G04_status=complete_gb=BT103378 8280129
.27 GQ02511_G04.1_clone=GQ02511_G04_cluster=GQ02511_G04_status=complete_gb=BT103378 2482107
.19 GQ02511_G04.1_clone=GQ02511_G04_cluster=GQ02511_G04_status=complete_gb=BT103378 3246558
.33 GQ02511_B20.1_clone=GQ02511_B20_cluster=GQ02511_B20_status=complete_gb=BT103367 1980962
.12 GQ02511_B20.1_clone=GQ02511_B20_cluster=GQ02511_B20_status=complete_gb=BT103367 4894399
.04 GQ02511_B20.1_clone=GQ02511_B20_cluster=GQ02511_B20_status=complete_gb=BT103367 3441268
.05 GQ02511_B20.1_clone=GQ02511_B20_cluster=GQ02511_B20_status=complete_gb=BT103367 3228558
.03 GQ02511_B20.1_clone=GQ02511_B20_cluster=GQ02511_B20_status=complete_gb=BT103367 4434362
.86 GQ0228_O09.1_clone=GQ0228_O09_cluster=GQ0228_O09_status=3 8257484
.12 GQ0228_O09.1_clone=GQ0228_O09_cluster=GQ0228_O09_status=3 1989789
.08 GQ0228_O09.1_clone=GQ0228_O09_cluster=GQ0228_O09_status=3 2143215
.36 GQ0222_G20.1_clone=GQ0222_G20_cluster=GQ0222_G20_status=complete_gb=BT103266 8379915
.37 GQ0222_G20.1_clone=GQ0222_G20_cluster=GQ0222_G20_status=complete_gb=BT103266 8261556
.27 GQ0222_F19.1_clone=GQ0222_F19_cluster=GQ0222_F19_status=complete_gb=BT103264 2362825
.24 GQ0222_F19.1_clone=GQ0222_F19_cluster=GQ0222_F19_status=complete_gb=BT103264 8265650
.10 GQ0222_F19.1_clone=GQ0222_F19_cluster=GQ0222_F19_status=complete_gb=BT103264 1487300
.32 GQ0221_E04.1_clone=GQ0221_E04_cluster=GQ0221_E04_status=complete_gb=BT103254 2031421
.30 GQ0221_E04.1_clone=GQ0221_E04_cluster=GQ0221_E04_status=complete_gb=BT103254 8379968
.09 GQ0209_O11.1_clone=GQ0209_O11_cluster=GQ0209_O11_status=3 8379940
.89 GQ0209_O11.1_clone=GQ0209_O11_cluster=GQ0209_O11_status=3 8379940
.41 GQ0208_N02.1_clone=GQ0208_N02_cluster=GQ0208_N02_status=complete_gb=BT103220 8262752
.25 GQ0208_N02.1_clone=GQ0208_N02_cluster=GQ0208_N02_status=complete_gb=BT103220 8262749
.16 GQ0208_N02.1_clone=GQ0208_N02_cluster=GQ0208_N02_status=complete_gb=BT103220 3051884
.46 GQ0207_J14.1_clone=GQ0207_J14_cluster=GQ0207_J14_status=53 8380009
.48 GQ0207_D24.1_clone=GQ0207_D24_cluster=GQ0207_D24_status=53 8380006
.16 GQ0207_D24.1_clone=GQ0207_D24_cluster=GQ0207_D24_status=53 8269211
.67 GQ0206_P12.1_clone=GQ0206_P12_cluster=GQ0206_P12_status=complete_gb=BT103124 8379973
.10 GQ0206_P12.1_clone=GQ0206_P12_cluster=GQ0206_P12_status=complete_gb=BT103124 8295579
.65 GQ0206_L05.1_clone=GQ0206_L05_cluster=GQ0206_L05_status=complete_gb=BT103104 8262450
.19 GQ0206_L05.1_clone=GQ0206_L05_cluster=GQ0206_L05_status=complete_gb=BT103104 8258942
.14 GQ0206_L05.1_clone=GQ0206_L05_cluster=GQ0206_L05_status=complete_gb=BT103104 2134879
.12 GQ0206_L05.1_clone=GQ0206_L05_cluster=GQ0206_L05_status=complete_gb=BT103104 2629404
.45 GQ0206_I19.1_clone=GQ0206_I19_cluster=GQ0206_I19_status=complete_gb=BT103096 8379909
.23 GQ0205_M04.1_clone=GQ0205_M04_cluster=GQ0205_M04_status=complete_gb=BT103052 8264824
.39 GQ0205_M04.1_clone=GQ0205_M04_cluster=GQ0205_M04_status=complete_gb=BT103052 8379944
.12 GQ0205_G19.1_clone=GQ0205_G19_cluster=GQ0205_G19_status=complete_gb=BT103038 4469289
.73 GQ0205_G19.1_clone=GQ0205_G19_cluster=GQ0205_G19_status=complete_gb=BT103038 8380022
.70 GQ0205_E02.1_clone=GQ0205_E02_cluster=GQ0205_E02_status=complete_gb=BT103029 8266329
.15 GQ0205_E02.1_clone=GQ0205_E02_cluster=GQ0205_E02_status=complete_gb=BT103029 3427175
.05 GQ0205_E02.1_clone=GQ0205_E02_cluster=GQ0205_E02_status=complete_gb=BT103029 2007308
.30 GQ0203_O08.1_clone=GQ0203_O08_cluster=GQ0203_O08_status=complete_gb=BT102952 8258288
.61 GQ0203_O08.1_clone=GQ0203_O08_cluster=GQ0203_O08_status=complete_gb=BT102952 8263910
.52 GQ0203_N12.1_clone=GQ0203_N12_cluster=GQ0203_N12_status=complete_gb=BT102951 2622889
.37 GQ0203_N12.1_clone=GQ0203_N12_cluster=GQ0203_N12_status=complete_gb=BT102951 546045
.43 GQ0203_N12.1_clone=GQ0203_N12_cluster=GQ0203_N12_status=complete_gb=BT102951 8265923
.19 GQ0203_K04.1_clone=GQ0203_K04_cluster=GQ0203_K04_status=53 1144070
.10 GQ0203_K04.1_clone=GQ0203_K04_cluster=GQ0203_K04_status=53 8258480
.31 GQ0203_I22.1_clone=GQ0203_I22_cluster=GQ0203_I22_status=complete_gb=BT102936 8261898
.14 GQ0203_I22.1_clone=GQ0203_I22_cluster=GQ0203_I22_status=complete_gb=BT102936 5441819
.26 GQ0202_P19.1_clone=GQ0202_P19_cluster=GQ0202_P19_status=complete_gb=BT102910 2028971
.21 GQ0202_F06.1_clone=GQ0202_F06_cluster=GQ0202_F06_status=complete_gb=BT102882 2286823
.42 GQ0202_F06.1_clone=GQ0202_F06_cluster=GQ0202_F06_status=complete_gb=BT102882 8264274
.31 GQ0201_J20.1_clone=GQ0201_J20_cluster=GQ0201_J20_status=complete_gb=BT102848 8379949
.16 GQ0201_J20.1_clone=GQ0201_J20_cluster=GQ0201_J20_status=complete_gb=BT102848 1438304
.26 GQ02011_F23.1_clone=GQ02011_F23_cluster=GQ02011_F23_status=3 5227270
.40 GQ02011_C18.1_clone=GQ02011_C18_cluster=GQ02011_C18_status=complete_gb=BT102688 8313262
.16 GQ02011_C18.1_clone=GQ02011_C18_cluster=GQ02011_C18_status=complete_gb=BT102688 8257468
.15 GQ02010_N16.1_clone=GQ02010_N16_cluster=GQ02010_N16_status=complete_gb=BT102674 900432
.22 GQ02010_N16.1_clone=GQ02010_N16_cluster=GQ02010_N16_status=complete_gb=BT102674 8379941
.06 GQ02010_N13.1_clone=GQ02010_N13_cluster=GQ02010_N13_status=3 5667202
.88 GQ02010_N13.1_clone=GQ02010_N13_cluster=GQ02010_N13_status=3 8379950
.25 GQ0198_M22.1_clone=GQ0198_M22_cluster=GQ0198_M22_status=complete_gb=BT102643 8260562
.25 GQ0198_M22.1_clone=GQ0198_M22_cluster=GQ0198_M22_status=complete_gb=BT102643 8262668
.15 GQ0198_M22.1_clone=GQ0198_M22_cluster=GQ0198_M22_status=complete_gb=BT102643 8266086
.14 GQ0198_J20.1_clone=GQ0198_J20_cluster=GQ0198_J20_status=53 8262478
.06 GQ0198_J20.1_clone=GQ0198_J20_cluster=GQ0198_J20_status=53 8327959
.39 GQ0196_O20.1_clone=GQ0196_O20_cluster=GQ0196_O20_status=complete_gb=BT102573 8269649
.22 GQ0196_O20.1_clone=GQ0196_O20_cluster=GQ0196_O20_status=complete_gb=BT102573 3151873
.41 GQ0196_N08.1_clone=GQ0196_N08_cluster=GQ0196_N08_status=complete_gb=BT102571 1281175
.37 GQ0196_N08.1_clone=GQ0196_N08_cluster=GQ0196_N08_status=complete_gb=BT102571 8264485
.76 GQ0196_G06.2_clone=GQ0196_G06_cluster=GQ0196_G06_status=5 230686
.89 GQ0196_C01.1_clone=GQ0196_C01_cluster=GQ0196_C01_status=complete_gb=BT102534 8258147
.28 GQ0195_M16.1_clone=GQ0195_M16_cluster=GQ0195_M16_status=complete_gb=BT102510 3133754
.13 GQ0195_M16.1_clone=GQ0195_M16_cluster=GQ0195_M16_status=complete_gb=BT102510 3292616
.13 GQ0195_M16.1_clone=GQ0195_M16_cluster=GQ0195_M16_status=complete_gb=BT102510 2906038
.68 GQ0195_L07.1_clone=GQ0195_L07_cluster=GQ0195_L07_status=complete_gb=BT102507 8257784
.24 GQ0195_L07.1_clone=GQ0195_L07_cluster=GQ0195_L07_status=complete_gb=BT102507 3614383
.73 GQ0195_I09.1_clone=GQ0195_I09_cluster=GQ0195_I09_status=complete_gb=BT102500 8379923
.17 GQ0195_I09.1_clone=GQ0195_I09_cluster=GQ0195_I09_status=complete_gb=BT102500 4965890
.26 GQ0195_H18.1_clone=GQ0195_H18_cluster=GQ0195_H18_status=complete_gb=BT102497 8305961
.20 GQ0195_H18.1_clone=GQ0195_H18_cluster=GQ0195_H18_status=complete_gb=BT102497 1021525
.62 GQ0195_D01.1_clone=GQ0195_D01_cluster=GQ0195_D01_status=complete_gb=BT102479 8380010
.15 GQ0195_D01.1_clone=GQ0195_D01_cluster=GQ0195_D01_status=complete_gb=BT102479 1568551
.15 GQ0193_M04.1_clone=GQ0193_M04_cluster=GQ0193_M04_status=3 5471221
.54 GQ0193_M04.1_clone=GQ0193_M04_cluster=GQ0193_M04_status=3 8275161
.80 GQ0182_A02.1_clone=GQ0182_A02_cluster=GQ0182_A02_status=complete_gb=BT102351 8379917
.56 GQ0178_O22.1_clone=GQ0178_O22_cluster=GQ0178_O22_status=3 8259517
.26 GQ0178_O22.1_clone=GQ0178_O22_cluster=GQ0178_O22_status=3 1465488
.19 GQ0173_N14.1_clone=GQ0173_N14_cluster=GQ0173_N14_status=complete_gb=BT102269 1330046
.80 GQ0173_N14.1_clone=GQ0173_N14_cluster=GQ0173_N14_status=complete_gb=BT102269 8259803
.37 GQ0168_I04.1_clone=GQ0168_I04_cluster=GQ0168_I04_status=complete_gb=BT102199 8265649
.34 GQ0167_O21.1_clone=GQ0167_O21_cluster=GQ0167_O21_status=complete_gb=BT102176 8380014
.35 GQ0167_A12.1_clone=GQ0167_A12_cluster=GQ0167_A12_status=complete_gb=BT102135 8265923
.18 GQ0167_A12.1_clone=GQ0167_A12_cluster=GQ0167_A12_status=complete_gb=BT102135 3514518
.28 GQ0166_H02.1_clone=GQ0166_H02_cluster=GQ0166_H02_status=complete_gb=BT102102 3458103
.58 GQ0166_H02.1_clone=GQ0166_H02_cluster=GQ0166_H02_status=complete_gb=BT102102 8276868
.99 GQ0165_M19.2_clone=GQ0165_M19_cluster=GQ0165_M19_status=complete_gb=BT102076 8379991
.45 GQ0164_N20.1_clone=GQ0164_N20_cluster=GQ0164_N20_status=complete_gb=BT102042 8267410
.16 GQ0134_H08.1_clone=GQ0134_H08_cluster=GQ0134_H08_status=complete_gb=BT101958 3950118
.49 GQ0134_H08.1_clone=GQ0134_H08_cluster=GQ0134_H08_status=complete_gb=BT101958 8267636
.75 GQ0133_N18.2_clone=GQ0133_N18_cluster=GQ0133_N18_status=complete_gb=BT101941 8379967
.13 GQ0133_N18.2_clone=GQ0133_N18_cluster=GQ0133_N18_status=complete_gb=BT101941 8257291
.30 GQ0133_I15.1_clone=GQ0133_I15_cluster=GQ0133_I15_status=5 4346868
.46 GQ0133_I15.1_clone=GQ0133_I15_cluster=GQ0133_I15_status=5 3526617
.34 GQ0132_E10.1_clone=GQ0132_E10_cluster=GQ0132_E10_status=complete_gb=BT101877 8259361
.32 GQ0132_E10.1_clone=GQ0132_E10_cluster=GQ0132_E10_status=complete_gb=BT101877 1881261
.30 GQ0131_H20.1_clone=GQ0131_H20_cluster=GQ0131_H20_status=complete_gb=BT101835 8257438
.69 GQ0131_H20.1_clone=GQ0131_H20_cluster=GQ0131_H20_status=complete_gb=BT101835 349459
.25 GQ01308_J05.1_clone=GQ01308_J05_cluster=GQ01308_J05_status=complete_gb=BT101593 1130759
.19 GQ01308_J05.1_clone=GQ01308_J05_cluster=GQ01308_J05_status=complete_gb=BT101593 2125316
.18 GQ01308_J05.1_clone=GQ01308_J05_cluster=GQ01308_J05_status=complete_gb=BT101593 5922079
.49 GQ01306_L11.3_clone=GQ01306_L11_cluster=GQ01306_L11_status=complete_gb=BT101534 8379974
.12 GQ01306_L11.3_clone=GQ01306_L11_cluster=GQ01306_L11_status=complete_gb=BT101534 2804115
.11 GQ01306_L11.3_clone=GQ01306_L11_cluster=GQ01306_L11_status=complete_gb=BT101534 529964
.11 GQ01306_L11.3_clone=GQ01306_L11_cluster=GQ01306_L11_status=complete_gb=BT101534 1566352
.10 GQ01306_L11.3_clone=GQ01306_L11_cluster=GQ01306_L11_status=complete_gb=BT101534 1756565
.03 GQ01304_E06.1_clone=GQ01304_E06_cluster=GQ01304_E06_status=5 1540925
.50 GQ0083_B18.1_clone=GQ0083_B18_cluster=GQ0083_B18_status=complete_gb=BT101259 8278085
.19 GQ0083_B18.1_clone=GQ0083_B18_cluster=GQ0083_B18_status=complete_gb=BT101259 2680043
.58 GQ0082_F08.1_clone=GQ0082_F08_cluster=GQ0082_F08_status=complete_gb=BT101254 2694136
.24 GQ0082_F08.1_clone=GQ0082_F08_cluster=GQ0082_F08_status=complete_gb=BT101254 8264909
.63 GQ0069_F04.1_clone=GQ0069_F04_cluster=GQ0069_F04_status=complete_gb=BT101154 8269553
.23 GQ0069_F04.1_clone=GQ0069_F04_cluster=GQ0069_F04_status=complete_gb=BT101154 4992359
.21 GQ0069_F04.1_clone=GQ0069_F04_cluster=GQ0069_F04_status=complete_gb=BT101154 3246569
.51 GQ0067_J01.1_clone=GQ0067_J01_cluster=GQ0067_J01_status=complete_gb=BT101101 8267194
.38 GQ0067_J01.1_clone=GQ0067_J01_cluster=GQ0067_J01_status=complete_gb=BT101101 8267193
.35 GQ0049_G14.1_clone=GQ0049_G14_cluster=GQ0049_G14_status=complete_gb=BT100893 8258449
.22 GQ0049_G14.1_clone=GQ0049_G14_cluster=GQ0049_G14_status=complete_gb=BT100893 8275730
