/projects/spruce_assembly/PG/PG77111/genome/data/gsc/PET/IX2298-1..1_lane1_ATCACG_L001_R1_001.fastq.gz	42881319
/projects/spruce_assembly/PG/PG77111/genome/data/gsc/PET/IX2298-1..1_lane1_CGATGT_L001_R1_001.fastq.gz	52053873
/projects/spruce_assembly/PG/PG77111/genome/data/gsc/PET/IX2298-1..1_lane1_TGACCA_L001_R1_001.fastq.gz	58267853
/projects/spruce_assembly/PG/PG77111/genome/data/gsc/PET/IX2298-1..1_lane1_TTAGGC_L001_R1_001.fastq.gz	48960126
/projects/spruce_assembly/PG/PG77111/genome/data/gsc/PET/IX2298-1..1_lane2_ATCACG_L002_R1_001.fastq.gz	44932160
/projects/spruce_assembly/PG/PG77111/genome/data/gsc/PET/IX2298-1..1_lane2_CGATGT_L002_R1_001.fastq.gz	54241426
/projects/spruce_assembly/PG/PG77111/genome/data/gsc/PET/IX2298-1..1_lane2_TGACCA_L002_R1_001.fastq.gz	60628958
/projects/spruce_assembly/PG/PG77111/genome/data/gsc/PET/IX2298-1..1_lane2_TTAGGC_L002_R1_001.fastq.gz	51177547
/projects/spruce_assembly/PG/PG77111/genome/data/gsc/PET/IX2298-1..3_lane1_ATCACG_L001_R1_001.fastq.gz	42003355
/projects/spruce_assembly/PG/PG77111/genome/data/gsc/PET/IX2298-1..3_lane1_CGATGT_L001_R1_001.fastq.gz	50599834
/projects/spruce_assembly/PG/PG77111/genome/data/gsc/PET/IX2298-1..3_lane1_TGACCA_L001_R1_001.fastq.gz	56883236
/projects/spruce_assembly/PG/PG77111/genome/data/gsc/PET/IX2298-1..3_lane1_TTAGGC_L001_R1_001.fastq.gz	48173554
/projects/spruce_assembly/PG/PG77111/genome/data/gsc/PET/IX2298-1..3_lane2_ATCACG_L002_R1_001.fastq.gz	44769605
/projects/spruce_assembly/PG/PG77111/genome/data/gsc/PET/IX2298-1..3_lane2_CGATGT_L002_R1_001.fastq.gz	54201182
/projects/spruce_assembly/PG/PG77111/genome/data/gsc/PET/IX2298-1..3_lane2_TGACCA_L002_R1_001.fastq.gz	60755164
/projects/spruce_assembly/PG/PG77111/genome/data/gsc/PET/IX2298-1..3_lane2_TTAGGC_L002_R1_001.fastq.gz	51273029
/home/aldente/private/Projects/SMarTForest/EX0002/AnalyzedData/EX0002-1./Solexa/Data/current/BaseCalls/Lane_1/s_1_1_001_GTCCGC.fastq.gz	17829466
/home/aldente/private/Projects/SMarTForest/EX0002/AnalyzedData/EX0002-1./Solexa/Data/current/BaseCalls/Lane_1/s_1_2_001_GTCCGC.fastq.gz	17829466
/projects/spruce_assembly/PG/PG77111/genome/data/mcgill/HI.1328.001.Index_18.WS77111-pool_R1.fastq.gz	155670130
/projects/spruce_assembly/PG/PG77111/genome/data/mcgill/HI.1328.002.Index_18.WS77111-pool_R1.fastq.gz	157716279
/projects/spruce_assembly/PG/PG77111/genome/data/mcgill/HI.1329.001.Index_21.WS77111-pool_R1.fastq.gz	161494052
/projects/spruce_assembly/PG/PG77111/genome/data/mcgill/HI.1329.002.Index_21.WS77111-pool_R1.fastq.gz	160824626
/projects/spruce_assembly/PG/PG77111/genome/data/mcgill/HI.1337.001.Index_19.WS77111-pool_R1.fastq.gz	102263869
/projects/spruce_assembly/PG/PG77111/genome/data/mcgill/HI.1337.002.Index_19.WS77111-pool_R1.fastq.gz	104590036
/projects/spruce_assembly/PG/PG77111/genome/data/mcgill/HI.1338.001.Index_20.WS77111-pool_R1.fastq.gz	85070068
/projects/spruce_assembly/PG/PG77111/genome/data/mcgill/HI.1338.002.Index_20.WS77111-pool_R1.fastq.gz	78353871
/projects/spruce_assembly/PG/PG77111/genome/data/mcgill/HI.1340.007.Index_15.WS77111-pool_R1.fastq.gz	170550635
/projects/spruce_assembly/PG/PG77111/genome/data/mcgill/HI.1340.008.Index_15.WS77111-pool_R1.fastq.gz	171168472
/projects/spruce_assembly/PG/PG77111/genome/data/mcgill/HI.1347.001.Index_22.WS77111-pool_R1.fastq.gz	116990311
/projects/spruce_assembly/PG/PG77111/genome/data/mcgill/HI.1347.002.Index_22.WS77111-pool_R1.fastq.gz	120026925
/projects/spruce_assembly/PG/PG77111/genome/data/mcgill/HI.1349.001.Index_23.WS77111-pool_R1.fastq.gz	161030750
/projects/spruce_assembly/PG/PG77111/genome/data/mcgill/HI.1349.002.Index_23.WS77111-pool_R1.fastq.gz	160202537
/projects/spruce_assembly/PG/PG77111/genome/data/mcgill/HI.1358.001.Index_25.WS77111-pool_R1.fastq.gz	162620070
/projects/spruce_assembly/PG/PG77111/genome/data/mcgill/HI.1358.002.Index_25.WS77111-pool_R1.fastq.gz	162684160
/projects/spruce_assembly/PG/PG77111/genome/data/mcgill/HI.1364.001.Index_27.WS77111-pool_R1.fastq.gz	143424652
/projects/spruce_assembly/PG/PG77111/genome/data/mcgill/HI.1364.002.Index_27.WS77111-pool_R1.fastq.gz	143687758
/projects/spruce_assembly/PG/PG77111/genome/data/mcgill/HI.1365.001.Index_19.WS77111-pool_R1.fastq.gz	25785025
/projects/spruce_assembly/PG/PG77111/genome/data/mcgill/HI.1365.001.Index_20.WS77111-pool_R1.fastq.gz	51256596
/projects/spruce_assembly/PG/PG77111/genome/data/mcgill/HI.1365.001.Index_22.WS77111-pool_R1.fastq.gz	28080503
/projects/spruce_assembly/PG/PG77111/genome/data/mcgill/HI.1365.002.Index_19.WS77111-pool_R1.fastq.gz	23284187
/projects/spruce_assembly/PG/PG77111/genome/data/mcgill/HI.1365.002.Index_20.WS77111-pool_R1.fastq.gz	46375702
/projects/spruce_assembly/PG/PG77111/genome/data/mcgill/HI.1365.002.Index_22.WS77111-pool_R1.fastq.gz	25475347
/projects/spruce_assembly/PG/PG77111/genome/data/mcgill/HI.1369.003.Index_16.WS77111-pool_R1.fastq.gz	190914514
/projects/spruce_assembly/PG/PG77111/genome/data/mcgill/HI.1369.004.Index_16.WS77111-pool_R1.fastq.gz	189938396
/projects/spruce_assembly/PG/PG77111/genome/data/mcgill/HI.1369.005.Index_18.WS77111-pool_R1.fastq.gz	166290631
/projects/spruce_assembly/PG/PG77111/genome/data/mcgill/HI.1369.006.Index_18.WS77111-pool_R1.fastq.gz	166683751
/projects/spruce_assembly/PG/PG77111/genome/data/mcgill/HI.1369.007.Index_19.WS77111-pool_R1.fastq.gz	205481197
/projects/spruce_assembly/PG/PG77111/genome/data/mcgill/HI.1369.008.Index_19.WS77111-pool_R1.fastq.gz	204009612
