.98 maker-168190780-snap-gene-0.48-mRNA-1 3664515 cdhitput-4_10=iteration.1extra
.99 augustus_masked-168530724-processed-gene-0.0-mRNA-1 3664495 cdhitput-4_10=iteration.1extra
.95 maker-163475262-augustus-gene-0.3-mRNA-1 3664223 cdhitput-4_10=iteration.1extra
.92 maker-167998797-snap-gene-0.12-mRNA-1 3664501 cdhitput-4_10=iteration.1extra
.93 augustus_masked-168183393-processed-gene-0.0-mRNA-1 3585372 cdhitput-4_10=iteration.1extra
.99 augustus_masked-164913955-processed-gene-0.0-mRNA-1 3500943 cdhitput-4_10=iteration.1extra
.92 augustus_masked-168295788-processed-gene-0.2-mRNA-1 3664272 cdhitput-4_10=iteration.1extra
.99 maker-168431040-augustus-gene-0.72-mRNA-1 3664310 cdhitput-4_10=iteration.1extra
.91 genemark-168548835-processed-gene-0.27-mRNA-1 3554869 cdhitput-4_10=iteration.2extra
.90 maker-167973355-augustus-gene-0.23-mRNA-1 3554820 cdhitput-4_10=iteration.2extra
.99 maker-164713870-snap-gene-0.4-mRNA-1 3554718 cdhitput-4_10=iteration.2extra
.99 augustus_masked-168499159-processed-gene-0.1-mRNA-1 3554802 cdhitput-4_10=iteration.2extra
.96 augustus_masked-168349433-processed-gene-0.10-mRNA-1 3554876 cdhitput-4_10=iteration.2extra
.95 maker-168526904-snap-gene-0.28-mRNA-1 3554866 cdhitput-4_10=iteration.2extra
.99 maker-168228746-augustus-gene-0.96-mRNA-1 3554875 cdhitput-4_10=iteration.2extra
.99 augustus_masked-164361246-processed-gene-0.0-mRNA-1 3554567 cdhitput-4_10=iteration.2extra
.90 maker-167833934-snap-gene-0.10-mRNA-1 3554842 cdhitput-4_10=iteration.2extra
.99 maker-167837042-augustus-gene-0.7-mRNA-1 3554686 cdhitput-4_10=iteration.2extra
.99 maker-164378945-snap-gene-0.5-mRNA-1 3554806 cdhitput-4_10=iteration.2extra
.99 maker-164939322-augustus-gene-0.3-mRNA-1 3554834 cdhitput-4_10=iteration.2extra
.99 augustus_masked-168183681-processed-gene-0.1-mRNA-1 3554819 cdhitput-4_10=iteration.2extra
.99 maker-167974010-augustus-gene-0.24-mRNA-1 3554764 cdhitput-4_10=iteration.2extra
.99 maker-163947220-augustus-gene-0.4-mRNA-1 3554860 cdhitput-4_10=iteration.2extra
.98 maker-166744591-snap-gene-0.6-mRNA-1 3554857 cdhitput-4_10=iteration.2extra
.99 maker-166631505-augustus-gene-0.5-mRNA-1 3517519 cdhitput-4_11=iteration.1extra
.99 maker-168247842-augustus-gene-0.6-mRNA-1 3517533 cdhitput-4_11=iteration.1extra
.99 augustus_masked-168568989-processed-gene-0.1-mRNA-1 3517416 cdhitput-4_11=iteration.1extra
.94 augustus_masked-162789466-processed-gene-0.0-mRNA-1 3517515 cdhitput-4_11=iteration.1extra
.99 maker-168408315-snap-gene-0.15-mRNA-1 3517496 cdhitput-4_11=iteration.1extra
.99 snap_masked-162670558-processed-gene-0.2-mRNA-1 3517387 cdhitput-4_11=iteration.1extra
.99 maker-164537923-snap-gene-0.4-mRNA-1 3517481 cdhitput-4_11=iteration.1extra
.99 augustus_masked-168548692-processed-gene-0.0-mRNA-1 3517406 cdhitput-4_11=iteration.1extra
.99 maker-168140481-snap-gene-0.4-mRNA-1 3517223 cdhitput-4_11=iteration.1extra
.91 maker-168391340-snap-gene-0.48-mRNA-1 3517521 cdhitput-4_11=iteration.1extra
.99 snap_masked-168165369-processed-gene-0.14-mRNA-1 3376394 cdhitput-4_11=iteration.2extra
.99 augustus_masked-164639279-processed-gene-0.0-mRNA-1 3376610 cdhitput-4_11=iteration.2extra
.98 maker-165356796-augustus-gene-0.3-mRNA-1 3376444 cdhitput-4_11=iteration.2extra
.94 maker-168272497-augustus-gene-0.54-mRNA-1 3376642 cdhitput-4_11=iteration.2extra
.98 maker-164944959-snap-gene-0.5-mRNA-1 297177 cdhitput-4_11=iteration.2extra
.99 augustus_masked-166638775-processed-gene-0.0-mRNA-1 3376446 cdhitput-4_11=iteration.2extra
.98 maker-168379496-snap-gene-0.28-mRNA-1 3376605 cdhitput-4_11=iteration.2extra
.99 maker-168527441-snap-gene-0.6-mRNA-1 3376349 cdhitput-4_11=iteration.2extra
.97 genemark-158940051-processed-gene-0.2-mRNA-1 3376513 cdhitput-4_11=iteration.2extra
.99 maker-162520755-augustus-gene-0.4-mRNA-1 3376652 cdhitput-4_11=iteration.2extra
.99 maker-167812013-augustus-gene-0.8-mRNA-1 3877345 cdhitput-4_12=iteration.1extra
.99 augustus_masked-168183560-processed-gene-0.0-mRNA-1 3724301 cdhitput-4_12=iteration.1extra
.94 augustus_masked-158925609-processed-gene-0.0-mRNA-1 3877322 cdhitput-4_12=iteration.1extra
.99 maker-168576938-snap-gene-0.14-mRNA-1 3877350 cdhitput-4_12=iteration.1extra
.98 maker-168102066-augustus-gene-0.16-mRNA-1 3877349 cdhitput-4_12=iteration.1extra
.99 maker-168130749-snap-gene-0.30-mRNA-1 3877319 cdhitput-4_12=iteration.1extra
.99 augustus_masked-166326356-processed-gene-0.0-mRNA-1 3877226 cdhitput-4_12=iteration.1extra
.90 snap_masked-167945427-processed-gene-0.6-mRNA-1 1756495 cdhitput-4_12=iteration.1extra
.99 maker-159655733-augustus-gene-0.3-mRNA-1 3877251 cdhitput-4_12=iteration.1extra
.93 augustus_masked-167998232-processed-gene-0.0-mRNA-1 3703953 cdhitput-4_12=iteration.1extra
.99 snap_masked-168200171-processed-gene-0.6-mRNA-1 3877315 cdhitput-4_12=iteration.1extra
.99 maker-168207167-snap-gene-0.75-mRNA-1 3711460 cdhitput-4_12=iteration.1extra
.99 maker-168577419-augustus-gene-0.40-mRNA-1 3877321 cdhitput-4_12=iteration.1extra
.99 augustus_masked-159969742-processed-gene-0.0-mRNA-1 3877211 cdhitput-4_12=iteration.1extra
.99 maker-167075483-snap-gene-0.4-mRNA-1 3877097 cdhitput-4_12=iteration.1extra
.99 maker-168119209-snap-gene-0.15-mRNA-1 3699927 cdhitput-4_12=iteration.1extra
.92 maker-162977802-snap-gene-0.7-mRNA-1 3583460 cdhitput-4_12=iteration.2extra
.99 maker-168363684-augustus-gene-0.58-mRNA-1 3583219 cdhitput-4_12=iteration.2extra
.97 maker-163479337-augustus-gene-0.3-mRNA-1 3583466 cdhitput-4_12=iteration.2extra
.99 maker-166849335-augustus-gene-0.9-mRNA-1 3583471 cdhitput-4_12=iteration.2extra
.99 maker-168262007-augustus-gene-0.67-mRNA-1 3583470 cdhitput-4_12=iteration.2extra
.99 snap_masked-168555510-processed-gene-0.36-mRNA-1 3583426 cdhitput-4_12=iteration.2extra
.94 maker-168232315-augustus-gene-0.42-mRNA-1 3583475 cdhitput-4_12=iteration.2extra
.93 maker-168564855-snap-gene-0.41-mRNA-1 3583366 cdhitput-4_12=iteration.2extra
.99 augustus_masked-164412411-processed-gene-0.0-mRNA-1 3528739 cdhitput-4_13=iteration.1extra
.99 augustus_masked-168146477-processed-gene-0.1-mRNA-1 3528715 cdhitput-4_13=iteration.1extra
.99 augustus_masked-166125841-processed-gene-0.0-mRNA-1 3528893 cdhitput-4_13=iteration.1extra
.95 maker-167301859-snap-gene-0.4-mRNA-1 3489154 cdhitput-4_13=iteration.1extra
.99 augustus_masked-168564113-processed-gene-0.0-mRNA-1 3528473 cdhitput-4_13=iteration.1extra
.99 maker-168350479-augustus-gene-0.43-mRNA-1 3528880 cdhitput-4_13=iteration.1extra
.98 snap_masked-167741742-processed-gene-0.4-mRNA-1 3528363 cdhitput-4_13=iteration.1extra
.99 maker-168487777-augustus-gene-0.74-mRNA-1 3528812 cdhitput-4_13=iteration.1extra
.97 maker-159695193-snap-gene-0.3-mRNA-1 3400053 cdhitput-4_13=iteration.1extra
.97 maker-159695193-snap-gene-0.3-mRNA-1 3372123 cdhitput-4_13=iteration.1extra
.98 maker-159695193-snap-gene-0.3-mRNA-1 3355125 cdhitput-4_13=iteration.1extra
.92 maker-168257721-augustus-gene-0.22-mRNA-2 3528886 cdhitput-4_13=iteration.1extra
.99 snap_masked-168267877-processed-gene-0.58-mRNA-1 3528821 cdhitput-4_13=iteration.1extra
.99 genemark-168271274-processed-gene-0.10-mRNA-1 3528752 cdhitput-4_13=iteration.1extra
.99 genemark-168203837-processed-gene-0.17-mRNA-1 4252461 cdhitput-4_13=iteration.2extra
.92 maker-160400468-snap-gene-0.4-mRNA-1 4066562 cdhitput-4_13=iteration.2extra
.99 maker-168512628-augustus-gene-0.114-mRNA-1 4252451 cdhitput-4_13=iteration.2extra
.99 augustus_masked-166575899-processed-gene-0.0-mRNA-1 4251972 cdhitput-4_13=iteration.2extra
.99 maker-168410806-augustus-gene-0.10-mRNA-1 4251999 cdhitput-4_13=iteration.2extra
.98 augustus_masked-102623972-processed-gene-0.0-mRNA-1 4252028 cdhitput-4_13=iteration.2extra
.99 snap_masked-168401655-processed-gene-0.20-mRNA-1 4252271 cdhitput-4_13=iteration.2extra
.99 snap_masked-168401655-processed-gene-0.20-mRNA-1 4049478 cdhitput-4_13=iteration.2extra
.99 snap_masked-168401655-processed-gene-0.20-mRNA-1 1123621 cdhitput-4_13=iteration.2extra
.99 snap_masked-168401655-processed-gene-0.20-mRNA-1 4252071 cdhitput-4_13=iteration.2extra
.99 snap_masked-168401655-processed-gene-0.20-mRNA-1 4227910 cdhitput-4_13=iteration.2extra
.99 maker-168221617-snap-gene-0.32-mRNA-1 4160622 cdhitput-4_13=iteration.2extra
.99 augustus_masked-164440326-processed-gene-0.0-mRNA-1 4055185 cdhitput-4_13=iteration.2extra
.99 maker-168526878-augustus-gene-0.28-mRNA-1 4252335 cdhitput-4_13=iteration.2extra
.99 maker-167945455-augustus-gene-0.7-mRNA-1 4252134 cdhitput-4_13=iteration.2extra
.99 maker-168189000-snap-gene-0.25-mRNA-1 4252419 cdhitput-4_13=iteration.2extra
.95 maker-168577096-snap-gene-0.17-mRNA-1 4252427 cdhitput-4_13=iteration.2extra
.99 maker-168033068-snap-gene-0.29-mRNA-1 2344484 cdhitput-4_14=iteration.1extra
.95 maker-168548872-augustus-gene-0.12-mRNA-1 2344468 cdhitput-4_14=iteration.1extra
.99 augustus_masked-168554258-processed-gene-0.2-mRNA-1 2344430 cdhitput-4_14=iteration.1extra
.99 augustus_masked-168191806-processed-gene-0.0-mRNA-1 2344420 cdhitput-4_14=iteration.1extra
.90 maker-168417513-snap-gene-0.25-mRNA-1 2344478 cdhitput-4_14=iteration.1extra
.99 genemark-168335457-processed-gene-0.34-mRNA-1 2344397 cdhitput-4_14=iteration.1extra
.99 snap_masked-168572839-processed-gene-0.10-mRNA-1 2344426 cdhitput-4_14=iteration.1extra
.99 maker-168419683-snap-gene-0.113-mRNA-1 2344219 cdhitput-4_14=iteration.1extra
.96 maker-166959697-snap-gene-0.4-mRNA-1 2344197 cdhitput-4_14=iteration.1extra
.99 snap_masked-164611498-processed-gene-0.2-mRNA-1 2236886 cdhitput-4_14=iteration.1extra
.99 genemark-168193800-processed-gene-0.34-mRNA-1 2344482 cdhitput-4_14=iteration.1extra
.99 maker-168576966-augustus-gene-0.56-mRNA-1 2344086 cdhitput-4_14=iteration.1extra
.96 maker-168246148-snap-gene-0.93-mRNA-1 2344454 cdhitput-4_14=iteration.1extra
.99 augustus_masked-167890542-processed-gene-0.0-mRNA-1 2228224 cdhitput-4_14=iteration.1extra
.99 augustus_masked-159277981-processed-gene-0.1-mRNA-1 2344184 cdhitput-4_14=iteration.1extra
.99 augustus_masked-168574711-processed-gene-0.11-mRNA-1 2344435 cdhitput-4_14=iteration.1extra
.99 maker-168101147-augustus-gene-0.10-mRNA-1 2344481 cdhitput-4_14=iteration.1extra
.99 snap_masked-162013780-processed-gene-0.3-mRNA-1 3729559 cdhitput-4_14=iteration.2extra
.99 maker-168249909-augustus-gene-0.45-mRNA-1 3846090 cdhitput-4_14=iteration.2extra
.92 maker-168186529-snap-gene-0.27-mRNA-1 3846086 cdhitput-4_14=iteration.2extra
.97 maker-168549950-augustus-gene-0.26-mRNA-2 3846036 cdhitput-4_14=iteration.2extra
.99 snap_masked-168576740-processed-gene-0.61-mRNA-1 3732659 cdhitput-4_14=iteration.2extra
.90 maker-168245778-snap-gene-0.73-mRNA-1 3846078 cdhitput-4_14=iteration.2extra
.99 maker-168573007-snap-gene-0.68-mRNA-1 3846066 cdhitput-4_14=iteration.2extra
.96 augustus_masked-168481325-processed-gene-0.6-mRNA-1 3845678 cdhitput-4_14=iteration.2extra
.99 maker-168260310-augustus-gene-0.75-mRNA-1 3845972 cdhitput-4_14=iteration.2extra
.93 snap_masked-168218154-processed-gene-0.21-mRNA-1 3845657 cdhitput-4_14=iteration.2extra
.99 maker-167500959-snap-gene-0.5-mRNA-1 3845988 cdhitput-4_14=iteration.2extra
.97 maker-168264902-snap-gene-0.9-mRNA-1 3845804 cdhitput-4_14=iteration.2extra
.99 snap_masked-164581289-processed-gene-0.3-mRNA-1 3846082 cdhitput-4_14=iteration.2extra
.96 maker-168419508-snap-gene-0.8-mRNA-1 3846080 cdhitput-4_14=iteration.2extra
.95 augustus_masked-168279445-processed-gene-0.6-mRNA-1 3669721 cdhitput-4_14=iteration.2extra
.99 augustus_masked-160089309-processed-gene-0.0-mRNA-1 3845882 cdhitput-4_14=iteration.2extra
.99 maker-164192119-snap-gene-0.2-mRNA-1 3845973 cdhitput-4_14=iteration.2extra
.99 maker-168573957-snap-gene-0.25-mRNA-1 3430705 cdhitput-4_15=iteration.1extra
.99 augustus_masked-168461332-processed-gene-0.2-mRNA-1 3430559 cdhitput-4_15=iteration.1extra
.99 augustus_masked-168192048-processed-gene-0.3-mRNA-1 3430542 cdhitput-4_15=iteration.1extra
.92 maker-168471422-snap-gene-0.31-mRNA-1 3430702 cdhitput-4_15=iteration.1extra
.99 snap_masked-168480939-processed-gene-0.15-mRNA-1 3430485 cdhitput-4_15=iteration.1extra
.99 augustus_masked-168226854-processed-gene-0.3-mRNA-1 3266155 cdhitput-4_15=iteration.1extra
.99 maker-168190366-augustus-gene-0.36-mRNA-1 3430574 cdhitput-4_15=iteration.1extra
.99 augustus_masked-168442181-processed-gene-0.10-mRNA-1 3278522 cdhitput-4_15=iteration.1extra
.99 genemark-168302046-processed-gene-0.14-mRNA-1 3276524 cdhitput-4_15=iteration.1extra
.99 augustus_masked-166713843-processed-gene-0.0-mRNA-1 3430576 cdhitput-4_15=iteration.1extra
.99 augustus_masked-168380280-processed-gene-0.14-mRNA-1 3430652 cdhitput-4_15=iteration.1extra
.99 augustus_masked-158905182-processed-gene-0.0-mRNA-1 3430463 cdhitput-4_15=iteration.1extra
.95 genemark-168199944-processed-gene-0.55-mRNA-1 3430541 cdhitput-4_15=iteration.1extra
.95 genemark-168017464-processed-gene-0.2-mRNA-1 3430703 cdhitput-4_15=iteration.1extra
.99 augustus_masked-52956962-processed-gene-0.1-mRNA-1 3430350 cdhitput-4_15=iteration.1extra
.99 snap_masked-162441683-processed-gene-0.3-mRNA-1 3430353 cdhitput-4_15=iteration.1extra
.99 maker-168501086-augustus-gene-0.52-mRNA-1 3342485 cdhitput-4_15=iteration.2extra
.99 augustus_masked-168342191-processed-gene-0.3-mRNA-1 3342512 cdhitput-4_15=iteration.2extra
.90 maker-167067021-augustus-gene-0.4-mRNA-1 3302379 cdhitput-4_15=iteration.2extra
.99 maker-165131896-snap-gene-0.4-mRNA-1 3342532 cdhitput-4_15=iteration.2extra
.99 augustus_masked-166398954-processed-gene-0.1-mRNA-1 3342364 cdhitput-4_15=iteration.2extra
.91 maker-167831585-snap-gene-0.17-mRNA-1 3342639 cdhitput-4_15=iteration.2extra
.94 snap_masked-168408312-processed-gene-0.6-mRNA-1 3342590 cdhitput-4_15=iteration.2extra
.92 maker-168496454-snap-gene-0.99-mRNA-1 3342636 cdhitput-4_15=iteration.2extra
.99 maker-168577031-augustus-gene-0.26-mRNA-1 3342626 cdhitput-4_15=iteration.2extra
.98 augustus_masked-166369098-processed-gene-0.0-mRNA-1 863834 cdhitput-4_15=iteration.2extra
.99 genemark-167737533-processed-gene-0.0-mRNA-1 3342501 cdhitput-4_15=iteration.2extra
.90 maker-168184630-snap-gene-0.7-mRNA-1 3342630 cdhitput-4_15=iteration.2extra
.99 augustus_masked-168221913-processed-gene-0.0-mRNA-1 3342642 cdhitput-4_15=iteration.2extra
.99 maker-168545115-augustus-gene-0.6-mRNA-1 3342612 cdhitput-4_15=iteration.2extra
.99 augustus_masked-168189641-processed-gene-0.1-mRNA-1 3342222 cdhitput-4_15=iteration.2extra
.98 augustus_masked-168189887-processed-gene-0.6-mRNA-1 3342583 cdhitput-4_15=iteration.2extra
.99 maker-168196590-augustus-gene-0.23-mRNA-1 4012765 cdhitput-4_16=iteration.1extra
.97 maker-168183075-snap-gene-0.52-mRNA-1 3821975 cdhitput-4_16=iteration.1extra
.97 maker-168257240-snap-gene-0.57-mRNA-1 3830566 cdhitput-4_16=iteration.1extra
.99 maker-166463013-snap-gene-0.4-mRNA-1 4012787 cdhitput-4_16=iteration.1extra
.99 augustus_masked-167976131-processed-gene-0.0-mRNA-1 4012597 cdhitput-4_16=iteration.1extra
.97 augustus_masked-168302537-processed-gene-0.2-mRNA-1 4012638 cdhitput-4_16=iteration.1extra
.99 maker-168547937-augustus-gene-0.37-mRNA-1 4012749 cdhitput-4_16=iteration.1extra
.92 maker-168544698-augustus-gene-0.25-mRNA-1 4012757 cdhitput-4_16=iteration.1extra
.94 maker-168577369-augustus-gene-0.28-mRNA-1 4012771 cdhitput-4_16=iteration.1extra
.99 snap_masked-168186642-processed-gene-0.38-mRNA-1 3825091 cdhitput-4_16=iteration.1extra
.93 maker-168515055-augustus-gene-0.11-mRNA-1 4012717 cdhitput-4_16=iteration.1extra
.99 snap_masked-168291772-processed-gene-0.4-mRNA-1 4012750 cdhitput-4_16=iteration.1extra
.99 maker-168185871-snap-gene-0.9-mRNA-1 4012732 cdhitput-4_16=iteration.1extra
.91 maker-168243233-snap-gene-0.13-mRNA-1 4012528 cdhitput-4_16=iteration.1extra
.99 maker-158274504-augustus-gene-0.2-mRNA-1 3449410 cdhitput-4_16=iteration.2extra
.99 augustus_masked-168374722-processed-gene-0.4-mRNA-1 3300734 cdhitput-4_16=iteration.2extra
.99 maker-168561168-snap-gene-0.36-mRNA-1 3449435 cdhitput-4_16=iteration.2extra
.99 augustus_masked-168244668-processed-gene-0.7-mRNA-1 3449394 cdhitput-4_16=iteration.2extra
.96 maker-164459445-snap-gene-0.3-mRNA-1 3449397 cdhitput-4_16=iteration.2extra
.99 maker-168420642-augustus-gene-0.12-mRNA-1 3283263 cdhitput-4_16=iteration.2extra
.92 snap_masked-168577240-processed-gene-0.41-mRNA-1 3449418 cdhitput-4_16=iteration.2extra
.92 maker-168185386-augustus-gene-0.17-mRNA-1 3449438 cdhitput-4_16=iteration.2extra
.95 maker-168527807-augustus-gene-0.16-mRNA-1 3449415 cdhitput-4_16=iteration.2extra
.99 maker-167249565-augustus-gene-0.3-mRNA-1 3449402 cdhitput-4_16=iteration.2extra
.99 maker-168507613-augustus-gene-0.11-mRNA-1 3449409 cdhitput-4_16=iteration.2extra
.99 maker-167999838-augustus-gene-0.40-mRNA-1 3449428 cdhitput-4_16=iteration.2extra
.99 augustus_masked-165928839-processed-gene-0.0-mRNA-1 3319191 cdhitput-4_16=iteration.2extra
.99 augustus_masked-168485076-processed-gene-0.1-mRNA-1 3622303 cdhitput-4_17=iteration.1extra
.90 maker-164124093-snap-gene-0.5-mRNA-1 3622006 cdhitput-4_17=iteration.1extra
.99 maker-168570929-augustus-gene-0.41-mRNA-1 3622293 cdhitput-4_17=iteration.1extra
.93 maker-168315332-snap-gene-0.27-mRNA-1 3622055 cdhitput-4_17=iteration.1extra
.93 maker-168577556-augustus-gene-0.31-mRNA-1 3622333 cdhitput-4_17=iteration.1extra
.99 maker-168551784-augustus-gene-0.43-mRNA-1 3622095 cdhitput-4_17=iteration.1extra
.99 maker-168564757-snap-gene-0.70-mRNA-1 3622336 cdhitput-4_17=iteration.1extra
.99 maker-168234076-snap-gene-0.75-mRNA-1 3463488 cdhitput-4_17=iteration.1extra
.96 maker-168271200-augustus-gene-0.16-mRNA-1 3622285 cdhitput-4_17=iteration.1extra
.99 genemark-162711595-processed-gene-0.1-mRNA-1 3477818 cdhitput-4_17=iteration.1extra
.91 maker-168227898-snap-gene-0.43-mRNA-1 3621911 cdhitput-4_17=iteration.1extra
.99 augustus_masked-168551594-processed-gene-0.3-mRNA-1 3622180 cdhitput-4_17=iteration.1extra
.93 maker-168186924-snap-gene-0.23-mRNA-1 3622323 cdhitput-4_17=iteration.1extra
.99 snap_masked-166826280-processed-gene-0.3-mRNA-1 3518306 cdhitput-4_17=iteration.1extra
.99 augustus_masked-163182345-processed-gene-0.0-mRNA-1 3452465 cdhitput-4_17=iteration.1extra
.99 augustus_masked-167004964-processed-gene-0.0-mRNA-1 3622031 cdhitput-4_17=iteration.1extra
.99 maker-168191623-augustus-gene-0.44-mRNA-1 3622089 cdhitput-4_17=iteration.1extra
.99 maker-168547274-snap-gene-0.58-mRNA-1 3521284 cdhitput-4_17=iteration.1extra
.99 snap_masked-167813743-processed-gene-0.6-mRNA-1 3622307 cdhitput-4_17=iteration.1extra
.98 genemark-168465189-processed-gene-0.13-mRNA-1 4752749 cdhitput-4_17=iteration.2extra
.99 augustus_masked-164689749-processed-gene-0.0-mRNA-1 4573509 cdhitput-4_17=iteration.2extra
.99 maker-168286907-augustus-gene-0.50-mRNA-1 4752627 cdhitput-4_17=iteration.2extra
.99 augustus_masked-168515415-processed-gene-0.7-mRNA-1 4752831 cdhitput-4_17=iteration.2extra
.96 maker-168184023-augustus-gene-0.11-mRNA-2 4752813 cdhitput-4_17=iteration.2extra
.99 maker-168154321-augustus-gene-0.45-mRNA-1 4752397 cdhitput-4_17=iteration.2extra
.99 snap_masked-168243331-processed-gene-0.3-mRNA-1 4752704 cdhitput-4_17=iteration.2extra
.99 maker-165671060-augustus-gene-0.3-mRNA-1 4752774 cdhitput-4_17=iteration.2extra
.96 augustus_masked-168416176-processed-gene-0.0-mRNA-1 4752839 cdhitput-4_17=iteration.2extra
.99 genemark-164898960-processed-gene-0.0-mRNA-1 4544271 cdhitput-4_17=iteration.2extra
.93 augustus_masked-168474521-processed-gene-0.0-mRNA-1 4236821 cdhitput-4_18=iteration.1extra
.97 maker-168557999-augustus-gene-0.58-mRNA-1 4237107 cdhitput-4_18=iteration.1extra
.99 augustus_masked-166345751-processed-gene-0.0-mRNA-1 4237125 cdhitput-4_18=iteration.1extra
.91 maker-168290923-augustus-gene-0.31-mRNA-1 4237150 cdhitput-4_18=iteration.1extra
.94 augustus_masked-161478344-processed-gene-0.0-mRNA-1 63145 cdhitput-4_18=iteration.1extra
.92 augustus_masked-168370255-processed-gene-0.1-mRNA-1 4042308 cdhitput-4_18=iteration.1extra
.99 maker-168421633-snap-gene-0.22-mRNA-1 4237130 cdhitput-4_18=iteration.1extra
.93 augustus_masked-168509764-processed-gene-0.4-mRNA-1 4237071 cdhitput-4_18=iteration.1extra
.99 augustus_masked-168573242-processed-gene-0.12-mRNA-1 4084618 cdhitput-4_18=iteration.1extra
.99 maker-168270376-snap-gene-0.71-mRNA-1 177636 cdhitput-4_18=iteration.1extra
.91 augustus_masked-168552895-processed-gene-0.4-mRNA-1 4042308 cdhitput-4_18=iteration.1extra
.99 augustus_masked-161465451-processed-gene-0.0-mRNA-1 4237102 cdhitput-4_18=iteration.1extra
.99 genemark-168561940-processed-gene-0.2-mRNA-1 4237123 cdhitput-4_18=iteration.1extra
.91 maker-168338405-snap-gene-0.9-mRNA-1 4461937 cdhitput-4_18=iteration.2extra
.99 maker-168572977-augustus-gene-0.25-mRNA-1 4462117 cdhitput-4_18=iteration.2extra
.94 maker-163408108-snap-gene-0.4-mRNA-1 727907 cdhitput-4_18=iteration.2extra
.99 augustus_masked-168483500-processed-gene-0.1-mRNA-1 4462006 cdhitput-4_18=iteration.2extra
.95 genemark-168333515-processed-gene-0.3-mRNA-1 4462204 cdhitput-4_18=iteration.2extra
.94 maker-161342189-augustus-gene-0.4-mRNA-2 4462174 cdhitput-4_18=iteration.2extra
.96 maker-168234677-snap-gene-0.12-mRNA-1 4462191 cdhitput-4_18=iteration.2extra
.99 maker-167887473-augustus-gene-0.15-mRNA-1 4327659 cdhitput-4_18=iteration.2extra
.94 maker-168285931-snap-gene-0.18-mRNA-1 4461925 cdhitput-4_18=iteration.2extra
.99 snap_masked-166556167-processed-gene-0.2-mRNA-1 4380363 cdhitput-4_18=iteration.2extra
.93 maker-168496813-augustus-gene-0.17-mRNA-1 4462177 cdhitput-4_18=iteration.2extra
.99 augustus_masked-168496682-processed-gene-0.2-mRNA-1 4462073 cdhitput-4_18=iteration.2extra
.96 maker-168314396-snap-gene-0.47-mRNA-1 2774581 cdhitput-4_19=iteration.1extra
.99 maker-166285787-snap-gene-0.6-mRNA-1 2774578 cdhitput-4_19=iteration.1extra
.99 augustus_masked-168514207-processed-gene-0.4-mRNA-1 2774452 cdhitput-4_19=iteration.1extra
.99 augustus_masked-167814774-processed-gene-0.0-mRNA-1 2629652 cdhitput-4_19=iteration.1extra
.99 augustus_masked-168400707-processed-gene-0.8-mRNA-1 3268887 cdhitput-4_19=iteration.2extra
.97 maker-166836330-augustus-gene-0.4-mRNA-1 3269176 cdhitput-4_19=iteration.2extra
.99 GQ03223_N10.1_clone=GQ03223_N10_cluster=GQ03223_N10_status=complete_gb=BT110578 3829558 cdhitput-4_1=iteration.1extra
.99 GQ03239_G03.1_clone=GQ03239_G03_cluster=GQ03239_G03_status=complete_gb=BT111558 3829330 cdhitput-4_1=iteration.1extra
.99 GQ03806_G13.1_clone=GQ03806_G13_cluster=GQ03806_G13_status=complete_gb=BT116772 3698764 cdhitput-4_1=iteration.1extra
.91 GQ03806_G13.1_clone=GQ03806_G13_cluster=GQ03806_G13_status=complete_gb=BT116772 3678953 cdhitput-4_1=iteration.1extra
.99 GQ03311_L15.2_clone=GQ03311_L15_cluster=GQ03311_L15_status=complete_gb=BT112195 3829517 cdhitput-4_1=iteration.1extra
.99 GQ03902_P10.1_clone=GQ03902_P10_cluster=GQ03902_P10_status=complete_gb=BT117550 3829582 cdhitput-4_1=iteration.1extra
.91 GQ04103_P12.1_clone=GQ04103_P12_cluster=GQ04103_P12_status=complete_gb=BT119302 3829594 cdhitput-4_1=iteration.1extra
.98 GQ03902_N09.1_clone=GQ03902_N09_cluster=GQ03902_N09_status=complete_gb=BT117542 3829370 cdhitput-4_1=iteration.1extra
.99 GQ04006_P06.2_clone=GQ04006_P06_cluster=GQ04006_P06_status=complete_gb=BT118495 3829601 cdhitput-4_1=iteration.1extra
.99 GQ04011_K06.1_clone=GQ04011_K06_cluster=GQ04011_K06_status=complete_gb=BT118898 3829542 cdhitput-4_1=iteration.1extra
.90 WS02624_D21.1_clone=WS02624_D21_cluster=WS02624_D21_status=complete 3854123 cdhitput-4_1=iteration.2extra
.90 GQ03806_E10.1_clone=GQ03806_E10_cluster=GQ03806_E10_status=complete_gb=BT116764 4003988 cdhitput-4_1=iteration.2extra
.91 GQ02806_J07.4_clone=GQ02806_J07_cluster=GQ02806_J07_status=complete_gb=BT104111 4004152 cdhitput-4_1=iteration.2extra
.98 GQ03207_D05.2_clone=GQ03207_D05_cluster=GQ03207_D05_status=complete_gb=BT109328 4004093 cdhitput-4_1=iteration.2extra
.90 GQ03806_O09.1_clone=GQ03806_O09_cluster=GQ03806_O09_status=complete_gb=BT116792 4003768 cdhitput-4_1=iteration.2extra
.99 GQ03126_J15.1_clone=GQ03126_J15_cluster=GQ03126_J15_status=complete_gb=BT108752 4004131 cdhitput-4_1=iteration.2extra
.99 GQ03809_E07.1_clone=GQ03809_E07_cluster=GQ03809_E07_status=complete_gb=BT116913 3831285 cdhitput-4_1=iteration.2extra
.97 GQ0206_P12.1_clone=GQ0206_P12_cluster=GQ0206_P12_status=complete_gb=BT103124 4004139 cdhitput-4_1=iteration.2extra
.96 GQ02818_O19.1_clone=GQ02818_O19_cluster=GQ02818_O19_status=complete_gb=BT105130 3894994 cdhitput-4_2=iteration.1extra
.93 GQ0082_C07.1_clone=GQ0082_C07_cluster=GQ0082_C07_status=complete_gb=BT101251 3894891 cdhitput-4_2=iteration.1extra
.92 GQ03237_I10.1_clone=GQ03237_I10_cluster=GQ03237_I10_status=complete_gb=BT111420 3731317 cdhitput-4_2=iteration.1extra
.94 GQ02830_F14.1_clone=GQ02830_F14_cluster=GQ02830_F14_status=complete_gb=BT105943 3895368 cdhitput-4_2=iteration.1extra
.99 GQ03005_D15.1_clone=GQ03005_D15_cluster=GQ03005_D15_status=complete_gb=BT106572 3895010 cdhitput-4_2=iteration.1extra
.99 GQ03219_D17.1_clone=GQ03219_D17_cluster=GQ03219_D17_status=complete_gb=BT110287 3895337 cdhitput-4_2=iteration.1extra
.99 GQ02747_C09.1_clone=GQ02747_C09_cluster=GQ02747_C09_status=5 3895351 cdhitput-4_2=iteration.1extra
.98 WS03223_K23.1_clone=WS03223_K23_cluster=WS03223_K23_status=complete 3895013 cdhitput-4_2=iteration.1extra
.99 GQ04005_B22.1_clone=GQ04005_B22_cluster=GQ04005_B22_status=complete_gb=BT118325 3895117 cdhitput-4_2=iteration.1extra
.91 GQ04106_N04.1_clone=GQ04106_N04_cluster=GQ04106_N04_status=complete_gb=BT119534 3895410 cdhitput-4_2=iteration.1extra
.95 GQ03115_E16.1_clone=GQ03115_E16_cluster=GQ03115_E16_status=complete_gb=BT107979 3895387 cdhitput-4_2=iteration.1extra
.99 GQ02806_L23.1_clone=GQ02806_L23_cluster=GQ02806_L23_status=5 3895161 cdhitput-4_2=iteration.1extra
.99 GQ03811_E01.1_clone=GQ03811_E01_cluster=GQ03811_E01_status=complete_gb=BT117023 3429793 cdhitput-4_2=iteration.2extra
.98 GQ0164_G21.1_clone=GQ0164_G21_cluster=GQ0164_G21_status=complete_gb=BT102037 3429380 cdhitput-4_2=iteration.2extra
.99 GQ0074_M01.1_clone=GQ0074_M01_cluster=GQ0074_M01_status=complete_gb=BT101234 3429819 cdhitput-4_2=iteration.2extra
.99 GQ03418_M02.2_clone=GQ03418_M02_cluster=GQ03418_M02_status=complete_gb=BT113735 3378328 cdhitput-4_2=iteration.2extra
.99 GQ03237_J17.1_clone=GQ03237_J17_cluster=GQ03237_J17_status=complete_gb=BT111426 3429781 cdhitput-4_2=iteration.2extra
.98 GQ02813_J08.2_clone=GQ02813_J08_cluster=GQ02813_J08_status=complete_gb=BT104691 3429816 cdhitput-4_2=iteration.2extra
.91 GQ0044_C20.1_clone=GQ0044_C20_cluster=GQ0044_C20_status=complete_gb=BT100786 3429841 cdhitput-4_2=iteration.2extra
.90 GQ03505_M06.1_clone=GQ03505_M06_cluster=GQ03505_M06_status=complete_gb=BT113979 3429757 cdhitput-4_2=iteration.2extra
.98 WS0342_M03.1_clone=WS0342_M03_cluster=WS0342_M03_status=complete 3296203 cdhitput-4_2=iteration.2extra
.92 GQ03514_D01.1_clone=GQ03514_D01_cluster=GQ03514_D01_status=complete_gb=BT114413 3429823 cdhitput-4_2=iteration.2extra
.99 GQ03601_I14.1_clone=GQ03601_I14_cluster=GQ03601_I14_status=complete_gb=BT114751 3325051 cdhitput-4_2=iteration.2extra
.97 GQ04006_L05.1_clone=GQ04006_L05_cluster=GQ04006_L05_status=complete_gb=BT118467 3429747 cdhitput-4_2=iteration.2extra
.93 GQ03416_J07.1_clone=GQ03416_J07_cluster=GQ03416_J07_status=complete_gb=BT113663 3429831 cdhitput-4_2=iteration.2extra
.99 GQ03619_G24.1_clone=GQ03619_G24_cluster=GQ03619_G24_status=complete_gb=BT115516 3429806 cdhitput-4_2=iteration.2extra
.95 GQ03602_O12.1_clone=GQ03602_O12_cluster=GQ03602_O12_status=complete_gb=BT114820 3429524 cdhitput-4_2=iteration.2extra
.99 GQ03612_N01.1_clone=GQ03612_N01_cluster=GQ03612_N01_status=complete_gb=BT115261 3429814 cdhitput-4_2=iteration.2extra
.95 GQ04007_B08.1_clone=GQ04007_B08_cluster=GQ04007_B08_status=complete_gb=BT118506 3429748 cdhitput-4_2=iteration.2extra
.90 GQ03315_K09.1_clone=GQ03315_K09_cluster=GQ03315_K09_status=complete_gb=BT112463 3429759 cdhitput-4_2=iteration.2extra
.90 GQ04108_C17.1_clone=GQ04108_C17_cluster=GQ04108_C17_status=complete_gb=BT119641 3429826 cdhitput-4_2=iteration.2extra
.91 GQ03912_D04.3_clone=GQ03912_D04_cluster=GQ03912_D04_status=53 3429790 cdhitput-4_2=iteration.2extra
.99 GQ03002_L07.1_clone=GQ03002_L07_cluster=GQ03002_L07_status=complete_gb=BT106483 3429798 cdhitput-4_2=iteration.2extra
.90 GQ03233_P23.1_clone=GQ03233_P23_cluster=GQ03233_P23_status=complete_gb=BT111186 3429756 cdhitput-4_2=iteration.2extra
.98 WS0339_M12.1_clone=WS0339_M12_cluster=WS0339_M12_status=complete 3724768 cdhitput-4_3=iteration.1extra
.98 GQ0203_N07.1_clone=GQ0203_N07_cluster=GQ0203_N07_status=complete_gb=BT102950 3867288 cdhitput-4_3=iteration.1extra
.97 GQ0226_I17.1_clone=GQ0226_I17_cluster=GQ0226_I17_status=complete_gb=BT103318 3767205 cdhitput-4_3=iteration.1extra
.99 GQ03811_M07.1_clone=GQ03811_M07_cluster=GQ03811_M07_status=complete_gb=BT117046 3867223 cdhitput-4_3=iteration.1extra
.99 GQ0013_K06.1_clone=GQ0013_K06_cluster=GQ0013_K06_status=complete_gb=BT100416 3867256 cdhitput-4_3=iteration.1extra
.99 GQ04102_M12.1_clone=GQ04102_M12_cluster=GQ04102_M12_status=complete_gb=BT119218 3867231 cdhitput-4_3=iteration.1extra
.98 GQ03114_D05.1_clone=GQ03114_D05_cluster=GQ03114_D05_status=complete_gb=BT107902 3867241 cdhitput-4_3=iteration.1extra
.91 GQ0071_J03.1_clone=GQ0071_J03_cluster=GQ0071_J03_status=complete_gb=BT101181 3744887 cdhitput-4_3=iteration.1extra
.99 GQ03234_B02.1_clone=GQ03234_B02_cluster=GQ03234_B02_status=complete_gb=BT111190 3867257 cdhitput-4_3=iteration.1extra
.94 GQ03212_C12.1_clone=GQ03212_C12_cluster=GQ03212_C12_status=complete_gb=BT109764 3867272 cdhitput-4_3=iteration.1extra
.91 GQ03507_N20.1_clone=GQ03507_N20_cluster=GQ03507_N20_status=complete_gb=BT114088 3867282 cdhitput-4_3=iteration.1extra
.97 GQ03802_C15.1_clone=GQ03802_C15_cluster=GQ03802_C15_status=complete_gb=BT116566 3851471 cdhitput-4_3=iteration.1extra
.91 GQ03419_J03.4_clone=GQ03419_J03_cluster=GQ03419_J03_status=complete_gb=BT113758 3867289 cdhitput-4_3=iteration.1extra
.96 GQ01301_D21.1_clone=GQ01301_D21_cluster=GQ01301_D21_status=complete_gb=BT101286 3867279 cdhitput-4_3=iteration.1extra
.92 GQ04006_M12.1_clone=GQ04006_M12_cluster=GQ04006_M12_status=complete_gb=BT118479 3867228 cdhitput-4_3=iteration.1extra
.99 GQ04102_C22.1_clone=GQ04102_C22_cluster=GQ04102_C22_status=complete_gb=BT119164 4115911 cdhitput-4_3=iteration.2extra
.99 GQ03238_N16.1_clone=GQ03238_N16_cluster=GQ03238_N16_status=complete_gb=BT111519 4115923 cdhitput-4_3=iteration.2extra
.97 GQ03614_D22.1_clone=GQ03614_D22_cluster=GQ03614_D22_status=complete_gb=BT115325 4115810 cdhitput-4_3=iteration.2extra
.91 GQ02825_H10.2_clone=GQ02825_H10_cluster=GQ02825_H10_status=complete_gb=BT105633 4115976 cdhitput-4_3=iteration.2extra
.99 GQ03712_D18.1_clone=GQ03712_D18_cluster=GQ03712_D18_status=complete_gb=BT116122 4115526 cdhitput-4_3=iteration.2extra
.91 GQ04006_B18.4_clone=GQ04006_B18_cluster=GQ04006_B18_status=complete_gb=BT118411 4115984 cdhitput-4_3=iteration.2extra
.99 GQ03707_B18.1_clone=GQ03707_B18_cluster=GQ03707_B18_status=complete_gb=BT115835 4115737 cdhitput-4_3=iteration.2extra
.99 GQ0259_B04.1_clone=GQ0259_B04_cluster=GQ0259_B04_status=complete_gb=BT103609 3949011 cdhitput-4_3=iteration.2extra
.99 GQ02818_F08.1_clone=GQ02818_F08_cluster=GQ02818_F08_status=complete_gb=BT105083 4115953 cdhitput-4_3=iteration.2extra
.92 GQ02803_N14.1_clone=GQ02803_N14_cluster=GQ02803_N14_status=complete_gb=BT103898 4115766 cdhitput-4_3=iteration.2extra
.98 GQ03717_F18.1_clone=GQ03717_F18_cluster=GQ03717_F18_status=complete_gb=BT116368 4115863 cdhitput-4_3=iteration.2extra
.99 GQ03001_K08.1_clone=GQ03001_K08_cluster=GQ03001_K08_status=complete_gb=BT106436 4115844 cdhitput-4_3=iteration.2extra
.99 WS00831_H11.1_clone=WS00831_H11_cluster=WS00831_H11_status=complete 4115826 cdhitput-4_3=iteration.2extra
.99 GQ03114_J12.1_clone=GQ03114_J12_cluster=GQ03114_J12_status=complete_gb=BT107933 4115962 cdhitput-4_3=iteration.2extra
.99 GQ02812_P16.1_clone=GQ02812_P16_cluster=GQ02812_P16_status=complete_gb=BT104642 3187904 cdhitput-4_4=iteration.1extra
.92 GQ04006_F15.1_clone=GQ04006_F15_cluster=GQ04006_F15_status=complete_gb=BT118435 3187922 cdhitput-4_4=iteration.1extra
.99 GQ03232_E19.1_clone=GQ03232_E19_cluster=GQ03232_E19_status=complete_gb=BT111070 3187836 cdhitput-4_4=iteration.1extra
.99 GQ02818_I04.1_clone=GQ02818_I04_cluster=GQ02818_I04_status=complete_gb=BT105098 3187923 cdhitput-4_4=iteration.1extra
.99 GQ02816_B10.1_clone=GQ02816_B10_cluster=GQ02816_B10_status=complete_gb=BT104871 3091327 cdhitput-4_4=iteration.1extra
.99 GQ03301_H14.1_clone=GQ03301_H14_cluster=GQ03301_H14_status=complete_gb=BT111624 3187886 cdhitput-4_4=iteration.1extra
.99 GQ03124_L06.1_clone=GQ03124_L06_cluster=GQ03124_L06_status=complete_gb=BT108636 3187617 cdhitput-4_4=iteration.1extra
.99 GQ03818_A20.1_clone=GQ03818_A20_cluster=GQ03818_A20_status=complete_gb=BT117370 3116491 cdhitput-4_4=iteration.1extra
.93 GQ03917_E20.4_clone=GQ03917_E20_cluster=GQ03917_E20_status=53 3187934 cdhitput-4_4=iteration.1extra
.90 GQ04106_A18.1_clone=GQ04106_A18_cluster=GQ04106_A18_status=complete_gb=BT119463 3187612 cdhitput-4_4=iteration.1extra
.99 GQ0196_O05.1_clone=GQ0196_O05_cluster=GQ0196_O05_status=complete_gb=BT102572 3187896 cdhitput-4_4=iteration.1extra
.90 GQ04102_C12.1_clone=GQ04102_C12_cluster=GQ04102_C12_status=complete_gb=BT119162 3187905 cdhitput-4_4=iteration.1extra
.97 GQ03303_A20.1_clone=GQ03303_A20_cluster=GQ03303_A20_status=complete_gb=BT111744 3187926 cdhitput-4_4=iteration.1extra
.90 GQ03613_P17.1_clone=GQ03613_P17_cluster=GQ03613_P17_status=complete_gb=BT115310 3187908 cdhitput-4_4=iteration.1extra
.97 GQ0222_F19.1_clone=GQ0222_F19_cluster=GQ0222_F19_status=complete_gb=BT103264 3187931 cdhitput-4_4=iteration.1extra
.99 GQ03314_B10.1_clone=GQ03314_B10_cluster=GQ03314_B10_status=complete_gb=BT112378 3187939 cdhitput-4_4=iteration.1extra
.91 GQ0074_G14.1_clone=GQ0074_G14_cluster=GQ0074_G14_status=complete_gb=BT101226 3187910 cdhitput-4_4=iteration.1extra
.99 GQ02805_P19.1_clone=GQ02805_P19_cluster=GQ02805_P19_status=complete_gb=BT104061 3051018 cdhitput-4_4=iteration.1extra
.93 GQ02907_B04.3_clone=GQ02907_B04_cluster=GQ02907_B04_status=53 3765642 cdhitput-4_4=iteration.2extra
.98 GQ02819_M16.2_clone=GQ02819_M16_cluster=GQ02819_M16_status=complete_gb=BT105216 3586646 cdhitput-4_4=iteration.2extra
.90 GQ03119_K08.1_clone=GQ03119_K08_cluster=GQ03119_K08_status=complete_gb=BT108296 3585167 cdhitput-4_4=iteration.2extra
.93 GQ02907_A13.1_clone=GQ02907_A13_cluster=GQ02907_A13_status=complete_gb=BT106312 3765346 cdhitput-4_4=iteration.2extra
.99 GQ03617_K21.1_clone=GQ03617_K21_cluster=GQ03617_K21_status=complete_gb=BT115481 3765637 cdhitput-4_4=iteration.2extra
.92 GQ03701_I04.1_clone=GQ03701_I04_cluster=GQ03701_I04_status=complete_gb=BT115552 3765723 cdhitput-4_4=iteration.2extra
.99 GQ03316_H18.1_clone=GQ03316_H18_cluster=GQ03316_H18_status=complete_gb=BT112506 3765695 cdhitput-4_4=iteration.2extra
.93 GQ03218_O22.1_clone=GQ03218_O22_cluster=GQ03218_O22_status=complete_gb=BT110263 3606905 cdhitput-4_4=iteration.2extra
.92 GQ02806_J04.1_clone=GQ02806_J04_cluster=GQ02806_J04_status=complete_gb=BT104109 3765706 cdhitput-4_4=iteration.2extra
.99 GQ03124_F08.1_clone=GQ03124_F08_cluster=GQ03124_F08_status=complete_gb=BT108610 3765713 cdhitput-4_4=iteration.2extra
.99 GQ03802_L22.1_clone=GQ03802_L22_cluster=GQ03802_L22_status=complete_gb=BT116594 3691192 cdhitput-4_5=iteration.1extra
.94 GQ04102_N08.1_clone=GQ04102_N08_cluster=GQ04102_N08_status=complete_gb=BT119228 3691570 cdhitput-4_5=iteration.1extra
.99 GQ04110_D06.1_clone=GQ04110_D06_cluster=GQ04110_D06_status=complete_gb=BT119796 3691524 cdhitput-4_5=iteration.1extra
.92 GQ0205_P06.1_clone=GQ0205_P06_cluster=GQ0205_P06_status=complete_gb=BT103064 3691568 cdhitput-4_5=iteration.1extra
.99 GQ03238_I24.1_clone=GQ03238_I24_cluster=GQ03238_I24_status=complete_gb=BT111499 3691511 cdhitput-4_5=iteration.1extra
.93 GQ03511_H09.1_clone=GQ03511_H09_cluster=GQ03511_H09_status=complete_gb=BT114260 3691407 cdhitput-4_5=iteration.1extra
.98 GQ0202_G07.1_clone=GQ0202_G07_cluster=GQ0202_G07_status=complete_gb=BT102884 3691521 cdhitput-4_5=iteration.1extra
.94 GQ02814_D20.1_clone=GQ02814_D20_cluster=GQ02814_D20_status=complete_gb=BT104739 3691404 cdhitput-4_5=iteration.1extra
.98 GQ03212_L06.1_clone=GQ03212_L06_cluster=GQ03212_L06_status=complete_gb=BT109816 3691525 cdhitput-4_5=iteration.1extra
.99 GQ0026_N01.1_clone=GQ0026_N01_cluster=GQ0026_N01_status=complete_gb=BT100595 3537454 cdhitput-4_5=iteration.1extra
.99 GQ04012_P10.1_clone=GQ04012_P10_cluster=GQ04012_P10_status=complete_gb=BT118980 3533464 cdhitput-4_5=iteration.1extra
.99 GQ0162_L22.1_clone=GQ0162_L22_cluster=GQ0162_L22_status=complete_gb=BT102009 3521502 cdhitput-4_5=iteration.1extra
.99 GQ03219_P13.1_clone=GQ03219_P13_cluster=GQ03219_P13_status=complete_gb=BT110330 3691546 cdhitput-4_5=iteration.1extra
.91 GQ0068_I14.1_clone=GQ0068_I14_cluster=GQ0068_I14_status=complete_gb=BT101133 3691604 cdhitput-4_5=iteration.1extra
.99 GQ03003_O03.1_clone=GQ03003_O03_cluster=GQ03003_O03_status=complete_gb=BT106525 3558332 cdhitput-4_5=iteration.1extra
.99 GQ0011_L04.1_clone=GQ0011_L04_cluster=GQ0011_L04_status=complete_gb=BT100365 3527126 cdhitput-4_5=iteration.1extra
.99 GQ03811_G16.1_clone=GQ03811_G16_cluster=GQ03811_G16_status=complete_gb=BT117035 3496544 cdhitput-4_5=iteration.2extra
.99 GQ03506_C17.1_clone=GQ03506_C17_cluster=GQ03506_C17_status=complete_gb=BT114002 3496740 cdhitput-4_5=iteration.2extra
.99 GQ0069_F04.1_clone=GQ0069_F04_cluster=GQ0069_F04_status=complete_gb=BT101154 3496826 cdhitput-4_5=iteration.2extra
.99 GQ03816_E16.1_clone=GQ03816_E16_cluster=GQ03816_E16_status=complete_gb=BT117268 3372712 cdhitput-4_5=iteration.2extra
.99 GQ03223_D19.1_clone=GQ03223_D19_cluster=GQ03223_D19_status=complete_gb=BT110544 3496944 cdhitput-4_5=iteration.2extra
.97 GQ03206_C01.1_clone=GQ03206_C01_cluster=GQ03206_C01_status=complete_gb=BT109225 3496940 cdhitput-4_5=iteration.2extra
.97 GQ03716_B01.1_clone=GQ03716_B01_cluster=GQ03716_B01_status=complete_gb=BT116321 3496915 cdhitput-4_5=iteration.2extra
.99 GQ01308_L20.2_clone=GQ01308_L20_cluster=GQ01308_L20_status=5 3496645 cdhitput-4_5=iteration.2extra
.91 GQ02015_G17.1_clone=GQ02015_G17_cluster=GQ02015_G17_status=complete_gb=BT102778 3496932 cdhitput-4_5=iteration.2extra
.99 GQ03601_G03.2_clone=GQ03601_G03_cluster=GQ03601_G03_status=complete_gb=BT114745 2667170 cdhitput-4_6=iteration.1extra
.98 GQ0208_N13.1_clone=GQ0208_N13_cluster=GQ0208_N13_status=complete_gb=BT103222 2667197 cdhitput-4_6=iteration.1extra
.91 GQ02752_F10.1_clone=GQ02752_F10_cluster=GQ02752_F10_status=5 2667159 cdhitput-4_6=iteration.1extra
.98 GQ03813_M03.2_clone=GQ03813_M03_cluster=GQ03813_M03_status=complete_gb=BT117144 2667286 cdhitput-4_6=iteration.1extra
.90 GQ03211_F24.1_clone=GQ03211_F24_cluster=GQ03211_F24_status=complete_gb=BT109678 2667254 cdhitput-4_6=iteration.1extra
.97 GQ04105_F05.1_clone=GQ04105_F05_cluster=GQ04105_F05_status=complete_gb=BT119412 2667243 cdhitput-4_6=iteration.1extra
.90 GQ04003_C23.2_clone=GQ04003_C23_cluster=GQ04003_C23_status=complete_gb=BT118167 2667178 cdhitput-4_6=iteration.1extra
.93 GQ03311_H18.1_clone=GQ03311_H18_cluster=GQ03311_H18_status=complete_gb=BT112180 2667219 cdhitput-4_6=iteration.1extra
.99 GQ0203_M18.1_clone=GQ0203_M18_cluster=GQ0203_M18_status=complete_gb=BT102946 2667214 cdhitput-4_6=iteration.1extra
.99 GQ03502_F15.1_clone=GQ03502_F15_cluster=GQ03502_F15_status=complete_gb=BT113827 2667274 cdhitput-4_6=iteration.1extra
.95 GQ03104_G09.2_clone=GQ03104_G09_cluster=GQ03104_G09_status=complete_gb=BT107207 2667190 cdhitput-4_6=iteration.1extra
.92 GQ03109_H23.1_clone=GQ03109_H23_cluster=GQ03109_H23_status=complete_gb=BT107572 2666847 cdhitput-4_6=iteration.1extra
.99 GQ03116_J18.1_clone=GQ03116_J18_cluster=GQ03116_J18_status=complete_gb=BT108078 2667281 cdhitput-4_6=iteration.1extra
.91 GQ03917_I16.2_clone=GQ03917_I16_cluster=GQ03917_I16_status=complete_gb=BT117929 2666785 cdhitput-4_6=iteration.1extra
.93 GQ02905_K13.1_clone=GQ02905_K13_cluster=GQ02905_K13_status=complete_gb=BT106234 2667229 cdhitput-4_6=iteration.1extra
.98 GQ03312_K12.1_clone=GQ03312_K12_cluster=GQ03312_K12_status=complete_gb=BT112258 2667276 cdhitput-4_6=iteration.1extra
.91 GQ03103_H24.1_clone=GQ03103_H24_cluster=GQ03103_H24_status=complete_gb=BT107159 2667222 cdhitput-4_6=iteration.1extra
.90 GQ03319_H10.3_clone=GQ03319_H10_cluster=GQ03319_H10_status=complete_gb=BT112686 2608287 cdhitput-4_6=iteration.1extra
.99 GQ03219_C13.1_clone=GQ03219_C13_cluster=GQ03219_C13_status=complete_gb=BT110283 2667206 cdhitput-4_6=iteration.1extra
.97 GQ03818_J22.1_clone=GQ03818_J22_cluster=GQ03818_J22_status=complete_gb=BT117393 2667215 cdhitput-4_6=iteration.1extra
.97 GQ03223_A21.1_clone=GQ03223_A21_cluster=GQ03223_A21_status=complete_gb=BT110528 2667250 cdhitput-4_6=iteration.1extra
.99 GQ03713_D13.1_clone=GQ03713_D13_cluster=GQ03713_D13_status=complete_gb=BT116183 2547776 cdhitput-4_6=iteration.1extra
.99 GQ03126_N21.1_clone=GQ03126_N21_cluster=GQ03126_N21_status=complete_gb=BT108772 2666970 cdhitput-4_6=iteration.1extra
.93 GQ0183_C03.1_clone=GQ0183_C03_cluster=GQ0183_C03_status=complete_gb=BT102365 2542251 cdhitput-4_6=iteration.1extra
.91 GQ03238_A11.1_clone=GQ03238_A11_cluster=GQ03238_A11_status=complete_gb=BT111468 2667268 cdhitput-4_6=iteration.1extra
.93 GQ03709_M23.1_clone=GQ03709_M23_cluster=GQ03709_M23_status=complete_gb=BT115981 2667288 cdhitput-4_6=iteration.1extra
.99 GQ04113_F24.3_clone=GQ04113_F24_cluster=GQ04113_F24_status=complete_gb=BT119968 2667272 cdhitput-4_6=iteration.1extra
.99 GQ04103_C10.1_clone=GQ04103_C10_cluster=GQ04103_C10_status=complete_gb=BT119246 2667227 cdhitput-4_6=iteration.1extra
.92 GQ04101_K16.1_clone=GQ04101_K16_cluster=GQ04101_K16_status=complete_gb=BT119125 2667230 cdhitput-4_6=iteration.1extra
.99 GQ02806_E09.2_clone=GQ02806_E09_cluster=GQ02806_E09_status=complete_gb=BT104087 3491308 cdhitput-4_6=iteration.2extra
.99 GQ03231_K12.2_clone=GQ03231_K12_cluster=GQ03231_K12_status=complete_gb=BT111035 3491053 cdhitput-4_6=iteration.2extra
.99 GQ02902_C11.2_clone=GQ02902_C11_cluster=GQ02902_C11_status=complete_gb=BT106057 3491320 cdhitput-4_6=iteration.2extra
.99 GQ03607_F17.1_clone=GQ03607_F17_cluster=GQ03607_F17_status=complete_gb=BT115015 3491230 cdhitput-4_6=iteration.2extra
.93 GQ03507_D15.1_clone=GQ03507_D15_cluster=GQ03507_D15_status=complete_gb=BT114060 3491321 cdhitput-4_6=iteration.2extra
.99 GQ03303_O06.1_clone=GQ03303_O06_cluster=GQ03303_O06_status=complete_gb=BT111808 3491227 cdhitput-4_6=iteration.2extra
.94 GQ03218_G15.1_clone=GQ03218_G15_cluster=GQ03218_G15_status=complete_gb=BT110225 3491072 cdhitput-4_6=iteration.2extra
.93 GQ03519_N02.1_clone=GQ03519_N02_cluster=GQ03519_N02_status=complete_gb=BT114717 3354153 cdhitput-4_6=iteration.2extra
.92 GQ0133_I11.2_clone=GQ0133_I11_cluster=GQ0133_I11_status=53 3491288 cdhitput-4_6=iteration.2extra
.99 GQ03404_H18.1_clone=GQ03404_H18_cluster=GQ03404_H18_status=complete_gb=BT113305 4492289 cdhitput-4_7=iteration.1extra
.93 GQ03313_O07.1_clone=GQ03313_O07_cluster=GQ03313_O07_status=complete_gb=BT112365 4492819 cdhitput-4_7=iteration.1extra
.96 GQ03501_C07.1_clone=GQ03501_C07_cluster=GQ03501_C07_status=complete_gb=BT113776 4492845 cdhitput-4_7=iteration.1extra
.96 GQ0171_P07.1_clone=GQ0171_P07_cluster=GQ0171_P07_status=complete_gb=BT102238 4492826 cdhitput-4_7=iteration.1extra
.98 GQ04109_F14.1_clone=GQ04109_F14_cluster=GQ04109_F14_status=complete_gb=BT119727 4492797 cdhitput-4_7=iteration.1extra
.97 GQ03124_G22.1_clone=GQ03124_G22_cluster=GQ03124_G22_status=complete_gb=BT108620 4492692 cdhitput-4_7=iteration.1extra
.97 GQ03510_J22.1_clone=GQ03510_J22_cluster=GQ03510_J22_status=complete_gb=BT114224 4301414 cdhitput-4_7=iteration.1extra
.96 GQ02905_K18.1_clone=GQ02905_K18_cluster=GQ02905_K18_status=complete_gb=BT106235 4492827 cdhitput-4_7=iteration.1extra
.93 GQ03102_M12.3_clone=GQ03102_M12_cluster=GQ03102_M12_status=complete_gb=BT107103 4492831 cdhitput-4_7=iteration.1extra
.90 GQ03232_D12.1_clone=GQ03232_D12_cluster=GQ03232_D12_status=complete_gb=BT111061 4492817 cdhitput-4_7=iteration.1extra
.99 GQ0204_N12.1_clone=GQ0204_N12_cluster=GQ0204_N12_status=complete_gb=BT103010 4492761 cdhitput-4_7=iteration.1extra
.99 GQ02905_J13.2_clone=GQ02905_J13_cluster=GQ02905_J13_status=complete_gb=BT106231 4492511 cdhitput-4_7=iteration.1extra
.91 GQ02907_A02.1_clone=GQ02907_A02_cluster=GQ02907_A02_status=complete_gb=BT106309 4492785 cdhitput-4_7=iteration.1extra
.90 GQ03120_E12.3_clone=GQ03120_E12_cluster=GQ03120_E12_status=53 4492789 cdhitput-4_7=iteration.1extra
.97 GQ03120_G19.1_clone=GQ03120_G19_cluster=GQ03120_G19_status=complete_gb=BT108345 4364677 cdhitput-4_7=iteration.1extra
.93 GQ00411_P24.1_clone=GQ00411_P24_cluster=GQ00411_P24_status=complete_gb=BT100713 4326101 cdhitput-4_7=iteration.1extra
.98 GQ03321_P23.1_clone=GQ03321_P23_cluster=GQ03321_P23_status=complete_gb=BT112863 4236367 cdhitput-4_7=iteration.2extra
.97 GQ04107_I15.1_clone=GQ04107_I15_cluster=GQ04107_I15_status=complete_gb=BT119587 4268296 cdhitput-4_7=iteration.2extra
.96 GQ03201_A21.1_clone=GQ03201_A21_cluster=GQ03201_A21_status=complete_gb=BT108791 4268284 cdhitput-4_7=iteration.2extra
.99 WS00840_J13.1_clone=WS00840_J13_cluster=WS00840_J13_status=complete 4268167 cdhitput-4_7=iteration.2extra
.97 GQ02804_D10.1_clone=GQ02804_D10_cluster=GQ02804_D10_status=complete_gb=BT103925 4268323 cdhitput-4_7=iteration.2extra
.97 GQ03232_J02.1_clone=GQ03232_J02_cluster=GQ03232_J02_status=complete_gb=BT111093 4267858 cdhitput-4_7=iteration.2extra
.99 GQ00411_L11.1_clone=GQ00411_L11_cluster=GQ00411_L11_status=complete_gb=BT100705 4268179 cdhitput-4_7=iteration.2extra
.99 WS0264_A17.1_clone=WS0264_A17_cluster=WS0264_A17_status=complete 4166957 cdhitput-4_7=iteration.2extra
.98 GQ02816_G09.2_clone=GQ02816_G09_cluster=GQ02816_G09_status=complete_gb=BT104900 4268307 cdhitput-4_7=iteration.2extra
.99 GQ03236_P10.1_clone=GQ03236_P10_cluster=GQ03236_P10_status=complete_gb=BT111389 4268277 cdhitput-4_7=iteration.2extra
.92 GQ03408_H09.1_clone=GQ03408_H09_cluster=GQ03408_H09_status=complete_gb=BT113437 4268085 cdhitput-4_7=iteration.2extra
.95 GQ03012_C13.3_clone=GQ03012_C13_cluster=GQ03012_C13_status=complete_gb=BT106847 4268283 cdhitput-4_7=iteration.2extra
.99 GQ03102_F17.1_clone=GQ03102_F17_cluster=GQ03102_F17_status=complete_gb=BT107067 4268313 cdhitput-4_7=iteration.2extra
.99 GQ03604_B09.1_clone=GQ03604_B09_cluster=GQ03604_B09_status=complete_gb=BT114870 4268312 cdhitput-4_7=iteration.2extra
.91 GQ03125_F12.1_clone=GQ03125_F12_cluster=GQ03125_F12_status=complete_gb=BT108684 4268325 cdhitput-4_7=iteration.2extra
.90 GQ03210_M08.1_clone=GQ03210_M08_cluster=GQ03210_M08_status=complete_gb=BT109623 4268272 cdhitput-4_7=iteration.2extra
.93 GQ03407_K06.1_clone=GQ03407_K06_cluster=GQ03407_K06_status=complete_gb=BT113418 4268324 cdhitput-4_7=iteration.2extra
.99 GQ04004_K14.2_clone=GQ04004_K14_cluster=GQ04004_K14_status=complete_gb=BT118283 4268328 cdhitput-4_7=iteration.2extra
.90 GQ03001_P18.1_clone=GQ03001_P18_cluster=GQ03001_P18_status=complete_gb=BT106446 4268097 cdhitput-4_7=iteration.2extra
.92 GQ04011_O01.1_clone=GQ04011_O01_cluster=GQ04011_O01_status=complete_gb=BT118921 4268154 cdhitput-4_7=iteration.2extra
.98 GQ03234_G08.1_clone=GQ03234_G08_cluster=GQ03234_G08_status=complete_gb=BT111212 3298359 cdhitput-4_8=iteration.1extra
.99 GQ03105_N08.1_clone=GQ03105_N08_cluster=GQ03105_N08_status=complete_gb=BT107329 3298329 cdhitput-4_8=iteration.1extra
.92 GQ03710_F16.1_clone=GQ03710_F16_cluster=GQ03710_F16_status=complete_gb=BT116008 3298073 cdhitput-4_8=iteration.1extra
.95 GQ0207_N23.1_clone=GQ0207_N23_cluster=GQ0207_N23_status=53 3298318 cdhitput-4_8=iteration.1extra
.90 GQ03308_C24.2_clone=GQ03308_C24_cluster=GQ03308_C24_status=complete_gb=BT111955 3298317 cdhitput-4_8=iteration.1extra
.98 WS00720_N04.1_clone=WS00720_N04_cluster=WS00720_N04_status=3 3298330 cdhitput-4_8=iteration.1extra
.99 augustus_masked-164159076-processed-gene-0.0-mRNA-1 3297972 cdhitput-4_8=iteration.1extra
.92 maker-166124672-augustus-gene-0.6-mRNA-1 3298366 cdhitput-4_8=iteration.1extra
.90 maker-166346932-augustus-gene-0.5-mRNA-1 3298346 cdhitput-4_8=iteration.1extra
.99 maker-168571773-snap-gene-0.16-mRNA-1 3298274 cdhitput-4_8=iteration.1extra
.94 maker-166716299-augustus-gene-0.4-mRNA-1 3298320 cdhitput-4_8=iteration.1extra
.99 maker-168111806-augustus-gene-0.20-mRNA-1 3298243 cdhitput-4_8=iteration.1extra
.96 augustus_masked-168560431-processed-gene-0.7-mRNA-1 3298206 cdhitput-4_8=iteration.1extra
.90 genemark-168263768-processed-gene-0.8-mRNA-1 3298245 cdhitput-4_8=iteration.1extra
.99 maker-163928303-snap-gene-0.1-mRNA-1 3172291 cdhitput-4_8=iteration.1extra
.95 augustus_masked-168219591-processed-gene-0.8-mRNA-1 3298293 cdhitput-4_8=iteration.1extra
.99 maker-168152388-augustus-gene-0.6-mRNA-1 3298277 cdhitput-4_8=iteration.1extra
.95 maker-166378680-augustus-gene-0.4-mRNA-1 3298279 cdhitput-4_8=iteration.1extra
.99 maker-168528136-snap-gene-0.76-mRNA-1 3297922 cdhitput-4_8=iteration.1extra
.94 GQ03311_J01.1_clone=GQ03311_J01_cluster=GQ03311_J01_status=complete_gb=BT112185 3577936 cdhitput-4_8=iteration.2extra
.99 GQ03808_H18.1_clone=GQ03808_H18_cluster=GQ03808_H18_status=complete_gb=BT116876 3578043 cdhitput-4_8=iteration.2extra
.99 maker-168163050-augustus-gene-0.24-mRNA-1 3578120 cdhitput-4_8=iteration.2extra
.94 maker-168555849-augustus-gene-0.44-mRNA-1 3578047 cdhitput-4_8=iteration.2extra
.90 maker-167990574-augustus-gene-0.8-mRNA-1 3908755 cdhitput-4_9=iteration.1extra
.99 augustus_masked-158993501-processed-gene-0.0-mRNA-1 3908815 cdhitput-4_9=iteration.1extra
.97 genemark-168504253-processed-gene-0.24-mRNA-1 3908849 cdhitput-4_9=iteration.1extra
.99 augustus_masked-166414248-processed-gene-0.0-mRNA-1 3908750 cdhitput-4_9=iteration.1extra
.90 augustus_masked-167927206-processed-gene-0.5-mRNA-1 3742513 cdhitput-4_9=iteration.1extra
.94 maker-168188498-snap-gene-0.15-mRNA-1 3908833 cdhitput-4_9=iteration.1extra
.99 augustus_masked-166184842-processed-gene-0.0-mRNA-1 3779166 cdhitput-4_9=iteration.1extra
.97 maker-168577632-snap-gene-0.63-mRNA-1 3908837 cdhitput-4_9=iteration.1extra
.99 maker-168466145-snap-gene-0.34-mRNA-1 3908644 cdhitput-4_9=iteration.1extra
.93 augustus_masked-140597266-processed-gene-0.0-mRNA-1 3908688 cdhitput-4_9=iteration.1extra
.99 maker-168510652-snap-gene-0.43-mRNA-1 3908810 cdhitput-4_9=iteration.1extra
.93 maker-168567703-augustus-gene-0.59-mRNA-1 3908812 cdhitput-4_9=iteration.1extra
.90 maker-168414024-augustus-gene-1.144-mRNA-1 3908851 cdhitput-4_9=iteration.1extra
.99 genemark-168411971-processed-gene-0.42-mRNA-1 4426317 cdhitput-4_9=iteration.2extra
.99 maker-168327601-augustus-gene-0.15-mRNA-1 4426293 cdhitput-4_9=iteration.2extra
.99 maker-168184224-snap-gene-0.52-mRNA-1 4426329 cdhitput-4_9=iteration.2extra
.99 augustus_masked-164606696-processed-gene-0.0-mRNA-1 4234582 cdhitput-4_9=iteration.2extra
.99 maker-168356585-augustus-gene-0.7-mRNA-1 4239059 cdhitput-4_9=iteration.2extra
.98 augustus_masked-168247086-processed-gene-0.14-mRNA-1 4426130 cdhitput-4_9=iteration.2extra
.99 snap_masked-167902299-processed-gene-0.7-mRNA-1 4426290 cdhitput-4_9=iteration.2extra
