.26 snap_masked-168190002-processed-gene-0.28-mRNA-1 4583910
.57 snap_masked-168190002-processed-gene-0.28-mRNA-1 4752720
.31 maker-166283943-augustus-gene-0.3-mRNA-1 4554496
.32 maker-166283943-augustus-gene-0.3-mRNA-1 4542126
.64 augustus_masked-168370932-processed-gene-0.3-mRNA-1 1533835
.29 augustus_masked-168370932-processed-gene-0.3-mRNA-1 4417444
.25 maker-168577294-augustus-gene-0.99-mRNA-1 4547832
.56 maker-168577294-augustus-gene-0.99-mRNA-1 4752668
.39 maker-168244268-snap-gene-0.24-mRNA-1 245801
.26 maker-168244268-snap-gene-0.24-mRNA-1 4542944
.15 maker-168244268-snap-gene-0.24-mRNA-1 4533424
.11 maker-168560422-snap-gene-0.29-mRNA-1 4572953
.55 maker-168560422-snap-gene-0.29-mRNA-1 1058564
.16 maker-168307430-snap-gene-0.26-mRNA-1 4557692
.22 maker-168307430-snap-gene-0.26-mRNA-1 4557982
.70 snap_masked-165618660-processed-gene-0.3-mRNA-1 4538060
.66 snap_masked-165618660-processed-gene-0.3-mRNA-1 4538495
.63 snap_masked-165618660-processed-gene-0.3-mRNA-1 4597521
.10 snap_masked-165618660-processed-gene-0.3-mRNA-1 1909974
.10 snap_masked-165618660-processed-gene-0.3-mRNA-1 4564471
.51 maker-168277920-augustus-gene-0.5-mRNA-1 4752710
.20 maker-168277920-augustus-gene-0.5-mRNA-1 4692178
.13 maker-168277920-augustus-gene-0.5-mRNA-1 4621931
.24 augustus_masked-168450293-processed-gene-0.4-mRNA-1 4562012
.38 augustus_masked-168450293-processed-gene-0.4-mRNA-1 4752520
.80 maker-168524732-snap-gene-0.36-mRNA-1 4752500
.17 maker-168524732-snap-gene-0.36-mRNA-1 202166
.17 maker-168524732-snap-gene-0.36-mRNA-1 622072
.14 maker-168524732-snap-gene-0.36-mRNA-1 1769202
.14 maker-168524732-snap-gene-0.36-mRNA-1 4601704
.26 genemark-168542191-processed-gene-0.15-mRNA-1 4604309
.10 genemark-168542191-processed-gene-0.15-mRNA-1 4752585
.34 maker-168352466-augustus-gene-0.25-mRNA-1 4563079
.53 maker-168352466-augustus-gene-0.25-mRNA-1 4535805
.17 maker-168452884-augustus-gene-0.16-mRNA-1 4668753
.23 maker-168452884-augustus-gene-0.16-mRNA-1 4591317
.37 snap_masked-167068571-processed-gene-0.3-mRNA-1 546557
.38 snap_masked-167068571-processed-gene-0.3-mRNA-1 4580702
.43 augustus_masked-166744097-processed-gene-0.0-mRNA-1 4605105
.26 augustus_masked-166744097-processed-gene-0.0-mRNA-1 4533076
.54 maker-168394294-snap-gene-0.50-mRNA-1 4752810
.27 maker-168394294-snap-gene-0.50-mRNA-1 139224
.16 maker-168394294-snap-gene-0.50-mRNA-1 4596817
.27 maker-161915945-augustus-gene-0.4-mRNA-1 4532118
.55 maker-161915945-augustus-gene-0.4-mRNA-1 4566357
.71 maker-164591750-augustus-gene-0.3-mRNA-1 4541336
.16 maker-164591750-augustus-gene-0.3-mRNA-1 4552258
.13 maker-168533242-augustus-gene-0.10-mRNA-1 4597381
.61 maker-168533242-augustus-gene-0.10-mRNA-1 4565642
.32 snap_masked-164773277-processed-gene-0.4-mRNA-1 4658019
.37 snap_masked-164773277-processed-gene-0.4-mRNA-1 4532586
.61 maker-168112190-augustus-gene-0.5-mRNA-4 4752698
.59 maker-168112190-augustus-gene-0.5-mRNA-4 4752648
.25 maker-168112190-augustus-gene-0.5-mRNA-4 4562764
.98 genemark-168465189-processed-gene-0.13-mRNA-1 4752749
.81 genemark-168465189-processed-gene-0.13-mRNA-1 4545449
.04 augustus_masked-168458112-processed-gene-0.2-mRNA-1 4534528
.05 augustus_masked-168458112-processed-gene-0.2-mRNA-1 1097214
.46 maker-166894346-augustus-gene-0.4-mRNA-1 4537685
.35 maker-166894346-augustus-gene-0.4-mRNA-1 4546005
.49 maker-168564770-snap-gene-0.78-mRNA-1 4752578
.26 maker-168564770-snap-gene-0.78-mRNA-1 4685497
.26 maker-168564770-snap-gene-0.78-mRNA-1 4562935
.38 genemark-168544813-processed-gene-0.6-mRNA-1 681364
.27 genemark-168544813-processed-gene-0.6-mRNA-1 4538306
.18 maker-168186684-augustus-gene-0.21-mRNA-1 4603583
.18 maker-168186684-augustus-gene-0.21-mRNA-1 4540720
.29 maker-168184241-snap-gene-0.7-mRNA-1 1874219
.35 maker-168184241-snap-gene-0.7-mRNA-1 4605988
.57 augustus_masked-168338404-processed-gene-0.14-mRNA-1 4739217
.28 augustus_masked-168338404-processed-gene-0.14-mRNA-1 4563126
.52 snap_masked-168547409-processed-gene-0.34-mRNA-1 4572645
.26 augustus_masked-168515231-processed-gene-0.6-mRNA-1 4552532
.24 augustus_masked-168515231-processed-gene-0.6-mRNA-1 4548854
.41 maker-168350183-snap-gene-0.22-mRNA-1 4560889
.37 maker-168350183-snap-gene-0.22-mRNA-1 4561527
.33 maker-166415089-augustus-gene-0.3-mRNA-1 119891
.47 maker-166415089-augustus-gene-0.3-mRNA-1 4549284
.16 augustus_masked-168438758-processed-gene-0.11-mRNA-1 4544697
.71 augustus_masked-168438758-processed-gene-0.11-mRNA-1 4752728
.63 augustus_masked-167196436-processed-gene-0.0-mRNA-1 4752747
.25 augustus_masked-167196436-processed-gene-0.0-mRNA-1 4602229
.19 maker-168208252-snap-gene-0.84-mRNA-3 4752806
.12 maker-168208252-snap-gene-0.84-mRNA-3 4553959
.60 augustus_masked-168402951-processed-gene-0.0-mRNA-1 4536067
.25 augustus_masked-168402951-processed-gene-0.0-mRNA-1 4537734
.48 maker-168506409-snap-gene-0.34-mRNA-1 4752816
.18 maker-168506409-snap-gene-0.34-mRNA-1 479802
.04 maker-168506409-snap-gene-0.34-mRNA-1 4534941
.04 maker-168506409-snap-gene-0.34-mRNA-1 479801
.41 maker-168570208-snap-gene-0.39-mRNA-1 4568488
.16 maker-168570208-snap-gene-0.39-mRNA-1 2421883
.16 maker-168570208-snap-gene-0.39-mRNA-1 2990937
.72 maker-168185366-snap-gene-0.6-mRNA-1 4752723
.12 maker-168185366-snap-gene-0.6-mRNA-1 4703259
.74 snap_masked-168550564-processed-gene-0.102-mRNA-1 4752433
.15 snap_masked-168550564-processed-gene-0.102-mRNA-1 4538902
.14 snap_masked-168550564-processed-gene-0.102-mRNA-1 2533164
.15 snap_masked-168550564-processed-gene-0.102-mRNA-1 357838
.15 snap_masked-168550564-processed-gene-0.102-mRNA-1 1181948
.48 augustus_masked-168391043-processed-gene-0.3-mRNA-1 4542110
.23 augustus_masked-168391043-processed-gene-0.3-mRNA-1 4575025
.22 augustus_masked-168391043-processed-gene-0.3-mRNA-1 247930
.19 augustus_masked-168391043-processed-gene-0.3-mRNA-1 4610975
.15 augustus_masked-168391043-processed-gene-0.3-mRNA-1 4546920
.14 genemark-168546986-processed-gene-0.13-mRNA-1 4605483
.07 genemark-168546986-processed-gene-0.13-mRNA-1 4459517
.09 genemark-168546986-processed-gene-0.13-mRNA-1 4718524
.34 augustus_masked-168389727-processed-gene-0.2-mRNA-1 4668401
.29 augustus_masked-168389727-processed-gene-0.2-mRNA-1 4564620
.33 augustus_masked-168183743-processed-gene-0.3-mRNA-1 636178
.03 augustus_masked-168183743-processed-gene-0.3-mRNA-1 4752452
.02 augustus_masked-168183743-processed-gene-0.3-mRNA-1 4752452
.01 augustus_masked-168183743-processed-gene-0.3-mRNA-1 4752452
.57 maker-162653869-augustus-gene-0.3-mRNA-1 4752826
.33 maker-162653869-augustus-gene-0.3-mRNA-1 4553658
.55 augustus_masked-168577140-processed-gene-0.0-mRNA-1 4570454
.32 augustus_masked-168577140-processed-gene-0.0-mRNA-1 4643825
.52 maker-168217957-snap-gene-0.98-mRNA-1 4752841
.15 maker-168217957-snap-gene-0.98-mRNA-1 4573726
.14 maker-168217957-snap-gene-0.98-mRNA-1 1762324
.34 augustus_masked-168576661-processed-gene-0.4-mRNA-1 4752849
.36 augustus_masked-168576661-processed-gene-0.4-mRNA-1 4752849
.06 augustus_masked-168576661-processed-gene-0.4-mRNA-1 312424
.02 augustus_masked-168576661-processed-gene-0.4-mRNA-1 4609844
.58 maker-168441275-augustus-gene-0.55-mRNA-1 4752778
.81 maker-168399250-snap-gene-1.86-mRNA-1 4752830
.10 maker-168399250-snap-gene-1.86-mRNA-1 1094311
.20 snap_masked-168503149-processed-gene-0.19-mRNA-1 3820161
.51 snap_masked-168503149-processed-gene-0.19-mRNA-1 4608435
.38 augustus_masked-168388007-processed-gene-0.10-mRNA-1 4566737
.21 augustus_masked-168388007-processed-gene-0.10-mRNA-1 4550000
.19 augustus_masked-168388007-processed-gene-0.10-mRNA-1 4591344
.13 augustus_masked-168388007-processed-gene-0.10-mRNA-1 4571218
.11 snap_masked-168092212-processed-gene-0.8-mRNA-1 4688300
.72 snap_masked-168092212-processed-gene-0.8-mRNA-1 4752857
.12 maker-168516400-augustus-gene-0.46-mRNA-1 4546191
.81 maker-168516400-augustus-gene-0.46-mRNA-1 4752812
.51 maker-168340210-snap-gene-0.33-mRNA-1 4637729
.35 maker-168340210-snap-gene-0.33-mRNA-1 2564055
.40 maker-168577025-snap-gene-0.64-mRNA-1 4607359
.33 maker-168577025-snap-gene-0.64-mRNA-1 4254704
.24 maker-167865223-augustus-gene-0.47-mRNA-1 4591145
.44 maker-167865223-augustus-gene-0.47-mRNA-1 4752659
.20 maker-168344240-augustus-gene-0.18-mRNA-1 882242
.14 maker-168344240-augustus-gene-0.18-mRNA-1 4593665
.08 maker-168344240-augustus-gene-0.18-mRNA-1 275112
.08 maker-168344240-augustus-gene-0.18-mRNA-1 547224
.06 maker-168344240-augustus-gene-0.18-mRNA-1 4547593
.21 maker-168536042-snap-gene-0.9-mRNA-1 4556542
.70 maker-168536042-snap-gene-0.9-mRNA-1 1455818
.75 maker-168509181-snap-gene-0.106-mRNA-1 4752859
.81 maker-168355485-snap-gene-0.16-mRNA-1 4752852
.53 augustus_masked-168416866-processed-gene-0.4-mRNA-1 4752851
.65 augustus_masked-166839592-processed-gene-0.1-mRNA-1 4552755
.27 augustus_masked-166839592-processed-gene-0.1-mRNA-1 4579915
.18 maker-167869164-augustus-gene-0.17-mRNA-1 4561356
.70 maker-167869164-augustus-gene-0.17-mRNA-1 4752819
.47 maker-167942724-augustus-gene-0.9-mRNA-1 4533832
.52 maker-167942724-augustus-gene-0.9-mRNA-1 4583915
.62 augustus_masked-168346240-processed-gene-0.1-mRNA-1 4551631
.37 augustus_masked-168346240-processed-gene-0.1-mRNA-1 4537012
.76 maker-168517188-snap-gene-0.21-mRNA-1 4752843
.18 maker-168517188-snap-gene-0.21-mRNA-1 4582603
.40 maker-168559840-snap-gene-0.10-mRNA-1 4569014
.59 maker-168559840-snap-gene-0.10-mRNA-1 4531400
.69 augustus_masked-168575934-processed-gene-0.1-mRNA-1 4585259
.26 augustus_masked-168575934-processed-gene-0.1-mRNA-1 4540048
.14 maker-168240834-snap-gene-0.39-mRNA-1 2015161
.77 maker-168240834-snap-gene-0.39-mRNA-1 4752845
.21 maker-168577285-augustus-gene-0.52-mRNA-1 394506
.78 maker-168577285-augustus-gene-0.52-mRNA-1 4752651
.13 maker-168569475-augustus-gene-0.52-mRNA-1 2506816
.82 maker-168569475-augustus-gene-0.52-mRNA-1 4752757
.16 maker-168255407-snap-gene-0.15-mRNA-1 1346230
.31 maker-168255407-snap-gene-0.15-mRNA-1 4556128
.99 augustus_masked-164689749-processed-gene-0.0-mRNA-1 4573509
.99 maker-168286907-augustus-gene-0.50-mRNA-1 4752627
.03 maker-168286907-augustus-gene-0.50-mRNA-1 4557132
.77 maker-168122527-augustus-gene-0.8-mRNA-1 4752854
.14 maker-168122527-augustus-gene-0.8-mRNA-1 4555600
.88 maker-168142165-snap-gene-0.31-mRNA-1 4752853
.11 maker-168142165-snap-gene-0.31-mRNA-1 813209
.68 maker-168253976-snap-gene-0.19-mRNA-1 4752664
.20 maker-168253976-snap-gene-0.19-mRNA-1 2520180
.24 maker-163414130-augustus-gene-0.4-mRNA-1 4741355
.70 maker-163414130-augustus-gene-0.4-mRNA-1 4537524
.17 augustus_masked-168286932-processed-gene-0.3-mRNA-1 1083782
.64 augustus_masked-168286932-processed-gene-0.3-mRNA-1 4533917
.47 maker-165796197-augustus-gene-0.4-mRNA-1 4535075
.34 maker-165796197-augustus-gene-0.4-mRNA-1 456833
.16 maker-168424764-snap-gene-0.30-mRNA-1 4551996
.27 maker-168424764-snap-gene-0.30-mRNA-1 4534426
.50 maker-168190526-snap-gene-1.103-mRNA-2 4553552
.40 maker-166363699-augustus-gene-0.3-mRNA-1 4542729
.30 maker-166363699-augustus-gene-0.3-mRNA-1 1319729
.30 maker-166363699-augustus-gene-0.3-mRNA-1 813341
.20 maker-166363699-augustus-gene-0.3-mRNA-1 4594582
.19 maker-166363699-augustus-gene-0.3-mRNA-1 1018840
.53 genemark-168552197-processed-gene-0.20-mRNA-1 4752665
.29 genemark-168552197-processed-gene-0.20-mRNA-1 4752665
.17 genemark-168552197-processed-gene-0.20-mRNA-1 2118095
.16 genemark-168552197-processed-gene-0.20-mRNA-1 4549178
.11 augustus_masked-168495698-processed-gene-0.19-mRNA-1 4535965
.88 augustus_masked-168495698-processed-gene-0.19-mRNA-1 4551034
.56 genemark-168577075-processed-gene-0.3-mRNA-1 4752589
.26 genemark-168577075-processed-gene-0.3-mRNA-1 1058937
.59 augustus_masked-161862128-processed-gene-0.0-mRNA-1 4537360
.30 augustus_masked-161862128-processed-gene-0.0-mRNA-1 4598650
.28 augustus_masked-161862128-processed-gene-0.0-mRNA-1 4604214
.24 augustus_masked-161862128-processed-gene-0.0-mRNA-1 4603831
.14 maker-167828622-augustus-gene-0.5-mRNA-1 4593628
.77 maker-167828622-augustus-gene-0.5-mRNA-1 4752706
.01 maker-168182714-augustus-gene-0.3-mRNA-2 4532561
.73 augustus_masked-168543219-processed-gene-0.9-mRNA-1 1310652
.71 augustus_masked-168543219-processed-gene-0.9-mRNA-1 4545759
.61 augustus_masked-168543219-processed-gene-0.9-mRNA-1 538766
.62 augustus_masked-168543219-processed-gene-0.9-mRNA-1 3393014
.53 augustus_masked-168543219-processed-gene-0.9-mRNA-1 1482045
.73 maker-168548205-snap-gene-0.24-mRNA-1 4536578
.15 maker-168548205-snap-gene-0.24-mRNA-1 1899345
.18 maker-168353440-snap-gene-0.15-mRNA-1 1614638
.76 maker-168353440-snap-gene-0.15-mRNA-1 4752647
.67 maker-168363033-snap-gene-0.110-mRNA-1 4570680
.15 maker-168363033-snap-gene-0.110-mRNA-1 4561622
.64 maker-168201508-augustus-gene-0.4-mRNA-1 4538062
.35 maker-168201508-augustus-gene-0.4-mRNA-1 4555308
.99 augustus_masked-168515415-processed-gene-0.7-mRNA-1 4752831
.66 augustus_masked-168191497-processed-gene-0.34-mRNA-1 1813723
.27 augustus_masked-168191497-processed-gene-0.34-mRNA-1 3379956
.68 maker-162605827-snap-gene-0.3-mRNA-1 4627045
.30 maker-162605827-snap-gene-0.3-mRNA-1 1714693
.43 maker-168257240-snap-gene-0.58-mRNA-1 750996
.33 maker-168257240-snap-gene-0.58-mRNA-1 4552316
.27 maker-168379418-snap-gene-0.42-mRNA-1 4532072
.45 maker-168379418-snap-gene-0.42-mRNA-1 4535512
.30 maker-168239269-augustus-gene-0.34-mRNA-1 4544974
.64 maker-168239269-augustus-gene-0.34-mRNA-1 4535104
.36 maker-168414376-snap-gene-0.39-mRNA-1 4537980
.41 maker-168414376-snap-gene-0.39-mRNA-1 4540692
.27 maker-168184972-augustus-gene-0.4-mRNA-1 1387911
.26 maker-168184972-augustus-gene-0.4-mRNA-1 1152115
.31 maker-168184972-augustus-gene-0.4-mRNA-1 4541716
.18 genemark-167703041-processed-gene-0.0-mRNA-1 4604913
.79 genemark-167703041-processed-gene-0.0-mRNA-1 4752716
.72 maker-168463880-augustus-gene-0.8-mRNA-1 4549373
.11 maker-168463880-augustus-gene-0.8-mRNA-1 2343794
.52 maker-168574083-augustus-gene-0.23-mRNA-1 4752755
.26 maker-168574083-augustus-gene-0.23-mRNA-1 4558005
.74 maker-168429947-augustus-gene-0.37-mRNA-1 4752842
.20 maker-168429947-augustus-gene-0.37-mRNA-1 4574022
.59 maker-168472848-snap-gene-0.42-mRNA-1 4537431
.28 maker-168472848-snap-gene-0.42-mRNA-1 3066808
.75 maker-168522419-snap-gene-0.44-mRNA-1 4752580
.04 maker-168522419-snap-gene-0.44-mRNA-1 4629126
.39 maker-162080320-snap-gene-0.5-mRNA-1 4571567
.23 maker-162080320-snap-gene-0.5-mRNA-1 4696071
.21 maker-162080320-snap-gene-0.5-mRNA-1 4607793
.11 maker-162080320-snap-gene-0.5-mRNA-1 4537632
.45 maker-168251700-snap-gene-0.27-mRNA-1 4752834
.17 maker-168251700-snap-gene-0.27-mRNA-1 4564568
.11 maker-168251700-snap-gene-0.27-mRNA-1 4752834
.55 augustus_masked-166842099-processed-gene-0.1-mRNA-1 4752646
.29 augustus_masked-166842099-processed-gene-0.1-mRNA-1 4554164
.29 augustus_masked-166842099-processed-gene-0.1-mRNA-1 4531983
.52 augustus_masked-168554693-processed-gene-0.17-mRNA-1 4704251
.34 augustus_masked-168554693-processed-gene-0.17-mRNA-1 4590201
.31 maker-168454181-augustus-gene-0.110-mRNA-1 4752761
.37 maker-168454181-augustus-gene-0.110-mRNA-1 1030315
.45 augustus_masked-165926022-processed-gene-0.0-mRNA-1 4548393
.29 augustus_masked-165926022-processed-gene-0.0-mRNA-1 1676848
.14 maker-168240510-augustus-gene-0.30-mRNA-1 177105
.57 maker-168240510-augustus-gene-0.30-mRNA-1 4723100
.70 maker-162868920-snap-gene-0.4-mRNA-1 4752781
.26 maker-162868920-snap-gene-0.4-mRNA-1 4564425
.83 maker-168398674-snap-gene-0.59-mRNA-1 4752835
.15 maker-168398674-snap-gene-0.59-mRNA-1 4535785
.30 maker-168138634-augustus-gene-0.11-mRNA-1 4752559
.21 maker-168138634-augustus-gene-0.11-mRNA-1 754775
.53 maker-168531691-augustus-gene-0.22-mRNA-1 4752663
.39 maker-168531691-augustus-gene-0.22-mRNA-1 604145
.38 maker-168368165-augustus-gene-0.39-mRNA-1 3449210
.76 maker-158895201-augustus-gene-0.3-mRNA-1 4752650
.23 maker-158895201-augustus-gene-0.3-mRNA-1 550570
.83 augustus_masked-168548606-processed-gene-0.12-mRNA-1 4558457
.49 augustus_masked-168548606-processed-gene-0.12-mRNA-1 4559923
.03 augustus_masked-168548606-processed-gene-0.12-mRNA-1 4086439
.86 augustus_masked-168191616-processed-gene-0.17-mRNA-1 4752858
.41 maker-168567405-snap-gene-0.31-mRNA-1 1056088
.35 maker-168567405-snap-gene-0.31-mRNA-1 4542234
.32 maker-168528315-augustus-gene-0.52-mRNA-1 3737468
.67 maker-168528315-augustus-gene-0.52-mRNA-1 4752510
.37 maker-168577084-snap-gene-0.16-mRNA-1 4604313
.11 maker-168577084-snap-gene-0.16-mRNA-1 4540470
.47 snap_masked-167938364-processed-gene-0.2-mRNA-1 1582998
.30 snap_masked-167938364-processed-gene-0.2-mRNA-1 4554095
.82 maker-168359502-augustus-gene-0.13-mRNA-1 4752832
.09 maker-168359502-augustus-gene-0.13-mRNA-1 4752832
.48 maker-168138948-augustus-gene-0.12-mRNA-1 4752838
.06 maker-168138948-augustus-gene-0.12-mRNA-1 336211
.41 augustus_masked-168451357-processed-gene-0.4-mRNA-1 4752751
.06 augustus_masked-168451357-processed-gene-0.4-mRNA-1 4556669
.58 augustus_masked-168296318-processed-gene-0.3-mRNA-1 4752649
.17 augustus_masked-168296318-processed-gene-0.3-mRNA-1 4574899
.39 augustus_masked-167848865-processed-gene-0.2-mRNA-1 4564137
.47 augustus_masked-167848865-processed-gene-0.2-mRNA-1 244672
.29 augustus_masked-167848865-processed-gene-0.2-mRNA-1 4572983
.20 augustus_masked-167848865-processed-gene-0.2-mRNA-1 420051
.13 augustus_masked-167848865-processed-gene-0.2-mRNA-1 4581372
.43 maker-163860129-snap-gene-0.5-mRNA-1 4548116
.19 maker-163860129-snap-gene-0.5-mRNA-1 4720133
.96 maker-168184023-augustus-gene-0.11-mRNA-2 4752813
.02 maker-168184023-augustus-gene-0.11-mRNA-2 4383284
.71 augustus_masked-168380608-processed-gene-0.2-mRNA-1 273740
.27 augustus_masked-168380608-processed-gene-0.2-mRNA-1 4752633
.19 snap_masked-167884987-processed-gene-0.25-mRNA-1 4565425
.65 snap_masked-167884987-processed-gene-0.25-mRNA-1 4614567
.25 augustus_masked-162282389-processed-gene-0.0-mRNA-1 4625826
.69 augustus_masked-162282389-processed-gene-0.0-mRNA-1 4752404
.52 genemark-168564678-processed-gene-0.2-mRNA-1 4683126
.17 genemark-168564678-processed-gene-0.2-mRNA-1 4548431
.33 maker-167850645-snap-gene-0.30-mRNA-1 4752836
.15 maker-167850645-snap-gene-0.30-mRNA-1 4752836
.82 maker-168281809-augustus-gene-0.12-mRNA-1 4532890
.86 maker-159030253-snap-gene-0.4-mRNA-1 4752628
.13 maker-159030253-snap-gene-0.4-mRNA-1 4537089
.38 maker-168189884-snap-gene-0.73-mRNA-1 4752473
.31 maker-168189884-snap-gene-0.73-mRNA-1 4601207
.25 maker-168189884-snap-gene-0.73-mRNA-1 4733529
.21 maker-168189884-snap-gene-0.73-mRNA-1 920739
.19 maker-168189884-snap-gene-0.73-mRNA-1 4532499
.26 maker-168514719-augustus-gene-0.38-mRNA-1 4542401
.69 maker-168514719-augustus-gene-0.38-mRNA-1 4538432
.53 maker-168577220-augustus-gene-0.60-mRNA-1 763449
.53 maker-168577220-augustus-gene-0.60-mRNA-1 4605445
.20 maker-168577220-augustus-gene-0.60-mRNA-1 4732259
.19 maker-168577220-augustus-gene-0.60-mRNA-1 763449
.36 maker-168183693-augustus-gene-0.4-mRNA-2 4752815
.11 maker-168183693-augustus-gene-0.4-mRNA-2 4541597
.39 genemark-168431026-processed-gene-0.5-mRNA-1 1909647
.38 genemark-168431026-processed-gene-0.5-mRNA-1 4677848
.58 maker-168473566-augustus-gene-0.46-mRNA-1 4752703
.33 maker-168473566-augustus-gene-0.46-mRNA-1 1037874
.70 maker-168458770-augustus-gene-0.37-mRNA-1 4547722
.29 maker-168458770-augustus-gene-0.37-mRNA-1 4547343
.71 maker-165124954-augustus-gene-0.5-mRNA-1 4752587
.27 maker-165124954-augustus-gene-0.5-mRNA-1 4556607
.30 maker-168388997-augustus-gene-0.16-mRNA-1 4532703
.10 maker-168388997-augustus-gene-0.16-mRNA-1 850385
.99 maker-168154321-augustus-gene-0.45-mRNA-1 4752397
.66 augustus_masked-168188318-processed-gene-0.3-mRNA-1 4752833
.06 augustus_masked-168188318-processed-gene-0.3-mRNA-1 4669296
.06 augustus_masked-168188318-processed-gene-0.3-mRNA-1 1322118
.17 maker-168255407-snap-gene-0.15-mRNA-2 1346230
.35 maker-168255407-snap-gene-0.15-mRNA-2 4556128
.25 maker-167994331-augustus-gene-0.45-mRNA-1 4617512
.25 maker-167994331-augustus-gene-0.45-mRNA-1 564791
.39 augustus_masked-168242297-processed-gene-0.12-mRNA-1 4534479
.40 augustus_masked-168242297-processed-gene-0.12-mRNA-1 4534478
.99 snap_masked-168243331-processed-gene-0.3-mRNA-1 4752704
.82 snap_masked-163961224-processed-gene-0.2-mRNA-1 4752693
.16 snap_masked-163961224-processed-gene-0.2-mRNA-1 4569816
.19 maker-168278439-augustus-gene-0.47-mRNA-1 1328562
.65 maker-168278439-augustus-gene-0.47-mRNA-1 4752583
.99 maker-165671060-augustus-gene-0.3-mRNA-1 4752774
.32 maker-168198041-augustus-gene-0.49-mRNA-1 4752770
.22 maker-168198041-augustus-gene-0.49-mRNA-1 4556267
.18 maker-168198041-augustus-gene-0.49-mRNA-1 1049981
.03 maker-168198041-augustus-gene-0.49-mRNA-1 675358
.01 maker-168198041-augustus-gene-0.49-mRNA-1 4587326
.89 maker-168263287-augustus-gene-0.51-mRNA-1 4752850
.18 maker-163676960-augustus-gene-0.2-mRNA-1 4535146
.58 maker-163676960-augustus-gene-0.2-mRNA-1 4752468
.80 maker-168406671-augustus-gene-0.12-mRNA-1 4752837
.08 maker-168406671-augustus-gene-0.12-mRNA-1 1364812
.46 maker-168532704-snap-gene-0.36-mRNA-1 1155330
.39 maker-168532704-snap-gene-0.36-mRNA-1 4540706
.76 maker-166529607-snap-gene-0.3-mRNA-1 1050624
.54 augustus_masked-24056382-processed-gene-0.0-mRNA-1 4569014
.23 augustus_masked-24056382-processed-gene-0.0-mRNA-1 4727455
.58 genemark-168295952-processed-gene-0.19-mRNA-1 4752782
.11 genemark-168295952-processed-gene-0.19-mRNA-1 4632414
.10 genemark-168295952-processed-gene-0.19-mRNA-1 4531637
.71 maker-161634024-augustus-gene-0.2-mRNA-1 829709
.25 augustus_masked-168138750-processed-gene-0.0-mRNA-1 4573313
.74 augustus_masked-168138750-processed-gene-0.0-mRNA-1 4543201
.20 augustus_masked-168559770-processed-gene-0.3-mRNA-1 4597687
.79 augustus_masked-168559770-processed-gene-0.3-mRNA-1 4561413
.48 snap_masked-168549129-processed-gene-0.20-mRNA-1 4752715
.18 snap_masked-168549129-processed-gene-0.20-mRNA-1 660429
.16 maker-168576038-augustus-gene-0.53-mRNA-1 4576813
.83 maker-168576038-augustus-gene-0.53-mRNA-1 4648060
.47 maker-168016424-augustus-gene-0.27-mRNA-2 4752705
.31 maker-168016424-augustus-gene-0.27-mRNA-2 4573596
.22 maker-168016424-augustus-gene-0.27-mRNA-2 4641802
.17 maker-168016424-augustus-gene-0.27-mRNA-2 1234045
.17 maker-168016424-augustus-gene-0.27-mRNA-2 1973448
.42 maker-168189228-snap-gene-0.97-mRNA-1 4540208
.32 maker-168189228-snap-gene-0.97-mRNA-1 819845
.85 snap_masked-168444448-processed-gene-0.13-mRNA-1 4560456
.11 snap_masked-168444448-processed-gene-0.13-mRNA-1 799339
.10 snap_masked-168444448-processed-gene-0.13-mRNA-1 4557478
.20 maker-168320898-snap-gene-0.13-mRNA-1 4547262
.79 maker-168320898-snap-gene-0.13-mRNA-1 4752846
.48 maker-168182986-snap-gene-0.101-mRNA-1 4752675
.29 maker-168182986-snap-gene-0.101-mRNA-1 4572032
.37 augustus_masked-168287478-processed-gene-0.21-mRNA-1 4577463
.50 augustus_masked-168287478-processed-gene-0.21-mRNA-1 4752764
.96 augustus_masked-168416176-processed-gene-0.0-mRNA-1 4752839
.82 augustus_masked-168507288-processed-gene-0.0-mRNA-1 4752768
.13 augustus_masked-168507288-processed-gene-0.0-mRNA-1 4601748
.11 augustus_masked-168507288-processed-gene-0.0-mRNA-1 4545903
.42 maker-168364903-augustus-gene-0.94-mRNA-1 4571359
.38 maker-168364903-augustus-gene-0.94-mRNA-1 508819
.15 augustus_masked-166764245-processed-gene-0.2-mRNA-1 4569304
.69 augustus_masked-166764245-processed-gene-0.2-mRNA-1 4752636
.41 maker-168561624-augustus-gene-0.6-mRNA-1 4554350
.30 maker-168561624-augustus-gene-0.6-mRNA-1 3015610
.39 augustus_masked-167933899-processed-gene-0.3-mRNA-1 2263417
.43 augustus_masked-167933899-processed-gene-0.3-mRNA-1 4537668
.81 maker-166388077-augustus-gene-0.5-mRNA-2 4546319
.28 augustus_masked-168565881-processed-gene-0.3-mRNA-1 4550075
.25 augustus_masked-168565881-processed-gene-0.3-mRNA-1 4535372
.56 maker-168560921-augustus-gene-0.53-mRNA-1 508684
.23 maker-168560921-augustus-gene-0.53-mRNA-1 4557897
.21 maker-168186284-snap-gene-0.13-mRNA-1 4532989
.20 maker-168186284-snap-gene-0.13-mRNA-1 746688
.16 maker-168186284-snap-gene-0.13-mRNA-1 4658097
.07 maker-168186284-snap-gene-0.13-mRNA-1 4534400
.06 maker-168186284-snap-gene-0.13-mRNA-1 344326
.56 snap_masked-160194821-processed-gene-0.2-mRNA-1 4563160
.43 snap_masked-160194821-processed-gene-0.2-mRNA-1 4536435
.82 maker-168440195-snap-gene-0.5-mRNA-1 4538897
.17 maker-168440195-snap-gene-0.5-mRNA-1 4574326
.73 maker-168190276-snap-gene-0.64-mRNA-1 2353883
.29 maker-163105483-augustus-gene-0.3-mRNA-1 4542967
.51 maker-163105483-augustus-gene-0.3-mRNA-1 4730479
.10 augustus_masked-168552098-processed-gene-0.12-mRNA-1 4574651
.89 augustus_masked-168552098-processed-gene-0.12-mRNA-1 4570144
.15 snap_masked-164559599-processed-gene-0.2-mRNA-1 4532641
.84 snap_masked-164559599-processed-gene-0.2-mRNA-1 4752718
.35 augustus_masked-168495557-processed-gene-0.1-mRNA-1 4581052
.21 augustus_masked-168495557-processed-gene-0.1-mRNA-1 1486968
.39 maker-168178695-augustus-gene-0.14-mRNA-1 2000350
.35 maker-168178695-augustus-gene-0.14-mRNA-1 3238896
.29 maker-168115588-augustus-gene-0.14-mRNA-1 4562022
.42 maker-168115588-augustus-gene-0.14-mRNA-1 4728047
.86 maker-168259001-augustus-gene-0.42-mRNA-1 4752829
.30 maker-168183214-augustus-gene-0.15-mRNA-1 4752564
.30 maker-168183214-augustus-gene-0.15-mRNA-1 4574753
.65 maker-168498446-augustus-gene-0.115-mRNA-1 4752458
.44 maker-168154231-snap-gene-0.12-mRNA-1 4538406
.55 maker-168154231-snap-gene-0.12-mRNA-1 4534348
.63 snap_masked-168006645-processed-gene-0.11-mRNA-1 4752685
.19 snap_masked-168006645-processed-gene-0.11-mRNA-1 886322
.19 maker-168211766-snap-gene-0.50-mRNA-1 2851798
.48 maker-168211766-snap-gene-0.50-mRNA-1 4560475
.81 augustus_masked-168421942-processed-gene-0.2-mRNA-1 4752558
.17 augustus_masked-168421942-processed-gene-0.2-mRNA-1 4544670
.33 maker-168572221-augustus-gene-0.62-mRNA-2 4568801
.07 maker-168572221-augustus-gene-0.62-mRNA-2 4533703
.70 maker-168222075-snap-gene-0.70-mRNA-1 4752848
.20 maker-168222075-snap-gene-0.70-mRNA-1 4568409
.19 maker-168222075-snap-gene-0.70-mRNA-1 4677368
.44 maker-168349402-snap-gene-0.19-mRNA-2 4752702
.44 maker-168349402-snap-gene-0.19-mRNA-2 4611290
.34 maker-168349402-snap-gene-0.19-mRNA-2 4532431
.42 maker-168349402-snap-gene-0.19-mRNA-2 4752557
.55 maker-168349402-snap-gene-0.19-mRNA-2 4578852
.53 augustus_masked-168560097-processed-gene-0.3-mRNA-1 4542890
.35 augustus_masked-168560097-processed-gene-0.3-mRNA-1 4543813
.52 maker-168190314-snap-gene-1.128-mRNA-1 4625849
.23 maker-163841636-augustus-gene-0.3-mRNA-1 1796522
.54 maker-163841636-augustus-gene-0.3-mRNA-1 551428
.76 maker-168575940-snap-gene-0.34-mRNA-1 4532457
.23 maker-168575940-snap-gene-0.34-mRNA-1 2416045
.32 maker-162369037-augustus-gene-0.8-mRNA-1 4554954
.16 maker-162369037-augustus-gene-0.8-mRNA-1 4582579
.14 maker-162369037-augustus-gene-0.8-mRNA-1 4611066
.26 maker-168494032-snap-gene-1.45-mRNA-1 360582
.11 maker-168494032-snap-gene-1.45-mRNA-1 413010
.11 maker-168494032-snap-gene-1.45-mRNA-1 389795
.08 maker-168511538-snap-gene-0.11-mRNA-1 4544300
.79 maker-168511538-snap-gene-0.11-mRNA-1 4752808
.56 augustus_masked-168476186-processed-gene-0.7-mRNA-1 502668
.45 augustus_masked-168476186-processed-gene-0.7-mRNA-1 4535566
.27 augustus_masked-168476186-processed-gene-0.7-mRNA-1 4600059
.26 maker-168572970-augustus-gene-0.17-mRNA-1 4603253
.27 maker-168572970-augustus-gene-0.17-mRNA-1 4577273
.19 maker-168572970-augustus-gene-0.17-mRNA-1 4661815
.23 maker-168572970-augustus-gene-0.17-mRNA-1 4579516
.14 maker-168572970-augustus-gene-0.17-mRNA-1 1180100
.30 maker-164947036-augustus-gene-0.3-mRNA-1 4595587
.21 maker-164947036-augustus-gene-0.3-mRNA-1 1278084
.79 maker-168476490-augustus-gene-0.23-mRNA-1 4752833
.13 maker-168476490-augustus-gene-0.23-mRNA-1 4661002
.69 augustus_masked-168401751-processed-gene-0.16-mRNA-1 4602893
.65 augustus_masked-168401751-processed-gene-0.16-mRNA-1 4540788
.57 augustus_masked-168401751-processed-gene-0.16-mRNA-1 4565065
.60 augustus_masked-168401751-processed-gene-0.16-mRNA-1 4646159
.60 augustus_masked-168401751-processed-gene-0.16-mRNA-1 1486300
.13 maker-168246894-snap-gene-0.14-mRNA-1 4564816
.86 maker-168246894-snap-gene-0.14-mRNA-1 4752840
.51 maker-168251712-snap-gene-0.13-mRNA-1 4634855
.37 maker-168251712-snap-gene-0.13-mRNA-1 4532842
.32 maker-168514719-snap-gene-0.39-mRNA-1 1655321
.65 maker-168514719-snap-gene-0.39-mRNA-1 1015643
.68 maker-168516845-snap-gene-0.40-mRNA-1 4636910
.47 snap_masked-168237407-processed-gene-0.19-mRNA-1 4576125
.52 snap_masked-168237407-processed-gene-0.19-mRNA-1 4557113
.17 maker-168522562-augustus-gene-0.73-mRNA-1 1792715
.15 maker-168522562-augustus-gene-0.73-mRNA-1 4585362
.37 snap_masked-166584126-processed-gene-0.2-mRNA-1 4543818
.35 snap_masked-166584126-processed-gene-0.2-mRNA-1 4536819
.70 augustus_masked-44523131-processed-gene-0.0-mRNA-1 4599547
.17 augustus_masked-44523131-processed-gene-0.0-mRNA-1 1952388
.71 augustus_masked-168042770-processed-gene-0.1-mRNA-1 4752653
.27 augustus_masked-168042770-processed-gene-0.1-mRNA-1 4565467
.88 augustus_masked-168188951-processed-gene-0.19-mRNA-1 4752856
.12 maker-168218725-snap-gene-0.66-mRNA-1 281335
.46 maker-168218725-snap-gene-0.66-mRNA-1 1339021
.32 maker-168189998-augustus-gene-0.45-mRNA-1 388911
.09 maker-168189998-augustus-gene-0.45-mRNA-1 696687
.21 maker-168189998-augustus-gene-0.45-mRNA-1 1628988
.57 augustus_masked-167838348-processed-gene-0.3-mRNA-1 4752739
.29 augustus_masked-167838348-processed-gene-0.3-mRNA-1 4566299
.33 maker-168577080-snap-gene-0.74-mRNA-1 4532528
.35 maker-168577080-snap-gene-0.74-mRNA-1 4541419
.18 maker-168184278-snap-gene-0.19-mRNA-2 4579699
.46 maker-168184278-snap-gene-0.19-mRNA-2 4536183
.45 snap_masked-168053354-processed-gene-0.24-mRNA-1 4752482
.46 snap_masked-168053354-processed-gene-0.24-mRNA-1 4609212
.35 snap_masked-168053354-processed-gene-0.24-mRNA-1 1442235
.32 snap_masked-168053354-processed-gene-0.24-mRNA-1 379217
.32 snap_masked-168053354-processed-gene-0.24-mRNA-1 497274
.12 augustus_masked-168443181-processed-gene-0.15-mRNA-1 4568652
.87 augustus_masked-168443181-processed-gene-0.15-mRNA-1 4752515
.52 snap_masked-168348206-processed-gene-0.49-mRNA-1 4752687
.40 snap_masked-168348206-processed-gene-0.49-mRNA-1 4704874
.38 augustus_masked-166613608-processed-gene-0.0-mRNA-1 4686766
.22 augustus_masked-166613608-processed-gene-0.0-mRNA-1 4689999
.34 maker-168327546-augustus-gene-0.25-mRNA-1 4554986
.33 maker-168327546-augustus-gene-0.25-mRNA-1 4552210
.34 maker-168410765-augustus-gene-0.42-mRNA-1 4541839
.26 maker-168410765-augustus-gene-0.42-mRNA-1 4752535
.75 augustus_masked-168260497-processed-gene-0.6-mRNA-1 4545926
.38 augustus_masked-162119412-processed-gene-0.0-mRNA-1 767800
.32 augustus_masked-162119412-processed-gene-0.0-mRNA-1 4609813
.27 maker-168577377-augustus-gene-0.93-mRNA-1 4537740
.33 maker-168577377-augustus-gene-0.93-mRNA-1 4752699
.40 maker-166597788-augustus-gene-0.3-mRNA-1 4679845
.20 maker-166597788-augustus-gene-0.3-mRNA-1 4605274
.24 augustus_masked-168185688-processed-gene-0.10-mRNA-1 4567012
.20 augustus_masked-168185688-processed-gene-0.10-mRNA-1 4534746
.42 maker-165394341-snap-gene-0.4-mRNA-1 4651858
.40 maker-165394341-snap-gene-0.4-mRNA-1 2276601
.32 augustus_masked-167965301-processed-gene-0.2-mRNA-1 4752673
.15 augustus_masked-167965301-processed-gene-0.2-mRNA-1 4535816
.12 augustus_masked-167965301-processed-gene-0.2-mRNA-1 1345399
.16 maker-168572384-snap-gene-0.14-mRNA-1 4747668
.69 maker-168572384-snap-gene-0.14-mRNA-1 4752844
.21 maker-168572384-snap-gene-0.14-mRNA-2 4747668
.64 maker-168572384-snap-gene-0.14-mRNA-2 4752844
.56 maker-168571183-augustus-gene-0.28-mRNA-1 4544048
.19 maker-168571183-augustus-gene-0.28-mRNA-1 852588
.27 maker-168576930-augustus-gene-0.37-mRNA-1 4560908
.65 maker-168576930-augustus-gene-0.37-mRNA-1 4752707
.35 genemark-168568885-processed-gene-0.5-mRNA-1 4752855
.09 genemark-168568885-processed-gene-0.5-mRNA-1 1175205
.52 augustus_masked-168398021-processed-gene-0.0-mRNA-1 4556668
.24 augustus_masked-168398021-processed-gene-0.0-mRNA-1 4556667
.68 augustus_masked-168296338-processed-gene-0.0-mRNA-1 4532724
.31 augustus_masked-168296338-processed-gene-0.0-mRNA-1 2603698
.16 maker-166269667-augustus-gene-0.3-mRNA-1 4701767
.43 maker-166269667-augustus-gene-0.3-mRNA-1 4711593
.28 genemark-168481447-processed-gene-0.38-mRNA-1 4568791
.71 genemark-168481447-processed-gene-0.38-mRNA-1 4581662
.41 maker-166256057-augustus-gene-0.4-mRNA-1 781494
.39 maker-166256057-augustus-gene-0.4-mRNA-1 4752814
.86 maker-168566055-augustus-gene-0.7-mRNA-1 4752756
.05 maker-168566055-augustus-gene-0.7-mRNA-1 4651926
.12 maker-168557558-augustus-gene-0.48-mRNA-1 4593048
.17 maker-168557558-augustus-gene-0.48-mRNA-1 4577156
.77 maker-168574247-snap-gene-0.51-mRNA-1 4752477
.89 snap_masked-168414024-processed-gene-1.105-mRNA-1 4752577
.08 snap_masked-168414024-processed-gene-1.105-mRNA-1 4620500
.10 maker-168185331-augustus-gene-0.53-mRNA-1 4556633
.37 maker-168185331-augustus-gene-0.53-mRNA-1 4579894
.99 genemark-164898960-processed-gene-0.0-mRNA-1 4544271
