.52 maker-166933183-augustus-gene-0.4-mRNA-1 2274367
.28 maker-166933183-augustus-gene-0.4-mRNA-1 569026
.27 maker-168312706-augustus-gene-0.56-mRNA-1 2194831
.30 maker-168312706-augustus-gene-0.56-mRNA-1 2181981
.74 snap_masked-168080830-processed-gene-0.7-mRNA-1 2274320
.51 maker-168486870-augustus-gene-0.79-mRNA-1 213793
.18 maker-168486870-augustus-gene-0.79-mRNA-1 2163136
.13 maker-168419569-augustus-gene-0.87-mRNA-1 2178974
.86 maker-168419569-augustus-gene-0.87-mRNA-1 2163700
.66 maker-168517725-snap-gene-0.82-mRNA-1 2274407
.16 maker-168517725-snap-gene-0.82-mRNA-1 2172381
.09 maker-168517725-snap-gene-0.82-mRNA-1 2183255
.75 augustus_masked-162427872-processed-gene-0.0-mRNA-1 2182813
.11 augustus_masked-162427872-processed-gene-0.0-mRNA-1 2204733
.10 augustus_masked-162427872-processed-gene-0.0-mRNA-1 1414180
.24 augustus_masked-168202553-processed-gene-0.1-mRNA-1 475478
.40 augustus_masked-168202553-processed-gene-0.1-mRNA-1 2165686
.44 maker-168183912-snap-gene-0.11-mRNA-1 2274283
.10 maker-168183912-snap-gene-0.11-mRNA-1 2182724
.10 maker-168183912-snap-gene-0.11-mRNA-1 2167492
.57 maker-168507778-snap-gene-0.23-mRNA-1 2274316
.25 maker-168507778-snap-gene-0.23-mRNA-1 2177274
.17 maker-168507778-snap-gene-0.23-mRNA-1 762976
.97 augustus_masked-168489778-processed-gene-0.1-mRNA-1 2274415
.26 genemark-168548835-processed-gene-0.27-mRNA-1 2164326
.25 genemark-168548835-processed-gene-0.27-mRNA-1 993733
.26 genemark-168548835-processed-gene-0.27-mRNA-1 2182505
.35 maker-162845309-augustus-gene-0.4-mRNA-1 2165298
.51 maker-162845309-augustus-gene-0.4-mRNA-1 2182443
.60 maker-168196710-augustus-gene-0.96-mRNA-1 2274426
.13 maker-168196710-augustus-gene-0.96-mRNA-1 2274426
.71 maker-167973355-augustus-gene-0.23-mRNA-1 2274191
.18 maker-167973355-augustus-gene-0.23-mRNA-1 2206735
.07 maker-167973355-augustus-gene-0.23-mRNA-1 434123
.48 maker-168191276-snap-gene-0.84-mRNA-1 2274325
.49 maker-168191276-snap-gene-0.84-mRNA-1 2274325
.32 maker-168494274-snap-gene-0.25-mRNA-1 2164529
.21 maker-168494274-snap-gene-0.25-mRNA-1 464370
.15 maker-168494274-snap-gene-0.25-mRNA-1 2173216
.38 maker-164713870-snap-gene-0.4-mRNA-1 2169830
.31 maker-164713870-snap-gene-0.4-mRNA-1 510873
.85 maker-168505674-augustus-gene-0.4-mRNA-1 2179829
.55 maker-168190780-snap-gene-0.48-mRNA-1 2274348
.42 maker-168190780-snap-gene-0.48-mRNA-1 2188597
.14 augustus_masked-168530724-processed-gene-0.0-mRNA-1 2208409
.85 augustus_masked-168530724-processed-gene-0.0-mRNA-1 2274332
.12 maker-168198407-augustus-gene-0.43-mRNA-1 1089729
.83 maker-168198407-augustus-gene-0.43-mRNA-1 301286
.34 maker-168567524-snap-gene-0.93-mRNA-1 2274423
.40 maker-168567524-snap-gene-0.93-mRNA-1 2274423
.76 maker-168521523-snap-gene-0.46-mRNA-1 2162744
.13 maker-168521523-snap-gene-0.46-mRNA-1 2182663
.33 maker-168203571-snap-gene-0.39-mRNA-1 2161660
.66 maker-168203571-snap-gene-0.39-mRNA-1 2274258
.32 maker-168417518-augustus-gene-0.27-mRNA-1 2173948
.08 maker-168417518-augustus-gene-0.27-mRNA-1 2176385
.36 maker-168422342-snap-gene-0.79-mRNA-1 2274212
.35 maker-168422342-snap-gene-0.79-mRNA-1 2175704
.30 maker-168422342-snap-gene-0.79-mRNA-1 2168220
.14 maker-168491361-snap-gene-0.27-mRNA-1 982886
.18 maker-168491361-snap-gene-0.27-mRNA-1 2165587
.59 maker-160637215-snap-gene-0.4-mRNA-1 2274252
.39 maker-160637215-snap-gene-0.4-mRNA-1 2164125
.77 snap_masked-168492506-processed-gene-0.4-mRNA-1 2274200
.94 maker-168190917-augustus-gene-0.30-mRNA-1 2274425
.64 genemark-168184403-processed-gene-0.13-mRNA-1 534190
.33 genemark-168184403-processed-gene-0.13-mRNA-1 1419817
.57 maker-168347945-snap-gene-0.81-mRNA-2 2274326
.33 maker-168347945-snap-gene-0.81-mRNA-2 158582
.17 maker-168347945-snap-gene-0.81-mRNA-2 2188715
.33 augustus_masked-168499159-processed-gene-0.1-mRNA-1 2181001
.66 augustus_masked-168499159-processed-gene-0.1-mRNA-1 2189176
.74 augustus_masked-166603339-processed-gene-0.2-mRNA-1 2274390
.21 augustus_masked-166603339-processed-gene-0.2-mRNA-1 2164805
.44 augustus_masked-168269544-processed-gene-0.1-mRNA-1 2206746
.55 augustus_masked-168269544-processed-gene-0.1-mRNA-1 2165973
.92 snap_masked-168577338-processed-gene-0.41-mRNA-1 2274427
.39 maker-167887446-augustus-gene-0.6-mRNA-1 2176411
.38 maker-167887446-augustus-gene-0.6-mRNA-1 2163767
.20 maker-167887446-augustus-gene-0.6-mRNA-1 403819
.20 maker-167887446-augustus-gene-0.6-mRNA-1 2167443
.61 maker-168187847-augustus-gene-0.12-mRNA-1 2274351
.43 maker-164022984-augustus-gene-0.4-mRNA-1 2177992
.40 maker-164022984-augustus-gene-0.4-mRNA-1 2177992
.28 maker-168331821-snap-gene-0.64-mRNA-1 1138588
.45 maker-168331821-snap-gene-0.64-mRNA-1 2185730
.82 maker-168572209-augustus-gene-0.51-mRNA-1 2178555
.09 maker-168572209-augustus-gene-0.51-mRNA-1 2185140
.99 genemark-168552644-processed-gene-0.34-mRNA-1 2274171
.93 genemark-168552644-processed-gene-0.34-mRNA-1 2274225
.92 genemark-168552644-processed-gene-0.34-mRNA-1 2193581
.56 maker-167959964-snap-gene-0.11-mRNA-3 2206793
.17 maker-167959964-snap-gene-0.11-mRNA-3 2219257
0 maker-167959964-snap-gene-0.11-mRNA-3 2171194
.60 maker-165708922-augustus-gene-0.5-mRNA-1 2196832
.39 maker-165708922-augustus-gene-0.5-mRNA-1 2274209
.93 maker-168563564-augustus-gene-0.23-mRNA-1 2274416
.22 maker-167811016-augustus-gene-0.6-mRNA-2 570631
.19 maker-167811016-augustus-gene-0.6-mRNA-2 2180118
.15 maker-167811016-augustus-gene-0.6-mRNA-2 612626
.15 maker-167811016-augustus-gene-0.6-mRNA-2 2221216
.12 maker-167811016-augustus-gene-0.6-mRNA-2 479345
.52 maker-168508455-augustus-gene-0.34-mRNA-1 2180922
.27 maker-168508455-augustus-gene-0.34-mRNA-1 2177797
.16 maker-166371926-snap-gene-0.4-mRNA-2 2166552
.34 maker-166371926-snap-gene-0.4-mRNA-2 2274391
.30 maker-168574288-augustus-gene-0.46-mRNA-1 2274397
.48 maker-168364943-augustus-gene-0.4-mRNA-1 2170664
.26 maker-168364943-augustus-gene-0.4-mRNA-1 471809
.35 maker-168447880-snap-gene-0.22-mRNA-1 389599
.28 maker-168447880-snap-gene-0.22-mRNA-1 2165663
.21 maker-168447880-snap-gene-0.22-mRNA-1 2170502
.39 augustus_masked-166098841-processed-gene-0.0-mRNA-1 2188129
.27 augustus_masked-166098841-processed-gene-0.0-mRNA-1 2181479
.11 augustus_masked-168574880-processed-gene-0.2-mRNA-1 2161806
.88 augustus_masked-168574880-processed-gene-0.2-mRNA-1 2184138
.25 augustus_masked-167939339-processed-gene-0.1-mRNA-1 2163707
.51 augustus_masked-167939339-processed-gene-0.1-mRNA-1 2202372
.09 maker-168186447-augustus-gene-0.43-mRNA-1 1724493
.89 maker-168186447-augustus-gene-0.43-mRNA-1 2274408
.17 maker-167980090-snap-gene-0.11-mRNA-1 731729
.20 maker-167980090-snap-gene-0.11-mRNA-1 2183668
.13 maker-167256960-augustus-gene-0.9-mRNA-1 256581
.76 maker-167256960-augustus-gene-0.9-mRNA-1 2274392
.49 augustus_masked-167835962-processed-gene-0.0-mRNA-1 2274281
.36 augustus_masked-167835962-processed-gene-0.0-mRNA-1 2170908
.41 augustus_masked-168349433-processed-gene-0.10-mRNA-1 2274417
.12 augustus_masked-168349433-processed-gene-0.10-mRNA-1 2161360
.59 augustus_masked-168182967-processed-gene-0.16-mRNA-1 2170958
.24 augustus_masked-168182967-processed-gene-0.16-mRNA-1 2274232
.34 maker-168577548-augustus-gene-0.82-mRNA-1 2180426
.64 maker-168577548-augustus-gene-0.82-mRNA-1 2164990
.53 augustus_masked-161971473-processed-gene-0.0-mRNA-1 2172760
.28 augustus_masked-161971473-processed-gene-0.0-mRNA-1 2169936
.23 augustus_masked-161971473-processed-gene-0.0-mRNA-1 2236385
.23 augustus_masked-161971473-processed-gene-0.0-mRNA-1 622026
.38 augustus_masked-168174636-processed-gene-0.1-mRNA-1 2172305
.34 augustus_masked-168174636-processed-gene-0.1-mRNA-1 2203355
.34 augustus_masked-168174636-processed-gene-0.1-mRNA-1 2180865
.22 augustus_masked-168174636-processed-gene-0.1-mRNA-1 2194037
.34 maker-168187825-snap-gene-0.35-mRNA-1 2171159
.29 maker-168187825-snap-gene-0.35-mRNA-1 185295
.78 maker-168185271-snap-gene-0.5-mRNA-1 2274354
.15 maker-168185271-snap-gene-0.5-mRNA-1 1418718
.06 maker-168185271-snap-gene-0.5-mRNA-1 2208517
.36 maker-168569835-augustus-gene-0.17-mRNA-1 2166272
.63 maker-168569835-augustus-gene-0.17-mRNA-1 424130
.87 maker-168357075-augustus-gene-0.16-mRNA-1 2274289
.12 maker-168357075-augustus-gene-0.16-mRNA-1 2177148
.81 augustus_masked-168445368-processed-gene-0.1-mRNA-1 2167710
.17 augustus_masked-168445368-processed-gene-0.1-mRNA-1 721570
.23 maker-144473166-augustus-gene-0.3-mRNA-1 1293057
.42 maker-144473166-augustus-gene-0.3-mRNA-1 2187604
.80 augustus_masked-163716005-processed-gene-0.0-mRNA-1 2223653
.02 augustus_masked-163716005-processed-gene-0.0-mRNA-1 1865810
.02 augustus_masked-163716005-processed-gene-0.0-mRNA-1 2242120
.02 augustus_masked-163716005-processed-gene-0.0-mRNA-1 2264323
.04 augustus_masked-163716005-processed-gene-0.0-mRNA-1 1393595
.55 maker-168554496-augustus-gene-0.28-mRNA-1 2274409
.38 maker-168564304-snap-gene-0.18-mRNA-1 2163017
.52 augustus_masked-168382289-processed-gene-0.0-mRNA-1 2217816
.16 augustus_masked-168382289-processed-gene-0.0-mRNA-1 682699
.53 augustus_masked-166924171-processed-gene-0.0-mRNA-1 464990
.46 augustus_masked-166924171-processed-gene-0.0-mRNA-1 485506
.55 maker-168255414-snap-gene-0.58-mRNA-1 2274379
.21 maker-168255414-snap-gene-0.58-mRNA-1 2184154
.67 snap_masked-168548460-processed-gene-0.69-mRNA-1 1474966
.78 genemark-168575358-processed-gene-0.17-mRNA-1 2203209
.14 genemark-168575358-processed-gene-0.17-mRNA-1 1313937
.95 maker-168569682-augustus-gene-0.129-mRNA-1 2274419
.41 snap_masked-168547509-processed-gene-0.17-mRNA-1 2161116
.44 snap_masked-168547509-processed-gene-0.17-mRNA-1 2274256
.63 snap_masked-168533241-processed-gene-0.8-mRNA-1 2274342
.20 snap_masked-168533241-processed-gene-0.8-mRNA-1 165329
.45 augustus_masked-168524451-processed-gene-0.2-mRNA-1 2164583
.15 augustus_masked-168524451-processed-gene-0.2-mRNA-1 763064
.01 augustus_masked-168524451-processed-gene-0.2-mRNA-1 2195644
.31 snap_masked-166939621-processed-gene-0.2-mRNA-1 2274410
.34 snap_masked-166939621-processed-gene-0.2-mRNA-1 2274410
.33 maker-168565737-augustus-gene-0.33-mRNA-2 868016
.35 maker-168565737-augustus-gene-0.33-mRNA-2 2207792
.01 maker-168577252-augustus-gene-0.45-mRNA-1 2163396
.76 augustus_masked-168283618-processed-gene-0.5-mRNA-1 2274418
.18 augustus_masked-168283618-processed-gene-0.5-mRNA-1 2161981
.18 maker-168185234-snap-gene-0.26-mRNA-1 2162790
.50 maker-168185234-snap-gene-0.26-mRNA-1 2274308
.83 maker-168526904-snap-gene-0.28-mRNA-1 2274305
.54 maker-166366599-snap-gene-0.7-mRNA-1 2177996
.17 maker-166366599-snap-gene-0.7-mRNA-1 2195197
.33 maker-168561042-augustus-gene-0.73-mRNA-1 2274315
.83 augustus_masked-168509930-processed-gene-0.2-mRNA-1 2162419
.20 maker-168560647-augustus-gene-1.105-mRNA-1 2190245
.16 maker-168560647-augustus-gene-1.105-mRNA-1 1040830
.16 maker-168560647-augustus-gene-1.105-mRNA-1 2161674
.35 maker-162288479-augustus-gene-0.3-mRNA-1 2169816
.04 maker-162288479-augustus-gene-0.3-mRNA-1 644610
.83 maker-168275442-augustus-gene-0.22-mRNA-1 2274338
.76 maker-168569239-augustus-gene-0.47-mRNA-2 2274370
.26 maker-168497558-snap-gene-0.53-mRNA-1 99655
.43 maker-168497558-snap-gene-0.53-mRNA-1 2163763
.54 maker-163475262-augustus-gene-0.3-mRNA-1 2274335
.38 maker-163475262-augustus-gene-0.3-mRNA-1 2162578
.33 maker-163475262-augustus-gene-0.3-mRNA-1 2198353
.26 maker-163475262-augustus-gene-0.3-mRNA-1 2224442
.13 maker-163475262-augustus-gene-0.3-mRNA-1 2150287
.65 maker-167973018-snap-gene-0.18-mRNA-1 2218751
.05 maker-167973018-snap-gene-0.18-mRNA-1 2170526
.71 snap_masked-168529423-processed-gene-0.21-mRNA-1 2274336
.26 snap_masked-168529423-processed-gene-0.21-mRNA-1 2187539
.15 snap_masked-168529423-processed-gene-0.21-mRNA-1 332995
.37 maker-167123460-augustus-gene-0.4-mRNA-1 2171366
.34 maker-167123460-augustus-gene-0.4-mRNA-1 2185849
.82 maker-168228746-augustus-gene-0.96-mRNA-1 2274403
.10 maker-168228746-augustus-gene-0.96-mRNA-1 2173703
.31 maker-168572221-augustus-gene-0.62-mRNA-1 2176476
.07 maker-168572221-augustus-gene-0.62-mRNA-1 2161186
.31 augustus_masked-164361246-processed-gene-0.0-mRNA-1 2169191
.68 augustus_masked-164361246-processed-gene-0.0-mRNA-1 179349
.24 augustus_masked-168186101-processed-gene-0.3-mRNA-1 2274310
.52 maker-163898734-snap-gene-0.4-mRNA-1 494781
.39 maker-163898734-snap-gene-0.4-mRNA-1 433013
.71 maker-167912502-augustus-gene-0.18-mRNA-1 2192328
.13 maker-167912502-augustus-gene-0.18-mRNA-1 2189396
.13 maker-167912502-augustus-gene-0.18-mRNA-1 603203
.54 genemark-168577402-processed-gene-0.35-mRNA-1 2274344
.12 genemark-168577402-processed-gene-0.35-mRNA-1 1617495
.51 snap_masked-168574367-processed-gene-0.20-mRNA-1 1352241
.33 augustus_masked-167152372-processed-gene-0.0-mRNA-1 2161694
.66 augustus_masked-167152372-processed-gene-0.0-mRNA-1 2161695
.30 maker-162541194-augustus-gene-0.4-mRNA-1 2165281
.59 maker-162541194-augustus-gene-0.4-mRNA-1 2165283
.24 maker-168351821-augustus-gene-0.25-mRNA-1 2274249
.13 maker-168351821-augustus-gene-0.25-mRNA-1 581949
.12 maker-168351821-augustus-gene-0.25-mRNA-1 2164433
.12 maker-168351821-augustus-gene-0.25-mRNA-1 2168988
.46 maker-162506698-snap-gene-0.5-mRNA-1 2175826
.34 maker-162506698-snap-gene-0.5-mRNA-1 2199859
.40 maker-167833934-snap-gene-0.10-mRNA-1 2193886
.32 maker-167833934-snap-gene-0.10-mRNA-1 2185748
.77 maker-167942149-augustus-gene-0.9-mRNA-1 2274327
.08 maker-167942149-augustus-gene-0.9-mRNA-1 1453295
.16 augustus_masked-161700205-processed-gene-0.0-mRNA-1 2248652
.53 augustus_masked-161700205-processed-gene-0.0-mRNA-1 2167213
.66 maker-168527887-augustus-gene-1.102-mRNA-1 2274429
.13 maker-168527887-augustus-gene-1.102-mRNA-1 2274429
.42 augustus_masked-161578793-processed-gene-0.1-mRNA-1 2166922
.57 augustus_masked-161578793-processed-gene-0.1-mRNA-1 2195888
.39 maker-167837042-augustus-gene-0.7-mRNA-1 2161655
.39 maker-167837042-augustus-gene-0.7-mRNA-1 2198192
.35 maker-167837042-augustus-gene-0.7-mRNA-1 2211735
.24 maker-167837042-augustus-gene-0.7-mRNA-1 2161654
.48 maker-168567428-augustus-gene-0.41-mRNA-1 2173375
.51 maker-168567428-augustus-gene-0.41-mRNA-1 2173255
.44 snap_masked-168564237-processed-gene-0.14-mRNA-1 641245
.40 snap_masked-168564237-processed-gene-0.14-mRNA-1 125131
.34 snap_masked-168564237-processed-gene-0.14-mRNA-1 579312
.32 snap_masked-168564237-processed-gene-0.14-mRNA-1 87044
.22 snap_masked-168564237-processed-gene-0.14-mRNA-1 289026
.22 maker-168459554-snap-gene-0.40-mRNA-1 112171
.05 maker-168459554-snap-gene-0.40-mRNA-1 2174494
.75 augustus_masked-168413481-processed-gene-0.0-mRNA-1 2166926
.20 augustus_masked-168413481-processed-gene-0.0-mRNA-1 2163752
.17 maker-168244247-augustus-gene-0.42-mRNA-1 2274413
.69 maker-168244247-augustus-gene-0.42-mRNA-1 2274413
.51 maker-168248687-augustus-gene-0.4-mRNA-1 2165632
.23 maker-168248687-augustus-gene-0.4-mRNA-1 1163532
.30 maker-168229000-augustus-gene-0.29-mRNA-1 2202452
.23 maker-168229000-augustus-gene-0.29-mRNA-1 2179120
.22 maker-168229000-augustus-gene-0.29-mRNA-1 2246740
.17 maker-168229000-augustus-gene-0.29-mRNA-1 2247180
.23 snap_masked-168383102-processed-gene-0.35-mRNA-1 2274394
.59 snap_masked-168383102-processed-gene-0.35-mRNA-1 2274394
.84 maker-164887201-augustus-gene-0.8-mRNA-1 2274399
.85 maker-168502864-augustus-gene-0.58-mRNA-1 2274424
.11 maker-168502864-augustus-gene-0.58-mRNA-1 310550
.51 genemark-168190552-processed-gene-0.16-mRNA-1 2254600
.28 genemark-168190552-processed-gene-0.16-mRNA-1 963261
.99 maker-159254874-augustus-gene-0.4-mRNA-1 2274414
.99 maker-168558993-augustus-gene-0.90-mRNA-1 2274207
.22 augustus_masked-168448022-processed-gene-0.1-mRNA-1 2172438
.74 augustus_masked-168448022-processed-gene-0.1-mRNA-1 2194795
.34 augustus_masked-168475889-processed-gene-0.3-mRNA-1 2185960
.31 augustus_masked-168475889-processed-gene-0.3-mRNA-1 2205896
.82 augustus_masked-164055532-processed-gene-0.1-mRNA-1 2168336
.57 maker-168422616-augustus-gene-0.12-mRNA-1 2186474
.22 maker-168422616-augustus-gene-0.12-mRNA-1 381176
.50 snap_masked-168187100-processed-gene-0.74-mRNA-1 2162359
.91 snap_masked-168533037-processed-gene-0.49-mRNA-1 2274364
.37 maker-164321543-augustus-gene-0.3-mRNA-1 364404
.33 maker-164321543-augustus-gene-0.3-mRNA-1 2161012
.22 maker-167237664-snap-gene-0.3-mRNA-1 2163126
.55 maker-167237664-snap-gene-0.3-mRNA-1 2274345
.83 maker-168452230-augustus-gene-0.9-mRNA-2 2171669
.15 maker-168452230-augustus-gene-0.9-mRNA-2 2201595
.47 maker-168186013-snap-gene-0.33-mRNA-1 2228731
.23 maker-168449060-snap-gene-0.10-mRNA-1 1016929
.33 maker-168449060-snap-gene-0.10-mRNA-1 2202973
.40 augustus_masked-168561869-processed-gene-1.58-mRNA-1 420747
.58 augustus_masked-168561869-processed-gene-1.58-mRNA-1 693770
.48 augustus_masked-165891793-processed-gene-0.0-mRNA-1 2192087
.44 augustus_masked-165891793-processed-gene-0.0-mRNA-1 2192091
.27 augustus_masked-165891793-processed-gene-0.0-mRNA-1 2183565
.19 augustus_masked-165891793-processed-gene-0.0-mRNA-1 2187309
.21 augustus_masked-165891793-processed-gene-0.0-mRNA-1 2175237
.88 maker-168190393-augustus-gene-0.38-mRNA-1 2274369
.10 maker-168190393-augustus-gene-0.38-mRNA-1 1186460
.46 maker-168557713-augustus-gene-0.28-mRNA-1 2178397
.40 maker-168557713-augustus-gene-0.28-mRNA-1 581428
.27 maker-168559072-snap-gene-0.53-mRNA-1 2274156
.24 maker-168559072-snap-gene-0.53-mRNA-1 2274324
.56 maker-168319211-augustus-gene-0.20-mRNA-1 2167696
.15 maker-168319211-augustus-gene-0.20-mRNA-1 2167697
.19 maker-167998797-snap-gene-0.12-mRNA-1 2165376
.61 maker-167998797-snap-gene-0.12-mRNA-1 2274307
.49 maker-168373796-augustus-gene-0.37-mRNA-1 2274260
.25 maker-168373796-augustus-gene-0.37-mRNA-1 388369
.15 maker-168373796-augustus-gene-0.37-mRNA-1 2186370
.31 augustus_masked-168250020-processed-gene-0.4-mRNA-1 2190108
.40 augustus_masked-168250020-processed-gene-0.4-mRNA-1 2249306
.64 maker-168446536-augustus-gene-0.75-mRNA-2 2274406
.26 maker-168446536-augustus-gene-0.75-mRNA-2 2175470
.51 maker-166519911-snap-gene-0.3-mRNA-1 588408
.36 maker-166519911-snap-gene-0.3-mRNA-1 534272
.37 augustus_masked-168451803-processed-gene-0.0-mRNA-1 323226
.15 augustus_masked-168451803-processed-gene-0.0-mRNA-1 904794
.67 maker-168341737-augustus-gene-0.33-mRNA-1 2186186
.69 maker-168475046-augustus-gene-0.24-mRNA-1 2189856
.46 maker-168475046-augustus-gene-0.24-mRNA-1 2166588
.39 maker-168475046-augustus-gene-0.24-mRNA-1 2250976
.15 maker-168475046-augustus-gene-0.24-mRNA-1 541210
.15 maker-168475046-augustus-gene-0.24-mRNA-1 386596
.28 maker-168305940-snap-gene-0.62-mRNA-1 2237427
.71 maker-168305940-snap-gene-0.62-mRNA-1 2162888
.34 augustus_masked-168573996-processed-gene-0.0-mRNA-1 2274412
.43 augustus_masked-168573996-processed-gene-0.0-mRNA-1 2274412
.73 snap_masked-168541870-processed-gene-0.46-mRNA-1 2257616
.21 snap_masked-168541870-processed-gene-0.46-mRNA-1 2254466
.56 maker-168169180-augustus-gene-0.2-mRNA-1 2247403
.45 maker-168207715-augustus-gene-0.22-mRNA-1 2274411
.35 maker-168207715-augustus-gene-0.22-mRNA-1 2274411
.42 maker-168011988-snap-gene-0.10-mRNA-1 2163254
.42 maker-168011988-snap-gene-0.10-mRNA-1 2163163
.39 maker-168237456-snap-gene-0.8-mRNA-4 2274235
.46 maker-168237456-snap-gene-0.8-mRNA-1 2274235
.78 snap_masked-168191390-processed-gene-0.38-mRNA-1 2247209
.50 maker-168577636-snap-gene-0.41-mRNA-1 2274368
.24 maker-168577636-snap-gene-0.41-mRNA-1 2168692
.11 maker-168577636-snap-gene-0.41-mRNA-1 2201026
.83 maker-166278184-snap-gene-0.4-mRNA-1 144767
.32 augustus_masked-166166074-processed-gene-0.0-mRNA-1 2163558
.02 augustus_masked-166166074-processed-gene-0.0-mRNA-1 2194186
.03 augustus_masked-166166074-processed-gene-0.0-mRNA-1 2194185
.41 maker-163140692-snap-gene-0.4-mRNA-1 2196186
.36 maker-163140692-snap-gene-0.4-mRNA-1 2181836
.35 maker-163140692-snap-gene-0.4-mRNA-1 2163571
.38 augustus_masked-163861116-processed-gene-0.0-mRNA-1 2196150
.39 augustus_masked-163861116-processed-gene-0.0-mRNA-1 2165275
.03 augustus_masked-163861116-processed-gene-0.0-mRNA-1 320949
.02 augustus_masked-163861116-processed-gene-0.0-mRNA-1 2183728
.01 augustus_masked-163861116-processed-gene-0.0-mRNA-1 320949
.74 maker-168567348-augustus-gene-0.23-mRNA-1 2200472
.10 maker-168567348-augustus-gene-0.23-mRNA-1 526254
.61 maker-166572006-augustus-gene-0.3-mRNA-1 2274395
.19 maker-166572006-augustus-gene-0.3-mRNA-1 110978
.32 genemark-168268752-processed-gene-0.7-mRNA-1 661464
.53 genemark-168268752-processed-gene-0.7-mRNA-1 2168495
.28 maker-168184824-augustus-gene-0.47-mRNA-1 2168901
.42 maker-168184824-augustus-gene-0.47-mRNA-1 247063
.41 maker-168518368-snap-gene-0.23-mRNA-1 2274224
.16 maker-168518368-snap-gene-0.23-mRNA-1 1065277
.23 maker-168482002-augustus-gene-0.33-mRNA-1 2185966
.26 maker-168482002-augustus-gene-0.33-mRNA-1 2165551
.37 maker-165396321-augustus-gene-0.3-mRNA-1 110715
.33 maker-165396321-augustus-gene-0.3-mRNA-1 2197317
.21 maker-165396321-augustus-gene-0.3-mRNA-1 2161751
.11 maker-165396321-augustus-gene-0.3-mRNA-1 2217844
.11 maker-165396321-augustus-gene-0.3-mRNA-1 720596
.50 augustus_masked-168283437-processed-gene-0.28-mRNA-1 2274421
.07 augustus_masked-168283437-processed-gene-0.28-mRNA-1 2274421
.06 augustus_masked-168283437-processed-gene-0.28-mRNA-1 2187091
.27 maker-168558424-augustus-gene-0.11-mRNA-2 2274420
.08 maker-168558424-augustus-gene-0.11-mRNA-2 2182133
.13 maker-166570907-snap-gene-0.5-mRNA-1 1575951
.70 maker-166570907-snap-gene-0.5-mRNA-1 2261741
.40 augustus_masked-163142492-processed-gene-0.0-mRNA-1 2173232
.52 augustus_masked-163142492-processed-gene-0.0-mRNA-1 523131
.76 maker-168577341-snap-gene-2.97-mRNA-1 2198732
.26 maker-168577341-snap-gene-2.97-mRNA-1 1086679
.18 maker-167877580-augustus-gene-0.8-mRNA-1 2161527
.78 maker-167877580-augustus-gene-0.8-mRNA-1 2274246
.61 augustus_masked-167918910-processed-gene-0.13-mRNA-1 2172041
.27 augustus_masked-167918910-processed-gene-0.13-mRNA-1 2174427
.26 maker-166658693-snap-gene-0.5-mRNA-1 2204105
.56 maker-166658693-snap-gene-0.5-mRNA-1 2167647
.67 maker-168459470-augustus-gene-0.6-mRNA-1 2274299
.19 maker-168459470-augustus-gene-0.6-mRNA-1 866808
.50 maker-163522639-snap-gene-0.4-mRNA-1 860237
.48 maker-163522639-snap-gene-0.4-mRNA-1 2207077
.50 maker-163522639-snap-gene-0.4-mRNA-1 2191772
.44 maker-163522639-snap-gene-0.4-mRNA-1 1347528
.44 maker-163522639-snap-gene-0.4-mRNA-1 2233386
.46 augustus_masked-168229181-processed-gene-0.3-mRNA-1 2166706
.27 augustus_masked-168229181-processed-gene-0.3-mRNA-1 2259834
.21 augustus_masked-168229181-processed-gene-0.3-mRNA-1 251408
.17 augustus_masked-168229181-processed-gene-0.3-mRNA-1 2272241
.13 augustus_masked-168229181-processed-gene-0.3-mRNA-1 1135075
.54 augustus_masked-168223499-processed-gene-0.0-mRNA-1 412393
.19 maker-168518442-snap-gene-0.36-mRNA-1 918467
.73 maker-168518442-snap-gene-0.36-mRNA-1 2274386
.37 maker-168239559-snap-gene-0.10-mRNA-1 2188225
.20 maker-168239559-snap-gene-0.10-mRNA-1 2202884
.77 maker-168232715-augustus-gene-0.26-mRNA-1 2170584
.03 maker-168232715-augustus-gene-0.26-mRNA-1 2170584
.44 maker-168561495-augustus-gene-0.24-mRNA-3 2181244
.11 maker-168561495-augustus-gene-0.24-mRNA-3 2171423
.25 maker-163167551-augustus-gene-0.3-mRNA-1 2210170
.18 maker-163167551-augustus-gene-0.3-mRNA-1 2246378
.04 maker-163167551-augustus-gene-0.3-mRNA-1 487840
.02 maker-163167551-augustus-gene-0.3-mRNA-1 487840
.31 genemark-168237172-processed-gene-0.5-mRNA-1 2177304
.09 genemark-168237172-processed-gene-0.5-mRNA-1 885604
.32 augustus_masked-168395168-processed-gene-0.6-mRNA-1 718341
.67 augustus_masked-168395168-processed-gene-0.6-mRNA-1 2274346
.10 maker-168557457-snap-gene-0.27-mRNA-1 2175074
.67 maker-168557457-snap-gene-0.27-mRNA-1 2274313
.20 maker-164939322-augustus-gene-0.3-mRNA-1 2200538
.66 maker-164939322-augustus-gene-0.3-mRNA-1 2259684
.66 augustus_masked-167111287-processed-gene-0.0-mRNA-1 2164343
.16 augustus_masked-167111287-processed-gene-0.0-mRNA-1 279627
.60 augustus_masked-166350556-processed-gene-0.0-mRNA-1 2220173
.32 augustus_masked-166350556-processed-gene-0.0-mRNA-1 2212967
.84 snap_masked-167794512-processed-gene-0.7-mRNA-1 2177633
.77 snap_masked-167794512-processed-gene-0.7-mRNA-1 205074
.10 snap_masked-167794512-processed-gene-0.7-mRNA-1 2177633
.17 maker-168573084-snap-gene-0.29-mRNA-1 2161083
.73 maker-168573084-snap-gene-0.29-mRNA-1 2274288
.15 maker-168210593-augustus-gene-0.29-mRNA-1 252542
.76 maker-168210593-augustus-gene-0.29-mRNA-1 2274387
.73 maker-168341460-snap-gene-0.18-mRNA-1 2163670
.05 maker-168341460-snap-gene-0.18-mRNA-1 2194921
.39 genemark-168119683-processed-gene-0.7-mRNA-1 2274321
.36 genemark-168119683-processed-gene-0.7-mRNA-1 2197849
.07 maker-168528959-augustus-gene-0.21-mRNA-1 567773
.78 maker-168528959-augustus-gene-0.21-mRNA-1 2274405
.34 maker-168384801-augustus-gene-0.31-mRNA-1 599471
.22 maker-168384801-augustus-gene-0.31-mRNA-1 1161922
.22 maker-168384801-augustus-gene-0.31-mRNA-1 2200198
.81 maker-168207271-snap-gene-0.20-mRNA-1 2274396
.12 maker-168207271-snap-gene-0.20-mRNA-1 2179911
.85 augustus_masked-168458060-processed-gene-0.5-mRNA-1 2162984
.37 snap_masked-168560242-processed-gene-0.20-mRNA-1 2274343
.26 snap_masked-168560242-processed-gene-0.20-mRNA-1 2197803
.12 snap_masked-168560242-processed-gene-0.20-mRNA-1 2170267
.55 maker-168575187-snap-gene-0.11-mRNA-2 2274319
.25 maker-168575187-snap-gene-0.11-mRNA-2 291628
.01 maker-168575187-snap-gene-0.11-mRNA-2 2172419
.19 maker-168245411-augustus-gene-0.24-mRNA-1 827398
.62 maker-168245411-augustus-gene-0.24-mRNA-1 2161630
.54 augustus_masked-161842108-processed-gene-0.0-mRNA-1 2172171
.37 augustus_masked-161842108-processed-gene-0.0-mRNA-1 2235280
.16 augustus_masked-161842108-processed-gene-0.0-mRNA-1 668345
.29 augustus_masked-168295703-processed-gene-0.2-mRNA-1 2182537
.20 augustus_masked-168295703-processed-gene-0.2-mRNA-1 516679
.16 augustus_masked-168295703-processed-gene-0.2-mRNA-1 480382
.20 augustus_masked-168295703-processed-gene-0.2-mRNA-1 2168475
.25 augustus_masked-168295703-processed-gene-0.2-mRNA-1 2163574
.35 maker-162840631-augustus-gene-0.4-mRNA-1 2172038
.35 maker-162840631-augustus-gene-0.4-mRNA-1 927244
.32 maker-162840631-augustus-gene-0.4-mRNA-1 2164763
.05 maker-162840631-augustus-gene-0.4-mRNA-1 2274317
.42 maker-168492049-snap-gene-0.30-mRNA-1 2161311
.36 maker-168492049-snap-gene-0.30-mRNA-1 2253667
.21 maker-168523936-augustus-gene-0.104-mRNA-1 2167256
.21 maker-168523936-augustus-gene-0.104-mRNA-1 2165401
.18 maker-168523936-augustus-gene-0.104-mRNA-1 397414
.17 maker-168523936-augustus-gene-0.104-mRNA-1 742217
.12 maker-168523936-augustus-gene-0.104-mRNA-1 474016
.41 augustus_masked-168413492-processed-gene-0.0-mRNA-1 2167754
.53 augustus_masked-168413492-processed-gene-0.0-mRNA-1 268419
.58 maker-168185814-augustus-gene-0.12-mRNA-1 2274404
.18 maker-168185814-augustus-gene-0.12-mRNA-1 2196078
.73 maker-167973722-snap-gene-0.34-mRNA-1 2274276
.26 maker-167973722-snap-gene-0.34-mRNA-1 2196211
.33 augustus_masked-168183393-processed-gene-0.0-mRNA-1 2175727
.60 augustus_masked-168183393-processed-gene-0.0-mRNA-1 2224691
.14 maker-168572698-snap-gene-0.27-mRNA-1 1349532
.85 maker-168572698-snap-gene-0.27-mRNA-1 2274388
.27 augustus_masked-168567612-processed-gene-0.15-mRNA-1 2178170
.21 augustus_masked-168567612-processed-gene-0.15-mRNA-1 1441276
.48 augustus_masked-168577288-processed-gene-0.8-mRNA-1 2162448
.22 augustus_masked-168577288-processed-gene-0.8-mRNA-1 2211974
.19 augustus_masked-168577288-processed-gene-0.8-mRNA-1 2217037
.19 augustus_masked-168577288-processed-gene-0.8-mRNA-1 2190221
.18 augustus_masked-168577288-processed-gene-0.8-mRNA-1 640176
.23 augustus_masked-168183681-processed-gene-0.1-mRNA-1 122872
.76 augustus_masked-168183681-processed-gene-0.1-mRNA-1 2162780
.34 genemark-167913620-processed-gene-0.14-mRNA-1 512048
.19 genemark-167913620-processed-gene-0.14-mRNA-1 1087185
.22 maker-168577435-snap-gene-0.26-mRNA-1 2164884
.50 maker-168577435-snap-gene-0.26-mRNA-1 2167188
.30 maker-168520985-snap-gene-1.62-mRNA-1 2175806
.25 maker-168520985-snap-gene-1.62-mRNA-1 2204081
.08 maker-168520985-snap-gene-1.62-mRNA-1 2272977
.03 maker-168520985-snap-gene-1.62-mRNA-1 2174029
.43 maker-168562948-augustus-gene-0.21-mRNA-1 2163139
.27 maker-168562948-augustus-gene-0.21-mRNA-1 2247373
.16 maker-168446045-augustus-gene-0.67-mRNA-1 2163738
.04 maker-168446045-augustus-gene-0.67-mRNA-1 2167705
.45 maker-168430821-snap-gene-0.7-mRNA-1 2161368
.27 maker-168430821-snap-gene-0.7-mRNA-1 855545
.14 maker-168430821-snap-gene-0.7-mRNA-1 60494
.14 maker-168430821-snap-gene-0.7-mRNA-1 2176741
.03 maker-168430821-snap-gene-0.7-mRNA-1 378091
.32 maker-166561547-augustus-gene-0.3-mRNA-1 2274290
.62 maker-166561547-augustus-gene-0.3-mRNA-1 309815
.42 augustus_masked-164312928-processed-gene-0.0-mRNA-1 2163104
.37 augustus_masked-164312928-processed-gene-0.0-mRNA-1 180510
.13 augustus_masked-164312928-processed-gene-0.0-mRNA-1 2199126
.13 augustus_masked-164312928-processed-gene-0.0-mRNA-1 2202279
.60 augustus_masked-166177354-processed-gene-0.0-mRNA-1 2175141
.26 augustus_masked-166177354-processed-gene-0.0-mRNA-1 2257492
.15 maker-168565416-augustus-gene-0.11-mRNA-1 2165130
.84 maker-168565416-augustus-gene-0.11-mRNA-1 176451
.16 genemark-167952706-processed-gene-0.10-mRNA-1 940197
.17 genemark-167952706-processed-gene-0.10-mRNA-1 543664
.32 augustus_masked-168550332-processed-gene-0.4-mRNA-1 171181
.67 augustus_masked-168550332-processed-gene-0.4-mRNA-1 2274282
.21 maker-168577147-snap-gene-0.44-mRNA-1 2168752
.19 maker-168577147-snap-gene-0.44-mRNA-1 2230395
.17 maker-168577147-snap-gene-0.44-mRNA-1 2229253
.33 maker-166972690-augustus-gene-0.3-mRNA-1 640183
.40 maker-166972690-augustus-gene-0.3-mRNA-1 2161637
.18 augustus_masked-166846130-processed-gene-0.1-mRNA-1 2164287
.65 augustus_masked-166846130-processed-gene-0.1-mRNA-1 2216931
.36 genemark-167887517-processed-gene-0.7-mRNA-1 2209941
.28 genemark-167887517-processed-gene-0.7-mRNA-1 2189622
.33 augustus_masked-168452559-processed-gene-0.5-mRNA-1 2164658
.37 augustus_masked-168452559-processed-gene-0.5-mRNA-1 2203385
.11 augustus_masked-164913955-processed-gene-0.0-mRNA-1 1025826
.88 augustus_masked-164913955-processed-gene-0.0-mRNA-1 614229
.45 maker-168302813-augustus-gene-0.34-mRNA-1 2274280
.41 maker-168302813-augustus-gene-0.34-mRNA-1 2206075
.44 genemark-168454932-processed-gene-0.15-mRNA-1 2214194
.24 genemark-168454932-processed-gene-0.15-mRNA-1 880019
.54 augustus_masked-168408746-processed-gene-0.0-mRNA-1 2214936
.32 augustus_masked-168408746-processed-gene-0.0-mRNA-1 2173618
.40 maker-168183271-snap-gene-0.16-mRNA-1 2274330
.28 maker-168183271-snap-gene-0.16-mRNA-1 2164945
.31 maker-168276603-snap-gene-0.37-mRNA-1 2190489
.53 maker-168343842-snap-gene-0.36-mRNA-1 2274340
.04 maker-168343842-snap-gene-0.36-mRNA-1 2166928
.51 augustus_masked-160571963-processed-gene-0.0-mRNA-1 2169037
.21 augustus_masked-160571963-processed-gene-0.0-mRNA-1 2194365
.84 snap_masked-168520290-processed-gene-0.38-mRNA-1 2240571
.62 maker-168557682-augustus-gene-0.69-mRNA-1 2203248
.15 maker-168557682-augustus-gene-0.69-mRNA-1 2175275
.69 maker-168419988-augustus-gene-0.29-mRNA-1 2274198
.30 maker-168419988-augustus-gene-0.29-mRNA-1 2196171
.80 maker-168191091-augustus-gene-0.57-mRNA-1 2274428
.14 genemark-168476281-processed-gene-0.52-mRNA-1 2216840
.66 genemark-168476281-processed-gene-0.52-mRNA-1 2274371
.80 maker-168446676-snap-gene-0.8-mRNA-1 2172755
.02 maker-168446676-snap-gene-0.8-mRNA-1 2204423
.02 maker-168446676-snap-gene-0.8-mRNA-1 2204424
.23 augustus_masked-168315936-processed-gene-0.6-mRNA-1 2191303
.51 augustus_masked-168315936-processed-gene-0.6-mRNA-1 2274203
.34 maker-168255459-augustus-gene-0.40-mRNA-1 761438
.34 maker-168255459-augustus-gene-0.40-mRNA-1 847254
.30 maker-168255459-augustus-gene-0.40-mRNA-1 2210679
.30 maker-168255459-augustus-gene-0.40-mRNA-1 2168283
.61 augustus_masked-168432470-processed-gene-0.1-mRNA-1 208230
.28 augustus_masked-168432470-processed-gene-0.1-mRNA-1 2185123
.27 augustus_masked-168432470-processed-gene-0.1-mRNA-1 2268640
.28 augustus_masked-168432470-processed-gene-0.1-mRNA-1 2167865
.25 augustus_masked-168432470-processed-gene-0.1-mRNA-1 79765
.63 maker-165762603-snap-gene-0.4-mRNA-1 2167279
.36 maker-165762603-snap-gene-0.4-mRNA-1 2274188
.13 maker-167838589-augustus-gene-1.77-mRNA-1 116199
.85 maker-167838589-augustus-gene-1.77-mRNA-1 2161811
.88 maker-168543645-snap-gene-0.70-mRNA-1 2274339
.08 augustus_masked-168575803-processed-gene-0.1-mRNA-1 2194973
.06 augustus_masked-168575803-processed-gene-0.1-mRNA-1 363660
.73 augustus_masked-168295788-processed-gene-0.2-mRNA-1 2174055
.75 augustus_masked-168295788-processed-gene-0.2-mRNA-1 2177564
.55 augustus_masked-168295788-processed-gene-0.2-mRNA-1 2183411
.56 augustus_masked-168295788-processed-gene-0.2-mRNA-1 2166863
.55 augustus_masked-168295788-processed-gene-0.2-mRNA-1 2195622
.34 maker-162628936-augustus-gene-0.5-mRNA-1 2182706
.37 maker-162628936-augustus-gene-0.5-mRNA-1 2274271
.22 maker-167974010-augustus-gene-0.24-mRNA-1 2161585
.60 maker-167974010-augustus-gene-0.24-mRNA-1 2188191
.82 maker-168113510-augustus-gene-0.80-mRNA-1 2274257
.32 maker-168186751-snap-gene-0.38-mRNA-1 436302
.67 maker-168186751-snap-gene-0.38-mRNA-1 2162038
.84 augustus_masked-168234698-processed-gene-0.3-mRNA-1 2274187
.33 maker-168429307-snap-gene-0.27-mRNA-1 39728
.26 maker-168429307-snap-gene-0.27-mRNA-1 2185676
.26 maker-168429307-snap-gene-0.27-mRNA-1 2201832
.10 maker-168429307-snap-gene-0.27-mRNA-1 636317
.25 maker-167204870-snap-gene-0.7-mRNA-1 2213750
.30 maker-167204870-snap-gene-0.7-mRNA-1 2166071
.54 genemark-168573920-processed-gene-0.22-mRNA-1 2241224
.23 genemark-168573920-processed-gene-0.22-mRNA-1 436198
.28 maker-168574064-snap-gene-0.99-mRNA-1 2164396
.14 maker-168574064-snap-gene-0.99-mRNA-1 2189874
.73 maker-168030994-snap-gene-0.48-mRNA-1 2274278
.30 maker-168030994-snap-gene-0.48-mRNA-1 2238364
.03 maker-168030994-snap-gene-0.48-mRNA-1 2170348
.21 maker-163947220-augustus-gene-0.4-mRNA-1 124982
.77 maker-163947220-augustus-gene-0.4-mRNA-1 2164444
.52 maker-166744591-snap-gene-0.6-mRNA-1 2181285
.33 maker-166744591-snap-gene-0.6-mRNA-1 550873
.44 maker-168402784-snap-gene-0.15-mRNA-1 2173138
.28 maker-168402784-snap-gene-0.15-mRNA-1 180059
.25 maker-168402784-snap-gene-0.15-mRNA-1 2259198
.15 maker-168402784-snap-gene-0.15-mRNA-1 2209737
.67 maker-168550553-augustus-gene-0.146-mRNA-1 2166156
.20 maker-162035908-snap-gene-0.3-mRNA-1 1005591
.79 maker-162035908-snap-gene-0.3-mRNA-1 2184587
.57 maker-168489082-snap-gene-0.21-mRNA-1 2234709
.16 maker-168489082-snap-gene-0.21-mRNA-1 334512
.58 genemark-168560050-processed-gene-0.16-mRNA-1 2274422
.18 genemark-168560050-processed-gene-0.16-mRNA-1 2173190
.29 maker-168556800-snap-gene-0.52-mRNA-1 2238239
.61 maker-168556800-snap-gene-0.52-mRNA-1 2229885
.20 maker-168431040-augustus-gene-0.72-mRNA-1 2204935
.64 maker-168431040-augustus-gene-0.72-mRNA-1 2274357
.35 genemark-168516456-processed-gene-0.4-mRNA-1 269438
.32 genemark-168516456-processed-gene-0.4-mRNA-1 929582
.22 maker-168571946-augustus-gene-0.24-mRNA-2 2168007
.76 maker-168571946-augustus-gene-0.24-mRNA-2 2274293
.35 maker-168569002-snap-gene-0.84-mRNA-1 2189088
.23 maker-168569002-snap-gene-0.84-mRNA-1 392737
.17 augustus_masked-168337411-processed-gene-0.0-mRNA-1 544075
.82 augustus_masked-168337411-processed-gene-0.0-mRNA-1 2274322
.15 maker-168406080-augustus-gene-0.66-mRNA-1 938361
.59 maker-168406080-augustus-gene-0.66-mRNA-1 2166239
