.55 snap_masked-168558995-processed-gene-0.34-mRNA-1 917100
.10 maker-168386211-augustus-gene-0.49-mRNA-1 878289
.89 maker-168386211-augustus-gene-0.49-mRNA-1 917095
.21 snap_masked-168514912-processed-gene-0.16-mRNA-1 917050
.04 snap_masked-168514912-processed-gene-0.16-mRNA-1 873209
.01 snap_masked-168514912-processed-gene-0.16-mRNA-1 873209
0 snap_masked-168514912-processed-gene-0.16-mRNA-1 876736
.54 maker-168228135-augustus-gene-0.54-mRNA-1 916947
.21 maker-168228135-augustus-gene-0.54-mRNA-1 870108
.17 maker-168228135-augustus-gene-0.54-mRNA-1 888363
.13 maker-168513386-augustus-gene-0.35-mRNA-1 872478
.71 maker-168513386-augustus-gene-0.35-mRNA-1 917047
.82 maker-168111276-augustus-gene-0.18-mRNA-1 917089
.27 maker-168474833-snap-gene-0.5-mRNA-1 888256
.53 maker-168474833-snap-gene-0.5-mRNA-1 871341
.88 maker-168187763-augustus-gene-0.6-mRNA-1 917081
.04 maker-168187763-augustus-gene-0.6-mRNA-1 910746
.51 maker-168235536-augustus-gene-0.9-mRNA-1 917052
.10 maker-168235536-augustus-gene-0.9-mRNA-1 189556
.39 maker-168186257-augustus-gene-0.28-mRNA-1 887856
.32 maker-168186257-augustus-gene-0.28-mRNA-1 872189
.71 maker-168190530-augustus-gene-0.54-mRNA-1 916934
.47 maker-168573129-snap-gene-0.45-mRNA-1 916890
.44 maker-168573129-snap-gene-0.45-mRNA-1 168982
.84 snap_masked-165291827-processed-gene-0.2-mRNA-1 306639
.71 snap_masked-165291827-processed-gene-0.2-mRNA-1 371014
.30 maker-167890164-snap-gene-0.11-mRNA-1 873176
.61 maker-167890164-snap-gene-0.11-mRNA-1 183181
.37 maker-168559614-augustus-gene-0.26-mRNA-1 895679
.56 maker-168559614-augustus-gene-0.26-mRNA-1 10777
.18 maker-168476769-augustus-gene-0.30-mRNA-2 888898
.04 maker-168476769-augustus-gene-0.30-mRNA-2 896899
.85 maker-168506093-snap-gene-0.88-mRNA-1 916748
.89 genemark-163239322-processed-gene-0.2-mRNA-1 916725
.10 genemark-163239322-processed-gene-0.2-mRNA-1 885659
.44 maker-168431716-augustus-gene-0.6-mRNA-2 868986
.24 maker-168431716-augustus-gene-0.6-mRNA-2 868110
.23 maker-168431716-augustus-gene-0.6-mRNA-2 890249
.54 maker-164530695-augustus-gene-0.3-mRNA-1 874455
.45 maker-164530695-augustus-gene-0.3-mRNA-1 870614
.75 augustus_masked-168561855-processed-gene-0.15-mRNA-1 870675
.20 augustus_masked-168561855-processed-gene-0.15-mRNA-1 870766
.88 maker-168564468-augustus-gene-0.60-mRNA-1 917092
.64 maker-168314396-snap-gene-0.47-mRNA-1 917096
.01 augustus_masked-168304668-processed-gene-0.0-mRNA-1 916771
.37 maker-168471524-augustus-gene-0.45-mRNA-1 916950
.37 maker-168471524-augustus-gene-0.45-mRNA-1 877420
.34 maker-168471524-augustus-gene-0.45-mRNA-1 877147
.34 maker-168471524-augustus-gene-0.45-mRNA-1 882873
.31 maker-168521344-augustus-gene-0.59-mRNA-1 877841
.64 maker-168521344-augustus-gene-0.59-mRNA-1 868917
.01 augustus_masked-168154753-processed-gene-0.7-mRNA-1 868841
.40 maker-168512952-snap-gene-0.9-mRNA-1 916925
.09 maker-168512952-snap-gene-0.9-mRNA-1 869464
.70 maker-168099441-augustus-gene-0.6-mRNA-1 916943
.18 maker-168099441-augustus-gene-0.6-mRNA-1 897740
.13 maker-168099441-augustus-gene-0.6-mRNA-1 283579
.15 snap_masked-168431453-processed-gene-0.11-mRNA-1 869468
.84 snap_masked-168431453-processed-gene-0.11-mRNA-1 917053
.16 maker-168199169-snap-gene-0.43-mRNA-1 282245
.83 maker-168199169-snap-gene-0.43-mRNA-1 868728
.03 maker-168506404-augustus-gene-0.28-mRNA-1 868360
.03 maker-168506404-augustus-gene-0.28-mRNA-1 870490
.01 maker-168506404-augustus-gene-0.28-mRNA-1 917093
.27 augustus_masked-168259156-processed-gene-0.4-mRNA-1 67238
.62 augustus_masked-168259156-processed-gene-0.4-mRNA-1 917099
.38 genemark-167063280-processed-gene-0.1-mRNA-1 876724
.22 genemark-167063280-processed-gene-0.1-mRNA-1 241951
.10 genemark-168447976-processed-gene-0.36-mRNA-1 544699
.88 genemark-168447976-processed-gene-0.36-mRNA-1 916903
.48 maker-168517494-snap-gene-0.36-mRNA-1 916899
.17 maker-168517494-snap-gene-0.36-mRNA-1 873254
.21 maker-168557558-augustus-gene-0.48-mRNA-2 168705
.72 maker-168186794-snap-gene-0.9-mRNA-1 916906
.23 maker-168186794-snap-gene-0.9-mRNA-1 169622
.23 maker-168186794-snap-gene-0.9-mRNA-1 910738
.20 maker-168186794-snap-gene-0.9-mRNA-1 446052
.19 maker-168186794-snap-gene-0.9-mRNA-1 876762
.99 maker-168533206-snap-gene-0.36-mRNA-1 917097
.33 maker-168186714-snap-gene-0.22-mRNA-1 304970
.23 maker-168186714-snap-gene-0.22-mRNA-1 876584
.41 maker-168186714-snap-gene-0.22-mRNA-1 917098
.01 snap_masked-168302458-processed-gene-0.7-mRNA-1 869219
.30 maker-168088285-augustus-gene-0.3-mRNA-1 256036
.29 maker-168088285-augustus-gene-0.3-mRNA-1 887568
.27 augustus_masked-168400707-processed-gene-0.8-mRNA-1 869357
.72 augustus_masked-168400707-processed-gene-0.8-mRNA-1 877369
.44 maker-166836330-augustus-gene-0.4-mRNA-1 917043
.24 maker-166836330-augustus-gene-0.4-mRNA-1 876775
.26 maker-166836330-augustus-gene-0.4-mRNA-1 916914
.17 maker-168566656-snap-gene-0.48-mRNA-1 570543
.31 maker-168566656-snap-gene-0.48-mRNA-1 917045
.32 maker-164514287-augustus-gene-0.3-mRNA-1 873466
.63 maker-164514287-augustus-gene-0.3-mRNA-1 868797
.72 maker-168356115-augustus-gene-0.43-mRNA-1 917037
.26 maker-168356115-augustus-gene-0.43-mRNA-1 870050
.50 maker-168252979-snap-gene-0.88-mRNA-1 870391
.49 maker-168252979-snap-gene-0.88-mRNA-1 872160
.51 maker-168568301-snap-gene-0.26-mRNA-1 868687
.28 maker-168568301-snap-gene-0.26-mRNA-1 868425
.15 maker-168568301-snap-gene-0.26-mRNA-1 868425
.13 maker-168568301-snap-gene-0.26-mRNA-1 303561
.30 augustus_masked-167727668-processed-gene-0.1-mRNA-1 878586
.38 augustus_masked-167727668-processed-gene-0.1-mRNA-1 908024
.74 maker-168554148-snap-gene-0.115-mRNA-1 916941
.24 maker-168554148-snap-gene-0.115-mRNA-1 318279
.99 augustus_masked-158581623-processed-gene-0.0-mRNA-1 870739
.29 maker-168059299-augustus-gene-0.23-mRNA-1 870409
.53 maker-168059299-augustus-gene-0.23-mRNA-1 870443
.32 maker-168270949-augustus-gene-0.69-mRNA-1 872714
.23 maker-168270949-augustus-gene-0.69-mRNA-1 908202
.17 maker-168270949-augustus-gene-0.69-mRNA-1 896744
.16 maker-168270949-augustus-gene-0.69-mRNA-1 874624
.78 maker-165779737-snap-gene-0.5-mRNA-1 869520
.08 maker-165779737-snap-gene-0.5-mRNA-1 421608
.78 maker-168558574-snap-gene-0.48-mRNA-1 916935
.37 maker-168034375-augustus-gene-0.18-mRNA-1 917091
.37 maker-168034375-augustus-gene-0.18-mRNA-1 868993
.30 maker-168034375-augustus-gene-0.18-mRNA-1 869417
.72 maker-168233750-snap-gene-0.15-mRNA-1 917094
.20 maker-168233750-snap-gene-0.15-mRNA-1 878734
.38 maker-168013261-snap-gene-0.14-mRNA-1 916894
.51 maker-168013261-snap-gene-0.14-mRNA-1 869394
.82 augustus_masked-159663399-processed-gene-0.0-mRNA-1 917048
.16 augustus_masked-159663399-processed-gene-0.0-mRNA-1 916896
.83 maker-168305262-snap-gene-0.10-mRNA-1 916908
.69 maker-168305262-snap-gene-0.10-mRNA-1 352432
.81 maker-168504681-augustus-gene-0.11-mRNA-1 916876
.18 maker-168504681-augustus-gene-0.11-mRNA-1 871465
.25 maker-166285787-snap-gene-0.6-mRNA-1 869941
.62 maker-166285787-snap-gene-0.6-mRNA-1 917040
.86 maker-168447988-snap-gene-0.6-mRNA-1 917044
.15 maker-167814144-augustus-gene-0.8-mRNA-1 883927
.84 maker-167814144-augustus-gene-0.8-mRNA-1 917039
.23 maker-167111986-augustus-gene-0.3-mRNA-1 871306
.76 maker-167111986-augustus-gene-0.3-mRNA-1 869767
.67 maker-168184121-snap-gene-0.13-mRNA-1 868968
.32 maker-168184121-snap-gene-0.13-mRNA-1 221496
.84 maker-168353964-augustus-gene-0.9-mRNA-1 917054
.82 maker-168353964-augustus-gene-0.9-mRNA-1 917054
.83 maker-168264053-snap-gene-0.40-mRNA-1 917042
.15 maker-168264053-snap-gene-0.40-mRNA-1 142368
.87 maker-168185463-snap-gene-0.44-mRNA-2 917090
.73 snap_masked-167798297-processed-gene-0.119-mRNA-1 916930
.30 augustus_masked-168514207-processed-gene-0.4-mRNA-1 880707
.63 augustus_masked-168514207-processed-gene-0.4-mRNA-1 869095
.57 maker-168390777-augustus-gene-0.4-mRNA-1 348485
.38 maker-168390777-augustus-gene-0.4-mRNA-1 568288
.19 maker-168390777-augustus-gene-0.4-mRNA-1 307968
.34 augustus_masked-167814774-processed-gene-0.0-mRNA-1 869291
.65 augustus_masked-167814774-processed-gene-0.0-mRNA-1 916919
.48 augustus_masked-164477220-processed-gene-0.0-mRNA-1 886356
.50 augustus_masked-164477220-processed-gene-0.0-mRNA-1 873754
.47 augustus_masked-168300907-processed-gene-0.2-mRNA-1 122310
.51 augustus_masked-168300907-processed-gene-0.2-mRNA-1 122302
