.88 snap_masked-168190002-processed-gene-0.28-mRNA-1 1353287
.24 maker-166283943-augustus-gene-0.3-mRNA-1 1296537
.63 maker-166283943-augustus-gene-0.3-mRNA-1 1293496
.18 augustus_masked-168485076-processed-gene-0.1-mRNA-1 1302384
.81 augustus_masked-168485076-processed-gene-0.1-mRNA-1 1353082
.60 augustus_masked-168370932-processed-gene-0.3-mRNA-1 515789
.33 augustus_masked-168370932-processed-gene-0.3-mRNA-1 1043629
.23 augustus_masked-168209475-processed-gene-0.1-mRNA-1 91819
.76 augustus_masked-168209475-processed-gene-0.1-mRNA-1 1353215
.55 maker-168577294-augustus-gene-0.99-mRNA-1 1353185
.18 maker-168577294-augustus-gene-0.99-mRNA-1 1293264
.12 maker-168577294-augustus-gene-0.99-mRNA-1 242513
.12 maker-168577294-augustus-gene-0.99-mRNA-1 1288039
.35 snap_masked-168389387-processed-gene-0.5-mRNA-1 189857
.63 snap_masked-168389387-processed-gene-0.5-mRNA-1 1296876
.39 maker-168244268-snap-gene-0.24-mRNA-1 8751
.28 maker-168244268-snap-gene-0.24-mRNA-1 1353265
.24 maker-168560422-snap-gene-0.29-mRNA-1 1312385
.49 maker-168560422-snap-gene-0.29-mRNA-1 426891
.27 maker-168307430-snap-gene-0.26-mRNA-1 1317075
.17 snap_masked-165618660-processed-gene-0.3-mRNA-1 1324517
.80 snap_masked-165618660-processed-gene-0.3-mRNA-1 344786
.77 maker-168277920-augustus-gene-0.5-mRNA-1 1353113
.19 maker-168277920-augustus-gene-0.5-mRNA-1 103143
.99 maker-168553510-snap-gene-0.54-mRNA-1 1353257
.13 augustus_masked-168450293-processed-gene-0.4-mRNA-1 1309122
.81 augustus_masked-168450293-processed-gene-0.4-mRNA-1 1352783
.81 maker-168471384-snap-gene-0.13-mRNA-1 1353057
.09 maker-168471384-snap-gene-0.13-mRNA-1 1313725
.64 maker-168090540-snap-gene-0.14-mRNA-1 1295887
.33 maker-168090540-snap-gene-0.14-mRNA-1 1352890
.80 maker-168524732-snap-gene-0.36-mRNA-1 1352864
.17 maker-168524732-snap-gene-0.36-mRNA-1 67650
.17 maker-168524732-snap-gene-0.36-mRNA-1 176371
.14 maker-168524732-snap-gene-0.36-mRNA-1 636239
.14 maker-168524732-snap-gene-0.36-mRNA-1 1289348
.99 maker-168195396-augustus-gene-0.25-mRNA-2 1353297
.24 maker-168352466-augustus-gene-0.25-mRNA-1 1330885
.53 maker-168352466-augustus-gene-0.25-mRNA-1 1285928
.30 maker-168452884-augustus-gene-0.16-mRNA-1 1292035
.27 maker-168452884-augustus-gene-0.16-mRNA-1 1288050
.22 maker-168452884-augustus-gene-0.16-mRNA-1 1337138
.66 snap_masked-167068571-processed-gene-0.3-mRNA-1 1313794
.32 snap_masked-167068571-processed-gene-0.3-mRNA-1 1307872
.43 augustus_masked-166744097-processed-gene-0.0-mRNA-1 1289790
.26 augustus_masked-166744097-processed-gene-0.0-mRNA-1 1286080
.62 maker-168394294-snap-gene-0.50-mRNA-1 1353202
.27 maker-168394294-snap-gene-0.50-mRNA-1 97292
.25 maker-168292871-snap-gene-0.79-mRNA-1 1292662
.74 maker-168292871-snap-gene-0.79-mRNA-1 1285149
.27 maker-161915945-augustus-gene-0.4-mRNA-1 1285854
.20 maker-161915945-augustus-gene-0.4-mRNA-1 1298902
.67 maker-164591750-augustus-gene-0.3-mRNA-1 1313006
.16 maker-164591750-augustus-gene-0.3-mRNA-1 536703
.62 maker-168533242-augustus-gene-0.10-mRNA-1 1284910
.16 maker-168533242-augustus-gene-0.10-mRNA-1 1322198
.32 snap_masked-164773277-processed-gene-0.4-mRNA-1 138873
.67 snap_masked-164773277-processed-gene-0.4-mRNA-1 1293304
.61 maker-168112190-augustus-gene-0.5-mRNA-4 1353074
.07 maker-168112190-augustus-gene-0.5-mRNA-4 1290187
.07 maker-168112190-augustus-gene-0.5-mRNA-4 1302666
.20 genemark-168465189-processed-gene-0.13-mRNA-1 426522
.79 genemark-168465189-processed-gene-0.13-mRNA-1 1288852
.13 augustus_masked-168458112-processed-gene-0.2-mRNA-1 1287590
.13 augustus_masked-168458112-processed-gene-0.2-mRNA-1 1300318
.12 augustus_masked-168458112-processed-gene-0.2-mRNA-1 1286589
.09 augustus_masked-168458112-processed-gene-0.2-mRNA-1 246383
.04 augustus_masked-168458112-processed-gene-0.2-mRNA-1 1287590
.45 maker-166894346-augustus-gene-0.4-mRNA-1 334639
.35 maker-166894346-augustus-gene-0.4-mRNA-1 1294082
.69 maker-168390790-snap-gene-0.27-mRNA-1 1294762
.30 maker-168390790-snap-gene-0.27-mRNA-1 1312762
.49 maker-168564770-snap-gene-0.78-mRNA-1 1352901
.26 maker-168564770-snap-gene-0.78-mRNA-1 1293843
.31 genemark-168544813-processed-gene-0.6-mRNA-1 1287150
.39 genemark-168544813-processed-gene-0.6-mRNA-1 1287358
.18 maker-168186684-augustus-gene-0.21-mRNA-1 1344249
.18 maker-168186684-augustus-gene-0.21-mRNA-1 1288019
.89 maker-168184241-snap-gene-0.7-mRNA-1 1352825
.86 augustus_masked-168338404-processed-gene-0.14-mRNA-1 1352897
.13 augustus_masked-168338404-processed-gene-0.14-mRNA-1 1042809
.54 snap_masked-168547409-processed-gene-0.34-mRNA-1 1352911
.30 augustus_masked-168515231-processed-gene-0.6-mRNA-1 1353285
.26 augustus_masked-168515231-processed-gene-0.6-mRNA-1 1290230
.48 maker-166415089-augustus-gene-0.3-mRNA-1 1285091
.44 maker-166415089-augustus-gene-0.3-mRNA-1 1305470
.16 augustus_masked-168438758-processed-gene-0.11-mRNA-1 1289081
.71 augustus_masked-168438758-processed-gene-0.11-mRNA-1 1300487
.60 augustus_masked-167196436-processed-gene-0.0-mRNA-1 1352917
.25 augustus_masked-167196436-processed-gene-0.0-mRNA-1 1325246
.19 maker-168208252-snap-gene-0.84-mRNA-3 1353201
.12 maker-168208252-snap-gene-0.84-mRNA-3 1353049
.60 augustus_masked-168402951-processed-gene-0.0-mRNA-1 1286302
.25 augustus_masked-168402951-processed-gene-0.0-mRNA-1 1286826
.48 maker-168506409-snap-gene-0.34-mRNA-1 1353216
.18 maker-168506409-snap-gene-0.34-mRNA-1 125302
.04 maker-168506409-snap-gene-0.34-mRNA-1 125298
.04 maker-168506409-snap-gene-0.34-mRNA-1 1286374
.64 maker-168570208-snap-gene-0.39-mRNA-1 1353273
.16 maker-168570208-snap-gene-0.39-mRNA-1 1289230
.09 maker-168570208-snap-gene-0.39-mRNA-1 1352587
.09 maker-168570208-snap-gene-0.39-mRNA-1 1286550
.72 maker-168185366-snap-gene-0.6-mRNA-1 1352776
.11 maker-168185366-snap-gene-0.6-mRNA-1 878819
.95 maker-168190055-augustus-gene-0.81-mRNA-1 1353304
.86 maker-168570929-augustus-gene-0.41-mRNA-1 1353227
.79 snap_masked-168550564-processed-gene-0.102-mRNA-1 1352793
.15 snap_masked-168550564-processed-gene-0.102-mRNA-1 1287117
.59 augustus_masked-168391043-processed-gene-0.3-mRNA-1 1288224
.04 augustus_masked-168391043-processed-gene-0.3-mRNA-1 1288828
.34 augustus_masked-168389727-processed-gene-0.2-mRNA-1 1303637
.29 augustus_masked-168389727-processed-gene-0.2-mRNA-1 1301380
.33 augustus_masked-168183743-processed-gene-0.3-mRNA-1 195262
.06 augustus_masked-168183743-processed-gene-0.3-mRNA-1 1224249
.02 augustus_masked-168183743-processed-gene-0.3-mRNA-1 1353007
.01 augustus_masked-168183743-processed-gene-0.3-mRNA-1 1353007
.37 maker-162653869-augustus-gene-0.3-mRNA-1 1315622
.32 maker-162653869-augustus-gene-0.3-mRNA-1 1307649
.22 maker-162653869-augustus-gene-0.3-mRNA-1 355872
.65 snap_masked-168349398-processed-gene-0.14-mRNA-1 1353164
.62 snap_masked-168349398-processed-gene-0.14-mRNA-1 1320976
.40 snap_masked-168349398-processed-gene-0.14-mRNA-1 1248388
.37 snap_masked-168349398-processed-gene-0.14-mRNA-1 1083286
.35 snap_masked-168349398-processed-gene-0.14-mRNA-1 382068
.62 augustus_masked-166127505-processed-gene-0.0-mRNA-1 1286958
.37 augustus_masked-166127505-processed-gene-0.0-mRNA-1 392593
.43 augustus_masked-168577140-processed-gene-0.0-mRNA-1 1324146
.32 augustus_masked-168577140-processed-gene-0.0-mRNA-1 1353086
.95 maker-168186571-snap-gene-0.24-mRNA-1 1353279
.04 maker-168186571-snap-gene-0.24-mRNA-1 940704
.70 maker-168315332-snap-gene-0.27-mRNA-1 1313210
.16 maker-168315332-snap-gene-0.27-mRNA-1 861905
.13 maker-168217957-snap-gene-0.98-mRNA-1 1309790
.86 maker-168217957-snap-gene-0.98-mRNA-1 1353299
.34 augustus_masked-168576661-processed-gene-0.4-mRNA-1 1353260
.36 augustus_masked-168576661-processed-gene-0.4-mRNA-1 1353260
.06 augustus_masked-168576661-processed-gene-0.4-mRNA-1 100473
.02 augustus_masked-168576661-processed-gene-0.4-mRNA-1 1321785
.26 snap_masked-166447821-processed-gene-0.2-mRNA-1 1286560
.60 snap_masked-166447821-processed-gene-0.2-mRNA-1 1306635
.58 maker-168441275-augustus-gene-0.55-mRNA-1 1353064
.70 maker-168511851-augustus-gene-0.44-mRNA-1 1353013
.20 maker-168577556-augustus-gene-0.31-mRNA-1 1290312
.18 maker-168577556-augustus-gene-0.31-mRNA-1 1289222
.50 maker-168399250-snap-gene-1.86-mRNA-1 1352803
.20 snap_masked-168503149-processed-gene-0.19-mRNA-1 1317565
.41 snap_masked-168503149-processed-gene-0.19-mRNA-1 1307657
.38 augustus_masked-168388007-processed-gene-0.10-mRNA-1 1292960
.13 augustus_masked-168388007-processed-gene-0.10-mRNA-1 1313209
.10 augustus_masked-168388007-processed-gene-0.10-mRNA-1 1330082
.14 snap_masked-168092212-processed-gene-0.8-mRNA-1 1301007
.80 snap_masked-168092212-processed-gene-0.8-mRNA-1 1353294
.66 maker-168516400-augustus-gene-0.46-mRNA-1 1285706
.18 maker-168516400-augustus-gene-0.46-mRNA-1 1292152
.51 maker-168340210-snap-gene-0.33-mRNA-1 1316701
.35 maker-168340210-snap-gene-0.33-mRNA-1 735223
.99 augustus_masked-168502146-processed-gene-0.5-mRNA-1 1353293
.38 maker-168577025-snap-gene-0.64-mRNA-1 1353100
.36 maker-168577025-snap-gene-0.64-mRNA-1 1207801
.22 maker-167865223-augustus-gene-0.47-mRNA-1 1292289
.46 maker-167865223-augustus-gene-0.47-mRNA-1 1353010
.20 maker-168344240-augustus-gene-0.18-mRNA-1 248778
.14 maker-168344240-augustus-gene-0.18-mRNA-1 1317907
.08 maker-168344240-augustus-gene-0.18-mRNA-1 146104
.08 maker-168344240-augustus-gene-0.18-mRNA-1 18666
.06 maker-168344240-augustus-gene-0.18-mRNA-1 1298979
.12 maker-168536042-snap-gene-0.9-mRNA-1 1293397
.70 maker-168536042-snap-gene-0.9-mRNA-1 299707
.48 maker-168509181-snap-gene-0.106-mRNA-1 1353248
.11 maker-168355485-snap-gene-0.16-mRNA-1 1308392
.88 maker-168355485-snap-gene-0.16-mRNA-1 1353221
.37 augustus_masked-168416866-processed-gene-0.4-mRNA-1 1324246
.34 augustus_masked-168416866-processed-gene-0.4-mRNA-1 1286059
.30 augustus_masked-168416866-processed-gene-0.4-mRNA-1 1291719
.14 augustus_masked-168416866-processed-gene-0.4-mRNA-1 1345594
.11 augustus_masked-168142905-processed-gene-0.3-mRNA-1 224245
.82 augustus_masked-168142905-processed-gene-0.3-mRNA-1 1287452
.36 augustus_masked-166839592-processed-gene-0.1-mRNA-1 1315950
.61 augustus_masked-166839592-processed-gene-0.1-mRNA-1 1304442
.71 maker-167869164-augustus-gene-0.17-mRNA-1 1284781
.10 maker-167869164-augustus-gene-0.17-mRNA-1 832356
.26 maker-168237988-snap-gene-0.11-mRNA-1 1299216
.30 maker-168237988-snap-gene-0.11-mRNA-1 1294122
.38 maker-167942724-augustus-gene-0.9-mRNA-1 1285100
.44 maker-167942724-augustus-gene-0.9-mRNA-1 1287476
.62 augustus_masked-168346240-processed-gene-0.1-mRNA-1 1290954
.37 augustus_masked-168346240-processed-gene-0.1-mRNA-1 1286568
.76 maker-168517188-snap-gene-0.21-mRNA-1 1353272
.18 maker-168517188-snap-gene-0.21-mRNA-1 411236
.40 maker-168559840-snap-gene-0.10-mRNA-1 1326451
.59 maker-168559840-snap-gene-0.10-mRNA-1 1353000
.62 augustus_masked-168575934-processed-gene-0.1-mRNA-1 1320155
.22 augustus_masked-168575934-processed-gene-0.1-mRNA-1 530843
.17 maker-168240834-snap-gene-0.39-mRNA-1 428611
.21 maker-168577285-augustus-gene-0.52-mRNA-1 451218
.78 maker-168577285-augustus-gene-0.52-mRNA-1 1352888
.63 maker-168569475-augustus-gene-0.52-mRNA-1 1353085
.18 maker-168569475-augustus-gene-0.52-mRNA-1 1295566
.31 maker-168255407-snap-gene-0.15-mRNA-1 1292172
.15 maker-168255407-snap-gene-0.15-mRNA-1 1319873
.13 maker-168255407-snap-gene-0.15-mRNA-1 1287304
.74 augustus_masked-164689749-processed-gene-0.0-mRNA-1 644880
.06 augustus_masked-164689749-processed-gene-0.0-mRNA-1 1301039
.15 maker-168286907-augustus-gene-0.50-mRNA-1 403718
.43 maker-168286907-augustus-gene-0.50-mRNA-1 1302747
.86 snap_masked-159758204-processed-gene-0.4-mRNA-1 1353269
.07 snap_masked-159758204-processed-gene-0.4-mRNA-1 165062
.57 maker-168122527-augustus-gene-0.8-mRNA-1 1353222
.01 maker-168122527-augustus-gene-0.8-mRNA-1 1292619
.97 augustus_masked-168572791-processed-gene-0.5-mRNA-1 1353255
0 augustus_masked-168572791-processed-gene-0.5-mRNA-1 1322473
.83 maker-168142165-snap-gene-0.31-mRNA-1 1353021
.16 maker-168142165-snap-gene-0.31-mRNA-1 228275
.65 maker-168253976-snap-gene-0.19-mRNA-1 1298373
.20 maker-168253976-snap-gene-0.19-mRNA-1 328167
.36 maker-163414130-augustus-gene-0.4-mRNA-1 1286759
.38 maker-163414130-augustus-gene-0.4-mRNA-1 1286760
.14 maker-167855813-augustus-gene-0.14-mRNA-1 228128
.72 maker-167855813-augustus-gene-0.14-mRNA-1 1321325
.17 augustus_masked-168286932-processed-gene-0.3-mRNA-1 393082
.64 augustus_masked-168286932-processed-gene-0.3-mRNA-1 1285210
.85 maker-168551784-augustus-gene-0.43-mRNA-1 1353001
.11 maker-168551784-augustus-gene-0.43-mRNA-1 1303865
.19 maker-168376165-snap-gene-0.24-mRNA-1 191322
.19 maker-168376165-snap-gene-0.24-mRNA-1 168815
.18 maker-168376165-snap-gene-0.24-mRNA-1 216717
.18 maker-168376165-snap-gene-0.24-mRNA-1 1289211
.10 maker-168376165-snap-gene-0.24-mRNA-1 1322627
.47 maker-165796197-augustus-gene-0.4-mRNA-1 1286417
.34 maker-165796197-augustus-gene-0.4-mRNA-1 148605
.16 maker-168424764-snap-gene-0.30-mRNA-1 1325921
.40 maker-168424764-snap-gene-0.30-mRNA-1 1286000
.91 maker-168185684-snap-gene-0.7-mRNA-1 1353055
.02 maker-168185684-snap-gene-0.7-mRNA-1 940444
.50 maker-168190526-snap-gene-1.103-mRNA-2 1352914
.40 maker-166363699-augustus-gene-0.3-mRNA-1 1288950
.30 maker-166363699-augustus-gene-0.3-mRNA-1 499722
.30 maker-166363699-augustus-gene-0.3-mRNA-1 1289018
.17 maker-166363699-augustus-gene-0.3-mRNA-1 1293849
.16 maker-166363699-augustus-gene-0.3-mRNA-1 591200
.53 genemark-168552197-processed-gene-0.20-mRNA-1 1353017
.29 genemark-168552197-processed-gene-0.20-mRNA-1 1353017
.17 genemark-168552197-processed-gene-0.20-mRNA-1 1300916
.16 genemark-168552197-processed-gene-0.20-mRNA-1 1301198
.11 maker-168443061-augustus-gene-0.24-mRNA-1 1303405
.88 maker-168443061-augustus-gene-0.24-mRNA-1 1285544
.13 augustus_masked-168495698-processed-gene-0.19-mRNA-1 1286370
.86 augustus_masked-168495698-processed-gene-0.19-mRNA-1 1297653
.15 maker-168564757-snap-gene-0.70-mRNA-1 330338
.83 maker-168564757-snap-gene-0.70-mRNA-1 1353043
.82 maker-168211830-augustus-gene-0.12-mRNA-1 1353290
.05 maker-168211830-augustus-gene-0.12-mRNA-1 1298459
.56 genemark-168577075-processed-gene-0.3-mRNA-1 1352935
.26 genemark-168577075-processed-gene-0.3-mRNA-1 491331
.27 augustus_masked-161862128-processed-gene-0.0-mRNA-1 1305834
.56 augustus_masked-161862128-processed-gene-0.0-mRNA-1 1313196
.11 maker-167828622-augustus-gene-0.5-mRNA-1 1330234
.79 maker-167828622-augustus-gene-0.5-mRNA-1 1353061
.51 maker-168182714-augustus-gene-0.3-mRNA-2 1353169
.10 maker-168182714-augustus-gene-0.3-mRNA-2 502614
.05 maker-168182714-augustus-gene-0.3-mRNA-2 1285346
.11 augustus_masked-168543219-processed-gene-0.9-mRNA-1 1245751
.88 augustus_masked-168543219-processed-gene-0.9-mRNA-1 1352868
.17 maker-168353440-snap-gene-0.15-mRNA-1 1308131
.78 maker-168353440-snap-gene-0.15-mRNA-1 1352997
.33 maker-167875766-augustus-gene-0.5-mRNA-1 1353015
.22 maker-167875766-augustus-gene-0.5-mRNA-1 1300629
.17 maker-167875766-augustus-gene-0.5-mRNA-1 1288152
.09 maker-168363033-snap-gene-0.110-mRNA-1 1295142
.89 maker-168363033-snap-gene-0.110-mRNA-1 1353305
.83 maker-168399359-snap-gene-0.30-mRNA-1 1353271
.16 maker-168399359-snap-gene-0.30-mRNA-1 1210526
.99 snap_masked-166543785-processed-gene-0.2-mRNA-1 1352918
.69 augustus_masked-168515415-processed-gene-0.7-mRNA-1 1288387
.20 augustus_masked-168515415-processed-gene-0.7-mRNA-1 216690
.66 augustus_masked-168191497-processed-gene-0.34-mRNA-1 1296977
.36 augustus_masked-168191497-processed-gene-0.34-mRNA-1 797097
.68 maker-162605827-snap-gene-0.3-mRNA-1 1322507
.30 maker-162605827-snap-gene-0.3-mRNA-1 456861
.43 maker-168257240-snap-gene-0.58-mRNA-1 202082
.39 maker-168257240-snap-gene-0.58-mRNA-1 1289989
.72 maker-168379418-snap-gene-0.42-mRNA-1 1353302
.95 augustus_masked-168563312-processed-gene-0.5-mRNA-1 1352805
.04 augustus_masked-168563312-processed-gene-0.5-mRNA-1 1295032
.29 maker-168239269-augustus-gene-0.34-mRNA-1 1352791
.70 maker-168239269-augustus-gene-0.34-mRNA-1 1285882
.42 maker-168414376-snap-gene-0.39-mRNA-1 166017
.36 maker-168414376-snap-gene-0.39-mRNA-1 487942
.79 maker-168471628-snap-gene-0.18-mRNA-1 1353020
.12 maker-168471628-snap-gene-0.18-mRNA-1 1285312
.24 maker-168184972-augustus-gene-0.4-mRNA-1 249587
.73 maker-168184972-augustus-gene-0.4-mRNA-1 1293777
.71 genemark-167703041-processed-gene-0.0-mRNA-1 1353066
.18 genemark-167703041-processed-gene-0.0-mRNA-1 1296989
.99 augustus_masked-168447100-processed-gene-0.0-mRNA-1 1353036
.20 maker-168463880-augustus-gene-0.8-mRNA-1 610001
.67 maker-168463880-augustus-gene-0.8-mRNA-1 1310914
.22 maker-168271200-augustus-gene-0.16-mRNA-1 1285975
.76 maker-168271200-augustus-gene-0.16-mRNA-1 1353254
.04 augustus_masked-168568914-processed-gene-0.1-mRNA-1 314418
.95 augustus_masked-168568914-processed-gene-0.1-mRNA-1 1352887
.40 maker-168574083-augustus-gene-0.23-mRNA-1 1353051
.30 maker-168574083-augustus-gene-0.23-mRNA-1 1316017
.06 maker-168574083-augustus-gene-0.23-mRNA-1 1293065
.46 genemark-162711595-processed-gene-0.1-mRNA-1 1301017
.28 genemark-162711595-processed-gene-0.1-mRNA-1 621200
.42 maker-166773883-snap-gene-0.5-mRNA-1 1332342
.15 maker-166773883-snap-gene-0.5-mRNA-1 105518
.49 maker-168429947-augustus-gene-0.37-mRNA-1 1353212
.24 maker-168429947-augustus-gene-0.37-mRNA-1 1293217
.59 maker-168472848-snap-gene-0.42-mRNA-1 1353108
.28 maker-168472848-snap-gene-0.42-mRNA-1 940154
.09 maker-168522419-snap-gene-0.44-mRNA-1 1342733
.75 maker-168522419-snap-gene-0.44-mRNA-1 1353097
.23 augustus_masked-167187769-processed-gene-0.0-mRNA-1 1320525
.76 augustus_masked-167187769-processed-gene-0.0-mRNA-1 1289486
.40 maker-162080320-snap-gene-0.5-mRNA-1 1290174
.17 maker-168251700-snap-gene-0.27-mRNA-1 1329604
.66 maker-168251700-snap-gene-0.27-mRNA-1 1353291
.06 maker-168184619-snap-gene-0.12-mRNA-1 513227
.90 maker-168184619-snap-gene-0.12-mRNA-1 1353284
.52 augustus_masked-168554693-processed-gene-0.17-mRNA-1 1333576
.25 augustus_masked-168554693-processed-gene-0.17-mRNA-1 1338980
.31 maker-168454181-augustus-gene-0.110-mRNA-1 131321
.37 maker-168454181-augustus-gene-0.110-mRNA-1 259515
.39 augustus_masked-165926022-processed-gene-0.0-mRNA-1 1310718
.25 augustus_masked-165926022-processed-gene-0.0-mRNA-1 125514
.14 maker-168240510-augustus-gene-0.30-mRNA-1 86290
.57 maker-168240510-augustus-gene-0.30-mRNA-1 1323152
.07 augustus_masked-166817910-processed-gene-0.0-mRNA-1 1316200
.92 augustus_masked-166817910-processed-gene-0.0-mRNA-1 1352780
.70 maker-162868920-snap-gene-0.4-mRNA-1 1353114
.26 maker-162868920-snap-gene-0.4-mRNA-1 1289661
.78 maker-168227898-snap-gene-0.43-mRNA-1 1352858
.12 maker-168227898-snap-gene-0.43-mRNA-1 1297070
.83 maker-168398674-snap-gene-0.59-mRNA-1 1353280
.12 maker-168398674-snap-gene-0.59-mRNA-1 602292
.46 snap_masked-166887161-processed-gene-0.4-mRNA-1 1353303
.53 snap_masked-166887161-processed-gene-0.4-mRNA-1 1353303
.35 maker-168138634-augustus-gene-0.11-mRNA-1 1296102
.35 maker-168138634-augustus-gene-0.11-mRNA-1 1288452
.30 maker-168138634-augustus-gene-0.11-mRNA-1 1353210
.99 maker-168571643-augustus-gene-0.20-mRNA-1 1353204
.53 maker-168531691-augustus-gene-0.22-mRNA-1 1353029
.39 maker-168531691-augustus-gene-0.22-mRNA-1 167181
.38 maker-168368165-augustus-gene-0.39-mRNA-1 620783
.76 maker-158895201-augustus-gene-0.3-mRNA-1 1286925
.23 maker-158895201-augustus-gene-0.3-mRNA-1 160504
.83 augustus_masked-168548606-processed-gene-0.12-mRNA-1 1335638
.86 augustus_masked-168191616-processed-gene-0.17-mRNA-1 1353295
.83 maker-168567405-snap-gene-0.31-mRNA-1 1353025
.15 maker-168567405-snap-gene-0.31-mRNA-1 335276
.62 maker-168577084-snap-gene-0.16-mRNA-1 1353278
.22 snap_masked-167938364-processed-gene-0.2-mRNA-1 1320822
.77 snap_masked-167938364-processed-gene-0.2-mRNA-1 1296728
.55 maker-168359502-augustus-gene-0.13-mRNA-1 1325158
.10 maker-168359502-augustus-gene-0.13-mRNA-1 224811
.48 maker-168138948-augustus-gene-0.12-mRNA-1 1353263
.70 augustus_masked-168451357-processed-gene-0.4-mRNA-1 1353258
.08 augustus_masked-168451357-processed-gene-0.4-mRNA-1 1320149
.07 augustus_masked-168451357-processed-gene-0.4-mRNA-1 541107
.57 augustus_masked-168296318-processed-gene-0.3-mRNA-1 1330154
.34 augustus_masked-167848865-processed-gene-0.2-mRNA-1 1300657
.37 augustus_masked-167848865-processed-gene-0.2-mRNA-1 1293862
.21 augustus_masked-167848865-processed-gene-0.2-mRNA-1 1348103
.21 augustus_masked-167848865-processed-gene-0.2-mRNA-1 1285586
.20 augustus_masked-167848865-processed-gene-0.2-mRNA-1 173260
.37 maker-163860129-snap-gene-0.5-mRNA-1 1288136
.28 maker-163860129-snap-gene-0.5-mRNA-1 1337570
.26 maker-163860129-snap-gene-0.5-mRNA-1 382959
.29 maker-168184023-augustus-gene-0.11-mRNA-2 1296700
.26 maker-168184023-augustus-gene-0.11-mRNA-2 1288571
.05 maker-168184023-augustus-gene-0.11-mRNA-2 1285790
.02 maker-168184023-augustus-gene-0.11-mRNA-2 1303648
.71 augustus_masked-168380608-processed-gene-0.2-mRNA-1 40012
.27 augustus_masked-168380608-processed-gene-0.2-mRNA-1 1352965
.18 snap_masked-167884987-processed-gene-0.25-mRNA-1 1302731
.80 snap_masked-167884987-processed-gene-0.25-mRNA-1 1326500
.86 augustus_masked-162282389-processed-gene-0.0-mRNA-1 1352848
.13 augustus_masked-162282389-processed-gene-0.0-mRNA-1 468939
.86 augustus_masked-168551594-processed-gene-0.3-mRNA-1 1353259
.08 augustus_masked-168551594-processed-gene-0.3-mRNA-1 1347296
.51 genemark-168564678-processed-gene-0.2-mRNA-1 1353081
.15 genemark-168564678-processed-gene-0.2-mRNA-1 1317039
.20 maker-167850645-snap-gene-0.30-mRNA-1 1353296
.08 maker-167850645-snap-gene-0.30-mRNA-1 1353296
.83 maker-168186924-snap-gene-0.23-mRNA-1 1353298
.09 maker-168281809-augustus-gene-0.12-mRNA-1 1323550
.89 maker-168281809-augustus-gene-0.12-mRNA-1 1286157
.86 maker-159030253-snap-gene-0.4-mRNA-1 1353188
.13 maker-159030253-snap-gene-0.4-mRNA-1 157549
.44 maker-168189884-snap-gene-0.73-mRNA-1 1298451
.28 maker-168189884-snap-gene-0.73-mRNA-1 1323476
.21 maker-168189884-snap-gene-0.73-mRNA-1 251658
.16 maker-168189884-snap-gene-0.73-mRNA-1 1321713
.02 maker-168189884-snap-gene-0.73-mRNA-1 1296187
.30 maker-168514719-augustus-gene-0.38-mRNA-1 1288317
.69 maker-168514719-augustus-gene-0.38-mRNA-1 1287291
.19 maker-168577220-augustus-gene-0.60-mRNA-1 1318081
.79 maker-168577220-augustus-gene-0.60-mRNA-1 1287883
.36 maker-168183693-augustus-gene-0.4-mRNA-2 1353214
.31 maker-168183693-augustus-gene-0.4-mRNA-2 1286077
.04 maker-168183693-augustus-gene-0.4-mRNA-2 215934
.78 genemark-168431026-processed-gene-0.5-mRNA-1 1352855
.58 maker-168473566-augustus-gene-0.46-mRNA-1 1285791
.33 maker-168473566-augustus-gene-0.46-mRNA-1 290428
.71 maker-168545151-augustus-gene-0.46-mRNA-1 1352980
.28 maker-168545151-augustus-gene-0.46-mRNA-1 1298228
.36 maker-168562406-augustus-gene-0.20-mRNA-1 1287510
.10 maker-168562406-augustus-gene-0.20-mRNA-1 1288558
.05 maker-168562406-augustus-gene-0.20-mRNA-1 144666
.39 maker-168458770-augustus-gene-0.37-mRNA-1 1288839
.33 maker-168458770-augustus-gene-0.37-mRNA-1 1294722
.31 maker-168458770-augustus-gene-0.37-mRNA-1 1299477
.14 maker-168458770-augustus-gene-0.37-mRNA-1 1293498
.60 maker-168482721-augustus-gene-0.51-mRNA-1 1353018
.31 maker-168482721-augustus-gene-0.51-mRNA-1 1298183
.71 maker-165124954-augustus-gene-0.5-mRNA-1 1353099
.27 maker-165124954-augustus-gene-0.5-mRNA-1 1311301
.31 maker-168388997-augustus-gene-0.16-mRNA-1 205985
.19 maker-168388997-augustus-gene-0.16-mRNA-1 135992
.10 maker-168388997-augustus-gene-0.16-mRNA-1 212197
.08 maker-168154321-augustus-gene-0.45-mRNA-1 289013
.87 maker-168154321-augustus-gene-0.45-mRNA-1 1285770
.75 augustus_masked-168188318-processed-gene-0.3-mRNA-1 1353262
.17 maker-168255407-snap-gene-0.15-mRNA-2 1291791
.35 maker-168255407-snap-gene-0.15-mRNA-2 1292172
.45 genemark-166997424-processed-gene-0.0-mRNA-1 1298298
.05 genemark-166997424-processed-gene-0.0-mRNA-1 1313633
.36 maker-167994331-augustus-gene-0.45-mRNA-1 1305276
.25 maker-167994331-augustus-gene-0.45-mRNA-1 1306270
.57 augustus_masked-168242297-processed-gene-0.12-mRNA-1 1286988
.39 augustus_masked-168242297-processed-gene-0.12-mRNA-1 1285094
.38 snap_masked-168243331-processed-gene-0.3-mRNA-1 1303291
.61 snap_masked-168243331-processed-gene-0.3-mRNA-1 1285391
.34 snap_masked-163961224-processed-gene-0.2-mRNA-1 1288768
.55 snap_masked-163961224-processed-gene-0.2-mRNA-1 1311068
.65 maker-168278439-augustus-gene-0.47-mRNA-1 1320852
.28 maker-165671060-augustus-gene-0.3-mRNA-1 1315980
.48 maker-165671060-augustus-gene-0.3-mRNA-1 181632
.14 maker-168198041-augustus-gene-0.49-mRNA-1 1351147
.18 maker-168198041-augustus-gene-0.49-mRNA-1 1295870
.36 maker-168263287-augustus-gene-0.51-mRNA-1 1293224
.33 maker-168263287-augustus-gene-0.51-mRNA-1 1287577
.08 maker-161375427-augustus-gene-0.3-mRNA-1 1288456
.90 maker-161375427-augustus-gene-0.3-mRNA-1 1353226
.24 maker-163676960-augustus-gene-0.2-mRNA-1 1293760
.30 maker-163676960-augustus-gene-0.2-mRNA-1 1293759
.91 snap_masked-167895587-processed-gene-0.5-mRNA-1 1353286
.06 snap_masked-167895587-processed-gene-0.5-mRNA-1 1353270
.07 maker-168406671-augustus-gene-0.12-mRNA-1 824507
.88 maker-168406671-augustus-gene-0.12-mRNA-1 1353267
.79 maker-168188977-snap-gene-0.31-mRNA-1 1353288
.99 genemark-158836197-processed-gene-0.1-mRNA-1 1344736
.46 maker-168532704-snap-gene-0.36-mRNA-1 252753
.39 maker-168532704-snap-gene-0.36-mRNA-1 1288229
.99 snap_masked-168556053-processed-gene-0.12-mRNA-1 1353282
.91 augustus_masked-168344336-processed-gene-0.4-mRNA-1 1353224
.06 augustus_masked-168344336-processed-gene-0.4-mRNA-1 377380
.05 augustus_masked-168344336-processed-gene-0.4-mRNA-1 99458
.81 maker-166529607-snap-gene-0.3-mRNA-1 1341055
.54 augustus_masked-24056382-processed-gene-0.0-mRNA-1 1326451
.23 augustus_masked-24056382-processed-gene-0.0-mRNA-1 1338741
.33 genemark-168295952-processed-gene-0.19-mRNA-1 1353274
.16 genemark-168295952-processed-gene-0.19-mRNA-1 1330258
.71 maker-161634024-augustus-gene-0.2-mRNA-1 1287104
.27 maker-161634024-augustus-gene-0.2-mRNA-1 853552
.20 maker-161634024-augustus-gene-0.2-mRNA-1 252757
.19 augustus_masked-168138750-processed-gene-0.0-mRNA-1 1294372
.80 augustus_masked-168138750-processed-gene-0.0-mRNA-1 1353094
.20 augustus_masked-168559770-processed-gene-0.3-mRNA-1 1299746
.65 augustus_masked-168559770-processed-gene-0.3-mRNA-1 1316080
.43 snap_masked-168549129-processed-gene-0.20-mRNA-1 1353109
.16 maker-168576038-augustus-gene-0.53-mRNA-1 1297712
.83 maker-168576038-augustus-gene-0.53-mRNA-1 1286592
.06 maker-159614259-augustus-gene-0.4-mRNA-1 596658
.93 maker-159614259-augustus-gene-0.4-mRNA-1 1353040
.47 maker-168016424-augustus-gene-0.27-mRNA-2 1290386
.31 maker-168016424-augustus-gene-0.27-mRNA-2 1296851
.17 maker-168016424-augustus-gene-0.27-mRNA-2 339841
.17 maker-168016424-augustus-gene-0.27-mRNA-2 294732
.17 maker-168016424-augustus-gene-0.27-mRNA-2 311302
.80 maker-168189228-snap-gene-0.97-mRNA-1 1353277
.89 snap_masked-166826280-processed-gene-0.3-mRNA-1 342365
.72 snap_masked-168444448-processed-gene-0.13-mRNA-1 1294974
.15 snap_masked-168444448-processed-gene-0.13-mRNA-1 1301725
.19 maker-168320898-snap-gene-0.13-mRNA-1 1326285
.79 maker-168320898-snap-gene-0.13-mRNA-1 1353261
.48 maker-168182986-snap-gene-0.101-mRNA-1 1288064
.29 maker-168182986-snap-gene-0.101-mRNA-1 1299436
.87 augustus_masked-168287478-processed-gene-0.21-mRNA-1 1352866
.55 augustus_masked-168507288-processed-gene-0.0-mRNA-1 1353225
.19 augustus_masked-168507288-processed-gene-0.0-mRNA-1 1285579
.42 maker-168364903-augustus-gene-0.94-mRNA-1 1296825
.38 maker-168364903-augustus-gene-0.94-mRNA-1 124792
.99 augustus_masked-168183714-processed-gene-0.1-mRNA-1 1353300
.12 augustus_masked-166764245-processed-gene-0.2-mRNA-1 1294016
.86 augustus_masked-166764245-processed-gene-0.2-mRNA-1 1353266
.32 maker-168561624-augustus-gene-0.6-mRNA-1 483193
.33 maker-168561624-augustus-gene-0.6-mRNA-1 369175
.50 maker-168187371-augustus-gene-0.8-mRNA-1 1286295
.31 maker-168187371-augustus-gene-0.8-mRNA-1 1297447
.25 maker-168187371-augustus-gene-0.8-mRNA-1 310332
.79 maker-167265731-snap-gene-0.5-mRNA-1 1326049
.14 maker-167265731-snap-gene-0.5-mRNA-1 1285202
.42 augustus_masked-167933899-processed-gene-0.3-mRNA-1 1308661
.39 augustus_masked-167933899-processed-gene-0.3-mRNA-1 479192
.81 maker-166388077-augustus-gene-0.5-mRNA-2 1353103
.28 augustus_masked-168565881-processed-gene-0.3-mRNA-1 1297891
.25 augustus_masked-168565881-processed-gene-0.3-mRNA-1 107689
.79 maker-168560921-augustus-gene-0.53-mRNA-1 1353024
.20 maker-168560921-augustus-gene-0.53-mRNA-1 1040270
.20 maker-168186284-snap-gene-0.13-mRNA-1 195791
.13 maker-168186284-snap-gene-0.13-mRNA-1 1289917
.12 maker-168186284-snap-gene-0.13-mRNA-1 1286413
.06 maker-168186284-snap-gene-0.13-mRNA-1 71968
.45 snap_masked-160194821-processed-gene-0.2-mRNA-1 1292752
.54 snap_masked-160194821-processed-gene-0.2-mRNA-1 1292751
.82 maker-168440195-snap-gene-0.5-mRNA-1 1287794
.17 maker-168440195-snap-gene-0.5-mRNA-1 1290597
.73 maker-168190276-snap-gene-0.64-mRNA-1 385973
.39 maker-163105483-augustus-gene-0.3-mRNA-1 1288826
.36 maker-163105483-augustus-gene-0.3-mRNA-1 1312233
.34 maker-163105483-augustus-gene-0.3-mRNA-1 1287613
.38 maker-163105483-augustus-gene-0.3-mRNA-1 1288867
.31 maker-163105483-augustus-gene-0.3-mRNA-1 332345
.12 augustus_masked-168552098-processed-gene-0.12-mRNA-1 1296170
.87 augustus_masked-168552098-processed-gene-0.12-mRNA-1 1296171
.99 genemark-168273234-processed-gene-0.4-mRNA-1 1298292
.81 genemark-168273234-processed-gene-0.4-mRNA-1 1286951
.13 maker-168486419-augustus-gene-0.34-mRNA-1 1284920
.86 maker-168486419-augustus-gene-0.34-mRNA-1 1353192
.99 maker-167869083-augustus-gene-0.15-mRNA-1 1353219
.12 snap_masked-164559599-processed-gene-0.2-mRNA-1 401499
.87 snap_masked-164559599-processed-gene-0.2-mRNA-1 1352794
.34 augustus_masked-168495557-processed-gene-0.1-mRNA-1 1331001
.22 augustus_masked-168495557-processed-gene-0.1-mRNA-1 643516
.67 snap_masked-168522838-processed-gene-0.103-mRNA-1 43049
.31 snap_masked-168522838-processed-gene-0.103-mRNA-1 723469
.35 maker-168178695-augustus-gene-0.14-mRNA-1 1002697
.39 maker-168178695-augustus-gene-0.14-mRNA-1 948136
.24 maker-168115588-augustus-gene-0.14-mRNA-1 1285638
.29 maker-168115588-augustus-gene-0.14-mRNA-1 1308758
.86 maker-168259001-augustus-gene-0.42-mRNA-1 1353199
.30 maker-168183214-augustus-gene-0.15-mRNA-1 1305921
.30 maker-168183214-augustus-gene-0.15-mRNA-1 1301453
.38 maker-168498446-augustus-gene-0.115-mRNA-1 1291262
.20 maker-168498446-augustus-gene-0.115-mRNA-1 413450
.41 maker-168154231-snap-gene-0.12-mRNA-1 1287114
.54 maker-168154231-snap-gene-0.12-mRNA-1 1285208
.61 snap_masked-168006645-processed-gene-0.11-mRNA-1 1353042
.21 snap_masked-168006645-processed-gene-0.11-mRNA-1 1306738
.20 snap_masked-168006645-processed-gene-0.11-mRNA-1 284166
.13 snap_masked-168006645-processed-gene-0.11-mRNA-1 511451
.55 maker-168211766-snap-gene-0.50-mRNA-1 1287254
.81 augustus_masked-168421942-processed-gene-0.2-mRNA-1 1353079
.17 augustus_masked-168421942-processed-gene-0.2-mRNA-1 1292537
.33 maker-168572221-augustus-gene-0.62-mRNA-2 1309145
.07 maker-168572221-augustus-gene-0.62-mRNA-2 1285172
.34 maker-168222075-snap-gene-0.70-mRNA-1 1353034
.18 maker-168222075-snap-gene-0.70-mRNA-1 1315681
.52 maker-168349402-snap-gene-0.19-mRNA-2 1353004
.39 maker-168349402-snap-gene-0.19-mRNA-2 1307012
.34 maker-168349402-snap-gene-0.19-mRNA-2 1302030
.29 maker-168349402-snap-gene-0.19-mRNA-2 390313
.24 maker-168349402-snap-gene-0.19-mRNA-2 1334893
.53 augustus_masked-168560097-processed-gene-0.3-mRNA-1 1288230
.35 augustus_masked-168560097-processed-gene-0.3-mRNA-1 1325981
.52 maker-168190314-snap-gene-1.128-mRNA-1 1321973
.23 maker-163841636-augustus-gene-0.3-mRNA-1 1173100
.54 maker-163841636-augustus-gene-0.3-mRNA-1 161650
.53 maker-168575940-snap-gene-0.34-mRNA-1 231227
.21 maker-168575940-snap-gene-0.34-mRNA-1 253367
.32 maker-162369037-augustus-gene-0.8-mRNA-1 1292005
.21 maker-162369037-augustus-gene-0.8-mRNA-1 1311120
.15 maker-162369037-augustus-gene-0.8-mRNA-1 1311119
.11 maker-162369037-augustus-gene-0.8-mRNA-1 1307004
.25 maker-168494032-snap-gene-1.45-mRNA-1 1353264
.11 maker-168494032-snap-gene-1.45-mRNA-1 79735
.11 maker-168494032-snap-gene-1.45-mRNA-1 42132
.07 maker-168511538-snap-gene-0.11-mRNA-1 1001340
.70 maker-168511538-snap-gene-0.11-mRNA-1 1285591
.42 augustus_masked-163182345-processed-gene-0.0-mRNA-1 1352857
.57 augustus_masked-163182345-processed-gene-0.0-mRNA-1 1286693
.31 augustus_masked-168476186-processed-gene-0.7-mRNA-1 1289967
.56 augustus_masked-168476186-processed-gene-0.7-mRNA-1 1286194
.26 maker-168572970-augustus-gene-0.17-mRNA-1 1301066
.21 maker-168572970-augustus-gene-0.17-mRNA-1 1329044
.19 maker-168572970-augustus-gene-0.17-mRNA-1 1329044
.11 maker-168572970-augustus-gene-0.17-mRNA-1 1344759
.80 augustus_masked-167004964-processed-gene-0.0-mRNA-1 1352903
.19 augustus_masked-167004964-processed-gene-0.0-mRNA-1 271087
.27 maker-164947036-augustus-gene-0.3-mRNA-1 1290105
.29 maker-164947036-augustus-gene-0.3-mRNA-1 1292322
.88 maker-168476490-augustus-gene-0.23-mRNA-1 1353262
.04 maker-168476490-augustus-gene-0.23-mRNA-1 1054877
.76 maker-168299600-snap-gene-0.10-mRNA-1 334634
.61 maker-168299600-snap-gene-0.10-mRNA-1 1297280
.63 maker-168299600-snap-gene-0.10-mRNA-1 218565
.53 maker-168299600-snap-gene-0.10-mRNA-1 483852
.17 maker-168299600-snap-gene-0.10-mRNA-1 232483
.99 augustus_masked-161361862-processed-gene-0.0-mRNA-1 1303985
.36 augustus_masked-168401751-processed-gene-0.16-mRNA-1 408658
.46 augustus_masked-168401751-processed-gene-0.16-mRNA-1 1289682
.29 maker-168246894-snap-gene-0.14-mRNA-1 110486
.27 maker-168246894-snap-gene-0.14-mRNA-1 1285587
.14 maker-168246894-snap-gene-0.14-mRNA-1 1341249
.14 maker-168246894-snap-gene-0.14-mRNA-1 1323314
.10 maker-168246894-snap-gene-0.14-mRNA-1 82539
.51 maker-168251712-snap-gene-0.13-mRNA-1 1345000
.37 maker-168251712-snap-gene-0.13-mRNA-1 1352916
.32 maker-168514719-snap-gene-0.39-mRNA-1 102824
.32 maker-168514719-snap-gene-0.39-mRNA-1 1307555
.34 maker-168514719-snap-gene-0.39-mRNA-1 270473
.26 maker-168514719-snap-gene-0.39-mRNA-1 125549
.26 maker-168514719-snap-gene-0.39-mRNA-1 551901
.68 maker-168516845-snap-gene-0.40-mRNA-1 1353033
.52 snap_masked-168237407-processed-gene-0.19-mRNA-1 831100
.45 snap_masked-168237407-processed-gene-0.19-mRNA-1 1342340
.17 maker-168522562-augustus-gene-0.73-mRNA-1 1300502
.16 maker-168522562-augustus-gene-0.73-mRNA-1 1051670
.62 maker-168547274-snap-gene-0.58-mRNA-1 317071
.21 maker-168547274-snap-gene-0.58-mRNA-1 1345138
.66 augustus_masked-168267442-processed-gene-0.1-mRNA-1 1314494
.29 augustus_masked-168267442-processed-gene-0.1-mRNA-1 1285918
.43 snap_masked-166584126-processed-gene-0.2-mRNA-1 1353270
.22 snap_masked-166584126-processed-gene-0.2-mRNA-1 238342
.20 snap_masked-166584126-processed-gene-0.2-mRNA-1 1328950
.70 augustus_masked-44523131-processed-gene-0.0-mRNA-1 1293476
.17 augustus_masked-44523131-processed-gene-0.0-mRNA-1 211131
.28 augustus_masked-168042770-processed-gene-0.1-mRNA-1 1296897
.43 augustus_masked-168042770-processed-gene-0.1-mRNA-1 1292274
.88 augustus_masked-168188951-processed-gene-0.19-mRNA-1 1353289
.73 maker-168218725-snap-gene-0.66-mRNA-1 1352815
.20 maker-168189998-augustus-gene-0.45-mRNA-1 1296863
.41 maker-168189998-augustus-gene-0.45-mRNA-1 1353078
.61 augustus_masked-167838348-processed-gene-0.3-mRNA-1 1302420
.23 augustus_masked-167838348-processed-gene-0.3-mRNA-1 1295055
.62 maker-168562409-snap-gene-0.38-mRNA-1 1299688
.37 maker-168562409-snap-gene-0.38-mRNA-1 346487
.23 maker-168562409-snap-gene-0.38-mRNA-1 1321322
.33 maker-168577080-snap-gene-0.74-mRNA-1 1284855
.35 maker-168577080-snap-gene-0.74-mRNA-1 1288056
.81 augustus_masked-166669677-processed-gene-0.0-mRNA-1 1286757
.18 augustus_masked-166669677-processed-gene-0.0-mRNA-1 574485
.34 maker-168184278-snap-gene-0.19-mRNA-2 1299454
.46 maker-168184278-snap-gene-0.19-mRNA-2 1287653
.38 snap_masked-168053354-processed-gene-0.24-mRNA-1 264287
.53 snap_masked-168053354-processed-gene-0.24-mRNA-1 1352792
.89 augustus_masked-168443181-processed-gene-0.15-mRNA-1 1352902
.09 augustus_masked-168443181-processed-gene-0.15-mRNA-1 1305180
.06 augustus_masked-168443181-processed-gene-0.15-mRNA-1 1284980
.02 augustus_masked-168443181-processed-gene-0.15-mRNA-1 1321764
.83 snap_masked-168235151-processed-gene-0.41-mRNA-1 1353213
.44 snap_masked-168348206-processed-gene-0.49-mRNA-1 1289453
.34 snap_masked-168348206-processed-gene-0.49-mRNA-1 1289939
.22 snap_masked-168348206-processed-gene-0.49-mRNA-1 1324240
.30 augustus_masked-166613608-processed-gene-0.0-mRNA-1 1315033
.25 augustus_masked-166613608-processed-gene-0.0-mRNA-1 1314152
.18 augustus_masked-166613608-processed-gene-0.0-mRNA-1 1316881
.17 augustus_masked-166613608-processed-gene-0.0-mRNA-1 1350168
.94 augustus_masked-168545586-processed-gene-0.0-mRNA-1 1353268
.03 augustus_masked-168545586-processed-gene-0.0-mRNA-1 1287879
.29 maker-168327546-augustus-gene-0.25-mRNA-1 1308176
.28 maker-168327546-augustus-gene-0.25-mRNA-1 1298402
.26 maker-168327546-augustus-gene-0.25-mRNA-1 1303309
.15 maker-168327546-augustus-gene-0.25-mRNA-1 1303308
.08 maker-168410765-augustus-gene-0.42-mRNA-1 1291442
.76 maker-168410765-augustus-gene-0.42-mRNA-1 1353281
.75 augustus_masked-168260497-processed-gene-0.6-mRNA-1 1289955
.30 augustus_masked-162119412-processed-gene-0.0-mRNA-1 1285623
.37 augustus_masked-162119412-processed-gene-0.0-mRNA-1 1353006
.50 maker-168577377-augustus-gene-0.93-mRNA-1 1352847
.27 maker-168577377-augustus-gene-0.93-mRNA-1 1292163
.22 maker-168577377-augustus-gene-0.93-mRNA-1 301943
.22 maker-168577377-augustus-gene-0.93-mRNA-1 1304100
.13 maker-168577377-augustus-gene-0.93-mRNA-1 313524
.40 maker-166597788-augustus-gene-0.3-mRNA-1 1314675
.33 maker-166597788-augustus-gene-0.3-mRNA-1 1350378
.24 augustus_masked-168185688-processed-gene-0.10-mRNA-1 1352908
.12 augustus_masked-168185688-processed-gene-0.10-mRNA-1 1294564
.53 maker-165394341-snap-gene-0.4-mRNA-1 1306094
.21 maker-165394341-snap-gene-0.4-mRNA-1 1290734
.30 maker-165394341-snap-gene-0.4-mRNA-1 1302845
.23 maker-165394341-snap-gene-0.4-mRNA-1 108989
.13 maker-165394341-snap-gene-0.4-mRNA-1 1308974
.07 augustus_masked-167965301-processed-gene-0.2-mRNA-1 1312505
.89 augustus_masked-167965301-processed-gene-0.2-mRNA-1 1353301
.07 snap_masked-167813743-processed-gene-0.6-mRNA-1 152879
.63 snap_masked-167813743-processed-gene-0.6-mRNA-1 1353168
.13 maker-168572384-snap-gene-0.14-mRNA-1 1347855
.73 maker-168572384-snap-gene-0.14-mRNA-1 1353275
.17 maker-168572384-snap-gene-0.14-mRNA-2 1347855
.68 maker-168572384-snap-gene-0.14-mRNA-2 1353275
.56 maker-168571183-augustus-gene-0.28-mRNA-1 1290198
.19 maker-168571183-augustus-gene-0.28-mRNA-1 743757
.25 maker-168576930-augustus-gene-0.37-mRNA-1 1290681
.67 maker-168576930-augustus-gene-0.37-mRNA-1 1353032
.39 genemark-168568885-processed-gene-0.5-mRNA-1 1353292
.09 genemark-168568885-processed-gene-0.5-mRNA-1 1353292
.01 genemark-168568885-processed-gene-0.5-mRNA-1 1353292
.75 augustus_masked-168398021-processed-gene-0.0-mRNA-1 1353105
.24 augustus_masked-168398021-processed-gene-0.0-mRNA-1 1320333
.68 augustus_masked-168296338-processed-gene-0.0-mRNA-1 1286049
.31 augustus_masked-168296338-processed-gene-0.0-mRNA-1 767264
.90 augustus_masked-168509211-processed-gene-0.0-mRNA-1 1353283
.16 maker-166269667-augustus-gene-0.3-mRNA-1 1324143
.43 maker-166269667-augustus-gene-0.3-mRNA-1 1309590
.29 genemark-168481447-processed-gene-0.38-mRNA-1 1313000
.66 genemark-168481447-processed-gene-0.38-mRNA-1 1295205
.41 maker-166256057-augustus-gene-0.4-mRNA-1 217963
.39 maker-166256057-augustus-gene-0.4-mRNA-1 1353276
.86 maker-168566055-augustus-gene-0.7-mRNA-1 1352906
.14 maker-168557558-augustus-gene-0.48-mRNA-1 1294230
.16 maker-168557558-augustus-gene-0.48-mRNA-1 1292925
.47 maker-168574247-snap-gene-0.51-mRNA-1 1352853
.28 maker-168574247-snap-gene-0.51-mRNA-1 1285927
.89 snap_masked-168414024-processed-gene-1.105-mRNA-1 124515
.08 snap_masked-168414024-processed-gene-1.105-mRNA-1 483912
.29 maker-168185331-augustus-gene-0.53-mRNA-1 188714
.07 maker-168185331-augustus-gene-0.53-mRNA-1 307616
.94 maker-168245615-snap-gene-0.75-mRNA-1 1353205
.01 maker-168245615-snap-gene-0.75-mRNA-1 1273492
.01 maker-168245615-snap-gene-0.75-mRNA-1 451501
.01 maker-168245615-snap-gene-0.75-mRNA-1 682725
.34 genemark-164898960-processed-gene-0.0-mRNA-1 444012
.42 genemark-164898960-processed-gene-0.0-mRNA-1 722713
