.62 augustus_masked-166042400-processed-gene-0.1-mRNA-1 4181689
.30 augustus_masked-166042400-processed-gene-0.1-mRNA-1 4157494
.27 augustus_masked-166042400-processed-gene-0.1-mRNA-1 4165290
.21 augustus_masked-166042400-processed-gene-0.1-mRNA-1 1339363
.93 augustus_masked-168474521-processed-gene-0.0-mRNA-1 4236821
.03 augustus_masked-168474521-processed-gene-0.0-mRNA-1 4057539
.87 maker-168338405-snap-gene-0.9-mRNA-1 4237079
.71 maker-163477071-augustus-gene-0.4-mRNA-1 1196188
.69 maker-163477071-augustus-gene-0.4-mRNA-1 4173007
.46 maker-168557556-augustus-gene-0.58-mRNA-1 4045964
.30 maker-168557556-augustus-gene-0.58-mRNA-1 4107579
.29 maker-168557556-augustus-gene-0.58-mRNA-1 886511
.28 maker-168327335-augustus-gene-0.14-mRNA-1 4048730
.71 maker-168327335-augustus-gene-0.14-mRNA-1 4057355
.59 maker-168572977-augustus-gene-0.25-mRNA-1 628372
.35 maker-168572977-augustus-gene-0.25-mRNA-1 4201907
.39 augustus_masked-161859329-processed-gene-0.0-mRNA-1 694093
.35 augustus_masked-161859329-processed-gene-0.0-mRNA-1 694092
.32 maker-168556710-augustus-gene-0.48-mRNA-1 132135
.32 maker-168556710-augustus-gene-0.48-mRNA-1 4038989
.12 maker-163408108-snap-gene-0.4-mRNA-1 4050608
.82 maker-163408108-snap-gene-0.4-mRNA-1 654228
.11 maker-168535181-snap-gene-0.6-mRNA-1 4077507
.79 maker-168535181-snap-gene-0.6-mRNA-1 4132254
.85 augustus_masked-166699671-processed-gene-0.0-mRNA-1 4127185
.14 augustus_masked-166699671-processed-gene-0.0-mRNA-1 4041326
.97 maker-168557999-augustus-gene-0.58-mRNA-1 4237107
.52 augustus_masked-168491003-processed-gene-0.1-mRNA-1 4096149
.44 augustus_masked-168491003-processed-gene-0.1-mRNA-1 4096151
.28 maker-168420509-snap-gene-0.31-mRNA-1 2060135
.51 maker-168420509-snap-gene-0.31-mRNA-1 4140754
.61 snap_masked-168363119-processed-gene-0.34-mRNA-1 1185327
.36 snap_masked-168363119-processed-gene-0.34-mRNA-1 2018896
.62 maker-168431761-snap-gene-0.5-mRNA-1 133049
.37 maker-168431761-snap-gene-0.5-mRNA-1 4056666
.99 augustus_masked-166345751-processed-gene-0.0-mRNA-1 4237125
.80 maker-168343337-augustus-gene-0.30-mRNA-1 4124972
.06 maker-168343337-augustus-gene-0.30-mRNA-1 4228038
.68 maker-168276238-augustus-gene-0.52-mRNA-1 4237142
.13 maker-168276238-augustus-gene-0.52-mRNA-1 931370
.13 maker-168276238-augustus-gene-0.52-mRNA-1 4062450
.10 maker-168276238-augustus-gene-0.52-mRNA-1 4144892
.08 maker-168276238-augustus-gene-0.52-mRNA-1 1492878
.78 maker-168252374-augustus-gene-0.12-mRNA-1 4237086
.08 maker-168252374-augustus-gene-0.12-mRNA-1 4102457
.38 maker-158721513-augustus-gene-0.4-mRNA-1 4053404
.30 maker-158721513-augustus-gene-0.4-mRNA-1 4059906
.91 maker-168290923-augustus-gene-0.31-mRNA-1 4237150
.45 augustus_masked-168495529-processed-gene-0.0-mRNA-1 1320191
.32 augustus_masked-168495529-processed-gene-0.0-mRNA-1 1108638
.52 maker-168547765-snap-gene-0.102-mRNA-1 4237081
.23 maker-168342416-augustus-gene-0.22-mRNA-1 4053925
.12 maker-168342416-augustus-gene-0.22-mRNA-1 1369757
.09 maker-168342416-augustus-gene-0.22-mRNA-1 831775
.04 maker-168342416-augustus-gene-0.22-mRNA-1 4055288
.03 maker-168342416-augustus-gene-0.22-mRNA-1 4039630
.27 augustus_masked-168227428-processed-gene-0.0-mRNA-1 4072448
.68 augustus_masked-168227428-processed-gene-0.0-mRNA-1 4196225
.31 maker-165736603-augustus-gene-0.3-mRNA-1 4067805
.18 maker-165736603-augustus-gene-0.3-mRNA-1 4200227
.45 maker-168346859-snap-gene-0.44-mRNA-1 1164193
.28 maker-168346859-snap-gene-0.44-mRNA-1 4043185
.85 maker-168190218-snap-gene-0.73-mRNA-1 4113665
.85 maker-168190218-snap-gene-0.73-mRNA-1 4179097
.82 maker-168190218-snap-gene-0.73-mRNA-1 4236769
.05 maker-168190218-snap-gene-0.73-mRNA-1 4071926
.05 maker-168190218-snap-gene-0.73-mRNA-1 4217014
.32 maker-168538337-snap-gene-0.19-mRNA-1 1709163
.42 maker-168538337-snap-gene-0.19-mRNA-1 1134166
.35 maker-168447201-augustus-gene-0.16-mRNA-1 4237139
.55 augustus_masked-168325120-processed-gene-0.1-mRNA-1 4236858
.20 augustus_masked-168325120-processed-gene-0.1-mRNA-1 2219357
.52 maker-168255257-snap-gene-0.136-mRNA-1 4076527
.31 maker-168255257-snap-gene-0.136-mRNA-1 4112636
.23 maker-165662564-snap-gene-0.6-mRNA-1 4045336
.46 maker-165662564-snap-gene-0.6-mRNA-1 4237135
.16 augustus_masked-164897006-processed-gene-0.0-mRNA-1 2006232
.30 augustus_masked-164897006-processed-gene-0.0-mRNA-1 4057867
.88 maker-168564101-snap-gene-0.37-mRNA-1 4078918
.25 augustus_masked-168512147-processed-gene-0.4-mRNA-1 4043332
.74 augustus_masked-168512147-processed-gene-0.4-mRNA-1 227229
.55 augustus_masked-168345183-processed-gene-0.0-mRNA-1 4237009
.16 augustus_masked-168345183-processed-gene-0.0-mRNA-1 2773419
.27 maker-168270009-augustus-gene-0.83-mRNA-1 4058350
.32 maker-168270009-augustus-gene-0.83-mRNA-1 4047150
.22 maker-168270009-augustus-gene-0.83-mRNA-1 1040470
.15 maker-168270009-augustus-gene-0.83-mRNA-1 4124913
.13 maker-168270009-augustus-gene-0.83-mRNA-1 4114073
.25 maker-168435172-snap-gene-0.55-mRNA-1 4081850
.21 maker-168435172-snap-gene-0.55-mRNA-1 2275808
.21 maker-168435172-snap-gene-0.55-mRNA-1 4208049
.46 augustus_masked-168569565-processed-gene-0.12-mRNA-1 4038703
.02 augustus_masked-168569565-processed-gene-0.12-mRNA-1 4038702
.89 maker-168454316-snap-gene-0.79-mRNA-1 4237106
.08 maker-168454316-snap-gene-0.79-mRNA-1 4039425
.21 maker-168232536-snap-gene-0.62-mRNA-1 4104071
.80 maker-168534149-snap-gene-0.17-mRNA-1 4100846
.13 maker-168534149-snap-gene-0.17-mRNA-1 3399941
.12 maker-168534149-snap-gene-0.17-mRNA-1 3479867
.60 augustus_masked-167838269-processed-gene-0.0-mRNA-1 4237070
.39 augustus_masked-167838269-processed-gene-0.0-mRNA-1 215191
.63 snap_masked-168188010-processed-gene-0.40-mRNA-1 4236900
.19 maker-168399019-snap-gene-0.14-mRNA-1 236233
.41 maker-168399019-snap-gene-0.14-mRNA-1 4039830
.36 augustus_masked-168202504-processed-gene-0.9-mRNA-1 4148532
.30 augustus_masked-168202504-processed-gene-0.9-mRNA-1 4077908
.19 augustus_masked-168202504-processed-gene-0.9-mRNA-1 4079086
.14 augustus_masked-168202504-processed-gene-0.9-mRNA-1 1233376
.23 maker-168086491-augustus-gene-0.11-mRNA-1 4237138
.16 maker-168086491-augustus-gene-0.11-mRNA-1 907270
.14 maker-168086491-augustus-gene-0.11-mRNA-1 4237138
.07 maker-168086491-augustus-gene-0.11-mRNA-1 4047137
.33 maker-168185398-snap-gene-0.15-mRNA-1 4236976
.15 maker-168185398-snap-gene-0.15-mRNA-1 927371
.13 maker-168185398-snap-gene-0.15-mRNA-1 427042
.05 maker-168185398-snap-gene-0.15-mRNA-1 454025
.05 maker-168185398-snap-gene-0.15-mRNA-1 880082
.46 augustus_masked-168419559-processed-gene-0.3-mRNA-1 4067787
.53 augustus_masked-168419559-processed-gene-0.3-mRNA-1 4122058
.33 maker-168433671-augustus-gene-0.5-mRNA-1 4053846
.26 maker-168433671-augustus-gene-0.5-mRNA-1 4094943
.78 maker-167828088-snap-gene-0.9-mRNA-1 135687
.19 maker-167828088-snap-gene-0.9-mRNA-1 4039700
.36 maker-168577122-augustus-gene-0.114-mRNA-1 4141359
.18 maker-168577122-augustus-gene-0.114-mRNA-1 1176465
.44 maker-168478852-snap-gene-0.45-mRNA-1 4043431
.31 maker-168478852-snap-gene-0.45-mRNA-1 4040799
.88 maker-168277932-augustus-gene-0.31-mRNA-1 4237110
.10 maker-168277932-augustus-gene-0.31-mRNA-1 4044168
.38 augustus_masked-168293270-processed-gene-0.1-mRNA-1 4236774
.35 augustus_masked-168293270-processed-gene-0.1-mRNA-1 4053430
.23 augustus_masked-168293270-processed-gene-0.1-mRNA-1 4084005
.28 augustus_masked-168293270-processed-gene-0.1-mRNA-1 4041302
.24 augustus_masked-168293270-processed-gene-0.1-mRNA-1 4236794
.40 augustus_masked-168298049-processed-gene-0.7-mRNA-1 1225160
.46 augustus_masked-168298049-processed-gene-0.7-mRNA-1 1236998
.18 maker-168525815-snap-gene-0.22-mRNA-1 4060135
.73 maker-168525815-snap-gene-0.22-mRNA-1 4039447
.18 maker-168574247-snap-gene-0.50-mRNA-1 4124799
.75 maker-168574247-snap-gene-0.50-mRNA-1 4137613
.67 maker-167916781-augustus-gene-0.37-mRNA-3 4237104
.14 maker-167916781-augustus-gene-0.37-mRNA-3 4074236
.29 maker-168484983-snap-gene-0.32-mRNA-1 4044012
.62 maker-168484983-snap-gene-0.32-mRNA-1 4059037
.29 maker-167913083-augustus-gene-0.13-mRNA-1 750510
.59 maker-167913083-augustus-gene-0.13-mRNA-1 4236921
.62 snap_masked-168545072-processed-gene-0.55-mRNA-1 4236893
.19 snap_masked-168545072-processed-gene-0.55-mRNA-1 1185118
.94 augustus_masked-161478344-processed-gene-0.0-mRNA-1 63145
.05 augustus_masked-161478344-processed-gene-0.0-mRNA-1 1038472
.18 maker-167599018-augustus-gene-0.4-mRNA-1 2902649
.78 maker-167599018-augustus-gene-0.4-mRNA-1 1594072
.74 augustus_masked-168512964-processed-gene-0.17-mRNA-1 4236886
.19 augustus_masked-168512964-processed-gene-0.17-mRNA-1 2265523
.73 snap_masked-168503274-processed-gene-0.18-mRNA-1 2340246
.60 snap_masked-168503274-processed-gene-0.18-mRNA-1 2998424
.37 maker-165519928-augustus-gene-0.4-mRNA-1 4193092
.44 maker-165519928-augustus-gene-0.4-mRNA-1 4043329
.29 maker-165519928-augustus-gene-0.4-mRNA-1 4101830
.07 maker-165519928-augustus-gene-0.4-mRNA-1 4051520
.77 maker-167829879-snap-gene-0.18-mRNA-1 4237097
.16 maker-167829879-snap-gene-0.18-mRNA-1 1100580
.23 genemark-168384808-processed-gene-0.19-mRNA-1 4169382
.13 genemark-168384808-processed-gene-0.19-mRNA-1 975994
.49 maker-168301281-augustus-gene-0.15-mRNA-1 4109838
.27 maker-168301281-augustus-gene-0.15-mRNA-1 4109838
.07 maker-168301281-augustus-gene-0.15-mRNA-1 1609876
.07 maker-168301281-augustus-gene-0.15-mRNA-1 2115492
.70 maker-168433767-snap-gene-0.16-mRNA-1 4237144
.12 maker-168433767-snap-gene-0.16-mRNA-1 4054160
.47 genemark-163100139-processed-gene-0.0-mRNA-1 1594637
.47 genemark-163100139-processed-gene-0.0-mRNA-1 1724281
.47 genemark-163100139-processed-gene-0.0-mRNA-1 3408536
.47 genemark-163100139-processed-gene-0.0-mRNA-1 220660
.47 genemark-163100139-processed-gene-0.0-mRNA-1 408368
.22 maker-168462078-snap-gene-0.47-mRNA-1 2802386
.60 maker-168462078-snap-gene-0.47-mRNA-1 4083603
.07 augustus_masked-168370255-processed-gene-0.1-mRNA-1 4046013
.92 augustus_masked-168370255-processed-gene-0.1-mRNA-1 4042308
.40 maker-168288341-snap-gene-0.50-mRNA-1 412590
.37 maker-168288341-snap-gene-0.50-mRNA-1 4042078
.73 maker-168254111-augustus-gene-0.7-mRNA-1 4237136
.14 maker-168254111-augustus-gene-0.7-mRNA-1 4041408
.13 maker-168254111-augustus-gene-0.7-mRNA-1 600113
.81 augustus_masked-168217589-processed-gene-1.11-mRNA-1 4236932
.33 maker-168183226-augustus-gene-0.6-mRNA-1 4151585
.56 maker-168183226-augustus-gene-0.6-mRNA-1 4236776
.13 augustus_masked-168483500-processed-gene-0.1-mRNA-1 4044346
.02 augustus_masked-168483500-processed-gene-0.1-mRNA-1 4237075
.01 augustus_masked-168483500-processed-gene-0.1-mRNA-1 4237075
.33 maker-168282144-augustus-gene-0.10-mRNA-1 4077468
.24 maker-168282144-augustus-gene-0.10-mRNA-1 4066165
.31 genemark-168163205-processed-gene-0.1-mRNA-1 4154891
.22 genemark-168163205-processed-gene-0.1-mRNA-1 719602
.18 genemark-168163205-processed-gene-0.1-mRNA-1 4077366
.84 maker-168472423-augustus-gene-0.93-mRNA-1 4237147
.80 maker-168367546-augustus-gene-0.16-mRNA-1 4237117
.14 maker-168367546-augustus-gene-0.16-mRNA-1 1132135
.11 maker-168367546-augustus-gene-0.16-mRNA-1 4067121
.81 maker-168356167-snap-gene-0.54-mRNA-1 4237118
.14 maker-168356167-snap-gene-0.54-mRNA-1 4060748
.12 maker-168356167-snap-gene-0.54-mRNA-1 4203676
.47 maker-168465861-augustus-gene-0.18-mRNA-1 1246733
.17 maker-168465861-augustus-gene-0.18-mRNA-1 820191
.31 maker-168398826-snap-gene-0.14-mRNA-1 4110808
.68 maker-168398826-snap-gene-0.14-mRNA-1 4222072
.29 maker-167839077-augustus-gene-0.13-mRNA-1 472349
.49 maker-167839077-augustus-gene-0.13-mRNA-1 4236925
.88 maker-168447144-snap-gene-0.59-mRNA-1 4237019
.17 maker-168570257-augustus-gene-0.15-mRNA-1 812809
.41 maker-168570257-augustus-gene-0.15-mRNA-1 4231466
.61 genemark-168333515-processed-gene-0.3-mRNA-1 4061597
.08 genemark-168333515-processed-gene-0.3-mRNA-1 4070480
.24 maker-167153577-snap-gene-0.5-mRNA-1 4181554
.34 maker-167153577-snap-gene-0.5-mRNA-1 4237047
.40 maker-168327613-augustus-gene-0.52-mRNA-1 4040971
.25 maker-168327613-augustus-gene-0.52-mRNA-1 4094354
.12 maker-168327613-augustus-gene-0.52-mRNA-1 4039701
.29 maker-168234389-snap-gene-0.106-mRNA-1 4051316
.14 maker-168234389-snap-gene-0.106-mRNA-1 4201840
.79 maker-168187899-snap-gene-0.76-mRNA-1 4236952
.31 genemark-167853625-processed-gene-0.0-mRNA-1 1778023
.18 genemark-167853625-processed-gene-0.0-mRNA-1 2252503
.44 maker-164387041-snap-gene-0.3-mRNA-1 4213885
.35 maker-164387041-snap-gene-0.3-mRNA-1 4190220
.86 augustus_masked-168335786-processed-gene-1.2-mRNA-1 4237083
.13 augustus_masked-168335786-processed-gene-1.2-mRNA-1 2865247
.29 maker-168408837-augustus-gene-0.17-mRNA-1 4055594
.46 maker-168408837-augustus-gene-0.17-mRNA-1 4057806
.19 genemark-168135365-processed-gene-0.7-mRNA-1 1390263
.55 genemark-168135365-processed-gene-0.7-mRNA-1 288454
.22 maker-168371211-snap-gene-0.29-mRNA-1 4131646
.19 maker-168371211-snap-gene-0.29-mRNA-1 4223711
.12 maker-168472946-augustus-gene-0.27-mRNA-1 1119146
.61 maker-168472946-augustus-gene-0.27-mRNA-1 4236764
.14 augustus_masked-167723657-processed-gene-0.1-mRNA-1 1612185
.38 augustus_masked-167723657-processed-gene-0.1-mRNA-1 4046238
.82 maker-168262655-augustus-gene-0.7-mRNA-1 4237032
.16 maker-168262655-augustus-gene-0.7-mRNA-1 4215528
.37 maker-161342189-augustus-gene-0.4-mRNA-2 459169
.36 maker-161342189-augustus-gene-0.4-mRNA-2 1490080
.57 snap_masked-168541795-processed-gene-0.51-mRNA-1 4047402
.29 snap_masked-168541795-processed-gene-0.51-mRNA-1 4067574
.31 maker-168370962-snap-gene-0.33-mRNA-1 4041267
.25 maker-168370962-snap-gene-0.33-mRNA-1 4049398
.24 maker-168370962-snap-gene-0.33-mRNA-1 356300
.23 maker-168370962-snap-gene-0.33-mRNA-1 1448755
.21 maker-168370962-snap-gene-0.33-mRNA-1 2962064
.37 snap_masked-168448462-processed-gene-0.88-mRNA-1 4143693
.62 snap_masked-168448462-processed-gene-0.88-mRNA-1 4176736
.48 maker-168496631-augustus-gene-0.21-mRNA-1 4237149
.80 maker-168216332-augustus-gene-0.20-mRNA-1 4236814
.58 augustus_masked-167033022-processed-gene-0.0-mRNA-1 4237134
.49 augustus_masked-168420684-processed-gene-0.10-mRNA-1 4237113
.76 maker-168258199-augustus-gene-0.5-mRNA-1 4237016
.22 maker-168258199-augustus-gene-0.5-mRNA-1 447930
.89 augustus_masked-168490652-processed-gene-0.1-mRNA-1 4236958
.10 augustus_masked-168490652-processed-gene-0.1-mRNA-1 4073271
.69 augustus_masked-168438351-processed-gene-0.0-mRNA-1 4042219
.15 augustus_masked-168438351-processed-gene-0.0-mRNA-1 4064670
.45 maker-168320559-augustus-gene-0.52-mRNA-1 4237041
.47 maker-168320559-augustus-gene-0.52-mRNA-1 4129121
.55 maker-168421778-augustus-gene-0.101-mRNA-1 4190740
.44 maker-168421778-augustus-gene-0.101-mRNA-1 4094470
.04 augustus_masked-168371150-processed-gene-0.1-mRNA-1 4055750
.88 augustus_masked-168371150-processed-gene-0.1-mRNA-1 4236881
.01 augustus_masked-168507409-processed-gene-0.0-mRNA-1 4053897
.88 maker-168458788-augustus-gene-0.11-mRNA-1 4053178
.11 maker-168458788-augustus-gene-0.11-mRNA-1 958281
.44 snap_masked-168577548-processed-gene-0.68-mRNA-1 4065095
.17 maker-168291211-snap-gene-0.39-mRNA-1 671618
.39 maker-168291211-snap-gene-0.39-mRNA-1 4236833
.35 snap_masked-163032013-processed-gene-0.2-mRNA-1 4044722
.29 snap_masked-163032013-processed-gene-0.2-mRNA-1 4142199
.11 snap_masked-163032013-processed-gene-0.2-mRNA-1 4065547
.16 augustus_masked-168293681-processed-gene-0.1-mRNA-1 1561708
.66 augustus_masked-168293681-processed-gene-0.1-mRNA-1 4066142
.59 maker-167797000-augustus-gene-0.12-mRNA-1 4062457
.17 maker-167797000-augustus-gene-0.12-mRNA-1 875261
.81 maker-168340917-snap-gene-0.57-mRNA-1 4237065
.31 augustus_masked-168339538-processed-gene-0.2-mRNA-1 4092878
.37 augustus_masked-168339538-processed-gene-0.2-mRNA-1 4198964
.63 maker-168222911-snap-gene-0.31-mRNA-1 4237133
.19 maker-168222911-snap-gene-0.31-mRNA-1 394635
.74 snap_masked-168237797-processed-gene-0.16-mRNA-1 4111944
.25 snap_masked-168237797-processed-gene-0.16-mRNA-1 879182
.40 maker-168518237-augustus-gene-0.46-mRNA-1 4053428
.13 maker-168518237-augustus-gene-0.46-mRNA-1 4053429
.47 augustus_masked-168081126-processed-gene-0.6-mRNA-1 4040445
.21 augustus_masked-168081126-processed-gene-0.6-mRNA-1 4056775
.20 augustus_masked-168081126-processed-gene-0.6-mRNA-1 440432
.63 maker-168560005-augustus-gene-0.12-mRNA-1 4090864
.14 maker-168560005-augustus-gene-0.12-mRNA-1 4046555
.35 snap_masked-161684052-processed-gene-0.1-mRNA-1 4053545
.64 snap_masked-161684052-processed-gene-0.1-mRNA-1 4141587
.65 augustus_masked-168577406-processed-gene-0.0-mRNA-1 4230739
.34 augustus_masked-168577406-processed-gene-0.0-mRNA-1 1488596
.79 augustus_masked-168108656-processed-gene-0.7-mRNA-1 4059184
.20 augustus_masked-168108656-processed-gene-0.7-mRNA-1 4095497
.21 maker-168186092-augustus-gene-0.15-mRNA-1 4237111
.10 maker-168186092-augustus-gene-0.15-mRNA-1 4042923
.44 maker-165379355-snap-gene-0.4-mRNA-1 1662507
.42 maker-165379355-snap-gene-0.4-mRNA-1 4111340
.03 maker-165379355-snap-gene-0.4-mRNA-1 4111340
.99 maker-168421633-snap-gene-0.22-mRNA-1 4237130
.36 maker-167742616-snap-gene-0.3-mRNA-1 4045507
.63 maker-167742616-snap-gene-0.3-mRNA-1 4039276
.70 augustus_masked-165620466-processed-gene-0.0-mRNA-1 4043721
.29 augustus_masked-165620466-processed-gene-0.0-mRNA-1 4116490
.44 augustus_masked-168239231-processed-gene-0.3-mRNA-1 4087652
.33 augustus_masked-168239231-processed-gene-0.3-mRNA-1 946591
.35 maker-168183007-snap-gene-0.9-mRNA-1 4043620
.81 augustus_masked-168238180-processed-gene-0.0-mRNA-1 4047177
.17 augustus_masked-168238180-processed-gene-0.0-mRNA-1 4056025
.32 augustus_masked-162451180-processed-gene-0.0-mRNA-1 1166816
.59 augustus_masked-162451180-processed-gene-0.0-mRNA-1 1379027
.37 maker-168390734-snap-gene-0.11-mRNA-1 4139031
.41 maker-168390734-snap-gene-0.11-mRNA-1 4139030
.52 maker-168340894-augustus-gene-0.5-mRNA-1 4237140
.17 maker-168340894-augustus-gene-0.5-mRNA-1 4237140
.65 genemark-165949157-processed-gene-0.0-mRNA-1 118264
.32 genemark-165949157-processed-gene-0.0-mRNA-1 4214814
.33 maker-168550415-augustus-gene-0.24-mRNA-1 4236961
.14 maker-168550415-augustus-gene-0.24-mRNA-1 4197141
.68 maker-168252781-augustus-gene-0.79-mRNA-1 4237115
.02 maker-168252781-augustus-gene-0.79-mRNA-1 1094371
.42 augustus_masked-167808834-processed-gene-0.11-mRNA-1 4118076
.39 augustus_masked-167808834-processed-gene-0.11-mRNA-1 4068481
.35 maker-168189369-snap-gene-0.45-mRNA-1 4236936
.11 maker-168577592-augustus-gene-0.95-mRNA-1 4050165
.79 maker-168577592-augustus-gene-0.95-mRNA-1 4237030
.46 maker-168577059-snap-gene-0.28-mRNA-2 4043548
.26 maker-168577059-snap-gene-0.28-mRNA-2 967298
.20 maker-168577059-snap-gene-0.28-mRNA-2 4045387
.07 maker-168309056-augustus-gene-0.7-mRNA-1 4099333
.22 maker-168309056-augustus-gene-0.7-mRNA-1 1328772
.23 maker-165262243-snap-gene-0.4-mRNA-1 1010319
.76 maker-165262243-snap-gene-0.4-mRNA-1 4237022
.12 maker-168376499-snap-gene-0.75-mRNA-1 772386
.87 maker-168376499-snap-gene-0.75-mRNA-1 4236898
.80 augustus_masked-168200274-processed-gene-0.4-mRNA-1 4237152
.63 augustus_masked-165579536-processed-gene-0.0-mRNA-1 4043042
.35 augustus_masked-165579536-processed-gene-0.0-mRNA-1 4124562
.50 augustus_masked-168402443-processed-gene-0.1-mRNA-1 4236869
.34 augustus_masked-168402443-processed-gene-0.1-mRNA-1 4042955
.32 augustus_masked-168402443-processed-gene-0.1-mRNA-1 203007
.31 augustus_masked-168402443-processed-gene-0.1-mRNA-1 4100434
.29 augustus_masked-168402443-processed-gene-0.1-mRNA-1 4131777
.48 maker-168507242-snap-gene-0.48-mRNA-1 2029697
.41 snap_masked-168241044-processed-gene-0.5-mRNA-1 4045946
.26 snap_masked-168241044-processed-gene-0.5-mRNA-1 616341
.32 maker-168577195-snap-gene-0.34-mRNA-1 4157177
.30 maker-168577195-snap-gene-0.34-mRNA-1 4143252
.30 maker-168577195-snap-gene-0.34-mRNA-1 1234386
.23 maker-168577195-snap-gene-0.34-mRNA-1 2578333
.60 maker-168234677-snap-gene-0.12-mRNA-1 4237119
.32 maker-168234677-snap-gene-0.12-mRNA-1 4065453
.45 maker-168187617-augustus-gene-0.11-mRNA-1 4237053
.03 maker-168187617-augustus-gene-0.11-mRNA-1 4084512
.45 snap_masked-168272471-processed-gene-0.11-mRNA-1 4203295
.54 snap_masked-168272471-processed-gene-0.11-mRNA-1 1904145
.73 maker-167887473-augustus-gene-0.15-mRNA-1 4236919
.26 maker-167887473-augustus-gene-0.15-mRNA-1 4071013
.82 maker-167977330-augustus-gene-0.31-mRNA-1 4237127
.17 maker-167977330-augustus-gene-0.31-mRNA-1 4038567
.50 snap_masked-158762225-processed-gene-0.2-mRNA-1 1114455
.39 snap_masked-158762225-processed-gene-0.2-mRNA-1 3075035
.14 maker-168225046-augustus-gene-0.14-mRNA-1 1564226
.85 maker-168225046-augustus-gene-0.14-mRNA-1 580372
.19 maker-168201986-augustus-gene-0.33-mRNA-1 4237132
.18 maker-168201986-augustus-gene-0.33-mRNA-1 4237132
.16 maker-168095260-augustus-gene-0.16-mRNA-3 4038393
.58 maker-168095260-augustus-gene-0.16-mRNA-3 4237151
.71 maker-159430260-snap-gene-0.3-mRNA-1 4038891
.25 maker-159430260-snap-gene-0.3-mRNA-1 238757
.51 snap_masked-168315270-processed-gene-0.52-mRNA-1 4236857
.23 snap_masked-168315270-processed-gene-0.52-mRNA-1 4236857
.16 snap_masked-168315270-processed-gene-0.52-mRNA-1 4128839
.51 maker-168530319-snap-gene-0.36-mRNA-1 4071241
.26 maker-168530319-snap-gene-0.36-mRNA-1 4123053
.38 maker-168187695-augustus-gene-0.13-mRNA-1 4237146
.29 maker-168187695-augustus-gene-0.13-mRNA-1 4040521
.14 maker-168187695-augustus-gene-0.13-mRNA-1 4236840
.06 maker-168187695-augustus-gene-0.13-mRNA-1 2267786
.04 maker-168187695-augustus-gene-0.13-mRNA-1 4236793
.69 augustus_masked-168199034-processed-gene-0.11-mRNA-1 4058321
.30 augustus_masked-168199034-processed-gene-0.11-mRNA-1 4039388
.22 maker-168383835-snap-gene-0.19-mRNA-1 930607
.93 augustus_masked-168509764-processed-gene-0.4-mRNA-1 4237071
.85 snap_masked-168518890-processed-gene-0.26-mRNA-1 4237069
.14 snap_masked-168518890-processed-gene-0.26-mRNA-1 4129052
.40 augustus_masked-168551645-processed-gene-0.0-mRNA-1 4041681
.31 augustus_masked-168551645-processed-gene-0.0-mRNA-1 4061832
.24 augustus_masked-168551645-processed-gene-0.0-mRNA-1 4132857
.25 augustus_masked-168551645-processed-gene-0.0-mRNA-1 725459
.49 snap_masked-168562297-processed-gene-0.12-mRNA-1 4237141
.61 maker-168421562-augustus-gene-0.54-mRNA-1 4237143
.11 maker-168421562-augustus-gene-0.54-mRNA-1 4237143
.84 maker-166066774-augustus-gene-0.3-mRNA-1 4236995
.15 maker-166066774-augustus-gene-0.3-mRNA-1 4048416
.21 maker-168274859-augustus-gene-0.43-mRNA-1 4050395
.27 maker-168274859-augustus-gene-0.43-mRNA-1 884214
.88 maker-168304794-augustus-gene-0.64-mRNA-1 4236947
.09 maker-168304794-augustus-gene-0.64-mRNA-1 4079047
.99 augustus_masked-168573242-processed-gene-0.12-mRNA-1 4084618
.60 augustus_masked-168573242-processed-gene-0.12-mRNA-1 4189523
.27 maker-168537663-augustus-gene-0.20-mRNA-1 1560797
.20 maker-168537663-augustus-gene-0.20-mRNA-1 4045629
.19 maker-168537663-augustus-gene-0.20-mRNA-1 4047064
.17 maker-168537663-augustus-gene-0.20-mRNA-1 4154128
.47 augustus_masked-168183031-processed-gene-0.3-mRNA-1 4058664
.11 augustus_masked-168183031-processed-gene-0.3-mRNA-1 1179652
.56 maker-168185718-snap-gene-0.58-mRNA-1 4237014
.66 maker-168378863-augustus-gene-0.65-mRNA-1 4236856
.75 augustus_masked-168407284-processed-gene-0.9-mRNA-1 4039559
.21 augustus_masked-168407284-processed-gene-0.9-mRNA-1 4097606
.19 augustus_masked-168407284-processed-gene-0.9-mRNA-1 446581
.18 augustus_masked-168407284-processed-gene-0.9-mRNA-1 2365786
.29 augustus_masked-168260079-processed-gene-0.15-mRNA-1 848752
.66 augustus_masked-168260079-processed-gene-0.15-mRNA-1 4104656
.41 augustus_masked-168302112-processed-gene-0.1-mRNA-1 4041527
.25 augustus_masked-168302112-processed-gene-0.1-mRNA-1 927374
.25 augustus_masked-168302112-processed-gene-0.1-mRNA-1 4042979
.22 augustus_masked-168302112-processed-gene-0.1-mRNA-1 4059882
.99 maker-168270376-snap-gene-0.71-mRNA-1 177636
.22 maker-168459469-snap-gene-0.101-mRNA-1 4089436
.23 maker-168459469-snap-gene-0.101-mRNA-1 4137357
.20 maker-168459469-snap-gene-0.101-mRNA-1 4040755
.21 maker-168459469-snap-gene-0.101-mRNA-1 4087043
.15 maker-168459469-snap-gene-0.101-mRNA-1 4087596
.85 maker-167800427-snap-gene-0.27-mRNA-1 4237023
.11 maker-167800427-snap-gene-0.27-mRNA-1 1177451
.10 maker-167800427-snap-gene-0.27-mRNA-1 1549394
.07 maker-167800427-snap-gene-0.27-mRNA-1 3678321
.06 maker-167800427-snap-gene-0.27-mRNA-1 1344941
.49 maker-168407861-augustus-gene-0.4-mRNA-1 4044072
.45 maker-168407861-augustus-gene-0.4-mRNA-1 4083840
.11 maker-167831340-augustus-gene-0.16-mRNA-1 1440938
.77 maker-167831340-augustus-gene-0.16-mRNA-1 4040213
.08 maker-167846079-snap-gene-0.13-mRNA-1 4045852
.65 maker-167846079-snap-gene-0.13-mRNA-1 4045808
.44 maker-168149605-augustus-gene-0.4-mRNA-1 4150673
.19 maker-168149605-augustus-gene-0.4-mRNA-1 1071184
.49 maker-168356447-snap-gene-0.143-mRNA-1 4117421
.46 maker-168356447-snap-gene-0.143-mRNA-1 1707978
.40 maker-168356447-snap-gene-0.143-mRNA-1 2075897
.64 maker-168343367-augustus-gene-0.110-mRNA-1 4237148
.76 maker-168266240-augustus-gene-0.16-mRNA-1 4040954
.23 maker-168266240-augustus-gene-0.16-mRNA-1 4130786
.74 snap_masked-167885230-processed-gene-0.42-mRNA-1 1126290
.72 snap_masked-167885230-processed-gene-0.42-mRNA-1 4046427
.72 snap_masked-167885230-processed-gene-0.42-mRNA-1 4046792
.59 snap_masked-167885230-processed-gene-0.42-mRNA-1 860949
.18 snap_masked-167885230-processed-gene-0.42-mRNA-1 4047551
.49 augustus_masked-168249747-processed-gene-0.3-mRNA-1 4183034
.20 augustus_masked-168249747-processed-gene-0.3-mRNA-1 4061156
.63 maker-168188549-snap-gene-0.40-mRNA-1 4236845
.10 maker-168188549-snap-gene-0.40-mRNA-1 4121675
.10 maker-168188549-snap-gene-0.40-mRNA-1 4134535
.71 augustus_masked-164747753-processed-gene-0.0-mRNA-1 4236880
.28 augustus_masked-164747753-processed-gene-0.0-mRNA-1 4152079
.70 maker-168415510-snap-gene-0.125-mRNA-1 1610850
.60 maker-168415510-snap-gene-0.125-mRNA-1 2546078
.07 maker-168415510-snap-gene-0.125-mRNA-1 1737335
.86 maker-168574279-augustus-gene-0.77-mRNA-1 4237131
.06 maker-168574279-augustus-gene-0.77-mRNA-1 3250086
.89 maker-168478574-snap-gene-0.24-mRNA-1 4237046
.25 maker-168465584-augustus-gene-0.24-mRNA-1 1524434
.63 maker-168465584-augustus-gene-0.24-mRNA-1 1567941
.59 augustus_masked-168557469-processed-gene-0.2-mRNA-1 4124970
.23 augustus_masked-168557469-processed-gene-0.2-mRNA-1 4185164
.20 maker-168539715-augustus-gene-0.23-mRNA-1 4236967
.18 maker-168539715-augustus-gene-0.23-mRNA-1 4060735
.16 maker-168539715-augustus-gene-0.23-mRNA-1 4080914
.14 maker-168539715-augustus-gene-0.23-mRNA-1 4085667
.66 maker-167921145-snap-gene-0.25-mRNA-2 4236965
.31 maker-167921145-snap-gene-0.25-mRNA-2 4039214
.19 maker-167921145-snap-gene-0.25-mRNA-2 4039213
.23 maker-168572153-augustus-gene-0.30-mRNA-1 4180401
.64 maker-168572153-augustus-gene-0.30-mRNA-1 4047752
.39 maker-164545528-augustus-gene-0.3-mRNA-1 4193156
.26 maker-164545528-augustus-gene-0.3-mRNA-1 4058897
.35 augustus_masked-168533198-processed-gene-0.0-mRNA-1 4038950
.64 augustus_masked-168533198-processed-gene-0.0-mRNA-1 4092241
.12 maker-168573168-augustus-gene-0.36-mRNA-1 1265058
.83 maker-168573168-augustus-gene-0.36-mRNA-1 4236945
.85 augustus_masked-168349276-processed-gene-0.3-mRNA-1 4237078
.04 augustus_masked-168349276-processed-gene-0.3-mRNA-1 1471403
.04 augustus_masked-168349276-processed-gene-0.3-mRNA-1 3938350
.04 augustus_masked-168349276-processed-gene-0.3-mRNA-1 1561981
.07 augustus_masked-168349276-processed-gene-0.3-mRNA-1 4100796
.70 maker-168200084-augustus-gene-0.33-mRNA-1 4236783
.18 maker-168200084-augustus-gene-0.33-mRNA-1 4042464
.10 maker-168200084-augustus-gene-0.33-mRNA-1 4081660
.37 snap_masked-168452979-processed-gene-0.4-mRNA-1 4236984
.26 snap_masked-168452979-processed-gene-0.4-mRNA-1 4042983
.33 maker-168566120-augustus-gene-0.23-mRNA-1 4047291
.30 maker-168566120-augustus-gene-0.23-mRNA-1 4098703
.20 maker-168566120-augustus-gene-0.23-mRNA-1 815425
.05 maker-168566120-augustus-gene-0.23-mRNA-1 4042021
.03 maker-168566120-augustus-gene-0.23-mRNA-1 4052444
.32 augustus_masked-167923861-processed-gene-0.5-mRNA-1 1237683
.45 augustus_masked-167923861-processed-gene-0.5-mRNA-1 2342967
.41 maker-168251680-augustus-gene-0.19-mRNA-1 901496
.20 maker-168251680-augustus-gene-0.19-mRNA-1 4072884
.81 maker-168569336-snap-gene-0.91-mRNA-1 4237120
.17 augustus_masked-168574555-processed-gene-0.3-mRNA-1 1991651
.81 augustus_masked-168574555-processed-gene-0.3-mRNA-1 4236891
.65 maker-167884457-augustus-gene-0.19-mRNA-1 4237124
.28 maker-167884457-augustus-gene-0.19-mRNA-1 505405
.06 maker-167884457-augustus-gene-0.19-mRNA-1 4045024
.54 maker-168561839-snap-gene-0.104-mRNA-1 4237129
.91 augustus_masked-168552895-processed-gene-0.4-mRNA-1 4042308
.38 augustus_masked-168552895-processed-gene-0.4-mRNA-1 4100108
.06 augustus_masked-168552895-processed-gene-0.4-mRNA-1 876806
.59 maker-168577267-snap-gene-0.43-mRNA-1 4236971
.22 maker-168577267-snap-gene-0.43-mRNA-1 286138
.14 maker-168577267-snap-gene-0.43-mRNA-1 4078865
.08 maker-168577267-snap-gene-0.43-mRNA-1 286135
.08 maker-168577267-snap-gene-0.43-mRNA-1 21145
.63 maker-168028912-augustus-gene-0.14-mRNA-1 4163992
.24 maker-168028912-augustus-gene-0.14-mRNA-1 4052333
.77 maker-168245343-snap-gene-0.59-mRNA-1 4237105
.08 maker-168245343-snap-gene-0.59-mRNA-1 3095492
.26 maker-168182666-augustus-gene-0.23-mRNA-1 4089772
.40 maker-168182666-augustus-gene-0.23-mRNA-1 4086523
.24 maker-168272606-snap-gene-0.19-mRNA-1 4203075
.29 maker-168272606-snap-gene-0.19-mRNA-1 4074388
.68 augustus_masked-168306248-processed-gene-0.2-mRNA-1 4214505
.11 augustus_masked-168306248-processed-gene-0.2-mRNA-1 3624205
.82 maker-166102719-augustus-gene-0.4-mRNA-1 4237056
.99 augustus_masked-161465451-processed-gene-0.0-mRNA-1 4237102
.18 maker-168544337-snap-gene-0.64-mRNA-1 4151786
.79 maker-168446536-augustus-gene-0.75-mRNA-1 4237108
.15 maker-168446536-augustus-gene-0.75-mRNA-1 873391
.27 maker-168337298-snap-gene-0.121-mRNA-1 1151069
.69 maker-168337298-snap-gene-0.121-mRNA-1 409334
.99 genemark-168561940-processed-gene-0.2-mRNA-1 4237123
.10 maker-168183379-snap-gene-0.25-mRNA-1 4067320
.71 maker-168183379-snap-gene-0.25-mRNA-1 4117767
.62 maker-168198886-augustus-gene-0.9-mRNA-1 4173934
.26 maker-168198886-augustus-gene-0.9-mRNA-1 955137
.77 augustus_masked-168577235-processed-gene-0.0-mRNA-1 4237126
.22 augustus_masked-168577235-processed-gene-0.0-mRNA-1 4237126
.33 maker-168203955-snap-gene-0.25-mRNA-1 4236906
.21 maker-168203955-snap-gene-0.25-mRNA-1 4041109
.20 maker-168203955-snap-gene-0.25-mRNA-1 4095639
.13 maker-168203955-snap-gene-0.25-mRNA-1 4181747
.08 maker-168203955-snap-gene-0.25-mRNA-1 4144090
.29 maker-168447274-snap-gene-0.95-mRNA-1 4206552
.54 maker-168447274-snap-gene-0.95-mRNA-1 4083057
.47 augustus_masked-167843768-processed-gene-0.1-mRNA-1 4046986
.33 augustus_masked-167843768-processed-gene-0.1-mRNA-1 4046987
.45 maker-167824498-snap-gene-0.12-mRNA-1 4040251
.42 maker-167824498-snap-gene-0.12-mRNA-1 4184341
.75 maker-168285931-snap-gene-0.18-mRNA-1 4236859
.18 maker-168285931-snap-gene-0.18-mRNA-1 1887854
.49 augustus_masked-168486697-processed-gene-0.0-mRNA-1 4237055
.27 augustus_masked-168486697-processed-gene-0.0-mRNA-1 4045288
.34 augustus_masked-168486697-processed-gene-0.0-mRNA-1 4079928
.01 augustus_masked-168486697-processed-gene-0.0-mRNA-1 4116954
.45 maker-168239819-augustus-gene-0.16-mRNA-1 4043177
.15 maker-168239819-augustus-gene-0.16-mRNA-1 4183969
.86 snap_masked-166556167-processed-gene-0.2-mRNA-1 4086461
.22 maker-168280189-augustus-gene-0.27-mRNA-1 4237128
.03 maker-168280189-augustus-gene-0.27-mRNA-1 4093377
.53 genemark-162472283-processed-gene-0.0-mRNA-1 3167310
.37 genemark-162472283-processed-gene-0.0-mRNA-1 1045552
.34 maker-168371039-augustus-gene-3.86-mRNA-1 4237145
.18 maker-168371039-augustus-gene-3.86-mRNA-1 4091787
.11 maker-168371039-augustus-gene-3.86-mRNA-1 4237145
.23 genemark-168462333-processed-gene-0.1-mRNA-1 4188625
.76 genemark-168462333-processed-gene-0.1-mRNA-1 4087248
.44 maker-168569837-augustus-gene-0.22-mRNA-1 4049764
.19 maker-168569837-augustus-gene-0.22-mRNA-1 4192325
.65 maker-168496813-augustus-gene-0.17-mRNA-1 4142118
.28 maker-168496813-augustus-gene-0.17-mRNA-1 4039878
.42 augustus_masked-168496682-processed-gene-0.2-mRNA-1 4055438
.57 augustus_masked-168496682-processed-gene-0.2-mRNA-1 4162246
.58 maker-168097938-augustus-gene-0.6-mRNA-1 4236994
.35 maker-168097938-augustus-gene-0.6-mRNA-1 4099235
.68 maker-168188742-snap-gene-0.18-mRNA-1 4236960
.30 maker-168188742-snap-gene-0.18-mRNA-1 1590509
.47 augustus_masked-167064211-processed-gene-0.0-mRNA-1 4096396
.20 augustus_masked-167064211-processed-gene-0.0-mRNA-1 4155608
.55 augustus_masked-161912890-processed-gene-0.1-mRNA-1 4108825
.44 augustus_masked-161912890-processed-gene-0.1-mRNA-1 2081594
.33 augustus_masked-168263747-processed-gene-0.6-mRNA-1 4092552
.23 augustus_masked-168263747-processed-gene-0.6-mRNA-1 4141124
.22 augustus_masked-168263747-processed-gene-0.6-mRNA-1 4100523
.23 augustus_masked-168263747-processed-gene-0.6-mRNA-1 1149796
.07 augustus_masked-168263747-processed-gene-0.6-mRNA-1 4100522
.28 genemark-168568391-processed-gene-0.36-mRNA-1 4081220
.20 genemark-168568391-processed-gene-0.36-mRNA-1 4225647
.26 genemark-168502275-processed-gene-0.3-mRNA-1 1048575
.19 genemark-168502275-processed-gene-0.3-mRNA-1 4046644
.83 augustus_masked-168249694-processed-gene-0.8-mRNA-1 4103728
.06 augustus_masked-168249694-processed-gene-0.8-mRNA-1 1543739
.06 augustus_masked-168249694-processed-gene-0.8-mRNA-1 3651851
.05 augustus_masked-168249694-processed-gene-0.8-mRNA-1 4062189
.05 augustus_masked-168249694-processed-gene-0.8-mRNA-1 1376748
.45 maker-168564204-augustus-gene-0.29-mRNA-1 4237062
.56 maker-168330708-augustus-gene-0.7-mRNA-1 4237137
.43 maker-168330708-augustus-gene-0.7-mRNA-1 4237137
