.76 maker-167900252-snap-gene-0.18-mRNA-1 2084161
.06 maker-167900252-snap-gene-0.18-mRNA-1 473041
.06 maker-167900252-snap-gene-0.18-mRNA-1 694391
.23 maker-168196590-augustus-gene-0.23-mRNA-1 26823
.76 maker-168196590-augustus-gene-0.23-mRNA-1 2084175
.71 maker-168536470-augustus-gene-0.27-mRNA-1 1973843
.17 maker-168536470-augustus-gene-0.27-mRNA-1 1971701
.67 maker-168454354-snap-gene-0.19-mRNA-1 1986245
.22 maker-168454354-snap-gene-0.19-mRNA-1 743944
.18 maker-168454354-snap-gene-0.19-mRNA-1 2022295
.33 augustus_masked-168183416-processed-gene-0.7-mRNA-1 631438
.66 augustus_masked-168183416-processed-gene-0.7-mRNA-1 2084094
.29 maker-168558918-snap-gene-0.58-mRNA-1 2012349
.04 maker-168558918-snap-gene-0.58-mRNA-1 1988513
.16 maker-168071173-snap-gene-0.25-mRNA-1 1979250
.16 maker-168071173-snap-gene-0.25-mRNA-1 867861
.37 maker-168536713-augustus-gene-0.77-mRNA-1 2083908
.21 maker-168536713-augustus-gene-0.77-mRNA-1 1986443
.13 maker-168536713-augustus-gene-0.77-mRNA-1 549522
.71 maker-168576960-snap-gene-0.16-mRNA-1 2084129
.17 maker-168576960-snap-gene-0.16-mRNA-1 1943515
.78 maker-168448619-augustus-gene-0.19-mRNA-1 1971157
.14 maker-168448619-augustus-gene-0.19-mRNA-1 399536
.26 maker-168509550-augustus-gene-0.13-mRNA-1 1973897
.17 maker-168509550-augustus-gene-0.13-mRNA-1 719202
.38 maker-164678396-augustus-gene-0.3-mRNA-1 1771635
.39 maker-164678396-augustus-gene-0.3-mRNA-1 1579411
.25 maker-168429677-augustus-gene-0.99-mRNA-1 1981428
.13 maker-168429677-augustus-gene-0.99-mRNA-1 1990691
.11 maker-168429677-augustus-gene-0.99-mRNA-1 2017217
.41 augustus_masked-168371449-processed-gene-0.0-mRNA-1 2081468
.16 augustus_masked-168371449-processed-gene-0.0-mRNA-1 2010787
.27 maker-168286421-augustus-gene-0.46-mRNA-1 1974273
.58 maker-168286421-augustus-gene-0.46-mRNA-1 2083894
.17 maker-168071173-snap-gene-0.26-mRNA-1 1115251
.76 maker-168071173-snap-gene-0.26-mRNA-1 2003132
.99 augustus_masked-168258495-processed-gene-0.5-mRNA-1 2084133
.22 maker-168409137-augustus-gene-0.5-mRNA-3 2020087
.26 maker-168409137-augustus-gene-0.5-mRNA-3 2044138
.57 maker-166600736-snap-gene-0.4-mRNA-1 1972594
.22 maker-166600736-snap-gene-0.4-mRNA-1 2002700
.18 maker-166600736-snap-gene-0.4-mRNA-1 643918
.54 maker-168188596-augustus-gene-0.31-mRNA-1 1308650
.42 maker-168188596-augustus-gene-0.31-mRNA-1 1905797
.99 maker-168235413-augustus-gene-0.6-mRNA-1 2084072
.10 maker-168332971-augustus-gene-0.47-mRNA-1 913848
.89 maker-168332971-augustus-gene-0.47-mRNA-1 2083993
.24 maker-161767142-snap-gene-0.3-mRNA-1 2006500
.60 maker-161767142-snap-gene-0.3-mRNA-1 1978354
.74 maker-168561165-snap-gene-0.81-mRNA-1 2084188
.25 maker-168561165-snap-gene-0.81-mRNA-1 1031943
.13 snap_masked-158985397-processed-gene-0.2-mRNA-1 509192
.76 snap_masked-158985397-processed-gene-0.2-mRNA-1 2084047
.24 augustus_masked-166336943-processed-gene-0.1-mRNA-1 1979993
.40 augustus_masked-166336943-processed-gene-0.1-mRNA-1 2077265
.98 genemark-168348020-processed-gene-0.33-mRNA-1 2084200
.49 maker-167827970-augustus-gene-0.40-mRNA-1 2084178
.17 maker-167827970-augustus-gene-0.40-mRNA-1 1990689
.49 maker-168303944-snap-gene-0.63-mRNA-1 2083971
.05 maker-168244948-augustus-gene-0.35-mRNA-2 1972746
.55 maker-168244948-augustus-gene-0.35-mRNA-2 1971271
.99 snap_masked-168573438-processed-gene-0.45-mRNA-1 2084038
.38 maker-158274504-augustus-gene-0.2-mRNA-1 1978974
.61 maker-158274504-augustus-gene-0.2-mRNA-1 1989828
.25 maker-168185089-augustus-gene-0.14-mRNA-3 1970870
.18 maker-168185089-augustus-gene-0.14-mRNA-3 440621
.15 maker-168185089-augustus-gene-0.14-mRNA-3 2084098
.77 maker-168183075-snap-gene-0.52-mRNA-1 2001984
.62 maker-168183075-snap-gene-0.52-mRNA-1 450997
.51 maker-168183075-snap-gene-0.52-mRNA-1 1983682
.23 maker-168183075-snap-gene-0.52-mRNA-1 1976179
.23 maker-168183075-snap-gene-0.52-mRNA-1 1085671
.22 augustus_masked-168174988-processed-gene-0.0-mRNA-1 1994212
.42 augustus_masked-168174988-processed-gene-0.0-mRNA-1 2083923
.40 maker-168577580-snap-gene-0.22-mRNA-1 456959
.32 maker-168577580-snap-gene-0.22-mRNA-1 703955
.36 maker-168577580-snap-gene-0.22-mRNA-1 2033071
.25 maker-168577580-snap-gene-0.22-mRNA-1 1431226
.58 genemark-168508162-processed-gene-0.9-mRNA-1 1976753
.27 genemark-168508162-processed-gene-0.9-mRNA-1 1990247
.99 maker-165187592-augustus-gene-0.3-mRNA-1 2084099
.83 maker-168257240-snap-gene-0.57-mRNA-1 1985410
.16 maker-168257240-snap-gene-0.57-mRNA-1 1981223
.12 augustus_masked-168187504-processed-gene-0.2-mRNA-1 2038955
.79 augustus_masked-168187504-processed-gene-0.2-mRNA-1 2084193
.27 augustus_masked-167236155-processed-gene-0.0-mRNA-1 1977167
.35 augustus_masked-167236155-processed-gene-0.0-mRNA-1 2084148
.65 genemark-167986691-processed-gene-0.1-mRNA-1 1986825
.34 genemark-167986691-processed-gene-0.1-mRNA-1 2004789
.32 maker-168446001-augustus-gene-0.11-mRNA-1 1995476
.28 maker-168446001-augustus-gene-0.11-mRNA-1 2005613
.19 maker-168446001-augustus-gene-0.11-mRNA-1 1976781
.18 maker-168446001-augustus-gene-0.11-mRNA-1 602137
.12 maker-168446001-augustus-gene-0.11-mRNA-1 2083463
.82 augustus_masked-168400519-processed-gene-0.6-mRNA-1 2084058
.15 augustus_masked-168400519-processed-gene-0.6-mRNA-1 2007456
.46 augustus_masked-165120295-processed-gene-0.0-mRNA-1 2084185
.27 augustus_masked-168235624-processed-gene-0.0-mRNA-1 1784984
.55 augustus_masked-168235624-processed-gene-0.0-mRNA-1 888507
.16 maker-163080181-snap-gene-0.4-mRNA-1 621912
.68 maker-163080181-snap-gene-0.4-mRNA-1 2083972
.33 augustus_masked-168374722-processed-gene-0.4-mRNA-1 2009004
.66 augustus_masked-168374722-processed-gene-0.4-mRNA-1 2015495
.79 snap_masked-168217950-processed-gene-0.34-mRNA-1 1973919
.18 snap_masked-168217950-processed-gene-0.34-mRNA-1 584868
.21 augustus_masked-168492452-processed-gene-0.5-mRNA-1 598621
.21 augustus_masked-168492452-processed-gene-0.5-mRNA-1 1985638
.46 maker-167166811-augustus-gene-0.7-mRNA-1 2084157
.15 maker-167166811-augustus-gene-0.7-mRNA-1 215670
.16 snap_masked-166888811-processed-gene-0.4-mRNA-1 451806
.83 snap_masked-166888811-processed-gene-0.4-mRNA-1 1975705
.80 maker-165892324-augustus-gene-0.3-mRNA-1 1985938
.19 maker-165892324-augustus-gene-0.3-mRNA-1 604099
.60 maker-167807770-augustus-gene-0.11-mRNA-1 2005952
.19 maker-167807770-augustus-gene-0.11-mRNA-1 1197943
.71 snap_masked-162303516-processed-gene-0.1-mRNA-1 2019240
.27 snap_masked-162303516-processed-gene-0.1-mRNA-1 2057795
.21 maker-168186079-augustus-gene-0.6-mRNA-1 1971643
.42 maker-168186079-augustus-gene-0.6-mRNA-1 2084059
.51 maker-168417108-snap-gene-0.16-mRNA-1 2084071
.35 maker-168417108-snap-gene-0.16-mRNA-1 1980158
.77 maker-163847467-augustus-gene-0.2-mRNA-1 1983695
.53 maker-163847467-augustus-gene-0.2-mRNA-1 206745
.49 maker-163847467-augustus-gene-0.2-mRNA-1 2026148
.27 maker-163847467-augustus-gene-0.2-mRNA-1 378714
.54 maker-162365180-snap-gene-0.5-mRNA-1 1975391
.23 maker-162365180-snap-gene-0.5-mRNA-1 1334450
.52 augustus_masked-163922042-processed-gene-0.0-mRNA-1 1983866
.39 augustus_masked-163922042-processed-gene-0.0-mRNA-1 1972271
.39 augustus_masked-163922042-processed-gene-0.0-mRNA-1 1987803
.28 augustus_masked-163922042-processed-gene-0.0-mRNA-1 2013366
0 augustus_masked-168399112-processed-gene-0.2-mRNA-1 1988060
.52 maker-168381976-snap-gene-0.30-mRNA-1 1972548
.16 maker-168381976-snap-gene-0.30-mRNA-1 1987284
.16 maker-168381976-snap-gene-0.30-mRNA-1 2007205
.05 maker-168381976-snap-gene-0.30-mRNA-1 1977087
.37 maker-168221362-snap-gene-0.7-mRNA-1 1979511
.30 maker-168221362-snap-gene-0.7-mRNA-1 48573
.30 maker-168221362-snap-gene-0.7-mRNA-1 2000446
.30 maker-168221362-snap-gene-0.7-mRNA-1 1979510
.90 augustus_masked-168260991-processed-gene-0.1-mRNA-1 2083945
.09 augustus_masked-168260991-processed-gene-0.1-mRNA-1 2024417
.01 augustus_masked-168260991-processed-gene-0.1-mRNA-1 1345974
.01 augustus_masked-168260991-processed-gene-0.1-mRNA-1 1381702
.01 augustus_masked-168260991-processed-gene-0.1-mRNA-1 1415800
.37 genemark-168479921-processed-gene-0.48-mRNA-1 1671508
.43 genemark-168479921-processed-gene-0.48-mRNA-1 1124503
.25 augustus_masked-168060398-processed-gene-0.15-mRNA-1 1976593
.62 augustus_masked-168060398-processed-gene-0.15-mRNA-1 1979388
.20 maker-168577117-augustus-gene-0.37-mRNA-1 2043805
.66 maker-168577117-augustus-gene-0.37-mRNA-1 1991609
.22 maker-168186755-snap-gene-0.28-mRNA-1 1977733
.14 maker-168186755-snap-gene-0.28-mRNA-1 1984822
.46 maker-168439323-snap-gene-0.25-mRNA-1 1972430
.32 maker-168439323-snap-gene-0.25-mRNA-1 320827
.19 maker-168439323-snap-gene-0.25-mRNA-1 1985377
.38 maker-168510568-snap-gene-0.25-mRNA-1 2084123
.05 maker-168510568-snap-gene-0.25-mRNA-1 2061017
.73 maker-168388679-snap-gene-0.68-mRNA-1 1972848
.34 maker-168542452-snap-gene-1.85-mRNA-1 2084115
.09 maker-168542452-snap-gene-1.85-mRNA-1 39419
.77 maker-166463013-snap-gene-0.4-mRNA-1 2084166
.18 maker-166463013-snap-gene-0.4-mRNA-1 2012189
.84 maker-168561168-snap-gene-0.36-mRNA-1 2083966
.63 maker-168558381-augustus-gene-0.76-mRNA-1 2083859
.20 maker-168558381-augustus-gene-0.76-mRNA-1 314444
.35 augustus_masked-168562641-processed-gene-0.0-mRNA-1 2004066
.25 augustus_masked-168562641-processed-gene-0.0-mRNA-1 1974553
.99 maker-168568361-augustus-gene-0.53-mRNA-1 2084195
.45 augustus_masked-163747011-processed-gene-0.0-mRNA-1 1987467
.53 augustus_masked-163747011-processed-gene-0.0-mRNA-1 1990738
.38 augustus_masked-163949268-processed-gene-0.0-mRNA-1 2006342
.25 augustus_masked-163949268-processed-gene-0.0-mRNA-1 1985623
.23 augustus_masked-163949268-processed-gene-0.0-mRNA-1 2006992
.87 maker-168337454-snap-gene-0.100-mRNA-1 220583
.74 maker-168519242-augustus-gene-0.33-mRNA-1 2084018
.25 maker-168519242-augustus-gene-0.33-mRNA-1 1972598
.56 augustus_masked-163912774-processed-gene-0.0-mRNA-1 1974051
.37 augustus_masked-163912774-processed-gene-0.0-mRNA-1 2054835
.76 maker-168471017-snap-gene-0.27-mRNA-1 2084199
.08 maker-168471017-snap-gene-0.27-mRNA-1 853111
.25 maker-168473591-augustus-gene-0.86-mRNA-1 695752
.26 maker-168473591-augustus-gene-0.86-mRNA-1 1998045
.59 augustus_masked-168244668-processed-gene-0.7-mRNA-1 1981697
.21 augustus_masked-168244668-processed-gene-0.7-mRNA-1 2007357
.32 maker-168559632-snap-gene-0.24-mRNA-3 1977542
.19 maker-168559632-snap-gene-0.24-mRNA-3 585875
.12 maker-168559632-snap-gene-0.24-mRNA-3 2027049
.06 maker-168559632-snap-gene-0.24-mRNA-3 1976834
.35 maker-168561329-augustus-gene-0.75-mRNA-1 2084198
.21 maker-168561329-augustus-gene-0.75-mRNA-1 2084198
.87 augustus_masked-167976131-processed-gene-0.0-mRNA-1 542954
.12 augustus_masked-167976131-processed-gene-0.0-mRNA-1 1551944
.52 maker-168529554-augustus-gene-0.26-mRNA-1 2084008
.35 maker-168529554-augustus-gene-0.26-mRNA-1 486391
.06 maker-168529554-augustus-gene-0.26-mRNA-1 2012352
.06 maker-168529554-augustus-gene-0.26-mRNA-1 237619
.33 augustus_masked-163039900-processed-gene-0.0-mRNA-1 2002495
.20 augustus_masked-163039900-processed-gene-0.0-mRNA-1 1317392
.86 maker-168135841-augustus-gene-0.7-mRNA-1 2084025
.13 maker-168135841-augustus-gene-0.7-mRNA-1 501364
.99 maker-164070574-augustus-gene-0.2-mRNA-1 765327
.98 maker-164070574-augustus-gene-0.2-mRNA-1 1971007
.88 maker-164070574-augustus-gene-0.2-mRNA-1 350630
.77 maker-164070574-augustus-gene-0.2-mRNA-1 935106
.77 maker-164070574-augustus-gene-0.2-mRNA-1 2058292
.43 maker-167880810-snap-gene-0.19-mRNA-1 1973815
.19 maker-167880810-snap-gene-0.19-mRNA-1 507204
.16 maker-167880810-snap-gene-0.19-mRNA-1 263741
.70 maker-168233418-augustus-gene-0.156-mRNA-1 2084146
.44 maker-167168600-augustus-gene-0.3-mRNA-1 2084164
.37 maker-167168600-augustus-gene-0.3-mRNA-1 1971114
.37 maker-168500211-snap-gene-1.85-mRNA-1 2043796
.38 maker-168500211-snap-gene-1.85-mRNA-1 1974729
.53 maker-168197815-augustus-gene-0.8-mRNA-1 2036581
.12 maker-168197815-augustus-gene-0.8-mRNA-1 2078553
.40 snap_masked-162700684-processed-gene-0.1-mRNA-1 2084000
.59 snap_masked-162700684-processed-gene-0.1-mRNA-1 1971915
.85 snap_masked-168547110-processed-gene-0.47-mRNA-1 1971595
.38 augustus_masked-168226445-processed-gene-0.5-mRNA-1 459324
.15 augustus_masked-168226445-processed-gene-0.5-mRNA-1 1973275
.33 maker-168515011-snap-gene-0.19-mRNA-1 1987138
.28 maker-168515011-snap-gene-0.19-mRNA-1 2012915
.27 maker-168515011-snap-gene-0.19-mRNA-1 2010331
.16 maker-168515011-snap-gene-0.19-mRNA-1 1994930
.14 maker-168515011-snap-gene-0.19-mRNA-1 2034129
.45 maker-159540286-augustus-gene-0.3-mRNA-1 2028367
.30 maker-159540286-augustus-gene-0.3-mRNA-1 1990423
.17 maker-168229388-snap-gene-0.13-mRNA-1 1990963
.80 maker-168229388-snap-gene-0.13-mRNA-1 2084196
.55 maker-168465650-snap-gene-0.45-mRNA-1 2083950
.68 maker-168574353-snap-gene-0.46-mRNA-1 1971032
.22 maker-168574353-snap-gene-0.46-mRNA-1 2014044
.11 augustus_masked-168251063-processed-gene-2.61-mRNA-1 1982367
.88 augustus_masked-168251063-processed-gene-2.61-mRNA-1 2084177
.73 maker-168555804-augustus-gene-0.23-mRNA-1 2084159
.22 maker-168555804-augustus-gene-0.23-mRNA-1 2000547
.03 maker-168321879-augustus-gene-0.12-mRNA-1 300605
.93 maker-168321879-augustus-gene-0.12-mRNA-1 2084013
.52 maker-162157327-snap-gene-0.4-mRNA-1 2011863
.34 maker-162157327-snap-gene-0.4-mRNA-1 118328
.31 maker-162157327-snap-gene-0.4-mRNA-1 2066415
.30 maker-162157327-snap-gene-0.4-mRNA-1 569868
.27 maker-162157327-snap-gene-0.4-mRNA-1 1972763
.99 genemark-168467578-processed-gene-0.18-mRNA-1 2084165
.44 augustus_masked-167854562-processed-gene-0.4-mRNA-1 1980894
.33 augustus_masked-167854562-processed-gene-0.4-mRNA-1 2045863
.71 maker-168513142-snap-gene-0.15-mRNA-1 2084197
.28 maker-168513142-snap-gene-0.15-mRNA-1 1998536
.43 maker-168156654-snap-gene-0.5-mRNA-1 1972725
.40 maker-168156654-snap-gene-0.5-mRNA-1 2083951
.29 maker-168156654-snap-gene-0.5-mRNA-1 2021370
.30 maker-168156654-snap-gene-0.5-mRNA-1 1993513
.21 maker-168156654-snap-gene-0.5-mRNA-1 1064628
.42 augustus_masked-161494145-processed-gene-0.2-mRNA-1 2002948
.35 augustus_masked-161494145-processed-gene-0.2-mRNA-1 2017909
.78 maker-168331534-augustus-gene-0.22-mRNA-1 2084081
.86 maker-168326283-snap-gene-0.12-mRNA-2 2084179
.77 augustus_masked-167795672-processed-gene-0.2-mRNA-1 2084054
.22 augustus_masked-167795672-processed-gene-0.2-mRNA-1 2007511
.75 maker-168448377-augustus-gene-0.14-mRNA-1 2084189
.06 maker-168448377-augustus-gene-0.14-mRNA-1 1989407
.01 maker-168448377-augustus-gene-0.14-mRNA-1 483706
.35 maker-166477544-augustus-gene-0.3-mRNA-1 1996706
.62 maker-166477544-augustus-gene-0.3-mRNA-1 1974830
.58 maker-164459445-snap-gene-0.3-mRNA-1 2030102
.41 maker-164459445-snap-gene-0.3-mRNA-1 1973726
.57 maker-167869468-augustus-gene-0.20-mRNA-1 2084045
.20 maker-167869468-augustus-gene-0.20-mRNA-1 848314
.25 snap_masked-168240424-processed-gene-0.8-mRNA-1 1972644
.74 snap_masked-168240424-processed-gene-0.8-mRNA-1 1986488
.99 maker-167794345-snap-gene-0.12-mRNA-1 2084208
.17 maker-168533921-snap-gene-0.40-mRNA-2 1073317
.79 maker-168533921-snap-gene-0.40-mRNA-2 2083984
.41 augustus_masked-167812752-processed-gene-0.1-mRNA-1 2084049
.20 augustus_masked-167812752-processed-gene-0.1-mRNA-1 415764
.43 maker-168420642-augustus-gene-0.12-mRNA-1 1981257
.31 maker-168420642-augustus-gene-0.12-mRNA-1 602251
.71 maker-168577405-augustus-gene-0.88-mRNA-1 2084181
.18 maker-168577405-augustus-gene-0.88-mRNA-1 2053124
.79 augustus_masked-168191896-processed-gene-0.2-mRNA-1 2084141
.12 augustus_masked-168191896-processed-gene-0.2-mRNA-1 1972527
.60 maker-168415125-augustus-gene-0.14-mRNA-1 1973563
.18 maker-168415125-augustus-gene-0.14-mRNA-1 1978063
.47 snap_masked-168577240-processed-gene-0.41-mRNA-1 1974929
.03 snap_masked-168577240-processed-gene-0.41-mRNA-1 1973802
.51 maker-168324215-snap-gene-0.51-mRNA-1 1993807
.27 maker-168324215-snap-gene-0.51-mRNA-1 2084075
.24 augustus_masked-168302537-processed-gene-0.2-mRNA-1 1976436
.74 augustus_masked-168302537-processed-gene-0.2-mRNA-1 1972312
.48 maker-168186104-snap-gene-0.12-mRNA-1 2084089
.46 maker-168186104-snap-gene-0.12-mRNA-1 2084089
.41 augustus_masked-168331075-processed-gene-0.7-mRNA-1 2046358
.33 augustus_masked-168331075-processed-gene-0.7-mRNA-1 1987130
.33 maker-168191714-snap-gene-0.65-mRNA-1 1983789
.19 maker-168191714-snap-gene-0.65-mRNA-1 1994603
.19 maker-168191714-snap-gene-0.65-mRNA-1 411729
.10 maker-168191714-snap-gene-0.65-mRNA-1 2084207
.58 augustus_masked-168234727-processed-gene-0.9-mRNA-1 1981511
.55 augustus_masked-168234727-processed-gene-0.9-mRNA-1 1999049
.20 augustus_masked-168234727-processed-gene-0.9-mRNA-1 1008248
.69 maker-168525057-snap-gene-0.37-mRNA-1 2084028
.40 augustus_masked-168486763-processed-gene-0.3-mRNA-1 1981067
.59 augustus_masked-168486763-processed-gene-0.3-mRNA-1 1972531
.17 maker-168436858-snap-gene-0.6-mRNA-1 848755
.71 maker-168436858-snap-gene-0.6-mRNA-1 1980406
.38 maker-168184263-augustus-gene-0.6-mRNA-1 1974353
.19 maker-168184263-augustus-gene-0.6-mRNA-1 1982656
.18 maker-168184263-augustus-gene-0.6-mRNA-1 2009695
.28 maker-168513473-augustus-gene-0.5-mRNA-1 1986580
.58 maker-168513473-augustus-gene-0.5-mRNA-1 1974584
.79 maker-165889842-augustus-gene-0.7-mRNA-1 1980710
.16 maker-165889842-augustus-gene-0.7-mRNA-1 2013598
.90 maker-168496630-snap-gene-0.109-mRNA-1 2083953
.06 maker-168496630-snap-gene-0.109-mRNA-1 976053
.14 maker-168547937-augustus-gene-0.37-mRNA-1 2059287
.82 maker-168547937-augustus-gene-0.37-mRNA-1 2084206
.62 augustus_masked-168274984-processed-gene-0.0-mRNA-1 1980667
.37 augustus_masked-168274984-processed-gene-0.0-mRNA-1 447029
.18 augustus_masked-168544925-processed-gene-0.0-mRNA-1 1997632
.19 augustus_masked-168544925-processed-gene-0.0-mRNA-1 1977754
.24 augustus_masked-168544925-processed-gene-0.0-mRNA-1 2084204
.02 augustus_masked-168544925-processed-gene-0.0-mRNA-1 1977152
.13 maker-168545579-snap-gene-0.16-mRNA-1 1982726
.24 maker-168545579-snap-gene-0.16-mRNA-1 2010437
.99 maker-168239895-augustus-gene-0.50-mRNA-1 2084204
.24 maker-168239895-augustus-gene-0.50-mRNA-1 2084204
.24 augustus_masked-165950810-processed-gene-0.1-mRNA-1 1994141
.45 augustus_masked-165950810-processed-gene-0.1-mRNA-1 2019395
.27 maker-168482134-snap-gene-0.60-mRNA-1 1986155
.45 maker-168482134-snap-gene-0.60-mRNA-1 68166
.81 augustus_masked-168414897-processed-gene-0.2-mRNA-1 1076678
.77 augustus_masked-168414897-processed-gene-0.2-mRNA-1 1016317
.74 augustus_masked-168414897-processed-gene-0.2-mRNA-1 618527
.78 augustus_masked-168414897-processed-gene-0.2-mRNA-1 782748
.72 augustus_masked-168414897-processed-gene-0.2-mRNA-1 804101
.56 augustus_masked-165783827-processed-gene-0.1-mRNA-1 1970947
.45 augustus_masked-165783827-processed-gene-0.1-mRNA-1 1987335
.33 augustus_masked-165783827-processed-gene-0.1-mRNA-1 1980118
.27 augustus_masked-165783827-processed-gene-0.1-mRNA-1 19980
.24 augustus_masked-165783827-processed-gene-0.1-mRNA-1 635980
.23 maker-168564826-snap-gene-0.32-mRNA-1 1977316
.71 maker-168564826-snap-gene-0.32-mRNA-1 2084183
.83 maker-168188868-snap-gene-0.13-mRNA-1 2084174
.07 maker-168188868-snap-gene-0.13-mRNA-1 2004644
.59 augustus_masked-166914911-processed-gene-0.0-mRNA-1 2084205
.19 augustus_masked-166914911-processed-gene-0.0-mRNA-1 1990712
.55 augustus_masked-168570978-processed-gene-0.13-mRNA-1 1972204
.24 augustus_masked-168570978-processed-gene-0.13-mRNA-1 120920
.18 maker-165858805-augustus-gene-0.3-mRNA-1 1975254
.71 maker-165858805-augustus-gene-0.3-mRNA-1 1990199
.34 maker-168185570-augustus-gene-0.15-mRNA-1 1995764
.24 maker-168185570-augustus-gene-0.15-mRNA-1 825919
.22 maker-168185570-augustus-gene-0.15-mRNA-1 654815
.19 maker-168185570-augustus-gene-0.15-mRNA-1 623856
.38 maker-167979663-augustus-gene-0.14-mRNA-1 2004734
.19 maker-167979663-augustus-gene-0.14-mRNA-1 2004177
.19 maker-167979663-augustus-gene-0.14-mRNA-1 933915
.08 maker-167979663-augustus-gene-0.14-mRNA-1 1999029
.15 augustus_masked-168577511-processed-gene-0.1-mRNA-1 2049164
.58 augustus_masked-168577511-processed-gene-0.1-mRNA-1 1980662
.23 maker-163276289-augustus-gene-0.3-mRNA-1 897793
.41 maker-163276289-augustus-gene-0.3-mRNA-1 2084121
.29 maker-168554500-snap-gene-0.42-mRNA-1 1996501
.27 maker-168554500-snap-gene-0.42-mRNA-1 1972836
.11 maker-168554500-snap-gene-0.42-mRNA-1 2052837
.01 maker-168554500-snap-gene-0.42-mRNA-1 1992874
.56 snap_masked-168569643-processed-gene-0.50-mRNA-1 1977494
.43 snap_masked-168569643-processed-gene-0.50-mRNA-1 1986379
.81 maker-168487098-snap-gene-1.60-mRNA-1 2084191
.32 augustus_masked-162770361-processed-gene-0.0-mRNA-1 170639
.51 augustus_masked-162770361-processed-gene-0.0-mRNA-1 2001561
.66 augustus_masked-168566215-processed-gene-0.9-mRNA-1 211801
.85 maker-168342535-augustus-gene-0.16-mRNA-1 1971190
.14 maker-168342535-augustus-gene-0.16-mRNA-1 274630
.22 maker-168187395-augustus-gene-0.18-mRNA-1 2057584
.22 maker-168187395-augustus-gene-0.18-mRNA-1 1983955
.59 maker-166219764-augustus-gene-0.6-mRNA-2 1988856
.26 maker-166219764-augustus-gene-0.6-mRNA-2 2009337
.58 maker-166219764-augustus-gene-0.6-mRNA-1 1988856
.27 maker-166219764-augustus-gene-0.6-mRNA-1 2009337
.12 augustus_masked-168449128-processed-gene-0.13-mRNA-1 441269
.09 augustus_masked-168449128-processed-gene-0.13-mRNA-1 2044612
.08 augustus_masked-168449128-processed-gene-0.13-mRNA-1 405353
.02 augustus_masked-168449128-processed-gene-0.13-mRNA-1 2084032
.01 augustus_masked-168449128-processed-gene-0.13-mRNA-1 2084032
.44 maker-168520917-augustus-gene-0.31-mRNA-1 1988041
.18 maker-168520917-augustus-gene-0.31-mRNA-1 2011834
.45 maker-166750857-snap-gene-0.4-mRNA-1 597107
.53 maker-166750857-snap-gene-0.4-mRNA-1 1988509
.03 maker-168577367-snap-gene-0.23-mRNA-1 1994421
.63 maker-168577367-snap-gene-0.23-mRNA-1 2008528
.89 maker-168185386-augustus-gene-0.17-mRNA-1 2084209
.42 maker-168544698-augustus-gene-0.25-mRNA-1 2083999
.16 maker-168544698-augustus-gene-0.25-mRNA-1 2041940
.29 augustus_masked-168576513-processed-gene-0.11-mRNA-1 1982107
.66 augustus_masked-168576513-processed-gene-0.11-mRNA-1 1973673
.55 maker-166788924-augustus-gene-0.3-mRNA-1 2084026
.21 maker-166788924-augustus-gene-0.3-mRNA-1 1982952
.16 maker-166788924-augustus-gene-0.3-mRNA-1 300404
.13 maker-166788924-augustus-gene-0.3-mRNA-1 2013213
.38 maker-163730067-augustus-gene-0.3-mRNA-1 2010803
.40 maker-163730067-augustus-gene-0.3-mRNA-1 2002114
.27 maker-163730067-augustus-gene-0.3-mRNA-1 1972710
.19 maker-163730067-augustus-gene-0.3-mRNA-1 787115
.04 maker-163730067-augustus-gene-0.3-mRNA-1 240189
.29 maker-166686765-snap-gene-0.5-mRNA-1 458017
.67 maker-166686765-snap-gene-0.5-mRNA-1 1981917
.73 maker-168427633-snap-gene-0.31-mRNA-1 2084203
.09 maker-168427633-snap-gene-0.31-mRNA-1 1102472
.34 maker-168577369-augustus-gene-0.28-mRNA-1 2084176
.27 maker-168577369-augustus-gene-0.28-mRNA-1 2084176
.09 maker-168557063-augustus-gene-0.134-mRNA-1 607472
.54 maker-168557063-augustus-gene-0.134-mRNA-1 1977627
.23 maker-167915957-snap-gene-0.12-mRNA-1 1995089
.33 maker-167915957-snap-gene-0.12-mRNA-1 2084182
.14 maker-167915957-snap-gene-0.12-mRNA-1 1999685
.43 snap_masked-168186642-processed-gene-0.38-mRNA-1 1972770
.56 snap_masked-168186642-processed-gene-0.38-mRNA-1 495443
.19 maker-168230424-snap-gene-0.24-mRNA-1 557689
.71 maker-168230424-snap-gene-0.24-mRNA-1 1987103
.09 maker-168186616-snap-gene-0.28-mRNA-1 796647
.89 maker-168186616-snap-gene-0.28-mRNA-1 1976829
.60 augustus_masked-168529508-processed-gene-0.0-mRNA-1 1976726
.18 augustus_masked-168529508-processed-gene-0.0-mRNA-1 1977521
.56 maker-168560687-augustus-gene-0.76-mRNA-1 2084192
.14 maker-168560687-augustus-gene-0.76-mRNA-1 1994932
.09 maker-168560687-augustus-gene-0.76-mRNA-1 467229
.57 maker-168527807-augustus-gene-0.16-mRNA-1 2011640
.29 maker-168527807-augustus-gene-0.16-mRNA-1 1976033
.21 maker-163137976-snap-gene-0.4-mRNA-1 1979220
.63 maker-163137976-snap-gene-0.4-mRNA-1 1990146
.79 maker-168515055-augustus-gene-0.11-mRNA-1 1978995
.20 maker-168515055-augustus-gene-0.11-mRNA-1 666257
.33 genemark-168566761-processed-gene-0.17-mRNA-1 2084120
.24 genemark-168566761-processed-gene-0.17-mRNA-1 2015547
.54 augustus_masked-162579802-processed-gene-0.0-mRNA-1 1995634
.18 augustus_masked-162579802-processed-gene-0.0-mRNA-1 1545311
.18 augustus_masked-162579802-processed-gene-0.0-mRNA-1 1770180
.31 maker-167249565-augustus-gene-0.3-mRNA-1 1973123
.55 maker-167249565-augustus-gene-0.3-mRNA-1 1973124
.28 maker-164740903-augustus-gene-0.3-mRNA-1 460640
.37 maker-164740903-augustus-gene-0.3-mRNA-1 2042869
.29 augustus_masked-168533071-processed-gene-0.6-mRNA-1 2003931
.28 augustus_masked-168533071-processed-gene-0.6-mRNA-1 2033137
.11 augustus_masked-168533071-processed-gene-0.6-mRNA-1 1970916
.57 augustus_masked-165318080-processed-gene-0.0-mRNA-1 1019787
.34 maker-168428127-snap-gene-0.6-mRNA-1 2015813
.29 maker-168428127-snap-gene-0.6-mRNA-1 522682
.36 maker-168232216-augustus-gene-0.60-mRNA-1 1979741
.26 maker-168232216-augustus-gene-0.60-mRNA-1 1982775
.37 augustus_masked-167823414-processed-gene-0.6-mRNA-1 2081354
.34 augustus_masked-167823414-processed-gene-0.6-mRNA-1 2007852
.21 maker-165332935-snap-gene-0.5-mRNA-1 1336701
.19 maker-165332935-snap-gene-0.5-mRNA-1 1983964
.12 maker-165332935-snap-gene-0.5-mRNA-1 1977625
.48 augustus_masked-162020190-processed-gene-0.0-mRNA-1 1976710
.51 augustus_masked-162020190-processed-gene-0.0-mRNA-1 1984098
.19 augustus_masked-162020190-processed-gene-0.0-mRNA-1 427569
.15 augustus_masked-162020190-processed-gene-0.0-mRNA-1 20215
.17 augustus_masked-162020190-processed-gene-0.0-mRNA-1 429244
.58 genemark-167821227-processed-gene-0.6-mRNA-1 1997143
.30 genemark-167821227-processed-gene-0.6-mRNA-1 2055155
.21 genemark-167821227-processed-gene-0.6-mRNA-1 1046773
.33 maker-168473482-augustus-gene-0.24-mRNA-1 1974694
.17 maker-168473482-augustus-gene-0.24-mRNA-1 1992820
.12 maker-168473482-augustus-gene-0.24-mRNA-1 470100
.34 snap_masked-168488885-processed-gene-0.4-mRNA-1 1974484
.06 snap_masked-168488885-processed-gene-0.4-mRNA-1 89330
.05 snap_masked-168488885-processed-gene-0.4-mRNA-1 509550
.28 snap_masked-168488885-processed-gene-0.4-mRNA-1 603407
.16 snap_masked-168532811-processed-gene-0.13-mRNA-1 1976596
.83 snap_masked-168532811-processed-gene-0.13-mRNA-1 1974424
.33 maker-168284571-snap-gene-0.109-mRNA-1 2084015
.23 maker-168284571-snap-gene-0.109-mRNA-1 575022
.23 maker-168284571-snap-gene-0.109-mRNA-1 1974131
.01 maker-168284571-snap-gene-0.109-mRNA-1 1971624
.52 maker-168571622-augustus-gene-0.43-mRNA-1 2083974
.03 maker-168571622-augustus-gene-0.43-mRNA-1 168304
.37 maker-168254861-augustus-gene-0.35-mRNA-1 2084180
.23 maker-168254861-augustus-gene-0.35-mRNA-1 2084180
.52 maker-168327604-snap-gene-0.22-mRNA-1 1998774
.27 maker-168327604-snap-gene-0.22-mRNA-1 2009414
.28 maker-168327604-snap-gene-0.22-mRNA-1 638218
.83 maker-168305274-augustus-gene-0.39-mRNA-1 2083989
.19 maker-168305274-augustus-gene-0.39-mRNA-1 356164
.19 maker-168305274-augustus-gene-0.39-mRNA-1 391793
.16 maker-168305274-augustus-gene-0.39-mRNA-1 1975952
.99 augustus_masked-166582663-processed-gene-0.0-mRNA-1 2084153
.12 maker-168507613-augustus-gene-0.11-mRNA-1 1972126
.87 maker-168507613-augustus-gene-0.11-mRNA-1 2084171
.29 augustus_masked-168377306-processed-gene-0.5-mRNA-1 1974287
.10 augustus_masked-168377306-processed-gene-0.5-mRNA-1 1979724
.85 maker-167805075-snap-gene-0.60-mRNA-1 2084126
.10 maker-167805075-snap-gene-0.60-mRNA-1 1930308
.85 maker-168499295-snap-gene-0.52-mRNA-1 2084187
.81 maker-168409494-augustus-gene-0.9-mRNA-1 2084002
.11 maker-168409494-augustus-gene-0.9-mRNA-1 1990767
.37 snap_masked-168543491-processed-gene-0.29-mRNA-1 1977370
.41 snap_masked-168543491-processed-gene-0.29-mRNA-1 534662
.17 augustus_masked-168574366-processed-gene-0.0-mRNA-1 1180042
.82 augustus_masked-168574366-processed-gene-0.0-mRNA-1 1975918
.49 genemark-168262150-processed-gene-0.27-mRNA-1 1993516
.25 genemark-168262150-processed-gene-0.27-mRNA-1 746990
.16 genemark-168262150-processed-gene-0.27-mRNA-1 988995
.48 maker-165810553-augustus-gene-0.1-mRNA-1 1726905
.10 maker-165810553-augustus-gene-0.1-mRNA-1 2050131
.06 maker-165810553-augustus-gene-0.1-mRNA-1 1228840
.07 maker-165810553-augustus-gene-0.1-mRNA-1 1489392
.45 maker-167877492-snap-gene-0.15-mRNA-1 2084201
.49 maker-167877492-snap-gene-0.15-mRNA-1 2084201
.48 snap_masked-168291772-processed-gene-0.4-mRNA-1 1999206
.40 snap_masked-168291772-processed-gene-0.4-mRNA-1 507823
.44 augustus_masked-168001069-processed-gene-0.6-mRNA-1 357120
.55 augustus_masked-168001069-processed-gene-0.6-mRNA-1 2028074
.54 genemark-168304985-processed-gene-0.19-mRNA-1 2083980
.28 genemark-168304985-processed-gene-0.19-mRNA-1 1995618
.61 maker-167999838-augustus-gene-0.40-mRNA-1 2084202
.16 maker-167999838-augustus-gene-0.40-mRNA-1 2053551
.25 augustus_masked-168573920-processed-gene-0.12-mRNA-1 1977222
.54 augustus_masked-168573920-processed-gene-0.12-mRNA-1 2023714
.19 augustus_masked-168439791-processed-gene-0.16-mRNA-1 375339
.12 augustus_masked-168439791-processed-gene-0.16-mRNA-1 799912
.85 augustus_masked-168575520-processed-gene-0.9-mRNA-1 2084083
.12 augustus_masked-168575520-processed-gene-0.9-mRNA-1 2084083
.20 augustus_masked-166562382-processed-gene-0.0-mRNA-1 358134
.67 augustus_masked-166562382-processed-gene-0.0-mRNA-1 1972960
.05 augustus_masked-167863336-processed-gene-0.0-mRNA-1 1974352
.92 augustus_masked-167863336-processed-gene-0.0-mRNA-1 1973238
.05 maker-167962708-snap-gene-0.18-mRNA-1 1996259
.94 maker-167962708-snap-gene-0.18-mRNA-1 2084011
.42 snap_masked-168455340-processed-gene-0.19-mRNA-1 1997619
.57 snap_masked-168455340-processed-gene-0.19-mRNA-1 2083985
.71 maker-168496243-augustus-gene-0.17-mRNA-1 2084184
.20 maker-168496243-augustus-gene-0.17-mRNA-1 1978837
.08 maker-168577105-augustus-gene-0.51-mRNA-1 734487
.86 maker-168577105-augustus-gene-0.51-mRNA-1 2084051
.90 augustus_masked-168310357-processed-gene-0.1-mRNA-1 2083893
.09 augustus_masked-168310357-processed-gene-0.1-mRNA-1 2026391
.99 maker-160648378-augustus-gene-0.5-mRNA-1 2084154
.32 maker-168189255-augustus-gene-0.88-mRNA-1 2084194
.27 maker-168189255-augustus-gene-0.88-mRNA-1 2084194
.22 maker-168189255-augustus-gene-0.88-mRNA-1 2051307
.73 augustus_masked-168564398-processed-gene-3.0-mRNA-1 2083959
.38 maker-168573412-augustus-gene-0.7-mRNA-1 1986109
.31 maker-168573412-augustus-gene-0.7-mRNA-1 324267
.37 maker-168454772-augustus-gene-0.50-mRNA-1 1981425
.33 maker-168454772-augustus-gene-0.50-mRNA-1 1980952
.12 maker-168454772-augustus-gene-0.50-mRNA-1 1978981
.08 maker-168454772-augustus-gene-0.50-mRNA-1 1971827
.08 maker-168454772-augustus-gene-0.50-mRNA-1 2005381
.46 maker-163577184-snap-gene-0.1-mRNA-1 1983669
.52 maker-163577184-snap-gene-0.1-mRNA-1 2026817
.33 maker-168276567-augustus-gene-0.6-mRNA-1 2041874
.27 maker-168276567-augustus-gene-0.6-mRNA-1 578365
.66 maker-168185871-snap-gene-0.9-mRNA-1 2014468
.20 maker-168185871-snap-gene-0.9-mRNA-1 1971858
.21 maker-168243233-snap-gene-0.13-mRNA-1 1972958
.63 maker-168243233-snap-gene-0.13-mRNA-1 2015517
.75 augustus_masked-165928839-processed-gene-0.0-mRNA-1 2001979
.24 augustus_masked-165928839-processed-gene-0.0-mRNA-1 1996206
.29 maker-168550641-augustus-gene-0.66-mRNA-1 2084190
.25 maker-168550641-augustus-gene-0.66-mRNA-1 1971929
.90 maker-168189161-snap-gene-0.86-mRNA-1 1977382
.15 maker-168455588-augustus-gene-0.13-mRNA-1 1977868
.81 maker-168455588-augustus-gene-0.13-mRNA-1 2084150
.87 maker-168451561-snap-gene-0.40-mRNA-1 2084144
.09 maker-168451561-snap-gene-0.40-mRNA-1 916107
.41 maker-168525947-augustus-gene-0.38-mRNA-1 676941
.47 maker-168525947-augustus-gene-0.38-mRNA-1 1981772
.28 maker-168553218-snap-gene-0.39-mRNA-1 1982416
.43 maker-168553218-snap-gene-0.39-mRNA-1 1986510
.99 augustus_masked-168514728-processed-gene-0.1-mRNA-1 2084172
.33 maker-168187500-augustus-gene-0.8-mRNA-1 2084122
.28 maker-168187500-augustus-gene-0.8-mRNA-1 2005245
.21 maker-168187500-augustus-gene-0.8-mRNA-1 2019809
.12 maker-168187500-augustus-gene-0.8-mRNA-1 2017244
.35 maker-164407830-augustus-gene-0.4-mRNA-1 1983731
.19 maker-164407830-augustus-gene-0.4-mRNA-1 1975841
.18 maker-164407830-augustus-gene-0.4-mRNA-1 914995
.13 maker-164407830-augustus-gene-0.4-mRNA-1 1994758
.72 augustus_masked-168182937-processed-gene-0.1-mRNA-1 1980153
.25 augustus_masked-168548680-processed-gene-0.3-mRNA-1 2013900
.24 augustus_masked-168548680-processed-gene-0.3-mRNA-1 2055050
.10 augustus_masked-168548680-processed-gene-0.3-mRNA-1 199573
.10 augustus_masked-168548680-processed-gene-0.3-mRNA-1 274449
.35 maker-168513966-augustus-gene-0.5-mRNA-1 1996637
.35 maker-168513966-augustus-gene-0.5-mRNA-1 1975557
.23 maker-168513966-augustus-gene-0.5-mRNA-1 1971163
.05 maker-168513966-augustus-gene-0.5-mRNA-1 1996636
.03 maker-168513966-augustus-gene-0.5-mRNA-1 2012852
.41 maker-168297610-snap-gene-0.21-mRNA-1 2021998
.35 maker-168297610-snap-gene-0.21-mRNA-1 1972568
.57 maker-168185342-snap-gene-0.56-mRNA-1 2083947
.26 maker-168185342-snap-gene-0.56-mRNA-1 414680
.94 maker-168188590-augustus-gene-0.42-mRNA-1 2083869
.05 maker-168188590-augustus-gene-0.42-mRNA-1 185306
.26 maker-166750527-augustus-gene-0.2-mRNA-1 1978224
.73 maker-166750527-augustus-gene-0.2-mRNA-1 2083997
.49 maker-168085587-snap-gene-0.38-mRNA-1 2005088
.13 maker-168085587-snap-gene-0.38-mRNA-1 1981344
.08 maker-168085587-snap-gene-0.38-mRNA-1 1984300
.06 maker-168085587-snap-gene-0.38-mRNA-1 1972717
.83 augustus_masked-168234756-processed-gene-0.1-mRNA-1 2084091
.22 snap_masked-167243482-processed-gene-0.3-mRNA-1 1985757
.77 snap_masked-167243482-processed-gene-0.3-mRNA-1 2083930
.22 maker-168500229-snap-gene-0.25-mRNA-1 1975105
.47 maker-168500229-snap-gene-0.25-mRNA-1 2084186
.38 augustus_masked-167802831-processed-gene-0.0-mRNA-1 1977591
.61 augustus_masked-167802831-processed-gene-0.0-mRNA-1 2013221
.43 snap_masked-168408690-processed-gene-0.4-mRNA-1 1997287
.56 snap_masked-168408690-processed-gene-0.4-mRNA-1 2056878
.27 maker-168487132-snap-gene-0.30-mRNA-1 1991763
.35 maker-168487132-snap-gene-0.30-mRNA-1 1977833
.39 augustus_masked-166352044-processed-gene-0.0-mRNA-1 1984241
.22 augustus_masked-166352044-processed-gene-0.0-mRNA-1 341388
