.61 maker-168188758-snap-gene-0.46-mRNA-1 2191639
.16 maker-168188758-snap-gene-0.46-mRNA-1 1816474
.62 augustus_masked-166042400-processed-gene-0.1-mRNA-1 2110602
.30 augustus_masked-166042400-processed-gene-0.1-mRNA-1 2132215
.27 augustus_masked-166042400-processed-gene-0.1-mRNA-1 2165147
.21 augustus_masked-166042400-processed-gene-0.1-mRNA-1 1476380
.98 maker-168441700-snap-gene-0.58-mRNA-1 2191950
.59 augustus_masked-168474521-processed-gene-0.0-mRNA-1 2107136
.31 augustus_masked-168474521-processed-gene-0.0-mRNA-1 2114127
.25 augustus_masked-168474521-processed-gene-0.0-mRNA-1 2144791
.23 augustus_masked-168474521-processed-gene-0.0-mRNA-1 2165280
.18 augustus_masked-168474521-processed-gene-0.0-mRNA-1 2158405
.06 maker-168338405-snap-gene-0.9-mRNA-1 2105228
.79 maker-168338405-snap-gene-0.9-mRNA-1 2191826
.08 maker-167814414-snap-gene-0.21-mRNA-1 472959
.90 maker-167814414-snap-gene-0.21-mRNA-1 2191915
.71 maker-163477071-augustus-gene-0.4-mRNA-1 2091287
.28 maker-163477071-augustus-gene-0.4-mRNA-1 2138743
.99 maker-166944008-snap-gene-0.6-mRNA-1 2191834
.36 maker-168557556-augustus-gene-0.58-mRNA-1 2108126
.63 maker-168557556-augustus-gene-0.58-mRNA-1 2148527
.04 maker-168327335-augustus-gene-0.14-mRNA-1 2091782
.86 maker-168327335-augustus-gene-0.14-mRNA-1 2191804
.61 maker-168572977-augustus-gene-0.25-mRNA-1 349242
.32 maker-168572977-augustus-gene-0.25-mRNA-1 1081223
.09 augustus_masked-161859329-processed-gene-0.0-mRNA-1 1198810
.89 augustus_masked-161859329-processed-gene-0.0-mRNA-1 2191584
.32 maker-168556710-augustus-gene-0.48-mRNA-1 527643
.32 maker-168556710-augustus-gene-0.48-mRNA-1 2102378
.17 maker-163408108-snap-gene-0.4-mRNA-1 469136
.76 maker-163408108-snap-gene-0.4-mRNA-1 394898
.25 maker-168535181-snap-gene-0.6-mRNA-1 2112408
.64 maker-168535181-snap-gene-0.6-mRNA-1 2191796
.85 augustus_masked-166699671-processed-gene-0.0-mRNA-1 2120106
.14 augustus_masked-166699671-processed-gene-0.0-mRNA-1 2090607
.64 maker-168557999-augustus-gene-0.58-mRNA-1 2191921
.23 augustus_masked-168189008-processed-gene-0.8-mRNA-1 2183076
.76 augustus_masked-168189008-processed-gene-0.8-mRNA-1 2155696
.52 augustus_masked-168491003-processed-gene-0.1-mRNA-1 2144515
.44 augustus_masked-168491003-processed-gene-0.1-mRNA-1 2123170
.80 maker-168420509-snap-gene-0.31-mRNA-1 2191618
.51 snap_masked-168363119-processed-gene-0.34-mRNA-1 431300
.48 snap_masked-168363119-processed-gene-0.34-mRNA-1 734924
.60 maker-168431761-snap-gene-0.5-mRNA-1 116166
.39 maker-168431761-snap-gene-0.5-mRNA-1 2117660
.39 augustus_masked-166345751-processed-gene-0.0-mRNA-1 2091422
.58 augustus_masked-166345751-processed-gene-0.0-mRNA-1 2104976
.80 maker-168343337-augustus-gene-0.30-mRNA-1 2191731
.99 maker-167859886-snap-gene-0.7-mRNA-1 2191983
.68 maker-168276238-augustus-gene-0.52-mRNA-1 2191960
.13 maker-168276238-augustus-gene-0.52-mRNA-1 655542
.13 maker-168276238-augustus-gene-0.52-mRNA-1 2112553
.08 maker-168276238-augustus-gene-0.52-mRNA-1 1373331
.08 maker-168276238-augustus-gene-0.52-mRNA-1 389008
.20 maker-168252374-augustus-gene-0.12-mRNA-1 2121701
.32 maker-168252374-augustus-gene-0.12-mRNA-1 2151437
.38 maker-158721513-augustus-gene-0.4-mRNA-1 2088199
.30 maker-158721513-augustus-gene-0.4-mRNA-1 2124537
.94 maker-168185102-augustus-gene-0.105-mRNA-1 2191937
.99 maker-168248501-augustus-gene-0.4-mRNA-1 2191904
.35 maker-168290923-augustus-gene-0.31-mRNA-1 2090456
.28 maker-168290923-augustus-gene-0.31-mRNA-1 2132418
.20 maker-168290923-augustus-gene-0.31-mRNA-1 2110517
.45 augustus_masked-168495529-processed-gene-0.0-mRNA-1 800537
.32 augustus_masked-168495529-processed-gene-0.0-mRNA-1 999281
.17 maker-168547765-snap-gene-0.102-mRNA-1 2127026
.52 maker-168547765-snap-gene-0.102-mRNA-1 2191650
.23 maker-168342416-augustus-gene-0.22-mRNA-1 2105634
.12 maker-168342416-augustus-gene-0.22-mRNA-1 2094522
.12 maker-168342416-augustus-gene-0.22-mRNA-1 543690
.09 maker-168342416-augustus-gene-0.22-mRNA-1 582548
.03 maker-168342416-augustus-gene-0.22-mRNA-1 2111461
.86 maker-168449902-snap-gene-0.9-mRNA-1 2191908
.11 maker-168449902-snap-gene-0.9-mRNA-1 2088226
.10 maker-168449902-snap-gene-0.9-mRNA-1 863853
.28 augustus_masked-168227428-processed-gene-0.0-mRNA-1 2117485
.67 augustus_masked-168227428-processed-gene-0.0-mRNA-1 2112338
.31 maker-165736603-augustus-gene-0.3-mRNA-1 2086017
.18 maker-165736603-augustus-gene-0.3-mRNA-1 2184036
.66 maker-168346859-snap-gene-0.44-mRNA-1 2109074
.33 maker-168346859-snap-gene-0.44-mRNA-1 2086832
.85 maker-168190218-snap-gene-0.73-mRNA-1 2191589
.79 maker-168190218-snap-gene-0.73-mRNA-1 2161715
.64 maker-168190218-snap-gene-0.73-mRNA-1 2088621
.05 maker-168190218-snap-gene-0.73-mRNA-1 2109526
.05 maker-168190218-snap-gene-0.73-mRNA-1 2152281
.74 maker-168538337-snap-gene-0.19-mRNA-1 2150550
.21 maker-168538337-snap-gene-0.19-mRNA-1 2122589
.87 maker-168306397-augustus-gene-0.29-mRNA-1 2191981
.22 maker-168447201-augustus-gene-0.16-mRNA-1 2108652
.20 maker-168447201-augustus-gene-0.16-mRNA-1 98313
.19 maker-168447201-augustus-gene-0.16-mRNA-1 2130215
.17 maker-168447201-augustus-gene-0.16-mRNA-1 2107760
.54 augustus_masked-168325120-processed-gene-0.1-mRNA-1 2191659
.50 augustus_masked-168325120-processed-gene-0.1-mRNA-1 2097406
.24 augustus_masked-168325120-processed-gene-0.1-mRNA-1 2153306
.52 maker-168255257-snap-gene-0.136-mRNA-1 2129138
.13 maker-168255257-snap-gene-0.136-mRNA-1 540472
.24 maker-165662564-snap-gene-0.6-mRNA-1 2085717
.16 maker-165662564-snap-gene-0.6-mRNA-1 2191958
.16 maker-165662564-snap-gene-0.6-mRNA-1 2131619
.18 maker-165662564-snap-gene-0.6-mRNA-1 2191958
.06 maker-165662564-snap-gene-0.6-mRNA-1 2191958
.34 augustus_masked-164897006-processed-gene-0.0-mRNA-1 2109511
.33 augustus_masked-164897006-processed-gene-0.0-mRNA-1 2095115
.30 augustus_masked-164897006-processed-gene-0.0-mRNA-1 895322
.30 augustus_masked-164897006-processed-gene-0.0-mRNA-1 855284
.21 augustus_masked-164897006-processed-gene-0.0-mRNA-1 990999
.88 maker-168564101-snap-gene-0.37-mRNA-1 2191643
.99 snap_masked-166876547-processed-gene-0.4-mRNA-1 2191817
.25 augustus_masked-168512147-processed-gene-0.4-mRNA-1 2099679
.74 augustus_masked-168512147-processed-gene-0.4-mRNA-1 2085967
.49 maker-168190344-augustus-gene-0.72-mRNA-1 2191956
.55 augustus_masked-168345183-processed-gene-0.0-mRNA-1 2109959
.16 augustus_masked-168345183-processed-gene-0.0-mRNA-1 814517
.84 snap_masked-168395633-processed-gene-0.108-mRNA-1 748580
.15 snap_masked-168395633-processed-gene-0.108-mRNA-1 213296
.39 maker-161569031-snap-gene-0.5-mRNA-2 2121136
.22 maker-161569031-snap-gene-0.5-mRNA-2 688480
.18 maker-161569031-snap-gene-0.5-mRNA-2 2109444
.41 maker-168270009-augustus-gene-0.83-mRNA-1 2191777
.43 maker-168270009-augustus-gene-0.83-mRNA-1 2191777
.16 maker-168435172-snap-gene-0.55-mRNA-1 2162592
.21 maker-168435172-snap-gene-0.55-mRNA-1 2183545
.18 augustus_masked-168569565-processed-gene-0.12-mRNA-1 2105816
.40 augustus_masked-168569565-processed-gene-0.12-mRNA-1 2086285
.89 maker-168454316-snap-gene-0.79-mRNA-1 2191911
.08 maker-168454316-snap-gene-0.79-mRNA-1 2093145
.41 maker-168232536-snap-gene-0.62-mRNA-1 2087940
.99 maker-166188736-augustus-gene-0.3-mRNA-1 2191711
.80 maker-168534149-snap-gene-0.17-mRNA-1 2103310
.08 maker-168534149-snap-gene-0.17-mRNA-1 1206192
.60 augustus_masked-167838269-processed-gene-0.0-mRNA-1 2191778
.39 augustus_masked-167838269-processed-gene-0.0-mRNA-1 161488
.06 maker-167841076-augustus-gene-0.9-mRNA-1 407992
.77 maker-167841076-augustus-gene-0.9-mRNA-1 2191955
.63 snap_masked-168188010-processed-gene-0.40-mRNA-1 2191680
.19 maker-168399019-snap-gene-0.14-mRNA-1 148820
.41 maker-168399019-snap-gene-0.14-mRNA-1 2086824
.30 augustus_masked-168202504-processed-gene-0.9-mRNA-1 2089582
.18 augustus_masked-168202504-processed-gene-0.9-mRNA-1 2105235
.99 augustus_masked-163283633-processed-gene-0.0-mRNA-1 2191542
.25 maker-168086491-augustus-gene-0.11-mRNA-1 2191969
.21 maker-168086491-augustus-gene-0.11-mRNA-1 2191969
.16 maker-168086491-augustus-gene-0.11-mRNA-1 466633
.99 maker-167219780-snap-gene-0.7-mRNA-1 2191725
.34 maker-168185398-snap-gene-0.15-mRNA-1 2191729
.15 maker-168185398-snap-gene-0.15-mRNA-1 510041
.13 maker-168185398-snap-gene-0.15-mRNA-1 250179
.05 maker-168185398-snap-gene-0.15-mRNA-1 285895
.05 maker-168185398-snap-gene-0.15-mRNA-1 990167
.60 maker-168219740-snap-gene-0.48-mRNA-1 2105257
.38 maker-168219740-snap-gene-0.48-mRNA-1 2174807
.46 augustus_masked-168419559-processed-gene-0.3-mRNA-1 2139819
.53 augustus_masked-168419559-processed-gene-0.3-mRNA-1 2137332
.82 augustus_masked-168209383-processed-gene-0.3-mRNA-1 2191842
.59 maker-168433671-augustus-gene-0.5-mRNA-1 2191775
.33 maker-168433671-augustus-gene-0.5-mRNA-1 2108594
.78 maker-167828088-snap-gene-0.9-mRNA-1 25607
.19 maker-167828088-snap-gene-0.9-mRNA-1 2093802
.55 maker-168577122-augustus-gene-0.114-mRNA-1 2095633
.19 maker-168577122-augustus-gene-0.114-mRNA-1 2102889
.44 maker-168478852-snap-gene-0.45-mRNA-1 2088156
.31 maker-168478852-snap-gene-0.45-mRNA-1 2191924
.14 maker-168277932-augustus-gene-0.31-mRNA-1 650928
.85 maker-168277932-augustus-gene-0.31-mRNA-1 2191912
.15 snap_masked-168539016-processed-gene-0.93-mRNA-1 1893451
.84 snap_masked-168539016-processed-gene-0.93-mRNA-1 2167178
.28 augustus_masked-168293270-processed-gene-0.1-mRNA-1 2148043
.24 augustus_masked-168293270-processed-gene-0.1-mRNA-1 2103945
.38 augustus_masked-168298049-processed-gene-0.7-mRNA-1 856501
.48 augustus_masked-168298049-processed-gene-0.7-mRNA-1 652484
.26 maker-168525815-snap-gene-0.22-mRNA-1 2102595
.73 maker-168525815-snap-gene-0.22-mRNA-1 2090066
.18 maker-168574247-snap-gene-0.50-mRNA-1 2101974
.75 maker-168574247-snap-gene-0.50-mRNA-1 2127015
.42 maker-167916781-augustus-gene-0.37-mRNA-3 2089002
.14 maker-167916781-augustus-gene-0.37-mRNA-3 2134724
.13 maker-167916781-augustus-gene-0.37-mRNA-3 387865
.09 maker-167916781-augustus-gene-0.37-mRNA-3 2091474
.99 maker-167856479-snap-gene-0.28-mRNA-1 2191964
.34 maker-168001505-snap-gene-0.7-mRNA-1 2167511
.52 maker-168001505-snap-gene-0.7-mRNA-1 2097036
.29 maker-168484983-snap-gene-0.32-mRNA-1 2089134
.62 maker-168484983-snap-gene-0.32-mRNA-1 2092650
.29 maker-167913083-augustus-gene-0.13-mRNA-1 314744
.59 maker-167913083-augustus-gene-0.13-mRNA-1 2086809
.99 maker-168564629-augustus-gene-0.22-mRNA-1 2191952
.62 snap_masked-168545072-processed-gene-0.55-mRNA-1 2191837
.19 snap_masked-168545072-processed-gene-0.55-mRNA-1 2134635
.82 augustus_masked-161478344-processed-gene-0.0-mRNA-1 2090870
.16 augustus_masked-161478344-processed-gene-0.0-mRNA-1 478898
.21 maker-167599018-augustus-gene-0.4-mRNA-1 2101944
.66 maker-167599018-augustus-gene-0.4-mRNA-1 2119207
.44 maker-168570609-snap-gene-0.54-mRNA-1 2146715
.30 maker-168570609-snap-gene-0.54-mRNA-1 2090381
.28 maker-168570609-snap-gene-0.54-mRNA-1 633201
.16 maker-168570609-snap-gene-0.54-mRNA-1 567606
.16 maker-168570609-snap-gene-0.54-mRNA-1 2090382
.50 augustus_masked-168512964-processed-gene-0.17-mRNA-1 2107980
.19 augustus_masked-168512964-processed-gene-0.17-mRNA-1 1326814
.77 snap_masked-168503274-processed-gene-0.18-mRNA-1 1720331
.56 snap_masked-168503274-processed-gene-0.18-mRNA-1 1803655
.37 maker-165519928-augustus-gene-0.4-mRNA-1 2179159
.17 maker-165519928-augustus-gene-0.4-mRNA-1 2088057
.63 genemark-168253234-processed-gene-0.0-mRNA-1 719585
.34 genemark-168253234-processed-gene-0.0-mRNA-1 2154759
.99 maker-168056606-augustus-gene-0.12-mRNA-1 2191918
.28 maker-167829879-snap-gene-0.18-mRNA-1 2107137
.71 maker-167829879-snap-gene-0.18-mRNA-1 2191642
.99 maker-168295525-augustus-gene-0.58-mRNA-1 2191943
.22 genemark-168384808-processed-gene-0.19-mRNA-1 2165769
.13 genemark-168384808-processed-gene-0.19-mRNA-1 1094474
.48 maker-168301281-augustus-gene-0.15-mRNA-1 2191741
.07 maker-168301281-augustus-gene-0.15-mRNA-1 569132
.10 maker-168301281-augustus-gene-0.15-mRNA-1 680919
.30 maker-168433767-snap-gene-0.16-mRNA-1 410822
.24 maker-168433767-snap-gene-0.16-mRNA-1 2122106
.22 maker-168462078-snap-gene-0.47-mRNA-1 1614284
.60 maker-168462078-snap-gene-0.47-mRNA-1 2114511
.18 augustus_masked-168370255-processed-gene-0.1-mRNA-1 2089887
.81 augustus_masked-168370255-processed-gene-0.1-mRNA-1 2087603
.40 maker-168288341-snap-gene-0.50-mRNA-1 2092066
.39 maker-168288341-snap-gene-0.50-mRNA-1 2115333
.72 maker-168254111-augustus-gene-0.7-mRNA-1 2191967
.13 maker-168254111-augustus-gene-0.7-mRNA-1 211262
.18 maker-168254111-augustus-gene-0.7-mRNA-1 2191967
.81 augustus_masked-168217589-processed-gene-1.11-mRNA-1 2191672
.89 maker-168183226-augustus-gene-0.6-mRNA-1 2191933
.06 maker-168183226-augustus-gene-0.6-mRNA-1 1612503
.98 maker-168188481-snap-gene-0.19-mRNA-1 2191795
.99 augustus_masked-168271849-processed-gene-0.2-mRNA-1 2191577
.13 augustus_masked-168483500-processed-gene-0.1-mRNA-1 2089590
.02 augustus_masked-168483500-processed-gene-0.1-mRNA-1 2086118
.01 augustus_masked-168483500-processed-gene-0.1-mRNA-1 2086118
.99 maker-168353034-augustus-gene-0.32-mRNA-1 2191705
.25 maker-161779242-augustus-gene-0.3-mRNA-1 2094424
.74 maker-161779242-augustus-gene-0.3-mRNA-1 2090966
.33 maker-168282144-augustus-gene-0.10-mRNA-1 2100878
.24 maker-168282144-augustus-gene-0.10-mRNA-1 2115483
.31 genemark-168163205-processed-gene-0.1-mRNA-1 2099108
.22 genemark-168163205-processed-gene-0.1-mRNA-1 2092665
.88 maker-168472423-augustus-gene-0.93-mRNA-1 2191973
.52 maker-168367546-augustus-gene-0.16-mRNA-1 2100542
.29 maker-168367546-augustus-gene-0.16-mRNA-1 2087526
.18 maker-168367546-augustus-gene-0.16-mRNA-1 636450
.11 maker-168367546-augustus-gene-0.16-mRNA-1 2092727
.06 maker-168367546-augustus-gene-0.16-mRNA-1 2092727
.16 maker-168356167-snap-gene-0.54-mRNA-1 2137884
.41 maker-168356167-snap-gene-0.54-mRNA-1 2135276
.34 maker-168465861-augustus-gene-0.18-mRNA-1 2146460
.21 maker-168465861-augustus-gene-0.18-mRNA-1 2151105
.21 maker-168465861-augustus-gene-0.18-mRNA-1 1238488
.18 maker-168465861-augustus-gene-0.18-mRNA-1 504376
.14 maker-168465861-augustus-gene-0.18-mRNA-1 2105215
.17 augustus_masked-168568560-processed-gene-0.2-mRNA-1 2095751
.75 augustus_masked-168568560-processed-gene-0.2-mRNA-1 2104346
.31 maker-168398826-snap-gene-0.14-mRNA-1 2091791
.68 maker-168398826-snap-gene-0.14-mRNA-1 2191600
.50 maker-167839077-augustus-gene-0.13-mRNA-1 2133056
.21 maker-167839077-augustus-gene-0.13-mRNA-1 2149747
.98 maker-168577297-augustus-gene-0.25-mRNA-1 2191948
.88 maker-168447144-snap-gene-0.59-mRNA-1 2191833
.51 genemark-167227786-processed-gene-0.1-mRNA-1 2100922
.29 genemark-167227786-processed-gene-0.1-mRNA-1 641288
.61 maker-168570257-augustus-gene-0.15-mRNA-1 2092541
.29 maker-168570257-augustus-gene-0.15-mRNA-1 2110320
.24 maker-168570257-augustus-gene-0.15-mRNA-1 662844
.07 maker-168570257-augustus-gene-0.15-mRNA-1 2090204
.06 maker-168570257-augustus-gene-0.15-mRNA-1 1082907
.61 genemark-168333515-processed-gene-0.3-mRNA-1 2191667
.08 genemark-168333515-processed-gene-0.3-mRNA-1 2096334
.31 maker-167153577-snap-gene-0.5-mRNA-1 328570
.49 maker-167153577-snap-gene-0.5-mRNA-1 2143302
.94 snap_masked-168253461-processed-gene-0.28-mRNA-1 2191984
.40 maker-168327613-augustus-gene-0.52-mRNA-1 2087247
.25 maker-168327613-augustus-gene-0.52-mRNA-1 2095178
.12 maker-168327613-augustus-gene-0.52-mRNA-1 2086803
.80 augustus_masked-167970499-processed-gene-0.10-mRNA-1 2089420
.18 augustus_masked-167970499-processed-gene-0.10-mRNA-1 2093678
.41 maker-168234389-snap-gene-0.106-mRNA-1 2191898
.14 maker-168234389-snap-gene-0.106-mRNA-1 2095815
.79 maker-168187899-snap-gene-0.76-mRNA-1 2096769
.50 genemark-167853625-processed-gene-0.0-mRNA-1 2087599
.18 genemark-167853625-processed-gene-0.0-mRNA-1 942455
.37 maker-164387041-snap-gene-0.3-mRNA-1 2102014
.17 maker-164387041-snap-gene-0.3-mRNA-1 2176104
.85 augustus_masked-168335786-processed-gene-1.2-mRNA-1 2191763
.14 augustus_masked-168335786-processed-gene-1.2-mRNA-1 1700371
.35 maker-168408837-augustus-gene-0.17-mRNA-1 2120688
.46 maker-168408837-augustus-gene-0.17-mRNA-1 2112377
.56 genemark-168135365-processed-gene-0.7-mRNA-1 2191715
.25 genemark-168135365-processed-gene-0.7-mRNA-1 2186144
.22 maker-168371211-snap-gene-0.29-mRNA-1 2098544
.19 maker-168371211-snap-gene-0.29-mRNA-1 2091909
.81 maker-168442368-snap-gene-0.5-mRNA-1 2191784
.12 maker-168472946-augustus-gene-0.27-mRNA-1 794822
.61 maker-168472946-augustus-gene-0.27-mRNA-1 2191566
.56 augustus_masked-167723657-processed-gene-0.1-mRNA-1 2191613
.28 augustus_masked-167723657-processed-gene-0.1-mRNA-1 2086848
.07 maker-168209360-snap-gene-0.37-mRNA-1 2099733
.85 maker-168209360-snap-gene-0.37-mRNA-1 2191951
.83 maker-168262655-augustus-gene-0.7-mRNA-1 2191806
.07 maker-168262655-augustus-gene-0.7-mRNA-1 2126401
.37 maker-161342189-augustus-gene-0.4-mRNA-2 271642
.19 maker-161342189-augustus-gene-0.4-mRNA-2 515815
.62 snap_masked-168541795-processed-gene-0.51-mRNA-1 2143299
.25 snap_masked-168541795-processed-gene-0.51-mRNA-1 2115690
.47 maker-168370962-snap-gene-0.33-mRNA-1 2191716
.25 maker-168370962-snap-gene-0.33-mRNA-1 2091876
.24 maker-168370962-snap-gene-0.33-mRNA-1 180090
.24 maker-168370962-snap-gene-0.33-mRNA-1 956960
.21 maker-168370962-snap-gene-0.33-mRNA-1 817823
.37 snap_masked-168448462-processed-gene-0.88-mRNA-1 2138472
.39 snap_masked-168448462-processed-gene-0.88-mRNA-1 944736
.63 maker-168496631-augustus-gene-0.21-mRNA-1 2191974
.80 maker-168216332-augustus-gene-0.20-mRNA-1 2191683
.18 maker-168576645-snap-gene-0.44-mRNA-1 2089795
.65 maker-168576645-snap-gene-0.44-mRNA-1 2191966
.17 augustus_masked-167033022-processed-gene-0.0-mRNA-1 2095703
.16 augustus_masked-167033022-processed-gene-0.0-mRNA-1 2092087
.05 augustus_masked-167033022-processed-gene-0.0-mRNA-1 2119755
.68 augustus_masked-168200046-processed-gene-0.0-mRNA-1 2091597
.36 augustus_masked-168200046-processed-gene-0.0-mRNA-1 2095657
.17 augustus_masked-168200046-processed-gene-0.0-mRNA-1 2095666
.49 augustus_masked-168420684-processed-gene-0.10-mRNA-1 2191922
.26 maker-168258199-augustus-gene-0.5-mRNA-1 2086688
.22 maker-168258199-augustus-gene-0.5-mRNA-1 454046
.22 maker-168258199-augustus-gene-0.5-mRNA-1 229657
.22 maker-168258199-augustus-gene-0.5-mRNA-1 2099613
.89 augustus_masked-168490652-processed-gene-0.1-mRNA-1 2086235
.10 augustus_masked-168490652-processed-gene-0.1-mRNA-1 2108890
.07 augustus_masked-168438351-processed-gene-0.0-mRNA-1 634911
.88 augustus_masked-168438351-processed-gene-0.0-mRNA-1 2087872
.45 maker-168320559-augustus-gene-0.52-mRNA-1 2191811
.47 maker-168320559-augustus-gene-0.52-mRNA-1 2100110
.56 maker-168421778-augustus-gene-0.101-mRNA-1 2144009
.43 maker-168421778-augustus-gene-0.101-mRNA-1 2116826
.04 augustus_masked-168371150-processed-gene-0.1-mRNA-1 924193
.88 augustus_masked-168371150-processed-gene-0.1-mRNA-1 2191695
.83 augustus_masked-168507409-processed-gene-0.0-mRNA-1 2156608
.16 augustus_masked-168507409-processed-gene-0.0-mRNA-1 2128244
.88 maker-168458788-augustus-gene-0.11-mRNA-1 2191723
.11 maker-168458788-augustus-gene-0.11-mRNA-1 428037
.40 snap_masked-168577548-processed-gene-0.68-mRNA-1 2124307
.23 snap_masked-168577548-processed-gene-0.68-mRNA-1 781562
.18 snap_masked-168577548-processed-gene-0.68-mRNA-1 2099108
.42 maker-168291211-snap-gene-0.39-mRNA-1 2191985
.34 maker-168291211-snap-gene-0.39-mRNA-1 2191985
.35 snap_masked-163032013-processed-gene-0.2-mRNA-1 2089586
.29 snap_masked-163032013-processed-gene-0.2-mRNA-1 2097515
.11 snap_masked-163032013-processed-gene-0.2-mRNA-1 2144713
.82 augustus_masked-168293681-processed-gene-0.1-mRNA-1 2191854
.09 augustus_masked-168293681-processed-gene-0.1-mRNA-1 2172257
.59 maker-167797000-augustus-gene-0.12-mRNA-1 2128065
.15 maker-167797000-augustus-gene-0.12-mRNA-1 2111371
.69 augustus_masked-167990981-processed-gene-0.0-mRNA-1 2191760
.29 augustus_masked-167990981-processed-gene-0.0-mRNA-1 78207
.81 maker-168340917-snap-gene-0.57-mRNA-1 2191835
.28 augustus_masked-168339538-processed-gene-0.2-mRNA-1 793239
.36 augustus_masked-168339538-processed-gene-0.2-mRNA-1 2103963
.50 maker-168222911-snap-gene-0.31-mRNA-1 2088276
.05 maker-168222911-snap-gene-0.31-mRNA-1 2097880
.90 maker-168325750-snap-gene-0.32-mRNA-1 2191979
.74 snap_masked-168237797-processed-gene-0.16-mRNA-1 2130614
.25 snap_masked-168237797-processed-gene-0.16-mRNA-1 412455
.68 maker-168518237-augustus-gene-0.46-mRNA-1 2191913
.16 maker-168518237-augustus-gene-0.46-mRNA-1 269840
.47 augustus_masked-168081126-processed-gene-0.6-mRNA-1 2087518
.21 augustus_masked-168081126-processed-gene-0.6-mRNA-1 2103350
.20 augustus_masked-168081126-processed-gene-0.6-mRNA-1 274495
.63 maker-168560005-augustus-gene-0.12-mRNA-1 2191773
.14 maker-168560005-augustus-gene-0.12-mRNA-1 389381
.35 snap_masked-161684052-processed-gene-0.1-mRNA-1 2155966
.64 snap_masked-161684052-processed-gene-0.1-mRNA-1 2159916
.11 maker-168512853-snap-gene-1.110-mRNA-1 2118466
.86 maker-168512853-snap-gene-1.110-mRNA-1 2191703
.65 augustus_masked-168577406-processed-gene-0.0-mRNA-1 2102437
.34 augustus_masked-168577406-processed-gene-0.0-mRNA-1 2104141
.79 snap_masked-168273113-processed-gene-0.22-mRNA-1 2191782
.20 snap_masked-168273113-processed-gene-0.22-mRNA-1 511498
.20 augustus_masked-168108656-processed-gene-0.7-mRNA-1 2147704
.79 augustus_masked-168108656-processed-gene-0.7-mRNA-1 2191765
.21 maker-168186092-augustus-gene-0.15-mRNA-1 2191917
.02 maker-168186092-augustus-gene-0.15-mRNA-1 2113985
.49 maker-165379355-snap-gene-0.4-mRNA-1 2096842
.42 maker-165379355-snap-gene-0.4-mRNA-1 2143856
.40 maker-168421633-snap-gene-0.22-mRNA-1 2097532
.35 maker-168421633-snap-gene-0.22-mRNA-1 2087967
.23 maker-168421633-snap-gene-0.22-mRNA-1 2089832
.36 maker-167742616-snap-gene-0.3-mRNA-1 2089393
.63 maker-167742616-snap-gene-0.3-mRNA-1 2191707
.13 maker-161878723-augustus-gene-0.3-mRNA-1 2186936
.86 maker-161878723-augustus-gene-0.3-mRNA-1 2087372
.70 augustus_masked-165620466-processed-gene-0.0-mRNA-1 2120849
.29 augustus_masked-165620466-processed-gene-0.0-mRNA-1 794453
.25 maker-166623937-snap-gene-0.6-mRNA-1 337678
.26 maker-166623937-snap-gene-0.6-mRNA-1 2163977
.24 maker-166623937-snap-gene-0.6-mRNA-1 2097080
.42 augustus_masked-168239231-processed-gene-0.3-mRNA-1 2131594
.35 augustus_masked-168239231-processed-gene-0.3-mRNA-1 515595
.81 augustus_masked-168238180-processed-gene-0.0-mRNA-1 2090961
.17 augustus_masked-168238180-processed-gene-0.0-mRNA-1 2094997
.65 augustus_masked-162451180-processed-gene-0.0-mRNA-1 2095074
.55 augustus_masked-162451180-processed-gene-0.0-mRNA-1 2123655
.57 augustus_masked-162451180-processed-gene-0.0-mRNA-1 187066
.60 augustus_masked-162451180-processed-gene-0.0-mRNA-1 256526
.49 augustus_masked-162451180-processed-gene-0.0-mRNA-1 2105262
.88 genemark-162338917-processed-gene-0.1-mRNA-1 2100337
.93 genemark-162338917-processed-gene-0.1-mRNA-1 2161007
.61 genemark-162338917-processed-gene-0.1-mRNA-1 2089802
.58 genemark-162338917-processed-gene-0.1-mRNA-1 2184930
.56 genemark-162338917-processed-gene-0.1-mRNA-1 304132
.37 maker-168390734-snap-gene-0.11-mRNA-1 2173594
.41 maker-168390734-snap-gene-0.11-mRNA-1 2105726
.52 maker-168340894-augustus-gene-0.5-mRNA-1 2191968
.17 maker-168340894-augustus-gene-0.5-mRNA-1 2191968
.65 genemark-165949157-processed-gene-0.0-mRNA-1 156025
.33 genemark-165949157-processed-gene-0.0-mRNA-1 815794
.32 maker-168550415-augustus-gene-0.24-mRNA-1 2191789
.14 maker-168550415-augustus-gene-0.24-mRNA-1 2170406
.70 maker-168186924-augustus-gene-0.20-mRNA-1 2119820
.68 maker-168252781-augustus-gene-0.79-mRNA-1 2191939
.02 maker-168252781-augustus-gene-0.79-mRNA-1 849039
.42 augustus_masked-167808834-processed-gene-0.11-mRNA-1 2122763
.31 augustus_masked-167808834-processed-gene-0.11-mRNA-1 2091256
.45 maker-162166592-snap-gene-0.3-mRNA-1 391986
.53 maker-162166592-snap-gene-0.3-mRNA-1 426773
.43 maker-168189369-snap-gene-0.45-mRNA-1 2087393
.99 augustus_masked-168188747-processed-gene-0.8-mRNA-1 2191626
.38 maker-168577592-augustus-gene-0.95-mRNA-1 2100768
.20 maker-168577592-augustus-gene-0.95-mRNA-1 2099636
.16 maker-168577592-augustus-gene-0.95-mRNA-1 2091448
.50 maker-168577059-snap-gene-0.28-mRNA-2 2191665
.20 maker-168577059-snap-gene-0.28-mRNA-2 932277
.20 maker-168577059-snap-gene-0.28-mRNA-2 2101388
.24 maker-168309056-augustus-gene-0.7-mRNA-1 2093926
.25 maker-168309056-augustus-gene-0.7-mRNA-1 2111434
.26 maker-168309056-augustus-gene-0.7-mRNA-1 2089068
.22 maker-168309056-augustus-gene-0.7-mRNA-1 2117118
.17 maker-168309056-augustus-gene-0.7-mRNA-1 719472
.74 maker-168577077-snap-gene-0.16-mRNA-1 2191947
.16 maker-168577077-snap-gene-0.16-mRNA-1 2086461
.07 maker-168183768-augustus-gene-0.29-mRNA-1 1534570
.92 maker-168183768-augustus-gene-0.29-mRNA-1 2191788
.54 maker-168103144-augustus-gene-0.16-mRNA-1 2191673
.23 maker-168103144-augustus-gene-0.16-mRNA-1 2104169
.05 maker-168103144-augustus-gene-0.16-mRNA-1 2104168
.23 maker-165262243-snap-gene-0.4-mRNA-1 1319389
.76 maker-165262243-snap-gene-0.4-mRNA-1 2096245
.12 maker-168376499-snap-gene-0.75-mRNA-1 842988
.87 maker-168376499-snap-gene-0.75-mRNA-1 2191605
.86 augustus_masked-168200274-processed-gene-0.4-mRNA-1 2191986
.99 augustus_masked-168407345-processed-gene-0.0-mRNA-1 2191975
.40 augustus_masked-165579536-processed-gene-0.0-mRNA-1 2134621
.32 augustus_masked-165579536-processed-gene-0.0-mRNA-1 2108982
.65 augustus_masked-168402443-processed-gene-0.1-mRNA-1 2191548
.34 augustus_masked-168402443-processed-gene-0.1-mRNA-1 820554
.41 snap_masked-168241044-processed-gene-0.5-mRNA-1 2090255
.26 snap_masked-168241044-processed-gene-0.5-mRNA-1 344169
.28 maker-168577195-snap-gene-0.34-mRNA-1 2094313
.37 maker-168577195-snap-gene-0.34-mRNA-1 2104249
.32 maker-168234677-snap-gene-0.12-mRNA-1 2172872
.31 maker-168234677-snap-gene-0.12-mRNA-1 2191644
.49 maker-168187617-augustus-gene-0.11-mRNA-1 2191940
.50 maker-168187617-augustus-gene-0.11-mRNA-1 2191940
.39 snap_masked-168272471-processed-gene-0.11-mRNA-1 958030
.56 snap_masked-168272471-processed-gene-0.11-mRNA-1 958030
.73 maker-167887473-augustus-gene-0.15-mRNA-1 2191681
.26 maker-167887473-augustus-gene-0.15-mRNA-1 460403
.34 maker-168440768-augustus-gene-0.55-mRNA-1 2087665
.65 maker-168440768-augustus-gene-0.55-mRNA-1 2091871
.75 maker-167977330-augustus-gene-0.31-mRNA-1 2191949
.17 maker-167977330-augustus-gene-0.31-mRNA-1 2086245
.50 snap_masked-158762225-processed-gene-0.2-mRNA-1 2100004
.39 snap_masked-158762225-processed-gene-0.2-mRNA-1 1880744
.14 maker-168225046-augustus-gene-0.14-mRNA-1 2142962
.85 maker-168225046-augustus-gene-0.14-mRNA-1 331325
.95 snap_masked-167977243-processed-gene-0.15-mRNA-1 2089890
.30 maker-168201986-augustus-gene-0.33-mRNA-1 2160184
.15 maker-168201986-augustus-gene-0.33-mRNA-1 2101959
.05 maker-168201986-augustus-gene-0.33-mRNA-1 341872
.99 augustus_masked-166273236-processed-gene-0.0-mRNA-1 2191941
.15 maker-168095260-augustus-gene-0.16-mRNA-3 2089722
.75 maker-168095260-augustus-gene-0.16-mRNA-3 2191963
.71 maker-159430260-snap-gene-0.3-mRNA-1 2086229
.25 maker-159430260-snap-gene-0.3-mRNA-1 2086250
.64 snap_masked-165709965-processed-gene-0.2-mRNA-1 2138414
.31 snap_masked-165709965-processed-gene-0.2-mRNA-1 2138313
.31 snap_masked-165709965-processed-gene-0.2-mRNA-1 2113863
.50 snap_masked-168315270-processed-gene-0.52-mRNA-1 2087742
.19 snap_masked-168315270-processed-gene-0.52-mRNA-1 1184629
.16 snap_masked-168315270-processed-gene-0.52-mRNA-1 2169713
.51 maker-168530319-snap-gene-0.36-mRNA-1 2191745
.99 maker-168051811-snap-gene-0.7-mRNA-1 2191757
.25 maker-168187695-augustus-gene-0.13-mRNA-1 2191987
.08 maker-168187695-augustus-gene-0.13-mRNA-1 967822
.08 augustus_masked-163767771-processed-gene-0.1-mRNA-1 2135579
.91 augustus_masked-163767771-processed-gene-0.1-mRNA-1 114297
.55 augustus_masked-168199034-processed-gene-0.11-mRNA-1 850896
.44 augustus_masked-168199034-processed-gene-0.11-mRNA-1 2085843
.99 maker-168183244-augustus-gene-0.5-mRNA-1 2191768
.13 maker-168190496-augustus-gene-0.38-mRNA-1 1502189
.86 maker-168190496-augustus-gene-0.38-mRNA-1 2191660
.36 maker-168550069-augustus-gene-0.7-mRNA-1 2091572
.61 maker-168550069-augustus-gene-0.7-mRNA-1 2191750
.37 maker-168383835-snap-gene-0.19-mRNA-1 2129133
.32 maker-168383835-snap-gene-0.19-mRNA-1 2104259
.94 maker-167337143-snap-gene-0.5-mRNA-1 2191923
.04 maker-167337143-snap-gene-0.5-mRNA-1 1586210
.32 augustus_masked-168509764-processed-gene-0.4-mRNA-1 2169272
.39 augustus_masked-168509764-processed-gene-0.4-mRNA-1 2171397
.84 snap_masked-168518890-processed-gene-0.26-mRNA-1 2191617
.15 snap_masked-168518890-processed-gene-0.26-mRNA-1 2113869
.49 augustus_masked-168551645-processed-gene-0.0-mRNA-1 2159552
.23 augustus_masked-168551645-processed-gene-0.0-mRNA-1 2137832
.41 snap_masked-168562297-processed-gene-0.12-mRNA-1 2191946
.72 maker-168421562-augustus-gene-0.54-mRNA-1 2191962
.84 maker-166066774-augustus-gene-0.3-mRNA-1 2191769
.15 maker-166066774-augustus-gene-0.3-mRNA-1 2122262
.29 maker-168274859-augustus-gene-0.43-mRNA-1 989812
.20 maker-168274859-augustus-gene-0.43-mRNA-1 596269
.88 maker-168304794-augustus-gene-0.64-mRNA-1 2191560
.10 maker-168304794-augustus-gene-0.64-mRNA-1 2187606
.67 augustus_masked-165846052-processed-gene-0.0-mRNA-1 2091082
.31 augustus_masked-165846052-processed-gene-0.0-mRNA-1 2191647
.84 augustus_masked-168573242-processed-gene-0.12-mRNA-1 431215
.15 augustus_masked-168573242-processed-gene-0.12-mRNA-1 2112314
.27 maker-168537663-augustus-gene-0.20-mRNA-1 667313
.24 maker-168537663-augustus-gene-0.20-mRNA-1 2090834
.17 maker-168537663-augustus-gene-0.20-mRNA-1 2098072
.14 maker-168537663-augustus-gene-0.20-mRNA-1 2089544
.47 augustus_masked-168183031-processed-gene-0.3-mRNA-1 2191971
.11 augustus_masked-168183031-processed-gene-0.3-mRNA-1 2191971
.56 maker-168185718-snap-gene-0.58-mRNA-1 2191970
.66 maker-168378863-augustus-gene-0.65-mRNA-1 2191771
.25 augustus_masked-168407284-processed-gene-0.9-mRNA-1 545829
.74 augustus_masked-168407284-processed-gene-0.9-mRNA-1 2191567
.35 augustus_masked-168260079-processed-gene-0.15-mRNA-1 589671
.60 augustus_masked-168260079-processed-gene-0.15-mRNA-1 2091426
.41 augustus_masked-168302112-processed-gene-0.1-mRNA-1 2087199
.25 augustus_masked-168302112-processed-gene-0.1-mRNA-1 579720
.25 augustus_masked-168302112-processed-gene-0.1-mRNA-1 2088325
.22 augustus_masked-168302112-processed-gene-0.1-mRNA-1 2092840
.94 maker-168474110-snap-gene-1.113-mRNA-1 2191976
.27 maker-168459469-snap-gene-0.101-mRNA-1 679982
.16 maker-168459469-snap-gene-0.101-mRNA-1 2087956
.88 maker-167800427-snap-gene-0.27-mRNA-1 2191708
.05 maker-167800427-snap-gene-0.27-mRNA-1 2093363
.02 maker-167800427-snap-gene-0.27-mRNA-1 2185537
.45 maker-168407861-augustus-gene-0.4-mRNA-1 2107321
.17 maker-168407861-augustus-gene-0.4-mRNA-1 2094011
.89 maker-167831340-augustus-gene-0.16-mRNA-1 2191706
.81 maker-167846079-snap-gene-0.13-mRNA-1 2191753
.31 maker-168149605-augustus-gene-0.4-mRNA-1 2091401
.36 maker-168149605-augustus-gene-0.4-mRNA-1 2191959
.43 maker-168356447-snap-gene-0.143-mRNA-1 2191814
.31 maker-168550123-augustus-gene-0.78-mRNA-1 2088085
.68 maker-168550123-augustus-gene-0.78-mRNA-1 2191953
.59 maker-168343367-augustus-gene-0.110-mRNA-1 2191988
.76 maker-168266240-augustus-gene-0.16-mRNA-1 2087609
.23 maker-168266240-augustus-gene-0.16-mRNA-1 2179304
.38 maker-168572379-augustus-gene-0.52-mRNA-1 2093057
.61 maker-168572379-augustus-gene-0.52-mRNA-1 2191828
.74 snap_masked-167885230-processed-gene-0.42-mRNA-1 512936
.72 snap_masked-167885230-processed-gene-0.42-mRNA-1 2095698
.59 snap_masked-167885230-processed-gene-0.42-mRNA-1 679389
.18 snap_masked-167885230-processed-gene-0.42-mRNA-1 2154071
.17 snap_masked-167885230-processed-gene-0.42-mRNA-1 2143448
.62 augustus_masked-168249747-processed-gene-0.3-mRNA-1 2098849
.36 augustus_masked-168249747-processed-gene-0.3-mRNA-1 2087112
.79 genemark-164985917-processed-gene-0.1-mRNA-1 2118913
.11 genemark-164985917-processed-gene-0.1-mRNA-1 29015
.82 maker-168188549-snap-gene-0.40-mRNA-1 2191957
.20 augustus_masked-164747753-processed-gene-0.0-mRNA-1 2098481
.36 augustus_masked-164747753-processed-gene-0.0-mRNA-1 2100817
.20 maker-168415510-snap-gene-0.125-mRNA-1 1299801
.59 maker-168415510-snap-gene-0.125-mRNA-1 1054006
.89 maker-168574279-augustus-gene-0.77-mRNA-1 2191944
.06 maker-168574279-augustus-gene-0.77-mRNA-1 269575
.89 maker-168478574-snap-gene-0.24-mRNA-1 2191925
.25 maker-168465584-augustus-gene-0.24-mRNA-1 527779
.63 maker-168465584-augustus-gene-0.24-mRNA-1 549017
.59 augustus_masked-168557469-processed-gene-0.2-mRNA-1 2092936
.23 augustus_masked-168557469-processed-gene-0.2-mRNA-1 2162936
.28 maker-168539715-augustus-gene-0.23-mRNA-1 2191935
.01 maker-168539715-augustus-gene-0.23-mRNA-1 603696
.66 maker-167921145-snap-gene-0.25-mRNA-2 2191740
.31 maker-167921145-snap-gene-0.25-mRNA-2 2086476
.19 maker-167921145-snap-gene-0.25-mRNA-2 2086475
.23 maker-168572153-augustus-gene-0.30-mRNA-1 2088775
.64 maker-168572153-augustus-gene-0.30-mRNA-1 2091163
.99 augustus_masked-168431040-processed-gene-0.5-mRNA-1 2191851
.39 maker-164545528-augustus-gene-0.3-mRNA-1 2108431
.26 maker-164545528-augustus-gene-0.3-mRNA-1 2147837
.26 maker-164545528-augustus-gene-0.3-mRNA-1 2101533
.35 augustus_masked-168533198-processed-gene-0.0-mRNA-1 2085834
.64 augustus_masked-168533198-processed-gene-0.0-mRNA-1 2100609
.99 maker-168183791-snap-gene-0.31-mRNA-1 2191982
.77 maker-167916321-snap-gene-0.8-mRNA-1 2141233
.10 maker-167916321-snap-gene-0.8-mRNA-1 572897
.12 maker-168573168-augustus-gene-0.36-mRNA-1 1008203
.83 maker-168573168-augustus-gene-0.36-mRNA-1 2191630
.85 augustus_masked-168349276-processed-gene-0.3-mRNA-1 2191819
.04 augustus_masked-168349276-processed-gene-0.3-mRNA-1 1926092
.04 augustus_masked-168349276-processed-gene-0.3-mRNA-1 1953441
.70 maker-168200084-augustus-gene-0.33-mRNA-1 2191578
.18 maker-168200084-augustus-gene-0.33-mRNA-1 2087901
.10 maker-168200084-augustus-gene-0.33-mRNA-1 2106220
.99 snap_masked-168182857-processed-gene-0.25-mRNA-1 2191920
.29 maker-168558452-snap-gene-0.20-mRNA-1 2088497
.28 maker-168558452-snap-gene-0.20-mRNA-1 2089351
.21 maker-168558452-snap-gene-0.20-mRNA-1 359218
.15 maker-168558452-snap-gene-0.20-mRNA-1 2094961
.15 maker-168558452-snap-gene-0.20-mRNA-1 2125054
.41 snap_masked-168452979-processed-gene-0.4-mRNA-1 2191746
.56 snap_masked-168452979-processed-gene-0.4-mRNA-1 2110628
.30 maker-168566120-augustus-gene-0.23-mRNA-1 2093683
.24 maker-168566120-augustus-gene-0.23-mRNA-1 2091024
.20 maker-168566120-augustus-gene-0.23-mRNA-1 2097928
.05 maker-168566120-augustus-gene-0.23-mRNA-1 2125078
.87 maker-168190355-augustus-gene-0.60-mRNA-1 2086504
.12 maker-168190355-augustus-gene-0.60-mRNA-1 2090193
.31 augustus_masked-167923861-processed-gene-0.5-mRNA-1 49043
.45 augustus_masked-167923861-processed-gene-0.5-mRNA-1 730306
.81 maker-168251680-augustus-gene-0.19-mRNA-1 2191938
.13 maker-168251680-augustus-gene-0.19-mRNA-1 2092275
.81 maker-168569336-snap-gene-0.91-mRNA-1 2191928
.69 augustus_masked-168574555-processed-gene-0.3-mRNA-1 2190291
.58 augustus_masked-168574555-processed-gene-0.3-mRNA-1 2091184
.61 augustus_masked-168574555-processed-gene-0.3-mRNA-1 286435
.51 augustus_masked-168574555-processed-gene-0.3-mRNA-1 585125
.48 augustus_masked-168574555-processed-gene-0.3-mRNA-1 2098546
.42 maker-167884457-augustus-gene-0.19-mRNA-1 2191942
.28 maker-167884457-augustus-gene-0.19-mRNA-1 296664
.06 maker-167884457-augustus-gene-0.19-mRNA-1 2191755
.41 maker-168561839-snap-gene-0.104-mRNA-1 2088280
.22 maker-168561839-snap-gene-0.104-mRNA-1 2146924
.25 augustus_masked-168552895-processed-gene-0.4-mRNA-1 2133307
.73 augustus_masked-168552895-processed-gene-0.4-mRNA-1 2159905
.90 maker-168570159-snap-gene-0.69-mRNA-1 2191901
.89 maker-168577267-snap-gene-0.43-mRNA-1 2191954
.67 maker-168028912-augustus-gene-0.14-mRNA-1 2136320
.20 maker-168028912-augustus-gene-0.14-mRNA-1 2108866
.65 maker-168245343-snap-gene-0.59-mRNA-1 2089563
.12 maker-168245343-snap-gene-0.59-mRNA-1 457475
.25 maker-168568355-snap-gene-0.44-mRNA-1 2098719
.68 maker-168568355-snap-gene-0.44-mRNA-1 2191914
.53 maker-168182666-augustus-gene-0.23-mRNA-1 2101069
.26 maker-168182666-augustus-gene-0.23-mRNA-1 2167473
.23 maker-168272606-snap-gene-0.19-mRNA-1 2098115
.46 maker-168272606-snap-gene-0.19-mRNA-1 2191646
.76 augustus_masked-168306248-processed-gene-0.2-mRNA-1 2103634
.11 augustus_masked-168306248-processed-gene-0.2-mRNA-1 1615157
.82 maker-166102719-augustus-gene-0.4-mRNA-1 2191845
.99 maker-167865379-augustus-gene-0.13-mRNA-1 2191978
.50 augustus_masked-161465451-processed-gene-0.0-mRNA-1 2105295
.35 augustus_masked-161465451-processed-gene-0.0-mRNA-1 2086043
.60 maker-168544337-snap-gene-0.64-mRNA-1 2191980
.20 maker-168446536-augustus-gene-0.75-mRNA-1 438082
.79 maker-168446536-augustus-gene-0.75-mRNA-1 2191934
.35 maker-168337298-snap-gene-0.121-mRNA-1 2086261
.64 maker-168337298-snap-gene-0.121-mRNA-1 2087169
.65 genemark-168561940-processed-gene-0.2-mRNA-1 2191734
.20 genemark-168561940-processed-gene-0.2-mRNA-1 2101025
.91 maker-168561517-snap-gene-0.42-mRNA-1 2191977
.19 maker-168227667-augustus-gene-0.26-mRNA-1 2100448
.30 maker-168227667-augustus-gene-0.26-mRNA-1 2191852
.88 maker-168183379-snap-gene-0.25-mRNA-1 2191926
.71 maker-168198886-augustus-gene-0.9-mRNA-1 2167082
.26 maker-168198886-augustus-gene-0.9-mRNA-1 864012
.76 augustus_masked-168577235-processed-gene-0.0-mRNA-1 2191972
.22 augustus_masked-168577235-processed-gene-0.0-mRNA-1 2191972
.17 maker-168203955-snap-gene-0.25-mRNA-1 2110048
.39 maker-168203955-snap-gene-0.25-mRNA-1 2124590
.28 maker-168447274-snap-gene-0.95-mRNA-1 2165654
.53 maker-168447274-snap-gene-0.95-mRNA-1 2093501
.99 snap_masked-168444801-processed-gene-0.22-mRNA-1 2191909
.47 augustus_masked-167843768-processed-gene-0.1-mRNA-1 2091136
.33 augustus_masked-167843768-processed-gene-0.1-mRNA-1 2091137
.80 augustus_masked-167838072-processed-gene-0.0-mRNA-1 2088576
.18 augustus_masked-167838072-processed-gene-0.0-mRNA-1 444968
.14 maker-163851664-snap-gene-0.3-mRNA-1 462278
.85 maker-163851664-snap-gene-0.3-mRNA-1 652869
.59 maker-167824498-snap-gene-0.12-mRNA-1 2099343
.75 maker-168285931-snap-gene-0.18-mRNA-1 2191736
.18 maker-168285931-snap-gene-0.18-mRNA-1 798506
.49 augustus_masked-168486697-processed-gene-0.0-mRNA-1 2191633
.27 augustus_masked-168486697-processed-gene-0.0-mRNA-1 2089550
.45 maker-168239819-augustus-gene-0.16-mRNA-1 2094024
.15 maker-168239819-augustus-gene-0.16-mRNA-1 2136869
.85 snap_masked-166556167-processed-gene-0.2-mRNA-1 2190887
.26 maker-168280189-augustus-gene-0.27-mRNA-1 2191779
.17 maker-168280189-augustus-gene-0.27-mRNA-1 2122982
.02 maker-168280189-augustus-gene-0.27-mRNA-1 2143717
.53 genemark-162472283-processed-gene-0.0-mRNA-1 1744129
.37 genemark-162472283-processed-gene-0.0-mRNA-1 1059256
.81 maker-168371039-augustus-gene-3.86-mRNA-1 2191945
.10 maker-168371039-augustus-gene-3.86-mRNA-1 858194
.23 genemark-168462333-processed-gene-0.1-mRNA-1 2188219
.76 genemark-168462333-processed-gene-0.1-mRNA-1 2154759
.19 maker-168569837-augustus-gene-0.22-mRNA-1 2182600
.49 maker-168569837-augustus-gene-0.22-mRNA-1 2191910
.65 maker-168496813-augustus-gene-0.17-mRNA-1 2100159
.28 maker-168496813-augustus-gene-0.17-mRNA-1 2085959
.42 augustus_masked-168496682-processed-gene-0.2-mRNA-1 2104172
.57 augustus_masked-168496682-processed-gene-0.2-mRNA-1 2164322
.86 maker-168097938-augustus-gene-0.6-mRNA-1 2191694
.13 maker-168097938-augustus-gene-0.6-mRNA-1 2148205
.25 maker-166473144-augustus-gene-0.4-mRNA-1 2146081
.16 maker-166473144-augustus-gene-0.4-mRNA-1 2166364
.10 maker-166473144-augustus-gene-0.4-mRNA-1 1252592
.07 maker-166473144-augustus-gene-0.4-mRNA-1 888982
.67 maker-168188742-snap-gene-0.18-mRNA-1 2191697
.32 maker-168188742-snap-gene-0.18-mRNA-1 2094561
.44 maker-168463595-snap-gene-0.16-mRNA-1 2191965
.37 maker-168463595-snap-gene-0.16-mRNA-1 2191965
.47 augustus_masked-167064211-processed-gene-0.0-mRNA-1 2102591
.24 augustus_masked-167064211-processed-gene-0.0-mRNA-1 2167231
.32 maker-161703515-snap-gene-0.4-mRNA-1 536764
.66 maker-161703515-snap-gene-0.4-mRNA-1 379491
.13 snap_masked-167945410-processed-gene-0.34-mRNA-1 2144493
.84 snap_masked-167945410-processed-gene-0.34-mRNA-1 2191747
.62 augustus_masked-161912890-processed-gene-0.1-mRNA-1 1900531
.37 augustus_masked-168263747-processed-gene-0.6-mRNA-1 2139078
.23 augustus_masked-168263747-processed-gene-0.6-mRNA-1 2107008
.43 maker-168185999-snap-gene-0.65-mRNA-1 2191574
.19 maker-168185999-snap-gene-0.65-mRNA-1 2095763
.48 genemark-168568391-processed-gene-0.36-mRNA-1 2191608
.20 genemark-168568391-processed-gene-0.36-mRNA-1 2185489
.75 maker-168432347-augustus-gene-0.9-mRNA-1 2191748
.24 maker-168432347-augustus-gene-0.9-mRNA-1 2094950
.33 genemark-168502275-processed-gene-0.3-mRNA-1 2091169
.22 genemark-168502275-processed-gene-0.3-mRNA-1 2142964
.11 genemark-168502275-processed-gene-0.3-mRNA-1 2183333
.83 augustus_masked-168249694-processed-gene-0.8-mRNA-1 2191831
.99 maker-166108455-augustus-gene-0.5-mRNA-1 2191907
.45 maker-168564204-augustus-gene-0.29-mRNA-1 2085965
.19 maker-168564204-augustus-gene-0.29-mRNA-1 2191609
.20 maker-168564204-augustus-gene-0.29-mRNA-1 887360
.38 maker-168330708-augustus-gene-0.7-mRNA-1 2191961
.49 maker-168446659-augustus-gene-0.43-mRNA-1 2123164
.27 maker-168446659-augustus-gene-0.43-mRNA-1 2161115
