.26 snap_masked-168190002-processed-gene-0.28-mRNA-1 1921055
.57 snap_masked-168190002-processed-gene-0.28-mRNA-1 1972988
.24 maker-166283943-augustus-gene-0.3-mRNA-1 1972946
.63 maker-166283943-augustus-gene-0.3-mRNA-1 1885883
.18 augustus_masked-168485076-processed-gene-0.1-mRNA-1 1885871
.81 augustus_masked-168485076-processed-gene-0.1-mRNA-1 1972944
.60 augustus_masked-168370932-processed-gene-0.3-mRNA-1 1279645
.33 augustus_masked-168370932-processed-gene-0.3-mRNA-1 1965231
.23 augustus_masked-168209475-processed-gene-0.1-mRNA-1 75114
.76 augustus_masked-168209475-processed-gene-0.1-mRNA-1 1973110
.55 maker-168577294-augustus-gene-0.99-mRNA-1 1972798
.18 maker-168577294-augustus-gene-0.99-mRNA-1 1890932
.12 maker-168577294-augustus-gene-0.99-mRNA-1 349248
.12 maker-168577294-augustus-gene-0.99-mRNA-1 1881665
.99 snap_masked-168389387-processed-gene-0.5-mRNA-1 1972984
.39 maker-168244268-snap-gene-0.24-mRNA-1 49379
.17 maker-168244268-snap-gene-0.24-mRNA-1 1973144
.66 maker-168560422-snap-gene-0.29-mRNA-1 379065
.12 maker-168560422-snap-gene-0.29-mRNA-1 625977
.12 maker-168560422-snap-gene-0.29-mRNA-1 994980
.39 maker-168307430-snap-gene-0.26-mRNA-1 1973097
.10 snap_masked-165618660-processed-gene-0.3-mRNA-1 1902651
.87 snap_masked-165618660-processed-gene-0.3-mRNA-1 483671
.59 maker-168277920-augustus-gene-0.5-mRNA-1 1972980
.19 maker-168277920-augustus-gene-0.5-mRNA-1 1878695
.13 maker-168277920-augustus-gene-0.5-mRNA-1 1918633
.57 augustus_masked-168450293-processed-gene-0.4-mRNA-1 1972724
.18 augustus_masked-168450293-processed-gene-0.4-mRNA-1 1884945
.08 augustus_masked-168450293-processed-gene-0.4-mRNA-1 1886765
.06 augustus_masked-168450293-processed-gene-0.4-mRNA-1 509418
.99 maker-168471384-snap-gene-0.13-mRNA-1 1972923
.53 maker-168090540-snap-gene-0.14-mRNA-1 1920851
.37 maker-168090540-snap-gene-0.14-mRNA-1 1900131
.80 maker-168524732-snap-gene-0.36-mRNA-1 1972739
.17 maker-168524732-snap-gene-0.36-mRNA-1 96492
.17 maker-168524732-snap-gene-0.36-mRNA-1 246327
.14 maker-168524732-snap-gene-0.36-mRNA-1 1915297
.14 maker-168524732-snap-gene-0.36-mRNA-1 1940878
.18 maker-168352466-augustus-gene-0.25-mRNA-1 1903587
.60 maker-168352466-augustus-gene-0.25-mRNA-1 1879067
.26 maker-168452884-augustus-gene-0.16-mRNA-1 1879853
.27 maker-168452884-augustus-gene-0.16-mRNA-1 1881615
.66 snap_masked-167068571-processed-gene-0.3-mRNA-1 1888204
.32 snap_masked-167068571-processed-gene-0.3-mRNA-1 1918465
.43 augustus_masked-166744097-processed-gene-0.0-mRNA-1 1930299
.26 augustus_masked-166744097-processed-gene-0.0-mRNA-1 1878575
.54 maker-168394294-snap-gene-0.50-mRNA-1 1973094
.27 maker-168394294-snap-gene-0.50-mRNA-1 110639
.16 maker-168394294-snap-gene-0.50-mRNA-1 1913687
.25 maker-168292871-snap-gene-0.79-mRNA-1 1926188
.74 maker-168292871-snap-gene-0.79-mRNA-1 1973102
.17 maker-161915945-augustus-gene-0.4-mRNA-1 1940148
.82 maker-161915945-augustus-gene-0.4-mRNA-1 1973095
.67 maker-164591750-augustus-gene-0.3-mRNA-1 1909942
.16 maker-164591750-augustus-gene-0.3-mRNA-1 1429322
.62 maker-168533242-augustus-gene-0.10-mRNA-1 1972896
.01 maker-168533242-augustus-gene-0.10-mRNA-1 1962156
.41 snap_masked-164773277-processed-gene-0.4-mRNA-1 234432
.58 snap_masked-164773277-processed-gene-0.4-mRNA-1 1877575
.61 maker-168112190-augustus-gene-0.5-mRNA-4 1972950
.07 maker-168112190-augustus-gene-0.5-mRNA-4 1889803
.18 genemark-168465189-processed-gene-0.13-mRNA-1 473713
.81 genemark-168465189-processed-gene-0.13-mRNA-1 1897728
.56 augustus_masked-168458112-processed-gene-0.2-mRNA-1 1879921
.24 augustus_masked-168458112-processed-gene-0.2-mRNA-1 510374
.45 maker-166894346-augustus-gene-0.4-mRNA-1 375027
.35 maker-166894346-augustus-gene-0.4-mRNA-1 1894172
.92 maker-168390790-snap-gene-0.27-mRNA-1 1973091
.07 maker-168390790-snap-gene-0.27-mRNA-1 443860
.49 maker-168564770-snap-gene-0.78-mRNA-1 1921995
.26 maker-168564770-snap-gene-0.78-mRNA-1 520437
.31 genemark-168544813-processed-gene-0.6-mRNA-1 1880580
.37 genemark-168544813-processed-gene-0.6-mRNA-1 280230
.21 maker-168186684-augustus-gene-0.21-mRNA-1 1918896
.15 maker-168186684-augustus-gene-0.21-mRNA-1 1881581
.60 maker-168184241-snap-gene-0.7-mRNA-1 1882498
.23 maker-168184241-snap-gene-0.7-mRNA-1 326199
.41 augustus_masked-168338404-processed-gene-0.14-mRNA-1 813145
.32 augustus_masked-168338404-processed-gene-0.14-mRNA-1 1927444
.68 snap_masked-168547409-processed-gene-0.34-mRNA-1 1972969
.30 augustus_masked-168515231-processed-gene-0.6-mRNA-1 1973158
.26 augustus_masked-168515231-processed-gene-0.6-mRNA-1 1910016
.41 maker-168350183-snap-gene-0.22-mRNA-1 540788
.58 maker-168350183-snap-gene-0.22-mRNA-1 1972832
.33 maker-166415089-augustus-gene-0.3-mRNA-1 1877280
.51 maker-166415089-augustus-gene-0.3-mRNA-1 1972825
.88 augustus_masked-168438758-processed-gene-0.11-mRNA-1 1973000
.63 augustus_masked-167196436-processed-gene-0.0-mRNA-1 1973013
.25 augustus_masked-167196436-processed-gene-0.0-mRNA-1 1927170
.13 maker-168208252-snap-gene-0.84-mRNA-3 1973090
.12 maker-168208252-snap-gene-0.84-mRNA-3 1889584
.60 augustus_masked-168402951-processed-gene-0.0-mRNA-1 1879636
.25 augustus_masked-168402951-processed-gene-0.0-mRNA-1 1880259
.48 maker-168506409-snap-gene-0.34-mRNA-1 1973112
.18 maker-168506409-snap-gene-0.34-mRNA-1 197903
.04 maker-168506409-snap-gene-0.34-mRNA-1 1879410
.04 maker-168506409-snap-gene-0.34-mRNA-1 197901
.82 maker-168570208-snap-gene-0.39-mRNA-1 1973157
.15 maker-168570208-snap-gene-0.39-mRNA-1 1926134
.72 maker-168185366-snap-gene-0.6-mRNA-1 1972889
.11 maker-168185366-snap-gene-0.6-mRNA-1 1545586
.86 maker-168570929-augustus-gene-0.41-mRNA-1 1973163
.74 snap_masked-168550564-processed-gene-0.102-mRNA-1 1972912
.15 snap_masked-168550564-processed-gene-0.102-mRNA-1 1880642
.14 snap_masked-168550564-processed-gene-0.102-mRNA-1 746910
.15 snap_masked-168550564-processed-gene-0.102-mRNA-1 71791
.15 snap_masked-168550564-processed-gene-0.102-mRNA-1 1891401
.59 augustus_masked-168391043-processed-gene-0.3-mRNA-1 1882694
.34 augustus_masked-168389727-processed-gene-0.2-mRNA-1 1882608
.29 augustus_masked-168389727-processed-gene-0.2-mRNA-1 1882609
.33 augustus_masked-168183743-processed-gene-0.3-mRNA-1 281912
.06 augustus_masked-168183743-processed-gene-0.3-mRNA-1 1001385
.02 augustus_masked-168183743-processed-gene-0.3-mRNA-1 315767
.01 augustus_masked-168183743-processed-gene-0.3-mRNA-1 315767
.37 maker-162653869-augustus-gene-0.3-mRNA-1 1889294
.32 maker-162653869-augustus-gene-0.3-mRNA-1 1889727
.22 maker-162653869-augustus-gene-0.3-mRNA-1 1902539
.19 maker-162653869-augustus-gene-0.3-mRNA-1 1966907
.16 maker-162653869-augustus-gene-0.3-mRNA-1 219544
.71 snap_masked-168349398-processed-gene-0.14-mRNA-1 1885785
.27 snap_masked-168349398-processed-gene-0.14-mRNA-1 153843
.91 augustus_masked-166127505-processed-gene-0.0-mRNA-1 196659
.91 augustus_masked-166127505-processed-gene-0.0-mRNA-1 1900451
.35 augustus_masked-166127505-processed-gene-0.0-mRNA-1 1907716
.53 augustus_masked-168577140-processed-gene-0.0-mRNA-1 1883581
.32 augustus_masked-168577140-processed-gene-0.0-mRNA-1 1943314
.70 maker-168315332-snap-gene-0.27-mRNA-1 1927945
.16 maker-168315332-snap-gene-0.27-mRNA-1 1532342
.56 maker-168217957-snap-gene-0.98-mRNA-1 1973156
.05 maker-168217957-snap-gene-0.98-mRNA-1 1973156
.34 augustus_masked-168576661-processed-gene-0.4-mRNA-1 1972778
.22 augustus_masked-168576661-processed-gene-0.4-mRNA-1 1943180
.22 augustus_masked-168576661-processed-gene-0.4-mRNA-1 14854
.16 augustus_masked-168576661-processed-gene-0.4-mRNA-1 410273
.53 snap_masked-166447821-processed-gene-0.2-mRNA-1 1878780
.42 snap_masked-166447821-processed-gene-0.2-mRNA-1 1896212
.58 maker-168441275-augustus-gene-0.55-mRNA-1 1972834
.99 maker-168511851-augustus-gene-0.44-mRNA-1 1973151
.68 maker-168577556-augustus-gene-0.31-mRNA-1 1973161
.20 maker-168577556-augustus-gene-0.31-mRNA-1 1882464
.46 maker-168399250-snap-gene-1.86-mRNA-1 1972736
.16 maker-168399250-snap-gene-1.86-mRNA-1 266133
.04 maker-168399250-snap-gene-1.86-mRNA-1 1882460
.20 snap_masked-168503149-processed-gene-0.19-mRNA-1 1886726
.51 snap_masked-168503149-processed-gene-0.19-mRNA-1 1896765
.26 augustus_masked-168388007-processed-gene-0.10-mRNA-1 1889363
.38 augustus_masked-168388007-processed-gene-0.10-mRNA-1 1896614
.45 snap_masked-168092212-processed-gene-0.8-mRNA-1 1972917
.12 snap_masked-168092212-processed-gene-0.8-mRNA-1 1901325
.18 maker-168516400-augustus-gene-0.46-mRNA-1 1883120
.81 maker-168516400-augustus-gene-0.46-mRNA-1 1973104
.51 maker-168340210-snap-gene-0.33-mRNA-1 1971450
.35 maker-168340210-snap-gene-0.33-mRNA-1 1344326
.36 maker-168577025-snap-gene-0.64-mRNA-1 1628228
.36 maker-168577025-snap-gene-0.64-mRNA-1 699142
.22 maker-167865223-augustus-gene-0.47-mRNA-1 1884404
.46 maker-167865223-augustus-gene-0.47-mRNA-1 1880084
.20 maker-168344240-augustus-gene-0.18-mRNA-1 347979
.14 maker-168344240-augustus-gene-0.18-mRNA-1 1942589
.08 maker-168344240-augustus-gene-0.18-mRNA-1 1921137
.08 maker-168344240-augustus-gene-0.18-mRNA-1 226990
.06 maker-168344240-augustus-gene-0.18-mRNA-1 1907700
.12 maker-168536042-snap-gene-0.9-mRNA-1 1883719
.70 maker-168536042-snap-gene-0.9-mRNA-1 491107
.53 maker-168509181-snap-gene-0.106-mRNA-1 1973116
.11 maker-168355485-snap-gene-0.16-mRNA-1 1926604
.88 maker-168355485-snap-gene-0.16-mRNA-1 1973160
.82 augustus_masked-168416866-processed-gene-0.4-mRNA-1 1973149
.11 augustus_masked-168142905-processed-gene-0.3-mRNA-1 350566
.88 augustus_masked-168142905-processed-gene-0.3-mRNA-1 1880979
.30 augustus_masked-166839592-processed-gene-0.1-mRNA-1 1930162
.35 augustus_masked-166839592-processed-gene-0.1-mRNA-1 435323
.16 maker-167869164-augustus-gene-0.17-mRNA-1 1937099
.71 maker-167869164-augustus-gene-0.17-mRNA-1 1972961
.26 maker-168237988-snap-gene-0.11-mRNA-1 1904919
.30 maker-168237988-snap-gene-0.11-mRNA-1 369571
.47 maker-167942724-augustus-gene-0.9-mRNA-1 1879181
.52 maker-167942724-augustus-gene-0.9-mRNA-1 421290
.33 augustus_masked-168346240-processed-gene-0.1-mRNA-1 1888591
.41 augustus_masked-168346240-processed-gene-0.1-mRNA-1 1880268
.76 maker-168517188-snap-gene-0.21-mRNA-1 1973152
.18 maker-168517188-snap-gene-0.21-mRNA-1 713414
.40 maker-168559840-snap-gene-0.10-mRNA-1 1929763
.59 maker-168559840-snap-gene-0.10-mRNA-1 1878365
.25 augustus_masked-168575934-processed-gene-0.1-mRNA-1 1901251
.36 augustus_masked-168575934-processed-gene-0.1-mRNA-1 1905386
.29 maker-168240834-snap-gene-0.39-mRNA-1 1882889
.24 maker-168240834-snap-gene-0.39-mRNA-1 1879264
.22 maker-168577285-augustus-gene-0.52-mRNA-1 1879292
.56 maker-168577285-augustus-gene-0.52-mRNA-1 1890086
.59 maker-168569475-augustus-gene-0.52-mRNA-1 1973001
.16 maker-168255407-snap-gene-0.15-mRNA-1 1892777
.31 maker-168255407-snap-gene-0.15-mRNA-1 1902969
.74 augustus_masked-164689749-processed-gene-0.0-mRNA-1 803884
.16 augustus_masked-164689749-processed-gene-0.0-mRNA-1 1530310
.10 augustus_masked-164689749-processed-gene-0.0-mRNA-1 937091
.32 maker-168286907-augustus-gene-0.50-mRNA-1 1972712
.43 maker-168286907-augustus-gene-0.50-mRNA-1 1896732
.99 snap_masked-159758204-processed-gene-0.4-mRNA-1 1972907
.72 maker-168122527-augustus-gene-0.8-mRNA-1 1973148
.15 maker-168122527-augustus-gene-0.8-mRNA-1 1890478
.08 maker-168122527-augustus-gene-0.8-mRNA-1 1882281
.88 maker-168142165-snap-gene-0.31-mRNA-1 1973115
.11 maker-168142165-snap-gene-0.31-mRNA-1 319935
.68 maker-168253976-snap-gene-0.19-mRNA-1 1972765
.20 maker-168253976-snap-gene-0.19-mRNA-1 682288
.36 maker-163414130-augustus-gene-0.4-mRNA-1 1880166
.38 maker-163414130-augustus-gene-0.4-mRNA-1 1880167
.99 maker-167855813-augustus-gene-0.14-mRNA-1 1897644
.18 augustus_masked-168286932-processed-gene-0.3-mRNA-1 634154
.42 augustus_masked-168286932-processed-gene-0.3-mRNA-1 1878899
.85 maker-168551784-augustus-gene-0.43-mRNA-1 1972849
.11 maker-168551784-augustus-gene-0.43-mRNA-1 1882994
.52 maker-168376165-snap-gene-0.24-mRNA-1 1916192
.47 maker-165796197-augustus-gene-0.4-mRNA-1 1878950
.34 maker-165796197-augustus-gene-0.4-mRNA-1 169480
.16 maker-168424764-snap-gene-0.30-mRNA-1 1910808
.40 maker-168424764-snap-gene-0.30-mRNA-1 1972975
.50 maker-168190526-snap-gene-1.103-mRNA-2 1973012
.40 maker-166363699-augustus-gene-0.3-mRNA-1 1882879
.30 maker-166363699-augustus-gene-0.3-mRNA-1 404921
.18 maker-166363699-augustus-gene-0.3-mRNA-1 1882880
.17 maker-166363699-augustus-gene-0.3-mRNA-1 506412
.14 maker-166363699-augustus-gene-0.3-mRNA-1 1959291
.53 genemark-168552197-processed-gene-0.20-mRNA-1 1972914
.29 genemark-168552197-processed-gene-0.20-mRNA-1 1972914
.17 genemark-168552197-processed-gene-0.20-mRNA-1 1897977
.16 genemark-168552197-processed-gene-0.20-mRNA-1 1935332
.90 maker-168443061-augustus-gene-0.24-mRNA-1 1877598
.08 maker-168443061-augustus-gene-0.24-mRNA-1 605557
.11 augustus_masked-168495698-processed-gene-0.19-mRNA-1 1879556
.88 augustus_masked-168495698-processed-gene-0.19-mRNA-1 1973101
.15 maker-168564757-snap-gene-0.70-mRNA-1 1937437
.83 maker-168564757-snap-gene-0.70-mRNA-1 1973167
.03 maker-168211830-augustus-gene-0.12-mRNA-1 1953109
.96 maker-168211830-augustus-gene-0.12-mRNA-1 1973165
.56 genemark-168577075-processed-gene-0.3-mRNA-1 1972759
.26 genemark-168577075-processed-gene-0.3-mRNA-1 456658
.30 augustus_masked-161862128-processed-gene-0.0-mRNA-1 1906663
.52 augustus_masked-161862128-processed-gene-0.0-mRNA-1 1887293
.14 maker-167828622-augustus-gene-0.5-mRNA-1 1944953
.77 maker-167828622-augustus-gene-0.5-mRNA-1 1882507
.52 maker-168182714-augustus-gene-0.3-mRNA-2 1973065
.27 maker-168182714-augustus-gene-0.3-mRNA-2 1884591
.22 augustus_masked-168543219-processed-gene-0.9-mRNA-1 82391
.72 augustus_masked-168543219-processed-gene-0.9-mRNA-1 357814
.24 maker-168353440-snap-gene-0.15-mRNA-1 1910190
.75 maker-168353440-snap-gene-0.15-mRNA-1 1973096
.99 maker-167875766-augustus-gene-0.5-mRNA-1 1973103
.67 maker-168363033-snap-gene-0.110-mRNA-1 1908223
.15 maker-168363033-snap-gene-0.110-mRNA-1 1927325
.63 maker-168201508-augustus-gene-0.4-mRNA-1 358442
.35 maker-168201508-augustus-gene-0.4-mRNA-1 1613684
.99 maker-168399359-snap-gene-0.30-mRNA-1 1973145
.69 augustus_masked-168515415-processed-gene-0.7-mRNA-1 1882242
.30 augustus_masked-168515415-processed-gene-0.7-mRNA-1 1972955
.66 augustus_masked-168191497-processed-gene-0.34-mRNA-1 1902188
.36 augustus_masked-168191497-processed-gene-0.34-mRNA-1 1352301
.68 maker-162605827-snap-gene-0.3-mRNA-1 1896877
.30 maker-162605827-snap-gene-0.3-mRNA-1 807630
.43 maker-168257240-snap-gene-0.58-mRNA-1 292483
.33 maker-168257240-snap-gene-0.58-mRNA-1 1915765
.27 maker-168379418-snap-gene-0.42-mRNA-1 1972991
.45 maker-168379418-snap-gene-0.42-mRNA-1 1879371
.24 maker-168239269-augustus-gene-0.34-mRNA-1 1900762
.70 maker-168239269-augustus-gene-0.34-mRNA-1 1878965
.42 maker-168414376-snap-gene-0.39-mRNA-1 235009
.36 maker-168414376-snap-gene-0.39-mRNA-1 476327
.79 maker-168471628-snap-gene-0.18-mRNA-1 1972993
.12 maker-168471628-snap-gene-0.18-mRNA-1 1878518
.25 maker-168184972-augustus-gene-0.4-mRNA-1 337118
.47 maker-168184972-augustus-gene-0.4-mRNA-1 360114
.71 genemark-167703041-processed-gene-0.0-mRNA-1 1972970
.18 genemark-167703041-processed-gene-0.0-mRNA-1 1959846
.20 maker-168463880-augustus-gene-0.8-mRNA-1 1879355
.47 maker-168463880-augustus-gene-0.8-mRNA-1 1887271
.22 maker-168271200-augustus-gene-0.16-mRNA-1 1879478
.76 maker-168271200-augustus-gene-0.16-mRNA-1 1973140
.40 maker-168574083-augustus-gene-0.23-mRNA-1 1972932
.30 maker-168574083-augustus-gene-0.23-mRNA-1 617801
.06 maker-168574083-augustus-gene-0.23-mRNA-1 1898690
.46 genemark-162711595-processed-gene-0.1-mRNA-1 1943139
.28 genemark-162711595-processed-gene-0.1-mRNA-1 902020
.34 maker-166773883-snap-gene-0.5-mRNA-1 1878612
.21 maker-166773883-snap-gene-0.5-mRNA-1 1027037
.18 maker-166773883-snap-gene-0.5-mRNA-1 1878613
.12 maker-166773883-snap-gene-0.5-mRNA-1 1892309
.49 maker-168429947-augustus-gene-0.37-mRNA-1 1973105
.26 maker-168429947-augustus-gene-0.37-mRNA-1 1887646
.59 maker-168472848-snap-gene-0.42-mRNA-1 1949791
.28 maker-168472848-snap-gene-0.42-mRNA-1 672072
.18 maker-168522419-snap-gene-0.44-mRNA-1 1932379
.75 maker-168522419-snap-gene-0.44-mRNA-1 1973005
.99 augustus_masked-167187769-processed-gene-0.0-mRNA-1 1913208
.39 maker-162080320-snap-gene-0.5-mRNA-1 1884253
.35 maker-162080320-snap-gene-0.5-mRNA-1 1898194
.23 maker-162080320-snap-gene-0.5-mRNA-1 1022987
.21 maker-162080320-snap-gene-0.5-mRNA-1 1944906
.47 maker-168251700-snap-gene-0.27-mRNA-1 1879630
.17 maker-168251700-snap-gene-0.27-mRNA-1 1895366
.11 maker-168251700-snap-gene-0.27-mRNA-1 1895797
.55 augustus_masked-166842099-processed-gene-0.1-mRNA-1 1883198
.29 augustus_masked-166842099-processed-gene-0.1-mRNA-1 1877580
.80 augustus_masked-168554693-processed-gene-0.17-mRNA-1 1972960
.19 augustus_masked-168554693-processed-gene-0.17-mRNA-1 1969205
.31 maker-168454181-augustus-gene-0.110-mRNA-1 197328
.37 maker-168454181-augustus-gene-0.110-mRNA-1 428236
.38 augustus_masked-165926022-processed-gene-0.0-mRNA-1 113244
.37 augustus_masked-165926022-processed-gene-0.0-mRNA-1 1884867
.60 maker-168240510-augustus-gene-0.30-mRNA-1 1893798
.09 maker-168240510-augustus-gene-0.30-mRNA-1 1879019
.05 maker-168240510-augustus-gene-0.30-mRNA-1 173500
.05 maker-168240510-augustus-gene-0.30-mRNA-1 1892697
.05 maker-168240510-augustus-gene-0.30-mRNA-1 551121
.70 maker-162868920-snap-gene-0.4-mRNA-1 1972876
.26 maker-162868920-snap-gene-0.4-mRNA-1 1882876
.84 maker-168227898-snap-gene-0.43-mRNA-1 1972939
.07 maker-168227898-snap-gene-0.43-mRNA-1 1920104
.83 maker-168398674-snap-gene-0.59-mRNA-1 1973146
.12 maker-168398674-snap-gene-0.59-mRNA-1 1908090
0 snap_masked-166887161-processed-gene-0.4-mRNA-1 1973114
.35 maker-168138634-augustus-gene-0.11-mRNA-1 1888046
.35 maker-168138634-augustus-gene-0.11-mRNA-1 1881534
.25 maker-168138634-augustus-gene-0.11-mRNA-1 1884694
.21 maker-168138634-augustus-gene-0.11-mRNA-1 293402
.53 maker-168531691-augustus-gene-0.22-mRNA-1 1972956
.39 maker-168531691-augustus-gene-0.22-mRNA-1 245111
.38 maker-168368165-augustus-gene-0.39-mRNA-1 1018052
.76 maker-158895201-augustus-gene-0.3-mRNA-1 1880250
.23 maker-158895201-augustus-gene-0.3-mRNA-1 238451
.83 augustus_masked-168548606-processed-gene-0.12-mRNA-1 1908603
.86 augustus_masked-168191616-processed-gene-0.17-mRNA-1 1973166
.48 maker-168567405-snap-gene-0.31-mRNA-1 400980
.28 maker-168567405-snap-gene-0.31-mRNA-1 1881712
.62 maker-168577084-snap-gene-0.16-mRNA-1 1973147
.22 snap_masked-167938364-processed-gene-0.2-mRNA-1 1952881
.77 snap_masked-167938364-processed-gene-0.2-mRNA-1 1894226
.82 maker-168359502-augustus-gene-0.13-mRNA-1 1973141
.09 maker-168359502-augustus-gene-0.13-mRNA-1 1973141
.42 maker-168138948-augustus-gene-0.12-mRNA-1 1973150
.77 augustus_masked-168451357-processed-gene-0.4-mRNA-1 1973142
.08 augustus_masked-168451357-processed-gene-0.4-mRNA-1 1955332
.07 augustus_masked-168451357-processed-gene-0.4-mRNA-1 1074617
.62 augustus_masked-168296318-processed-gene-0.3-mRNA-1 1973009
.39 augustus_masked-167848865-processed-gene-0.2-mRNA-1 1943409
.20 augustus_masked-167848865-processed-gene-0.2-mRNA-1 1889947
.13 augustus_masked-167848865-processed-gene-0.2-mRNA-1 1883664
.11 augustus_masked-167848865-processed-gene-0.2-mRNA-1 312375
.08 augustus_masked-167848865-processed-gene-0.2-mRNA-1 730803
.25 maker-163860129-snap-gene-0.5-mRNA-1 512793
.28 maker-163860129-snap-gene-0.5-mRNA-1 1903611
.29 maker-168184023-augustus-gene-0.11-mRNA-2 1908197
.05 maker-168184023-augustus-gene-0.11-mRNA-2 1878043
.02 maker-168184023-augustus-gene-0.11-mRNA-2 1895188
.62 augustus_masked-168518173-processed-gene-0.6-mRNA-1 1937878
.71 augustus_masked-168380608-processed-gene-0.2-mRNA-1 147747
.27 augustus_masked-168380608-processed-gene-0.2-mRNA-1 145158
.14 snap_masked-167884987-processed-gene-0.25-mRNA-1 1934159
.84 snap_masked-167884987-processed-gene-0.25-mRNA-1 1909626
.14 augustus_masked-162282389-processed-gene-0.0-mRNA-1 992037
.74 augustus_masked-162282389-processed-gene-0.0-mRNA-1 1882417
.38 augustus_masked-168551594-processed-gene-0.3-mRNA-1 1943108
.16 augustus_masked-168551594-processed-gene-0.3-mRNA-1 1881977
.51 genemark-168564678-processed-gene-0.2-mRNA-1 1972967
.15 genemark-168564678-processed-gene-0.2-mRNA-1 1955991
.84 maker-167850645-snap-gene-0.30-mRNA-1 1973169
.86 maker-168186924-snap-gene-0.23-mRNA-1 1973168
.09 maker-168281809-augustus-gene-0.12-mRNA-1 1250166
.89 maker-168281809-augustus-gene-0.12-mRNA-1 1877206
.86 maker-159030253-snap-gene-0.4-mRNA-1 1972895
.13 maker-159030253-snap-gene-0.4-mRNA-1 236897
.28 maker-168189884-snap-gene-0.73-mRNA-1 1920080
.41 maker-168189884-snap-gene-0.73-mRNA-1 1972794
.39 maker-168514719-augustus-gene-0.38-mRNA-1 1895324
.46 maker-168514719-augustus-gene-0.38-mRNA-1 21046
.19 maker-168577220-augustus-gene-0.60-mRNA-1 1003894
.79 maker-168577220-augustus-gene-0.60-mRNA-1 1881093
.36 maker-168183693-augustus-gene-0.4-mRNA-2 1973108
.11 maker-168183693-augustus-gene-0.4-mRNA-2 1881608
.39 genemark-168431026-processed-gene-0.5-mRNA-1 1890296
.38 genemark-168431026-processed-gene-0.5-mRNA-1 1904786
.58 maker-168473566-augustus-gene-0.46-mRNA-1 1877928
.33 maker-168473566-augustus-gene-0.46-mRNA-1 455415
.21 maker-168473566-augustus-gene-0.46-mRNA-1 1889856
.99 maker-168545151-augustus-gene-0.46-mRNA-1 1881286
.62 maker-168562406-augustus-gene-0.20-mRNA-1 1972920
.05 maker-168562406-augustus-gene-0.20-mRNA-1 1879559
.70 maker-168458770-augustus-gene-0.37-mRNA-1 1899622
.29 maker-168458770-augustus-gene-0.37-mRNA-1 1889851
.08 maker-168482721-augustus-gene-0.51-mRNA-1 1899182
.83 maker-168482721-augustus-gene-0.51-mRNA-1 1881071
.84 maker-165124954-augustus-gene-0.5-mRNA-1 1972971
.15 maker-165124954-augustus-gene-0.5-mRNA-1 1945284
.31 maker-168388997-augustus-gene-0.16-mRNA-1 309364
.19 maker-168388997-augustus-gene-0.16-mRNA-1 1878968
.10 maker-168388997-augustus-gene-0.16-mRNA-1 319933
.12 maker-168154321-augustus-gene-0.45-mRNA-1 543487
.87 maker-168154321-augustus-gene-0.45-mRNA-1 1878459
.07 augustus_masked-168188318-processed-gene-0.3-mRNA-1 1711963
.81 augustus_masked-168188318-processed-gene-0.3-mRNA-1 1972958
.17 maker-168255407-snap-gene-0.15-mRNA-2 1892777
.35 maker-168255407-snap-gene-0.15-mRNA-2 1902969
.99 genemark-166997424-processed-gene-0.0-mRNA-1 1972767
.07 maker-167994331-augustus-gene-0.45-mRNA-1 769049
.84 maker-167994331-augustus-gene-0.45-mRNA-1 1972959
.39 augustus_masked-168242297-processed-gene-0.12-mRNA-1 1878928
.40 augustus_masked-168242297-processed-gene-0.12-mRNA-1 1878927
.38 snap_masked-168243331-processed-gene-0.3-mRNA-1 1926812
.61 snap_masked-168243331-processed-gene-0.3-mRNA-1 1878467
.35 snap_masked-163961224-processed-gene-0.2-mRNA-1 1894855
.54 snap_masked-163961224-processed-gene-0.2-mRNA-1 1924224
.65 maker-168278439-augustus-gene-0.47-mRNA-1 1972788
.28 maker-165671060-augustus-gene-0.3-mRNA-1 1894659
.48 maker-165671060-augustus-gene-0.3-mRNA-1 283576
.30 maker-168198041-augustus-gene-0.49-mRNA-1 1973118
.14 maker-168198041-augustus-gene-0.49-mRNA-1 1907992
.15 maker-168263287-augustus-gene-0.51-mRNA-1 1915730
.36 maker-168263287-augustus-gene-0.51-mRNA-1 1894582
.51 maker-163676960-augustus-gene-0.2-mRNA-1 1958159
.31 maker-163676960-augustus-gene-0.2-mRNA-1 1923486
.27 maker-163676960-augustus-gene-0.2-mRNA-1 1880399
.20 maker-163676960-augustus-gene-0.2-mRNA-1 1940349
.04 maker-168406671-augustus-gene-0.12-mRNA-1 1903193
.83 maker-168406671-augustus-gene-0.12-mRNA-1 1973162
.90 maker-168188977-snap-gene-0.31-mRNA-1 1973154
.46 maker-168532704-snap-gene-0.36-mRNA-1 440720
.39 maker-168532704-snap-gene-0.36-mRNA-1 1881956
.81 maker-166529607-snap-gene-0.3-mRNA-1 1972799
.54 augustus_masked-24056382-processed-gene-0.0-mRNA-1 1929763
.23 augustus_masked-24056382-processed-gene-0.0-mRNA-1 1966019
.32 genemark-168295952-processed-gene-0.19-mRNA-1 1973153
.16 genemark-168295952-processed-gene-0.19-mRNA-1 1944838
.71 maker-161634024-augustus-gene-0.2-mRNA-1 347759
.38 maker-161634024-augustus-gene-0.2-mRNA-1 1958195
.19 augustus_masked-168138750-processed-gene-0.0-mRNA-1 1892225
.80 augustus_masked-168138750-processed-gene-0.0-mRNA-1 1879961
.21 augustus_masked-168559770-processed-gene-0.3-mRNA-1 1889526
.78 augustus_masked-168559770-processed-gene-0.3-mRNA-1 1889527
.48 snap_masked-168549129-processed-gene-0.20-mRNA-1 1878436
.18 snap_masked-168549129-processed-gene-0.20-mRNA-1 280531
.16 maker-168576038-augustus-gene-0.53-mRNA-1 1962482
.83 maker-168576038-augustus-gene-0.53-mRNA-1 1973111
.47 maker-168016424-augustus-gene-0.27-mRNA-2 1900948
.31 maker-168016424-augustus-gene-0.27-mRNA-2 1886116
.31 maker-168016424-augustus-gene-0.27-mRNA-2 1880182
.17 maker-168016424-augustus-gene-0.27-mRNA-2 621403
.17 maker-168016424-augustus-gene-0.27-mRNA-2 385780
.41 maker-168189228-snap-gene-0.97-mRNA-1 1955562
.37 maker-168189228-snap-gene-0.97-mRNA-1 1973008
.89 snap_masked-166826280-processed-gene-0.3-mRNA-1 1885004
.10 snap_masked-168444448-processed-gene-0.13-mRNA-1 1898590
.79 snap_masked-168444448-processed-gene-0.13-mRNA-1 1893385
.20 maker-168320898-snap-gene-0.13-mRNA-1 1953840
.79 maker-168320898-snap-gene-0.13-mRNA-1 1973159
.48 maker-168182986-snap-gene-0.101-mRNA-1 1972803
.29 maker-168182986-snap-gene-0.101-mRNA-1 1902718
.87 augustus_masked-168287478-processed-gene-0.21-mRNA-1 1972831
.03 augustus_masked-168287478-processed-gene-0.21-mRNA-1 1972921
.03 augustus_masked-168287478-processed-gene-0.21-mRNA-1 917306
.03 augustus_masked-168287478-processed-gene-0.21-mRNA-1 1294878
.58 augustus_masked-168416176-processed-gene-0.0-mRNA-1 1972965
.35 augustus_masked-168416176-processed-gene-0.0-mRNA-1 1904430
.38 augustus_masked-168507288-processed-gene-0.0-mRNA-1 1972929
.16 augustus_masked-168507288-processed-gene-0.0-mRNA-1 1897151
.42 maker-168364903-augustus-gene-0.94-mRNA-1 1882564
.38 maker-168364903-augustus-gene-0.94-mRNA-1 218625
.15 augustus_masked-166764245-processed-gene-0.2-mRNA-1 1878608
.69 augustus_masked-166764245-processed-gene-0.2-mRNA-1 1972904
.41 maker-168561624-augustus-gene-0.6-mRNA-1 1923169
.30 maker-168561624-augustus-gene-0.6-mRNA-1 723162
.31 maker-168187371-augustus-gene-0.8-mRNA-1 1932504
.68 maker-168187371-augustus-gene-0.8-mRNA-1 1972911
.79 maker-167265731-snap-gene-0.5-mRNA-1 1939250
.14 maker-167265731-snap-gene-0.5-mRNA-1 1877715
.42 augustus_masked-167933899-processed-gene-0.3-mRNA-1 1895818
.39 augustus_masked-167933899-processed-gene-0.3-mRNA-1 749695
.81 maker-166388077-augustus-gene-0.5-mRNA-2 1891641
.36 augustus_masked-168565881-processed-gene-0.3-mRNA-1 1972994
.27 augustus_masked-168565881-processed-gene-0.3-mRNA-1 559584
.79 maker-168560921-augustus-gene-0.53-mRNA-1 1881571
.20 maker-168560921-augustus-gene-0.53-mRNA-1 1238549
.21 maker-168186284-snap-gene-0.13-mRNA-1 1877631
.20 maker-168186284-snap-gene-0.13-mRNA-1 268334
.20 maker-168186284-snap-gene-0.13-mRNA-1 1914603
.14 maker-168186284-snap-gene-0.13-mRNA-1 127990
.06 maker-168186284-snap-gene-0.13-mRNA-1 127989
.56 snap_masked-160194821-processed-gene-0.2-mRNA-1 1893787
.43 snap_masked-160194821-processed-gene-0.2-mRNA-1 1889926
.82 maker-168440195-snap-gene-0.5-mRNA-1 1880899
.17 maker-168440195-snap-gene-0.5-mRNA-1 1261347
.73 maker-168190276-snap-gene-0.64-mRNA-1 424019
.38 maker-163105483-augustus-gene-0.3-mRNA-1 1887132
.42 maker-163105483-augustus-gene-0.3-mRNA-1 1878275
.10 augustus_masked-168552098-processed-gene-0.12-mRNA-1 1905370
.89 augustus_masked-168552098-processed-gene-0.12-mRNA-1 1887153
.99 maker-168486419-augustus-gene-0.34-mRNA-1 1973113
.15 snap_masked-164559599-processed-gene-0.2-mRNA-1 1877265
.84 snap_masked-164559599-processed-gene-0.2-mRNA-1 1972976
.35 augustus_masked-168495557-processed-gene-0.1-mRNA-1 1895960
.21 augustus_masked-168495557-processed-gene-0.1-mRNA-1 374830
.95 snap_masked-168522838-processed-gene-0.103-mRNA-1 1908034
.38 maker-168178695-augustus-gene-0.14-mRNA-1 617136
.36 maker-168178695-augustus-gene-0.14-mRNA-1 739582
.24 maker-168115588-augustus-gene-0.14-mRNA-1 1877789
.29 maker-168115588-augustus-gene-0.14-mRNA-1 1902903
.86 maker-168259001-augustus-gene-0.42-mRNA-1 1973092
.25 maker-168183214-augustus-gene-0.15-mRNA-1 1886796
.26 maker-168183214-augustus-gene-0.15-mRNA-1 513889
.38 maker-168498446-augustus-gene-0.115-mRNA-1 1882490
.20 maker-168498446-augustus-gene-0.115-mRNA-1 1914013
.40 maker-168154231-snap-gene-0.12-mRNA-1 1878439
.55 maker-168154231-snap-gene-0.12-mRNA-1 1879402
.61 snap_masked-168006645-processed-gene-0.11-mRNA-1 1972945
.21 snap_masked-168006645-processed-gene-0.11-mRNA-1 1888020
.20 snap_masked-168006645-processed-gene-0.11-mRNA-1 414834
.20 snap_masked-168006645-processed-gene-0.11-mRNA-1 1889777
.13 snap_masked-168006645-processed-gene-0.11-mRNA-1 439327
.20 maker-168211766-snap-gene-0.50-mRNA-1 1927248
.34 maker-168211766-snap-gene-0.50-mRNA-1 1883440
.49 augustus_masked-168421942-processed-gene-0.2-mRNA-1 1893393
.32 augustus_masked-168421942-processed-gene-0.2-mRNA-1 372096
.27 augustus_masked-168421942-processed-gene-0.2-mRNA-1 1944999
.33 maker-168572221-augustus-gene-0.62-mRNA-2 1908917
.07 maker-168572221-augustus-gene-0.62-mRNA-2 1877299
.27 maker-168222075-snap-gene-0.70-mRNA-1 1972818
.22 maker-168222075-snap-gene-0.70-mRNA-1 355758
.16 maker-168222075-snap-gene-0.70-mRNA-1 825407
.16 maker-168222075-snap-gene-0.70-mRNA-1 1881202
.06 maker-168349402-snap-gene-0.19-mRNA-2 205463
.48 maker-168349402-snap-gene-0.19-mRNA-2 1973004
.35 augustus_masked-168560097-processed-gene-0.3-mRNA-1 1972926
.33 augustus_masked-168560097-processed-gene-0.3-mRNA-1 1950782
.52 maker-168190314-snap-gene-1.128-mRNA-1 1891612
.13 maker-163841636-augustus-gene-0.3-mRNA-1 1624188
.64 maker-163841636-augustus-gene-0.3-mRNA-1 1879718
.82 maker-168575940-snap-gene-0.34-mRNA-1 1877294
.11 maker-168575940-snap-gene-0.34-mRNA-1 858489
.32 maker-162369037-augustus-gene-0.8-mRNA-1 1882442
.16 maker-162369037-augustus-gene-0.8-mRNA-1 1916585
.11 maker-162369037-augustus-gene-0.8-mRNA-1 1894742
.26 maker-168494032-snap-gene-1.45-mRNA-1 124672
.11 maker-168494032-snap-gene-1.45-mRNA-1 186220
.11 maker-168494032-snap-gene-1.45-mRNA-1 141275
.07 maker-168511538-snap-gene-0.11-mRNA-1 1695077
.70 maker-168511538-snap-gene-0.11-mRNA-1 1877641
.42 augustus_masked-163182345-processed-gene-0.0-mRNA-1 1882943
.57 augustus_masked-163182345-processed-gene-0.0-mRNA-1 1878989
.28 augustus_masked-168476186-processed-gene-0.7-mRNA-1 1897915
.56 augustus_masked-168476186-processed-gene-0.7-mRNA-1 215402
.30 maker-168572970-augustus-gene-0.17-mRNA-1 1962178
.20 maker-168572970-augustus-gene-0.17-mRNA-1 1962178
.80 augustus_masked-167004964-processed-gene-0.0-mRNA-1 1972748
.19 augustus_masked-167004964-processed-gene-0.0-mRNA-1 889269
.32 maker-164947036-augustus-gene-0.3-mRNA-1 583849
.29 maker-164947036-augustus-gene-0.3-mRNA-1 1927031
.64 maker-168476490-augustus-gene-0.23-mRNA-1 1896276
.04 maker-168476490-augustus-gene-0.23-mRNA-1 1206060
.76 maker-168299600-snap-gene-0.10-mRNA-1 329236
.57 maker-168299600-snap-gene-0.10-mRNA-1 759250
.61 maker-168299600-snap-gene-0.10-mRNA-1 1892731
.63 maker-168299600-snap-gene-0.10-mRNA-1 317138
.57 maker-168299600-snap-gene-0.10-mRNA-1 1920292
.47 augustus_masked-168401751-processed-gene-0.16-mRNA-1 1920241
.47 augustus_masked-168401751-processed-gene-0.16-mRNA-1 1888478
.13 maker-168246894-snap-gene-0.14-mRNA-1 1958396
.86 maker-168246894-snap-gene-0.14-mRNA-1 1973164
.51 maker-168251712-snap-gene-0.13-mRNA-1 1888484
.37 maker-168251712-snap-gene-0.13-mRNA-1 1878486
.32 maker-168514719-snap-gene-0.39-mRNA-1 1894850
.65 maker-168514719-snap-gene-0.39-mRNA-1 202391
.68 maker-168516845-snap-gene-0.40-mRNA-1 1914240
.45 snap_masked-168237407-processed-gene-0.19-mRNA-1 1887915
.53 snap_masked-168237407-processed-gene-0.19-mRNA-1 413185
.28 maker-168522562-augustus-gene-0.73-mRNA-1 1879644
.19 maker-168522562-augustus-gene-0.73-mRNA-1 357624
.60 maker-168547274-snap-gene-0.58-mRNA-1 1020423
.20 maker-168547274-snap-gene-0.58-mRNA-1 1945120
.94 augustus_masked-168267442-processed-gene-0.1-mRNA-1 1877989
.05 augustus_masked-168267442-processed-gene-0.1-mRNA-1 1902483
.37 snap_masked-166584126-processed-gene-0.2-mRNA-1 1911152
.35 snap_masked-166584126-processed-gene-0.2-mRNA-1 1879085
.70 augustus_masked-44523131-processed-gene-0.0-mRNA-1 1906845
.17 augustus_masked-44523131-processed-gene-0.0-mRNA-1 307999
.28 augustus_masked-168042770-processed-gene-0.1-mRNA-1 1887474
.43 augustus_masked-168042770-processed-gene-0.1-mRNA-1 1894914
.26 augustus_masked-168188951-processed-gene-0.19-mRNA-1 1901280
.40 augustus_masked-168188951-processed-gene-0.19-mRNA-1 1972947
.21 maker-168218725-snap-gene-0.66-mRNA-1 1913296
.51 maker-168218725-snap-gene-0.66-mRNA-1 476736
.21 maker-168189998-augustus-gene-0.45-mRNA-1 1943189
.40 maker-168189998-augustus-gene-0.45-mRNA-1 1879206
.81 augustus_masked-167838348-processed-gene-0.3-mRNA-1 1973117
.18 augustus_masked-167838348-processed-gene-0.3-mRNA-1 1931738
.62 maker-168562409-snap-gene-0.38-mRNA-1 1886091
.44 maker-168562409-snap-gene-0.38-mRNA-1 352465
.23 maker-168562409-snap-gene-0.38-mRNA-1 150660
.33 maker-168577080-snap-gene-0.74-mRNA-1 1882161
.35 maker-168577080-snap-gene-0.74-mRNA-1 1881507
.81 augustus_masked-166669677-processed-gene-0.0-mRNA-1 1879737
.18 augustus_masked-166669677-processed-gene-0.0-mRNA-1 793996
.18 maker-168184278-snap-gene-0.19-mRNA-2 1886519
.46 maker-168184278-snap-gene-0.19-mRNA-2 1880389
.35 snap_masked-168053354-processed-gene-0.24-mRNA-1 1883681
.46 snap_masked-168053354-processed-gene-0.24-mRNA-1 1972734
.41 snap_masked-168053354-processed-gene-0.24-mRNA-1 1913318
.43 snap_masked-168053354-processed-gene-0.24-mRNA-1 1894180
.32 snap_masked-168053354-processed-gene-0.24-mRNA-1 614750
.14 augustus_masked-168443181-processed-gene-0.15-mRNA-1 1905250
.75 augustus_masked-168443181-processed-gene-0.15-mRNA-1 1972903
.91 snap_masked-168235151-processed-gene-0.41-mRNA-1 1973109
.44 snap_masked-168348206-processed-gene-0.49-mRNA-1 1889164
.43 snap_masked-168348206-processed-gene-0.49-mRNA-1 1892164
.37 augustus_masked-166613608-processed-gene-0.0-mRNA-1 1911276
.34 augustus_masked-166613608-processed-gene-0.0-mRNA-1 1889651
.24 maker-168327546-augustus-gene-0.25-mRNA-1 1930452
.29 maker-168327546-augustus-gene-0.25-mRNA-1 1906242
.08 maker-168410765-augustus-gene-0.42-mRNA-1 1966627
.68 maker-168410765-augustus-gene-0.42-mRNA-1 1973155
.75 augustus_masked-168260497-processed-gene-0.6-mRNA-1 1880562
.67 augustus_masked-162119412-processed-gene-0.0-mRNA-1 1972925
.25 augustus_masked-162119412-processed-gene-0.0-mRNA-1 1879131
.26 maker-168577377-augustus-gene-0.93-mRNA-1 1887072
.34 maker-168577377-augustus-gene-0.93-mRNA-1 1888207
.40 maker-166597788-augustus-gene-0.3-mRNA-1 1972979
.22 maker-166597788-augustus-gene-0.3-mRNA-1 1897980
.22 maker-166597788-augustus-gene-0.3-mRNA-1 368304
.21 maker-166597788-augustus-gene-0.3-mRNA-1 1935464
.14 maker-166597788-augustus-gene-0.3-mRNA-1 547417
.42 augustus_masked-168185688-processed-gene-0.10-mRNA-1 1973143
.02 augustus_masked-168185688-processed-gene-0.10-mRNA-1 1894181
.43 maker-165394341-snap-gene-0.4-mRNA-1 1896027
.21 maker-165394341-snap-gene-0.4-mRNA-1 1911122
.26 maker-165394341-snap-gene-0.4-mRNA-1 795632
.26 maker-165394341-snap-gene-0.4-mRNA-1 1878880
.09 maker-165394341-snap-gene-0.4-mRNA-1 1878880
.67 augustus_masked-167965301-processed-gene-0.2-mRNA-1 1972827
.12 augustus_masked-167965301-processed-gene-0.2-mRNA-1 1966062
.07 snap_masked-167813743-processed-gene-0.6-mRNA-1 231133
.63 snap_masked-167813743-processed-gene-0.6-mRNA-1 1973088
.48 maker-168572384-snap-gene-0.14-mRNA-1 1881142
.16 maker-168572384-snap-gene-0.14-mRNA-1 1969113
.06 maker-168572384-snap-gene-0.14-mRNA-1 24035
.48 maker-168572384-snap-gene-0.14-mRNA-2 1881142
.21 maker-168572384-snap-gene-0.14-mRNA-2 1969113
.12 maker-168572384-snap-gene-0.14-mRNA-2 1952735
.10 maker-168572384-snap-gene-0.14-mRNA-2 1942002
.56 maker-168571183-augustus-gene-0.28-mRNA-1 1895236
.19 maker-168571183-augustus-gene-0.28-mRNA-1 766658
.55 maker-168576930-augustus-gene-0.37-mRNA-1 1972949
.11 maker-168576930-augustus-gene-0.37-mRNA-1 1878505
.06 maker-168576930-augustus-gene-0.37-mRNA-1 1913258
.21 genemark-168568885-processed-gene-0.5-mRNA-1 1884914
.16 genemark-168568885-processed-gene-0.5-mRNA-1 1899270
.52 augustus_masked-168398021-processed-gene-0.0-mRNA-1 1906566
.24 augustus_masked-168398021-processed-gene-0.0-mRNA-1 1906919
.66 augustus_masked-168296338-processed-gene-0.0-mRNA-1 22581
.33 augustus_masked-168296338-processed-gene-0.0-mRNA-1 901292
.59 maker-166269667-augustus-gene-0.3-mRNA-1 1961946
.17 maker-166269667-augustus-gene-0.3-mRNA-1 209665
.32 genemark-168481447-processed-gene-0.38-mRNA-1 1910785
.62 genemark-168481447-processed-gene-0.38-mRNA-1 1882586
.41 maker-166256057-augustus-gene-0.4-mRNA-1 327005
.39 maker-166256057-augustus-gene-0.4-mRNA-1 1972909
.30 augustus_masked-168258946-processed-gene-0.4-mRNA-1 1879543
.69 augustus_masked-168258946-processed-gene-0.4-mRNA-1 1889607
.86 maker-168566055-augustus-gene-0.7-mRNA-1 1973010
.14 maker-168557558-augustus-gene-0.48-mRNA-1 1900039
.15 maker-168557558-augustus-gene-0.48-mRNA-1 1889516
.50 maker-168574247-snap-gene-0.51-mRNA-1 1972953
.25 maker-168574247-snap-gene-0.51-mRNA-1 1879820
.89 snap_masked-168414024-processed-gene-1.105-mRNA-1 1972880
.08 snap_masked-168414024-processed-gene-1.105-mRNA-1 1886417
.21 maker-168185331-augustus-gene-0.53-mRNA-1 1884756
.26 maker-168185331-augustus-gene-0.53-mRNA-1 1882484
.34 genemark-164898960-processed-gene-0.0-mRNA-1 648159
.42 genemark-164898960-processed-gene-0.0-mRNA-1 824900
