.43 maker-168568969-augustus-gene-0.25-mRNA-1 1743051
.36 maker-168568969-augustus-gene-0.25-mRNA-1 1676134
.22 maker-168568969-augustus-gene-0.25-mRNA-1 1715191
.53 maker-167900252-snap-gene-0.18-mRNA-1 1743565
.09 maker-167900252-snap-gene-0.18-mRNA-1 1743565
.99 maker-168408517-snap-gene-0.13-mRNA-1 1743547
.23 maker-168196590-augustus-gene-0.23-mRNA-1 16171
.76 maker-168196590-augustus-gene-0.23-mRNA-1 1743450
.71 maker-168536470-augustus-gene-0.27-mRNA-1 1655941
.17 maker-168536470-augustus-gene-0.27-mRNA-1 1652884
.25 maker-168454354-snap-gene-0.19-mRNA-1 1657955
.22 maker-168454354-snap-gene-0.19-mRNA-1 421998
.62 augustus_masked-168183416-processed-gene-0.7-mRNA-1 1743342
.09 augustus_masked-168183416-processed-gene-0.7-mRNA-1 503743
.20 maker-168558918-snap-gene-0.58-mRNA-1 1660547
.11 maker-168558918-snap-gene-0.58-mRNA-1 1663104
.15 maker-168071173-snap-gene-0.25-mRNA-1 1653050
.17 maker-168071173-snap-gene-0.25-mRNA-1 1743105
.55 maker-168536713-augustus-gene-0.77-mRNA-1 1743550
.72 maker-168576960-snap-gene-0.16-mRNA-1 1743403
.17 maker-168576960-snap-gene-0.16-mRNA-1 1501962
.79 maker-168448619-augustus-gene-0.19-mRNA-1 1743229
.13 maker-168448619-augustus-gene-0.19-mRNA-1 291066
.78 maker-168509550-augustus-gene-0.13-mRNA-1 1743545
.20 maker-168509550-augustus-gene-0.13-mRNA-1 1654617
.43 maker-164678396-augustus-gene-0.3-mRNA-1 1681571
.54 maker-164678396-augustus-gene-0.3-mRNA-1 1721442
.16 maker-168429677-augustus-gene-0.99-mRNA-1 1680324
.07 maker-168429677-augustus-gene-0.99-mRNA-1 1660864
.57 augustus_masked-168371449-processed-gene-0.0-mRNA-1 1743509
.06 augustus_masked-168371449-processed-gene-0.0-mRNA-1 1678431
.02 augustus_masked-168371449-processed-gene-0.0-mRNA-1 378473
.09 augustus_masked-168371449-processed-gene-0.0-mRNA-1 1656887
.52 maker-168286421-augustus-gene-0.46-mRNA-1 1743286
.41 maker-168286421-augustus-gene-0.46-mRNA-1 1743286
.02 maker-168286421-augustus-gene-0.46-mRNA-1 1743286
.17 maker-168071173-snap-gene-0.26-mRNA-1 806816
.76 maker-168071173-snap-gene-0.26-mRNA-1 1695506
.22 augustus_masked-168258495-processed-gene-0.5-mRNA-1 1656919
.77 augustus_masked-168258495-processed-gene-0.5-mRNA-1 69274
.20 maker-168409137-augustus-gene-0.5-mRNA-3 1666507
.10 maker-168409137-augustus-gene-0.5-mRNA-3 1656882
.57 maker-166600736-snap-gene-0.4-mRNA-1 1743470
.22 maker-166600736-snap-gene-0.4-mRNA-1 1670297
.18 maker-166600736-snap-gene-0.4-mRNA-1 359567
.68 maker-168235413-augustus-gene-0.6-mRNA-1 1663374
.31 maker-168235413-augustus-gene-0.6-mRNA-1 1716787
.99 maker-168268142-snap-gene-0.19-mRNA-1 1743285
.82 maker-168268142-snap-gene-0.19-mRNA-1 281631
.10 maker-168332971-augustus-gene-0.47-mRNA-1 531787
.89 maker-168332971-augustus-gene-0.47-mRNA-1 1743059
.99 snap_masked-164955609-processed-gene-0.2-mRNA-1 1743412
.39 maker-161767142-snap-gene-0.3-mRNA-1 1686884
.60 maker-161767142-snap-gene-0.3-mRNA-1 1712257
.74 maker-168561165-snap-gene-0.81-mRNA-1 1743467
.25 maker-168561165-snap-gene-0.81-mRNA-1 1697780
.60 snap_masked-158985397-processed-gene-0.2-mRNA-1 1686393
.16 snap_masked-158985397-processed-gene-0.2-mRNA-1 1659508
.24 augustus_masked-166336943-processed-gene-0.1-mRNA-1 1696496
.40 augustus_masked-166336943-processed-gene-0.1-mRNA-1 1723225
.39 genemark-168348020-processed-gene-0.33-mRNA-1 1743564
.30 genemark-168348020-processed-gene-0.33-mRNA-1 1743564
.62 maker-167827970-augustus-gene-0.40-mRNA-1 1743567
.13 maker-167827970-augustus-gene-0.40-mRNA-1 1677232
.49 maker-168303944-snap-gene-0.63-mRNA-1 1743413
.03 maker-168244948-augustus-gene-0.35-mRNA-2 1653480
.57 maker-168244948-augustus-gene-0.35-mRNA-2 1743361
.63 snap_masked-168573438-processed-gene-0.45-mRNA-1 1667665
.36 snap_masked-168573438-processed-gene-0.45-mRNA-1 1685741
.29 maker-158274504-augustus-gene-0.2-mRNA-1 469901
.61 maker-158274504-augustus-gene-0.2-mRNA-1 523014
.15 maker-168185089-augustus-gene-0.14-mRNA-3 1743119
.24 maker-168185089-augustus-gene-0.14-mRNA-3 1653118
.26 maker-168285934-augustus-gene-0.19-mRNA-1 1669701
.73 maker-168285934-augustus-gene-0.19-mRNA-1 1654212
.81 maker-168183075-snap-gene-0.52-mRNA-1 1724767
.17 maker-168183075-snap-gene-0.52-mRNA-1 479569
.44 augustus_masked-168535992-processed-gene-0.4-mRNA-1 1690584
.34 augustus_masked-168535992-processed-gene-0.4-mRNA-1 347150
.54 augustus_masked-168174988-processed-gene-0.0-mRNA-1 1743122
.28 augustus_masked-168174988-processed-gene-0.0-mRNA-1 1666769
.42 maker-168577580-snap-gene-0.22-mRNA-1 597390
.40 maker-168577580-snap-gene-0.22-mRNA-1 552680
.40 maker-168577580-snap-gene-0.22-mRNA-1 1711021
.32 maker-168577580-snap-gene-0.22-mRNA-1 545621
.32 maker-168577580-snap-gene-0.22-mRNA-1 237534
.14 genemark-168508162-processed-gene-0.9-mRNA-1 1655695
.85 genemark-168508162-processed-gene-0.9-mRNA-1 1743482
.55 maker-165187592-augustus-gene-0.3-mRNA-1 1668481
.14 maker-165187592-augustus-gene-0.3-mRNA-1 466032
.83 maker-168257240-snap-gene-0.57-mRNA-1 1666401
.16 maker-168257240-snap-gene-0.57-mRNA-1 1713141
.12 augustus_masked-168187504-processed-gene-0.2-mRNA-1 549425
.87 augustus_masked-168187504-processed-gene-0.2-mRNA-1 1743499
.77 augustus_masked-167236155-processed-gene-0.0-mRNA-1 1743468
.29 augustus_masked-167236155-processed-gene-0.0-mRNA-1 1657657
.54 genemark-167986691-processed-gene-0.1-mRNA-1 1664232
.45 genemark-167986691-processed-gene-0.1-mRNA-1 1668054
.58 maker-168446001-augustus-gene-0.11-mRNA-1 1743305
.32 maker-168446001-augustus-gene-0.11-mRNA-1 1694372
.19 maker-168446001-augustus-gene-0.11-mRNA-1 1657645
.99 maker-168188581-snap-gene-0.32-mRNA-1 1743298
.15 augustus_masked-168400519-processed-gene-0.6-mRNA-1 1667476
.84 augustus_masked-168400519-processed-gene-0.6-mRNA-1 1743382
.46 augustus_masked-165120295-processed-gene-0.0-mRNA-1 1743557
.33 augustus_masked-168235624-processed-gene-0.0-mRNA-1 682740
.53 augustus_masked-168235624-processed-gene-0.0-mRNA-1 749941
.16 maker-163080181-snap-gene-0.4-mRNA-1 1670011
.50 maker-163080181-snap-gene-0.4-mRNA-1 1684342
.69 augustus_masked-168374722-processed-gene-0.4-mRNA-1 387647
.21 snap_masked-168217950-processed-gene-0.34-mRNA-1 1659197
.77 snap_masked-168217950-processed-gene-0.34-mRNA-1 1743259
.21 augustus_masked-168492452-processed-gene-0.5-mRNA-1 353137
.40 augustus_masked-168492452-processed-gene-0.5-mRNA-1 1743243
.14 maker-167166811-augustus-gene-0.7-mRNA-1 164620
.85 maker-167166811-augustus-gene-0.7-mRNA-1 1743484
.16 snap_masked-166888811-processed-gene-0.4-mRNA-1 345143
.83 snap_masked-166888811-processed-gene-0.4-mRNA-1 1656503
.80 maker-165892324-augustus-gene-0.3-mRNA-1 1667862
.19 maker-165892324-augustus-gene-0.3-mRNA-1 317237
.99 maker-168235646-augustus-gene-0.25-mRNA-1 1743155
.61 maker-167807770-augustus-gene-0.11-mRNA-1 1743194
.19 maker-167807770-augustus-gene-0.11-mRNA-1 1244110
.71 snap_masked-162303516-processed-gene-0.1-mRNA-1 1673150
.27 snap_masked-162303516-processed-gene-0.1-mRNA-1 1668265
.15 maker-168186079-augustus-gene-0.6-mRNA-1 1675984
.83 maker-168186079-augustus-gene-0.6-mRNA-1 1743566
.11 maker-168417108-snap-gene-0.16-mRNA-1 406743
.88 maker-168417108-snap-gene-0.16-mRNA-1 1743255
.71 maker-163847467-augustus-gene-0.2-mRNA-1 297211
.28 maker-163847467-augustus-gene-0.2-mRNA-1 371243
.24 maker-162365180-snap-gene-0.5-mRNA-1 440445
.25 maker-162365180-snap-gene-0.5-mRNA-1 449844
.67 maker-167077547-augustus-gene-0.5-mRNA-1 1743506
.52 augustus_masked-163922042-processed-gene-0.0-mRNA-1 1695413
.39 augustus_masked-163922042-processed-gene-0.0-mRNA-1 1653091
.39 augustus_masked-163922042-processed-gene-0.0-mRNA-1 1664037
.28 augustus_masked-163922042-processed-gene-0.0-mRNA-1 1664040
0 augustus_masked-168399112-processed-gene-0.2-mRNA-1 1653961
.16 maker-168381976-snap-gene-0.30-mRNA-1 1660836
.66 maker-168381976-snap-gene-0.30-mRNA-1 1743247
.37 maker-168221362-snap-gene-0.7-mRNA-1 1743303
.37 maker-168221362-snap-gene-0.7-mRNA-1 1743304
.32 maker-168221362-snap-gene-0.7-mRNA-1 1679580
.30 maker-168221362-snap-gene-0.7-mRNA-1 103838
.30 maker-168221362-snap-gene-0.7-mRNA-1 1664515
.53 augustus_masked-168260991-processed-gene-0.1-mRNA-1 1743163
.33 augustus_masked-168260991-processed-gene-0.1-mRNA-1 1673686
.37 genemark-168479921-processed-gene-0.48-mRNA-1 458630
.43 genemark-168479921-processed-gene-0.48-mRNA-1 1743230
.45 augustus_masked-168060398-processed-gene-0.15-mRNA-1 1698307
.42 augustus_masked-168060398-processed-gene-0.15-mRNA-1 319355
.31 augustus_masked-168060398-processed-gene-0.15-mRNA-1 1657312
.21 maker-168577117-augustus-gene-0.37-mRNA-1 1671495
.66 maker-168577117-augustus-gene-0.37-mRNA-1 1658745
.24 maker-168186755-snap-gene-0.28-mRNA-1 1675185
.22 maker-168186755-snap-gene-0.28-mRNA-1 1658097
.21 maker-168186755-snap-gene-0.28-mRNA-1 1665366
.07 maker-168186755-snap-gene-0.28-mRNA-1 1743534
.01 maker-168186755-snap-gene-0.28-mRNA-1 221432
.92 maker-168191115-augustus-gene-0.35-mRNA-1 1743471
.06 maker-168191115-augustus-gene-0.35-mRNA-1 750079
.46 maker-168439323-snap-gene-0.25-mRNA-1 1653727
.32 maker-168439323-snap-gene-0.25-mRNA-1 222703
.19 maker-168439323-snap-gene-0.25-mRNA-1 1680592
.73 maker-168510568-snap-gene-0.25-mRNA-1 1743575
.12 maker-168510568-snap-gene-0.25-mRNA-1 1128337
.97 maker-168275735-snap-gene-0.74-mRNA-1 1743488
.73 maker-168388679-snap-gene-0.68-mRNA-1 1653550
.06 maker-168388679-snap-gene-0.68-mRNA-1 328259
.55 maker-168542452-snap-gene-1.85-mRNA-1 1656389
.26 maker-168542452-snap-gene-1.85-mRNA-1 1653682
.74 maker-166463013-snap-gene-0.4-mRNA-1 1743479
.20 maker-166463013-snap-gene-0.4-mRNA-1 1671059
.84 maker-168561168-snap-gene-0.36-mRNA-1 1743515
.54 maker-166947532-augustus-gene-0.3-mRNA-1 1743241
.45 maker-166947532-augustus-gene-0.3-mRNA-1 1657191
.32 maker-168558381-augustus-gene-0.76-mRNA-1 1652730
.51 maker-168558381-augustus-gene-0.76-mRNA-1 1652731
.48 augustus_masked-168562641-processed-gene-0.0-mRNA-1 1674206
.25 augustus_masked-168562641-processed-gene-0.0-mRNA-1 1655584
.30 maker-168568361-augustus-gene-0.53-mRNA-1 1655562
.69 maker-168568361-augustus-gene-0.53-mRNA-1 1743423
.36 maker-168370578-snap-gene-0.38-mRNA-1 1660930
.18 maker-168370578-snap-gene-0.38-mRNA-1 1691202
.64 augustus_masked-163747011-processed-gene-0.0-mRNA-1 1692899
.35 augustus_masked-163747011-processed-gene-0.0-mRNA-1 1664690
.28 augustus_masked-163949268-processed-gene-0.0-mRNA-1 1703752
.25 augustus_masked-163949268-processed-gene-0.0-mRNA-1 1717766
.87 maker-168337454-snap-gene-0.100-mRNA-1 1743169
.74 maker-168519242-augustus-gene-0.33-mRNA-1 1743269
.25 maker-168519242-augustus-gene-0.33-mRNA-1 1653518
.56 augustus_masked-163912774-processed-gene-0.0-mRNA-1 1655765
.37 augustus_masked-163912774-processed-gene-0.0-mRNA-1 1670526
.83 maker-168471017-snap-gene-0.27-mRNA-1 1743523
.25 maker-168473591-augustus-gene-0.86-mRNA-1 362817
.25 maker-168473591-augustus-gene-0.86-mRNA-1 1677130
.25 maker-168473591-augustus-gene-0.86-mRNA-1 1673407
.24 maker-168473591-augustus-gene-0.86-mRNA-1 1663070
.10 maker-168473591-augustus-gene-0.86-mRNA-1 1662240
.63 augustus_masked-168244668-processed-gene-0.7-mRNA-1 1743553
.12 augustus_masked-168244668-processed-gene-0.7-mRNA-1 1694215
.32 maker-168559632-snap-gene-0.24-mRNA-3 1658236
.41 maker-168559632-snap-gene-0.24-mRNA-3 1743480
.35 maker-168561329-augustus-gene-0.75-mRNA-1 1743541
.22 maker-168561329-augustus-gene-0.75-mRNA-1 1743541
.87 augustus_masked-167976131-processed-gene-0.0-mRNA-1 534259
.12 augustus_masked-167976131-processed-gene-0.0-mRNA-1 534252
.62 maker-168529554-augustus-gene-0.26-mRNA-1 1743507
.47 maker-168529554-augustus-gene-0.26-mRNA-1 1743312
.06 maker-168529554-augustus-gene-0.26-mRNA-1 123887
.06 maker-168529554-augustus-gene-0.26-mRNA-1 1664443
.56 augustus_masked-163039900-processed-gene-0.0-mRNA-1 1743396
.34 augustus_masked-163039900-processed-gene-0.0-mRNA-1 1653312
.22 augustus_masked-163039900-processed-gene-0.0-mRNA-1 848611
.21 augustus_masked-163039900-processed-gene-0.0-mRNA-1 1699979
.20 augustus_masked-163039900-processed-gene-0.0-mRNA-1 571462
.27 maker-168135841-augustus-gene-0.7-mRNA-1 257407
.55 maker-168135841-augustus-gene-0.7-mRNA-1 1656922
.99 maker-168184820-snap-gene-0.7-mRNA-1 1743576
.74 maker-164070574-augustus-gene-0.2-mRNA-1 1663247
.99 genemark-167820084-processed-gene-0.1-mRNA-1 1743549
.27 maker-167880810-snap-gene-0.19-mRNA-1 135963
.43 maker-167880810-snap-gene-0.19-mRNA-1 135962
.80 maker-168233418-augustus-gene-0.156-mRNA-1 1743554
.05 maker-168233418-augustus-gene-0.156-mRNA-1 1743554
.44 maker-167168600-augustus-gene-0.3-mRNA-1 1661425
.37 maker-167168600-augustus-gene-0.3-mRNA-1 1654116
.37 maker-168500211-snap-gene-1.85-mRNA-1 1726388
.38 maker-168500211-snap-gene-1.85-mRNA-1 1655803
.15 maker-168197815-augustus-gene-0.8-mRNA-1 1690590
.80 maker-168197815-augustus-gene-0.8-mRNA-1 1743394
.59 snap_masked-162700684-processed-gene-0.1-mRNA-1 1743220
.40 snap_masked-162700684-processed-gene-0.1-mRNA-1 1653482
.60 snap_masked-167796776-processed-gene-0.15-mRNA-1 1743132
.39 snap_masked-167796776-processed-gene-0.15-mRNA-1 1704352
.85 snap_masked-168547110-processed-gene-0.47-mRNA-1 69157
.38 augustus_masked-168226445-processed-gene-0.5-mRNA-1 324200
.60 augustus_masked-168226445-processed-gene-0.5-mRNA-1 1656370
.42 maker-168515011-snap-gene-0.19-mRNA-1 1743548
.21 maker-168515011-snap-gene-0.19-mRNA-1 1677360
.45 maker-159540286-augustus-gene-0.3-mRNA-1 1667812
.30 maker-159540286-augustus-gene-0.3-mRNA-1 1679599
.92 augustus_masked-168501015-processed-gene-0.19-mRNA-1 1699015
.72 augustus_masked-168501015-processed-gene-0.19-mRNA-1 1654596
.19 maker-168574132-augustus-gene-0.59-mRNA-1 1657933
.75 maker-168574132-augustus-gene-0.59-mRNA-1 1743094
.17 maker-168229388-snap-gene-0.13-mRNA-1 1676732
.80 maker-168229388-snap-gene-0.13-mRNA-1 1743561
.34 maker-168465650-snap-gene-0.45-mRNA-1 1060061
.68 maker-168574353-snap-gene-0.46-mRNA-1 1691147
.22 maker-168574353-snap-gene-0.46-mRNA-1 1657427
.11 augustus_masked-168251063-processed-gene-2.61-mRNA-1 1661009
.88 augustus_masked-168251063-processed-gene-2.61-mRNA-1 1743532
.73 maker-168555804-augustus-gene-0.23-mRNA-1 1743569
.22 maker-168555804-augustus-gene-0.23-mRNA-1 1685678
.82 maker-168321879-augustus-gene-0.12-mRNA-1 1658293
.16 maker-168321879-augustus-gene-0.12-mRNA-1 1663210
.46 maker-162157327-snap-gene-0.4-mRNA-1 1736298
.43 maker-162157327-snap-gene-0.4-mRNA-1 1653872
.13 genemark-168467578-processed-gene-0.18-mRNA-1 1666573
.86 genemark-168467578-processed-gene-0.18-mRNA-1 1743151
.71 maker-168513142-snap-gene-0.15-mRNA-1 1743367
.28 maker-168513142-snap-gene-0.15-mRNA-1 1652795
.60 augustus_masked-168509870-processed-gene-0.0-mRNA-1 1743107
.27 augustus_masked-168509870-processed-gene-0.0-mRNA-1 1741422
.95 maker-168473847-augustus-gene-0.45-mRNA-1 1743570
.61 maker-168156654-snap-gene-0.5-mRNA-1 1743212
.29 maker-168156654-snap-gene-0.5-mRNA-1 1703819
.42 augustus_masked-161494145-processed-gene-0.2-mRNA-1 1709968
.35 augustus_masked-161494145-processed-gene-0.2-mRNA-1 1719837
.63 maker-168331534-augustus-gene-0.22-mRNA-1 1660507
.44 maker-168319494-snap-gene-0.67-mRNA-1 1743223
.34 maker-168319494-snap-gene-0.67-mRNA-1 796583
.51 maker-168326283-snap-gene-0.12-mRNA-2 1743536
.20 maker-168326283-snap-gene-0.12-mRNA-2 1668036
.56 augustus_masked-167795672-processed-gene-0.2-mRNA-1 1672218
.22 augustus_masked-167795672-processed-gene-0.2-mRNA-1 1660888
.82 maker-168448377-augustus-gene-0.14-mRNA-1 1743572
.42 maker-166477544-augustus-gene-0.3-mRNA-1 1687120
.56 maker-166477544-augustus-gene-0.3-mRNA-1 1661435
.36 maker-164459445-snap-gene-0.3-mRNA-1 1690600
.36 maker-164459445-snap-gene-0.3-mRNA-1 1697929
.75 snap_masked-168266971-processed-gene-0.4-mRNA-1 1743475
.18 snap_masked-168266971-processed-gene-0.4-mRNA-1 1658406
.16 snap_masked-168266971-processed-gene-0.4-mRNA-1 1660167
.57 maker-167869468-augustus-gene-0.20-mRNA-1 1664135
.20 maker-167869468-augustus-gene-0.20-mRNA-1 1031465
.25 snap_masked-168240424-processed-gene-0.8-mRNA-1 1653717
.74 snap_masked-168240424-processed-gene-0.8-mRNA-1 1663270
.22 maker-166154157-snap-gene-0.5-mRNA-1 1685322
.64 maker-166154157-snap-gene-0.5-mRNA-1 1660033
.63 maker-167794345-snap-gene-0.12-mRNA-1 1743525
.21 maker-167794345-snap-gene-0.12-mRNA-1 1696396
.20 maker-168533921-snap-gene-0.40-mRNA-2 865872
.79 maker-168533921-snap-gene-0.40-mRNA-2 1743330
.41 augustus_masked-167812752-processed-gene-0.1-mRNA-1 1743390
.20 augustus_masked-167812752-processed-gene-0.1-mRNA-1 483028
.74 maker-168420642-augustus-gene-0.12-mRNA-1 1655057
.25 maker-168420642-augustus-gene-0.12-mRNA-1 124055
.81 maker-168577405-augustus-gene-0.88-mRNA-1 1743539
.18 maker-168577405-augustus-gene-0.88-mRNA-1 1707483
.20 augustus_masked-168191896-processed-gene-0.2-mRNA-1 1667287
.23 augustus_masked-168191896-processed-gene-0.2-mRNA-1 1653971
.60 maker-168415125-augustus-gene-0.14-mRNA-1 1654525
.18 maker-168415125-augustus-gene-0.14-mRNA-1 1675254
.06 maker-168415125-augustus-gene-0.14-mRNA-1 1672107
.63 snap_masked-168577240-processed-gene-0.41-mRNA-1 1743297
.34 snap_masked-168577240-processed-gene-0.41-mRNA-1 459190
.17 snap_masked-168577240-processed-gene-0.41-mRNA-1 1669823
.08 snap_masked-168577240-processed-gene-0.41-mRNA-1 1654494
.79 maker-168324215-snap-gene-0.51-mRNA-1 1743555
.68 maker-168239665-augustus-gene-0.26-mRNA-1 1743301
.31 maker-168239665-augustus-gene-0.26-mRNA-1 172050
.14 maker-168239665-augustus-gene-0.26-mRNA-1 1659822
.24 augustus_masked-168302537-processed-gene-0.2-mRNA-1 1657015
.74 augustus_masked-168302537-processed-gene-0.2-mRNA-1 1654477
.48 maker-168186104-snap-gene-0.12-mRNA-1 1743505
.47 maker-168186104-snap-gene-0.12-mRNA-1 1743505
.33 augustus_masked-168331075-processed-gene-0.7-mRNA-1 1656662
.33 augustus_masked-168331075-processed-gene-0.7-mRNA-1 1708738
.16 maker-168191714-snap-gene-0.65-mRNA-1 1662518
.71 maker-168191714-snap-gene-0.65-mRNA-1 1743526
.40 augustus_masked-168234727-processed-gene-0.9-mRNA-1 1671897
.44 augustus_masked-168234727-processed-gene-0.9-mRNA-1 1671898
.75 snap_masked-167239777-processed-gene-0.3-mRNA-1 1712360
.24 snap_masked-167239777-processed-gene-0.3-mRNA-1 1668693
.69 maker-168525057-snap-gene-0.37-mRNA-1 1743538
.07 maker-168525057-snap-gene-0.37-mRNA-1 1743538
.53 augustus_masked-168486763-processed-gene-0.3-mRNA-1 1692823
.33 augustus_masked-168486763-processed-gene-0.3-mRNA-1 574925
.17 maker-168436858-snap-gene-0.6-mRNA-1 493783
.79 maker-168436858-snap-gene-0.6-mRNA-1 1743346
.38 maker-168184263-augustus-gene-0.6-mRNA-1 1655370
.19 maker-168184263-augustus-gene-0.6-mRNA-1 1676076
.18 maker-168184263-augustus-gene-0.6-mRNA-1 1667020
.07 maker-168491338-augustus-gene-0.13-mRNA-1 1687631
.87 maker-168491338-augustus-gene-0.13-mRNA-1 1743571
.37 maker-168513473-augustus-gene-0.5-mRNA-1 1670270
.58 maker-168513473-augustus-gene-0.5-mRNA-1 1655900
.23 maker-165889842-augustus-gene-0.7-mRNA-1 1660139
.60 maker-165889842-augustus-gene-0.7-mRNA-1 1667842
.78 maker-168496630-snap-gene-0.109-mRNA-1 1653138
.03 maker-168547937-augustus-gene-0.37-mRNA-1 1727687
.82 maker-168547937-augustus-gene-0.37-mRNA-1 1743483
.70 augustus_masked-168274984-processed-gene-0.0-mRNA-1 1728292
.29 augustus_masked-168274984-processed-gene-0.0-mRNA-1 242607
.31 augustus_masked-168544925-processed-gene-0.0-mRNA-1 1658268
.27 augustus_masked-168544925-processed-gene-0.0-mRNA-1 1743389
.25 augustus_masked-168544925-processed-gene-0.0-mRNA-1 1743498
.02 augustus_masked-168544925-processed-gene-0.0-mRNA-1 1656871
.13 maker-168545579-snap-gene-0.16-mRNA-1 1708670
.24 maker-168545579-snap-gene-0.16-mRNA-1 1687421
.79 maker-168239895-augustus-gene-0.50-mRNA-1 1743498
.18 maker-168239895-augustus-gene-0.50-mRNA-1 1679259
.24 augustus_masked-165950810-processed-gene-0.1-mRNA-1 1714903
.45 augustus_masked-165950810-processed-gene-0.1-mRNA-1 1677417
.34 maker-168482134-snap-gene-0.60-mRNA-1 1688975
.38 maker-168482134-snap-gene-0.60-mRNA-1 5439
.20 augustus_masked-168414897-processed-gene-0.2-mRNA-1 1077471
.78 augustus_masked-168414897-processed-gene-0.2-mRNA-1 1736374
.69 augustus_masked-165783827-processed-gene-0.1-mRNA-1 1653780
.23 augustus_masked-165783827-processed-gene-0.1-mRNA-1 91177
.23 maker-168564826-snap-gene-0.32-mRNA-1 1658885
.71 maker-168564826-snap-gene-0.32-mRNA-1 1743527
.83 maker-168188868-snap-gene-0.13-mRNA-1 1743535
.99 maker-168310411-augustus-gene-0.14-mRNA-1 1743272
.27 augustus_masked-166914911-processed-gene-0.0-mRNA-1 1743544
.17 augustus_masked-166914911-processed-gene-0.0-mRNA-1 1743544
.04 augustus_masked-166914911-processed-gene-0.0-mRNA-1 573605
.40 augustus_masked-168570978-processed-gene-0.13-mRNA-1 134003
.50 augustus_masked-168570978-processed-gene-0.13-mRNA-1 1743369
.18 maker-165858805-augustus-gene-0.3-mRNA-1 1656824
.71 maker-165858805-augustus-gene-0.3-mRNA-1 1668963
.77 maker-168185570-augustus-gene-0.15-mRNA-1 1743326
.22 maker-168185570-augustus-gene-0.15-mRNA-1 791289
.38 maker-167979663-augustus-gene-0.14-mRNA-1 1669014
.19 maker-167979663-augustus-gene-0.14-mRNA-1 1686935
.19 maker-167979663-augustus-gene-0.14-mRNA-1 799347
.23 augustus_masked-168577511-processed-gene-0.1-mRNA-1 1695822
.58 augustus_masked-168577511-processed-gene-0.1-mRNA-1 1664387
.82 augustus_masked-168559102-processed-gene-0.7-mRNA-1 1743333
.17 augustus_masked-168559102-processed-gene-0.7-mRNA-1 1667079
.40 maker-163276289-augustus-gene-0.3-mRNA-1 1666322
.59 maker-163276289-augustus-gene-0.3-mRNA-1 1660343
.99 maker-168492496-augustus-gene-0.19-mRNA-1 1743542
.29 maker-168554500-snap-gene-0.42-mRNA-1 1659946
.16 maker-168554500-snap-gene-0.42-mRNA-1 1674276
.01 maker-168554500-snap-gene-0.42-mRNA-1 1654682
.01 maker-168554500-snap-gene-0.42-mRNA-1 1659945
.99 maker-168573924-snap-gene-0.30-mRNA-1 1743192
.99 maker-168560284-augustus-gene-0.54-mRNA-1 1743559
.49 snap_masked-168569643-processed-gene-0.50-mRNA-1 1658051
.50 snap_masked-168569643-processed-gene-0.50-mRNA-1 1669487
.91 augustus_masked-168235767-processed-gene-0.0-mRNA-1 1743469
.82 maker-168487098-snap-gene-1.60-mRNA-1 1743562
.58 augustus_masked-162770361-processed-gene-0.0-mRNA-1 1654393
.68 snap_masked-168401588-processed-gene-0.30-mRNA-1 44375
.22 snap_masked-168401588-processed-gene-0.30-mRNA-1 554294
.66 augustus_masked-168566215-processed-gene-0.9-mRNA-1 1655451
.85 maker-168342535-augustus-gene-0.16-mRNA-1 1652858
.14 maker-168342535-augustus-gene-0.16-mRNA-1 209784
.22 maker-168187395-augustus-gene-0.18-mRNA-1 1723784
.68 maker-168187395-augustus-gene-0.18-mRNA-1 1672084
.61 maker-166219764-augustus-gene-0.6-mRNA-2 1743354
.26 maker-166219764-augustus-gene-0.6-mRNA-2 1661594
.59 maker-166219764-augustus-gene-0.6-mRNA-1 1743354
.27 maker-166219764-augustus-gene-0.6-mRNA-1 1661594
.22 augustus_masked-168449128-processed-gene-0.13-mRNA-1 310938
.77 augustus_masked-168449128-processed-gene-0.13-mRNA-1 1655817
.44 maker-168520917-augustus-gene-0.31-mRNA-1 1743302
.18 maker-168520917-augustus-gene-0.31-mRNA-1 1692119
.40 maker-166750857-snap-gene-0.4-mRNA-1 1679633
.21 maker-166750857-snap-gene-0.4-mRNA-1 1688551
.17 maker-168577367-snap-gene-0.23-mRNA-1 521273
.63 maker-168577367-snap-gene-0.23-mRNA-1 1655077
.76 maker-168185386-augustus-gene-0.17-mRNA-1 1743546
.09 maker-168185386-augustus-gene-0.17-mRNA-1 483485
.06 maker-168185386-augustus-gene-0.17-mRNA-1 1679604
.47 maker-168544698-augustus-gene-0.25-mRNA-1 1743529
.19 maker-168544698-augustus-gene-0.25-mRNA-1 1743529
.27 augustus_masked-168576513-processed-gene-0.11-mRNA-1 1660867
.67 augustus_masked-168576513-processed-gene-0.11-mRNA-1 1743477
.68 snap_masked-159154714-processed-gene-0.2-mRNA-1 1665166
.19 snap_masked-159154714-processed-gene-0.2-mRNA-1 1662664
.17 snap_masked-159154714-processed-gene-0.2-mRNA-1 1656055
.39 maker-166788924-augustus-gene-0.3-mRNA-1 1657754
.40 maker-166788924-augustus-gene-0.3-mRNA-1 1743359
.13 maker-166788924-augustus-gene-0.3-mRNA-1 1701181
.11 maker-166788924-augustus-gene-0.3-mRNA-1 1697524
.65 maker-163730067-augustus-gene-0.3-mRNA-1 1743252
.33 maker-163730067-augustus-gene-0.3-mRNA-1 1681021
.29 maker-166686765-snap-gene-0.5-mRNA-1 295056
.70 maker-166686765-snap-gene-0.5-mRNA-1 1681073
.32 maker-168427633-snap-gene-0.31-mRNA-1 1669773
.87 maker-168577369-augustus-gene-0.28-mRNA-1 1743558
.64 maker-168557063-augustus-gene-0.134-mRNA-1 1743099
.22 maker-168557063-augustus-gene-0.134-mRNA-1 465446
.99 maker-167862568-snap-gene-0.24-mRNA-1 1653406
.88 maker-167862568-snap-gene-0.24-mRNA-1 281611
.99 maker-167862568-snap-gene-0.24-mRNA-1 1743238
.55 maker-167862568-snap-gene-0.24-mRNA-1 462191
.53 maker-167915957-snap-gene-0.12-mRNA-1 1743487
.23 maker-167915957-snap-gene-0.12-mRNA-1 1663870
.14 maker-167915957-snap-gene-0.12-mRNA-1 1680707
.13 maker-167915957-snap-gene-0.12-mRNA-1 18733
.27 snap_masked-168186642-processed-gene-0.38-mRNA-1 1653823
.72 snap_masked-168186642-processed-gene-0.38-mRNA-1 471850
.19 maker-168230424-snap-gene-0.24-mRNA-1 591538
.71 maker-168230424-snap-gene-0.24-mRNA-1 1681107
.60 maker-168186616-snap-gene-0.28-mRNA-1 248073
.26 maker-168186616-snap-gene-0.28-mRNA-1 597756
.60 augustus_masked-168529508-processed-gene-0.0-mRNA-1 1656133
.18 augustus_masked-168529508-processed-gene-0.0-mRNA-1 1658036
.56 maker-168560687-augustus-gene-0.76-mRNA-1 1743563
.53 maker-168527807-augustus-gene-0.16-mRNA-1 1693981
.29 maker-168527807-augustus-gene-0.16-mRNA-1 1656726
.30 snap_masked-160499389-processed-gene-0.2-mRNA-1 305431
.68 snap_masked-160499389-processed-gene-0.2-mRNA-1 685484
.13 maker-163137976-snap-gene-0.4-mRNA-1 1678944
.64 maker-163137976-snap-gene-0.4-mRNA-1 1691910
.79 maker-168515055-augustus-gene-0.11-mRNA-1 1743411
.20 maker-168515055-augustus-gene-0.11-mRNA-1 1685696
.53 genemark-168566761-processed-gene-0.17-mRNA-1 1743365
.24 genemark-168566761-processed-gene-0.17-mRNA-1 1672197
.48 augustus_masked-162579802-processed-gene-0.0-mRNA-1 1665177
.18 augustus_masked-162579802-processed-gene-0.0-mRNA-1 1129454
.18 augustus_masked-162579802-processed-gene-0.0-mRNA-1 625257
.31 maker-167249565-augustus-gene-0.3-mRNA-1 1655249
.55 maker-167249565-augustus-gene-0.3-mRNA-1 1655250
.44 maker-164740903-augustus-gene-0.3-mRNA-1 1681986
.43 maker-164740903-augustus-gene-0.3-mRNA-1 525874
.28 maker-164740903-augustus-gene-0.3-mRNA-1 364848
.23 maker-164740903-augustus-gene-0.3-mRNA-1 158880
.13 augustus_masked-168533071-processed-gene-0.6-mRNA-1 761869
.24 augustus_masked-168533071-processed-gene-0.6-mRNA-1 633153
.31 maker-168428127-snap-gene-0.6-mRNA-1 1743463
.31 maker-168428127-snap-gene-0.6-mRNA-1 400054
.36 maker-168232216-augustus-gene-0.60-mRNA-1 1686332
.49 maker-168232216-augustus-gene-0.60-mRNA-1 1688540
.37 augustus_masked-167823414-processed-gene-0.6-mRNA-1 1672509
.33 augustus_masked-167823414-processed-gene-0.6-mRNA-1 1717616
.18 maker-165332935-snap-gene-0.5-mRNA-1 527172
.07 maker-165332935-snap-gene-0.5-mRNA-1 582795
.36 snap_masked-168307379-processed-gene-0.28-mRNA-1 347026
.23 snap_masked-168307379-processed-gene-0.28-mRNA-1 939238
.48 augustus_masked-162020190-processed-gene-0.0-mRNA-1 1657428
.38 augustus_masked-162020190-processed-gene-0.0-mRNA-1 1714630
.35 augustus_masked-162020190-processed-gene-0.0-mRNA-1 1660354
.51 augustus_masked-162020190-processed-gene-0.0-mRNA-1 1666572
.26 augustus_masked-162020190-processed-gene-0.0-mRNA-1 1660798
.58 genemark-167821227-processed-gene-0.6-mRNA-1 1700997
.37 genemark-167821227-processed-gene-0.6-mRNA-1 1694894
.99 augustus_masked-167874114-processed-gene-0.0-mRNA-1 1743375
.38 maker-168473482-augustus-gene-0.24-mRNA-1 1743496
.33 maker-168473482-augustus-gene-0.24-mRNA-1 1655982
.17 maker-168473482-augustus-gene-0.24-mRNA-1 1661312
.34 snap_masked-168488885-processed-gene-0.4-mRNA-1 1655113
.05 snap_masked-168488885-processed-gene-0.4-mRNA-1 311429
.16 snap_masked-168532811-processed-gene-0.13-mRNA-1 1657397
.83 snap_masked-168532811-processed-gene-0.13-mRNA-1 1655196
.33 maker-168284571-snap-gene-0.109-mRNA-1 1743343
.23 maker-168284571-snap-gene-0.109-mRNA-1 454120
.23 maker-168284571-snap-gene-0.109-mRNA-1 1655244
.01 maker-168284571-snap-gene-0.109-mRNA-1 1653888
.36 maker-168571622-augustus-gene-0.43-mRNA-1 1743552
.38 maker-168571622-augustus-gene-0.43-mRNA-1 1743552
.50 maker-168254861-augustus-gene-0.35-mRNA-1 1743540
.23 maker-168254861-augustus-gene-0.35-mRNA-1 1743540
.81 maker-168327604-snap-gene-0.22-mRNA-1 1743556
.15 maker-168327604-snap-gene-0.22-mRNA-1 518899
.83 maker-168305274-augustus-gene-0.39-mRNA-1 1653728
.19 maker-168305274-augustus-gene-0.39-mRNA-1 243339
.19 maker-168305274-augustus-gene-0.39-mRNA-1 285818
.16 maker-168305274-augustus-gene-0.39-mRNA-1 1656543
.10 augustus_masked-166582663-processed-gene-0.0-mRNA-1 1677228
.89 augustus_masked-166582663-processed-gene-0.0-mRNA-1 1743442
.12 maker-168507613-augustus-gene-0.11-mRNA-1 1654432
.87 maker-168507613-augustus-gene-0.11-mRNA-1 1743217
.37 augustus_masked-168377306-processed-gene-0.5-mRNA-1 1674391
.49 augustus_masked-168377306-processed-gene-0.5-mRNA-1 1743334
.85 maker-167805075-snap-gene-0.60-mRNA-1 1743417
.11 maker-167805075-snap-gene-0.60-mRNA-1 1514963
.88 maker-168499295-snap-gene-0.52-mRNA-1 1743543
.81 maker-168409494-augustus-gene-0.9-mRNA-1 1743248
.11 maker-168409494-augustus-gene-0.9-mRNA-1 1674640
.37 snap_masked-168543491-processed-gene-0.29-mRNA-1 1658714
.41 snap_masked-168543491-processed-gene-0.29-mRNA-1 594098
.86 snap_masked-168564328-processed-gene-0.27-mRNA-1 1743560
.10 snap_masked-168564328-processed-gene-0.27-mRNA-1 1663671
.17 augustus_masked-168574366-processed-gene-0.0-mRNA-1 1102145
.79 augustus_masked-168574366-processed-gene-0.0-mRNA-1 247020
.16 genemark-168262150-processed-gene-0.27-mRNA-1 498652
.25 genemark-168262150-processed-gene-0.27-mRNA-1 371054
.48 maker-165810553-augustus-gene-0.1-mRNA-1 1130932
.06 maker-165810553-augustus-gene-0.1-mRNA-1 642332
.28 maker-167877492-snap-gene-0.15-mRNA-1 1743531
.15 maker-167877492-snap-gene-0.15-mRNA-1 461696
.49 snap_masked-168291772-processed-gene-0.4-mRNA-1 1658780
.39 snap_masked-168291772-processed-gene-0.4-mRNA-1 1743383
.44 augustus_masked-168001069-processed-gene-0.6-mRNA-1 241204
.55 augustus_masked-168001069-processed-gene-0.6-mRNA-1 1671593
.28 genemark-168304985-processed-gene-0.19-mRNA-1 1660940
.17 genemark-168304985-processed-gene-0.19-mRNA-1 1654972
.87 maker-167999838-augustus-gene-0.40-mRNA-1 1743537
.10 maker-167999838-augustus-gene-0.40-mRNA-1 1658673
.87 maker-168192479-augustus-gene-0.25-mRNA-1 1743551
.99 maker-168528844-augustus-gene-0.23-mRNA-1 1743495
.25 augustus_masked-168573920-processed-gene-0.12-mRNA-1 1657571
.39 augustus_masked-168573920-processed-gene-0.12-mRNA-1 1679004
.28 augustus_masked-168439791-processed-gene-0.16-mRNA-1 1743406
.14 augustus_masked-168439791-processed-gene-0.16-mRNA-1 1685041
.14 augustus_masked-168439791-processed-gene-0.16-mRNA-1 254305
.13 augustus_masked-168439791-processed-gene-0.16-mRNA-1 1657793
.57 augustus_masked-168575520-processed-gene-0.9-mRNA-1 1743418
.12 augustus_masked-168575520-processed-gene-0.9-mRNA-1 1657930
.20 augustus_masked-166562382-processed-gene-0.0-mRNA-1 241658
.67 augustus_masked-166562382-processed-gene-0.0-mRNA-1 1677741
.57 maker-167962708-snap-gene-0.18-mRNA-1 1743317
.42 maker-167962708-snap-gene-0.18-mRNA-1 1666879
.65 snap_masked-168455340-processed-gene-0.19-mRNA-1 1661606
.34 snap_masked-168455340-processed-gene-0.19-mRNA-1 1719490
.71 maker-168496243-augustus-gene-0.17-mRNA-1 1743476
.20 maker-168496243-augustus-gene-0.17-mRNA-1 1701590
.17 maker-168577105-augustus-gene-0.51-mRNA-1 492124
.71 maker-168577105-augustus-gene-0.51-mRNA-1 1743327
.99 augustus_masked-168497320-processed-gene-0.9-mRNA-1 1743573
.83 augustus_masked-168310357-processed-gene-0.1-mRNA-1 1743250
.15 augustus_masked-168310357-processed-gene-0.1-mRNA-1 430718
.89 maker-160648378-augustus-gene-0.5-mRNA-1 1743456
.10 maker-160648378-augustus-gene-0.5-mRNA-1 1668233
.84 maker-168189255-augustus-gene-0.88-mRNA-1 1743568
.73 augustus_masked-168564398-processed-gene-3.0-mRNA-1 1660018
.19 maker-168573412-augustus-gene-0.7-mRNA-1 1699760
.66 maker-168573412-augustus-gene-0.7-mRNA-1 1743310
.52 maker-168454772-augustus-gene-0.50-mRNA-1 1743355
.37 maker-168454772-augustus-gene-0.50-mRNA-1 1688798
.21 maker-168454772-augustus-gene-0.50-mRNA-1 1743320
.12 maker-168454772-augustus-gene-0.50-mRNA-1 1687994
.23 maker-163577184-snap-gene-0.1-mRNA-1 298810
.55 maker-163577184-snap-gene-0.1-mRNA-1 1661070
.30 maker-168276567-augustus-gene-0.6-mRNA-1 1705109
.69 maker-168276567-augustus-gene-0.6-mRNA-1 1743100
.66 maker-168185871-snap-gene-0.9-mRNA-1 1678214
.20 maker-168185871-snap-gene-0.9-mRNA-1 1654968
.18 maker-168243233-snap-gene-0.13-mRNA-1 1654924
.67 maker-168243233-snap-gene-0.13-mRNA-1 1663141
.75 augustus_masked-165928839-processed-gene-0.0-mRNA-1 1655085
.24 augustus_masked-165928839-processed-gene-0.0-mRNA-1 1694184
.97 snap_masked-168395633-processed-gene-0.87-mRNA-1 1743357
.83 augustus_masked-166195931-processed-gene-0.0-mRNA-1 1743508
.16 augustus_masked-166195931-processed-gene-0.0-mRNA-1 1671767
.72 maker-168550641-augustus-gene-0.66-mRNA-1 1743489
.22 maker-168550641-augustus-gene-0.66-mRNA-1 1653486
.78 maker-168189161-snap-gene-0.86-mRNA-1 1743191
.12 maker-168189161-snap-gene-0.86-mRNA-1 689209
.15 maker-168455588-augustus-gene-0.13-mRNA-1 1658007
.81 maker-168455588-augustus-gene-0.13-mRNA-1 1743458
.87 maker-168451561-snap-gene-0.40-mRNA-1 1743501
.09 maker-168451561-snap-gene-0.40-mRNA-1 562900
.99 augustus_masked-166977956-processed-gene-0.0-mRNA-1 1743288
.41 maker-168525947-augustus-gene-0.38-mRNA-1 1703352
.47 maker-168525947-augustus-gene-0.38-mRNA-1 1673761
.42 maker-168577628-snap-gene-0.38-mRNA-1 664430
.34 maker-168577628-snap-gene-0.38-mRNA-1 1222093
.23 maker-168553218-snap-gene-0.39-mRNA-1 595198
.49 maker-168553218-snap-gene-0.39-mRNA-1 1743148
.45 augustus_masked-168514728-processed-gene-0.1-mRNA-1 1657546
.36 augustus_masked-168514728-processed-gene-0.1-mRNA-1 256524
.72 maker-168187500-augustus-gene-0.8-mRNA-1 1743533
.19 maker-168187500-augustus-gene-0.8-mRNA-1 1668509
.43 maker-164407830-augustus-gene-0.4-mRNA-1 1743195
.29 maker-164407830-augustus-gene-0.4-mRNA-1 1687802
.35 maker-164407830-augustus-gene-0.4-mRNA-1 1654767
.22 maker-164407830-augustus-gene-0.4-mRNA-1 1708101
.16 maker-164407830-augustus-gene-0.4-mRNA-1 358572
.72 augustus_masked-168182937-processed-gene-0.1-mRNA-1 1664437
.70 augustus_masked-168548680-processed-gene-0.3-mRNA-1 1743492
.16 augustus_masked-168548680-processed-gene-0.3-mRNA-1 72914
.35 maker-168513966-augustus-gene-0.5-mRNA-1 1715141
.35 maker-168513966-augustus-gene-0.5-mRNA-1 1680345
.09 maker-168513966-augustus-gene-0.5-mRNA-1 1677820
.76 maker-168297610-snap-gene-0.21-mRNA-1 1743459
.22 maker-168297610-snap-gene-0.21-mRNA-1 1667819
.65 maker-168185342-snap-gene-0.56-mRNA-1 1743574
.31 maker-168185342-snap-gene-0.56-mRNA-1 299200
.82 maker-168188590-augustus-gene-0.42-mRNA-1 1743215
.14 maker-168188590-augustus-gene-0.42-mRNA-1 1682178
.12 maker-168188590-augustus-gene-0.42-mRNA-1 42585
.26 maker-166750527-augustus-gene-0.2-mRNA-1 945115
.73 maker-166750527-augustus-gene-0.2-mRNA-1 1743466
.53 maker-168085587-snap-gene-0.38-mRNA-1 1743528
.11 maker-168085587-snap-gene-0.38-mRNA-1 275908
.11 maker-168085587-snap-gene-0.38-mRNA-1 1657481
.07 augustus_masked-168448716-processed-gene-0.0-mRNA-1 1038898
.91 augustus_masked-168448716-processed-gene-0.0-mRNA-1 1743179
.83 augustus_masked-168234756-processed-gene-0.1-mRNA-1 1743279
.22 snap_masked-167243482-processed-gene-0.3-mRNA-1 1699325
.77 snap_masked-167243482-processed-gene-0.3-mRNA-1 558118
.22 maker-168500229-snap-gene-0.25-mRNA-1 1656941
.47 maker-168500229-snap-gene-0.25-mRNA-1 1743530
.38 augustus_masked-167802831-processed-gene-0.0-mRNA-1 1657731
.61 augustus_masked-167802831-processed-gene-0.0-mRNA-1 1743497
.30 snap_masked-168408690-processed-gene-0.4-mRNA-1 1690050
.63 snap_masked-168408690-processed-gene-0.4-mRNA-1 1664777
.21 maker-168487132-snap-gene-0.30-mRNA-1 1698085
.41 maker-168487132-snap-gene-0.30-mRNA-1 1743478
.39 augustus_masked-166352044-processed-gene-0.0-mRNA-1 1677886
.22 augustus_masked-166352044-processed-gene-0.0-mRNA-1 246036
