.78 maker-167918016-snap-gene-0.28-mRNA-1 2331243
.44 maker-167918016-snap-gene-0.28-mRNA-1 865373
.16 maker-168311359-snap-gene-0.11-mRNA-1 2254123
.62 maker-168311359-snap-gene-0.11-mRNA-1 2344421
.52 maker-158324297-augustus-gene-0.2-mRNA-1 432954
.31 maker-158324297-augustus-gene-0.2-mRNA-1 671434
.27 maker-158324297-augustus-gene-0.2-mRNA-1 972438
.20 maker-158324297-augustus-gene-0.2-mRNA-1 432958
.17 maker-158324297-augustus-gene-0.2-mRNA-1 651340
.19 snap_masked-162146890-processed-gene-0.2-mRNA-1 178323
.19 snap_masked-162146890-processed-gene-0.2-mRNA-1 2244798
0 snap_masked-162146890-processed-gene-0.2-mRNA-1 2250118
.11 snap_masked-162146890-processed-gene-0.2-mRNA-1 2250118
.25 maker-168435990-augustus-gene-0.17-mRNA-1 563049
.29 maker-168435990-augustus-gene-0.17-mRNA-1 2225435
.99 maker-168033068-snap-gene-0.29-mRNA-1 2344484
.38 snap_masked-168567844-processed-gene-0.67-mRNA-1 2344339
.25 snap_masked-168567844-processed-gene-0.67-mRNA-1 2226161
.82 augustus_masked-168330649-processed-gene-0.13-mRNA-1 2344429
.05 augustus_masked-168330649-processed-gene-0.13-mRNA-1 2324501
.46 maker-168519505-augustus-gene-0.10-mRNA-1 2344483
.82 snap_masked-168577549-processed-gene-0.64-mRNA-1 2344366
.17 snap_masked-168577549-processed-gene-0.64-mRNA-1 438148
.50 augustus_masked-168266096-processed-gene-0.2-mRNA-1 2232464
.27 augustus_masked-168266096-processed-gene-0.2-mRNA-1 2227933
.26 augustus_masked-168502990-processed-gene-0.2-mRNA-1 2344131
.62 augustus_masked-168502990-processed-gene-0.2-mRNA-1 2262580
.48 augustus_masked-168508717-processed-gene-0.4-mRNA-1 2229403
.33 augustus_masked-168508717-processed-gene-0.4-mRNA-1 2228060
.76 maker-159904187-snap-gene-0.4-mRNA-1 2238584
.14 maker-159904187-snap-gene-0.4-mRNA-1 2230829
.42 augustus_masked-168258227-processed-gene-0.0-mRNA-1 2230345
.42 augustus_masked-168258227-processed-gene-0.0-mRNA-1 2229287
.24 augustus_masked-168258227-processed-gene-0.0-mRNA-1 2231665
.31 maker-168206297-snap-gene-0.47-mRNA-1 2299386
.20 maker-168206297-snap-gene-0.47-mRNA-1 883069
.74 maker-168458578-augustus-gene-0.22-mRNA-1 2344137
.16 maker-168458578-augustus-gene-0.22-mRNA-1 2305292
.88 maker-168563521-snap-gene-0.27-mRNA-1 2344470
.02 maker-168563521-snap-gene-0.27-mRNA-1 2260761
.03 maker-168563521-snap-gene-0.27-mRNA-1 172773
.95 maker-168548872-augustus-gene-0.12-mRNA-1 2344468
.99 augustus_masked-168554258-processed-gene-0.2-mRNA-1 2344430
.99 augustus_masked-168191806-processed-gene-0.0-mRNA-1 2344420
.44 snap_masked-168187158-processed-gene-0.13-mRNA-1 2235218
.05 maker-168547101-augustus-gene-0.22-mRNA-1 2231313
.12 maker-168547101-augustus-gene-0.22-mRNA-1 2235920
.20 snap_masked-162013780-processed-gene-0.3-mRNA-1 657272
.79 snap_masked-162013780-processed-gene-0.3-mRNA-1 2307756
.90 maker-168417513-snap-gene-0.25-mRNA-1 2344478
.53 maker-168567795-snap-gene-0.72-mRNA-1 2224904
.22 maker-168567795-snap-gene-0.72-mRNA-1 2330446
.49 maker-168568719-augustus-gene-1.80-mRNA-1 2234001
.41 maker-168277162-augustus-gene-0.7-mRNA-1 2274764
.58 maker-168277162-augustus-gene-0.7-mRNA-1 2231190
.26 maker-168540564-augustus-gene-0.56-mRNA-1 2224804
.63 maker-168271428-augustus-gene-0.29-mRNA-1 2344460
.43 maker-168532651-snap-gene-0.17-mRNA-1 2296067
.29 maker-168532651-snap-gene-0.17-mRNA-1 1825407
.22 genemark-168353885-processed-gene-0.5-mRNA-1 670766
.01 genemark-168353885-processed-gene-0.5-mRNA-1 2292799
.82 maker-168347580-augustus-gene-0.34-mRNA-1 2344448
.17 maker-168347580-augustus-gene-0.34-mRNA-1 2269604
.53 augustus_masked-167935987-processed-gene-0.3-mRNA-1 2240741
.30 augustus_masked-167935987-processed-gene-0.3-mRNA-1 2324695
.17 maker-168577137-snap-gene-0.57-mRNA-1 2273393
.82 maker-168577137-snap-gene-0.57-mRNA-1 2289023
.25 maker-167836703-snap-gene-0.43-mRNA-2 2344464
.13 maker-167836703-snap-gene-0.43-mRNA-2 288554
.66 augustus_masked-168102219-processed-gene-0.2-mRNA-1 2229451
.33 augustus_masked-168102219-processed-gene-0.2-mRNA-1 2229450
.43 maker-167943863-snap-gene-0.44-mRNA-1 2241267
.56 maker-167943863-snap-gene-0.44-mRNA-1 2269839
.65 augustus_masked-168482574-processed-gene-0.0-mRNA-1 2344406
.10 augustus_masked-168482574-processed-gene-0.0-mRNA-1 589712
.01 augustus_masked-168482574-processed-gene-0.0-mRNA-1 2240910
.36 snap_masked-168185537-processed-gene-0.5-mRNA-1 2226921
.24 snap_masked-168185537-processed-gene-0.5-mRNA-1 2344324
.14 snap_masked-168185537-processed-gene-0.5-mRNA-1 2281914
.72 genemark-168512774-processed-gene-0.22-mRNA-1 2344246
.17 genemark-168512774-processed-gene-0.22-mRNA-1 1502572
.39 maker-168249909-augustus-gene-0.45-mRNA-1 2289157
.33 maker-168249909-augustus-gene-0.45-mRNA-1 2246737
.25 maker-168249909-augustus-gene-0.45-mRNA-1 2274698
.23 maker-168249909-augustus-gene-0.45-mRNA-1 213928
.05 maker-168249909-augustus-gene-0.45-mRNA-1 2223911
.41 maker-167800852-snap-gene-0.28-mRNA-1 2337388
.28 maker-167800852-snap-gene-0.28-mRNA-1 2256232
.50 genemark-168454453-processed-gene-0.11-mRNA-1 2293844
.40 genemark-168454453-processed-gene-0.11-mRNA-1 2337165
.61 augustus_masked-168462503-processed-gene-0.1-mRNA-1 2237945
.33 augustus_masked-168462503-processed-gene-0.1-mRNA-1 2241444
.80 snap_masked-165276992-processed-gene-0.4-mRNA-1 2283858
.80 snap_masked-165276992-processed-gene-0.4-mRNA-1 2254038
.04 snap_masked-165276992-processed-gene-0.4-mRNA-1 2331792
.75 maker-168566705-snap-gene-0.82-mRNA-1 2236496
.24 maker-168566705-snap-gene-0.82-mRNA-1 2245125
.58 augustus_masked-168533939-processed-gene-0.1-mRNA-1 2247774
.28 augustus_masked-168533939-processed-gene-0.1-mRNA-1 2288776
.65 maker-168186529-snap-gene-0.27-mRNA-1 2267962
.17 maker-168186529-snap-gene-0.27-mRNA-1 2237943
.89 maker-168183210-snap-gene-0.5-mRNA-1 2275767
.03 maker-168183210-snap-gene-0.5-mRNA-1 2343840
.03 maker-168183210-snap-gene-0.5-mRNA-1 655080
.76 maker-168549950-augustus-gene-0.26-mRNA-2 2344412
.86 snap_masked-168427293-processed-gene-0.65-mRNA-1 2344177
.03 snap_masked-168427293-processed-gene-0.65-mRNA-1 1996040
.40 maker-166798290-snap-gene-0.5-mRNA-1 2233389
.35 maker-166798290-snap-gene-0.5-mRNA-1 584505
.19 maker-166798290-snap-gene-0.5-mRNA-1 2256021
.80 snap_masked-168576740-processed-gene-0.61-mRNA-1 2224901
.18 snap_masked-168576740-processed-gene-0.61-mRNA-1 2111958
.52 maker-168184665-augustus-gene-0.15-mRNA-1 576471
.41 maker-168184665-augustus-gene-0.15-mRNA-1 2235371
.42 maker-168184665-augustus-gene-0.15-mRNA-1 2328529
.60 maker-166943708-augustus-gene-0.3-mRNA-1 2344445
.38 maker-166943708-augustus-gene-0.3-mRNA-1 2223587
.33 augustus_masked-167813405-processed-gene-0.2-mRNA-1 2232015
.65 augustus_masked-167813405-processed-gene-0.2-mRNA-1 2251418
.65 maker-168328465-augustus-gene-0.27-mRNA-1 2344384
.39 maker-164503406-snap-gene-0.4-mRNA-1 2243185
.38 maker-164503406-snap-gene-0.4-mRNA-1 2258904
.25 maker-164503406-snap-gene-0.4-mRNA-1 2287022
.16 maker-167807593-augustus-gene-0.6-mRNA-1 516500
.83 maker-167807593-augustus-gene-0.6-mRNA-1 2344303
.19 maker-168497232-augustus-gene-0.18-mRNA-1 728536
.80 maker-168497232-augustus-gene-0.18-mRNA-1 2344434
.76 augustus_masked-168503115-processed-gene-0.4-mRNA-1 2344288
.62 snap_masked-168020940-processed-gene-0.5-mRNA-1 641953
.37 snap_masked-168020940-processed-gene-0.5-mRNA-1 2237380
.42 maker-168311582-snap-gene-0.18-mRNA-1 2258227
.36 maker-168311582-snap-gene-0.18-mRNA-1 722927
.32 maker-168486364-snap-gene-0.5-mRNA-1 567102
.47 maker-168486364-snap-gene-0.5-mRNA-1 711270
.60 snap_masked-168458257-processed-gene-0.62-mRNA-1 2239364
.34 snap_masked-168458257-processed-gene-0.62-mRNA-1 2324704
.33 snap_masked-168458257-processed-gene-0.62-mRNA-1 2245004
.33 snap_masked-168458257-processed-gene-0.62-mRNA-1 2223562
.33 maker-168499035-augustus-gene-0.25-mRNA-1 2226086
.41 maker-168499035-augustus-gene-0.25-mRNA-1 2248459
.10 augustus_masked-168218947-processed-gene-0.0-mRNA-1 2236891
.77 augustus_masked-168218947-processed-gene-0.0-mRNA-1 2344056
.47 maker-168387782-augustus-gene-0.21-mRNA-1 2344465
.24 maker-168387782-augustus-gene-0.21-mRNA-1 901229
.15 maker-168387782-augustus-gene-0.21-mRNA-1 2344465
.23 maker-168573397-augustus-gene-0.6-mRNA-1 2248994
.41 maker-168573397-augustus-gene-0.6-mRNA-1 2234983
.29 maker-163669177-augustus-gene-0.3-mRNA-1 472128
.60 maker-163669177-augustus-gene-0.3-mRNA-1 2223576
.13 augustus_masked-167382003-processed-gene-0.0-mRNA-1 2286968
.57 augustus_masked-167382003-processed-gene-0.0-mRNA-1 2224713
.87 maker-168245778-snap-gene-0.73-mRNA-1 2344463
.25 maker-168337659-augustus-gene-0.11-mRNA-1 2236618
.13 maker-168337659-augustus-gene-0.11-mRNA-1 2247521
.22 maker-167044129-augustus-gene-0.5-mRNA-1 39879
.40 maker-167044129-augustus-gene-0.5-mRNA-1 39873
.71 genemark-168311234-processed-gene-0.31-mRNA-1 2224252
.07 genemark-168311234-processed-gene-0.31-mRNA-1 770492
.09 snap_masked-168556651-processed-gene-0.98-mRNA-1 2344457
.83 snap_masked-168556651-processed-gene-0.98-mRNA-1 2312236
.18 maker-168095259-augustus-gene-0.8-mRNA-2 2344453
.14 maker-168095259-augustus-gene-0.8-mRNA-2 2226868
.88 maker-168292693-snap-gene-0.20-mRNA-1 2344475
.32 genemark-168483110-processed-gene-0.10-mRNA-1 2273275
.66 genemark-168483110-processed-gene-0.10-mRNA-1 2344352
.56 snap_masked-166232090-processed-gene-0.2-mRNA-1 2239485
.50 snap_masked-166232090-processed-gene-0.2-mRNA-1 318148
.22 snap_masked-166232090-processed-gene-0.2-mRNA-1 2223782
.16 snap_masked-166232090-processed-gene-0.2-mRNA-1 877105
.77 maker-168506393-snap-gene-0.21-mRNA-1 2344416
.08 maker-168506393-snap-gene-0.21-mRNA-1 1477664
.11 maker-168574043-augustus-gene-0.20-mRNA-1 1797876
.88 maker-168574043-augustus-gene-0.20-mRNA-1 2229154
.73 augustus_masked-167945485-processed-gene-0.3-mRNA-1 2225574
.15 augustus_masked-167945485-processed-gene-0.3-mRNA-1 2276828
.19 snap_masked-168577080-processed-gene-0.66-mRNA-1 2231347
.79 snap_masked-168577080-processed-gene-0.66-mRNA-1 2344257
.65 augustus_masked-168577203-processed-gene-0.12-mRNA-1 2344427
.52 maker-168577310-augustus-gene-0.20-mRNA-2 2232837
.17 maker-168577310-augustus-gene-0.20-mRNA-2 2251374
.26 maker-168190511-snap-gene-0.56-mRNA-1 2238902
.64 maker-168190511-snap-gene-0.56-mRNA-1 2344418
.34 maker-168528742-augustus-gene-0.36-mRNA-1 2225203
.27 maker-168528742-augustus-gene-0.36-mRNA-1 2271584
.36 maker-168573007-snap-gene-0.68-mRNA-1 2277000
.29 maker-168573007-snap-gene-0.68-mRNA-1 395208
.30 maker-168272695-augustus-gene-0.12-mRNA-1 973890
.46 maker-168272695-augustus-gene-0.12-mRNA-1 2232824
.78 augustus_masked-163480470-processed-gene-0.1-mRNA-1 2344353
.21 augustus_masked-163480470-processed-gene-0.1-mRNA-1 408311
.33 maker-168288710-augustus-gene-0.10-mRNA-1 2229832
.21 maker-168288710-augustus-gene-0.10-mRNA-1 2225056
.22 maker-168186291-augustus-gene-0.46-mRNA-1 1018615
.20 maker-168186291-augustus-gene-0.46-mRNA-1 2335525
.18 maker-168186291-augustus-gene-0.46-mRNA-1 175464
.31 maker-168186291-augustus-gene-0.46-mRNA-1 2344459
.12 maker-168553569-augustus-gene-0.19-mRNA-1 2258825
.37 maker-168553569-augustus-gene-0.19-mRNA-1 2344141
.59 maker-168569643-snap-gene-0.65-mRNA-1 2233443
.22 maker-168569643-snap-gene-0.65-mRNA-1 2306148
.12 augustus_masked-158316153-processed-gene-0.0-mRNA-1 2321794
.76 augustus_masked-158316153-processed-gene-0.0-mRNA-1 2344377
.49 maker-167089389-augustus-gene-0.4-mRNA-1 2231520
.27 maker-167089389-augustus-gene-0.4-mRNA-1 2246786
.29 maker-167821279-snap-gene-0.33-mRNA-1 433942
.70 maker-167821279-snap-gene-0.33-mRNA-1 2272526
.86 augustus_masked-168206297-processed-gene-0.3-mRNA-1 2344075
.22 maker-167896393-augustus-gene-0.6-mRNA-1 2344244
.19 maker-167896393-augustus-gene-0.6-mRNA-1 2309978
.22 augustus_masked-162936136-processed-gene-0.1-mRNA-1 2301381
.77 augustus_masked-162936136-processed-gene-0.1-mRNA-1 2227503
.15 maker-168352780-augustus-gene-0.17-mRNA-1 511743
.48 maker-168352780-augustus-gene-0.17-mRNA-1 2344232
.99 genemark-168335457-processed-gene-0.34-mRNA-1 2344397
.20 augustus_masked-168565385-processed-gene-0.12-mRNA-1 2256673
.79 augustus_masked-168565385-processed-gene-0.12-mRNA-1 2223919
.79 snap_masked-168577512-processed-gene-0.75-mRNA-1 2344268
.38 maker-167896472-snap-gene-0.33-mRNA-1 2235184
.57 maker-167896472-snap-gene-0.33-mRNA-1 2344473
.32 augustus_masked-168462078-processed-gene-0.4-mRNA-1 2277447
.67 augustus_masked-168462078-processed-gene-0.4-mRNA-1 2231698
.83 genemark-168556754-processed-gene-0.14-mRNA-1 2234018
.16 genemark-168556754-processed-gene-0.14-mRNA-1 2032857
.35 maker-168568251-snap-gene-0.11-mRNA-1 2277904
.43 maker-168568251-snap-gene-0.11-mRNA-1 2231025
.22 augustus_masked-168481325-processed-gene-0.6-mRNA-1 2318977
.33 augustus_masked-168481325-processed-gene-0.6-mRNA-1 2231435
.34 maker-167937678-snap-gene-0.23-mRNA-1 2344229
.13 maker-167937678-snap-gene-0.23-mRNA-1 99188
.39 maker-168296678-augustus-gene-0.47-mRNA-1 2232237
.28 maker-168296678-augustus-gene-0.47-mRNA-1 2247395
.52 maker-168574538-augustus-gene-0.18-mRNA-1 2344356
.22 maker-168574538-augustus-gene-0.18-mRNA-1 2260527
.64 maker-162920286-augustus-gene-0.4-mRNA-1 2280920
.23 maker-162920286-augustus-gene-0.4-mRNA-1 1215002
.25 maker-168574058-augustus-gene-0.35-mRNA-1 1112540
.60 maker-168574058-augustus-gene-0.35-mRNA-1 2344243
.48 maker-168388760-augustus-gene-0.49-mRNA-1 339474
.27 maker-168388760-augustus-gene-0.49-mRNA-1 759917
.54 maker-168552267-augustus-gene-0.20-mRNA-1 2344471
.06 maker-168552267-augustus-gene-0.20-mRNA-1 2344380
.75 augustus_masked-168243788-processed-gene-0.1-mRNA-1 2344469
.20 augustus_masked-168243788-processed-gene-0.1-mRNA-1 2245121
.37 maker-166004792-augustus-gene-0.4-mRNA-1 2296692
.32 maker-166004792-augustus-gene-0.4-mRNA-1 1029777
.31 maker-168327657-augustus-gene-0.10-mRNA-1 1194365
.27 maker-168327657-augustus-gene-0.10-mRNA-1 2242268
.23 maker-168327657-augustus-gene-0.10-mRNA-1 2293138
.19 maker-168327657-augustus-gene-0.10-mRNA-1 2282281
.13 maker-168327657-augustus-gene-0.10-mRNA-1 2289738
.61 maker-168517398-augustus-gene-0.22-mRNA-2 2344431
.16 maker-168517398-augustus-gene-0.22-mRNA-2 18106
.14 maker-168517398-augustus-gene-0.22-mRNA-2 2223528
.35 augustus_masked-168190346-processed-gene-0.1-mRNA-1 2268630
.26 augustus_masked-168190346-processed-gene-0.1-mRNA-1 2250335
.16 augustus_masked-168190346-processed-gene-0.1-mRNA-1 2229992
.99 snap_masked-168572839-processed-gene-0.10-mRNA-1 2344426
.69 maker-168548180-snap-gene-0.79-mRNA-1 2225910
.54 maker-168483339-snap-gene-0.116-mRNA-1 2344183
.19 maker-168483339-snap-gene-0.116-mRNA-1 2255974
.09 maker-168483339-snap-gene-0.116-mRNA-1 2223724
.15 maker-168419682-snap-gene-0.11-mRNA-1 2266952
.20 maker-168419682-snap-gene-0.11-mRNA-1 2230100
.36 genemark-167956842-processed-gene-0.3-mRNA-1 2234175
.31 genemark-167956842-processed-gene-0.3-mRNA-1 2295899
.53 augustus_masked-168554379-processed-gene-0.0-mRNA-1 2230581
.24 augustus_masked-168554379-processed-gene-0.0-mRNA-1 2257776
.69 maker-168185762-snap-gene-0.12-mRNA-1 2224146
.21 maker-163310728-augustus-gene-0.3-mRNA-1 2285008
.78 maker-163310728-augustus-gene-0.3-mRNA-1 2344474
.74 maker-168518792-augustus-gene-0.25-mRNA-1 2344433
.11 maker-168518792-augustus-gene-0.25-mRNA-1 2313366
.76 maker-168372931-augustus-gene-0.6-mRNA-1 2344220
.06 maker-168372931-augustus-gene-0.6-mRNA-1 306432
.31 maker-168440929-augustus-gene-0.61-mRNA-1 323153
.67 maker-168440929-augustus-gene-0.61-mRNA-1 2344205
.60 maker-168576875-snap-gene-0.74-mRNA-1 2226588
.14 maker-168576875-snap-gene-0.74-mRNA-1 2247950
.08 maker-168576875-snap-gene-0.74-mRNA-1 2288110
.17 maker-168187170-augustus-gene-0.72-mRNA-1 433430
.59 maker-168187170-augustus-gene-0.72-mRNA-1 2344391
.34 maker-164878259-augustus-gene-0.3-mRNA-1 2240096
.25 maker-164878259-augustus-gene-0.3-mRNA-1 863478
.22 maker-168252472-augustus-gene-0.26-mRNA-1 2230553
.08 maker-168252472-augustus-gene-0.26-mRNA-1 2226038
.01 maker-168252472-augustus-gene-0.26-mRNA-1 2226038
.13 maker-164559933-snap-gene-0.4-mRNA-1 624038
.76 maker-164559933-snap-gene-0.4-mRNA-1 387610
.22 augustus_masked-168357866-processed-gene-0.15-mRNA-1 2279255
.77 augustus_masked-168357866-processed-gene-0.15-mRNA-1 2235271
.32 maker-168577511-snap-gene-0.95-mRNA-1 2232796
.44 maker-168577511-snap-gene-0.95-mRNA-1 2344393
.44 maker-166637080-augustus-gene-0.4-mRNA-1 2308644
.22 maker-166637080-augustus-gene-0.4-mRNA-1 908168
.14 maker-166637080-augustus-gene-0.4-mRNA-1 744419
.12 maker-166637080-augustus-gene-0.4-mRNA-1 753669
.61 maker-168486675-snap-gene-0.23-mRNA-1 2344248
.20 snap_masked-168434227-processed-gene-0.19-mRNA-1 819013
.72 snap_masked-168434227-processed-gene-0.19-mRNA-1 2344263
.54 maker-168186310-snap-gene-0.22-mRNA-1 2273620
.48 maker-168186310-snap-gene-0.22-mRNA-1 2259578
.27 maker-168186310-snap-gene-0.22-mRNA-1 2236491
.16 maker-168186310-snap-gene-0.22-mRNA-1 2344388
.16 maker-168186310-snap-gene-0.22-mRNA-1 2332185
.28 maker-168497647-augustus-gene-0.18-mRNA-1 2344280
.16 maker-168497647-augustus-gene-0.18-mRNA-1 2284939
.49 maker-163714314-augustus-gene-0.2-mRNA-1 2269775
.45 maker-163714314-augustus-gene-0.2-mRNA-1 446626
.40 maker-163714314-augustus-gene-0.2-mRNA-1 377250
.57 maker-168184458-augustus-gene-0.8-mRNA-1 2344419
.38 maker-168184458-augustus-gene-0.8-mRNA-1 2344419
.88 augustus_masked-168290535-processed-gene-1.35-mRNA-1 2344436
.07 augustus_masked-168290535-processed-gene-1.35-mRNA-1 171501
.07 augustus_masked-168290535-processed-gene-1.35-mRNA-1 2231939
.05 augustus_masked-168290535-processed-gene-1.35-mRNA-1 651242
.21 augustus_masked-159279420-processed-gene-0.0-mRNA-1 2253678
.68 augustus_masked-159279420-processed-gene-0.0-mRNA-1 2226615
.45 maker-168137471-augustus-gene-0.13-mRNA-1 2344480
.30 augustus_masked-168254477-processed-gene-0.12-mRNA-1 2284054
.21 augustus_masked-168254477-processed-gene-0.12-mRNA-1 1014310
.48 maker-168371267-augustus-gene-0.35-mRNA-1 2344477
.07 maker-168371267-augustus-gene-0.35-mRNA-1 2269883
.35 maker-164757918-augustus-gene-0.4-mRNA-1 2313027
.24 maker-164757918-augustus-gene-0.4-mRNA-1 2267481
.11 maker-163450168-augustus-gene-0.9-mRNA-1 2275366
.68 maker-163450168-augustus-gene-0.9-mRNA-1 2284049
.53 genemark-167784625-processed-gene-0.3-mRNA-1 2344291
.23 genemark-167784625-processed-gene-0.3-mRNA-1 2268223
.34 maker-168223701-augustus-gene-0.5-mRNA-1 2252293
.32 maker-168223701-augustus-gene-0.5-mRNA-1 2225878
.79 snap_masked-168238271-processed-gene-0.71-mRNA-1 2227581
.20 snap_masked-168238271-processed-gene-0.71-mRNA-1 2258549
.51 augustus_masked-166338890-processed-gene-0.0-mRNA-1 2344467
.13 augustus_masked-166338890-processed-gene-0.0-mRNA-1 924263
.13 augustus_masked-166338890-processed-gene-0.0-mRNA-1 2300479
.08 augustus_masked-166338890-processed-gene-0.0-mRNA-1 1405758
.43 maker-168385712-snap-gene-0.52-mRNA-1 2306990
.37 maker-168385712-snap-gene-0.52-mRNA-1 2280335
.47 maker-168190112-augustus-gene-1.100-mRNA-1 2344215
.19 maker-168190112-augustus-gene-1.100-mRNA-1 421566
.57 augustus_masked-164763245-processed-gene-0.0-mRNA-1 2246275
.33 augustus_masked-164763245-processed-gene-0.0-mRNA-1 2299127
.71 augustus_masked-167842751-processed-gene-0.1-mRNA-1 2344407
.17 augustus_masked-167842751-processed-gene-0.1-mRNA-1 1036478
.12 augustus_masked-167842751-processed-gene-0.1-mRNA-1 828723
.07 maker-168247876-augustus-gene-0.23-mRNA-1 216338
.85 maker-168247876-augustus-gene-0.23-mRNA-1 2344290
.99 maker-168419683-snap-gene-0.113-mRNA-1 2344219
.89 maker-168453979-snap-gene-0.24-mRNA-1 2344208
.35 augustus_masked-168511734-processed-gene-0.0-mRNA-1 2225493
.33 augustus_masked-168511734-processed-gene-0.0-mRNA-1 172023
.35 augustus_masked-168511734-processed-gene-0.0-mRNA-1 2229058
.22 augustus_masked-168511734-processed-gene-0.0-mRNA-1 2231400
.75 maker-168366356-augustus-gene-0.36-mRNA-1 2344417
.24 maker-168366356-augustus-gene-0.36-mRNA-1 2229612
.22 maker-168184900-augustus-gene-0.67-mRNA-1 2286428
.11 maker-168184900-augustus-gene-0.67-mRNA-1 2305095
.12 maker-168184900-augustus-gene-0.67-mRNA-1 2302771
.05 maker-168184900-augustus-gene-0.67-mRNA-1 2240353
.01 maker-168184900-augustus-gene-0.67-mRNA-1 2250180
.02 maker-168562355-augustus-gene-0.67-mRNA-1 2316417
.77 maker-168562355-augustus-gene-0.67-mRNA-1 2344462
.22 maker-168564516-augustus-gene-0.55-mRNA-2 502755
.28 maker-168564516-augustus-gene-0.55-mRNA-2 2243790
.51 maker-168187839-augustus-gene-0.17-mRNA-1 2283298
.41 maker-168187839-augustus-gene-0.17-mRNA-1 615550
.62 maker-168371087-snap-gene-0.40-mRNA-1 2344026
.35 maker-168371087-snap-gene-0.40-mRNA-1 2344026
.03 maker-166959697-snap-gene-0.4-mRNA-1 1814191
.96 maker-166959697-snap-gene-0.4-mRNA-1 2344197
.82 snap_masked-168184029-processed-gene-0.11-mRNA-1 2230107
.82 snap_masked-168184029-processed-gene-0.11-mRNA-1 2292219
.22 maker-168451995-snap-gene-0.24-mRNA-1 2341632
.77 maker-168451995-snap-gene-0.24-mRNA-1 2344449
.83 maker-168316100-augustus-gene-0.39-mRNA-1 2344274
.13 maker-168316100-augustus-gene-0.39-mRNA-1 492746
.51 maker-168538997-augustus-gene-0.37-mRNA-1 2236038
.36 maker-168538997-augustus-gene-0.37-mRNA-1 2223888
.47 maker-168573504-snap-gene-0.43-mRNA-1 2269147
.36 maker-168573504-snap-gene-0.43-mRNA-1 2284591
.34 maker-168577242-augustus-gene-0.20-mRNA-1 2225580
.78 maker-168244792-augustus-gene-0.15-mRNA-1 2226956
.12 maker-168244792-augustus-gene-0.15-mRNA-1 2342272
.33 maker-168186970-augustus-gene-0.45-mRNA-1 2224788
.12 maker-168186970-augustus-gene-0.45-mRNA-1 2251302
.28 maker-168577236-snap-gene-0.26-mRNA-1 2229527
.10 maker-168577236-snap-gene-0.26-mRNA-1 2250905
.05 maker-168577236-snap-gene-0.26-mRNA-1 2299476
.68 maker-168287020-snap-gene-0.28-mRNA-1 1079901
.45 maker-168287020-snap-gene-0.28-mRNA-1 2281712
.18 maker-168287020-snap-gene-0.28-mRNA-1 2245006
.56 snap_masked-168189898-processed-gene-0.97-mRNA-1 2224222
.48 maker-168434496-snap-gene-0.28-mRNA-1 220783
.36 maker-168434496-snap-gene-0.28-mRNA-1 2224945
.28 maker-168434496-snap-gene-0.28-mRNA-1 551761
.17 maker-168434496-snap-gene-0.28-mRNA-1 2238657
.86 maker-168574272-snap-gene-0.52-mRNA-1 2225368
.74 genemark-168288970-processed-gene-0.8-mRNA-1 2344328
.25 genemark-168288970-processed-gene-0.8-mRNA-1 2290597
.77 maker-168306180-augustus-gene-0.13-mRNA-1 2344476
.11 maker-168306180-augustus-gene-0.13-mRNA-1 2314104
.11 maker-168306180-augustus-gene-0.13-mRNA-1 983826
.70 augustus_masked-166496143-processed-gene-0.0-mRNA-1 2226469
.29 augustus_masked-166496143-processed-gene-0.0-mRNA-1 766162
.49 maker-168260310-augustus-gene-0.75-mRNA-1 389582
.50 maker-168260310-augustus-gene-0.75-mRNA-1 2344295
.80 maker-165762057-augustus-gene-0.3-mRNA-1 2344466
.15 maker-165762057-augustus-gene-0.3-mRNA-1 2250785
.09 maker-165762057-augustus-gene-0.3-mRNA-1 2259195
.76 maker-168202887-snap-gene-0.10-mRNA-1 2344329
.18 maker-168202887-snap-gene-0.10-mRNA-1 1231696
.99 snap_masked-164611498-processed-gene-0.2-mRNA-1 2236886
.43 maker-168250878-snap-gene-0.9-mRNA-1 2344450
.19 maker-168250878-snap-gene-0.9-mRNA-1 2344450
.82 maker-163799553-augustus-gene-0.3-mRNA-1 2255145
.41 maker-168561480-snap-gene-0.22-mRNA-1 2344456
.10 maker-168561480-snap-gene-0.22-mRNA-1 2236824
.99 genemark-168193800-processed-gene-0.34-mRNA-1 2344482
.28 maker-168230660-snap-gene-0.44-mRNA-1 2225524
.29 maker-168230660-snap-gene-0.44-mRNA-1 2344447
.53 maker-163580438-snap-gene-0.4-mRNA-1 2229942
.30 maker-163580438-snap-gene-0.4-mRNA-1 2236628
.17 maker-163580438-snap-gene-0.4-mRNA-1 2296314
.12 maker-167067847-augustus-gene-0.6-mRNA-1 720572
.65 maker-167067847-augustus-gene-0.6-mRNA-1 2344410
.99 maker-168576966-augustus-gene-0.56-mRNA-1 2344086
.20 maker-168273182-snap-gene-0.85-mRNA-1 414552
.34 maker-168273182-snap-gene-0.85-mRNA-1 2227778
.82 maker-168191500-augustus-gene-0.20-mRNA-1 2226217
.24 snap_masked-164841584-processed-gene-0.2-mRNA-1 2288261
.63 snap_masked-164841584-processed-gene-0.2-mRNA-1 2232276
.26 snap_masked-168218154-processed-gene-0.21-mRNA-1 2247469
.61 snap_masked-168218154-processed-gene-0.21-mRNA-1 2344207
.52 maker-168552850-snap-gene-0.15-mRNA-1 2224332
.43 maker-167500959-snap-gene-0.5-mRNA-1 945866
.56 maker-167500959-snap-gene-0.5-mRNA-1 2233295
.73 maker-168370023-snap-gene-0.8-mRNA-1 2226198
.58 maker-168032695-augustus-gene-0.29-mRNA-1 2344461
.06 maker-168032695-augustus-gene-0.29-mRNA-1 2344461
.96 maker-168246148-snap-gene-0.93-mRNA-1 2344454
.88 maker-168483197-augustus-gene-0.21-mRNA-1 2344458
.11 maker-168483197-augustus-gene-0.21-mRNA-1 2251654
.62 maker-168360484-snap-gene-0.75-mRNA-1 2344479
.17 maker-168360484-snap-gene-0.75-mRNA-1 513448
.68 augustus_masked-168365532-processed-gene-0.1-mRNA-1 2336121
.13 augustus_masked-168365532-processed-gene-0.1-mRNA-1 1863448
.89 maker-168264902-snap-gene-0.9-mRNA-1 2344227
.10 maker-168264902-snap-gene-0.9-mRNA-1 1416668
.33 snap_masked-168256026-processed-gene-0.39-mRNA-1 2344209
.19 snap_masked-168256026-processed-gene-0.39-mRNA-1 2252886
.12 snap_masked-168256026-processed-gene-0.39-mRNA-1 2297228
.70 maker-167914356-augustus-gene-0.56-mRNA-1 2344252
.11 maker-167914356-augustus-gene-0.56-mRNA-1 2235463
.10 maker-167914356-augustus-gene-0.56-mRNA-1 2305226
.83 maker-168503205-augustus-gene-0.11-mRNA-1 2240300
.16 maker-168503205-augustus-gene-0.11-mRNA-1 2285018
.52 snap_masked-168137277-processed-gene-0.15-mRNA-1 2259852
.46 snap_masked-168137277-processed-gene-0.15-mRNA-1 2230029
.99 augustus_masked-167890542-processed-gene-0.0-mRNA-1 2228224
.44 maker-160693456-augustus-gene-0.4-mRNA-1 2225584
.26 maker-160693456-augustus-gene-0.4-mRNA-1 699074
.48 maker-168279680-snap-gene-0.17-mRNA-1 2240868
.43 maker-168279680-snap-gene-0.17-mRNA-1 2239144
.36 maker-168279680-snap-gene-0.17-mRNA-1 2252143
.37 maker-168279680-snap-gene-0.17-mRNA-1 194093
.37 maker-168279680-snap-gene-0.17-mRNA-1 2283932
.27 maker-168386270-augustus-gene-0.39-mRNA-1 2224119
.27 maker-168386270-augustus-gene-0.39-mRNA-1 86289
.43 snap_masked-164212291-processed-gene-0.2-mRNA-1 2317967
.50 snap_masked-164212291-processed-gene-0.2-mRNA-1 2272830
.34 augustus_masked-166875524-processed-gene-0.0-mRNA-1 2224062
.59 augustus_masked-166875524-processed-gene-0.0-mRNA-1 2344029
.26 maker-168229275-augustus-gene-0.23-mRNA-1 2234476
.30 maker-168229275-augustus-gene-0.23-mRNA-1 548074
.57 genemark-168289953-processed-gene-0.51-mRNA-1 2223936
.42 genemark-168289953-processed-gene-0.51-mRNA-1 2266483
.77 genemark-168346230-processed-gene-0.35-mRNA-1 2344368
.21 genemark-168346230-processed-gene-0.35-mRNA-1 2231124
.37 maker-168541540-snap-gene-0.15-mRNA-1 2305330
.31 maker-168541540-snap-gene-0.15-mRNA-1 2245578
.31 maker-168541540-snap-gene-0.15-mRNA-1 2319139
.14 maker-166620095-augustus-gene-0.3-mRNA-1 2071558
.84 maker-166620095-augustus-gene-0.3-mRNA-1 2252781
.31 snap_masked-164581289-processed-gene-0.3-mRNA-1 2265328
.42 snap_masked-164581289-processed-gene-0.3-mRNA-1 2260224
.58 maker-167311580-augustus-gene-0.4-mRNA-1 2224755
.23 maker-167311580-augustus-gene-0.4-mRNA-1 2239112
.26 maker-168419508-snap-gene-0.8-mRNA-1 2228306
.13 maker-168419508-snap-gene-0.8-mRNA-1 2230259
.11 augustus_masked-167988530-processed-gene-0.0-mRNA-1 358424
.88 augustus_masked-167988530-processed-gene-0.0-mRNA-1 2344126
.18 augustus_masked-167948180-processed-gene-0.0-mRNA-1 477811
.81 augustus_masked-167948180-processed-gene-0.0-mRNA-1 2232954
.33 maker-167003068-snap-gene-0.3-mRNA-1 2227424
.24 maker-167003068-snap-gene-0.3-mRNA-1 2231440
.80 maker-168253312-augustus-gene-0.31-mRNA-1 2344455
.99 augustus_masked-159277981-processed-gene-0.1-mRNA-1 2344184
.47 maker-167816500-augustus-gene-0.23-mRNA-1 2344472
.19 maker-167816500-augustus-gene-0.23-mRNA-1 2309752
.08 maker-167816500-augustus-gene-0.23-mRNA-1 2313378
.44 maker-167816500-augustus-gene-0.23-mRNA-1 2344472
.65 maker-168461393-snap-gene-0.28-mRNA-1 2344224
.77 augustus_masked-168279445-processed-gene-0.6-mRNA-1 2320109
.18 augustus_masked-168279445-processed-gene-0.6-mRNA-1 2227817
.43 maker-168191360-augustus-gene-0.34-mRNA-2 2344451
.82 augustus_masked-168305392-processed-gene-0.12-mRNA-1 2344354
.17 augustus_masked-168305392-processed-gene-0.12-mRNA-1 2257692
.48 augustus_masked-165502045-processed-gene-0.0-mRNA-1 2287251
.35 augustus_masked-165502045-processed-gene-0.0-mRNA-1 2295280
.33 maker-168577001-snap-gene-0.32-mRNA-1 2285342
.40 maker-168577001-snap-gene-0.32-mRNA-1 2223884
.53 augustus_masked-160089309-processed-gene-0.0-mRNA-1 2223924
.41 augustus_masked-160089309-processed-gene-0.0-mRNA-1 2223925
.13 augustus_masked-168558061-processed-gene-0.1-mRNA-1 635547
.75 augustus_masked-168558061-processed-gene-0.1-mRNA-1 2344294
.99 augustus_masked-168574711-processed-gene-0.11-mRNA-1 2344435
.56 maker-168417163-augustus-gene-0.30-mRNA-2 2344167
.37 maker-168417163-augustus-gene-0.30-mRNA-2 2302101
.41 maker-164192119-snap-gene-0.2-mRNA-1 2282932
.58 maker-164192119-snap-gene-0.2-mRNA-1 2252966
.56 maker-168564999-augustus-gene-0.9-mRNA-1 2344212
.37 maker-168564999-augustus-gene-0.9-mRNA-1 345632
.37 maker-168564999-augustus-gene-0.9-mRNA-1 2232264
.21 maker-168187531-snap-gene-0.22-mRNA-1 2236140
.46 maker-168187531-snap-gene-0.22-mRNA-1 2344308
.21 maker-164538353-augustus-gene-0.5-mRNA-1 2227497
.29 maker-164538353-augustus-gene-0.5-mRNA-1 497882
.62 snap_masked-166643291-processed-gene-0.1-mRNA-1 661108
.30 snap_masked-166643291-processed-gene-0.1-mRNA-1 2067065
.52 augustus_masked-168419745-processed-gene-0.0-mRNA-1 2255152
.26 augustus_masked-168419745-processed-gene-0.0-mRNA-1 2296656
.49 maker-168186253-augustus-gene-0.8-mRNA-2 2323166
.50 maker-168186253-augustus-gene-0.8-mRNA-2 2323166
.52 maker-167849416-snap-gene-0.8-mRNA-1 2344233
.29 maker-167849416-snap-gene-0.8-mRNA-1 2226522
.75 maker-167201175-snap-gene-0.5-mRNA-1 2232205
.24 maker-167201175-snap-gene-0.5-mRNA-1 2307551
.58 maker-168416654-augustus-gene-0.34-mRNA-1 2344446
.22 maker-168416654-augustus-gene-0.34-mRNA-1 2241078
.12 maker-168416654-augustus-gene-0.34-mRNA-1 2325053
.31 maker-168184172-augustus-gene-0.56-mRNA-1 2344457
.23 maker-168184172-augustus-gene-0.56-mRNA-1 2344317
.87 augustus_masked-168186805-processed-gene-0.1-mRNA-1 2344452
.12 augustus_masked-168186805-processed-gene-0.1-mRNA-1 2340472
.99 maker-168101147-augustus-gene-0.10-mRNA-1 2344481
.44 maker-168310504-snap-gene-0.16-mRNA-1 2226872
.50 maker-168310504-snap-gene-0.16-mRNA-1 2240467
.39 maker-168310504-snap-gene-0.16-mRNA-1 1043752
.39 maker-168310504-snap-gene-0.16-mRNA-1 1047436
.42 maker-168310504-snap-gene-0.16-mRNA-1 466378
