.26 augustus_masked-168029396-processed-gene-0.10-mRNA-1 1506153
.22 augustus_masked-168029396-processed-gene-0.10-mRNA-1 1483848
.65 genemark-167990381-processed-gene-0.15-mRNA-1 1556847
.11 genemark-167990381-processed-gene-0.15-mRNA-1 1556847
.33 snap_masked-167859479-processed-gene-0.13-mRNA-1 1492884
.35 snap_masked-167859479-processed-gene-0.13-mRNA-1 357735
.69 augustus_masked-168534613-processed-gene-0.0-mRNA-1 1556731
.16 augustus_masked-168534613-processed-gene-0.0-mRNA-1 1518040
.20 maker-168183102-snap-gene-0.20-mRNA-1 1480829
.79 maker-168183102-snap-gene-0.20-mRNA-1 1480829
.51 maker-168574981-snap-gene-0.12-mRNA-1 1527708
.24 maker-168574981-snap-gene-0.12-mRNA-1 1491962
.83 genemark-168462078-processed-gene-0.20-mRNA-1 1556615
.10 genemark-168462078-processed-gene-0.20-mRNA-1 1465925
.90 maker-168266441-snap-gene-1.113-mRNA-1 1556852
.78 maker-168456315-snap-gene-0.32-mRNA-1 1482862
.19 maker-168456315-snap-gene-0.32-mRNA-1 246051
.18 augustus_masked-168083240-processed-gene-0.2-mRNA-1 1506600
.43 augustus_masked-168083240-processed-gene-0.2-mRNA-1 1498307
.58 maker-168569481-augustus-gene-0.66-mRNA-1 1481655
.26 maker-168569481-augustus-gene-0.66-mRNA-1 1481656
.99 maker-168553635-snap-gene-0.56-mRNA-1 1556842
.04 maker-168576936-augustus-gene-0.26-mRNA-1 60900
.71 maker-168576936-augustus-gene-0.26-mRNA-1 1556827
.77 maker-162197843-augustus-gene-0.3-mRNA-1 1556436
.14 maker-162197843-augustus-gene-0.3-mRNA-1 250319
.43 maker-168477940-augustus-gene-0.35-mRNA-1 1556844
.21 maker-168477940-augustus-gene-0.35-mRNA-1 1495215
.14 maker-168477940-augustus-gene-0.35-mRNA-1 353457
.03 maker-168477940-augustus-gene-0.35-mRNA-1 1549151
.63 augustus_masked-164065109-processed-gene-0.0-mRNA-1 1501709
.26 augustus_masked-164065109-processed-gene-0.0-mRNA-1 1487765
.78 maker-168089639-snap-gene-0.18-mRNA-2 1556294
.04 maker-168089639-snap-gene-0.18-mRNA-2 1535225
.37 genemark-168196846-processed-gene-0.7-mRNA-1 1530721
.14 genemark-168196846-processed-gene-0.7-mRNA-1 1487374
.51 snap_masked-168514287-processed-gene-0.14-mRNA-1 442019
.11 snap_masked-168514287-processed-gene-0.14-mRNA-1 1556516
.12 maker-168183159-augustus-gene-0.11-mRNA-1 1554207
.87 maker-168183159-augustus-gene-0.11-mRNA-1 1556825
.36 augustus_masked-168548930-processed-gene-0.3-mRNA-1 1479308
.34 augustus_masked-168548930-processed-gene-0.3-mRNA-1 1489437
.67 maker-168501248-augustus-gene-0.23-mRNA-1 1556608
.28 maker-168501248-augustus-gene-0.23-mRNA-1 1504894
.28 maker-168501248-augustus-gene-0.23-mRNA-1 71056
.72 maker-161781612-augustus-gene-0.3-mRNA-1 1477531
.14 maker-161781612-augustus-gene-0.3-mRNA-1 1543177
.14 maker-161781612-augustus-gene-0.3-mRNA-1 918914
.99 maker-168423767-snap-gene-0.14-mRNA-1 1556585
.62 genemark-168371537-processed-gene-0.14-mRNA-1 1556529
.29 genemark-168371537-processed-gene-0.14-mRNA-1 1500233
.29 genemark-168371537-processed-gene-0.14-mRNA-1 1484587
.67 maker-168411320-snap-gene-0.44-mRNA-1 1556216
.16 maker-168411320-snap-gene-0.44-mRNA-1 1485975
.16 maker-168411320-snap-gene-0.44-mRNA-1 1509919
.20 maker-162124767-snap-gene-0.4-mRNA-1 78228
.70 maker-162124767-snap-gene-0.4-mRNA-1 1485821
.89 maker-168187152-augustus-gene-0.17-mRNA-1 1556273
.53 augustus_masked-168241125-processed-gene-0.13-mRNA-1 1492005
.15 augustus_masked-168241125-processed-gene-0.13-mRNA-1 1540349
.29 augustus_masked-168256206-processed-gene-0.7-mRNA-1 1489984
.50 augustus_masked-168256206-processed-gene-0.7-mRNA-1 1480245
.10 maker-168183594-snap-gene-0.20-mRNA-1 1148300
.89 maker-168183594-snap-gene-0.20-mRNA-1 1556690
.41 maker-168548416-snap-gene-0.59-mRNA-1 1556806
.37 maker-168548416-snap-gene-0.59-mRNA-1 1482581
.29 augustus_masked-166849731-processed-gene-0.0-mRNA-1 1489876
.54 augustus_masked-166849731-processed-gene-0.0-mRNA-1 1487261
.16 augustus_masked-168183367-processed-gene-0.1-mRNA-1 45341
.83 augustus_masked-168183367-processed-gene-0.1-mRNA-1 1483744
.13 maker-167961346-snap-gene-0.27-mRNA-1 1537182
.71 maker-167961346-snap-gene-0.27-mRNA-1 1556285
.34 snap_masked-168468761-processed-gene-0.18-mRNA-1 245490
.61 snap_masked-168468761-processed-gene-0.18-mRNA-1 1482496
.55 maker-167990574-augustus-gene-0.8-mRNA-1 1510234
.35 maker-167990574-augustus-gene-0.8-mRNA-1 567896
.65 augustus_masked-168208031-processed-gene-0.1-mRNA-1 1499604
.30 augustus_masked-168208031-processed-gene-0.1-mRNA-1 1486292
.75 maker-168381174-augustus-gene-0.7-mRNA-1 1556752
.08 maker-168381174-augustus-gene-0.7-mRNA-1 1477830
.99 snap_masked-167933582-processed-gene-0.10-mRNA-1 1556688
.26 maker-168567524-augustus-gene-0.88-mRNA-1 1536137
.73 maker-168567524-augustus-gene-0.88-mRNA-1 1556735
.26 maker-168095499-augustus-gene-0.10-mRNA-1 291233
.73 maker-168095499-augustus-gene-0.10-mRNA-1 1556494
.42 maker-168357108-augustus-gene-0.5-mRNA-1 1556858
.33 maker-168357108-augustus-gene-0.5-mRNA-1 1556858
.85 augustus_masked-168398970-processed-gene-0.0-mRNA-1 1556357
.07 augustus_masked-168398970-processed-gene-0.0-mRNA-1 1326831
.03 augustus_masked-168398970-processed-gene-0.0-mRNA-1 511648
.77 augustus_masked-158993501-processed-gene-0.0-mRNA-1 1490130
.21 augustus_masked-158993501-processed-gene-0.0-mRNA-1 999731
.68 genemark-167794540-processed-gene-0.10-mRNA-1 1556524
.12 genemark-167794540-processed-gene-0.10-mRNA-1 1492782
.87 maker-167870375-snap-gene-0.8-mRNA-1 1556364
.38 maker-167222252-augustus-gene-0.4-mRNA-1 245918
.05 maker-167222252-augustus-gene-0.4-mRNA-1 56882
.26 genemark-168411971-processed-gene-0.42-mRNA-1 1529972
.09 genemark-168411971-processed-gene-0.42-mRNA-1 1480535
.87 maker-168542220-augustus-gene-0.18-mRNA-2 1556836
.98 maker-168182703-snap-gene-0.20-mRNA-1 1556864
.99 maker-168315689-augustus-gene-0.90-mRNA-1 1556853
.36 genemark-168504253-processed-gene-0.24-mRNA-1 1556860
.11 genemark-168504253-processed-gene-0.24-mRNA-1 391303
.67 augustus_masked-168529183-processed-gene-0.3-mRNA-1 1556803
.43 maker-166450083-snap-gene-0.5-mRNA-1 1556808
.39 maker-166450083-snap-gene-0.5-mRNA-1 1556808
.28 maker-168085940-augustus-gene-0.30-mRNA-1 257562
.71 maker-168085940-augustus-gene-0.30-mRNA-1 1556817
.62 augustus_masked-168183601-processed-gene-0.2-mRNA-1 1556826
.37 augustus_masked-168183601-processed-gene-0.2-mRNA-1 1556826
.27 maker-168327601-augustus-gene-0.15-mRNA-1 164201
.46 maker-168327601-augustus-gene-0.15-mRNA-1 1477733
.43 augustus_masked-167886577-processed-gene-0.9-mRNA-1 1482935
.56 augustus_masked-167886577-processed-gene-0.9-mRNA-1 1494573
.99 augustus_masked-168164349-processed-gene-0.2-mRNA-1 1556740
.17 augustus_masked-161447764-processed-gene-0.0-mRNA-1 1478198
.49 augustus_masked-161447764-processed-gene-0.0-mRNA-1 1491348
.99 augustus_masked-168554902-processed-gene-0.1-mRNA-1 1556525
.45 maker-168449365-augustus-gene-0.8-mRNA-1 1479418
.31 maker-168449365-augustus-gene-0.8-mRNA-1 1483621
.99 maker-168532355-snap-gene-0.14-mRNA-1 1556766
.24 snap_masked-161783185-processed-gene-0.2-mRNA-1 424984
.46 snap_masked-161783185-processed-gene-0.2-mRNA-1 1491766
.97 augustus_masked-168322917-processed-gene-0.0-mRNA-1 1556635
.10 augustus_masked-164758264-processed-gene-0.0-mRNA-1 1554126
.82 augustus_masked-164758264-processed-gene-0.0-mRNA-1 1482792
.37 maker-168269517-snap-gene-0.22-mRNA-1 1485787
.26 maker-168269517-snap-gene-0.22-mRNA-1 1493970
.82 maker-166998445-snap-gene-0.3-mRNA-1 1498968
.37 maker-168333677-snap-gene-0.24-mRNA-1 1495353
.34 maker-168333677-snap-gene-0.24-mRNA-1 438042
.31 maker-168357047-augustus-gene-0.20-mRNA-1 1489059
.48 maker-168357047-augustus-gene-0.20-mRNA-1 1506589
.36 genemark-168543577-processed-gene-0.21-mRNA-1 1500727
.34 genemark-168543577-processed-gene-0.21-mRNA-1 1491243
.85 snap_masked-168459891-processed-gene-0.14-mRNA-1 1556759
.74 maker-168576963-augustus-gene-0.68-mRNA-1 1556733
.13 maker-168576963-augustus-gene-0.68-mRNA-1 1506650
.14 maker-168576963-augustus-gene-0.68-mRNA-1 1505043
.55 snap_masked-168548256-processed-gene-0.84-mRNA-1 1487495
.17 snap_masked-168548256-processed-gene-0.84-mRNA-1 153688
.40 maker-168304745-snap-gene-0.37-mRNA-1 1486030
.19 maker-168304745-snap-gene-0.37-mRNA-1 1481792
.93 maker-168146383-augustus-gene-0.5-mRNA-2 1556741
.25 maker-168146383-augustus-gene-0.5-mRNA-2 1521109
.05 maker-168370776-augustus-gene-0.38-mRNA-1 306034
.93 maker-168370776-augustus-gene-0.38-mRNA-1 1505302
.59 maker-168562125-augustus-gene-0.78-mRNA-1 1556813
.19 maker-168562125-augustus-gene-0.78-mRNA-1 392696
.62 snap_masked-168577574-processed-gene-0.37-mRNA-1 1184054
.99 augustus_masked-168370872-processed-gene-0.1-mRNA-1 1556843
.65 maker-168440884-snap-gene-0.29-mRNA-1 1556534
.18 maker-168576949-augustus-gene-0.19-mRNA-1 1480112
.81 maker-168576949-augustus-gene-0.19-mRNA-1 1556744
.76 maker-168184224-snap-gene-0.52-mRNA-1 1556822
.21 maker-168184224-snap-gene-0.52-mRNA-1 1523339
.97 maker-168190605-snap-gene-0.67-mRNA-1 1556549
.38 maker-168188933-augustus-gene-0.20-mRNA-1 1556771
.22 maker-168188933-augustus-gene-0.20-mRNA-1 571264
.76 maker-168520627-augustus-gene-0.25-mRNA-1 1556708
.22 maker-168520627-augustus-gene-0.25-mRNA-1 1478533
.77 maker-168577412-augustus-gene-0.44-mRNA-1 1480681
.99 maker-166503398-snap-gene-0.4-mRNA-1 1556811
.54 augustus_masked-166515633-processed-gene-0.0-mRNA-1 1556728
.34 augustus_masked-166515633-processed-gene-0.0-mRNA-1 161759
.24 augustus_masked-166515633-processed-gene-0.0-mRNA-1 54570
.23 augustus_masked-166515633-processed-gene-0.0-mRNA-1 1512496
.22 augustus_masked-166515633-processed-gene-0.0-mRNA-1 1518610
.93 maker-168184688-augustus-gene-0.53-mRNA-1 1556863
.88 augustus_masked-166414248-processed-gene-0.0-mRNA-1 1556542
.10 augustus_masked-166414248-processed-gene-0.0-mRNA-1 1556543
.54 augustus_masked-168277452-processed-gene-0.14-mRNA-1 322711
.44 augustus_masked-168277452-processed-gene-0.14-mRNA-1 1197186
.86 snap_masked-168254379-processed-gene-0.5-mRNA-1 1556480
.13 snap_masked-168254379-processed-gene-0.5-mRNA-1 941004
.99 augustus_masked-166789777-processed-gene-0.0-mRNA-1 1556725
.57 maker-168504948-augustus-gene-0.17-mRNA-1 1556859
.14 maker-168504948-augustus-gene-0.17-mRNA-1 59742
.11 maker-168504948-augustus-gene-0.17-mRNA-1 569812
.36 augustus_masked-166852943-processed-gene-0.0-mRNA-1 1503831
.40 augustus_masked-166852943-processed-gene-0.0-mRNA-1 1480029
.87 maker-168154014-snap-gene-0.16-mRNA-1 1556457
.11 maker-168154014-snap-gene-0.16-mRNA-1 1497938
.99 augustus_masked-163546503-processed-gene-0.0-mRNA-1 1556376
.57 augustus_masked-167927206-processed-gene-0.5-mRNA-1 1478974
.32 augustus_masked-167927206-processed-gene-0.5-mRNA-1 67737
.99 augustus_masked-167813951-processed-gene-0.1-mRNA-1 1556749
.66 augustus_masked-166799071-processed-gene-0.0-mRNA-1 1556233
.26 augustus_masked-166799071-processed-gene-0.0-mRNA-1 1489805
.22 augustus_masked-166799071-processed-gene-0.0-mRNA-1 1543579
.24 augustus_masked-168381094-processed-gene-0.0-mRNA-1 1556627
.56 augustus_masked-168381094-processed-gene-0.0-mRNA-1 1479650
.82 snap_masked-166717510-processed-gene-0.2-mRNA-1 1503738
.98 augustus_masked-168251752-processed-gene-0.1-mRNA-1 1556329
.06 maker-162980377-snap-gene-0.4-mRNA-1 1480209
.89 maker-162980377-snap-gene-0.4-mRNA-1 1556737
.25 snap_masked-168575466-processed-gene-0.52-mRNA-1 1483417
.43 snap_masked-168575466-processed-gene-0.52-mRNA-1 1496897
.33 augustus_masked-164606696-processed-gene-0.0-mRNA-1 1483382
.66 augustus_masked-164606696-processed-gene-0.0-mRNA-1 1479376
.35 augustus_masked-168293588-processed-gene-0.6-mRNA-1 1556368
.27 augustus_masked-168293588-processed-gene-0.6-mRNA-1 1481932
.54 maker-164177018-snap-gene-0.4-mRNA-1 1478275
.43 maker-164177018-snap-gene-0.4-mRNA-1 204709
.40 augustus_masked-162746834-processed-gene-0.1-mRNA-1 1518188
.59 augustus_masked-162746834-processed-gene-0.1-mRNA-1 1521292
.46 maker-168188917-snap-gene-0.92-mRNA-1 1556830
.24 maker-168188917-snap-gene-0.92-mRNA-1 1556830
.14 maker-168188917-snap-gene-0.92-mRNA-1 1494743
.33 maker-168356585-augustus-gene-0.7-mRNA-1 1556800
.43 maker-168356585-augustus-gene-0.7-mRNA-1 1482312
.12 snap_masked-165550962-processed-gene-0.3-mRNA-1 1480937
.86 snap_masked-165550962-processed-gene-0.3-mRNA-1 1480938
.09 augustus_masked-167908447-processed-gene-0.3-mRNA-1 1035194
.76 augustus_masked-167908447-processed-gene-0.3-mRNA-1 1556802
.30 maker-168570151-snap-gene-0.15-mRNA-1 1479727
.22 maker-168570151-snap-gene-0.15-mRNA-1 1482259
.20 maker-168570151-snap-gene-0.15-mRNA-1 1485632
.06 maker-168570151-snap-gene-0.15-mRNA-1 1499142
.59 maker-168188498-snap-gene-0.15-mRNA-1 1556833
.11 maker-168188498-snap-gene-0.15-mRNA-1 1556833
.33 maker-168491612-snap-gene-0.11-mRNA-1 1556758
.16 maker-168491612-snap-gene-0.11-mRNA-1 1492534
.56 augustus_masked-168247086-processed-gene-0.14-mRNA-1 1481531
.39 augustus_masked-168247086-processed-gene-0.14-mRNA-1 212110
.59 maker-168428921-augustus-gene-0.30-mRNA-1 1482248
.40 maker-168428921-augustus-gene-0.30-mRNA-1 1486826
.81 snap_masked-167841384-processed-gene-0.13-mRNA-1 1556789
.18 snap_masked-167841384-processed-gene-0.13-mRNA-1 1514820
.99 maker-168577498-augustus-gene-0.78-mRNA-1 1556272
.82 augustus_masked-161425927-processed-gene-0.0-mRNA-1 389236
.17 augustus_masked-161425927-processed-gene-0.0-mRNA-1 471842
.18 maker-168239411-augustus-gene-0.5-mRNA-1 1496109
.29 maker-168239411-augustus-gene-0.5-mRNA-1 1492229
.99 maker-168185065-snap-gene-0.20-mRNA-2 1556828
.71 maker-168253719-augustus-gene-0.7-mRNA-1 1556461
.14 maker-168253719-augustus-gene-0.7-mRNA-1 1502391
.55 augustus_masked-166184842-processed-gene-0.0-mRNA-1 1556620
.44 augustus_masked-166184842-processed-gene-0.0-mRNA-1 1497923
.82 maker-168197523-snap-gene-0.123-mRNA-1 1556455
.33 maker-167818485-augustus-gene-0.16-mRNA-1 1556467
.18 maker-167818485-augustus-gene-0.16-mRNA-1 182368
.67 snap_masked-162326255-processed-gene-0.2-mRNA-1 1496671
.11 augustus_masked-160192571-processed-gene-0.0-mRNA-1 434793
.88 augustus_masked-160192571-processed-gene-0.0-mRNA-1 1487158
.65 augustus_masked-168205651-processed-gene-0.1-mRNA-1 1518777
.31 augustus_masked-168205651-processed-gene-0.1-mRNA-1 1492389
.99 maker-168569893-augustus-gene-0.15-mRNA-1 1556761
.28 maker-168186825-augustus-gene-0.13-mRNA-1 1481570
.67 maker-168186825-augustus-gene-0.13-mRNA-1 1483846
.29 augustus_masked-168541619-processed-gene-0.3-mRNA-1 1556638
.23 augustus_masked-168541619-processed-gene-0.3-mRNA-1 1493421
.23 augustus_masked-168541619-processed-gene-0.3-mRNA-1 1501007
.99 maker-168370058-augustus-gene-0.29-mRNA-1 1556797
.99 augustus_masked-168089468-processed-gene-0.0-mRNA-1 1556775
.31 maker-168440457-augustus-gene-0.44-mRNA-1 1478280
.41 maker-168440457-augustus-gene-0.44-mRNA-1 1556388
.99 snap_masked-164510435-processed-gene-0.2-mRNA-1 1556507
.62 genemark-168414784-processed-gene-0.4-mRNA-1 1548550
.07 maker-168340291-snap-gene-0.62-mRNA-1 1498632
.85 maker-168340291-snap-gene-0.62-mRNA-1 1556726
.30 maker-168399913-augustus-gene-0.25-mRNA-2 1556568
.04 maker-168399913-augustus-gene-0.25-mRNA-2 1482593
.36 maker-168492383-snap-gene-0.13-mRNA-1 837308
.57 maker-168492383-snap-gene-0.13-mRNA-1 1556607
.47 augustus_masked-168482715-processed-gene-0.2-mRNA-1 1484916
.49 augustus_masked-168482715-processed-gene-0.2-mRNA-1 1537751
.99 snap_masked-168226746-processed-gene-0.11-mRNA-1 1556373
.10 maker-168527758-augustus-gene-0.6-mRNA-2 1492338
.13 maker-168527758-augustus-gene-0.6-mRNA-2 1479797
.22 maker-168341113-augustus-gene-0.9-mRNA-1 1556799
.46 maker-168341113-augustus-gene-0.9-mRNA-1 1556799
.66 maker-167204956-augustus-gene-0.6-mRNA-2 1556535
.33 maker-167204956-augustus-gene-0.6-mRNA-2 1556760
.45 maker-168366194-augustus-gene-0.28-mRNA-1 1556468
.35 maker-168366194-augustus-gene-0.28-mRNA-1 1515845
.25 maker-168277232-snap-gene-0.15-mRNA-1 1518596
.74 maker-168277232-snap-gene-0.15-mRNA-1 1507842
.84 maker-168231630-snap-gene-0.5-mRNA-1 1556270
.41 maker-163696862-augustus-gene-0.4-mRNA-1 1493601
.41 maker-163696862-augustus-gene-0.4-mRNA-1 202062
.32 maker-163696862-augustus-gene-0.4-mRNA-1 228453
.22 maker-163696862-augustus-gene-0.4-mRNA-1 447259
.99 maker-163924924-snap-gene-0.3-mRNA-1 1491252
.74 genemark-168184990-processed-gene-0.6-mRNA-1 1511485
.12 genemark-168184990-processed-gene-0.6-mRNA-1 596444
.10 genemark-168184990-processed-gene-0.6-mRNA-1 1524794
.10 maker-168307523-snap-gene-0.7-mRNA-1 539529
.80 maker-168307523-snap-gene-0.7-mRNA-1 1478938
.54 maker-168183053-augustus-gene-0.5-mRNA-1 1481163
.14 maker-168183053-augustus-gene-0.5-mRNA-1 1549487
.99 maker-168188948-augustus-gene-0.33-mRNA-1 1556756
.82 genemark-167028408-processed-gene-0.3-mRNA-1 1556801
.17 genemark-167028408-processed-gene-0.3-mRNA-1 1502518
.52 maker-168184799-augustus-gene-0.11-mRNA-1 1546024
.26 maker-168184799-augustus-gene-0.11-mRNA-1 200757
.89 maker-168187295-augustus-gene-0.5-mRNA-1 1556855
.10 maker-168187295-augustus-gene-0.5-mRNA-1 1479162
.99 snap_masked-168469007-processed-gene-0.7-mRNA-1 1556710
.45 maker-168577644-augustus-gene-0.14-mRNA-1 1556821
.18 maker-168577644-augustus-gene-0.14-mRNA-1 1556821
.99 maker-168371582-augustus-gene-0.5-mRNA-1 1556246
.21 maker-167841437-augustus-gene-0.4-mRNA-1 1485949
.78 maker-167841437-augustus-gene-0.4-mRNA-1 1556639
.01 augustus_masked-168565654-processed-gene-0.9-mRNA-1 1556755
.58 maker-168351002-snap-gene-0.31-mRNA-1 1512606
.56 maker-168401925-augustus-gene-0.21-mRNA-1 1480123
.43 maker-168401925-augustus-gene-0.21-mRNA-1 1480573
.83 maker-168202993-augustus-gene-0.85-mRNA-1 1556680
.14 maker-168202993-augustus-gene-0.85-mRNA-1 445921
.14 maker-168202993-augustus-gene-0.85-mRNA-1 432166
.72 augustus_masked-168341060-processed-gene-0.2-mRNA-1 1478939
.09 augustus_masked-168341060-processed-gene-0.2-mRNA-1 338336
.34 maker-167000323-augustus-gene-0.3-mRNA-1 1075585
.27 maker-167000323-augustus-gene-0.3-mRNA-1 863041
.34 augustus_masked-168205370-processed-gene-0.1-mRNA-1 1520896
.33 augustus_masked-168205370-processed-gene-0.1-mRNA-1 455725
.16 maker-168046083-snap-gene-0.17-mRNA-1 1481281
.66 maker-168046083-snap-gene-0.17-mRNA-1 1553522
.60 augustus_masked-166602925-processed-gene-0.1-mRNA-1 1482238
.39 augustus_masked-166602925-processed-gene-0.1-mRNA-1 1484481
.30 maker-168490874-augustus-gene-0.86-mRNA-1 248027
.69 maker-168490874-augustus-gene-0.86-mRNA-1 1556557
.38 maker-168519578-snap-gene-0.82-mRNA-1 1556554
.29 maker-168519578-snap-gene-0.82-mRNA-1 1502440
.48 maker-168577632-snap-gene-0.63-mRNA-1 1556533
.24 maker-168577632-snap-gene-0.63-mRNA-1 1491310
.16 maker-168239110-augustus-gene-0.16-mRNA-1 83440
.83 maker-168239110-augustus-gene-0.16-mRNA-1 1556442
.36 maker-168529276-augustus-gene-0.27-mRNA-1 1479589
.29 maker-168529276-augustus-gene-0.27-mRNA-1 1481227
.10 maker-168529276-augustus-gene-0.27-mRNA-1 1509182
.08 maker-168529276-augustus-gene-0.27-mRNA-1 1502498
.09 maker-168529276-augustus-gene-0.27-mRNA-1 1540908
.58 maker-166812432-augustus-gene-0.3-mRNA-1 1556810
.23 maker-166812432-augustus-gene-0.3-mRNA-1 1495680
.14 maker-166812432-augustus-gene-0.3-mRNA-1 1528345
.04 maker-166812432-augustus-gene-0.3-mRNA-1 578977
.38 genemark-168463935-processed-gene-0.16-mRNA-1 1498142
.16 genemark-168463935-processed-gene-0.16-mRNA-1 1532030
.21 augustus_masked-168494425-processed-gene-0.3-mRNA-1 1499780
.56 augustus_masked-168494425-processed-gene-0.3-mRNA-1 425143
.10 maker-168473574-augustus-gene-0.34-mRNA-1 1488697
.89 maker-168473574-augustus-gene-0.34-mRNA-1 1478313
.86 maker-168396367-augustus-gene-0.6-mRNA-1 1556262
.13 maker-168396367-augustus-gene-0.6-mRNA-1 439568
.19 augustus_masked-168312224-processed-gene-0.7-mRNA-1 370170
.62 augustus_masked-168312224-processed-gene-0.7-mRNA-1 1556297
.99 augustus_masked-162771038-processed-gene-0.0-mRNA-1 1556334
.99 augustus_masked-162771038-processed-gene-0.0-mRNA-1 1500398
.99 augustus_masked-162771038-processed-gene-0.0-mRNA-1 1480673
.99 augustus_masked-162771038-processed-gene-0.0-mRNA-1 1490980
.85 augustus_masked-162771038-processed-gene-0.0-mRNA-1 491073
.86 augustus_masked-168188926-processed-gene-0.9-mRNA-1 1541301
.10 augustus_masked-168188926-processed-gene-0.9-mRNA-1 1494114
.05 augustus_masked-168188926-processed-gene-0.9-mRNA-1 1480357
.26 maker-163649655-snap-gene-0.3-mRNA-2 1478690
.73 maker-163649655-snap-gene-0.3-mRNA-2 1482034
.29 augustus_masked-168188665-processed-gene-0.3-mRNA-1 1556772
.83 maker-168484490-augustus-gene-0.41-mRNA-1 1515788
.15 maker-168484490-augustus-gene-0.41-mRNA-1 1478945
.84 maker-168511842-augustus-gene-0.29-mRNA-1 1556829
.56 augustus_masked-168515792-processed-gene-0.2-mRNA-1 1492000
.43 augustus_masked-168515792-processed-gene-0.2-mRNA-1 1496044
.17 maker-168201429-augustus-gene-0.67-mRNA-1 1492388
.49 maker-168201429-augustus-gene-0.67-mRNA-1 1489817
.04 maker-168561547-augustus-gene-0.16-mRNA-1 536149
.89 maker-168561547-augustus-gene-0.16-mRNA-1 1556508
.64 maker-168495291-snap-gene-0.12-mRNA-1 1479488
.17 genemark-167965899-processed-gene-0.9-mRNA-1 73836
.82 genemark-167965899-processed-gene-0.9-mRNA-1 1556829
.21 augustus_masked-167850628-processed-gene-0.3-mRNA-1 393971
.77 augustus_masked-167850628-processed-gene-0.3-mRNA-1 1485777
.94 snap_masked-168490618-processed-gene-0.114-mRNA-1 1556544
.99 augustus_masked-168414969-processed-gene-0.0-mRNA-1 1556790
.99 maker-168521675-augustus-gene-0.33-mRNA-1 1556835
.85 augustus_masked-163498692-processed-gene-0.1-mRNA-1 1519991
.14 augustus_masked-163498692-processed-gene-0.1-mRNA-1 1488264
.51 augustus_masked-166481277-processed-gene-0.0-mRNA-1 92089
.25 augustus_masked-166481277-processed-gene-0.0-mRNA-1 240662
.99 maker-168337997-augustus-gene-0.95-mRNA-1 1556729
.62 augustus_masked-163056377-processed-gene-0.0-mRNA-1 1480625
.35 augustus_masked-163056377-processed-gene-0.0-mRNA-1 1479524
.71 maker-167930301-augustus-gene-0.14-mRNA-1 1556562
.22 maker-167930301-augustus-gene-0.14-mRNA-1 1507467
.99 augustus_masked-168527865-processed-gene-0.1-mRNA-1 1556820
.56 augustus_masked-168372504-processed-gene-0.4-mRNA-1 1481788
.21 augustus_masked-168372504-processed-gene-0.4-mRNA-1 371015
.96 augustus_masked-161473126-processed-gene-0.0-mRNA-1 1556801
.72 augustus_masked-168442142-processed-gene-0.4-mRNA-1 1556861
.76 augustus_masked-163623599-processed-gene-0.0-mRNA-1 1482092
.23 augustus_masked-163623599-processed-gene-0.0-mRNA-1 1483313
.55 maker-168218385-augustus-gene-0.32-mRNA-1 1556845
.36 maker-168218385-augustus-gene-0.32-mRNA-1 296232
.29 maker-168218385-augustus-gene-0.32-mRNA-1 1487402
.24 maker-168466145-snap-gene-0.34-mRNA-1 398381
.75 maker-168466145-snap-gene-0.34-mRNA-1 1556472
.44 maker-168513768-snap-gene-0.33-mRNA-1 1556485
.24 maker-168513768-snap-gene-0.33-mRNA-1 1499705
.22 maker-163505538-snap-gene-0.5-mRNA-1 177869
.02 maker-163505538-snap-gene-0.5-mRNA-1 1478961
0 maker-163505538-snap-gene-0.5-mRNA-1 1478961
.79 maker-167013085-augustus-gene-0.6-mRNA-1 1556818
.20 maker-167013085-augustus-gene-0.6-mRNA-1 1483328
.38 augustus_masked-167351915-processed-gene-0.0-mRNA-1 1556723
.99 genemark-168332313-processed-gene-2.33-mRNA-1 1556353
.73 maker-159822145-augustus-gene-0.4-mRNA-1 1556707
.01 maker-159822145-augustus-gene-0.4-mRNA-1 1480234
.26 augustus_masked-167895852-processed-gene-0.0-mRNA-1 1556823
.73 augustus_masked-167895852-processed-gene-0.0-mRNA-1 1556823
.33 maker-168115437-augustus-gene-0.6-mRNA-1 1490427
.41 maker-168115437-augustus-gene-0.6-mRNA-1 1556540
.74 augustus_masked-168552460-processed-gene-0.27-mRNA-1 1556840
.15 augustus_masked-168552460-processed-gene-0.27-mRNA-1 1502523
.37 augustus_masked-140597266-processed-gene-0.0-mRNA-1 1556805
.08 maker-168577148-snap-gene-0.33-mRNA-1 516332
.89 maker-168577148-snap-gene-0.33-mRNA-1 1556366
.99 genemark-168508638-processed-gene-0.4-mRNA-1 1490400
.49 maker-168510652-snap-gene-0.43-mRNA-1 1556807
.36 maker-168510652-snap-gene-0.43-mRNA-1 1477716
.88 augustus_masked-167858500-processed-gene-0.3-mRNA-1 1556545
.63 augustus_masked-167858500-processed-gene-0.3-mRNA-1 1482276
.65 augustus_masked-167858500-processed-gene-0.3-mRNA-1 1477998
.65 augustus_masked-167858500-processed-gene-0.3-mRNA-1 1499961
.33 augustus_masked-167858500-processed-gene-0.3-mRNA-1 400326
.03 maker-168577495-snap-gene-0.66-mRNA-1 1513288
.96 maker-168577495-snap-gene-0.66-mRNA-1 1556857
.45 maker-168246042-snap-gene-0.10-mRNA-1 1527787
.22 maker-168246042-snap-gene-0.10-mRNA-1 1495562
.26 maker-167912809-snap-gene-0.5-mRNA-1 756578
.72 maker-167912809-snap-gene-0.5-mRNA-1 1478106
.59 augustus_masked-167931812-processed-gene-0.2-mRNA-1 1479041
.28 augustus_masked-167931812-processed-gene-0.2-mRNA-1 1527831
.19 augustus_masked-167931812-processed-gene-0.2-mRNA-1 1489254
.96 maker-168189634-snap-gene-0.23-mRNA-1 1556856
.05 maker-168261152-snap-gene-0.94-mRNA-1 1481440
.94 maker-168261152-snap-gene-0.94-mRNA-1 1556837
.24 augustus_masked-168309283-processed-gene-0.11-mRNA-1 1481515
.22 augustus_masked-168309283-processed-gene-0.11-mRNA-1 1536240
.87 maker-168474668-augustus-gene-0.45-mRNA-1 1556599
.12 maker-168474668-augustus-gene-0.45-mRNA-1 1539877
.86 augustus_masked-168557213-processed-gene-0.0-mRNA-1 1556796
.05 augustus_masked-168557213-processed-gene-0.0-mRNA-1 1386991
.47 maker-166288602-snap-gene-0.7-mRNA-1 1556757
.18 maker-166288602-snap-gene-0.7-mRNA-1 281995
.63 genemark-168205021-processed-gene-0.14-mRNA-1 1556381
.33 genemark-168205021-processed-gene-0.14-mRNA-1 1505292
.14 maker-168385879-snap-gene-0.14-mRNA-1 1481494
.12 maker-168385879-snap-gene-0.14-mRNA-1 225681
.12 maker-168385879-snap-gene-0.14-mRNA-1 1479091
.02 maker-168385879-snap-gene-0.14-mRNA-1 1556593
.95 maker-168517650-augustus-gene-0.11-mRNA-1 1478310
.04 maker-168517650-augustus-gene-0.11-mRNA-1 1485506
.99 augustus_masked-166199490-processed-gene-0.0-mRNA-1 1556701
.80 maker-163647323-snap-gene-0.4-mRNA-1 1479165
.15 maker-163647323-snap-gene-0.4-mRNA-1 1519760
.90 maker-168234989-snap-gene-0.28-mRNA-1 1556812
.05 maker-168234989-snap-gene-0.28-mRNA-1 1323227
.59 maker-168063535-snap-gene-0.54-mRNA-1 1556804
.38 maker-168063535-snap-gene-0.54-mRNA-1 1556804
.71 maker-168551162-augustus-gene-0.47-mRNA-1 1556550
.14 maker-168551162-augustus-gene-0.47-mRNA-1 1495772
.63 maker-168211947-augustus-gene-0.64-mRNA-1 1499460
.69 maker-168245801-augustus-gene-0.44-mRNA-1 1556567
.28 maker-168245801-augustus-gene-0.44-mRNA-1 89962
.24 maker-168245801-augustus-gene-0.44-mRNA-1 227127
.16 maker-168245801-augustus-gene-0.44-mRNA-1 494080
.86 maker-168324567-augustus-gene-0.11-mRNA-1 1556637
.05 maker-168324567-augustus-gene-0.11-mRNA-1 674251
.67 augustus_masked-168216022-processed-gene-0.0-mRNA-1 1556298
.32 augustus_masked-168216022-processed-gene-0.0-mRNA-1 1505917
.49 augustus_masked-168171829-processed-gene-0.1-mRNA-1 1488326
.67 augustus_masked-168171829-processed-gene-0.1-mRNA-1 1489106
.14 augustus_masked-168171829-processed-gene-0.1-mRNA-1 1221250
.13 maker-168247973-augustus-gene-0.7-mRNA-1 1502752
.70 maker-168247973-augustus-gene-0.7-mRNA-1 1482163
.43 snap_masked-168577584-processed-gene-0.44-mRNA-1 1513501
.20 snap_masked-168577584-processed-gene-0.44-mRNA-1 1494433
.86 maker-162190909-augustus-gene-0.3-mRNA-1 1556518
.99 augustus_masked-168251696-processed-gene-0.8-mRNA-1 1556577
.26 snap_masked-167902299-processed-gene-0.7-mRNA-1 1483196
.36 snap_masked-167902299-processed-gene-0.7-mRNA-1 1556765
.26 augustus_masked-168419165-processed-gene-0.0-mRNA-1 1478380
.23 augustus_masked-168419165-processed-gene-0.0-mRNA-1 1491758
.21 augustus_masked-168419165-processed-gene-0.0-mRNA-1 1523430
.82 maker-168186670-snap-gene-0.10-mRNA-1 721858
.77 maker-168511677-snap-gene-0.37-mRNA-1 1556851
.03 maker-168511677-snap-gene-0.37-mRNA-1 1556641
.99 augustus_masked-168225776-processed-gene-0.0-mRNA-1 1556515
.41 augustus_masked-167934805-processed-gene-0.1-mRNA-1 1491836
.38 augustus_masked-167934805-processed-gene-0.1-mRNA-1 1491322
.51 augustus_masked-167852821-processed-gene-0.0-mRNA-1 1477954
.42 augustus_masked-167852821-processed-gene-0.0-mRNA-1 1479025
.42 augustus_masked-167852821-processed-gene-0.0-mRNA-1 1496769
.17 maker-162922772-snap-gene-0.3-mRNA-1 1483268
.82 maker-162922772-snap-gene-0.3-mRNA-1 1479765
.42 maker-168517256-augustus-gene-0.11-mRNA-1 1556854
.26 maker-168517256-augustus-gene-0.11-mRNA-1 1484331
.35 maker-168517256-augustus-gene-0.11-mRNA-1 1556854
.18 augustus_masked-168251945-processed-gene-0.0-mRNA-1 1497241
.75 augustus_masked-168251945-processed-gene-0.0-mRNA-1 1486700
.51 maker-168576964-augustus-gene-0.72-mRNA-1 1480587
.27 maker-168576964-augustus-gene-0.72-mRNA-1 1481725
.84 maker-168490798-snap-gene-0.11-mRNA-1 1478863
.04 maker-168490798-snap-gene-0.11-mRNA-1 196155
.04 maker-168490798-snap-gene-0.11-mRNA-1 386061
.36 augustus_masked-168193118-processed-gene-0.2-mRNA-1 508876
.42 augustus_masked-168193118-processed-gene-0.2-mRNA-1 282137
.74 maker-166859804-snap-gene-0.7-mRNA-1 1556514
.20 maker-166859804-snap-gene-0.7-mRNA-1 1478444
.28 maker-168295314-snap-gene-0.8-mRNA-1 1497068
.25 maker-168295314-snap-gene-0.8-mRNA-1 217459
.51 snap_masked-168403627-processed-gene-0.20-mRNA-1 1498805
.48 snap_masked-168403627-processed-gene-0.20-mRNA-1 1506562
.68 maker-167914997-augustus-gene-0.55-mRNA-1 655100
.17 maker-167914997-augustus-gene-0.55-mRNA-1 497867
.08 maker-167914997-augustus-gene-0.55-mRNA-1 655100
.48 augustus_masked-168187241-processed-gene-0.0-mRNA-1 1492275
.32 augustus_masked-168187241-processed-gene-0.0-mRNA-1 1486310
.80 maker-168408448-augustus-gene-0.31-mRNA-1 1556631
.07 maker-168408448-augustus-gene-0.31-mRNA-1 944466
.48 genemark-168221549-processed-gene-0.1-mRNA-1 1489524
.51 genemark-168221549-processed-gene-0.1-mRNA-1 1478152
.42 maker-168559547-snap-gene-0.50-mRNA-1 1479590
.29 maker-168559547-snap-gene-0.50-mRNA-1 1508816
.10 snap_masked-166254506-processed-gene-0.3-mRNA-1 1535282
.81 snap_masked-166254506-processed-gene-0.3-mRNA-1 1482818
.25 maker-168008185-augustus-gene-0.35-mRNA-1 627248
.51 maker-168008185-augustus-gene-0.35-mRNA-1 1485146
.55 augustus_masked-160385594-processed-gene-0.0-mRNA-1 1489994
.56 augustus_masked-160385594-processed-gene-0.0-mRNA-1 1556492
.22 augustus_masked-160385594-processed-gene-0.0-mRNA-1 1481137
.50 genemark-167968433-processed-gene-0.5-mRNA-1 1556303
.49 genemark-167968433-processed-gene-0.5-mRNA-1 1481987
.74 augustus_masked-168372426-processed-gene-0.0-mRNA-1 1556505
.19 augustus_masked-168372426-processed-gene-0.0-mRNA-1 245240
.79 maker-168558210-augustus-gene-0.43-mRNA-2 1478397
.80 maker-168558210-augustus-gene-0.43-mRNA-1 1478397
.09 snap_masked-168059917-processed-gene-0.8-mRNA-1 1505455
.90 snap_masked-168059917-processed-gene-0.8-mRNA-1 1556623
.47 maker-168565287-augustus-gene-0.43-mRNA-1 1556734
.75 maker-168235386-augustus-gene-0.59-mRNA-1 1556834
.18 maker-168235386-augustus-gene-0.59-mRNA-1 118121
.22 maker-168188325-augustus-gene-0.32-mRNA-1 1487391
.74 maker-168188325-augustus-gene-0.32-mRNA-1 1556841
.78 maker-168183079-snap-gene-0.35-mRNA-1 1556839
.36 genemark-167954562-processed-gene-0.14-mRNA-1 1537696
.12 genemark-167954562-processed-gene-0.14-mRNA-1 1555627
.91 augustus_masked-168232735-processed-gene-0.17-mRNA-1 1522343
.08 augustus_masked-168232735-processed-gene-0.17-mRNA-1 658318
.99 maker-168477250-snap-gene-0.69-mRNA-1 1556719
.77 maker-168512008-snap-gene-0.134-mRNA-2 1556493
.18 maker-168512008-snap-gene-0.134-mRNA-2 1489080
.16 maker-168512008-snap-gene-0.134-mRNA-2 814195
.71 genemark-168437394-processed-gene-0.26-mRNA-1 1482111
.28 genemark-168437394-processed-gene-0.26-mRNA-1 1501339
.43 augustus_masked-168541554-processed-gene-0.5-mRNA-1 1487693
.56 augustus_masked-168541554-processed-gene-0.5-mRNA-1 1487692
.32 maker-168510789-augustus-gene-0.39-mRNA-1 1494482
.28 maker-168510789-augustus-gene-0.39-mRNA-1 1556764
.17 maker-168510789-augustus-gene-0.39-mRNA-1 1556337
.01 maker-168510789-augustus-gene-0.39-mRNA-1 1499376
.55 augustus_masked-168429253-processed-gene-0.8-mRNA-1 1480116
.27 augustus_masked-168429253-processed-gene-0.8-mRNA-1 1484235
.25 augustus_masked-168429253-processed-gene-0.8-mRNA-1 1493459
.67 maker-163967872-augustus-gene-0.3-mRNA-1 1518693
.21 maker-163967872-augustus-gene-0.3-mRNA-1 1556318
.99 maker-168521783-augustus-gene-0.57-mRNA-1 1556692
.44 maker-168490618-augustus-gene-0.134-mRNA-1 263108
.46 maker-168549884-augustus-gene-0.59-mRNA-1 1481882
.14 maker-168549884-augustus-gene-0.59-mRNA-1 1503764
.04 maker-168549884-augustus-gene-0.59-mRNA-1 1482756
.36 maker-168155809-augustus-gene-0.19-mRNA-1 1484560
.63 maker-168155809-augustus-gene-0.19-mRNA-1 1486739
.29 maker-168547859-snap-gene-0.17-mRNA-1 1520017
.57 maker-168547859-snap-gene-0.17-mRNA-1 1556770
.99 genemark-166972323-processed-gene-0.1-mRNA-1 1479488
.50 maker-168427090-snap-gene-0.30-mRNA-1 1556816
.20 maker-168427090-snap-gene-0.30-mRNA-1 1487144
.16 augustus_masked-166228894-processed-gene-0.0-mRNA-1 164721
.78 augustus_masked-166228894-processed-gene-0.0-mRNA-1 1479712
.73 maker-168541258-augustus-gene-0.78-mRNA-2 1556809
.15 maker-168541258-augustus-gene-0.78-mRNA-2 1497334
.65 snap_masked-167938892-processed-gene-0.3-mRNA-1 1478758
.17 snap_masked-167938892-processed-gene-0.3-mRNA-1 112657
.62 maker-168505376-snap-gene-0.43-mRNA-1 1556848
.37 maker-168505376-snap-gene-0.43-mRNA-1 1542758
.40 snap_masked-167811619-processed-gene-0.3-mRNA-1 1407636
.13 maker-168530807-snap-gene-0.20-mRNA-1 5253
.85 maker-168530807-snap-gene-0.20-mRNA-1 1556694
.58 maker-168110384-augustus-gene-0.23-mRNA-1 1556832
.06 maker-168110384-augustus-gene-0.23-mRNA-1 1488324
.30 augustus_masked-168137349-processed-gene-0.8-mRNA-1 1478532
.69 augustus_masked-168137349-processed-gene-0.8-mRNA-1 1478531
.55 maker-168229575-augustus-gene-0.29-mRNA-1 1556241
.44 maker-168229575-augustus-gene-0.29-mRNA-1 1478202
.50 maker-168567047-snap-gene-0.33-mRNA-1 1501771
.53 augustus_masked-168128313-processed-gene-0.5-mRNA-1 1556538
.19 augustus_masked-168128313-processed-gene-0.5-mRNA-1 1491226
.13 augustus_masked-168128313-processed-gene-0.5-mRNA-1 1484638
.18 augustus_masked-168105669-processed-gene-0.3-mRNA-1 1507874
.03 augustus_masked-168105669-processed-gene-0.3-mRNA-1 1556460
.98 maker-168132885-snap-gene-0.18-mRNA-1 1556730
.13 maker-167992031-augustus-gene-0.4-mRNA-1 1523958
.64 maker-167992031-augustus-gene-0.4-mRNA-1 1489106
.18 maker-168041174-snap-gene-0.13-mRNA-1 1481672
.17 maker-168041174-snap-gene-0.13-mRNA-1 1486544
.02 maker-168041174-snap-gene-0.13-mRNA-1 1478742
.61 maker-166906437-snap-gene-0.5-mRNA-1 1556238
.27 maker-166906437-snap-gene-0.5-mRNA-1 1506667
.91 maker-167154292-snap-gene-0.5-mRNA-1 1556595
.07 maker-167154292-snap-gene-0.5-mRNA-1 1495089
.31 augustus_masked-168526313-processed-gene-0.3-mRNA-1 100824
.56 augustus_masked-168526313-processed-gene-0.3-mRNA-1 1515774
.12 maker-168244960-augustus-gene-0.19-mRNA-1 282912
.87 maker-168244960-augustus-gene-0.19-mRNA-1 1479325
.99 augustus_masked-168487520-processed-gene-0.7-mRNA-1 1556727
.39 maker-168428936-augustus-gene-0.14-mRNA-3 1489281
.60 maker-168428936-augustus-gene-0.14-mRNA-3 1486071
.68 maker-168288566-augustus-gene-0.98-mRNA-1 1556762
.09 maker-168288566-augustus-gene-0.98-mRNA-1 1514578
.50 maker-162349542-snap-gene-0.4-mRNA-1 1506483
.03 maker-162349542-snap-gene-0.4-mRNA-1 1506483
.51 maker-168235453-snap-gene-0.48-mRNA-1 1491211
.42 maker-168235453-snap-gene-0.48-mRNA-1 245490
.52 maker-168183550-augustus-gene-0.8-mRNA-1 1556862
.11 maker-168183550-augustus-gene-0.8-mRNA-1 1556862
.07 maker-168183550-augustus-gene-0.8-mRNA-1 1504332
.63 maker-168549085-snap-gene-0.44-mRNA-1 1556556
.57 augustus_masked-166688901-processed-gene-0.1-mRNA-1 143954
.30 augustus_masked-166688901-processed-gene-0.1-mRNA-1 1478539
.60 maker-168251502-augustus-gene-0.85-mRNA-1 1556347
.12 maker-168251502-augustus-gene-0.85-mRNA-1 641877
.99 maker-168238598-snap-gene-0.43-mRNA-1 1556572
.73 augustus_masked-168505047-processed-gene-0.1-mRNA-1 1556849
.12 augustus_masked-168505047-processed-gene-0.1-mRNA-1 611599
.15 maker-168377243-augustus-gene-0.49-mRNA-1 837608
.84 maker-168377243-augustus-gene-0.49-mRNA-1 1556596
.25 maker-168093841-augustus-gene-0.20-mRNA-1 368854
.33 maker-168093841-augustus-gene-0.20-mRNA-1 271840
.50 maker-166411942-augustus-gene-0.3-mRNA-1 1483952
.37 maker-166411942-augustus-gene-0.3-mRNA-1 1478377
.15 maker-168554750-augustus-gene-0.35-mRNA-1 1478260
.84 maker-168554750-augustus-gene-0.35-mRNA-1 1502558
.30 snap_masked-168226548-processed-gene-0.7-mRNA-1 1556819
.27 snap_masked-168226548-processed-gene-0.7-mRNA-1 1556819
.57 augustus_masked-167902865-processed-gene-0.9-mRNA-1 1556573
.27 augustus_masked-167902865-processed-gene-0.9-mRNA-1 1495393
.01 augustus_masked-167827998-processed-gene-0.3-mRNA-1 341615
.21 maker-168560277-snap-gene-0.55-mRNA-1 1480515
.60 maker-168560277-snap-gene-0.55-mRNA-1 1556850
.28 maker-168566950-augustus-gene-0.20-mRNA-1 1556824
.24 maker-168566950-augustus-gene-0.20-mRNA-1 1485664
.93 maker-168022486-snap-gene-0.8-mRNA-1 1556523
.06 maker-168022486-snap-gene-0.8-mRNA-1 1162738
.77 augustus_masked-167803951-processed-gene-0.0-mRNA-1 1556487
.22 augustus_masked-167803951-processed-gene-0.0-mRNA-1 1486550
.22 augustus_masked-167025681-processed-gene-0.0-mRNA-1 1485145
.77 augustus_masked-167025681-processed-gene-0.0-mRNA-1 1530760
.14 maker-168526142-snap-gene-0.29-mRNA-2 1479217
.68 maker-168526142-snap-gene-0.29-mRNA-2 1485844
.20 maker-168342357-augustus-gene-0.16-mRNA-1 1552956
.54 maker-168342357-augustus-gene-0.16-mRNA-1 1501239
.54 maker-168565772-augustus-gene-0.121-mRNA-1 233661
.54 maker-168565772-augustus-gene-0.121-mRNA-1 1480780
.37 maker-168565772-augustus-gene-0.121-mRNA-1 1556519
.56 augustus_masked-160417307-processed-gene-0.0-mRNA-1 1556427
.19 augustus_masked-160417307-processed-gene-0.0-mRNA-1 1509933
.64 augustus_masked-167990478-processed-gene-0.8-mRNA-1 1485898
.35 augustus_masked-167990478-processed-gene-0.8-mRNA-1 1479973
.01 augustus_masked-168398566-processed-gene-0.7-mRNA-1 1485027
.06 maker-168567703-augustus-gene-0.59-mRNA-1 691370
.89 maker-168567703-augustus-gene-0.59-mRNA-1 1556739
.98 genemark-168190598-processed-gene-0.8-mRNA-1 1556814
.41 maker-168414024-augustus-gene-1.144-mRNA-1 1556831
.06 augustus_masked-168539156-processed-gene-0.0-mRNA-1 1488911
.92 augustus_masked-168539156-processed-gene-0.0-mRNA-1 1556598
.99 maker-168513271-augustus-gene-0.40-mRNA-1 1556754
.17 snap_masked-168267741-processed-gene-0.11-mRNA-1 1490475
.82 snap_masked-168267741-processed-gene-0.11-mRNA-1 1556500
.51 maker-168236298-augustus-gene-0.46-mRNA-1 1556469
.44 maker-168236298-augustus-gene-0.46-mRNA-1 405609
.55 augustus_masked-168558698-processed-gene-0.0-mRNA-1 1556474
.28 augustus_masked-168558698-processed-gene-0.0-mRNA-1 1477617
.64 augustus_masked-168479045-processed-gene-0.6-mRNA-1 1556846
.27 augustus_masked-168479045-processed-gene-0.6-mRNA-1 1556846
.38 augustus_masked-168551560-processed-gene-0.5-mRNA-1 1479396
.19 augustus_masked-168551560-processed-gene-0.5-mRNA-1 26928
.32 maker-168318025-snap-gene-0.26-mRNA-2 1515647
.30 maker-168318025-snap-gene-0.26-mRNA-2 1525246
.33 maker-168150385-augustus-gene-0.11-mRNA-1 114945
.38 maker-168150385-augustus-gene-0.11-mRNA-1 1478798
.99 maker-167840466-augustus-gene-0.33-mRNA-1 1556838
.41 maker-168346191-augustus-gene-0.38-mRNA-1 1501411
.32 maker-168346191-augustus-gene-0.38-mRNA-1 1514198
.20 maker-168346191-augustus-gene-0.38-mRNA-1 1482456
.13 maker-168235317-augustus-gene-0.17-mRNA-1 1499665
.86 maker-168235317-augustus-gene-0.17-mRNA-1 1503162
.45 maker-166312652-augustus-gene-0.1-mRNA-1 1504436
.45 maker-166312652-augustus-gene-0.1-mRNA-1 296203
.43 maker-166312652-augustus-gene-0.1-mRNA-1 784
.43 maker-166312652-augustus-gene-0.1-mRNA-1 1040838
.43 maker-166312652-augustus-gene-0.1-mRNA-1 1498840
.83 snap_masked-168446362-processed-gene-0.11-mRNA-1 1556715
.24 snap_masked-165775771-processed-gene-0.2-mRNA-1 1478044
.68 snap_masked-165775771-processed-gene-0.2-mRNA-1 1487152
.98 maker-168218301-snap-gene-0.36-mRNA-1 1556815
.23 augustus_masked-168207592-processed-gene-0.8-mRNA-1 1515545
.76 augustus_masked-168207592-processed-gene-0.8-mRNA-1 1480905
