.94 maker-168188758-snap-gene-0.46-mRNA-1 2097646
.33 augustus_masked-166042400-processed-gene-0.1-mRNA-1 2097577
.40 augustus_masked-166042400-processed-gene-0.1-mRNA-1 2077354
.46 augustus_masked-168474521-processed-gene-0.0-mRNA-1 2000088
.30 augustus_masked-168474521-processed-gene-0.0-mRNA-1 1999006
.06 maker-168338405-snap-gene-0.9-mRNA-1 2016436
.84 maker-168338405-snap-gene-0.9-mRNA-1 2097592
.71 maker-163477071-augustus-gene-0.4-mRNA-1 477070
.70 maker-163477071-augustus-gene-0.4-mRNA-1 2014176
.09 maker-163477071-augustus-gene-0.4-mRNA-1 2078039
.36 maker-168557556-augustus-gene-0.58-mRNA-1 1997380
.63 maker-168557556-augustus-gene-0.58-mRNA-1 2059124
.13 maker-168327335-augustus-gene-0.14-mRNA-1 1996579
.86 maker-168327335-augustus-gene-0.14-mRNA-1 2068235
.61 maker-168572977-augustus-gene-0.25-mRNA-1 344283
.37 maker-168572977-augustus-gene-0.25-mRNA-1 2068483
.05 augustus_masked-161859329-processed-gene-0.0-mRNA-1 2047046
.41 augustus_masked-161859329-processed-gene-0.0-mRNA-1 413208
.33 maker-168556710-augustus-gene-0.48-mRNA-1 568841
.29 maker-168556710-augustus-gene-0.48-mRNA-1 1993426
.26 maker-168556710-augustus-gene-0.48-mRNA-1 2003251
.31 maker-168556710-augustus-gene-0.48-mRNA-1 1993427
.21 maker-168556710-augustus-gene-0.48-mRNA-1 2001825
.12 maker-163408108-snap-gene-0.4-mRNA-1 762560
.82 maker-163408108-snap-gene-0.4-mRNA-1 386570
.11 maker-168535181-snap-gene-0.6-mRNA-1 2003338
.79 maker-168535181-snap-gene-0.6-mRNA-1 2097554
.67 augustus_masked-166699671-processed-gene-0.0-mRNA-1 2005124
.32 augustus_masked-166699671-processed-gene-0.0-mRNA-1 409427
.64 maker-168557999-augustus-gene-0.58-mRNA-1 2097624
.99 augustus_masked-168189008-processed-gene-0.8-mRNA-1 2097602
.52 augustus_masked-168491003-processed-gene-0.1-mRNA-1 2036880
.44 augustus_masked-168491003-processed-gene-0.1-mRNA-1 2036066
.79 maker-168420509-snap-gene-0.31-mRNA-1 2097600
.51 snap_masked-168363119-processed-gene-0.34-mRNA-1 536093
.48 snap_masked-168363119-processed-gene-0.34-mRNA-1 2014563
.60 maker-168431761-snap-gene-0.5-mRNA-1 53141
.39 maker-168431761-snap-gene-0.5-mRNA-1 2004332
.65 augustus_masked-166345751-processed-gene-0.0-mRNA-1 2097569
.32 augustus_masked-166345751-processed-gene-0.0-mRNA-1 2011902
.80 maker-168343337-augustus-gene-0.30-mRNA-1 2097329
.68 maker-168276238-augustus-gene-0.52-mRNA-1 2097652
.13 maker-168276238-augustus-gene-0.52-mRNA-1 835260
.13 maker-168276238-augustus-gene-0.52-mRNA-1 2044207
.08 maker-168276238-augustus-gene-0.52-mRNA-1 896148
.08 maker-168276238-augustus-gene-0.52-mRNA-1 1996699
.78 maker-168252374-augustus-gene-0.12-mRNA-1 2097654
.08 maker-168252374-augustus-gene-0.12-mRNA-1 2032106
.68 maker-158721513-augustus-gene-0.4-mRNA-1 2028880
.30 maker-158721513-augustus-gene-0.4-mRNA-1 2021773
.35 maker-168290923-augustus-gene-0.31-mRNA-1 2097642
.68 augustus_masked-168495529-processed-gene-0.0-mRNA-1 2007744
.30 augustus_masked-168495529-processed-gene-0.0-mRNA-1 2097570
.52 maker-168547765-snap-gene-0.102-mRNA-1 2001950
.20 maker-168342416-augustus-gene-0.22-mRNA-1 1995516
.12 maker-168342416-augustus-gene-0.22-mRNA-1 2017547
.12 maker-168342416-augustus-gene-0.22-mRNA-1 560082
.09 maker-168342416-augustus-gene-0.22-mRNA-1 469049
.03 maker-168342416-augustus-gene-0.22-mRNA-1 1996280
.99 maker-168449902-snap-gene-0.9-mRNA-1 2097617
.28 augustus_masked-168227428-processed-gene-0.0-mRNA-1 589304
.67 augustus_masked-168227428-processed-gene-0.0-mRNA-1 2002037
.33 maker-165736603-augustus-gene-0.3-mRNA-1 2045837
.35 maker-165736603-augustus-gene-0.3-mRNA-1 1993949
.50 maker-168346859-snap-gene-0.44-mRNA-1 272452
.42 maker-168346859-snap-gene-0.44-mRNA-1 1995441
.33 maker-168346859-snap-gene-0.44-mRNA-1 1992184
.85 maker-168190218-snap-gene-0.73-mRNA-1 2028358
.85 maker-168190218-snap-gene-0.73-mRNA-1 2025962
.82 maker-168190218-snap-gene-0.73-mRNA-1 2097469
.71 maker-168190218-snap-gene-0.73-mRNA-1 209343
.57 maker-168190218-snap-gene-0.73-mRNA-1 263695
.50 maker-168538337-snap-gene-0.19-mRNA-1 2033313
.29 maker-168538337-snap-gene-0.19-mRNA-1 2035827
.26 maker-168538337-snap-gene-0.19-mRNA-1 834925
.17 maker-168538337-snap-gene-0.19-mRNA-1 834927
.16 maker-168538337-snap-gene-0.19-mRNA-1 1286548
.20 maker-168447201-augustus-gene-0.16-mRNA-1 154511
.19 maker-168447201-augustus-gene-0.16-mRNA-1 2064612
.17 maker-168447201-augustus-gene-0.16-mRNA-1 2009392
.17 maker-168447201-augustus-gene-0.16-mRNA-1 2007074
.55 augustus_masked-168325120-processed-gene-0.1-mRNA-1 2097442
.33 augustus_masked-168325120-processed-gene-0.1-mRNA-1 2004827
.52 maker-168255257-snap-gene-0.136-mRNA-1 2001678
.31 maker-168255257-snap-gene-0.136-mRNA-1 2097392
.22 maker-165662564-snap-gene-0.6-mRNA-1 1994489
.55 maker-165662564-snap-gene-0.6-mRNA-1 2097641
.34 augustus_masked-164897006-processed-gene-0.0-mRNA-1 2010662
.33 augustus_masked-164897006-processed-gene-0.0-mRNA-1 477811
.30 augustus_masked-164897006-processed-gene-0.0-mRNA-1 1336406
.30 augustus_masked-164897006-processed-gene-0.0-mRNA-1 1994383
.30 augustus_masked-164897006-processed-gene-0.0-mRNA-1 807892
.88 maker-168564101-snap-gene-0.37-mRNA-1 2097515
.74 augustus_masked-168512147-processed-gene-0.4-mRNA-1 2097339
.25 augustus_masked-168512147-processed-gene-0.4-mRNA-1 672071
.55 augustus_masked-168345183-processed-gene-0.0-mRNA-1 1995344
.30 augustus_masked-168345183-processed-gene-0.0-mRNA-1 419780
.22 maker-168270009-augustus-gene-0.83-mRNA-1 2017111
.22 maker-168270009-augustus-gene-0.83-mRNA-1 2038694
.21 maker-168270009-augustus-gene-0.83-mRNA-1 1998811
.20 maker-168270009-augustus-gene-0.83-mRNA-1 2031962
.13 maker-168270009-augustus-gene-0.83-mRNA-1 438501
.29 maker-168435172-snap-gene-0.55-mRNA-1 2021009
.25 maker-168435172-snap-gene-0.55-mRNA-1 1995025
.44 augustus_masked-168569565-processed-gene-0.12-mRNA-1 1990665
.40 augustus_masked-168569565-processed-gene-0.12-mRNA-1 1990229
.89 maker-168454316-snap-gene-0.79-mRNA-1 2097620
.08 maker-168454316-snap-gene-0.79-mRNA-1 1994907
.34 maker-168232536-snap-gene-0.62-mRNA-1 474298
.80 maker-168534149-snap-gene-0.17-mRNA-1 2036455
.12 maker-168534149-snap-gene-0.17-mRNA-1 1751062
.60 augustus_masked-167838269-processed-gene-0.0-mRNA-1 2097505
.39 augustus_masked-167838269-processed-gene-0.0-mRNA-1 137389
.63 snap_masked-168188010-processed-gene-0.40-mRNA-1 2097489
.60 maker-168399019-snap-gene-0.14-mRNA-1 2097305
.17 maker-168399019-snap-gene-0.14-mRNA-1 1989300
.37 augustus_masked-168202504-processed-gene-0.9-mRNA-1 2014540
.36 augustus_masked-168202504-processed-gene-0.9-mRNA-1 2048678
.25 maker-168086491-augustus-gene-0.11-mRNA-1 2097653
.21 maker-168086491-augustus-gene-0.11-mRNA-1 2097653
.16 maker-168086491-augustus-gene-0.11-mRNA-1 969371
.33 maker-168185398-snap-gene-0.15-mRNA-1 2097633
.18 maker-168185398-snap-gene-0.15-mRNA-1 2097633
.15 maker-168185398-snap-gene-0.15-mRNA-1 440899
.13 maker-168185398-snap-gene-0.15-mRNA-1 282464
.05 maker-168185398-snap-gene-0.15-mRNA-1 282465
.98 maker-168219740-snap-gene-0.48-mRNA-1 2097503
.46 augustus_masked-168419559-processed-gene-0.3-mRNA-1 2050667
.53 augustus_masked-168419559-processed-gene-0.3-mRNA-1 2007313
.99 augustus_masked-168209383-processed-gene-0.3-mRNA-1 2068969
.19 maker-168433671-augustus-gene-0.5-mRNA-1 918295
.36 maker-168433671-augustus-gene-0.5-mRNA-1 2026102
.78 maker-167828088-snap-gene-0.9-mRNA-1 1988248
.19 maker-167828088-snap-gene-0.9-mRNA-1 89504
.55 maker-168577122-augustus-gene-0.114-mRNA-1 2097450
.14 maker-168577122-augustus-gene-0.114-mRNA-1 2091025
.14 maker-168577122-augustus-gene-0.114-mRNA-1 2097205
.07 maker-168577122-augustus-gene-0.114-mRNA-1 2097205
.44 maker-168478852-snap-gene-0.45-mRNA-1 1992367
.31 maker-168478852-snap-gene-0.45-mRNA-1 2018465
.07 maker-168277932-augustus-gene-0.31-mRNA-1 1999823
.64 maker-168277932-augustus-gene-0.31-mRNA-1 2006444
.34 augustus_masked-168293270-processed-gene-0.1-mRNA-1 2031769
.18 augustus_masked-168293270-processed-gene-0.1-mRNA-1 2063793
.20 augustus_masked-168298049-processed-gene-0.7-mRNA-1 2064487
.78 augustus_masked-168298049-processed-gene-0.7-mRNA-1 2097359
.26 maker-168525815-snap-gene-0.22-mRNA-1 189271
.73 maker-168525815-snap-gene-0.22-mRNA-1 1989015
.18 maker-168574247-snap-gene-0.50-mRNA-1 2010204
.75 maker-168574247-snap-gene-0.50-mRNA-1 2097572
.64 maker-167916781-augustus-gene-0.37-mRNA-3 2097498
.17 maker-167916781-augustus-gene-0.37-mRNA-3 379991
.29 maker-168484983-snap-gene-0.32-mRNA-1 1992573
.62 maker-168484983-snap-gene-0.32-mRNA-1 2028231
.29 maker-167913083-augustus-gene-0.13-mRNA-1 337359
.59 maker-167913083-augustus-gene-0.13-mRNA-1 2097422
.62 snap_masked-168545072-processed-gene-0.55-mRNA-1 2097520
.19 snap_masked-168545072-processed-gene-0.55-mRNA-1 1031816
.66 augustus_masked-161478344-processed-gene-0.0-mRNA-1 584614
.16 augustus_masked-161478344-processed-gene-0.0-mRNA-1 1494759
.16 augustus_masked-161478344-processed-gene-0.0-mRNA-1 1588540
.16 augustus_masked-161478344-processed-gene-0.0-mRNA-1 1911016
.16 augustus_masked-161478344-processed-gene-0.0-mRNA-1 2028619
.62 maker-167599018-augustus-gene-0.4-mRNA-1 2027704
.55 maker-167599018-augustus-gene-0.4-mRNA-1 2001892
.48 maker-167599018-augustus-gene-0.4-mRNA-1 2061890
.47 maker-167599018-augustus-gene-0.4-mRNA-1 2049277
.47 maker-167599018-augustus-gene-0.4-mRNA-1 2097320
.98 maker-168570609-snap-gene-0.54-mRNA-1 2097662
.76 augustus_masked-168512964-processed-gene-0.17-mRNA-1 2097475
.23 snap_masked-168503274-processed-gene-0.18-mRNA-1 2021794
.75 snap_masked-168503274-processed-gene-0.18-mRNA-1 1994356
.19 maker-165519928-augustus-gene-0.4-mRNA-1 1070775
.25 maker-165519928-augustus-gene-0.4-mRNA-1 719541
.99 genemark-168253234-processed-gene-0.0-mRNA-1 1999009
.30 maker-167829879-snap-gene-0.18-mRNA-1 2021644
.46 maker-167829879-snap-gene-0.18-mRNA-1 252057
.22 genemark-168384808-processed-gene-0.19-mRNA-1 2021263
.13 genemark-168384808-processed-gene-0.19-mRNA-1 989051
.48 maker-168301281-augustus-gene-0.15-mRNA-1 2097428
.07 maker-168301281-augustus-gene-0.15-mRNA-1 728794
.10 maker-168301281-augustus-gene-0.15-mRNA-1 620504
.24 maker-168433767-snap-gene-0.16-mRNA-1 2006369
.74 maker-168433767-snap-gene-0.16-mRNA-1 2097636
.47 genemark-163100139-processed-gene-0.0-mRNA-1 1765891
.47 genemark-163100139-processed-gene-0.0-mRNA-1 185103
.47 genemark-163100139-processed-gene-0.0-mRNA-1 2067960
.47 genemark-163100139-processed-gene-0.0-mRNA-1 1708931
.47 genemark-163100139-processed-gene-0.0-mRNA-1 1596510
.22 maker-168462078-snap-gene-0.47-mRNA-1 1792222
.60 maker-168462078-snap-gene-0.47-mRNA-1 2039342
.24 augustus_masked-168370255-processed-gene-0.1-mRNA-1 2015622
.75 augustus_masked-168370255-processed-gene-0.1-mRNA-1 1991632
.40 maker-168288341-snap-gene-0.50-mRNA-1 1995926
.37 maker-168288341-snap-gene-0.50-mRNA-1 2002112
.05 maker-168254111-augustus-gene-0.7-mRNA-1 327440
.88 maker-168254111-augustus-gene-0.7-mRNA-1 2097635
.81 augustus_masked-168217589-processed-gene-1.11-mRNA-1 1998211
.33 maker-168183226-augustus-gene-0.6-mRNA-1 2014972
.56 maker-168183226-augustus-gene-0.6-mRNA-1 2097326
.13 augustus_masked-168483500-processed-gene-0.1-mRNA-1 1993608
.02 augustus_masked-168483500-processed-gene-0.1-mRNA-1 2097598
.01 augustus_masked-168483500-processed-gene-0.1-mRNA-1 2097598
.20 maker-168282144-augustus-gene-0.10-mRNA-1 2015679
.24 maker-168282144-augustus-gene-0.10-mRNA-1 2043815
.31 genemark-168163205-processed-gene-0.1-mRNA-1 2012744
.22 genemark-168163205-processed-gene-0.1-mRNA-1 836124
.89 maker-168472423-augustus-gene-0.93-mRNA-1 2097664
.52 maker-168367546-augustus-gene-0.16-mRNA-1 2097643
.10 maker-168367546-augustus-gene-0.16-mRNA-1 2097643
.16 maker-168356167-snap-gene-0.54-mRNA-1 2088187
.53 maker-168356167-snap-gene-0.54-mRNA-1 2097417
.15 maker-168465861-augustus-gene-0.18-mRNA-1 2034887
.42 maker-168465861-augustus-gene-0.18-mRNA-1 1995788
.26 maker-168398826-snap-gene-0.14-mRNA-1 2002445
.68 maker-168398826-snap-gene-0.14-mRNA-1 2097441
.29 maker-167839077-augustus-gene-0.13-mRNA-1 289070
.32 maker-167839077-augustus-gene-0.13-mRNA-1 2017935
.88 maker-168447144-snap-gene-0.59-mRNA-1 2097516
.17 maker-168570257-augustus-gene-0.15-mRNA-1 463613
.41 maker-168570257-augustus-gene-0.15-mRNA-1 2091402
.61 genemark-168333515-processed-gene-0.3-mRNA-1 2097544
.07 genemark-168333515-processed-gene-0.3-mRNA-1 2022051
.24 maker-167153577-snap-gene-0.5-mRNA-1 1989663
.34 maker-167153577-snap-gene-0.5-mRNA-1 1994837
.40 maker-168327613-augustus-gene-0.52-mRNA-1 1989785
.25 maker-168327613-augustus-gene-0.52-mRNA-1 1997298
.12 maker-168327613-augustus-gene-0.52-mRNA-1 1988709
.48 maker-168234389-snap-gene-0.106-mRNA-1 2097628
.14 maker-168234389-snap-gene-0.106-mRNA-1 2024687
.79 maker-168187899-snap-gene-0.76-mRNA-1 1989627
.69 genemark-167853625-processed-gene-0.0-mRNA-1 2004471
.28 maker-164387041-snap-gene-0.3-mRNA-1 1235163
.52 maker-164387041-snap-gene-0.3-mRNA-1 2024565
.87 augustus_masked-168335786-processed-gene-1.2-mRNA-1 2023137
.12 augustus_masked-168335786-processed-gene-1.2-mRNA-1 1866092
.34 maker-168408837-augustus-gene-0.17-mRNA-1 2003513
.28 maker-168408837-augustus-gene-0.17-mRNA-1 2027714
.27 maker-168408837-augustus-gene-0.17-mRNA-1 1990140
.24 maker-168408837-augustus-gene-0.17-mRNA-1 1994576
.75 genemark-168135365-processed-gene-0.7-mRNA-1 2097430
.16 genemark-168135365-processed-gene-0.7-mRNA-1 1508075
.67 maker-168190719-snap-gene-0.24-mRNA-1 2097514
.32 maker-168190719-snap-gene-0.24-mRNA-1 1989391
.56 maker-168371211-snap-gene-0.29-mRNA-1 1995798
.29 maker-168371211-snap-gene-0.29-mRNA-1 889241
.88 maker-168442368-snap-gene-0.5-mRNA-1 2097622
.61 maker-168472946-augustus-gene-0.27-mRNA-1 2097312
.14 maker-168472946-augustus-gene-0.27-mRNA-1 2011187
.41 augustus_masked-167723657-processed-gene-0.1-mRNA-1 243155
.28 augustus_masked-167723657-processed-gene-0.1-mRNA-1 1988745
.27 augustus_masked-167723657-processed-gene-0.1-mRNA-1 2026578
.26 augustus_masked-167723657-processed-gene-0.1-mRNA-1 250325
.19 augustus_masked-167723657-processed-gene-0.1-mRNA-1 799904
.99 maker-168209360-snap-gene-0.37-mRNA-1 2097659
.82 maker-168262655-augustus-gene-0.7-mRNA-1 2097529
.10 maker-168262655-augustus-gene-0.7-mRNA-1 2081423
.05 maker-168262655-augustus-gene-0.7-mRNA-1 2019245
.37 maker-161342189-augustus-gene-0.4-mRNA-2 243654
.36 maker-161342189-augustus-gene-0.4-mRNA-2 502244
.63 snap_masked-168541795-processed-gene-0.51-mRNA-1 2008346
.23 snap_masked-168541795-processed-gene-0.51-mRNA-1 2017599
.48 maker-168370962-snap-gene-0.33-mRNA-1 1989342
.25 maker-168370962-snap-gene-0.33-mRNA-1 409262
.24 maker-168370962-snap-gene-0.33-mRNA-1 1087552
.24 maker-168370962-snap-gene-0.33-mRNA-1 147050
.75 snap_masked-168448462-processed-gene-0.88-mRNA-1 1997060
.24 snap_masked-168448462-processed-gene-0.88-mRNA-1 1291082
.20 maker-168496631-augustus-gene-0.21-mRNA-1 2097573
.20 maker-168496631-augustus-gene-0.21-mRNA-1 2030379
.80 maker-168216332-augustus-gene-0.20-mRNA-1 2097603
.17 augustus_masked-167033022-processed-gene-0.0-mRNA-1 1992284
.16 augustus_masked-167033022-processed-gene-0.0-mRNA-1 1991522
.05 augustus_masked-167033022-processed-gene-0.0-mRNA-1 2002031
.26 maker-168258199-augustus-gene-0.5-mRNA-1 1988002
.22 maker-168258199-augustus-gene-0.5-mRNA-1 790467
.22 maker-168258199-augustus-gene-0.5-mRNA-1 240813
.22 maker-168258199-augustus-gene-0.5-mRNA-1 2001116
.89 augustus_masked-168490652-processed-gene-0.1-mRNA-1 1988892
.10 augustus_masked-168490652-processed-gene-0.1-mRNA-1 2008950
.08 augustus_masked-168438351-processed-gene-0.0-mRNA-1 782929
.87 augustus_masked-168438351-processed-gene-0.0-mRNA-1 1990858
.28 maker-168320559-augustus-gene-0.52-mRNA-1 2023677
.47 maker-168320559-augustus-gene-0.52-mRNA-1 2034973
.56 maker-168421778-augustus-gene-0.101-mRNA-1 2062092
.36 maker-168421778-augustus-gene-0.101-mRNA-1 2053070
.04 augustus_masked-168371150-processed-gene-0.1-mRNA-1 1439445
.88 augustus_masked-168371150-processed-gene-0.1-mRNA-1 1988391
.44 augustus_masked-168507409-processed-gene-0.0-mRNA-1 2056428
.36 augustus_masked-168507409-processed-gene-0.0-mRNA-1 1999257
.62 maker-168458788-augustus-gene-0.11-mRNA-1 2016418
.26 maker-168458788-augustus-gene-0.11-mRNA-1 481554
.40 snap_masked-168577548-processed-gene-0.68-mRNA-1 2017889
.14 snap_masked-168577548-processed-gene-0.68-mRNA-1 2026932
.42 maker-168291211-snap-gene-0.39-mRNA-1 2097656
.28 maker-168291211-snap-gene-0.39-mRNA-1 2097656
.35 snap_masked-163032013-processed-gene-0.2-mRNA-1 1993012
.29 snap_masked-163032013-processed-gene-0.2-mRNA-1 2032508
.11 snap_masked-163032013-processed-gene-0.2-mRNA-1 2026299
.22 augustus_masked-168293681-processed-gene-0.1-mRNA-1 2097391
.66 augustus_masked-168293681-processed-gene-0.1-mRNA-1 2035981
.59 maker-167797000-augustus-gene-0.12-mRNA-1 2055506
.19 maker-167797000-augustus-gene-0.12-mRNA-1 2022289
.12 maker-167797000-augustus-gene-0.12-mRNA-1 268895
.13 maker-167797000-augustus-gene-0.12-mRNA-1 2040142
.12 maker-167797000-augustus-gene-0.12-mRNA-1 2003210
.81 maker-168340917-snap-gene-0.57-mRNA-1 2097440
.31 augustus_masked-168339538-processed-gene-0.2-mRNA-1 2050524
.37 augustus_masked-168339538-processed-gene-0.2-mRNA-1 2066909
.69 maker-168222911-snap-gene-0.31-mRNA-1 2097661
.19 maker-168222911-snap-gene-0.31-mRNA-1 1989540
.70 snap_masked-168237797-processed-gene-0.16-mRNA-1 1996876
.29 snap_masked-168237797-processed-gene-0.16-mRNA-1 1216442
.40 maker-168518237-augustus-gene-0.46-mRNA-1 2007446
.13 maker-168518237-augustus-gene-0.46-mRNA-1 2012304
.47 augustus_masked-168081126-processed-gene-0.6-mRNA-1 1989032
.21 augustus_masked-168081126-processed-gene-0.6-mRNA-1 2005400
.21 augustus_masked-168081126-processed-gene-0.6-mRNA-1 1991726
.63 maker-168560005-augustus-gene-0.12-mRNA-1 1997186
.14 maker-168560005-augustus-gene-0.12-mRNA-1 1994583
.35 snap_masked-161684052-processed-gene-0.1-mRNA-1 2075472
.64 snap_masked-161684052-processed-gene-0.1-mRNA-1 2011942
.65 augustus_masked-168577406-processed-gene-0.0-mRNA-1 986925
.34 augustus_masked-168577406-processed-gene-0.0-mRNA-1 2028165
.16 augustus_masked-168108656-processed-gene-0.7-mRNA-1 2042091
.69 augustus_masked-168108656-processed-gene-0.7-mRNA-1 1998866
.19 maker-168186092-augustus-gene-0.15-mRNA-1 2097547
.16 maker-168186092-augustus-gene-0.15-mRNA-1 1991186
.49 maker-165379355-snap-gene-0.4-mRNA-1 2018455
.03 maker-165379355-snap-gene-0.4-mRNA-1 2033233
.40 maker-168421633-snap-gene-0.22-mRNA-1 2008969
.35 maker-168421633-snap-gene-0.22-mRNA-1 1989274
.23 maker-168421633-snap-gene-0.22-mRNA-1 1994114
.36 maker-167742616-snap-gene-0.3-mRNA-1 1994057
.63 maker-167742616-snap-gene-0.3-mRNA-1 2097479
.99 maker-161878723-augustus-gene-0.3-mRNA-1 2084729
.78 augustus_masked-165620466-processed-gene-0.0-mRNA-1 1998702
.20 augustus_masked-165620466-processed-gene-0.0-mRNA-1 767560
.42 augustus_masked-168239231-processed-gene-0.3-mRNA-1 2028589
.35 augustus_masked-168239231-processed-gene-0.3-mRNA-1 982533
.35 maker-168183007-snap-gene-0.9-mRNA-1 2012016
.34 maker-168183007-snap-gene-0.9-mRNA-1 1992518
.81 augustus_masked-168238180-processed-gene-0.0-mRNA-1 1994781
.17 augustus_masked-168238180-processed-gene-0.0-mRNA-1 2022435
.65 augustus_masked-162451180-processed-gene-0.0-mRNA-1 2025483
.49 augustus_masked-162451180-processed-gene-0.0-mRNA-1 2001049
.41 augustus_masked-162451180-processed-gene-0.0-mRNA-1 2021170
.39 augustus_masked-162451180-processed-gene-0.0-mRNA-1 445617
.33 augustus_masked-162451180-processed-gene-0.0-mRNA-1 1989333
.29 maker-168390734-snap-gene-0.11-mRNA-1 2080536
.47 maker-168390734-snap-gene-0.11-mRNA-1 2063862
.82 maker-168340894-augustus-gene-0.5-mRNA-1 2097637
.65 genemark-165949157-processed-gene-0.0-mRNA-1 88139
.32 genemark-165949157-processed-gene-0.0-mRNA-1 2075618
.32 maker-168550415-augustus-gene-0.24-mRNA-1 58023
.14 maker-168550415-augustus-gene-0.24-mRNA-1 2072650
.96 maker-168186924-augustus-gene-0.20-mRNA-1 2097638
.68 maker-168252781-augustus-gene-0.79-mRNA-1 2097626
.42 augustus_masked-167808834-processed-gene-0.11-mRNA-1 2013265
.35 augustus_masked-167808834-processed-gene-0.11-mRNA-1 2033614
.30 augustus_masked-167808834-processed-gene-0.11-mRNA-1 2013266
.22 augustus_masked-167808834-processed-gene-0.11-mRNA-1 447102
.15 augustus_masked-167808834-processed-gene-0.11-mRNA-1 1996660
.92 maker-162166592-snap-gene-0.3-mRNA-1 2097464
.55 maker-162166592-snap-gene-0.3-mRNA-1 803974
.43 maker-168189369-snap-gene-0.45-mRNA-1 2014934
.38 maker-168577592-augustus-gene-0.95-mRNA-1 1996643
.20 maker-168577592-augustus-gene-0.95-mRNA-1 2038632
.20 maker-168577592-augustus-gene-0.95-mRNA-1 2033541
.16 maker-168577592-augustus-gene-0.95-mRNA-1 1996644
.50 maker-168577059-snap-gene-0.28-mRNA-2 2097552
.20 maker-168577059-snap-gene-0.28-mRNA-2 467433
.20 maker-168577059-snap-gene-0.28-mRNA-2 1994529
.24 maker-168309056-augustus-gene-0.7-mRNA-1 2022286
.27 maker-168309056-augustus-gene-0.7-mRNA-1 2007772
.25 maker-168309056-augustus-gene-0.7-mRNA-1 2049189
.26 maker-168309056-augustus-gene-0.7-mRNA-1 613911
.17 maker-168309056-augustus-gene-0.7-mRNA-1 853162
.23 maker-165262243-snap-gene-0.4-mRNA-1 2061581
.76 maker-165262243-snap-gene-0.4-mRNA-1 2097545
.12 maker-168376499-snap-gene-0.75-mRNA-1 96777
.87 maker-168376499-snap-gene-0.75-mRNA-1 2097490
.41 augustus_masked-168200274-processed-gene-0.4-mRNA-1 2097644
.43 augustus_masked-165579536-processed-gene-0.0-mRNA-1 2000185
.56 augustus_masked-165579536-processed-gene-0.0-mRNA-1 2028211
.50 augustus_masked-168402443-processed-gene-0.1-mRNA-1 2097317
.31 augustus_masked-168402443-processed-gene-0.1-mRNA-1 1988620
.32 augustus_masked-168402443-processed-gene-0.1-mRNA-1 176743
.29 augustus_masked-168402443-processed-gene-0.1-mRNA-1 290948
.29 augustus_masked-168402443-processed-gene-0.1-mRNA-1 103779
.41 maker-168507242-snap-gene-0.48-mRNA-1 1995321
.49 maker-168507242-snap-gene-0.48-mRNA-1 2007158
.23 maker-168507242-snap-gene-0.48-mRNA-1 2013701
.41 snap_masked-168241044-processed-gene-0.5-mRNA-1 1994098
.26 snap_masked-168241044-processed-gene-0.5-mRNA-1 361830
.33 maker-168577195-snap-gene-0.34-mRNA-1 2018435
.52 maker-168577195-snap-gene-0.34-mRNA-1 2085805
.60 maker-168234677-snap-gene-0.12-mRNA-1 2097625
.04 maker-168234677-snap-gene-0.12-mRNA-1 2007415
.49 maker-168187617-augustus-gene-0.11-mRNA-1 2097535
.50 maker-168187617-augustus-gene-0.11-mRNA-1 2097535
.41 snap_masked-168272471-processed-gene-0.11-mRNA-1 2023639
.57 snap_masked-168272471-processed-gene-0.11-mRNA-1 2023638
.73 maker-167887473-augustus-gene-0.15-mRNA-1 2097405
.26 maker-167887473-augustus-gene-0.15-mRNA-1 2000412
.82 maker-167977330-augustus-gene-0.31-mRNA-1 2097634
.17 maker-167977330-augustus-gene-0.31-mRNA-1 1990564
.50 snap_masked-158762225-processed-gene-0.2-mRNA-1 1996115
.39 snap_masked-158762225-processed-gene-0.2-mRNA-1 1527898
.14 maker-168225046-augustus-gene-0.14-mRNA-1 1115626
.85 maker-168225046-augustus-gene-0.14-mRNA-1 1992857
.18 maker-168201986-augustus-gene-0.33-mRNA-1 1989702
.05 maker-168201986-augustus-gene-0.33-mRNA-1 381640
.45 maker-168095260-augustus-gene-0.16-mRNA-3 2097650
.26 maker-168095260-augustus-gene-0.16-mRNA-3 2097650
.71 maker-159430260-snap-gene-0.3-mRNA-1 1988538
.25 maker-159430260-snap-gene-0.3-mRNA-1 1988635
.50 snap_masked-168315270-processed-gene-0.52-mRNA-1 1990781
.19 snap_masked-168315270-processed-gene-0.52-mRNA-1 697802
.16 snap_masked-168315270-processed-gene-0.52-mRNA-1 2061294
.51 maker-168530319-snap-gene-0.36-mRNA-1 2097587
.26 maker-168530319-snap-gene-0.36-mRNA-1 2063696
.25 maker-168530319-snap-gene-0.36-mRNA-1 2036396
.29 maker-168187695-augustus-gene-0.13-mRNA-1 2097608
.36 maker-168187695-augustus-gene-0.13-mRNA-1 2097649
.69 augustus_masked-168199034-processed-gene-0.11-mRNA-1 2003707
.30 augustus_masked-168199034-processed-gene-0.11-mRNA-1 1989704
.99 maker-168190496-augustus-gene-0.38-mRNA-1 2097658
.99 maker-168550069-augustus-gene-0.7-mRNA-1 2097398
.16 maker-168383835-snap-gene-0.19-mRNA-1 1047279
.42 maker-168383835-snap-gene-0.19-mRNA-1 1991850
.32 augustus_masked-168509764-processed-gene-0.4-mRNA-1 2071555
.39 augustus_masked-168509764-processed-gene-0.4-mRNA-1 2044851
.85 snap_masked-168518890-processed-gene-0.26-mRNA-1 2097591
.14 snap_masked-168518890-processed-gene-0.26-mRNA-1 2032460
.20 augustus_masked-168551645-processed-gene-0.0-mRNA-1 1997307
.36 augustus_masked-168551645-processed-gene-0.0-mRNA-1 439236
.24 snap_masked-168562297-processed-gene-0.12-mRNA-1 1992870
.03 snap_masked-168562297-processed-gene-0.12-mRNA-1 2003691
.03 snap_masked-168562297-processed-gene-0.12-mRNA-1 376112
.02 snap_masked-168562297-processed-gene-0.12-mRNA-1 376095
.04 snap_masked-168562297-processed-gene-0.12-mRNA-1 2003691
.72 maker-168421562-augustus-gene-0.54-mRNA-1 2097651
.84 maker-166066774-augustus-gene-0.3-mRNA-1 2097563
.15 maker-166066774-augustus-gene-0.3-mRNA-1 2029071
.18 maker-168274859-augustus-gene-0.43-mRNA-1 1720729
.31 maker-168274859-augustus-gene-0.43-mRNA-1 913073
.11 maker-168304794-augustus-gene-0.64-mRNA-1 2039987
.88 maker-168304794-augustus-gene-0.64-mRNA-1 2097308
.84 augustus_masked-168573242-processed-gene-0.12-mRNA-1 2006635
.15 augustus_masked-168573242-processed-gene-0.12-mRNA-1 1440661
.36 maker-168537663-augustus-gene-0.20-mRNA-1 1988200
.47 augustus_masked-168183031-processed-gene-0.3-mRNA-1 2042925
.11 augustus_masked-168183031-processed-gene-0.3-mRNA-1 2046511
.46 maker-168185718-snap-gene-0.58-mRNA-1 2097433
.30 maker-168185718-snap-gene-0.58-mRNA-1 2033884
.17 maker-168185718-snap-gene-0.58-mRNA-1 2039326
.66 maker-168378863-augustus-gene-0.65-mRNA-1 2097396
.26 augustus_masked-168407284-processed-gene-0.9-mRNA-1 611303
.72 augustus_masked-168407284-processed-gene-0.9-mRNA-1 2010888
.29 augustus_masked-168260079-processed-gene-0.15-mRNA-1 667519
.66 augustus_masked-168260079-processed-gene-0.15-mRNA-1 2012620
.56 augustus_masked-168302112-processed-gene-0.1-mRNA-1 2097476
.25 augustus_masked-168302112-processed-gene-0.1-mRNA-1 427174
.25 augustus_masked-168302112-processed-gene-0.1-mRNA-1 1992436
.30 maker-168459469-snap-gene-0.101-mRNA-1 2017663
.23 maker-168459469-snap-gene-0.101-mRNA-1 2034729
.16 maker-168459469-snap-gene-0.101-mRNA-1 1990042
.85 maker-167800427-snap-gene-0.27-mRNA-1 1989302
.05 maker-167800427-snap-gene-0.27-mRNA-1 2039975
.02 maker-167800427-snap-gene-0.27-mRNA-1 2084362
.45 maker-168407861-augustus-gene-0.4-mRNA-1 2006222
.17 maker-168407861-augustus-gene-0.4-mRNA-1 2097536
.06 maker-167831340-augustus-gene-0.16-mRNA-1 937423
.77 maker-167831340-augustus-gene-0.16-mRNA-1 1989133
.81 maker-167846079-snap-gene-0.13-mRNA-1 2097565
.67 maker-168149605-augustus-gene-0.4-mRNA-1 1995691
.15 maker-168149605-augustus-gene-0.4-mRNA-1 93468
.53 maker-168356447-snap-gene-0.143-mRNA-1 2010988
.47 maker-168356447-snap-gene-0.143-mRNA-1 2062958
.41 maker-168356447-snap-gene-0.143-mRNA-1 328036
.40 maker-168356447-snap-gene-0.143-mRNA-1 2050103
.64 maker-168343367-augustus-gene-0.110-mRNA-1 2097647
.76 maker-168266240-augustus-gene-0.16-mRNA-1 2097590
.23 maker-168266240-augustus-gene-0.16-mRNA-1 1998788
.74 snap_masked-167885230-processed-gene-0.42-mRNA-1 625505
.70 snap_masked-167885230-processed-gene-0.42-mRNA-1 2037443
.59 snap_masked-167885230-processed-gene-0.42-mRNA-1 569342
.32 snap_masked-167885230-processed-gene-0.42-mRNA-1 579395
.18 snap_masked-167885230-processed-gene-0.42-mRNA-1 1993789
.30 augustus_masked-168249747-processed-gene-0.3-mRNA-1 2021905
.49 augustus_masked-168249747-processed-gene-0.3-mRNA-1 2074307
.90 genemark-164985917-processed-gene-0.1-mRNA-1 382285
.08 genemark-164985917-processed-gene-0.1-mRNA-1 2002306
.82 maker-168188549-snap-gene-0.40-mRNA-1 2097645
.81 augustus_masked-164747753-processed-gene-0.0-mRNA-1 2097439
.18 augustus_masked-164747753-processed-gene-0.0-mRNA-1 2044118
.80 maker-168415510-snap-gene-0.125-mRNA-1 2096928
.60 maker-168415510-snap-gene-0.125-mRNA-1 2071308
.06 maker-168415510-snap-gene-0.125-mRNA-1 2072986
.71 maker-168574279-augustus-gene-0.77-mRNA-1 2097660
.15 maker-168574279-augustus-gene-0.77-mRNA-1 1997957
.67 maker-168478574-snap-gene-0.24-mRNA-1 2097583
.16 maker-168478574-snap-gene-0.24-mRNA-1 2062773
.63 maker-168465584-augustus-gene-0.24-mRNA-1 716989
.62 maker-168465584-augustus-gene-0.24-mRNA-1 447457
.58 maker-168465584-augustus-gene-0.24-mRNA-1 539389
.03 maker-168465584-augustus-gene-0.24-mRNA-1 529331
.62 augustus_masked-168557469-processed-gene-0.2-mRNA-1 2039031
.17 augustus_masked-168557469-processed-gene-0.2-mRNA-1 2035684
.23 maker-168539715-augustus-gene-0.23-mRNA-1 2077724
.21 maker-168539715-augustus-gene-0.23-mRNA-1 1989111
.15 maker-168539715-augustus-gene-0.23-mRNA-1 2022371
.28 augustus_masked-168576985-processed-gene-0.5-mRNA-1 2020443
.66 maker-167921145-snap-gene-0.25-mRNA-2 2097487
.31 maker-167921145-snap-gene-0.25-mRNA-2 1990962
.19 maker-167921145-snap-gene-0.25-mRNA-2 1990961
.23 maker-168572153-augustus-gene-0.30-mRNA-1 433582
.64 maker-168572153-augustus-gene-0.30-mRNA-1 1995922
.39 maker-164545528-augustus-gene-0.3-mRNA-1 2066087
.26 maker-164545528-augustus-gene-0.3-mRNA-1 2000494
.26 maker-164545528-augustus-gene-0.3-mRNA-1 2032846
.35 augustus_masked-168533198-processed-gene-0.0-mRNA-1 1988237
.64 augustus_masked-168533198-processed-gene-0.0-mRNA-1 2050832
.99 maker-167916321-snap-gene-0.8-mRNA-1 2097389
.12 maker-168573168-augustus-gene-0.36-mRNA-1 504707
.83 maker-168573168-augustus-gene-0.36-mRNA-1 2097448
.85 augustus_masked-168349276-processed-gene-0.3-mRNA-1 2097548
.04 augustus_masked-168349276-processed-gene-0.3-mRNA-1 1468432
.70 maker-168200084-augustus-gene-0.33-mRNA-1 2097331
.18 maker-168200084-augustus-gene-0.33-mRNA-1 1991639
.10 maker-168200084-augustus-gene-0.33-mRNA-1 2007431
.98 maker-168558452-snap-gene-0.20-mRNA-1 2097665
.23 snap_masked-168452979-processed-gene-0.4-mRNA-1 2017340
.26 snap_masked-168452979-processed-gene-0.4-mRNA-1 1993423
.30 maker-168566120-augustus-gene-0.23-mRNA-1 2043813
.33 maker-168566120-augustus-gene-0.23-mRNA-1 1994859
.20 maker-168566120-augustus-gene-0.23-mRNA-1 2018557
.20 maker-168566120-augustus-gene-0.23-mRNA-1 2018558
.03 maker-168566120-augustus-gene-0.23-mRNA-1 2038066
.77 augustus_masked-167923861-processed-gene-0.5-mRNA-1 1988376
.76 maker-168251680-augustus-gene-0.19-mRNA-1 2097524
.10 maker-168251680-augustus-gene-0.19-mRNA-1 1993757
.81 maker-168569336-snap-gene-0.91-mRNA-1 2097627
.17 augustus_masked-168574555-processed-gene-0.3-mRNA-1 1221498
.82 augustus_masked-168574555-processed-gene-0.3-mRNA-1 2043733
.23 maker-167884457-augustus-gene-0.19-mRNA-1 2007637
.20 maker-167884457-augustus-gene-0.19-mRNA-1 2010163
.37 maker-168561839-snap-gene-0.104-mRNA-1 1997635
.19 maker-168561839-snap-gene-0.104-mRNA-1 2035546
.22 augustus_masked-168552895-processed-gene-0.4-mRNA-1 2063282
.73 augustus_masked-168552895-processed-gene-0.4-mRNA-1 2069918
.59 maker-168577267-snap-gene-0.43-mRNA-1 1989358
.22 maker-168577267-snap-gene-0.43-mRNA-1 73877
.14 maker-168577267-snap-gene-0.43-mRNA-1 2025497
.08 maker-168577267-snap-gene-0.43-mRNA-1 1991337
.08 maker-168577267-snap-gene-0.43-mRNA-1 701140
.67 maker-168028912-augustus-gene-0.14-mRNA-1 2064386
.20 maker-168028912-augustus-gene-0.14-mRNA-1 2022603
.68 maker-168245343-snap-gene-0.59-mRNA-1 1994615
.16 maker-168245343-snap-gene-0.59-mRNA-1 2028124
.16 maker-168245343-snap-gene-0.59-mRNA-1 2010853
.14 maker-168245343-snap-gene-0.59-mRNA-1 2075308
.07 maker-168245343-snap-gene-0.59-mRNA-1 193914
.41 maker-168568355-snap-gene-0.44-mRNA-1 2097601
.25 maker-168568355-snap-gene-0.44-mRNA-1 1989127
.22 maker-168182666-augustus-gene-0.23-mRNA-1 2049929
.45 maker-168182666-augustus-gene-0.23-mRNA-1 2009981
.32 maker-168272606-snap-gene-0.19-mRNA-1 2071403
.44 maker-168272606-snap-gene-0.19-mRNA-1 2002286
.76 augustus_masked-168306248-processed-gene-0.2-mRNA-1 2024855
.11 augustus_masked-168306248-processed-gene-0.2-mRNA-1 1870368
.23 maker-166102719-augustus-gene-0.4-mRNA-1 2020216
.32 maker-166102719-augustus-gene-0.4-mRNA-1 509652
.44 augustus_masked-161465451-processed-gene-0.0-mRNA-1 2097519
.55 augustus_masked-161465451-processed-gene-0.0-mRNA-1 1999404
.29 maker-168544337-snap-gene-0.64-mRNA-1 2097639
.22 maker-168544337-snap-gene-0.64-mRNA-1 2086747
.20 maker-168446536-augustus-gene-0.75-mRNA-1 2088115
.79 maker-168446536-augustus-gene-0.75-mRNA-1 2097619
.35 maker-168337298-snap-gene-0.121-mRNA-1 1990102
.64 maker-168337298-snap-gene-0.121-mRNA-1 1991329
.86 genemark-168561940-processed-gene-0.2-mRNA-1 2097453
.13 genemark-168561940-processed-gene-0.2-mRNA-1 1995653
.99 maker-168227667-augustus-gene-0.26-mRNA-1 2097618
.11 maker-168183379-snap-gene-0.25-mRNA-1 1996370
.73 maker-168183379-snap-gene-0.25-mRNA-1 2097586
.71 maker-168198886-augustus-gene-0.9-mRNA-1 2085336
.26 maker-168198886-augustus-gene-0.9-mRNA-1 568082
.76 augustus_masked-168577235-processed-gene-0.0-mRNA-1 2097663
.22 augustus_masked-168577235-processed-gene-0.0-mRNA-1 2097663
.33 maker-168203955-snap-gene-0.25-mRNA-1 2097435
.20 maker-168203955-snap-gene-0.25-mRNA-1 2021329
.09 maker-168203955-snap-gene-0.25-mRNA-1 510914
.08 maker-168203955-snap-gene-0.25-mRNA-1 2002609
.28 maker-168447274-snap-gene-0.95-mRNA-1 2071045
.53 maker-168447274-snap-gene-0.95-mRNA-1 2049079
.47 augustus_masked-167843768-processed-gene-0.1-mRNA-1 1994374
.33 augustus_masked-167843768-processed-gene-0.1-mRNA-1 1994375
.40 maker-167824498-snap-gene-0.12-mRNA-1 1108201
.75 maker-168285931-snap-gene-0.18-mRNA-1 2097381
.18 maker-168285931-snap-gene-0.18-mRNA-1 586093
.26 augustus_masked-168486697-processed-gene-0.0-mRNA-1 2097403
.69 augustus_masked-168486697-processed-gene-0.0-mRNA-1 2097631
.45 maker-168239819-augustus-gene-0.16-mRNA-1 2004016
.15 maker-168239819-augustus-gene-0.16-mRNA-1 2064467
.86 snap_masked-166556167-processed-gene-0.2-mRNA-1 2002487
.22 maker-168280189-augustus-gene-0.27-mRNA-1 1988576
.16 maker-168280189-augustus-gene-0.27-mRNA-1 2014138
.10 maker-168280189-augustus-gene-0.27-mRNA-1 2086221
.01 maker-168280189-augustus-gene-0.27-mRNA-1 2051262
.02 maker-168280189-augustus-gene-0.27-mRNA-1 2014139
.53 genemark-162472283-processed-gene-0.0-mRNA-1 1406808
.37 genemark-162472283-processed-gene-0.0-mRNA-1 1781493
.35 maker-168371039-augustus-gene-3.86-mRNA-1 2003060
.34 maker-168371039-augustus-gene-3.86-mRNA-1 2089833
.23 genemark-168462333-processed-gene-0.1-mRNA-1 2093346
.76 genemark-168462333-processed-gene-0.1-mRNA-1 2003103
.69 maker-168569837-augustus-gene-0.22-mRNA-1 2097640
.13 maker-168569837-augustus-gene-0.22-mRNA-1 1995103
.65 maker-168496813-augustus-gene-0.17-mRNA-1 2001896
.28 maker-168496813-augustus-gene-0.17-mRNA-1 1989736
.42 augustus_masked-168496682-processed-gene-0.2-mRNA-1 770600
.57 augustus_masked-168496682-processed-gene-0.2-mRNA-1 2000101
.36 maker-168097938-augustus-gene-0.6-mRNA-1 1995462
.44 maker-168097938-augustus-gene-0.6-mRNA-1 1995463
.68 maker-168188742-snap-gene-0.18-mRNA-1 2063983
.30 maker-168188742-snap-gene-0.18-mRNA-1 2032645
.99 maker-168463595-snap-gene-0.16-mRNA-1 2097615
.47 augustus_masked-167064211-processed-gene-0.0-mRNA-1 2020452
.31 augustus_masked-167064211-processed-gene-0.0-mRNA-1 2073004
.20 augustus_masked-167064211-processed-gene-0.0-mRNA-1 2029023
.99 maker-161703515-snap-gene-0.4-mRNA-1 306301
.61 maker-161703515-snap-gene-0.4-mRNA-1 392782
.98 snap_masked-167945410-processed-gene-0.34-mRNA-1 2097657
.62 augustus_masked-161912890-processed-gene-0.1-mRNA-1 1706846
.36 augustus_masked-168263747-processed-gene-0.6-mRNA-1 1989067
.33 augustus_masked-168263747-processed-gene-0.6-mRNA-1 2036226
.23 augustus_masked-168263747-processed-gene-0.6-mRNA-1 454978
.99 maker-168185999-snap-gene-0.65-mRNA-1 2097655
.48 genemark-168568391-processed-gene-0.36-mRNA-1 2097538
.20 genemark-168568391-processed-gene-0.36-mRNA-1 2093999
.33 genemark-168502275-processed-gene-0.3-mRNA-1 1996059
.11 genemark-168502275-processed-gene-0.3-mRNA-1 2033500
.83 augustus_masked-168249694-processed-gene-0.8-mRNA-1 2063412
.08 augustus_masked-168249694-processed-gene-0.8-mRNA-1 1744989
.45 maker-168564204-augustus-gene-0.29-mRNA-1 1988638
.19 maker-168564204-augustus-gene-0.29-mRNA-1 2014104
.52 maker-168431199-augustus-gene-0.73-mRNA-1 2097424
.56 maker-168330708-augustus-gene-0.7-mRNA-1 2097648
.43 maker-168330708-augustus-gene-0.7-mRNA-1 2097648
