.99 augustus_masked-167841348-processed-gene-0.1-mRNA-1 1559489
.99 augustus_masked-168549316-processed-gene-0.4-mRNA-1 1558930
.99 maker-168286118-snap-gene-0.45-mRNA-1 1504435
.53 maker-167900252-snap-gene-0.18-mRNA-1 1559681
.09 maker-167900252-snap-gene-0.18-mRNA-1 1559681
.99 augustus_masked-168239565-processed-gene-0.15-mRNA-1 1559637
.80 maker-168408517-snap-gene-0.13-mRNA-1 1481757
.07 maker-168408517-snap-gene-0.13-mRNA-1 1017300
.41 maker-168196590-augustus-gene-0.23-mRNA-1 1558828
.49 maker-165273855-augustus-gene-0.4-mRNA-1 1527505
.50 maker-165273855-augustus-gene-0.4-mRNA-1 1493288
.78 maker-168536470-augustus-gene-0.27-mRNA-1 1479516
.17 maker-168536470-augustus-gene-0.27-mRNA-1 1476370
.26 augustus_masked-164074907-processed-gene-0.0-mRNA-1 1505434
.73 augustus_masked-164074907-processed-gene-0.0-mRNA-1 1505449
.25 maker-168454354-snap-gene-0.19-mRNA-1 1482479
.22 maker-168454354-snap-gene-0.19-mRNA-1 333842
.99 snap_masked-167937776-processed-gene-0.10-mRNA-1 650738
.99 augustus_masked-167809299-processed-gene-0.0-mRNA-1 1559454
.99 augustus_masked-168549290-processed-gene-0.0-mRNA-1 1491705
.89 augustus_masked-168183416-processed-gene-0.7-mRNA-1 1558878
.10 augustus_masked-168183416-processed-gene-0.7-mRNA-1 1559302
.69 maker-168558918-snap-gene-0.58-mRNA-1 1559098
.18 maker-168558918-snap-gene-0.58-mRNA-1 1505456
.95 maker-168518625-snap-gene-0.105-mRNA-1 1559608
.23 maker-168071173-snap-gene-0.25-mRNA-1 549975
.22 maker-168071173-snap-gene-0.25-mRNA-1 411892
.16 maker-168071173-snap-gene-0.25-mRNA-1 1495017
.21 maker-168071173-snap-gene-0.25-mRNA-1 220717
.23 maker-168071173-snap-gene-0.25-mRNA-1 1481411
.99 augustus_masked-168122112-processed-gene-0.2-mRNA-1 1559205
.92 maker-168232653-snap-gene-0.24-mRNA-1 1558739
.55 maker-168536713-augustus-gene-0.77-mRNA-1 1559689
.59 maker-168576960-snap-gene-0.16-mRNA-1 1559267
.28 maker-168576960-snap-gene-0.16-mRNA-1 1495623
.17 maker-168576960-snap-gene-0.16-mRNA-1 1530250
.99 snap_masked-168444479-processed-gene-0.44-mRNA-1 1558714
.80 snap_masked-168444479-processed-gene-0.44-mRNA-1 1487183
.98 maker-168183346-augustus-gene-0.19-mRNA-1 1558863
.99 maker-168185727-augustus-gene-0.37-mRNA-1 1558582
.79 maker-168448619-augustus-gene-0.19-mRNA-1 1476548
.13 maker-168448619-augustus-gene-0.19-mRNA-1 246590
.71 maker-168509550-augustus-gene-0.13-mRNA-1 1559713
.20 maker-168509550-augustus-gene-0.13-mRNA-1 1478755
.39 maker-164678396-augustus-gene-0.3-mRNA-1 1067502
.37 maker-164678396-augustus-gene-0.3-mRNA-1 1038776
.99 snap_masked-168190179-processed-gene-0.157-mRNA-1 1558986
.25 maker-168429677-augustus-gene-0.99-mRNA-1 1483539
.13 maker-168429677-augustus-gene-0.99-mRNA-1 1507938
.11 maker-168429677-augustus-gene-0.99-mRNA-1 1486370
.57 augustus_masked-168371449-processed-gene-0.0-mRNA-1 1559518
.06 augustus_masked-168371449-processed-gene-0.0-mRNA-1 1519245
.02 augustus_masked-168371449-processed-gene-0.0-mRNA-1 290655
.09 augustus_masked-168371449-processed-gene-0.0-mRNA-1 1479995
.99 augustus_masked-168233883-processed-gene-0.12-mRNA-1 1508266
.99 augustus_masked-168566798-processed-gene-0.5-mRNA-1 1559102
.09 maker-168286421-augustus-gene-0.46-mRNA-1 515586
.79 maker-168286421-augustus-gene-0.46-mRNA-1 1558932
.99 maker-168235704-augustus-gene-0.67-mRNA-1 1558850
.17 maker-168071173-snap-gene-0.26-mRNA-1 420749
.76 maker-168071173-snap-gene-0.26-mRNA-1 1481411
.22 augustus_masked-168258495-processed-gene-0.5-mRNA-1 1479887
.77 augustus_masked-168258495-processed-gene-0.5-mRNA-1 80076
.99 maker-168186487-snap-gene-0.44-mRNA-1 1558818
.99 snap_masked-168338196-processed-gene-0.35-mRNA-1 1493930
.20 maker-168409137-augustus-gene-0.5-mRNA-3 1497669
.10 maker-168409137-augustus-gene-0.5-mRNA-3 1479983
.99 maker-168558946-augustus-gene-0.7-mRNA-1 1559560
.91 maker-168188459-snap-gene-0.55-mRNA-1 1559372
.99 snap_masked-168480121-processed-gene-0.6-mRNA-1 1496769
.99 maker-168547007-augustus-gene-0.47-mRNA-1 1480152
.99 snap_masked-168574115-processed-gene-0.30-mRNA-1 1490338
.99 genemark-168562072-processed-gene-0.47-mRNA-1 1558881
.82 augustus_masked-168254906-processed-gene-0.1-mRNA-1 1559663
.11 augustus_masked-168254906-processed-gene-0.1-mRNA-1 1559663
.95 snap_masked-168182664-processed-gene-0.39-mRNA-1 1483208
.02 snap_masked-168182664-processed-gene-0.39-mRNA-1 1435344
.02 snap_masked-168182664-processed-gene-0.39-mRNA-1 1476721
.02 snap_masked-168182664-processed-gene-0.39-mRNA-1 1547031
.02 snap_masked-168182664-processed-gene-0.39-mRNA-1 338784
.99 maker-167850086-augustus-gene-0.76-mRNA-2 1479307
.99 snap_masked-168504319-processed-gene-0.45-mRNA-1 1501776
.99 genemark-168430154-processed-gene-0.9-mRNA-1 1559456
.57 maker-166600736-snap-gene-0.4-mRNA-1 1559398
.22 maker-166600736-snap-gene-0.4-mRNA-1 1486445
.18 maker-166600736-snap-gene-0.4-mRNA-1 566828
.50 maker-168235413-augustus-gene-0.6-mRNA-1 1492816
.34 maker-168235413-augustus-gene-0.6-mRNA-1 1522313
.81 maker-168268142-snap-gene-0.19-mRNA-1 257237
.18 maker-168268142-snap-gene-0.19-mRNA-1 305515
.99 maker-168574138-augustus-gene-0.24-mRNA-1 1559627
.15 maker-168332971-augustus-gene-0.47-mRNA-1 401691
.84 maker-168332971-augustus-gene-0.47-mRNA-1 1477177
.78 snap_masked-164955609-processed-gene-0.2-mRNA-1 1559209
.20 snap_masked-164955609-processed-gene-0.2-mRNA-1 1488721
.41 maker-161767142-snap-gene-0.3-mRNA-1 1486435
.58 maker-161767142-snap-gene-0.3-mRNA-1 1549057
.98 maker-168018854-augustus-gene-0.11-mRNA-1 1559714
.99 maker-168481033-augustus-gene-0.45-mRNA-2 1559702
.99 maker-168558248-augustus-gene-0.115-mRNA-1 1558614
.95 maker-168481923-augustus-gene-0.39-mRNA-1 1559652
.99 augustus_masked-167993638-processed-gene-0.1-mRNA-1 1559436
.99 augustus_masked-168573665-processed-gene-1.79-mRNA-1 1558702
.74 maker-168561165-snap-gene-0.81-mRNA-1 1559595
.25 maker-168561165-snap-gene-0.81-mRNA-1 1485770
.60 snap_masked-158985397-processed-gene-0.2-mRNA-1 1497903
.16 snap_masked-158985397-processed-gene-0.2-mRNA-1 1484117
.99 maker-168566999-snap-gene-0.34-mRNA-1 1559698
.99 maker-159162473-augustus-gene-0.3-mRNA-2 1559458
.99 maker-168514900-augustus-gene-0.85-mRNA-1 1559451
.24 augustus_masked-166336943-processed-gene-0.1-mRNA-1 1487281
.40 augustus_masked-166336943-processed-gene-0.1-mRNA-1 1552503
.40 genemark-168348020-processed-gene-0.33-mRNA-1 1559685
.30 genemark-168348020-processed-gene-0.33-mRNA-1 1559685
.99 maker-168574397-snap-gene-0.88-mRNA-1 1558965
.37 maker-167827970-augustus-gene-0.40-mRNA-1 1559665
.13 maker-167827970-augustus-gene-0.40-mRNA-1 1559665
.13 maker-166659611-augustus-gene-0.3-mRNA-1 1499080
.86 maker-166659611-augustus-gene-0.3-mRNA-1 1476467
.49 maker-168303944-snap-gene-0.63-mRNA-1 1529306
.92 maker-158619454-snap-gene-0.4-mRNA-1 1559636
.57 maker-168558673-augustus-gene-0.37-mRNA-1 1485634
.24 maker-168558673-augustus-gene-0.37-mRNA-1 1476654
.16 maker-168558673-augustus-gene-0.37-mRNA-1 336248
.05 maker-168244948-augustus-gene-0.35-mRNA-2 1478148
.55 maker-168244948-augustus-gene-0.35-mRNA-2 1477322
.99 augustus_masked-167867878-processed-gene-0.1-mRNA-1 1559242
.63 snap_masked-168573438-processed-gene-0.45-mRNA-1 1511289
.36 snap_masked-168573438-processed-gene-0.45-mRNA-1 1482855
.29 maker-158274504-augustus-gene-0.2-mRNA-1 312430
.61 maker-158274504-augustus-gene-0.2-mRNA-1 406220
.26 maker-168185089-augustus-gene-0.14-mRNA-3 1558996
.25 maker-168185089-augustus-gene-0.14-mRNA-3 1478157
.19 maker-168185089-augustus-gene-0.14-mRNA-3 384586
.04 maker-168185089-augustus-gene-0.14-mRNA-3 309635
.99 augustus_masked-168423825-processed-gene-0.7-mRNA-1 1542277
.93 maker-168188920-snap-gene-0.33-mRNA-1 1514932
.06 maker-168188920-snap-gene-0.33-mRNA-1 670893
.26 maker-168285934-augustus-gene-0.19-mRNA-1 1481819
.73 maker-168285934-augustus-gene-0.19-mRNA-1 1558760
.82 maker-168183075-snap-gene-0.52-mRNA-1 1558962
.16 maker-168183075-snap-gene-0.52-mRNA-1 526478
.41 augustus_masked-168535992-processed-gene-0.4-mRNA-1 1495718
.21 augustus_masked-168535992-processed-gene-0.4-mRNA-1 1507250
.38 augustus_masked-168174988-processed-gene-0.0-mRNA-1 1482077
.40 augustus_masked-168174988-processed-gene-0.0-mRNA-1 1558688
.99 maker-168475398-augustus-gene-0.107-mRNA-1 1558892
.99 maker-166944031-augustus-gene-0.6-mRNA-1 1559708
.99 augustus_masked-168506099-processed-gene-0.7-mRNA-1 1559419
.42 maker-168577580-snap-gene-0.22-mRNA-1 480856
.40 maker-168577580-snap-gene-0.22-mRNA-1 803853
.32 maker-168577580-snap-gene-0.22-mRNA-1 710365
.38 maker-168577580-snap-gene-0.22-mRNA-1 882744
.99 maker-163584092-augustus-gene-0.4-mRNA-1 1486146
.14 genemark-168508162-processed-gene-0.9-mRNA-1 636645
.85 genemark-168508162-processed-gene-0.9-mRNA-1 1559445
.99 snap_masked-168314041-processed-gene-0.16-mRNA-1 1559460
.57 maker-168344604-augustus-gene-0.55-mRNA-1 1531783
.19 maker-168344604-augustus-gene-0.55-mRNA-1 576059
.99 augustus_masked-168315360-processed-gene-0.1-mRNA-1 1558595
.99 augustus_masked-163059219-processed-gene-0.0-mRNA-1 1520512
.99 snap_masked-168286040-processed-gene-0.19-mRNA-1 1559564
.25 maker-165187592-augustus-gene-0.3-mRNA-1 431267
.23 maker-165187592-augustus-gene-0.3-mRNA-1 1488500
.82 maker-168257240-snap-gene-0.57-mRNA-1 1552778
.16 maker-168257240-snap-gene-0.57-mRNA-1 1551640
.99 augustus_masked-168523020-processed-gene-0.2-mRNA-1 1558689
.96 maker-168556096-snap-gene-0.37-mRNA-1 1559701
.01 maker-168556096-snap-gene-0.37-mRNA-1 1490004
.06 snap_masked-168209487-processed-gene-0.29-mRNA-1 500385
.92 snap_masked-168209487-processed-gene-0.29-mRNA-1 1558914
.19 augustus_masked-168187504-processed-gene-0.2-mRNA-1 1501019
.68 augustus_masked-168187504-processed-gene-0.2-mRNA-1 1559068
.77 augustus_masked-167236155-processed-gene-0.0-mRNA-1 1559393
.29 augustus_masked-167236155-processed-gene-0.0-mRNA-1 1481765
.54 genemark-167986691-processed-gene-0.1-mRNA-1 1544453
.45 genemark-167986691-processed-gene-0.1-mRNA-1 1492679
.99 augustus_masked-168238487-processed-gene-0.34-mRNA-1 1558911
.99 maker-167150372-augustus-gene-0.3-mRNA-1 1559622
.55 maker-168446001-augustus-gene-0.11-mRNA-1 1484711
.32 maker-168446001-augustus-gene-0.11-mRNA-1 1484666
.19 maker-168446001-augustus-gene-0.11-mRNA-1 1480042
.99 maker-168147836-augustus-gene-0.37-mRNA-1 1514118
.99 maker-168577511-augustus-gene-0.94-mRNA-1 1493355
.88 maker-168420567-augustus-gene-0.35-mRNA-1 1559628
.09 maker-168420567-augustus-gene-0.35-mRNA-1 1488783
.99 augustus_masked-168292851-processed-gene-0.0-mRNA-1 1488019
.66 augustus_masked-168292851-processed-gene-0.0-mRNA-1 117985
.90 maker-168237797-augustus-gene-0.19-mRNA-1 1559614
.99 maker-168549175-snap-gene-1.79-mRNA-1 1559680
.99 maker-168547153-augustus-gene-0.13-mRNA-2 1551061
.76 maker-168188581-snap-gene-0.32-mRNA-1 1559330
.99 augustus_masked-168325497-processed-gene-0.0-mRNA-1 1559461
.15 augustus_masked-168400519-processed-gene-0.6-mRNA-1 1507916
.84 augustus_masked-168400519-processed-gene-0.6-mRNA-1 1559140
.60 genemark-168420775-processed-gene-0.2-mRNA-1 1559248
.39 genemark-168420775-processed-gene-0.2-mRNA-1 1479489
.29 augustus_masked-165120295-processed-gene-0.0-mRNA-1 1483181
.24 augustus_masked-165120295-processed-gene-0.0-mRNA-1 1487109
.99 snap_masked-168293709-processed-gene-0.14-mRNA-1 1558968
.98 maker-168568131-snap-gene-0.50-mRNA-1 1480784
.98 maker-168576926-augustus-gene-0.82-mRNA-1 1558546
.99 augustus_masked-168494137-processed-gene-0.0-mRNA-1 1478999
.55 augustus_masked-168235624-processed-gene-0.0-mRNA-1 439095
.99 augustus_masked-168206069-processed-gene-0.4-mRNA-1 1559156
.99 augustus_masked-168577462-processed-gene-1.39-mRNA-1 1494484
.22 maker-163080181-snap-gene-0.4-mRNA-1 1507409
.46 maker-163080181-snap-gene-0.4-mRNA-1 1482179
.90 augustus_masked-168185517-processed-gene-0.4-mRNA-1 1559529
.06 augustus_masked-168185517-processed-gene-0.4-mRNA-1 1480531
.05 augustus_masked-168185517-processed-gene-0.4-mRNA-1 1344890
.99 augustus_masked-168135719-processed-gene-0.7-mRNA-1 1559391
.52 maker-168572826-snap-gene-0.103-mRNA-1 1558751
.46 maker-168572826-snap-gene-0.103-mRNA-1 368076
.99 maker-168473475-snap-gene-0.15-mRNA-1 1558758
.99 maker-168477824-augustus-gene-0.78-mRNA-1 1477393
.99 maker-168550542-augustus-gene-0.30-mRNA-1 1559547
.99 augustus_masked-168519061-processed-gene-0.7-mRNA-1 1558780
.69 augustus_masked-168374722-processed-gene-0.4-mRNA-1 621093
.17 maker-168249708-snap-gene-0.46-mRNA-1 1497058
.65 maker-168249708-snap-gene-0.46-mRNA-1 1559597
.99 maker-168193532-augustus-gene-1.57-mRNA-1 1559667
.99 augustus_masked-168391303-processed-gene-0.8-mRNA-1 1558862
.99 augustus_masked-168494764-processed-gene-0.10-mRNA-1 1559488
.19 snap_masked-168217950-processed-gene-0.34-mRNA-1 1494853
.79 snap_masked-168217950-processed-gene-0.34-mRNA-1 1558907
.99 augustus_masked-164452728-processed-gene-0.1-mRNA-1 1559404
.99 maker-168242828-snap-gene-0.14-mRNA-1 1559715
.21 augustus_masked-168492452-processed-gene-0.5-mRNA-1 683250
.39 augustus_masked-168492452-processed-gene-0.5-mRNA-1 1558924
.99 snap_masked-168217481-processed-gene-0.55-mRNA-1 1559567
.99 maker-168485324-augustus-gene-0.82-mRNA-1 1559646
.14 maker-167166811-augustus-gene-0.7-mRNA-1 19233
.85 maker-167166811-augustus-gene-0.7-mRNA-1 1559444
.98 maker-168577235-augustus-gene-0.131-mRNA-1 1559676
.16 snap_masked-166888811-processed-gene-0.4-mRNA-1 334482
.83 snap_masked-166888811-processed-gene-0.4-mRNA-1 1480530
.99 maker-168526822-snap-gene-0.23-mRNA-1 1559580
.99 maker-166234208-augustus-gene-0.8-mRNA-1 1558761
.99 augustus_masked-168265503-processed-gene-0.1-mRNA-1 1547114
.80 maker-165892324-augustus-gene-0.3-mRNA-1 1485378
.19 maker-165892324-augustus-gene-0.3-mRNA-1 497505
.99 snap_masked-168189569-processed-gene-0.16-mRNA-1 1479488
.99 augustus_masked-162191157-processed-gene-0.0-mRNA-1 1545508
.99 maker-168577544-augustus-gene-0.85-mRNA-1 1477566
.99 snap_masked-168443390-processed-gene-0.13-mRNA-1 1558648
.99 maker-168260858-augustus-gene-0.38-mRNA-1 1550196
.78 maker-168235646-augustus-gene-0.25-mRNA-1 1558615
.21 maker-168235646-augustus-gene-0.25-mRNA-1 455595
.99 maker-168459549-snap-gene-0.49-mRNA-1 1559537
.99 maker-168459549-snap-gene-0.49-mRNA-2 1559537
.99 snap_masked-168549158-processed-gene-0.28-mRNA-1 1558901
.73 maker-167807770-augustus-gene-0.11-mRNA-1 1558766
.18 maker-167807770-augustus-gene-0.11-mRNA-1 1242819
.72 snap_masked-162303516-processed-gene-0.1-mRNA-1 1482963
.27 snap_masked-162303516-processed-gene-0.1-mRNA-1 330068
.99 genemark-168029724-processed-gene-0.4-mRNA-1 1477873
.99 maker-168108333-snap-gene-0.8-mRNA-1 1558997
.99 maker-168190644-snap-gene-0.74-mRNA-1 1559661
.81 maker-168182878-augustus-gene-0.59-mRNA-1 1559645
.99 maker-167893426-snap-gene-0.35-mRNA-1 1559717
.99 genemark-168411250-processed-gene-0.6-mRNA-1 1559308
.04 maker-168417376-augustus-gene-0.15-mRNA-3 822524
.94 maker-168417376-augustus-gene-0.15-mRNA-3 1559251
.63 maker-168241544-augustus-gene-0.9-mRNA-1 1477027
.23 maker-168241544-augustus-gene-0.9-mRNA-1 1501109
.18 maker-168241544-augustus-gene-0.9-mRNA-1 1487980
.99 augustus_masked-168341106-processed-gene-0.13-mRNA-1 1559492
.99 augustus_masked-168480669-processed-gene-0.1-mRNA-1 1559471
.93 maker-162549112-snap-gene-0.5-mRNA-1 1480878
.99 augustus_masked-168506429-processed-gene-0.10-mRNA-1 1479762
.99 snap_masked-168191992-processed-gene-0.18-mRNA-1 1559374
.99 augustus_masked-168530214-processed-gene-0.0-mRNA-1 1559337
.99 augustus_masked-168567946-processed-gene-0.3-mRNA-1 1559168
.99 maker-168324540-snap-gene-0.74-mRNA-1 1476421
.99 snap_masked-168544855-processed-gene-0.75-mRNA-1 1508421
.99 augustus_masked-162249021-processed-gene-0.0-mRNA-1 1559070
.15 maker-168186079-augustus-gene-0.6-mRNA-1 1488258
.83 maker-168186079-augustus-gene-0.6-mRNA-1 1559582
.99 augustus_masked-168223327-processed-gene-0.4-mRNA-1 1559679
.99 augustus_masked-168211411-processed-gene-0.5-mRNA-1 1558692
.99 augustus_masked-168509142-processed-gene-0.4-mRNA-1 748218
.99 snap_masked-166827834-processed-gene-0.6-mRNA-1 1558827
.11 maker-168417108-snap-gene-0.16-mRNA-1 342005
.88 maker-168417108-snap-gene-0.16-mRNA-1 1558929
.73 maker-163847467-augustus-gene-0.2-mRNA-1 310618
.26 maker-163847467-augustus-gene-0.2-mRNA-1 480007
.99 maker-168480253-augustus-gene-0.27-mRNA-1 1559349
.98 maker-166537777-snap-gene-0.6-mRNA-1 1558988
.20 maker-162365180-snap-gene-0.5-mRNA-1 463041
.19 maker-162365180-snap-gene-0.5-mRNA-1 365572
.99 maker-168444997-augustus-gene-0.96-mRNA-1 1559648
.99 augustus_masked-161588939-processed-gene-0.0-mRNA-1 1500856
.93 augustus_masked-167913867-processed-gene-0.3-mRNA-1 1559342
.99 augustus_masked-168292947-processed-gene-0.3-mRNA-1 1559632
.99 maker-168189601-snap-gene-0.36-mRNA-1 1482819
.99 maker-168577331-augustus-gene-0.39-mRNA-1 1559478
.98 snap_masked-168384425-processed-gene-0.40-mRNA-1 1559415
.99 maker-168563360-snap-gene-0.40-mRNA-1 1559157
.99 maker-166791453-snap-gene-0.3-mRNA-1 1558832
.26 maker-168287368-augustus-gene-0.32-mRNA-1 1493975
.70 maker-168287368-augustus-gene-0.32-mRNA-1 1559423
.99 augustus_masked-165083520-processed-gene-0.1-mRNA-1 1559526
.99 snap_masked-164828498-processed-gene-0.2-mRNA-1 1488815
.57 snap_masked-164828498-processed-gene-0.2-mRNA-1 1495826
.99 genemark-168346033-processed-gene-0.5-mRNA-1 1559123
.40 maker-167077547-augustus-gene-0.5-mRNA-1 1558719
.22 augustus_masked-163922042-processed-gene-0.0-mRNA-1 1501651
.39 augustus_masked-163922042-processed-gene-0.0-mRNA-1 1476658
0 augustus_masked-168399112-processed-gene-0.2-mRNA-1 1491495
.99 maker-168425879-snap-gene-0.36-mRNA-1 1559616
.99 maker-168314019-snap-gene-0.27-mRNA-1 1559639
.99 augustus_masked-168527607-processed-gene-0.4-mRNA-1 1559080
.52 maker-168381976-snap-gene-0.30-mRNA-1 1476312
.16 maker-168381976-snap-gene-0.30-mRNA-1 1486426
.16 maker-168381976-snap-gene-0.30-mRNA-1 1498341
.05 maker-168381976-snap-gene-0.30-mRNA-1 1482996
.75 maker-168221362-snap-gene-0.7-mRNA-1 1559522
.24 maker-168221362-snap-gene-0.7-mRNA-1 1484896
.99 maker-168205218-augustus-gene-0.35-mRNA-1 1476349
.99 maker-168382675-augustus-gene-0.38-mRNA-1 1559641
.99 snap_masked-168277302-processed-gene-0.103-mRNA-1 1476742
.44 augustus_masked-168260991-processed-gene-0.1-mRNA-1 1558602
.26 augustus_masked-168260991-processed-gene-0.1-mRNA-1 1487747
.99 maker-168577012-augustus-gene-2.91-mRNA-1 1559126
.99 augustus_masked-163764686-processed-gene-0.0-mRNA-1 1559222
.64 augustus_masked-163764686-processed-gene-0.0-mRNA-1 373243
.67 augustus_masked-163764686-processed-gene-0.0-mRNA-1 1480922
.74 augustus_masked-163764686-processed-gene-0.0-mRNA-1 224524
.04 augustus_masked-163764686-processed-gene-0.0-mRNA-1 809749
.06 maker-168199371-augustus-gene-0.59-mRNA-1 1337788
.93 maker-168199371-augustus-gene-0.59-mRNA-1 1493088
.07 augustus_masked-160589544-processed-gene-0.0-mRNA-1 1479753
.92 augustus_masked-160589544-processed-gene-0.0-mRNA-1 1479951
.99 augustus_masked-162512667-processed-gene-0.1-mRNA-1 1559624
.99 snap_masked-168264771-processed-gene-0.38-mRNA-1 1558682
.99 augustus_masked-166812921-processed-gene-0.0-mRNA-1 1559208
.37 genemark-168479921-processed-gene-0.48-mRNA-1 940263
.43 genemark-168479921-processed-gene-0.48-mRNA-1 1559195
.91 maker-168265755-augustus-gene-0.7-mRNA-1 1559177
.08 maker-168265755-augustus-gene-0.7-mRNA-1 1544207
.25 augustus_masked-168060398-processed-gene-0.15-mRNA-1 1480434
.62 augustus_masked-168060398-processed-gene-0.15-mRNA-1 1497298
.21 maker-168577117-augustus-gene-0.37-mRNA-1 1491976
.66 maker-168577117-augustus-gene-0.37-mRNA-1 1505595
.62 maker-168186755-snap-gene-0.28-mRNA-1 1559212
.34 maker-168186755-snap-gene-0.28-mRNA-1 1559594
.99 augustus_masked-168554668-processed-gene-0.2-mRNA-1 1491333
.97 snap_masked-168190688-processed-gene-0.42-mRNA-1 1476636
.88 maker-168191115-augustus-gene-0.35-mRNA-1 1559403
.11 maker-168191115-augustus-gene-0.35-mRNA-1 667917
.46 maker-168439323-snap-gene-0.25-mRNA-1 1559358
.32 maker-168439323-snap-gene-0.25-mRNA-1 210041
.19 maker-168439323-snap-gene-0.25-mRNA-1 1486293
.26 maker-168510568-snap-gene-0.25-mRNA-1 1559096
.17 maker-168510568-snap-gene-0.25-mRNA-1 1487565
.13 maker-168275735-snap-gene-0.74-mRNA-1 1232818
.72 maker-168275735-snap-gene-0.74-mRNA-1 1559016
.73 maker-168388679-snap-gene-0.68-mRNA-1 1478198
.16 maker-168388679-snap-gene-0.68-mRNA-1 1513958
.94 maker-168297363-augustus-gene-0.32-mRNA-1 1559703
.05 maker-168297363-augustus-gene-0.32-mRNA-1 1488952
.55 maker-168542452-snap-gene-1.85-mRNA-1 1480439
.26 maker-168542452-snap-gene-1.85-mRNA-1 1477457
.99 augustus_masked-168236367-processed-gene-0.3-mRNA-1 1481154
.99 augustus_masked-168409073-processed-gene-0.11-mRNA-1 1476273
.77 maker-166463013-snap-gene-0.4-mRNA-1 1559442
.18 maker-166463013-snap-gene-0.4-mRNA-1 1486558
.84 maker-168561168-snap-gene-0.36-mRNA-1 1559321
.99 maker-168185763-augustus-gene-0.15-mRNA-1 1559633
.60 maker-166947532-augustus-gene-0.3-mRNA-1 1479620
.39 maker-166947532-augustus-gene-0.3-mRNA-1 1479619
.11 maker-166576948-augustus-gene-0.3-mRNA-3 1545282
.88 maker-166576948-augustus-gene-0.3-mRNA-3 1476616
.83 maker-168558381-augustus-gene-0.76-mRNA-1 1558800
.16 maker-168558381-augustus-gene-0.76-mRNA-1 1479891
.99 maker-168577474-snap-gene-0.76-mRNA-1 1559596
.99 snap_masked-168314009-processed-gene-0.86-mRNA-1 1559254
.99 snap_masked-168476177-processed-gene-0.13-mRNA-1 1558791
.99 augustus_masked-166054021-processed-gene-0.1-mRNA-1 1559347
.35 augustus_masked-168562641-processed-gene-0.0-mRNA-1 1483716
.33 augustus_masked-168562641-processed-gene-0.0-mRNA-1 1493604
.33 augustus_masked-168562641-processed-gene-0.0-mRNA-1 341520
.04 augustus_masked-168562641-processed-gene-0.0-mRNA-1 1478574
.99 maker-168464103-augustus-gene-0.45-mRNA-1 1558647
.08 augustus_masked-168456130-processed-gene-0.3-mRNA-1 1480282
.90 augustus_masked-168456130-processed-gene-0.3-mRNA-1 1480283
.30 maker-168568361-augustus-gene-0.53-mRNA-1 272070
.69 maker-168568361-augustus-gene-0.53-mRNA-1 1558519
.99 augustus_masked-168532761-processed-gene-0.1-mRNA-1 1476994
.99 augustus_masked-168525252-processed-gene-0.11-mRNA-1 1559137
.98 snap_masked-167078080-processed-gene-0.2-mRNA-1 477006
.99 maker-168187859-augustus-gene-0.35-mRNA-1 1559402
.45 augustus_masked-163747011-processed-gene-0.0-mRNA-1 1502148
.54 augustus_masked-163747011-processed-gene-0.0-mRNA-1 1491922
.99 maker-168547543-augustus-gene-0.48-mRNA-1 1559272
.43 augustus_masked-163949268-processed-gene-0.0-mRNA-1 1477245
.27 augustus_masked-163949268-processed-gene-0.0-mRNA-1 1547194
.01 maker-168489525-augustus-gene-0.32-mRNA-1 233416
.97 maker-168489525-augustus-gene-0.32-mRNA-1 1559718
.99 augustus_masked-168241792-processed-gene-0.0-mRNA-1 1558843
.97 augustus_masked-168185968-processed-gene-0.2-mRNA-1 353765
.98 augustus_masked-168185968-processed-gene-0.2-mRNA-1 1476663
.97 augustus_masked-168185968-processed-gene-0.2-mRNA-1 182467
.98 augustus_masked-168185968-processed-gene-0.2-mRNA-1 1482037
.68 augustus_masked-168185968-processed-gene-0.2-mRNA-1 465024
.87 maker-168337454-snap-gene-0.100-mRNA-1 1558592
.74 maker-168519242-augustus-gene-0.33-mRNA-1 1559435
.25 maker-168519242-augustus-gene-0.33-mRNA-1 1477149
.56 augustus_masked-163912774-processed-gene-0.0-mRNA-1 1479158
.37 augustus_masked-163912774-processed-gene-0.0-mRNA-1 1495331
.99 augustus_masked-163536767-processed-gene-0.0-mRNA-1 1558803
.67 augustus_masked-163536767-processed-gene-0.0-mRNA-1 330330
.99 snap_masked-168573174-processed-gene-0.31-mRNA-1 1559144
.94 maker-168315314-augustus-gene-0.31-mRNA-1 1559674
.02 maker-168084186-augustus-gene-0.15-mRNA-3 260105
.97 maker-168084186-augustus-gene-0.15-mRNA-3 1559521
.74 maker-168296088-augustus-gene-0.12-mRNA-1 1559414
.22 maker-168296088-augustus-gene-0.12-mRNA-1 1497592
.85 maker-168471017-snap-gene-0.27-mRNA-1 1559704
.99 maker-167904546-snap-gene-0.6-mRNA-1 1559324
.99 snap_masked-168497022-processed-gene-0.5-mRNA-1 1559475
.99 maker-168525408-augustus-gene-0.44-mRNA-1 1559684
.31 maker-168473591-augustus-gene-0.86-mRNA-1 1485578
.25 maker-168473591-augustus-gene-0.86-mRNA-1 420505
.25 maker-168473591-augustus-gene-0.86-mRNA-1 1491831
.24 maker-168473591-augustus-gene-0.86-mRNA-1 1494291
.10 maker-168473591-augustus-gene-0.86-mRNA-1 1488208
.99 augustus_masked-168453129-processed-gene-0.1-mRNA-1 1517561
.16 maker-168328789-snap-gene-0.80-mRNA-1 1482778
.83 maker-168328789-snap-gene-0.80-mRNA-1 276137
.56 augustus_masked-167819482-processed-gene-0.0-mRNA-1 1477559
.28 augustus_masked-167819482-processed-gene-0.0-mRNA-1 1558956
.17 augustus_masked-167819482-processed-gene-0.0-mRNA-1 530082
.99 augustus_masked-7509625-processed-gene-0.0-mRNA-1 290766
.59 augustus_masked-168244668-processed-gene-0.7-mRNA-1 1486989
.21 augustus_masked-168244668-processed-gene-0.7-mRNA-1 1503907
.99 augustus_masked-166635318-processed-gene-0.0-mRNA-1 1558887
.27 maker-168207059-snap-gene-0.119-mRNA-1 1493425
.27 maker-168207059-snap-gene-0.119-mRNA-1 1558876
.30 maker-168559632-snap-gene-0.24-mRNA-3 1480686
.41 maker-168559632-snap-gene-0.24-mRNA-3 1559429
.35 maker-168561329-augustus-gene-0.75-mRNA-1 1559618
.22 maker-168561329-augustus-gene-0.75-mRNA-1 1559618
.92 augustus_masked-163540267-processed-gene-0.0-mRNA-1 1481020
.07 augustus_masked-163540267-processed-gene-0.0-mRNA-1 1434581
.80 augustus_masked-167976131-processed-gene-0.0-mRNA-1 696896
.19 augustus_masked-167976131-processed-gene-0.0-mRNA-1 1485158
.99 maker-168539047-snap-gene-0.95-mRNA-1 1559687
.53 maker-168529554-augustus-gene-0.26-mRNA-1 1559502
.53 maker-168529554-augustus-gene-0.26-mRNA-1 1559169
.33 augustus_masked-163039900-processed-gene-0.0-mRNA-1 1477141
.20 augustus_masked-163039900-processed-gene-0.0-mRNA-1 396849
.05 maker-168187280-snap-gene-0.57-mRNA-1 889060
.90 maker-168187280-snap-gene-0.57-mRNA-1 1559559
.86 maker-168135841-augustus-gene-0.7-mRNA-1 1558992
.13 maker-168135841-augustus-gene-0.7-mRNA-1 1480133
.93 genemark-165904936-processed-gene-0.4-mRNA-1 1559649
.05 genemark-165904936-processed-gene-0.4-mRNA-1 935855
.67 maker-168184820-snap-gene-0.7-mRNA-1 1559692
.13 maker-168184820-snap-gene-0.7-mRNA-1 562492
.11 maker-168184820-snap-gene-0.7-mRNA-1 140753
.52 maker-164070574-augustus-gene-0.2-mRNA-1 1514121
.25 maker-164070574-augustus-gene-0.2-mRNA-1 466443
.57 augustus_masked-166941382-processed-gene-0.0-mRNA-1 1559477
.32 augustus_masked-166941382-processed-gene-0.0-mRNA-1 1478560
.99 maker-168344349-augustus-gene-0.68-mRNA-1 1559071
.99 augustus_masked-168503694-processed-gene-0.2-mRNA-1 1558607
.56 genemark-167820084-processed-gene-0.1-mRNA-1 1558673
.42 genemark-167820084-processed-gene-0.1-mRNA-1 1482170
.99 maker-168188073-augustus-gene-0.104-mRNA-1 1559320
.16 maker-167880810-snap-gene-0.19-mRNA-1 184376
.36 maker-167880810-snap-gene-0.19-mRNA-1 1479075
.99 augustus_masked-167812213-processed-gene-0.10-mRNA-1 1558564
.99 snap_masked-168350180-processed-gene-0.44-mRNA-1 1559009
.93 augustus_masked-163165758-processed-gene-0.0-mRNA-1 1482059
.57 augustus_masked-163165758-processed-gene-0.0-mRNA-1 531465
.99 augustus_masked-168440617-processed-gene-0.3-mRNA-1 1502491
.92 maker-168555316-augustus-gene-0.33-mRNA-1 1559289
.70 maker-168233418-augustus-gene-0.156-mRNA-1 1559356
.12 maker-168233418-augustus-gene-0.156-mRNA-1 1480376
.09 maker-168233418-augustus-gene-0.156-mRNA-1 1527939
.99 augustus_masked-168184006-processed-gene-0.2-mRNA-1 1558763
.08 maker-164004743-snap-gene-0.2-mRNA-1 1336538
.90 maker-164004743-snap-gene-0.2-mRNA-1 510884
.44 maker-167168600-augustus-gene-0.3-mRNA-1 1482457
.37 maker-167168600-augustus-gene-0.3-mRNA-1 1476157
.99 augustus_masked-168297950-processed-gene-2.71-mRNA-1 1558706
.19 augustus_masked-168504850-processed-gene-0.0-mRNA-1 283891
.54 augustus_masked-168504850-processed-gene-0.0-mRNA-1 1489666
.31 maker-168274083-snap-gene-0.43-mRNA-1 1558632
.42 maker-168274083-snap-gene-0.43-mRNA-1 148427
.97 augustus_masked-168572484-processed-gene-0.8-mRNA-1 1558591
.37 maker-168500211-snap-gene-1.85-mRNA-1 1483449
.38 maker-168500211-snap-gene-1.85-mRNA-1 1487157
.19 maker-168197815-augustus-gene-0.8-mRNA-1 1520865
.80 maker-168197815-augustus-gene-0.8-mRNA-1 1479176
.59 snap_masked-162700684-processed-gene-0.1-mRNA-1 1558855
.40 snap_masked-162700684-processed-gene-0.1-mRNA-1 1477311
.60 snap_masked-167796776-processed-gene-0.15-mRNA-1 1558747
.39 snap_masked-167796776-processed-gene-0.15-mRNA-1 1488203
.99 augustus_masked-167892212-processed-gene-0.0-mRNA-1 1559557
.85 snap_masked-168547110-processed-gene-0.47-mRNA-1 605978
.99 snap_masked-167844384-processed-gene-0.5-mRNA-1 1558777
.99 maker-168188177-snap-gene-0.38-mRNA-1 1559270
.11 maker-168559558-snap-gene-0.33-mRNA-1 1508760
.87 maker-168559558-snap-gene-0.33-mRNA-1 1559023
.99 maker-168015761-augustus-gene-0.9-mRNA-1 1559609
.99 snap_masked-168539593-processed-gene-0.16-mRNA-1 1501257
.38 augustus_masked-168226445-processed-gene-0.5-mRNA-1 496487
.15 augustus_masked-168226445-processed-gene-0.5-mRNA-1 1478019
.99 maker-168209317-snap-gene-0.108-mRNA-1 1559683
.91 maker-166318857-augustus-gene-0.4-mRNA-1 1559647
.99 maker-168249722-augustus-gene-0.6-mRNA-1 1559634
.99 augustus_masked-168027783-processed-gene-0.0-mRNA-1 1559516
.41 maker-168515011-snap-gene-0.19-mRNA-1 1559606
.33 maker-168515011-snap-gene-0.19-mRNA-1 1559606
.14 maker-168515011-snap-gene-0.19-mRNA-1 1504961
.99 augustus_masked-168562128-processed-gene-0.4-mRNA-1 1558905
.99 maker-168189155-augustus-gene-0.80-mRNA-1 1559611
.99 maker-168468833-snap-gene-0.32-mRNA-1 1559052
.45 maker-159540286-augustus-gene-0.3-mRNA-1 1498718
.30 maker-159540286-augustus-gene-0.3-mRNA-1 1481828
.92 maker-168013192-augustus-gene-0.14-mRNA-1 1477401
.07 maker-168013192-augustus-gene-0.14-mRNA-1 1482342
.99 snap_masked-168564260-processed-gene-0.33-mRNA-1 1559318
.99 snap_masked-166292352-processed-gene-0.3-mRNA-1 1559495
.99 augustus_masked-168510192-processed-gene-0.8-mRNA-1 1559565
.72 augustus_masked-168501015-processed-gene-0.19-mRNA-1 532359
.99 augustus_masked-168193222-processed-gene-0.4-mRNA-1 1559469
.47 maker-168574132-augustus-gene-0.59-mRNA-1 1559468
.29 maker-168574132-augustus-gene-0.59-mRNA-1 1480410
.26 maker-168574132-augustus-gene-0.59-mRNA-1 1498011
.17 maker-168229388-snap-gene-0.13-mRNA-1 317436
.80 maker-168229388-snap-gene-0.13-mRNA-1 1559651
.99 maker-168271710-snap-gene-0.17-mRNA-1 1559479
.99 maker-168090066-augustus-gene-0.22-mRNA-1 1559175
.34 maker-168465650-snap-gene-0.45-mRNA-1 900964
.68 maker-168574353-snap-gene-0.46-mRNA-1 1493121
.21 maker-168574353-snap-gene-0.46-mRNA-1 1383648
.99 snap_masked-161437822-processed-gene-0.2-mRNA-1 1477960
.97 snap_masked-161437822-processed-gene-0.2-mRNA-1 1558749
.11 augustus_masked-168251063-processed-gene-2.61-mRNA-1 1497442
.88 augustus_masked-168251063-processed-gene-2.61-mRNA-1 1559670
.99 maker-168373841-augustus-gene-0.14-mRNA-2 1559269
.99 maker-164373878-augustus-gene-0.5-mRNA-1 1559346
.99 maker-164545730-augustus-gene-0.5-mRNA-2 1559629
.99 snap_masked-163747110-processed-gene-0.1-mRNA-1 1486456
.74 maker-168555804-augustus-gene-0.23-mRNA-1 1559678
.22 maker-168555804-augustus-gene-0.23-mRNA-1 1508027
.99 augustus_masked-168297507-processed-gene-0.8-mRNA-1 1559050
.81 augustus_masked-168297507-processed-gene-0.8-mRNA-1 1485644
.95 maker-168514900-snap-gene-0.86-mRNA-1 1558754
.04 maker-168514900-snap-gene-0.86-mRNA-1 1125718
.38 maker-168321879-augustus-gene-0.12-mRNA-1 1495794
.44 maker-168321879-augustus-gene-0.12-mRNA-1 285831
.30 maker-162157327-snap-gene-0.4-mRNA-1 1541628
.54 maker-162157327-snap-gene-0.4-mRNA-1 1477007
.99 genemark-167951142-processed-gene-0.5-mRNA-1 1558935
.11 genemark-168467578-processed-gene-0.18-mRNA-1 1485284
.88 genemark-168467578-processed-gene-0.18-mRNA-1 1559261
.99 genemark-168447188-processed-gene-0.19-mRNA-1 1558703
.99 maker-168189776-augustus-gene-0.91-mRNA-1 1559525
.99 augustus_masked-168405477-processed-gene-0.6-mRNA-1 1559343
.99 snap_masked-168182759-processed-gene-0.5-mRNA-1 1559443
.99 maker-168560635-snap-gene-0.28-mRNA-1 1559060
.99 augustus_masked-167935439-processed-gene-0.6-mRNA-1 1558686
.99 augustus_masked-168304681-processed-gene-0.2-mRNA-1 1559450
.99 maker-168189838-augustus-gene-0.61-mRNA-1 1559664
.71 maker-168513142-snap-gene-0.15-mRNA-1 1559523
.28 maker-168513142-snap-gene-0.15-mRNA-1 98134
.99 maker-168576965-augustus-gene-0.7-mRNA-1 1490745
.99 snap_masked-168182774-processed-gene-0.4-mRNA-1 1558785
.96 maker-168465590-augustus-gene-0.32-mRNA-1 1559581
.58 augustus_masked-168509870-processed-gene-0.0-mRNA-1 1558701
.14 augustus_masked-168509870-processed-gene-0.0-mRNA-1 1525690
.91 maker-168240139-augustus-gene-0.22-mRNA-1 1477140
.99 maker-168189396-augustus-gene-0.24-mRNA-1 1559335
.07 genemark-168556946-processed-gene-0.25-mRNA-1 554779
.92 genemark-168556946-processed-gene-0.25-mRNA-1 1559283
.99 maker-168408746-snap-gene-0.37-mRNA-1 1559091
.99 maker-168224821-augustus-gene-0.40-mRNA-1 1558523
.99 augustus_masked-168546630-processed-gene-0.9-mRNA-1 1558726
.99 snap_masked-168562031-processed-gene-0.24-mRNA-1 1559109
.59 maker-168189138-augustus-gene-0.21-mRNA-1 1483487
.40 maker-168189138-augustus-gene-0.21-mRNA-1 1482387
.99 maker-167805224-snap-gene-0.61-mRNA-1 1529059
.99 snap_masked-168244189-processed-gene-0.53-mRNA-1 1559315
.99 maker-168550844-snap-gene-0.39-mRNA-1 1476622
.98 maker-168319262-snap-gene-0.45-mRNA-1 1559586
.99 genemark-168492325-processed-gene-0.56-mRNA-1 1559368
.92 genemark-168492325-processed-gene-0.56-mRNA-1 1495231
.36 maker-168473847-augustus-gene-0.45-mRNA-1 1559607
.41 maker-168473847-augustus-gene-0.45-mRNA-1 1559607
.99 maker-168334423-augustus-gene-0.62-mRNA-1 1559422
.48 maker-168156654-snap-gene-0.5-mRNA-1 1559370
.29 maker-168156654-snap-gene-0.5-mRNA-1 1492968
.19 maker-168156654-snap-gene-0.5-mRNA-1 1529087
.94 maker-168447716-augustus-gene-0.16-mRNA-1 1476854
.03 maker-168447716-augustus-gene-0.16-mRNA-1 1507832
.03 maker-168447716-augustus-gene-0.16-mRNA-1 307091
.99 genemark-167916992-processed-gene-0.7-mRNA-1 1558978
.42 augustus_masked-161494145-processed-gene-0.2-mRNA-1 1537645
.35 augustus_masked-161494145-processed-gene-0.2-mRNA-1 1499617
.99 maker-168368284-augustus-gene-0.67-mRNA-1 1559686
.99 maker-168369750-augustus-gene-0.84-mRNA-1 1559712
.98 genemark-163729524-processed-gene-0.1-mRNA-1 149092
.90 genemark-163729524-processed-gene-0.1-mRNA-1 815962
.96 genemark-163729524-processed-gene-0.1-mRNA-1 1528797
.84 genemark-163729524-processed-gene-0.1-mRNA-1 1489848
.89 genemark-163729524-processed-gene-0.1-mRNA-1 636393
.99 augustus_masked-158455949-processed-gene-0.1-mRNA-1 1559463
.94 maker-168518654-snap-gene-0.48-mRNA-1 1558720
.99 maker-168235827-snap-gene-0.12-mRNA-1 1559672
.99 maker-168535491-augustus-gene-1.109-mRNA-1 1558884
.90 maker-168504354-augustus-gene-0.72-mRNA-4 1559593
.01 maker-168504354-augustus-gene-0.72-mRNA-4 459886
.98 maker-168016652-augustus-gene-0.7-mRNA-1 1559550
.99 maker-168342943-snap-gene-0.113-mRNA-1 1531968
.63 maker-168331534-augustus-gene-0.22-mRNA-1 1558746
.35 maker-168319494-snap-gene-0.67-mRNA-1 818873
.20 maker-168319494-snap-gene-0.67-mRNA-1 774703
.99 maker-168244864-snap-gene-0.6-mRNA-1 1480852
.99 augustus_masked-168295287-processed-gene-0.8-mRNA-1 1559290
.99 maker-168430204-snap-gene-0.63-mRNA-1 1559690
.96 maker-168238241-snap-gene-0.14-mRNA-1 1559576
.99 snap_masked-168229358-processed-gene-0.31-mRNA-1 1484222
.87 maker-168326283-snap-gene-0.12-mRNA-2 1559696
.99 maker-168186004-snap-gene-0.81-mRNA-1 1559659
.99 maker-168186314-augustus-gene-1.58-mRNA-1 1559297
.99 maker-168191928-augustus-gene-0.140-mRNA-1 1559554
.58 augustus_masked-164586232-processed-gene-0.2-mRNA-1 1558576
.41 augustus_masked-164586232-processed-gene-0.2-mRNA-1 328619
.77 augustus_masked-167795672-processed-gene-0.2-mRNA-1 1483328
.22 augustus_masked-167795672-processed-gene-0.2-mRNA-1 1501930
.42 maker-168448377-augustus-gene-0.14-mRNA-1 1559706
.15 maker-168448377-augustus-gene-0.14-mRNA-1 1559706
.17 maker-168448377-augustus-gene-0.14-mRNA-1 1559706
.99 maker-162688004-augustus-gene-0.3-mRNA-1 1559373
.99 augustus_masked-168511465-processed-gene-0.0-mRNA-1 1488352
.42 maker-166477544-augustus-gene-0.3-mRNA-1 1493733
.57 maker-166477544-augustus-gene-0.3-mRNA-1 1497935
.99 augustus_masked-162489380-processed-gene-0.0-mRNA-1 1480400
.99 augustus_masked-168550444-processed-gene-0.7-mRNA-1 1480119
.99 maker-168184655-snap-gene-0.16-mRNA-1 1559660
.36 maker-164459445-snap-gene-0.3-mRNA-1 1493973
.36 maker-164459445-snap-gene-0.3-mRNA-1 1500313
.99 snap_masked-167049400-processed-gene-0.3-mRNA-1 1559111
.75 snap_masked-168266971-processed-gene-0.4-mRNA-1 1559417
.18 snap_masked-168266971-processed-gene-0.4-mRNA-1 1482510
.16 snap_masked-168266971-processed-gene-0.4-mRNA-1 1524119
.99 maker-168186500-augustus-gene-0.23-mRNA-1 1559653
.99 snap_masked-168417437-processed-gene-0.31-mRNA-1 1558772
.57 maker-167869468-augustus-gene-0.20-mRNA-1 1558709
.20 maker-167869468-augustus-gene-0.20-mRNA-1 327630
.99 augustus_masked-163572805-processed-gene-0.1-mRNA-1 1559293
.25 snap_masked-168240424-processed-gene-0.8-mRNA-1 1477600
.74 snap_masked-168240424-processed-gene-0.8-mRNA-1 1487832
.99 snap_masked-166706928-processed-gene-0.2-mRNA-1 1559467
.99 augustus_masked-167949451-processed-gene-0.7-mRNA-1 1558795
.99 maker-168357376-augustus-gene-0.26-mRNA-1 1559056
.99 snap_masked-168257802-processed-gene-0.34-mRNA-1 1558646
.69 snap_masked-168257802-processed-gene-0.34-mRNA-1 1509603
.22 maker-166154157-snap-gene-0.5-mRNA-1 1486139
.64 maker-166154157-snap-gene-0.5-mRNA-1 1559448
.63 maker-167794345-snap-gene-0.12-mRNA-1 1559574
.21 maker-167794345-snap-gene-0.12-mRNA-1 1508654
.17 maker-168533921-snap-gene-0.40-mRNA-2 997757
.79 maker-168533921-snap-gene-0.40-mRNA-2 1558730
.41 augustus_masked-167812752-processed-gene-0.1-mRNA-1 1558663
.20 augustus_masked-167812752-processed-gene-0.1-mRNA-1 1513282
.74 maker-168420642-augustus-gene-0.12-mRNA-1 1478702
.25 maker-168420642-augustus-gene-0.12-mRNA-1 71718
.99 augustus_masked-168285612-processed-gene-0.0-mRNA-1 1559228
.69 maker-168577405-augustus-gene-0.88-mRNA-1 1559603
.18 maker-168577405-augustus-gene-0.88-mRNA-1 1522777
.99 augustus_masked-168525995-processed-gene-0.0-mRNA-1 1559441
.02 augustus_masked-168191896-processed-gene-0.2-mRNA-1 1559365
.26 augustus_masked-168191896-processed-gene-0.2-mRNA-1 1559365
.60 maker-168415125-augustus-gene-0.14-mRNA-1 1477691
.18 maker-168415125-augustus-gene-0.14-mRNA-1 1500624
.06 maker-168415125-augustus-gene-0.14-mRNA-1 1493699
.56 snap_masked-168577240-processed-gene-0.41-mRNA-1 1559602
.14 snap_masked-168577240-processed-gene-0.41-mRNA-1 1559602
.03 snap_masked-168577240-processed-gene-0.41-mRNA-1 1478760
.94 maker-163750123-snap-gene-0.4-mRNA-1 1499466
.99 snap_masked-167927778-processed-gene-0.7-mRNA-1 1483176
.99 snap_masked-167828536-processed-gene-0.18-mRNA-1 1476805
.99 maker-168574388-augustus-gene-0.43-mRNA-1 1559427
.99 maker-168393804-augustus-gene-0.51-mRNA-1 1559496
.99 maker-168186647-augustus-gene-0.13-mRNA-2 1476420
.79 maker-168324215-snap-gene-0.51-mRNA-1 1559669
.57 maker-168239665-augustus-gene-0.26-mRNA-1 1559183
.31 maker-168239665-augustus-gene-0.26-mRNA-1 192690
.14 maker-168239665-augustus-gene-0.26-mRNA-1 1521878
.17 maker-168278892-augustus-gene-0.25-mRNA-1 1534234
.82 maker-168278892-augustus-gene-0.25-mRNA-1 1479492
.99 genemark-167932615-processed-gene-0.16-mRNA-1 1559619
.99 maker-168445461-augustus-gene-0.14-mRNA-1 1559275
.99 genemark-168347055-processed-gene-0.13-mRNA-1 1558867
.99 maker-167802479-augustus-gene-0.16-mRNA-1 1559490
.99 maker-168183970-snap-gene-0.22-mRNA-1 1558917
.99 maker-168504160-augustus-gene-0.22-mRNA-1 1485968
.24 augustus_masked-168302537-processed-gene-0.2-mRNA-1 1479536
.74 augustus_masked-168302537-processed-gene-0.2-mRNA-1 1476920
.99 augustus_masked-163406353-processed-gene-0.1-mRNA-1 1559274
.49 augustus_masked-165799766-processed-gene-0.0-mRNA-1 62600
.32 augustus_masked-165799766-processed-gene-0.0-mRNA-1 1526334
.48 maker-168186104-snap-gene-0.12-mRNA-1 1559430
.25 maker-168186104-snap-gene-0.12-mRNA-1 1559430
.91 maker-168187467-augustus-gene-0.33-mRNA-1 1559709
.63 maker-168414234-snap-gene-0.116-mRNA-1 1559697
.99 augustus_masked-166783623-processed-gene-0.2-mRNA-1 1559309
.99 augustus_masked-167058379-processed-gene-0.1-mRNA-1 1559020
.99 snap_masked-168577338-processed-gene-0.37-mRNA-1 1477420
.99 genemark-168190278-processed-gene-0.13-mRNA-1 1509214
.99 augustus_masked-168448508-processed-gene-0.0-mRNA-1 1483982
.46 augustus_masked-167820150-processed-gene-0.0-mRNA-1 1476874
.53 augustus_masked-167820150-processed-gene-0.0-mRNA-1 1559239
.45 augustus_masked-168331075-processed-gene-0.7-mRNA-1 1536616
.31 augustus_masked-168331075-processed-gene-0.7-mRNA-1 1498231
.21 augustus_masked-168331075-processed-gene-0.7-mRNA-1 1485475
.99 maker-168541175-snap-gene-0.75-mRNA-1 1559642
.99 augustus_masked-168109671-processed-gene-0.1-mRNA-1 1558776
.99 augustus_masked-168262818-processed-gene-0.7-mRNA-1 1541257
.16 maker-168191714-snap-gene-0.65-mRNA-1 1496254
.71 maker-168191714-snap-gene-0.65-mRNA-1 1559617
.99 maker-168555980-augustus-gene-0.35-mRNA-1 1559558
.05 maker-168434667-augustus-gene-0.77-mRNA-2 1115194
.93 maker-168434667-augustus-gene-0.77-mRNA-2 1484875
.07 augustus_masked-166602117-processed-gene-0.1-mRNA-1 1502875
.92 augustus_masked-166602117-processed-gene-0.1-mRNA-1 1559476
.28 augustus_masked-168234727-processed-gene-0.9-mRNA-1 1493829
.57 augustus_masked-168234727-processed-gene-0.9-mRNA-1 1503720
.98 augustus_masked-168549857-processed-gene-0.3-mRNA-1 1559316
.99 maker-168469075-augustus-gene-0.30-mRNA-1 1559376
.99 maker-168226344-augustus-gene-0.79-mRNA-1 1559599
.71 snap_masked-167239777-processed-gene-0.3-mRNA-1 1559054
.28 snap_masked-167239777-processed-gene-0.3-mRNA-1 1508761
.99 augustus_masked-168565843-processed-gene-0.5-mRNA-1 1558941
.99 augustus_masked-168395551-processed-gene-0.12-mRNA-1 1476381
.99 augustus_masked-163847034-processed-gene-0.0-mRNA-1 1559439
.99 augustus_masked-168289696-processed-gene-0.5-mRNA-1 1558690
.69 maker-168525057-snap-gene-0.37-mRNA-1 1559613
.07 maker-168525057-snap-gene-0.37-mRNA-1 1559613
.99 augustus_masked-168548564-processed-gene-0.10-mRNA-1 1559226
.99 augustus_masked-167830659-processed-gene-0.0-mRNA-1 1559524
.99 maker-167796743-augustus-gene-0.66-mRNA-1 1496859
.95 maker-168226653-snap-gene-0.47-mRNA-1 1559421
.01 maker-168226653-snap-gene-0.47-mRNA-1 258382
.99 augustus_masked-164423572-processed-gene-0.0-mRNA-1 1558961
.27 augustus_masked-168486763-processed-gene-0.3-mRNA-1 1497456
.55 augustus_masked-168486763-processed-gene-0.3-mRNA-1 1504406
.98 genemark-168532341-processed-gene-0.32-mRNA-1 1502227
.97 maker-168322463-augustus-gene-1.91-mRNA-2 1559695
.99 maker-168519270-snap-gene-0.26-mRNA-1 1559303
.95 maker-168458870-augustus-gene-0.75-mRNA-1 1559699
.04 maker-168458870-augustus-gene-0.75-mRNA-1 318103
.46 maker-168436858-snap-gene-0.6-mRNA-1 1476390
.31 maker-168436858-snap-gene-0.6-mRNA-1 441740
.99 snap_masked-168447320-processed-gene-0.27-mRNA-1 1558565
.95 augustus_masked-166154275-processed-gene-0.0-mRNA-1 1559354
.04 augustus_masked-166154275-processed-gene-0.0-mRNA-1 495275
.99 augustus_masked-167830933-processed-gene-0.4-mRNA-1 1559266
.38 maker-168184263-augustus-gene-0.6-mRNA-1 1478983
.19 maker-168184263-augustus-gene-0.6-mRNA-1 1484163
.18 maker-168184263-augustus-gene-0.6-mRNA-1 511325
.99 augustus_masked-160267126-processed-gene-0.2-mRNA-1 1559507
.07 maker-168491338-augustus-gene-0.13-mRNA-1 1546680
.87 maker-168491338-augustus-gene-0.13-mRNA-1 1559638
.99 maker-168549194-augustus-gene-0.23-mRNA-1 1478228
.99 augustus_masked-168512853-processed-gene-1.71-mRNA-1 1559238
.99 augustus_masked-167976988-processed-gene-0.17-mRNA-1 1559707
.99 maker-168384796-augustus-gene-0.76-mRNA-1 1559579
.99 maker-168548118-augustus-gene-0.54-mRNA-1 1558994
.08 augustus_masked-168319402-processed-gene-0.1-mRNA-1 1488008
.91 augustus_masked-168319402-processed-gene-0.1-mRNA-1 1477937
.37 maker-168513473-augustus-gene-0.5-mRNA-1 1478902
.58 maker-168513473-augustus-gene-0.5-mRNA-1 1479594
.99 snap_masked-168552730-processed-gene-0.65-mRNA-1 1559186
.99 augustus_masked-167875144-processed-gene-0.0-mRNA-1 1559121
.99 augustus_masked-168315920-processed-gene-0.17-mRNA-1 1558813
.23 maker-165889842-augustus-gene-0.7-mRNA-1 1481762
.60 maker-165889842-augustus-gene-0.7-mRNA-1 1494134
.99 snap_masked-168394452-processed-gene-0.40-mRNA-1 1559364
.07 maker-168496630-snap-gene-0.109-mRNA-1 1525281
.75 maker-168496630-snap-gene-0.109-mRNA-1 1478162
.99 maker-168546654-snap-gene-1.72-mRNA-1 1559148
.99 maker-168506029-augustus-gene-0.86-mRNA-1 1548078
.99 snap_masked-168577634-processed-gene-0.43-mRNA-1 1559536
.99 snap_masked-166771316-processed-gene-0.7-mRNA-1 1497286
.16 maker-168547937-augustus-gene-0.37-mRNA-1 1534240
.83 maker-168547937-augustus-gene-0.37-mRNA-1 1559434
.62 augustus_masked-168274984-processed-gene-0.0-mRNA-1 1487424
.37 augustus_masked-168274984-processed-gene-0.0-mRNA-1 242623
.99 augustus_masked-168563455-processed-gene-1.52-mRNA-1 1505306
.98 augustus_masked-168559654-processed-gene-0.3-mRNA-1 1559234
.95 augustus_masked-168437395-processed-gene-0.0-mRNA-1 853617
.99 maker-168494552-augustus-gene-0.27-mRNA-1 1559363
.35 augustus_masked-168544925-processed-gene-0.0-mRNA-1 1480932
.18 augustus_masked-168544925-processed-gene-0.0-mRNA-1 1482220
.19 augustus_masked-168544925-processed-gene-0.0-mRNA-1 1481006
.25 augustus_masked-168544925-processed-gene-0.0-mRNA-1 1559504
.99 maker-168531405-augustus-gene-1.97-mRNA-1 1559206
.98 augustus_masked-168512796-processed-gene-0.10-mRNA-1 1551326
.99 snap_masked-164093659-processed-gene-0.2-mRNA-1 1502255
.99 maker-168121362-augustus-gene-0.24-mRNA-1 1559546
.99 maker-168414487-augustus-gene-0.17-mRNA-1 1559481
.99 augustus_masked-168369935-processed-gene-0.12-mRNA-1 1478642
.13 maker-168545579-snap-gene-0.16-mRNA-1 1518663
.24 maker-168545579-snap-gene-0.16-mRNA-1 1479370
.64 maker-168239895-augustus-gene-0.50-mRNA-1 1559504
.18 maker-168239895-augustus-gene-0.50-mRNA-1 1495744
.99 augustus_masked-168563608-processed-gene-0.3-mRNA-1 1559288
.46 augustus_masked-165950810-processed-gene-0.1-mRNA-1 1559008
.14 augustus_masked-165950810-processed-gene-0.1-mRNA-1 1525854
.14 augustus_masked-165950810-processed-gene-0.1-mRNA-1 1515983
.14 augustus_masked-165950810-processed-gene-0.1-mRNA-1 1554410
.12 augustus_masked-165950810-processed-gene-0.1-mRNA-1 275379
.99 augustus_masked-168577036-processed-gene-1.3-mRNA-1 1558829
.09 maker-168482134-snap-gene-0.60-mRNA-1 619162
.87 maker-168482134-snap-gene-0.60-mRNA-1 1559127
.95 augustus_masked-168244021-processed-gene-0.0-mRNA-1 1559453
.99 augustus_masked-168395455-processed-gene-0.0-mRNA-1 1559509
.46 snap_masked-168235354-processed-gene-0.3-mRNA-1 1488222
.43 snap_masked-168235354-processed-gene-0.3-mRNA-1 1488472
.80 augustus_masked-168414897-processed-gene-0.2-mRNA-1 1505816
.14 augustus_masked-168414897-processed-gene-0.2-mRNA-1 191255
.69 augustus_masked-165783827-processed-gene-0.1-mRNA-1 1476392
.23 augustus_masked-165783827-processed-gene-0.1-mRNA-1 115138
.99 snap_masked-168247724-processed-gene-0.41-mRNA-1 1558786
.23 maker-168564826-snap-gene-0.32-mRNA-1 1481902
.71 maker-168564826-snap-gene-0.32-mRNA-1 1559615
.99 maker-168446040-augustus-gene-0.17-mRNA-1 1559088
.49 maker-166367869-snap-gene-0.4-mRNA-1 1483126
.29 maker-166367869-snap-gene-0.4-mRNA-1 1478478
.83 maker-168188868-snap-gene-0.13-mRNA-1 1559592
.07 maker-168188868-snap-gene-0.13-mRNA-1 806901
.99 maker-168272158-augustus-gene-0.26-mRNA-1 1559413
.99 augustus_masked-168548240-processed-gene-0.7-mRNA-1 1559202
.99 augustus_masked-167932009-processed-gene-0.1-mRNA-1 1558691
.95 augustus_masked-164484758-processed-gene-0.0-mRNA-1 1493353
.93 augustus_masked-164484758-processed-gene-0.0-mRNA-1 1504111
.83 augustus_masked-164484758-processed-gene-0.0-mRNA-1 1505070
.68 augustus_masked-164484758-processed-gene-0.0-mRNA-1 112704
.87 augustus_masked-164484758-processed-gene-0.0-mRNA-1 1490307
.99 augustus_masked-168577341-processed-gene-0.13-mRNA-1 1478736
.21 maker-168310411-augustus-gene-0.14-mRNA-1 1516959
.74 maker-168310411-augustus-gene-0.14-mRNA-1 1483575
.99 maker-168519961-augustus-gene-0.18-mRNA-1 1559635
.99 augustus_masked-168462972-processed-gene-0.11-mRNA-1 1521012
.99 maker-168569351-snap-gene-1.125-mRNA-1 1482516
.39 augustus_masked-166914911-processed-gene-0.0-mRNA-1 1559644
.27 augustus_masked-166914911-processed-gene-0.0-mRNA-1 1559644
.14 augustus_masked-166914911-processed-gene-0.0-mRNA-1 1476148
.99 snap_masked-168470123-processed-gene-0.124-mRNA-1 1559486
.99 augustus_masked-168564770-processed-gene-0.5-mRNA-1 1522845
.55 augustus_masked-168570978-processed-gene-0.13-mRNA-1 1478022
.44 augustus_masked-168570978-processed-gene-0.13-mRNA-1 1559549
.11 maker-167095802-augustus-gene-0.4-mRNA-3 304996
.88 maker-167095802-augustus-gene-0.4-mRNA-3 1559357
.99 augustus_masked-168270376-processed-gene-0.17-mRNA-1 1481288
.69 augustus_masked-168270376-processed-gene-0.17-mRNA-1 1526054
.99 maker-168534323-snap-gene-0.83-mRNA-1 1498971
.18 maker-165858805-augustus-gene-0.3-mRNA-1 1480121
.71 maker-165858805-augustus-gene-0.3-mRNA-1 1486347
.77 maker-168185570-augustus-gene-0.15-mRNA-1 1558603
.22 maker-168185570-augustus-gene-0.15-mRNA-1 827124
.99 augustus_masked-167878875-processed-gene-0.0-mRNA-1 1559097
.99 augustus_masked-168450935-processed-gene-1.5-mRNA-1 1495579
.38 maker-167979663-augustus-gene-0.14-mRNA-1 1559024
.19 maker-167979663-augustus-gene-0.14-mRNA-1 1494181
.19 maker-167979663-augustus-gene-0.14-mRNA-1 317096
.90 maker-168184936-snap-gene-0.39-mRNA-1 1559027
.06 maker-168184936-snap-gene-0.39-mRNA-1 356563
.23 augustus_masked-168577511-processed-gene-0.1-mRNA-1 1538676
.58 augustus_masked-168577511-processed-gene-0.1-mRNA-1 1484974
.99 maker-168525754-augustus-gene-0.44-mRNA-1 1559292
.99 snap_masked-168307518-processed-gene-0.9-mRNA-1 1559100
.99 augustus_masked-168395633-processed-gene-0.18-mRNA-1 1505833
.82 augustus_masked-168559102-processed-gene-0.7-mRNA-1 1482877
.17 augustus_masked-168559102-processed-gene-0.7-mRNA-1 1482880
.99 augustus_masked-168504800-processed-gene-0.15-mRNA-1 1559344
.40 maker-163276289-augustus-gene-0.3-mRNA-1 1489011
.59 maker-163276289-augustus-gene-0.3-mRNA-1 1481959
.29 maker-168492496-augustus-gene-0.19-mRNA-1 327208
.70 maker-168492496-augustus-gene-0.19-mRNA-1 1480739
.99 maker-168577275-augustus-gene-0.34-mRNA-1 1559527
.29 maker-168554500-snap-gene-0.42-mRNA-1 1484362
.23 maker-168554500-snap-gene-0.42-mRNA-1 170106
.19 maker-168554500-snap-gene-0.42-mRNA-1 1493194
.04 maker-168554500-snap-gene-0.42-mRNA-1 1559471
.01 maker-168554500-snap-gene-0.42-mRNA-1 1478414
.99 snap_masked-168395513-processed-gene-0.10-mRNA-1 1478358
.27 maker-168573924-snap-gene-0.30-mRNA-1 1512435
.72 maker-168573924-snap-gene-0.30-mRNA-1 1559083
.37 maker-168560284-augustus-gene-0.54-mRNA-1 384878
.62 maker-168560284-augustus-gene-0.54-mRNA-1 1559136
.99 augustus_masked-168571282-processed-gene-0.4-mRNA-1 1559542
.56 snap_masked-168569643-processed-gene-0.50-mRNA-1 1480848
.43 snap_masked-168569643-processed-gene-0.50-mRNA-1 1486801
.99 snap_masked-168114563-processed-gene-0.30-mRNA-1 1476567
.99 maker-168496729-augustus-gene-0.5-mRNA-1 1559497
.99 maker-168524176-snap-gene-0.11-mRNA-1 1559386
.99 snap_masked-168204941-processed-gene-0.5-mRNA-1 1559215
.73 augustus_masked-168235767-processed-gene-0.0-mRNA-1 1558815
.82 maker-168487098-snap-gene-1.60-mRNA-1 1559598
.31 maker-168231820-augustus-gene-0.5-mRNA-2 494957
.47 maker-168231820-augustus-gene-0.5-mRNA-2 1558866
.22 maker-168546976-snap-gene-0.54-mRNA-1 322631
.77 maker-168546976-snap-gene-0.54-mRNA-1 1558735
.36 augustus_masked-162770361-processed-gene-0.0-mRNA-1 124934
.46 augustus_masked-162770361-processed-gene-0.0-mRNA-1 1487172
.68 snap_masked-168401588-processed-gene-0.30-mRNA-1 74908
.22 snap_masked-168401588-processed-gene-0.30-mRNA-1 653737
.90 maker-168184849-snap-gene-0.46-mRNA-1 1559577
.03 maker-168184849-snap-gene-0.46-mRNA-1 1552416
.01 maker-168184849-snap-gene-0.46-mRNA-1 875127
.03 maker-168184849-snap-gene-0.46-mRNA-1 1023948
.98 maker-168185784-snap-gene-0.17-mRNA-1 1559584
.99 augustus_masked-168566019-processed-gene-0.3-mRNA-1 1531592
.31 maker-166809642-augustus-gene-0.3-mRNA-1 1497511
.65 maker-166809642-augustus-gene-0.3-mRNA-1 1558606
.66 augustus_masked-168566215-processed-gene-0.9-mRNA-1 407959
.85 maker-168342535-augustus-gene-0.16-mRNA-1 1477831
.14 maker-168342535-augustus-gene-0.16-mRNA-1 198816
.93 maker-168383854-augustus-gene-0.140-mRNA-1 1559658
.22 maker-168187395-augustus-gene-0.18-mRNA-1 1489748
.68 maker-168187395-augustus-gene-0.18-mRNA-1 1483241
.91 maker-168453265-snap-gene-0.7-mRNA-1 1559656
.61 maker-166219764-augustus-gene-0.6-mRNA-2 1482314
.26 maker-166219764-augustus-gene-0.6-mRNA-2 1517337
.12 maker-166219764-augustus-gene-0.6-mRNA-2 634692
.59 maker-166219764-augustus-gene-0.6-mRNA-1 1482314
.27 maker-166219764-augustus-gene-0.6-mRNA-1 1517337
.12 maker-166219764-augustus-gene-0.6-mRNA-1 634692
.99 maker-165962854-augustus-gene-0.4-mRNA-1 1559389
.99 augustus_masked-166510344-processed-gene-0.1-mRNA-1 1559203
.22 augustus_masked-168449128-processed-gene-0.13-mRNA-1 281498
.77 augustus_masked-168449128-processed-gene-0.13-mRNA-1 1478279
.98 augustus_masked-168480939-processed-gene-0.4-mRNA-1 1559551
.26 maker-168520917-augustus-gene-0.31-mRNA-1 379644
.37 maker-168520917-augustus-gene-0.31-mRNA-1 1483495
.32 augustus_masked-168559199-processed-gene-0.17-mRNA-1 1491260
.67 augustus_masked-168559199-processed-gene-0.17-mRNA-1 1558524
.99 snap_masked-168560265-processed-gene-0.29-mRNA-1 1558724
.99 augustus_masked-168504820-processed-gene-0.3-mRNA-1 1476264
.99 augustus_masked-163451483-processed-gene-0.0-mRNA-1 1558756
.99 augustus_masked-168455062-processed-gene-0.10-mRNA-1 1558562
.99 maker-168548561-augustus-gene-0.57-mRNA-1 1480839
.40 maker-166750857-snap-gene-0.4-mRNA-1 1491969
.40 maker-166750857-snap-gene-0.4-mRNA-1 1484513
.03 maker-168577367-snap-gene-0.23-mRNA-1 366035
.63 maker-168577367-snap-gene-0.23-mRNA-1 1558904
.98 genemark-168482257-processed-gene-0.27-mRNA-1 1559682
.99 maker-168384232-snap-gene-0.70-mRNA-1 1559296
.99 maker-168212301-augustus-gene-0.26-mRNA-1 1559464
.73 maker-168185386-augustus-gene-0.17-mRNA-1 1559626
.09 maker-168185386-augustus-gene-0.17-mRNA-1 342370
.06 maker-168185386-augustus-gene-0.17-mRNA-1 1486315
.99 augustus_masked-168255265-processed-gene-0.4-mRNA-1 1558974
.94 maker-168232336-snap-gene-0.20-mRNA-1 1559583
.99 maker-168464033-snap-gene-0.111-mRNA-1 1558727
.99 augustus_masked-168570117-processed-gene-0.3-mRNA-1 1559180
.99 augustus_masked-168287424-processed-gene-0.4-mRNA-1 1559217
.55 snap_masked-168299952-processed-gene-0.3-mRNA-1 177794
.43 snap_masked-168299952-processed-gene-0.3-mRNA-1 1491638
.47 maker-168544698-augustus-gene-0.25-mRNA-1 1559589
.19 maker-168544698-augustus-gene-0.25-mRNA-1 1559589
.99 augustus_masked-168257780-processed-gene-0.5-mRNA-1 1511898
.99 maker-168481845-augustus-gene-0.100-mRNA-1 1480634
.99 augustus_masked-162909039-processed-gene-0.0-mRNA-1 1559045
.99 snap_masked-167818836-processed-gene-0.26-mRNA-1 1487928
.61 snap_masked-167818836-processed-gene-0.26-mRNA-1 1511591
.99 genemark-167107126-processed-gene-0.0-mRNA-1 1502711
.99 maker-168231475-augustus-gene-0.45-mRNA-2 1476153
.27 augustus_masked-168576513-processed-gene-0.11-mRNA-1 1541428
.66 augustus_masked-168576513-processed-gene-0.11-mRNA-1 1479440
.68 snap_masked-159154714-processed-gene-0.2-mRNA-1 1485288
.19 snap_masked-159154714-processed-gene-0.2-mRNA-1 1490088
.17 snap_masked-159154714-processed-gene-0.2-mRNA-1 1479395
.31 maker-166788924-augustus-gene-0.3-mRNA-1 1526831
.14 maker-166788924-augustus-gene-0.3-mRNA-1 1489792
.13 maker-166788924-augustus-gene-0.3-mRNA-1 1502687
.90 snap_masked-168189498-processed-gene-0.28-mRNA-1 1559317
.99 maker-168449994-augustus-gene-0.21-mRNA-1 1559506
.99 augustus_masked-168542294-processed-gene-0.11-mRNA-1 1559134
.99 augustus_masked-168184985-processed-gene-0.1-mRNA-1 1559407
.99 maker-167878050-augustus-gene-0.7-mRNA-1 1559378
.65 maker-163730067-augustus-gene-0.3-mRNA-1 1558912
.33 maker-163730067-augustus-gene-0.3-mRNA-1 1509636
.40 maker-166686765-snap-gene-0.5-mRNA-1 376280
.59 maker-166686765-snap-gene-0.5-mRNA-1 1499564
.32 maker-168427633-snap-gene-0.31-mRNA-1 1476335
.99 maker-168188443-augustus-gene-0.99-mRNA-1 1559397
.99 augustus_masked-168530869-processed-gene-0.10-mRNA-1 1559390
.99 maker-168377532-snap-gene-0.7-mRNA-1 1559336
.99 augustus_masked-24901332-processed-gene-0.0-mRNA-1 1476342
.99 genemark-165050178-processed-gene-0.2-mRNA-1 1484780
.73 genemark-165050178-processed-gene-0.2-mRNA-1 1495434
.99 maker-162579771-snap-gene-0.4-mRNA-1 1559494
.41 maker-168577369-augustus-gene-0.28-mRNA-1 1559610
.27 maker-168577369-augustus-gene-0.28-mRNA-1 1559610
.99 maker-168235419-augustus-gene-0.12-mRNA-1 1559623
.99 maker-168483597-augustus-gene-0.13-mRNA-1 1559362
.99 augustus_masked-168508640-processed-gene-0.0-mRNA-1 1558980
.99 augustus_masked-168508640-processed-gene-0.0-mRNA-1 1502092
.21 maker-168557063-augustus-gene-0.134-mRNA-1 1488841
.44 maker-168557063-augustus-gene-0.134-mRNA-1 1490461
.91 genemark-168368172-processed-gene-0.11-mRNA-1 1559325
.08 genemark-168368172-processed-gene-0.11-mRNA-1 659454
.44 maker-167915957-snap-gene-0.12-mRNA-1 1559480
.23 maker-167915957-snap-gene-0.12-mRNA-1 1482687
.14 maker-167915957-snap-gene-0.12-mRNA-1 1482689
.91 maker-166966283-augustus-gene-0.3-mRNA-1 1559693
.08 maker-166966283-augustus-gene-0.3-mRNA-1 322086
.99 snap_masked-168573826-processed-gene-0.80-mRNA-1 1476648
.99 maker-168547543-snap-gene-1.74-mRNA-1 1559210
.99 augustus_masked-168518282-processed-gene-0.21-mRNA-1 1559241
.99 genemark-168042482-processed-gene-0.52-mRNA-1 1558722
.55 augustus_masked-168527842-processed-gene-0.8-mRNA-1 1490150
.25 augustus_masked-168527842-processed-gene-0.8-mRNA-1 1558633
.27 snap_masked-168186642-processed-gene-0.38-mRNA-1 1476476
.72 snap_masked-168186642-processed-gene-0.38-mRNA-1 383903
.99 maker-167937669-augustus-gene-0.18-mRNA-2 1559350
.29 genemark-167944085-processed-gene-0.11-mRNA-1 408133
.27 genemark-167944085-processed-gene-0.11-mRNA-1 415291
.20 maker-168230424-snap-gene-0.24-mRNA-1 454584
.71 maker-168230424-snap-gene-0.24-mRNA-1 1494672
.99 augustus_masked-168342061-processed-gene-0.1-mRNA-1 1502084
.88 augustus_masked-166272012-processed-gene-0.0-mRNA-1 1477072
.08 augustus_masked-166272012-processed-gene-0.0-mRNA-1 1479911
.99 augustus_masked-168297339-processed-gene-0.1-mRNA-1 1559196
.99 augustus_masked-168371245-processed-gene-0.1-mRNA-1 1490799
.60 maker-168186616-snap-gene-0.28-mRNA-1 255316
.25 maker-168186616-snap-gene-0.28-mRNA-1 753760
.60 augustus_masked-168529508-processed-gene-0.0-mRNA-1 1480723
.18 augustus_masked-168529508-processed-gene-0.0-mRNA-1 1481051
.90 maker-168107949-augustus-gene-0.7-mRNA-1 1559711
.56 maker-168560687-augustus-gene-0.76-mRNA-1 1559666
.99 maker-168191876-augustus-gene-0.114-mRNA-1 1558567
.94 maker-168569503-snap-gene-0.63-mRNA-1 1559578
.92 maker-167825238-augustus-gene-0.85-mRNA-2 1559406
.99 augustus_masked-168558609-processed-gene-0.20-mRNA-1 1559437
.99 augustus_masked-161990408-processed-gene-0.0-mRNA-1 1559545
.64 augustus_masked-161990408-processed-gene-0.0-mRNA-1 1546794
.74 maker-168527807-augustus-gene-0.16-mRNA-1 1559271
.12 maker-168527807-augustus-gene-0.16-mRNA-1 1480830
.99 maker-168530681-augustus-gene-0.36-mRNA-1 1559528
.08 maker-168346325-snap-gene-0.11-mRNA-1 178284
.90 maker-168346325-snap-gene-0.11-mRNA-1 1559575
.99 augustus_masked-167829699-processed-gene-0.3-mRNA-1 1558936
.99 maker-168577248-augustus-gene-0.45-mRNA-1 1559473
.99 maker-168212904-augustus-gene-0.8-mRNA-1 1559508
.03 augustus_masked-168364785-processed-gene-0.1-mRNA-1 1549357
.96 augustus_masked-168364785-processed-gene-0.1-mRNA-1 1558767
.30 snap_masked-160499389-processed-gene-0.2-mRNA-1 303940
.68 snap_masked-160499389-processed-gene-0.2-mRNA-1 537738
.99 maker-167981647-snap-gene-0.23-mRNA-1 1559688
.99 maker-167905121-snap-gene-0.10-mRNA-1 1559662
.53 augustus_masked-165624922-processed-gene-0.0-mRNA-1 196115
.32 augustus_masked-165624922-processed-gene-0.0-mRNA-1 362828
.99 maker-168466464-augustus-gene-0.38-mRNA-1 1558880
.86 maker-168278892-snap-gene-0.26-mRNA-1 1504475
.12 maker-168278892-snap-gene-0.26-mRNA-1 1157302
.96 maker-168576355-augustus-gene-0.40-mRNA-1 1559588
.65 maker-163137976-snap-gene-0.4-mRNA-1 436537
.63 maker-163137976-snap-gene-0.4-mRNA-1 1489333
.56 maker-163137976-snap-gene-0.4-mRNA-1 520812
.46 maker-163137976-snap-gene-0.4-mRNA-1 1535581
.12 maker-163137976-snap-gene-0.4-mRNA-1 1429319
.95 maker-168452367-snap-gene-0.71-mRNA-2 1559694
.99 augustus_masked-168341485-processed-gene-1.18-mRNA-1 1522152
.44 genemark-166264715-processed-gene-0.0-mRNA-1 1559248
.43 genemark-166264715-processed-gene-0.0-mRNA-1 1479489
.99 augustus_masked-168014894-processed-gene-0.0-mRNA-1 1558833
.79 maker-168515055-augustus-gene-0.11-mRNA-1 1558771
.20 maker-168515055-augustus-gene-0.11-mRNA-1 1485390
.72 snap_masked-164538801-processed-gene-0.1-mRNA-1 1477361
.27 snap_masked-164538801-processed-gene-0.1-mRNA-1 192063
.11 snap_masked-164538801-processed-gene-0.1-mRNA-1 608325
.99 augustus_masked-158749036-processed-gene-0.0-mRNA-1 1559355
.37 genemark-168566761-processed-gene-0.17-mRNA-1 1559192
.24 genemark-168566761-processed-gene-0.17-mRNA-1 1483666
.99 snap_masked-168497897-processed-gene-0.70-mRNA-1 1479525
.99 maker-168549859-augustus-gene-2.70-mRNA-1 1478710
.99 maker-164427001-augustus-gene-0.3-mRNA-1 1559493
.99 snap_masked-167849306-processed-gene-0.37-mRNA-1 1559399
.99 maker-168188076-snap-gene-0.81-mRNA-1 1477546
.48 augustus_masked-162579802-processed-gene-0.0-mRNA-1 1512922
.18 augustus_masked-162579802-processed-gene-0.0-mRNA-1 997485
.18 augustus_masked-162579802-processed-gene-0.0-mRNA-1 1329277
.99 augustus_masked-168545983-processed-gene-0.1-mRNA-1 1477467
.99 maker-168357265-augustus-gene-0.134-mRNA-1 1559173
.99 augustus_masked-168194783-processed-gene-1.32-mRNA-1 1558679
.31 maker-167249565-augustus-gene-0.3-mRNA-1 1478498
.55 maker-167249565-augustus-gene-0.3-mRNA-1 1478499
.33 maker-164740903-augustus-gene-0.3-mRNA-1 510902
.34 maker-164740903-augustus-gene-0.3-mRNA-1 1500836
.30 augustus_masked-168533071-processed-gene-0.6-mRNA-1 1477382
.25 augustus_masked-168533071-processed-gene-0.6-mRNA-1 325620
.17 augustus_masked-168533071-processed-gene-0.6-mRNA-1 1487400
.99 maker-168250993-snap-gene-0.98-mRNA-1 1559385
.99 maker-167873330-snap-gene-0.8-mRNA-1 1559532
.59 maker-168428127-snap-gene-0.6-mRNA-1 1559654
.29 maker-168428127-snap-gene-0.6-mRNA-1 348349
.99 maker-168189278-snap-gene-0.62-mRNA-1 1559382
.37 maker-168232216-augustus-gene-0.60-mRNA-1 1497150
.48 maker-168232216-augustus-gene-0.60-mRNA-1 1531064
.28 augustus_masked-168324996-processed-gene-0.1-mRNA-1 1493690
.45 augustus_masked-168324996-processed-gene-0.1-mRNA-1 1492957
.99 augustus_masked-168551611-processed-gene-0.17-mRNA-1 1500224
.98 augustus_masked-168558054-processed-gene-0.0-mRNA-1 1477632
.99 maker-168431040-augustus-gene-1.120-mRNA-1 1508044
.37 augustus_masked-167823414-processed-gene-0.6-mRNA-1 1538936
.33 augustus_masked-167823414-processed-gene-0.6-mRNA-1 1518969
.99 maker-168222611-augustus-gene-0.15-mRNA-2 1485090
.98 maker-168422279-snap-gene-0.14-mRNA-1 1559387
.99 snap_masked-168483785-processed-gene-0.40-mRNA-1 1559138
.18 maker-165332935-snap-gene-0.5-mRNA-1 1512486
.07 maker-165332935-snap-gene-0.5-mRNA-1 1481577
.99 maker-129500497-augustus-gene-0.3-mRNA-1 94407
.97 maker-168208252-snap-gene-0.85-mRNA-1 1559716
.33 snap_masked-168307379-processed-gene-0.28-mRNA-1 1532395
.31 snap_masked-168307379-processed-gene-0.28-mRNA-1 1501296
.99 augustus_masked-167990768-processed-gene-0.1-mRNA-1 1498272
.48 augustus_masked-162020190-processed-gene-0.0-mRNA-1 1481146
.32 augustus_masked-162020190-processed-gene-0.0-mRNA-1 1483595
.26 augustus_masked-162020190-processed-gene-0.0-mRNA-1 350245
.19 augustus_masked-162020190-processed-gene-0.0-mRNA-1 272863
.58 genemark-167821227-processed-gene-0.6-mRNA-1 1499784
.32 genemark-167821227-processed-gene-0.6-mRNA-1 1488686
.99 maker-168572021-augustus-gene-0.35-mRNA-1 1559640
.30 augustus_masked-167874114-processed-gene-0.0-mRNA-1 1487280
.57 augustus_masked-167874114-processed-gene-0.0-mRNA-1 1500254
.38 maker-168473482-augustus-gene-0.24-mRNA-1 1559392
.33 maker-168473482-augustus-gene-0.24-mRNA-1 1479683
.17 maker-168473482-augustus-gene-0.24-mRNA-1 1496925
.99 maker-167980521-augustus-gene-0.33-mRNA-1 1558854
.99 maker-168481694-augustus-gene-0.51-mRNA-1 1559405
.99 maker-168104996-snap-gene-0.30-mRNA-1 1477890
.99 maker-168576958-snap-gene-0.14-mRNA-1 1559587
.27 snap_masked-168488885-processed-gene-0.4-mRNA-1 1479166
.21 snap_masked-168488885-processed-gene-0.4-mRNA-1 1476646
.01 augustus_masked-168566431-processed-gene-0.12-mRNA-1 1491516
.98 augustus_masked-168566431-processed-gene-0.12-mRNA-1 1559440
.99 augustus_masked-168548631-processed-gene-0.3-mRNA-1 1559530
.99 maker-168467324-augustus-gene-0.34-mRNA-1 1558687
.09 maker-168361562-snap-gene-0.67-mRNA-1 1478856
.82 maker-168361562-snap-gene-0.67-mRNA-1 1559675
.16 snap_masked-168532811-processed-gene-0.13-mRNA-1 1090406
.83 snap_masked-168532811-processed-gene-0.13-mRNA-1 1479310
.33 maker-168284571-snap-gene-0.109-mRNA-1 1559164
.23 maker-168284571-snap-gene-0.109-mRNA-1 334737
.23 maker-168284571-snap-gene-0.109-mRNA-1 1478904
.01 maker-168284571-snap-gene-0.109-mRNA-1 1476781
.99 maker-168185429-augustus-gene-0.61-mRNA-1 1493501
.99 augustus_masked-168183743-processed-gene-0.8-mRNA-1 1558605
.97 snap_masked-168190290-processed-gene-0.48-mRNA-1 1559420
.48 maker-168571622-augustus-gene-0.43-mRNA-1 1559605
.20 maker-168571622-augustus-gene-0.43-mRNA-1 1546049
.12 maker-168571622-augustus-gene-0.43-mRNA-1 1477424
.07 maker-168571622-augustus-gene-0.43-mRNA-1 1478210
.09 maker-168571622-augustus-gene-0.43-mRNA-1 1521301
.50 maker-168254861-augustus-gene-0.35-mRNA-1 1559630
.23 maker-168254861-augustus-gene-0.35-mRNA-1 1559630
.99 augustus_masked-168180784-processed-gene-0.1-mRNA-1 1558783
.99 augustus_masked-168531852-processed-gene-0.2-mRNA-1 1478721
.99 maker-168549355-augustus-gene-0.18-mRNA-1 1559400
.81 maker-168327604-snap-gene-0.22-mRNA-1 1559655
.17 maker-168327604-snap-gene-0.22-mRNA-1 1508825
.25 maker-168407624-snap-gene-0.97-mRNA-1 444173
.83 maker-168305274-augustus-gene-0.39-mRNA-1 1477539
.19 maker-168305274-augustus-gene-0.39-mRNA-1 224839
.19 maker-168305274-augustus-gene-0.39-mRNA-1 239637
.16 maker-168305274-augustus-gene-0.39-mRNA-1 1479776
.62 augustus_masked-166582663-processed-gene-0.0-mRNA-1 1559573
.05 augustus_masked-166582663-processed-gene-0.0-mRNA-1 1559573
.12 maker-168507613-augustus-gene-0.11-mRNA-1 1477098
.87 maker-168507613-augustus-gene-0.11-mRNA-1 1558834
.99 snap_masked-168187287-processed-gene-0.28-mRNA-1 1479031
.25 augustus_masked-168377306-processed-gene-0.5-mRNA-1 1486946
.74 augustus_masked-168377306-processed-gene-0.5-mRNA-1 1559079
.95 maker-168192096-snap-gene-0.38-mRNA-1 1559005
.03 maker-168192096-snap-gene-0.38-mRNA-1 600152
.95 maker-168187992-snap-gene-0.19-mRNA-1 1559671
.24 genemark-168540292-processed-gene-0.63-mRNA-1 556772
.73 genemark-168540292-processed-gene-0.63-mRNA-1 1502389
.99 snap_masked-168548010-processed-gene-0.89-mRNA-1 1559069
.99 maker-168472835-augustus-gene-0.33-mRNA-1 1559482
.99 augustus_masked-168448574-processed-gene-0.0-mRNA-1 1485696
.99 augustus_masked-168289354-processed-gene-0.1-mRNA-1 1559515
.85 maker-167805075-snap-gene-0.60-mRNA-1 1559081
.10 maker-167805075-snap-gene-0.60-mRNA-1 1457320
.37 maker-167859797-snap-gene-0.52-mRNA-1 1558584
.39 maker-167859797-snap-gene-0.52-mRNA-1 1488198
.88 maker-168499295-snap-gene-0.52-mRNA-1 1559620
.95 genemark-167929813-processed-gene-0.5-mRNA-1 1559650
.04 genemark-167929813-processed-gene-0.5-mRNA-1 1109784
.99 maker-168549628-augustus-gene-0.56-mRNA-1 1477099
.81 maker-168409494-augustus-gene-0.9-mRNA-1 1558816
.11 maker-168409494-augustus-gene-0.9-mRNA-1 1558741
.37 snap_masked-168543491-processed-gene-0.29-mRNA-1 1482583
.41 snap_masked-168543491-processed-gene-0.29-mRNA-1 320076
.99 augustus_masked-168548755-processed-gene-0.6-mRNA-1 1559411
.99 genemark-168450014-processed-gene-0.3-mRNA-1 1510878
.99 augustus_masked-168530915-processed-gene-0.2-mRNA-1 1558916
.99 maker-168353270-augustus-gene-0.73-mRNA-1 1558898
.99 maker-168189780-snap-gene-0.18-mRNA-1 1559600
.99 maker-168557392-augustus-gene-0.49-mRNA-1 1558823
.99 maker-168190522-augustus-gene-0.114-mRNA-1 1558594
.99 snap_masked-168465413-processed-gene-0.42-mRNA-1 1559163
.86 snap_masked-168564328-processed-gene-0.27-mRNA-1 1558921
.10 snap_masked-168564328-processed-gene-0.27-mRNA-1 1497884
.99 augustus_masked-168430371-processed-gene-0.13-mRNA-1 1506988
.99 snap_masked-168185528-processed-gene-0.16-mRNA-1 1559078
.12 maker-168059474-augustus-gene-0.97-mRNA-1 894109
.87 maker-168059474-augustus-gene-0.97-mRNA-1 1558841
.99 snap_masked-168292088-processed-gene-0.16-mRNA-1 1558805
.99 maker-168564075-augustus-gene-0.62-mRNA-1 1477523
.99 maker-162098822-augustus-gene-0.4-mRNA-1 1559601
.99 augustus_masked-168549833-processed-gene-1.2-mRNA-1 1540491
.99 augustus_masked-167842955-processed-gene-0.2-mRNA-1 1481423
.17 augustus_masked-168574366-processed-gene-0.0-mRNA-1 643251
.79 augustus_masked-168574366-processed-gene-0.0-mRNA-1 255467
.16 genemark-168262150-processed-gene-0.27-mRNA-1 580610
.25 genemark-168262150-processed-gene-0.27-mRNA-1 445878
.99 maker-168460273-augustus-gene-0.8-mRNA-2 1559465
.99 augustus_masked-164135065-processed-gene-0.1-mRNA-1 1559259
.47 maker-168190511-augustus-gene-0.53-mRNA-1 318995
.44 maker-168190511-augustus-gene-0.53-mRNA-1 1479475
.48 maker-165810553-augustus-gene-0.1-mRNA-1 1247099
.10 maker-165810553-augustus-gene-0.1-mRNA-1 1519075
.06 maker-165810553-augustus-gene-0.1-mRNA-1 275107
.28 maker-167877492-snap-gene-0.15-mRNA-1 1559585
.15 maker-167877492-snap-gene-0.15-mRNA-1 340790
.48 snap_masked-168291772-processed-gene-0.4-mRNA-1 1485115
.40 snap_masked-168291772-processed-gene-0.4-mRNA-1 1497972
.99 maker-168315500-augustus-gene-0.33-mRNA-1 1559498
.99 maker-168254466-snap-gene-0.22-mRNA-1 1559322
.99 maker-168446894-snap-gene-0.37-mRNA-1 1559229
.44 augustus_masked-168001069-processed-gene-0.6-mRNA-1 233204
.55 augustus_masked-168001069-processed-gene-0.6-mRNA-1 1500954
.99 maker-168432420-snap-gene-0.82-mRNA-1 1559197
.28 genemark-168304985-processed-gene-0.19-mRNA-1 1500656
.17 genemark-168304985-processed-gene-0.19-mRNA-1 1477999
.86 maker-167999838-augustus-gene-0.40-mRNA-1 1559710
.99 maker-168551274-augustus-gene-0.66-mRNA-1 1476949
.99 maker-168328793-augustus-gene-0.20-mRNA-1 1558939
.06 maker-168192479-augustus-gene-0.25-mRNA-1 682000
.72 maker-168192479-augustus-gene-0.25-mRNA-1 1559571
.95 augustus_masked-162991318-processed-gene-0.0-mRNA-1 1495144
.18 augustus_masked-162991318-processed-gene-0.0-mRNA-1 1487131
.31 maker-168528844-augustus-gene-0.23-mRNA-1 1491186
.68 maker-168528844-augustus-gene-0.23-mRNA-1 1514817
.98 augustus_masked-168222303-processed-gene-0.1-mRNA-1 1477455
.25 augustus_masked-168573920-processed-gene-0.12-mRNA-1 1481196
.39 augustus_masked-168573920-processed-gene-0.12-mRNA-1 1522253
.99 augustus_masked-168197721-processed-gene-0.0-mRNA-1 1559262
.99 augustus_masked-164357773-processed-gene-0.0-mRNA-1 1477502
.99 snap_masked-164852082-processed-gene-0.3-mRNA-1 1559191
.99 maker-168194139-snap-gene-0.65-mRNA-1 1477040
.99 snap_masked-167105057-processed-gene-0.2-mRNA-1 1559158
.99 genemark-168464232-processed-gene-0.37-mRNA-1 1558784
.92 snap_masked-168574374-processed-gene-0.5-mRNA-1 502598
.28 augustus_masked-168439791-processed-gene-0.16-mRNA-1 1495830
.14 augustus_masked-168439791-processed-gene-0.16-mRNA-1 1481210
.14 augustus_masked-168439791-processed-gene-0.16-mRNA-1 244639
.89 genemark-167443867-processed-gene-0.1-mRNA-1 1559643
.08 genemark-167443867-processed-gene-0.1-mRNA-1 543748
.08 genemark-167443867-processed-gene-0.1-mRNA-1 1524095
.53 maker-168395740-snap-gene-0.17-mRNA-1 1287419
.99 maker-168191770-snap-gene-3.62-mRNA-1 1559535
.96 augustus_masked-168452640-processed-gene-0.8-mRNA-1 1483005
.99 augustus_masked-168182662-processed-gene-0.5-mRNA-1 1558895
.95 maker-168537694-augustus-gene-0.48-mRNA-1 1558847
.04 maker-168537694-augustus-gene-0.48-mRNA-1 1487624
.99 snap_masked-168443899-processed-gene-0.16-mRNA-1 1558707
.57 augustus_masked-168575520-processed-gene-0.9-mRNA-1 1559149
.12 augustus_masked-168575520-processed-gene-0.9-mRNA-1 1481403
.19 augustus_masked-166562382-processed-gene-0.0-mRNA-1 233990
.68 augustus_masked-166562382-processed-gene-0.0-mRNA-1 1498457
.81 snap_masked-166198796-processed-gene-0.2-mRNA-1 1489901
.18 snap_masked-166198796-processed-gene-0.2-mRNA-1 1491566
.57 maker-167962708-snap-gene-0.18-mRNA-1 1559040
.42 maker-167962708-snap-gene-0.18-mRNA-1 1486579
.99 maker-167929652-augustus-gene-0.77-mRNA-1 1559409
.99 augustus_masked-168504811-processed-gene-0.3-mRNA-1 1558990
.26 snap_masked-168455340-processed-gene-0.19-mRNA-1 1484540
.73 snap_masked-168455340-processed-gene-0.19-mRNA-1 1559051
.93 maker-166205143-augustus-gene-0.4-mRNA-1 1559604
.05 maker-166205143-augustus-gene-0.4-mRNA-1 1489664
.72 maker-168496243-augustus-gene-0.17-mRNA-1 1559484
.20 maker-168496243-augustus-gene-0.17-mRNA-1 1498649
.98 maker-168573677-snap-gene-0.21-mRNA-1 1558897
.99 augustus_masked-168235704-processed-gene-0.19-mRNA-1 1558792
.99 maker-168491991-augustus-gene-0.46-mRNA-1 1559114
.99 augustus_masked-168515540-processed-gene-0.3-mRNA-1 1559544
.59 maker-168577105-augustus-gene-0.51-mRNA-1 1558634
.45 maker-168577105-augustus-gene-0.51-mRNA-1 1501419
.27 maker-168577105-augustus-gene-0.51-mRNA-1 360284
.22 maker-168577105-augustus-gene-0.51-mRNA-1 1504320
.94 snap_masked-168237658-processed-gene-0.7-mRNA-1 1485088
.06 augustus_masked-168426091-processed-gene-0.9-mRNA-1 1558572
.93 augustus_masked-168426091-processed-gene-0.9-mRNA-1 1558581
.03 maker-168190796-snap-gene-0.39-mRNA-2 1492358
.96 maker-168190796-snap-gene-0.39-mRNA-2 1558752
.37 augustus_masked-168497320-processed-gene-0.9-mRNA-1 1558585
.99 snap_masked-168187669-processed-gene-0.18-mRNA-1 1559384
.99 maker-168181010-snap-gene-0.12-mRNA-1 1559314
.99 augustus_masked-168405201-processed-gene-0.0-mRNA-1 1558775
.57 maker-168554308-snap-gene-0.74-mRNA-1 1559187
.24 maker-168554308-snap-gene-0.74-mRNA-1 423139
.16 maker-168554308-snap-gene-0.74-mRNA-1 1065412
.99 augustus_masked-161653849-processed-gene-0.0-mRNA-1 1526048
.99 maker-168406079-snap-gene-0.40-mRNA-1 1559700
.99 augustus_masked-168241580-processed-gene-0.11-mRNA-1 1559425
.90 augustus_masked-168414156-processed-gene-0.1-mRNA-1 1559418
.09 augustus_masked-168414156-processed-gene-0.1-mRNA-1 1502815
.99 augustus_masked-167799936-processed-gene-0.1-mRNA-1 1558765
.99 snap_masked-168543532-processed-gene-0.57-mRNA-1 1559277
.99 maker-168485881-augustus-gene-0.27-mRNA-1 1559719
.99 maker-168305654-augustus-gene-0.9-mRNA-1 1478570
.29 augustus_masked-168310357-processed-gene-0.1-mRNA-1 1478732
.52 augustus_masked-168310357-processed-gene-0.1-mRNA-1 1478733
.49 maker-168190029-augustus-gene-0.41-mRNA-1 1478297
.19 maker-168190029-augustus-gene-0.41-mRNA-1 1505593
.99 augustus_masked-168475934-processed-gene-0.0-mRNA-1 1476791
.61 maker-168183510-snap-gene-0.57-mRNA-1 163594
.33 maker-168183510-snap-gene-0.57-mRNA-1 1476433
.89 maker-160648378-augustus-gene-0.5-mRNA-1 1559361
.10 maker-160648378-augustus-gene-0.5-mRNA-1 1488893
.32 maker-168189255-augustus-gene-0.88-mRNA-1 1559590
.27 maker-168189255-augustus-gene-0.88-mRNA-1 1559590
.04 augustus_masked-168464690-processed-gene-0.7-mRNA-1 1481370
.95 augustus_masked-168464690-processed-gene-0.7-mRNA-1 1477175
.99 augustus_masked-168542196-processed-gene-0.18-mRNA-1 1559556
.99 snap_masked-168551638-processed-gene-2.60-mRNA-1 1476609
.99 snap_masked-168466972-processed-gene-0.18-mRNA-1 1558540
.73 augustus_masked-168564398-processed-gene-3.0-mRNA-1 1483070
.13 augustus_masked-168564398-processed-gene-3.0-mRNA-1 1488547
.19 maker-168573412-augustus-gene-0.7-mRNA-1 1500587
.66 maker-168573412-augustus-gene-0.7-mRNA-1 1559084
.99 genemark-168386339-processed-gene-0.72-mRNA-1 1480269
.37 maker-168454772-augustus-gene-0.50-mRNA-1 1490933
.33 maker-168454772-augustus-gene-0.50-mRNA-1 1493563
.24 maker-168454772-augustus-gene-0.50-mRNA-1 1559553
.12 maker-168454772-augustus-gene-0.50-mRNA-1 1485680
.99 maker-168184206-snap-gene-0.6-mRNA-1 1559572
.99 maker-167906224-snap-gene-0.19-mRNA-1 1514102
.57 maker-163577184-snap-gene-0.1-mRNA-1 1490513
.37 maker-163577184-snap-gene-0.1-mRNA-1 1481742
.99 maker-161398930-augustus-gene-0.3-mRNA-1 1559284
.99 augustus_masked-168532185-processed-gene-0.1-mRNA-1 1559280
.99 augustus_masked-168303890-processed-gene-0.3-mRNA-1 1558588
.33 maker-168276567-augustus-gene-0.6-mRNA-1 1524522
.27 maker-168276567-augustus-gene-0.6-mRNA-1 603900
.63 maker-168185871-snap-gene-0.9-mRNA-1 1559190
.20 maker-168185871-snap-gene-0.9-mRNA-1 1498735
.99 maker-168552905-augustus-gene-0.78-mRNA-1 1558871
.18 maker-168243233-snap-gene-0.13-mRNA-1 1478096
.67 maker-168243233-snap-gene-0.13-mRNA-1 1499851
.02 maker-168183595-snap-gene-0.7-mRNA-1 605969
.97 maker-168183595-snap-gene-0.7-mRNA-1 1559591
.99 maker-168161646-augustus-gene-0.71-mRNA-1 1558732
.99 snap_masked-168571006-processed-gene-0.33-mRNA-1 1558889
.99 maker-168368659-snap-gene-0.26-mRNA-1 1559668
.99 snap_masked-168555399-processed-gene-0.79-mRNA-1 1494687
.93 maker-168558026-augustus-gene-0.29-mRNA-1 1494666
.99 snap_masked-168297966-processed-gene-0.26-mRNA-1 1558874
.23 maker-168569654-augustus-gene-0.8-mRNA-1 1559705
.75 augustus_masked-165928839-processed-gene-0.0-mRNA-1 1478303
.24 augustus_masked-165928839-processed-gene-0.0-mRNA-1 1499036
.34 snap_masked-168395633-processed-gene-0.87-mRNA-1 864952
.35 snap_masked-168395633-processed-gene-0.87-mRNA-1 1497172
.99 maker-168577017-snap-gene-0.9-mRNA-1 1559673
.95 snap_masked-164997026-processed-gene-0.1-mRNA-1 1541454
.67 snap_masked-164997026-processed-gene-0.1-mRNA-1 573802
.83 augustus_masked-166195931-processed-gene-0.0-mRNA-1 1559499
.16 augustus_masked-166195931-processed-gene-0.0-mRNA-1 1516994
.97 maker-168188721-augustus-gene-2.68-mRNA-1 1559552
.68 maker-168550641-augustus-gene-0.66-mRNA-1 1559621
.22 maker-168550641-augustus-gene-0.66-mRNA-1 1477320
.99 augustus_masked-167850314-processed-gene-0.12-mRNA-1 1530531
.97 augustus_masked-167338262-processed-gene-0.0-mRNA-1 1559298
.78 maker-168189161-snap-gene-0.86-mRNA-1 1490248
.12 maker-168189161-snap-gene-0.86-mRNA-1 360246
.99 augustus_masked-168564873-processed-gene-2.53-mRNA-1 1481094
.99 maker-168577392-augustus-gene-2.65-mRNA-1 1558532
.15 maker-168455588-augustus-gene-0.13-mRNA-1 1481870
.81 maker-168455588-augustus-gene-0.13-mRNA-1 1559396
.87 maker-168451561-snap-gene-0.40-mRNA-1 1559375
.09 maker-168451561-snap-gene-0.40-mRNA-1 377221
.99 maker-168444034-augustus-gene-0.35-mRNA-1 1559359
.99 augustus_masked-162362139-processed-gene-0.0-mRNA-1 1498684
.55 augustus_masked-166977956-processed-gene-0.0-mRNA-1 1493471
.31 augustus_masked-166977956-processed-gene-0.0-mRNA-1 1537192
.99 genemark-168198688-processed-gene-0.23-mRNA-1 1559625
.99 augustus_masked-168415724-processed-gene-0.17-mRNA-1 1559188
.41 maker-168525947-augustus-gene-0.38-mRNA-1 1482770
.47 maker-168525947-augustus-gene-0.38-mRNA-1 1486908
.99 maker-168410204-snap-gene-0.57-mRNA-1 1558762
.42 maker-168577628-snap-gene-0.38-mRNA-1 854299
.34 maker-168577628-snap-gene-0.38-mRNA-1 1347295
.99 snap_masked-168201110-processed-gene-0.3-mRNA-1 1559299
.99 maker-168182806-snap-gene-0.5-mRNA-1 1559366
.99 augustus_masked-168150974-processed-gene-0.6-mRNA-1 1476831
.22 maker-168553218-snap-gene-0.39-mRNA-1 389420
.77 maker-168553218-snap-gene-0.39-mRNA-1 1558619
.18 augustus_masked-168514728-processed-gene-0.1-mRNA-1 1480359
.81 augustus_masked-168514728-processed-gene-0.1-mRNA-1 1558966
.99 augustus_masked-168326210-processed-gene-0.7-mRNA-1 1559447
.99 snap_masked-163417003-processed-gene-0.2-mRNA-1 1558890
.99 snap_masked-168562908-processed-gene-0.15-mRNA-1 1559039
.99 snap_masked-168348494-processed-gene-0.11-mRNA-1 1558677
.96 maker-168501330-snap-gene-1.63-mRNA-1 1498228
.99 snap_masked-168072426-processed-gene-0.24-mRNA-1 1558738
.33 maker-168187500-augustus-gene-0.8-mRNA-1 1477427
.28 maker-168187500-augustus-gene-0.8-mRNA-1 1500765
.26 maker-168187500-augustus-gene-0.8-mRNA-1 1531260
.21 maker-168187500-augustus-gene-0.8-mRNA-1 1482345
.21 maker-168187500-augustus-gene-0.8-mRNA-1 1509427
.09 maker-164752888-augustus-gene-0.3-mRNA-4 1505540
.90 maker-164752888-augustus-gene-0.3-mRNA-4 1559244
.99 maker-168189106-snap-gene-0.42-mRNA-1 1559631
.99 maker-168295508-augustus-gene-0.43-mRNA-1 1529927
.43 maker-164407830-augustus-gene-0.4-mRNA-1 1483118
.35 maker-164407830-augustus-gene-0.4-mRNA-1 1486292
.99 augustus_masked-168272861-processed-gene-0.0-mRNA-1 1559014
.99 augustus_masked-168552999-processed-gene-0.2-mRNA-1 1559526
.72 augustus_masked-168182937-processed-gene-0.1-mRNA-1 1558723
.99 maker-168308598-augustus-gene-0.44-mRNA-1 1478716
.99 maker-168439296-snap-gene-0.17-mRNA-1 1559657
.98 augustus_masked-168323746-processed-gene-0.0-mRNA-1 1559569
.70 augustus_masked-168548680-processed-gene-0.3-mRNA-1 1559000
.16 augustus_masked-168548680-processed-gene-0.3-mRNA-1 94662
.99 maker-168356447-augustus-gene-0.141-mRNA-1 1558744
.25 maker-168513966-augustus-gene-0.5-mRNA-1 1546971
.35 maker-168513966-augustus-gene-0.5-mRNA-1 1498896
.99 maker-168183116-augustus-gene-0.24-mRNA-1 1559677
.99 maker-168188795-augustus-gene-0.35-mRNA-1 1559612
.99 maker-168183116-augustus-gene-0.24-mRNA-2 1559677
.99 augustus_masked-167983268-processed-gene-0.4-mRNA-1 1558680
.58 maker-168482879-snap-gene-0.54-mRNA-1 1482130
.96 maker-167912498-snap-gene-0.25-mRNA-1 1559517
.03 maker-167912498-snap-gene-0.25-mRNA-1 1541271
.98 maker-168012062-snap-gene-0.17-mRNA-1 1558989
.99 maker-168575692-augustus-gene-1.106-mRNA-1 1559568
.76 maker-168297610-snap-gene-0.21-mRNA-1 1559193
.22 maker-168297610-snap-gene-0.21-mRNA-1 1483832
.93 augustus_masked-168548265-processed-gene-0.2-mRNA-1 1558580
.97 augustus_masked-168557449-processed-gene-0.0-mRNA-1 1487578
.02 augustus_masked-168557449-processed-gene-0.0-mRNA-1 1368410
.57 maker-168185342-snap-gene-0.56-mRNA-1 1559038
.26 maker-168185342-snap-gene-0.56-mRNA-1 263984
.48 maker-168188590-augustus-gene-0.42-mRNA-1 1476543
.32 maker-168188590-augustus-gene-0.42-mRNA-1 1485775
.95 snap_masked-168332536-processed-gene-0.12-mRNA-1 1559455
.26 maker-166750527-augustus-gene-0.2-mRNA-1 1525820
.73 maker-166750527-augustus-gene-0.2-mRNA-1 1559510
.99 snap_masked-168190124-processed-gene-0.71-mRNA-1 1526401
.99 maker-168331722-snap-gene-0.31-mRNA-1 1559691
.99 augustus_masked-168191930-processed-gene-0.0-mRNA-1 1559538
.53 maker-168085587-snap-gene-0.38-mRNA-1 1477203
.11 maker-168085587-snap-gene-0.38-mRNA-1 1493210
.13 augustus_masked-168448716-processed-gene-0.0-mRNA-1 359018
.85 augustus_masked-168448716-processed-gene-0.0-mRNA-1 1481927
.99 maker-168547223-augustus-gene-0.16-mRNA-1 1476671
.91 maker-168573369-augustus-gene-0.85-mRNA-1 1558865
.07 maker-168573369-augustus-gene-0.85-mRNA-1 1477270
.07 maker-168573369-augustus-gene-0.85-mRNA-1 1495157
.99 maker-168354994-augustus-gene-0.22-mRNA-1 1559212
.83 augustus_masked-168234756-processed-gene-0.1-mRNA-1 1480710
.99 augustus_masked-165511409-processed-gene-0.0-mRNA-1 1486823
.22 snap_masked-167243482-processed-gene-0.3-mRNA-1 1506572
.77 snap_masked-167243482-processed-gene-0.3-mRNA-1 391623
.33 maker-168500229-snap-gene-0.25-mRNA-1 1476695
.20 maker-168500229-snap-gene-0.25-mRNA-1 1482276
.99 snap_masked-168184570-processed-gene-0.7-mRNA-1 1559312
.38 augustus_masked-167802831-processed-gene-0.0-mRNA-1 1481147
.61 augustus_masked-167802831-processed-gene-0.0-mRNA-1 1559462
.99 augustus_masked-168504443-processed-gene-0.2-mRNA-1 1478743
.43 snap_masked-168408690-processed-gene-0.4-mRNA-1 1486609
.56 snap_masked-168408690-processed-gene-0.4-mRNA-1 1486587
.27 maker-168487132-snap-gene-0.30-mRNA-1 1492731
.35 maker-168487132-snap-gene-0.30-mRNA-1 1553323
.99 genemark-167852985-processed-gene-0.5-mRNA-1 1559077
.98 genemark-167852985-processed-gene-0.5-mRNA-1 1559543
.39 augustus_masked-166352044-processed-gene-0.0-mRNA-1 1483733
.22 augustus_masked-166352044-processed-gene-0.0-mRNA-1 227685
.99 maker-168402725-snap-gene-0.6-mRNA-1 1559281
