.51 augustus_masked-168291646-processed-gene-0.0-mRNA-1 2608975
.30 augustus_masked-168291646-processed-gene-0.0-mRNA-1 2591131
.29 maker-168191788-augustus-gene-0.45-mRNA-1 2539697
.19 maker-168191788-augustus-gene-0.45-mRNA-1 2583047
.81 snap_masked-163129610-processed-gene-0.2-mRNA-1 2670999
.18 snap_masked-163129610-processed-gene-0.2-mRNA-1 2564944
.09 maker-168497257-snap-gene-0.53-mRNA-1 776887
.85 maker-168497257-snap-gene-0.53-mRNA-1 2671153
.66 maker-166129744-snap-gene-0.4-mRNA-1 987794
.27 maker-166129744-snap-gene-0.4-mRNA-1 2656762
.27 genemark-167937017-processed-gene-0.4-mRNA-1 2539625
.21 genemark-167937017-processed-gene-0.4-mRNA-1 2644436
.31 genemark-167937017-processed-gene-0.4-mRNA-1 2594196
.10 maker-168559247-augustus-gene-0.70-mRNA-1 2578733
.87 maker-168559247-augustus-gene-0.70-mRNA-1 2671051
.22 maker-167946650-snap-gene-0.11-mRNA-1 2621459
.77 maker-167946650-snap-gene-0.11-mRNA-1 2670973
.15 maker-168012650-augustus-gene-0.39-mRNA-1 1121144
.67 maker-168012650-augustus-gene-0.39-mRNA-1 2670901
.70 maker-166306187-snap-gene-0.5-mRNA-1 1360743
.18 augustus_masked-168547999-processed-gene-0.3-mRNA-1 2554038
.21 augustus_masked-168547999-processed-gene-0.3-mRNA-1 9052
.32 maker-168253018-augustus-gene-0.31-mRNA-1 2671022
.06 maker-168253018-augustus-gene-0.31-mRNA-1 617285
.06 maker-168253018-augustus-gene-0.31-mRNA-1 2582784
.02 maker-168253018-augustus-gene-0.31-mRNA-1 1448914
.87 maker-168423607-snap-gene-0.20-mRNA-1 2671218
.12 maker-168423607-snap-gene-0.20-mRNA-1 2548279
.22 maker-168501086-augustus-gene-0.52-mRNA-1 556406
.76 maker-168501086-augustus-gene-0.52-mRNA-1 2539751
.88 maker-162964504-snap-gene-0.4-mRNA-1 2671018
.11 maker-162964504-snap-gene-0.4-mRNA-1 2584271
.99 augustus_masked-164418403-processed-gene-0.1-mRNA-1 2671087
.54 augustus_masked-164418403-processed-gene-0.1-mRNA-1 428601
.72 maker-168239232-augustus-gene-0.5-mRNA-1 2539898
.33 maker-168239232-augustus-gene-0.5-mRNA-1 2649978
.13 maker-168239232-augustus-gene-0.5-mRNA-1 1976549
.10 maker-168239232-augustus-gene-0.5-mRNA-1 2454222
.43 maker-162425490-augustus-gene-0.4-mRNA-1 2563818
.21 maker-162425490-augustus-gene-0.4-mRNA-1 2545667
.43 maker-168573957-snap-gene-0.25-mRNA-1 2539293
.35 maker-168573957-snap-gene-0.25-mRNA-1 2543278
.27 maker-168573957-snap-gene-0.25-mRNA-1 2671067
.12 maker-168548360-snap-gene-0.20-mRNA-1 2542323
.09 maker-168548360-snap-gene-0.20-mRNA-1 967038
.02 maker-168548360-snap-gene-0.20-mRNA-1 2559709
.35 maker-166124770-snap-gene-0.6-mRNA-1 2581692
.44 maker-166124770-snap-gene-0.6-mRNA-1 2641893
.67 augustus_masked-163248298-processed-gene-0.0-mRNA-1 2607533
.32 augustus_masked-163248298-processed-gene-0.0-mRNA-1 366951
.87 augustus_masked-168461332-processed-gene-0.2-mRNA-1 2563249
.11 augustus_masked-168461332-processed-gene-0.2-mRNA-1 2558535
.19 augustus_masked-168225069-processed-gene-0.1-mRNA-1 2541577
.80 augustus_masked-168225069-processed-gene-0.1-mRNA-1 2671040
.20 maker-166059929-augustus-gene-0.3-mRNA-1 2577805
.44 maker-166059929-augustus-gene-0.3-mRNA-1 348726
.22 augustus_masked-159228817-processed-gene-0.0-mRNA-1 2548404
.24 augustus_masked-159228817-processed-gene-0.0-mRNA-1 496123
.56 maker-168151456-snap-gene-0.25-mRNA-1 2671189
.12 maker-168151456-snap-gene-0.25-mRNA-1 2575624
.14 maker-168315695-augustus-gene-0.30-mRNA-1 2634171
.80 maker-168315695-augustus-gene-0.30-mRNA-1 2652250
.53 maker-168574597-augustus-gene-0.18-mRNA-1 2539826
.54 maker-168574597-augustus-gene-0.18-mRNA-1 589983
.39 maker-168574597-augustus-gene-0.18-mRNA-1 361926
.13 maker-168574597-augustus-gene-0.18-mRNA-1 1935925
.13 maker-168574597-augustus-gene-0.18-mRNA-1 371082
.59 maker-168151456-snap-gene-0.25-mRNA-2 2671189
.11 maker-168151456-snap-gene-0.25-mRNA-2 2575624
.32 maker-165807905-augustus-gene-0.3-mRNA-1 2582360
.25 maker-165807905-augustus-gene-0.3-mRNA-1 929628
.50 snap_masked-168577506-processed-gene-0.52-mRNA-1 2671046
.40 maker-168182837-augustus-gene-0.124-mRNA-1 2671183
.14 maker-168182837-augustus-gene-0.124-mRNA-1 2671183
.66 genemark-168544432-processed-gene-0.7-mRNA-1 2671088
.20 genemark-168544432-processed-gene-0.7-mRNA-1 2555195
.02 genemark-168544432-processed-gene-0.7-mRNA-1 508370
.63 maker-168183786-snap-gene-0.6-mRNA-1 2555860
.99 augustus_masked-168480452-processed-gene-0.4-mRNA-1 703738
.99 augustus_masked-168480452-processed-gene-0.4-mRNA-1 2563802
.36 augustus_masked-168192048-processed-gene-0.3-mRNA-1 2604197
.49 augustus_masked-168192048-processed-gene-0.3-mRNA-1 2540946
.79 augustus_masked-168240072-processed-gene-0.15-mRNA-1 52210
.20 augustus_masked-168240072-processed-gene-0.15-mRNA-1 2563168
.83 maker-168471422-snap-gene-0.31-mRNA-1 2671216
.87 maker-167058524-augustus-gene-0.4-mRNA-3 2670786
.12 maker-167058524-augustus-gene-0.4-mRNA-3 2542648
.63 augustus_masked-168485977-processed-gene-0.0-mRNA-1 2540576
.35 augustus_masked-168485977-processed-gene-0.0-mRNA-1 874790
.64 snap_masked-168259747-processed-gene-0.3-mRNA-1 2671004
.35 snap_masked-168259747-processed-gene-0.3-mRNA-1 2544664
.20 maker-168201856-snap-gene-0.44-mRNA-1 2646075
.23 maker-168201856-snap-gene-0.44-mRNA-1 2552829
.20 maker-168201856-snap-gene-0.44-mRNA-1 2596012
.19 maker-168201856-snap-gene-0.44-mRNA-1 2539026
.29 augustus_masked-168351367-processed-gene-0.1-mRNA-1 2538433
.60 augustus_masked-168351367-processed-gene-0.1-mRNA-1 2617385
.87 augustus_masked-168150113-processed-gene-0.0-mRNA-1 2670977
.38 snap_masked-168184629-processed-gene-0.10-mRNA-1 2620661
.27 snap_masked-168184629-processed-gene-0.10-mRNA-1 2563486
.40 maker-168448984-snap-gene-0.7-mRNA-1 2592179
.21 maker-168448984-snap-gene-0.7-mRNA-1 2565183
.21 maker-168448984-snap-gene-0.7-mRNA-1 2588747
.36 maker-161772526-snap-gene-0.5-mRNA-1 2578263
.39 maker-161772526-snap-gene-0.5-mRNA-1 2566580
.30 maker-168577191-snap-gene-0.12-mRNA-1 545169
.25 maker-168577191-snap-gene-0.12-mRNA-1 1581203
.29 augustus_masked-168525749-processed-gene-0.20-mRNA-1 2667939
.20 augustus_masked-168525749-processed-gene-0.20-mRNA-1 2550536
.13 augustus_masked-168525749-processed-gene-0.20-mRNA-1 2571359
.88 genemark-168540662-processed-gene-0.20-mRNA-1 2568048
.06 genemark-168540662-processed-gene-0.20-mRNA-1 1480452
.55 maker-168510278-snap-gene-0.45-mRNA-1 157660
.31 maker-168510278-snap-gene-0.45-mRNA-1 2565246
.45 augustus_masked-168145945-processed-gene-0.1-mRNA-1 82748
.33 augustus_masked-168145945-processed-gene-0.1-mRNA-1 2560189
.96 maker-168568846-augustus-gene-0.28-mRNA-1 2671181
.68 maker-166799701-augustus-gene-0.4-mRNA-1 2670968
.58 maker-166799701-augustus-gene-0.4-mRNA-1 2671015
.24 maker-166799701-augustus-gene-0.4-mRNA-1 558258
.64 augustus_masked-168342191-processed-gene-0.3-mRNA-1 2547754
.35 augustus_masked-168342191-processed-gene-0.3-mRNA-1 2555162
.68 snap_masked-168329527-processed-gene-0.95-mRNA-1 2636725
.27 snap_masked-168329527-processed-gene-0.95-mRNA-1 716388
.46 maker-168477198-snap-gene-0.12-mRNA-1 2538485
.53 maker-168477198-snap-gene-0.12-mRNA-1 2670906
.33 maker-168545382-snap-gene-0.63-mRNA-1 2556236
.27 maker-168545382-snap-gene-0.63-mRNA-1 2576254
.27 maker-168545382-snap-gene-0.63-mRNA-1 2670911
.35 augustus_masked-168002091-processed-gene-0.1-mRNA-1 238219
.29 augustus_masked-168002091-processed-gene-0.1-mRNA-1 2572804
.20 maker-168408919-augustus-gene-0.21-mRNA-1 2671219
.10 maker-168408919-augustus-gene-0.21-mRNA-1 2671219
.11 maker-168408919-augustus-gene-0.21-mRNA-1 2538765
.84 maker-168544877-snap-gene-0.49-mRNA-1 2671090
.11 maker-168544877-snap-gene-0.49-mRNA-1 1152693
.41 augustus_masked-165480568-processed-gene-0.0-mRNA-1 550130
.50 augustus_masked-165480568-processed-gene-0.0-mRNA-1 550123
.84 maker-168550663-snap-gene-0.57-mRNA-1 2671191
.65 augustus_masked-168558993-processed-gene-0.22-mRNA-1 2670905
.34 augustus_masked-168558993-processed-gene-0.22-mRNA-1 2540531
.69 maker-167916647-snap-gene-0.38-mRNA-1 2671202
.20 augustus_masked-168506051-processed-gene-0.0-mRNA-1 236717
.79 augustus_masked-168506051-processed-gene-0.0-mRNA-1 2671148
.63 maker-167825050-snap-gene-0.48-mRNA-1 2543114
.16 maker-167825050-snap-gene-0.48-mRNA-1 462442
.79 maker-168337495-snap-gene-0.79-mRNA-1 2671188
.11 maker-168337495-snap-gene-0.79-mRNA-1 889895
.53 snap_masked-167888920-processed-gene-0.54-mRNA-1 2565636
.27 snap_masked-167888920-processed-gene-0.54-mRNA-1 415439
.25 maker-168548909-augustus-gene-0.13-mRNA-1 2671222
.19 maker-168548909-augustus-gene-0.13-mRNA-1 2671006
.33 maker-168548909-augustus-gene-0.13-mRNA-1 2671222
.48 maker-168191325-snap-gene-0.35-mRNA-1 484856
.26 maker-168191325-snap-gene-0.35-mRNA-1 1380641
.88 maker-168002504-snap-gene-0.23-mRNA-1 2671126
.09 maker-168002504-snap-gene-0.23-mRNA-1 1362621
.18 maker-165009935-augustus-gene-0.3-mRNA-1 319897
.23 maker-165009935-augustus-gene-0.3-mRNA-1 2589725
.25 genemark-168157516-processed-gene-0.10-mRNA-1 2586820
.21 genemark-168157516-processed-gene-0.10-mRNA-1 2631932
.53 augustus_masked-168184607-processed-gene-0.2-mRNA-1 2671171
.06 augustus_masked-168184607-processed-gene-0.2-mRNA-1 2558283
.48 maker-168187529-snap-gene-0.29-mRNA-1 776278
.38 maker-168188791-augustus-gene-0.49-mRNA-1 2671159
0 maker-168188791-augustus-gene-0.49-mRNA-1 2553403
.99 snap_masked-167862215-processed-gene-0.20-mRNA-1 2671151
.69 maker-168454917-augustus-gene-0.86-mRNA-1 2670913
.32 snap_masked-168525786-processed-gene-0.23-mRNA-1 2625786
.18 snap_masked-168525786-processed-gene-0.23-mRNA-1 2588552
.66 augustus_masked-165549066-processed-gene-0.0-mRNA-1 2671072
.32 augustus_masked-165549066-processed-gene-0.0-mRNA-1 2574987
.25 augustus_masked-165549066-processed-gene-0.0-mRNA-1 2653881
.78 snap_masked-164175703-processed-gene-0.2-mRNA-1 1064598
.43 augustus_masked-168535927-processed-gene-0.20-mRNA-1 2545880
.55 augustus_masked-168535927-processed-gene-0.20-mRNA-1 2540063
.41 genemark-166444572-processed-gene-0.1-mRNA-1 483665
.50 genemark-166444572-processed-gene-0.1-mRNA-1 1012235
.36 augustus_masked-168185365-processed-gene-0.1-mRNA-1 690412
.42 augustus_masked-168185365-processed-gene-0.1-mRNA-1 2542871
.32 maker-168246022-augustus-gene-0.71-mRNA-1 2671197
.25 maker-168246022-augustus-gene-0.71-mRNA-1 2565353
.23 maker-168246022-augustus-gene-0.71-mRNA-1 2671197
.83 augustus_masked-167357674-processed-gene-0.0-mRNA-1 2552617
.16 augustus_masked-167357674-processed-gene-0.0-mRNA-1 2610041
.46 maker-168469206-augustus-gene-0.35-mRNA-1 468598
.27 maker-168469206-augustus-gene-0.35-mRNA-1 2542453
.82 maker-167184492-augustus-gene-0.4-mRNA-1 2616465
.17 maker-167184492-augustus-gene-0.4-mRNA-1 2563392
.42 maker-168102052-snap-gene-0.37-mRNA-2 2558975
.44 maker-168102052-snap-gene-0.37-mRNA-2 2562005
.12 maker-168424109-augustus-gene-0.70-mRNA-1 1073981
.47 maker-168424109-augustus-gene-0.70-mRNA-1 515850
.13 maker-167067021-augustus-gene-0.4-mRNA-1 2615541
.77 maker-167067021-augustus-gene-0.4-mRNA-1 2671073
.13 snap_masked-168260411-processed-gene-0.69-mRNA-1 553479
.86 snap_masked-168260411-processed-gene-0.69-mRNA-1 2539556
.70 augustus_masked-168140844-processed-gene-0.2-mRNA-1 646925
.25 augustus_masked-168140844-processed-gene-0.2-mRNA-1 2588899
.47 maker-168575259-snap-gene-0.35-mRNA-1 2568388
.08 maker-168575259-snap-gene-0.35-mRNA-1 2563174
.34 maker-168211281-augustus-gene-0.26-mRNA-1 2541505
.62 maker-168211281-augustus-gene-0.26-mRNA-1 2541504
.35 maker-168562203-snap-gene-0.49-mRNA-1 2540908
.52 maker-168562203-snap-gene-0.49-mRNA-1 2671098
.41 genemark-168083205-processed-gene-0.46-mRNA-1 2594196
.10 genemark-168083205-processed-gene-0.46-mRNA-1 2539625
.68 maker-166144882-augustus-gene-0.3-mRNA-1 2671085
.17 maker-166144882-augustus-gene-0.3-mRNA-1 519889
.82 maker-168563250-augustus-gene-1.67-mRNA-1 2670986
.17 maker-165131896-snap-gene-0.4-mRNA-1 2598195
.70 maker-165131896-snap-gene-0.4-mRNA-1 2671106
.70 augustus_masked-168292357-processed-gene-0.17-mRNA-1 2670908
.29 augustus_masked-168292357-processed-gene-0.17-mRNA-1 482623
.28 maker-167875104-snap-gene-0.37-mRNA-1 2582920
.26 maker-167875104-snap-gene-0.37-mRNA-1 2558944
.09 maker-168073349-augustus-gene-0.28-mRNA-1 1080900
.59 maker-168073349-augustus-gene-0.28-mRNA-1 2671034
.67 snap_masked-168480939-processed-gene-0.15-mRNA-1 2541048
.32 snap_masked-168480939-processed-gene-0.15-mRNA-1 524897
.12 maker-168449729-augustus-gene-0.32-mRNA-1 2540669
.87 maker-168449729-augustus-gene-0.32-mRNA-1 2671175
.54 augustus_masked-168291265-processed-gene-0.0-mRNA-1 2554826
.42 augustus_masked-168291265-processed-gene-0.0-mRNA-1 2554824
.65 augustus_masked-168350429-processed-gene-0.3-mRNA-1 214645
.31 augustus_masked-168350429-processed-gene-0.3-mRNA-1 2591618
.15 maker-168187381-snap-gene-0.8-mRNA-1 657541
.19 maker-168187381-snap-gene-0.8-mRNA-1 2639516
.79 maker-168573416-snap-gene-0.86-mRNA-1 2671190
.18 maker-168573416-snap-gene-0.86-mRNA-1 2567554
.63 snap_masked-168008436-processed-gene-0.8-mRNA-1 1349413
.24 snap_masked-168008436-processed-gene-0.8-mRNA-1 2402543
.72 maker-168303269-augustus-gene-0.37-mRNA-1 2671056
.18 maker-168303269-augustus-gene-0.37-mRNA-1 279888
.50 maker-168577438-snap-gene-0.27-mRNA-1 2671223
.21 maker-168577438-snap-gene-0.27-mRNA-1 2671223
.07 maker-168195755-augustus-gene-0.92-mRNA-1 730936
.28 maker-168195755-augustus-gene-0.92-mRNA-1 2670868
.10 maker-168385751-snap-gene-0.14-mRNA-1 2659488
.89 maker-168385751-snap-gene-0.14-mRNA-1 2671203
.30 snap_masked-168246492-processed-gene-0.14-mRNA-1 2544702
.69 snap_masked-168246492-processed-gene-0.14-mRNA-1 2544701
.66 maker-168189757-augustus-gene-0.81-mRNA-1 2542695
.11 maker-168189757-augustus-gene-0.81-mRNA-1 2608054
.08 maker-168189757-augustus-gene-0.81-mRNA-1 2560967
.20 maker-168490864-augustus-gene-0.12-mRNA-1 2671054
.43 maker-168490864-augustus-gene-0.12-mRNA-1 2671054
.35 augustus_masked-168145768-processed-gene-0.0-mRNA-1 300323
.64 augustus_masked-168145768-processed-gene-0.0-mRNA-1 2543440
.68 maker-168190394-augustus-gene-0.54-mRNA-1 2671075
.52 augustus_masked-168200496-processed-gene-0.0-mRNA-1 1785053
.46 augustus_masked-168200496-processed-gene-0.0-mRNA-1 2181204
.37 maker-168574056-snap-gene-0.57-mRNA-1 2671198
.16 maker-168574056-snap-gene-0.57-mRNA-1 2671198
.74 maker-168250949-augustus-gene-0.20-mRNA-2 2670998
.85 maker-168505030-augustus-gene-0.35-mRNA-2 2671150
.13 maker-165379790-snap-gene-0.4-mRNA-1 2657742
.86 maker-165379790-snap-gene-0.4-mRNA-1 2670871
.71 maker-166838974-augustus-gene-0.3-mRNA-1 2553188
.22 maker-168381545-snap-gene-0.26-mRNA-1 2671187
.20 maker-168381545-snap-gene-0.26-mRNA-1 2671187
.14 maker-168381545-snap-gene-0.26-mRNA-1 2671187
.33 maker-168183877-augustus-gene-0.13-mRNA-2 2671200
.24 maker-168183877-augustus-gene-0.13-mRNA-2 2671200
.13 augustus_masked-168100658-processed-gene-0.0-mRNA-1 2570342
.81 augustus_masked-168100658-processed-gene-0.0-mRNA-1 2671064
.70 augustus_masked-166398954-processed-gene-0.1-mRNA-1 2621224
.56 augustus_masked-166398954-processed-gene-0.1-mRNA-1 2670985
.27 augustus_masked-166398954-processed-gene-0.1-mRNA-1 2621223
.56 augustus_masked-168358546-processed-gene-0.7-mRNA-1 661476
.43 augustus_masked-168358546-processed-gene-0.7-mRNA-1 2544228
.64 maker-167831585-snap-gene-0.17-mRNA-1 2544281
.14 maker-167831585-snap-gene-0.17-mRNA-1 2593152
.58 maker-168246699-snap-gene-0.15-mRNA-1 2671209
.16 maker-168246699-snap-gene-0.15-mRNA-1 2671209
.35 maker-168188745-augustus-gene-0.16-mRNA-1 2665912
.56 maker-168188745-augustus-gene-0.16-mRNA-1 547622
.39 maker-166748757-augustus-gene-0.4-mRNA-2 2538817
.23 maker-166748757-augustus-gene-0.4-mRNA-2 2553925
.18 maker-166748757-augustus-gene-0.4-mRNA-2 2607136
.15 maker-168571238-snap-gene-0.43-mRNA-1 2573189
.68 maker-168571238-snap-gene-0.43-mRNA-1 2539280
.90 maker-168488572-snap-gene-0.143-mRNA-1 2671193
.08 maker-168488572-snap-gene-0.143-mRNA-1 1971646
.27 maker-161346201-snap-gene-0.6-mRNA-1 919642
.27 maker-161346201-snap-gene-0.6-mRNA-1 2595931
.19 maker-161346201-snap-gene-0.6-mRNA-1 1593301
.23 genemark-168492273-processed-gene-0.12-mRNA-1 2542742
.13 genemark-168492273-processed-gene-0.12-mRNA-1 562746
.15 genemark-168492273-processed-gene-0.12-mRNA-1 2590954
.98 maker-168569133-augustus-gene-0.17-mRNA-1 2547544
.51 maker-168189353-snap-gene-0.30-mRNA-1 2671047
.24 maker-168509533-augustus-gene-0.10-mRNA-1 2671094
.49 maker-168509533-augustus-gene-0.10-mRNA-1 2671094
.14 maker-168577049-augustus-gene-0.10-mRNA-1 2563877
.56 maker-168577049-augustus-gene-0.10-mRNA-1 2671194
.99 augustus_masked-163331802-processed-gene-0.0-mRNA-1 2671035
.48 maker-168543012-augustus-gene-0.16-mRNA-1 2671207
.18 maker-168543012-augustus-gene-0.16-mRNA-1 2551240
.21 augustus_masked-168139723-processed-gene-0.0-mRNA-1 2560671
.60 augustus_masked-168139723-processed-gene-0.0-mRNA-1 2671058
.36 augustus_masked-168226854-processed-gene-0.3-mRNA-1 2569828
.63 augustus_masked-168226854-processed-gene-0.3-mRNA-1 642956
.17 genemark-168459937-processed-gene-0.62-mRNA-1 2549112
.15 genemark-168459937-processed-gene-0.62-mRNA-1 723781
.65 genemark-168311486-processed-gene-0.19-mRNA-1 2670904
.14 genemark-168311486-processed-gene-0.19-mRNA-1 2578134
.53 augustus_masked-168211093-processed-gene-0.2-mRNA-1 2670870
.36 augustus_masked-168211093-processed-gene-0.2-mRNA-1 2549216
.89 augustus_masked-165118678-processed-gene-0.0-mRNA-1 2544094
.10 augustus_masked-165118678-processed-gene-0.0-mRNA-1 2574311
.45 maker-167813821-snap-gene-0.18-mRNA-1 2671003
.17 maker-167813821-snap-gene-0.18-mRNA-1 2618676
.48 maker-168576992-augustus-gene-0.22-mRNA-1 2567423
.16 maker-168576992-augustus-gene-0.22-mRNA-1 1669808
.50 maker-167179853-snap-gene-0.5-mRNA-2 2671220
.14 maker-167179853-snap-gene-0.5-mRNA-2 2540447
.13 maker-167179853-snap-gene-0.5-mRNA-2 2569213
.48 maker-168190366-augustus-gene-0.36-mRNA-1 2542064
.15 maker-168190366-augustus-gene-0.36-mRNA-1 972924
.99 maker-163244313-augustus-gene-0.3-mRNA-1 2670755
.62 augustus_masked-168442181-processed-gene-0.10-mRNA-1 2573197
.30 augustus_masked-168442181-processed-gene-0.10-mRNA-1 2671084
.82 maker-168494164-snap-gene-0.44-mRNA-1 2671221
.90 maker-168505222-augustus-gene-0.19-mRNA-1 2671206
.08 maker-168505222-augustus-gene-0.19-mRNA-1 36956
.74 maker-168461588-snap-gene-0.80-mRNA-1 2671114
.13 maker-168461588-snap-gene-0.80-mRNA-1 2617393
.45 snap_masked-168522561-processed-gene-0.6-mRNA-1 1755094
.34 snap_masked-168522561-processed-gene-0.6-mRNA-1 1791109
.30 snap_masked-168522561-processed-gene-0.6-mRNA-1 1005386
.55 maker-168396446-snap-gene-0.21-mRNA-1 2671160
.19 maker-168396446-snap-gene-0.21-mRNA-1 937629
.65 maker-168568009-snap-gene-0.8-mRNA-1 383037
.29 maker-168568009-snap-gene-0.8-mRNA-1 2545255
.76 snap_masked-168256972-processed-gene-0.3-mRNA-1 2539072
.23 snap_masked-168256972-processed-gene-0.3-mRNA-1 1037881
.37 maker-168568376-snap-gene-0.42-mRNA-1 2671210
.15 maker-168568376-snap-gene-0.42-mRNA-1 2557881
.10 maker-168568376-snap-gene-0.42-mRNA-1 2671210
.63 maker-168191671-snap-gene-0.57-mRNA-1 2565378
.21 maker-168191671-snap-gene-0.57-mRNA-1 2584883
.99 maker-168364901-snap-gene-0.11-mRNA-1 2671214
.84 maker-168235667-snap-gene-0.76-mRNA-1 2670976
.15 maker-168235667-snap-gene-0.76-mRNA-1 2558562
.26 maker-168512134-augustus-gene-0.24-mRNA-1 2539772
.15 maker-168512134-augustus-gene-0.24-mRNA-1 2580537
.84 maker-168577033-snap-gene-0.50-mRNA-1 2562514
.03 maker-168577033-snap-gene-0.50-mRNA-1 1048851
.38 maker-168297202-snap-gene-0.4-mRNA-1 2544637
.40 maker-168297202-snap-gene-0.4-mRNA-1 2582407
.23 maker-167995255-snap-gene-0.13-mRNA-1 894974
.74 maker-167995255-snap-gene-0.13-mRNA-1 2547923
.31 maker-168241879-augustus-gene-0.8-mRNA-1 2553442
.22 maker-168241879-augustus-gene-0.8-mRNA-1 2561371
.30 augustus_masked-168517182-processed-gene-0.2-mRNA-1 2563266
.45 augustus_masked-168517182-processed-gene-0.2-mRNA-1 2671053
.48 genemark-168485793-processed-gene-0.30-mRNA-1 2544752
.30 genemark-168485793-processed-gene-0.30-mRNA-1 2671213
.75 maker-163194786-snap-gene-0.4-mRNA-1 2670835
.24 maker-163194786-snap-gene-0.4-mRNA-1 2604056
.16 genemark-168302046-processed-gene-0.14-mRNA-1 2554710
.83 genemark-168302046-processed-gene-0.14-mRNA-1 584969
.76 maker-168390760-snap-gene-0.46-mRNA-1 2671019
.33 augustus_masked-166713843-processed-gene-0.0-mRNA-1 2549329
.66 augustus_masked-166713843-processed-gene-0.0-mRNA-1 510613
.65 augustus_masked-168554991-processed-gene-0.8-mRNA-1 2671063
.14 augustus_masked-168554991-processed-gene-0.8-mRNA-1 2580240
.45 maker-167899756-snap-gene-0.51-mRNA-1 278453
.32 maker-167899756-snap-gene-0.51-mRNA-1 2597429
.52 maker-168364698-augustus-gene-0.7-mRNA-1 2636965
.19 maker-168364698-augustus-gene-0.7-mRNA-1 2547451
.15 maker-168364698-augustus-gene-0.7-mRNA-1 2553520
.02 maker-168364698-augustus-gene-0.7-mRNA-1 2636965
.54 augustus_masked-168187298-processed-gene-0.2-mRNA-1 2671205
.27 maker-168577067-augustus-gene-0.15-mRNA-1 2539552
.71 maker-168577067-augustus-gene-0.15-mRNA-1 145196
.24 snap_masked-168408312-processed-gene-0.6-mRNA-1 2539563
.57 snap_masked-168408312-processed-gene-0.6-mRNA-1 2565974
.58 maker-168496454-snap-gene-0.99-mRNA-1 2671077
.22 maker-168496454-snap-gene-0.99-mRNA-1 879438
.22 maker-168496454-snap-gene-0.99-mRNA-1 1335970
.77 snap_masked-168506167-processed-gene-0.15-mRNA-1 2671036
.30 augustus_masked-168488821-processed-gene-2.10-mRNA-1 2563122
.50 augustus_masked-168488821-processed-gene-2.10-mRNA-1 843703
.77 maker-168577244-snap-gene-0.25-mRNA-1 2565132
.02 maker-168577244-snap-gene-0.25-mRNA-1 2652472
.04 maker-168577244-snap-gene-0.25-mRNA-1 1877433
.34 maker-167939701-augustus-gene-0.13-mRNA-2 2541267
.38 maker-167939701-augustus-gene-0.13-mRNA-2 2671156
.09 augustus_masked-168380280-processed-gene-0.14-mRNA-1 2544604
.89 augustus_masked-168380280-processed-gene-0.14-mRNA-1 2671140
.31 maker-168184771-augustus-gene-0.61-mRNA-1 2671048
.23 maker-168184771-augustus-gene-0.61-mRNA-1 346508
.21 maker-168184771-augustus-gene-0.61-mRNA-1 2547640
.32 maker-168377714-augustus-gene-0.42-mRNA-1 2538799
.30 maker-168377714-augustus-gene-0.42-mRNA-1 482101
.23 snap_masked-168369745-processed-gene-0.102-mRNA-1 2562637
.59 snap_masked-168369745-processed-gene-0.102-mRNA-1 885784
.99 maker-168392269-snap-gene-0.64-mRNA-2 2671196
.40 maker-168243758-snap-gene-0.22-mRNA-1 2557128
.24 maker-168243758-snap-gene-0.22-mRNA-1 2670811
.35 maker-168058330-snap-gene-0.25-mRNA-1 2545813
.35 maker-168058330-snap-gene-0.25-mRNA-1 2671016
.23 maker-168058330-snap-gene-0.25-mRNA-1 2567140
.01 maker-168058330-snap-gene-0.25-mRNA-1 2538427
.31 maker-168420388-snap-gene-0.48-mRNA-1 2540663
.28 maker-168420388-snap-gene-0.48-mRNA-1 2540074
.08 maker-166699177-augustus-gene-0.4-mRNA-1 2546605
.90 maker-166699177-augustus-gene-0.4-mRNA-1 2671180
.38 maker-168480493-snap-gene-0.35-mRNA-1 2670995
.31 maker-168480493-snap-gene-0.35-mRNA-1 368155
.37 maker-168277376-augustus-gene-0.56-mRNA-1 2543330
.18 maker-168277376-augustus-gene-0.56-mRNA-1 2539243
.18 maker-168277376-augustus-gene-0.56-mRNA-1 2543331
.15 maker-168277376-augustus-gene-0.56-mRNA-1 2568852
.13 maker-168277376-augustus-gene-0.56-mRNA-1 2602226
.36 maker-168285628-augustus-gene-0.11-mRNA-1 2625488
.41 maker-168285628-augustus-gene-0.11-mRNA-1 1237971
.21 maker-167805054-snap-gene-0.76-mRNA-1 2569790
.78 maker-167805054-snap-gene-0.76-mRNA-1 2546259
.65 augustus_masked-158905182-processed-gene-0.0-mRNA-1 2541820
.33 augustus_masked-158905182-processed-gene-0.0-mRNA-1 2538814
.33 maker-168372574-snap-gene-0.20-mRNA-1 2593864
.27 maker-168372574-snap-gene-0.20-mRNA-1 2542217
.16 maker-168372574-snap-gene-0.20-mRNA-1 2539170
.15 maker-168372574-snap-gene-0.20-mRNA-1 2624435
.25 maker-168393731-augustus-gene-0.71-mRNA-1 2670907
.22 maker-168393731-augustus-gene-0.71-mRNA-1 2539991
.08 maker-168393731-augustus-gene-0.71-mRNA-1 601041
.06 maker-168393731-augustus-gene-0.71-mRNA-1 2539400
.80 maker-168514404-snap-gene-0.56-mRNA-1 2671110
.16 maker-168514404-snap-gene-0.56-mRNA-1 483189
.87 maker-168409188-augustus-gene-0.19-mRNA-1 2670909
.12 maker-168409188-augustus-gene-0.19-mRNA-1 2542451
.86 augustus_masked-168194504-processed-gene-0.12-mRNA-1 2667297
.94 snap_masked-168315563-processed-gene-0.4-mRNA-1 2670959
.55 maker-166055328-snap-gene-0.4-mRNA-1 2670967
.37 maker-166055328-snap-gene-0.4-mRNA-1 754129
.02 maker-166055328-snap-gene-0.4-mRNA-1 2670878
.45 augustus_masked-168406026-processed-gene-0.6-mRNA-1 2545659
.46 augustus_masked-168406026-processed-gene-0.6-mRNA-1 2587964
.25 augustus_masked-168406026-processed-gene-0.6-mRNA-1 189239
.15 augustus_masked-168406026-processed-gene-0.6-mRNA-1 2558640
.15 augustus_masked-168406026-processed-gene-0.6-mRNA-1 2628797
.47 maker-168185324-augustus-gene-0.5-mRNA-1 2671211
.17 maker-168185324-augustus-gene-0.5-mRNA-1 2540698
.57 augustus_masked-168186618-processed-gene-0.0-mRNA-1 2671184
.11 augustus_masked-168186618-processed-gene-0.0-mRNA-1 2671184
.07 augustus_masked-168186618-processed-gene-0.0-mRNA-1 2552517
.07 augustus_masked-168186618-processed-gene-0.0-mRNA-1 2539159
.63 maker-168228879-snap-gene-0.65-mRNA-1 2671177
.35 maker-168228879-snap-gene-0.65-mRNA-1 2586543
.54 augustus_masked-168515357-processed-gene-0.8-mRNA-1 2670969
.36 augustus_masked-168515357-processed-gene-0.8-mRNA-1 2541794
.57 genemark-168199944-processed-gene-0.55-mRNA-1 2575644
.37 genemark-168199944-processed-gene-0.55-mRNA-1 2553882
0 maker-168540420-augustus-gene-0.19-mRNA-2 2671185
0 maker-168540420-augustus-gene-0.19-mRNA-2 2567527
.18 genemark-168017464-processed-gene-0.2-mRNA-1 2547073
.74 genemark-168017464-processed-gene-0.2-mRNA-1 2671071
.37 maker-168566255-snap-gene-0.80-mRNA-1 2670840
.20 maker-168566255-snap-gene-0.80-mRNA-1 2623615
.85 maker-168230875-snap-gene-0.18-mRNA-1 2671045
.30 augustus_masked-166403392-processed-gene-0.0-mRNA-1 2540148
.27 augustus_masked-166403392-processed-gene-0.0-mRNA-1 2541353
.64 maker-168501230-snap-gene-0.50-mRNA-1 2542970
.35 maker-168501230-snap-gene-0.50-mRNA-1 2582777
.18 maker-168252459-augustus-gene-0.29-mRNA-1 2561409
.15 maker-168252459-augustus-gene-0.29-mRNA-1 2538640
.39 maker-163782445-snap-gene-0.3-mRNA-1 707875
.30 maker-163782445-snap-gene-0.3-mRNA-1 707877
.59 augustus_masked-168432818-processed-gene-0.11-mRNA-1 279478
.19 augustus_masked-168432818-processed-gene-0.11-mRNA-1 2541749
.27 maker-168467618-augustus-gene-0.44-mRNA-1 2651315
.72 maker-168467618-augustus-gene-0.44-mRNA-1 2542762
.18 maker-168184200-augustus-gene-0.8-mRNA-1 2543484
.60 maker-168184200-augustus-gene-0.8-mRNA-1 2543485
.30 snap_masked-167906892-processed-gene-0.5-mRNA-1 2618741
.56 snap_masked-167906892-processed-gene-0.5-mRNA-1 2574552
.36 maker-168223430-augustus-gene-0.87-mRNA-1 2671217
.13 maker-168223430-augustus-gene-0.87-mRNA-1 2652433
.08 maker-168223430-augustus-gene-0.87-mRNA-1 2671217
.40 maker-168521003-snap-gene-0.84-mRNA-1 2571901
.65 snap_masked-168534233-processed-gene-0.46-mRNA-1 2549908
.38 snap_masked-168534233-processed-gene-0.46-mRNA-1 1398657
.27 snap_masked-168534233-processed-gene-0.46-mRNA-1 924436
.66 maker-167835609-snap-gene-0.14-mRNA-2 2670974
.15 maker-167835609-snap-gene-0.14-mRNA-2 677486
.58 augustus_masked-168493671-processed-gene-0.0-mRNA-1 2542266
.36 augustus_masked-168493671-processed-gene-0.0-mRNA-1 1765234
.43 augustus_masked-168512396-processed-gene-0.0-mRNA-1 2560190
.35 augustus_masked-168512396-processed-gene-0.0-mRNA-1 2563939
.31 augustus_masked-168512396-processed-gene-0.0-mRNA-1 2652157
.41 maker-168366183-augustus-gene-0.8-mRNA-1 2529121
.88 maker-168460192-snap-gene-0.52-mRNA-1 2671199
.75 maker-167002919-augustus-gene-0.3-mRNA-1 2671158
.10 maker-167002919-augustus-gene-0.3-mRNA-1 2542004
.05 maker-167002919-augustus-gene-0.3-mRNA-1 2616019
.71 maker-161787807-augustus-gene-0.3-mRNA-1 2671145
.17 maker-161787807-augustus-gene-0.3-mRNA-1 2616147
.50 maker-168571131-snap-gene-0.43-mRNA-2 2670850
.87 maker-168304305-snap-gene-0.22-mRNA-1 2671215
.12 maker-168304305-snap-gene-0.22-mRNA-1 1475759
.75 genemark-168577349-processed-gene-0.32-mRNA-1 2587332
.16 genemark-168577349-processed-gene-0.32-mRNA-1 1674942
.07 maker-164287066-augustus-gene-0.3-mRNA-1 2335969
.85 maker-164287066-augustus-gene-0.3-mRNA-1 2540400
.80 augustus_masked-168548427-processed-gene-0.5-mRNA-1 746491
.15 augustus_masked-168548427-processed-gene-0.5-mRNA-1 2538647
.29 maker-168438263-snap-gene-0.41-mRNA-1 2568974
.30 maker-168438263-snap-gene-0.41-mRNA-1 938882
.26 maker-168438263-snap-gene-0.41-mRNA-1 2556846
.24 maker-168438263-snap-gene-0.41-mRNA-1 2573247
.24 maker-168438263-snap-gene-0.41-mRNA-1 2543869
.28 maker-168488694-augustus-gene-0.34-mRNA-1 453559
.28 maker-168488694-augustus-gene-0.34-mRNA-1 2541973
.24 maker-168488694-augustus-gene-0.34-mRNA-1 2549956
.11 maker-168488694-augustus-gene-0.34-mRNA-1 401475
.04 maker-168488694-augustus-gene-0.34-mRNA-1 2540565
.33 augustus_masked-168567162-processed-gene-0.0-mRNA-1 2671208
.22 augustus_masked-168567162-processed-gene-0.0-mRNA-1 2671208
.39 maker-168184455-augustus-gene-0.16-mRNA-1 2671179
.12 maker-168184455-augustus-gene-0.16-mRNA-1 2543806
.30 snap_masked-168179038-processed-gene-0.12-mRNA-1 562556
.46 snap_masked-168179038-processed-gene-0.12-mRNA-1 565676
.82 maker-168577031-augustus-gene-0.26-mRNA-1 2671066
.13 maker-168577031-augustus-gene-0.26-mRNA-1 2539137
.74 maker-168334701-augustus-gene-0.20-mRNA-1 2671192
.25 maker-168334701-augustus-gene-0.20-mRNA-1 666642
.53 genemark-167737533-processed-gene-0.0-mRNA-1 2550448
.30 genemark-167737533-processed-gene-0.0-mRNA-1 2588301
.37 maker-164622502-snap-gene-0.4-mRNA-1 2563290
.40 maker-164622502-snap-gene-0.4-mRNA-1 211663
.60 augustus_masked-168076689-processed-gene-0.0-mRNA-1 2547874
.20 augustus_masked-168076689-processed-gene-0.0-mRNA-1 2594269
.59 augustus_masked-168548800-processed-gene-0.13-mRNA-1 2579328
.23 augustus_masked-168548800-processed-gene-0.13-mRNA-1 2589158
.35 maker-161890636-augustus-gene-0.3-mRNA-1 2670462
.63 maker-161890636-augustus-gene-0.3-mRNA-1 2538646
.66 maker-168173421-augustus-gene-0.17-mRNA-1 2569760
.22 maker-168173421-augustus-gene-0.17-mRNA-1 2595780
.14 maker-168173421-augustus-gene-0.17-mRNA-1 2628016
.25 snap_masked-168492169-processed-gene-0.15-mRNA-1 2549869
.48 snap_masked-168492169-processed-gene-0.15-mRNA-1 2551143
.72 maker-168191458-augustus-gene-0.89-mRNA-1 2670987
.27 maker-168191458-augustus-gene-0.89-mRNA-1 2548718
.61 augustus_masked-168548264-processed-gene-0.10-mRNA-1 2671028
.38 augustus_masked-168548264-processed-gene-0.10-mRNA-1 2597985
.69 maker-167826274-snap-gene-0.11-mRNA-1 2543263
.14 maker-167826274-snap-gene-0.11-mRNA-1 667957
.08 augustus_masked-52956962-processed-gene-0.1-mRNA-1 473231
.87 augustus_masked-52956962-processed-gene-0.1-mRNA-1 2542127
.37 maker-168499626-augustus-gene-0.26-mRNA-1 2539518
.10 maker-168184630-snap-gene-0.7-mRNA-1 2581448
.73 maker-168184630-snap-gene-0.7-mRNA-1 2671212
.62 maker-168188226-snap-gene-0.56-mRNA-1 2671186
.14 maker-168188226-snap-gene-0.56-mRNA-1 2619501
.14 maker-168188226-snap-gene-0.56-mRNA-1 2584859
.21 maker-168499058-augustus-gene-0.12-mRNA-1 368621
.32 maker-168499058-augustus-gene-0.12-mRNA-1 336592
.53 maker-168471627-augustus-gene-0.33-mRNA-1 2543658
.38 maker-168471627-augustus-gene-0.33-mRNA-1 2599507
.33 augustus_masked-167045582-processed-gene-0.0-mRNA-1 2667835
.30 augustus_masked-167045582-processed-gene-0.0-mRNA-1 2646026
.37 snap_masked-168510113-processed-gene-0.6-mRNA-1 2578103
.24 snap_masked-168510113-processed-gene-0.6-mRNA-1 2547852
.50 augustus_masked-168221913-processed-gene-0.0-mRNA-1 2671065
.38 augustus_masked-168221913-processed-gene-0.0-mRNA-1 283419
.73 augustus_masked-168369921-processed-gene-0.0-mRNA-1 2671096
.36 augustus_masked-168369921-processed-gene-0.0-mRNA-1 2671050
.24 augustus_masked-168369921-processed-gene-0.0-mRNA-1 257761
.20 augustus_masked-168369921-processed-gene-0.0-mRNA-1 2571987
.15 augustus_masked-168369921-processed-gene-0.0-mRNA-1 2540848
.65 maker-166368414-snap-gene-0.8-mRNA-1 2651042
.55 maker-167195305-snap-gene-0.4-mRNA-1 2611557
.24 maker-167195305-snap-gene-0.4-mRNA-1 2606077
.27 maker-167195305-snap-gene-0.4-mRNA-1 2607439
.88 maker-168444607-augustus-gene-0.99-mRNA-1 2671102
.43 maker-168242180-augustus-gene-0.67-mRNA-1 2671201
.25 maker-168242180-augustus-gene-0.67-mRNA-1 2671201
.24 maker-168242180-augustus-gene-0.67-mRNA-1 2560252
.15 maker-168548970-snap-gene-0.79-mRNA-1 650059
.75 maker-168548970-snap-gene-0.79-mRNA-1 2671060
.26 maker-168545115-augustus-gene-0.6-mRNA-1 2538552
.48 maker-168545115-augustus-gene-0.6-mRNA-1 2539132
.44 maker-168430973-augustus-gene-0.18-mRNA-1 2670893
.14 maker-168430973-augustus-gene-0.18-mRNA-1 2644916
.65 maker-168184203-snap-gene-0.7-mRNA-1 2670954
.07 maker-168184203-snap-gene-0.7-mRNA-1 2591516
.33 augustus_masked-168189426-processed-gene-0.12-mRNA-1 2589238
.45 augustus_masked-168189426-processed-gene-0.12-mRNA-1 2540371
.35 genemark-168406512-processed-gene-0.3-mRNA-1 589082
.20 genemark-168406512-processed-gene-0.3-mRNA-1 2648510
.58 maker-168496311-augustus-gene-0.12-mRNA-1 2544490
.22 maker-168496311-augustus-gene-0.12-mRNA-1 501136
.82 augustus_masked-168189641-processed-gene-0.1-mRNA-1 2547854
.16 augustus_masked-168189641-processed-gene-0.1-mRNA-1 2418292
.46 maker-168256776-augustus-gene-0.21-mRNA-1 2621979
.29 maker-168256776-augustus-gene-0.21-mRNA-1 2555866
.08 maker-168526287-augustus-gene-0.62-mRNA-1 2621741
.84 maker-168526287-augustus-gene-0.62-mRNA-1 2671146
.53 augustus_masked-168189887-processed-gene-0.6-mRNA-1 2671001
.22 augustus_masked-168189887-processed-gene-0.6-mRNA-1 2543781
.10 augustus_masked-168185575-processed-gene-0.0-mRNA-1 1373020
.88 augustus_masked-168185575-processed-gene-0.0-mRNA-1 2671204
.54 maker-168552279-augustus-gene-0.53-mRNA-1 2670978
.17 maker-168552279-augustus-gene-0.53-mRNA-1 265546
.91 augustus_masked-168188112-processed-gene-0.0-mRNA-1 2548327
.57 augustus_masked-168188112-processed-gene-0.0-mRNA-1 1266943
.56 augustus_masked-168185435-processed-gene-0.1-mRNA-1 2671026
.25 augustus_masked-168185435-processed-gene-0.1-mRNA-1 2559652
.81 augustus_masked-168255802-processed-gene-0.0-mRNA-1 747141
.18 augustus_masked-168255802-processed-gene-0.0-mRNA-1 2461973
.69 genemark-168403482-processed-gene-0.4-mRNA-1 2563580
.26 genemark-168403482-processed-gene-0.4-mRNA-1 2563579
.20 maker-168251792-augustus-gene-0.21-mRNA-1 2659457
.46 maker-168251792-augustus-gene-0.21-mRNA-1 2546227
.12 augustus_masked-161866779-processed-gene-0.0-mRNA-1 2566557
.77 augustus_masked-161866779-processed-gene-0.0-mRNA-1 484589
.73 maker-168505505-snap-gene-0.12-mRNA-1 2563562
.20 maker-168505505-snap-gene-0.12-mRNA-1 1024772
.80 maker-168075387-snap-gene-0.52-mRNA-1 2671182
.99 maker-168547667-augustus-gene-1.117-mRNA-1 2671068
.08 snap_masked-167545665-processed-gene-0.2-mRNA-1 1301279
.29 snap_masked-167545665-processed-gene-0.2-mRNA-1 456605
.28 maker-168228037-augustus-gene-0.72-mRNA-1 2574358
.71 maker-168228037-augustus-gene-0.72-mRNA-1 2542973
.81 maker-166126260-augustus-gene-0.3-mRNA-1 2670757
.14 maker-166126260-augustus-gene-0.3-mRNA-1 472066
.39 maker-168467335-snap-gene-0.115-mRNA-1 2671195
.32 maker-168571015-augustus-gene-0.34-mRNA-1 2541673
.30 maker-168571015-augustus-gene-0.34-mRNA-1 2539443
.28 maker-168571015-augustus-gene-0.34-mRNA-1 2558524
.29 augustus_masked-168566215-processed-gene-0.8-mRNA-1 1571391
.70 augustus_masked-168566215-processed-gene-0.8-mRNA-1 2540948
.10 snap_masked-162441683-processed-gene-0.3-mRNA-1 2544018
.89 snap_masked-162441683-processed-gene-0.3-mRNA-1 2671005
.34 maker-168428007-augustus-gene-0.41-mRNA-1 2543550
.05 maker-168428007-augustus-gene-0.41-mRNA-1 2554548
.06 maker-168428007-augustus-gene-0.41-mRNA-1 1046458
