.82 snap_masked-168439309-processed-gene-0.61-mRNA-1 4252229
.17 snap_masked-168439309-processed-gene-0.61-mRNA-1 834538
.25 maker-168249972-snap-gene-0.50-mRNA-1 4063296
.09 maker-168249972-snap-gene-0.50-mRNA-1 4128431
.78 maker-166709861-augustus-gene-0.5-mRNA-1 4252429
.12 maker-166709861-augustus-gene-0.5-mRNA-1 4048262
.40 augustus_masked-166694858-processed-gene-0.0-mRNA-1 4252424
.15 maker-168577270-snap-gene-0.62-mRNA-1 796735
.74 maker-168577270-snap-gene-0.62-mRNA-1 4252145
.61 maker-168184548-augustus-gene-0.5-mRNA-1 4251955
.04 maker-168184548-augustus-gene-0.5-mRNA-1 4051007
.04 maker-168184548-augustus-gene-0.5-mRNA-1 4146262
.12 maker-165911483-augustus-gene-0.3-mRNA-1 4153127
.87 maker-165911483-augustus-gene-0.3-mRNA-1 4051522
.40 maker-160260906-augustus-gene-0.3-mRNA-1 4072191
.35 maker-160260906-augustus-gene-0.3-mRNA-1 4048367
.11 genemark-168096371-processed-gene-0.1-mRNA-1 4174884
.71 genemark-168096371-processed-gene-0.1-mRNA-1 4252459
.50 maker-168469074-snap-gene-0.43-mRNA-1 4080815
.48 maker-168469074-snap-gene-0.43-mRNA-1 4252411
.26 maker-168446302-augustus-gene-0.89-mRNA-1 4054875
.51 maker-168446302-augustus-gene-0.89-mRNA-1 4087991
.41 maker-168202927-snap-gene-0.53-mRNA-1 274789
.22 maker-168202927-snap-gene-0.53-mRNA-1 274788
.35 maker-168499000-snap-gene-0.105-mRNA-1 4252092
.66 genemark-168212948-processed-gene-0.29-mRNA-1 1603309
.33 genemark-168212948-processed-gene-0.29-mRNA-1 25154
.66 augustus_masked-168185673-processed-gene-0.2-mRNA-1 4252449
.19 augustus_masked-168185673-processed-gene-0.2-mRNA-1 4077993
.80 maker-168575537-augustus-gene-0.64-mRNA-1 4056849
.19 maker-168575537-augustus-gene-0.64-mRNA-1 4100715
.28 genemark-166920550-processed-gene-0.0-mRNA-1 4081995
.71 genemark-166920550-processed-gene-0.0-mRNA-1 4155789
.50 augustus_masked-167983974-processed-gene-0.2-mRNA-1 4049124
.26 augustus_masked-167983974-processed-gene-0.2-mRNA-1 4046644
.53 maker-168185567-augustus-gene-0.11-mRNA-2 4252420
.16 maker-168185567-augustus-gene-0.11-mRNA-2 4252420
.58 maker-164687080-snap-gene-0.4-mRNA-2 4053439
.12 maker-164687080-snap-gene-0.4-mRNA-2 4048489
.60 genemark-167812446-processed-gene-0.8-mRNA-1 4164333
.39 genemark-167812446-processed-gene-0.8-mRNA-1 4048294
.43 augustus_masked-168248182-processed-gene-0.0-mRNA-1 4049347
.34 augustus_masked-168248182-processed-gene-0.0-mRNA-1 4047657
.32 augustus_masked-168248182-processed-gene-0.0-mRNA-1 157128
.40 maker-168186754-snap-gene-0.41-mRNA-1 680663
.49 snap_masked-168231449-processed-gene-0.7-mRNA-1 4252425
.48 snap_masked-168231449-processed-gene-0.7-mRNA-1 4252425
.17 maker-168516342-snap-gene-0.16-mRNA-1 4060966
.77 maker-168516342-snap-gene-0.16-mRNA-1 4252434
.99 genemark-168203837-processed-gene-0.17-mRNA-1 4252461
.22 maker-167897722-snap-gene-0.10-mRNA-1 1579298
.59 maker-167897722-snap-gene-0.10-mRNA-1 4252026
.50 snap_masked-168496729-processed-gene-0.4-mRNA-1 4143347
.49 snap_masked-168496729-processed-gene-0.4-mRNA-1 656725
.70 maker-168577009-snap-gene-0.24-mRNA-2 4252456
.16 maker-168577009-snap-gene-0.24-mRNA-2 4066512
.19 maker-168568086-snap-gene-0.43-mRNA-1 4097510
.75 maker-168568086-snap-gene-0.43-mRNA-1 4226177
.17 augustus_masked-168550118-processed-gene-1.59-mRNA-1 1020695
.23 augustus_masked-168550118-processed-gene-1.59-mRNA-1 1713401
.19 augustus_masked-160042276-processed-gene-0.0-mRNA-1 1762588
.60 augustus_masked-160042276-processed-gene-0.0-mRNA-1 4161853
.83 maker-168110254-augustus-gene-0.17-mRNA-1 4252458
.14 maker-168110254-augustus-gene-0.17-mRNA-1 4080095
.67 maker-168436135-augustus-gene-0.62-mRNA-1 4252435
.24 maker-168436135-augustus-gene-0.62-mRNA-1 1230287
.74 maker-168479037-snap-gene-0.67-mRNA-1 4064731
.09 maker-168479037-snap-gene-0.67-mRNA-1 4073771
.43 maker-168555059-snap-gene-0.64-mRNA-1 4252432
.29 maker-168528502-augustus-gene-0.43-mRNA-1 643206
.24 maker-168528502-augustus-gene-0.43-mRNA-1 4052079
.24 maker-168528502-augustus-gene-0.43-mRNA-1 320677
.16 maker-168528502-augustus-gene-0.43-mRNA-1 1532564
.26 augustus_masked-168482983-processed-gene-0.8-mRNA-1 4049120
.03 augustus_masked-168482983-processed-gene-0.8-mRNA-1 4047232
.03 augustus_masked-168482983-processed-gene-0.8-mRNA-1 4097483
.21 genemark-168108174-processed-gene-0.7-mRNA-1 4242026
.22 genemark-168108174-processed-gene-0.7-mRNA-1 4129531
.40 maker-162989239-augustus-gene-0.5-mRNA-1 4251904
.13 maker-162989239-augustus-gene-0.5-mRNA-1 73427
.08 maker-168573578-snap-gene-0.67-mRNA-1 1370460
.16 maker-168573578-snap-gene-0.67-mRNA-1 4248181
.85 maker-168450515-augustus-gene-0.45-mRNA-1 4252463
.10 maker-168450515-augustus-gene-0.45-mRNA-1 4068794
.22 maker-168537843-snap-gene-0.11-mRNA-1 4062776
.56 maker-168537843-snap-gene-0.11-mRNA-1 4241623
.82 maker-168541419-snap-gene-0.77-mRNA-1 4252065
.23 maker-168194286-snap-gene-0.38-mRNA-1 4153157
.36 maker-168194286-snap-gene-0.38-mRNA-1 4104211
.41 maker-168538612-snap-gene-0.45-mRNA-1 4148327
.33 maker-168538612-snap-gene-0.45-mRNA-1 4062812
.19 maker-168523717-snap-gene-0.28-mRNA-1 1453603
.60 maker-168523717-snap-gene-0.28-mRNA-1 4252421
.50 maker-165751893-augustus-gene-0.3-mRNA-1 4055702
.25 maker-165751893-augustus-gene-0.3-mRNA-1 4125579
.37 augustus_masked-168545334-processed-gene-0.0-mRNA-1 1365349
.33 augustus_masked-168545334-processed-gene-0.0-mRNA-1 4231461
.61 genemark-168438890-processed-gene-0.3-mRNA-1 4252448
.80 maker-168191312-augustus-gene-0.35-mRNA-1 4252388
.07 maker-168191312-augustus-gene-0.35-mRNA-1 883221
.60 maker-168438608-augustus-gene-0.15-mRNA-1 4069202
.39 maker-168438608-augustus-gene-0.15-mRNA-1 980351
.34 maker-168547012-augustus-gene-0.28-mRNA-1 4252460
.30 maker-168547012-augustus-gene-0.28-mRNA-1 4073524
.40 augustus_masked-168315634-processed-gene-0.6-mRNA-1 4080706
.51 augustus_masked-168315634-processed-gene-0.6-mRNA-1 4078394
.30 maker-166959500-augustus-gene-0.3-mRNA-1 4251811
.29 maker-166959500-augustus-gene-0.3-mRNA-1 4070925
.72 maker-168244869-augustus-gene-0.22-mRNA-1 4252374
.12 maker-168244869-augustus-gene-0.22-mRNA-1 4205957
.05 maker-160400468-snap-gene-0.4-mRNA-1 2107126
.92 maker-160400468-snap-gene-0.4-mRNA-1 4066562
.29 maker-168118381-augustus-gene-0.10-mRNA-2 4084030
.21 maker-168118381-augustus-gene-0.10-mRNA-2 4185349
.47 maker-168118381-augustus-gene-0.10-mRNA-2 4252446
.27 genemark-168010118-processed-gene-0.11-mRNA-1 4074224
.39 genemark-168010118-processed-gene-0.11-mRNA-1 4050274
.56 maker-168300109-augustus-gene-0.57-mRNA-1 4252047
.79 augustus_masked-168570439-processed-gene-0.21-mRNA-1 4251800
.13 augustus_masked-168570439-processed-gene-0.21-mRNA-1 4151417
.57 maker-168338503-augustus-gene-0.84-mRNA-1 4252442
.16 maker-168338503-augustus-gene-0.84-mRNA-1 4075160
.15 augustus_masked-168477995-processed-gene-0.2-mRNA-1 1457224
.21 augustus_masked-168477995-processed-gene-0.2-mRNA-1 1289802
.84 snap_masked-162051028-processed-gene-0.3-mRNA-1 4252077
.14 snap_masked-162051028-processed-gene-0.3-mRNA-1 4099741
.65 genemark-168340232-processed-gene-0.5-mRNA-1 4063185
.24 genemark-168340232-processed-gene-0.5-mRNA-1 1754279
.69 maker-168186107-augustus-gene-0.9-mRNA-1 4252382
.19 maker-168186107-augustus-gene-0.9-mRNA-1 4129433
.34 maker-168206713-augustus-gene-0.15-mRNA-1 4051355
.27 maker-168206713-augustus-gene-0.15-mRNA-1 4054097
.99 maker-168512628-augustus-gene-0.114-mRNA-1 4252451
.42 snap_masked-168232124-processed-gene-0.36-mRNA-1 1039159
.28 snap_masked-168232124-processed-gene-0.36-mRNA-1 4252403
.36 maker-162202506-snap-gene-0.5-mRNA-1 4048721
.32 maker-162202506-snap-gene-0.5-mRNA-1 4211370
.29 maker-162202506-snap-gene-0.5-mRNA-1 4158063
.29 maker-162202506-snap-gene-0.5-mRNA-1 4242390
.33 snap_masked-168565145-processed-gene-0.68-mRNA-1 4104477
.56 snap_masked-168565145-processed-gene-0.68-mRNA-1 4091935
.64 maker-168577007-snap-gene-0.30-mRNA-1 4252443
.14 maker-168577007-snap-gene-0.30-mRNA-1 4167498
.62 maker-168294776-augustus-gene-0.15-mRNA-1 4106146
.21 maker-168294776-augustus-gene-0.15-mRNA-1 2168363
.20 maker-168294776-augustus-gene-0.15-mRNA-1 4165865
.16 maker-168294776-augustus-gene-0.15-mRNA-1 2716706
.15 maker-168294776-augustus-gene-0.15-mRNA-1 1613756
.24 maker-168305224-snap-gene-0.44-mRNA-1 4089828
.43 maker-168305224-snap-gene-0.44-mRNA-1 4252082
.61 maker-168496771-snap-gene-0.19-mRNA-1 4048777
.23 maker-168496771-snap-gene-0.19-mRNA-1 1095149
.23 maker-168496771-snap-gene-0.19-mRNA-1 4078372
.72 augustus_masked-166751873-processed-gene-0.0-mRNA-1 4076447
.27 augustus_masked-166751873-processed-gene-0.0-mRNA-1 4047391
.86 augustus_masked-168137751-processed-gene-0.1-mRNA-1 4048099
.13 augustus_masked-168137751-processed-gene-0.1-mRNA-1 4051394
.39 maker-162313884-snap-gene-0.7-mRNA-1 43493
.24 maker-162313884-snap-gene-0.7-mRNA-1 4119500
.19 maker-162313884-snap-gene-0.7-mRNA-1 4122964
.43 maker-164355195-augustus-gene-0.3-mRNA-1 4053308
.37 maker-164355195-augustus-gene-0.3-mRNA-1 4056893
.17 maker-168189731-snap-gene-0.17-mRNA-1 4136611
.40 maker-168189731-snap-gene-0.17-mRNA-1 4252055
.84 augustus_masked-168389590-processed-gene-0.8-mRNA-1 1030651
.14 augustus_masked-168389590-processed-gene-0.8-mRNA-1 4131342
.29 maker-162026800-snap-gene-0.4-mRNA-1 630068
.70 maker-162026800-snap-gene-0.4-mRNA-1 4056277
.99 augustus_masked-166575899-processed-gene-0.0-mRNA-1 4251972
.23 augustus_masked-166575899-processed-gene-0.0-mRNA-1 4120668
.67 maker-168493225-augustus-gene-0.44-mRNA-1 4252423
.14 maker-168493225-augustus-gene-0.44-mRNA-1 4089790
.14 maker-168493225-augustus-gene-0.44-mRNA-1 4073234
.07 maker-168493225-augustus-gene-0.44-mRNA-1 4252423
.41 maker-168368983-augustus-gene-0.21-mRNA-1 4063193
.27 maker-168368983-augustus-gene-0.21-mRNA-1 4162496
.34 augustus_masked-94147209-processed-gene-0.0-mRNA-1 4050107
.30 augustus_masked-94147209-processed-gene-0.0-mRNA-1 4050106
.29 maker-168569300-augustus-gene-0.28-mRNA-1 4252431
.29 maker-168569300-augustus-gene-0.28-mRNA-1 4058882
.25 maker-168569300-augustus-gene-0.28-mRNA-1 1057161
.76 maker-168550067-snap-gene-0.25-mRNA-1 4252439
.23 maker-168550067-snap-gene-0.25-mRNA-1 4252165
.55 augustus_masked-168085162-processed-gene-0.1-mRNA-1 4252387
.23 augustus_masked-168085162-processed-gene-0.1-mRNA-1 4048351
.32 genemark-168400497-processed-gene-0.3-mRNA-1 4052795
.49 genemark-168400497-processed-gene-0.3-mRNA-1 4048894
.71 augustus_masked-162685992-processed-gene-0.1-mRNA-1 4136472
.13 augustus_masked-162685992-processed-gene-0.1-mRNA-1 4150599
.09 maker-168471107-augustus-gene-0.29-mRNA-1 2086479
.83 maker-168471107-augustus-gene-0.29-mRNA-1 4252248
.99 maker-168410806-augustus-gene-0.10-mRNA-1 4251999
.33 maker-167801222-snap-gene-0.5-mRNA-1 4053712
.66 maker-167801222-snap-gene-0.5-mRNA-1 4252383
.40 maker-166854961-snap-gene-0.1-mRNA-1 1877344
.35 maker-166854961-snap-gene-0.1-mRNA-1 1659224
.57 maker-168185156-snap-gene-0.37-mRNA-1 4084179
.27 maker-168185156-snap-gene-0.37-mRNA-1 4056346
.89 augustus_masked-168419347-processed-gene-0.9-mRNA-1 4252395
.53 maker-168054398-snap-gene-0.23-mRNA-1 4252454
.23 maker-168054398-snap-gene-0.23-mRNA-1 4180125
.55 maker-168253580-augustus-gene-0.8-mRNA-1 4050766
.10 maker-168253580-augustus-gene-0.8-mRNA-1 1864719
.10 maker-168253580-augustus-gene-0.8-mRNA-1 4054263
.49 augustus_masked-168401505-processed-gene-0.1-mRNA-1 4091751
.25 augustus_masked-168401505-processed-gene-0.1-mRNA-1 935900
.66 maker-168071829-augustus-gene-0.17-mRNA-1 4130079
.15 maker-168071829-augustus-gene-0.17-mRNA-1 4084257
.72 maker-168154321-snap-gene-0.46-mRNA-1 4251951
.14 augustus_masked-168568256-processed-gene-0.1-mRNA-1 4083694
.85 augustus_masked-168568256-processed-gene-0.1-mRNA-1 4252397
.76 maker-168511581-augustus-gene-0.52-mRNA-2 4252457
.13 maker-168511581-augustus-gene-0.52-mRNA-2 4096210
.10 maker-168511581-augustus-gene-0.52-mRNA-2 389072
.08 maker-168376257-augustus-gene-0.21-mRNA-1 4242246
.51 maker-168376257-augustus-gene-0.21-mRNA-1 4111767
.98 augustus_masked-102623972-processed-gene-0.0-mRNA-1 4252028
.87 augustus_masked-161602133-processed-gene-0.0-mRNA-1 4252370
.12 augustus_masked-161602133-processed-gene-0.0-mRNA-1 157904
.59 augustus_masked-168569476-processed-gene-0.11-mRNA-1 4251952
.21 augustus_masked-168569476-processed-gene-0.11-mRNA-1 4084415
.14 augustus_masked-168569476-processed-gene-0.11-mRNA-1 4125324
.17 augustus_masked-168569476-processed-gene-0.11-mRNA-1 4074775
.15 augustus_masked-168569476-processed-gene-0.11-mRNA-1 4108828
.51 snap_masked-164117695-processed-gene-0.2-mRNA-1 4066771
.26 snap_masked-164117695-processed-gene-0.2-mRNA-1 4087737
.34 augustus_masked-168341155-processed-gene-0.0-mRNA-1 4079966
.21 augustus_masked-168341155-processed-gene-0.0-mRNA-1 2459926
.38 maker-158765767-augustus-gene-0.4-mRNA-1 4074159
.31 maker-158765767-augustus-gene-0.4-mRNA-1 4071021
.35 maker-165588006-augustus-gene-0.4-mRNA-1 4074940
.64 maker-165588006-augustus-gene-0.4-mRNA-1 4252283
.28 augustus_masked-165876957-processed-gene-0.0-mRNA-1 4252160
.58 augustus_masked-165876957-processed-gene-0.0-mRNA-1 4114716
.17 maker-166798825-snap-gene-0.7-mRNA-1 4073615
.73 maker-166798825-snap-gene-0.7-mRNA-1 4089883
.50 maker-168173517-augustus-gene-0.14-mRNA-1 4252391
.10 maker-168173517-augustus-gene-0.14-mRNA-1 434070
.08 maker-168173517-augustus-gene-0.14-mRNA-1 4078501
.75 maker-166139872-snap-gene-0.4-mRNA-1 4252142
.24 maker-166139872-snap-gene-0.4-mRNA-1 4050978
.57 maker-168285873-augustus-gene-0.16-mRNA-1 4252452
.31 maker-168285873-augustus-gene-0.16-mRNA-1 4057037
.15 snap_masked-168188596-processed-gene-0.24-mRNA-1 4047744
.75 snap_masked-168188596-processed-gene-0.24-mRNA-1 4052778
.16 maker-168524879-snap-gene-0.28-mRNA-1 1452713
.65 maker-168524879-snap-gene-0.28-mRNA-1 4252422
.23 maker-168414305-snap-gene-0.67-mRNA-1 4058560
.60 maker-168414305-snap-gene-0.67-mRNA-1 4047987
.16 maker-168058525-snap-gene-0.75-mRNA-1 4108985
.43 maker-168058525-snap-gene-0.75-mRNA-1 104140
.99 snap_masked-168401655-processed-gene-0.20-mRNA-1 4252271
.99 snap_masked-168401655-processed-gene-0.20-mRNA-1 4049478
.99 snap_masked-168401655-processed-gene-0.20-mRNA-1 1123621
.99 snap_masked-168401655-processed-gene-0.20-mRNA-1 4252071
.99 snap_masked-168401655-processed-gene-0.20-mRNA-1 4227910
.37 maker-168472946-snap-gene-0.29-mRNA-1 4070938
.37 maker-168472946-snap-gene-0.29-mRNA-1 1562389
.73 snap_masked-167837038-processed-gene-0.12-mRNA-1 4053669
.12 snap_masked-167837038-processed-gene-0.12-mRNA-1 1336237
.71 augustus_masked-168220023-processed-gene-0.12-mRNA-1 1006172
.28 augustus_masked-168220023-processed-gene-0.12-mRNA-1 4090367
.28 maker-168186670-augustus-gene-0.9-mRNA-1 4252321
.15 maker-168186670-augustus-gene-0.9-mRNA-1 4165142
.99 maker-168221617-snap-gene-0.32-mRNA-1 4160622
.33 maker-168523894-snap-gene-0.32-mRNA-1 4247839
.24 maker-168523894-snap-gene-0.32-mRNA-1 4197608
.99 augustus_masked-164440326-processed-gene-0.0-mRNA-1 4055185
.67 augustus_masked-164440326-processed-gene-0.0-mRNA-1 991728
.39 snap_masked-168373539-processed-gene-0.14-mRNA-1 146751
.39 snap_masked-168373539-processed-gene-0.14-mRNA-1 4167101
.24 snap_masked-168373539-processed-gene-0.14-mRNA-1 4106024
.02 snap_masked-168373539-processed-gene-0.14-mRNA-1 4048098
.36 augustus_masked-168498303-processed-gene-0.3-mRNA-1 4074338
.56 augustus_masked-168498303-processed-gene-0.3-mRNA-1 4082455
.32 augustus_masked-168059513-processed-gene-0.0-mRNA-1 4089978
.32 augustus_masked-168059513-processed-gene-0.0-mRNA-1 4228768
.21 augustus_masked-168059513-processed-gene-0.0-mRNA-1 4088876
.01 augustus_masked-168059513-processed-gene-0.0-mRNA-1 4180905
.26 maker-168186678-snap-gene-0.11-mRNA-1 4252441
.08 maker-168186678-snap-gene-0.11-mRNA-1 4096570
.07 maker-168186678-snap-gene-0.11-mRNA-1 465486
.07 maker-168186678-snap-gene-0.11-mRNA-1 4054208
.06 maker-168186678-snap-gene-0.11-mRNA-1 4053236
.30 augustus_masked-164735430-processed-gene-0.0-mRNA-1 4226662
.44 augustus_masked-164735430-processed-gene-0.0-mRNA-1 4068411
.01 augustus_masked-168193219-processed-gene-0.4-mRNA-1 4252377
.42 snap_masked-167017394-processed-gene-0.2-mRNA-1 4103542
.35 snap_masked-167017394-processed-gene-0.2-mRNA-1 4052319
.21 maker-167517460-snap-gene-0.5-mRNA-1 4048932
.78 maker-167517460-snap-gene-0.5-mRNA-1 4252390
.57 maker-168300962-augustus-gene-0.4-mRNA-1 4252409
.24 maker-168300962-augustus-gene-0.4-mRNA-1 4058822
.22 maker-168300962-augustus-gene-0.4-mRNA-1 4136962
.25 maker-168300962-augustus-gene-0.4-mRNA-1 4051588
.20 maker-168300962-augustus-gene-0.4-mRNA-1 4161789
.66 maker-168576956-augustus-gene-0.32-mRNA-1 4089275
.16 maker-168576956-augustus-gene-0.32-mRNA-1 4047732
.35 maker-163028356-snap-gene-0.7-mRNA-1 4098479
.44 maker-163028356-snap-gene-0.7-mRNA-1 1477500
.26 maker-168243800-augustus-gene-0.4-mRNA-1 897515
.63 maker-168243800-augustus-gene-0.4-mRNA-1 4065168
.46 augustus_masked-167918065-processed-gene-0.5-mRNA-1 4076730
.23 augustus_masked-167918065-processed-gene-0.5-mRNA-1 715708
.26 maker-168371515-snap-gene-0.24-mRNA-1 4081871
.63 maker-168371515-snap-gene-0.24-mRNA-1 4252075
.23 augustus_masked-168186798-processed-gene-0.0-mRNA-1 4054985
.21 augustus_masked-168186798-processed-gene-0.0-mRNA-1 4075453
.10 augustus_masked-168186798-processed-gene-0.0-mRNA-1 4083834
.79 maker-168484926-augustus-gene-0.32-mRNA-1 4252150
.20 maker-168484926-augustus-gene-0.32-mRNA-1 4121191
.52 maker-168286637-snap-gene-0.34-mRNA-1 4252455
.61 snap_masked-162171145-processed-gene-0.2-mRNA-1 4252430
.31 snap_masked-162171145-processed-gene-0.2-mRNA-1 405930
.49 maker-158787044-augustus-gene-0.3-mRNA-1 1607285
.50 maker-158787044-augustus-gene-0.3-mRNA-1 1089557
.33 augustus_masked-168184695-processed-gene-0.18-mRNA-1 469016
.22 augustus_masked-168184695-processed-gene-0.18-mRNA-1 4147370
.09 maker-168269733-augustus-gene-0.20-mRNA-1 618179
.77 maker-168269733-augustus-gene-0.20-mRNA-1 4252445
.65 maker-168575971-snap-gene-0.42-mRNA-1 4252146
.22 maker-168575971-snap-gene-0.42-mRNA-1 4101699
.12 augustus_masked-168554127-processed-gene-0.4-mRNA-1 3368479
.87 augustus_masked-168554127-processed-gene-0.4-mRNA-1 4251977
.65 maker-167975377-augustus-gene-0.4-mRNA-1 4114638
.16 maker-167975377-augustus-gene-0.4-mRNA-1 285690
.09 maker-168402981-snap-gene-0.6-mRNA-1 4057837
.82 maker-168402981-snap-gene-0.6-mRNA-1 4049692
.29 snap_masked-168549317-processed-gene-0.93-mRNA-1 4047725
.70 snap_masked-168549317-processed-gene-0.93-mRNA-1 4252119
.35 maker-168187433-augustus-gene-0.31-mRNA-1 4252322
.03 maker-168187433-augustus-gene-0.31-mRNA-1 346382
.34 maker-166099382-augustus-gene-0.4-mRNA-1 4166962
.29 maker-166099382-augustus-gene-0.4-mRNA-1 4064361
.16 maker-166099382-augustus-gene-0.4-mRNA-1 1959811
.16 maker-166099382-augustus-gene-0.4-mRNA-1 4055268
.87 maker-161791171-snap-gene-0.4-mRNA-1 4252241
.36 maker-168259174-augustus-gene-0.44-mRNA-1 4252373
.52 maker-168259174-augustus-gene-0.44-mRNA-1 4252373
.75 maker-168308014-augustus-gene-0.11-mRNA-1 4252277
.22 maker-168308014-augustus-gene-0.11-mRNA-1 4051362
.78 maker-167961018-augustus-gene-0.5-mRNA-1 4251896
.21 maker-167961018-augustus-gene-0.5-mRNA-1 694397
.81 augustus_masked-168317034-processed-gene-0.0-mRNA-1 4252437
.13 augustus_masked-168317034-processed-gene-0.0-mRNA-1 1630350
.52 maker-168577105-snap-gene-0.52-mRNA-1 4229627
.16 maker-168577105-snap-gene-0.52-mRNA-1 4180838
.73 maker-168420720-snap-gene-0.5-mRNA-1 4252379
.21 maker-168420720-snap-gene-0.5-mRNA-1 910127
.32 maker-168292587-augustus-gene-0.26-mRNA-1 4252464
.24 maker-168292587-augustus-gene-0.26-mRNA-1 4252464
.29 augustus_masked-66521892-processed-gene-0.1-mRNA-1 4083564
.70 augustus_masked-66521892-processed-gene-0.1-mRNA-1 4241762
.21 maker-164959811-snap-gene-0.4-mRNA-1 4137767
.31 maker-164959811-snap-gene-0.4-mRNA-1 4053485
.81 augustus_masked-168143196-processed-gene-0.12-mRNA-1 4252396
.13 augustus_masked-168143196-processed-gene-0.12-mRNA-1 4079816
.30 augustus_masked-167864222-processed-gene-0.1-mRNA-1 4050771
.61 augustus_masked-167864222-processed-gene-0.1-mRNA-1 4152019
.87 maker-168188025-augustus-gene-0.61-mRNA-1 4252462
.46 maker-168420775-snap-gene-0.5-mRNA-1 3728115
.74 maker-167939724-augustus-gene-0.28-mRNA-1 4252450
.11 maker-167939724-augustus-gene-0.28-mRNA-1 4116702
.29 maker-168524714-snap-gene-0.22-mRNA-1 4252438
.09 maker-168524714-snap-gene-0.22-mRNA-1 1118624
.43 maker-168228720-augustus-gene-0.13-mRNA-1 4209141
.33 maker-168228720-augustus-gene-0.13-mRNA-1 4162312
.20 maker-168228720-augustus-gene-0.13-mRNA-1 4069017
.89 maker-168547366-snap-gene-0.67-mRNA-1 4252440
.09 maker-168547366-snap-gene-0.67-mRNA-1 4053774
.05 maker-168547366-snap-gene-0.67-mRNA-1 1249611
.36 maker-161753639-augustus-gene-0.3-mRNA-1 4077162
.63 maker-161753639-augustus-gene-0.3-mRNA-1 4252174
.99 maker-168526878-augustus-gene-0.28-mRNA-1 4252335
.64 maker-162926141-augustus-gene-0.3-mRNA-1 4050969
.25 maker-162926141-augustus-gene-0.3-mRNA-1 4052504
.52 maker-168442413-snap-gene-0.36-mRNA-1 4252453
.14 maker-168442413-snap-gene-0.36-mRNA-1 1012106
.08 maker-168442413-snap-gene-0.36-mRNA-1 753240
.07 maker-168442413-snap-gene-0.36-mRNA-1 4062631
.60 augustus_masked-163948251-processed-gene-0.0-mRNA-1 4113994
.35 augustus_masked-163948251-processed-gene-0.0-mRNA-1 4124619
.35 augustus_masked-163948251-processed-gene-0.0-mRNA-1 4134110
.27 augustus_masked-163948251-processed-gene-0.0-mRNA-1 820892
.63 augustus_masked-168323782-processed-gene-0.7-mRNA-1 4112519
.23 maker-168188982-augustus-gene-0.110-mRNA-1 364351
.22 maker-168188982-augustus-gene-0.110-mRNA-1 4060730
.06 maker-168188982-augustus-gene-0.110-mRNA-1 249346
.15 augustus_masked-167194242-processed-gene-0.0-mRNA-1 4068668
.84 augustus_masked-167194242-processed-gene-0.0-mRNA-1 4052877
.64 maker-168561571-augustus-gene-0.27-mRNA-1 4146540
.22 maker-168561571-augustus-gene-0.27-mRNA-1 4139621
.35 maker-166283550-snap-gene-0.5-mRNA-1 4052488
.25 maker-166283550-snap-gene-0.5-mRNA-1 4047848
.06 maker-166283550-snap-gene-0.5-mRNA-1 4047847
.06 maker-166283550-snap-gene-0.5-mRNA-1 432496
.89 maker-168500640-snap-gene-0.16-mRNA-1 1504447
.84 augustus_masked-165513687-processed-gene-0.0-mRNA-1 4051441
.81 augustus_masked-165513687-processed-gene-0.0-mRNA-1 4214608
.35 maker-168399500-augustus-gene-0.8-mRNA-1 4089835
.35 maker-168399500-augustus-gene-0.8-mRNA-1 4164448
.29 maker-168399500-augustus-gene-0.8-mRNA-1 177597
.50 augustus_masked-168296973-processed-gene-0.1-mRNA-1 4252230
.44 augustus_masked-168296973-processed-gene-0.1-mRNA-1 4064853
.99 maker-167945455-augustus-gene-0.7-mRNA-1 4252134
.19 maker-164418704-augustus-gene-0.4-mRNA-1 1444301
.73 maker-164418704-augustus-gene-0.4-mRNA-1 4251869
.54 maker-168498410-augustus-gene-0.125-mRNA-1 4052419
.26 maker-168498410-augustus-gene-0.125-mRNA-1 4251992
.11 genemark-168477678-processed-gene-0.2-mRNA-1 4071440
.68 genemark-168477678-processed-gene-0.2-mRNA-1 4125668
.33 maker-168563918-augustus-gene-1.87-mRNA-1 4057264
.37 maker-168563918-augustus-gene-1.87-mRNA-1 4226912
.56 augustus_masked-165993627-processed-gene-0.0-mRNA-1 167779
.22 augustus_masked-165993627-processed-gene-0.0-mRNA-1 967369
.36 maker-168186977-augustus-gene-0.7-mRNA-1 4053628
.12 maker-168186977-augustus-gene-0.7-mRNA-1 4081023
.83 maker-168207041-augustus-gene-0.23-mRNA-1 4047235
.07 maker-168207041-augustus-gene-0.23-mRNA-1 4139298
.07 maker-168207041-augustus-gene-0.23-mRNA-1 4103651
.43 maker-168494441-snap-gene-0.4-mRNA-1 4047220
.36 maker-168494441-snap-gene-0.4-mRNA-1 428568
.29 maker-168494441-snap-gene-0.4-mRNA-1 4059760
.29 maker-168494441-snap-gene-0.4-mRNA-1 511586
.34 maker-168494441-snap-gene-0.4-mRNA-1 920191
.62 maker-168363263-augustus-gene-0.27-mRNA-1 4122525
.01 maker-168363263-augustus-gene-0.27-mRNA-1 1494323
.35 maker-167805763-augustus-gene-0.11-mRNA-1 4251983
.22 maker-167805763-augustus-gene-0.11-mRNA-1 607550
.21 maker-167805763-augustus-gene-0.11-mRNA-1 4047131
.17 maker-167805763-augustus-gene-0.11-mRNA-1 4074575
.16 maker-167805763-augustus-gene-0.11-mRNA-1 1921979
.37 genemark-168293829-processed-gene-0.11-mRNA-1 4063766
.21 genemark-168293829-processed-gene-0.11-mRNA-1 4055187
.30 genemark-168293829-processed-gene-0.11-mRNA-1 4048894
.51 maker-168188335-snap-gene-0.54-mRNA-1 4057296
.34 maker-168188335-snap-gene-0.54-mRNA-1 4128033
.13 maker-168188335-snap-gene-0.54-mRNA-1 736288
.13 maker-168188335-snap-gene-0.54-mRNA-1 1506121
.12 maker-168188335-snap-gene-0.54-mRNA-1 4094368
.74 augustus_masked-168475677-processed-gene-0.2-mRNA-1 4252178
.16 augustus_masked-168475677-processed-gene-0.2-mRNA-1 681089
.12 augustus_masked-168475677-processed-gene-0.2-mRNA-1 4050223
.72 maker-168509365-augustus-gene-0.11-mRNA-1 4252342
.24 maker-168509365-augustus-gene-0.11-mRNA-1 4060090
.20 maker-168509365-augustus-gene-0.11-mRNA-1 2745957
.14 genemark-168253090-processed-gene-0.9-mRNA-1 2101908
.76 genemark-168253090-processed-gene-0.9-mRNA-1 4252355
.80 maker-168576681-augustus-gene-0.91-mRNA-1 4252444
.69 snap_masked-168287753-processed-gene-0.92-mRNA-1 4159719
.13 maker-168186779-augustus-gene-0.15-mRNA-1 4094391
.61 maker-168186779-augustus-gene-0.15-mRNA-1 4252447
.33 augustus_masked-168558528-processed-gene-0.9-mRNA-1 4048181
.53 augustus_masked-168558528-processed-gene-0.9-mRNA-1 4069668
.80 maker-168190534-augustus-gene-0.16-mRNA-1 4252426
.02 maker-168190534-augustus-gene-0.16-mRNA-1 4091699
.66 maker-162220613-snap-gene-0.4-mRNA-1 4062672
.33 maker-162220613-snap-gene-0.4-mRNA-1 1904591
.13 maker-168557200-snap-gene-0.54-mRNA-1 848724
.65 maker-168557200-snap-gene-0.54-mRNA-1 4080737
.56 maker-168106305-augustus-gene-0.18-mRNA-1 4067289
.22 maker-168106305-augustus-gene-0.18-mRNA-1 1587461
.22 maker-168232993-augustus-gene-0.8-mRNA-1 4252417
.44 maker-168232993-augustus-gene-0.8-mRNA-1 4252417
.26 augustus_masked-168337306-processed-gene-0.1-mRNA-1 4162511
.73 augustus_masked-168337306-processed-gene-0.1-mRNA-1 4252326
.21 maker-168246658-snap-gene-0.72-mRNA-1 1479798
.21 maker-168246658-snap-gene-0.72-mRNA-1 4109934
.59 snap_masked-168333882-processed-gene-0.52-mRNA-1 1300197
.67 maker-168317093-snap-gene-0.10-mRNA-1 695568
.66 maker-168317093-snap-gene-0.10-mRNA-1 4058674
.65 maker-168317093-snap-gene-0.10-mRNA-1 4058611
.62 maker-168317093-snap-gene-0.10-mRNA-1 4201919
.58 maker-168317093-snap-gene-0.10-mRNA-1 777884
.48 maker-162491411-snap-gene-0.4-mRNA-1 1034301
.08 maker-162491411-snap-gene-0.4-mRNA-1 1346672
.35 maker-168565676-augustus-gene-0.60-mRNA-1 4252428
.19 maker-168565676-augustus-gene-0.60-mRNA-1 4252428
.06 maker-168565676-augustus-gene-0.60-mRNA-1 4063758
.40 augustus_masked-165022033-processed-gene-0.0-mRNA-1 4068120
.38 augustus_masked-165022033-processed-gene-0.0-mRNA-1 1478553
.44 maker-168547144-augustus-gene-0.28-mRNA-1 4095983
.40 maker-168547144-augustus-gene-0.28-mRNA-1 4140075
.86 augustus_masked-168434898-processed-gene-0.0-mRNA-1 4252274
.12 augustus_masked-168434898-processed-gene-0.0-mRNA-1 4066197
.84 maker-168506293-augustus-gene-0.38-mRNA-1 4252436
.15 maker-168506293-augustus-gene-0.38-mRNA-1 288403
.32 maker-168251707-augustus-gene-0.36-mRNA-1 4252185
.51 maker-168251707-augustus-gene-0.36-mRNA-1 4068305
.67 maker-168191937-snap-gene-0.121-mRNA-1 4104324
.40 snap_masked-164441496-processed-gene-0.2-mRNA-1 4048491
.22 snap_masked-164441496-processed-gene-0.2-mRNA-1 4064648
.22 snap_masked-164441496-processed-gene-0.2-mRNA-1 4139835
.10 snap_masked-164441496-processed-gene-0.2-mRNA-1 1091285
.05 snap_masked-164441496-processed-gene-0.2-mRNA-1 803494
.73 maker-168186029-augustus-gene-0.7-mRNA-1 4252158
.26 maker-168186029-augustus-gene-0.7-mRNA-1 473988
.10 maker-168391323-augustus-gene-0.39-mRNA-2 4051455
.80 maker-168391323-augustus-gene-0.39-mRNA-2 4252414
.69 maker-160632232-augustus-gene-0.3-mRNA-1 4055687
.22 maker-160632232-augustus-gene-0.3-mRNA-1 4050816
.74 maker-168479900-augustus-gene-0.9-mRNA-1 4189442
.88 augustus_masked-168186282-processed-gene-0.2-mRNA-1 968821
.65 augustus_masked-168186282-processed-gene-0.2-mRNA-1 2294716
.99 maker-168189000-snap-gene-0.25-mRNA-1 4252419
.29 maker-168438094-augustus-gene-0.30-mRNA-1 4251903
.20 maker-168438094-augustus-gene-0.30-mRNA-1 4056296
.15 maker-168438094-augustus-gene-0.30-mRNA-1 4052874
.11 maker-168438094-augustus-gene-0.30-mRNA-1 475386
.05 maker-168438094-augustus-gene-0.30-mRNA-1 4066934
.26 maker-168257984-augustus-gene-0.9-mRNA-1 4074866
.39 maker-168257984-augustus-gene-0.9-mRNA-1 4082002
.26 maker-168191426-augustus-gene-0.29-mRNA-3 4252433
.14 maker-168191426-augustus-gene-0.29-mRNA-3 4065846
.83 maker-168577300-snap-gene-0.53-mRNA-1 4252416
.09 maker-168577300-snap-gene-0.53-mRNA-1 4090381
.07 maker-168577300-snap-gene-0.53-mRNA-1 4120902
.44 maker-168253925-augustus-gene-0.16-mRNA-1 4069767
.20 maker-168253925-augustus-gene-0.16-mRNA-1 4049753
.33 maker-168253925-augustus-gene-0.16-mRNA-1 4087270
.14 maker-168253925-augustus-gene-0.16-mRNA-1 4145531
.95 maker-168577096-snap-gene-0.17-mRNA-1 4252427
.03 maker-168577096-snap-gene-0.17-mRNA-1 4072530
.19 snap_masked-168322613-processed-gene-0.36-mRNA-1 1498697
.67 snap_masked-168322613-processed-gene-0.36-mRNA-1 4089031
.32 augustus_masked-168258253-processed-gene-0.2-mRNA-1 4126017
.41 augustus_masked-168258253-processed-gene-0.2-mRNA-1 4209963
.57 snap_masked-168382665-processed-gene-0.12-mRNA-1 4119601
.40 snap_masked-168382665-processed-gene-0.12-mRNA-1 4232417
.08 maker-168182785-snap-gene-0.59-mRNA-1 4251953
.89 maker-168182785-snap-gene-0.59-mRNA-1 4080265
