.55 snap_masked-168558995-processed-gene-0.34-mRNA-1 3269177
.54 maker-168386211-augustus-gene-0.49-mRNA-1 3269173
.17 maker-168386211-augustus-gene-0.49-mRNA-1 3269173
.63 maker-168425532-augustus-gene-0.9-mRNA-1 3213822
.21 maker-168425532-augustus-gene-0.9-mRNA-1 586958
.20 snap_masked-168514912-processed-gene-0.16-mRNA-1 3114955
.02 snap_masked-168514912-processed-gene-0.16-mRNA-1 3123284
.01 snap_masked-168514912-processed-gene-0.16-mRNA-1 3150535
.54 maker-168228135-augustus-gene-0.54-mRNA-1 3269108
.21 maker-168228135-augustus-gene-0.54-mRNA-1 3113515
.17 maker-168228135-augustus-gene-0.54-mRNA-1 1217055
.10 maker-168228135-augustus-gene-0.54-mRNA-1 3113514
.72 maker-168513386-augustus-gene-0.35-mRNA-1 3269147
.22 maker-168111276-augustus-gene-0.18-mRNA-1 3269029
.77 maker-168111276-augustus-gene-0.18-mRNA-1 3269174
.53 maker-168474833-snap-gene-0.5-mRNA-1 3151381
.29 maker-168474833-snap-gene-0.5-mRNA-1 3120401
.88 maker-168187763-augustus-gene-0.6-mRNA-1 3269167
.07 maker-168187763-augustus-gene-0.6-mRNA-1 3208681
.82 maker-168235536-augustus-gene-0.9-mRNA-1 3269018
.15 maker-168235536-augustus-gene-0.9-mRNA-1 3116919
.39 maker-168186257-augustus-gene-0.28-mRNA-1 3124666
.32 maker-168186257-augustus-gene-0.28-mRNA-1 3144140
.67 maker-168190530-augustus-gene-0.54-mRNA-1 3110058
.47 maker-168573129-snap-gene-0.45-mRNA-1 3268891
.44 maker-168573129-snap-gene-0.45-mRNA-1 420664
.84 snap_masked-165291827-processed-gene-0.2-mRNA-1 867178
.71 snap_masked-165291827-processed-gene-0.2-mRNA-1 1326260
.61 maker-167890164-snap-gene-0.11-mRNA-1 545771
.34 maker-167890164-snap-gene-0.11-mRNA-1 61474
.33 maker-167890164-snap-gene-0.11-mRNA-1 413092
.39 maker-167890164-snap-gene-0.11-mRNA-1 342916
.29 maker-167890164-snap-gene-0.11-mRNA-1 3189806
.37 maker-168559614-augustus-gene-0.26-mRNA-1 3242305
.56 maker-168559614-augustus-gene-0.26-mRNA-1 141598
.38 maker-168476769-augustus-gene-0.30-mRNA-2 3268749
.85 maker-168506093-snap-gene-0.88-mRNA-1 3269152
.89 genemark-163239322-processed-gene-0.2-mRNA-1 349278
.10 genemark-163239322-processed-gene-0.2-mRNA-1 3190786
.51 maker-164530695-augustus-gene-0.3-mRNA-1 3200929
.48 maker-164530695-augustus-gene-0.3-mRNA-1 3115875
.75 augustus_masked-168561855-processed-gene-0.15-mRNA-1 3117713
.20 augustus_masked-168561855-processed-gene-0.15-mRNA-1 3117235
.88 maker-168564468-augustus-gene-0.60-mRNA-1 3269172
.01 augustus_masked-168304668-processed-gene-0.0-mRNA-1 3268655
.37 maker-168471524-augustus-gene-0.45-mRNA-1 3216359
.34 maker-168471524-augustus-gene-0.45-mRNA-1 3138720
.26 maker-168521344-augustus-gene-0.59-mRNA-1 3150236
.64 maker-168521344-augustus-gene-0.59-mRNA-1 3109825
.01 augustus_masked-168154753-processed-gene-0.7-mRNA-1 3109548
.40 maker-168512952-snap-gene-0.9-mRNA-1 3268859
.09 maker-168512952-snap-gene-0.9-mRNA-1 3112852
.70 maker-168099441-augustus-gene-0.6-mRNA-1 3269096
.18 maker-168099441-augustus-gene-0.6-mRNA-1 3162935
.13 maker-168099441-augustus-gene-0.6-mRNA-1 516716
.16 maker-168199169-snap-gene-0.43-mRNA-1 610641
.83 maker-168199169-snap-gene-0.43-mRNA-1 3113076
.27 augustus_masked-168259156-processed-gene-0.4-mRNA-1 124302
.62 augustus_masked-168259156-processed-gene-0.4-mRNA-1 3269175
.47 genemark-167063280-processed-gene-0.1-mRNA-1 3268763
.22 genemark-167063280-processed-gene-0.1-mRNA-1 150272
.10 genemark-168447976-processed-gene-0.36-mRNA-1 2027782
.88 genemark-168447976-processed-gene-0.36-mRNA-1 3269004
.62 maker-168517494-snap-gene-0.36-mRNA-1 3269156
.15 maker-168517494-snap-gene-0.36-mRNA-1 3117406
.14 maker-168517494-snap-gene-0.36-mRNA-1 3211941
.14 maker-168517494-snap-gene-0.36-mRNA-1 3198363
.01 maker-168517494-snap-gene-0.36-mRNA-1 3142277
.29 maker-168557558-augustus-gene-0.48-mRNA-2 3269099
.22 maker-168557558-augustus-gene-0.48-mRNA-2 3268946
.22 maker-168557558-augustus-gene-0.48-mRNA-2 3109881
.22 maker-168557558-augustus-gene-0.48-mRNA-2 3268970
.22 maker-168557558-augustus-gene-0.48-mRNA-2 3113097
.72 maker-168186794-snap-gene-0.9-mRNA-1 3269042
.23 maker-168186794-snap-gene-0.9-mRNA-1 481261
.20 maker-168186794-snap-gene-0.9-mRNA-1 720623
.19 maker-168186794-snap-gene-0.9-mRNA-1 3141483
.33 maker-168186714-snap-gene-0.22-mRNA-1 840151
.23 maker-168186714-snap-gene-0.22-mRNA-1 3144978
.19 maker-168186714-snap-gene-0.22-mRNA-1 856468
.59 snap_masked-168302458-processed-gene-0.7-mRNA-1 3268889
.29 snap_masked-168302458-processed-gene-0.7-mRNA-1 3109537
.60 maker-168088285-augustus-gene-0.3-mRNA-1 3126815
.19 maker-168088285-augustus-gene-0.3-mRNA-1 1729066
.14 maker-168088285-augustus-gene-0.3-mRNA-1 1249135
.99 augustus_masked-168400707-processed-gene-0.8-mRNA-1 3268887
.97 maker-166836330-augustus-gene-0.4-mRNA-1 3269176
.61 maker-168566656-snap-gene-0.48-mRNA-1 3269171
.24 maker-168566656-snap-gene-0.48-mRNA-1 3143444
.32 maker-164514287-augustus-gene-0.3-mRNA-1 3132914
.63 maker-164514287-augustus-gene-0.3-mRNA-1 3110014
.72 maker-168356115-augustus-gene-0.43-mRNA-1 3269145
.26 maker-168356115-augustus-gene-0.43-mRNA-1 3114584
.50 maker-168252979-snap-gene-0.88-mRNA-1 3112765
.49 maker-168252979-snap-gene-0.88-mRNA-1 3139809
.51 maker-168568301-snap-gene-0.26-mRNA-1 3109360
.28 maker-168568301-snap-gene-0.26-mRNA-1 3110351
.15 maker-168568301-snap-gene-0.26-mRNA-1 3110351
.13 maker-168568301-snap-gene-0.26-mRNA-1 1241712
.30 augustus_masked-167727668-processed-gene-0.1-mRNA-1 1304320
.38 augustus_masked-167727668-processed-gene-0.1-mRNA-1 3196187
.74 maker-168554148-snap-gene-0.115-mRNA-1 3111130
.24 maker-168554148-snap-gene-0.115-mRNA-1 1839471
.29 maker-168059299-augustus-gene-0.23-mRNA-1 3115032
.53 maker-168059299-augustus-gene-0.23-mRNA-1 3115991
.32 maker-168270949-augustus-gene-0.69-mRNA-1 3119431
.30 maker-168270949-augustus-gene-0.69-mRNA-1 3154547
.78 maker-165779737-snap-gene-0.5-mRNA-1 3112272
.08 maker-165779737-snap-gene-0.5-mRNA-1 1990527
.78 maker-168558574-snap-gene-0.48-mRNA-1 3268820
.66 maker-168034375-augustus-gene-0.18-mRNA-1 3269170
.23 maker-168034375-augustus-gene-0.18-mRNA-1 81465
.72 maker-168233750-snap-gene-0.15-mRNA-1 3269150
.20 maker-168233750-snap-gene-0.15-mRNA-1 3133361
.17 maker-168013261-snap-gene-0.14-mRNA-1 3116292
.51 maker-168013261-snap-gene-0.14-mRNA-1 3109884
.82 augustus_masked-159663399-processed-gene-0.0-mRNA-1 3268552
.16 augustus_masked-159663399-processed-gene-0.0-mRNA-1 1175711
.83 maker-168305262-snap-gene-0.10-mRNA-1 3268758
.69 maker-168305262-snap-gene-0.10-mRNA-1 563405
.81 maker-168504681-augustus-gene-0.11-mRNA-1 3268874
.18 maker-168504681-augustus-gene-0.11-mRNA-1 3156106
.22 maker-168447988-snap-gene-0.6-mRNA-1 3111562
.64 maker-168447988-snap-gene-0.6-mRNA-1 3110270
.15 maker-167814144-augustus-gene-0.8-mRNA-1 3118838
.84 maker-167814144-augustus-gene-0.8-mRNA-1 3269141
.23 maker-167111986-augustus-gene-0.3-mRNA-1 3117353
.76 maker-167111986-augustus-gene-0.3-mRNA-1 3112336
.67 maker-168184121-snap-gene-0.13-mRNA-1 3269024
.32 maker-168184121-snap-gene-0.13-mRNA-1 1170079
.84 maker-168353964-augustus-gene-0.9-mRNA-1 3164770
.72 maker-168353964-augustus-gene-0.9-mRNA-1 3179188
.77 maker-168353964-augustus-gene-0.9-mRNA-1 3113302
.80 maker-168353964-augustus-gene-0.9-mRNA-1 3177014
.79 maker-168353964-augustus-gene-0.9-mRNA-1 3172765
.87 maker-168264053-snap-gene-0.40-mRNA-1 3122491
.10 maker-168264053-snap-gene-0.40-mRNA-1 332674
.47 genemark-168392038-processed-gene-0.10-mRNA-1 3199071
.73 snap_masked-167798297-processed-gene-0.119-mRNA-1 3110444
.08 snap_masked-167798297-processed-gene-0.119-mRNA-1 2039205
.08 snap_masked-167798297-processed-gene-0.119-mRNA-1 2269005
.57 maker-168390777-augustus-gene-0.4-mRNA-1 3222267
.42 maker-168390777-augustus-gene-0.4-mRNA-1 3118300
.23 augustus_masked-164477220-processed-gene-0.0-mRNA-1 1688503
.68 augustus_masked-164477220-processed-gene-0.0-mRNA-1 3124733
.47 augustus_masked-168300907-processed-gene-0.2-mRNA-1 352148
.51 augustus_masked-168300907-processed-gene-0.2-mRNA-1 352147
