.46 maker-166933183-augustus-gene-0.4-mRNA-1 3408597
.28 maker-166933183-augustus-gene-0.4-mRNA-1 889598
.26 maker-166933183-augustus-gene-0.4-mRNA-1 3394769
.27 maker-168312706-augustus-gene-0.56-mRNA-1 2317721
.30 maker-168312706-augustus-gene-0.56-mRNA-1 856099
.76 snap_masked-168080830-processed-gene-0.7-mRNA-1 3554629
.06 snap_masked-168080830-processed-gene-0.7-mRNA-1 3438890
.36 maker-168486870-augustus-gene-0.79-mRNA-1 355381
.40 maker-168486870-augustus-gene-0.79-mRNA-1 3384782
.13 maker-168419569-augustus-gene-0.87-mRNA-1 3410594
.86 maker-168419569-augustus-gene-0.87-mRNA-1 3384357
.66 maker-168517725-snap-gene-0.82-mRNA-1 3554845
.16 maker-168517725-snap-gene-0.82-mRNA-1 3410261
.09 maker-168517725-snap-gene-0.82-mRNA-1 3411543
.08 augustus_masked-162427872-processed-gene-0.0-mRNA-1 1815889
.87 augustus_masked-162427872-processed-gene-0.0-mRNA-1 3554772
.24 augustus_masked-168202553-processed-gene-0.1-mRNA-1 1081754
.55 augustus_masked-168202553-processed-gene-0.1-mRNA-1 3554825
.44 maker-168183912-snap-gene-0.11-mRNA-1 3554685
.10 maker-168183912-snap-gene-0.11-mRNA-1 3398106
.10 maker-168183912-snap-gene-0.11-mRNA-1 3391690
.57 maker-168507778-snap-gene-0.23-mRNA-1 3385388
.33 maker-168507778-snap-gene-0.23-mRNA-1 3466084
.18 maker-168507778-snap-gene-0.23-mRNA-1 3398054
.91 genemark-168548835-processed-gene-0.27-mRNA-1 3554869
.48 maker-162845309-augustus-gene-0.4-mRNA-1 3386469
.51 maker-162845309-augustus-gene-0.4-mRNA-1 3417560
.60 maker-168196710-augustus-gene-0.96-mRNA-1 3554852
.13 maker-168196710-augustus-gene-0.96-mRNA-1 3554852
.09 maker-167973355-augustus-gene-0.23-mRNA-1 3411645
.90 maker-167973355-augustus-gene-0.23-mRNA-1 3554820
.45 maker-168191276-snap-gene-0.84-mRNA-1 3407796
.34 maker-168191276-snap-gene-0.84-mRNA-1 3554604
.32 maker-168191276-snap-gene-0.84-mRNA-1 3403896
.28 maker-168191276-snap-gene-0.84-mRNA-1 519630
.21 maker-168191276-snap-gene-0.84-mRNA-1 3403184
.32 maker-168494274-snap-gene-0.25-mRNA-1 3385871
.21 maker-168494274-snap-gene-0.25-mRNA-1 737069
.08 maker-168494274-snap-gene-0.25-mRNA-1 3406745
.99 maker-164713870-snap-gene-0.4-mRNA-1 3554718
.85 maker-168505674-augustus-gene-0.4-mRNA-1 3509057
.04 maker-168505674-augustus-gene-0.4-mRNA-1 3554531
.14 maker-168198407-augustus-gene-0.43-mRNA-1 883324
.81 maker-168198407-augustus-gene-0.43-mRNA-1 3383730
.44 maker-168567524-snap-gene-0.93-mRNA-1 3554861
.27 maker-168567524-snap-gene-0.93-mRNA-1 3554861
.76 maker-168521523-snap-gene-0.46-mRNA-1 3384748
.14 maker-168521523-snap-gene-0.46-mRNA-1 3382055
.11 maker-168521523-snap-gene-0.46-mRNA-1 935561
.13 maker-168521523-snap-gene-0.46-mRNA-1 3401694
.11 maker-168521523-snap-gene-0.46-mRNA-1 3396908
.33 maker-168203571-snap-gene-0.39-mRNA-1 3382136
.47 maker-168203571-snap-gene-0.39-mRNA-1 3392370
.52 maker-168417518-augustus-gene-0.27-mRNA-1 3554873
.34 maker-168422342-snap-gene-0.79-mRNA-1 3406851
.28 maker-168422342-snap-gene-0.79-mRNA-1 3382988
.26 maker-168422342-snap-gene-0.79-mRNA-1 3389963
.26 maker-168422342-snap-gene-0.79-mRNA-1 3473283
.28 maker-168422342-snap-gene-0.79-mRNA-1 3416524
.18 maker-168491361-snap-gene-0.27-mRNA-1 3387713
.18 maker-168491361-snap-gene-0.27-mRNA-1 645234
.12 maker-168491361-snap-gene-0.27-mRNA-1 1288678
.08 maker-168491361-snap-gene-0.27-mRNA-1 3442540
.59 maker-160637215-snap-gene-0.4-mRNA-1 3385346
.40 maker-160637215-snap-gene-0.4-mRNA-1 3385345
.77 snap_masked-168492506-processed-gene-0.4-mRNA-1 3389318
.64 genemark-168184403-processed-gene-0.13-mRNA-1 1332217
.31 genemark-168184403-processed-gene-0.13-mRNA-1 3540509
.15 maker-168347945-snap-gene-0.81-mRNA-2 3452777
.33 maker-168347945-snap-gene-0.81-mRNA-2 228980
.99 augustus_masked-168499159-processed-gene-0.1-mRNA-1 3554802
.71 augustus_masked-166603339-processed-gene-0.2-mRNA-1 3554759
.24 augustus_masked-166603339-processed-gene-0.2-mRNA-1 3382533
.63 augustus_masked-168269544-processed-gene-0.1-mRNA-1 3397666
.32 augustus_masked-168269544-processed-gene-0.1-mRNA-1 3387590
.39 maker-167887446-augustus-gene-0.6-mRNA-1 3398534
.38 maker-167887446-augustus-gene-0.6-mRNA-1 3554678
.29 maker-167887446-augustus-gene-0.6-mRNA-1 3403817
.20 maker-167887446-augustus-gene-0.6-mRNA-1 628384
.20 maker-167887446-augustus-gene-0.6-mRNA-1 3390597
.16 maker-168187847-augustus-gene-0.12-mRNA-1 612161
.05 maker-168187847-augustus-gene-0.12-mRNA-1 3554587
.43 maker-164022984-augustus-gene-0.4-mRNA-1 3554641
.40 maker-164022984-augustus-gene-0.4-mRNA-1 3554641
.55 maker-168331821-snap-gene-0.64-mRNA-1 1377785
.30 maker-168331821-snap-gene-0.64-mRNA-1 3466869
.28 maker-168331821-snap-gene-0.64-mRNA-1 1347288
.21 maker-168331821-snap-gene-0.64-mRNA-1 3525543
.82 maker-168572209-augustus-gene-0.51-mRNA-1 3435547
.09 maker-168572209-augustus-gene-0.51-mRNA-1 3024796
.56 maker-167959964-snap-gene-0.11-mRNA-3 3554863
.17 maker-167959964-snap-gene-0.11-mRNA-3 3531471
.53 maker-165708922-augustus-gene-0.5-mRNA-1 486578
.48 maker-165708922-augustus-gene-0.5-mRNA-1 3422364
.48 maker-165708922-augustus-gene-0.5-mRNA-1 1027380
.48 maker-165708922-augustus-gene-0.5-mRNA-1 3416194
.45 maker-165708922-augustus-gene-0.5-mRNA-1 1455725
.74 maker-167811016-augustus-gene-0.6-mRNA-2 3554836
.22 maker-167811016-augustus-gene-0.6-mRNA-2 760994
.22 maker-167811016-augustus-gene-0.6-mRNA-2 3415922
.12 maker-167811016-augustus-gene-0.6-mRNA-2 1529224
.13 maker-167811016-augustus-gene-0.6-mRNA-2 1373783
.52 maker-168508455-augustus-gene-0.34-mRNA-1 712938
.27 maker-168508455-augustus-gene-0.34-mRNA-1 3409939
.34 maker-166371926-snap-gene-0.4-mRNA-2 3381565
.14 maker-166371926-snap-gene-0.4-mRNA-2 3384668
.72 maker-168574288-augustus-gene-0.46-mRNA-1 3554846
.48 maker-168364943-augustus-gene-0.4-mRNA-1 3410119
.26 maker-168364943-augustus-gene-0.4-mRNA-1 916901
.56 maker-168447880-snap-gene-0.22-mRNA-1 3423442
.31 maker-168447880-snap-gene-0.22-mRNA-1 3394251
.39 augustus_masked-166098841-processed-gene-0.0-mRNA-1 3462122
.27 augustus_masked-166098841-processed-gene-0.0-mRNA-1 3460097
.11 augustus_masked-168574880-processed-gene-0.2-mRNA-1 3382436
.88 augustus_masked-168574880-processed-gene-0.2-mRNA-1 815962
.25 augustus_masked-167939339-processed-gene-0.1-mRNA-1 235260
.35 augustus_masked-167939339-processed-gene-0.1-mRNA-1 759307
.61 maker-168186447-augustus-gene-0.43-mRNA-1 3554841
.36 maker-168186447-augustus-gene-0.43-mRNA-1 3466784
.21 maker-168186447-augustus-gene-0.43-mRNA-1 3435535
.10 maker-168186447-augustus-gene-0.43-mRNA-1 2924643
.44 maker-167980090-snap-gene-0.11-mRNA-1 3554872
.17 maker-167980090-snap-gene-0.11-mRNA-1 772177
.13 maker-167256960-augustus-gene-0.9-mRNA-1 323969
.75 maker-167256960-augustus-gene-0.9-mRNA-1 3554828
.27 augustus_masked-167835962-processed-gene-0.0-mRNA-1 146215
.25 augustus_masked-167835962-processed-gene-0.0-mRNA-1 146236
.96 augustus_masked-168349433-processed-gene-0.10-mRNA-1 3554876
.59 augustus_masked-168182967-processed-gene-0.16-mRNA-1 3402249
.24 augustus_masked-168182967-processed-gene-0.16-mRNA-1 3554778
.34 maker-168577548-augustus-gene-0.82-mRNA-1 3554607
.64 maker-168577548-augustus-gene-0.82-mRNA-1 3386127
.63 augustus_masked-161971473-processed-gene-0.0-mRNA-1 741838
.20 augustus_masked-161971473-processed-gene-0.0-mRNA-1 3548291
.35 augustus_masked-168174636-processed-gene-0.1-mRNA-1 3405972
.20 augustus_masked-168174636-processed-gene-0.1-mRNA-1 1509438
.29 maker-168187825-snap-gene-0.35-mRNA-1 500891
.47 maker-168187825-snap-gene-0.35-mRNA-1 3431919
.47 maker-168185271-snap-gene-0.5-mRNA-1 3451603
.30 maker-168185271-snap-gene-0.5-mRNA-1 3418326
.31 maker-168185271-snap-gene-0.5-mRNA-1 767201
.29 maker-168185271-snap-gene-0.5-mRNA-1 3385954
.32 maker-168185271-snap-gene-0.5-mRNA-1 3383071
.36 maker-168569835-augustus-gene-0.17-mRNA-1 3389156
.63 maker-168569835-augustus-gene-0.17-mRNA-1 575378
.83 maker-168357075-augustus-gene-0.16-mRNA-1 3554698
.16 maker-168357075-augustus-gene-0.16-mRNA-1 3391086
.19 augustus_masked-168445368-processed-gene-0.1-mRNA-1 3390365
.80 augustus_masked-168445368-processed-gene-0.1-mRNA-1 3390366
.76 augustus_masked-163716005-processed-gene-0.0-mRNA-1 3390155
.17 augustus_masked-163716005-processed-gene-0.0-mRNA-1 3059403
.55 maker-168554496-augustus-gene-0.28-mRNA-1 3554851
.39 maker-168564304-snap-gene-0.18-mRNA-1 3554859
.44 maker-168564304-snap-gene-0.18-mRNA-1 3554859
.22 augustus_masked-168382289-processed-gene-0.0-mRNA-1 420299
.77 augustus_masked-168382289-processed-gene-0.0-mRNA-1 3429315
.53 augustus_masked-166924171-processed-gene-0.0-mRNA-1 737929
.46 augustus_masked-166924171-processed-gene-0.0-mRNA-1 1206683
.55 maker-168255414-snap-gene-0.58-mRNA-1 3554844
.22 maker-168255414-snap-gene-0.58-mRNA-1 3402445
.74 snap_masked-168548460-processed-gene-0.69-mRNA-1 2407227
.20 snap_masked-168548460-processed-gene-0.69-mRNA-1 2555458
.78 genemark-168575358-processed-gene-0.17-mRNA-1 3554748
.14 genemark-168575358-processed-gene-0.17-mRNA-1 926593
.11 genemark-168575358-processed-gene-0.17-mRNA-1 3392681
.15 augustus_masked-168020953-processed-gene-0.5-mRNA-1 1549210
.15 augustus_masked-168020953-processed-gene-0.5-mRNA-1 3436498
.11 augustus_masked-168020953-processed-gene-0.5-mRNA-1 1123096
.41 snap_masked-168547509-processed-gene-0.17-mRNA-1 3383517
.44 snap_masked-168547509-processed-gene-0.17-mRNA-1 3554776
.01 snap_masked-168533241-processed-gene-0.8-mRNA-1 3382398
.45 augustus_masked-168524451-processed-gene-0.2-mRNA-1 3385930
.15 augustus_masked-168524451-processed-gene-0.2-mRNA-1 3393050
.15 augustus_masked-168524451-processed-gene-0.2-mRNA-1 3447502
.01 augustus_masked-168524451-processed-gene-0.2-mRNA-1 3391080
.31 snap_masked-166939621-processed-gene-0.2-mRNA-1 3554855
.34 snap_masked-166939621-processed-gene-0.2-mRNA-1 3554855
.33 maker-168565737-augustus-gene-0.33-mRNA-2 1165430
.35 maker-168565737-augustus-gene-0.33-mRNA-2 3394861
.19 maker-168577252-augustus-gene-0.45-mRNA-1 273473
.73 maker-168577252-augustus-gene-0.45-mRNA-1 3554874
.51 augustus_masked-168283618-processed-gene-0.5-mRNA-1 3554843
.18 augustus_masked-168283618-processed-gene-0.5-mRNA-1 3382111
.18 maker-168185234-snap-gene-0.26-mRNA-1 3384804
.72 maker-168185234-snap-gene-0.26-mRNA-1 3554712
.95 maker-168526904-snap-gene-0.28-mRNA-1 3554866
.54 maker-166366599-snap-gene-0.7-mRNA-1 3554732
.21 maker-166366599-snap-gene-0.7-mRNA-1 3419112
.19 maker-168561042-augustus-gene-0.73-mRNA-1 3554755
.81 augustus_masked-168509930-processed-gene-0.2-mRNA-1 3542212
.07 augustus_masked-168509930-processed-gene-0.2-mRNA-1 3534269
.20 maker-168560647-augustus-gene-1.105-mRNA-1 3405445
.16 maker-168560647-augustus-gene-1.105-mRNA-1 991080
.16 maker-168560647-augustus-gene-1.105-mRNA-1 3382132
.42 maker-162288479-augustus-gene-0.3-mRNA-1 894066
.21 maker-162288479-augustus-gene-0.3-mRNA-1 793507
.83 maker-168275442-augustus-gene-0.22-mRNA-1 3409234
.23 maker-168569239-augustus-gene-0.47-mRNA-2 3396477
.34 maker-168569239-augustus-gene-0.47-mRNA-2 3420332
.31 maker-168497558-snap-gene-0.53-mRNA-1 3393921
.68 maker-168497558-snap-gene-0.53-mRNA-1 3554705
.65 maker-167973018-snap-gene-0.18-mRNA-1 3524419
.05 maker-167973018-snap-gene-0.18-mRNA-1 3415686
.71 snap_masked-168529423-processed-gene-0.21-mRNA-1 3405607
.28 snap_masked-168529423-processed-gene-0.21-mRNA-1 3395251
.34 maker-167123460-augustus-gene-0.4-mRNA-1 3397405
.24 maker-167123460-augustus-gene-0.4-mRNA-1 3382812
.99 maker-168228746-augustus-gene-0.96-mRNA-1 3554875
.31 maker-168572221-augustus-gene-0.62-mRNA-1 3440096
.06 maker-168572221-augustus-gene-0.62-mRNA-1 3382304
.99 augustus_masked-164361246-processed-gene-0.0-mRNA-1 3554567
.19 augustus_masked-168186101-processed-gene-0.3-mRNA-1 3554664
.03 augustus_masked-168186101-processed-gene-0.3-mRNA-1 3500682
.41 maker-163898734-snap-gene-0.4-mRNA-1 1788183
.76 maker-167912502-augustus-gene-0.18-mRNA-1 3554826
.09 maker-167912502-augustus-gene-0.18-mRNA-1 3430279
.23 genemark-168577402-processed-gene-0.35-mRNA-1 3402866
.13 genemark-168577402-processed-gene-0.35-mRNA-1 3449465
.12 genemark-168577402-processed-gene-0.35-mRNA-1 3427147
.78 snap_masked-168574367-processed-gene-0.20-mRNA-1 3554569
.35 augustus_masked-167152372-processed-gene-0.0-mRNA-1 3382141
.64 augustus_masked-167152372-processed-gene-0.0-mRNA-1 3476448
.30 maker-162541194-augustus-gene-0.4-mRNA-1 3387262
.59 maker-162541194-augustus-gene-0.4-mRNA-1 3387263
.25 maker-168351821-augustus-gene-0.25-mRNA-1 3386734
.11 maker-168351821-augustus-gene-0.25-mRNA-1 3554864
.47 maker-162506698-snap-gene-0.5-mRNA-1 3395949
.26 maker-162506698-snap-gene-0.5-mRNA-1 3417851
.90 maker-167833934-snap-gene-0.10-mRNA-1 3554842
.45 maker-167942149-augustus-gene-0.9-mRNA-1 3397667
.18 maker-167942149-augustus-gene-0.9-mRNA-1 3511591
.16 augustus_masked-161700205-processed-gene-0.0-mRNA-1 3401263
.53 augustus_masked-161700205-processed-gene-0.0-mRNA-1 3392002
.49 maker-168527887-augustus-gene-1.102-mRNA-1 3554856
.13 maker-168527887-augustus-gene-1.102-mRNA-1 3554856
.42 augustus_masked-161578793-processed-gene-0.1-mRNA-1 3388756
.36 augustus_masked-161578793-processed-gene-0.1-mRNA-1 3452634
.99 maker-167837042-augustus-gene-0.7-mRNA-1 3554686
.48 maker-168567428-augustus-gene-0.41-mRNA-1 3408563
.51 maker-168567428-augustus-gene-0.41-mRNA-1 3554673
.39 snap_masked-168564237-processed-gene-0.14-mRNA-1 3432081
.43 snap_masked-168564237-processed-gene-0.14-mRNA-1 713129
.22 snap_masked-168564237-processed-gene-0.14-mRNA-1 420496
.16 snap_masked-168564237-processed-gene-0.14-mRNA-1 171722
.29 maker-168459554-snap-gene-0.40-mRNA-1 3441721
.31 maker-168459554-snap-gene-0.40-mRNA-1 3385355
.16 maker-168459554-snap-gene-0.40-mRNA-1 369952
.17 maker-168459554-snap-gene-0.40-mRNA-1 3500622
.14 maker-168459554-snap-gene-0.40-mRNA-1 3391844
.75 augustus_masked-168413481-processed-gene-0.0-mRNA-1 3386754
.20 augustus_masked-168413481-processed-gene-0.0-mRNA-1 3384113
.24 maker-168244247-augustus-gene-0.42-mRNA-1 3554870
.69 maker-168244247-augustus-gene-0.42-mRNA-1 3554870
.84 maker-168248687-augustus-gene-0.4-mRNA-1 3382445
.18 maker-168229000-augustus-gene-0.29-mRNA-1 3385752
.33 maker-168229000-augustus-gene-0.29-mRNA-1 3453778
.38 snap_masked-168383102-processed-gene-0.35-mRNA-1 3554750
.59 snap_masked-168383102-processed-gene-0.35-mRNA-1 3554750
.57 maker-164887201-augustus-gene-0.8-mRNA-1 3384718
.64 maker-168502864-augustus-gene-0.58-mRNA-1 3554868
.29 maker-168502864-augustus-gene-0.58-mRNA-1 3554746
.51 genemark-168190552-processed-gene-0.16-mRNA-1 3459325
.28 genemark-168190552-processed-gene-0.16-mRNA-1 1323129
.42 maker-165143105-snap-gene-0.3-mRNA-1 3422656
.32 maker-165143105-snap-gene-0.3-mRNA-1 3316062
.99 maker-164378945-snap-gene-0.5-mRNA-1 3554806
.22 augustus_masked-168448022-processed-gene-0.1-mRNA-1 3394743
.73 augustus_masked-168448022-processed-gene-0.1-mRNA-1 3409715
.34 augustus_masked-168475889-processed-gene-0.3-mRNA-1 3411507
.34 augustus_masked-168475889-processed-gene-0.3-mRNA-1 3465014
.82 augustus_masked-164055532-processed-gene-0.1-mRNA-1 3406818
.13 augustus_masked-164055532-processed-gene-0.1-mRNA-1 1781489
.57 maker-168422616-augustus-gene-0.12-mRNA-1 3404807
.28 maker-168422616-augustus-gene-0.12-mRNA-1 3386885
.81 snap_masked-168187100-processed-gene-0.74-mRNA-1 3554817
.37 maker-164321543-augustus-gene-0.3-mRNA-1 497059
.33 maker-164321543-augustus-gene-0.3-mRNA-1 3381831
.22 maker-167237664-snap-gene-0.3-mRNA-1 3382087
.55 maker-167237664-snap-gene-0.3-mRNA-1 3554809
.86 maker-168452230-augustus-gene-0.9-mRNA-2 3393022
.13 maker-168452230-augustus-gene-0.9-mRNA-2 3396954
.47 maker-168186013-snap-gene-0.33-mRNA-1 3487499
.76 maker-168449060-snap-gene-0.10-mRNA-1 3430045
.45 augustus_masked-168561869-processed-gene-1.58-mRNA-1 3389092
.54 augustus_masked-168561869-processed-gene-1.58-mRNA-1 665951
.21 augustus_masked-165891793-processed-gene-0.0-mRNA-1 3389815
.45 augustus_masked-165891793-processed-gene-0.0-mRNA-1 3429360
.57 maker-168190393-augustus-gene-0.38-mRNA-1 3394086
.30 maker-168190393-augustus-gene-0.38-mRNA-1 3455534
.37 maker-168557713-augustus-gene-0.28-mRNA-1 3388705
.40 maker-168557713-augustus-gene-0.28-mRNA-1 1220470
.25 maker-168559072-snap-gene-0.53-mRNA-1 3554547
.27 maker-168559072-snap-gene-0.53-mRNA-1 3554742
.72 maker-168319211-augustus-gene-0.20-mRNA-1 3394212
.21 maker-168319211-augustus-gene-0.20-mRNA-1 1311693
.83 maker-168373796-augustus-gene-0.37-mRNA-1 3554848
.16 maker-168373796-augustus-gene-0.37-mRNA-1 3433187
.31 augustus_masked-168250020-processed-gene-0.4-mRNA-1 3406907
.40 augustus_masked-168250020-processed-gene-0.4-mRNA-1 3539005
.42 maker-168446536-augustus-gene-0.75-mRNA-2 3385854
.25 maker-168446536-augustus-gene-0.75-mRNA-2 3430101
.51 maker-166519911-snap-gene-0.3-mRNA-1 3554741
.36 maker-166519911-snap-gene-0.3-mRNA-1 676160
.37 augustus_masked-168451803-processed-gene-0.0-mRNA-1 504852
.15 augustus_masked-168451803-processed-gene-0.0-mRNA-1 1203225
.67 maker-168341737-augustus-gene-0.33-mRNA-1 3401016
.43 maker-168341737-augustus-gene-0.33-mRNA-1 3437257
.12 maker-168341737-augustus-gene-0.33-mRNA-1 1008019
.35 maker-168475046-augustus-gene-0.24-mRNA-1 945173
.56 maker-168475046-augustus-gene-0.24-mRNA-1 3396471
.20 maker-168305940-snap-gene-0.62-mRNA-1 1363991
.78 maker-168305940-snap-gene-0.62-mRNA-1 3554821
.34 augustus_masked-168573996-processed-gene-0.0-mRNA-1 3554854
.43 augustus_masked-168573996-processed-gene-0.0-mRNA-1 3554854
.72 snap_masked-168541870-processed-gene-0.46-mRNA-1 3554798
.22 snap_masked-168541870-processed-gene-0.46-mRNA-1 3541625
.56 maker-168169180-augustus-gene-0.2-mRNA-1 3506976
.17 maker-168207715-augustus-gene-0.22-mRNA-1 689213
.82 maker-168207715-augustus-gene-0.22-mRNA-1 3554862
.17 maker-168011988-snap-gene-0.10-mRNA-1 3461082
.12 maker-168011988-snap-gene-0.10-mRNA-1 3384347
.01 maker-168011988-snap-gene-0.10-mRNA-1 977229
.39 maker-168237456-snap-gene-0.8-mRNA-4 3554730
.39 maker-168237456-snap-gene-0.8-mRNA-4 3413274
.38 maker-168237456-snap-gene-0.8-mRNA-4 3396969
.31 maker-168237456-snap-gene-0.8-mRNA-4 735664
.44 maker-168237456-snap-gene-0.8-mRNA-1 3554730
.78 snap_masked-168191390-processed-gene-0.38-mRNA-1 3382317
.56 maker-168577636-snap-gene-0.41-mRNA-1 3387077
.24 maker-168577636-snap-gene-0.41-mRNA-1 3451408
.83 maker-166278184-snap-gene-0.4-mRNA-1 3382351
.32 augustus_masked-166166074-processed-gene-0.0-mRNA-1 3384161
.03 augustus_masked-166166074-processed-gene-0.0-mRNA-1 3400437
.41 maker-163140692-snap-gene-0.4-mRNA-1 3417984
.36 maker-163140692-snap-gene-0.4-mRNA-1 3552668
.35 maker-163140692-snap-gene-0.4-mRNA-1 3383917
.39 augustus_masked-163861116-processed-gene-0.0-mRNA-1 3387071
.31 augustus_masked-163861116-processed-gene-0.0-mRNA-1 3420616
.03 augustus_masked-163861116-processed-gene-0.0-mRNA-1 478797
.02 augustus_masked-163861116-processed-gene-0.0-mRNA-1 3420617
.01 augustus_masked-163861116-processed-gene-0.0-mRNA-1 478797
.74 maker-168567348-augustus-gene-0.23-mRNA-1 3414218
.10 maker-168567348-augustus-gene-0.23-mRNA-1 1777290
.54 maker-166572006-augustus-gene-0.3-mRNA-1 3554829
.05 maker-166572006-augustus-gene-0.3-mRNA-1 3460548
.86 genemark-168268752-processed-gene-0.7-mRNA-1 3554787
.11 genemark-168268752-processed-gene-0.7-mRNA-1 3351291
.47 maker-168184824-augustus-gene-0.47-mRNA-1 3554853
.34 maker-168184824-augustus-gene-0.47-mRNA-1 3554604
.13 maker-168184824-augustus-gene-0.47-mRNA-1 1077170
.67 maker-168518368-snap-gene-0.23-mRNA-1 3554840
.23 maker-168482002-augustus-gene-0.33-mRNA-1 3427128
.19 maker-168482002-augustus-gene-0.33-mRNA-1 3450713
.69 maker-165396321-augustus-gene-0.3-mRNA-1 3554694
.30 maker-165396321-augustus-gene-0.3-mRNA-1 151097
.68 augustus_masked-168283437-processed-gene-0.28-mRNA-1 3554871
.09 augustus_masked-168283437-processed-gene-0.28-mRNA-1 3451917
.07 augustus_masked-168283437-processed-gene-0.28-mRNA-1 3554871
.17 maker-168558424-augustus-gene-0.11-mRNA-2 3383905
.06 maker-168558424-augustus-gene-0.11-mRNA-2 3411134
.13 maker-166570907-snap-gene-0.5-mRNA-1 3068471
.70 maker-166570907-snap-gene-0.5-mRNA-1 3407004
.12 augustus_masked-163142492-processed-gene-0.0-mRNA-1 3397630
.87 augustus_masked-163142492-processed-gene-0.0-mRNA-1 3393182
.76 maker-168577341-snap-gene-2.97-mRNA-1 3449578
.55 maker-167877580-augustus-gene-0.8-mRNA-1 3554803
.28 maker-167877580-augustus-gene-0.8-mRNA-1 3416409
.22 maker-167877580-augustus-gene-0.8-mRNA-1 3384265
.14 maker-167877580-augustus-gene-0.8-mRNA-1 1026945
.14 maker-167877580-augustus-gene-0.8-mRNA-1 3442749
.61 augustus_masked-167918910-processed-gene-0.13-mRNA-1 3415940
.27 augustus_masked-167918910-processed-gene-0.13-mRNA-1 3408967
.28 maker-166658693-snap-gene-0.5-mRNA-1 3397649
.54 maker-166658693-snap-gene-0.5-mRNA-1 3390138
.67 maker-168459470-augustus-gene-0.6-mRNA-1 3554688
.19 maker-168459470-augustus-gene-0.6-mRNA-1 782951
.50 maker-163522639-snap-gene-0.4-mRNA-1 1317204
.48 maker-163522639-snap-gene-0.4-mRNA-1 3445807
.50 maker-163522639-snap-gene-0.4-mRNA-1 3393470
.44 maker-163522639-snap-gene-0.4-mRNA-1 954599
.44 maker-163522639-snap-gene-0.4-mRNA-1 3466136
.36 augustus_masked-168229181-processed-gene-0.3-mRNA-1 3410176
.27 augustus_masked-168229181-processed-gene-0.3-mRNA-1 3520789
.21 augustus_masked-168229181-processed-gene-0.3-mRNA-1 397658
.12 augustus_masked-168229181-processed-gene-0.3-mRNA-1 567605
.12 augustus_masked-168229181-processed-gene-0.3-mRNA-1 3448219
.54 augustus_masked-168223499-processed-gene-0.0-mRNA-1 664088
.08 augustus_masked-168223499-processed-gene-0.0-mRNA-1 3448714
.62 maker-168518442-snap-gene-0.36-mRNA-1 3554849
.15 maker-168518442-snap-gene-0.36-mRNA-1 267224
.34 maker-168239559-snap-gene-0.10-mRNA-1 904782
.28 maker-168239559-snap-gene-0.10-mRNA-1 3398312
.20 maker-168239559-snap-gene-0.10-mRNA-1 3502524
.20 maker-168239559-snap-gene-0.10-mRNA-1 780644
.01 maker-168239559-snap-gene-0.10-mRNA-1 3452607
.22 maker-168232715-augustus-gene-0.26-mRNA-1 640423
.76 maker-168232715-augustus-gene-0.26-mRNA-1 3404923
.45 maker-168561495-augustus-gene-0.24-mRNA-3 3411611
.06 maker-168561495-augustus-gene-0.24-mRNA-3 3479199
.26 maker-163167551-augustus-gene-0.3-mRNA-1 3554807
.15 maker-163167551-augustus-gene-0.3-mRNA-1 3418874
.04 maker-163167551-augustus-gene-0.3-mRNA-1 3408196
.03 maker-163167551-augustus-gene-0.3-mRNA-1 3408196
.31 genemark-168237172-processed-gene-0.5-mRNA-1 1036499
.68 genemark-168237172-processed-gene-0.5-mRNA-1 3415617
.26 augustus_masked-168395168-processed-gene-0.6-mRNA-1 3442222
.70 augustus_masked-168395168-processed-gene-0.6-mRNA-1 3554691
.10 maker-168557457-snap-gene-0.27-mRNA-1 3440334
.67 maker-168557457-snap-gene-0.27-mRNA-1 3554645
.99 maker-164939322-augustus-gene-0.3-mRNA-1 3554834
.66 augustus_masked-167111287-processed-gene-0.0-mRNA-1 3385961
.16 augustus_masked-167111287-processed-gene-0.0-mRNA-1 422851
.60 augustus_masked-166350556-processed-gene-0.0-mRNA-1 3398625
.32 augustus_masked-166350556-processed-gene-0.0-mRNA-1 3415121
.62 snap_masked-167794512-processed-gene-0.7-mRNA-1 329700
.34 snap_masked-167794512-processed-gene-0.7-mRNA-1 1459089
.17 maker-168573084-snap-gene-0.29-mRNA-1 3382534
.73 maker-168573084-snap-gene-0.29-mRNA-1 3554702
.15 maker-168210593-augustus-gene-0.29-mRNA-1 3394614
.76 maker-168210593-augustus-gene-0.29-mRNA-1 3554830
.87 maker-168341460-snap-gene-0.18-mRNA-1 3554770
.08 maker-168341460-snap-gene-0.18-mRNA-1 3393144
.08 maker-168341460-snap-gene-0.18-mRNA-1 3381795
.61 genemark-168119683-processed-gene-0.7-mRNA-1 3554737
.36 genemark-168119683-processed-gene-0.7-mRNA-1 3440023
.07 maker-168528959-augustus-gene-0.21-mRNA-1 715914
.86 maker-168528959-augustus-gene-0.21-mRNA-1 3554847
.27 maker-168384801-augustus-gene-0.31-mRNA-1 3429667
.27 maker-168384801-augustus-gene-0.31-mRNA-1 963266
.22 maker-168384801-augustus-gene-0.31-mRNA-1 794692
.20 maker-168384801-augustus-gene-0.31-mRNA-1 1631077
.29 maker-168207271-snap-gene-0.20-mRNA-1 3432673
.24 maker-168207271-snap-gene-0.20-mRNA-1 3383126
.85 augustus_masked-168458060-processed-gene-0.5-mRNA-1 3383736
.37 snap_masked-168560242-processed-gene-0.20-mRNA-1 3428768
.24 snap_masked-168560242-processed-gene-0.20-mRNA-1 3413931
.19 snap_masked-168560242-processed-gene-0.20-mRNA-1 3384276
.32 maker-168575187-snap-gene-0.11-mRNA-2 464460
.55 maker-168575187-snap-gene-0.11-mRNA-2 3554781
.19 maker-168245411-augustus-gene-0.24-mRNA-1 1052215
.62 maker-168245411-augustus-gene-0.24-mRNA-1 3383135
.38 augustus_masked-161842108-processed-gene-0.0-mRNA-1 3402326
.33 augustus_masked-161842108-processed-gene-0.0-mRNA-1 3416742
.27 augustus_masked-168295703-processed-gene-0.2-mRNA-1 3391572
.23 augustus_masked-168295703-processed-gene-0.2-mRNA-1 3405859
.09 augustus_masked-168295703-processed-gene-0.2-mRNA-1 3551660
.35 maker-162840631-augustus-gene-0.4-mRNA-1 3456898
.35 maker-162840631-augustus-gene-0.4-mRNA-1 1395244
.32 maker-162840631-augustus-gene-0.4-mRNA-1 3385237
.05 maker-162840631-augustus-gene-0.4-mRNA-1 3396788
.42 maker-168492049-snap-gene-0.30-mRNA-1 3385888
.36 maker-168492049-snap-gene-0.30-mRNA-1 3435481
.49 maker-168523936-augustus-gene-0.104-mRNA-1 3554867
.19 maker-168523936-augustus-gene-0.104-mRNA-1 463517
.19 augustus_masked-168413492-processed-gene-0.0-mRNA-1 208670
.74 augustus_masked-168413492-processed-gene-0.0-mRNA-1 777852
.51 maker-168185814-augustus-gene-0.12-mRNA-1 3554663
.32 maker-167973722-snap-gene-0.34-mRNA-1 3402933
.21 maker-167973722-snap-gene-0.34-mRNA-1 3381998
.01 maker-167973722-snap-gene-0.34-mRNA-1 3383063
.77 maker-168572698-snap-gene-0.27-mRNA-1 3388563
.24 maker-168572698-snap-gene-0.27-mRNA-1 3384258
.14 maker-168572698-snap-gene-0.27-mRNA-1 3459487
.81 augustus_masked-168567612-processed-gene-0.15-mRNA-1 3554617
.18 augustus_masked-168567612-processed-gene-0.15-mRNA-1 955868
.48 augustus_masked-168577288-processed-gene-0.8-mRNA-1 3384155
.19 augustus_masked-168577288-processed-gene-0.8-mRNA-1 3409942
.18 augustus_masked-168577288-processed-gene-0.8-mRNA-1 3398784
.16 augustus_masked-168577288-processed-gene-0.8-mRNA-1 787964
.20 augustus_masked-168577288-processed-gene-0.8-mRNA-1 1271387
.99 augustus_masked-168183681-processed-gene-0.1-mRNA-1 3554819
.53 genemark-167913620-processed-gene-0.14-mRNA-1 3386594
.19 genemark-167913620-processed-gene-0.14-mRNA-1 2803124
.89 maker-168577435-snap-gene-0.26-mRNA-1 3554850
.01 maker-168577435-snap-gene-0.26-mRNA-1 3381490
.37 maker-168520985-snap-gene-1.62-mRNA-1 3409115
.30 maker-168520985-snap-gene-1.62-mRNA-1 3507905
.21 maker-168520985-snap-gene-1.62-mRNA-1 3459440
.08 maker-168520985-snap-gene-1.62-mRNA-1 3395059
.11 maker-168562948-augustus-gene-0.21-mRNA-1 1481582
.82 maker-168562948-augustus-gene-0.21-mRNA-1 3554865
.31 maker-168446045-augustus-gene-0.67-mRNA-1 3554550
.04 maker-168446045-augustus-gene-0.67-mRNA-1 1014523
.46 maker-168430821-snap-gene-0.7-mRNA-1 603629
.45 maker-168430821-snap-gene-0.7-mRNA-1 3382765
.27 maker-168430821-snap-gene-0.7-mRNA-1 981745
.14 maker-168430821-snap-gene-0.7-mRNA-1 195684
.14 maker-168430821-snap-gene-0.7-mRNA-1 3413116
.32 maker-166561547-augustus-gene-0.3-mRNA-1 3385315
.62 maker-166561547-augustus-gene-0.3-mRNA-1 402358
.42 augustus_masked-164312928-processed-gene-0.0-mRNA-1 3384238
.37 augustus_masked-164312928-processed-gene-0.0-mRNA-1 376288
.13 augustus_masked-164312928-processed-gene-0.0-mRNA-1 3464237
.62 augustus_masked-166177354-processed-gene-0.0-mRNA-1 3409100
.25 augustus_masked-166177354-processed-gene-0.0-mRNA-1 3435976
.15 maker-168565416-augustus-gene-0.11-mRNA-1 3435373
.84 maker-168565416-augustus-gene-0.11-mRNA-1 268781
.16 genemark-167952706-processed-gene-0.10-mRNA-1 854459
.53 genemark-167952706-processed-gene-0.10-mRNA-1 3554839
.26 augustus_masked-168550332-processed-gene-0.4-mRNA-1 3384607
.73 augustus_masked-168550332-processed-gene-0.4-mRNA-1 3384606
.21 maker-168577147-snap-gene-0.44-mRNA-1 3390766
.19 maker-168577147-snap-gene-0.44-mRNA-1 3421594
.10 maker-168577147-snap-gene-0.44-mRNA-1 3410506
.33 maker-166972690-augustus-gene-0.3-mRNA-1 776071
.40 maker-166972690-augustus-gene-0.3-mRNA-1 3383142
.72 augustus_masked-166846130-processed-gene-0.1-mRNA-1 3451353
.16 augustus_masked-166846130-processed-gene-0.1-mRNA-1 3496250
.37 genemark-167887517-processed-gene-0.7-mRNA-1 3428765
.28 genemark-167887517-processed-gene-0.7-mRNA-1 3513229
.33 augustus_masked-168452559-processed-gene-0.5-mRNA-1 3386137
.37 augustus_masked-168452559-processed-gene-0.5-mRNA-1 3389450
.86 maker-168302813-augustus-gene-0.34-mRNA-1 3382215
.13 maker-168302813-augustus-gene-0.34-mRNA-1 3423304
.64 genemark-168454932-processed-gene-0.15-mRNA-1 3554668
.24 genemark-168454932-processed-gene-0.15-mRNA-1 3394795
.54 augustus_masked-168408746-processed-gene-0.0-mRNA-1 3460063
.32 augustus_masked-168408746-processed-gene-0.0-mRNA-1 3417069
.68 maker-168183271-snap-gene-0.16-mRNA-1 3386706
.22 maker-168183271-snap-gene-0.16-mRNA-1 3443079
.41 maker-168276603-snap-gene-0.37-mRNA-1 3547179
.38 maker-168343842-snap-gene-0.36-mRNA-1 3428153
.04 maker-168343842-snap-gene-0.36-mRNA-1 3389721
.51 augustus_masked-160571963-processed-gene-0.0-mRNA-1 3396668
.21 augustus_masked-160571963-processed-gene-0.0-mRNA-1 3395882
.80 snap_masked-168520290-processed-gene-0.38-mRNA-1 3385828
.58 maker-168557682-augustus-gene-0.69-mRNA-1 3445534
.40 maker-168557682-augustus-gene-0.69-mRNA-1 3446511
.15 maker-168557682-augustus-gene-0.69-mRNA-1 1583041
.69 maker-168419988-augustus-gene-0.29-mRNA-1 3397852
.30 maker-168419988-augustus-gene-0.29-mRNA-1 3453008
.52 maker-168191091-augustus-gene-0.57-mRNA-1 3554858
.44 maker-168191091-augustus-gene-0.57-mRNA-1 3554858
.13 genemark-168476281-processed-gene-0.52-mRNA-1 3435271
.64 genemark-168476281-processed-gene-0.52-mRNA-1 3554810
.80 maker-168446676-snap-gene-0.8-mRNA-1 3395401
.02 maker-168446676-snap-gene-0.8-mRNA-1 3407230
.02 maker-168446676-snap-gene-0.8-mRNA-1 3521208
.52 augustus_masked-168315936-processed-gene-0.6-mRNA-1 3554619
.75 maker-168255459-augustus-gene-0.40-mRNA-1 3392173
.24 maker-168255459-augustus-gene-0.40-mRNA-1 960207
.89 augustus_masked-168432470-processed-gene-0.1-mRNA-1 3554771
.10 augustus_masked-168432470-processed-gene-0.1-mRNA-1 2841956
.63 maker-165762603-snap-gene-0.4-mRNA-1 3389712
.36 maker-165762603-snap-gene-0.4-mRNA-1 3554586
.13 maker-167838589-augustus-gene-1.77-mRNA-1 146929
.86 maker-167838589-augustus-gene-1.77-mRNA-1 3382338
.42 maker-168543645-snap-gene-0.70-mRNA-1 1937187
.46 maker-168543645-snap-gene-0.70-mRNA-1 3491653
.15 augustus_masked-168575803-processed-gene-0.1-mRNA-1 894399
.11 augustus_masked-168575803-processed-gene-0.1-mRNA-1 3440677
.01 augustus_masked-168575803-processed-gene-0.1-mRNA-1 1208622
0 augustus_masked-168575803-processed-gene-0.1-mRNA-1 3391592
.19 augustus_masked-168575803-processed-gene-0.1-mRNA-1 3391592
.34 maker-162628936-augustus-gene-0.5-mRNA-1 3402732
.37 maker-162628936-augustus-gene-0.5-mRNA-1 3554680
.99 maker-167974010-augustus-gene-0.24-mRNA-1 3554764
.82 maker-168113510-augustus-gene-0.80-mRNA-1 3554681
.32 maker-168186751-snap-gene-0.38-mRNA-1 3383651
.67 maker-168186751-snap-gene-0.38-mRNA-1 3383652
.70 augustus_masked-168234698-processed-gene-0.3-mRNA-1 3554658
.18 maker-168429307-snap-gene-0.27-mRNA-1 3388430
.24 maker-168429307-snap-gene-0.27-mRNA-1 3383039
.25 maker-167204870-snap-gene-0.7-mRNA-1 3395809
.30 maker-167204870-snap-gene-0.7-mRNA-1 3388299
.78 genemark-168573920-processed-gene-0.22-mRNA-1 3416455
.32 maker-168574064-snap-gene-0.99-mRNA-1 3386802
.28 maker-168574064-snap-gene-0.99-mRNA-1 3386539
.10 maker-168574064-snap-gene-0.99-mRNA-1 3386538
.66 maker-168030994-snap-gene-0.48-mRNA-1 3384995
.15 maker-168030994-snap-gene-0.48-mRNA-1 1564944
.99 maker-163947220-augustus-gene-0.4-mRNA-1 3554860
.98 maker-166744591-snap-gene-0.6-mRNA-1 3554857
.44 maker-168402784-snap-gene-0.15-mRNA-1 3405516
.19 maker-168402784-snap-gene-0.15-mRNA-1 3393397
.14 maker-168402784-snap-gene-0.15-mRNA-1 3383607
.10 maker-168402784-snap-gene-0.15-mRNA-1 1939335
.52 maker-168550553-augustus-gene-0.146-mRNA-1 3388669
.25 maker-162035908-snap-gene-0.3-mRNA-1 148291
.73 maker-162035908-snap-gene-0.3-mRNA-1 689439
.57 maker-168489082-snap-gene-0.21-mRNA-1 3535371
.16 maker-168489082-snap-gene-0.21-mRNA-1 3387705
.26 genemark-168560050-processed-gene-0.16-mRNA-1 3554877
.18 genemark-168560050-processed-gene-0.16-mRNA-1 3554877
.16 genemark-168560050-processed-gene-0.16-mRNA-1 3500479
.20 maker-168556800-snap-gene-0.52-mRNA-1 3431482
.49 maker-168556800-snap-gene-0.52-mRNA-1 3452563
.34 genemark-168516456-processed-gene-0.4-mRNA-1 391046
.32 genemark-168516456-processed-gene-0.4-mRNA-1 1175638
.23 maker-168571946-augustus-gene-0.24-mRNA-2 789550
.42 maker-168571946-augustus-gene-0.24-mRNA-2 3554823
.35 maker-168569002-snap-gene-0.84-mRNA-1 792811
.28 maker-168569002-snap-gene-0.84-mRNA-1 3407290
.69 augustus_masked-168337411-processed-gene-0.0-mRNA-1 3389039
.30 augustus_masked-168337411-processed-gene-0.0-mRNA-1 3387242
.15 maker-168406080-augustus-gene-0.66-mRNA-1 490421
.49 maker-168406080-augustus-gene-0.66-mRNA-1 723999
