.84 snap_masked-168190002-processed-gene-0.28-mRNA-1 2669369
.88 maker-166283943-augustus-gene-0.3-mRNA-1 2669485
.10 maker-166283943-augustus-gene-0.3-mRNA-1 1868023
.10 maker-166283943-augustus-gene-0.3-mRNA-1 1466880
.10 maker-166283943-augustus-gene-0.3-mRNA-1 2563297
.40 augustus_masked-168485076-processed-gene-0.1-mRNA-1 2559272
.33 augustus_masked-168485076-processed-gene-0.1-mRNA-1 669734
.60 augustus_masked-168370932-processed-gene-0.3-mRNA-1 2301453
.33 augustus_masked-168370932-processed-gene-0.3-mRNA-1 2446469
.01 augustus_masked-168209475-processed-gene-0.1-mRNA-1 2669453
.76 augustus_masked-168209475-processed-gene-0.1-mRNA-1 2669453
.17 maker-168577294-augustus-gene-0.99-mRNA-1 669481
.34 maker-168577294-augustus-gene-0.99-mRNA-1 2539551
.39 maker-168244268-snap-gene-0.24-mRNA-1 138277
.17 maker-168244268-snap-gene-0.24-mRNA-1 2542703
.56 maker-168560422-snap-gene-0.29-mRNA-1 600800
.31 maker-168560422-snap-gene-0.29-mRNA-1 600795
.27 maker-168307430-snap-gene-0.26-mRNA-1 2545497
.70 snap_masked-165618660-processed-gene-0.3-mRNA-1 2541278
.66 snap_masked-165618660-processed-gene-0.3-mRNA-1 2542717
.51 snap_masked-165618660-processed-gene-0.3-mRNA-1 1078425
.10 snap_masked-165618660-processed-gene-0.3-mRNA-1 1232854
.10 snap_masked-165618660-processed-gene-0.3-mRNA-1 487546
.77 maker-168277920-augustus-gene-0.5-mRNA-1 2669348
.19 maker-168277920-augustus-gene-0.5-mRNA-1 213715
.37 augustus_masked-168450293-processed-gene-0.4-mRNA-1 2538820
.57 augustus_masked-168450293-processed-gene-0.4-mRNA-1 2669229
.97 maker-168090540-snap-gene-0.14-mRNA-1 2669374
.80 maker-168524732-snap-gene-0.36-mRNA-1 2669166
.17 maker-168524732-snap-gene-0.36-mRNA-1 131690
.17 maker-168524732-snap-gene-0.36-mRNA-1 2539647
.14 maker-168524732-snap-gene-0.36-mRNA-1 2583128
.14 maker-168524732-snap-gene-0.36-mRNA-1 19572
.12 maker-168352466-augustus-gene-0.25-mRNA-1 2563709
.53 maker-168352466-augustus-gene-0.25-mRNA-1 2539554
.45 maker-168452884-augustus-gene-0.16-mRNA-1 2669484
.27 maker-168452884-augustus-gene-0.16-mRNA-1 2669484
.66 snap_masked-167068571-processed-gene-0.3-mRNA-1 2559965
.32 snap_masked-167068571-processed-gene-0.3-mRNA-1 2557742
.43 augustus_masked-166744097-processed-gene-0.0-mRNA-1 2554141
.26 augustus_masked-166744097-processed-gene-0.0-mRNA-1 2538777
.36 maker-164124093-snap-gene-0.5-mRNA-1 2635946
.22 maker-164124093-snap-gene-0.5-mRNA-1 2362585
.54 maker-168394294-snap-gene-0.50-mRNA-1 2669448
.27 maker-168394294-snap-gene-0.50-mRNA-1 122167
.16 maker-168394294-snap-gene-0.50-mRNA-1 2555065
.96 maker-168292871-snap-gene-0.79-mRNA-1 2669491
.56 maker-161915945-augustus-gene-0.4-mRNA-1 2562752
.17 maker-161915945-augustus-gene-0.4-mRNA-1 1050665
.14 maker-161915945-augustus-gene-0.4-mRNA-1 2544646
.67 maker-164591750-augustus-gene-0.3-mRNA-1 2589182
.16 maker-164591750-augustus-gene-0.3-mRNA-1 1276221
.31 maker-168533242-augustus-gene-0.10-mRNA-1 2569968
.61 maker-168533242-augustus-gene-0.10-mRNA-1 2669305
.30 snap_masked-164773277-processed-gene-0.4-mRNA-1 303236
.69 snap_masked-164773277-processed-gene-0.4-mRNA-1 2595581
.61 maker-168112190-augustus-gene-0.5-mRNA-4 2669352
.07 maker-168112190-augustus-gene-0.5-mRNA-4 2554473
.07 maker-168112190-augustus-gene-0.5-mRNA-4 2552073
.20 genemark-168465189-processed-gene-0.13-mRNA-1 1222907
.79 genemark-168465189-processed-gene-0.13-mRNA-1 2544983
.58 augustus_masked-168458112-processed-gene-0.2-mRNA-1 2539129
.17 augustus_masked-168458112-processed-gene-0.2-mRNA-1 784728
.15 augustus_masked-168458112-processed-gene-0.2-mRNA-1 2580317
.13 augustus_masked-168458112-processed-gene-0.2-mRNA-1 2605712
.11 augustus_masked-168458112-processed-gene-0.2-mRNA-1 2592743
.16 maker-166894346-augustus-gene-0.4-mRNA-1 2618638
.83 maker-166894346-augustus-gene-0.4-mRNA-1 2669346
.49 maker-168564770-snap-gene-0.78-mRNA-1 2544647
.26 maker-168564770-snap-gene-0.78-mRNA-1 1221485
.31 genemark-168544813-processed-gene-0.6-mRNA-1 2542002
.37 genemark-168544813-processed-gene-0.6-mRNA-1 360930
.40 maker-168184241-snap-gene-0.7-mRNA-1 600453
.20 maker-168184241-snap-gene-0.7-mRNA-1 600447
.41 augustus_masked-168338404-processed-gene-0.14-mRNA-1 746861
.33 augustus_masked-168338404-processed-gene-0.14-mRNA-1 2628165
.54 snap_masked-168547409-processed-gene-0.34-mRNA-1 2669265
.26 augustus_masked-168515231-processed-gene-0.6-mRNA-1 2548666
.24 augustus_masked-168515231-processed-gene-0.6-mRNA-1 2559391
.41 maker-168350183-snap-gene-0.22-mRNA-1 516533
.37 maker-168350183-snap-gene-0.22-mRNA-1 494871
.48 maker-166415089-augustus-gene-0.3-mRNA-1 2669286
.44 maker-166415089-augustus-gene-0.3-mRNA-1 2548329
.88 augustus_masked-168438758-processed-gene-0.11-mRNA-1 2669447
.53 augustus_masked-167196436-processed-gene-0.0-mRNA-1 2548869
.25 augustus_masked-167196436-processed-gene-0.0-mRNA-1 2627391
.13 maker-168208252-snap-gene-0.84-mRNA-3 2669442
.12 maker-168208252-snap-gene-0.84-mRNA-3 2569335
.60 augustus_masked-168402951-processed-gene-0.0-mRNA-1 2540450
.25 augustus_masked-168402951-processed-gene-0.0-mRNA-1 2541079
.48 maker-168506409-snap-gene-0.34-mRNA-1 2669454
.28 maker-168506409-snap-gene-0.34-mRNA-1 2539157
.16 maker-168570208-snap-gene-0.39-mRNA-1 992646
.38 maker-168570208-snap-gene-0.39-mRNA-1 2669381
.72 maker-168185366-snap-gene-0.6-mRNA-1 2538720
.11 maker-168185366-snap-gene-0.6-mRNA-1 1547526
.13 maker-168570929-augustus-gene-0.41-mRNA-1 2596910
.86 maker-168570929-augustus-gene-0.41-mRNA-1 2669256
.74 snap_masked-168550564-processed-gene-0.102-mRNA-1 2669138
.15 snap_masked-168550564-processed-gene-0.102-mRNA-1 95364
.15 snap_masked-168550564-processed-gene-0.102-mRNA-1 1278185
.11 snap_masked-168550564-processed-gene-0.102-mRNA-1 1812440
.59 augustus_masked-168391043-processed-gene-0.3-mRNA-1 2545556
.34 augustus_masked-168389727-processed-gene-0.2-mRNA-1 2602328
.29 augustus_masked-168389727-processed-gene-0.2-mRNA-1 2559050
.33 augustus_masked-168183743-processed-gene-0.3-mRNA-1 384433
.06 augustus_masked-168183743-processed-gene-0.3-mRNA-1 1595009
.02 augustus_masked-168183743-processed-gene-0.3-mRNA-1 486068
.01 augustus_masked-168183743-processed-gene-0.3-mRNA-1 486068
.37 maker-162653869-augustus-gene-0.3-mRNA-1 2583347
.33 maker-162653869-augustus-gene-0.3-mRNA-1 2563291
.22 maker-162653869-augustus-gene-0.3-mRNA-1 571872
.16 maker-162653869-augustus-gene-0.3-mRNA-1 2592187
.98 snap_masked-168349398-processed-gene-0.14-mRNA-1 2619388
.95 snap_masked-168349398-processed-gene-0.14-mRNA-1 2595450
.55 augustus_masked-168577140-processed-gene-0.0-mRNA-1 2562542
.32 augustus_masked-168577140-processed-gene-0.0-mRNA-1 2669377
.70 maker-168315332-snap-gene-0.27-mRNA-1 2607925
.16 maker-168315332-snap-gene-0.27-mRNA-1 1624334
.55 maker-168217957-snap-gene-0.98-mRNA-1 2669489
.21 maker-168217957-snap-gene-0.98-mRNA-1 2551482
.34 augustus_masked-168576661-processed-gene-0.4-mRNA-1 2669158
.22 augustus_masked-168576661-processed-gene-0.4-mRNA-1 2558613
.22 augustus_masked-168576661-processed-gene-0.4-mRNA-1 65497
.16 augustus_masked-168576661-processed-gene-0.4-mRNA-1 854920
.96 snap_masked-166447821-processed-gene-0.2-mRNA-1 2669471
.58 maker-168441275-augustus-gene-0.55-mRNA-1 2538423
.38 maker-168577556-augustus-gene-0.31-mRNA-1 2586131
.23 maker-168577556-augustus-gene-0.31-mRNA-1 2556152
.50 maker-168399250-snap-gene-1.86-mRNA-1 2669222
.48 snap_masked-168503149-processed-gene-0.19-mRNA-1 816299
.20 snap_masked-168503149-processed-gene-0.19-mRNA-1 1342219
.37 augustus_masked-168388007-processed-gene-0.10-mRNA-1 2546880
.17 augustus_masked-168388007-processed-gene-0.10-mRNA-1 2626474
.13 augustus_masked-168388007-processed-gene-0.10-mRNA-1 2553188
.45 snap_masked-168092212-processed-gene-0.8-mRNA-1 2669330
.02 snap_masked-168092212-processed-gene-0.8-mRNA-1 2550589
.18 maker-168516400-augustus-gene-0.46-mRNA-1 2560254
.81 maker-168516400-augustus-gene-0.46-mRNA-1 2669466
.51 maker-168340210-snap-gene-0.33-mRNA-1 2571298
.35 maker-168340210-snap-gene-0.33-mRNA-1 1117566
.36 maker-168577025-snap-gene-0.64-mRNA-1 2314408
.36 maker-168577025-snap-gene-0.64-mRNA-1 753419
.22 maker-167865223-augustus-gene-0.47-mRNA-1 2556076
.46 maker-167865223-augustus-gene-0.47-mRNA-1 2541097
.20 maker-168344240-augustus-gene-0.18-mRNA-1 600459
.12 maker-168344240-augustus-gene-0.18-mRNA-1 2586690
.08 maker-168344240-augustus-gene-0.18-mRNA-1 154143
.08 maker-168344240-augustus-gene-0.18-mRNA-1 331034
.06 maker-168344240-augustus-gene-0.18-mRNA-1 2587248
.12 maker-168536042-snap-gene-0.9-mRNA-1 2552032
.70 maker-168536042-snap-gene-0.9-mRNA-1 534439
.33 maker-168509181-snap-gene-0.106-mRNA-1 2537756
.35 maker-168355485-snap-gene-0.16-mRNA-1 2669504
.52 maker-168355485-snap-gene-0.16-mRNA-1 2669504
.53 augustus_masked-168416866-processed-gene-0.4-mRNA-1 2669492
.99 augustus_masked-168142905-processed-gene-0.3-mRNA-1 2669323
.30 augustus_masked-166839592-processed-gene-0.1-mRNA-1 2575067
.62 augustus_masked-166839592-processed-gene-0.1-mRNA-1 2590313
.16 maker-167869164-augustus-gene-0.17-mRNA-1 2641644
.71 maker-167869164-augustus-gene-0.17-mRNA-1 2669451
.59 maker-167942724-augustus-gene-0.9-mRNA-1 2669308
.38 maker-167942724-augustus-gene-0.9-mRNA-1 766172
.62 augustus_masked-168346240-processed-gene-0.1-mRNA-1 2545395
.37 augustus_masked-168346240-processed-gene-0.1-mRNA-1 2540981
.59 maker-168517188-snap-gene-0.21-mRNA-1 2669481
.18 maker-168517188-snap-gene-0.21-mRNA-1 2626461
.40 maker-168559840-snap-gene-0.10-mRNA-1 2618033
.59 maker-168559840-snap-gene-0.10-mRNA-1 2538458
.25 augustus_masked-168575934-processed-gene-0.1-mRNA-1 2599902
.34 augustus_masked-168575934-processed-gene-0.1-mRNA-1 2560344
.29 maker-168240834-snap-gene-0.39-mRNA-1 2600743
.21 maker-168577285-augustus-gene-0.52-mRNA-1 1375431
.78 maker-168577285-augustus-gene-0.52-mRNA-1 2548077
.12 maker-168569475-augustus-gene-0.52-mRNA-1 1063617
.83 maker-168569475-augustus-gene-0.52-mRNA-1 2669378
.31 maker-168255407-snap-gene-0.15-mRNA-1 2585213
.10 maker-168255407-snap-gene-0.15-mRNA-1 2542694
.74 augustus_masked-164689749-processed-gene-0.0-mRNA-1 1061740
.16 augustus_masked-164689749-processed-gene-0.0-mRNA-1 1616508
.19 augustus_masked-164689749-processed-gene-0.0-mRNA-1 1778858
.10 augustus_masked-164689749-processed-gene-0.0-mRNA-1 2589707
.12 maker-168286907-augustus-gene-0.50-mRNA-1 2540950
.43 maker-168286907-augustus-gene-0.50-mRNA-1 2544954
.57 maker-168122527-augustus-gene-0.8-mRNA-1 2669490
.16 maker-168122527-augustus-gene-0.8-mRNA-1 2669490
.83 maker-168142165-snap-gene-0.31-mRNA-1 2669211
.16 maker-168142165-snap-gene-0.31-mRNA-1 456652
.68 maker-168253976-snap-gene-0.19-mRNA-1 2669322
.20 maker-168253976-snap-gene-0.19-mRNA-1 1090836
.36 maker-163414130-augustus-gene-0.4-mRNA-1 2540923
.33 maker-163414130-augustus-gene-0.4-mRNA-1 699578
.85 maker-168551784-augustus-gene-0.43-mRNA-1 2669111
.11 maker-168551784-augustus-gene-0.43-mRNA-1 649595
.30 maker-168376165-snap-gene-0.24-mRNA-1 2631859
.47 maker-165796197-augustus-gene-0.4-mRNA-1 2669306
.34 maker-165796197-augustus-gene-0.4-mRNA-1 267274
.24 maker-168424764-snap-gene-0.30-mRNA-1 2550152
.16 maker-168424764-snap-gene-0.30-mRNA-1 2551552
.14 maker-168424764-snap-gene-0.30-mRNA-1 1067627
.13 maker-168424764-snap-gene-0.30-mRNA-1 811498
.50 maker-168190526-snap-gene-1.103-mRNA-2 2669234
.40 maker-166363699-augustus-gene-0.3-mRNA-1 478325
.30 maker-166363699-augustus-gene-0.3-mRNA-1 486139
.30 maker-166363699-augustus-gene-0.3-mRNA-1 2545632
.21 maker-166363699-augustus-gene-0.3-mRNA-1 2546023
.18 maker-166363699-augustus-gene-0.3-mRNA-1 511245
.53 genemark-168552197-processed-gene-0.20-mRNA-1 2669327
.29 genemark-168552197-processed-gene-0.20-mRNA-1 2669327
.17 genemark-168552197-processed-gene-0.20-mRNA-1 628156
.16 genemark-168552197-processed-gene-0.20-mRNA-1 2593811
.11 augustus_masked-168495698-processed-gene-0.19-mRNA-1 2539544
.88 augustus_masked-168495698-processed-gene-0.19-mRNA-1 2562522
.15 maker-168564757-snap-gene-0.70-mRNA-1 626898
.79 maker-168564757-snap-gene-0.70-mRNA-1 2669488
.38 genemark-168577075-processed-gene-0.3-mRNA-1 2538185
.26 genemark-168577075-processed-gene-0.3-mRNA-1 754124
.27 augustus_masked-161862128-processed-gene-0.0-mRNA-1 2548998
.27 augustus_masked-161862128-processed-gene-0.0-mRNA-1 2558375
.74 maker-167828622-augustus-gene-0.5-mRNA-1 2556092
.07 maker-167828622-augustus-gene-0.5-mRNA-1 1046367
.01 maker-168182714-augustus-gene-0.3-mRNA-2 2538126
.73 augustus_masked-168543219-processed-gene-0.9-mRNA-1 2568919
.61 augustus_masked-168543219-processed-gene-0.9-mRNA-1 329551
.53 augustus_masked-168543219-processed-gene-0.9-mRNA-1 1043358
.66 augustus_masked-168543219-processed-gene-0.9-mRNA-1 782615
.53 augustus_masked-168543219-processed-gene-0.9-mRNA-1 2602677
.13 maker-168353440-snap-gene-0.15-mRNA-1 2546643
.73 maker-168353440-snap-gene-0.15-mRNA-1 2669357
.67 maker-168363033-snap-gene-0.110-mRNA-1 2669341
.22 maker-168363033-snap-gene-0.110-mRNA-1 2561730
.61 augustus_masked-168515415-processed-gene-0.7-mRNA-1 452762
.30 augustus_masked-168515415-processed-gene-0.7-mRNA-1 2669363
.66 augustus_masked-168191497-processed-gene-0.34-mRNA-1 1086330
.68 maker-162605827-snap-gene-0.3-mRNA-1 2560057
.30 maker-162605827-snap-gene-0.3-mRNA-1 800738
.43 maker-168257240-snap-gene-0.58-mRNA-1 2543630
.38 maker-168257240-snap-gene-0.58-mRNA-1 2566040
.72 maker-168379418-snap-gene-0.42-mRNA-1 2669479
.30 maker-168239269-augustus-gene-0.34-mRNA-1 2598460
.64 maker-168239269-augustus-gene-0.34-mRNA-1 2539060
.51 maker-168234076-snap-gene-0.75-mRNA-1 1160527
.44 maker-168234076-snap-gene-0.75-mRNA-1 1370703
.42 maker-168414376-snap-gene-0.39-mRNA-1 345529
.36 maker-168414376-snap-gene-0.39-mRNA-1 425870
.91 maker-168471628-snap-gene-0.18-mRNA-1 2669499
.08 maker-168471628-snap-gene-0.18-mRNA-1 2555993
.30 maker-168184972-augustus-gene-0.4-mRNA-1 2577900
.59 maker-168184972-augustus-gene-0.4-mRNA-1 2551180
.71 genemark-167703041-processed-gene-0.0-mRNA-1 2669359
.18 genemark-167703041-processed-gene-0.0-mRNA-1 2577182
.20 maker-168463880-augustus-gene-0.8-mRNA-1 2540811
.47 maker-168463880-augustus-gene-0.8-mRNA-1 2561452
.83 maker-168271200-augustus-gene-0.16-mRNA-1 2669452
.15 maker-168271200-augustus-gene-0.16-mRNA-1 2545222
.52 maker-168574083-augustus-gene-0.23-mRNA-1 2542909
.26 maker-168574083-augustus-gene-0.23-mRNA-1 2570798
.46 genemark-162711595-processed-gene-0.1-mRNA-1 2657414
.28 genemark-162711595-processed-gene-0.1-mRNA-1 610255
.95 maker-166773883-snap-gene-0.5-mRNA-1 2538262
.04 maker-166773883-snap-gene-0.5-mRNA-1 2624452
.68 maker-168429947-augustus-gene-0.37-mRNA-1 2541662
.24 maker-168429947-augustus-gene-0.37-mRNA-1 2545444
.59 maker-168472848-snap-gene-0.42-mRNA-1 2550762
.28 maker-168472848-snap-gene-0.42-mRNA-1 1367562
.09 maker-168522419-snap-gene-0.44-mRNA-1 1219917
.75 maker-168522419-snap-gene-0.44-mRNA-1 2669189
.39 maker-162080320-snap-gene-0.5-mRNA-1 2558582
.47 maker-168251700-snap-gene-0.27-mRNA-1 2669331
.17 maker-168251700-snap-gene-0.27-mRNA-1 774790
.11 maker-168251700-snap-gene-0.27-mRNA-1 2666189
.55 augustus_masked-166842099-processed-gene-0.1-mRNA-1 2669319
.29 augustus_masked-166842099-processed-gene-0.1-mRNA-1 2561684
.29 augustus_masked-166842099-processed-gene-0.1-mRNA-1 2537977
.52 augustus_masked-168554693-processed-gene-0.17-mRNA-1 2619820
.17 augustus_masked-168554693-processed-gene-0.17-mRNA-1 1195634
.15 augustus_masked-168554693-processed-gene-0.17-mRNA-1 2636674
.31 maker-168454181-augustus-gene-0.110-mRNA-1 2669298
.37 maker-168454181-augustus-gene-0.110-mRNA-1 510821
.40 augustus_masked-165926022-processed-gene-0.0-mRNA-1 2581960
.19 augustus_masked-165926022-processed-gene-0.0-mRNA-1 413551
.14 maker-168240510-augustus-gene-0.30-mRNA-1 111854
.57 maker-168240510-augustus-gene-0.30-mRNA-1 2669315
.70 maker-162868920-snap-gene-0.4-mRNA-1 2669467
.26 maker-162868920-snap-gene-0.4-mRNA-1 2547182
.78 maker-168227898-snap-gene-0.43-mRNA-1 2669241
.12 maker-168227898-snap-gene-0.43-mRNA-1 2573712
.83 maker-168398674-snap-gene-0.59-mRNA-1 2669500
.12 maker-168398674-snap-gene-0.59-mRNA-1 1127012
0 snap_masked-166887161-processed-gene-0.4-mRNA-1 2549279
.30 maker-168138634-augustus-gene-0.11-mRNA-1 2543412
.21 maker-168138634-augustus-gene-0.11-mRNA-1 451957
.53 maker-168531691-augustus-gene-0.22-mRNA-1 2544484
.39 maker-168531691-augustus-gene-0.22-mRNA-1 349153
.38 maker-168368165-augustus-gene-0.39-mRNA-1 1604575
.76 maker-158895201-augustus-gene-0.3-mRNA-1 2669318
.23 maker-158895201-augustus-gene-0.3-mRNA-1 295228
.83 augustus_masked-168548606-processed-gene-0.12-mRNA-1 2647561
.86 augustus_masked-168191616-processed-gene-0.17-mRNA-1 2669497
.41 maker-168567405-snap-gene-0.31-mRNA-1 459627
.35 maker-168567405-snap-gene-0.31-mRNA-1 2544702
.62 maker-168577084-snap-gene-0.16-mRNA-1 2669476
.20 snap_masked-167938364-processed-gene-0.2-mRNA-1 2622749
.77 snap_masked-167938364-processed-gene-0.2-mRNA-1 2546795
.82 maker-168359502-augustus-gene-0.13-mRNA-1 2669473
.09 maker-168359502-augustus-gene-0.13-mRNA-1 2669473
.42 maker-168138948-augustus-gene-0.12-mRNA-1 2669502
.08 maker-168138948-augustus-gene-0.12-mRNA-1 2539803
.71 augustus_masked-168451357-processed-gene-0.4-mRNA-1 2669240
.08 augustus_masked-168451357-processed-gene-0.4-mRNA-1 2577308
.07 augustus_masked-168451357-processed-gene-0.4-mRNA-1 325633
.60 augustus_masked-168296318-processed-gene-0.3-mRNA-1 2546636
.39 augustus_masked-167848865-processed-gene-0.2-mRNA-1 2582932
.21 augustus_masked-167848865-processed-gene-0.2-mRNA-1 218546
.13 augustus_masked-167848865-processed-gene-0.2-mRNA-1 578368
.13 augustus_masked-167848865-processed-gene-0.2-mRNA-1 2669366
.06 augustus_masked-167848865-processed-gene-0.2-mRNA-1 1015874
.26 maker-163860129-snap-gene-0.5-mRNA-1 2641722
.28 maker-163860129-snap-gene-0.5-mRNA-1 2559775
.29 maker-168184023-augustus-gene-0.11-mRNA-2 2549462
.12 maker-168184023-augustus-gene-0.11-mRNA-2 2580056
.05 maker-168184023-augustus-gene-0.11-mRNA-2 2661681
.71 augustus_masked-168380608-processed-gene-0.2-mRNA-1 54313
.27 augustus_masked-168380608-processed-gene-0.2-mRNA-1 2539220
.18 snap_masked-167884987-processed-gene-0.25-mRNA-1 2573226
.80 snap_masked-167884987-processed-gene-0.25-mRNA-1 2545290
.16 augustus_masked-162282389-processed-gene-0.0-mRNA-1 1207629
.77 augustus_masked-162282389-processed-gene-0.0-mRNA-1 2544653
.17 augustus_masked-168551594-processed-gene-0.3-mRNA-1 2559916
.73 augustus_masked-168551594-processed-gene-0.3-mRNA-1 2669370
.51 genemark-168564678-processed-gene-0.2-mRNA-1 2669334
.13 genemark-168564678-processed-gene-0.2-mRNA-1 2583819
.22 maker-167850645-snap-gene-0.30-mRNA-1 2669498
.26 maker-167850645-snap-gene-0.30-mRNA-1 2669498
.84 maker-168186924-snap-gene-0.23-mRNA-1 2669501
.76 maker-168281809-augustus-gene-0.12-mRNA-1 2669238
.11 maker-168281809-augustus-gene-0.12-mRNA-1 1834730
.86 maker-159030253-snap-gene-0.4-mRNA-1 2538916
.13 maker-159030253-snap-gene-0.4-mRNA-1 331208
.55 maker-168189884-snap-gene-0.73-mRNA-1 2669487
.29 maker-168189884-snap-gene-0.73-mRNA-1 2564350
.11 maker-168189884-snap-gene-0.73-mRNA-1 461660
.19 maker-168514719-augustus-gene-0.38-mRNA-1 2546050
.46 maker-168514719-augustus-gene-0.38-mRNA-1 36835
.53 maker-168577220-augustus-gene-0.60-mRNA-1 412690
.53 maker-168577220-augustus-gene-0.60-mRNA-1 2579844
.16 maker-168577220-augustus-gene-0.60-mRNA-1 412690
.31 maker-168183693-augustus-gene-0.4-mRNA-2 2612998
.25 maker-168183693-augustus-gene-0.4-mRNA-2 2543386
.23 maker-168183693-augustus-gene-0.4-mRNA-2 409770
.39 genemark-168431026-processed-gene-0.5-mRNA-1 1687598
.35 genemark-168431026-processed-gene-0.5-mRNA-1 1671248
.58 maker-168473566-augustus-gene-0.46-mRNA-1 2669228
.33 maker-168473566-augustus-gene-0.46-mRNA-1 771843
.92 maker-168562406-augustus-gene-0.20-mRNA-1 2669503
.04 maker-168562406-augustus-gene-0.20-mRNA-1 2666916
.71 maker-168458770-augustus-gene-0.37-mRNA-1 2669182
.31 maker-168458770-augustus-gene-0.37-mRNA-1 2601724
.24 maker-168458770-augustus-gene-0.37-mRNA-1 2609123
.91 maker-168482721-augustus-gene-0.51-mRNA-1 2669243
.06 maker-168482721-augustus-gene-0.51-mRNA-1 995218
.71 maker-165124954-augustus-gene-0.5-mRNA-1 2669248
.27 maker-165124954-augustus-gene-0.5-mRNA-1 2636210
.23 maker-168388997-augustus-gene-0.16-mRNA-1 496479
.30 maker-168388997-augustus-gene-0.16-mRNA-1 474091
.13 maker-168154321-augustus-gene-0.45-mRNA-1 642430
.64 maker-168154321-augustus-gene-0.45-mRNA-1 617667
.66 augustus_masked-168188318-processed-gene-0.3-mRNA-1 2538545
.17 maker-168255407-snap-gene-0.15-mRNA-2 2581230
.35 maker-168255407-snap-gene-0.15-mRNA-2 2585213
.30 maker-167994331-augustus-gene-0.45-mRNA-1 2544819
.11 maker-167994331-augustus-gene-0.45-mRNA-1 2620122
.20 augustus_masked-168242297-processed-gene-0.12-mRNA-1 2645084
.79 augustus_masked-168242297-processed-gene-0.12-mRNA-1 2539006
.38 snap_masked-168243331-processed-gene-0.3-mRNA-1 2547575
.61 snap_masked-168243331-processed-gene-0.3-mRNA-1 2539975
.34 snap_masked-163961224-processed-gene-0.2-mRNA-1 2574974
.55 snap_masked-163961224-processed-gene-0.2-mRNA-1 2568012
.65 maker-168278439-augustus-gene-0.47-mRNA-1 2669224
.29 maker-165671060-augustus-gene-0.3-mRNA-1 2550461
.47 maker-165671060-augustus-gene-0.3-mRNA-1 889524
.32 maker-168198041-augustus-gene-0.49-mRNA-1 2556070
.36 maker-168263287-augustus-gene-0.51-mRNA-1 2546033
.28 maker-168263287-augustus-gene-0.51-mRNA-1 2586059
.67 maker-163676960-augustus-gene-0.2-mRNA-1 2555453
.50 maker-163676960-augustus-gene-0.2-mRNA-1 2588861
.31 maker-163676960-augustus-gene-0.2-mRNA-1 320542
.17 maker-163676960-augustus-gene-0.2-mRNA-1 2539095
.17 maker-163676960-augustus-gene-0.2-mRNA-1 801983
.73 maker-168406671-augustus-gene-0.12-mRNA-1 2669495
.07 maker-168406671-augustus-gene-0.12-mRNA-1 1063536
.46 maker-168532704-snap-gene-0.36-mRNA-1 630586
.39 maker-168532704-snap-gene-0.36-mRNA-1 2544393
.18 maker-166529607-snap-gene-0.3-mRNA-1 1617804
.81 maker-166529607-snap-gene-0.3-mRNA-1 2607162
.54 augustus_masked-24056382-processed-gene-0.0-mRNA-1 2618033
.23 augustus_masked-24056382-processed-gene-0.0-mRNA-1 2636113
.20 genemark-168295952-processed-gene-0.19-mRNA-1 2542239
.16 genemark-168295952-processed-gene-0.19-mRNA-1 2608642
.11 genemark-168295952-processed-gene-0.19-mRNA-1 2565881
.11 genemark-168295952-processed-gene-0.19-mRNA-1 78639
.05 genemark-168295952-processed-gene-0.19-mRNA-1 2600985
.65 maker-161634024-augustus-gene-0.2-mRNA-1 2575281
.41 maker-161634024-augustus-gene-0.2-mRNA-1 2641930
.43 maker-161634024-augustus-gene-0.2-mRNA-1 2546679
.18 maker-161634024-augustus-gene-0.2-mRNA-1 2609009
.19 augustus_masked-168138750-processed-gene-0.0-mRNA-1 2569857
.80 augustus_masked-168138750-processed-gene-0.0-mRNA-1 2564219
.21 augustus_masked-168559770-processed-gene-0.3-mRNA-1 2549902
.77 augustus_masked-168559770-processed-gene-0.3-mRNA-1 2669351
.43 snap_masked-168549129-processed-gene-0.20-mRNA-1 2669340
.16 maker-168576038-augustus-gene-0.53-mRNA-1 2565695
.83 maker-168576038-augustus-gene-0.53-mRNA-1 2669225
.47 maker-168016424-augustus-gene-0.27-mRNA-2 2669391
.31 maker-168016424-augustus-gene-0.27-mRNA-2 2562042
.31 maker-168016424-augustus-gene-0.27-mRNA-2 2540536
.17 maker-168016424-augustus-gene-0.27-mRNA-2 704664
.17 maker-168016424-augustus-gene-0.27-mRNA-2 515333
.42 maker-168189228-snap-gene-0.97-mRNA-1 2617624
.32 maker-168189228-snap-gene-0.97-mRNA-1 408217
.75 snap_masked-166826280-processed-gene-0.3-mRNA-1 861177
.24 snap_masked-166826280-processed-gene-0.3-mRNA-1 861175
.12 snap_masked-168444448-processed-gene-0.13-mRNA-1 2540708
.87 snap_masked-168444448-processed-gene-0.13-mRNA-1 2557049
.19 maker-168320898-snap-gene-0.13-mRNA-1 2544780
.79 maker-168320898-snap-gene-0.13-mRNA-1 2669493
.48 maker-168182986-snap-gene-0.101-mRNA-1 2669482
.29 maker-168182986-snap-gene-0.101-mRNA-1 2562071
.09 augustus_masked-168287478-processed-gene-0.21-mRNA-1 2589907
.78 augustus_masked-168287478-processed-gene-0.21-mRNA-1 2669203
.66 augustus_masked-168507288-processed-gene-0.0-mRNA-1 2669393
.19 augustus_masked-168507288-processed-gene-0.0-mRNA-1 2538135
.42 maker-168364903-augustus-gene-0.94-mRNA-1 2555253
.38 maker-168364903-augustus-gene-0.94-mRNA-1 345026
.15 augustus_masked-166764245-processed-gene-0.2-mRNA-1 818582
.69 augustus_masked-166764245-processed-gene-0.2-mRNA-1 2669255
.32 maker-168561624-augustus-gene-0.6-mRNA-1 983241
.33 maker-168561624-augustus-gene-0.6-mRNA-1 1970075
.99 maker-168187371-augustus-gene-0.8-mRNA-1 2669480
.99 maker-167265731-snap-gene-0.5-mRNA-1 2669475
.42 augustus_masked-167933899-processed-gene-0.3-mRNA-1 931217
.39 augustus_masked-167933899-processed-gene-0.3-mRNA-1 819246
.81 maker-166388077-augustus-gene-0.5-mRNA-2 2554255
.28 augustus_masked-168565881-processed-gene-0.3-mRNA-1 2559479
.25 augustus_masked-168565881-processed-gene-0.3-mRNA-1 2549037
.28 maker-168560921-augustus-gene-0.53-mRNA-1 2554086
.50 maker-168560921-augustus-gene-0.53-mRNA-1 2616195
.20 maker-168186284-snap-gene-0.13-mRNA-1 402742
.08 maker-168186284-snap-gene-0.13-mRNA-1 2577895
.56 snap_masked-160194821-processed-gene-0.2-mRNA-1 2560744
.43 snap_masked-160194821-processed-gene-0.2-mRNA-1 2541486
.82 maker-168440195-snap-gene-0.5-mRNA-1 2669321
.17 maker-168440195-snap-gene-0.5-mRNA-1 2621238
.73 maker-168190276-snap-gene-0.64-mRNA-1 926740
.12 augustus_masked-168552098-processed-gene-0.12-mRNA-1 2592755
.87 augustus_masked-168552098-processed-gene-0.12-mRNA-1 2551155
.15 snap_masked-164559599-processed-gene-0.2-mRNA-1 993611
.84 snap_masked-164559599-processed-gene-0.2-mRNA-1 2669360
.43 augustus_masked-168495557-processed-gene-0.1-mRNA-1 979243
.29 augustus_masked-168495557-processed-gene-0.1-mRNA-1 2601039
.22 augustus_masked-168495557-processed-gene-0.1-mRNA-1 979240
.38 maker-168178695-augustus-gene-0.14-mRNA-1 566999
.36 maker-168178695-augustus-gene-0.14-mRNA-1 2234412
.24 maker-168115588-augustus-gene-0.14-mRNA-1 2538230
.29 maker-168115588-augustus-gene-0.14-mRNA-1 2547850
.56 maker-168259001-augustus-gene-0.42-mRNA-1 2539153
.26 maker-168259001-augustus-gene-0.42-mRNA-1 2539153
.30 maker-168183214-augustus-gene-0.15-mRNA-1 2669386
.30 maker-168183214-augustus-gene-0.15-mRNA-1 570813
.38 maker-168498446-augustus-gene-0.115-mRNA-1 2549189
.20 maker-168498446-augustus-gene-0.115-mRNA-1 2606602
.40 maker-168154231-snap-gene-0.12-mRNA-1 2541908
.55 maker-168154231-snap-gene-0.12-mRNA-1 2539685
.63 snap_masked-168006645-processed-gene-0.11-mRNA-1 2669361
.19 snap_masked-168006645-processed-gene-0.11-mRNA-1 1119151
.48 maker-168211766-snap-gene-0.50-mRNA-1 2617761
.76 augustus_masked-168421942-processed-gene-0.2-mRNA-1 2645836
.17 augustus_masked-168421942-processed-gene-0.2-mRNA-1 2623928
.33 maker-168572221-augustus-gene-0.62-mRNA-2 2580077
.07 maker-168572221-augustus-gene-0.62-mRNA-2 2537875
.30 maker-168222075-snap-gene-0.70-mRNA-1 2669486
.31 maker-168222075-snap-gene-0.70-mRNA-1 2669486
.16 maker-168222075-snap-gene-0.70-mRNA-1 902769
.16 maker-168222075-snap-gene-0.70-mRNA-1 2542927
.37 maker-168349402-snap-gene-0.19-mRNA-2 2578094
.34 maker-168349402-snap-gene-0.19-mRNA-2 2570278
.23 maker-168349402-snap-gene-0.19-mRNA-2 2583500
.53 augustus_masked-168560097-processed-gene-0.3-mRNA-1 2544198
.35 augustus_masked-168560097-processed-gene-0.3-mRNA-1 2640617
.52 maker-168190314-snap-gene-1.128-mRNA-1 2559683
.23 maker-163841636-augustus-gene-0.3-mRNA-1 2649305
.54 maker-163841636-augustus-gene-0.3-mRNA-1 342407
.53 maker-168575940-snap-gene-0.34-mRNA-1 1372435
.20 maker-168575940-snap-gene-0.34-mRNA-1 1045753
.32 maker-162369037-augustus-gene-0.8-mRNA-1 2551875
.23 maker-162369037-augustus-gene-0.8-mRNA-1 2664780
.16 maker-162369037-augustus-gene-0.8-mRNA-1 2544631
.08 maker-162369037-augustus-gene-0.8-mRNA-1 703557
.26 maker-168494032-snap-gene-1.45-mRNA-1 2546298
.41 maker-168494032-snap-gene-1.45-mRNA-1 2669202
.07 maker-168511538-snap-gene-0.11-mRNA-1 537634
.70 maker-168511538-snap-gene-0.11-mRNA-1 2669282
.42 augustus_masked-163182345-processed-gene-0.0-mRNA-1 2669264
.57 augustus_masked-163182345-processed-gene-0.0-mRNA-1 2540269
.31 augustus_masked-168476186-processed-gene-0.7-mRNA-1 2551749
.56 augustus_masked-168476186-processed-gene-0.7-mRNA-1 342095
.19 maker-168572970-augustus-gene-0.17-mRNA-1 2666157
.16 maker-168572970-augustus-gene-0.17-mRNA-1 2656118
.16 maker-168572970-augustus-gene-0.17-mRNA-1 2597517
.03 maker-168572970-augustus-gene-0.17-mRNA-1 2545619
.80 augustus_masked-167004964-processed-gene-0.0-mRNA-1 2669252
.19 augustus_masked-167004964-processed-gene-0.0-mRNA-1 942071
.32 maker-164947036-augustus-gene-0.3-mRNA-1 2569974
.29 maker-164947036-augustus-gene-0.3-mRNA-1 2545686
.64 maker-168476490-augustus-gene-0.23-mRNA-1 2580805
.04 maker-168476490-augustus-gene-0.23-mRNA-1 2124880
.97 maker-168299600-snap-gene-0.10-mRNA-1 2541528
.99 maker-168299600-snap-gene-0.10-mRNA-1 243368
.76 maker-168299600-snap-gene-0.10-mRNA-1 684430
.50 augustus_masked-168401751-processed-gene-0.16-mRNA-1 664739
.37 augustus_masked-168401751-processed-gene-0.16-mRNA-1 2558421
.13 maker-168246894-snap-gene-0.14-mRNA-1 2600909
.86 maker-168246894-snap-gene-0.14-mRNA-1 2669478
.45 maker-168251712-snap-gene-0.13-mRNA-1 2606442
.37 maker-168251712-snap-gene-0.13-mRNA-1 167598
.32 maker-168514719-snap-gene-0.39-mRNA-1 1380573
.65 maker-168514719-snap-gene-0.39-mRNA-1 275090
.68 maker-168516845-snap-gene-0.40-mRNA-1 853458
.48 snap_masked-168237407-processed-gene-0.19-mRNA-1 532167
.45 snap_masked-168237407-processed-gene-0.19-mRNA-1 2649003
.33 maker-168191623-augustus-gene-0.44-mRNA-1 2538783
.60 maker-168547274-snap-gene-0.58-mRNA-1 762238
.20 maker-168547274-snap-gene-0.58-mRNA-1 2587608
.43 snap_masked-166584126-processed-gene-0.2-mRNA-1 2669477
.22 snap_masked-166584126-processed-gene-0.2-mRNA-1 1012768
.20 snap_masked-166584126-processed-gene-0.2-mRNA-1 2602600
.70 augustus_masked-44523131-processed-gene-0.0-mRNA-1 2578214
.17 augustus_masked-44523131-processed-gene-0.0-mRNA-1 451266
.18 augustus_masked-168042770-processed-gene-0.1-mRNA-1 2626290
.42 augustus_masked-168042770-processed-gene-0.1-mRNA-1 2549364
.58 maker-168218725-snap-gene-0.66-mRNA-1 2669207
.41 maker-168218725-snap-gene-0.66-mRNA-1 619111
.15 augustus_masked-167838348-processed-gene-0.3-mRNA-1 2625873
.80 augustus_masked-167838348-processed-gene-0.3-mRNA-1 2612320
.99 maker-168562409-snap-gene-0.38-mRNA-1 2669494
.40 maker-168577080-snap-gene-0.74-mRNA-1 2543674
.28 maker-168577080-snap-gene-0.74-mRNA-1 2543222
.99 augustus_masked-166669677-processed-gene-0.0-mRNA-1 2541460
.34 maker-168184278-snap-gene-0.19-mRNA-2 2565038
.46 maker-168184278-snap-gene-0.19-mRNA-2 2540552
.21 snap_masked-168053354-processed-gene-0.24-mRNA-1 531055
.22 snap_masked-168053354-processed-gene-0.24-mRNA-1 2540658
.16 snap_masked-168053354-processed-gene-0.24-mRNA-1 2562705
.16 snap_masked-168053354-processed-gene-0.24-mRNA-1 2563997
.06 snap_masked-168053354-processed-gene-0.24-mRNA-1 2553174
.12 augustus_masked-168443181-processed-gene-0.15-mRNA-1 2546489
.87 augustus_masked-168443181-processed-gene-0.15-mRNA-1 2669244
.44 snap_masked-168348206-processed-gene-0.49-mRNA-1 2549006
.27 snap_masked-168348206-processed-gene-0.49-mRNA-1 877154
.22 snap_masked-168348206-processed-gene-0.49-mRNA-1 2650378
.20 snap_masked-168348206-processed-gene-0.49-mRNA-1 2656002
.50 augustus_masked-166613608-processed-gene-0.0-mRNA-1 2669362
.19 augustus_masked-166613608-processed-gene-0.0-mRNA-1 2547220
.23 maker-168327546-augustus-gene-0.25-mRNA-1 2630561
.33 maker-168327546-augustus-gene-0.25-mRNA-1 2583968
.32 maker-168410765-augustus-gene-0.42-mRNA-1 2544783
.27 maker-168410765-augustus-gene-0.42-mRNA-1 2580859
.75 augustus_masked-168260497-processed-gene-0.6-mRNA-1 2669190
.30 augustus_masked-162119412-processed-gene-0.0-mRNA-1 2539636
.37 augustus_masked-162119412-processed-gene-0.0-mRNA-1 2669313
.50 maker-168577377-augustus-gene-0.93-mRNA-1 2669170
.27 maker-168577377-augustus-gene-0.93-mRNA-1 2553066
.22 maker-168577377-augustus-gene-0.93-mRNA-1 655189
.22 maker-168577377-augustus-gene-0.93-mRNA-1 2559993
.40 maker-166597788-augustus-gene-0.3-mRNA-1 2669247
.29 maker-166597788-augustus-gene-0.3-mRNA-1 2622338
.24 augustus_masked-168185688-processed-gene-0.10-mRNA-1 2577476
.20 augustus_masked-168185688-processed-gene-0.10-mRNA-1 2577134
.42 maker-165394341-snap-gene-0.4-mRNA-1 2586094
.40 maker-165394341-snap-gene-0.4-mRNA-1 2586093
.67 augustus_masked-167965301-processed-gene-0.2-mRNA-1 2669358
.12 augustus_masked-167965301-processed-gene-0.2-mRNA-1 2561297
.06 augustus_masked-167965301-processed-gene-0.2-mRNA-1 1235200
.04 augustus_masked-167965301-processed-gene-0.2-mRNA-1 618207
.12 snap_masked-167813743-processed-gene-0.6-mRNA-1 1561435
.87 snap_masked-167813743-processed-gene-0.6-mRNA-1 2669449
.13 maker-168572384-snap-gene-0.14-mRNA-1 2592150
.72 maker-168572384-snap-gene-0.14-mRNA-1 2669483
.17 maker-168572384-snap-gene-0.14-mRNA-2 2592150
.68 maker-168572384-snap-gene-0.14-mRNA-2 2669483
.52 maker-168571183-augustus-gene-0.28-mRNA-1 2669245
.23 maker-168571183-augustus-gene-0.28-mRNA-1 1084425
.20 maker-168576930-augustus-gene-0.37-mRNA-1 2553711
.69 maker-168576930-augustus-gene-0.37-mRNA-1 2669230
.80 genemark-168568885-processed-gene-0.5-mRNA-1 2669496
.06 genemark-168568885-processed-gene-0.5-mRNA-1 794790
.52 augustus_masked-168398021-processed-gene-0.0-mRNA-1 2544518
.24 augustus_masked-168398021-processed-gene-0.0-mRNA-1 2560269
.68 augustus_masked-168296338-processed-gene-0.0-mRNA-1 2538494
.31 augustus_masked-168296338-processed-gene-0.0-mRNA-1 887146
.16 maker-166269667-augustus-gene-0.3-mRNA-1 2624842
.43 maker-166269667-augustus-gene-0.3-mRNA-1 2606746
.32 genemark-168481447-processed-gene-0.38-mRNA-1 2544582
.62 genemark-168481447-processed-gene-0.38-mRNA-1 2561414
.41 maker-166256057-augustus-gene-0.4-mRNA-1 460421
.39 maker-166256057-augustus-gene-0.4-mRNA-1 2669450
.86 maker-168566055-augustus-gene-0.7-mRNA-1 2669382
.12 maker-168557558-augustus-gene-0.48-mRNA-1 2544766
.17 maker-168557558-augustus-gene-0.48-mRNA-1 2544767
.17 maker-168574247-snap-gene-0.51-mRNA-1 2583736
.42 maker-168574247-snap-gene-0.51-mRNA-1 2669196
.89 snap_masked-168414024-processed-gene-1.105-mRNA-1 2669390
.08 snap_masked-168414024-processed-gene-1.105-mRNA-1 602991
.47 maker-168185331-augustus-gene-0.53-mRNA-1 2669376
.28 maker-168185331-augustus-gene-0.53-mRNA-1 2571176
.34 genemark-164898960-processed-gene-0.0-mRNA-1 569554
.42 genemark-164898960-processed-gene-0.0-mRNA-1 1226464
