.49 maker-168568969-augustus-gene-0.25-mRNA-1 3327484
.42 maker-168568969-augustus-gene-0.25-mRNA-1 202514
.22 maker-168568969-augustus-gene-0.25-mRNA-1 3350376
.53 maker-167900252-snap-gene-0.18-mRNA-1 3449408
.01 maker-167900252-snap-gene-0.18-mRNA-1 3281252
.71 maker-168536470-augustus-gene-0.27-mRNA-1 3280242
.17 maker-168536470-augustus-gene-0.27-mRNA-1 3280478
.29 maker-168454354-snap-gene-0.19-mRNA-1 3282118
.14 maker-168454354-snap-gene-0.19-mRNA-1 734268
.67 augustus_masked-168183416-processed-gene-0.7-mRNA-1 3346772
.28 maker-168558918-snap-gene-0.58-mRNA-1 3324898
.03 maker-168558918-snap-gene-0.58-mRNA-1 3303602
.24 maker-168071173-snap-gene-0.25-mRNA-1 3279315
.16 maker-168071173-snap-gene-0.25-mRNA-1 731342
.43 maker-168536713-augustus-gene-0.77-mRNA-1 3449162
.21 maker-168536713-augustus-gene-0.77-mRNA-1 3354983
.13 maker-168536713-augustus-gene-0.77-mRNA-1 1233811
.58 maker-168576960-snap-gene-0.16-mRNA-1 3449429
.17 maker-168576960-snap-gene-0.16-mRNA-1 2668359
.79 maker-168448619-augustus-gene-0.19-mRNA-1 3281264
.13 maker-168448619-augustus-gene-0.19-mRNA-1 586466
.44 maker-168509550-augustus-gene-0.13-mRNA-1 3449401
.17 maker-168509550-augustus-gene-0.13-mRNA-1 898041
.43 maker-164678396-augustus-gene-0.3-mRNA-1 3355339
.39 maker-164678396-augustus-gene-0.3-mRNA-1 3334197
.25 maker-168429677-augustus-gene-0.99-mRNA-1 3292996
.13 maker-168429677-augustus-gene-0.99-mRNA-1 3331494
.11 maker-168429677-augustus-gene-0.99-mRNA-1 3396640
.31 augustus_masked-168371449-processed-gene-0.0-mRNA-1 3305868
.12 augustus_masked-168371449-processed-gene-0.0-mRNA-1 3361237
.06 augustus_masked-168371449-processed-gene-0.0-mRNA-1 3341179
.85 maker-168286421-augustus-gene-0.46-mRNA-1 3449269
.42 maker-168286421-augustus-gene-0.46-mRNA-1 3285333
.11 maker-168286421-augustus-gene-0.46-mRNA-1 3378181
.06 maker-168286421-augustus-gene-0.46-mRNA-1 1792242
.01 maker-168286421-augustus-gene-0.46-mRNA-1 887191
.17 maker-168071173-snap-gene-0.26-mRNA-1 1309142
.82 maker-168071173-snap-gene-0.26-mRNA-1 3449272
.20 maker-168409137-augustus-gene-0.5-mRNA-3 3309181
.10 maker-168409137-augustus-gene-0.5-mRNA-3 3284352
.57 maker-166600736-snap-gene-0.4-mRNA-1 3281672
.22 maker-166600736-snap-gene-0.4-mRNA-1 3303459
.18 maker-166600736-snap-gene-0.4-mRNA-1 1820005
.21 maker-168188596-augustus-gene-0.31-mRNA-1 3346072
.53 maker-168188596-augustus-gene-0.31-mRNA-1 3282666
.10 maker-168332971-augustus-gene-0.47-mRNA-1 1370128
.89 maker-168332971-augustus-gene-0.47-mRNA-1 3279927
.55 maker-161767142-snap-gene-0.3-mRNA-1 3312907
.74 maker-168561165-snap-gene-0.81-mRNA-1 3449413
.25 maker-168561165-snap-gene-0.81-mRNA-1 3311321
.60 snap_masked-158985397-processed-gene-0.2-mRNA-1 3305009
.16 snap_masked-158985397-processed-gene-0.2-mRNA-1 3302222
.24 augustus_masked-166336943-processed-gene-0.1-mRNA-1 3361135
.40 augustus_masked-166336943-processed-gene-0.1-mRNA-1 3355711
.43 maker-167827970-augustus-gene-0.40-mRNA-1 3449443
.17 maker-167827970-augustus-gene-0.40-mRNA-1 3300407
.49 maker-168303944-snap-gene-0.63-mRNA-1 3449364
.03 maker-168244948-augustus-gene-0.35-mRNA-2 3279470
.57 maker-168244948-augustus-gene-0.35-mRNA-2 3293519
.99 maker-158274504-augustus-gene-0.2-mRNA-1 3449410
.25 maker-168185089-augustus-gene-0.14-mRNA-3 3280296
.18 maker-168185089-augustus-gene-0.14-mRNA-3 702424
.15 maker-168185089-augustus-gene-0.14-mRNA-3 3449239
.04 maker-168185089-augustus-gene-0.14-mRNA-3 904008
.32 augustus_masked-168174988-processed-gene-0.0-mRNA-1 791235
.43 augustus_masked-168174988-processed-gene-0.0-mRNA-1 3449170
.34 augustus_masked-168174988-processed-gene-0.0-mRNA-1 3449254
.27 augustus_masked-168174988-processed-gene-0.0-mRNA-1 3282167
.23 augustus_masked-168174988-processed-gene-0.0-mRNA-1 3280738
.34 maker-168577580-snap-gene-0.22-mRNA-1 2235233
.37 maker-168577580-snap-gene-0.22-mRNA-1 1263653
.37 maker-168577580-snap-gene-0.22-mRNA-1 1075870
.36 maker-168577580-snap-gene-0.22-mRNA-1 1054094
.34 maker-168577580-snap-gene-0.22-mRNA-1 3308689
.13 genemark-168508162-processed-gene-0.9-mRNA-1 3355617
.86 genemark-168508162-processed-gene-0.9-mRNA-1 3449403
.66 augustus_masked-168187504-processed-gene-0.2-mRNA-1 3449436
.20 augustus_masked-168187504-processed-gene-0.2-mRNA-1 3411685
.77 augustus_masked-167236155-processed-gene-0.0-mRNA-1 3449398
.29 augustus_masked-167236155-processed-gene-0.0-mRNA-1 3287214
.43 genemark-167986691-processed-gene-0.1-mRNA-1 3312469
.56 genemark-167986691-processed-gene-0.1-mRNA-1 3350349
.58 maker-168446001-augustus-gene-0.11-mRNA-1 3449316
.32 maker-168446001-augustus-gene-0.11-mRNA-1 3360405
.19 maker-168446001-augustus-gene-0.11-mRNA-1 3287616
.82 augustus_masked-168400519-processed-gene-0.6-mRNA-1 3449363
.15 augustus_masked-168400519-processed-gene-0.6-mRNA-1 3301304
.13 augustus_masked-168400519-processed-gene-0.6-mRNA-1 3301302
.29 augustus_masked-165120295-processed-gene-0.0-mRNA-1 3288583
.44 augustus_masked-165120295-processed-gene-0.0-mRNA-1 3307401
.45 augustus_masked-168235624-processed-gene-0.0-mRNA-1 906465
.54 augustus_masked-168235624-processed-gene-0.0-mRNA-1 1684373
.16 maker-163080181-snap-gene-0.4-mRNA-1 3284190
.50 maker-163080181-snap-gene-0.4-mRNA-1 3380434
.99 augustus_masked-168374722-processed-gene-0.4-mRNA-1 3300734
.21 snap_masked-168217950-processed-gene-0.34-mRNA-1 3320344
.77 snap_masked-168217950-processed-gene-0.34-mRNA-1 3278748
.49 augustus_masked-168492452-processed-gene-0.5-mRNA-1 3449426
.14 maker-167166811-augustus-gene-0.7-mRNA-1 98681
.85 maker-167166811-augustus-gene-0.7-mRNA-1 3449404
.16 snap_masked-166888811-processed-gene-0.4-mRNA-1 193201
.83 snap_masked-166888811-processed-gene-0.4-mRNA-1 193231
.80 maker-165892324-augustus-gene-0.3-mRNA-1 3336104
.19 maker-165892324-augustus-gene-0.3-mRNA-1 747426
.60 maker-167807770-augustus-gene-0.11-mRNA-1 3438385
.32 maker-167807770-augustus-gene-0.11-mRNA-1 874990
.66 snap_masked-162303516-processed-gene-0.1-mRNA-1 3294541
.33 snap_masked-162303516-processed-gene-0.1-mRNA-1 855402
.21 maker-168186079-augustus-gene-0.6-mRNA-1 3278738
.42 maker-168186079-augustus-gene-0.6-mRNA-1 3449169
.11 maker-168417108-snap-gene-0.16-mRNA-1 777089
.88 maker-168417108-snap-gene-0.16-mRNA-1 3449445
.71 maker-163847467-augustus-gene-0.2-mRNA-1 636987
.28 maker-163847467-augustus-gene-0.2-mRNA-1 1730243
.23 maker-162365180-snap-gene-0.5-mRNA-1 1020460
.39 maker-162365180-snap-gene-0.5-mRNA-1 737523
.39 augustus_masked-163922042-processed-gene-0.0-mRNA-1 3280833
.39 augustus_masked-163922042-processed-gene-0.0-mRNA-1 3323219
.35 augustus_masked-163922042-processed-gene-0.0-mRNA-1 3281818
.28 augustus_masked-163922042-processed-gene-0.0-mRNA-1 3292139
0 augustus_masked-168399112-processed-gene-0.2-mRNA-1 3280814
.52 maker-168381976-snap-gene-0.30-mRNA-1 3279257
.51 maker-168381976-snap-gene-0.30-mRNA-1 3289746
.16 maker-168381976-snap-gene-0.30-mRNA-1 3309791
.16 maker-168381976-snap-gene-0.30-mRNA-1 3314214
.37 maker-168221362-snap-gene-0.7-mRNA-1 3288343
.30 maker-168221362-snap-gene-0.7-mRNA-1 3294821
.30 maker-168221362-snap-gene-0.7-mRNA-1 3335044
.02 maker-168221362-snap-gene-0.7-mRNA-1 3279440
.37 genemark-168479921-processed-gene-0.48-mRNA-1 742248
.43 genemark-168479921-processed-gene-0.48-mRNA-1 3449245
.25 augustus_masked-168060398-processed-gene-0.15-mRNA-1 3285159
.62 augustus_masked-168060398-processed-gene-0.15-mRNA-1 3303105
.20 maker-168577117-augustus-gene-0.37-mRNA-1 3395039
.66 maker-168577117-augustus-gene-0.37-mRNA-1 3292720
.22 maker-168186755-snap-gene-0.28-mRNA-1 3288074
.17 maker-168186755-snap-gene-0.28-mRNA-1 3376332
.01 maker-168186755-snap-gene-0.28-mRNA-1 3449376
.01 maker-168186755-snap-gene-0.28-mRNA-1 480828
.14 maker-168439323-snap-gene-0.25-mRNA-1 1031516
.78 maker-168439323-snap-gene-0.25-mRNA-1 3449419
.73 maker-168510568-snap-gene-0.25-mRNA-1 3449446
.12 maker-168510568-snap-gene-0.25-mRNA-1 2124531
.73 maker-168388679-snap-gene-0.68-mRNA-1 3279578
.32 maker-168542452-snap-gene-1.85-mRNA-1 3284710
.26 maker-168542452-snap-gene-1.85-mRNA-1 3279329
.99 maker-168561168-snap-gene-0.36-mRNA-1 3449435
.32 maker-168558381-augustus-gene-0.76-mRNA-1 3278736
.51 maker-168558381-augustus-gene-0.76-mRNA-1 3278737
.48 augustus_masked-168562641-processed-gene-0.0-mRNA-1 3328691
.33 augustus_masked-168562641-processed-gene-0.0-mRNA-1 3351090
.33 augustus_masked-168562641-processed-gene-0.0-mRNA-1 1072884
.04 augustus_masked-168562641-processed-gene-0.0-mRNA-1 3284132
.55 maker-168370578-snap-gene-0.38-mRNA-1 3300345
.16 maker-168370578-snap-gene-0.38-mRNA-1 3322583
.12 augustus_masked-163747011-processed-gene-0.0-mRNA-1 3320159
.79 augustus_masked-163747011-processed-gene-0.0-mRNA-1 898829
.52 augustus_masked-163949268-processed-gene-0.0-mRNA-1 3299573
.20 augustus_masked-163949268-processed-gene-0.0-mRNA-1 3446330
.87 maker-168337454-snap-gene-0.100-mRNA-1 3286659
.74 maker-168519242-augustus-gene-0.33-mRNA-1 3449282
.25 maker-168519242-augustus-gene-0.33-mRNA-1 3281146
.56 augustus_masked-163912774-processed-gene-0.0-mRNA-1 3283430
.27 augustus_masked-163912774-processed-gene-0.0-mRNA-1 1711811
.75 maker-168471017-snap-gene-0.27-mRNA-1 3449430
.06 maker-168471017-snap-gene-0.27-mRNA-1 3283933
.31 maker-168473591-augustus-gene-0.86-mRNA-1 3309969
.25 maker-168473591-augustus-gene-0.86-mRNA-1 447629
.25 maker-168473591-augustus-gene-0.86-mRNA-1 3338933
.24 maker-168473591-augustus-gene-0.86-mRNA-1 3317387
.14 maker-168473591-augustus-gene-0.86-mRNA-1 3284504
.99 augustus_masked-168244668-processed-gene-0.7-mRNA-1 3449394
.33 maker-168559632-snap-gene-0.24-mRNA-3 3449177
.32 maker-168559632-snap-gene-0.24-mRNA-3 3286923
.35 maker-168561329-augustus-gene-0.75-mRNA-1 3449432
.22 maker-168561329-augustus-gene-0.75-mRNA-1 3449432
.35 maker-168529554-augustus-gene-0.26-mRNA-1 816187
.35 maker-168529554-augustus-gene-0.26-mRNA-1 3303461
.24 maker-168529554-augustus-gene-0.26-mRNA-1 3281691
.32 augustus_masked-163039900-processed-gene-0.0-mRNA-1 3391295
.20 augustus_masked-163039900-processed-gene-0.0-mRNA-1 1079730
.30 maker-168135841-augustus-gene-0.7-mRNA-1 593436
.56 maker-168135841-augustus-gene-0.7-mRNA-1 3286756
.68 maker-168188813-augustus-gene-0.22-mRNA-1 3334262
.29 maker-168188813-augustus-gene-0.22-mRNA-1 3426808
.20 maker-168188813-augustus-gene-0.22-mRNA-1 3347717
.29 maker-167880810-snap-gene-0.19-mRNA-1 381753
.41 maker-167880810-snap-gene-0.19-mRNA-1 3282230
.75 maker-168233418-augustus-gene-0.156-mRNA-1 3449395
.44 maker-167168600-augustus-gene-0.3-mRNA-1 3284086
.37 maker-167168600-augustus-gene-0.3-mRNA-1 3280319
.37 maker-168500211-snap-gene-1.85-mRNA-1 3360063
.38 maker-168500211-snap-gene-1.85-mRNA-1 3283232
.15 maker-168197815-augustus-gene-0.8-mRNA-1 2008062
.80 maker-168197815-augustus-gene-0.8-mRNA-1 3449352
.40 snap_masked-162700684-processed-gene-0.1-mRNA-1 3280670
.59 snap_masked-162700684-processed-gene-0.1-mRNA-1 3279378
.85 snap_masked-168547110-processed-gene-0.47-mRNA-1 3308318
.38 augustus_masked-168226445-processed-gene-0.5-mRNA-1 1200180
.60 augustus_masked-168226445-processed-gene-0.5-mRNA-1 3285757
.33 maker-168515011-snap-gene-0.19-mRNA-1 3289279
.27 maker-168515011-snap-gene-0.19-mRNA-1 3289280
.21 maker-168515011-snap-gene-0.19-mRNA-1 3331082
.14 maker-168515011-snap-gene-0.19-mRNA-1 3352497
.40 maker-159540286-augustus-gene-0.3-mRNA-1 3371648
.35 maker-159540286-augustus-gene-0.3-mRNA-1 3367685
.17 maker-168229388-snap-gene-0.13-mRNA-1 3381200
.80 maker-168229388-snap-gene-0.13-mRNA-1 3449431
.55 maker-168465650-snap-gene-0.45-mRNA-1 3433752
.68 maker-168574353-snap-gene-0.46-mRNA-1 3280530
.22 maker-168574353-snap-gene-0.46-mRNA-1 3286590
.54 augustus_masked-168251063-processed-gene-2.61-mRNA-1 3284699
.19 augustus_masked-168251063-processed-gene-2.61-mRNA-1 3426004
.43 maker-168555804-augustus-gene-0.23-mRNA-1 3449405
.22 maker-168555804-augustus-gene-0.23-mRNA-1 3297541
.01 maker-168555804-augustus-gene-0.23-mRNA-1 3311022
.47 maker-162157327-snap-gene-0.4-mRNA-1 3331142
.34 maker-162157327-snap-gene-0.4-mRNA-1 61394
.34 maker-162157327-snap-gene-0.4-mRNA-1 3400398
.27 maker-162157327-snap-gene-0.4-mRNA-1 1235813
.27 maker-162157327-snap-gene-0.4-mRNA-1 3282361
.44 augustus_masked-167854562-processed-gene-0.4-mRNA-1 3298145
.28 augustus_masked-167854562-processed-gene-0.4-mRNA-1 3411885
.23 maker-168513142-snap-gene-0.15-mRNA-1 887453
.32 maker-168513142-snap-gene-0.15-mRNA-1 117389
.43 maker-168156654-snap-gene-0.5-mRNA-1 3281865
.42 maker-168156654-snap-gene-0.5-mRNA-1 3361891
.42 maker-168156654-snap-gene-0.5-mRNA-1 3279702
.38 maker-168156654-snap-gene-0.5-mRNA-1 3417908
.29 maker-168156654-snap-gene-0.5-mRNA-1 3367571
.79 augustus_masked-161494145-processed-gene-0.2-mRNA-1 3325684
.20 augustus_masked-161494145-processed-gene-0.2-mRNA-1 3353253
.63 maker-168331534-augustus-gene-0.22-mRNA-1 3449301
.14 maker-168331534-augustus-gene-0.22-mRNA-1 3327028
.51 maker-168326283-snap-gene-0.12-mRNA-2 3449441
.20 maker-168326283-snap-gene-0.12-mRNA-2 3449441
.56 augustus_masked-167795672-processed-gene-0.2-mRNA-1 3317951
.22 augustus_masked-167795672-processed-gene-0.2-mRNA-1 3292474
.75 maker-168448377-augustus-gene-0.14-mRNA-1 3449411
.02 maker-168448377-augustus-gene-0.14-mRNA-1 670549
.35 maker-166477544-augustus-gene-0.3-mRNA-1 3322631
.62 maker-166477544-augustus-gene-0.3-mRNA-1 3332672
.96 maker-164459445-snap-gene-0.3-mRNA-1 3449397
.57 maker-167869468-augustus-gene-0.20-mRNA-1 3449339
.20 maker-167869468-augustus-gene-0.20-mRNA-1 1601059
.25 snap_masked-168240424-processed-gene-0.8-mRNA-1 3281363
.74 snap_masked-168240424-processed-gene-0.8-mRNA-1 3449225
.20 maker-168533921-snap-gene-0.40-mRNA-2 1702638
.79 maker-168533921-snap-gene-0.40-mRNA-2 3449379
.41 augustus_masked-167812752-processed-gene-0.1-mRNA-1 3449170
.20 augustus_masked-167812752-processed-gene-0.1-mRNA-1 3298516
.99 maker-168420642-augustus-gene-0.12-mRNA-1 3283263
.72 maker-168577405-augustus-gene-0.88-mRNA-1 3449422
.17 maker-168577405-augustus-gene-0.88-mRNA-1 3366224
.07 augustus_masked-168191896-processed-gene-0.2-mRNA-1 313255
.57 augustus_masked-168191896-processed-gene-0.2-mRNA-1 3449390
.60 maker-168415125-augustus-gene-0.14-mRNA-1 3281111
.18 maker-168415125-augustus-gene-0.14-mRNA-1 3286686
.06 maker-168415125-augustus-gene-0.14-mRNA-1 3312927
.92 snap_masked-168577240-processed-gene-0.41-mRNA-1 3449418
.07 snap_masked-168577240-processed-gene-0.41-mRNA-1 933824
.35 maker-168324215-snap-gene-0.51-mRNA-1 3312300
.28 maker-168324215-snap-gene-0.51-mRNA-1 3315301
.36 maker-168186104-snap-gene-0.12-mRNA-1 3318512
.46 maker-168186104-snap-gene-0.12-mRNA-1 3318512
.33 augustus_masked-168331075-processed-gene-0.7-mRNA-1 3285511
.33 augustus_masked-168331075-processed-gene-0.7-mRNA-1 3301863
.30 maker-168191714-snap-gene-0.65-mRNA-1 666915
.19 maker-168191714-snap-gene-0.65-mRNA-1 633843
.20 maker-168191714-snap-gene-0.65-mRNA-1 1290865
.19 maker-168191714-snap-gene-0.65-mRNA-1 3434609
.34 augustus_masked-168234727-processed-gene-0.9-mRNA-1 3418458
.65 augustus_masked-168234727-processed-gene-0.9-mRNA-1 3449302
.69 maker-168525057-snap-gene-0.37-mRNA-1 3449424
.55 augustus_masked-168486763-processed-gene-0.3-mRNA-1 3330030
.52 augustus_masked-168486763-processed-gene-0.3-mRNA-1 3281089
.48 augustus_masked-168486763-processed-gene-0.3-mRNA-1 681641
.33 augustus_masked-168486763-processed-gene-0.3-mRNA-1 1020405
.32 augustus_masked-168486763-processed-gene-0.3-mRNA-1 3292287
.17 maker-168436858-snap-gene-0.6-mRNA-1 1351851
.79 maker-168436858-snap-gene-0.6-mRNA-1 3449327
.38 maker-168184263-augustus-gene-0.6-mRNA-1 3282608
.18 maker-168184263-augustus-gene-0.6-mRNA-1 3307141
.37 maker-168513473-augustus-gene-0.5-mRNA-1 3373624
.58 maker-168513473-augustus-gene-0.5-mRNA-1 3286348
.23 maker-165889842-augustus-gene-0.7-mRNA-1 3295932
.60 maker-165889842-augustus-gene-0.7-mRNA-1 3327177
.62 augustus_masked-168274984-processed-gene-0.0-mRNA-1 3449314
.37 augustus_masked-168274984-processed-gene-0.0-mRNA-1 3351372
.27 augustus_masked-168544925-processed-gene-0.0-mRNA-1 3286147
.72 augustus_masked-168544925-processed-gene-0.0-mRNA-1 3286148
.27 maker-168545579-snap-gene-0.16-mRNA-1 3438640
.20 maker-168545579-snap-gene-0.16-mRNA-1 3379292
.16 maker-168545579-snap-gene-0.16-mRNA-1 3373951
.15 maker-168545579-snap-gene-0.16-mRNA-1 3324133
.46 augustus_masked-165950810-processed-gene-0.1-mRNA-1 3316186
.19 augustus_masked-165950810-processed-gene-0.1-mRNA-1 3306432
.12 augustus_masked-165950810-processed-gene-0.1-mRNA-1 3317977
.09 maker-168482134-snap-gene-0.60-mRNA-1 1506794
.87 maker-168482134-snap-gene-0.60-mRNA-1 3449315
.81 augustus_masked-168414897-processed-gene-0.2-mRNA-1 914134
.79 augustus_masked-168414897-processed-gene-0.2-mRNA-1 3356270
.80 augustus_masked-168414897-processed-gene-0.2-mRNA-1 1507889
.65 augustus_masked-168414897-processed-gene-0.2-mRNA-1 3307073
.67 augustus_masked-168414897-processed-gene-0.2-mRNA-1 3287656
.69 augustus_masked-165783827-processed-gene-0.1-mRNA-1 3280226
.23 augustus_masked-165783827-processed-gene-0.1-mRNA-1 797621
.19 augustus_masked-165783827-processed-gene-0.1-mRNA-1 3373395
.23 maker-168564826-snap-gene-0.32-mRNA-1 3288416
.71 maker-168564826-snap-gene-0.32-mRNA-1 3449423
.83 maker-168188868-snap-gene-0.13-mRNA-1 3449444
.07 maker-168188868-snap-gene-0.13-mRNA-1 3326032
.22 augustus_masked-166914911-processed-gene-0.0-mRNA-1 3408708
.23 augustus_masked-166914911-processed-gene-0.0-mRNA-1 3383527
.17 augustus_masked-166914911-processed-gene-0.0-mRNA-1 3449442
.55 augustus_masked-168570978-processed-gene-0.13-mRNA-1 356230
.24 augustus_masked-168570978-processed-gene-0.13-mRNA-1 6557
.18 maker-165858805-augustus-gene-0.3-mRNA-1 3285211
.71 maker-165858805-augustus-gene-0.3-mRNA-1 3300916
.19 maker-168185570-augustus-gene-0.15-mRNA-1 1268090
.22 maker-168185570-augustus-gene-0.15-mRNA-1 1216953
.38 maker-167979663-augustus-gene-0.14-mRNA-1 3296939
.19 maker-167979663-augustus-gene-0.14-mRNA-1 3320325
.19 maker-167979663-augustus-gene-0.14-mRNA-1 1281867
.17 augustus_masked-168577511-processed-gene-0.1-mRNA-1 3312185
.55 augustus_masked-168577511-processed-gene-0.1-mRNA-1 3312186
.29 maker-163276289-augustus-gene-0.3-mRNA-1 8999
.41 maker-163276289-augustus-gene-0.3-mRNA-1 3449172
.29 maker-168554500-snap-gene-0.42-mRNA-1 3321369
.27 maker-168554500-snap-gene-0.42-mRNA-1 3281520
.27 maker-168554500-snap-gene-0.42-mRNA-1 3308542
.10 maker-168554500-snap-gene-0.42-mRNA-1 1642965
.49 snap_masked-168569643-processed-gene-0.50-mRNA-1 3404528
.50 snap_masked-168569643-processed-gene-0.50-mRNA-1 3336129
.82 maker-168487098-snap-gene-1.60-mRNA-1 3449427
.58 augustus_masked-162770361-processed-gene-0.0-mRNA-1 3280723
.66 augustus_masked-168566215-processed-gene-0.9-mRNA-1 3309354
.65 maker-168342535-augustus-gene-0.16-mRNA-1 3279962
.20 maker-168342535-augustus-gene-0.16-mRNA-1 443794
.18 maker-168342535-augustus-gene-0.16-mRNA-1 199823
.17 maker-168342535-augustus-gene-0.16-mRNA-1 3367140
.22 maker-168187395-augustus-gene-0.18-mRNA-1 3365166
.68 maker-168187395-augustus-gene-0.18-mRNA-1 3313413
.59 maker-166219764-augustus-gene-0.6-mRNA-2 3313246
.26 maker-166219764-augustus-gene-0.6-mRNA-2 3299903
.12 maker-166219764-augustus-gene-0.6-mRNA-2 923428
.58 maker-166219764-augustus-gene-0.6-mRNA-1 3313246
.27 maker-166219764-augustus-gene-0.6-mRNA-1 3299903
.12 maker-166219764-augustus-gene-0.6-mRNA-1 923428
.21 augustus_masked-168449128-processed-gene-0.13-mRNA-1 639319
.78 augustus_masked-168449128-processed-gene-0.13-mRNA-1 3449290
.17 maker-168520917-augustus-gene-0.31-mRNA-1 902396
.45 maker-168520917-augustus-gene-0.31-mRNA-1 3339799
.19 maker-166750857-snap-gene-0.4-mRNA-1 3302047
.46 maker-166750857-snap-gene-0.4-mRNA-1 3312088
.18 maker-168577367-snap-gene-0.23-mRNA-1 730473
.81 maker-168577367-snap-gene-0.23-mRNA-1 3449389
.92 maker-168185386-augustus-gene-0.17-mRNA-1 3449438
.27 augustus_masked-168576513-processed-gene-0.11-mRNA-1 3331078
.66 augustus_masked-168576513-processed-gene-0.11-mRNA-1 3282269
.55 maker-166788924-augustus-gene-0.3-mRNA-1 3287420
.14 maker-166788924-augustus-gene-0.3-mRNA-1 3310041
.13 maker-166788924-augustus-gene-0.3-mRNA-1 3289563
.11 maker-166788924-augustus-gene-0.3-mRNA-1 206232
.40 maker-163730067-augustus-gene-0.3-mRNA-1 3314827
.38 maker-163730067-augustus-gene-0.3-mRNA-1 1283259
.27 maker-163730067-augustus-gene-0.3-mRNA-1 3282140
.19 maker-163730067-augustus-gene-0.3-mRNA-1 916503
.04 maker-163730067-augustus-gene-0.3-mRNA-1 340167
.40 maker-166686765-snap-gene-0.5-mRNA-1 1258533
.59 maker-166686765-snap-gene-0.5-mRNA-1 3289346
.32 maker-168427633-snap-gene-0.31-mRNA-1 3449440
.23 maker-168427633-snap-gene-0.31-mRNA-1 3449440
.21 maker-168557063-augustus-gene-0.134-mRNA-1 1370608
.41 maker-168557063-augustus-gene-0.134-mRNA-1 562150
.24 maker-167915957-snap-gene-0.12-mRNA-1 3286938
.23 maker-167915957-snap-gene-0.12-mRNA-1 3308051
.14 maker-167915957-snap-gene-0.12-mRNA-1 3358815
.07 maker-168230424-snap-gene-0.24-mRNA-1 3407755
.71 maker-168230424-snap-gene-0.24-mRNA-1 3279826
.08 maker-168186616-snap-gene-0.28-mRNA-1 518224
.89 maker-168186616-snap-gene-0.28-mRNA-1 3449323
.60 augustus_masked-168529508-processed-gene-0.0-mRNA-1 3284488
.18 augustus_masked-168529508-processed-gene-0.0-mRNA-1 3289095
.58 maker-168560687-augustus-gene-0.76-mRNA-1 3449433
.13 maker-168560687-augustus-gene-0.76-mRNA-1 25452
.13 maker-168560687-augustus-gene-0.76-mRNA-1 3290157
.14 maker-168560687-augustus-gene-0.76-mRNA-1 3310103
.12 maker-168560687-augustus-gene-0.76-mRNA-1 3313934
.04 maker-168527807-augustus-gene-0.16-mRNA-1 3309005
.95 maker-168527807-augustus-gene-0.16-mRNA-1 3449415
.64 maker-163137976-snap-gene-0.4-mRNA-1 798970
.20 maker-163137976-snap-gene-0.4-mRNA-1 1075213
.33 genemark-168566761-processed-gene-0.17-mRNA-1 3449321
.24 genemark-168566761-processed-gene-0.17-mRNA-1 3360657
.54 augustus_masked-162579802-processed-gene-0.0-mRNA-1 3334720
.31 augustus_masked-162579802-processed-gene-0.0-mRNA-1 3376460
.99 maker-167249565-augustus-gene-0.3-mRNA-1 3449402
.44 maker-164740903-augustus-gene-0.3-mRNA-1 3347138
.43 maker-164740903-augustus-gene-0.3-mRNA-1 1561744
.28 maker-164740903-augustus-gene-0.3-mRNA-1 1800897
.23 maker-164740903-augustus-gene-0.3-mRNA-1 41613
.34 augustus_masked-168533071-processed-gene-0.6-mRNA-1 3449420
.20 augustus_masked-168533071-processed-gene-0.6-mRNA-1 106847
.20 augustus_masked-168533071-processed-gene-0.6-mRNA-1 3306458
.34 maker-168428127-snap-gene-0.6-mRNA-1 3301220
.29 maker-168428127-snap-gene-0.6-mRNA-1 850491
.37 maker-168232216-augustus-gene-0.60-mRNA-1 3292015
.31 maker-168232216-augustus-gene-0.60-mRNA-1 3292016
.22 maker-168232216-augustus-gene-0.60-mRNA-1 1176936
.26 maker-168232216-augustus-gene-0.60-mRNA-1 3331956
.17 maker-168232216-augustus-gene-0.60-mRNA-1 1521072
.37 augustus_masked-167823414-processed-gene-0.6-mRNA-1 3356598
.33 augustus_masked-167823414-processed-gene-0.6-mRNA-1 3331159
.18 maker-165332935-snap-gene-0.5-mRNA-1 1354742
.07 maker-165332935-snap-gene-0.5-mRNA-1 923466
.36 snap_masked-168307379-processed-gene-0.28-mRNA-1 1267809
.33 snap_masked-168307379-processed-gene-0.28-mRNA-1 3290873
.48 augustus_masked-162020190-processed-gene-0.0-mRNA-1 3286268
.26 augustus_masked-162020190-processed-gene-0.0-mRNA-1 3283078
.19 augustus_masked-162020190-processed-gene-0.0-mRNA-1 594312
.15 augustus_masked-162020190-processed-gene-0.0-mRNA-1 90842
.58 genemark-167821227-processed-gene-0.6-mRNA-1 1182275
.34 genemark-167821227-processed-gene-0.6-mRNA-1 3364278
.31 maker-168473482-augustus-gene-0.24-mRNA-1 3283687
.40 maker-168473482-augustus-gene-0.24-mRNA-1 3449425
.34 snap_masked-168488885-processed-gene-0.4-mRNA-1 3282861
.05 snap_masked-168488885-processed-gene-0.4-mRNA-1 733455
.16 snap_masked-168532811-processed-gene-0.13-mRNA-1 1028383
.83 snap_masked-168532811-processed-gene-0.13-mRNA-1 3449385
.33 maker-168284571-snap-gene-0.109-mRNA-1 3449346
.24 maker-168284571-snap-gene-0.109-mRNA-1 3280399
.23 maker-168284571-snap-gene-0.109-mRNA-1 657818
.23 maker-168284571-snap-gene-0.109-mRNA-1 3283340
.09 maker-168284571-snap-gene-0.109-mRNA-1 331837
.52 maker-168571622-augustus-gene-0.43-mRNA-1 3449416
.03 maker-168571622-augustus-gene-0.43-mRNA-1 248748
.47 maker-168254861-augustus-gene-0.35-mRNA-1 3449439
.23 maker-168254861-augustus-gene-0.35-mRNA-1 3449439
.40 maker-168327604-snap-gene-0.22-mRNA-1 3381962
.38 maker-168327604-snap-gene-0.22-mRNA-1 825531
.33 maker-168327604-snap-gene-0.22-mRNA-1 3300406
.27 maker-168327604-snap-gene-0.22-mRNA-1 3402918
.32 maker-168327604-snap-gene-0.22-mRNA-1 838782
.83 maker-168305274-augustus-gene-0.39-mRNA-1 3449252
.19 maker-168305274-augustus-gene-0.39-mRNA-1 496974
.19 maker-168305274-augustus-gene-0.39-mRNA-1 571853
.16 maker-168305274-augustus-gene-0.39-mRNA-1 3284473
.99 maker-168507613-augustus-gene-0.11-mRNA-1 3449409
.29 augustus_masked-168377306-processed-gene-0.5-mRNA-1 3282925
.57 augustus_masked-168377306-processed-gene-0.5-mRNA-1 3308087
.85 maker-167805075-snap-gene-0.60-mRNA-1 3313588
.11 maker-167805075-snap-gene-0.60-mRNA-1 3032975
.17 maker-168499295-snap-gene-0.52-mRNA-1 3356138
.67 maker-168499295-snap-gene-0.52-mRNA-1 3449371
.84 maker-168409494-augustus-gene-0.9-mRNA-1 3449253
.15 maker-168409494-augustus-gene-0.9-mRNA-1 3449370
.17 snap_masked-168543491-processed-gene-0.29-mRNA-1 3288117
.17 snap_masked-168543491-processed-gene-0.29-mRNA-1 3331594
.06 snap_masked-168543491-processed-gene-0.29-mRNA-1 714026
.17 augustus_masked-168574366-processed-gene-0.0-mRNA-1 1488487
.82 augustus_masked-168574366-processed-gene-0.0-mRNA-1 541578
.33 genemark-168262150-processed-gene-0.27-mRNA-1 3289281
.25 genemark-168262150-processed-gene-0.27-mRNA-1 3297447
.15 genemark-168262150-processed-gene-0.27-mRNA-1 3299797
.48 maker-165810553-augustus-gene-0.1-mRNA-1 1031901
.30 maker-165810553-augustus-gene-0.1-mRNA-1 1165016
.42 maker-167877492-snap-gene-0.15-mRNA-1 3449412
.54 maker-167877492-snap-gene-0.15-mRNA-1 3449412
.45 augustus_masked-168001069-processed-gene-0.6-mRNA-1 517320
.54 augustus_masked-168001069-processed-gene-0.6-mRNA-1 3310104
.54 genemark-168304985-processed-gene-0.19-mRNA-1 3449241
.28 genemark-168304985-processed-gene-0.19-mRNA-1 3345183
.99 maker-167999838-augustus-gene-0.40-mRNA-1 3449428
.25 augustus_masked-168573920-processed-gene-0.12-mRNA-1 3288961
.39 augustus_masked-168573920-processed-gene-0.12-mRNA-1 3384141
.28 augustus_masked-168439791-processed-gene-0.16-mRNA-1 3449372
.27 augustus_masked-168439791-processed-gene-0.16-mRNA-1 548192
.85 augustus_masked-168575520-processed-gene-0.9-mRNA-1 3449303
.12 augustus_masked-168575520-processed-gene-0.9-mRNA-1 3449303
.19 augustus_masked-166562382-processed-gene-0.0-mRNA-1 519037
.68 augustus_masked-166562382-processed-gene-0.0-mRNA-1 3308591
.44 snap_masked-168455340-processed-gene-0.19-mRNA-1 813379
.55 snap_masked-168455340-processed-gene-0.19-mRNA-1 3369036
.48 maker-168496243-augustus-gene-0.17-mRNA-1 3449399
.20 maker-168496243-augustus-gene-0.17-mRNA-1 3318582
.09 maker-168496243-augustus-gene-0.17-mRNA-1 38568
.56 maker-168577105-augustus-gene-0.51-mRNA-1 3449194
.45 maker-168577105-augustus-gene-0.51-mRNA-1 3395301
.27 maker-168577105-augustus-gene-0.51-mRNA-1 774196
.32 maker-168577105-augustus-gene-0.51-mRNA-1 3376209
.32 maker-168189255-augustus-gene-0.88-mRNA-1 3449437
.27 maker-168189255-augustus-gene-0.88-mRNA-1 3449437
.20 augustus_masked-168564398-processed-gene-3.0-mRNA-1 3368097
.67 augustus_masked-168564398-processed-gene-3.0-mRNA-1 3439563
.17 maker-168573412-augustus-gene-0.7-mRNA-1 3305014
.69 maker-168573412-augustus-gene-0.7-mRNA-1 3449300
.37 maker-168454772-augustus-gene-0.50-mRNA-1 3288745
.16 maker-168454772-augustus-gene-0.50-mRNA-1 3280352
.12 maker-168454772-augustus-gene-0.50-mRNA-1 3288746
.26 maker-163577184-snap-gene-0.1-mRNA-1 3313157
.68 maker-163577184-snap-gene-0.1-mRNA-1 628821
.33 maker-168276567-augustus-gene-0.6-mRNA-1 3384911
.27 maker-168276567-augustus-gene-0.6-mRNA-1 719041
.99 augustus_masked-165928839-processed-gene-0.0-mRNA-1 3319191
.69 maker-168550641-augustus-gene-0.66-mRNA-1 3449434
.22 maker-168550641-augustus-gene-0.66-mRNA-1 3279390
.13 maker-168455588-augustus-gene-0.13-mRNA-1 624593
.83 maker-168455588-augustus-gene-0.13-mRNA-1 3449400
.43 maker-168451561-snap-gene-0.40-mRNA-1 3279941
.41 maker-168525947-augustus-gene-0.38-mRNA-1 3283042
.49 maker-168525947-augustus-gene-0.38-mRNA-1 3340011
.42 maker-168577628-snap-gene-0.38-mRNA-1 2512845
.34 maker-168577628-snap-gene-0.38-mRNA-1 2234044
.68 maker-168553218-snap-gene-0.39-mRNA-1 3449367
.26 maker-168553218-snap-gene-0.39-mRNA-1 1298263
.28 maker-168553218-snap-gene-0.39-mRNA-1 1199371
.17 maker-168553218-snap-gene-0.39-mRNA-1 835998
.46 maker-168187500-augustus-gene-0.8-mRNA-1 3449293
.26 maker-168187500-augustus-gene-0.8-mRNA-1 3374038
.21 maker-168187500-augustus-gene-0.8-mRNA-1 3281707
.12 maker-168187500-augustus-gene-0.8-mRNA-1 3404332
.35 maker-164407830-augustus-gene-0.4-mRNA-1 3295591
.32 maker-164407830-augustus-gene-0.4-mRNA-1 3292503
.22 maker-164407830-augustus-gene-0.4-mRNA-1 3323126
.13 maker-164407830-augustus-gene-0.4-mRNA-1 3339277
.72 augustus_masked-168182937-processed-gene-0.1-mRNA-1 3415971
.27 augustus_masked-168182937-processed-gene-0.1-mRNA-1 812082
.70 augustus_masked-168548680-processed-gene-0.3-mRNA-1 3449297
.16 augustus_masked-168548680-processed-gene-0.3-mRNA-1 128747
.35 maker-168513966-augustus-gene-0.5-mRNA-1 3371773
.35 maker-168513966-augustus-gene-0.5-mRNA-1 3415721
.30 maker-168513966-augustus-gene-0.5-mRNA-1 3350480
.24 maker-168513966-augustus-gene-0.5-mRNA-1 3279865
.09 maker-168513966-augustus-gene-0.5-mRNA-1 3428496
.20 maker-168297610-snap-gene-0.21-mRNA-1 3377093
.79 maker-168297610-snap-gene-0.21-mRNA-1 3449197
.57 maker-168185342-snap-gene-0.56-mRNA-1 3449320
.26 maker-168185342-snap-gene-0.56-mRNA-1 570825
.26 maker-166750527-augustus-gene-0.2-mRNA-1 2709442
.73 maker-166750527-augustus-gene-0.2-mRNA-1 3449226
.53 maker-168085587-snap-gene-0.38-mRNA-1 3449260
.83 augustus_masked-168234756-processed-gene-0.1-mRNA-1 3449237
.56 snap_masked-167243482-processed-gene-0.3-mRNA-1 1175922
.47 snap_masked-167243482-processed-gene-0.3-mRNA-1 3334526
.35 snap_masked-167243482-processed-gene-0.3-mRNA-1 3335845
.35 snap_masked-167243482-processed-gene-0.3-mRNA-1 470202
.22 snap_masked-167243482-processed-gene-0.3-mRNA-1 470203
.33 maker-168500229-snap-gene-0.25-mRNA-1 3370963
.20 maker-168500229-snap-gene-0.25-mRNA-1 3288155
.38 augustus_masked-167802831-processed-gene-0.0-mRNA-1 3287984
.61 augustus_masked-167802831-processed-gene-0.0-mRNA-1 3303108
.43 snap_masked-168408690-processed-gene-0.4-mRNA-1 3363450
.56 snap_masked-168408690-processed-gene-0.4-mRNA-1 3317765
.27 maker-168487132-snap-gene-0.30-mRNA-1 3367384
.35 maker-168487132-snap-gene-0.30-mRNA-1 3288642
.39 augustus_masked-166352044-processed-gene-0.0-mRNA-1 3296587
.22 augustus_masked-166352044-processed-gene-0.0-mRNA-1 506779
