.09 GQ03239_K03.1_clone=GQ03239_K03_cluster=GQ03239_K03_status=complete_gb=BT111571 2384363
.40 GQ03239_K03.1_clone=GQ03239_K03_cluster=GQ03239_K03_status=complete_gb=BT111571 2301564
.25 GQ03819_M12.1_clone=GQ03819_M12_cluster=GQ03819_M12_status=complete_gb=BT117453 2410231
.25 GQ03819_M12.1_clone=GQ03819_M12_cluster=GQ03819_M12_status=complete_gb=BT117453 2310204
.10 GQ03819_M12.1_clone=GQ03819_M12_cluster=GQ03819_M12_status=complete_gb=BT117453 2297740
.63 GQ03811_E01.1_clone=GQ03811_E01_cluster=GQ03811_E01_status=complete_gb=BT117023 2410559
.13 GQ03811_E01.1_clone=GQ03811_E01_cluster=GQ03811_E01_status=complete_gb=BT117023 2410559
.74 GQ0259_K06.1_clone=GQ0259_K06_cluster=GQ0259_K06_status=complete_gb=BT103627 2410343
.19 GQ0259_K06.1_clone=GQ0259_K06_cluster=GQ0259_K06_status=complete_gb=BT103627 2293774
.37 GQ02824_L08.1_clone=GQ02824_L08_cluster=GQ02824_L08_status=complete_gb=BT105581 2353092
.26 GQ03214_I18.1_clone=GQ03214_I18_cluster=GQ03214_I18_status=complete_gb=BT109977 211630
.25 GQ03214_I18.1_clone=GQ03214_I18_cluster=GQ03214_I18_status=complete_gb=BT109977 413119
.25 GQ03214_I18.1_clone=GQ03214_I18_cluster=GQ03214_I18_status=complete_gb=BT109977 1079268
.17 GQ03214_I18.1_clone=GQ03214_I18_cluster=GQ03214_I18_status=complete_gb=BT109977 2355738
.53 GQ02824_E05.2_clone=GQ02824_E05_cluster=GQ02824_E05_status=complete_gb=BT105551 2378019
.93 GQ02810_J18.2_clone=GQ02810_J18_cluster=GQ02810_J18_status=complete_gb=BT104457 2410583
.30 GQ04005_F22.1_clone=GQ04005_F22_cluster=GQ04005_F22_status=complete_gb=BT118345 2297249
.27 GQ04005_F22.1_clone=GQ04005_F22_cluster=GQ04005_F22_status=complete_gb=BT118345 710417
.34 GQ0196_P14.1_clone=GQ0196_P14_cluster=GQ0196_P14_status=3 369277
.16 GQ0196_P14.1_clone=GQ0196_P14_cluster=GQ0196_P14_status=3 602593
.52 GQ03311_C07.1_clone=GQ03311_C07_cluster=GQ03311_C07_status=complete_gb=BT112162 2410389
.21 GQ03311_C07.1_clone=GQ03311_C07_cluster=GQ03311_C07_status=complete_gb=BT112162 1236128
.19 GQ03311_C07.1_clone=GQ03311_C07_cluster=GQ03311_C07_status=complete_gb=BT112162 541459
.18 GQ03311_C07.1_clone=GQ03311_C07_cluster=GQ03311_C07_status=complete_gb=BT112162 1189683
.17 GQ03311_C07.1_clone=GQ03311_C07_cluster=GQ03311_C07_status=complete_gb=BT112162 1555458
.29 GQ04105_B11.1_clone=GQ04105_B11_cluster=GQ04105_B11_status=complete_gb=BT119399 2353186
.06 GQ04105_B11.1_clone=GQ04105_B11_cluster=GQ04105_B11_status=complete_gb=BT119399 2410227
.38 GQ04011_H24.1_clone=GQ04011_H24_cluster=GQ04011_H24_status=complete_gb=BT118888 2293835
.39 GQ03710_G09.1_clone=GQ03710_G09_cluster=GQ03710_G09_status=complete_gb=BT116010 2297712
.30 GQ03710_G09.1_clone=GQ03710_G09_cluster=GQ03710_G09_status=complete_gb=BT116010 2294171
.21 GQ02809_I23.3_clone=GQ02809_I23_cluster=GQ02809_I23_status=53 2291908
.11 GQ02809_I23.3_clone=GQ02809_I23_cluster=GQ02809_I23_status=53 2296916
.85 GQ02818_O19.1_clone=GQ02818_O19_cluster=GQ02818_O19_status=complete_gb=BT105130 2410425
.10 GQ02818_O19.1_clone=GQ02818_O19_cluster=GQ02818_O19_status=complete_gb=BT105130 1690152
.10 GQ03711_E03.1_clone=GQ03711_E03_cluster=GQ03711_E03_status=complete_gb=BT116060 170241
.75 GQ03711_E03.1_clone=GQ03711_E03_cluster=GQ03711_E03_status=complete_gb=BT116060 2410309
.37 GQ03817_O18.1_clone=GQ03817_O18_cluster=GQ03817_O18_status=complete_gb=BT117364 2298476
.43 GQ03215_H22.2_clone=GQ03215_H22_cluster=GQ03215_H22_status=complete_gb=BT110060 2410414
.14 GQ03215_H22.2_clone=GQ03215_H22_cluster=GQ03215_H22_status=complete_gb=BT110060 1045014
.25 GQ03310_A23.1_clone=GQ03310_A23_cluster=GQ03310_A23_status=complete_gb=BT112104 2337504
.38 GQ03310_A23.1_clone=GQ03310_A23_cluster=GQ03310_A23_status=complete_gb=BT112104 2364190
.18 GQ02801_A16.3_clone=GQ02801_A16_cluster=GQ02801_A16_status=complete_gb=BT103711 2296351
.81 GQ02801_A16.3_clone=GQ02801_A16_cluster=GQ02801_A16_status=complete_gb=BT103711 2410573
.31 GQ03105_L15.1_clone=GQ03105_L15_cluster=GQ03105_L15_status=complete_gb=BT107321 2293499
.25 GQ03914_E02.1_clone=GQ03914_E02_cluster=GQ03914_E02_status=complete_gb=BT117844 959300
.32 GQ03230_D22.1_clone=GQ03230_D22_cluster=GQ03230_D22_status=complete_gb=BT110951 2323456
.21 GQ03230_D22.1_clone=GQ03230_D22_cluster=GQ03230_D22_status=complete_gb=BT110951 1378504
.34 GQ0164_G21.1_clone=GQ0164_G21_cluster=GQ0164_G21_status=complete_gb=BT102037 2388785
.32 GQ0164_G21.1_clone=GQ0164_G21_cluster=GQ0164_G21_status=complete_gb=BT102037 2315323
.43 GQ02811_E24.1_clone=GQ02811_E24_cluster=GQ02811_E24_status=complete_gb=BT104512 2308753
.18 GQ02811_E24.1_clone=GQ02811_E24_cluster=GQ02811_E24_status=complete_gb=BT104512 2368982
.36 GQ03233_O12.1_clone=GQ03233_O12_cluster=GQ03233_O12_status=complete_gb=BT111180 2301847
.20 GQ03233_O12.1_clone=GQ03233_O12_cluster=GQ03233_O12_status=complete_gb=BT111180 2334244
.42 GQ03701_O24.3_clone=GQ03701_O24_cluster=GQ03701_O24_status=53 2410196
.22 GQ03701_O24.3_clone=GQ03701_O24_cluster=GQ03701_O24_status=53 2301071
.19 GQ03701_O24.3_clone=GQ03701_O24_cluster=GQ03701_O24_status=53 654260
.20 GQ0082_C07.1_clone=GQ0082_C07_cluster=GQ0082_C07_status=complete_gb=BT101251 2342584
.79 GQ0082_C07.1_clone=GQ0082_C07_cluster=GQ0082_C07_status=complete_gb=BT101251 2410284
.25 GQ02802_M06.1_clone=GQ02802_M06_cluster=GQ02802_M06_status=complete_gb=BT103830 2332883
.19 GQ02802_M06.1_clone=GQ02802_M06_cluster=GQ02802_M06_status=complete_gb=BT103830 2300366
.07 GQ02802_M06.1_clone=GQ02802_M06_cluster=GQ02802_M06_status=complete_gb=BT103830 2331944
.72 GQ0074_M01.1_clone=GQ0074_M01_cluster=GQ0074_M01_status=complete_gb=BT101234 2292700
.16 GQ0074_M01.1_clone=GQ0074_M01_cluster=GQ0074_M01_status=complete_gb=BT101234 508265
.16 GQ0074_M01.1_clone=GQ0074_M01_cluster=GQ0074_M01_status=complete_gb=BT101234 666657
.23 GQ02828_L20.1_clone=GQ02828_L20_cluster=GQ02828_L20_status=complete_gb=BT105806 607134
.38 GQ02828_L20.1_clone=GQ02828_L20_cluster=GQ02828_L20_status=complete_gb=BT105806 2292526
.20 GQ03906_F06.2_clone=GQ03906_F06_cluster=GQ03906_F06_status=complete_gb=BT117647 355060
.14 GQ03906_F06.2_clone=GQ03906_F06_cluster=GQ03906_F06_status=complete_gb=BT117647 847598
.13 GQ03906_F06.2_clone=GQ03906_F06_cluster=GQ03906_F06_status=complete_gb=BT117647 460677
.69 GQ03916_G03.3_clone=GQ03916_G03_cluster=GQ03916_G03_status=53 2410312
.07 GQ03916_G03.3_clone=GQ03916_G03_cluster=GQ03916_G03_status=53 2301288
.06 GQ03916_G03.3_clone=GQ03916_G03_cluster=GQ03916_G03_status=53 2339881
.66 GQ02825_B16.1_clone=GQ02825_B16_cluster=GQ02825_B16_status=complete_gb=BT105618 41041
.66 GQ02825_B16.1_clone=GQ02825_B16_cluster=GQ02825_B16_status=complete_gb=BT105618 2325116
.30 GQ03802_H07.1_clone=GQ03802_H07_cluster=GQ03802_H07_status=complete_gb=BT116579 957753
.60 GQ03802_H07.1_clone=GQ03802_H07_cluster=GQ03802_H07_status=complete_gb=BT116579 2410265
.31 GQ03205_M11.1_clone=GQ03205_M11_cluster=GQ03205_M11_status=complete_gb=BT109201 2363740
.58 GQ03205_M11.1_clone=GQ03205_M11_cluster=GQ03205_M11_status=complete_gb=BT109201 2321855
.71 GQ03915_E01.1_clone=GQ03915_E01_cluster=GQ03915_E01_status=complete_gb=BT117872 2308370
.10 GQ03915_E01.1_clone=GQ03915_E01_cluster=GQ03915_E01_status=complete_gb=BT117872 1550413
.15 GQ04005_M15.1_clone=GQ04005_M15_cluster=GQ04005_M15_status=complete_gb=BT118382 789784
.19 GQ04005_M15.1_clone=GQ04005_M15_cluster=GQ04005_M15_status=complete_gb=BT118382 2410324
.04 GQ02901_M09.3_clone=GQ02901_M09_cluster=GQ02901_M09_status=complete_gb=BT106034 519593
.95 GQ02901_M09.3_clone=GQ02901_M09_cluster=GQ02901_M09_status=complete_gb=BT106034 2410591
.13 GQ03318_M13.1_clone=GQ03318_M13_cluster=GQ03318_M13_status=complete_gb=BT112641 2294162
.12 GQ03318_M13.1_clone=GQ03318_M13_cluster=GQ03318_M13_status=complete_gb=BT112641 1282595
.09 GQ03318_M13.1_clone=GQ03318_M13_cluster=GQ03318_M13_status=complete_gb=BT112641 575802
.23 GQ0207_E09.1_clone=GQ0207_E09_cluster=GQ0207_E09_status=complete_gb=BT103144 2324099
.22 GQ0207_E09.1_clone=GQ0207_E09_cluster=GQ0207_E09_status=complete_gb=BT103144 253424
.58 GQ03228_G03.1_clone=GQ03228_G03_cluster=GQ03228_G03_status=complete_gb=BT110819 2345434
.22 GQ03228_G03.1_clone=GQ03228_G03_cluster=GQ03228_G03_status=complete_gb=BT110819 2301559
.07 GQ03228_G03.1_clone=GQ03228_G03_cluster=GQ03228_G03_status=complete_gb=BT110819 1301165
.27 GQ03216_G03.1_clone=GQ03216_G03_cluster=GQ03216_G03_status=complete_gb=BT110103 2410335
.50 GQ03216_G03.1_clone=GQ03216_G03_cluster=GQ03216_G03_status=complete_gb=BT110103 721261
.31 GQ03808_D10.1_clone=GQ03808_D10_cluster=GQ03808_D10_status=complete_gb=BT116860 2312431
.23 GQ03808_D10.1_clone=GQ03808_D10_cluster=GQ03808_D10_status=complete_gb=BT116860 733801
.18 GQ03808_D10.1_clone=GQ03808_D10_cluster=GQ03808_D10_status=complete_gb=BT116860 900440
.15 GQ04102_B16.1_clone=GQ04102_B16_cluster=GQ04102_B16_status=complete_gb=BT119157 2333220
.31 GQ04106_M09.1_clone=GQ04106_M09_cluster=GQ04106_M09_status=complete_gb=BT119530 2292125
.31 GQ03919_J08.1_clone=GQ03919_J08_cluster=GQ03919_J08_status=complete_gb=BT117984 442970
.46 GQ03919_J08.1_clone=GQ03919_J08_cluster=GQ03919_J08_status=complete_gb=BT117984 2410561
.70 GQ02512_P04.1_clone=GQ02512_P04_cluster=GQ02512_P04_status=complete_gb=BT103406 702158
.46 GQ02512_P04.1_clone=GQ02512_P04_cluster=GQ02512_P04_status=complete_gb=BT103406 2265197
.41 GQ02813_I01.1_clone=GQ02813_I01_cluster=GQ02813_I01_status=complete_gb=BT104684 2304630
.26 GQ02813_I01.1_clone=GQ02813_I01_cluster=GQ02813_I01_status=complete_gb=BT104684 2307887
.87 GQ04010_N20.1_clone=GQ04010_N20_cluster=GQ04010_N20_status=complete_gb=BT118840 2410550
.28 GQ04010_E13.1_clone=GQ04010_E13_cluster=GQ04010_E13_status=complete_gb=BT118791 2325736
.24 GQ04010_E13.1_clone=GQ04010_E13_cluster=GQ04010_E13_status=complete_gb=BT118791 590774
.52 GQ03308_B05.1_clone=GQ03308_B05_cluster=GQ03308_B05_status=complete_gb=BT111945 2318770
.32 GQ03308_B05.1_clone=GQ03308_B05_cluster=GQ03308_B05_status=complete_gb=BT111945 662314
.03 GQ0251_I18.1_clone=GQ0251_I18_cluster=GQ0251_I18_status=complete_gb=BT103419 195085
.03 GQ0251_I18.1_clone=GQ0251_I18_cluster=GQ0251_I18_status=complete_gb=BT103419 970840
.39 GQ02817_N02.1_clone=GQ02817_N02_cluster=GQ02817_N02_status=complete_gb=BT105030 855318
.30 GQ02817_N02.1_clone=GQ02817_N02_cluster=GQ02817_N02_status=complete_gb=BT105030 2293894
.31 GQ03418_M02.2_clone=GQ03418_M02_cluster=GQ03418_M02_status=complete_gb=BT113735 648119
.40 GQ03418_M02.2_clone=GQ03418_M02_cluster=GQ03418_M02_status=complete_gb=BT113735 2302460
.48 GQ03237_J17.1_clone=GQ03237_J17_cluster=GQ03237_J17_status=complete_gb=BT111426 2410427
.21 GQ03237_J17.1_clone=GQ03237_J17_cluster=GQ03237_J17_status=complete_gb=BT111426 2296573
.98 GQ03705_B24.1_clone=GQ03705_B24_cluster=GQ03705_B24_status=complete_gb=BT115728 2410576
.19 GQ0259_E10.1_clone=GQ0259_E10_cluster=GQ0259_E10_status=complete_gb=BT103611 558571
.18 GQ0259_E10.1_clone=GQ0259_E10_cluster=GQ0259_E10_status=complete_gb=BT103611 691952
.64 GQ03719_N11.1_clone=GQ03719_N11_cluster=GQ03719_N11_status=complete_gb=BT116498 2304452
.23 GQ03719_N11.1_clone=GQ03719_N11_cluster=GQ03719_N11_status=complete_gb=BT116498 208927
.49 GQ02816_J19.1_clone=GQ02816_J19_cluster=GQ02816_J19_status=complete_gb=BT104921 349320
.39 GQ02816_J19.1_clone=GQ02816_J19_cluster=GQ02816_J19_status=complete_gb=BT104921 2309590
.21 GQ02816_J19.1_clone=GQ02816_J19_cluster=GQ02816_J19_status=complete_gb=BT104921 2296665
.86 GQ03307_L12.1_clone=GQ03307_L12_cluster=GQ03307_L12_status=complete_gb=BT111925 2326539
.04 GQ03307_L12.1_clone=GQ03307_L12_cluster=GQ03307_L12_status=complete_gb=BT111925 2331146
.24 GQ03514_N12.2_clone=GQ03514_N12_cluster=GQ03514_N12_status=complete_gb=BT114456 2321275
.33 GQ03514_N12.2_clone=GQ03514_N12_cluster=GQ03514_N12_status=complete_gb=BT114456 919494
.24 GQ03010_F13.1_clone=GQ03010_F13_cluster=GQ03010_F13_status=complete_gb=BT106780 2333033
.21 GQ03010_F13.1_clone=GQ03010_F13_cluster=GQ03010_F13_status=complete_gb=BT106780 596972
.19 GQ03010_F13.1_clone=GQ03010_F13_cluster=GQ03010_F13_status=complete_gb=BT106780 728924
.18 GQ03010_F13.1_clone=GQ03010_F13_cluster=GQ03010_F13_status=complete_gb=BT106780 526975
.17 GQ03010_F13.1_clone=GQ03010_F13_cluster=GQ03010_F13_status=complete_gb=BT106780 1288303
.46 GQ04104_L06.1_clone=GQ04104_L06_cluster=GQ04104_L06_status=complete_gb=BT119361 2410238
.27 GQ04104_L06.1_clone=GQ04104_L06_cluster=GQ04104_L06_status=complete_gb=BT119361 2346585
.23 GQ03011_H03.1_clone=GQ03011_H03_cluster=GQ03011_H03_status=complete_gb=BT106824 2292280
.33 GQ03011_H03.1_clone=GQ03011_H03_cluster=GQ03011_H03_status=complete_gb=BT106824 259232
.13 GQ02813_J08.2_clone=GQ02813_J08_cluster=GQ02813_J08_status=complete_gb=BT104691 2344675
.69 GQ02813_J08.2_clone=GQ02813_J08_cluster=GQ02813_J08_status=complete_gb=BT104691 2410499
.11 GQ03108_F15.1_clone=GQ03108_F15_cluster=GQ03108_F15_status=complete_gb=BT107495 2364969
.87 GQ03108_F15.1_clone=GQ03108_F15_cluster=GQ03108_F15_status=complete_gb=BT107495 2410195
.14 GQ03609_O15.1_clone=GQ03609_O15_cluster=GQ03609_O15_status=complete_gb=BT115136 2344177
.60 GQ03609_O15.1_clone=GQ03609_O15_cluster=GQ03609_O15_status=complete_gb=BT115136 2308065
.25 GQ0204_C10.1_clone=GQ0204_C10_cluster=GQ0204_C10_status=complete_gb=BT102963 2308041
.23 GQ0204_C10.1_clone=GQ0204_C10_cluster=GQ0204_C10_status=complete_gb=BT102963 219760
.67 GQ0064_H22.1_clone=GQ0064_H22_cluster=GQ0064_H22_status=complete_gb=BT101019 125879
.14 GQ0064_H22.1_clone=GQ0064_H22_cluster=GQ0064_H22_status=complete_gb=BT101019 854521
.87 GQ04001_E13.1_clone=GQ04001_E13_cluster=GQ04001_E13_status=complete_gb=BT118022 2410580
.02 GQ03216_J13.1_clone=GQ03216_J13_cluster=GQ03216_J13_status=complete_gb=BT110113 660047
.28 GQ03112_J05.1_clone=GQ03112_J05_cluster=GQ03112_J05_status=complete_gb=BT107774 2360556
.25 GQ03112_J05.1_clone=GQ03112_J05_cluster=GQ03112_J05_status=complete_gb=BT107774 2293890
.08 GQ03112_J05.1_clone=GQ03112_J05_cluster=GQ03112_J05_status=complete_gb=BT107774 2293890
.22 GQ0044_C20.1_clone=GQ0044_C20_cluster=GQ0044_C20_status=complete_gb=BT100786 2358899
.69 GQ0044_C20.1_clone=GQ0044_C20_cluster=GQ0044_C20_status=complete_gb=BT100786 2410446
.85 GQ03119_B06.1_clone=GQ03119_B06_cluster=GQ03119_B06_status=complete_gb=BT108262 2410455
.36 GQ03106_I07.1_clone=GQ03106_I07_cluster=GQ03106_I07_status=complete_gb=BT107366 2410405
.22 GQ03106_I07.1_clone=GQ03106_I07_cluster=GQ03106_I07_status=complete_gb=BT107366 2339319
.16 GQ03106_I07.1_clone=GQ03106_I07_cluster=GQ03106_I07_status=complete_gb=BT107366 897425
.20 GQ02805_J16.1_clone=GQ02805_J16_cluster=GQ02805_J16_status=complete_gb=BT104027 2312672
.18 GQ02805_J16.1_clone=GQ02805_J16_cluster=GQ02805_J16_status=complete_gb=BT104027 397764
.99 GQ04101_L22.1_clone=GQ04101_L22_cluster=GQ04101_L22_status=complete_gb=BT119133 2410526
.18 GQ03312_F04.1_clone=GQ03312_F04_cluster=GQ03312_F04_status=complete_gb=BT112227 658383
.79 GQ03312_F04.1_clone=GQ03312_F04_cluster=GQ03312_F04_status=complete_gb=BT112227 2410556
.16 GQ03211_C10.1_clone=GQ03211_C10_cluster=GQ03211_C10_status=complete_gb=BT109657 2410565
.19 GQ03211_C10.1_clone=GQ03211_C10_cluster=GQ03211_C10_status=complete_gb=BT109657 280407
.23 GQ03414_A12.1_clone=GQ03414_A12_cluster=GQ03414_A12_status=complete_gb=BT113578 2334603
.38 GQ03414_A12.1_clone=GQ03414_A12_cluster=GQ03414_A12_status=complete_gb=BT113578 2302683
.21 GQ02806_L08.1_clone=GQ02806_L08_cluster=GQ02806_L08_status=complete_gb=BT104120 599248
.45 GQ02806_L08.1_clone=GQ02806_L08_cluster=GQ02806_L08_status=complete_gb=BT104120 2293594
.34 GQ03811_A07.1_clone=GQ03811_A07_cluster=GQ03811_A07_status=complete_gb=BT117006 2399597
.38 GQ03811_A07.1_clone=GQ03811_A07_cluster=GQ03811_A07_status=complete_gb=BT117006 2309593
.69 GQ03236_G15.1_clone=GQ03236_G15_cluster=GQ03236_G15_status=complete_gb=BT111353 2410592
.60 GQ03123_I16.1_clone=GQ03123_I16_cluster=GQ03123_I16_status=complete_gb=BT108560 2311707
.33 GQ03123_I16.1_clone=GQ03123_I16_cluster=GQ03123_I16_status=complete_gb=BT108560 825408
.68 GQ03312_I02.1_clone=GQ03312_I02_cluster=GQ03312_I02_status=complete_gb=BT112248 2306462
.49 GQ02820_P01.1_clone=GQ02820_P01_cluster=GQ02820_P01_status=complete_gb=BT105328 2294589
.48 GQ03009_I17.1_clone=GQ03009_I17_cluster=GQ03009_I17_status=complete_gb=BT106737 2296854
.42 GQ03009_I17.1_clone=GQ03009_I17_cluster=GQ03009_I17_status=complete_gb=BT106737 2410337
.42 GQ03009_I17.1_clone=GQ03009_I17_cluster=GQ03009_I17_status=complete_gb=BT106737 2300130
.28 GQ03009_I17.1_clone=GQ03009_I17_cluster=GQ03009_I17_status=complete_gb=BT106737 345224
.26 GQ03009_I17.1_clone=GQ03009_I17_cluster=GQ03009_I17_status=complete_gb=BT106737 2311913
.32 GQ03303_N09.1_clone=GQ03303_N09_cluster=GQ03303_N09_status=complete_gb=BT111804 380407
.42 GQ03303_N09.1_clone=GQ03303_N09_cluster=GQ03303_N09_status=complete_gb=BT111804 902187
.57 GQ02813_E08.1_clone=GQ02813_E08_cluster=GQ02813_E08_status=complete_gb=BT104667 120920
.18 GQ02813_E08.1_clone=GQ02813_E08_cluster=GQ02813_E08_status=complete_gb=BT104667 376089
.17 GQ02808_P02.3_clone=GQ02808_P02_cluster=GQ02808_P02_status=complete_gb=BT104324 2410262
.10 GQ02808_P02.3_clone=GQ02808_P02_cluster=GQ02808_P02_status=complete_gb=BT104324 2344353
.38 GQ02818_O03.1_clone=GQ02818_O03_cluster=GQ02818_O03_status=complete_gb=BT105127 654528
.35 GQ02818_O03.1_clone=GQ02818_O03_cluster=GQ02818_O03_status=complete_gb=BT105127 2410320
.99 GQ03719_P11.1_clone=GQ03719_P11_cluster=GQ03719_P11_status=complete_gb=BT116508 2410568
.38 GQ03712_G09.1_clone=GQ03712_G09_cluster=GQ03712_G09_status=complete_gb=BT116134 611730
.25 GQ03712_G09.1_clone=GQ03712_G09_cluster=GQ03712_G09_status=complete_gb=BT116134 1450564
.33 GQ04104_P13.2_clone=GQ04104_P13_cluster=GQ04104_P13_status=complete_gb=BT119387 2318536
.25 GQ04104_P13.2_clone=GQ04104_P13_cluster=GQ04104_P13_status=complete_gb=BT119387 892178
.38 WS00733_F13.1_clone=WS00733_F13_cluster=WS00733_F13_status=3 2326376
.19 GQ02818_I15.3_clone=GQ02818_I15_cluster=GQ02818_I15_status=53 2330470
.09 GQ02818_I15.3_clone=GQ02818_I15_cluster=GQ02818_I15_status=53 2311435
.17 GQ02818_I15.3_clone=GQ02818_I15_cluster=GQ02818_I15_status=53 2410204
.52 GQ03005_E12.1_clone=GQ03005_E12_cluster=GQ03005_E12_status=complete_gb=BT106575 2302601
.29 GQ03005_E12.1_clone=GQ03005_E12_cluster=GQ03005_E12_status=complete_gb=BT106575 520029
.29 GQ03005_E12.1_clone=GQ03005_E12_cluster=GQ03005_E12_status=complete_gb=BT106575 2364087
.21 GQ03005_E12.1_clone=GQ03005_E12_cluster=GQ03005_E12_status=complete_gb=BT106575 132798
.20 GQ03505_M06.1_clone=GQ03505_M06_cluster=GQ03505_M06_status=complete_gb=BT113979 2410261
.08 GQ03505_M06.1_clone=GQ03505_M06_cluster=GQ03505_M06_status=complete_gb=BT113979 2299187
.40 GQ02827_G17.1_clone=GQ02827_G17_cluster=GQ02827_G17_status=complete_gb=BT105737 2332543
.37 WS0342_M03.1_clone=WS0342_M03_cluster=WS0342_M03_status=complete 1594592
.49 GQ0255_N02.1_clone=GQ0255_N02_cluster=GQ0255_N02_status=complete_gb=BT103508 2400457
.34 GQ0255_N02.1_clone=GQ0255_N02_cluster=GQ0255_N02_status=complete_gb=BT103508 1199328
.11 GQ03228_O20.1_clone=GQ03228_O20_cluster=GQ03228_O20_status=complete_gb=BT110857 768030
.87 GQ03228_O20.1_clone=GQ03228_O20_cluster=GQ03228_O20_status=complete_gb=BT110857 2410572
.15 GQ03319_I07.1_clone=GQ03319_I07_cluster=GQ03319_I07_status=complete_gb=BT112689 1810970
.69 GQ03319_I07.1_clone=GQ03319_I07_cluster=GQ03319_I07_status=complete_gb=BT112689 2410253
.43 GQ04003_D07.1_clone=GQ04003_D07_cluster=GQ04003_D07_status=complete_gb=BT118170 2326481
.36 GQ04003_D07.1_clone=GQ04003_D07_cluster=GQ04003_D07_status=complete_gb=BT118170 2354062
.16 GQ04003_D07.1_clone=GQ04003_D07_cluster=GQ04003_D07_status=complete_gb=BT118170 2310197
.89 GQ03314_P01.1_clone=GQ03314_P01_cluster=GQ03314_P01_status=complete_gb=BT112420 2295188
.10 GQ03314_P01.1_clone=GQ03314_P01_cluster=GQ03314_P01_status=complete_gb=BT112420 2345426
.40 GQ03215_H11.1_clone=GQ03215_H11_cluster=GQ03215_H11_status=complete_gb=BT110058 2304391
.34 GQ03215_H11.1_clone=GQ03215_H11_cluster=GQ03215_H11_status=complete_gb=BT110058 498711
.44 GQ03211_H14.1_clone=GQ03211_H14_cluster=GQ03211_H14_status=complete_gb=BT109688 2295299
.41 GQ03211_H14.1_clone=GQ03211_H14_cluster=GQ03211_H14_status=complete_gb=BT109688 257322
.22 GQ03109_E10.1_clone=GQ03109_E10_cluster=GQ03109_E10_status=complete_gb=BT107559 2358132
.17 GQ03109_E10.1_clone=GQ03109_E10_cluster=GQ03109_E10_status=complete_gb=BT107559 2292474
.13 GQ03323_E19.1_clone=GQ03323_E19_cluster=GQ03323_E19_status=complete_gb=BT112956 737684
.18 GQ03323_E19.1_clone=GQ03323_E19_cluster=GQ03323_E19_status=complete_gb=BT112956 2328105
.80 GQ03208_M02.1_clone=GQ03208_M02_cluster=GQ03208_M02_status=complete_gb=BT109463 2298162
.22 GQ03809_A07.1_clone=GQ03809_A07_cluster=GQ03809_A07_status=complete_gb=BT116902 2308726
.76 GQ02814_B05.1_clone=GQ02814_B05_cluster=GQ02814_B05_status=complete_gb=BT104724 2385353
.16 GQ02814_B05.1_clone=GQ02814_B05_cluster=GQ02814_B05_status=complete_gb=BT104724 1643138
.29 GQ03207_J17.1_clone=GQ03207_J17_cluster=GQ03207_J17_status=complete_gb=BT109360 2293901
.24 GQ03207_J17.1_clone=GQ03207_J17_cluster=GQ03207_J17_status=complete_gb=BT109360 2360226
.44 GQ02806_E10.1_clone=GQ02806_E10_cluster=GQ02806_E10_status=complete_gb=BT104088 155989
.25 GQ02806_E10.1_clone=GQ02806_E10_cluster=GQ02806_E10_status=complete_gb=BT104088 2311915
.48 GQ0015_N03.1_clone=GQ0015_N03_cluster=GQ0015_N03_status=complete_gb=BT100483 2291926
.27 GQ0015_N03.1_clone=GQ0015_N03_cluster=GQ0015_N03_status=complete_gb=BT100483 468881
.33 GQ03204_C19.1_clone=GQ03204_C19_cluster=GQ03204_C19_status=complete_gb=BT109058 2319648
.33 GQ03204_C19.1_clone=GQ03204_C19_cluster=GQ03204_C19_status=complete_gb=BT109058 530150
.48 WS00725_M01.1_clone=WS00725_M01_cluster=WS00725_M01_status=3 2321339
.45 WS00725_M01.1_clone=WS00725_M01_cluster=WS00725_M01_status=3 549143
.74 GQ03322_M06.1_clone=GQ03322_M06_cluster=GQ03322_M06_status=complete_gb=BT112919 2299903
.25 GQ03322_M06.1_clone=GQ03322_M06_cluster=GQ03322_M06_status=complete_gb=BT112919 2307949
.22 GQ02905_E13.1_clone=GQ02905_E13_cluster=GQ02905_E13_status=complete_gb=BT106222 2326108
.19 GQ02905_E13.1_clone=GQ02905_E13_cluster=GQ02905_E13_status=complete_gb=BT106222 2342754
.87 GQ03325_M08.1_clone=GQ03325_M08_cluster=GQ03325_M08_status=complete_gb=BT113108 2304258
.12 GQ03325_M08.1_clone=GQ03325_M08_cluster=GQ03325_M08_status=complete_gb=BT113108 522681
.82 GQ03006_P17.1_clone=GQ03006_P17_cluster=GQ03006_P17_status=complete_gb=BT106642 2340342
.16 GQ03006_P17.1_clone=GQ03006_P17_cluster=GQ03006_P17_status=complete_gb=BT106642 2354661
.46 GQ03617_H13.1_clone=GQ03617_H13_cluster=GQ03617_H13_status=complete_gb=BT115472 2410569
.19 GQ03617_H13.1_clone=GQ03617_H13_cluster=GQ03617_H13_status=complete_gb=BT115472 524819
.26 GQ02818_G05.1_clone=GQ02818_G05_cluster=GQ02818_G05_status=complete_gb=BT105089 270402
.13 GQ02818_G05.1_clone=GQ02818_G05_cluster=GQ02818_G05_status=complete_gb=BT105089 2340138
.15 GQ02821_P01.1_clone=GQ02821_P01_cluster=GQ02821_P01_status=complete_gb=BT105395 2296166
.22 GQ03718_F12.1_clone=GQ03718_F12_cluster=GQ03718_F12_status=complete_gb=BT116415 2310136
.15 GQ03718_F12.1_clone=GQ03718_F12_cluster=GQ03718_F12_status=complete_gb=BT116415 999480
.15 GQ03718_F12.1_clone=GQ03718_F12_cluster=GQ03718_F12_status=complete_gb=BT116415 1025708
.15 GQ03718_F12.1_clone=GQ03718_F12_cluster=GQ03718_F12_status=complete_gb=BT116415 782702
.10 GQ03718_F12.1_clone=GQ03718_F12_cluster=GQ03718_F12_status=complete_gb=BT116415 730096
.43 GQ03205_D14.1_clone=GQ03205_D14_cluster=GQ03205_D14_status=complete_gb=BT109151 2296822
.18 GQ03205_D14.1_clone=GQ03205_D14_cluster=GQ03205_D14_status=complete_gb=BT109151 425067
.42 GQ03320_F15.1_clone=GQ03320_F15_cluster=GQ03320_F15_status=complete_gb=BT112745 2294649
.53 GQ03320_F15.1_clone=GQ03320_F15_cluster=GQ03320_F15_status=complete_gb=BT112745 2301149
.27 GQ03514_D01.1_clone=GQ03514_D01_cluster=GQ03514_D01_status=complete_gb=BT114413 2410587
.21 GQ03514_D01.1_clone=GQ03514_D01_cluster=GQ03514_D01_status=complete_gb=BT114413 2410587
.98 GQ03111_D16.2_clone=GQ03111_D16_cluster=GQ03111_D16_status=complete_gb=BT107667 2410554
.14 GQ0024_J06.1_clone=GQ0024_J06_cluster=GQ0024_J06_status=complete_gb=BT100542 2346274
.46 GQ03506_I15.1_clone=GQ03506_I15_cluster=GQ03506_I15_status=complete_gb=BT114015 2306294
.40 GQ03506_I15.1_clone=GQ03506_I15_cluster=GQ03506_I15_status=complete_gb=BT114015 2299373
.37 GQ03506_I15.1_clone=GQ03506_I15_cluster=GQ03506_I15_status=complete_gb=BT114015 2410177
.50 GQ03516_G20.1_clone=GQ03516_G20_cluster=GQ03516_G20_status=complete_gb=BT114534 2410484
.22 GQ03516_G20.1_clone=GQ03516_G20_cluster=GQ03516_G20_status=complete_gb=BT114534 2317505
.15 GQ03516_G20.1_clone=GQ03516_G20_cluster=GQ03516_G20_status=complete_gb=BT114534 2294152
.13 GQ04006_O03.2_clone=GQ04006_O03_cluster=GQ04006_O03_status=complete_gb=BT118489 1129445
.23 GQ04006_O03.2_clone=GQ04006_O03_cluster=GQ04006_O03_status=complete_gb=BT118489 663841
.51 GQ04002_A10.1_clone=GQ04002_A10_cluster=GQ04002_A10_status=complete_gb=BT118070 682131
.24 GQ04002_A10.1_clone=GQ04002_A10_cluster=GQ04002_A10_status=complete_gb=BT118070 2380242
.17 GQ04002_A10.1_clone=GQ04002_A10_cluster=GQ04002_A10_status=complete_gb=BT118070 2323591
.86 GQ02801_N12.1_clone=GQ02801_N12_cluster=GQ02801_N12_status=complete_gb=BT103767 2316835
.07 GQ02801_N12.1_clone=GQ02801_N12_cluster=GQ02801_N12_status=complete_gb=BT103767 821045
.30 GQ03121_D17.1_clone=GQ03121_D17_cluster=GQ03121_D17_status=complete_gb=BT108391 528317
.41 GQ03121_D17.1_clone=GQ03121_D17_cluster=GQ03121_D17_status=complete_gb=BT108391 2322431
.28 GQ03205_A10.3_clone=GQ03205_A10_cluster=GQ03205_A10_status=53 2294999
.16 GQ03205_A10.3_clone=GQ03205_A10_cluster=GQ03205_A10_status=53 342203
.36 GQ03123_C06.1_clone=GQ03123_C06_cluster=GQ03123_C06_status=complete_gb=BT108528 2410409
.25 GQ03123_C06.1_clone=GQ03123_C06_cluster=GQ03123_C06_status=complete_gb=BT108528 2295036
.21 GQ03123_C06.1_clone=GQ03123_C06_cluster=GQ03123_C06_status=complete_gb=BT108528 2297979
.21 GQ03123_C06.1_clone=GQ03123_C06_cluster=GQ03123_C06_status=complete_gb=BT108528 2292356
.12 GQ03123_C06.1_clone=GQ03123_C06_cluster=GQ03123_C06_status=complete_gb=BT108528 412356
.62 GQ0195_N24.1_clone=GQ0195_N24_cluster=GQ0195_N24_status=complete_gb=BT102520 2296285
.19 GQ02830_E20.1_clone=GQ02830_E20_cluster=GQ02830_E20_status=complete_gb=BT105939 2336541
.20 GQ02830_E20.1_clone=GQ02830_E20_cluster=GQ02830_E20_status=complete_gb=BT105939 2319889
.13 GQ04009_I18.1_clone=GQ04009_I18_cluster=GQ04009_I18_status=complete_gb=BT118721 2356560
.35 GQ04009_I18.1_clone=GQ04009_I18_cluster=GQ04009_I18_status=complete_gb=BT118721 2308376
.58 GQ03609_N15.2_clone=GQ03609_N15_cluster=GQ03609_N15_status=complete_gb=BT115128 2296742
.22 GQ03609_N15.2_clone=GQ03609_N15_cluster=GQ03609_N15_status=complete_gb=BT115128 2311177
.23 GQ03503_L03.1_clone=GQ03503_L03_cluster=GQ03503_L03_status=complete_gb=BT113889 711666
.21 GQ03503_L03.1_clone=GQ03503_L03_cluster=GQ03503_L03_status=complete_gb=BT113889 450225
.20 GQ03503_L03.1_clone=GQ03503_L03_cluster=GQ03503_L03_status=complete_gb=BT113889 896508
.33 GQ03219_B03.1_clone=GQ03219_B03_cluster=GQ03219_B03_status=complete_gb=BT110276 2304547
.31 GQ03219_B03.1_clone=GQ03219_B03_cluster=GQ03219_B03_status=complete_gb=BT110276 2378752
.25 GQ03805_H10.1_clone=GQ03805_H10_cluster=GQ03805_H10_status=complete_gb=BT116722 423466
.12 GQ03805_H10.1_clone=GQ03805_H10_cluster=GQ03805_H10_status=complete_gb=BT116722 2296992
.08 GQ03805_H10.1_clone=GQ03805_H10_cluster=GQ03805_H10_status=complete_gb=BT116722 490338
.27 GQ02818_E10.1_clone=GQ02818_E10_cluster=GQ02818_E10_status=complete_gb=BT105073 2327682
.24 GQ02818_E10.1_clone=GQ02818_E10_cluster=GQ02818_E10_status=complete_gb=BT105073 2308375
.20 GQ03320_O07.1_clone=GQ03320_O07_cluster=GQ03320_O07_status=complete_gb=BT112780 2410481
.17 GQ03320_O07.1_clone=GQ03320_O07_cluster=GQ03320_O07_status=complete_gb=BT112780 481931
.21 GQ03105_M07.1_clone=GQ03105_M07_cluster=GQ03105_M07_status=complete_gb=BT107323 557768
.77 GQ03105_M07.1_clone=GQ03105_M07_cluster=GQ03105_M07_status=complete_gb=BT107323 2410349
.64 GQ00411_F15.1_clone=GQ00411_F15_cluster=GQ00411_F15_status=complete_gb=BT100693 2294672
.60 GQ0195_N18.1_clone=GQ0195_N18_cluster=GQ0195_N18_status=complete_gb=BT102518 2410435
.27 GQ03701_L17.1_clone=GQ03701_L17_cluster=GQ03701_L17_status=complete_gb=BT115567 2410574
.39 GQ03714_K03.1_clone=GQ03714_K03_cluster=GQ03714_K03_status=complete_gb=BT116250 2329227
.32 GQ03714_K03.1_clone=GQ03714_K03_cluster=GQ03714_K03_status=complete_gb=BT116250 783230
.28 GQ03714_K03.1_clone=GQ03714_K03_cluster=GQ03714_K03_status=complete_gb=BT116250 2295239
.10 GQ03714_K03.1_clone=GQ03714_K03_cluster=GQ03714_K03_status=complete_gb=BT116250 2323802
.39 GQ0172_B11.1_clone=GQ0172_B11_cluster=GQ0172_B11_status=complete_gb=BT102239 2410259
.52 GQ04007_M17.1_clone=GQ04007_M17_cluster=GQ04007_M17_status=complete_gb=BT118571 2356207
.40 GQ03105_E07.1_clone=GQ03105_E07_cluster=GQ03105_E07_status=complete_gb=BT107279 2320530
.31 GQ03105_E07.1_clone=GQ03105_E07_cluster=GQ03105_E07_status=complete_gb=BT107279 650294
.35 GQ03314_D02.1_clone=GQ03314_D02_cluster=GQ03314_D02_status=complete_gb=BT112385 2410464
.98 GQ03719_K10.1_clone=GQ03719_K10_cluster=GQ03719_K10_status=complete_gb=BT116491 2410372
.41 GQ03210_N03.1_clone=GQ03210_N03_cluster=GQ03210_N03_status=complete_gb=BT109626 2410403
.32 GQ03210_N03.1_clone=GQ03210_N03_cluster=GQ03210_N03_status=complete_gb=BT109626 2297285
.27 GQ03210_N03.1_clone=GQ03210_N03_cluster=GQ03210_N03_status=complete_gb=BT109626 2292661
.27 GQ03210_N03.1_clone=GQ03210_N03_cluster=GQ03210_N03_status=complete_gb=BT109626 2303093
.19 GQ03210_N03.1_clone=GQ03210_N03_cluster=GQ03210_N03_status=complete_gb=BT109626 701884
.53 GQ03601_I14.1_clone=GQ03601_I14_cluster=GQ03601_I14_status=complete_gb=BT114751 766050
.41 GQ03601_I14.1_clone=GQ03601_I14_cluster=GQ03601_I14_status=complete_gb=BT114751 951662
.68 GQ02819_J04.1_clone=GQ02819_J04_cluster=GQ02819_J04_status=complete_gb=BT105197 2298454
.23 GQ02819_J04.1_clone=GQ02819_J04_cluster=GQ02819_J04_status=complete_gb=BT105197 2302189
.16 GQ02819_J04.1_clone=GQ02819_J04_cluster=GQ02819_J04_status=complete_gb=BT105197 409765
.33 GQ02802_F22.1_clone=GQ02802_F22_cluster=GQ02802_F22_status=complete_gb=BT103802 921192
.29 GQ02802_F22.1_clone=GQ02802_F22_cluster=GQ02802_F22_status=complete_gb=BT103802 733345
.24 GQ04108_P10.1_clone=GQ04108_P10_cluster=GQ04108_P10_status=complete_gb=BT119701 1039614
.16 GQ04108_P10.1_clone=GQ04108_P10_cluster=GQ04108_P10_status=complete_gb=BT119701 567391
.18 GQ04108_P10.1_clone=GQ04108_P10_cluster=GQ04108_P10_status=complete_gb=BT119701 483538
.62 GQ03212_J08.1_clone=GQ03212_J08_cluster=GQ03212_J08_status=complete_gb=BT109802 2310419
.19 GQ03212_J08.1_clone=GQ03212_J08_cluster=GQ03212_J08_status=complete_gb=BT109802 2292065
.19 GQ03212_J08.1_clone=GQ03212_J08_cluster=GQ03212_J08_status=complete_gb=BT109802 2297119
.07 GQ03212_J08.1_clone=GQ03212_J08_cluster=GQ03212_J08_status=complete_gb=BT109802 2373104
.07 GQ03212_J08.1_clone=GQ03212_J08_cluster=GQ03212_J08_status=complete_gb=BT109802 378742
.18 GQ03201_P04.1_clone=GQ03201_P04_cluster=GQ03201_P04_status=complete_gb=BT108867 2376229
.55 GQ03201_P04.1_clone=GQ03201_P04_cluster=GQ03201_P04_status=complete_gb=BT108867 2410445
.71 GQ03311_O08.2_clone=GQ03311_O08_cluster=GQ03311_O08_status=complete_gb=BT112204 2410581
.21 GQ03311_O08.2_clone=GQ03311_O08_cluster=GQ03311_O08_status=complete_gb=BT112204 2300067
.35 GQ03719_B22.1_clone=GQ03719_B22_cluster=GQ03719_B22_status=complete_gb=BT116463 2292419
.28 GQ03719_B22.1_clone=GQ03719_B22_cluster=GQ03719_B22_status=complete_gb=BT116463 2315991
.93 GQ04003_E12.1_clone=GQ04003_E12_cluster=GQ04003_E12_status=complete_gb=BT118179 2410552
.76 GQ02823_I06.1_clone=GQ02823_I06_cluster=GQ02823_I06_status=complete_gb=BT105507 2410283
.09 GQ02823_I06.1_clone=GQ02823_I06_cluster=GQ02823_I06_status=complete_gb=BT105507 1751982
.84 WS03228_L05.1_clone=WS03228_L05_cluster=WS03228_L05_status=complete 2296278
.15 WS03228_L05.1_clone=WS03228_L05_cluster=WS03228_L05_status=complete 1616853
.52 GQ03301_N12.1_clone=GQ03301_N12_cluster=GQ03301_N12_status=complete_gb=BT111654 2410363
.32 GQ03218_K24.1_clone=GQ03218_K24_cluster=GQ03218_K24_status=complete_gb=BT110248 2410421
.19 GQ03218_K24.1_clone=GQ03218_K24_cluster=GQ03218_K24_status=complete_gb=BT110248 2303299
.17 GQ03212_O06.1_clone=GQ03212_O06_cluster=GQ03212_O06_status=complete_gb=BT109838 1457489
.49 GQ03212_O06.1_clone=GQ03212_O06_cluster=GQ03212_O06_status=complete_gb=BT109838 2294541
.64 GQ02807_G13.1_clone=GQ02807_G13_cluster=GQ02807_G13_status=complete_gb=BT104192 241453
.19 GQ02807_G13.1_clone=GQ02807_G13_cluster=GQ02807_G13_status=complete_gb=BT104192 2312488
.12 GQ02807_G13.1_clone=GQ02807_G13_cluster=GQ02807_G13_status=complete_gb=BT104192 1364516
.12 GQ02807_G13.1_clone=GQ02807_G13_cluster=GQ02807_G13_status=complete_gb=BT104192 2309387
.06 GQ02807_G13.1_clone=GQ02807_G13_cluster=GQ02807_G13_status=complete_gb=BT104192 2297799
.81 GQ03211_L23.1_clone=GQ03211_L23_cluster=GQ03211_L23_status=complete_gb=BT109718 2410443
.88 GQ0065_E22.1_clone=GQ0065_E22_cluster=GQ0065_E22_status=complete_gb=BT101040 2410397
.11 GQ0065_E22.1_clone=GQ0065_E22_cluster=GQ0065_E22_status=complete_gb=BT101040 512382
.46 GQ03009_P15.1_clone=GQ03009_P15_cluster=GQ03009_P15_status=complete_gb=BT106765 2410404
.47 GQ04008_B06.1_clone=GQ04008_B06_cluster=GQ04008_B06_status=complete_gb=BT118595 2316119
.35 GQ04008_B06.1_clone=GQ04008_B06_cluster=GQ04008_B06_status=complete_gb=BT118595 962183
.69 GQ03709_P01.1_clone=GQ03709_P01_cluster=GQ03709_P01_status=complete_gb=BT115987 2410553
.13 GQ03709_P01.1_clone=GQ03709_P01_cluster=GQ03709_P01_status=complete_gb=BT115987 2297985
.11 GQ03709_P01.1_clone=GQ03709_P01_cluster=GQ03709_P01_status=complete_gb=BT115987 605346
.78 GQ03121_C01.1_clone=GQ03121_C01_cluster=GQ03121_C01_status=complete_gb=BT108383 2296402
.14 GQ03121_C01.1_clone=GQ03121_C01_cluster=GQ03121_C01_status=complete_gb=BT108383 2329040
.13 GQ03121_C01.1_clone=GQ03121_C01_cluster=GQ03121_C01_status=complete_gb=BT108383 839085
.13 GQ03121_C01.1_clone=GQ03121_C01_cluster=GQ03121_C01_status=complete_gb=BT108383 711672
.28 GQ02011_J07.1_clone=GQ02011_J07_cluster=GQ02011_J07_status=complete_gb=BT102700 2307124
.17 GQ02011_J07.1_clone=GQ02011_J07_cluster=GQ02011_J07_status=complete_gb=BT102700 223807
.16 GQ02011_J07.1_clone=GQ02011_J07_cluster=GQ02011_J07_status=complete_gb=BT102700 983160
.17 GQ02011_J07.1_clone=GQ02011_J07_cluster=GQ02011_J07_status=complete_gb=BT102700 2304296
.17 GQ02011_J07.1_clone=GQ02011_J07_cluster=GQ02011_J07_status=complete_gb=BT102700 2344982
.56 GQ0195_I09.1_clone=GQ0195_I09_cluster=GQ0195_I09_status=complete_gb=BT102500 2384236
.31 GQ0195_I09.1_clone=GQ0195_I09_cluster=GQ0195_I09_status=complete_gb=BT102500 2397993
.57 GQ03105_K22.3_clone=GQ03105_K22_cluster=GQ03105_K22_status=53 2294088
.37 GQ03105_K22.3_clone=GQ03105_K22_cluster=GQ03105_K22_status=53 2294088
.21 GQ03237_G17.1_clone=GQ03237_G17_cluster=GQ03237_G17_status=complete_gb=BT111414 2307010
.17 GQ03237_G17.1_clone=GQ03237_G17_cluster=GQ03237_G17_status=complete_gb=BT111414 2317137
.83 GQ03717_P23.1_clone=GQ03717_P23_cluster=GQ03717_P23_status=complete_gb=BT116396 2410597
.09 GQ03717_P23.1_clone=GQ03717_P23_cluster=GQ03717_P23_status=complete_gb=BT116396 1941210
.41 GQ03911_A21.1_clone=GQ03911_A21_cluster=GQ03911_A21_status=complete_gb=BT117751 2300094
.17 GQ0181_B04.1_clone=GQ0181_B04_cluster=GQ0181_B04_status=complete_gb=BT102344 1136647
.80 GQ0181_B04.1_clone=GQ0181_B04_cluster=GQ0181_B04_status=complete_gb=BT102344 2410486
.23 GQ02812_A21.1_clone=GQ02812_A21_cluster=GQ02812_A21_status=3 1042869
.69 GQ02812_A21.1_clone=GQ02812_A21_cluster=GQ02812_A21_status=3 2337253
.34 GQ04010_H14.2_clone=GQ04010_H14_cluster=GQ04010_H14_status=complete_gb=BT118808 452549
.30 GQ04010_H14.2_clone=GQ04010_H14_cluster=GQ04010_H14_status=complete_gb=BT118808 2349373
.27 GQ04010_H14.2_clone=GQ04010_H14_cluster=GQ04010_H14_status=complete_gb=BT118808 452544
.09 GQ04010_H14.2_clone=GQ04010_H14_cluster=GQ04010_H14_status=complete_gb=BT118808 2336888
.19 GQ03103_K09.1_clone=GQ03103_K09_cluster=GQ03103_K09_status=complete_gb=BT107171 1267967
.32 WS00721_B01.1_clone=WS00721_B01_cluster=WS00721_B01_status=3 2298830
.25 WS00721_B01.1_clone=WS00721_B01_cluster=WS00721_B01_status=3 653380
.88 GQ03326_F11.1_clone=GQ03326_F11_cluster=GQ03326_F11_status=complete_gb=BT113149 2410577
.53 WS00735_B19.1_clone=WS00735_B19_cluster=WS00735_B19_status=3 2292141
.26 WS00735_B19.1_clone=WS00735_B19_cluster=WS00735_B19_status=3 852342
.30 GQ03607_K13.1_clone=GQ03607_K13_cluster=GQ03607_K13_status=complete_gb=BT115033 492729
.14 GQ03607_K13.1_clone=GQ03607_K13_cluster=GQ03607_K13_status=complete_gb=BT115033 2387110
.12 GQ03607_K13.1_clone=GQ03607_K13_cluster=GQ03607_K13_status=complete_gb=BT115033 656734
.12 GQ03607_K13.1_clone=GQ03607_K13_cluster=GQ03607_K13_status=complete_gb=BT115033 703423
.06 GQ03607_K13.1_clone=GQ03607_K13_cluster=GQ03607_K13_status=complete_gb=BT115033 2371065
.23 GQ03009_K11.1_clone=GQ03009_K11_cluster=GQ03009_K11_status=complete_gb=BT106742 2313577
.14 GQ03009_K11.1_clone=GQ03009_K11_cluster=GQ03009_K11_status=complete_gb=BT106742 745647
.27 GQ03232_G11.1_clone=GQ03232_G11_cluster=GQ03232_G11_status=complete_gb=BT111081 2401705
.34 GQ03232_G11.1_clone=GQ03232_G11_cluster=GQ03232_G11_status=complete_gb=BT111081 2295094
.18 GQ0171_F05.1_clone=GQ0171_F05_cluster=GQ0171_F05_status=complete_gb=BT102230 2372773
.14 GQ0171_F05.1_clone=GQ0171_F05_cluster=GQ0171_F05_status=complete_gb=BT102230 739845
.32 GQ03304_G04.1_clone=GQ03304_G04_cluster=GQ03304_G04_status=complete_gb=BT111852 539564
.43 GQ03304_G04.1_clone=GQ03304_G04_cluster=GQ03304_G04_status=complete_gb=BT111852 2410387
.44 GQ04112_G17.4_clone=GQ04112_G17_cluster=GQ04112_G17_status=complete_gb=BT119920 2410441
.30 GQ04112_G17.4_clone=GQ04112_G17_cluster=GQ04112_G17_status=complete_gb=BT119920 2300134
.14 GQ04113_P07.2_clone=GQ04113_P07_cluster=GQ04113_P07_status=complete_gb=BT120001 2296939
.09 GQ04113_P07.2_clone=GQ04113_P07_cluster=GQ04113_P07_status=complete_gb=BT120001 2410244
.47 GQ02805_I20.4_clone=GQ02805_I20_cluster=GQ02805_I20_status=53 2303819
.39 GQ02805_I20.4_clone=GQ02805_I20_cluster=GQ02805_I20_status=53 2408340
.27 GQ02805_I20.4_clone=GQ02805_I20_cluster=GQ02805_I20_status=53 2303819
.56 GQ03118_M15.1_clone=GQ03118_M15_cluster=GQ03118_M15_status=complete_gb=BT108241 2410236
.30 GQ03118_M15.1_clone=GQ03118_M15_cluster=GQ03118_M15_status=complete_gb=BT108241 2336522
.29 GQ03118_M15.1_clone=GQ03118_M15_cluster=GQ03118_M15_status=complete_gb=BT108241 712037
.53 GQ03228_P05.1_clone=GQ03228_P05_cluster=GQ03228_P05_status=complete_gb=BT110858 2298134
.15 GQ03228_P05.1_clone=GQ03228_P05_cluster=GQ03228_P05_status=complete_gb=BT110858 1838768
.81 GQ03221_B09.2_clone=GQ03221_B09_cluster=GQ03221_B09_status=complete_gb=BT110390 321341
.13 GQ03221_B09.2_clone=GQ03221_B09_cluster=GQ03221_B09_status=complete_gb=BT110390 646463
.16 GQ03908_L12.1_clone=GQ03908_L12_cluster=GQ03908_L12_status=complete_gb=BT117722 2320257
.13 GQ03908_L12.1_clone=GQ03908_L12_cluster=GQ03908_L12_status=complete_gb=BT117722 504832
.29 GQ04002_P09.1_clone=GQ04002_P09_cluster=GQ04002_P09_status=complete_gb=BT118148 936095
.19 GQ04002_P09.1_clone=GQ04002_P09_cluster=GQ04002_P09_status=complete_gb=BT118148 2337089
.35 GQ02016_E07.1_clone=GQ02016_E07_cluster=GQ02016_E07_status=complete_gb=BT102796 2301064
.27 GQ02815_L17.1_clone=GQ02815_L17_cluster=GQ02815_L17_status=complete_gb=BT104837 2356456
.27 GQ02815_L17.1_clone=GQ02815_L17_cluster=GQ02815_L17_status=complete_gb=BT104837 566041
.19 GQ02815_L17.1_clone=GQ02815_L17_cluster=GQ02815_L17_status=complete_gb=BT104837 1073671
.19 GQ02815_L17.1_clone=GQ02815_L17_cluster=GQ02815_L17_status=complete_gb=BT104837 1286196
.20 GQ03319_O12.1_clone=GQ03319_O12_cluster=GQ03319_O12_status=complete_gb=BT112711 693788
.67 GQ03319_O12.1_clone=GQ03319_O12_cluster=GQ03319_O12_status=complete_gb=BT112711 2410585
.42 GQ02820_N01.1_clone=GQ02820_N01_cluster=GQ02820_N01_status=complete_gb=BT105315 2298691
.20 GQ02820_N01.1_clone=GQ02820_N01_cluster=GQ02820_N01_status=complete_gb=BT105315 2315649
.18 GQ03230_A05.1_clone=GQ03230_A05_cluster=GQ03230_A05_status=complete_gb=BT110937 1176964
.11 GQ03230_A05.1_clone=GQ03230_A05_cluster=GQ03230_A05_status=complete_gb=BT110937 1701708
.11 GQ02902_P21.2_clone=GQ02902_P21_cluster=GQ02902_P21_status=complete_gb=BT106101 2330514
.21 GQ02902_P21.2_clone=GQ02902_P21_cluster=GQ02902_P21_status=complete_gb=BT106101 2342246
.30 GQ03301_K03.1_clone=GQ03301_K03_cluster=GQ03301_K03_status=complete_gb=BT111641 2321705
.36 GQ03301_K03.1_clone=GQ03301_K03_cluster=GQ03301_K03_status=complete_gb=BT111641 2297834
.25 GQ03301_K03.1_clone=GQ03301_K03_cluster=GQ03301_K03_status=complete_gb=BT111641 2298676
.44 GQ03237_I10.1_clone=GQ03237_I10_cluster=GQ03237_I10_status=complete_gb=BT111420 2297538
.54 GQ03237_I10.1_clone=GQ03237_I10_cluster=GQ03237_I10_status=complete_gb=BT111420 2410274
.25 GQ02809_K13.1_clone=GQ02809_K13_cluster=GQ02809_K13_status=complete_gb=BT104371 1215868
.25 GQ02809_K13.1_clone=GQ02809_K13_cluster=GQ02809_K13_status=complete_gb=BT104371 692940
.19 GQ02809_K13.1_clone=GQ02809_K13_cluster=GQ02809_K13_status=complete_gb=BT104371 1430041
.51 GQ03803_F19.3_clone=GQ03803_F19_cluster=GQ03803_F19_status=53 2410533
.36 GQ03803_F19.3_clone=GQ03803_F19_cluster=GQ03803_F19_status=53 2295208
.46 WS03223_G19.1_clone=WS03223_G19_cluster=WS03223_G19_status=complete 2297337
.28 WS03223_G19.1_clone=WS03223_G19_cluster=WS03223_G19_status=complete 669418
.45 GQ03010_J16.1_clone=GQ03010_J16_cluster=GQ03010_J16_status=complete_gb=BT106788 2304136
.32 GQ03010_J16.1_clone=GQ03010_J16_cluster=GQ03010_J16_status=complete_gb=BT106788 2306852
.32 GQ03906_E05.1_clone=GQ03906_E05_cluster=GQ03906_E05_status=complete_gb=BT117643 2303720
.28 GQ03906_E05.1_clone=GQ03906_E05_cluster=GQ03906_E05_status=complete_gb=BT117643 2307666
.15 GQ03906_E05.1_clone=GQ03906_E05_cluster=GQ03906_E05_status=complete_gb=BT117643 2324487
.56 GQ03806_D01.1_clone=GQ03806_D01_cluster=GQ03806_D01_status=complete_gb=BT116759 2410562
.10 GQ03806_D01.1_clone=GQ03806_D01_cluster=GQ03806_D01_status=complete_gb=BT116759 2410562
.35 GQ03324_M22.1_clone=GQ03324_M22_cluster=GQ03324_M22_status=complete_gb=BT113038 2294011
.33 GQ03324_M22.1_clone=GQ03324_M22_cluster=GQ03324_M22_status=complete_gb=BT113038 2410457
.32 GQ04101_G02.1_clone=GQ04101_G02_cluster=GQ04101_G02_status=complete_gb=BT119094 2410252
.15 GQ04101_G02.1_clone=GQ04101_G02_cluster=GQ04101_G02_status=complete_gb=BT119094 2292573
.55 GQ02830_F14.1_clone=GQ02830_F14_cluster=GQ02830_F14_status=complete_gb=BT105943 2410498
.32 GQ02830_F14.1_clone=GQ02830_F14_cluster=GQ02830_F14_status=complete_gb=BT105943 2410582
.65 GQ02810_L17.1_clone=GQ02810_L17_cluster=GQ02810_L17_status=complete_gb=BT104471 2292128
.41 GQ02828_B19.1_clone=GQ02828_B19_cluster=GQ02828_B19_status=complete_gb=BT105765 841050
.24 GQ02828_B19.1_clone=GQ02828_B19_cluster=GQ02828_B19_status=complete_gb=BT105765 2362303
.53 GQ02905_A02.2_clone=GQ02905_A02_cluster=GQ02905_A02_status=53 2370191
.30 GQ02905_A02.2_clone=GQ02905_A02_cluster=GQ02905_A02_status=53 2307657
.43 GQ03811_O14.1_clone=GQ03811_O14_cluster=GQ03811_O14_status=complete_gb=BT117055 2311295
.33 GQ03811_O14.1_clone=GQ03811_O14_cluster=GQ03811_O14_status=complete_gb=BT117055 2345053
.54 GQ04006_L05.1_clone=GQ04006_L05_cluster=GQ04006_L05_status=complete_gb=BT118467 2410235
.72 GQ04012_G21.1_clone=GQ04012_G21_cluster=GQ04012_G21_status=complete_gb=BT118958 2293290
.18 GQ04012_G21.1_clone=GQ04012_G21_cluster=GQ04012_G21_status=complete_gb=BT118958 175673
.36 GQ03817_P18.1_clone=GQ03817_P18_cluster=GQ03817_P18_status=complete_gb=BT117367 2312852
.34 GQ03817_P18.1_clone=GQ03817_P18_cluster=GQ03817_P18_status=complete_gb=BT117367 2297102
.37 WS02620_C21.1_clone=WS02620_C21_cluster=WS02620_C21_status=complete 2330919
.20 WS02620_C21.1_clone=WS02620_C21_cluster=WS02620_C21_status=complete 869083
.29 GQ0133_I15.1_clone=GQ0133_I15_cluster=GQ0133_I15_status=5 1949308
.69 GQ0133_I15.1_clone=GQ0133_I15_cluster=GQ0133_I15_status=5 2334200
.31 GQ04101_A10.1_clone=GQ04101_A10_cluster=GQ04101_A10_status=complete_gb=BT119071 2410478
.40 GQ02819_D21.1_clone=GQ02819_D21_cluster=GQ02819_D21_status=complete_gb=BT105156 2410470
.20 GQ02819_D21.1_clone=GQ02819_D21_cluster=GQ02819_D21_status=complete_gb=BT105156 2331447
.19 GQ02819_D21.1_clone=GQ02819_D21_cluster=GQ02819_D21_status=complete_gb=BT105156 2368637
.46 GQ02808_O10.1_clone=GQ02808_O10_cluster=GQ02808_O10_status=complete_gb=BT104320 2292583
.20 GQ02808_O10.1_clone=GQ02808_O10_cluster=GQ02808_O10_status=complete_gb=BT104320 2352314
.29 GQ03205_F02.1_clone=GQ03205_F02_cluster=GQ03205_F02_status=complete_gb=BT109158 2318041
.23 GQ03205_F02.1_clone=GQ03205_F02_cluster=GQ03205_F02_status=complete_gb=BT109158 2318040
.21 GQ03205_F02.1_clone=GQ03205_F02_cluster=GQ03205_F02_status=complete_gb=BT109158 729793
.20 GQ03205_F02.1_clone=GQ03205_F02_cluster=GQ03205_F02_status=complete_gb=BT109158 1009662
.31 GQ03102_N20.1_clone=GQ03102_N20_cluster=GQ03102_N20_status=complete_gb=BT107113 2299151
.16 GQ03102_N20.1_clone=GQ03102_N20_cluster=GQ03102_N20_status=complete_gb=BT107113 2295223
.15 GQ03704_D09.2_clone=GQ03704_D09_cluster=GQ03704_D09_status=complete_gb=BT115676 2305158
.81 GQ03704_D09.2_clone=GQ03704_D09_cluster=GQ03704_D09_status=complete_gb=BT115676 2410560
.60 GQ03302_K19.1_clone=GQ03302_K19_cluster=GQ03302_K19_status=complete_gb=BT111718 2410411
.20 GQ03302_K19.1_clone=GQ03302_K19_cluster=GQ03302_K19_status=complete_gb=BT111718 2304294
.32 GQ02815_A04.1_clone=GQ02815_A04_cluster=GQ02815_A04_status=complete_gb=BT104785 2293271
.20 GQ02815_A04.1_clone=GQ02815_A04_cluster=GQ02815_A04_status=complete_gb=BT104785 2324948
.15 GQ02815_A04.1_clone=GQ02815_A04_cluster=GQ02815_A04_status=complete_gb=BT104785 2321068
.22 GQ03107_C24.1_clone=GQ03107_C24_cluster=GQ03107_C24_status=complete_gb=BT107407 2331773
.17 GQ03107_C24.1_clone=GQ03107_C24_cluster=GQ03107_C24_status=complete_gb=BT107407 192460
.30 GQ03617_M08.1_clone=GQ03617_M08_cluster=GQ03617_M08_status=complete_gb=BT115485 2326321
.38 GQ03617_M08.1_clone=GQ03617_M08_cluster=GQ03617_M08_status=complete_gb=BT115485 2296184
.03 GQ02815_O23.1_clone=GQ02815_O23_cluster=GQ02815_O23_status=complete_gb=BT104855 2406898
.87 GQ02815_O23.1_clone=GQ02815_O23_cluster=GQ02815_O23_status=complete_gb=BT104855 2410570
.15 GQ03902_M22.2_clone=GQ03902_M22_cluster=GQ03902_M22_status=complete_gb=BT117541 2305456
.78 GQ03902_M22.2_clone=GQ03902_M22_cluster=GQ03902_M22_status=complete_gb=BT117541 2410528
.63 GQ03416_J07.1_clone=GQ03416_J07_cluster=GQ03416_J07_status=complete_gb=BT113663 2410160
.31 GQ04005_O24.1_clone=GQ04005_O24_cluster=GQ04005_O24_status=complete_gb=BT118397 2319163
.20 GQ04005_O24.1_clone=GQ04005_O24_cluster=GQ04005_O24_status=complete_gb=BT118397 2318597
.51 GQ04102_O01.1_clone=GQ04102_O01_cluster=GQ04102_O01_status=complete_gb=BT119233 2410341
.27 GQ04102_O01.1_clone=GQ04102_O01_cluster=GQ04102_O01_status=complete_gb=BT119233 249082
.16 GQ04102_O01.1_clone=GQ04102_O01_cluster=GQ04102_O01_status=complete_gb=BT119233 2293313
.86 GQ03005_D15.1_clone=GQ03005_D15_cluster=GQ03005_D15_status=complete_gb=BT106572 2410148
.12 GQ03005_D15.1_clone=GQ03005_D15_cluster=GQ03005_D15_status=complete_gb=BT106572 2307803
.50 GQ03304_D11.1_clone=GQ03304_D11_cluster=GQ03304_D11_status=complete_gb=BT111836 2297410
.48 GQ03304_D11.1_clone=GQ03304_D11_cluster=GQ03304_D11_status=complete_gb=BT111836 2347201
.55 GQ03218_E16.1_clone=GQ03218_E16_cluster=GQ03218_E16_status=complete_gb=BT110215 2410271
.55 GQ03218_E16.1_clone=GQ03218_E16_cluster=GQ03218_E16_status=complete_gb=BT110215 2410268
.51 GQ04013_I03.1_clone=GQ04013_I03_cluster=GQ04013_I03_status=complete_gb=BT119021 2410170
.45 GQ02822_M01.1_clone=GQ02822_M01_cluster=GQ02822_M01_status=complete_gb=BT105456 2322452
.41 GQ0254_O19.1_clone=GQ0254_O19_cluster=GQ0254_O19_status=complete_gb=BT103481 2355550
.26 GQ0254_O19.1_clone=GQ0254_O19_cluster=GQ0254_O19_status=complete_gb=BT103481 501764
.23 GQ0254_O19.1_clone=GQ0254_O19_cluster=GQ0254_O19_status=complete_gb=BT103481 2343071
.09 GQ0254_O19.1_clone=GQ0254_O19_cluster=GQ0254_O19_status=complete_gb=BT103481 2347836
.36 GQ0201_I01.1_clone=GQ0201_I01_cluster=GQ0201_I01_status=complete_gb=BT102842 2410549
.27 GQ0201_I01.1_clone=GQ0201_I01_cluster=GQ0201_I01_status=complete_gb=BT102842 2350259
.09 GQ03109_K05.4_clone=GQ03109_K05_cluster=GQ03109_K05_status=complete_gb=BT107583 2298002
.64 GQ03109_K05.4_clone=GQ03109_K05_cluster=GQ03109_K05_status=complete_gb=BT107583 2384643
.43 GQ03619_G24.1_clone=GQ03619_G24_cluster=GQ03619_G24_status=complete_gb=BT115516 2296610
.55 GQ03619_G24.1_clone=GQ03619_G24_cluster=GQ03619_G24_status=complete_gb=BT115516 2355629
.36 GQ04106_J08.1_clone=GQ04106_J08_cluster=GQ04106_J08_status=complete_gb=BT119513 2293010
.21 GQ04106_J08.1_clone=GQ04106_J08_cluster=GQ04106_J08_status=complete_gb=BT119513 2294922
.17 GQ04006_B24.1_clone=GQ04006_B24_cluster=GQ04006_B24_status=complete_gb=BT118413 2300655
.32 GQ0049_G14.1_clone=GQ0049_G14_cluster=GQ0049_G14_status=complete_gb=BT100893 2307813
.22 GQ0049_G14.1_clone=GQ0049_G14_cluster=GQ0049_G14_status=complete_gb=BT100893 2301062
.30 GQ02814_E18.2_clone=GQ02814_E18_cluster=GQ02814_E18_status=complete_gb=BT104742 2299194
.30 GQ02814_E18.2_clone=GQ02814_E18_cluster=GQ02814_E18_status=complete_gb=BT104742 2322416
.41 GQ00410_I07.1_clone=GQ00410_I07_cluster=GQ00410_I07_status=complete_gb=BT100674 2299654
.15 GQ00410_I07.1_clone=GQ00410_I07_cluster=GQ00410_I07_status=complete_gb=BT100674 695566
.42 WS03213_L02.1_clone=WS03213_L02_cluster=WS03213_L02_status=complete 2334490
.25 WS03213_L02.1_clone=WS03213_L02_cluster=WS03213_L02_status=complete 1352046
.22 GQ03214_K22.1_clone=GQ03214_K22_cluster=GQ03214_K22_status=complete_gb=BT109990 2315244
.13 GQ03214_K22.1_clone=GQ03214_K22_cluster=GQ03214_K22_status=complete_gb=BT109990 439929
.41 GQ03313_O02.1_clone=GQ03313_O02_cluster=GQ03313_O02_status=complete_gb=BT112363 2410280
.24 GQ03313_O02.1_clone=GQ03313_O02_cluster=GQ03313_O02_status=complete_gb=BT112363 2328868
.12 GQ03313_O02.1_clone=GQ03313_O02_cluster=GQ03313_O02_status=complete_gb=BT112363 2316645
.38 GQ03219_D17.1_clone=GQ03219_D17_cluster=GQ03219_D17_status=complete_gb=BT110287 469523
.25 GQ03219_D17.1_clone=GQ03219_D17_cluster=GQ03219_D17_status=complete_gb=BT110287 2410263
.21 GQ03219_D17.1_clone=GQ03219_D17_cluster=GQ03219_D17_status=complete_gb=BT110287 2293316
.16 GQ03219_D17.1_clone=GQ03219_D17_cluster=GQ03219_D17_status=complete_gb=BT110287 2352603
.39 GQ03115_N13.1_clone=GQ03115_N13_cluster=GQ03115_N13_status=complete_gb=BT108011 2295229
.20 GQ03115_N13.1_clone=GQ03115_N13_cluster=GQ03115_N13_status=complete_gb=BT108011 2326444
.39 GQ02011_E22.1_clone=GQ02011_E22_cluster=GQ02011_E22_status=complete_gb=BT102692 2300477
.97 GQ03309_N17.1_clone=GQ03309_N17_cluster=GQ03309_N17_status=complete_gb=BT112091 2410396
.07 GQ03201_H08.3_clone=GQ03201_H08_cluster=GQ03201_H08_status=53 2309635
.05 GQ03201_H08.3_clone=GQ03201_H08_cluster=GQ03201_H08_status=53 1471486
.20 GQ03120_C09.1_clone=GQ03120_C09_cluster=GQ03120_C09_status=complete_gb=BT108324 673744
.79 GQ03120_C09.1_clone=GQ03120_C09_cluster=GQ03120_C09_status=complete_gb=BT108324 2410393
.66 GQ0032_I03.1_clone=GQ0032_I03_cluster=GQ0032_I03_status=complete_gb=BT100617 2410362
.33 GQ0032_I03.1_clone=GQ0032_I03_cluster=GQ0032_I03_status=complete_gb=BT100617 442272
.80 GQ03310_P15.2_clone=GQ03310_P15_cluster=GQ03310_P15_status=complete_gb=BT112159 2410558
.02 GQ03310_P15.2_clone=GQ03310_P15_cluster=GQ03310_P15_status=complete_gb=BT112159 569277
.78 GQ03209_G01.1_clone=GQ03209_G01_cluster=GQ03209_G01_status=complete_gb=BT109512 2410388
.27 GQ03402_A23.4_clone=GQ03402_A23_cluster=GQ03402_A23_status=complete_gb=BT113230 2329281
.25 GQ03402_A23.4_clone=GQ03402_A23_cluster=GQ03402_A23_status=complete_gb=BT113230 2303604
.17 GQ03402_A23.4_clone=GQ03402_A23_cluster=GQ03402_A23_status=complete_gb=BT113230 2312203
.14 GQ03402_A23.4_clone=GQ03402_A23_cluster=GQ03402_A23_status=complete_gb=BT113230 2327707
.05 GQ03402_A23.4_clone=GQ03402_A23_cluster=GQ03402_A23_status=complete_gb=BT113230 260507
.66 GQ03232_D15.1_clone=GQ03232_D15_cluster=GQ03232_D15_status=complete_gb=BT111062 2410473
.13 GQ03505_N14.1_clone=GQ03505_N14_cluster=GQ03505_N14_status=complete_gb=BT113986 2387794
.13 GQ03505_N14.1_clone=GQ03505_N14_cluster=GQ03505_N14_status=complete_gb=BT113986 2323596
.31 GQ02816_P04.3_clone=GQ02816_P04_cluster=GQ02816_P04_status=complete_gb=BT104954 2298369
.21 GQ02816_P04.3_clone=GQ02816_P04_cluster=GQ02816_P04_status=complete_gb=BT104954 2318135
.19 GQ02816_P04.3_clone=GQ02816_P04_cluster=GQ02816_P04_status=complete_gb=BT104954 2308277
.10 GQ02816_P04.3_clone=GQ02816_P04_cluster=GQ02816_P04_status=complete_gb=BT104954 2293872
.23 GQ03812_H14.1_clone=GQ03812_H14_cluster=GQ03812_H14_status=complete_gb=BT117086 456866
.22 GQ03812_H14.1_clone=GQ03812_H14_cluster=GQ03812_H14_status=complete_gb=BT117086 2292429
.16 GQ03812_H14.1_clone=GQ03812_H14_cluster=GQ03812_H14_status=complete_gb=BT117086 2400131
.56 GQ03510_G01.1_clone=GQ03510_G01_cluster=GQ03510_G01_status=complete_gb=BT114216 2410466
.16 GQ03510_G01.1_clone=GQ03510_G01_cluster=GQ03510_G01_status=complete_gb=BT114216 1218167
.15 GQ03510_G01.1_clone=GQ03510_G01_cluster=GQ03510_G01_status=complete_gb=BT114216 1107797
.38 GQ03227_C04.1_clone=GQ03227_C04_cluster=GQ03227_C04_status=5 770397
.30 GQ03227_C04.1_clone=GQ03227_C04_cluster=GQ03227_C04_status=5 607727
.58 GQ03304_G12.1_clone=GQ03304_G12_cluster=GQ03304_G12_status=complete_gb=BT111853 2316227
.17 GQ03304_G12.1_clone=GQ03304_G12_cluster=GQ03304_G12_status=complete_gb=BT111853 993451
.29 GQ03125_A20.1_clone=GQ03125_A20_cluster=GQ03125_A20_status=complete_gb=BT108658 2295925
.17 GQ03125_A20.1_clone=GQ03125_A20_cluster=GQ03125_A20_status=complete_gb=BT108658 636090
.25 GQ03011_F03.1_clone=GQ03011_F03_cluster=GQ03011_F03_status=complete_gb=BT106817 2410242
.28 WS03213_G20.1_clone=WS03213_G20_cluster=WS03213_G20_status=complete 670877
.30 WS03213_G20.1_clone=WS03213_G20_cluster=WS03213_G20_status=complete 689279
.28 GQ03602_O12.1_clone=GQ03602_O12_cluster=GQ03602_O12_status=complete_gb=BT114820 670880
.27 GQ03602_O12.1_clone=GQ03602_O12_cluster=GQ03602_O12_status=complete_gb=BT114820 670877
.22 GQ03602_O12.1_clone=GQ03602_O12_cluster=GQ03602_O12_status=complete_gb=BT114820 993899
.10 GQ03602_O12.1_clone=GQ03602_O12_cluster=GQ03602_O12_status=complete_gb=BT114820 1241990
.35 GQ03512_L16.1_clone=GQ03512_L16_cluster=GQ03512_L16_status=complete_gb=BT114337 2317655
.23 GQ03512_L16.1_clone=GQ03512_L16_cluster=GQ03512_L16_status=complete_gb=BT114337 376233
.19 GQ03512_L16.1_clone=GQ03512_L16_cluster=GQ03512_L16_status=complete_gb=BT114337 2295875
.49 GQ03903_D23.1_clone=GQ03903_D23_cluster=GQ03903_D23_status=complete_gb=BT117557 448591
.50 GQ03903_D23.1_clone=GQ03903_D23_cluster=GQ03903_D23_status=complete_gb=BT117557 765798
.37 GQ02821_P16.1_clone=GQ02821_P16_cluster=GQ02821_P16_status=complete_gb=BT105401 2307859
.22 GQ02821_P16.1_clone=GQ02821_P16_cluster=GQ02821_P16_status=complete_gb=BT105401 99851
.10 GQ02821_P16.1_clone=GQ02821_P16_cluster=GQ02821_P16_status=complete_gb=BT105401 2296556
.26 GQ0203_J18.1_clone=GQ0203_J18_cluster=GQ0203_J18_status=53 2348261
.18 GQ0203_J18.1_clone=GQ0203_J18_cluster=GQ0203_J18_status=53 2331300
.16 GQ0203_J18.1_clone=GQ0203_J18_cluster=GQ0203_J18_status=53 2366021
.16 GQ0203_J18.1_clone=GQ0203_J18_cluster=GQ0203_J18_status=53 483678
.14 GQ0203_J18.1_clone=GQ0203_J18_cluster=GQ0203_J18_status=53 1179134
.14 GQ03601_I24.1_clone=GQ03601_I24_cluster=GQ03601_I24_status=complete_gb=BT114752 2312276
.84 GQ03601_I24.1_clone=GQ03601_I24_cluster=GQ03601_I24_status=complete_gb=BT114752 2410563
.59 GQ03917_L04.1_clone=GQ03917_L04_cluster=GQ03917_L04_status=complete_gb=BT117934 2293800
.29 GQ03917_L04.1_clone=GQ03917_L04_cluster=GQ03917_L04_status=complete_gb=BT117934 2292683
.52 GQ02810_O16.2_clone=GQ02810_O16_cluster=GQ02810_O16_status=complete_gb=BT104483 255262
.24 GQ02810_O16.2_clone=GQ02810_O16_cluster=GQ02810_O16_status=complete_gb=BT104483 2331775
.11 GQ02810_O16.2_clone=GQ02810_O16_cluster=GQ02810_O16_status=complete_gb=BT104483 837314
.16 GQ03717_C14.1_clone=GQ03717_C14_cluster=GQ03717_C14_status=complete_gb=BT116357 2300622
.19 GQ03717_C14.1_clone=GQ03717_C14_cluster=GQ03717_C14_status=complete_gb=BT116357 2297655
.59 GQ03612_N01.1_clone=GQ03612_N01_cluster=GQ03612_N01_status=complete_gb=BT115261 2410272
.49 GQ03617_A14.1_clone=GQ03617_A14_cluster=GQ03617_A14_status=complete_gb=BT115457 2343938
.30 GQ03617_A14.1_clone=GQ03617_A14_cluster=GQ03617_A14_status=complete_gb=BT115457 2364264
.29 GQ03805_N21.1_clone=GQ03805_N21_cluster=GQ03805_N21_status=complete_gb=BT116741 437630
.48 GQ03805_N21.1_clone=GQ03805_N21_cluster=GQ03805_N21_status=complete_gb=BT116741 2296791
.05 GQ03126_H13.1_clone=GQ03126_H13_cluster=GQ03126_H13_status=complete_gb=BT108745 1158994
.73 GQ03126_H13.1_clone=GQ03126_H13_cluster=GQ03126_H13_status=complete_gb=BT108745 2331455
.83 GQ04007_B08.1_clone=GQ04007_B08_cluster=GQ04007_B08_status=complete_gb=BT118506 2410555
.35 GQ03204_G03.1_clone=GQ03204_G03_cluster=GQ03204_G03_status=complete_gb=BT109079 2410416
.16 GQ03204_G03.1_clone=GQ03204_G03_cluster=GQ03204_G03_status=complete_gb=BT109079 2299343
.09 GQ03204_G03.1_clone=GQ03204_G03_cluster=GQ03204_G03_status=complete_gb=BT109079 2318613
.89 GQ0208_O15.1_clone=GQ0208_O15_cluster=GQ0208_O15_status=complete_gb=BT103226 2410571
.45 GQ04102_L24.1_clone=GQ04102_L24_cluster=GQ04102_L24_status=complete_gb=BT119212 2297198
.23 GQ04102_L24.1_clone=GQ04102_L24_cluster=GQ04102_L24_status=complete_gb=BT119212 2322849
.27 GQ03917_I12.1_clone=GQ03917_I12_cluster=GQ03917_I12_status=complete_gb=BT117927 2387030
.31 GQ03917_I12.1_clone=GQ03917_I12_cluster=GQ03917_I12_status=complete_gb=BT117927 2299493
.99 GQ03311_D01.1_clone=GQ03311_D01_cluster=GQ03311_D01_status=complete_gb=BT112165 2410584
.43 GQ03122_N09.1_clone=GQ03122_N09_cluster=GQ03122_N09_status=complete_gb=BT108505 2309638
.21 GQ03122_N09.1_clone=GQ03122_N09_cluster=GQ03122_N09_status=complete_gb=BT108505 2324546
.21 GQ03122_N09.1_clone=GQ03122_N09_cluster=GQ03122_N09_status=complete_gb=BT108505 2300701
.19 GQ03122_N09.1_clone=GQ03122_N09_cluster=GQ03122_N09_status=complete_gb=BT108505 670488
.19 GQ03122_N09.1_clone=GQ03122_N09_cluster=GQ03122_N09_status=complete_gb=BT108505 2310958
.30 GQ03901_M12.1_clone=GQ03901_M12_cluster=GQ03901_M12_status=complete_gb=BT117506 2292699
.66 GQ03901_M12.1_clone=GQ03901_M12_cluster=GQ03901_M12_status=complete_gb=BT117506 2410578
.15 GQ04111_G11.1_clone=GQ04111_G11_cluster=GQ04111_G11_status=complete_gb=BT119867 2325843
.15 GQ04111_G11.1_clone=GQ04111_G11_cluster=GQ04111_G11_status=complete_gb=BT119867 2337006
.48 GQ03309_B13.1_clone=GQ03309_B13_cluster=GQ03309_B13_status=complete_gb=BT112035 2330385
.50 GQ03309_B13.1_clone=GQ03309_B13_cluster=GQ03309_B13_status=complete_gb=BT112035 2363363
.70 GQ03807_J09.1_clone=GQ03807_J09_cluster=GQ03807_J09_status=complete_gb=BT116837 2410536
.30 GQ03815_C11.1_clone=GQ03815_C11_cluster=GQ03815_C11_status=complete_gb=BT117215 2410395
.23 GQ03815_C11.1_clone=GQ03815_C11_cluster=GQ03815_C11_status=complete_gb=BT117215 2349864
.28 GQ04111_M05.1_clone=GQ04111_M05_cluster=GQ04111_M05_status=complete_gb=BT119885 2298465
.24 GQ04111_M05.1_clone=GQ04111_M05_cluster=GQ04111_M05_status=complete_gb=BT119885 277725
.16 GQ02819_L08.1_clone=GQ02819_L08_cluster=GQ02819_L08_status=complete_gb=BT105210 2336361
.28 GQ03012_P07.3_clone=GQ03012_P07_cluster=GQ03012_P07_status=53 2410494
.25 GQ03012_P07.3_clone=GQ03012_P07_cluster=GQ03012_P07_status=53 2319351
.13 GQ03117_D03.1_clone=GQ03117_D03_cluster=GQ03117_D03_status=complete_gb=BT108128 1076776
.67 GQ03117_D03.1_clone=GQ03117_D03_cluster=GQ03117_D03_status=complete_gb=BT108128 2410454
.13 GQ0166_N13.1_clone=GQ0166_N13_cluster=GQ0166_N13_status=complete_gb=BT102123 2305389
.58 GQ0166_N13.1_clone=GQ0166_N13_cluster=GQ0166_N13_status=complete_gb=BT102123 2301816
.50 GQ03719_J12.1_clone=GQ03719_J12_cluster=GQ03719_J12_status=complete_gb=BT116490 2332805
.30 GQ03315_K09.1_clone=GQ03315_K09_cluster=GQ03315_K09_status=complete_gb=BT112463 11130
.30 GQ03315_K09.1_clone=GQ03315_K09_cluster=GQ03315_K09_status=complete_gb=BT112463 2293914
.29 GQ03202_M10.1_clone=GQ03202_M10_cluster=GQ03202_M10_status=complete_gb=BT108934 872672
.35 GQ03202_M10.1_clone=GQ03202_M10_cluster=GQ03202_M10_status=complete_gb=BT108934 2304404
.42 GQ03810_G04.1_clone=GQ03810_G04_cluster=GQ03810_G04_status=complete_gb=BT116967 2294087
.44 GQ03807_E06.1_clone=GQ03807_E06_cluster=GQ03807_E06_status=complete_gb=BT116815 2410527
.10 GQ03807_E06.1_clone=GQ03807_E06_cluster=GQ03807_E06_status=complete_gb=BT116815 2305345
.21 GQ03406_K05.1_clone=GQ03406_K05_cluster=GQ03406_K05_status=complete_gb=BT113385 2297368
.72 GQ03406_K05.1_clone=GQ03406_K05_cluster=GQ03406_K05_status=complete_gb=BT113385 2332010
.31 GQ0208_H06.1_clone=GQ0208_H06_cluster=GQ0208_H06_status=complete_gb=BT103203 1199080
.64 GQ02747_C09.1_clone=GQ02747_C09_cluster=GQ02747_C09_status=5 2410413
.35 GQ02747_C09.1_clone=GQ02747_C09_cluster=GQ02747_C09_status=5 2310999
.52 WS03224_O14.1_clone=WS03224_O14_cluster=WS03224_O14_status=3 978063
.46 WS03224_O14.1_clone=WS03224_O14_cluster=WS03224_O14_status=3 2298399
.49 GQ03214_H09.1_clone=GQ03214_H09_cluster=GQ03214_H09_status=complete_gb=BT109972 2410270
.75 GQ03112_A24.1_clone=GQ03112_A24_cluster=GQ03112_A24_status=complete_gb=BT107731 2318565
.40 GQ02829_I15.1_clone=GQ02829_I15_cluster=GQ02829_I15_status=complete_gb=BT105868 439350
.35 GQ02829_I15.1_clone=GQ02829_I15_cluster=GQ02829_I15_status=complete_gb=BT105868 2301006
.22 GQ02829_I15.1_clone=GQ02829_I15_cluster=GQ02829_I15_status=complete_gb=BT105868 1488848
.35 GQ02814_N03.1_clone=GQ02814_N03_cluster=GQ02814_N03_status=complete_gb=BT104776 2303526
.23 WS03222_O05.1_clone=WS03222_O05_cluster=WS03222_O05_status=3 2315488
.63 WS03222_O05.1_clone=WS03222_O05_cluster=WS03222_O05_status=3 2410419
.65 GQ03609_H11.1_clone=GQ03609_H11_cluster=GQ03609_H11_status=complete_gb=BT115110 2410523
.15 GQ03609_H11.1_clone=GQ03609_H11_cluster=GQ03609_H11_status=complete_gb=BT115110 2357456
.30 GQ03313_K16.1_clone=GQ03313_K16_cluster=GQ03313_K16_status=complete_gb=BT112343 2332935
.23 GQ03313_K16.1_clone=GQ03313_K16_cluster=GQ03313_K16_status=complete_gb=BT112343 1107353
.15 GQ03313_K16.1_clone=GQ03313_K16_cluster=GQ03313_K16_status=complete_gb=BT112343 2410513
.36 GQ0202_C14.1_clone=GQ0202_C14_cluster=GQ0202_C14_status=complete_gb=BT102877 2297729
.21 GQ0202_C14.1_clone=GQ0202_C14_cluster=GQ0202_C14_status=complete_gb=BT102877 2393614
.37 GQ03406_P14.1_clone=GQ03406_P14_cluster=GQ03406_P14_status=complete_gb=BT113397 2410590
.27 GQ03406_P14.1_clone=GQ03406_P14_cluster=GQ03406_P14_status=complete_gb=BT113397 2410590
.10 GQ01304_E23.2_clone=GQ01304_E23_cluster=GQ01304_E23_status=complete_gb=BT101427 2312899
.25 GQ01304_E23.2_clone=GQ01304_E23_cluster=GQ01304_E23_status=complete_gb=BT101427 662890
.13 WS00837_M06.1_clone=WS00837_M06_cluster=WS00837_M06_status=3 2195202
.75 WS00837_M06.1_clone=WS00837_M06_cluster=WS00837_M06_status=3 2410332
.39 GQ03224_P14.1_clone=GQ03224_P14_cluster=GQ03224_P14_status=complete_gb=BT110652 2314910
.21 GQ03224_P14.1_clone=GQ03224_P14_cluster=GQ03224_P14_status=complete_gb=BT110652 2326199
.22 GQ03301_N19.1_clone=GQ03301_N19_cluster=GQ03301_N19_status=complete_gb=BT111655 603158
.68 GQ03301_N19.1_clone=GQ03301_N19_cluster=GQ03301_N19_status=complete_gb=BT111655 2343292
.31 GQ04105_A08.1_clone=GQ04105_A08_cluster=GQ04105_A08_status=complete_gb=BT119392 643548
.16 GQ03307_L24.1_clone=GQ03307_L24_cluster=GQ03307_L24_status=complete_gb=BT111928 1299395
.71 GQ03307_L24.1_clone=GQ03307_L24_cluster=GQ03307_L24_status=complete_gb=BT111928 2292190
.31 GQ03230_G18.1_clone=GQ03230_G18_cluster=GQ03230_G18_status=complete_gb=BT110962 2344191
.23 GQ03230_G18.1_clone=GQ03230_G18_cluster=GQ03230_G18_status=complete_gb=BT110962 2307148
.24 GQ03230_G18.1_clone=GQ03230_G18_cluster=GQ03230_G18_status=complete_gb=BT110962 227013
.18 GQ03230_G18.1_clone=GQ03230_G18_cluster=GQ03230_G18_status=complete_gb=BT110962 677992
.18 GQ03230_G18.1_clone=GQ03230_G18_cluster=GQ03230_G18_status=complete_gb=BT110962 1215552
.80 WS0261_D07.1_clone=WS0261_D07_cluster=WS0261_D07_status=complete 2352472
.13 WS0261_D07.1_clone=WS0261_D07_cluster=WS0261_D07_status=complete 1116298
.44 GQ03814_O10.1_clone=GQ03814_O10_cluster=GQ03814_O10_status=complete_gb=BT117201 2298047
.18 GQ03814_O10.1_clone=GQ03814_O10_cluster=GQ03814_O10_status=complete_gb=BT117201 2311932
.15 GQ03317_A06.1_clone=GQ03317_A06_cluster=GQ03317_A06_status=complete_gb=BT112535 817750
.82 GQ03317_A06.1_clone=GQ03317_A06_cluster=GQ03317_A06_status=complete_gb=BT112535 2309739
.57 GQ03204_I10.4_clone=GQ03204_I10_cluster=GQ03204_I10_status=complete_gb=BT109090 2354993
.12 GQ03204_I10.4_clone=GQ03204_I10_cluster=GQ03204_I10_status=complete_gb=BT109090 685679
.10 GQ03204_I10.4_clone=GQ03204_I10_cluster=GQ03204_I10_status=complete_gb=BT109090 1278101
.36 GQ03009_M04.3_clone=GQ03009_M04_cluster=GQ03009_M04_status=complete_gb=BT106749 2319824
.52 GQ03009_M04.3_clone=GQ03009_M04_cluster=GQ03009_M04_status=complete_gb=BT106749 2298183
.35 GQ02902_G15.2_clone=GQ02902_G15_cluster=GQ02902_G15_status=complete_gb=BT106070 2305427
.17 GQ02902_G15.2_clone=GQ02902_G15_cluster=GQ02902_G15_status=complete_gb=BT106070 2308987
.14 GQ02902_G15.2_clone=GQ02902_G15_cluster=GQ02902_G15_status=complete_gb=BT106070 2305428
.18 GQ03115_B08.1_clone=GQ03115_B08_cluster=GQ03115_B08_status=complete_gb=BT107958 683237
.06 GQ03115_B08.1_clone=GQ03115_B08_cluster=GQ03115_B08_status=complete_gb=BT107958 2398936
.53 GQ02901_M16.1_clone=GQ02901_M16_cluster=GQ02901_M16_status=complete_gb=BT106036 2296487
.34 GQ02901_M16.1_clone=GQ02901_M16_cluster=GQ02901_M16_status=complete_gb=BT106036 2315650
.18 GQ02901_M16.1_clone=GQ02901_M16_cluster=GQ02901_M16_status=complete_gb=BT106036 2315334
.24 GQ03213_K13.1_clone=GQ03213_K13_cluster=GQ03213_K13_status=complete_gb=BT109912 2345030
.14 GQ03213_K13.1_clone=GQ03213_K13_cluster=GQ03213_K13_status=complete_gb=BT109912 469108
.16 GQ03213_K13.1_clone=GQ03213_K13_cluster=GQ03213_K13_status=complete_gb=BT109912 157031
.16 GQ03213_K13.1_clone=GQ03213_K13_cluster=GQ03213_K13_status=complete_gb=BT109912 2323077
.02 GQ03213_K13.1_clone=GQ03213_K13_cluster=GQ03213_K13_status=complete_gb=BT109912 964570
.21 GQ02822_F21.1_clone=GQ02822_F21_cluster=GQ02822_F21_status=complete_gb=BT105431 849713
.20 GQ02822_F21.1_clone=GQ02822_F21_cluster=GQ02822_F21_status=complete_gb=BT105431 2310790
.35 GQ04005_K19.2_clone=GQ04005_K19_cluster=GQ04005_K19_status=5 363963
.27 GQ04005_K19.2_clone=GQ04005_K19_cluster=GQ04005_K19_status=5 41817
.16 GQ04005_K19.2_clone=GQ04005_K19_cluster=GQ04005_K19_status=5 271511
.15 GQ04005_K19.2_clone=GQ04005_K19_cluster=GQ04005_K19_status=5 2310431
.08 GQ04005_K19.2_clone=GQ04005_K19_cluster=GQ04005_K19_status=5 2351878
.66 GQ04002_J24.1_clone=GQ04002_J24_cluster=GQ04002_J24_status=complete_gb=BT118119 2410220
.12 GQ04002_J24.1_clone=GQ04002_J24_cluster=GQ04002_J24_status=complete_gb=BT118119 433647
.12 GQ04002_J24.1_clone=GQ04002_J24_cluster=GQ04002_J24_status=complete_gb=BT118119 555267
.23 GQ03312_M05.1_clone=GQ03312_M05_cluster=GQ03312_M05_status=complete_gb=BT112263 969728
.73 GQ03312_M05.1_clone=GQ03312_M05_cluster=GQ03312_M05_status=complete_gb=BT112263 2410488
.32 WS0335_I12.1_clone=WS0335_I12_cluster=WS0335_I12_status=3 2313808
.57 WS0335_I12.1_clone=WS0335_I12_cluster=WS0335_I12_status=3 2410529
.18 GQ03604_I16.1_clone=GQ03604_I16_cluster=GQ03604_I16_status=complete_gb=BT114889 525093
.13 GQ03604_I16.1_clone=GQ03604_I16_cluster=GQ03604_I16_status=complete_gb=BT114889 57223
.33 WS02623_M04.1_clone=WS02623_M04_cluster=WS02623_M04_status=complete 2319910
.48 WS02623_M04.1_clone=WS02623_M04_cluster=WS02623_M04_status=complete 2410593
.17 GQ03105_N12.1_clone=GQ03105_N12_cluster=GQ03105_N12_status=complete_gb=BT107330 67681
.52 GQ03105_N12.1_clone=GQ03105_N12_cluster=GQ03105_N12_status=complete_gb=BT107330 67686
.24 GQ03715_K10.1_clone=GQ03715_K10_cluster=GQ03715_K10_status=complete_gb=BT116301 2295077
.41 GQ03715_K10.1_clone=GQ03715_K10_cluster=GQ03715_K10_status=complete_gb=BT116301 2316020
.28 GQ02807_A06.1_clone=GQ02807_A06_cluster=GQ02807_A06_status=complete_gb=BT104156 2410415
.16 GQ02807_A06.1_clone=GQ02807_A06_cluster=GQ02807_A06_status=complete_gb=BT104156 1163149
.42 GQ04011_E14.1_clone=GQ04011_E14_cluster=GQ04011_E14_status=complete_gb=BT118870 2293041
.37 GQ04011_E14.1_clone=GQ04011_E14_cluster=GQ04011_E14_status=complete_gb=BT118870 2298212
.69 GQ03416_I08.1_clone=GQ03416_I08_cluster=GQ03416_I08_status=complete_gb=BT113661 2311303
.26 GQ03416_I08.1_clone=GQ03416_I08_cluster=GQ03416_I08_status=complete_gb=BT113661 2293777
.46 GQ03110_O18.1_clone=GQ03110_O18_cluster=GQ03110_O18_status=complete_gb=BT107645 2294693
.19 GQ03110_O18.1_clone=GQ03110_O18_cluster=GQ03110_O18_status=complete_gb=BT107645 1142698
.03 GQ03110_O18.1_clone=GQ03110_O18_cluster=GQ03110_O18_status=complete_gb=BT107645 2294693
.24 GQ0134_M06.1_clone=GQ0134_M06_cluster=GQ0134_M06_status=complete_gb=BT101966 446930
.26 GQ0134_M06.1_clone=GQ0134_M06_cluster=GQ0134_M06_status=complete_gb=BT101966 2326889
.26 GQ03114_A17.2_clone=GQ03114_A17_cluster=GQ03114_A17_status=complete_gb=BT107894 2360419
.28 GQ03114_A17.2_clone=GQ03114_A17_cluster=GQ03114_A17_status=complete_gb=BT107894 2331782
.24 GQ03114_A17.2_clone=GQ03114_A17_cluster=GQ03114_A17_status=complete_gb=BT107894 693137
.24 GQ03114_A17.2_clone=GQ03114_A17_cluster=GQ03114_A17_status=complete_gb=BT107894 192496
.21 GQ03114_A17.2_clone=GQ03114_A17_cluster=GQ03114_A17_status=complete_gb=BT107894 1396966
.41 GQ03816_H05.1_clone=GQ03816_H05_cluster=GQ03816_H05_status=complete_gb=BT117283 2410479
.16 GQ03816_H05.1_clone=GQ03816_H05_cluster=GQ03816_H05_status=complete_gb=BT117283 2297248
.15 GQ03816_H05.1_clone=GQ03816_H05_cluster=GQ03816_H05_status=complete_gb=BT117283 1338711
.56 GQ03234_J18.1_clone=GQ03234_J18_cluster=GQ03234_J18_status=complete_gb=BT111229 2410489
.18 GQ03001_B18.1_clone=GQ03001_B18_cluster=GQ03001_B18_status=complete_gb=BT106411 641703
.56 GQ03001_B18.1_clone=GQ03001_B18_cluster=GQ03001_B18_status=complete_gb=BT106411 2410428
.22 GQ03217_O17.1_clone=GQ03217_O17_cluster=GQ03217_O17_status=complete_gb=BT110196 2299458
.73 GQ03217_O17.1_clone=GQ03217_O17_cluster=GQ03217_O17_status=complete_gb=BT110196 2330084
.28 GQ02809_P14.1_clone=GQ02809_P14_cluster=GQ02809_P14_status=complete_gb=BT104396 2296623
.27 GQ02809_P14.1_clone=GQ02809_P14_cluster=GQ02809_P14_status=complete_gb=BT104396 2296624
.07 GQ02809_P14.1_clone=GQ02809_P14_cluster=GQ02809_P14_status=complete_gb=BT104396 2342547
.45 GQ0204_J11.1_clone=GQ0204_J11_cluster=GQ0204_J11_status=complete_gb=BT102995 2337539
.26 GQ0204_J11.1_clone=GQ0204_J11_cluster=GQ0204_J11_status=complete_gb=BT102995 2316820
.21 GQ0204_J11.1_clone=GQ0204_J11_cluster=GQ0204_J11_status=complete_gb=BT102995 2292713
.36 GQ03213_B01.1_clone=GQ03213_B01_cluster=GQ03213_B01_status=complete_gb=BT109856 352391
.28 GQ03213_B01.1_clone=GQ03213_B01_cluster=GQ03213_B01_status=complete_gb=BT109856 2321517
.23 GQ03213_B01.1_clone=GQ03213_B01_cluster=GQ03213_B01_status=complete_gb=BT109856 184962
.22 GQ03213_B01.1_clone=GQ03213_B01_cluster=GQ03213_B01_status=complete_gb=BT109856 2298535
.23 GQ03213_B01.1_clone=GQ03213_B01_cluster=GQ03213_B01_status=complete_gb=BT109856 861094
.68 GQ03802_A05.1_clone=GQ03802_A05_cluster=GQ03802_A05_status=complete_gb=BT116558 2292438
.30 GQ03802_A05.1_clone=GQ03802_A05_cluster=GQ03802_A05_status=complete_gb=BT116558 2351343
.50 GQ03602_G04.1_clone=GQ03602_G04_cluster=GQ03602_G04_status=complete_gb=BT114797 2331496
.30 GQ03602_G04.1_clone=GQ03602_G04_cluster=GQ03602_G04_status=complete_gb=BT114797 2352192
.18 GQ03602_G04.1_clone=GQ03602_G04_cluster=GQ03602_G04_status=complete_gb=BT114797 1638506
.43 GQ03005_E05.1_clone=GQ03005_E05_cluster=GQ03005_E05_status=complete_gb=BT106573 2305089
.07 GQ03005_E05.1_clone=GQ03005_E05_cluster=GQ03005_E05_status=complete_gb=BT106573 2326654
.24 GQ0165_D12.1_clone=GQ0165_D12_cluster=GQ0165_D12_status=complete_gb=BT102053 2363562
.22 GQ0165_D12.1_clone=GQ0165_D12_cluster=GQ0165_D12_status=complete_gb=BT102053 2299767
.56 GQ03908_E19.3_clone=GQ03908_E19_cluster=GQ03908_E19_status=53 2410586
.19 GQ03908_E19.3_clone=GQ03908_E19_cluster=GQ03908_E19_status=53 2318106
.11 GQ03908_E19.3_clone=GQ03908_E19_cluster=GQ03908_E19_status=53 2298111
.27 WS00836_F22.1_clone=WS00836_F22_cluster=WS00836_F22_status=complete 2297039
.71 WS00836_F22.1_clone=WS00836_F22_cluster=WS00836_F22_status=complete 513696
.47 GQ03813_G15.1_clone=GQ03813_G15_cluster=GQ03813_G15_status=complete_gb=BT117133 2296913
.15 GQ03813_G15.1_clone=GQ03813_G15_cluster=GQ03813_G15_status=complete_gb=BT117133 2310997
.26 GQ03402_C18.1_clone=GQ03402_C18_cluster=GQ03402_C18_status=complete_gb=BT113236 2292538
.39 GQ03402_C18.1_clone=GQ03402_C18_cluster=GQ03402_C18_status=complete_gb=BT113236 2326010
.27 GQ04007_J11.2_clone=GQ04007_J11_cluster=GQ04007_J11_status=complete_gb=BT118550 2370561
.48 GQ04007_J11.2_clone=GQ04007_J11_cluster=GQ04007_J11_status=complete_gb=BT118550 2303061
.17 GQ03230_A04.1_clone=GQ03230_A04_cluster=GQ03230_A04_status=complete_gb=BT110936 1411799
.11 GQ0206_H07.1_clone=GQ0206_H07_cluster=GQ0206_H07_status=complete_gb=BT103091 2365451
.60 GQ0206_H07.1_clone=GQ0206_H07_cluster=GQ0206_H07_status=complete_gb=BT103091 2410377
.22 GQ01301_C19.1_clone=GQ01301_C19_cluster=GQ01301_C19_status=complete_gb=BT101278 2317132
.34 GQ01301_C19.1_clone=GQ01301_C19_cluster=GQ01301_C19_status=complete_gb=BT101278 2304175
.38 GQ03303_L05.2_clone=GQ03303_L05_cluster=GQ03303_L05_status=complete_gb=BT111788 2410298
.21 GQ03303_L05.2_clone=GQ03303_L05_cluster=GQ03303_L05_status=complete_gb=BT111788 2311903
.53 GQ03902_E15.1_clone=GQ03902_E15_cluster=GQ03902_E15_status=complete_gb=BT117523 2296669
.17 GQ03902_E15.1_clone=GQ03902_E15_cluster=GQ03902_E15_status=complete_gb=BT117523 2356491
.14 GQ03902_E15.1_clone=GQ03902_E15_cluster=GQ03902_E15_status=complete_gb=BT117523 2312739
.19 GQ03204_D11.1_clone=GQ03204_D11_cluster=GQ03204_D11_status=complete_gb=BT109062 1034995
.79 GQ03204_D11.1_clone=GQ03204_D11_cluster=GQ03204_D11_status=complete_gb=BT109062 2299923
.29 GQ02802_I14.1_clone=GQ02802_I14_cluster=GQ02802_I14_status=complete_gb=BT103810 371109
.38 GQ03604_O12.1_clone=GQ03604_O12_cluster=GQ03604_O12_status=complete_gb=BT114905 2329433
.33 GQ03222_I01.1_clone=GQ03222_I01_cluster=GQ03222_I01_status=complete_gb=BT110486 2319471
.32 GQ03816_N01.1_clone=GQ03816_N01_cluster=GQ03816_N01_status=complete_gb=BT117303 2309425
.77 GQ03012_K10.1_clone=GQ03012_K10_cluster=GQ03012_K10_status=complete_gb=BT106875 2297636
.09 GQ03012_K10.1_clone=GQ03012_K10_cluster=GQ03012_K10_status=complete_gb=BT106875 1253797
.18 GQ03211_C07.1_clone=GQ03211_C07_cluster=GQ03211_C07_status=complete_gb=BT109656 2314159
.19 GQ03211_C07.1_clone=GQ03211_C07_cluster=GQ03211_C07_status=complete_gb=BT109656 2344744
.37 GQ03230_C23.1_clone=GQ03230_C23_cluster=GQ03230_C23_status=complete_gb=BT110948 2410546
.16 GQ03230_C23.1_clone=GQ03230_C23_cluster=GQ03230_C23_status=complete_gb=BT110948 2410546
.55 GQ0167_A03.1_clone=GQ0167_A03_cluster=GQ0167_A03_status=complete_gb=BT102133 2410364
.16 GQ0167_A03.1_clone=GQ0167_A03_cluster=GQ0167_A03_status=complete_gb=BT102133 2314660
.26 GQ04106_E03.1_clone=GQ04106_E03_cluster=GQ04106_E03_status=complete_gb=BT119479 2295634
.24 GQ04106_E03.1_clone=GQ04106_E03_cluster=GQ04106_E03_status=complete_gb=BT119479 254544
.26 GQ04106_E03.1_clone=GQ04106_E03_cluster=GQ04106_E03_status=complete_gb=BT119479 47940
.53 GQ0166_H10.2_clone=GQ0166_H10_cluster=GQ0166_H10_status=53 2410287
.20 GQ0166_H10.2_clone=GQ0166_H10_cluster=GQ0166_H10_status=53 2293974
.21 GQ03712_B13.1_clone=GQ03712_B13_cluster=GQ03712_B13_status=complete_gb=BT116117 2306846
.19 GQ03712_B13.1_clone=GQ03712_B13_cluster=GQ03712_B13_status=complete_gb=BT116117 44890
.11 GQ03712_B13.1_clone=GQ03712_B13_cluster=GQ03712_B13_status=complete_gb=BT116117 481323
.02 GQ03712_B13.1_clone=GQ03712_B13_cluster=GQ03712_B13_status=complete_gb=BT116117 2295599
.51 GQ0197_H14.2_clone=GQ0197_H14_cluster=GQ0197_H14_status=complete_gb=BT102598 2302285
.32 GQ0197_H14.2_clone=GQ0197_H14_cluster=GQ0197_H14_status=complete_gb=BT102598 2337812
.38 GQ03102_B19.2_clone=GQ03102_B19_cluster=GQ03102_B19_status=53 2410359
.15 GQ03102_B19.2_clone=GQ03102_B19_cluster=GQ03102_B19_status=53 2302041
.38 GQ03717_J05.1_clone=GQ03717_J05_cluster=GQ03717_J05_status=complete_gb=BT116375 2313115
.23 GQ03717_J05.1_clone=GQ03717_J05_cluster=GQ03717_J05_status=complete_gb=BT116375 2410297
.23 GQ03717_J05.1_clone=GQ03717_J05_cluster=GQ03717_J05_status=complete_gb=BT116375 2330241
.66 GQ04007_M16.1_clone=GQ04007_M16_cluster=GQ04007_M16_status=complete_gb=BT118570 2410456
.02 GQ04007_M16.1_clone=GQ04007_M16_cluster=GQ04007_M16_status=complete_gb=BT118570 1154720
.21 GQ03919_P19.1_clone=GQ03919_P19_cluster=GQ03919_P19_status=complete_gb=BT117996 2408757
.54 GQ03919_P19.1_clone=GQ03919_P19_cluster=GQ03919_P19_status=complete_gb=BT117996 2340823
.78 WS03223_K23.1_clone=WS03223_K23_cluster=WS03223_K23_status=complete 2318907
.20 WS03223_K23.1_clone=WS03223_K23_cluster=WS03223_K23_status=complete 2318906
.16 GQ04010_I15.1_clone=GQ04010_I15_cluster=GQ04010_I15_status=complete_gb=BT118812 653743
.82 GQ04010_I15.1_clone=GQ04010_I15_cluster=GQ04010_I15_status=complete_gb=BT118812 2410143
.41 GQ02902_K11.2_clone=GQ02902_K11_cluster=GQ02902_K11_status=complete_gb=BT106082 2331512
.36 GQ02902_K11.2_clone=GQ02902_K11_cluster=GQ02902_K11_status=complete_gb=BT106082 2410373
.35 GQ02902_K11.2_clone=GQ02902_K11_cluster=GQ02902_K11_status=complete_gb=BT106082 2292072
.25 WS0268_D13.1_clone=WS0268_D13_cluster=WS0268_D13_status=complete 1481635
.49 WS0268_D13.1_clone=WS0268_D13_cluster=WS0268_D13_status=complete 2296251
.32 GQ03705_P04.1_clone=GQ03705_P04_cluster=GQ03705_P04_status=complete_gb=BT115772 2332704
.26 GQ03705_P04.1_clone=GQ03705_P04_cluster=GQ03705_P04_status=complete_gb=BT115772 2310702
.18 GQ03705_P04.1_clone=GQ03705_P04_cluster=GQ03705_P04_status=complete_gb=BT115772 2298267
.59 GQ02815_N08.1_clone=GQ02815_N08_cluster=GQ02815_N08_status=complete_gb=BT104849 2345375
.22 GQ02815_N08.1_clone=GQ02815_N08_cluster=GQ02815_N08_status=complete_gb=BT104849 1348058
.29 GQ03812_F05.1_clone=GQ03812_F05_cluster=GQ03812_F05_status=complete_gb=BT117075 933136
.39 GQ03812_F05.1_clone=GQ03812_F05_cluster=GQ03812_F05_status=complete_gb=BT117075 2354267
.20 GQ04105_N24.2_clone=GQ04105_N24_cluster=GQ04105_N24_status=complete_gb=BT119449 2410564
.50 WS0344_E08.1_clone=WS0344_E08_cluster=WS0344_E08_status=3 2365382
.33 WS0344_E08.1_clone=WS0344_E08_cluster=WS0344_E08_status=3 954001
.38 GQ02908_P20.1_clone=GQ02908_P20_cluster=GQ02908_P20_status=complete_gb=BT106405 572717
.25 GQ02908_P20.1_clone=GQ02908_P20_cluster=GQ02908_P20_status=complete_gb=BT106405 658404
.21 GQ02908_P20.1_clone=GQ02908_P20_cluster=GQ02908_P20_status=complete_gb=BT106405 2328084
.29 GQ04102_F14.1_clone=GQ04102_F14_cluster=GQ04102_F14_status=complete_gb=BT119176 2309712
.29 GQ04102_F14.1_clone=GQ04102_F14_cluster=GQ04102_F14_status=complete_gb=BT119176 2296338
.30 GQ03409_L11.2_clone=GQ03409_L11_cluster=GQ03409_L11_status=complete_gb=BT113468 2406014
.63 GQ03409_L11.2_clone=GQ03409_L11_cluster=GQ03409_L11_status=complete_gb=BT113468 2302383
.20 GQ02818_E06.1_clone=GQ02818_E06_cluster=GQ02818_E06_status=complete_gb=BT105071 2295721
.14 GQ02818_E06.1_clone=GQ02818_E06_cluster=GQ02818_E06_status=complete_gb=BT105071 947132
.03 GQ02818_E06.1_clone=GQ02818_E06_cluster=GQ02818_E06_status=complete_gb=BT105071 317600
.03 GQ02818_E06.1_clone=GQ02818_E06_cluster=GQ02818_E06_status=complete_gb=BT105071 2318150
.53 GQ03517_L19.1_clone=GQ03517_L19_cluster=GQ03517_L19_status=complete_gb=BT114601 2410368
.23 GQ03517_L19.1_clone=GQ03517_L19_cluster=GQ03517_L19_status=complete_gb=BT114601 2309486
.20 GQ03517_L19.1_clone=GQ03517_L19_cluster=GQ03517_L19_status=complete_gb=BT114601 2318732
.39 GQ0164_P01.1_clone=GQ0164_P01_cluster=GQ0164_P01_status=complete_gb=BT102045 2410391
.64 GQ01306_E04.1_clone=GQ01306_E04_cluster=GQ01306_E04_status=complete_gb=BT101515 2312750
.12 GQ01306_E04.1_clone=GQ01306_E04_cluster=GQ01306_E04_status=complete_gb=BT101515 2081858
.40 GQ0162_I16.1_clone=GQ0162_I16_cluster=GQ0162_I16_status=complete_gb=BT102007 2294299
.27 GQ0162_I16.1_clone=GQ0162_I16_cluster=GQ0162_I16_status=complete_gb=BT102007 2295490
.94 GQ03612_N16.1_clone=GQ03612_N16_cluster=GQ03612_N16_status=complete_gb=BT115264 2410567
.05 GQ03612_N16.1_clone=GQ03612_N16_cluster=GQ03612_N16_status=complete_gb=BT115264 2294781
.87 GQ03616_A02.1_clone=GQ03616_A02_cluster=GQ03616_A02_status=complete_gb=BT115412 2410594
.05 GQ03616_A02.1_clone=GQ03616_A02_cluster=GQ03616_A02_status=complete_gb=BT115412 2305446
.05 GQ03616_A02.1_clone=GQ03616_A02_cluster=GQ03616_A02_status=complete_gb=BT115412 1177012
.05 GQ03616_A02.1_clone=GQ03616_A02_cluster=GQ03616_A02_status=complete_gb=BT115412 1560206
.05 GQ03616_A02.1_clone=GQ03616_A02_cluster=GQ03616_A02_status=complete_gb=BT115412 546557
.36 GQ03406_O15.1_clone=GQ03406_O15_cluster=GQ03406_O15_status=complete_gb=BT113393 2292597
.47 GQ03406_O15.1_clone=GQ03406_O15_cluster=GQ03406_O15_status=complete_gb=BT113393 343398
.87 GQ04105_P06.3_clone=GQ04105_P06_cluster=GQ04105_P06_status=complete_gb=BT119456 2410534
.07 GQ04105_P06.3_clone=GQ04105_P06_cluster=GQ04105_P06_status=complete_gb=BT119456 2347597
.18 GQ04101_E02.1_clone=GQ04101_E02_cluster=GQ04101_E02_status=complete_gb=BT119082 2385485
.70 GQ04101_E02.1_clone=GQ04101_E02_cluster=GQ04101_E02_status=complete_gb=BT119082 2410530
.60 GQ03815_C12.2_clone=GQ03815_C12_cluster=GQ03815_C12_status=complete_gb=BT117216 2410260
.26 GQ03815_C12.2_clone=GQ03815_C12_cluster=GQ03815_C12_status=complete_gb=BT117216 835592
.21 GQ02906_P08.1_clone=GQ02906_P08_cluster=GQ02906_P08_status=complete_gb=BT106306 2304259
.20 GQ02906_P08.1_clone=GQ02906_P08_cluster=GQ02906_P08_status=complete_gb=BT106306 293064
.42 GQ0201_J20.1_clone=GQ0201_J20_cluster=GQ0201_J20_status=complete_gb=BT102848 259568
.43 GQ0201_J20.1_clone=GQ0201_J20_cluster=GQ0201_J20_status=complete_gb=BT102848 987637
.38 GQ0201_J20.1_clone=GQ0201_J20_cluster=GQ0201_J20_status=complete_gb=BT102848 2340166
.25 GQ0201_J20.1_clone=GQ0201_J20_cluster=GQ0201_J20_status=complete_gb=BT102848 376597
.19 GQ0201_J20.1_clone=GQ0201_J20_cluster=GQ0201_J20_status=complete_gb=BT102848 2324780
.82 GQ04005_B22.1_clone=GQ04005_B22_cluster=GQ04005_B22_status=complete_gb=BT118325 2410147
.17 GQ04005_B22.1_clone=GQ04005_B22_cluster=GQ04005_B22_status=complete_gb=BT118325 952090
.40 GQ04108_C17.1_clone=GQ04108_C17_cluster=GQ04108_C17_status=complete_gb=BT119641 2410595
.18 GQ04108_C17.1_clone=GQ04108_C17_cluster=GQ04108_C17_status=complete_gb=BT119641 2410595
.34 GQ02906_H02.1_clone=GQ02906_H02_cluster=GQ02906_H02_status=complete_gb=BT106279 579247
.64 GQ02906_H02.1_clone=GQ02906_H02_cluster=GQ02906_H02_status=complete_gb=BT106279 2297042
.63 GQ04106_N04.1_clone=GQ04106_N04_cluster=GQ04106_N04_status=complete_gb=BT119534 2410575
.19 GQ04106_N04.1_clone=GQ04106_N04_cluster=GQ04106_N04_status=complete_gb=BT119534 2311508
.16 GQ04106_N04.1_clone=GQ04106_N04_cluster=GQ04106_N04_status=complete_gb=BT119534 2347788
.13 GQ04106_N04.1_clone=GQ04106_N04_cluster=GQ04106_N04_status=complete_gb=BT119534 2293026
.89 GQ0209_E13.1_clone=GQ0209_E13_cluster=GQ0209_E13_status=complete_gb=BT103235 2410434
.78 GQ03112_L05.1_clone=GQ03112_L05_cluster=GQ03112_L05_status=complete_gb=BT107781 2410206
.20 GQ03104_N02.1_clone=GQ03104_N02_cluster=GQ03104_N02_status=complete_gb=BT107234 2324848
.46 GQ03104_N02.1_clone=GQ03104_N02_cluster=GQ03104_N02_status=complete_gb=BT107234 2292317
.34 GQ0168_L19.1_clone=GQ0168_L19_cluster=GQ0168_L19_status=complete_gb=BT102213 2410371
.62 GQ0168_L19.1_clone=GQ0168_L19_cluster=GQ0168_L19_status=complete_gb=BT102213 2323523
.37 GQ04102_E10.2_clone=GQ04102_E10_cluster=GQ04102_E10_status=complete_gb=BT119172 2410491
.30 GQ03232_G01.1_clone=GQ03232_G01_cluster=GQ03232_G01_status=complete_gb=BT111077 2410551
.42 GQ03232_G01.1_clone=GQ03232_G01_cluster=GQ03232_G01_status=complete_gb=BT111077 2410551
.33 GQ03916_E09.1_clone=GQ03916_E09_cluster=GQ03916_E09_status=complete_gb=BT117903 2410426
.21 GQ03232_O19.1_clone=GQ03232_O19_cluster=GQ03232_O19_status=complete_gb=BT111121 2295330
.69 GQ03232_O19.1_clone=GQ03232_O19_cluster=GQ03232_O19_status=complete_gb=BT111121 2410288
.80 GQ0197_A18.1_clone=GQ0197_A18_cluster=GQ0197_A18_status=complete_gb=BT102577 2410164
.19 GQ0197_A18.1_clone=GQ0197_A18_cluster=GQ0197_A18_status=complete_gb=BT102577 2292965
.49 GQ02809_M24.1_clone=GQ02809_M24_cluster=GQ02809_M24_status=complete_gb=BT104385 2410291
.35 GQ03103_P18.1_clone=GQ03103_P18_cluster=GQ03103_P18_status=complete_gb=BT107187 2400601
.24 GQ03103_P18.1_clone=GQ03103_P18_cluster=GQ03103_P18_status=complete_gb=BT107187 822323
.35 GQ04006_C07.1_clone=GQ04006_C07_cluster=GQ04006_C07_status=complete_gb=BT118415 2410566
.30 GQ04006_C07.1_clone=GQ04006_C07_cluster=GQ04006_C07_status=complete_gb=BT118415 2410566
.81 GQ03708_B13.1_clone=GQ03708_B13_cluster=GQ03708_B13_status=complete_gb=BT115888 2410385
.59 GQ03323_L15.1_clone=GQ03323_L15_cluster=GQ03323_L15_status=complete_gb=BT112981 840578
.15 GQ03323_L15.1_clone=GQ03323_L15_cluster=GQ03323_L15_status=complete_gb=BT112981 732736
.13 GQ03323_L15.1_clone=GQ03323_L15_cluster=GQ03323_L15_status=complete_gb=BT112981 963137
.77 GQ02809_A06.1_clone=GQ02809_A06_cluster=GQ02809_A06_status=complete_gb=BT104329 2292629
.21 GQ02809_A06.1_clone=GQ02809_A06_cluster=GQ02809_A06_status=complete_gb=BT104329 2297343
.04 GQ03210_F07.1_clone=GQ03210_F07_cluster=GQ03210_F07_status=complete_gb=BT109591 2410471
.92 GQ03210_F07.1_clone=GQ03210_F07_cluster=GQ03210_F07_status=complete_gb=BT109591 2410589
.99 GQ03614_P19.1_clone=GQ03614_P19_cluster=GQ03614_P19_status=complete_gb=BT115363 2410589
.22 GQ0204_G10.1_clone=GQ0204_G10_cluster=GQ0204_G10_status=complete_gb=BT102984 2301481
.60 GQ0204_G10.1_clone=GQ0204_G10_cluster=GQ0204_G10_status=complete_gb=BT102984 2291932
.43 GQ0203_M23.1_clone=GQ0203_M23_cluster=GQ0203_M23_status=complete_gb=BT102947 2292105
.03 GQ0203_M23.1_clone=GQ0203_M23_cluster=GQ0203_M23_status=complete_gb=BT102947 2342249
.34 GQ03905_H10.1_clone=GQ03905_H10_cluster=GQ03905_H10_status=complete_gb=BT117627 835213
.23 GQ03905_H10.1_clone=GQ03905_H10_cluster=GQ03905_H10_status=complete_gb=BT117627 219872
.40 GQ03405_N17.1_clone=GQ03405_N17_cluster=GQ03405_N17_status=complete_gb=BT113359 2306059
.47 GQ03405_N17.1_clone=GQ03405_N17_cluster=GQ03405_N17_status=complete_gb=BT113359 2307485
.41 GQ03918_M10.2_clone=GQ03918_M10_cluster=GQ03918_M10_status=complete_gb=BT117964 2294517
.36 GQ03218_I14.1_clone=GQ03218_I14_cluster=GQ03218_I14_status=complete_gb=BT110236 815772
.31 GQ03218_I14.1_clone=GQ03218_I14_cluster=GQ03218_I14_status=complete_gb=BT110236 563559
.23 GQ03218_I14.1_clone=GQ03218_I14_cluster=GQ03218_I14_status=complete_gb=BT110236 418153
.23 GQ03218_I14.1_clone=GQ03218_I14_cluster=GQ03218_I14_status=complete_gb=BT110236 2331242
.82 GQ03221_I23.1_clone=GQ03221_I23_cluster=GQ03221_I23_status=complete_gb=BT110425 2310410
.62 GQ02821_J11.1_clone=GQ02821_J11_cluster=GQ02821_J11_status=complete_gb=BT105370 2410438
.30 GQ02821_J11.1_clone=GQ02821_J11_cluster=GQ02821_J11_status=complete_gb=BT105370 771277
.89 GQ03102_N01.1_clone=GQ03102_N01_cluster=GQ03102_N01_status=complete_gb=BT107107 2410282
.30 GQ02805_F07.1_clone=GQ02805_F07_cluster=GQ02805_F07_status=complete_gb=BT104009 2332849
.19 GQ02805_F07.1_clone=GQ02805_F07_cluster=GQ02805_F07_status=complete_gb=BT104009 2298406
.17 GQ02805_F07.1_clone=GQ02805_F07_cluster=GQ02805_F07_status=complete_gb=BT104009 2410296
.11 GQ03218_M22.1_clone=GQ03218_M22_cluster=GQ03218_M22_status=complete_gb=BT110258 2332846
.61 GQ03218_M22.1_clone=GQ03218_M22_cluster=GQ03218_M22_status=complete_gb=BT110258 2410596
.34 GQ03207_H17.2_clone=GQ03207_H17_cluster=GQ03207_H17_status=complete_gb=BT109349 2293108
.02 GQ03207_H17.2_clone=GQ03207_H17_cluster=GQ03207_H17_status=complete_gb=BT109349 658938
.31 GQ03304_M20.1_clone=GQ03304_M20_cluster=GQ03304_M20_status=complete_gb=BT111878 2295959
.20 GQ03304_M20.1_clone=GQ03304_M20_cluster=GQ03304_M20_status=complete_gb=BT111878 382182
.20 GQ03304_M20.1_clone=GQ03304_M20_cluster=GQ03304_M20_status=complete_gb=BT111878 2327909
.15 GQ03304_M20.1_clone=GQ03304_M20_cluster=GQ03304_M20_status=complete_gb=BT111878 281344
.32 GQ0132_C03.1_clone=GQ0132_C03_cluster=GQ0132_C03_status=complete_gb=BT101869 2295285
.31 GQ0132_C03.1_clone=GQ0132_C03_cluster=GQ0132_C03_status=complete_gb=BT101869 2297960
.26 GQ0132_C03.1_clone=GQ0132_C03_cluster=GQ0132_C03_status=complete_gb=BT101869 2329435
.26 GQ03516_N18.1_clone=GQ03516_N18_cluster=GQ03516_N18_status=complete_gb=BT114553 2296519
.99 GQ0206_L04.1_clone=GQ0206_L04_cluster=GQ0206_L04_status=5 2410336
.37 GQ03517_C17.1_clone=GQ03517_C17_cluster=GQ03517_C17_status=5 2298986
.34 GQ03517_C17.1_clone=GQ03517_C17_cluster=GQ03517_C17_status=5 2298985
.63 GQ03713_P23.1_clone=GQ03713_P23_cluster=GQ03713_P23_status=complete_gb=BT116223 2410331
.35 GQ0044_P08.1_clone=GQ0044_P08_cluster=GQ0044_P08_status=complete_gb=BT100800 2341310
.40 GQ0044_P08.1_clone=GQ0044_P08_cluster=GQ0044_P08_status=complete_gb=BT100800 2311563
.72 GQ03409_M01.1_clone=GQ03409_M01_cluster=GQ03409_M01_status=complete_gb=BT113470 2304431
.21 GQ03409_M01.1_clone=GQ03409_M01_cluster=GQ03409_M01_status=complete_gb=BT113470 1424005
.54 GQ0033_J13.1_clone=GQ0033_J13_cluster=GQ0033_J13_status=complete_gb=BT100636 2410233
.43 GQ04010_A23.1_clone=GQ04010_A23_cluster=GQ04010_A23_status=complete_gb=BT118772 2329038
.43 GQ04010_A23.1_clone=GQ04010_A23_cluster=GQ04010_A23_status=complete_gb=BT118772 131001
.78 GQ03116_F08.1_clone=GQ03116_F08_cluster=GQ03116_F08_status=complete_gb=BT108056 2410381
.50 GQ02808_N07.1_clone=GQ02808_N07_cluster=GQ02808_N07_status=complete_gb=BT104311 2292152
.25 GQ02808_N07.1_clone=GQ02808_N07_cluster=GQ02808_N07_status=complete_gb=BT104311 2324313
.39 GQ03912_D04.3_clone=GQ03912_D04_cluster=GQ03912_D04_status=53 2410547
.20 GQ03912_D04.3_clone=GQ03912_D04_cluster=GQ03912_D04_status=53 2410547
.45 GQ04004_E15.2_clone=GQ04004_E15_cluster=GQ04004_E15_status=complete_gb=BT118258 2410255
.41 GQ04004_E15.2_clone=GQ04004_E15_cluster=GQ04004_E15_status=complete_gb=BT118258 735768
.20 GQ04004_E15.2_clone=GQ04004_E15_cluster=GQ04004_E15_status=complete_gb=BT118258 818208
.20 GQ04004_E15.2_clone=GQ04004_E15_cluster=GQ04004_E15_status=complete_gb=BT118258 735769
.30 GQ03402_L02.1_clone=GQ03402_L02_cluster=GQ03402_L02_status=complete_gb=BT113248 2333269
.54 GQ03110_J12.1_clone=GQ03110_J12_cluster=GQ03110_J12_status=complete_gb=BT107624 703930
.20 GQ03110_J12.1_clone=GQ03110_J12_cluster=GQ03110_J12_status=complete_gb=BT107624 1810894
.16 GQ03110_J12.1_clone=GQ03110_J12_cluster=GQ03110_J12_status=complete_gb=BT107624 2141921
.37 GQ0193_O20.1_clone=GQ0193_O20_cluster=GQ0193_O20_status=complete_gb=BT102460 2357848
.25 GQ0193_O20.1_clone=GQ0193_O20_cluster=GQ0193_O20_status=complete_gb=BT102460 2296598
.24 GQ0193_O20.1_clone=GQ0193_O20_cluster=GQ0193_O20_status=complete_gb=BT102460 2337015
.06 GQ0193_O20.1_clone=GQ0193_O20_cluster=GQ0193_O20_status=complete_gb=BT102460 26127
.50 GQ03703_K05.1_clone=GQ03703_K05_cluster=GQ03703_K05_status=complete_gb=BT115643 2410535
.03 GQ03703_K05.1_clone=GQ03703_K05_cluster=GQ03703_K05_status=complete_gb=BT115643 2299213
.45 GQ04005_J04.1_clone=GQ04005_J04_cluster=GQ04005_J04_status=complete_gb=BT118362 2410588
.18 GQ04005_J04.1_clone=GQ04005_J04_cluster=GQ04005_J04_status=complete_gb=BT118362 2410588
.13 GQ04005_J04.1_clone=GQ04005_J04_cluster=GQ04005_J04_status=complete_gb=BT118362 2297369
.34 GQ03008_C07.1_clone=GQ03008_C07_cluster=GQ03008_C07_status=complete_gb=BT106690 1133635
.62 GQ03008_C07.1_clone=GQ03008_C07_cluster=GQ03008_C07_status=complete_gb=BT106690 2339273
.22 GQ02806_P21.1_clone=GQ02806_P21_cluster=GQ02806_P21_status=complete_gb=BT104153 643988
.51 GQ02806_P21.1_clone=GQ02806_P21_cluster=GQ02806_P21_status=complete_gb=BT104153 742566
.44 GQ03115_E16.1_clone=GQ03115_E16_cluster=GQ03115_E16_status=complete_gb=BT107979 2410476
.61 GQ04011_G16.1_clone=GQ04011_G16_cluster=GQ04011_G16_status=complete_gb=BT118879 2410557
.16 GQ04011_G16.1_clone=GQ04011_G16_cluster=GQ04011_G16_status=complete_gb=BT118879 2302020
.62 GQ03112_E08.1_clone=GQ03112_E08_cluster=GQ03112_E08_status=complete_gb=BT107751 2410266
.34 GQ02806_L23.1_clone=GQ02806_L23_cluster=GQ02806_L23_status=5 2296645
.64 GQ02806_L23.1_clone=GQ02806_L23_cluster=GQ02806_L23_status=5 360618
.59 GQ03204_H03.1_clone=GQ03204_H03_cluster=GQ03204_H03_status=complete_gb=BT109085 2410418
.23 GQ03204_H03.1_clone=GQ03204_H03_cluster=GQ03204_H03_status=complete_gb=BT109085 342513
.72 GQ04004_D16.1_clone=GQ04004_D16_cluster=GQ04004_D16_status=complete_gb=BT118255 2410548
.10 GQ04004_D16.1_clone=GQ04004_D16_cluster=GQ04004_D16_status=complete_gb=BT118255 1200949
.19 GQ0208_L14.1_clone=GQ0208_L14_cluster=GQ0208_L14_status=complete_gb=BT103213 2301055
.45 GQ0208_L14.1_clone=GQ0208_L14_cluster=GQ0208_L14_status=complete_gb=BT103213 2383381
.26 GQ02809_D08.2_clone=GQ02809_D08_cluster=GQ02809_D08_status=complete_gb=BT104341 2338502
.16 GQ02809_D08.2_clone=GQ02809_D08_cluster=GQ02809_D08_status=complete_gb=BT104341 2298031
.61 WS00842_M09.1_clone=WS00842_M09_cluster=WS00842_M09_status=3 2292851
.37 WS00842_M09.1_clone=WS00842_M09_cluster=WS00842_M09_status=3 2292225
.16 GQ04005_G11.1_clone=GQ04005_G11_cluster=GQ04005_G11_status=complete_gb=BT118350 2296254
.25 GQ04005_G11.1_clone=GQ04005_G11_cluster=GQ04005_G11_status=complete_gb=BT118350 2305242
.58 GQ03310_J22.1_clone=GQ03310_J22_cluster=GQ03310_J22_status=complete_gb=BT112136 533290
.41 GQ03310_J22.1_clone=GQ03310_J22_cluster=GQ03310_J22_status=complete_gb=BT112136 2317685
.38 GQ03310_J22.1_clone=GQ03310_J22_cluster=GQ03310_J22_status=complete_gb=BT112136 103220
.19 GQ03310_J22.1_clone=GQ03310_J22_cluster=GQ03310_J22_status=complete_gb=BT112136 725089
.21 GQ03002_L07.1_clone=GQ03002_L07_cluster=GQ03002_L07_status=complete_gb=BT106483 2322337
.78 GQ03002_L07.1_clone=GQ03002_L07_cluster=GQ03002_L07_status=complete_gb=BT106483 2410579
.46 GQ02828_B07.1_clone=GQ02828_B07_cluster=GQ02828_B07_status=complete_gb=BT105761 2316699
.17 GQ02828_B07.1_clone=GQ02828_B07_cluster=GQ02828_B07_status=complete_gb=BT105761 928637
.17 GQ02828_B07.1_clone=GQ02828_B07_cluster=GQ02828_B07_status=complete_gb=BT105761 1014241
.18 GQ02828_B07.1_clone=GQ02828_B07_cluster=GQ02828_B07_status=complete_gb=BT105761 946280
.31 GQ03404_N13.1_clone=GQ03404_N13_cluster=GQ03404_N13_status=complete_gb=BT113320 2303024
.60 GQ03404_N13.1_clone=GQ03404_N13_cluster=GQ03404_N13_status=complete_gb=BT113320 2326094
.31 GQ03403_E01.1_clone=GQ03403_E01_cluster=GQ03403_E01_status=complete_gb=BT113270 2410463
.18 GQ03403_E01.1_clone=GQ03403_E01_cluster=GQ03403_E01_status=complete_gb=BT113270 954026
.18 GQ03403_E01.1_clone=GQ03403_E01_cluster=GQ03403_E01_status=complete_gb=BT113270 1108672
.43 GQ03202_O17.1_clone=GQ03202_O17_cluster=GQ03202_O17_status=complete_gb=BT108948 2315476
.38 GQ03202_O17.1_clone=GQ03202_O17_cluster=GQ03202_O17_status=complete_gb=BT108948 572814
.55 GQ03413_F16.3_clone=GQ03413_F16_cluster=GQ03413_F16_status=complete_gb=BT113563 2410384
.15 GQ03413_F16.3_clone=GQ03413_F16_cluster=GQ03413_F16_status=complete_gb=BT113563 1145736
.27 GQ02830_K01.1_clone=GQ02830_K01_cluster=GQ02830_K01_status=complete_gb=BT105969 2342774
.24 GQ02830_K01.1_clone=GQ02830_K01_cluster=GQ02830_K01_status=complete_gb=BT105969 2298950
.21 GQ03911_O13.1_clone=GQ03911_O13_cluster=GQ03911_O13_status=complete_gb=BT117776 2410398
.55 GQ03316_K24.1_clone=GQ03316_K24_cluster=GQ03316_K24_status=complete_gb=BT112518 2320891
.24 GQ03106_H18.1_clone=GQ03106_H18_cluster=GQ03106_H18_status=complete_gb=BT107365 2311478
.24 GQ03106_H18.1_clone=GQ03106_H18_cluster=GQ03106_H18_status=complete_gb=BT107365 899600
.19 GQ03106_H18.1_clone=GQ03106_H18_cluster=GQ03106_H18_status=complete_gb=BT107365 787435
.17 GQ03106_H18.1_clone=GQ03106_H18_cluster=GQ03106_H18_status=complete_gb=BT107365 2313969
.73 GQ03101_P11.1_clone=GQ03101_P11_cluster=GQ03101_P11_status=complete_gb=BT107030 2295653
.25 GQ03101_P11.1_clone=GQ03101_P11_cluster=GQ03101_P11_status=complete_gb=BT107030 2295652
.37 GQ03512_O20.1_clone=GQ03512_O20_cluster=GQ03512_O20_status=complete_gb=BT114346 382787
.61 GQ03512_O20.1_clone=GQ03512_O20_cluster=GQ03512_O20_status=complete_gb=BT114346 2410462
.22 GQ03412_E12.1_clone=GQ03412_E12_cluster=GQ03412_E12_status=complete_gb=BT113523 2326853
.20 GQ03412_E12.1_clone=GQ03412_E12_cluster=GQ03412_E12_status=complete_gb=BT113523 519128
.51 GQ02816_B01.1_clone=GQ02816_B01_cluster=GQ02816_B01_status=complete_gb=BT104870 2307978
.29 GQ02816_B01.1_clone=GQ02816_B01_cluster=GQ02816_B01_status=complete_gb=BT104870 2316856
.22 GQ02816_B01.1_clone=GQ02816_B01_cluster=GQ02816_B01_status=complete_gb=BT104870 754690
.19 GQ02816_B01.1_clone=GQ02816_B01_cluster=GQ02816_B01_status=complete_gb=BT104870 2386259
.36 GQ03713_H13.1_clone=GQ03713_H13_cluster=GQ03713_H13_status=complete_gb=BT116197 2297899
.41 GQ03713_H13.1_clone=GQ03713_H13_cluster=GQ03713_H13_status=complete_gb=BT116197 685627
.79 GQ0203_E18.1_clone=GQ0203_E18_cluster=GQ0203_E18_status=complete_gb=BT102922 2410459
.43 GQ03811_A18.1_clone=GQ03811_A18_cluster=GQ03811_A18_status=complete_gb=BT117009 2310493
.12 GQ03811_A18.1_clone=GQ03811_A18_cluster=GQ03811_A18_status=complete_gb=BT117009 2377130
.47 GQ02813_A11.1_clone=GQ02813_A11_cluster=GQ02813_A11_status=complete_gb=BT104646 2294053
.50 GQ02808_D01.1_clone=GQ02808_D01_cluster=GQ02808_D01_status=complete_gb=BT104243 2292097
.32 GQ03513_O11.1_clone=GQ03513_O11_cluster=GQ03513_O11_status=complete_gb=BT114397 71255
.18 GQ03513_O11.1_clone=GQ03513_O11_cluster=GQ03513_O11_status=complete_gb=BT114397 1209613
.11 GQ03513_O11.1_clone=GQ03513_O11_cluster=GQ03513_O11_status=complete_gb=BT114397 195694
.11 GQ03513_O11.1_clone=GQ03513_O11_cluster=GQ03513_O11_status=complete_gb=BT114397 520894
.20 GQ04003_D18.1_clone=GQ04003_D18_cluster=GQ04003_D18_status=complete_gb=BT118173 2410275
.12 GQ04003_D18.1_clone=GQ04003_D18_cluster=GQ04003_D18_status=complete_gb=BT118173 2305444
