.51 augustus_masked-168291646-processed-gene-0.0-mRNA-1 1144143
.30 augustus_masked-168291646-processed-gene-0.0-mRNA-1 1121501
.99 maker-168459523-augustus-gene-0.40-mRNA-1 1162808
.99 augustus_masked-168548721-processed-gene-0.11-mRNA-1 1162917
.46 maker-168191788-augustus-gene-0.45-mRNA-1 1163331
.21 maker-168191788-augustus-gene-0.45-mRNA-1 1162848
.19 maker-168191788-augustus-gene-0.45-mRNA-1 1163331
.92 maker-163844977-snap-gene-0.4-mRNA-1 1162615
.07 maker-163844977-snap-gene-0.4-mRNA-1 1137230
.89 maker-168183464-snap-gene-0.7-mRNA-1 1163265
.10 maker-168183464-snap-gene-0.7-mRNA-1 251350
.94 augustus_masked-168569442-processed-gene-0.11-mRNA-1 1103841
.05 augustus_masked-168569442-processed-gene-0.11-mRNA-1 149425
.13 augustus_masked-165164311-processed-gene-0.0-mRNA-1 1139458
.85 augustus_masked-165164311-processed-gene-0.0-mRNA-1 1109656
.99 augustus_masked-168191889-processed-gene-0.2-mRNA-1 1107372
.83 snap_masked-163129610-processed-gene-0.2-mRNA-1 1162882
.16 snap_masked-163129610-processed-gene-0.2-mRNA-1 1121700
.09 maker-168497257-snap-gene-0.53-mRNA-1 781495
.85 maker-168497257-snap-gene-0.53-mRNA-1 1163116
.99 maker-168528878-snap-gene-0.109-mRNA-1 1162965
.67 maker-166129744-snap-gene-0.4-mRNA-1 792671
.69 genemark-167937017-processed-gene-0.4-mRNA-1 1163315
.15 genemark-167937017-processed-gene-0.4-mRNA-1 1132608
.99 maker-168521262-augustus-gene-0.34-mRNA-1 1163321
.99 maker-168393713-snap-gene-0.32-mRNA-1 1162249
.47 maker-168559247-augustus-gene-0.70-mRNA-1 1105742
.42 maker-168559247-augustus-gene-0.70-mRNA-1 1126317
.92 maker-164768659-augustus-gene-0.3-mRNA-1 1163173
.02 maker-164768659-augustus-gene-0.3-mRNA-1 1143886
.90 maker-168577388-augustus-gene-0.65-mRNA-1 1162923
.57 maker-167946650-snap-gene-0.11-mRNA-1 1162354
.20 maker-167946650-snap-gene-0.11-mRNA-1 266497
.20 maker-167946650-snap-gene-0.11-mRNA-1 1117638
.15 maker-168012650-augustus-gene-0.39-mRNA-1 1078101
.67 maker-168012650-augustus-gene-0.39-mRNA-1 1162766
.40 augustus_masked-168573107-processed-gene-0.0-mRNA-1 1102496
.58 augustus_masked-168573107-processed-gene-0.0-mRNA-1 108212
.29 maker-166306187-snap-gene-0.5-mRNA-1 1116275
.69 maker-166306187-snap-gene-0.5-mRNA-1 1141766
.99 maker-74361277-snap-gene-0.6-mRNA-1 1104410
.92 maker-168575524-snap-gene-0.118-mRNA-1 1162948
.04 maker-168575524-snap-gene-0.118-mRNA-1 809985
.46 maker-168538706-snap-gene-0.21-mRNA-1 1101186
.21 maker-168538706-snap-gene-0.21-mRNA-1 428997
.99 snap_masked-168478876-processed-gene-0.10-mRNA-1 1101542
.19 augustus_masked-167842912-processed-gene-0.2-mRNA-1 402780
.79 augustus_masked-167842912-processed-gene-0.2-mRNA-1 1101296
.99 snap_masked-168327198-processed-gene-0.9-mRNA-1 1163020
.33 augustus_masked-168547999-processed-gene-0.3-mRNA-1 1162896
.18 augustus_masked-168547999-processed-gene-0.3-mRNA-1 1118979
.32 maker-168253018-augustus-gene-0.31-mRNA-1 1163214
.06 maker-168253018-augustus-gene-0.31-mRNA-1 401885
.99 maker-168577528-augustus-gene-0.84-mRNA-1 1163048
.95 maker-168185793-snap-gene-0.32-mRNA-1 1163190
.99 snap_masked-168231973-processed-gene-0.49-mRNA-1 1120150
.88 augustus_masked-167931114-processed-gene-0.4-mRNA-1 1163074
.04 augustus_masked-167931114-processed-gene-0.4-mRNA-1 1025703
.97 augustus_masked-168568399-processed-gene-0.6-mRNA-1 1163303
.99 augustus_masked-168364559-processed-gene-0.3-mRNA-1 1163066
.99 maker-167395827-augustus-gene-0.4-mRNA-1 1162536
.85 maker-168423607-snap-gene-0.20-mRNA-1 1163357
.14 maker-168423607-snap-gene-0.20-mRNA-1 1116554
.22 maker-168501086-augustus-gene-0.52-mRNA-1 1106675
.76 maker-168501086-augustus-gene-0.52-mRNA-1 1101138
.88 maker-162964504-snap-gene-0.4-mRNA-1 1106120
.11 maker-162964504-snap-gene-0.4-mRNA-1 1127369
.99 maker-168517742-snap-gene-0.36-mRNA-1 1162783
.99 maker-165778730-snap-gene-0.5-mRNA-1 1163191
.64 augustus_masked-164418403-processed-gene-0.1-mRNA-1 1105391
.35 augustus_masked-164418403-processed-gene-0.1-mRNA-1 193654
.99 maker-159442487-augustus-gene-0.3-mRNA-1 1162752
.35 maker-168239232-augustus-gene-0.5-mRNA-1 1158152
.63 maker-168239232-augustus-gene-0.5-mRNA-1 1103603
.97 maker-167978660-snap-gene-0.11-mRNA-1 1154145
.99 augustus_masked-166796671-processed-gene-0.2-mRNA-1 1129612
.99 maker-168355333-snap-gene-0.117-mRNA-1 1163006
.20 maker-167121271-snap-gene-0.5-mRNA-1 1101378
.67 maker-167121271-snap-gene-0.5-mRNA-1 1101379
.99 maker-168567500-augustus-gene-0.54-mRNA-1 1162811
.21 maker-166262433-augustus-gene-0.6-mRNA-1 1105321
.78 maker-166262433-augustus-gene-0.6-mRNA-1 1162794
.99 maker-166799157-augustus-gene-0.3-mRNA-1 1162621
.49 maker-162425490-augustus-gene-0.4-mRNA-1 1127459
.21 maker-162425490-augustus-gene-0.4-mRNA-1 1104517
.90 maker-168232300-snap-gene-0.34-mRNA-1 1162698
.05 maker-168232300-snap-gene-0.34-mRNA-1 104283
.05 maker-168232300-snap-gene-0.34-mRNA-1 1110408
.05 maker-168232300-snap-gene-0.34-mRNA-1 151998
.05 maker-168232300-snap-gene-0.34-mRNA-1 165814
.31 maker-168573957-snap-gene-0.25-mRNA-1 214117
.43 maker-168573957-snap-gene-0.25-mRNA-1 1102343
.32 maker-168548360-snap-gene-0.20-mRNA-1 1162391
.19 maker-168548360-snap-gene-0.20-mRNA-1 1103676
.99 maker-168209730-snap-gene-0.38-mRNA-1 1163340
.35 maker-166124770-snap-gene-0.6-mRNA-1 1122579
.45 maker-166124770-snap-gene-0.6-mRNA-1 1162565
.18 augustus_masked-167806651-processed-gene-0.1-mRNA-1 1149673
.20 augustus_masked-167806651-processed-gene-0.1-mRNA-1 443070
.67 augustus_masked-163248298-processed-gene-0.0-mRNA-1 1142049
.32 augustus_masked-163248298-processed-gene-0.0-mRNA-1 159380
.99 maker-167827913-augustus-gene-0.34-mRNA-1 1102547
.98 augustus_masked-167476813-processed-gene-0.0-mRNA-1 1113613
.74 augustus_masked-167476813-processed-gene-0.0-mRNA-1 1120435
.99 maker-168552102-augustus-gene-0.111-mRNA-1 1162264
.99 augustus_masked-168223923-processed-gene-0.3-mRNA-1 1162703
.87 augustus_masked-168461332-processed-gene-0.2-mRNA-1 1106751
.11 augustus_masked-168461332-processed-gene-0.2-mRNA-1 1122470
.99 maker-168551434-augustus-gene-0.65-mRNA-1 1163342
.19 augustus_masked-168225069-processed-gene-0.1-mRNA-1 1102936
.80 augustus_masked-168225069-processed-gene-0.1-mRNA-1 1162687
.99 maker-168426724-augustus-gene-0.12-mRNA-1 1163311
.96 maker-168555288-snap-gene-0.67-mRNA-1 1103836
.48 maker-166059929-augustus-gene-0.3-mRNA-1 167333
.34 maker-166059929-augustus-gene-0.3-mRNA-1 181715
.30 maker-166059929-augustus-gene-0.3-mRNA-1 244265
.25 maker-166059929-augustus-gene-0.3-mRNA-1 344465
.23 maker-166059929-augustus-gene-0.3-mRNA-1 657231
.99 genemark-168235269-processed-gene-0.5-mRNA-1 1163067
.38 augustus_masked-166594553-processed-gene-0.1-mRNA-1 495370
.59 augustus_masked-166594553-processed-gene-0.1-mRNA-1 506477
.34 augustus_masked-159228817-processed-gene-0.0-mRNA-1 523370
.31 augustus_masked-159228817-processed-gene-0.0-mRNA-1 473803
.23 augustus_masked-159228817-processed-gene-0.0-mRNA-1 1129417
.23 augustus_masked-159228817-processed-gene-0.0-mRNA-1 523375
.99 augustus_masked-168551672-processed-gene-0.0-mRNA-1 1101724
.46 genemark-168323708-processed-gene-1.37-mRNA-1 1101755
.47 maker-168191098-snap-gene-0.60-mRNA-1 1162390
.34 maker-168191098-snap-gene-0.60-mRNA-1 1101829
.99 augustus_masked-168513971-processed-gene-0.2-mRNA-1 1112299
.47 maker-168151456-snap-gene-0.25-mRNA-1 1163242
.25 maker-168151456-snap-gene-0.25-mRNA-1 1101565
.99 augustus_masked-168572794-processed-gene-0.4-mRNA-1 1101100
.07 maker-166556089-augustus-gene-0.5-mRNA-1 1124962
.92 maker-166556089-augustus-gene-0.5-mRNA-1 1162360
.99 genemark-168256637-processed-gene-0.3-mRNA-1 1162918
.99 maker-168496624-augustus-gene-0.97-mRNA-1 1102022
.14 maker-168315695-augustus-gene-0.30-mRNA-1 1101003
.73 maker-168315695-augustus-gene-0.30-mRNA-1 1102209
.69 maker-168574597-augustus-gene-0.18-mRNA-1 1162841
.13 maker-168574597-augustus-gene-0.18-mRNA-1 969657
.50 maker-168151456-snap-gene-0.25-mRNA-2 1163242
.23 maker-168151456-snap-gene-0.25-mRNA-2 1101565
.32 maker-165807905-augustus-gene-0.3-mRNA-1 1106379
.25 maker-165807905-augustus-gene-0.3-mRNA-1 334521
.92 maker-168254628-augustus-gene-0.7-mRNA-1 1101562
.06 maker-168254628-augustus-gene-0.7-mRNA-1 1120497
.54 snap_masked-168577506-processed-gene-0.52-mRNA-1 1108523
.78 maker-168182837-augustus-gene-0.124-mRNA-1 1163244
.05 maker-168182837-augustus-gene-0.124-mRNA-1 720720
.99 augustus_masked-168539576-processed-gene-0.8-mRNA-1 1162399
.06 snap_masked-168153487-processed-gene-0.15-mRNA-1 1149007
.93 snap_masked-168153487-processed-gene-0.15-mRNA-1 1163201
.99 maker-168205052-augustus-gene-0.22-mRNA-1 1163153
.66 genemark-168544432-processed-gene-0.7-mRNA-1 1162804
.23 genemark-168544432-processed-gene-0.7-mRNA-1 1114306
.50 maker-168285599-snap-gene-0.43-mRNA-1 1131882
.31 maker-168285599-snap-gene-0.43-mRNA-1 1116602
.16 maker-168285599-snap-gene-0.43-mRNA-1 1106650
.03 maker-168216083-snap-gene-0.48-mRNA-1 819495
.96 maker-168216083-snap-gene-0.48-mRNA-1 1163126
.58 maker-168183786-snap-gene-0.6-mRNA-1 1106914
.18 maker-168183786-snap-gene-0.6-mRNA-1 1112590
.99 maker-168550204-augustus-gene-0.35-mRNA-1 1162204
.99 augustus_masked-168507076-processed-gene-0.1-mRNA-1 1162677
.99 augustus_masked-168475371-processed-gene-0.5-mRNA-1 1102578
.27 augustus_masked-168480452-processed-gene-0.4-mRNA-1 514434
.72 augustus_masked-168480452-processed-gene-0.4-mRNA-1 1105957
.99 maker-168264141-snap-gene-0.16-mRNA-1 1162685
.99 genemark-168356940-processed-gene-0.22-mRNA-1 1162525
.41 augustus_masked-168192048-processed-gene-0.3-mRNA-1 1119015
.45 augustus_masked-168192048-processed-gene-0.3-mRNA-1 1162592
.79 augustus_masked-168240072-processed-gene-0.15-mRNA-1 1162535
.20 augustus_masked-168240072-processed-gene-0.15-mRNA-1 1154472
.34 maker-168504010-augustus-gene-0.27-mRNA-1 270470
.41 maker-168504010-augustus-gene-0.27-mRNA-1 1103375
.98 maker-163266704-snap-gene-0.6-mRNA-1 1162632
.98 maker-163266704-snap-gene-0.6-mRNA-1 1162746
.27 augustus_masked-168433253-processed-gene-0.16-mRNA-1 1107995
.72 augustus_masked-168433253-processed-gene-0.16-mRNA-1 1162637
.99 maker-168485959-snap-gene-0.98-mRNA-1 1162942
.07 augustus_masked-168210847-processed-gene-0.1-mRNA-1 579319
.91 augustus_masked-168210847-processed-gene-0.1-mRNA-1 1116159
.83 maker-168471422-snap-gene-0.31-mRNA-1 1163332
.82 maker-167058524-augustus-gene-0.4-mRNA-3 1103658
.12 maker-167058524-augustus-gene-0.4-mRNA-3 1103102
.63 augustus_masked-168485977-processed-gene-0.0-mRNA-1 1101351
.35 augustus_masked-168485977-processed-gene-0.0-mRNA-1 311503
.99 maker-168577573-augustus-gene-0.59-mRNA-1 1163197
.99 genemark-168540647-processed-gene-0.8-mRNA-1 1162778
.48 snap_masked-168259747-processed-gene-0.3-mRNA-1 173865
.35 snap_masked-168259747-processed-gene-0.3-mRNA-1 1104608
.79 maker-168201856-snap-gene-0.44-mRNA-1 1163365
.10 maker-168201856-snap-gene-0.44-mRNA-1 1113041
.36 augustus_masked-168351367-processed-gene-0.1-mRNA-1 1162463
.62 augustus_masked-168351367-processed-gene-0.1-mRNA-1 1106170
.87 augustus_masked-168150113-processed-gene-0.0-mRNA-1 1162476
.11 maker-168233368-augustus-gene-0.146-mRNA-1 1103449
.88 maker-168233368-augustus-gene-0.146-mRNA-1 1102357
.99 maker-168548469-augustus-gene-0.28-mRNA-1 1162500
.38 snap_masked-168184629-processed-gene-0.10-mRNA-1 1114240
.27 snap_masked-168184629-processed-gene-0.10-mRNA-1 1122782
.99 augustus_masked-168527661-processed-gene-0.1-mRNA-1 1162406
.05 maker-168549357-snap-gene-0.18-mRNA-1 1104706
.93 maker-168549357-snap-gene-0.18-mRNA-1 1163219
.05 maker-168577393-snap-gene-0.46-mRNA-1 385659
.94 maker-168577393-snap-gene-0.46-mRNA-1 1101404
.35 maker-168448984-snap-gene-0.7-mRNA-1 1102320
.29 maker-168448984-snap-gene-0.7-mRNA-1 1116573
.26 maker-168448984-snap-gene-0.7-mRNA-1 1116716
.99 maker-168577542-augustus-gene-0.28-mRNA-1 1102249
.99 maker-168211289-snap-gene-0.47-mRNA-1 1163138
.99 maker-168560278-augustus-gene-0.66-mRNA-1 1102662
.57 maker-161772526-snap-gene-0.5-mRNA-1 1114673
.17 maker-161772526-snap-gene-0.5-mRNA-1 338690
.99 maker-167802635-augustus-gene-0.79-mRNA-1 1163234
.93 maker-168391679-augustus-gene-0.40-mRNA-1 1162793
.06 maker-168391679-augustus-gene-0.40-mRNA-1 1115536
.74 genemark-168559254-processed-gene-0.32-mRNA-1 1163278
.24 genemark-168559254-processed-gene-0.32-mRNA-1 285454
.99 maker-168246129-snap-gene-0.7-mRNA-1 1163215
.99 maker-168211523-augustus-gene-0.15-mRNA-1 1102536
.36 maker-168577191-snap-gene-0.12-mRNA-1 1162758
.87 augustus_masked-168525749-processed-gene-0.20-mRNA-1 1163164
.12 augustus_masked-168525749-processed-gene-0.20-mRNA-1 1101616
.97 snap_masked-168549007-processed-gene-0.27-mRNA-1 1162459
.99 snap_masked-168571732-processed-gene-0.30-mRNA-1 1162323
.88 genemark-168540662-processed-gene-0.20-mRNA-1 1132859
.53 maker-168510278-snap-gene-0.45-mRNA-1 1114991
.34 maker-168510278-snap-gene-0.45-mRNA-1 1120303
.99 maker-168186588-augustus-gene-0.83-mRNA-1 1100999
.99 maker-168191298-augustus-gene-0.72-mRNA-1 1162895
.63 augustus_masked-168145945-processed-gene-0.1-mRNA-1 1133439
.36 augustus_masked-168145945-processed-gene-0.1-mRNA-1 1109670
.80 maker-168568846-augustus-gene-0.28-mRNA-1 1163299
.99 augustus_masked-168000943-processed-gene-0.1-mRNA-1 1135840
.99 maker-168467959-snap-gene-0.81-mRNA-1 1162926
.68 maker-166799701-augustus-gene-0.4-mRNA-1 1162483
.59 maker-166799701-augustus-gene-0.4-mRNA-1 1162654
.24 maker-166799701-augustus-gene-0.4-mRNA-1 1162256
.99 augustus_masked-148817660-processed-gene-0.0-mRNA-1 1103764
.34 augustus_masked-168342191-processed-gene-0.3-mRNA-1 1124335
.65 augustus_masked-168342191-processed-gene-0.3-mRNA-1 1113818
.68 snap_masked-168329527-processed-gene-0.95-mRNA-1 1112893
.27 snap_masked-168329527-processed-gene-0.95-mRNA-1 246197
.99 augustus_masked-168254101-processed-gene-0.5-mRNA-1 1163127
.40 maker-168545382-snap-gene-0.63-mRNA-1 1109152
.27 maker-168545382-snap-gene-0.63-mRNA-1 1108416
.15 maker-168545382-snap-gene-0.63-mRNA-1 1150404
.99 augustus_masked-168337744-processed-gene-0.0-mRNA-1 1162285
.99 augustus_masked-167863911-processed-gene-0.6-mRNA-1 1162937
.33 augustus_masked-168002091-processed-gene-0.1-mRNA-1 1162270
.25 augustus_masked-168002091-processed-gene-0.1-mRNA-1 1114966
.24 augustus_masked-168002091-processed-gene-0.1-mRNA-1 79104
.23 augustus_masked-168002091-processed-gene-0.1-mRNA-1 1103219
.21 augustus_masked-168002091-processed-gene-0.1-mRNA-1 1109574
.18 maker-168408919-augustus-gene-0.21-mRNA-1 1162625
.18 maker-168408919-augustus-gene-0.21-mRNA-1 1162412
.99 augustus_masked-161460871-processed-gene-0.0-mRNA-1 1162775
.05 maker-167257809-augustus-gene-0.5-mRNA-1 1107772
.94 maker-167257809-augustus-gene-0.5-mRNA-1 1163360
.84 maker-168544877-snap-gene-0.49-mRNA-1 1162886
.11 maker-168544877-snap-gene-0.49-mRNA-1 409853
.78 augustus_masked-168535280-processed-gene-0.0-mRNA-1 1163276
.10 augustus_masked-168535280-processed-gene-0.0-mRNA-1 1104389
.99 maker-168493828-augustus-gene-0.17-mRNA-1 1163060
.99 snap_masked-164241453-processed-gene-0.5-mRNA-1 1162891
.99 maker-168213272-augustus-gene-0.49-mRNA-1 1163241
.42 augustus_masked-165480568-processed-gene-0.0-mRNA-1 313022
.57 augustus_masked-165480568-processed-gene-0.0-mRNA-1 1103781
.99 maker-168307405-augustus-gene-0.20-mRNA-1 1118316
.22 maker-168562607-snap-gene-0.27-mRNA-1 389242
.61 maker-168562607-snap-gene-0.27-mRNA-1 1104352
.99 maker-168331850-snap-gene-0.51-mRNA-1 1163358
.99 augustus_masked-162988946-processed-gene-0.0-mRNA-1 116570
.84 maker-168550663-snap-gene-0.57-mRNA-1 1163286
.99 maker-168182907-augustus-gene-0.21-mRNA-1 1162465
.99 maker-168184860-augustus-gene-0.9-mRNA-1 1162662
.99 snap_masked-168127238-processed-gene-0.8-mRNA-1 1163302
.99 genemark-168491533-processed-gene-0.6-mRNA-1 1101270
.97 maker-166181554-snap-gene-0.2-mRNA-1 1162954
.57 maker-5410913-augustus-gene-0.3-mRNA-1 1161028
.42 maker-5410913-augustus-gene-0.3-mRNA-1 1126228
.99 snap_masked-168564784-processed-gene-0.30-mRNA-1 1162418
.71 augustus_masked-168558993-processed-gene-0.22-mRNA-1 1101858
.28 augustus_masked-168558993-processed-gene-0.22-mRNA-1 1101474
.99 augustus_masked-168188745-processed-gene-0.0-mRNA-1 1101580
.83 augustus_masked-168254187-processed-gene-0.3-mRNA-1 1114390
.16 augustus_masked-168254187-processed-gene-0.3-mRNA-1 735463
.99 maker-168253857-snap-gene-0.12-mRNA-1 1163375
.31 maker-168347411-snap-gene-0.21-mRNA-1 1127310
.68 maker-168347411-snap-gene-0.21-mRNA-1 1163335
.99 snap_masked-168382612-processed-gene-0.2-mRNA-1 1156689
.69 maker-167916647-snap-gene-0.38-mRNA-1 1163304
.99 snap_masked-168295089-processed-gene-0.30-mRNA-1 1162164
.21 augustus_masked-168506051-processed-gene-0.0-mRNA-1 52165
.78 augustus_masked-168506051-processed-gene-0.0-mRNA-1 1163086
.99 augustus_masked-168521368-processed-gene-0.6-mRNA-1 1101395
.63 maker-167825050-snap-gene-0.48-mRNA-1 1102094
.16 maker-167825050-snap-gene-0.48-mRNA-1 340958
.99 augustus_masked-167895353-processed-gene-0.1-mRNA-1 1162385
.83 maker-168337495-snap-gene-0.79-mRNA-1 1162968
.11 maker-168337495-snap-gene-0.79-mRNA-1 550898
.99 augustus_masked-168438602-processed-gene-0.0-mRNA-1 1163172
.81 augustus_masked-168438602-processed-gene-0.0-mRNA-1 1118019
.99 maker-168538890-augustus-gene-0.38-mRNA-1 1163361
.98 maker-168538890-augustus-gene-0.38-mRNA-1 1162241
.54 maker-168538890-augustus-gene-0.38-mRNA-1 1162258
.48 maker-168538890-augustus-gene-0.38-mRNA-1 1162328
.48 maker-168538890-augustus-gene-0.38-mRNA-1 1162176
.97 maker-168366866-snap-gene-0.52-mRNA-1 1162351
.88 maker-168191928-snap-gene-0.147-mRNA-1 1162830
.11 maker-168191928-snap-gene-0.147-mRNA-1 1141999
.22 maker-168427270-snap-gene-0.98-mRNA-1 1101549
.73 maker-168427270-snap-gene-0.98-mRNA-1 49888
.99 maker-167813692-augustus-gene-0.43-mRNA-1 1162589
.99 snap_masked-166939835-processed-gene-0.6-mRNA-1 1162763
.53 snap_masked-167888920-processed-gene-0.54-mRNA-1 1114821
.27 snap_masked-167888920-processed-gene-0.54-mRNA-1 184955
.28 maker-168548909-augustus-gene-0.13-mRNA-1 1163362
.35 maker-168548909-augustus-gene-0.13-mRNA-1 1162607
.99 maker-168522450-augustus-gene-0.88-mRNA-1 1162956
.38 maker-168191325-snap-gene-0.35-mRNA-1 1162336
.47 maker-168191325-snap-gene-0.35-mRNA-1 1123722
.88 maker-168002504-snap-gene-0.23-mRNA-1 1163004
.09 maker-168002504-snap-gene-0.23-mRNA-1 224819
.02 maker-168319190-augustus-gene-0.59-mRNA-1 1119300
.96 maker-168319190-augustus-gene-0.59-mRNA-1 1163295
.99 maker-166344829-snap-gene-0.6-mRNA-1 1101657
.37 maker-165009935-augustus-gene-0.3-mRNA-1 1105213
.11 maker-165009935-augustus-gene-0.3-mRNA-1 1105959
.25 genemark-168157516-processed-gene-0.10-mRNA-1 1159568
.21 genemark-168157516-processed-gene-0.10-mRNA-1 1151258
.99 snap_masked-166301333-processed-gene-0.2-mRNA-1 1162314
.99 maker-166388279-augustus-gene-0.4-mRNA-1 1163122
.19 maker-168545471-snap-gene-0.16-mRNA-1 1101798
.80 maker-168545471-snap-gene-0.16-mRNA-1 1123665
.49 augustus_masked-168184607-processed-gene-0.2-mRNA-1 1162539
.35 augustus_masked-168184607-processed-gene-0.2-mRNA-1 1162650
.06 augustus_masked-168184607-processed-gene-0.2-mRNA-1 1131917
.01 augustus_masked-168184607-processed-gene-0.2-mRNA-1 445167
.99 augustus_masked-168301861-processed-gene-0.4-mRNA-1 1162813
.48 maker-168187529-snap-gene-0.29-mRNA-1 330422
.38 maker-168188791-augustus-gene-0.49-mRNA-1 1163124
0 maker-168188791-augustus-gene-0.49-mRNA-1 1117321
.94 genemark-167777191-processed-gene-0.0-mRNA-1 1145034
.99 maker-168234438-snap-gene-0.14-mRNA-1 1162944
.99 augustus_masked-168206028-processed-gene-0.11-mRNA-1 1163210
.41 maker-168192674-augustus-gene-0.16-mRNA-1 1116831
.41 maker-168192674-augustus-gene-0.16-mRNA-1 1102615
.99 augustus_masked-168186218-processed-gene-0.0-mRNA-1 1162434
.99 snap_masked-168561867-processed-gene-0.85-mRNA-1 1163079
.94 maker-167881627-snap-gene-0.46-mRNA-1 1163313
.99 maker-168523613-snap-gene-0.55-mRNA-1 1114350
.32 snap_masked-167862215-processed-gene-0.20-mRNA-1 1104216
.01 snap_masked-167862215-processed-gene-0.20-mRNA-1 1162634
.06 maker-168112140-snap-gene-0.20-mRNA-1 343753
.93 maker-168112140-snap-gene-0.20-mRNA-1 1104448
.92 snap_masked-168564450-processed-gene-0.30-mRNA-1 1102747
.99 snap_masked-168397275-processed-gene-0.10-mRNA-1 1162959
.99 augustus_masked-159882295-processed-gene-0.0-mRNA-1 230368
.99 augustus_masked-159882295-processed-gene-0.0-mRNA-1 1138889
.97 maker-168513542-snap-gene-0.54-mRNA-1 1163281
.99 maker-168310425-snap-gene-0.34-mRNA-1 1163245
.99 maker-168554558-snap-gene-2.108-mRNA-1 1162220
.99 maker-168184973-snap-gene-0.55-mRNA-1 1163291
.71 maker-167883148-snap-gene-0.59-mRNA-1 1162345
.13 maker-167883148-snap-gene-0.59-mRNA-1 1137643
.98 maker-166967069-snap-gene-0.4-mRNA-1 1162653
.99 snap_masked-168343367-processed-gene-0.108-mRNA-1 1112156
.99 genemark-168245815-processed-gene-0.45-mRNA-1 1121886
.42 maker-165675785-snap-gene-0.5-mRNA-1 1104041
.24 maker-165675785-snap-gene-0.5-mRNA-1 1102150
.99 augustus_masked-168251507-processed-gene-0.2-mRNA-1 309359
.99 augustus_masked-168251507-processed-gene-0.2-mRNA-1 1103021
.99 augustus_masked-163636451-processed-gene-0.0-mRNA-1 1123857
.69 maker-168454917-augustus-gene-0.86-mRNA-1 1139776
.83 maker-168188280-augustus-gene-0.19-mRNA-1 1163240
.16 maker-168188280-augustus-gene-0.19-mRNA-1 94278
.25 snap_masked-168525786-processed-gene-0.23-mRNA-1 1109845
.23 snap_masked-168525786-processed-gene-0.23-mRNA-1 1144208
.17 snap_masked-168525786-processed-gene-0.23-mRNA-1 1107744
.46 maker-168267928-augustus-gene-0.69-mRNA-1 1163046
.19 maker-168267928-augustus-gene-0.69-mRNA-1 160314
.99 maker-168343319-augustus-gene-0.20-mRNA-1 1147189
.44 augustus_masked-165549066-processed-gene-0.0-mRNA-1 1109972
.21 augustus_masked-165549066-processed-gene-0.0-mRNA-1 286500
.99 snap_masked-168548205-processed-gene-0.22-mRNA-1 1163104
.78 snap_masked-164175703-processed-gene-0.2-mRNA-1 688607
.43 augustus_masked-168535927-processed-gene-0.20-mRNA-1 1105446
.55 augustus_masked-168535927-processed-gene-0.20-mRNA-1 1101227
.99 snap_masked-168254898-processed-gene-0.45-mRNA-1 1163231
.99 augustus_masked-168424263-processed-gene-0.3-mRNA-1 1162884
.53 augustus_masked-168424263-processed-gene-0.3-mRNA-1 1134367
.99 augustus_masked-168331520-processed-gene-0.4-mRNA-1 1163185
.99 snap_masked-168560043-processed-gene-0.41-mRNA-1 1163001
.99 maker-167987337-augustus-gene-0.11-mRNA-1 1163095
.99 maker-167795375-augustus-gene-0.17-mRNA-1 1163273
.99 maker-168188618-snap-gene-0.14-mRNA-1 1162429
.80 maker-168294515-snap-gene-0.53-mRNA-1 1163063
.11 maker-168294515-snap-gene-0.53-mRNA-1 1112511
.99 maker-168187403-snap-gene-0.8-mRNA-2 1163271
.99 maker-168187403-snap-gene-0.8-mRNA-3 1163271
.99 augustus_masked-167812213-processed-gene-0.5-mRNA-1 1106348
.41 genemark-166444572-processed-gene-0.1-mRNA-1 242444
.56 genemark-166444572-processed-gene-0.1-mRNA-1 239442
.99 augustus_masked-167917377-processed-gene-0.2-mRNA-1 1162920
.96 maker-168186302-augustus-gene-0.35-mRNA-1 1163077
.02 maker-168186302-augustus-gene-0.35-mRNA-1 1149713
.36 augustus_masked-168185365-processed-gene-0.1-mRNA-1 214987
.42 augustus_masked-168185365-processed-gene-0.1-mRNA-1 1103283
.99 genemark-168477000-processed-gene-0.43-mRNA-1 1107789
.99 maker-168260723-augustus-gene-0.19-mRNA-1 1104787
.93 maker-168185961-snap-gene-0.27-mRNA-3 1163061
.93 maker-168185961-snap-gene-0.27-mRNA-2 1163061
.99 augustus_masked-168143935-processed-gene-0.9-mRNA-1 1162902
.99 maker-168573111-augustus-gene-0.67-mRNA-1 1163090
.78 maker-168246022-augustus-gene-0.71-mRNA-1 1163339
.21 maker-168246022-augustus-gene-0.71-mRNA-1 113560
.86 augustus_masked-167357674-processed-gene-0.0-mRNA-1 1118282
.13 augustus_masked-167357674-processed-gene-0.0-mRNA-1 1110359
.99 augustus_masked-168341701-processed-gene-0.1-mRNA-1 1102327
.99 maker-168202537-augustus-gene-0.8-mRNA-1 1163005
.45 maker-168469206-augustus-gene-0.35-mRNA-1 347932
.28 maker-168469206-augustus-gene-0.35-mRNA-1 1163307
.31 maker-167184492-augustus-gene-0.4-mRNA-1 1137123
.22 maker-167184492-augustus-gene-0.4-mRNA-1 366577
.17 maker-168210970-augustus-gene-0.51-mRNA-1 374792
.77 maker-168210970-augustus-gene-0.51-mRNA-1 1154390
.77 augustus_masked-168464602-processed-gene-0.4-mRNA-1 1162331
.22 augustus_masked-168464602-processed-gene-0.4-mRNA-1 1144081
.51 maker-168332629-snap-gene-0.16-mRNA-1 1163322
.99 maker-168213111-snap-gene-0.29-mRNA-1 1163180
.97 maker-168532608-snap-gene-0.34-mRNA-1 1163316
.99 maker-168329002-snap-gene-0.93-mRNA-1 1162711
.50 maker-168149233-snap-gene-0.10-mRNA-1 1162614
.49 maker-168149233-snap-gene-0.10-mRNA-1 1118571
.98 maker-168319709-snap-gene-0.23-mRNA-1 1162832
.42 maker-168102052-snap-gene-0.37-mRNA-2 1156211
.44 maker-168102052-snap-gene-0.37-mRNA-2 1116943
.99 snap_masked-168358983-processed-gene-1.63-mRNA-1 1162516
.60 maker-168424109-augustus-gene-0.70-mRNA-1 1132335
.23 maker-168424109-augustus-gene-0.70-mRNA-1 1112161
.85 maker-167067021-augustus-gene-0.4-mRNA-1 1163226
.14 maker-167067021-augustus-gene-0.4-mRNA-1 1112832
.99 maker-167036907-augustus-gene-0.11-mRNA-1 1162580
.78 maker-168300054-augustus-gene-0.23-mRNA-1 1163257
.99 augustus_masked-168324805-processed-gene-0.3-mRNA-1 1163139
.08 augustus_masked-167915881-processed-gene-0.1-mRNA-1 366301
.91 augustus_masked-167915881-processed-gene-0.1-mRNA-1 1110577
.99 augustus_masked-168224133-processed-gene-0.2-mRNA-1 1163208
.13 snap_masked-168260411-processed-gene-0.69-mRNA-1 1106083
.86 snap_masked-168260411-processed-gene-0.69-mRNA-1 1162541
.36 snap_masked-167821823-processed-gene-0.69-mRNA-1 1137240
.63 snap_masked-167821823-processed-gene-0.69-mRNA-1 1112406
.64 augustus_masked-168140844-processed-gene-0.2-mRNA-1 1131836
.60 augustus_masked-168140844-processed-gene-0.2-mRNA-1 1113504
.30 augustus_masked-168140844-processed-gene-0.2-mRNA-1 1141547
.31 augustus_masked-168140844-processed-gene-0.2-mRNA-1 1110355
.58 maker-168575259-snap-gene-0.35-mRNA-1 1162437
.14 maker-168575259-snap-gene-0.35-mRNA-1 611973
.99 maker-168287542-snap-gene-0.24-mRNA-1 1162754
.99 augustus_masked-168510705-processed-gene-0.0-mRNA-1 1163059
.34 maker-168211281-augustus-gene-0.26-mRNA-1 1103457
.62 maker-168211281-augustus-gene-0.26-mRNA-1 1103456
.35 maker-168562203-snap-gene-0.49-mRNA-1 1101691
.52 maker-168562203-snap-gene-0.49-mRNA-1 1162534
.99 maker-167960000-snap-gene-0.8-mRNA-1 1162663
.99 maker-168543292-augustus-gene-0.62-mRNA-1 1163145
.81 genemark-168083205-processed-gene-0.46-mRNA-1 1163315
.17 genemark-168083205-processed-gene-0.46-mRNA-1 1145034
.99 maker-168191488-augustus-gene-0.93-mRNA-1 1163094
.99 maker-168565506-augustus-gene-0.15-mRNA-1 1163055
.95 maker-168366367-snap-gene-0.123-mRNA-1 1163282
.99 maker-166927426-augustus-gene-0.6-mRNA-1 1162205
.59 maker-166144882-augustus-gene-0.3-mRNA-1 1105418
.28 maker-166144882-augustus-gene-0.3-mRNA-1 1127061
.16 maker-166144882-augustus-gene-0.3-mRNA-1 453890
.99 augustus_masked-168520970-processed-gene-0.0-mRNA-1 1162726
.82 maker-168563250-augustus-gene-1.67-mRNA-1 1115645
.99 maker-168253285-augustus-gene-0.51-mRNA-1 1101719
.99 augustus_masked-166474842-processed-gene-0.1-mRNA-1 1162368
.88 maker-168451155-augustus-gene-1.93-mRNA-1 1163246
.99 maker-168351463-augustus-gene-0.65-mRNA-1 1107345
.99 maker-168191937-augustus-gene-0.118-mRNA-1 1163072
.87 maker-163410302-augustus-gene-0.3-mRNA-1 1163363
.70 maker-165131896-snap-gene-0.4-mRNA-1 1162767
.16 maker-165131896-snap-gene-0.4-mRNA-1 313568
.99 maker-161779270-augustus-gene-0.3-mRNA-1 1162198
.99 augustus_masked-168236167-processed-gene-0.3-mRNA-1 223352
.99 augustus_masked-168234184-processed-gene-0.3-mRNA-1 1163243
.99 augustus_masked-168452571-processed-gene-0.15-mRNA-1 1163143
.70 augustus_masked-168292357-processed-gene-0.17-mRNA-1 1115932
.29 augustus_masked-168292357-processed-gene-0.17-mRNA-1 216288
.99 maker-168064159-augustus-gene-0.18-mRNA-1 1163114
.83 maker-167875104-snap-gene-0.37-mRNA-1 1163283
.99 snap_masked-166478390-processed-gene-0.3-mRNA-1 1162438
.97 maker-168547499-augustus-gene-0.17-mRNA-1 1163177
.68 maker-168073349-augustus-gene-0.28-mRNA-1 1109401
.67 snap_masked-168480939-processed-gene-0.15-mRNA-1 1102528
.32 snap_masked-168480939-processed-gene-0.15-mRNA-1 1108294
.13 maker-168449729-augustus-gene-0.32-mRNA-1 1103479
.86 maker-168449729-augustus-gene-0.32-mRNA-1 1163212
.99 maker-168534200-augustus-gene-0.17-mRNA-1 1162378
.99 augustus_masked-161414459-processed-gene-0.1-mRNA-1 1162872
.99 snap_masked-168415001-processed-gene-0.16-mRNA-1 1162389
.06 maker-168577648-snap-gene-0.51-mRNA-1 1107224
.93 maker-168577648-snap-gene-0.51-mRNA-1 1162708
.99 maker-168417014-augustus-gene-0.88-mRNA-1 1106658
.99 augustus_masked-168496814-processed-gene-0.14-mRNA-1 1163137
.35 augustus_masked-168291265-processed-gene-0.0-mRNA-1 1112530
.61 augustus_masked-168291265-processed-gene-0.0-mRNA-1 1109350
.65 augustus_masked-168350429-processed-gene-0.3-mRNA-1 1162502
.31 augustus_masked-168350429-processed-gene-0.3-mRNA-1 1107053
.99 maker-167948010-augustus-gene-0.17-mRNA-1 1162749
.20 maker-168187381-snap-gene-0.8-mRNA-1 1114960
.21 maker-168187381-snap-gene-0.8-mRNA-1 530321
.18 maker-168187381-snap-gene-0.8-mRNA-1 1144901
.98 augustus_masked-164112838-processed-gene-0.0-mRNA-1 1162244
.79 maker-168573416-snap-gene-0.86-mRNA-1 1163356
.18 maker-168573416-snap-gene-0.86-mRNA-1 1122607
.99 augustus_masked-167122188-processed-gene-0.0-mRNA-1 1162352
.73 snap_masked-168008436-processed-gene-0.8-mRNA-1 1162919
.37 snap_masked-168008436-processed-gene-0.8-mRNA-1 1131563
.99 maker-168187758-augustus-gene-0.21-mRNA-1 1163134
.50 maker-168303269-augustus-gene-0.37-mRNA-1 1162728
.28 maker-168303269-augustus-gene-0.37-mRNA-1 1115276
.24 maker-168303269-augustus-gene-0.37-mRNA-1 125927
.24 maker-168303269-augustus-gene-0.37-mRNA-1 1123533
.96 maker-168184258-snap-gene-0.7-mRNA-1 1163328
.99 maker-168543285-snap-gene-0.17-mRNA-1 1163262
.99 snap_masked-164848170-processed-gene-0.4-mRNA-1 1162397
.02 maker-168084186-augustus-gene-0.15-mRNA-4 201946
.97 maker-168084186-augustus-gene-0.15-mRNA-4 1163196
.99 augustus_masked-168183208-processed-gene-0.33-mRNA-1 99127
.99 augustus_masked-167922716-processed-gene-0.34-mRNA-1 1106909
.99 augustus_masked-168576939-processed-gene-1.44-mRNA-1 1162369
.98 maker-168543579-snap-gene-0.33-mRNA-1 1163248
.99 augustus_masked-167981374-processed-gene-0.5-mRNA-1 1162961
.98 maker-82336937-augustus-gene-0.3-mRNA-1 1101586
.99 snap_masked-167419800-processed-gene-0.3-mRNA-1 1140124
.99 snap_masked-168251974-processed-gene-0.59-mRNA-1 1162275
.93 maker-167793900-augustus-gene-0.22-mRNA-1 1162744
.06 maker-167793900-augustus-gene-0.22-mRNA-1 1127812
.99 snap_masked-168195827-processed-gene-0.34-mRNA-1 1102705
.99 augustus_masked-167918185-processed-gene-0.8-mRNA-1 1163211
.99 genemark-168441607-processed-gene-0.15-mRNA-1 1163204
.52 maker-168577438-snap-gene-0.27-mRNA-1 1163267
.15 maker-168577438-snap-gene-0.27-mRNA-1 1119209
.99 maker-168293066-snap-gene-0.30-mRNA-1 1163343
.34 maker-168195755-augustus-gene-0.92-mRNA-1 1163319
.19 maker-168195755-augustus-gene-0.92-mRNA-1 1125375
.10 maker-168195755-augustus-gene-0.92-mRNA-1 1126252
.99 augustus_masked-166953384-processed-gene-0.0-mRNA-1 1163011
.99 augustus_masked-168427357-processed-gene-0.2-mRNA-1 1132968
.57 maker-166465311-snap-gene-0.3-mRNA-1 1134356
.23 maker-166465311-snap-gene-0.3-mRNA-1 1103478
.99 maker-168000374-augustus-gene-0.13-mRNA-1 1163107
.10 maker-168385751-snap-gene-0.14-mRNA-1 1103622
.89 maker-168385751-snap-gene-0.14-mRNA-1 1162647
.98 maker-168531405-snap-gene-0.73-mRNA-2 1163329
.34 snap_masked-168246492-processed-gene-0.14-mRNA-1 1105759
.65 snap_masked-168246492-processed-gene-0.14-mRNA-1 1162682
.66 maker-168189757-augustus-gene-0.81-mRNA-1 1103279
.08 maker-168189757-augustus-gene-0.81-mRNA-1 1110207
.05 maker-168189757-augustus-gene-0.81-mRNA-1 228461
.99 augustus_masked-168310006-processed-gene-0.0-mRNA-1 1162888
.20 maker-168490864-augustus-gene-0.12-mRNA-1 1162490
.32 maker-168490864-augustus-gene-0.12-mRNA-1 1162490
.99 genemark-168338655-processed-gene-0.8-mRNA-1 1162901
.99 maker-168374066-augustus-gene-0.8-mRNA-1 1162570
.98 maker-161849811-snap-gene-0.4-mRNA-1 1153846
.99 snap_masked-168516466-processed-gene-0.15-mRNA-1 1163102
.35 augustus_masked-168145768-processed-gene-0.0-mRNA-1 125074
.64 augustus_masked-168145768-processed-gene-0.0-mRNA-1 1103532
.99 snap_masked-161884287-processed-gene-0.2-mRNA-1 1162548
.59 maker-168262177-snap-gene-0.11-mRNA-1 1162612
.15 maker-168262177-snap-gene-0.11-mRNA-1 182033
.95 maker-168313946-augustus-gene-0.39-mRNA-1 1163253
.04 maker-168313946-augustus-gene-0.39-mRNA-1 1102098
.03 maker-168313946-augustus-gene-0.39-mRNA-1 182470
.03 maker-168313946-augustus-gene-0.39-mRNA-1 320208
.99 snap_masked-168453873-processed-gene-1.99-mRNA-1 1162773
.68 maker-168190394-augustus-gene-0.54-mRNA-1 1101484
.52 augustus_masked-168200496-processed-gene-0.0-mRNA-1 316363
.46 augustus_masked-168200496-processed-gene-0.0-mRNA-1 562549
.99 snap_masked-168199200-processed-gene-0.72-mRNA-1 1162873
.99 maker-167010684-augustus-gene-0.4-mRNA-1 1163217
.99 snap_masked-168382546-processed-gene-0.28-mRNA-1 1103602
.58 snap_masked-168382546-processed-gene-0.28-mRNA-1 1109978
.37 maker-168574056-snap-gene-0.57-mRNA-1 1163238
.16 maker-168574056-snap-gene-0.57-mRNA-1 1163238
.93 maker-168435638-augustus-gene-0.54-mRNA-1 1163294
.99 maker-168144328-snap-gene-0.37-mRNA-1 1163187
.99 snap_masked-168476128-processed-gene-0.36-mRNA-1 1102683
.99 augustus_masked-168564037-processed-gene-0.4-mRNA-1 1101816
.50 snap_masked-167258515-processed-gene-0.2-mRNA-1 1162791
.49 snap_masked-167258515-processed-gene-0.2-mRNA-1 553252
.86 maker-167826953-snap-gene-0.51-mRNA-1 1163157
.05 maker-167826953-snap-gene-0.51-mRNA-1 1120756
.74 maker-168250949-augustus-gene-0.20-mRNA-2 1103922
.06 maker-168250949-augustus-gene-0.20-mRNA-2 1102943
.99 maker-168549184-augustus-gene-0.52-mRNA-1 1163078
.99 maker-168495710-augustus-gene-0.21-mRNA-1 1163338
.55 maker-168505030-augustus-gene-0.35-mRNA-2 1163141
.15 maker-168505030-augustus-gene-0.35-mRNA-2 1102089
.66 maker-165379790-snap-gene-0.4-mRNA-1 1162817
.28 maker-165379790-snap-gene-0.4-mRNA-1 1128124
.20 maker-165379790-snap-gene-0.4-mRNA-1 426534
.71 maker-166838974-augustus-gene-0.3-mRNA-1 1162278
.99 augustus_masked-168191488-processed-gene-0.21-mRNA-1 1107548
.99 maker-97349046-snap-gene-0.2-mRNA-1 1124520
.99 augustus_masked-168143171-processed-gene-0.6-mRNA-1 1102066
.99 maker-168261240-snap-gene-0.5-mRNA-1 1162627
.99 maker-168484995-snap-gene-0.27-mRNA-1 1163192
.99 maker-168546639-snap-gene-0.71-mRNA-1 1163176
.04 maker-168436862-augustus-gene-0.19-mRNA-1 1112724
.95 maker-168436862-augustus-gene-0.19-mRNA-1 1163034
.99 augustus_masked-167793158-processed-gene-0.6-mRNA-1 1101074
.45 augustus_masked-164006246-processed-gene-0.0-mRNA-1 1110860
.54 augustus_masked-164006246-processed-gene-0.0-mRNA-1 453462
.99 snap_masked-167957962-processed-gene-0.58-mRNA-1 1162916
.99 maker-168352321-augustus-gene-0.51-mRNA-1 1162702
.99 maker-168493918-augustus-gene-0.74-mRNA-1 1162876
.89 maker-168381545-snap-gene-0.26-mRNA-1 1163377
.99 snap_masked-168207360-processed-gene-0.89-mRNA-1 1102562
.96 maker-168549806-snap-gene-0.48-mRNA-1 1163266
.99 snap_masked-168314006-processed-gene-0.71-mRNA-1 1162963
.25 maker-168577133-snap-gene-0.14-mRNA-1 1162242
.73 maker-168577133-snap-gene-0.14-mRNA-1 1163045
.06 maker-168183877-augustus-gene-0.13-mRNA-2 1101129
.87 maker-168183877-augustus-gene-0.13-mRNA-2 1163370
.99 augustus_masked-168552037-processed-gene-0.18-mRNA-1 1162731
.98 maker-168555510-snap-gene-0.45-mRNA-1 1102086
.13 augustus_masked-168100658-processed-gene-0.0-mRNA-1 1106568
.72 augustus_masked-168100658-processed-gene-0.0-mRNA-1 1162871
.99 maker-168242352-augustus-gene-0.58-mRNA-1 1163337
.51 maker-167864987-snap-gene-0.14-mRNA-1 1163264
.99 maker-168503142-augustus-gene-0.29-mRNA-1 1163227
.99 augustus_masked-168189853-processed-gene-0.24-mRNA-1 1162392
.56 augustus_masked-166398954-processed-gene-0.1-mRNA-1 1162761
.27 augustus_masked-166398954-processed-gene-0.1-mRNA-1 1153929
.99 augustus_masked-168191887-processed-gene-0.9-mRNA-1 1163228
.41 augustus_masked-168358546-processed-gene-0.7-mRNA-1 198823
.53 augustus_masked-168358546-processed-gene-0.7-mRNA-1 1104594
.94 snap_masked-164833875-processed-gene-0.2-mRNA-1 1162705
.04 snap_masked-164833875-processed-gene-0.2-mRNA-1 1107099
.64 maker-167831585-snap-gene-0.17-mRNA-1 1162556
.14 maker-167831585-snap-gene-0.17-mRNA-1 1124869
.99 augustus_masked-168232092-processed-gene-0.1-mRNA-1 1163200
.58 maker-168246699-snap-gene-0.15-mRNA-1 1163301
.16 maker-168246699-snap-gene-0.15-mRNA-1 1163301
.99 maker-168577320-snap-gene-0.83-mRNA-1 1163028
.96 maker-168154177-augustus-gene-0.20-mRNA-1 1162457
.99 augustus_masked-168514453-processed-gene-0.8-mRNA-1 1162426
.99 augustus_masked-168244100-processed-gene-0.0-mRNA-1 1162910
.95 genemark-161693343-processed-gene-0.3-mRNA-1 1108775
.99 genemark-161693343-processed-gene-0.3-mRNA-1 1102137
.35 maker-168188745-augustus-gene-0.16-mRNA-1 168092
.56 maker-168188745-augustus-gene-0.16-mRNA-1 1162561
.17 maker-168201686-augustus-gene-0.28-mRNA-1 1112010
.82 maker-168201686-augustus-gene-0.28-mRNA-1 1163088
.99 snap_masked-168191131-processed-gene-0.33-mRNA-1 1162962
.99 augustus_masked-162100704-processed-gene-0.3-mRNA-1 1162440
.98 augustus_masked-168188678-processed-gene-0.9-mRNA-1 1162384
.99 augustus_masked-168529058-processed-gene-0.1-mRNA-1 1104036
.39 maker-166748757-augustus-gene-0.4-mRNA-2 1102140
.23 maker-166748757-augustus-gene-0.4-mRNA-2 1116447
.19 maker-166748757-augustus-gene-0.4-mRNA-2 1121004
.99 maker-168557059-augustus-gene-0.14-mRNA-1 1162488
.15 maker-168571238-snap-gene-0.43-mRNA-1 1136415
.68 maker-168571238-snap-gene-0.43-mRNA-1 1162522
.99 augustus_masked-168493131-processed-gene-0.1-mRNA-1 1127552
.31 maker-168488572-snap-gene-0.143-mRNA-1 1163051
.58 maker-168488572-snap-gene-0.143-mRNA-1 1163051
.99 maker-168331454-snap-gene-0.5-mRNA-1 1162852
.99 augustus_masked-168562064-processed-gene-0.17-mRNA-1 1162519
.31 maker-161346201-snap-gene-0.6-mRNA-1 250598
.28 maker-161346201-snap-gene-0.6-mRNA-1 1102559
.09 maker-161346201-snap-gene-0.6-mRNA-1 1104920
.09 maker-161346201-snap-gene-0.6-mRNA-1 1128643
.42 maker-161346201-snap-gene-0.6-mRNA-1 1107120
.99 maker-168476117-snap-gene-0.8-mRNA-1 1163184
.94 maker-168224420-augustus-gene-0.32-mRNA-1 1162550
.99 maker-168572137-augustus-gene-0.22-mRNA-1 1163367
.99 maker-168109257-snap-gene-0.13-mRNA-1 1163300
.11 maker-168395405-augustus-gene-0.58-mRNA-1 1133047
.88 maker-168395405-augustus-gene-0.58-mRNA-1 1105566
.99 maker-168188476-snap-gene-1.79-mRNA-1 1163115
.99 augustus_masked-168452723-processed-gene-0.1-mRNA-1 1162484
.23 genemark-168492273-processed-gene-0.12-mRNA-1 1103222
.13 genemark-168492273-processed-gene-0.12-mRNA-1 224023
.99 augustus_masked-167819461-processed-gene-0.6-mRNA-1 1163229
.97 maker-168476312-snap-gene-0.13-mRNA-1 1163298
.49 maker-168569133-augustus-gene-0.17-mRNA-1 1105973
.48 maker-168569133-augustus-gene-0.17-mRNA-1 1103177
.99 augustus_masked-168411856-processed-gene-0.4-mRNA-1 1163324
.78 maker-168189353-snap-gene-0.30-mRNA-1 1163306
.13 maker-168189353-snap-gene-0.30-mRNA-1 796636
.99 maker-168551770-augustus-gene-1.58-mRNA-1 1101716
.99 snap_masked-168289165-processed-gene-0.38-mRNA-1 1163043
.24 maker-168509533-augustus-gene-0.10-mRNA-1 1163082
.49 maker-168509533-augustus-gene-0.10-mRNA-1 1163082
.99 maker-168536586-augustus-gene-0.19-mRNA-1 1163225
.17 maker-168577049-augustus-gene-0.10-mRNA-1 1121282
.58 maker-168577049-augustus-gene-0.10-mRNA-1 1163348
.99 maker-168189530-augustus-gene-0.69-mRNA-1 1163125
.72 augustus_masked-163331802-processed-gene-0.0-mRNA-1 1106153
.27 augustus_masked-163331802-processed-gene-0.0-mRNA-1 1105023
.68 maker-168543012-augustus-gene-0.16-mRNA-1 1163309
.18 maker-168543012-augustus-gene-0.16-mRNA-1 1111327
.82 augustus_masked-168139723-processed-gene-0.0-mRNA-1 1162645
.10 augustus_masked-168139723-processed-gene-0.0-mRNA-1 784131
.36 augustus_masked-168226854-processed-gene-0.3-mRNA-1 1119579
.63 augustus_masked-168226854-processed-gene-0.3-mRNA-1 1100956
.28 genemark-168459937-processed-gene-0.62-mRNA-1 1141061
.15 genemark-168459937-processed-gene-0.62-mRNA-1 384560
.14 maker-168526355-augustus-gene-0.6-mRNA-1 1101531
.85 maker-168526355-augustus-gene-0.6-mRNA-1 1101594
.32 genemark-168311486-processed-gene-0.19-mRNA-1 1119872
.14 genemark-168311486-processed-gene-0.19-mRNA-1 470586
.24 maker-168188548-snap-gene-0.80-mRNA-1 1107442
.75 maker-168188548-snap-gene-0.80-mRNA-1 1162609
.99 maker-168520503-snap-gene-0.23-mRNA-1 1163258
.39 augustus_masked-168520551-processed-gene-0.6-mRNA-1 1105511
.59 augustus_masked-168520551-processed-gene-0.6-mRNA-1 1162335
.99 maker-168244258-augustus-gene-0.84-mRNA-1 1101524
.63 augustus_masked-168211093-processed-gene-0.2-mRNA-1 1163287
.26 augustus_masked-168211093-processed-gene-0.2-mRNA-1 1111596
.89 augustus_masked-165118678-processed-gene-0.0-mRNA-1 1103837
.10 augustus_masked-165118678-processed-gene-0.0-mRNA-1 1115448
.98 augustus_masked-168224398-processed-gene-0.0-mRNA-1 1162947
.99 augustus_masked-165338227-processed-gene-0.0-mRNA-1 1111994
.99 maker-167857959-snap-gene-0.18-mRNA-2 1163056
.05 maker-168266860-snap-gene-0.9-mRNA-1 288034
.94 maker-168266860-snap-gene-0.9-mRNA-1 1162656
.99 augustus_masked-168075266-processed-gene-0.4-mRNA-1 1162238
.99 augustus_masked-168570305-processed-gene-0.3-mRNA-1 33824
.99 maker-162924475-augustus-gene-0.3-mRNA-1 1107745
.81 snap_masked-168397681-processed-gene-0.6-mRNA-1 1163256
.03 snap_masked-168397681-processed-gene-0.6-mRNA-1 1135629
.62 maker-167813821-snap-gene-0.18-mRNA-1 1162462
.13 maker-167813821-snap-gene-0.18-mRNA-1 408924
.99 augustus_masked-168444964-processed-gene-0.4-mRNA-1 1162514
.99 snap_masked-168230436-processed-gene-0.5-mRNA-1 1106789
.99 maker-168527738-snap-gene-1.93-mRNA-1 1162188
.99 augustus_masked-168577326-processed-gene-0.2-mRNA-1 1163317
.99 genemark-168563416-processed-gene-0.16-mRNA-1 1121402
.37 maker-168576992-augustus-gene-0.22-mRNA-1 244114
.37 maker-168576992-augustus-gene-0.22-mRNA-1 1148590
.30 maker-168576992-augustus-gene-0.22-mRNA-1 1133901
.26 maker-168576992-augustus-gene-0.22-mRNA-1 1152609
.26 maker-168576992-augustus-gene-0.22-mRNA-1 1153769
.99 augustus_masked-167866883-processed-gene-0.7-mRNA-1 1162343
.99 augustus_masked-168561814-processed-gene-0.4-mRNA-1 1101234
.06 augustus_masked-168513402-processed-gene-0.4-mRNA-1 441712
.93 augustus_masked-168513402-processed-gene-0.4-mRNA-1 1104785
.99 maker-168195094-snap-gene-0.6-mRNA-1 1162223
.98 maker-168560154-snap-gene-0.140-mRNA-1 1163052
.99 maker-167800884-augustus-gene-0.35-mRNA-1 1162259
.65 augustus_masked-168196873-processed-gene-0.1-mRNA-1 1162236
.16 augustus_masked-168196873-processed-gene-0.1-mRNA-1 1104109
.33 maker-167179853-snap-gene-0.5-mRNA-2 1163347
.16 maker-167179853-snap-gene-0.5-mRNA-2 1123320
.14 maker-167179853-snap-gene-0.5-mRNA-2 1101219
.23 maker-168190366-augustus-gene-0.36-mRNA-1 1103687
.76 maker-168190366-augustus-gene-0.36-mRNA-1 1163098
.57 maker-163244313-augustus-gene-0.3-mRNA-1 1102811
.29 maker-163244313-augustus-gene-0.3-mRNA-1 111805
.25 maker-163244313-augustus-gene-0.3-mRNA-1 1130878
.11 maker-163244313-augustus-gene-0.3-mRNA-1 111811
.61 augustus_masked-168442181-processed-gene-0.10-mRNA-1 1115774
.30 augustus_masked-168442181-processed-gene-0.10-mRNA-1 1103245
.96 maker-168577199-snap-gene-0.101-mRNA-1 1163007
.82 maker-168494164-snap-gene-0.44-mRNA-1 1163250
.88 maker-168505222-augustus-gene-0.19-mRNA-1 1163353
.08 maker-168505222-augustus-gene-0.19-mRNA-1 68233
.75 maker-168461588-snap-gene-0.80-mRNA-1 1107280
.99 maker-168577271-augustus-gene-0.26-mRNA-1 1163120
.06 maker-167932267-snap-gene-0.12-mRNA-1 997438
.92 maker-167932267-snap-gene-0.12-mRNA-1 1163222
.45 snap_masked-168522561-processed-gene-0.6-mRNA-1 326168
.31 snap_masked-168522561-processed-gene-0.6-mRNA-1 156789
.99 augustus_masked-167914925-processed-gene-0.1-mRNA-1 1162879
.99 augustus_masked-168453553-processed-gene-0.0-mRNA-1 1162809
.99 augustus_masked-162344264-processed-gene-0.0-mRNA-1 270160
.55 maker-168396446-snap-gene-0.21-mRNA-1 1162252
.65 maker-168568009-snap-gene-0.8-mRNA-1 157970
.29 maker-168568009-snap-gene-0.8-mRNA-1 1104333
.76 snap_masked-168256972-processed-gene-0.3-mRNA-1 1102349
.23 snap_masked-168256972-processed-gene-0.3-mRNA-1 297414
.99 maker-168244743-snap-gene-0.97-mRNA-1 1163216
.99 maker-164099479-snap-gene-0.9-mRNA-1 1163183
.04 maker-168566848-augustus-gene-0.52-mRNA-1 1106924
.94 maker-168566848-augustus-gene-0.52-mRNA-1 1162549
.37 maker-168568376-snap-gene-0.42-mRNA-1 1163326
.15 maker-168568376-snap-gene-0.42-mRNA-1 10412
.15 maker-168568376-snap-gene-0.42-mRNA-1 1119143
.13 maker-168568376-snap-gene-0.42-mRNA-1 10408
.99 augustus_masked-168569475-processed-gene-0.4-mRNA-1 1162742
.99 augustus_masked-166928994-processed-gene-0.0-mRNA-1 1163133
.99 maker-168232706-augustus-gene-0.98-mRNA-1 1162960
.99 maker-168568081-augustus-gene-0.75-mRNA-1 1163181
.32 maker-168191671-snap-gene-0.57-mRNA-1 227111
.56 maker-168191671-snap-gene-0.57-mRNA-1 1111632
.99 maker-168551394-snap-gene-0.19-mRNA-1 1163251
.60 maker-168364901-snap-gene-0.11-mRNA-1 1162701
.39 maker-168364901-snap-gene-0.11-mRNA-1 1162701
.99 augustus_masked-168471689-processed-gene-0.28-mRNA-1 1162867
.99 snap_masked-167809486-processed-gene-0.23-mRNA-1 1162416
.60 maker-168452293-snap-gene-0.31-mRNA-1 1163247
.99 maker-168141143-snap-gene-0.32-mRNA-1 1162786
.99 maker-168184480-snap-gene-0.4-mRNA-1 1162875
.84 maker-168235667-snap-gene-0.76-mRNA-1 1163053
.15 maker-168235667-snap-gene-0.76-mRNA-1 1116414
.99 maker-168001983-augustus-gene-0.36-mRNA-2 1163269
.99 snap_masked-165364180-processed-gene-0.1-mRNA-1 1114763
.99 augustus_masked-165939841-processed-gene-0.0-mRNA-1 165951
.26 maker-168512134-augustus-gene-0.24-mRNA-1 1117519
.15 maker-168512134-augustus-gene-0.24-mRNA-1 1115886
.84 maker-168577033-snap-gene-0.50-mRNA-1 1118927
.99 genemark-164193872-processed-gene-0.0-mRNA-1 1147388
.99 augustus_masked-168405042-processed-gene-0.6-mRNA-1 1162932
.86 maker-168521177-snap-gene-0.17-mRNA-1 1163280
.98 maker-168574618-snap-gene-0.96-mRNA-1 1163312
.70 maker-168297202-snap-gene-0.4-mRNA-1 1110546
.47 maker-168297202-snap-gene-0.4-mRNA-1 1101398
.23 maker-168297202-snap-gene-0.4-mRNA-1 93645
.20 maker-168297202-snap-gene-0.4-mRNA-1 110316
.20 maker-168297202-snap-gene-0.4-mRNA-1 200544
.92 maker-168504579-augustus-gene-0.17-mRNA-1 1101258
.07 maker-168504579-augustus-gene-0.17-mRNA-1 1110733
.24 maker-167995255-snap-gene-0.13-mRNA-1 715956
.73 maker-167995255-snap-gene-0.13-mRNA-1 1126273
.94 maker-168406761-snap-gene-0.40-mRNA-1 1163111
.99 genemark-168122537-processed-gene-0.3-mRNA-1 1163136
.90 maker-168519697-augustus-gene-0.19-mRNA-1 1117447
.09 maker-168519697-augustus-gene-0.19-mRNA-1 1143261
.96 maker-168572757-snap-gene-0.24-mRNA-1 1163166
.01 maker-168572757-snap-gene-0.24-mRNA-1 1134382
.99 snap_masked-168370811-processed-gene-0.10-mRNA-1 1163186
.99 maker-165281831-augustus-gene-0.3-mRNA-1 1163029
.97 genemark-167871894-processed-gene-0.12-mRNA-1 1162788
.22 maker-168241879-augustus-gene-0.8-mRNA-1 1162850
.23 maker-168241879-augustus-gene-0.8-mRNA-1 1103818
.15 maker-168241879-augustus-gene-0.8-mRNA-1 1134831
.14 maker-168241879-augustus-gene-0.8-mRNA-1 1135541
.30 augustus_masked-168517182-processed-gene-0.2-mRNA-1 255025
.42 augustus_masked-168517182-processed-gene-0.2-mRNA-1 1125805
.89 maker-168577112-snap-gene-0.50-mRNA-1 1163268
.48 genemark-168485793-processed-gene-0.30-mRNA-1 1104799
.29 genemark-168485793-processed-gene-0.30-mRNA-1 1128864
.99 maker-168569561-augustus-gene-0.50-mRNA-1 1162619
.96 maker-168560435-snap-gene-0.53-mRNA-1 1163284
.03 maker-168560435-snap-gene-0.53-mRNA-1 1102771
.75 maker-163194786-snap-gene-0.4-mRNA-1 1162313
.24 maker-163194786-snap-gene-0.4-mRNA-1 1114702
.99 maker-168185639-augustus-gene-0.75-mRNA-1 1163123
.99 snap_masked-161872221-processed-gene-0.1-mRNA-1 1162337
.99 augustus_masked-168535656-processed-gene-0.0-mRNA-1 743771
.16 genemark-168302046-processed-gene-0.14-mRNA-1 1120940
.83 genemark-168302046-processed-gene-0.14-mRNA-1 328787
.99 maker-167805059-snap-gene-0.62-mRNA-1 1162266
.02 maker-168288761-augustus-gene-0.13-mRNA-1 1112411
.96 maker-168288761-augustus-gene-0.13-mRNA-1 1163259
.99 genemark-168387603-processed-gene-0.8-mRNA-1 1162387
.76 maker-168390760-snap-gene-0.46-mRNA-1 1163189
.33 augustus_masked-166713843-processed-gene-0.0-mRNA-1 1110060
.66 augustus_masked-166713843-processed-gene-0.0-mRNA-1 1162288
.99 maker-168400262-snap-gene-0.12-mRNA-1 1163073
.60 augustus_masked-168554991-processed-gene-0.8-mRNA-1 1163364
.19 augustus_masked-168554991-processed-gene-0.8-mRNA-1 1114397
.45 maker-167899756-snap-gene-0.51-mRNA-1 173748
.32 maker-167899756-snap-gene-0.51-mRNA-1 1125927
.51 maker-168364698-augustus-gene-0.7-mRNA-1 1163261
.15 maker-168364698-augustus-gene-0.7-mRNA-1 1108865
.99 maker-159518323-augustus-gene-0.3-mRNA-1 1163142
.54 augustus_masked-168187298-processed-gene-0.2-mRNA-1 1163290
.27 maker-168577067-augustus-gene-0.15-mRNA-1 1102087
.71 maker-168577067-augustus-gene-0.15-mRNA-1 44100
.21 maker-166991790-augustus-gene-0.6-mRNA-1 216874
.42 maker-166991790-augustus-gene-0.6-mRNA-1 86260
.07 snap_masked-168408312-processed-gene-0.6-mRNA-1 339844
.85 snap_masked-168408312-processed-gene-0.6-mRNA-1 1106662
.99 snap_masked-168448317-processed-gene-0.14-mRNA-1 1110633
.24 maker-168496454-snap-gene-0.99-mRNA-1 287374
.99 genemark-168253278-processed-gene-0.1-mRNA-1 1110813
.87 snap_masked-168137277-processed-gene-0.14-mRNA-1 1121420
.11 snap_masked-168137277-processed-gene-0.14-mRNA-1 434384
.77 snap_masked-168506167-processed-gene-0.15-mRNA-1 1162938
.30 augustus_masked-168488821-processed-gene-2.10-mRNA-1 1109881
.50 augustus_masked-168488821-processed-gene-2.10-mRNA-1 332353
.99 augustus_masked-168511609-processed-gene-0.4-mRNA-1 1163081
.31 augustus_masked-168560991-processed-gene-0.3-mRNA-1 281422
.68 augustus_masked-168560991-processed-gene-0.3-mRNA-1 415427
.99 genemark-161741964-processed-gene-0.0-mRNA-1 297638
.99 augustus_masked-167807546-processed-gene-0.0-mRNA-1 1158067
.63 maker-168577244-snap-gene-0.25-mRNA-1 1102906
.24 maker-168577244-snap-gene-0.25-mRNA-1 1162898
.99 maker-163558320-augustus-gene-0.3-mRNA-1 1162762
.34 maker-167939701-augustus-gene-0.13-mRNA-2 1102533
.38 maker-167939701-augustus-gene-0.13-mRNA-2 1163129
.92 augustus_masked-168463069-processed-gene-0.0-mRNA-1 1162930
.07 augustus_masked-168463069-processed-gene-0.0-mRNA-1 1121828
.09 augustus_masked-168380280-processed-gene-0.14-mRNA-1 1104570
.89 augustus_masked-168380280-processed-gene-0.14-mRNA-1 1163054
.23 maker-168184771-augustus-gene-0.61-mRNA-1 165197
.01 maker-168184771-augustus-gene-0.61-mRNA-1 1110127
.99 maker-168232291-snap-gene-0.61-mRNA-1 1163179
.96 genemark-168190383-processed-gene-0.4-mRNA-1 1115096
.99 maker-167809119-snap-gene-0.24-mRNA-1 1162666
.32 maker-168377714-augustus-gene-0.42-mRNA-1 1102123
.30 maker-168377714-augustus-gene-0.42-mRNA-1 282005
.23 snap_masked-168369745-processed-gene-0.102-mRNA-1 1113197
.59 snap_masked-168369745-processed-gene-0.102-mRNA-1 332853
.48 maker-168392269-snap-gene-0.64-mRNA-2 1112606
.27 maker-168392269-snap-gene-0.64-mRNA-2 1102861
.99 augustus_masked-164388300-processed-gene-0.0-mRNA-1 1106029
.40 maker-168243758-snap-gene-0.22-mRNA-1 1103963
.24 maker-168243758-snap-gene-0.22-mRNA-1 143328
.15 maker-168243758-snap-gene-0.22-mRNA-1 1102918
.15 maker-168243758-snap-gene-0.22-mRNA-1 1106692
.99 maker-168145983-snap-gene-0.35-mRNA-1 1163371
.50 maker-168058330-snap-gene-0.25-mRNA-1 1101756
.30 maker-168058330-snap-gene-0.25-mRNA-1 1104583
.99 maker-164679375-snap-gene-0.4-mRNA-1 1162423
.99 maker-164679375-snap-gene-0.4-mRNA-1 1162441
.99 augustus_masked-168182664-processed-gene-0.11-mRNA-1 1162480
.99 maker-168368869-augustus-gene-0.9-mRNA-1 1162428
.58 maker-168420388-snap-gene-0.48-mRNA-1 1163318
.28 maker-168420388-snap-gene-0.48-mRNA-1 1101628
.24 maker-168420388-snap-gene-0.48-mRNA-1 1163318
.63 maker-166699177-augustus-gene-0.4-mRNA-1 1163308
.11 maker-166699177-augustus-gene-0.4-mRNA-1 426805
.11 maker-166699177-augustus-gene-0.4-mRNA-1 574937
.11 maker-166699177-augustus-gene-0.4-mRNA-1 1125760
.99 maker-158801656-augustus-gene-0.4-mRNA-1 1163097
.40 maker-168480493-snap-gene-0.35-mRNA-1 1163272
.25 maker-168480493-snap-gene-0.35-mRNA-1 1103751
.19 maker-168480493-snap-gene-0.35-mRNA-1 1163272
.99 augustus_masked-168386339-processed-gene-0.9-mRNA-1 1162286
.39 maker-168277376-augustus-gene-0.56-mRNA-1 1104084
.18 maker-168277376-augustus-gene-0.56-mRNA-1 1101581
.15 maker-168277376-augustus-gene-0.56-mRNA-1 1133994
.14 maker-168277376-augustus-gene-0.56-mRNA-1 1104085
.99 augustus_masked-168556193-processed-gene-0.1-mRNA-1 1162361
.55 maker-168185460-augustus-gene-0.4-mRNA-1 1101725
.27 maker-168185460-augustus-gene-0.4-mRNA-1 1108287
.99 augustus_masked-168544177-processed-gene-0.8-mRNA-1 1102068
.36 maker-168285628-augustus-gene-0.11-mRNA-1 1111040
.41 maker-168285628-augustus-gene-0.11-mRNA-1 1108108
.58 maker-167805054-snap-gene-0.76-mRNA-1 498335
.52 maker-167805054-snap-gene-0.76-mRNA-1 1122289
.51 maker-167805054-snap-gene-0.76-mRNA-1 130118
.33 maker-167805054-snap-gene-0.76-mRNA-1 262469
.34 maker-167805054-snap-gene-0.76-mRNA-1 514192
.99 maker-167925552-augustus-gene-0.48-mRNA-1 1163254
.65 augustus_masked-158905182-processed-gene-0.0-mRNA-1 1162588
.33 augustus_masked-158905182-processed-gene-0.0-mRNA-1 1102370
.58 maker-168372574-snap-gene-0.20-mRNA-1 1163285
.19 maker-168372574-snap-gene-0.20-mRNA-1 296174
.19 maker-168372574-snap-gene-0.20-mRNA-1 232780
.99 augustus_masked-168549370-processed-gene-0.0-mRNA-1 1123932
.99 snap_masked-168184695-processed-gene-0.59-mRNA-1 1162722
.99 augustus_masked-168466428-processed-gene-0.8-mRNA-1 1162745
.99 genemark-162123046-processed-gene-0.1-mRNA-1 1162407
.25 maker-168393731-augustus-gene-0.71-mRNA-1 1102404
.22 maker-168393731-augustus-gene-0.71-mRNA-1 1102119
.12 maker-168393731-augustus-gene-0.71-mRNA-1 1162382
.11 maker-167795162-snap-gene-0.25-mRNA-1 1102080
.86 maker-167795162-snap-gene-0.25-mRNA-1 1115051
.03 augustus_masked-168249855-processed-gene-0.1-mRNA-1 1104101
.92 augustus_masked-168249855-processed-gene-0.1-mRNA-1 1162552
.80 maker-168514404-snap-gene-0.56-mRNA-1 1163161
.14 maker-168514404-snap-gene-0.56-mRNA-1 465847
.99 maker-168409767-augustus-gene-0.35-mRNA-1 1163038
.87 maker-168409188-augustus-gene-0.19-mRNA-1 1162714
.12 maker-168409188-augustus-gene-0.19-mRNA-1 1103188
.86 augustus_masked-168194504-processed-gene-0.12-mRNA-1 1135605
.53 genemark-167794460-processed-gene-0.2-mRNA-1 219617
.87 snap_masked-168315563-processed-gene-0.4-mRNA-1 1163014
.44 maker-166055328-snap-gene-0.4-mRNA-1 1128012
.54 maker-166055328-snap-gene-0.4-mRNA-1 1162543
.99 maker-168251063-augustus-gene-1.60-mRNA-3 1103025
.99 maker-166871210-augustus-gene-0.2-mRNA-1 1113964
.19 augustus_masked-168203006-processed-gene-0.14-mRNA-1 1155681
.80 augustus_masked-168203006-processed-gene-0.14-mRNA-1 1105380
.99 snap_masked-60304503-processed-gene-0.2-mRNA-1 1162222
.99 maker-168536306-augustus-gene-0.61-mRNA-1 1163131
.99 augustus_masked-167799401-processed-gene-0.4-mRNA-1 1162914
.17 maker-168398044-augustus-gene-0.15-mRNA-2 1117489
.77 maker-168398044-augustus-gene-0.15-mRNA-2 1128938
.45 augustus_masked-168406026-processed-gene-0.6-mRNA-1 1105469
.46 augustus_masked-168406026-processed-gene-0.6-mRNA-1 1113133
.24 augustus_masked-168406026-processed-gene-0.6-mRNA-1 1114289
.25 augustus_masked-168406026-processed-gene-0.6-mRNA-1 28352
.99 augustus_masked-168430135-processed-gene-0.12-mRNA-1 1163101
.66 maker-168185324-augustus-gene-0.5-mRNA-1 1163249
.08 maker-168185324-augustus-gene-0.5-mRNA-1 66394
.57 augustus_masked-168186618-processed-gene-0.0-mRNA-1 1163236
.11 augustus_masked-168186618-processed-gene-0.0-mRNA-1 1163236
.07 augustus_masked-168186618-processed-gene-0.0-mRNA-1 1107912
.07 augustus_masked-168186618-processed-gene-0.0-mRNA-1 1101167
.99 augustus_masked-168561832-processed-gene-0.10-mRNA-1 1162957
.99 augustus_masked-166569327-processed-gene-0.1-mRNA-1 1162633
.75 maker-168401677-augustus-gene-1.140-mRNA-1 1162239
.24 maker-168401677-augustus-gene-1.140-mRNA-1 502917
.70 maker-168228879-snap-gene-0.65-mRNA-1 1163019
.21 maker-168228879-snap-gene-0.65-mRNA-1 1110242
.76 augustus_masked-168515357-processed-gene-0.8-mRNA-1 1163153
.14 augustus_masked-70882023-processed-gene-0.0-mRNA-1 1104361
.85 augustus_masked-70882023-processed-gene-0.0-mRNA-1 1103835
.57 genemark-168199944-processed-gene-0.55-mRNA-1 1124496
.37 genemark-168199944-processed-gene-0.55-mRNA-1 1129010
.25 maker-168540420-augustus-gene-0.19-mRNA-2 1101807
.08 maker-168540420-augustus-gene-0.19-mRNA-2 256193
.99 snap_masked-168569311-processed-gene-0.17-mRNA-1 1163233
.62 maker-168515157-augustus-gene-0.4-mRNA-1 1163091
.06 augustus_masked-168485968-processed-gene-0.4-mRNA-1 18181
.93 augustus_masked-168485968-processed-gene-0.4-mRNA-1 1162474
.75 augustus_masked-168490649-processed-gene-0.5-mRNA-1 1163277
.18 genemark-168017464-processed-gene-0.2-mRNA-1 1162745
.74 genemark-168017464-processed-gene-0.2-mRNA-1 1162691
.52 augustus_masked-168188785-processed-gene-0.8-mRNA-1 1162952
.47 augustus_masked-168188785-processed-gene-0.8-mRNA-1 253803
.91 maker-168568796-augustus-gene-0.25-mRNA-1 1162269
.99 snap_masked-168530606-processed-gene-0.85-mRNA-1 1163016
.49 maker-168566255-snap-gene-0.80-mRNA-1 1163293
.28 maker-168566255-snap-gene-0.80-mRNA-1 1163293
.46 maker-166823182-augustus-gene-0.4-mRNA-2 1103524
.32 maker-166823182-augustus-gene-0.4-mRNA-2 1163083
.99 augustus_masked-166451241-processed-gene-0.1-mRNA-1 1114649
.85 maker-168230875-snap-gene-0.18-mRNA-1 1162730
.29 augustus_masked-166403392-processed-gene-0.0-mRNA-1 1163349
.29 augustus_masked-166403392-processed-gene-0.0-mRNA-1 1101244
.99 augustus_masked-168529421-processed-gene-0.1-mRNA-1 1102112
.99 augustus_masked-161960070-processed-gene-0.1-mRNA-1 1162853
.99 maker-168323952-augustus-gene-0.6-mRNA-1 1162254
.64 maker-168501230-snap-gene-0.50-mRNA-1 1105692
.17 maker-168501230-snap-gene-0.50-mRNA-1 267851
.15 maker-168501230-snap-gene-0.50-mRNA-1 484274
.99 maker-168543960-augustus-gene-0.103-mRNA-1 1105216
.26 maker-168252459-augustus-gene-0.29-mRNA-1 1118068
.18 maker-168252459-augustus-gene-0.29-mRNA-1 1128183
.11 maker-168252459-augustus-gene-0.29-mRNA-1 1139215
.07 maker-168252459-augustus-gene-0.29-mRNA-1 1142059
.08 augustus_masked-168475928-processed-gene-0.8-mRNA-1 1142053
.91 augustus_masked-168475928-processed-gene-0.8-mRNA-1 1162622
.61 maker-163782445-snap-gene-0.3-mRNA-1 1114866
.38 maker-163782445-snap-gene-0.3-mRNA-1 1119494
.77 augustus_masked-168432818-processed-gene-0.11-mRNA-1 1162646
.22 augustus_masked-168432818-processed-gene-0.11-mRNA-1 390180
.22 maker-168467618-augustus-gene-0.44-mRNA-1 1114132
.77 maker-168467618-augustus-gene-0.44-mRNA-1 1163087
.20 maker-168184200-augustus-gene-0.8-mRNA-1 1163274
.18 snap_masked-167906892-processed-gene-0.5-mRNA-1 1150331
.56 snap_masked-167906892-processed-gene-0.5-mRNA-1 1101824
.74 augustus_masked-168398641-processed-gene-0.11-mRNA-1 1122871
.99 augustus_masked-168320792-processed-gene-0.9-mRNA-1 1102641
.99 augustus_masked-166998920-processed-gene-0.1-mRNA-1 1162935
.99 augustus_masked-168577059-processed-gene-0.2-mRNA-1 1162513
.74 augustus_masked-168577059-processed-gene-0.2-mRNA-1 1131757
.99 augustus_masked-161295918-processed-gene-0.0-mRNA-1 1162294
.99 maker-166471144-snap-gene-0.4-mRNA-1 1162572
.34 maker-166471144-snap-gene-0.4-mRNA-1 843808
.99 augustus_masked-168026261-processed-gene-0.2-mRNA-1 1162740
.81 augustus_masked-168026261-processed-gene-0.2-mRNA-1 1107813
.99 augustus_masked-10930138-processed-gene-0.0-mRNA-1 1162380
.95 maker-168437394-snap-gene-0.101-mRNA-1 1163306
.60 maker-168577036-snap-gene-2.115-mRNA-1 1163292
.34 maker-168577036-snap-gene-2.115-mRNA-1 1110227
.99 snap_masked-168188494-processed-gene-0.13-mRNA-1 1163239
.84 maker-168190120-snap-gene-0.81-mRNA-1 1163366
.99 maker-168187810-augustus-gene-0.25-mRNA-1 1135577
.99 snap_masked-167868242-processed-gene-0.42-mRNA-1 1115103
.18 maker-168450731-augustus-gene-0.65-mRNA-1 1158061
.81 maker-168450731-augustus-gene-0.65-mRNA-1 1163080
.99 maker-168348371-augustus-gene-0.41-mRNA-1 1162267
.64 maker-168223430-augustus-gene-0.87-mRNA-1 1163333
.03 augustus_masked-168282796-processed-gene-0.4-mRNA-1 283628
.88 augustus_masked-168282796-processed-gene-0.4-mRNA-1 1162298
.53 maker-168521003-snap-gene-0.84-mRNA-1 1162858
.40 maker-168440991-snap-gene-0.30-mRNA-1 1163297
.28 maker-168440991-snap-gene-0.30-mRNA-1 1163297
.58 snap_masked-168476454-processed-gene-0.14-mRNA-1 1113168
.41 snap_masked-168476454-processed-gene-0.14-mRNA-1 1149672
.99 maker-168245566-augustus-gene-0.17-mRNA-1 1163037
.65 snap_masked-168534233-processed-gene-0.46-mRNA-1 1114630
.38 snap_masked-168534233-processed-gene-0.46-mRNA-1 366572
.27 snap_masked-168534233-processed-gene-0.46-mRNA-1 683751
.99 snap_masked-166519591-processed-gene-0.3-mRNA-1 1162795
.75 maker-168322221-augustus-gene-0.32-mRNA-1 1163188
.12 maker-168322221-augustus-gene-0.32-mRNA-1 1102090
.99 snap_masked-168566185-processed-gene-0.35-mRNA-1 1118438
.99 augustus_masked-168247940-processed-gene-0.9-mRNA-1 1106550
.66 maker-167835609-snap-gene-0.14-mRNA-2 1119451
.15 maker-167835609-snap-gene-0.14-mRNA-2 529960
.99 maker-168196537-augustus-gene-1.119-mRNA-2 1101426
.58 augustus_masked-168493671-processed-gene-0.0-mRNA-1 1103918
.34 augustus_masked-168493671-processed-gene-0.0-mRNA-1 1155664
.43 augustus_masked-168512396-processed-gene-0.0-mRNA-1 1162292
.35 augustus_masked-168512396-processed-gene-0.0-mRNA-1 1107169
.31 augustus_masked-168512396-processed-gene-0.0-mRNA-1 1155202
.08 maker-166445120-snap-gene-0.5-mRNA-1 323911
.90 maker-166445120-snap-gene-0.5-mRNA-1 1163156
.99 maker-167793430-augustus-gene-0.24-mRNA-1 1162939
.40 maker-168460192-snap-gene-0.52-mRNA-1 1104365
.22 maker-168460192-snap-gene-0.52-mRNA-1 1128955
.10 maker-168460192-snap-gene-0.52-mRNA-1 1105448
.98 maker-168506480-snap-gene-0.28-mRNA-1 1135442
.99 maker-168191989-augustus-gene-0.21-mRNA-1 1162577
.99 augustus_masked-168252929-processed-gene-0.3-mRNA-1 1162362
.99 maker-168408172-snap-gene-0.115-mRNA-1 1163167
.08 maker-168189447-snap-gene-0.86-mRNA-1 1105763
.90 maker-168189447-snap-gene-0.86-mRNA-1 1163071
.76 maker-168340805-snap-gene-0.52-mRNA-1 1163050
.10 maker-168340805-snap-gene-0.52-mRNA-1 1110501
.08 maker-168340805-snap-gene-0.52-mRNA-1 1127084
.99 augustus_masked-168185204-processed-gene-0.2-mRNA-1 1162635
.75 maker-167002919-augustus-gene-0.3-mRNA-1 1163162
.10 maker-167002919-augustus-gene-0.3-mRNA-1 1103650
.05 maker-167002919-augustus-gene-0.3-mRNA-1 1118337
.99 maker-168042630-augustus-gene-0.31-mRNA-1 1163275
.94 maker-168506772-augustus-gene-0.109-mRNA-1 1113640
.05 maker-168506772-augustus-gene-0.109-mRNA-1 1114827
.93 maker-168528968-snap-gene-1.110-mRNA-1 1106645
.71 maker-161787807-augustus-gene-0.3-mRNA-1 1163109
.17 maker-161787807-augustus-gene-0.3-mRNA-1 1119093
.57 maker-167152112-snap-gene-0.6-mRNA-1 1106122
.36 maker-167152112-snap-gene-0.6-mRNA-1 1138487
.99 maker-168535121-snap-gene-0.18-mRNA-1 1163327
.99 maker-167882262-augustus-gene-0.10-mRNA-1 1162318
.99 augustus_masked-168515018-processed-gene-0.3-mRNA-1 1162738
.99 snap_masked-168279073-processed-gene-0.5-mRNA-1 1140925
.94 snap_masked-168279073-processed-gene-0.5-mRNA-1 196657
.94 maker-168536044-snap-gene-0.41-mRNA-1 1163263
.86 maker-168191225-augustus-gene-0.31-mRNA-1 1163352
.99 augustus_masked-168469407-processed-gene-0.1-mRNA-1 1162915
.99 snap_masked-168550493-processed-gene-0.58-mRNA-1 1101077
.43 maker-168571131-snap-gene-0.43-mRNA-2 1125304
.28 maker-168571131-snap-gene-0.43-mRNA-2 1103549
.12 maker-168571131-snap-gene-0.43-mRNA-2 1108579
.79 maker-168304305-snap-gene-0.22-mRNA-1 1163288
.12 maker-168304305-snap-gene-0.22-mRNA-1 556294
.15 genemark-168577349-processed-gene-0.32-mRNA-1 1142285
.75 genemark-168577349-processed-gene-0.32-mRNA-1 1124422
.75 maker-164287066-augustus-gene-0.3-mRNA-1 1102841
.99 augustus_masked-168409116-processed-gene-0.2-mRNA-1 1162819
.98 maker-168188023-augustus-gene-0.37-mRNA-1 1163330
.84 augustus_masked-168548427-processed-gene-0.5-mRNA-1 1123429
.15 augustus_masked-168548427-processed-gene-0.5-mRNA-1 1101326
.99 maker-167898736-augustus-gene-0.47-mRNA-1 1163207
.99 maker-168518972-augustus-gene-0.42-mRNA-1 1104076
.99 augustus_masked-168566824-processed-gene-0.6-mRNA-1 1163202
.40 maker-168438263-snap-gene-0.41-mRNA-1 1110998
.29 maker-168438263-snap-gene-0.41-mRNA-1 1117142
.33 maker-168438263-snap-gene-0.41-mRNA-1 294428
.24 maker-168438263-snap-gene-0.41-mRNA-1 1103255
.24 maker-168438263-snap-gene-0.41-mRNA-1 1119619
.99 augustus_masked-163401909-processed-gene-0.0-mRNA-1 1124506
.44 maker-168488694-augustus-gene-0.34-mRNA-1 1162297
.18 maker-168488694-augustus-gene-0.34-mRNA-1 62971
.32 maker-168081439-snap-gene-0.12-mRNA-3 1106416
.55 maker-168081439-snap-gene-0.12-mRNA-3 1121699
.96 maker-168187042-snap-gene-0.41-mRNA-1 1163237
.99 augustus_masked-168186823-processed-gene-0.3-mRNA-1 1163374
.12 augustus_masked-168567162-processed-gene-0.0-mRNA-1 1110203
.81 augustus_masked-168567162-processed-gene-0.0-mRNA-1 1163149
.39 maker-168184455-augustus-gene-0.16-mRNA-1 1163223
.12 maker-168184455-augustus-gene-0.16-mRNA-1 1104039
.11 maker-168184455-augustus-gene-0.16-mRNA-1 1136029
.99 maker-166007438-augustus-gene-0.3-mRNA-1 1162737
.99 augustus_masked-159044015-processed-gene-0.0-mRNA-1 1163112
.64 snap_masked-168179038-processed-gene-0.12-mRNA-1 1106978
.27 snap_masked-168179038-processed-gene-0.12-mRNA-1 182716
.99 maker-168495877-snap-gene-1.101-mRNA-1 1162816
.05 maker-168562322-augustus-gene-0.61-mRNA-1 184764
.91 maker-168562322-augustus-gene-0.61-mRNA-1 1163174
.82 maker-168577031-augustus-gene-0.26-mRNA-1 1162826
.13 maker-168577031-augustus-gene-0.26-mRNA-1 1101906
.99 snap_masked-168520014-processed-gene-0.62-mRNA-1 1162359
.99 augustus_masked-162342153-processed-gene-0.1-mRNA-1 1162544
.78 maker-168334701-augustus-gene-0.20-mRNA-1 1163270
.21 maker-168334701-augustus-gene-0.20-mRNA-1 321620
.99 maker-168397484-snap-gene-0.41-mRNA-2 1163336
.59 maker-168190028-augustus-gene-0.98-mRNA-1 1163354
.97 snap_masked-168558794-processed-gene-0.72-mRNA-1 1162908
.52 genemark-167737533-processed-gene-0.0-mRNA-1 1105317
.31 genemark-167737533-processed-gene-0.0-mRNA-1 1135099
.99 augustus_masked-168236962-processed-gene-0.0-mRNA-1 1162421
.01 maker-168338572-augustus-gene-0.35-mRNA-1 164156
.97 maker-168338572-augustus-gene-0.35-mRNA-1 1163345
.40 maker-164622502-snap-gene-0.4-mRNA-1 1105082
.39 maker-164622502-snap-gene-0.4-mRNA-1 1110239
.99 maker-168263051-snap-gene-0.134-mRNA-1 1109815
.35 augustus_masked-168076689-processed-gene-0.0-mRNA-1 1163235
.64 augustus_masked-168076689-processed-gene-0.0-mRNA-1 1163235
.57 augustus_masked-168548800-processed-gene-0.13-mRNA-1 1108477
.23 augustus_masked-168548800-processed-gene-0.13-mRNA-1 1128858
.99 snap_masked-168540542-processed-gene-0.21-mRNA-1 1107070
.99 augustus_masked-158845547-processed-gene-0.0-mRNA-1 1162943
.99 maker-167814208-snap-gene-0.45-mRNA-1 1163320
.99 augustus_masked-168294296-processed-gene-0.0-mRNA-1 1115798
.35 maker-161890636-augustus-gene-0.3-mRNA-1 1161460
.63 maker-161890636-augustus-gene-0.3-mRNA-1 1162531
.99 augustus_masked-168315595-processed-gene-0.21-mRNA-1 1162686
.66 maker-168173421-augustus-gene-0.17-mRNA-1 1162693
.21 maker-168173421-augustus-gene-0.17-mRNA-1 1126977
.15 maker-168173421-augustus-gene-0.17-mRNA-1 1137012
.08 augustus_masked-168212216-processed-gene-0.7-mRNA-1 435369
.91 augustus_masked-168212216-processed-gene-0.7-mRNA-1 1162506
.82 snap_masked-168492169-processed-gene-0.15-mRNA-1 1162668
.85 maker-168191458-augustus-gene-0.89-mRNA-1 1162209
.14 maker-168191458-augustus-gene-0.89-mRNA-1 182138
.99 maker-168557063-augustus-gene-0.135-mRNA-1 1162913
.96 maker-168264554-augustus-gene-0.23-mRNA-1 1162757
.03 maker-168264554-augustus-gene-0.23-mRNA-1 1112254
.95 snap_masked-168347892-processed-gene-0.21-mRNA-1 1123664
.56 augustus_masked-168548264-processed-gene-0.10-mRNA-1 1103557
.42 augustus_masked-168548264-processed-gene-0.10-mRNA-1 1126573
.99 augustus_masked-168204580-processed-gene-0.1-mRNA-1 1102812
.72 maker-167826274-snap-gene-0.11-mRNA-1 1162599
.14 maker-167826274-snap-gene-0.11-mRNA-1 1102183
.99 maker-167124403-augustus-gene-0.6-mRNA-1 1162799
.99 maker-167918114-snap-gene-0.97-mRNA-1 1112015
.99 augustus_masked-166290839-processed-gene-0.1-mRNA-1 1162955
.08 augustus_masked-52956962-processed-gene-0.1-mRNA-1 600574
.87 augustus_masked-52956962-processed-gene-0.1-mRNA-1 1102806
.37 maker-168499626-augustus-gene-0.26-mRNA-1 81546
.20 maker-168499626-augustus-gene-0.26-mRNA-1 1102286
.99 augustus_masked-167839041-processed-gene-0.4-mRNA-1 1163041
.51 maker-168184630-snap-gene-0.7-mRNA-1 1163260
.34 maker-168184630-snap-gene-0.7-mRNA-1 1104170
.99 snap_masked-168455519-processed-gene-0.93-mRNA-1 1163175
.99 maker-167859637-augustus-gene-0.20-mRNA-2 1162892
.99 augustus_masked-168529717-processed-gene-0.9-mRNA-1 1162768
.99 augustus_masked-168484242-processed-gene-0.4-mRNA-1 1107553
.99 snap_masked-168439865-processed-gene-0.22-mRNA-1 1162636
.77 maker-168113162-augustus-gene-0.44-mRNA-1 1163099
.22 maker-168113162-augustus-gene-0.44-mRNA-1 83615
.99 maker-168091740-augustus-gene-0.10-mRNA-1 1163351
.70 maker-168188226-snap-gene-0.56-mRNA-1 1163255
.21 maker-168499058-augustus-gene-0.12-mRNA-1 148068
.32 maker-168499058-augustus-gene-0.12-mRNA-1 148072
.48 maker-168471627-augustus-gene-0.33-mRNA-1 1145663
.51 maker-168471627-augustus-gene-0.33-mRNA-1 1162838
.99 snap_masked-161887934-processed-gene-0.2-mRNA-1 1162413
.99 augustus_masked-167887692-processed-gene-0.2-mRNA-1 1162347
.99 snap_masked-167871241-processed-gene-0.55-mRNA-1 1162420
.96 maker-166550418-snap-gene-0.4-mRNA-1 1123030
.99 augustus_masked-168125127-processed-gene-0.3-mRNA-1 1106690
.99 snap_masked-168345598-processed-gene-0.47-mRNA-1 1162721
0 maker-168188982-augustus-gene-0.109-mRNA-1 1153051
.99 maker-168188982-augustus-gene-0.109-mRNA-1 1163373
.40 genemark-168455225-processed-gene-0.9-mRNA-1 1103256
.54 genemark-168455225-processed-gene-0.9-mRNA-1 1102522
.94 maker-168191772-augustus-gene-0.65-mRNA-2 1163372
.99 augustus_masked-168541497-processed-gene-0.4-mRNA-1 1162338
.99 snap_masked-167798297-processed-gene-0.120-mRNA-1 1162585
.98 maker-168353471-snap-gene-0.52-mRNA-1 1163355
.94 maker-164331599-augustus-gene-0.4-mRNA-1 1163151
.03 maker-164331599-augustus-gene-0.4-mRNA-1 938477
.34 augustus_masked-167045582-processed-gene-0.0-mRNA-1 1148463
.30 augustus_masked-167045582-processed-gene-0.0-mRNA-1 1149987
.99 augustus_masked-168354898-processed-gene-0.1-mRNA-1 1162276
.99 augustus_masked-168571640-processed-gene-0.0-mRNA-1 1162837
.85 augustus_masked-168196227-processed-gene-0.0-mRNA-1 1109461
.14 augustus_masked-168196227-processed-gene-0.0-mRNA-1 1149682
.24 snap_masked-168510113-processed-gene-0.6-mRNA-1 1118424
.38 snap_masked-168510113-processed-gene-0.6-mRNA-1 1102337
.96 maker-167962312-augustus-gene-0.13-mRNA-1 1163130
.99 augustus_masked-168190522-processed-gene-0.8-mRNA-1 1162375
.59 maker-168294041-snap-gene-0.8-mRNA-1 1114814
.31 maker-168294041-snap-gene-0.8-mRNA-1 271570
.99 augustus_masked-168222290-processed-gene-0.1-mRNA-1 1163013
.50 augustus_masked-168221913-processed-gene-0.0-mRNA-1 1102466
.38 augustus_masked-168221913-processed-gene-0.0-mRNA-1 138666
.68 augustus_masked-168369921-processed-gene-0.0-mRNA-1 1162865
.55 augustus_masked-168369921-processed-gene-0.0-mRNA-1 192250
.14 augustus_masked-168369921-processed-gene-0.0-mRNA-1 1108385
.08 augustus_masked-168369921-processed-gene-0.0-mRNA-1 1108383
.09 augustus_masked-168369921-processed-gene-0.0-mRNA-1 1133050
.99 maker-168534490-augustus-gene-0.53-mRNA-1 1163049
.07 maker-162497958-snap-gene-0.4-mRNA-1 1116333
.92 maker-162497958-snap-gene-0.4-mRNA-1 1163279
.35 maker-166368414-snap-gene-0.8-mRNA-1 294829
.60 maker-166368414-snap-gene-0.8-mRNA-1 1109929
.99 augustus_masked-168441029-processed-gene-0.6-mRNA-1 1103788
.99 augustus_masked-168572667-processed-gene-0.17-mRNA-1 1162400
.99 maker-158724961-augustus-gene-0.3-mRNA-1 1162177
.99 maker-168122889-augustus-gene-0.18-mRNA-1 1163070
.99 augustus_masked-168406049-processed-gene-0.11-mRNA-1 1162724
.99 snap_masked-168555415-processed-gene-1.57-mRNA-1 297005
.02 maker-168506093-augustus-gene-0.87-mRNA-1 1101333
.90 maker-168506093-augustus-gene-0.87-mRNA-1 1163368
.99 augustus_masked-168425098-processed-gene-0.6-mRNA-1 1135990
.99 maker-166815308-snap-gene-0.4-mRNA-1 1162709
.99 snap_masked-168568076-processed-gene-0.22-mRNA-1 1126280
.80 augustus_masked-168333459-processed-gene-0.5-mRNA-1 1152468
.19 augustus_masked-168333459-processed-gene-0.5-mRNA-1 1112515
.99 maker-168356371-augustus-gene-0.8-mRNA-1 1163341
.99 augustus_masked-168427442-processed-gene-0.25-mRNA-1 1163218
.99 maker-168460542-augustus-gene-0.15-mRNA-1 1162265
.47 maker-167195305-snap-gene-0.4-mRNA-1 1113588
.37 maker-167195305-snap-gene-0.4-mRNA-1 1116924
.99 maker-168274565-snap-gene-0.117-mRNA-1 1162431
.99 maker-166997068-snap-gene-0.6-mRNA-1 1162750
.99 maker-166997068-snap-gene-0.6-mRNA-2 1162750
.05 maker-168473473-snap-gene-0.16-mRNA-1 1147223
.74 maker-168473473-snap-gene-0.16-mRNA-1 1104263
.88 maker-168444607-augustus-gene-0.99-mRNA-1 1162953
.92 augustus_masked-168296913-processed-gene-0.0-mRNA-1 1127328
.59 augustus_masked-168296913-processed-gene-0.0-mRNA-1 1112739
.64 augustus_masked-168296913-processed-gene-0.0-mRNA-1 707620
.99 augustus_masked-168358718-processed-gene-0.0-mRNA-1 1110482
.99 snap_masked-168568593-processed-gene-0.33-mRNA-1 1101026
.99 augustus_masked-167892059-processed-gene-0.1-mRNA-1 1134253
.24 maker-168242180-augustus-gene-0.67-mRNA-1 1163296
.21 maker-168242180-augustus-gene-0.67-mRNA-1 1123835
.75 maker-168519607-augustus-gene-0.31-mRNA-1 1163323
.09 maker-168519607-augustus-gene-0.31-mRNA-1 1163323
.99 augustus_masked-167963717-processed-gene-0.3-mRNA-1 1163224
.13 maker-168548970-snap-gene-0.79-mRNA-1 283998
.78 maker-168548970-snap-gene-0.79-mRNA-1 1162508
.99 augustus_masked-168400098-processed-gene-0.9-mRNA-1 1106756
.92 maker-168483729-augustus-gene-0.66-mRNA-2 1163350
.99 maker-168553562-augustus-gene-0.42-mRNA-1 1162405
.99 augustus_masked-168573503-processed-gene-0.30-mRNA-1 1162824
.99 augustus_masked-168571648-processed-gene-0.5-mRNA-1 1110792
.99 maker-168540384-augustus-gene-0.69-mRNA-1 1101387
.99 augustus_masked-168184283-processed-gene-0.10-mRNA-1 1163168
.99 maker-168342093-augustus-gene-0.122-mRNA-2 1162630
.56 maker-168353449-snap-gene-0.64-mRNA-1 1108490
.14 maker-168353449-snap-gene-0.64-mRNA-1 281408
.26 maker-168545115-augustus-gene-0.6-mRNA-1 1102939
.48 maker-168545115-augustus-gene-0.6-mRNA-1 1101196
.99 augustus_masked-168186752-processed-gene-0.12-mRNA-1 1162225
.99 augustus_masked-168012267-processed-gene-0.4-mRNA-1 1148198
.30 maker-168430973-augustus-gene-0.18-mRNA-1 1158056
.14 maker-168430973-augustus-gene-0.18-mRNA-1 1104043
.79 maker-168184203-snap-gene-0.7-mRNA-1 1162383
.06 maker-168230367-augustus-gene-0.57-mRNA-1 1125406
.93 maker-168230367-augustus-gene-0.57-mRNA-1 70018
.99 maker-167983078-snap-gene-0.18-mRNA-1 1101790
.99 augustus_masked-168520651-processed-gene-0.5-mRNA-1 1105888
.97 maker-168550123-snap-gene-0.82-mRNA-1 1163305
.38 augustus_masked-168189426-processed-gene-0.12-mRNA-1 1146883
.45 augustus_masked-168189426-processed-gene-0.12-mRNA-1 1163158
.96 maker-168257000-augustus-gene-0.12-mRNA-1 1163147
.99 snap_masked-168577362-processed-gene-0.87-mRNA-1 1107869
.87 maker-168453090-snap-gene-0.20-mRNA-1 1101253
.40 genemark-168406512-processed-gene-0.3-mRNA-1 1111656
.36 genemark-168406512-processed-gene-0.3-mRNA-1 1115807
.35 genemark-168406512-processed-gene-0.3-mRNA-1 1112532
.15 genemark-168406512-processed-gene-0.3-mRNA-1 1105478
.07 genemark-168406512-processed-gene-0.3-mRNA-1 1144255
.81 maker-168496311-augustus-gene-0.12-mRNA-1 1162330
.99 augustus_masked-168254730-processed-gene-0.12-mRNA-1 1162401
.99 maker-168273524-snap-gene-0.78-mRNA-1 1162651
.70 augustus_masked-168559106-processed-gene-0.0-mRNA-1 1132574
.20 augustus_masked-168559106-processed-gene-0.0-mRNA-1 1101128
.99 snap_masked-168233418-processed-gene-0.135-mRNA-1 1162304
.65 snap_masked-168233418-processed-gene-0.135-mRNA-1 271762
.82 augustus_masked-168189641-processed-gene-0.1-mRNA-1 1106065
.16 augustus_masked-168189641-processed-gene-0.1-mRNA-1 1025063
.99 maker-167834296-augustus-gene-0.70-mRNA-1 1100981
.99 augustus_masked-168546731-processed-gene-0.14-mRNA-1 1162396
.99 snap_masked-168454869-processed-gene-0.56-mRNA-1 1163178
.99 genemark-162620806-processed-gene-0.0-mRNA-1 1127829
.99 genemark-162620806-processed-gene-0.0-mRNA-1 1118920
.98 maker-168577416-augustus-gene-0.94-mRNA-1 1163118
.99 maker-168205206-augustus-gene-0.56-mRNA-1 1162327
.99 maker-168399729-snap-gene-0.87-mRNA-1 1162433
.81 maker-168256776-augustus-gene-0.21-mRNA-1 1162282
.09 maker-168256776-augustus-gene-0.21-mRNA-1 860615
.35 maker-168496972-augustus-gene-0.7-mRNA-1 1109011
.64 maker-168496972-augustus-gene-0.7-mRNA-1 1112313
.99 snap_masked-168468504-processed-gene-0.21-mRNA-1 1103447
.99 maker-168268330-augustus-gene-0.4-mRNA-1 1162605
.99 augustus_masked-168230286-processed-gene-0.5-mRNA-1 1162248
.82 snap_masked-168550846-processed-gene-0.67-mRNA-1 1111158
.99 augustus_masked-168573544-processed-gene-0.4-mRNA-1 1162521
.96 maker-168243982-snap-gene-0.35-mRNA-1 1163314
.10 maker-168526287-augustus-gene-0.62-mRNA-1 1125961
.81 maker-168526287-augustus-gene-0.62-mRNA-1 1163026
.99 maker-168444234-augustus-gene-0.45-mRNA-1 1162780
.01 augustus_masked-168189887-processed-gene-0.6-mRNA-1 1103843
.99 augustus_masked-168182674-processed-gene-0.3-mRNA-1 1163154
.99 snap_masked-168388819-processed-gene-0.5-mRNA-1 1162814
.99 augustus_masked-167879728-processed-gene-0.3-mRNA-1 1162451
.99 snap_masked-168029313-processed-gene-0.20-mRNA-1 1163036
.93 augustus_masked-167989128-processed-gene-0.1-mRNA-1 1163359
.06 augustus_masked-167989128-processed-gene-0.1-mRNA-1 1112908
.10 augustus_masked-168185575-processed-gene-0.0-mRNA-1 268274
.88 augustus_masked-168185575-processed-gene-0.0-mRNA-1 1163369
.62 maker-168552279-augustus-gene-0.53-mRNA-1 1162575
.17 maker-168552279-augustus-gene-0.53-mRNA-1 240174
.57 genemark-168178316-processed-gene-0.11-mRNA-1 1162578
.20 genemark-168178316-processed-gene-0.11-mRNA-1 391322
.99 snap_masked-168489523-processed-gene-0.98-mRNA-1 1162940
.99 maker-168273217-augustus-gene-0.43-mRNA-2 1162846
.99 augustus_masked-168346053-processed-gene-0.7-mRNA-1 1162839
.39 augustus_masked-168260150-processed-gene-0.3-mRNA-1 1115731
.59 augustus_masked-168260150-processed-gene-0.3-mRNA-1 471702
.82 maker-168363358-snap-gene-0.7-mRNA-1 1162206
.15 maker-168363358-snap-gene-0.7-mRNA-1 477549
.99 maker-168188785-snap-gene-0.89-mRNA-1 1103459
.14 augustus_masked-168188112-processed-gene-0.0-mRNA-1 1113813
.85 augustus_masked-168188112-processed-gene-0.0-mRNA-1 347634
.99 augustus_masked-168550589-processed-gene-0.17-mRNA-1 1163121
.99 augustus_masked-168333925-processed-gene-0.9-mRNA-1 1162931
.95 maker-168348985-snap-gene-0.50-mRNA-1 1162495
.99 genemark-168350051-processed-gene-1.41-mRNA-1 1162326
.99 augustus_masked-168549252-processed-gene-0.12-mRNA-1 1162874
.56 augustus_masked-168185435-processed-gene-0.1-mRNA-1 1162695
.25 augustus_masked-168185435-processed-gene-0.1-mRNA-1 1117780
.82 augustus_masked-168255802-processed-gene-0.0-mRNA-1 368140
.12 augustus_masked-168255802-processed-gene-0.0-mRNA-1 664382
.12 augustus_masked-168255802-processed-gene-0.0-mRNA-1 960951
.12 augustus_masked-168255802-processed-gene-0.0-mRNA-1 989626
.11 augustus_masked-168255802-processed-gene-0.0-mRNA-1 1119057
.69 genemark-168403482-processed-gene-0.4-mRNA-1 1139035
.26 genemark-168403482-processed-gene-0.4-mRNA-1 1127251
.99 maker-168568823-augustus-gene-1.72-mRNA-1 1162951
.98 maker-167978148-snap-gene-0.18-mRNA-1 1162403
.99 augustus_masked-168189867-processed-gene-0.9-mRNA-1 1162257
.99 augustus_masked-168184992-processed-gene-0.7-mRNA-1 1163042
.99 maker-168536809-augustus-gene-0.133-mRNA-1 1162358
.84 snap_masked-168570852-processed-gene-0.60-mRNA-1 192250
.07 snap_masked-168570852-processed-gene-0.60-mRNA-1 739654
.97 maker-168551506-augustus-gene-0.32-mRNA-1 1163346
.09 augustus_masked-164901387-processed-gene-0.0-mRNA-1 384361
.90 augustus_masked-164901387-processed-gene-0.0-mRNA-1 1162707
.12 augustus_masked-161866779-processed-gene-0.0-mRNA-1 1126284
.77 augustus_masked-161866779-processed-gene-0.0-mRNA-1 224109
.99 snap_masked-166753401-processed-gene-0.3-mRNA-1 1163092
.17 snap_masked-166241652-processed-gene-0.2-mRNA-1 1101215
.82 snap_masked-166241652-processed-gene-0.2-mRNA-1 1101721
.05 augustus_masked-168547704-processed-gene-0.10-mRNA-1 1104501
.94 augustus_masked-168547704-processed-gene-0.10-mRNA-1 1163069
.99 genemark-168035315-processed-gene-0.19-mRNA-1 1162760
.15 maker-168241522-snap-gene-0.34-mRNA-1 268298
.66 maker-168241522-snap-gene-0.34-mRNA-1 1163252
.99 snap_masked-168493775-processed-gene-0.11-mRNA-1 1162581
.08 maker-168235396-augustus-gene-0.45-mRNA-1 1120714
.86 maker-168235396-augustus-gene-0.45-mRNA-1 1163062
.65 maker-168190416-augustus-gene-0.18-mRNA-1 1163310
.21 maker-168190416-augustus-gene-0.18-mRNA-1 1130271
.99 augustus_masked-163586797-processed-gene-0.0-mRNA-1 1162564
.99 maker-167504220-augustus-gene-0.4-mRNA-1 1162365
.26 maker-168505505-snap-gene-0.12-mRNA-1 1143620
.73 maker-168505505-snap-gene-0.12-mRNA-1 1162860
.39 maker-168075387-snap-gene-0.52-mRNA-1 1103346
.40 maker-168075387-snap-gene-0.52-mRNA-1 1162649
.99 maker-168552472-augustus-gene-1.69-mRNA-1 1163058
.25 maker-168547667-augustus-gene-1.117-mRNA-1 1104421
.74 maker-168547667-augustus-gene-1.117-mRNA-1 1101666
.77 maker-168134045-augustus-gene-0.19-mRNA-1 1163117
.14 maker-168134045-augustus-gene-0.19-mRNA-1 1105477
.09 maker-168134045-augustus-gene-0.19-mRNA-1 1124997
.88 maker-168268636-augustus-gene-0.5-mRNA-2 1163376
.99 maker-168252735-augustus-gene-2.124-mRNA-1 1162610
.98 maker-168336300-augustus-gene-0.21-mRNA-1 1163035
.99 maker-75264706-snap-gene-0.4-mRNA-1 1162268
.52 snap_masked-167545665-processed-gene-0.2-mRNA-1 1101572
.34 snap_masked-167545665-processed-gene-0.2-mRNA-1 1112289
.22 snap_masked-167545665-processed-gene-0.2-mRNA-1 1108073
.18 snap_masked-167545665-processed-gene-0.2-mRNA-1 154848
.32 maker-168228037-augustus-gene-0.72-mRNA-1 1106783
.67 maker-168228037-augustus-gene-0.72-mRNA-1 1103991
.99 maker-168556801-augustus-gene-0.41-mRNA-1 1163289
.99 maker-168403627-snap-gene-0.25-mRNA-1 1162386
.99 snap_masked-168545206-processed-gene-0.41-mRNA-1 1162353
.81 maker-166126260-augustus-gene-0.3-mRNA-1 1162598
.14 maker-166126260-augustus-gene-0.3-mRNA-1 277968
.10 maker-168533561-snap-gene-0.36-mRNA-1 1119888
.78 maker-168533561-snap-gene-0.36-mRNA-1 1163344
.66 maker-168467335-snap-gene-0.115-mRNA-1 1163334
.32 maker-168571015-augustus-gene-0.34-mRNA-1 1162308
.30 maker-168571015-augustus-gene-0.34-mRNA-1 1102425
.28 maker-168571015-augustus-gene-0.34-mRNA-1 1110357
.99 augustus_masked-168501066-processed-gene-0.0-mRNA-1 1163085
.99 maker-168186346-augustus-gene-0.61-mRNA-1 1162796
.94 maker-168224420-augustus-gene-0.31-mRNA-1 1162823
.05 maker-168224420-augustus-gene-0.31-mRNA-1 383294
.04 maker-168224420-augustus-gene-0.31-mRNA-1 1023845
.99 augustus_masked-168352727-processed-gene-0.1-mRNA-1 26308
.99 genemark-168505618-processed-gene-0.9-mRNA-1 1108514
.99 maker-166909654-snap-gene-0.4-mRNA-1 1162638
.99 augustus_masked-168244134-processed-gene-0.0-mRNA-1 1103382
.08 snap_masked-168572826-processed-gene-0.86-mRNA-1 1003851
.91 snap_masked-168572826-processed-gene-0.86-mRNA-1 1102379
.66 maker-164258115-snap-gene-0.4-mRNA-1 1136447
.17 maker-164258115-snap-gene-0.4-mRNA-1 603795
.99 maker-168423654-augustus-gene-0.5-mRNA-1 1162481
.29 augustus_masked-168566215-processed-gene-0.8-mRNA-1 776544
.70 augustus_masked-168566215-processed-gene-0.8-mRNA-1 1101427
.13 snap_masked-162441683-processed-gene-0.3-mRNA-1 1104161
.86 snap_masked-162441683-processed-gene-0.3-mRNA-1 1101521
.90 maker-168289133-snap-gene-0.9-mRNA-1 1163230
.88 augustus_masked-168224050-processed-gene-0.10-mRNA-1 1104592
.11 augustus_masked-168224050-processed-gene-0.10-mRNA-1 697942
.99 augustus_masked-163348447-processed-gene-0.0-mRNA-1 87081
.99 maker-168186314-augustus-gene-1.59-mRNA-1 1162350
.99 maker-168082118-augustus-gene-0.27-mRNA-1 1162533
.51 maker-168428007-augustus-gene-0.41-mRNA-1 1163325
.06 maker-168428007-augustus-gene-0.41-mRNA-1 1117266
.39 maker-166238195-augustus-gene-0.3-mRNA-1 1107281
.60 maker-166238195-augustus-gene-0.3-mRNA-1 1163206
