.46 maker-166933183-augustus-gene-0.4-mRNA-1 3624940
.14 maker-166933183-augustus-gene-0.4-mRNA-1 1344753
.27 maker-168312706-augustus-gene-0.56-mRNA-1 3616315
.30 maker-168312706-augustus-gene-0.56-mRNA-1 1762944
.78 snap_masked-168080830-processed-gene-0.7-mRNA-1 3664199
.34 maker-168486870-augustus-gene-0.79-mRNA-1 3490364
.30 maker-168486870-augustus-gene-0.79-mRNA-1 3515988
.13 maker-168419569-augustus-gene-0.87-mRNA-1 3563422
.86 maker-168419569-augustus-gene-0.87-mRNA-1 3664327
.35 maker-168517725-snap-gene-0.82-mRNA-1 3491182
.16 maker-168517725-snap-gene-0.82-mRNA-1 3506656
.09 maker-168517725-snap-gene-0.82-mRNA-1 3560669
.75 augustus_masked-162427872-processed-gene-0.0-mRNA-1 3519030
.14 augustus_masked-162427872-processed-gene-0.0-mRNA-1 3618290
.10 augustus_masked-162427872-processed-gene-0.0-mRNA-1 1758982
.24 augustus_masked-168202553-processed-gene-0.1-mRNA-1 1001285
.40 augustus_masked-168202553-processed-gene-0.1-mRNA-1 3495704
.21 maker-168183912-snap-gene-0.11-mRNA-1 3489067
.21 maker-168183912-snap-gene-0.11-mRNA-1 3489613
.57 maker-168507778-snap-gene-0.23-mRNA-1 3664288
.33 maker-168507778-snap-gene-0.23-mRNA-1 3610334
.18 maker-168507778-snap-gene-0.23-mRNA-1 3598828
.17 maker-168507778-snap-gene-0.23-mRNA-1 1381017
.17 maker-168507778-snap-gene-0.23-mRNA-1 1278529
.26 genemark-168548835-processed-gene-0.27-mRNA-1 3492965
.25 genemark-168548835-processed-gene-0.27-mRNA-1 812930
.26 genemark-168548835-processed-gene-0.27-mRNA-1 3507093
.35 maker-162845309-augustus-gene-0.4-mRNA-1 3494140
.51 maker-162845309-augustus-gene-0.4-mRNA-1 3513337
.60 maker-168196710-augustus-gene-0.96-mRNA-1 3664517
.13 maker-168196710-augustus-gene-0.96-mRNA-1 3664517
.17 maker-167973355-augustus-gene-0.23-mRNA-1 3550653
.82 maker-167973355-augustus-gene-0.23-mRNA-1 3664306
.48 maker-168191276-snap-gene-0.84-mRNA-1 3664436
.32 maker-168191276-snap-gene-0.84-mRNA-1 3664325
.28 maker-168191276-snap-gene-0.84-mRNA-1 494763
.21 maker-168191276-snap-gene-0.84-mRNA-1 1377420
.40 maker-168494274-snap-gene-0.25-mRNA-1 3664451
.17 maker-168494274-snap-gene-0.25-mRNA-1 958480
.44 maker-164713870-snap-gene-0.4-mRNA-1 3500054
.44 maker-164713870-snap-gene-0.4-mRNA-1 3526765
.85 maker-168505674-augustus-gene-0.4-mRNA-1 3664407
.98 maker-168190780-snap-gene-0.48-mRNA-1 3664515
.99 augustus_masked-168530724-processed-gene-0.0-mRNA-1 3664495
.14 maker-168198407-augustus-gene-0.43-mRNA-1 1145089
.81 maker-168198407-augustus-gene-0.43-mRNA-1 3491130
.36 maker-168567524-snap-gene-0.93-mRNA-1 3664508
.37 maker-168567524-snap-gene-0.93-mRNA-1 3664508
.76 maker-168521523-snap-gene-0.46-mRNA-1 3490434
.14 maker-168521523-snap-gene-0.46-mRNA-1 3488651
.13 maker-168521523-snap-gene-0.46-mRNA-1 3545553
.11 maker-168521523-snap-gene-0.46-mRNA-1 888441
.13 maker-168521523-snap-gene-0.46-mRNA-1 3502701
.33 maker-168203571-snap-gene-0.39-mRNA-1 3489856
.47 maker-168203571-snap-gene-0.39-mRNA-1 3547166
.28 maker-168417518-augustus-gene-0.27-mRNA-1 3664369
.04 maker-168417518-augustus-gene-0.27-mRNA-1 3518222
.31 maker-168422342-snap-gene-0.79-mRNA-1 3586202
.23 maker-168422342-snap-gene-0.79-mRNA-1 3538217
.06 maker-168422342-snap-gene-0.79-mRNA-1 3497605
.08 maker-168491361-snap-gene-0.27-mRNA-1 3595915
.18 maker-168491361-snap-gene-0.27-mRNA-1 3494680
.59 maker-160637215-snap-gene-0.4-mRNA-1 3492317
.40 maker-160637215-snap-gene-0.4-mRNA-1 3492316
.27 snap_masked-168492506-processed-gene-0.4-mRNA-1 3512821
.49 snap_masked-168492506-processed-gene-0.4-mRNA-1 3491914
.64 genemark-168184403-processed-gene-0.13-mRNA-1 907799
.35 genemark-168184403-processed-gene-0.13-mRNA-1 3140783
.40 maker-168347945-snap-gene-0.81-mRNA-2 3664392
.25 maker-168347945-snap-gene-0.81-mRNA-2 3659683
.23 augustus_masked-168499159-processed-gene-0.1-mRNA-1 3532011
.76 augustus_masked-168499159-processed-gene-0.1-mRNA-1 3625313
.71 augustus_masked-166603339-processed-gene-0.2-mRNA-1 3664482
.24 augustus_masked-166603339-processed-gene-0.2-mRNA-1 3488596
.34 augustus_masked-168269544-processed-gene-0.1-mRNA-1 3538425
.61 augustus_masked-168269544-processed-gene-0.1-mRNA-1 3494569
.39 maker-167887446-augustus-gene-0.6-mRNA-1 3500130
.38 maker-167887446-augustus-gene-0.6-mRNA-1 3664201
.34 maker-167887446-augustus-gene-0.6-mRNA-1 3664366
.35 maker-168187847-augustus-gene-0.12-mRNA-1 3664414
.25 maker-168187847-augustus-gene-0.12-mRNA-1 3492275
.22 maker-168187847-augustus-gene-0.12-mRNA-1 3506622
.03 maker-168187847-augustus-gene-0.12-mRNA-1 3508084
.43 maker-164022984-augustus-gene-0.4-mRNA-1 3642749
.40 maker-164022984-augustus-gene-0.4-mRNA-1 3642749
.28 maker-168331821-snap-gene-0.64-mRNA-1 816882
.49 maker-168331821-snap-gene-0.64-mRNA-1 3595448
.82 maker-168572209-augustus-gene-0.51-mRNA-1 3664285
.09 maker-168572209-augustus-gene-0.51-mRNA-1 2784974
.27 maker-167959964-snap-gene-0.11-mRNA-3 3617187
.28 maker-167959964-snap-gene-0.11-mRNA-3 3528701
.52 maker-165708922-augustus-gene-0.5-mRNA-1 3506411
.43 maker-165708922-augustus-gene-0.5-mRNA-1 3664267
.18 maker-167811016-augustus-gene-0.6-mRNA-2 3553013
.81 maker-167811016-augustus-gene-0.6-mRNA-2 3664509
.52 maker-168508455-augustus-gene-0.34-mRNA-1 783911
.27 maker-168508455-augustus-gene-0.34-mRNA-1 3499534
.58 maker-166371926-snap-gene-0.4-mRNA-2 3664134
.17 maker-166371926-snap-gene-0.4-mRNA-2 517068
.14 maker-166371926-snap-gene-0.4-mRNA-2 3532227
.04 maker-166371926-snap-gene-0.4-mRNA-2 3494614
.30 maker-168574288-augustus-gene-0.46-mRNA-1 3664290
.48 maker-168364943-augustus-gene-0.4-mRNA-1 3515264
.26 maker-168364943-augustus-gene-0.4-mRNA-1 1360223
.56 maker-168447880-snap-gene-0.22-mRNA-1 3529551
.40 maker-168447880-snap-gene-0.22-mRNA-1 3664507
.39 augustus_masked-166098841-processed-gene-0.0-mRNA-1 3567309
.27 augustus_masked-166098841-processed-gene-0.0-mRNA-1 3610668
.11 augustus_masked-168574880-processed-gene-0.2-mRNA-1 3489217
.88 augustus_masked-168574880-processed-gene-0.2-mRNA-1 1299816
.25 augustus_masked-167939339-processed-gene-0.1-mRNA-1 406874
.49 augustus_masked-167939339-processed-gene-0.1-mRNA-1 3525433
.47 maker-168186447-augustus-gene-0.43-mRNA-1 3491929
.36 maker-168186447-augustus-gene-0.43-mRNA-1 3524717
.21 maker-168186447-augustus-gene-0.43-mRNA-1 905695
.44 maker-167980090-snap-gene-0.11-mRNA-1 3664383
.20 maker-167980090-snap-gene-0.11-mRNA-1 3505226
.13 maker-167256960-augustus-gene-0.9-mRNA-1 377187
.75 maker-167256960-augustus-gene-0.9-mRNA-1 3664487
.44 augustus_masked-167835962-processed-gene-0.0-mRNA-1 3664303
.40 augustus_masked-167835962-processed-gene-0.0-mRNA-1 905545
.29 augustus_masked-168349433-processed-gene-0.10-mRNA-1 3664504
.18 augustus_masked-168349433-processed-gene-0.10-mRNA-1 3664504
.59 augustus_masked-168182967-processed-gene-0.16-mRNA-1 3503406
.24 augustus_masked-168182967-processed-gene-0.16-mRNA-1 850941
.34 maker-168577548-augustus-gene-0.82-mRNA-1 3498628
.64 maker-168577548-augustus-gene-0.82-mRNA-1 3493304
.44 augustus_masked-161971473-processed-gene-0.0-mRNA-1 808333
.23 augustus_masked-161971473-processed-gene-0.0-mRNA-1 1365459
.38 augustus_masked-168174636-processed-gene-0.1-mRNA-1 3551842
.39 augustus_masked-168174636-processed-gene-0.1-mRNA-1 3543858
.23 augustus_masked-168174636-processed-gene-0.1-mRNA-1 3524609
.29 maker-168187825-snap-gene-0.35-mRNA-1 581638
.40 maker-168187825-snap-gene-0.35-mRNA-1 3604170
.78 maker-168185271-snap-gene-0.5-mRNA-1 3664416
.15 maker-168185271-snap-gene-0.5-mRNA-1 898293
.06 maker-168185271-snap-gene-0.5-mRNA-1 3527712
.36 maker-168569835-augustus-gene-0.17-mRNA-1 3496177
.63 maker-168569835-augustus-gene-0.17-mRNA-1 625329
.83 maker-168357075-augustus-gene-0.16-mRNA-1 3664316
.16 maker-168357075-augustus-gene-0.16-mRNA-1 3500035
.19 augustus_masked-168445368-processed-gene-0.1-mRNA-1 3498783
.80 augustus_masked-168445368-processed-gene-0.1-mRNA-1 3491954
.38 maker-144473166-augustus-gene-0.3-mRNA-1 3587732
.31 maker-144473166-augustus-gene-0.3-mRNA-1 3581105
.80 augustus_masked-163716005-processed-gene-0.0-mRNA-1 3609155
.17 augustus_masked-163716005-processed-gene-0.0-mRNA-1 1587274
.55 maker-168554496-augustus-gene-0.28-mRNA-1 3664500
.39 maker-168564304-snap-gene-0.18-mRNA-1 3664311
.15 augustus_masked-168382289-processed-gene-0.0-mRNA-1 3647811
.84 augustus_masked-168382289-processed-gene-0.0-mRNA-1 3664289
.53 augustus_masked-166924171-processed-gene-0.0-mRNA-1 829132
.46 augustus_masked-166924171-processed-gene-0.0-mRNA-1 829135
.62 maker-168255414-snap-gene-0.58-mRNA-1 3664519
.15 maker-168255414-snap-gene-0.58-mRNA-1 3498116
.74 snap_masked-168548460-processed-gene-0.69-mRNA-1 2060049
.78 genemark-168575358-processed-gene-0.17-mRNA-1 3664486
.14 genemark-168575358-processed-gene-0.17-mRNA-1 1751402
.15 genemark-168575358-processed-gene-0.17-mRNA-1 3514062
.22 augustus_masked-168020953-processed-gene-0.5-mRNA-1 3552148
.41 snap_masked-168547509-processed-gene-0.17-mRNA-1 3490978
.44 snap_masked-168547509-processed-gene-0.17-mRNA-1 3495647
.01 snap_masked-168533241-processed-gene-0.8-mRNA-1 3664326
.45 augustus_masked-168524451-processed-gene-0.2-mRNA-1 3494108
.15 augustus_masked-168524451-processed-gene-0.2-mRNA-1 3534482
.15 augustus_masked-168524451-processed-gene-0.2-mRNA-1 3567801
.01 augustus_masked-168524451-processed-gene-0.2-mRNA-1 3521525
.31 snap_masked-166939621-processed-gene-0.2-mRNA-1 3664502
.34 snap_masked-166939621-processed-gene-0.2-mRNA-1 3664502
.33 maker-168565737-augustus-gene-0.33-mRNA-2 861283
.35 maker-168565737-augustus-gene-0.33-mRNA-2 3565529
.19 maker-168577252-augustus-gene-0.45-mRNA-1 266211
.73 maker-168577252-augustus-gene-0.45-mRNA-1 3664481
.55 augustus_masked-168283618-processed-gene-0.5-mRNA-1 3664518
.18 augustus_masked-168283618-processed-gene-0.5-mRNA-1 3488552
.18 maker-168185234-snap-gene-0.26-mRNA-1 3490551
.72 maker-168185234-snap-gene-0.26-mRNA-1 3664364
.11 maker-168526904-snap-gene-0.28-mRNA-1 1513590
.83 maker-168526904-snap-gene-0.28-mRNA-1 3664488
.71 maker-166366599-snap-gene-0.7-mRNA-1 3526975
.28 maker-166366599-snap-gene-0.7-mRNA-1 3550516
.19 maker-168561042-augustus-gene-0.73-mRNA-1 3664450
.83 augustus_masked-168509930-processed-gene-0.2-mRNA-1 3503221
.26 maker-168560647-augustus-gene-1.105-mRNA-1 3488238
.16 maker-168560647-augustus-gene-1.105-mRNA-1 3489768
.38 maker-162288479-augustus-gene-0.3-mRNA-1 3497875
.33 maker-162288479-augustus-gene-0.3-mRNA-1 3497718
.83 maker-168275442-augustus-gene-0.22-mRNA-1 3564667
.76 maker-168569239-augustus-gene-0.47-mRNA-2 3664497
.26 maker-168497558-snap-gene-0.53-mRNA-1 219660
.43 maker-168497558-snap-gene-0.53-mRNA-1 3492119
.95 maker-163475262-augustus-gene-0.3-mRNA-1 3664223
.49 maker-167973018-snap-gene-0.18-mRNA-1 3516192
.67 snap_masked-168529423-processed-gene-0.21-mRNA-1 3493730
.32 snap_masked-168529423-processed-gene-0.21-mRNA-1 3508525
.50 maker-167123460-augustus-gene-0.4-mRNA-1 3522557
.28 maker-167123460-augustus-gene-0.4-mRNA-1 3576834
.85 maker-168228746-augustus-gene-0.96-mRNA-1 3664511
.10 maker-168228746-augustus-gene-0.96-mRNA-1 855258
.31 maker-168572221-augustus-gene-0.62-mRNA-1 3554510
.07 maker-168572221-augustus-gene-0.62-mRNA-1 3489049
.29 augustus_masked-164361246-processed-gene-0.0-mRNA-1 3600906
.70 augustus_masked-164361246-processed-gene-0.0-mRNA-1 368055
.29 augustus_masked-168186101-processed-gene-0.3-mRNA-1 3664282
.41 maker-163898734-snap-gene-0.4-mRNA-1 1311225
.33 maker-163898734-snap-gene-0.4-mRNA-1 3607514
.15 maker-167912502-augustus-gene-0.18-mRNA-1 3494520
.56 maker-167912502-augustus-gene-0.18-mRNA-1 3494521
.20 genemark-168577402-processed-gene-0.35-mRNA-1 3505057
.13 genemark-168577402-processed-gene-0.35-mRNA-1 3629352
.22 snap_masked-168574367-processed-gene-0.20-mRNA-1 1728334
.55 snap_masked-168574367-processed-gene-0.20-mRNA-1 1059862
.33 augustus_masked-167152372-processed-gene-0.0-mRNA-1 3488654
.66 augustus_masked-167152372-processed-gene-0.0-mRNA-1 3664255
.33 maker-162541194-augustus-gene-0.4-mRNA-1 3495305
.55 maker-162541194-augustus-gene-0.4-mRNA-1 3494269
.26 maker-168351821-augustus-gene-0.25-mRNA-1 3664332
.13 maker-168351821-augustus-gene-0.25-mRNA-1 1014104
.12 maker-168351821-augustus-gene-0.25-mRNA-1 3499099
.46 maker-162506698-snap-gene-0.5-mRNA-1 3576396
.34 maker-162506698-snap-gene-0.5-mRNA-1 3616524
.40 maker-167833934-snap-gene-0.10-mRNA-1 3507277
.32 maker-167833934-snap-gene-0.10-mRNA-1 3601584
.45 maker-167942149-augustus-gene-0.9-mRNA-1 3504404
.18 maker-167942149-augustus-gene-0.9-mRNA-1 3530931
.16 augustus_masked-161700205-processed-gene-0.0-mRNA-1 3582989
.53 augustus_masked-161700205-processed-gene-0.0-mRNA-1 3497810
.60 maker-168527887-augustus-gene-1.102-mRNA-1 3664455
.13 maker-168527887-augustus-gene-1.102-mRNA-1 2651701
.42 augustus_masked-161578793-processed-gene-0.1-mRNA-1 3496414
.30 augustus_masked-161578793-processed-gene-0.1-mRNA-1 3590857
.23 maker-167837042-augustus-gene-0.7-mRNA-1 3502009
.47 maker-167837042-augustus-gene-0.7-mRNA-1 3489978
.48 maker-168567428-augustus-gene-0.41-mRNA-1 3551221
.51 maker-168567428-augustus-gene-0.41-mRNA-1 3664402
.44 snap_masked-168564237-processed-gene-0.14-mRNA-1 3503797
.40 snap_masked-168564237-processed-gene-0.14-mRNA-1 1130586
.34 snap_masked-168564237-processed-gene-0.14-mRNA-1 972885
.32 snap_masked-168564237-processed-gene-0.14-mRNA-1 102482
.22 snap_masked-168564237-processed-gene-0.14-mRNA-1 491401
.24 maker-168459554-snap-gene-0.40-mRNA-1 3589482
.17 maker-168459554-snap-gene-0.40-mRNA-1 163729
.19 maker-168459554-snap-gene-0.40-mRNA-1 3550682
.01 maker-168459554-snap-gene-0.40-mRNA-1 1016135
.02 maker-168459554-snap-gene-0.40-mRNA-1 3584850
.75 augustus_masked-168413481-processed-gene-0.0-mRNA-1 3494404
.20 augustus_masked-168413481-processed-gene-0.0-mRNA-1 3491627
.12 maker-168244247-augustus-gene-0.42-mRNA-1 3664492
.69 maker-168244247-augustus-gene-0.42-mRNA-1 3664492
.75 maker-168248687-augustus-gene-0.4-mRNA-1 3495388
.33 maker-168229000-augustus-gene-0.29-mRNA-1 3580857
.11 maker-168229000-augustus-gene-0.29-mRNA-1 3505585
.38 snap_masked-168383102-processed-gene-0.35-mRNA-1 3664435
.59 snap_masked-168383102-processed-gene-0.35-mRNA-1 3664435
.84 maker-164887201-augustus-gene-0.8-mRNA-1 3664494
.61 maker-168502864-augustus-gene-0.58-mRNA-1 3664514
.35 maker-168502864-augustus-gene-0.58-mRNA-1 3664153
.51 genemark-168190552-processed-gene-0.16-mRNA-1 3659531
.28 genemark-168190552-processed-gene-0.16-mRNA-1 908559
.35 maker-165143105-snap-gene-0.3-mRNA-1 3307635
.32 maker-165143105-snap-gene-0.3-mRNA-1 2755492
.53 maker-164378945-snap-gene-0.5-mRNA-1 2412948
.19 maker-164378945-snap-gene-0.5-mRNA-1 3663884
.22 augustus_masked-168448022-processed-gene-0.1-mRNA-1 3516317
.73 augustus_masked-168448022-processed-gene-0.1-mRNA-1 3664457
.34 augustus_masked-168475889-processed-gene-0.3-mRNA-1 720613
.31 augustus_masked-168475889-processed-gene-0.3-mRNA-1 3618559
.82 augustus_masked-164055532-processed-gene-0.1-mRNA-1 977516
.12 augustus_masked-164055532-processed-gene-0.1-mRNA-1 3058415
.56 maker-168422616-augustus-gene-0.12-mRNA-1 3500333
.28 maker-168422616-augustus-gene-0.12-mRNA-1 3493944
.47 snap_masked-168187100-processed-gene-0.74-mRNA-1 3545127
.34 snap_masked-168187100-processed-gene-0.74-mRNA-1 3664192
.37 maker-164321543-augustus-gene-0.3-mRNA-1 561239
.33 maker-164321543-augustus-gene-0.3-mRNA-1 3488198
.23 maker-167237664-snap-gene-0.3-mRNA-1 3489864
.55 maker-167237664-snap-gene-0.3-mRNA-1 3664427
.83 maker-168452230-augustus-gene-0.9-mRNA-2 3517150
.15 maker-168452230-augustus-gene-0.9-mRNA-2 3617216
.47 maker-168186013-snap-gene-0.33-mRNA-1 3521046
.56 maker-168449060-snap-gene-0.10-mRNA-1 3512338
.40 augustus_masked-168561869-processed-gene-1.58-mRNA-1 620299
.58 augustus_masked-168561869-processed-gene-1.58-mRNA-1 726744
.21 augustus_masked-165891793-processed-gene-0.0-mRNA-1 3506105
.36 augustus_masked-165891793-processed-gene-0.0-mRNA-1 3538223
.88 maker-168190393-augustus-gene-0.38-mRNA-1 3664222
.10 maker-168190393-augustus-gene-0.38-mRNA-1 1469860
.46 maker-168557713-augustus-gene-0.28-mRNA-1 3664269
.40 maker-168557713-augustus-gene-0.28-mRNA-1 1052912
.66 maker-168559072-snap-gene-0.53-mRNA-1 3664476
.14 maker-168559072-snap-gene-0.53-mRNA-1 3557354
.72 maker-168319211-augustus-gene-0.20-mRNA-1 3514205
.21 maker-168319211-augustus-gene-0.20-mRNA-1 2161120
.92 maker-167998797-snap-gene-0.12-mRNA-1 3664501
.65 maker-168373796-augustus-gene-0.37-mRNA-1 3664370
.25 maker-168373796-augustus-gene-0.37-mRNA-1 3497312
.47 augustus_masked-168250020-processed-gene-0.4-mRNA-1 3544059
.42 augustus_masked-168250020-processed-gene-0.4-mRNA-1 3490209
.41 maker-168446536-augustus-gene-0.75-mRNA-2 3664432
.26 maker-168446536-augustus-gene-0.75-mRNA-2 3509438
.51 maker-166519911-snap-gene-0.3-mRNA-1 3664246
.36 maker-166519911-snap-gene-0.3-mRNA-1 1303767
.37 augustus_masked-168451803-processed-gene-0.0-mRNA-1 521225
.15 augustus_masked-168451803-processed-gene-0.0-mRNA-1 929208
.67 maker-168341737-augustus-gene-0.33-mRNA-1 3508106
.43 maker-168341737-augustus-gene-0.33-mRNA-1 3588200
.12 maker-168341737-augustus-gene-0.33-mRNA-1 3569064
.20 maker-168475046-augustus-gene-0.24-mRNA-1 976347
.74 maker-168475046-augustus-gene-0.24-mRNA-1 3496170
.11 maker-168305940-snap-gene-0.62-mRNA-1 1857143
.88 maker-168305940-snap-gene-0.62-mRNA-1 3664323
.48 augustus_masked-168573996-processed-gene-0.0-mRNA-1 3664503
.22 augustus_masked-168573996-processed-gene-0.0-mRNA-1 3499515
.73 snap_masked-168541870-processed-gene-0.46-mRNA-1 3585205
.21 snap_masked-168541870-processed-gene-0.46-mRNA-1 3622830
.56 maker-168169180-augustus-gene-0.2-mRNA-1 3568080
.17 maker-168207715-augustus-gene-0.22-mRNA-1 3518845
.82 maker-168207715-augustus-gene-0.22-mRNA-1 3664506
.17 maker-168011988-snap-gene-0.10-mRNA-1 3574908
.07 maker-168011988-snap-gene-0.10-mRNA-1 3491102
.29 maker-168237456-snap-gene-0.8-mRNA-4 3519883
.37 maker-168237456-snap-gene-0.8-mRNA-4 3491007
.31 maker-168237456-snap-gene-0.8-mRNA-4 970340
.29 maker-168237456-snap-gene-0.8-mRNA-4 3523039
.26 maker-168237456-snap-gene-0.8-mRNA-4 1645064
.19 maker-168237456-snap-gene-0.8-mRNA-1 414495
.20 maker-168237456-snap-gene-0.8-mRNA-1 3519883
.78 snap_masked-168191390-processed-gene-0.38-mRNA-1 3503467
.50 maker-168577636-snap-gene-0.41-mRNA-1 3664454
.24 maker-168577636-snap-gene-0.41-mRNA-1 3543794
.83 maker-166278184-snap-gene-0.4-mRNA-1 3664302
.32 augustus_masked-166166074-processed-gene-0.0-mRNA-1 3491893
.03 augustus_masked-166166074-processed-gene-0.0-mRNA-1 3518474
.41 maker-163140692-snap-gene-0.4-mRNA-1 3529291
.36 maker-163140692-snap-gene-0.4-mRNA-1 3510502
.35 maker-163140692-snap-gene-0.4-mRNA-1 3490943
.39 augustus_masked-163861116-processed-gene-0.0-mRNA-1 3495206
.38 augustus_masked-163861116-processed-gene-0.0-mRNA-1 3537840
.03 augustus_masked-163861116-processed-gene-0.0-mRNA-1 544289
.02 augustus_masked-163861116-processed-gene-0.0-mRNA-1 3541333
.01 augustus_masked-163861116-processed-gene-0.0-mRNA-1 544289
.74 maker-168567348-augustus-gene-0.23-mRNA-1 3512824
.10 maker-168567348-augustus-gene-0.23-mRNA-1 2147074
.49 maker-166572006-augustus-gene-0.3-mRNA-1 3664483
.10 maker-166572006-augustus-gene-0.3-mRNA-1 3544790
.86 genemark-168268752-processed-gene-0.7-mRNA-1 3664321
.12 genemark-168268752-processed-gene-0.7-mRNA-1 3367734
.28 maker-168184824-augustus-gene-0.47-mRNA-1 845102
.46 maker-168184824-augustus-gene-0.47-mRNA-1 3664325
.08 maker-168518368-snap-gene-0.23-mRNA-1 1524022
.67 maker-168518368-snap-gene-0.23-mRNA-1 3664513
.21 maker-168482002-augustus-gene-0.33-mRNA-1 3489962
.17 maker-168482002-augustus-gene-0.33-mRNA-1 3518060
.15 maker-168482002-augustus-gene-0.33-mRNA-1 3555639
.69 maker-165396321-augustus-gene-0.3-mRNA-1 3488407
.30 maker-165396321-augustus-gene-0.3-mRNA-1 54443
.68 augustus_masked-168283437-processed-gene-0.28-mRNA-1 3664443
.09 augustus_masked-168283437-processed-gene-0.28-mRNA-1 3616433
.42 maker-168558424-augustus-gene-0.11-mRNA-2 3490934
.43 maker-168558424-augustus-gene-0.11-mRNA-2 3490934
.13 maker-166570907-snap-gene-0.5-mRNA-1 1682273
.70 maker-166570907-snap-gene-0.5-mRNA-1 3626903
.12 augustus_masked-163142492-processed-gene-0.0-mRNA-1 1097815
.87 augustus_masked-163142492-processed-gene-0.0-mRNA-1 3529624
.76 maker-168577341-snap-gene-2.97-mRNA-1 3664243
.35 maker-168577341-snap-gene-2.97-mRNA-1 3612134
.55 maker-167877580-augustus-gene-0.8-mRNA-1 3542643
.28 maker-167877580-augustus-gene-0.8-mRNA-1 3535678
.22 maker-167877580-augustus-gene-0.8-mRNA-1 3496685
.68 augustus_masked-167918910-processed-gene-0.13-mRNA-1 3664419
.27 augustus_masked-167918910-processed-gene-0.13-mRNA-1 3530450
.26 maker-166658693-snap-gene-0.5-mRNA-1 3531512
.55 maker-166658693-snap-gene-0.5-mRNA-1 3497734
.67 maker-168459470-augustus-gene-0.6-mRNA-1 3664335
.19 maker-168459470-augustus-gene-0.6-mRNA-1 1685269
.50 maker-163522639-snap-gene-0.4-mRNA-1 1613737
.48 maker-163522639-snap-gene-0.4-mRNA-1 3543606
.50 maker-163522639-snap-gene-0.4-mRNA-1 3549245
.44 maker-163522639-snap-gene-0.4-mRNA-1 2632390
.44 maker-163522639-snap-gene-0.4-mRNA-1 3631847
.09 augustus_masked-168229181-processed-gene-0.3-mRNA-1 3520392
.47 augustus_masked-168229181-processed-gene-0.3-mRNA-1 3664395
.54 augustus_masked-168223499-processed-gene-0.0-mRNA-1 652765
.08 augustus_masked-168223499-processed-gene-0.0-mRNA-1 3592521
.15 maker-168518442-snap-gene-0.36-mRNA-1 3583308
.70 maker-168518442-snap-gene-0.36-mRNA-1 3664478
.37 maker-168239559-snap-gene-0.10-mRNA-1 3527905
.20 maker-168239559-snap-gene-0.10-mRNA-1 3617752
.11 maker-168239559-snap-gene-0.10-mRNA-1 1872292
.22 maker-168232715-augustus-gene-0.26-mRNA-1 1201985
.76 maker-168232715-augustus-gene-0.26-mRNA-1 684009
.13 maker-168561495-augustus-gene-0.24-mRNA-3 1314196
.23 maker-168561495-augustus-gene-0.24-mRNA-3 3488937
.52 maker-163167551-augustus-gene-0.3-mRNA-1 3646476
.01 maker-163167551-augustus-gene-0.3-mRNA-1 3496819
.02 maker-163167551-augustus-gene-0.3-mRNA-1 939363
.73 genemark-168237172-processed-gene-0.5-mRNA-1 3558890
.26 genemark-168237172-processed-gene-0.5-mRNA-1 1505096
.32 augustus_masked-168395168-processed-gene-0.6-mRNA-1 475856
.67 augustus_masked-168395168-processed-gene-0.6-mRNA-1 3664293
.10 maker-168557457-snap-gene-0.27-mRNA-1 901782
.67 maker-168557457-snap-gene-0.27-mRNA-1 3664401
.21 maker-164939322-augustus-gene-0.3-mRNA-1 3507136
.65 maker-164939322-augustus-gene-0.3-mRNA-1 3507135
.66 augustus_masked-167111287-processed-gene-0.0-mRNA-1 3493006
.16 augustus_masked-167111287-processed-gene-0.0-mRNA-1 440002
.54 augustus_masked-166350556-processed-gene-0.0-mRNA-1 3536743
.39 augustus_masked-166350556-processed-gene-0.0-mRNA-1 3562806
.77 snap_masked-167794512-processed-gene-0.7-mRNA-1 3507448
.17 maker-168573084-snap-gene-0.29-mRNA-1 3488733
.73 maker-168573084-snap-gene-0.29-mRNA-1 3664320
.40 maker-168210593-augustus-gene-0.29-mRNA-1 3489341
.31 maker-168210593-augustus-gene-0.29-mRNA-1 3527617
.78 maker-168341460-snap-gene-0.18-mRNA-1 3494465
.08 maker-168341460-snap-gene-0.18-mRNA-1 3542728
.05 maker-168341460-snap-gene-0.18-mRNA-1 3609371
.39 genemark-168119683-processed-gene-0.7-mRNA-1 3494922
.36 genemark-168119683-processed-gene-0.7-mRNA-1 3519785
.07 maker-168528959-augustus-gene-0.21-mRNA-1 2226047
.86 maker-168528959-augustus-gene-0.21-mRNA-1 3664498
.27 maker-168384801-augustus-gene-0.31-mRNA-1 372379
.27 maker-168384801-augustus-gene-0.31-mRNA-1 3503591
.22 maker-168384801-augustus-gene-0.31-mRNA-1 683171
.21 maker-168384801-augustus-gene-0.31-mRNA-1 1962686
.20 maker-168384801-augustus-gene-0.31-mRNA-1 2236968
.37 maker-168207271-snap-gene-0.20-mRNA-1 3596235
.36 maker-168207271-snap-gene-0.20-mRNA-1 3664446
.30 maker-168207271-snap-gene-0.20-mRNA-1 181043
.85 augustus_masked-168458060-processed-gene-0.5-mRNA-1 347646
.37 snap_masked-168560242-processed-gene-0.20-mRNA-1 3536051
.24 snap_masked-168560242-processed-gene-0.20-mRNA-1 3541836
.19 snap_masked-168560242-processed-gene-0.20-mRNA-1 3490982
.32 maker-168575187-snap-gene-0.11-mRNA-2 512379
.55 maker-168575187-snap-gene-0.11-mRNA-2 3664403
.19 maker-168245411-augustus-gene-0.24-mRNA-1 3508636
.62 maker-168245411-augustus-gene-0.24-mRNA-1 3489762
.37 augustus_masked-161842108-processed-gene-0.0-mRNA-1 3605928
.33 augustus_masked-161842108-processed-gene-0.0-mRNA-1 3536221
.28 augustus_masked-161842108-processed-gene-0.0-mRNA-1 3501782
.16 augustus_masked-161842108-processed-gene-0.0-mRNA-1 1121795
.18 augustus_masked-168295703-processed-gene-0.2-mRNA-1 1246204
.13 augustus_masked-168295703-processed-gene-0.2-mRNA-1 208450
.35 maker-162840631-augustus-gene-0.4-mRNA-1 3515488
.35 maker-162840631-augustus-gene-0.4-mRNA-1 824105
.32 maker-162840631-augustus-gene-0.4-mRNA-1 3493637
.42 maker-168492049-snap-gene-0.30-mRNA-1 3664368
.36 maker-168492049-snap-gene-0.30-mRNA-1 3598755
.60 maker-168523936-augustus-gene-0.104-mRNA-1 3664166
.49 maker-168523936-augustus-gene-0.104-mRNA-1 3664165
.19 augustus_masked-168413492-processed-gene-0.0-mRNA-1 3580602
.72 augustus_masked-168413492-processed-gene-0.0-mRNA-1 902757
.72 maker-168185814-augustus-gene-0.12-mRNA-1 3664505
.18 maker-168185814-augustus-gene-0.12-mRNA-1 3534153
.32 maker-167973722-snap-gene-0.34-mRNA-1 3500510
.21 maker-167973722-snap-gene-0.34-mRNA-1 3488442
.16 maker-167973722-snap-gene-0.34-mRNA-1 2449417
.01 maker-167973722-snap-gene-0.34-mRNA-1 3489563
.06 augustus_masked-168183393-processed-gene-0.0-mRNA-1 3516233
.93 augustus_masked-168183393-processed-gene-0.0-mRNA-1 3585372
.14 maker-168572698-snap-gene-0.27-mRNA-1 2739817
.85 maker-168572698-snap-gene-0.27-mRNA-1 3664480
.27 augustus_masked-168567612-processed-gene-0.15-mRNA-1 3549306
.21 augustus_masked-168567612-processed-gene-0.15-mRNA-1 1628694
.21 augustus_masked-168577288-processed-gene-0.8-mRNA-1 3594465
.55 augustus_masked-168577288-processed-gene-0.8-mRNA-1 3664499
.23 augustus_masked-168183681-processed-gene-0.1-mRNA-1 70130
.76 augustus_masked-168183681-processed-gene-0.1-mRNA-1 3664135
.53 genemark-167913620-processed-gene-0.14-mRNA-1 3493407
.19 genemark-167913620-processed-gene-0.14-mRNA-1 1167152
.54 maker-168577435-snap-gene-0.26-mRNA-1 3664512
.15 maker-168577435-snap-gene-0.26-mRNA-1 3664512
.08 maker-168577435-snap-gene-0.26-mRNA-1 149374
.30 maker-168520985-snap-gene-1.62-mRNA-1 3609230
.23 maker-168520985-snap-gene-1.62-mRNA-1 3608840
.47 maker-168562948-augustus-gene-0.21-mRNA-1 3491162
.28 maker-168562948-augustus-gene-0.21-mRNA-1 3492339
.27 maker-168562948-augustus-gene-0.21-mRNA-1 3489967
.05 maker-168446045-augustus-gene-0.67-mRNA-1 994820
.57 maker-168446045-augustus-gene-0.67-mRNA-1 3595129
.45 maker-168430821-snap-gene-0.7-mRNA-1 3488973
.36 maker-168430821-snap-gene-0.7-mRNA-1 3497235
.27 maker-168430821-snap-gene-0.7-mRNA-1 982496
.14 maker-168430821-snap-gene-0.7-mRNA-1 144901
.14 maker-168430821-snap-gene-0.7-mRNA-1 3498842
.89 maker-166561547-augustus-gene-0.3-mRNA-1 421091
.10 maker-166561547-augustus-gene-0.3-mRNA-1 543628
.42 augustus_masked-164312928-processed-gene-0.0-mRNA-1 3491357
.37 augustus_masked-164312928-processed-gene-0.0-mRNA-1 320407
.13 augustus_masked-164312928-processed-gene-0.0-mRNA-1 3556399
.63 augustus_masked-166177354-processed-gene-0.0-mRNA-1 3605543
.24 augustus_masked-166177354-processed-gene-0.0-mRNA-1 3584304
.15 maker-168565416-augustus-gene-0.11-mRNA-1 3492556
.84 maker-168565416-augustus-gene-0.11-mRNA-1 299208
.18 genemark-167952706-processed-gene-0.10-mRNA-1 781375
.20 genemark-167952706-processed-gene-0.10-mRNA-1 1893473
.26 augustus_masked-168550332-processed-gene-0.4-mRNA-1 3491529
.73 augustus_masked-168550332-processed-gene-0.4-mRNA-1 3491528
.21 maker-168577147-snap-gene-0.44-mRNA-1 3499831
.42 maker-168577147-snap-gene-0.44-mRNA-1 3499831
.33 maker-166972690-augustus-gene-0.3-mRNA-1 776197
.40 maker-166972690-augustus-gene-0.3-mRNA-1 3489764
.83 augustus_masked-166846130-processed-gene-0.1-mRNA-1 3492864
.16 augustus_masked-166846130-processed-gene-0.1-mRNA-1 3492654
.34 genemark-167887517-processed-gene-0.7-mRNA-1 3505001
.28 genemark-167887517-processed-gene-0.7-mRNA-1 3603175
.62 augustus_masked-168452559-processed-gene-0.5-mRNA-1 3664341
.37 augustus_masked-168452559-processed-gene-0.5-mRNA-1 3591859
.99 augustus_masked-164913955-processed-gene-0.0-mRNA-1 3500943
.48 augustus_masked-164913955-processed-gene-0.0-mRNA-1 1349799
.42 augustus_masked-164913955-processed-gene-0.0-mRNA-1 3153367
.36 augustus_masked-164913955-processed-gene-0.0-mRNA-1 1696897
.36 augustus_masked-164913955-processed-gene-0.0-mRNA-1 2001048
.86 maker-168302813-augustus-gene-0.34-mRNA-1 3664489
.13 maker-168302813-augustus-gene-0.34-mRNA-1 3498274
.61 genemark-168454932-processed-gene-0.15-mRNA-1 3664447
.24 genemark-168454932-processed-gene-0.15-mRNA-1 3592227
.54 augustus_masked-168408746-processed-gene-0.0-mRNA-1 3523725
.32 augustus_masked-168408746-processed-gene-0.0-mRNA-1 3523724
.69 maker-168183271-snap-gene-0.16-mRNA-1 3516656
.22 maker-168183271-snap-gene-0.16-mRNA-1 3542338
.31 maker-168276603-snap-gene-0.37-mRNA-1 3503582
.38 maker-168343842-snap-gene-0.36-mRNA-1 3507950
.04 maker-168343842-snap-gene-0.36-mRNA-1 3496859
.51 augustus_masked-160571963-processed-gene-0.0-mRNA-1 3520630
.21 augustus_masked-160571963-processed-gene-0.0-mRNA-1 3526301
.84 snap_masked-168520290-processed-gene-0.38-mRNA-1 3489174
.18 maker-168557682-augustus-gene-0.69-mRNA-1 3503531
.40 maker-168557682-augustus-gene-0.69-mRNA-1 3537729
.77 maker-168419988-augustus-gene-0.29-mRNA-1 3664485
.22 maker-168419988-augustus-gene-0.29-mRNA-1 3615096
.38 maker-168191091-augustus-gene-0.57-mRNA-1 3664510
.15 genemark-168476281-processed-gene-0.52-mRNA-1 1121085
.65 genemark-168476281-processed-gene-0.52-mRNA-1 3664453
.80 maker-168446676-snap-gene-0.8-mRNA-1 3503860
.02 maker-168446676-snap-gene-0.8-mRNA-1 3556932
.52 augustus_masked-168315936-processed-gene-0.6-mRNA-1 3664195
.27 augustus_masked-168315936-processed-gene-0.6-mRNA-1 3538260
.15 augustus_masked-168315936-processed-gene-0.6-mRNA-1 2232653
.34 maker-168255459-augustus-gene-0.40-mRNA-1 3544167
.30 maker-168255459-augustus-gene-0.40-mRNA-1 3508505
.30 maker-168255459-augustus-gene-0.40-mRNA-1 3498716
.61 augustus_masked-168432470-processed-gene-0.1-mRNA-1 384040
.44 augustus_masked-168432470-processed-gene-0.1-mRNA-1 3497319
.31 augustus_masked-168432470-processed-gene-0.1-mRNA-1 327183
.28 augustus_masked-168432470-processed-gene-0.1-mRNA-1 3503537
.14 augustus_masked-168432470-processed-gene-0.1-mRNA-1 2044255
.63 maker-165762603-snap-gene-0.4-mRNA-1 3497523
.36 maker-165762603-snap-gene-0.4-mRNA-1 3497522
.13 maker-167838589-augustus-gene-1.77-mRNA-1 244551
.86 maker-167838589-augustus-gene-1.77-mRNA-1 3489951
.43 maker-168543645-snap-gene-0.70-mRNA-1 3545489
.45 maker-168543645-snap-gene-0.70-mRNA-1 3517337
.15 augustus_masked-168575803-processed-gene-0.1-mRNA-1 860978
.11 augustus_masked-168575803-processed-gene-0.1-mRNA-1 3612292
.01 augustus_masked-168575803-processed-gene-0.1-mRNA-1 1143876
.01 augustus_masked-168575803-processed-gene-0.1-mRNA-1 3538296
0 augustus_masked-168575803-processed-gene-0.1-mRNA-1 3513358
.92 augustus_masked-168295788-processed-gene-0.2-mRNA-1 3664272
.07 augustus_masked-168295788-processed-gene-0.2-mRNA-1 1022650
.34 maker-162628936-augustus-gene-0.5-mRNA-1 3504176
.37 maker-162628936-augustus-gene-0.5-mRNA-1 62495
.09 maker-167974010-augustus-gene-0.24-mRNA-1 1198228
.82 maker-167974010-augustus-gene-0.24-mRNA-1 3664336
.82 maker-168113510-augustus-gene-0.80-mRNA-1 3664339
.32 maker-168186751-snap-gene-0.38-mRNA-1 3490370
.67 maker-168186751-snap-gene-0.38-mRNA-1 3490371
.14 augustus_masked-168234698-processed-gene-0.3-mRNA-1 3514509
.70 augustus_masked-168234698-processed-gene-0.3-mRNA-1 250790
.26 maker-168429307-snap-gene-0.27-mRNA-1 3499988
.24 maker-168429307-snap-gene-0.27-mRNA-1 3490183
.19 maker-168429307-snap-gene-0.27-mRNA-1 601080
.10 maker-168429307-snap-gene-0.27-mRNA-1 3497470
.11 maker-168429307-snap-gene-0.27-mRNA-1 746145
.54 maker-167204870-snap-gene-0.7-mRNA-1 3664406
.30 maker-167204870-snap-gene-0.7-mRNA-1 3494697
.54 genemark-168573920-processed-gene-0.22-mRNA-1 3664449
.23 genemark-168573920-processed-gene-0.22-mRNA-1 2119572
.42 maker-168574064-snap-gene-0.99-mRNA-1 3517576
.27 maker-168574064-snap-gene-0.99-mRNA-1 3490717
.66 maker-168030994-snap-gene-0.48-mRNA-1 3490349
.30 maker-168030994-snap-gene-0.48-mRNA-1 3585805
.03 maker-168030994-snap-gene-0.48-mRNA-1 2123385
.14 maker-163947220-augustus-gene-0.4-mRNA-1 1007011
.77 maker-163947220-augustus-gene-0.4-mRNA-1 3490821
.52 maker-166744591-snap-gene-0.6-mRNA-1 700188
.33 maker-166744591-snap-gene-0.6-mRNA-1 2142789
.44 maker-168402784-snap-gene-0.15-mRNA-1 3517237
.28 maker-168402784-snap-gene-0.15-mRNA-1 306171
.19 maker-168402784-snap-gene-0.15-mRNA-1 3576242
.15 maker-168402784-snap-gene-0.15-mRNA-1 3505618
.14 maker-168402784-snap-gene-0.15-mRNA-1 895996
.60 maker-168550553-augustus-gene-0.146-mRNA-1 532397
.58 maker-162035908-snap-gene-0.3-mRNA-1 206069
.21 maker-162035908-snap-gene-0.3-mRNA-1 3507708
.57 maker-168489082-snap-gene-0.21-mRNA-1 3633248
.16 maker-168489082-snap-gene-0.21-mRNA-1 3495823
.58 genemark-168560050-processed-gene-0.16-mRNA-1 3664516
.18 genemark-168560050-processed-gene-0.16-mRNA-1 3511150
.07 genemark-168560050-processed-gene-0.16-mRNA-1 810442
.59 maker-168556800-snap-gene-0.52-mRNA-1 3575041
.29 maker-168556800-snap-gene-0.52-mRNA-1 3592679
.21 maker-168556800-snap-gene-0.52-mRNA-1 3563382
.99 maker-168431040-augustus-gene-0.72-mRNA-1 3664310
.34 genemark-168516456-processed-gene-0.4-mRNA-1 404522
.32 genemark-168516456-processed-gene-0.4-mRNA-1 1285441
.54 maker-168571946-augustus-gene-0.24-mRNA-2 3664324
.23 maker-168571946-augustus-gene-0.24-mRNA-2 1281594
.16 maker-168571946-augustus-gene-0.24-mRNA-2 3498444
.35 maker-168569002-snap-gene-0.84-mRNA-1 3515872
.36 maker-168569002-snap-gene-0.84-mRNA-1 3497117
.69 augustus_masked-168337411-processed-gene-0.0-mRNA-1 3496399
.30 augustus_masked-168337411-processed-gene-0.0-mRNA-1 3495408
.16 maker-168406080-augustus-gene-0.66-mRNA-1 767303
.54 maker-168406080-augustus-gene-0.66-mRNA-1 555489
