.99 augustus_masked-162427872-processed-gene-0.0-mRNA-1 7187724 cdhitput-4_10=iteration.1extra
.99 maker-164713870-snap-gene-0.4-mRNA-1 7187730 cdhitput-4_10=iteration.1extra
.99 augustus_masked-168186093-processed-gene-0.5-mRNA-1 7187414 cdhitput-4_10=iteration.1extra
.99 maker-168577015-snap-gene-0.17-mRNA-1 7187757 cdhitput-4_10=iteration.1extra
.96 snap_masked-168156973-processed-gene-0.68-mRNA-1 3360729 cdhitput-4_10=iteration.1extra
.96 snap_masked-168156973-processed-gene-0.68-mRNA-1 737991 cdhitput-4_10=iteration.1extra
.96 augustus_masked-167867103-processed-gene-0.0-mRNA-1 798078 cdhitput-4_10=iteration.1extra
.99 maker-166300199-snap-gene-0.9-mRNA-1 7187690 cdhitput-4_10=iteration.1extra
.98 augustus_masked-168209081-processed-gene-0.2-mRNA-1 7187761 cdhitput-4_10=iteration.1extra
.99 snap_masked-168188702-processed-gene-0.12-mRNA-1 7187440 cdhitput-4_10=iteration.1extra
.95 genemark-166785921-processed-gene-0.1-mRNA-1 7187601 cdhitput-4_10=iteration.1extra
.95 snap_masked-168567304-processed-gene-0.84-mRNA-1 7011974 cdhitput-4_10=iteration.1extra
.99 maker-168558993-augustus-gene-0.90-mRNA-1 7004915 cdhitput-4_10=iteration.1extra
.99 maker-168536515-snap-gene-0.103-mRNA-1 7187765 cdhitput-4_10=iteration.1extra
.99 augustus_masked-168256165-processed-gene-0.3-mRNA-1 7187676 cdhitput-4_10=iteration.1extra
.93 snap_masked-168533037-processed-gene-0.49-mRNA-1 7187731 cdhitput-4_10=iteration.1extra
.94 maker-168452230-augustus-gene-0.9-mRNA-2 7187638 cdhitput-4_10=iteration.1extra
.99 augustus_masked-168451845-processed-gene-0.1-mRNA-1 7187774 cdhitput-4_10=iteration.1extra
.99 augustus_masked-168236555-processed-gene-0.3-mRNA-1 7019143 cdhitput-4_10=iteration.1extra
.93 maker-168184824-augustus-gene-0.47-mRNA-1 7187788 cdhitput-4_10=iteration.1extra
.99 maker-168557457-snap-gene-0.27-mRNA-1 7187785 cdhitput-4_10=iteration.1extra
.98 augustus_masked-161842108-processed-gene-0.0-mRNA-1 7187610 cdhitput-4_10=iteration.1extra
.99 maker-168577435-snap-gene-0.26-mRNA-1 7187776 cdhitput-4_10=iteration.1extra
.96 snap_masked-168471977-processed-gene-0.8-mRNA-1 7099077 cdhitput-4_10=iteration.1extra
.99 maker-168264952-snap-gene-0.7-mRNA-1 7187344 cdhitput-4_10=iteration.1extra
.90 genemark-166969860-processed-gene-0.1-mRNA-1 7160246 cdhitput-4_10=iteration.1extra
.96 maker-168030994-snap-gene-0.48-mRNA-1 7187424 cdhitput-4_10=iteration.1extra
.99 snap_masked-168359582-processed-gene-0.54-mRNA-1 2251142 cdhitput-4_10=iteration.1extra
.98 snap_masked-165362021-processed-gene-0.1-mRNA-1 3537706 cdhitput-4_10=iteration.2extra
.99 genemark-168192393-processed-gene-0.0-mRNA-1 3552062 cdhitput-4_10=iteration.2extra
.99 genemark-168270514-processed-gene-0.0-mRNA-1 3591245 cdhitput-4_10=iteration.2extra
.99 maker-168567026-augustus-gene-0.83-mRNA-1 3643655 cdhitput-4_10=iteration.2extra
.99 augustus_masked-165990919-processed-gene-0.0-mRNA-1 3538481 cdhitput-4_10=iteration.2extra
.99 maker-166273839-augustus-gene-0.2-mRNA-1 3643662 cdhitput-4_10=iteration.2extra
.91 maker-168351821-augustus-gene-0.25-mRNA-1 3643728 cdhitput-4_10=iteration.2extra
.99 maker-162506698-snap-gene-0.5-mRNA-1 3643525 cdhitput-4_10=iteration.2extra
.99 augustus_masked-168038916-processed-gene-0.0-mRNA-1 3643423 cdhitput-4_10=iteration.2extra
.99 snap_masked-168541870-processed-gene-0.46-mRNA-1 3643260 cdhitput-4_10=iteration.2extra
.99 augustus_masked-164008272-processed-gene-0.0-mRNA-1 3542494 cdhitput-4_10=iteration.2extra
.97 maker-164939463-snap-gene-0.10-mRNA-1 3548347 cdhitput-4_10=iteration.2extra
.94 augustus_masked-168413492-processed-gene-0.0-mRNA-1 3585897 cdhitput-4_10=iteration.2extra
.99 augustus_masked-167869362-processed-gene-0.4-mRNA-1 3643673 cdhitput-4_10=iteration.2extra
.90 augustus_masked-168191645-processed-gene-0.13-mRNA-1 3538936 cdhitput-4_10=iteration.2extra
.92 augustus_masked-168367715-processed-gene-0.2-mRNA-1 1134422 cdhitput-4_11=iteration.1extra
.99 snap_masked-162631030-processed-gene-0.2-mRNA-1 4294150 cdhitput-4_11=iteration.1extra
.92 maker-167925050-snap-gene-0.25-mRNA-1 4393613 cdhitput-4_11=iteration.1extra
.99 augustus_masked-168571382-processed-gene-0.2-mRNA-1 4394011 cdhitput-4_11=iteration.1extra
.91 maker-168190456-augustus-gene-0.30-mRNA-2 4394352 cdhitput-4_11=iteration.1extra
.98 maker-168438365-snap-gene-0.12-mRNA-1 4394354 cdhitput-4_11=iteration.1extra
.95 maker-168483421-augustus-gene-0.36-mRNA-2 4394314 cdhitput-4_11=iteration.1extra
.93 maker-168573767-augustus-gene-0.58-mRNA-1 4394339 cdhitput-4_11=iteration.1extra
.99 maker-161888549-snap-gene-0.1-mRNA-1 1103920 cdhitput-4_11=iteration.2extra
.99 augustus_masked-168335786-processed-gene-1.1-mRNA-1 3819962 cdhitput-4_11=iteration.2extra
.94 maker-168190618-snap-gene-0.23-mRNA-1 3820040 cdhitput-4_11=iteration.2extra
.99 maker-168003306-augustus-gene-0.27-mRNA-1 3820053 cdhitput-4_11=iteration.2extra
.99 augustus_masked-162093405-processed-gene-0.0-mRNA-1 3820039 cdhitput-4_11=iteration.2extra
.95 genemark-168328194-processed-gene-0.70-mRNA-1 3819729 cdhitput-4_11=iteration.2extra
.99 augustus_masked-168093711-processed-gene-0.0-mRNA-1 3820003 cdhitput-4_11=iteration.2extra
.99 augustus_masked-168574273-processed-gene-0.1-mRNA-1 3718118 cdhitput-4_11=iteration.2extra
.99 maker-168565700-snap-gene-1.60-mRNA-1 3819969 cdhitput-4_11=iteration.2extra
.98 maker-167686051-snap-gene-0.3-mRNA-1 3819874 cdhitput-4_11=iteration.2extra
.90 maker-168228920-snap-gene-0.86-mRNA-1 3820060 cdhitput-4_11=iteration.2extra
.99 maker-168357046-snap-gene-0.16-mRNA-1 10365282 cdhitput-4_12=iteration.1extra
.94 augustus_masked-168570008-processed-gene-0.6-mRNA-1 10364396 cdhitput-4_12=iteration.1extra
.93 maker-168185277-augustus-gene-0.45-mRNA-1 10365289 cdhitput-4_12=iteration.1extra
.99 genemark-168160862-processed-gene-0.30-mRNA-1 10364591 cdhitput-4_12=iteration.1extra
.99 genemark-168329976-processed-gene-0.23-mRNA-1 10133068 cdhitput-4_12=iteration.1extra
.99 snap_masked-168179903-processed-gene-0.15-mRNA-1 10365302 cdhitput-4_12=iteration.1extra
.99 genemark-167956108-processed-gene-0.3-mRNA-1 3088178 cdhitput-4_12=iteration.1extra
.97 maker-168478386-augustus-gene-0.19-mRNA-1 10364947 cdhitput-4_12=iteration.1extra
.98 maker-168533615-snap-gene-0.32-mRNA-1 10365297 cdhitput-4_12=iteration.1extra
.98 snap_masked-162407027-processed-gene-0.2-mRNA-1 10187989 cdhitput-4_12=iteration.1extra
.99 augustus_masked-168123448-processed-gene-0.0-mRNA-1 4540149 cdhitput-4_12=iteration.1extra
.99 augustus_masked-168572459-processed-gene-0.18-mRNA-1 10127679 cdhitput-4_12=iteration.1extra
.99 snap_masked-168478864-processed-gene-0.81-mRNA-1 10139127 cdhitput-4_12=iteration.1extra
.99 maker-168322798-snap-gene-0.3-mRNA-1 1170415 cdhitput-4_12=iteration.1extra
.99 augustus_masked-167998232-processed-gene-0.0-mRNA-1 10364840 cdhitput-4_12=iteration.1extra
.95 augustus_masked-161297647-processed-gene-0.1-mRNA-1 10364683 cdhitput-4_12=iteration.1extra
.99 snap_masked-168021044-processed-gene-0.27-mRNA-1 10225519 cdhitput-4_12=iteration.1extra
.98 maker-168020235-snap-gene-0.15-mRNA-1 10365288 cdhitput-4_12=iteration.1extra
.99 maker-168208592-augustus-gene-0.37-mRNA-1 10365284 cdhitput-4_12=iteration.1extra
.99 maker-168449663-augustus-gene-0.6-mRNA-1 10365007 cdhitput-4_12=iteration.1extra
.99 augustus_masked-168515102-processed-gene-0.8-mRNA-1 10365294 cdhitput-4_12=iteration.1extra
.99 snap_masked-168441909-processed-gene-0.36-mRNA-1 10185462 cdhitput-4_12=iteration.1extra
.99 snap_masked-168236167-processed-gene-0.28-mRNA-1 10364612 cdhitput-4_12=iteration.1extra
.91 maker-168561786-augustus-gene-0.24-mRNA-1 10365053 cdhitput-4_12=iteration.1extra
.99 augustus_masked-168485465-processed-gene-0.3-mRNA-1 10123625 cdhitput-4_12=iteration.1extra
.93 maker-168190133-augustus-gene-0.29-mRNA-1 10365300 cdhitput-4_12=iteration.1extra
.99 augustus_masked-168414967-processed-gene-0.10-mRNA-1 10365303 cdhitput-4_12=iteration.1extra
.90 maker-168548761-augustus-gene-0.11-mRNA-1 4586801 cdhitput-4_12=iteration.2extra
.91 augustus_masked-168190485-processed-gene-1.46-mRNA-1 2020128 cdhitput-4_12=iteration.2extra
.98 maker-168445336-snap-gene-0.11-mRNA-1 4459890 cdhitput-4_12=iteration.2extra
.99 maker-166445297-snap-gene-0.4-mRNA-1 4586775 cdhitput-4_12=iteration.2extra
.95 augustus_masked-168412225-processed-gene-0.1-mRNA-1 515646 cdhitput-4_12=iteration.2extra
.99 maker-168232223-augustus-gene-0.49-mRNA-4 4586698 cdhitput-4_12=iteration.2extra
.99 augustus_masked-166879270-processed-gene-0.0-mRNA-1 4586776 cdhitput-4_12=iteration.2extra
.99 snap_masked-168557521-processed-gene-0.24-mRNA-1 4586333 cdhitput-4_12=iteration.2extra
.92 snap_masked-166998488-processed-gene-0.2-mRNA-1 4466686 cdhitput-4_12=iteration.2extra
.92 maker-168184795-augustus-gene-0.26-mRNA-1 4586721 cdhitput-4_12=iteration.2extra
.99 augustus_masked-166484378-processed-gene-0.0-mRNA-1 4586180 cdhitput-4_12=iteration.2extra
.99 augustus_masked-166998919-processed-gene-0.0-mRNA-1 4586621 cdhitput-4_12=iteration.2extra
.99 maker-163675687-augustus-gene-0.3-mRNA-1 4586606 cdhitput-4_12=iteration.2extra
.94 maker-168239739-snap-gene-0.81-mRNA-1 4586808 cdhitput-4_12=iteration.2extra
.99 augustus_masked-164412411-processed-gene-0.0-mRNA-1 3681591 cdhitput-4_13=iteration.1extra
.96 augustus_masked-164412411-processed-gene-0.0-mRNA-1 3762804 cdhitput-4_13=iteration.1extra
.99 augustus_masked-164412411-processed-gene-0.0-mRNA-1 3762643 cdhitput-4_13=iteration.1extra
.99 snap_masked-167830172-processed-gene-0.4-mRNA-1 3668401 cdhitput-4_13=iteration.1extra
.98 snap_masked-167830172-processed-gene-0.4-mRNA-1 3762901 cdhitput-4_13=iteration.1extra
.92 maker-167862567-augustus-gene-0.4-mRNA-1 3763332 cdhitput-4_13=iteration.1extra
.99 maker-168183254-snap-gene-0.7-mRNA-1 3763409 cdhitput-4_13=iteration.1extra
.97 snap_masked-162995502-processed-gene-0.2-mRNA-1 3762865 cdhitput-4_13=iteration.1extra
.98 genemark-166920550-processed-gene-0.0-mRNA-1 3763300 cdhitput-4_13=iteration.1extra
.99 maker-168568474-snap-gene-0.81-mRNA-1 3763421 cdhitput-4_13=iteration.1extra
.90 maker-167886175-snap-gene-0.26-mRNA-2 3763419 cdhitput-4_13=iteration.1extra
.99 maker-168481841-snap-gene-0.46-mRNA-1 3763412 cdhitput-4_13=iteration.1extra
.97 maker-168571047-augustus-gene-0.110-mRNA-1 3763413 cdhitput-4_13=iteration.1extra
.90 snap_masked-167741742-processed-gene-0.4-mRNA-1 3763154 cdhitput-4_13=iteration.1extra
.91 maker-168429485-augustus-gene-0.70-mRNA-1 3763418 cdhitput-4_13=iteration.1extra
.99 maker-168372923-augustus-gene-0.59-mRNA-1 3763366 cdhitput-4_13=iteration.1extra
.90 maker-168569300-augustus-gene-0.28-mRNA-1 3763428 cdhitput-4_13=iteration.1extra
.99 snap_masked-168483863-processed-gene-0.25-mRNA-1 3763248 cdhitput-4_13=iteration.1extra
.99 genemark-168461475-processed-gene-0.2-mRNA-1 3763417 cdhitput-4_13=iteration.1extra
.91 snap_masked-167837038-processed-gene-0.12-mRNA-1 3763401 cdhitput-4_13=iteration.1extra
.90 maker-168371515-snap-gene-0.24-mRNA-1 3763206 cdhitput-4_13=iteration.1extra
.99 augustus_masked-168457458-processed-gene-0.3-mRNA-1 3679551 cdhitput-4_13=iteration.1extra
.99 maker-168187783-augustus-gene-0.71-mRNA-1 3763411 cdhitput-4_13=iteration.1extra
.99 maker-168375019-augustus-gene-0.45-mRNA-1 3763406 cdhitput-4_13=iteration.1extra
.99 augustus_masked-168329230-processed-gene-0.1-mRNA-1 3711191 cdhitput-4_13=iteration.1extra
.91 maker-168440810-augustus-gene-1.90-mRNA-1 3762982 cdhitput-4_13=iteration.1extra
.99 snap_masked-162990672-processed-gene-0.3-mRNA-1 3762969 cdhitput-4_13=iteration.1extra
.99 augustus_masked-165513687-processed-gene-0.0-mRNA-1 3657485 cdhitput-4_13=iteration.1extra
.99 maker-168554558-augustus-gene-2.102-mRNA-1 3763368 cdhitput-4_13=iteration.1extra
.99 genemark-168548916-processed-gene-0.4-mRNA-1 3762895 cdhitput-4_13=iteration.1extra
.99 maker-168188335-snap-gene-0.54-mRNA-1 3763415 cdhitput-4_13=iteration.1extra
.99 maker-168543645-snap-gene-0.68-mRNA-2 3662607 cdhitput-4_13=iteration.1extra
.92 maker-168489400-snap-gene-0.28-mRNA-1 3762879 cdhitput-4_13=iteration.1extra
.99 augustus_masked-165928106-processed-gene-0.0-mRNA-1 3666110 cdhitput-4_13=iteration.1extra
.95 augustus_masked-165928106-processed-gene-0.0-mRNA-1 3658150 cdhitput-4_13=iteration.1extra
.99 maker-168577235-snap-gene-0.134-mRNA-1 3763037 cdhitput-4_13=iteration.1extra
.99 maker-168253925-augustus-gene-0.16-mRNA-1 3763394 cdhitput-4_13=iteration.1extra
.99 augustus_masked-168190874-processed-gene-0.5-mRNA-1 3762838 cdhitput-4_13=iteration.1extra
.99 augustus_masked-168542561-processed-gene-0.2-mRNA-1 9639453 cdhitput-4_13=iteration.2extra
.93 snap_masked-163925822-processed-gene-0.2-mRNA-1 9432244 cdhitput-4_13=iteration.2extra
.92 augustus_masked-168315634-processed-gene-0.6-mRNA-1 9639637 cdhitput-4_13=iteration.2extra
.97 augustus_masked-168577490-processed-gene-1.3-mRNA-1 9639632 cdhitput-4_13=iteration.2extra
.98 augustus_masked-167747860-processed-gene-0.2-mRNA-1 9419238 cdhitput-4_13=iteration.2extra
.99 maker-168557445-augustus-gene-0.36-mRNA-1 9639600 cdhitput-4_13=iteration.2extra
.94 genemark-168302669-processed-gene-0.5-mRNA-1 9415089 cdhitput-4_13=iteration.2extra
.96 maker-168232993-augustus-gene-0.8-mRNA-1 9639707 cdhitput-4_13=iteration.2extra
.99 maker-168494764-snap-gene-0.87-mRNA-2 8169213 cdhitput-4_14=iteration.1extra
.99 augustus_masked-168433244-processed-gene-0.2-mRNA-1 658954 cdhitput-4_14=iteration.1extra
.99 augustus_masked-168433244-processed-gene-0.2-mRNA-1 1761630 cdhitput-4_14=iteration.1extra
.99 augustus_masked-168433244-processed-gene-0.2-mRNA-1 1236126 cdhitput-4_14=iteration.1extra
.99 augustus_masked-168550589-processed-gene-0.16-mRNA-1 7985327 cdhitput-4_14=iteration.1extra
.99 augustus_masked-164765423-processed-gene-0.0-mRNA-1 1164000 cdhitput-4_14=iteration.1extra
.99 snap_masked-168577626-processed-gene-0.51-mRNA-1 8168768 cdhitput-4_14=iteration.1extra
.99 maker-168186310-snap-gene-0.22-mRNA-1 8169242 cdhitput-4_14=iteration.1extra
.96 snap_masked-168259050-processed-gene-0.41-mRNA-1 8168906 cdhitput-4_14=iteration.1extra
.92 augustus_masked-168331515-processed-gene-0.7-mRNA-1 8169122 cdhitput-4_14=iteration.1extra
.94 maker-168413955-snap-gene-0.17-mRNA-1 8169240 cdhitput-4_14=iteration.1extra
.99 augustus_masked-167981408-processed-gene-0.12-mRNA-1 8169246 cdhitput-4_14=iteration.1extra
.99 snap_masked-168348206-processed-gene-0.48-mRNA-1 8169241 cdhitput-4_14=iteration.1extra
.97 maker-165399557-snap-gene-0.3-mRNA-1 6060231 cdhitput-4_14=iteration.2extra
.94 maker-168186529-snap-gene-0.27-mRNA-1 6060309 cdhitput-4_14=iteration.2extra
.92 maker-168528742-augustus-gene-0.36-mRNA-1 6060311 cdhitput-4_14=iteration.2extra
.99 augustus_masked-158316153-processed-gene-0.0-mRNA-1 6060296 cdhitput-4_14=iteration.2extra
.99 maker-166286426-snap-gene-0.1-mRNA-1 6060107 cdhitput-4_14=iteration.2extra
.92 maker-168441811-augustus-gene-0.59-mRNA-1 6060307 cdhitput-4_14=iteration.2extra
.95 snap_masked-168083070-processed-gene-0.24-mRNA-1 5936918 cdhitput-4_14=iteration.2extra
.90 snap_masked-168083070-processed-gene-0.24-mRNA-1 2114537 cdhitput-4_14=iteration.2extra
.94 maker-163450168-augustus-gene-0.9-mRNA-1 6059985 cdhitput-4_14=iteration.2extra
.92 snap_masked-168222696-processed-gene-0.13-mRNA-1 6060155 cdhitput-4_14=iteration.2extra
.99 maker-168156905-augustus-gene-0.88-mRNA-1 6060082 cdhitput-4_14=iteration.2extra
.99 augustus_masked-168305341-processed-gene-0.41-mRNA-1 6060114 cdhitput-4_14=iteration.2extra
.99 maker-168352389-augustus-gene-0.10-mRNA-1 6060121 cdhitput-4_14=iteration.2extra
.93 maker-168287020-snap-gene-0.28-mRNA-1 6059882 cdhitput-4_14=iteration.2extra
.91 maker-168264902-snap-gene-0.9-mRNA-1 6060080 cdhitput-4_14=iteration.2extra
.97 genemark-168558121-processed-gene-0.21-mRNA-1 6060170 cdhitput-4_14=iteration.2extra
.95 genemark-168235269-processed-gene-0.5-mRNA-1 11064434 cdhitput-4_15=iteration.1extra
.99 snap_masked-166939835-processed-gene-0.6-mRNA-1 3287957 cdhitput-4_15=iteration.1extra
.96 augustus_masked-168186218-processed-gene-0.0-mRNA-1 11088200 cdhitput-4_15=iteration.1extra
.96 maker-168253285-augustus-gene-0.51-mRNA-1 11321679 cdhitput-4_15=iteration.1extra
.99 snap_masked-164848170-processed-gene-0.4-mRNA-1 11077849 cdhitput-4_15=iteration.1extra
.99 augustus_masked-167918185-processed-gene-0.8-mRNA-1 11321676 cdhitput-4_15=iteration.1extra
.90 augustus_masked-168200496-processed-gene-0.0-mRNA-1 11241334 cdhitput-4_15=iteration.1extra
.99 maker-168189353-snap-gene-0.30-mRNA-1 11321700 cdhitput-4_15=iteration.1extra
.99 maker-167932267-snap-gene-0.12-mRNA-1 11321718 cdhitput-4_15=iteration.1extra
.97 augustus_masked-162344264-processed-gene-0.0-mRNA-1 11276725 cdhitput-4_15=iteration.1extra
.98 augustus_masked-166998920-processed-gene-0.1-mRNA-1 11321598 cdhitput-4_15=iteration.1extra
.97 augustus_masked-158845547-processed-gene-0.0-mRNA-1 11321680 cdhitput-4_15=iteration.1extra
.99 augustus_masked-168296913-processed-gene-0.0-mRNA-1 11063477 cdhitput-4_15=iteration.1extra
.96 augustus_masked-163586797-processed-gene-0.0-mRNA-1 11106065 cdhitput-4_15=iteration.1extra
.99 maker-168552472-augustus-gene-1.69-mRNA-1 11321649 cdhitput-4_15=iteration.1extra
.98 snap_masked-168545206-processed-gene-0.41-mRNA-1 11240408 cdhitput-4_15=iteration.1extra
.98 snap_masked-168545206-processed-gene-0.41-mRNA-1 11291347 cdhitput-4_15=iteration.1extra
.99 augustus_masked-168566215-processed-gene-0.8-mRNA-1 11107359 cdhitput-4_15=iteration.1extra
.99 genemark-168256637-processed-gene-0.3-mRNA-1 4192463 cdhitput-4_15=iteration.2extra
.97 maker-168544877-snap-gene-0.49-mRNA-1 4319075 cdhitput-4_15=iteration.2extra
.98 augustus_masked-168224133-processed-gene-0.2-mRNA-1 4319623 cdhitput-4_15=iteration.2extra
.99 maker-168183877-augustus-gene-0.13-mRNA-2 4319678 cdhitput-4_15=iteration.2extra
.98 maker-168568376-snap-gene-0.42-mRNA-1 4319662 cdhitput-4_15=iteration.2extra
.96 maker-168480493-snap-gene-0.35-mRNA-1 4319690 cdhitput-4_15=iteration.2extra
.99 augustus_masked-168466428-processed-gene-0.8-mRNA-1 4200664 cdhitput-4_15=iteration.2extra
.99 snap_masked-168568593-processed-gene-0.33-mRNA-1 4319646 cdhitput-4_15=iteration.2extra
.94 augustus_masked-168333925-processed-gene-0.9-mRNA-1 4319076 cdhitput-4_15=iteration.2extra
.92 snap_masked-168209487-processed-gene-0.29-mRNA-1 4148081 cdhitput-4_16=iteration.1extra
.99 maker-168188581-snap-gene-0.32-mRNA-1 4108958 cdhitput-4_16=iteration.1extra
.90 maker-168459549-snap-gene-0.49-mRNA-1 4148126 cdhitput-4_16=iteration.1extra
.99 augustus_masked-163764686-processed-gene-0.0-mRNA-1 4147007 cdhitput-4_16=iteration.1extra
.99 augustus_masked-163764686-processed-gene-0.0-mRNA-1 4146908 cdhitput-4_16=iteration.1extra
.94 augustus_masked-163764686-processed-gene-0.0-mRNA-1 963467 cdhitput-4_16=iteration.1extra
.99 snap_masked-168264771-processed-gene-0.38-mRNA-1 4022759 cdhitput-4_16=iteration.1extra
.99 maker-168186755-snap-gene-0.28-mRNA-1 4148130 cdhitput-4_16=iteration.1extra
.97 snap_masked-168190688-processed-gene-0.42-mRNA-1 4043942 cdhitput-4_16=iteration.1extra
.97 maker-168561329-augustus-gene-0.75-mRNA-1 4148127 cdhitput-4_16=iteration.1extra
.96 maker-168189776-augustus-gene-0.91-mRNA-1 110952 cdhitput-4_16=iteration.1extra
.92 genemark-168556946-processed-gene-0.25-mRNA-1 4147906 cdhitput-4_16=iteration.1extra
.99 augustus_masked-164423572-processed-gene-0.0-mRNA-1 4147443 cdhitput-4_16=iteration.1extra
.95 augustus_masked-165950810-processed-gene-0.1-mRNA-1 4148098 cdhitput-4_16=iteration.1extra
.99 maker-168569351-snap-gene-1.125-mRNA-1 4043366 cdhitput-4_16=iteration.1extra
.99 maker-168534323-snap-gene-0.83-mRNA-1 4146950 cdhitput-4_16=iteration.1extra
.99 genemark-168482257-processed-gene-0.27-mRNA-1 4148108 cdhitput-4_16=iteration.1extra
.99 genemark-168368172-processed-gene-0.11-mRNA-1 4148071 cdhitput-4_16=iteration.1extra
.96 augustus_masked-168342061-processed-gene-0.1-mRNA-1 4065170 cdhitput-4_16=iteration.1extra
.99 augustus_masked-168529508-processed-gene-0.0-mRNA-1 4148040 cdhitput-4_16=iteration.1extra
.99 augustus_masked-165624922-processed-gene-0.0-mRNA-1 4148124 cdhitput-4_16=iteration.1extra
.99 genemark-168566761-processed-gene-0.17-mRNA-1 4148125 cdhitput-4_16=iteration.1extra
.99 snap_masked-168504319-processed-gene-0.45-mRNA-1 4069225 cdhitput-4_16=iteration.2extra
.99 genemark-168430154-processed-gene-0.9-mRNA-1 4069039 cdhitput-4_16=iteration.2extra
.96 maker-168185089-augustus-gene-0.14-mRNA-3 4069746 cdhitput-4_16=iteration.2extra
.99 augustus_masked-164452728-processed-gene-0.1-mRNA-1 4069462 cdhitput-4_16=iteration.2extra
.98 maker-168561168-snap-gene-0.36-mRNA-1 4069729 cdhitput-4_16=iteration.2extra
.99 maker-168337454-snap-gene-0.100-mRNA-1 4069739 cdhitput-4_16=iteration.2extra
.99 maker-168184820-snap-gene-0.7-mRNA-1 4069756 cdhitput-4_16=iteration.2extra
.99 maker-168274083-snap-gene-0.43-mRNA-1 4069750 cdhitput-4_16=iteration.2extra
.90 maker-168500211-snap-gene-1.85-mRNA-1 4069199 cdhitput-4_16=iteration.2extra
.99 maker-168559558-snap-gene-0.33-mRNA-1 4069636 cdhitput-4_16=iteration.2extra
.99 maker-168189155-augustus-gene-0.80-mRNA-1 4069737 cdhitput-4_16=iteration.2extra
.94 maker-167794345-snap-gene-0.12-mRNA-1 4069744 cdhitput-4_16=iteration.2extra
.99 augustus_masked-163406353-processed-gene-0.1-mRNA-1 4069438 cdhitput-4_16=iteration.2extra
.92 augustus_masked-166914911-processed-gene-0.0-mRNA-1 4069745 cdhitput-4_16=iteration.2extra
.99 augustus_masked-168450935-processed-gene-1.5-mRNA-1 4069517 cdhitput-4_16=iteration.2extra
.91 snap_masked-168299952-processed-gene-0.3-mRNA-1 1459643 cdhitput-4_16=iteration.2extra
.95 maker-166686765-snap-gene-0.5-mRNA-1 4069401 cdhitput-4_16=iteration.2extra
.99 augustus_masked-168527842-processed-gene-0.8-mRNA-1 4069671 cdhitput-4_16=iteration.2extra
.96 maker-168232216-augustus-gene-0.60-mRNA-1 4069555 cdhitput-4_16=iteration.2extra
.99 augustus_masked-167874114-processed-gene-0.0-mRNA-1 4033601 cdhitput-4_16=iteration.2extra
.99 augustus_masked-167874114-processed-gene-0.0-mRNA-1 4069291 cdhitput-4_16=iteration.2extra
.99 augustus_masked-167874114-processed-gene-0.0-mRNA-1 4041945 cdhitput-4_16=iteration.2extra
.95 augustus_masked-167983268-processed-gene-0.4-mRNA-1 4069732 cdhitput-4_16=iteration.2extra
.99 maker-166925319-augustus-gene-0.5-mRNA-1 10104501 cdhitput-4_17=iteration.1extra
.91 maker-168184241-snap-gene-0.7-mRNA-1 10104208 cdhitput-4_17=iteration.1extra
.99 augustus_masked-168190184-processed-gene-0.0-mRNA-1 9873436 cdhitput-4_17=iteration.1extra
.99 augustus_masked-168190184-processed-gene-0.0-mRNA-1 9869411 cdhitput-4_17=iteration.1extra
.99 maker-168185366-snap-gene-0.6-mRNA-1 10104471 cdhitput-4_17=iteration.1extra
.99 snap_masked-168235772-processed-gene-0.36-mRNA-1 10104018 cdhitput-4_17=iteration.1extra
.99 maker-168217957-snap-gene-0.98-mRNA-1 10104474 cdhitput-4_17=iteration.1extra
.93 maker-168509181-snap-gene-0.106-mRNA-1 10104423 cdhitput-4_17=iteration.1extra
.99 maker-167869164-augustus-gene-0.17-mRNA-1 10104424 cdhitput-4_17=iteration.1extra
.95 maker-168240834-snap-gene-0.39-mRNA-1 10104481 cdhitput-4_17=iteration.1extra
.96 maker-167795763-snap-gene-0.53-mRNA-1 10104494 cdhitput-4_17=iteration.1extra
.99 genemark-163258432-processed-gene-0.0-mRNA-1 9881612 cdhitput-4_17=iteration.1extra
.99 maker-168459010-augustus-gene-0.18-mRNA-1 10104487 cdhitput-4_17=iteration.1extra
.99 augustus_masked-168542116-processed-gene-0.2-mRNA-1 10104407 cdhitput-4_17=iteration.1extra
.97 maker-167841556-snap-gene-0.8-mRNA-1 10104237 cdhitput-4_17=iteration.1extra
.95 maker-168463066-snap-gene-0.11-mRNA-1 10104095 cdhitput-4_17=iteration.1extra
.99 maker-168385244-augustus-gene-0.33-mRNA-1 9893826 cdhitput-4_17=iteration.1extra
.90 snap_masked-167895587-processed-gene-0.5-mRNA-1 10104485 cdhitput-4_17=iteration.1extra
.94 maker-168016424-augustus-gene-0.27-mRNA-2 10104489 cdhitput-4_17=iteration.1extra
.99 maker-168189228-snap-gene-0.97-mRNA-1 10104482 cdhitput-4_17=iteration.1extra
.99 maker-168190722-snap-gene-0.88-mRNA-1 10104463 cdhitput-4_17=iteration.1extra
.99 genemark-168292595-processed-gene-0.19-mRNA-1 10104002 cdhitput-4_17=iteration.1extra
.97 maker-168001977-snap-gene-0.14-mRNA-1 9911541 cdhitput-4_17=iteration.1extra
.99 snap_masked-167785227-processed-gene-0.2-mRNA-1 9899874 cdhitput-4_17=iteration.1extra
.98 maker-168514719-snap-gene-0.39-mRNA-1 10018295 cdhitput-4_17=iteration.1extra
.99 augustus_masked-168440956-processed-gene-0.7-mRNA-1 9871443 cdhitput-4_17=iteration.1extra
.99 maker-167846475-augustus-gene-0.31-mRNA-1 10104465 cdhitput-4_17=iteration.1extra
.96 augustus_masked-168287753-processed-gene-0.14-mRNA-1 10104087 cdhitput-4_17=iteration.1extra
.90 maker-168570208-snap-gene-0.39-mRNA-1 4248994 cdhitput-4_17=iteration.2extra
.99 maker-168577285-augustus-gene-0.52-mRNA-1 4249008 cdhitput-4_17=iteration.2extra
.99 maker-168234076-snap-gene-0.75-mRNA-1 4199155 cdhitput-4_17=iteration.2extra
.99 maker-168464835-snap-gene-0.51-mRNA-1 4249002 cdhitput-4_17=iteration.2extra
.99 augustus_masked-163463908-processed-gene-0.0-mRNA-1 777183 cdhitput-4_17=iteration.2extra
.99 augustus_masked-163463908-processed-gene-0.0-mRNA-1 4120674 cdhitput-4_17=iteration.2extra
.99 augustus_masked-163463908-processed-gene-0.0-mRNA-1 4137609 cdhitput-4_17=iteration.2extra
.99 augustus_masked-163463908-processed-gene-0.0-mRNA-1 371268 cdhitput-4_17=iteration.2extra
.99 augustus_masked-163463908-processed-gene-0.0-mRNA-1 4248803 cdhitput-4_17=iteration.2extra
.99 augustus_masked-166817910-processed-gene-0.0-mRNA-1 4248984 cdhitput-4_17=iteration.2extra
.99 maker-168138948-augustus-gene-0.12-mRNA-1 4249012 cdhitput-4_17=iteration.2extra
.99 maker-165124954-augustus-gene-0.5-mRNA-1 4249001 cdhitput-4_17=iteration.2extra
.99 augustus_masked-24056382-processed-gene-0.0-mRNA-1 4249000 cdhitput-4_17=iteration.2extra
.95 maker-161634024-augustus-gene-0.2-mRNA-1 4119457 cdhitput-4_17=iteration.2extra
.98 augustus_masked-165050660-processed-gene-0.0-mRNA-1 4160110 cdhitput-4_17=iteration.2extra
.99 maker-168481930-augustus-gene-0.55-mRNA-1 4247971 cdhitput-4_17=iteration.2extra
.99 augustus_masked-168286317-processed-gene-0.12-mRNA-1 4248932 cdhitput-4_17=iteration.2extra
.99 genemark-168484757-processed-gene-0.31-mRNA-1 4172489 cdhitput-4_17=iteration.2extra
.99 augustus_masked-168141717-processed-gene-0.6-mRNA-1 4689044 cdhitput-4_18=iteration.1extra
.99 augustus_masked-168141717-processed-gene-0.6-mRNA-1 4709713 cdhitput-4_18=iteration.1extra
.90 genemark-164836809-processed-gene-0.0-mRNA-1 4661086 cdhitput-4_18=iteration.1extra
.99 genemark-168354813-processed-gene-0.2-mRNA-1 1164176 cdhitput-4_18=iteration.1extra
.98 genemark-168354813-processed-gene-0.2-mRNA-1 1374462 cdhitput-4_18=iteration.1extra
.98 genemark-168354813-processed-gene-0.2-mRNA-1 4678237 cdhitput-4_18=iteration.1extra
.99 snap_masked-168468239-processed-gene-0.11-mRNA-1 680721 cdhitput-4_18=iteration.1extra
.99 augustus_masked-168438295-processed-gene-0.1-mRNA-1 964987 cdhitput-4_18=iteration.1extra
.99 augustus_masked-168438295-processed-gene-0.1-mRNA-1 4687025 cdhitput-4_18=iteration.1extra
.99 maker-165519928-augustus-gene-0.4-mRNA-1 4796286 cdhitput-4_18=iteration.1extra
.99 maker-159141705-snap-gene-0.2-mRNA-1 4741739 cdhitput-4_18=iteration.1extra
.99 maker-168183226-augustus-gene-0.6-mRNA-1 4796306 cdhitput-4_18=iteration.1extra
.99 maker-168133153-augustus-gene-0.14-mRNA-1 4796303 cdhitput-4_18=iteration.1extra
.99 maker-168417179-augustus-gene-0.47-mRNA-1 4796264 cdhitput-4_18=iteration.1extra
.99 augustus_masked-167970499-processed-gene-0.10-mRNA-1 4728479 cdhitput-4_18=iteration.1extra
.99 augustus_masked-167970499-processed-gene-0.10-mRNA-1 4796026 cdhitput-4_18=iteration.1extra
.98 augustus_masked-167970499-processed-gene-0.10-mRNA-1 4795974 cdhitput-4_18=iteration.1extra
.99 augustus_masked-167970499-processed-gene-0.10-mRNA-1 4649721 cdhitput-4_18=iteration.1extra
.99 augustus_masked-167970499-processed-gene-0.10-mRNA-1 615870 cdhitput-4_18=iteration.1extra
.97 snap_masked-168200367-processed-gene-0.6-mRNA-1 4796012 cdhitput-4_18=iteration.1extra
.97 maker-168512853-snap-gene-1.110-mRNA-1 4796267 cdhitput-4_18=iteration.1extra
.99 snap_masked-168550991-processed-gene-0.40-mRNA-1 4796077 cdhitput-4_18=iteration.1extra
.99 augustus_masked-168273031-processed-gene-0.1-mRNA-1 4796262 cdhitput-4_18=iteration.1extra
.94 augustus_masked-168489161-processed-gene-0.1-mRNA-1 1270275 cdhitput-4_18=iteration.1extra
.99 maker-168190496-augustus-gene-0.38-mRNA-1 4796315 cdhitput-4_18=iteration.1extra
.99 augustus_masked-168551645-processed-gene-0.0-mRNA-1 4796151 cdhitput-4_18=iteration.1extra
.99 maker-168474166-augustus-gene-0.63-mRNA-1 4796278 cdhitput-4_18=iteration.1extra
.95 augustus_masked-168283923-processed-gene-1.4-mRNA-1 4796072 cdhitput-4_18=iteration.1extra
.99 maker-168237148-augustus-gene-0.12-mRNA-1 4795904 cdhitput-4_18=iteration.1extra
.99 maker-168573168-augustus-gene-0.36-mRNA-1 4796291 cdhitput-4_18=iteration.1extra
.98 maker-168287516-augustus-gene-0.51-mRNA-1 4796295 cdhitput-4_18=iteration.1extra
.97 augustus_masked-168574555-processed-gene-0.3-mRNA-1 4796259 cdhitput-4_18=iteration.1extra
.93 maker-168543095-augustus-gene-0.44-mRNA-1 4795624 cdhitput-4_18=iteration.1extra
.99 maker-163851664-snap-gene-0.3-mRNA-1 4795690 cdhitput-4_18=iteration.1extra
.90 maker-168371039-augustus-gene-3.86-mRNA-1 4796301 cdhitput-4_18=iteration.1extra
.99 maker-167839836-snap-gene-0.27-mRNA-1 4796248 cdhitput-4_18=iteration.1extra
.99 maker-168446659-augustus-gene-0.43-mRNA-1 4796307 cdhitput-4_18=iteration.1extra
.97 snap_masked-168518580-processed-gene-0.14-mRNA-1 12116372 cdhitput-4_18=iteration.2extra
.96 maker-168249329-snap-gene-0.17-mRNA-1 12388245 cdhitput-4_18=iteration.2extra
.99 maker-168106989-snap-gene-0.44-mRNA-1 12279462 cdhitput-4_18=iteration.2extra
.98 snap_masked-168539016-processed-gene-0.93-mRNA-1 12388161 cdhitput-4_18=iteration.2extra
.99 snap_masked-168291512-processed-gene-0.41-mRNA-1 3188914 cdhitput-4_18=iteration.2extra
.99 maker-113106675-augustus-gene-0.4-mRNA-1 12388100 cdhitput-4_18=iteration.2extra
.99 maker-163708861-snap-gene-0.4-mRNA-1 12120565 cdhitput-4_18=iteration.2extra
.99 augustus_masked-168339538-processed-gene-0.2-mRNA-1 12388137 cdhitput-4_18=iteration.2extra
.98 snap_masked-166163391-processed-gene-0.2-mRNA-1 4497601 cdhitput-4_18=iteration.2extra
.97 maker-163585803-augustus-gene-0.4-mRNA-1 12112068 cdhitput-4_18=iteration.2extra
.99 maker-168270376-snap-gene-0.71-mRNA-1 12388113 cdhitput-4_18=iteration.2extra
.93 maker-168459469-snap-gene-0.101-mRNA-1 12388160 cdhitput-4_18=iteration.2extra
.99 genemark-168266039-processed-gene-0.11-mRNA-1 12387894 cdhitput-4_18=iteration.2extra
.93 augustus_masked-168428537-processed-gene-0.1-mRNA-1 12364108 cdhitput-4_18=iteration.2extra
.99 augustus_masked-168183699-processed-gene-0.3-mRNA-1 7170943 cdhitput-4_19=iteration.1extra
.91 augustus_masked-168200106-processed-gene-0.3-mRNA-1 1533846 cdhitput-4_19=iteration.1extra
.98 augustus_masked-163033082-processed-gene-0.0-mRNA-1 7027165 cdhitput-4_19=iteration.1extra
.99 augustus_masked-168368744-processed-gene-0.2-mRNA-1 9429091 cdhitput-4_19=iteration.2extra
.94 augustus_masked-167895039-processed-gene-0.2-mRNA-1 9429000 cdhitput-4_19=iteration.2extra
.99 GQ03111_J19.2_clone=GQ03111_J19_cluster=GQ03111_J19_status=complete_gb=BT107698 10588843 cdhitput-4_1=iteration.1extra
.93 GQ03607_L08.4_clone=GQ03607_L08_cluster=GQ03607_L08_status=complete_gb=BT115035 10588845 cdhitput-4_1=iteration.1extra
.99 GQ03314_N16.1_clone=GQ03314_N16_cluster=GQ03314_N16_status=complete_gb=BT112415 10588824 cdhitput-4_1=iteration.1extra
.99 GQ03902_P10.1_clone=GQ03902_P10_cluster=GQ03902_P10_status=complete_gb=BT117550 10588781 cdhitput-4_1=iteration.1extra
.93 GQ03418_C23.1_clone=GQ03418_C23_cluster=GQ03418_C23_status=complete_gb=BT113709 10588828 cdhitput-4_1=iteration.1extra
.92 WS00733_K22.1_clone=WS00733_K22_cluster=WS00733_K22_status=3 10588759 cdhitput-4_1=iteration.1extra
.93 GQ03203_O17.2_clone=GQ03203_O17_cluster=GQ03203_O17_status=complete_gb=BT109033 10588789 cdhitput-4_1=iteration.1extra
.90 GQ03235_G22.1_clone=GQ03235_G22_cluster=GQ03235_G22_status=complete_gb=BT111287 10588803 cdhitput-4_1=iteration.1extra
.90 GQ02827_E23.1_clone=GQ02827_E23_cluster=GQ02827_E23_status=complete_gb=BT105733 10588842 cdhitput-4_1=iteration.1extra
.97 GQ04110_L20.1_clone=GQ04110_L20_cluster=GQ04110_L20_status=complete_gb=BT119829 10588792 cdhitput-4_1=iteration.1extra
.90 GQ04103_P12.1_clone=GQ04103_P12_cluster=GQ04103_P12_status=complete_gb=BT119302 10588837 cdhitput-4_1=iteration.1extra
.91 WS03220_F07.1_clone=WS03220_F07_cluster=WS03220_F07_status=complete 10588564 cdhitput-4_1=iteration.1extra
.99 GQ03902_N09.1_clone=GQ03902_N09_cluster=GQ03902_N09_status=complete_gb=BT117542 10588657 cdhitput-4_1=iteration.1extra
.99 GQ02811_C05.1_clone=GQ02811_C05_cluster=GQ02811_C05_status=complete_gb=BT104501 10588827 cdhitput-4_1=iteration.1extra
.99 GQ04005_E12.1_clone=GQ04005_E12_cluster=GQ04005_E12_status=complete_gb=BT118339 10588722 cdhitput-4_1=iteration.1extra
.98 GQ03508_H15.1_clone=GQ03508_H15_cluster=GQ03508_H15_status=complete_gb=BT114118 10588414 cdhitput-4_1=iteration.1extra
.97 GQ04006_K06.1_clone=GQ04006_K06_cluster=GQ04006_K06_status=complete_gb=BT118460 10588838 cdhitput-4_1=iteration.1extra
.90 GQ03503_N13.1_clone=GQ03503_N13_cluster=GQ03503_N13_status=complete_gb=BT113896 10529683 cdhitput-4_1=iteration.1extra
.99 WS0053_D10.1_clone=WS0053_D10_cluster=WS0053_D10_status=complete 10588445 cdhitput-4_1=iteration.1extra
.99 GQ03326_I14.1_clone=GQ03326_I14_cluster=GQ03326_I14_status=complete_gb=BT113163 10588768 cdhitput-4_1=iteration.1extra
.99 GQ04011_K06.1_clone=GQ04011_K06_cluster=GQ04011_K06_status=complete_gb=BT118898 10588725 cdhitput-4_1=iteration.1extra
.90 GQ03326_J11.1_clone=GQ03326_J11_cluster=GQ03326_J11_status=complete_gb=BT113168 4529893 cdhitput-4_1=iteration.2extra
.99 GQ03716_L01.2_clone=GQ03716_L01_cluster=GQ03716_L01_status=complete_gb=BT116335 4529394 cdhitput-4_1=iteration.2extra
.97 GQ03006_M20.2_clone=GQ03006_M20_cluster=GQ03006_M20_status=complete_gb=BT106631 4529875 cdhitput-4_1=iteration.2extra
.90 GQ03235_O15.1_clone=GQ03235_O15_cluster=GQ03235_O15_status=complete_gb=BT111314 4529947 cdhitput-4_1=iteration.2extra
.93 GQ02818_J21.1_clone=GQ02818_J21_cluster=GQ02818_J21_status=complete_gb=BT105104 4529887 cdhitput-4_1=iteration.2extra
.92 GQ03707_F06.1_clone=GQ03707_F06_cluster=GQ03707_F06_status=complete_gb=BT115844 4529903 cdhitput-4_1=iteration.2extra
.99 GQ03112_B18.1_clone=GQ03112_B18_cluster=GQ03112_B18_status=complete_gb=BT107733 4529898 cdhitput-4_1=iteration.2extra
.91 GQ03909_N17.2_clone=GQ03909_N17_cluster=GQ03909_N17_status=complete_gb=BT117744 4529946 cdhitput-4_1=iteration.2extra
.99 GQ03324_K12.1_clone=GQ03324_K12_cluster=GQ03324_K12_status=complete_gb=BT113022 4529955 cdhitput-4_1=iteration.2extra
.95 GQ03710_H08.1_clone=GQ03710_H08_cluster=GQ03710_H08_status=complete_gb=BT116015 4529934 cdhitput-4_1=iteration.2extra
.97 GQ03319_C03.1_clone=GQ03319_C03_cluster=GQ03319_C03_status=complete_gb=BT112660 4529691 cdhitput-4_1=iteration.2extra
.92 GQ04111_O10.1_clone=GQ04111_O10_cluster=GQ04111_O10_status=complete_gb=BT119894 4529968 cdhitput-4_1=iteration.2extra
.96 GQ03708_J16.1_clone=GQ03708_J16_cluster=GQ03708_J16_status=complete_gb=BT115907 4529937 cdhitput-4_1=iteration.2extra
.99 GQ02806_O13.1_clone=GQ02806_O13_cluster=GQ02806_O13_status=complete_gb=BT104144 4529897 cdhitput-4_1=iteration.2extra
.97 GQ04004_I14.1_clone=GQ04004_I14_cluster=GQ04004_I14_status=5 4529632 cdhitput-4_1=iteration.2extra
.99 GQ03213_A21.1_clone=GQ03213_A21_cluster=GQ03213_A21_status=complete_gb=BT109855 4529970 cdhitput-4_1=iteration.2extra
.95 GQ03319_B08.1_clone=GQ03319_B08_cluster=GQ03319_B08_status=complete_gb=BT112656 4529572 cdhitput-4_1=iteration.2extra
.90 GQ04006_B04.4_clone=GQ04006_B04_cluster=GQ04006_B04_status=complete_gb=BT118407 4529902 cdhitput-4_1=iteration.2extra
.95 GQ03817_B19.1_clone=GQ03817_B19_cluster=GQ03817_B19_status=complete_gb=BT117318 4529886 cdhitput-4_1=iteration.2extra
.92 GQ03212_B02.1_clone=GQ03212_B02_cluster=GQ03212_B02_status=complete_gb=BT109755 4529872 cdhitput-4_1=iteration.2extra
.90 GQ04101_E13.1_clone=GQ04101_E13_cluster=GQ04101_E13_status=complete_gb=BT119085 4529943 cdhitput-4_1=iteration.2extra
.92 GQ02813_I01.1_clone=GQ02813_I01_cluster=GQ02813_I01_status=complete_gb=BT104684 5605516 cdhitput-4_2=iteration.1extra
.99 GQ03312_I02.1_clone=GQ03312_I02_cluster=GQ03312_I02_status=complete_gb=BT112248 5605492 cdhitput-4_2=iteration.1extra
.98 GQ03006_P17.1_clone=GQ03006_P17_cluster=GQ03006_P17_status=complete_gb=BT106642 5605359 cdhitput-4_2=iteration.1extra
.99 GQ03123_C06.1_clone=GQ03123_C06_cluster=GQ03123_C06_status=complete_gb=BT108528 5605472 cdhitput-4_2=iteration.1extra
.99 GQ03617_M08.1_clone=GQ03617_M08_cluster=GQ03617_M08_status=complete_gb=BT115485 5605562 cdhitput-4_2=iteration.1extra
.92 GQ04013_I03.1_clone=GQ04013_I03_cluster=GQ04013_I03_status=complete_gb=BT119021 5605565 cdhitput-4_2=iteration.1extra
.91 GQ03612_P08.1_clone=GQ03612_P08_cluster=GQ03612_P08_status=complete_gb=BT115267 5605552 cdhitput-4_2=iteration.1extra
.98 GQ03213_P18.3_clone=GQ03213_P18_cluster=GQ03213_P18_status=complete_gb=BT109937 5605545 cdhitput-4_2=iteration.1extra
.96 GQ02902_A09.1_clone=GQ02902_A09_cluster=GQ02902_A09_status=complete_gb=BT106050 5605515 cdhitput-4_2=iteration.1extra
.94 GQ03812_F05.1_clone=GQ03812_F05_cluster=GQ03812_F05_status=complete_gb=BT117075 5605219 cdhitput-4_2=iteration.1extra
.96 WS00752_H14.1_clone=WS00752_H14_cluster=WS00752_H14_status=3 5605370 cdhitput-4_2=iteration.1extra
.94 GQ04003_J05.1_clone=GQ04003_J05_cluster=GQ04003_J05_status=complete_gb=BT118205 5605553 cdhitput-4_2=iteration.1extra
.90 GQ02808_N07.1_clone=GQ02808_N07_cluster=GQ02808_N07_status=complete_gb=BT104311 5605511 cdhitput-4_2=iteration.1extra
.99 GQ02806_P21.1_clone=GQ02806_P21_cluster=GQ02806_P21_status=complete_gb=BT104153 5605561 cdhitput-4_2=iteration.1extra
.98 GQ03713_H13.1_clone=GQ03713_H13_cluster=GQ03713_H13_status=complete_gb=BT116197 5605080 cdhitput-4_2=iteration.1extra
.94 GQ03239_K03.1_clone=GQ03239_K03_cluster=GQ03239_K03_status=complete_gb=BT111571 4233016 cdhitput-4_2=iteration.2extra
.96 GQ0207_E09.1_clone=GQ0207_E09_cluster=GQ0207_E09_status=complete_gb=BT103144 4232965 cdhitput-4_2=iteration.2extra
.93 GQ04106_M09.1_clone=GQ04106_M09_cluster=GQ04106_M09_status=complete_gb=BT119530 4232961 cdhitput-4_2=iteration.2extra
.92 GQ02820_J08.2_clone=GQ02820_J08_cluster=GQ02820_J08_status=complete_gb=BT105291 4232978 cdhitput-4_2=iteration.2extra
.98 WS0342_M03.1_clone=WS0342_M03_cluster=WS0342_M03_status=complete 4232272 cdhitput-4_2=iteration.2extra
.99 GQ03215_H11.1_clone=GQ03215_H11_cluster=GQ03215_H11_status=complete_gb=BT110058 4233030 cdhitput-4_2=iteration.2extra
.90 GQ03207_J17.1_clone=GQ03207_J17_cluster=GQ03207_J17_status=complete_gb=BT109360 4233050 cdhitput-4_2=iteration.2extra
.95 GQ02806_E10.1_clone=GQ02806_E10_cluster=GQ02806_E10_status=complete_gb=BT104088 4233022 cdhitput-4_2=iteration.2extra
.99 GQ03009_P15.1_clone=GQ03009_P15_cluster=GQ03009_P15_status=complete_gb=BT106765 4232941 cdhitput-4_2=iteration.2extra
.94 GQ02829_F03.1_clone=GQ02829_F03_cluster=GQ02829_F03_status=complete_gb=BT105846 4232992 cdhitput-4_2=iteration.2extra
.97 GQ00611_I22.1_clone=GQ00611_I22_cluster=GQ00611_I22_status=complete_gb=BT100938 4232959 cdhitput-4_2=iteration.2extra
.99 GQ03115_H04.1_clone=GQ03115_H04_cluster=GQ03115_H04_status=complete_gb=BT107990 4232943 cdhitput-4_2=iteration.2extra
.91 GQ04101_A10.1_clone=GQ04101_A10_cluster=GQ04101_A10_status=complete_gb=BT119071 4232949 cdhitput-4_2=iteration.2extra
.98 GQ03107_C24.1_clone=GQ03107_C24_cluster=GQ03107_C24_status=complete_gb=BT107407 4232850 cdhitput-4_2=iteration.2extra
.93 GQ03416_J07.1_clone=GQ03416_J07_cluster=GQ03416_J07_status=complete_gb=BT113663 4232971 cdhitput-4_2=iteration.2extra
.99 GQ04006_B24.1_clone=GQ04006_B24_cluster=GQ04006_B24_status=complete_gb=BT118413 4233000 cdhitput-4_2=iteration.2extra
.96 GQ03125_C12.1_clone=GQ03125_C12_cluster=GQ03125_C12_status=complete_gb=BT108668 4233028 cdhitput-4_2=iteration.2extra
.91 GQ03310_P15.2_clone=GQ03310_P15_cluster=GQ03310_P15_status=complete_gb=BT112159 4233014 cdhitput-4_2=iteration.2extra
.93 GQ02904_H04.1_clone=GQ02904_H04_cluster=GQ02904_H04_status=complete_gb=BT106177 4233045 cdhitput-4_2=iteration.2extra
.96 GQ02812_E08.1_clone=GQ02812_E08_cluster=GQ02812_E08_status=complete_gb=BT104592 4233008 cdhitput-4_2=iteration.2extra
.98 WS03222_O05.1_clone=WS03222_O05_cluster=WS03222_O05_status=3 4233020 cdhitput-4_2=iteration.2extra
.97 GQ03218_P02.1_clone=GQ03218_P02_cluster=GQ03218_P02_status=complete_gb=BT110264 4233025 cdhitput-4_2=iteration.2extra
.99 WS0344_E08.1_clone=WS0344_E08_cluster=WS0344_E08_status=3 4233019 cdhitput-4_2=iteration.2extra
.93 GQ0044_P08.1_clone=GQ0044_P08_cluster=GQ0044_P08_status=complete_gb=BT100800 4232417 cdhitput-4_2=iteration.2extra
.99 GQ04005_J04.1_clone=GQ04005_J04_cluster=GQ04005_J04_status=complete_gb=BT118362 4233036 cdhitput-4_2=iteration.2extra
.94 GQ04011_G16.1_clone=GQ04011_G16_cluster=GQ04011_G16_status=complete_gb=BT118879 4233039 cdhitput-4_2=iteration.2extra
.91 GQ03811_A18.1_clone=GQ03811_A18_cluster=GQ03811_A18_status=complete_gb=BT117009 4232969 cdhitput-4_2=iteration.2extra
.95 GQ02808_H09.1_clone=GQ02808_H09_cluster=GQ02808_H09_status=complete_gb=BT104278 9647872 cdhitput-4_3=iteration.1extra
.95 GQ03123_B21.1_clone=GQ03123_B21_cluster=GQ03123_B21_status=complete_gb=BT108526 9647950 cdhitput-4_3=iteration.1extra
.99 GQ03416_A17.1_clone=GQ03416_A17_cluster=GQ03416_A17_status=complete_gb=BT113646 9647777 cdhitput-4_3=iteration.1extra
.96 GQ03717_E03.1_clone=GQ03717_E03_cluster=GQ03717_E03_status=complete_gb=BT116363 9647883 cdhitput-4_3=iteration.1extra
.99 GQ04011_J17.1_clone=GQ04011_J17_cluster=GQ04011_J17_status=complete_gb=BT118895 9647931 cdhitput-4_3=iteration.1extra
.91 GQ03606_K02.1_clone=GQ03606_K02_cluster=GQ03606_K02_status=complete_gb=BT114990 9647895 cdhitput-4_3=iteration.1extra
.99 GQ02904_F18.1_clone=GQ02904_F18_cluster=GQ02904_F18_status=complete_gb=BT106170 9647860 cdhitput-4_3=iteration.1extra
.90 GQ03206_C17.1_clone=GQ03206_C17_cluster=GQ03206_C17_status=complete_gb=BT109230 9647923 cdhitput-4_3=iteration.1extra
.99 GQ03617_E19.1_clone=GQ03617_E19_cluster=GQ03617_E19_status=complete_gb=BT115466 9647941 cdhitput-4_3=iteration.1extra
.97 GQ0228_N14.1_clone=GQ0228_N14_cluster=GQ0228_N14_status=complete_gb=BT103339 9647642 cdhitput-4_3=iteration.1extra
.99 GQ03104_B19.2_clone=GQ03104_B19_cluster=GQ03104_B19_status=complete_gb=BT107194 9647906 cdhitput-4_3=iteration.1extra
.99 GQ03918_P17.2_clone=GQ03918_P17_cluster=GQ03918_P17_status=complete_gb=BT117970 9647820 cdhitput-4_3=iteration.1extra
.98 GQ03239_L07.1_clone=GQ03239_L07_cluster=GQ03239_L07_status=complete_gb=BT111576 9647842 cdhitput-4_3=iteration.1extra
.95 GQ03713_E10.1_clone=GQ03713_E10_cluster=GQ03713_E10_status=complete_gb=BT116188 9647859 cdhitput-4_3=iteration.1extra
.96 GQ03611_I12.1_clone=GQ03611_I12_cluster=GQ03611_I12_status=complete_gb=BT115209 9647915 cdhitput-4_3=iteration.1extra
.99 WS03218_A04.1_clone=WS03218_A04_cluster=WS03218_A04_status=3 9647188 cdhitput-4_3=iteration.1extra
.99 WS03218_A04.1_clone=WS03218_A04_cluster=WS03218_A04_status=3 9647611 cdhitput-4_3=iteration.1extra
.99 GQ03807_K02.1_clone=GQ03807_K02_cluster=GQ03807_K02_status=complete_gb=BT116840 9647867 cdhitput-4_3=iteration.1extra
.92 GQ03811_F01.1_clone=GQ03811_F01_cluster=GQ03811_F01_status=complete_gb=BT117026 9647913 cdhitput-4_3=iteration.1extra
.99 GQ02811_D11.1_clone=GQ02811_D11_cluster=GQ02811_D11_status=complete_gb=BT104508 4203104 cdhitput-4_3=iteration.2extra
.91 GQ03321_E07.1_clone=GQ03321_E07_cluster=GQ03321_E07_status=complete_gb=BT112814 4087613 cdhitput-4_3=iteration.2extra
.94 GQ03709_E09.1_clone=GQ03709_E09_cluster=GQ03709_E09_status=complete_gb=BT115947 4203046 cdhitput-4_3=iteration.2extra
.90 GQ03111_J07.1_clone=GQ03111_J07_cluster=GQ03111_J07_status=complete_gb=BT107693 4203049 cdhitput-4_3=iteration.2extra
.99 GQ03209_K21.1_clone=GQ03209_K21_cluster=GQ03209_K21_status=complete_gb=BT109536 4202736 cdhitput-4_3=iteration.2extra
.90 GQ03513_I02.1_clone=GQ03513_I02_cluster=GQ03513_I02_status=complete_gb=BT114375 4203095 cdhitput-4_3=iteration.2extra
.90 GQ0202_H12.1_clone=GQ0202_H12_cluster=GQ0202_H12_status=complete_gb=BT102889 4203102 cdhitput-4_3=iteration.2extra
.99 GQ02815_G16.1_clone=GQ02815_G16_cluster=GQ02815_G16_status=complete_gb=BT104818 4203059 cdhitput-4_3=iteration.2extra
.94 GQ03236_G10.1_clone=GQ03236_G10_cluster=GQ03236_G10_status=complete_gb=BT111350 4203073 cdhitput-4_3=iteration.2extra
.92 GQ03617_O22.1_clone=GQ03617_O22_cluster=GQ03617_O22_status=complete_gb=BT115495 4203087 cdhitput-4_3=iteration.2extra
.98 GQ03202_J22.1_clone=GQ03202_J22_cluster=GQ03202_J22_status=complete_gb=BT108924 4203058 cdhitput-4_3=iteration.2extra
.91 GQ02812_B05.1_clone=GQ02812_B05_cluster=GQ02812_B05_status=complete_gb=BT104577 4203054 cdhitput-4_3=iteration.2extra
.99 GQ0202_J11.1_clone=GQ0202_J11_cluster=GQ0202_J11_status=complete_gb=BT102895 4203094 cdhitput-4_3=iteration.2extra
.91 GQ03713_I20.1_clone=GQ03713_I20_cluster=GQ03713_I20_status=complete_gb=BT116201 4083445 cdhitput-4_3=iteration.2extra
.92 GQ0043_L21.1_clone=GQ0043_L21_cluster=GQ0043_L21_status=complete_gb=BT100780 4203106 cdhitput-4_3=iteration.2extra
.96 GQ02010_N21.1_clone=GQ02010_N21_cluster=GQ02010_N21_status=complete_gb=BT102675 4203067 cdhitput-4_3=iteration.2extra
.99 GQ02817_J19.1_clone=GQ02817_J19_cluster=GQ02817_J19_status=complete_gb=BT105008 7116270 cdhitput-4_4=iteration.1extra
.99 GQ04104_C19.1_clone=GQ04104_C19_cluster=GQ04104_C19_status=complete_gb=BT119324 7116304 cdhitput-4_4=iteration.1extra
.99 GQ03214_O21.1_clone=GQ03214_O21_cluster=GQ03214_O21_status=complete_gb=BT110014 7115359 cdhitput-4_4=iteration.1extra
.99 GQ03718_K11.1_clone=GQ03718_K11_cluster=GQ03718_K11_status=complete_gb=BT116435 7116308 cdhitput-4_4=iteration.1extra
.95 GQ03302_P21.1_clone=GQ03302_P21_cluster=GQ03302_P21_status=complete_gb=BT111740 7116260 cdhitput-4_4=iteration.1extra
.99 GQ03405_B22.2_clone=GQ03405_B22_cluster=GQ03405_B22_status=complete_gb=BT113326 7116319 cdhitput-4_4=iteration.1extra
.92 GQ02808_N14.1_clone=GQ02808_N14_cluster=GQ02808_N14_status=complete_gb=BT104313 7116224 cdhitput-4_4=iteration.1extra
.90 GQ02819_K07.4_clone=GQ02819_K07_cluster=GQ02819_K07_status=complete_gb=BT105202 7116272 cdhitput-4_4=iteration.1extra
.96 GQ03912_N03.2_clone=GQ03912_N03_cluster=GQ03912_N03_status=complete_gb=BT117800 7116265 cdhitput-4_4=iteration.1extra
.90 GQ03228_F23.1_clone=GQ03228_F23_cluster=GQ03228_F23_status=complete_gb=BT110817 7116234 cdhitput-4_4=iteration.1extra
.96 GQ03713_K05.2_clone=GQ03713_K05_cluster=GQ03713_K05_status=complete_gb=BT116208 7116230 cdhitput-4_4=iteration.1extra
.99 GQ0013_K01.1_clone=GQ0013_K01_cluster=GQ0013_K01_status=complete_gb=BT100413 7116155 cdhitput-4_4=iteration.1extra
.99 GQ03716_H17.1_clone=GQ03716_H17_cluster=GQ03716_H17_status=complete_gb=BT116329 7116218 cdhitput-4_4=iteration.1extra
.99 GQ02816_E02.1_clone=GQ02816_E02_cluster=GQ02816_E02_status=complete_gb=BT104887 6939222 cdhitput-4_4=iteration.1extra
.95 GQ03201_A18.1_clone=GQ03201_A18_cluster=GQ03201_A18_status=complete_gb=BT108789 7116221 cdhitput-4_4=iteration.1extra
.99 GQ03314_B10.1_clone=GQ03314_B10_cluster=GQ03314_B10_status=complete_gb=BT112378 7116301 cdhitput-4_4=iteration.1extra
.99 GQ02805_B21.2_clone=GQ02805_B21_cluster=GQ02805_B21_status=complete_gb=BT104000 7116315 cdhitput-4_4=iteration.1extra
.91 GQ03119_P13.1_clone=GQ03119_P13_cluster=GQ03119_P13_status=complete_gb=BT108317 6947505 cdhitput-4_4=iteration.1extra
.99 GQ03312_P09.1_clone=GQ03312_P09_cluster=GQ03312_P09_status=complete_gb=BT112285 7116262 cdhitput-4_4=iteration.1extra
.93 GQ03012_K02.1_clone=GQ03012_K02_cluster=GQ03012_K02_status=complete_gb=BT106872 7116258 cdhitput-4_4=iteration.1extra
.91 GQ04101_F17.1_clone=GQ04101_F17_cluster=GQ04101_F17_status=complete_gb=BT119092 7116311 cdhitput-4_4=iteration.1extra
.98 GQ03009_M14.3_clone=GQ03009_M14_cluster=GQ03009_M14_status=complete_gb=BT106750 5732657 cdhitput-4_4=iteration.2extra
.99 GQ03111_K20.1_clone=GQ03111_K20_cluster=GQ03111_K20_status=complete_gb=BT107703 5732722 cdhitput-4_4=iteration.2extra
.99 GQ0046_K04.1_clone=GQ0046_K04_cluster=GQ0046_K04_status=complete_gb=BT100829 5732667 cdhitput-4_4=iteration.2extra
.99 GQ03512_K01.1_clone=GQ03512_K01_cluster=GQ03512_K01_status=complete_gb=BT114334 5732697 cdhitput-4_4=iteration.2extra
.99 GQ03301_G19.1_clone=GQ03301_G19_cluster=GQ03301_G19_status=complete_gb=BT111620 5732679 cdhitput-4_4=iteration.2extra
.95 GQ02816_J10.1_clone=GQ02816_J10_cluster=GQ02816_J10_status=complete_gb=BT104917 5732699 cdhitput-4_4=iteration.2extra
.97 GQ02829_O21.1_clone=GQ02829_O21_cluster=GQ02829_O21_status=complete_gb=BT105907 5732695 cdhitput-4_4=iteration.2extra
.93 GQ03918_G09.2_clone=GQ03918_G09_cluster=GQ03918_G09_status=complete_gb=BT117957 5732677 cdhitput-4_4=iteration.2extra
.99 GQ04013_D16.1_clone=GQ04013_D16_cluster=GQ04013_D16_status=complete_gb=BT119001 5732604 cdhitput-4_4=iteration.2extra
.90 GQ03234_O17.1_clone=GQ03234_O17_cluster=GQ03234_O17_status=complete_gb=BT111255 5732696 cdhitput-4_4=iteration.2extra
.94 GQ03112_A08.1_clone=GQ03112_A08_cluster=GQ03112_A08_status=complete_gb=BT107726 5732698 cdhitput-4_4=iteration.2extra
.90 GQ04105_I16.1_clone=GQ04105_I16_cluster=GQ04105_I16_status=complete_gb=BT119428 5732659 cdhitput-4_4=iteration.2extra
.96 GQ03806_B06.4_clone=GQ03806_B06_cluster=GQ03806_B06_status=complete_gb=BT116755 5732624 cdhitput-4_4=iteration.2extra
.99 GQ03215_E05.1_clone=GQ03215_E05_cluster=GQ03215_E05_status=complete_gb=BT110045 5732525 cdhitput-4_4=iteration.2extra
.99 GQ0165_E23.1_clone=GQ0165_E23_cluster=GQ0165_E23_status=complete_gb=BT102058 5732619 cdhitput-4_4=iteration.2extra
.93 GQ03115_I09.1_clone=GQ03115_I09_cluster=GQ03115_I09_status=complete_gb=BT107994 5732705 cdhitput-4_4=iteration.2extra
.95 GQ03230_H24.1_clone=GQ03230_H24_cluster=GQ03230_H24_status=complete_gb=BT110967 3336062 cdhitput-4_5=iteration.1extra
.90 GQ03717_C21.1_clone=GQ03717_C21_cluster=GQ03717_C21_status=complete_gb=BT116359 3335982 cdhitput-4_5=iteration.1extra
.93 GQ02904_D09.1_clone=GQ02904_D09_cluster=GQ02904_D09_status=complete_gb=BT106163 3336001 cdhitput-4_5=iteration.1extra
.99 GQ02771_A03.1_clone=GQ02771_A03_cluster=GQ02771_A03_status=5 3336045 cdhitput-4_5=iteration.1extra
.99 GQ03908_K08.1_clone=GQ03908_K08_cluster=GQ03908_K08_status=complete_gb=BT117719 3336052 cdhitput-4_5=iteration.1extra
.98 WS00842_A10.1_clone=WS00842_A10_cluster=WS00842_A10_status=complete 3335911 cdhitput-4_5=iteration.1extra
.99 GQ0198_A16.1_clone=GQ0198_A16_cluster=GQ0198_A16_status=complete_gb=BT102615 3229796 cdhitput-4_5=iteration.1extra
.92 GQ0205_P06.1_clone=GQ0205_P06_cluster=GQ0205_P06_status=complete_gb=BT103064 3336006 cdhitput-4_5=iteration.1extra
.95 GQ03204_I19.1_clone=GQ03204_I19_cluster=GQ03204_I19_status=complete_gb=BT109093 3335984 cdhitput-4_5=iteration.1extra
.99 GQ03230_C03.1_clone=GQ03230_C03_cluster=GQ03230_C03_status=complete_gb=BT110943 3336059 cdhitput-4_5=iteration.1extra
.97 GQ03517_P16.1_clone=GQ03517_P16_cluster=GQ03517_P16_status=complete_gb=BT114620 3336072 cdhitput-4_5=iteration.1extra
.99 GQ03223_D19.1_clone=GQ03223_D19_cluster=GQ03223_D19_status=complete_gb=BT110544 3336098 cdhitput-4_5=iteration.1extra
.93 GQ03714_L10.1_clone=GQ03714_L10_cluster=GQ03714_L10_status=complete_gb=BT116255 3251223 cdhitput-4_5=iteration.1extra
.99 GQ03913_M20.1_clone=GQ03913_M20_cluster=GQ03913_M20_status=complete_gb=BT117834 3336074 cdhitput-4_5=iteration.1extra
.93 GQ03203_E21.1_clone=GQ03203_E21_cluster=GQ03203_E21_status=complete_gb=BT108982 3336026 cdhitput-4_5=iteration.1extra
.99 GQ03315_A12.1_clone=GQ03315_A12_cluster=GQ03315_A12_status=complete_gb=BT112422 3336046 cdhitput-4_5=iteration.1extra
.91 GQ03304_H16.1_clone=GQ03304_H16_cluster=GQ03304_H16_status=complete_gb=BT111855 3336113 cdhitput-4_5=iteration.1extra
.99 GQ03121_P08.1_clone=GQ03121_P08_cluster=GQ03121_P08_status=complete_gb=BT108453 3335918 cdhitput-4_5=iteration.1extra
.90 GQ04105_G20.1_clone=GQ04105_G20_cluster=GQ04105_G20_status=complete_gb=BT119420 3336040 cdhitput-4_5=iteration.1extra
.97 GQ03221_I10.1_clone=GQ03221_I10_cluster=GQ03221_I10_status=complete_gb=BT110421 3336075 cdhitput-4_5=iteration.1extra
.91 WS0015_F24.1_clone=WS0015_F24_cluster=WS0015_F24_status=complete 3247511 cdhitput-4_5=iteration.1extra
.97 GQ04009_P23.1_clone=GQ04009_P23_cluster=GQ04009_P23_status=complete_gb=BT118766 3335964 cdhitput-4_5=iteration.1extra
.99 GQ0201_I17.1_clone=GQ0201_I17_cluster=GQ0201_I17_status=complete_gb=BT102844 3336019 cdhitput-4_5=iteration.1extra
.94 GQ03606_C01.4_clone=GQ03606_C01_cluster=GQ03606_C01_status=complete_gb=BT114959 3336105 cdhitput-4_5=iteration.1extra
.94 GQ03614_A18.1_clone=GQ03614_A18_cluster=GQ03614_A18_status=complete_gb=BT115313 3336076 cdhitput-4_5=iteration.1extra
.99 GQ04102_F24.2_clone=GQ04102_F24_cluster=GQ04102_F24_status=complete_gb=BT119178 3335980 cdhitput-4_5=iteration.1extra
.99 GQ0178_O05.2_clone=GQ0178_O05_cluster=GQ0178_O05_status=3 3336029 cdhitput-4_5=iteration.1extra
.99 GQ0011_P09.1_clone=GQ0011_P09_cluster=GQ0011_P09_status=complete_gb=BT100372 3335614 cdhitput-4_5=iteration.1extra
.99 GQ03320_P21.1_clone=GQ03320_P21_cluster=GQ03320_P21_status=complete_gb=BT112788 3336047 cdhitput-4_5=iteration.1extra
.93 GQ02812_B02.3_clone=GQ02812_B02_cluster=GQ02812_B02_status=complete_gb=BT104576 3336043 cdhitput-4_5=iteration.1extra
.99 GQ03802_L18.1_clone=GQ03802_L18_cluster=GQ03802_L18_status=complete_gb=BT116593 3335962 cdhitput-4_5=iteration.1extra
.91 GQ02830_H24.1_clone=GQ02830_H24_cluster=GQ02830_H24_status=complete_gb=BT105960 3336008 cdhitput-4_5=iteration.1extra
.99 GQ02814_H12.1_clone=GQ02814_H12_cluster=GQ02814_H12_status=complete_gb=BT104755 3336094 cdhitput-4_5=iteration.1extra
.94 GQ0176_J17.1_clone=GQ0176_J17_cluster=GQ0176_J17_status=3 3335656 cdhitput-4_5=iteration.1extra
.95 WS03210_O02.1_clone=WS03210_O02_cluster=WS03210_O02_status=3 3335598 cdhitput-4_5=iteration.1extra
.95 GQ03232_I10.1_clone=GQ03232_I10_cluster=GQ03232_I10_status=complete_gb=BT111089 3334752 cdhitput-4_5=iteration.1extra
.94 GQ03010_K06.4_clone=GQ03010_K06_cluster=GQ03010_K06_status=complete_gb=BT106790 3336069 cdhitput-4_5=iteration.1extra
.98 GQ02904_C02.1_clone=GQ02904_C02_cluster=GQ02904_C02_status=complete_gb=BT106156 3336018 cdhitput-4_5=iteration.1extra
.99 WS00721_J18.1_clone=WS00721_J18_cluster=WS00721_J18_status=complete 8121580 cdhitput-4_5=iteration.2extra
.99 GQ0208_M02.1_clone=GQ0208_M02_cluster=GQ0208_M02_status=complete_gb=BT103214 8321130 cdhitput-4_5=iteration.2extra
.90 GQ02814_B07.2_clone=GQ02814_B07_cluster=GQ02814_B07_status=complete_gb=BT104726 8321478 cdhitput-4_5=iteration.2extra
.97 GQ03206_C01.1_clone=GQ03206_C01_cluster=GQ03206_C01_status=complete_gb=BT109225 8321418 cdhitput-4_5=iteration.2extra
.94 GQ03224_O19.1_clone=GQ03224_O19_cluster=GQ03224_O19_status=complete_gb=BT110649 8321500 cdhitput-4_5=iteration.2extra
.99 WS0087_F15.1_clone=WS0087_F15_cluster=WS0087_F15_status=3 8321331 cdhitput-4_5=iteration.2extra
.94 WS03214_N04.1_clone=WS03214_N04_cluster=WS03214_N04_status=3 8321463 cdhitput-4_5=iteration.2extra
.95 GQ03239_A14.1_clone=GQ03239_A14_cluster=GQ03239_A14_status=complete_gb=BT111531 8321488 cdhitput-4_5=iteration.2extra
.98 GQ03007_D24.1_clone=GQ03007_D24_cluster=GQ03007_D24_status=complete_gb=BT106651 8321464 cdhitput-4_5=iteration.2extra
.96 GQ03815_P06.1_clone=GQ03815_P06_cluster=GQ03815_P06_status=complete_gb=BT117253 8321454 cdhitput-4_5=iteration.2extra
.92 GQ03105_E17.1_clone=GQ03105_E17_cluster=GQ03105_E17_status=complete_gb=BT107282 8321437 cdhitput-4_5=iteration.2extra
.92 GQ01310_P04.2_clone=GQ01310_P04_cluster=GQ01310_P04_status=complete_gb=BT101693 6799965 cdhitput-4_6=iteration.1extra
.98 GQ0207_O05.1_clone=GQ0207_O05_cluster=GQ0207_O05_status=complete_gb=BT103182 6799322 cdhitput-4_6=iteration.1extra
.90 GQ03217_G17.1_clone=GQ03217_G17_cluster=GQ03217_G17_status=complete_gb=BT110169 6800015 cdhitput-4_6=iteration.1extra
.95 GQ02810_L02.1_clone=GQ02810_L02_cluster=GQ02810_L02_status=complete_gb=BT104469 6799931 cdhitput-4_6=iteration.1extra
.96 GQ03519_M18.1_clone=GQ03519_M18_cluster=GQ03519_M18_status=complete_gb=BT114715 6799968 cdhitput-4_6=iteration.1extra
.93 GQ03818_G16.1_clone=GQ03818_G16_cluster=GQ03818_G16_status=complete_gb=BT117388 6799998 cdhitput-4_6=iteration.1extra
.94 GQ03012_L20.2_clone=GQ03012_L20_cluster=GQ03012_L20_status=complete_gb=BT106880 6800024 cdhitput-4_6=iteration.1extra
.99 GQ0206_I17.1_clone=GQ0206_I17_cluster=GQ0206_I17_status=complete_gb=BT103095 6799915 cdhitput-4_6=iteration.1extra
.98 GQ03517_A20.1_clone=GQ03517_A20_cluster=GQ03517_A20_status=complete_gb=BT114561 6799637 cdhitput-4_6=iteration.1extra
.99 GQ03517_H05.2_clone=GQ03517_H05_cluster=GQ03517_H05_status=complete_gb=BT114582 6800048 cdhitput-4_6=iteration.1extra
.95 GQ04012_C23.1_clone=GQ04012_C23_cluster=GQ04012_C23_status=complete_gb=BT118942 6799262 cdhitput-4_6=iteration.1extra
.99 GQ03227_I24.2_clone=GQ03227_I24_cluster=GQ03227_I24_status=complete_gb=BT110765 6799650 cdhitput-4_6=iteration.1extra
.99 GQ03227_I24.2_clone=GQ03227_I24_cluster=GQ03227_I24_status=complete_gb=BT110765 6799376 cdhitput-4_6=iteration.1extra
.94 GQ04011_I01.1_clone=GQ04011_I01_cluster=GQ04011_I01_status=complete_gb=BT118889 6799996 cdhitput-4_6=iteration.1extra
.99 GQ0178_D07.2_clone=GQ0178_D07_cluster=GQ0178_D07_status=3 6799928 cdhitput-4_6=iteration.1extra
.99 GQ03405_N12.1_clone=GQ03405_N12_cluster=GQ03405_N12_status=complete_gb=BT113358 6799980 cdhitput-4_6=iteration.1extra
.95 WS0057_E01.1_clone=WS0057_E01_cluster=WS0057_E01_status=3 6800046 cdhitput-4_6=iteration.1extra
.98 GQ03705_H18.1_clone=GQ03705_H18_cluster=GQ03705_H18_status=complete_gb=BT115744 6799989 cdhitput-4_6=iteration.1extra
.91 GQ03238_A11.1_clone=GQ03238_A11_cluster=GQ03238_A11_status=complete_gb=BT111468 6800007 cdhitput-4_6=iteration.1extra
.93 GQ03519_N02.1_clone=GQ03519_N02_cluster=GQ03519_N02_status=complete_gb=BT114717 6799446 cdhitput-4_6=iteration.1extra
.97 GQ04108_H16.1_clone=GQ04108_H16_cluster=GQ04108_H16_status=complete_gb=BT119661 6800018 cdhitput-4_6=iteration.1extra
.99 GQ03122_E05.1_clone=GQ03122_E05_cluster=GQ03122_E05_status=53 6799633 cdhitput-4_6=iteration.1extra
.99 GQ03312_C03.1_clone=GQ03312_C03_cluster=GQ03312_C03_status=complete_gb=BT112216 6799908 cdhitput-4_6=iteration.1extra
.92 GQ03717_I09.1_clone=GQ03717_I09_cluster=GQ03717_I09_status=complete_gb=BT116372 8110641 cdhitput-4_6=iteration.2extra
.99 GQ03212_K11.1_clone=GQ03212_K11_cluster=GQ03212_K11_status=complete_gb=BT109811 8110633 cdhitput-4_6=iteration.2extra
.99 GQ03806_P15.1_clone=GQ03806_P15_cluster=GQ03806_P15_status=complete_gb=BT116799 8110595 cdhitput-4_6=iteration.2extra
.91 GQ02905_K13.1_clone=GQ02905_K13_cluster=GQ02905_K13_status=complete_gb=BT106234 8110706 cdhitput-4_6=iteration.2extra
.92 GQ02817_J10.1_clone=GQ02817_J10_cluster=GQ02817_J10_status=complete_gb=BT105004 8110648 cdhitput-4_6=iteration.2extra
.90 GQ03236_M06.1_clone=GQ03236_M06_cluster=GQ03236_M06_status=complete_gb=BT111381 8110703 cdhitput-4_6=iteration.2extra
.99 GQ03223_A21.1_clone=GQ03223_A21_cluster=GQ03223_A21_status=complete_gb=BT110528 8110618 cdhitput-4_6=iteration.2extra
.99 GQ03316_C15.1_clone=GQ03316_C15_cluster=GQ03316_C15_status=complete_gb=BT112491 8110403 cdhitput-4_6=iteration.2extra
.99 GQ03326_M03.1_clone=GQ03326_M03_cluster=GQ03326_M03_status=complete_gb=BT113176 8110713 cdhitput-4_6=iteration.2extra
.91 GQ02808_M13.1_clone=GQ02808_M13_cluster=GQ02808_M13_status=complete_gb=BT104306 8110625 cdhitput-4_6=iteration.2extra
.97 GQ02819_B03.4_clone=GQ02819_B03_cluster=GQ02819_B03_status=complete_gb=BT105143 8110635 cdhitput-4_6=iteration.2extra
.92 GQ03210_N13.1_clone=GQ03210_N13_cluster=GQ03210_N13_status=complete_gb=BT109628 8110652 cdhitput-4_6=iteration.2extra
.93 GQ03815_B07.1_clone=GQ03815_B07_cluster=GQ03815_B07_status=complete_gb=BT117210 8110621 cdhitput-4_6=iteration.2extra
.94 WS00739_C13.1_clone=WS00739_C13_cluster=WS00739_C13_status=complete 658239 cdhitput-4_6=iteration.2extra
.95 GQ03312_M19.2_clone=GQ03312_M19_cluster=GQ03312_M19_status=complete_gb=BT112268 8110600 cdhitput-4_6=iteration.2extra
.99 GQ02808_O16.1_clone=GQ02808_O16_cluster=GQ02808_O16_status=complete_gb=BT104322 5057121 cdhitput-4_7=iteration.1extra
.99 GQ03313_O07.1_clone=GQ03313_O07_cluster=GQ03313_O07_status=complete_gb=BT112365 5057584 cdhitput-4_7=iteration.1extra
.90 GQ03501_C07.1_clone=GQ03501_C07_cluster=GQ03501_C07_status=complete_gb=BT113776 5057589 cdhitput-4_7=iteration.1extra
.99 GQ03322_N24.1_clone=GQ03322_N24_cluster=GQ03322_N24_status=complete_gb=BT112930 5057503 cdhitput-4_7=iteration.1extra
.98 GQ03612_M08.1_clone=GQ03612_M08_cluster=GQ03612_M08_status=complete_gb=BT115257 5057596 cdhitput-4_7=iteration.1extra
.92 GQ03227_J22.1_clone=GQ03227_J22_cluster=GQ03227_J22_status=complete_gb=BT110770 5057590 cdhitput-4_7=iteration.1extra
.93 GQ03236_P10.1_clone=GQ03236_P10_cluster=GQ03236_P10_status=complete_gb=BT111389 5057561 cdhitput-4_7=iteration.1extra
.99 GQ03517_N16.1_clone=GQ03517_N16_cluster=GQ03517_N16_status=complete_gb=BT114611 5057530 cdhitput-4_7=iteration.1extra
.98 GQ03125_M16.1_clone=GQ03125_M16_cluster=GQ03125_M16_status=complete_gb=BT108714 5057573 cdhitput-4_7=iteration.1extra
.98 GQ03012_N24.3_clone=GQ03012_N24_cluster=GQ03012_N24_status=complete_gb=BT106887 5057585 cdhitput-4_7=iteration.1extra
.99 GQ03232_N22.1_clone=GQ03232_N22_cluster=GQ03232_N22_status=complete_gb=BT111118 5057531 cdhitput-4_7=iteration.1extra
.99 GQ04003_O21.1_clone=GQ04003_O21_cluster=GQ04003_O21_status=complete_gb=BT118234 5057534 cdhitput-4_7=iteration.1extra
.92 GQ03210_M08.1_clone=GQ03210_M08_cluster=GQ03210_M08_status=complete_gb=BT109623 5057514 cdhitput-4_7=iteration.1extra
.92 GQ03214_L01.1_clone=GQ03214_L01_cluster=GQ03214_L01_status=complete_gb=BT109991 5057593 cdhitput-4_7=iteration.1extra
.93 GQ04008_D05.1_clone=GQ04008_D05_cluster=GQ04008_D05_status=complete_gb=BT118613 5057521 cdhitput-4_7=iteration.1extra
.90 GQ03123_P06.1_clone=GQ03123_P06_cluster=GQ03123_P06_status=complete_gb=BT108591 5057607 cdhitput-4_7=iteration.1extra
.99 GQ03001_M23.1_clone=GQ03001_M23_cluster=GQ03001_M23_status=complete_gb=BT106441 5057480 cdhitput-4_7=iteration.1extra
.99 GQ03715_P14.1_clone=GQ03715_P14_cluster=GQ03715_P14_status=complete_gb=BT116318 5057479 cdhitput-4_7=iteration.1extra
.99 GQ03205_I18.2_clone=GQ03205_I18_cluster=GQ03205_I18_status=complete_gb=BT109179 8038410 cdhitput-4_7=iteration.2extra
.99 GQ03604_C14.1_clone=GQ03604_C14_cluster=GQ03604_C14_status=complete_gb=BT114874 8038969 cdhitput-4_7=iteration.2extra
.95 GQ03325_I14.1_clone=GQ03325_I14_cluster=GQ03325_I14_status=complete_gb=BT113092 8038940 cdhitput-4_7=iteration.2extra
.97 GQ03709_L03.1_clone=GQ03709_L03_cluster=GQ03709_L03_status=complete_gb=BT115975 1291023 cdhitput-4_7=iteration.2extra
.91 GQ03713_J12.1_clone=GQ03713_J12_cluster=GQ03713_J12_status=complete_gb=BT116206 8038922 cdhitput-4_7=iteration.2extra
.99 WS0057_P01.1_clone=WS0057_P01_cluster=WS0057_P01_status=3 8038412 cdhitput-4_7=iteration.2extra
.97 GQ0013_C10.1_clone=GQ0013_C10_cluster=GQ0013_C10_status=complete_gb=BT100390 8038439 cdhitput-4_7=iteration.2extra
.90 GQ04102_K15.2_clone=GQ04102_K15_cluster=GQ04102_K15_status=complete_gb=BT119199 13980662 cdhitput-4_8=iteration.1extra
.98 GQ03235_P07.1_clone=GQ03235_P07_cluster=GQ03235_P07_status=complete_gb=BT111315 13980831 cdhitput-4_8=iteration.1extra
.99 GQ04112_O07.1_clone=GQ04112_O07_cluster=GQ04112_O07_status=complete_gb=BT119944 13980591 cdhitput-4_8=iteration.1extra
.98 GQ03817_A17.1_clone=GQ03817_A17_cluster=GQ03817_A17_status=complete_gb=BT117314 13980741 cdhitput-4_8=iteration.1extra
.97 GQ03215_C09.1_clone=GQ03215_C09_cluster=GQ03215_C09_status=complete_gb=BT110037 13980828 cdhitput-4_8=iteration.1extra
.96 maker-168199124-augustus-gene-0.38-mRNA-2 13980839 cdhitput-4_8=iteration.1extra
.99 augustus_masked-168253975-processed-gene-0.2-mRNA-1 13701551 cdhitput-4_8=iteration.1extra
.99 maker-168261747-snap-gene-0.5-mRNA-1 13980509 cdhitput-4_8=iteration.1extra
.95 maker-168184910-augustus-gene-0.3-mRNA-1 13723520 cdhitput-4_8=iteration.1extra
.99 maker-168163050-augustus-gene-0.24-mRNA-1 13980762 cdhitput-4_8=iteration.1extra
.98 augustus_masked-168071412-processed-gene-0.0-mRNA-1 13688866 cdhitput-4_8=iteration.1extra
.99 snap_masked-166230727-processed-gene-0.2-mRNA-1 13980491 cdhitput-4_8=iteration.1extra
.97 maker-166113688-augustus-gene-0.4-mRNA-1 13980549 cdhitput-4_8=iteration.1extra
.95 maker-168199538-snap-gene-0.31-mRNA-1 13980829 cdhitput-4_8=iteration.1extra
.99 GQ03803_D16.1_clone=GQ03803_D16_cluster=GQ03803_D16_status=complete_gb=BT116610 1362684 cdhitput-4_8=iteration.2extra
.98 WS03218_K16.1_clone=WS03218_K16_cluster=WS03218_K16_status=3 1362570 cdhitput-4_8=iteration.2extra
.93 GQ03608_M13.1_clone=GQ03608_M13_cluster=GQ03608_M13_status=complete_gb=BT115077 1362851 cdhitput-4_8=iteration.2extra
.97 WS00725_I16.1_clone=WS00725_I16_cluster=WS00725_I16_status=3 1362767 cdhitput-4_8=iteration.2extra
.94 GQ03701_E06.1_clone=GQ03701_E06_cluster=GQ03701_E06_status=complete_gb=BT115538 1362834 cdhitput-4_8=iteration.2extra
.93 GQ02013_F08.1_clone=GQ02013_F08_cluster=GQ02013_F08_status=complete_gb=BT102737 1362858 cdhitput-4_8=iteration.2extra
.98 GQ03518_M23.1_clone=GQ03518_M23_cluster=GQ03518_M23_status=complete_gb=BT114657 1345637 cdhitput-4_8=iteration.2extra
.98 GQ03206_C04.1_clone=GQ03206_C04_cluster=GQ03206_C04_status=complete_gb=BT109226 1362856 cdhitput-4_8=iteration.2extra
.99 GQ03612_B18.1_clone=GQ03612_B18_cluster=GQ03612_B18_status=complete_gb=BT115234 1362659 cdhitput-4_8=iteration.2extra
.99 GQ03007_P04.1_clone=GQ03007_P04_cluster=GQ03007_P04_status=complete_gb=BT106685 1362826 cdhitput-4_8=iteration.2extra
.99 GQ03214_F06.1_clone=GQ03214_F06_cluster=GQ03214_F06_status=complete_gb=BT109964 1362482 cdhitput-4_8=iteration.2extra
.99 GQ03103_P13.1_clone=GQ03103_P13_cluster=GQ03103_P13_status=complete_gb=BT107186 1362790 cdhitput-4_8=iteration.2extra
.90 GQ03233_K20.2_clone=GQ03233_K20_cluster=GQ03233_K20_status=53 1362800 cdhitput-4_8=iteration.2extra
.98 WS00830_B01.1_clone=WS00830_B01_cluster=WS00830_B01_status=complete 1362800 cdhitput-4_8=iteration.2extra
.97 GQ03908_E22.1_clone=GQ03908_E22_cluster=GQ03908_E22_status=complete_gb=BT117707 1362800 cdhitput-4_8=iteration.2extra
.92 maker-168193813-augustus-gene-0.132-mRNA-1 1362833 cdhitput-4_8=iteration.2extra
.99 maker-168247343-augustus-gene-0.29-mRNA-1 1362673 cdhitput-4_8=iteration.2extra
.99 maker-168188282-snap-gene-0.23-mRNA-1 1362825 cdhitput-4_8=iteration.2extra
.99 maker-168564501-snap-gene-0.96-mRNA-1 1362828 cdhitput-4_8=iteration.2extra
.98 maker-167947971-snap-gene-0.35-mRNA-1 613930 cdhitput-4_8=iteration.2extra
.99 snap_masked-168365605-processed-gene-0.24-mRNA-1 1358577 cdhitput-4_8=iteration.2extra
.93 augustus_masked-168574625-processed-gene-0.2-mRNA-1 1362774 cdhitput-4_8=iteration.2extra
.99 augustus_masked-168561872-processed-gene-0.4-mRNA-1 1362760 cdhitput-4_8=iteration.2extra
.98 snap_masked-168572814-processed-gene-0.65-mRNA-1 1331198 cdhitput-4_8=iteration.2extra
.94 maker-167939125-snap-gene-0.5-mRNA-1 1362728 cdhitput-4_8=iteration.2extra
.99 maker-168421156-augustus-gene-0.4-mRNA-1 1362838 cdhitput-4_8=iteration.2extra
.95 augustus_masked-168573710-processed-gene-0.4-mRNA-1 1362847 cdhitput-4_8=iteration.2extra
.92 snap_masked-168461827-processed-gene-0.12-mRNA-1 1362502 cdhitput-4_8=iteration.2extra
.99 maker-168189227-snap-gene-0.23-mRNA-1 1362560 cdhitput-4_8=iteration.2extra
.99 maker-168479360-augustus-gene-0.12-mRNA-1 5148242 cdhitput-4_9=iteration.1extra
.90 snap_masked-168574054-processed-gene-0.45-mRNA-1 5148631 cdhitput-4_9=iteration.1extra
.99 augustus_masked-164758264-processed-gene-0.0-mRNA-1 5148631 cdhitput-4_9=iteration.1extra
.99 augustus_masked-168331444-processed-gene-0.2-mRNA-1 5018078 cdhitput-4_9=iteration.1extra
.99 maker-168187317-snap-gene-0.20-mRNA-1 5148644 cdhitput-4_9=iteration.1extra
.99 snap_masked-168483131-processed-gene-0.50-mRNA-1 957369 cdhitput-4_9=iteration.1extra
.99 augustus_masked-168565654-processed-gene-0.9-mRNA-1 5148594 cdhitput-4_9=iteration.1extra
.94 genemark-168332313-processed-gene-2.33-mRNA-1 5013487 cdhitput-4_9=iteration.1extra
.99 maker-168312028-augustus-gene-0.49-mRNA-1 5148591 cdhitput-4_9=iteration.1extra
.95 augustus_masked-168234814-processed-gene-0.13-mRNA-1 5148635 cdhitput-4_9=iteration.1extra
.95 genemark-168371537-processed-gene-0.14-mRNA-1 3900518 cdhitput-4_9=iteration.2extra
.91 maker-167178849-snap-gene-0.4-mRNA-1 3900433 cdhitput-4_9=iteration.2extra
.96 maker-168458029-augustus-gene-0.24-mRNA-1 3900369 cdhitput-4_9=iteration.2extra
.97 maker-168448061-snap-gene-0.4-mRNA-1 3900314 cdhitput-4_9=iteration.2extra
.99 snap_masked-165846853-processed-gene-0.2-mRNA-1 3884213 cdhitput-4_9=iteration.2extra
.99 snap_masked-168447605-processed-gene-0.5-mRNA-1 3857060 cdhitput-4_9=iteration.2extra
.99 augustus_masked-164474428-processed-gene-0.0-mRNA-1 1002212 cdhitput-4_9=iteration.2extra
.99 genemark-167561725-processed-gene-0.1-mRNA-1 3828461 cdhitput-4_9=iteration.2extra
.90 maker-168489523-augustus-gene-0.107-mRNA-1 3900471 cdhitput-4_9=iteration.2extra
.98 maker-168522248-snap-gene-0.96-mRNA-1 3900523 cdhitput-4_9=iteration.2extra
