.29 maker-168191788-augustus-gene-0.45-mRNA-1 3664037
.28 maker-168191788-augustus-gene-0.45-mRNA-1 3663627
.25 maker-168191788-augustus-gene-0.45-mRNA-1 3664037
.23 maker-168191788-augustus-gene-0.45-mRNA-1 3663626
.56 maker-168528878-snap-gene-0.109-mRNA-1 3663886
.03 maker-168528878-snap-gene-0.109-mRNA-1 3582446
.01 maker-168528878-snap-gene-0.109-mRNA-1 3591030
.67 maker-166129744-snap-gene-0.4-mRNA-1 1706113
.26 maker-166129744-snap-gene-0.4-mRNA-1 1706114
.13 genemark-167937017-processed-gene-0.4-mRNA-1 1306199
.49 maker-168521262-augustus-gene-0.34-mRNA-1 3663706
.16 maker-168521262-augustus-gene-0.34-mRNA-1 2805151
.45 maker-168577388-augustus-gene-0.65-mRNA-1 3591480
.06 maker-168577388-augustus-gene-0.65-mRNA-1 3587593
.36 maker-167946650-snap-gene-0.11-mRNA-1 3594003
.30 maker-167946650-snap-gene-0.11-mRNA-1 1628940
.21 maker-167946650-snap-gene-0.11-mRNA-1 1955195
.19 maker-167946650-snap-gene-0.11-mRNA-1 669738
.20 maker-167946650-snap-gene-0.11-mRNA-1 578958
.70 augustus_masked-168573107-processed-gene-0.0-mRNA-1 782611
.29 augustus_masked-168573107-processed-gene-0.0-mRNA-1 1665403
.46 maker-168538706-snap-gene-0.21-mRNA-1 3613712
.21 maker-168538706-snap-gene-0.21-mRNA-1 3626694
.99 augustus_masked-167842912-processed-gene-0.2-mRNA-1 3663052
.99 augustus_masked-167842912-processed-gene-0.2-mRNA-1 3592125
.78 augustus_masked-167842912-processed-gene-0.2-mRNA-1 735671
.28 augustus_masked-168547999-processed-gene-0.3-mRNA-1 3663328
.18 augustus_masked-168547999-processed-gene-0.3-mRNA-1 3579575
.21 augustus_masked-168547999-processed-gene-0.3-mRNA-1 3582665
.19 augustus_masked-168547999-processed-gene-0.3-mRNA-1 3581794
.37 maker-168253018-augustus-gene-0.31-mRNA-1 3581160
.05 maker-168253018-augustus-gene-0.31-mRNA-1 1139587
.02 maker-168253018-augustus-gene-0.31-mRNA-1 375009
.01 maker-168253018-augustus-gene-0.31-mRNA-1 1032087
.44 snap_masked-168231973-processed-gene-0.49-mRNA-1 1215441
.19 augustus_masked-168568399-processed-gene-0.6-mRNA-1 361087
.72 augustus_masked-168568399-processed-gene-0.6-mRNA-1 3664014
.50 augustus_masked-164418403-processed-gene-0.1-mRNA-1 3592771
.29 augustus_masked-164418403-processed-gene-0.1-mRNA-1 54419
.25 maker-159442487-augustus-gene-0.3-mRNA-1 3579051
.73 maker-159442487-augustus-gene-0.3-mRNA-1 3663561
.99 maker-166262433-augustus-gene-0.6-mRNA-1 3663673
.32 maker-166799157-augustus-gene-0.3-mRNA-1 3583298
.44 maker-166799157-augustus-gene-0.3-mRNA-1 3581922
.73 maker-162425490-augustus-gene-0.4-mRNA-1 3663234
.26 maker-162425490-augustus-gene-0.4-mRNA-1 79671
.99 maker-168573957-snap-gene-0.25-mRNA-1 3664036
.13 maker-168548360-snap-gene-0.20-mRNA-1 799108
.45 maker-168548360-snap-gene-0.20-mRNA-1 3663682
.83 maker-168209730-snap-gene-0.38-mRNA-1 3663872
.07 maker-168209730-snap-gene-0.38-mRNA-1 3596146
.26 augustus_masked-167806651-processed-gene-0.1-mRNA-1 1716194
.39 augustus_masked-167806651-processed-gene-0.1-mRNA-1 3596594
.72 augustus_masked-163248298-processed-gene-0.0-mRNA-1 3663701
.27 augustus_masked-163248298-processed-gene-0.0-mRNA-1 3581492
.85 maker-168426724-augustus-gene-0.12-mRNA-1 3663988
.09 maker-168426724-augustus-gene-0.12-mRNA-1 696458
.36 maker-168555288-snap-gene-0.67-mRNA-1 1892398
.35 maker-168555288-snap-gene-0.67-mRNA-1 1675033
.30 genemark-168235269-processed-gene-0.5-mRNA-1 664209
.68 genemark-168235269-processed-gene-0.5-mRNA-1 3663327
.26 augustus_masked-159228817-processed-gene-0.0-mRNA-1 3602037
.73 augustus_masked-159228817-processed-gene-0.0-mRNA-1 3663796
.46 genemark-168323708-processed-gene-1.37-mRNA-1 3596576
.62 maker-168151456-snap-gene-0.25-mRNA-1 3585562
.19 genemark-168256637-processed-gene-0.3-mRNA-1 3612195
.80 genemark-168256637-processed-gene-0.3-mRNA-1 3580243
.70 maker-168574597-augustus-gene-0.18-mRNA-1 3663668
.64 maker-168151456-snap-gene-0.25-mRNA-2 3585562
.25 maker-165807905-augustus-gene-0.3-mRNA-1 800578
.61 maker-165807905-augustus-gene-0.3-mRNA-1 3585020
.88 maker-168182837-augustus-gene-0.124-mRNA-1 3663985
.87 snap_masked-168153487-processed-gene-0.15-mRNA-1 3663960
.06 snap_masked-168153487-processed-gene-0.15-mRNA-1 729863
.68 maker-168183786-snap-gene-0.6-mRNA-1 3663695
.18 maker-168183786-snap-gene-0.6-mRNA-1 432155
.55 augustus_masked-168475371-processed-gene-0.5-mRNA-1 3664003
.27 augustus_masked-168475371-processed-gene-0.5-mRNA-1 3664003
.17 augustus_masked-168192048-processed-gene-0.3-mRNA-1 3583188
.67 augustus_masked-168192048-processed-gene-0.3-mRNA-1 230709
.09 maker-168485959-snap-gene-0.98-mRNA-1 3663094
.02 maker-168485959-snap-gene-0.98-mRNA-1 1497398
.02 maker-168485959-snap-gene-0.98-mRNA-1 3598224
.02 maker-168485959-snap-gene-0.98-mRNA-1 3663094
.02 maker-168485959-snap-gene-0.98-mRNA-1 961035
.48 snap_masked-168259747-processed-gene-0.3-mRNA-1 1354183
.12 snap_masked-168259747-processed-gene-0.3-mRNA-1 2264713
.34 maker-168201856-snap-gene-0.44-mRNA-1 3581705
.87 augustus_masked-168150113-processed-gene-0.0-mRNA-1 3581867
.07 maker-168549357-snap-gene-0.18-mRNA-1 906074
.79 maker-168549357-snap-gene-0.18-mRNA-1 3581284
.42 maker-168448984-snap-gene-0.7-mRNA-1 3663279
.37 maker-168448984-snap-gene-0.7-mRNA-1 3584401
.19 maker-168448984-snap-gene-0.7-mRNA-1 3583752
.14 maker-168448984-snap-gene-0.7-mRNA-1 3584684
.13 maker-168448984-snap-gene-0.7-mRNA-1 502450
.73 maker-168211289-snap-gene-0.47-mRNA-1 3663354
.10 maker-168211289-snap-gene-0.47-mRNA-1 1087507
.37 maker-168577191-snap-gene-0.12-mRNA-1 3608692
.36 maker-168577191-snap-gene-0.12-mRNA-1 1163302
.66 augustus_masked-168145945-processed-gene-0.1-mRNA-1 793681
.33 augustus_masked-168145945-processed-gene-0.1-mRNA-1 1276247
.80 maker-168568846-augustus-gene-0.28-mRNA-1 3581692
.14 maker-168568846-augustus-gene-0.28-mRNA-1 3594530
.65 augustus_masked-168342191-processed-gene-0.3-mRNA-1 3663646
.34 augustus_masked-168342191-processed-gene-0.3-mRNA-1 3584278
.03 maker-168408919-augustus-gene-0.21-mRNA-1 2371860
.02 maker-168408919-augustus-gene-0.21-mRNA-1 1009494
.31 snap_masked-164241453-processed-gene-0.5-mRNA-1 2583789
.99 maker-168213272-augustus-gene-0.49-mRNA-1 3663428
.99 augustus_masked-165480568-processed-gene-0.0-mRNA-1 3663728
.34 augustus_masked-162988946-processed-gene-0.0-mRNA-1 3588628
.65 augustus_masked-162988946-processed-gene-0.0-mRNA-1 3663602
.83 maker-168550663-snap-gene-0.57-mRNA-1 3664019
.31 maker-166181554-snap-gene-0.2-mRNA-1 671478
.12 maker-166181554-snap-gene-0.2-mRNA-1 934197
.33 augustus_masked-168254187-processed-gene-0.3-mRNA-1 1068401
.44 augustus_masked-168254187-processed-gene-0.3-mRNA-1 1068399
.27 maker-168347411-snap-gene-0.21-mRNA-1 3580135
.41 maker-168347411-snap-gene-0.21-mRNA-1 3663292
.78 maker-167916647-snap-gene-0.38-mRNA-1 3663894
.01 snap_masked-168295089-processed-gene-0.30-mRNA-1 2026751
.91 maker-167825050-snap-gene-0.48-mRNA-1 3663415
.05 maker-167825050-snap-gene-0.48-mRNA-1 3037632
.37 maker-168337495-snap-gene-0.79-mRNA-1 3663340
.37 maker-168337495-snap-gene-0.79-mRNA-1 3663612
.14 maker-168337495-snap-gene-0.79-mRNA-1 595103
.99 maker-168538890-augustus-gene-0.38-mRNA-1 3664028
.26 maker-168366866-snap-gene-0.52-mRNA-1 3663094
.19 maker-168366866-snap-gene-0.52-mRNA-1 574099
.20 maker-168366866-snap-gene-0.52-mRNA-1 844178
.13 maker-168366866-snap-gene-0.52-mRNA-1 469961
.24 maker-168366866-snap-gene-0.52-mRNA-1 1640153
.19 maker-168191928-snap-gene-0.147-mRNA-1 3585746
.69 maker-168191928-snap-gene-0.147-mRNA-1 3580450
.95 maker-168427270-snap-gene-0.98-mRNA-1 3580528
.37 snap_masked-167888920-processed-gene-0.54-mRNA-1 3663383
.32 snap_masked-167888920-processed-gene-0.54-mRNA-1 3613817
.16 maker-168548909-augustus-gene-0.13-mRNA-1 3664035
.07 maker-168548909-augustus-gene-0.13-mRNA-1 3663536
.05 maker-168548909-augustus-gene-0.13-mRNA-1 1512947
.04 maker-168548909-augustus-gene-0.13-mRNA-1 1510954
.04 maker-168548909-augustus-gene-0.13-mRNA-1 588387
.71 maker-168002504-snap-gene-0.23-mRNA-1 3663883
.08 maker-168002504-snap-gene-0.23-mRNA-1 3600005
.95 maker-165009935-augustus-gene-0.3-mRNA-1 3663335
.21 genemark-168157516-processed-gene-0.10-mRNA-1 3580572
.11 genemark-168157516-processed-gene-0.10-mRNA-1 2651720
.10 genemark-168157516-processed-gene-0.10-mRNA-1 1033000
.06 snap_masked-166301333-processed-gene-0.2-mRNA-1 3658862
.99 maker-168545471-snap-gene-0.16-mRNA-1 3664009
.48 maker-168187529-snap-gene-0.29-mRNA-1 492393
.35 augustus_masked-168206028-processed-gene-0.11-mRNA-1 1103973
.52 augustus_masked-168186218-processed-gene-0.0-mRNA-1 1861946
.55 snap_masked-168397275-processed-gene-0.10-mRNA-1 916279
.42 snap_masked-168397275-processed-gene-0.10-mRNA-1 831203
.19 maker-167883148-snap-gene-0.59-mRNA-1 3591294
.51 maker-167883148-snap-gene-0.59-mRNA-1 3664008
.81 maker-166967069-snap-gene-0.4-mRNA-1 3663429
.16 maker-166967069-snap-gene-0.4-mRNA-1 3583372
.57 maker-165675785-snap-gene-0.5-mRNA-1 3663727
.32 maker-165675785-snap-gene-0.5-mRNA-1 3591155
.25 augustus_masked-163636451-processed-gene-0.0-mRNA-1 3592985
.16 augustus_masked-163636451-processed-gene-0.0-mRNA-1 1915945
.50 maker-168188280-augustus-gene-0.19-mRNA-1 3664029
.99 maker-168267928-augustus-gene-0.69-mRNA-1 3585740
.13 augustus_masked-168535927-processed-gene-0.20-mRNA-1 994591
.79 augustus_masked-168535927-processed-gene-0.20-mRNA-1 3663504
.19 maker-167795375-augustus-gene-0.17-mRNA-1 442246
.54 maker-167795375-augustus-gene-0.17-mRNA-1 3663752
.94 maker-168187403-snap-gene-0.8-mRNA-2 3663991
.93 maker-168187403-snap-gene-0.8-mRNA-3 3663991
.45 augustus_masked-167812213-processed-gene-0.5-mRNA-1 3583686
.28 augustus_masked-167812213-processed-gene-0.5-mRNA-1 3580855
.31 genemark-166444572-processed-gene-0.1-mRNA-1 3112055
.47 genemark-166444572-processed-gene-0.1-mRNA-1 1741075
.84 augustus_masked-168185365-processed-gene-0.1-mRNA-1 3578691
.15 augustus_masked-168185365-processed-gene-0.1-mRNA-1 3581860
.37 genemark-168477000-processed-gene-0.43-mRNA-1 2408921
.34 genemark-168477000-processed-gene-0.43-mRNA-1 3218194
.99 augustus_masked-168143935-processed-gene-0.9-mRNA-1 3639167
.94 maker-168246022-augustus-gene-0.71-mRNA-1 3664025
.60 augustus_masked-167357674-processed-gene-0.0-mRNA-1 3663755
.77 maker-168469206-augustus-gene-0.35-mRNA-1 3663899
.99 maker-167184492-augustus-gene-0.4-mRNA-1 3663617
.88 maker-168210970-augustus-gene-0.51-mRNA-1 3663996
.11 maker-168210970-augustus-gene-0.51-mRNA-1 3602725
.50 maker-168149233-snap-gene-0.10-mRNA-1 634217
.30 maker-168149233-snap-gene-0.10-mRNA-1 3602262
.16 snap_masked-168358983-processed-gene-1.63-mRNA-1 3663547
.16 snap_masked-168358983-processed-gene-1.63-mRNA-1 3663548
.02 snap_masked-168358983-processed-gene-1.63-mRNA-1 3581234
.01 snap_masked-168358983-processed-gene-1.63-mRNA-1 3581234
.15 maker-168424109-augustus-gene-0.70-mRNA-1 3584640
.84 maker-168424109-augustus-gene-0.70-mRNA-1 3663750
.47 maker-167067021-augustus-gene-0.4-mRNA-1 3663993
.21 maker-167067021-augustus-gene-0.4-mRNA-1 515182
.21 maker-167067021-augustus-gene-0.4-mRNA-1 3594271
.18 maker-167067021-augustus-gene-0.4-mRNA-1 431511
.61 maker-168300054-augustus-gene-0.23-mRNA-1 3663622
.27 maker-168300054-augustus-gene-0.23-mRNA-1 3588219
.15 maker-168300054-augustus-gene-0.23-mRNA-1 1492828
.15 maker-168300054-augustus-gene-0.23-mRNA-1 3588218
.47 augustus_masked-168224133-processed-gene-0.2-mRNA-1 3619318
.15 augustus_masked-168224133-processed-gene-0.2-mRNA-1 1751156
.15 augustus_masked-168224133-processed-gene-0.2-mRNA-1 3626939
.12 augustus_masked-168224133-processed-gene-0.2-mRNA-1 1191040
.86 augustus_masked-168140844-processed-gene-0.2-mRNA-1 3588041
.06 augustus_masked-168140844-processed-gene-0.2-mRNA-1 3663885
.58 maker-168575259-snap-gene-0.35-mRNA-1 3663629
.14 maker-168575259-snap-gene-0.35-mRNA-1 1276983
.91 maker-168366367-snap-gene-0.123-mRNA-1 3664021
.18 maker-168253285-augustus-gene-0.51-mRNA-1 3584137
.78 maker-168253285-augustus-gene-0.51-mRNA-1 3664018
.99 augustus_masked-166474842-processed-gene-0.1-mRNA-1 3595447
.17 maker-165131896-snap-gene-0.4-mRNA-1 3612459
.45 maker-165131896-snap-gene-0.4-mRNA-1 3590716
.99 augustus_masked-168236167-processed-gene-0.3-mRNA-1 3663632
.98 maker-167875104-snap-gene-0.37-mRNA-1 3663995
.47 snap_masked-166478390-processed-gene-0.3-mRNA-1 1812426
.21 augustus_masked-161414459-processed-gene-0.1-mRNA-1 3663816
.34 maker-168187381-snap-gene-0.8-mRNA-1 3584681
.32 maker-168187381-snap-gene-0.8-mRNA-1 3581713
.18 maker-168187381-snap-gene-0.8-mRNA-1 3584633
.67 augustus_masked-164112838-processed-gene-0.0-mRNA-1 551875
.22 augustus_masked-164112838-processed-gene-0.0-mRNA-1 1961793
.73 snap_masked-168008436-processed-gene-0.8-mRNA-1 3590936
.06 snap_masked-168008436-processed-gene-0.8-mRNA-1 2551490
.99 augustus_masked-168183208-processed-gene-0.33-mRNA-1 3663295
.47 augustus_masked-167922716-processed-gene-0.34-mRNA-1 941689
.48 augustus_masked-167922716-processed-gene-0.34-mRNA-1 3598441
.20 augustus_masked-167981374-processed-gene-0.5-mRNA-1 945954
.25 augustus_masked-167981374-processed-gene-0.5-mRNA-1 3587136
.19 augustus_masked-167918185-processed-gene-0.8-mRNA-1 3583091
.69 augustus_masked-167918185-processed-gene-0.8-mRNA-1 3585516
.75 maker-168577438-snap-gene-0.27-mRNA-1 3663990
.21 maker-168577438-snap-gene-0.27-mRNA-1 3580623
.66 maker-168195755-augustus-gene-0.92-mRNA-1 3664015
.21 maker-168195755-augustus-gene-0.92-mRNA-1 3664015
.32 augustus_masked-168427357-processed-gene-0.2-mRNA-1 1306365
.67 augustus_masked-168427357-processed-gene-0.2-mRNA-1 3612890
.16 maker-168000374-augustus-gene-0.13-mRNA-1 3595561
.77 maker-168000374-augustus-gene-0.13-mRNA-1 3580548
.78 maker-168531405-snap-gene-0.73-mRNA-2 3664038
.12 maker-168531405-snap-gene-0.73-mRNA-2 3586339
.20 maker-168490864-augustus-gene-0.12-mRNA-1 3664010
.59 maker-168490864-augustus-gene-0.12-mRNA-1 3664010
.73 genemark-168338655-processed-gene-0.8-mRNA-1 3663641
.13 genemark-168338655-processed-gene-0.8-mRNA-1 3663613
.10 genemark-168338655-processed-gene-0.8-mRNA-1 1122812
.07 genemark-168338655-processed-gene-0.8-mRNA-1 3605013
.20 maker-168262177-snap-gene-0.11-mRNA-1 3584923
.78 maker-168262177-snap-gene-0.11-mRNA-1 3663950
.68 maker-168190394-augustus-gene-0.54-mRNA-1 3663664
.42 augustus_masked-168200496-processed-gene-0.0-mRNA-1 1181372
.40 augustus_masked-168200496-processed-gene-0.0-mRNA-1 1181372
.98 maker-167010684-augustus-gene-0.4-mRNA-1 3664033
.18 snap_masked-167258515-processed-gene-0.2-mRNA-1 2485516
.27 snap_masked-167258515-processed-gene-0.2-mRNA-1 3501222
.43 maker-168495710-augustus-gene-0.21-mRNA-1 3663806
.45 maker-168505030-augustus-gene-0.35-mRNA-2 962019
.39 maker-168505030-augustus-gene-0.35-mRNA-2 3663387
.71 maker-166838974-augustus-gene-0.3-mRNA-1 3663704
.09 maker-166838974-augustus-gene-0.3-mRNA-1 3059056
.27 augustus_masked-168143171-processed-gene-0.6-mRNA-1 3663759
.49 augustus_masked-168143171-processed-gene-0.6-mRNA-1 3663760
.60 maker-168484995-snap-gene-0.27-mRNA-1 853317
.32 maker-168484995-snap-gene-0.27-mRNA-1 3586770
.99 augustus_masked-167793158-processed-gene-0.6-mRNA-1 3610365
.83 maker-168381545-snap-gene-0.26-mRNA-1 3664017
.89 maker-168549806-snap-gene-0.48-mRNA-1 3578773
.07 maker-168549806-snap-gene-0.48-mRNA-1 3599118
.72 maker-168183877-augustus-gene-0.13-mRNA-2 3664039
.06 maker-168183877-augustus-gene-0.13-mRNA-2 3637878
.59 augustus_masked-168552037-processed-gene-0.18-mRNA-1 3664005
.18 augustus_masked-168552037-processed-gene-0.18-mRNA-1 1169161
.18 augustus_masked-168552037-processed-gene-0.18-mRNA-1 3592163
.10 augustus_masked-168552037-processed-gene-0.18-mRNA-1 1767328
.78 maker-168555510-snap-gene-0.45-mRNA-1 3581502
.12 maker-168555510-snap-gene-0.45-mRNA-1 3609537
.29 maker-168242352-augustus-gene-0.58-mRNA-1 1100260
.42 maker-168242352-augustus-gene-0.58-mRNA-1 3581878
.14 maker-167864987-snap-gene-0.14-mRNA-1 3663989
.60 maker-167864987-snap-gene-0.14-mRNA-1 3663989
.56 augustus_masked-168189853-processed-gene-0.24-mRNA-1 3580698
.29 augustus_masked-168189853-processed-gene-0.24-mRNA-1 3581622
.50 augustus_masked-168191887-processed-gene-0.9-mRNA-1 3664041
.04 augustus_masked-168191887-processed-gene-0.9-mRNA-1 2311370
.02 augustus_masked-168191887-processed-gene-0.9-mRNA-1 3486700
.39 augustus_masked-168358546-processed-gene-0.7-mRNA-1 3582692
.26 augustus_masked-168358546-processed-gene-0.7-mRNA-1 862743
.24 augustus_masked-168358546-processed-gene-0.7-mRNA-1 1558565
.21 augustus_masked-168358546-processed-gene-0.7-mRNA-1 804438
.19 augustus_masked-168358546-processed-gene-0.7-mRNA-1 3586412
.24 snap_masked-164833875-processed-gene-0.2-mRNA-1 476791
.62 snap_masked-164833875-processed-gene-0.2-mRNA-1 3579604
.78 maker-167831585-snap-gene-0.17-mRNA-1 3663895
.08 maker-167831585-snap-gene-0.17-mRNA-1 3661813
.99 maker-168246699-snap-gene-0.15-mRNA-1 3663732
.44 maker-168188745-augustus-gene-0.16-mRNA-1 787488
.47 maker-168188745-augustus-gene-0.16-mRNA-1 3579481
.91 maker-166748757-augustus-gene-0.4-mRNA-2 3664042
.49 maker-168488572-snap-gene-0.143-mRNA-1 3663265
.99 maker-168331454-snap-gene-0.5-mRNA-1 3663661
.68 maker-161346201-snap-gene-0.6-mRNA-1 3583510
.15 maker-161346201-snap-gene-0.6-mRNA-1 3644770
.15 maker-168109257-snap-gene-0.13-mRNA-1 3663294
.72 maker-168109257-snap-gene-0.13-mRNA-1 3663980
.16 genemark-168492273-processed-gene-0.12-mRNA-1 3607659
.11 genemark-168492273-processed-gene-0.12-mRNA-1 3631849
.99 maker-168476312-snap-gene-0.13-mRNA-1 3663304
.46 maker-168569133-augustus-gene-0.17-mRNA-1 3580945
.13 maker-168569133-augustus-gene-0.17-mRNA-1 480823
.76 maker-168189353-snap-gene-0.30-mRNA-1 3664024
.24 maker-168509533-augustus-gene-0.10-mRNA-1 3595992
.49 maker-168509533-augustus-gene-0.10-mRNA-1 3595992
.22 maker-168577049-augustus-gene-0.10-mRNA-1 3663549
.21 maker-168577049-augustus-gene-0.10-mRNA-1 3579092
.10 maker-168189530-augustus-gene-0.69-mRNA-1 3584838
.89 maker-168189530-augustus-gene-0.69-mRNA-1 3581579
.37 augustus_masked-168139723-processed-gene-0.0-mRNA-1 3598299
.14 genemark-168459937-processed-gene-0.62-mRNA-1 1206054
.21 genemark-168311486-processed-gene-0.19-mRNA-1 3587180
.99 augustus_masked-165118678-processed-gene-0.0-mRNA-1 3663777
.45 augustus_masked-165338227-processed-gene-0.0-mRNA-1 3653975
.34 augustus_masked-165338227-processed-gene-0.0-mRNA-1 256178
.51 maker-168266860-snap-gene-0.9-mRNA-1 3579841
.25 maker-168266860-snap-gene-0.9-mRNA-1 3586482
.16 maker-168266860-snap-gene-0.9-mRNA-1 1480617
.37 maker-167813821-snap-gene-0.18-mRNA-1 3663693
.21 maker-167813821-snap-gene-0.18-mRNA-1 3600105
.99 maker-168527738-snap-gene-1.93-mRNA-1 3663437
.22 genemark-168563416-processed-gene-0.16-mRNA-1 587275
.12 genemark-168563416-processed-gene-0.16-mRNA-1 3602519
.99 augustus_masked-168561814-processed-gene-0.4-mRNA-1 3582137
.33 maker-168195094-snap-gene-0.6-mRNA-1 3578838
.16 maker-168195094-snap-gene-0.6-mRNA-1 815851
.98 maker-168560154-snap-gene-0.140-mRNA-1 3663771
.16 augustus_masked-168196873-processed-gene-0.1-mRNA-1 1993883
.58 maker-163244313-augustus-gene-0.3-mRNA-1 3663688
.22 maker-163244313-augustus-gene-0.3-mRNA-1 531974
.22 maker-163244313-augustus-gene-0.3-mRNA-1 3596185
.11 maker-163244313-augustus-gene-0.3-mRNA-1 3590974
.63 maker-168494164-snap-gene-0.44-mRNA-1 3583612
.12 maker-168494164-snap-gene-0.44-mRNA-1 3584343
.35 maker-168505222-augustus-gene-0.19-mRNA-1 3579392
.19 maker-168505222-augustus-gene-0.19-mRNA-1 3585168
.16 maker-168505222-augustus-gene-0.19-mRNA-1 205990
.54 maker-168461588-snap-gene-0.80-mRNA-1 3583605
.37 maker-168461588-snap-gene-0.80-mRNA-1 3583606
.37 maker-168461588-snap-gene-0.80-mRNA-1 3594690
.45 snap_masked-168522561-processed-gene-0.6-mRNA-1 884222
.31 snap_masked-168522561-processed-gene-0.6-mRNA-1 3238370
.44 augustus_masked-168453553-processed-gene-0.0-mRNA-1 3593380
.55 augustus_masked-162344264-processed-gene-0.0-mRNA-1 3044935
.55 maker-168396446-snap-gene-0.21-mRNA-1 3582968
.37 maker-168568376-snap-gene-0.42-mRNA-1 3663997
.11 maker-168568376-snap-gene-0.42-mRNA-1 3663997
.87 augustus_masked-168569475-processed-gene-0.4-mRNA-1 3663790
.47 maker-168452293-snap-gene-0.31-mRNA-1 3663813
.99 maker-168001983-augustus-gene-0.36-mRNA-2 3664004
.50 maker-168512134-augustus-gene-0.24-mRNA-1 3663758
.84 maker-168577033-snap-gene-0.50-mRNA-1 3583440
.27 maker-168297202-snap-gene-0.4-mRNA-1 3580879
.51 maker-168297202-snap-gene-0.4-mRNA-1 1236856
.44 genemark-168122537-processed-gene-0.3-mRNA-1 3585104
.31 genemark-168122537-processed-gene-0.3-mRNA-1 1263044
.48 maker-168519697-augustus-gene-0.19-mRNA-1 3581933
.21 maker-168519697-augustus-gene-0.19-mRNA-1 930039
.21 maker-168519697-augustus-gene-0.19-mRNA-1 1040275
.56 genemark-167871894-processed-gene-0.12-mRNA-1 3589232
.23 genemark-167871894-processed-gene-0.12-mRNA-1 756407
.74 maker-168241879-augustus-gene-0.8-mRNA-1 3663228
.19 maker-168241879-augustus-gene-0.8-mRNA-1 3585319
.17 maker-168241879-augustus-gene-0.8-mRNA-1 3585052
.95 maker-168577112-snap-gene-0.50-mRNA-1 3664044
.17 genemark-168485793-processed-gene-0.30-mRNA-1 444273
.21 genemark-168485793-processed-gene-0.30-mRNA-1 1391779
.06 genemark-168485793-processed-gene-0.30-mRNA-1 444273
.31 maker-168569561-augustus-gene-0.50-mRNA-1 3663677
.24 maker-168569561-augustus-gene-0.50-mRNA-1 539777
.20 maker-168569561-augustus-gene-0.50-mRNA-1 629367
.17 maker-168569561-augustus-gene-0.50-mRNA-1 3608880
.17 maker-168569561-augustus-gene-0.50-mRNA-1 1030399
.99 maker-168560435-snap-gene-0.53-mRNA-1 3664023
.74 maker-168390760-snap-gene-0.46-mRNA-1 487198
.12 augustus_masked-166713843-processed-gene-0.0-mRNA-1 433669
.86 augustus_masked-166713843-processed-gene-0.0-mRNA-1 664974
.47 maker-167899756-snap-gene-0.51-mRNA-1 3582401
.23 maker-167899756-snap-gene-0.51-mRNA-1 3583258
.51 maker-168364698-augustus-gene-0.7-mRNA-1 3663951
.20 maker-168364698-augustus-gene-0.7-mRNA-1 3580239
.12 maker-168364698-augustus-gene-0.7-mRNA-1 3663951
.36 augustus_masked-168187298-processed-gene-0.2-mRNA-1 3663094
.15 augustus_masked-168187298-processed-gene-0.2-mRNA-1 3596549
.87 maker-168577067-augustus-gene-0.15-mRNA-1 3663501
.10 maker-168577067-augustus-gene-0.15-mRNA-1 718869
.09 maker-168577067-augustus-gene-0.15-mRNA-1 718868
.09 maker-168577067-augustus-gene-0.15-mRNA-1 860388
.65 snap_masked-168408312-processed-gene-0.6-mRNA-1 3663344
.20 snap_masked-168408312-processed-gene-0.6-mRNA-1 3584503
.24 maker-168496454-snap-gene-0.99-mRNA-1 3590502
.21 maker-168496454-snap-gene-0.99-mRNA-1 3632985
.77 snap_masked-168506167-processed-gene-0.15-mRNA-1 3663271
.87 maker-168577244-snap-gene-0.25-mRNA-1 3617919
.17 maker-163558320-augustus-gene-0.3-mRNA-1 971887
.82 maker-163558320-augustus-gene-0.3-mRNA-1 3584941
.98 snap_masked-168369745-processed-gene-0.102-mRNA-1 3663346
.90 maker-168243758-snap-gene-0.22-mRNA-1 3664012
.11 maker-164679375-snap-gene-0.4-mRNA-1 3591195
.88 maker-164679375-snap-gene-0.4-mRNA-1 3579021
.05 maker-168420388-snap-gene-0.48-mRNA-1 3583834
.94 maker-168420388-snap-gene-0.48-mRNA-1 3663870
.19 maker-168480493-snap-gene-0.35-mRNA-1 3582948
.61 maker-168480493-snap-gene-0.35-mRNA-1 3583311
.15 maker-168277376-augustus-gene-0.56-mRNA-1 3579089
.70 maker-168277376-augustus-gene-0.56-mRNA-1 3579089
.49 maker-168185460-augustus-gene-0.4-mRNA-1 3663702
.23 maker-168185460-augustus-gene-0.4-mRNA-1 3579880
.23 maker-168185460-augustus-gene-0.4-mRNA-1 386045
.09 maker-168185460-augustus-gene-0.4-mRNA-1 3584621
.64 maker-168285628-augustus-gene-0.11-mRNA-1 3579742
.19 maker-168372574-snap-gene-0.20-mRNA-1 770293
.20 maker-168372574-snap-gene-0.20-mRNA-1 3585942
.18 maker-168372574-snap-gene-0.20-mRNA-1 3601477
.16 maker-168372574-snap-gene-0.20-mRNA-1 3597899
.12 maker-168372574-snap-gene-0.20-mRNA-1 3593072
.09 augustus_masked-168466428-processed-gene-0.8-mRNA-1 3598753
.98 maker-167795162-snap-gene-0.25-mRNA-1 3663730
.12 maker-168514404-snap-gene-0.56-mRNA-1 3653193
.87 maker-168514404-snap-gene-0.56-mRNA-1 3663188
.89 augustus_masked-168194504-processed-gene-0.12-mRNA-1 3663421
.10 augustus_masked-168194504-processed-gene-0.12-mRNA-1 3580384
.58 genemark-167794460-processed-gene-0.2-mRNA-1 1076883
.98 maker-166055328-snap-gene-0.4-mRNA-1 3663916
.21 augustus_masked-168406026-processed-gene-0.6-mRNA-1 3607501
.06 augustus_masked-168406026-processed-gene-0.6-mRNA-1 3579211
.04 augustus_masked-168406026-processed-gene-0.6-mRNA-1 3581999
.05 augustus_masked-168406026-processed-gene-0.6-mRNA-1 3581999
.73 augustus_masked-168186618-processed-gene-0.0-mRNA-1 3664040
.75 maker-168401677-augustus-gene-1.140-mRNA-1 3663903
.23 maker-168401677-augustus-gene-1.140-mRNA-1 1101847
.29 genemark-168199944-processed-gene-0.55-mRNA-1 1206054
.16 genemark-168199944-processed-gene-0.55-mRNA-1 3638453
.22 genemark-168199944-processed-gene-0.55-mRNA-1 2883773
.23 genemark-168199944-processed-gene-0.55-mRNA-1 3612265
.18 genemark-168199944-processed-gene-0.55-mRNA-1 1802181
.42 maker-168540420-augustus-gene-0.19-mRNA-2 3663733
.57 maker-168540420-augustus-gene-0.19-mRNA-2 3663733
.53 snap_masked-168569311-processed-gene-0.17-mRNA-1 3592995
.43 snap_masked-168569311-processed-gene-0.17-mRNA-1 3587409
.18 snap_masked-168569311-processed-gene-0.17-mRNA-1 901986
.16 snap_masked-168569311-processed-gene-0.17-mRNA-1 3383081
.99 maker-168515157-augustus-gene-0.4-mRNA-1 3663822
.91 augustus_masked-168490649-processed-gene-0.5-mRNA-1 3664006
.03 augustus_masked-168490649-processed-gene-0.5-mRNA-1 3583526
.73 genemark-168017464-processed-gene-0.2-mRNA-1 3663554
.44 maker-166823182-augustus-gene-0.4-mRNA-2 3664032
.30 maker-166823182-augustus-gene-0.4-mRNA-2 244573
.31 maker-166823182-augustus-gene-0.4-mRNA-2 3622272
.85 maker-168230875-snap-gene-0.18-mRNA-1 3663889
.99 augustus_masked-168529421-processed-gene-0.1-mRNA-1 3584423
.38 maker-168501230-snap-gene-0.50-mRNA-1 3578858
.47 maker-168501230-snap-gene-0.50-mRNA-1 3578857
.99 maker-168252459-augustus-gene-0.29-mRNA-1 3664000
.99 augustus_masked-168432818-processed-gene-0.11-mRNA-1 3663384
.38 maker-168467618-augustus-gene-0.44-mRNA-1 339333
.45 maker-168467618-augustus-gene-0.44-mRNA-1 3663685
.87 snap_masked-167906892-processed-gene-0.5-mRNA-1 3663887
.74 augustus_masked-168398641-processed-gene-0.11-mRNA-1 1236260
.59 augustus_masked-166998920-processed-gene-0.1-mRNA-1 3663697
.39 augustus_masked-166998920-processed-gene-0.1-mRNA-1 3585667
.74 maker-166471144-snap-gene-0.4-mRNA-1 676439
.14 maker-166471144-snap-gene-0.4-mRNA-1 3658536
.83 maker-168190120-snap-gene-0.81-mRNA-1 3663592
.11 maker-168190120-snap-gene-0.81-mRNA-1 3659102
.99 maker-168450731-augustus-gene-0.65-mRNA-1 3663882
.41 maker-168223430-augustus-gene-0.87-mRNA-1 3663388
.76 augustus_masked-168282796-processed-gene-0.4-mRNA-1 3579872
.06 augustus_masked-168282796-processed-gene-0.4-mRNA-1 3592121
.53 maker-168521003-snap-gene-0.84-mRNA-1 3579552
.99 snap_masked-168476454-processed-gene-0.14-mRNA-1 3579115
.69 snap_masked-168476454-processed-gene-0.14-mRNA-1 3610018
.08 maker-168245566-augustus-gene-0.17-mRNA-1 817606
.88 maker-168245566-augustus-gene-0.17-mRNA-1 3663620
.75 snap_masked-168534233-processed-gene-0.46-mRNA-1 3594267
.20 snap_masked-168534233-processed-gene-0.46-mRNA-1 3663823
.66 maker-167835609-snap-gene-0.14-mRNA-2 3663877
.15 maker-167835609-snap-gene-0.14-mRNA-2 1396953
.53 augustus_masked-168493671-processed-gene-0.0-mRNA-1 3589781
.32 augustus_masked-168493671-processed-gene-0.0-mRNA-1 3436719
.99 augustus_masked-168512396-processed-gene-0.0-mRNA-1 3663875
.99 maker-166445120-snap-gene-0.5-mRNA-1 3663801
.33 maker-168506480-snap-gene-0.28-mRNA-1 3663994
.01 maker-168506480-snap-gene-0.28-mRNA-1 3592931
.10 maker-168340805-snap-gene-0.52-mRNA-1 1070663
.85 maker-168340805-snap-gene-0.52-mRNA-1 3663680
.35 maker-161787807-augustus-gene-0.3-mRNA-1 3664026
.64 maker-161787807-augustus-gene-0.3-mRNA-1 3664026
.03 maker-167152112-snap-gene-0.6-mRNA-1 3580670
.68 maker-167152112-snap-gene-0.6-mRNA-1 3663374
.18 maker-168535121-snap-gene-0.18-mRNA-1 3580704
.74 maker-168535121-snap-gene-0.18-mRNA-1 3664022
.99 maker-167882262-augustus-gene-0.10-mRNA-1 3663815
.64 snap_masked-168279073-processed-gene-0.5-mRNA-1 527954
.99 maker-168191225-augustus-gene-0.31-mRNA-1 3664011
.50 maker-168571131-snap-gene-0.43-mRNA-2 3663594
.28 maker-168571131-snap-gene-0.43-mRNA-2 3595764
.99 maker-168304305-snap-gene-0.22-mRNA-1 3664027
.72 augustus_masked-168409116-processed-gene-0.2-mRNA-1 1236299
.11 maker-168438263-snap-gene-0.41-mRNA-1 1797249
.14 maker-168438263-snap-gene-0.41-mRNA-1 3581555
.33 maker-168488694-augustus-gene-0.34-mRNA-1 3581999
.13 maker-168488694-augustus-gene-0.34-mRNA-1 517443
.12 maker-168488694-augustus-gene-0.34-mRNA-1 327706
.08 maker-168488694-augustus-gene-0.34-mRNA-1 3604193
.35 maker-168081439-snap-gene-0.12-mRNA-3 3580108
.40 maker-168081439-snap-gene-0.12-mRNA-3 3580109
.95 maker-168187042-snap-gene-0.41-mRNA-1 3664007
.78 augustus_masked-168186823-processed-gene-0.3-mRNA-1 3663979
.21 augustus_masked-168186823-processed-gene-0.3-mRNA-1 3663979
.66 augustus_masked-168567162-processed-gene-0.0-mRNA-1 3663893
.25 augustus_masked-168567162-processed-gene-0.0-mRNA-1 495261
.41 maker-168184455-augustus-gene-0.16-mRNA-1 3663601
.27 snap_masked-168179038-processed-gene-0.12-mRNA-1 176483
.63 snap_masked-168179038-processed-gene-0.12-mRNA-1 3663272
.31 augustus_masked-166369098-processed-gene-0.0-mRNA-1 3585769
.68 augustus_masked-166369098-processed-gene-0.0-mRNA-1 1003524
.48 maker-168397484-snap-gene-0.41-mRNA-2 3663984
.51 maker-168397484-snap-gene-0.41-mRNA-2 3663984
.89 maker-168190028-augustus-gene-0.98-mRNA-1 3664016
.25 genemark-167737533-processed-gene-0.0-mRNA-1 3586661
.35 maker-164622502-snap-gene-0.4-mRNA-1 901421
.64 maker-164622502-snap-gene-0.4-mRNA-1 3580941
.79 augustus_masked-168548800-processed-gene-0.13-mRNA-1 3663198
.18 augustus_masked-168548800-processed-gene-0.13-mRNA-1 321215
.63 snap_masked-168540542-processed-gene-0.21-mRNA-1 897910
.62 augustus_masked-158845547-processed-gene-0.0-mRNA-1 3663762
.21 augustus_masked-158845547-processed-gene-0.0-mRNA-1 3581610
.18 augustus_masked-168212216-processed-gene-0.7-mRNA-1 160427
.26 augustus_masked-168212216-processed-gene-0.7-mRNA-1 3602046
.67 maker-168191458-augustus-gene-0.89-mRNA-1 3580112
.24 maker-168191458-augustus-gene-0.89-mRNA-1 374499
.24 augustus_masked-168548264-processed-gene-0.10-mRNA-1 576644
.52 augustus_masked-168548264-processed-gene-0.10-mRNA-1 3583320
.72 maker-167826274-snap-gene-0.11-mRNA-1 3663874
.14 maker-167826274-snap-gene-0.11-mRNA-1 3028896
.99 maker-167124403-augustus-gene-0.6-mRNA-1 3663900
.29 augustus_masked-166290839-processed-gene-0.1-mRNA-1 3621109
.45 maker-168499626-augustus-gene-0.26-mRNA-1 3663652
.11 maker-168184630-snap-gene-0.7-mRNA-1 3582686
.78 maker-168184630-snap-gene-0.7-mRNA-1 3664001
.75 snap_masked-168439865-processed-gene-0.22-mRNA-1 3663662
.24 snap_masked-168439865-processed-gene-0.22-mRNA-1 3583732
.70 maker-168188226-snap-gene-0.56-mRNA-1 3664034
.08 maker-168188226-snap-gene-0.56-mRNA-1 1383139
.40 maker-168471627-augustus-gene-0.33-mRNA-1 3590227
.53 maker-168471627-augustus-gene-0.33-mRNA-1 3584351
.06 maker-166550418-snap-gene-0.4-mRNA-1 1030752
.06 maker-166550418-snap-gene-0.4-mRNA-1 1536539
.27 maker-168191772-augustus-gene-0.65-mRNA-2 3579508
.98 maker-168353471-snap-gene-0.52-mRNA-1 3663986
.68 augustus_masked-168190522-processed-gene-0.8-mRNA-1 2574602
.22 augustus_masked-168190522-processed-gene-0.8-mRNA-1 3655618
.42 maker-168294041-snap-gene-0.8-mRNA-1 3595355
.30 augustus_masked-168369921-processed-gene-0.0-mRNA-1 3580517
.58 augustus_masked-168369921-processed-gene-0.0-mRNA-1 3663286
.51 maker-166368414-snap-gene-0.8-mRNA-1 3582487
.34 maker-166368414-snap-gene-0.8-mRNA-1 577879
.81 augustus_masked-168406049-processed-gene-0.11-mRNA-1 3587590
.85 snap_masked-168555415-processed-gene-1.57-mRNA-1 1041383
.57 snap_masked-168555415-processed-gene-1.57-mRNA-1 2439495
.24 maker-166815308-snap-gene-0.4-mRNA-1 3581248
.75 maker-166815308-snap-gene-0.4-mRNA-1 3663634
.99 snap_masked-168568076-processed-gene-0.22-mRNA-1 3661043
.08 maker-168356371-augustus-gene-0.8-mRNA-1 3586163
.91 maker-168356371-augustus-gene-0.8-mRNA-1 3663860
.99 augustus_masked-168358718-processed-gene-0.0-mRNA-1 3663879
.23 snap_masked-168568593-processed-gene-0.33-mRNA-1 3585357
.76 snap_masked-168568593-processed-gene-0.33-mRNA-1 3595930
.88 maker-168519607-augustus-gene-0.31-mRNA-1 3664045
.99 augustus_masked-167963717-processed-gene-0.3-mRNA-1 3663897
.99 maker-168483729-augustus-gene-0.66-mRNA-2 3663998
.15 maker-168553562-augustus-gene-0.42-mRNA-1 1442933
.52 maker-168540384-augustus-gene-0.69-mRNA-1 3663987
.28 maker-168540384-augustus-gene-0.69-mRNA-1 3579781
.56 maker-168353449-snap-gene-0.64-mRNA-1 3614032
.14 maker-168353449-snap-gene-0.64-mRNA-1 315992
.86 maker-168545115-augustus-gene-0.6-mRNA-1 3664031
.09 maker-168545115-augustus-gene-0.6-mRNA-1 3587216
.08 maker-168545115-augustus-gene-0.6-mRNA-1 3585553
.04 maker-168545115-augustus-gene-0.6-mRNA-1 3581681
.04 maker-168545115-augustus-gene-0.6-mRNA-1 3618154
.34 augustus_masked-168012267-processed-gene-0.4-mRNA-1 2224918
.27 maker-168430973-augustus-gene-0.18-mRNA-1 3663676
.27 maker-168430973-augustus-gene-0.18-mRNA-1 3663791
.28 maker-168430973-augustus-gene-0.18-mRNA-1 3663791
.11 maker-168230367-augustus-gene-0.57-mRNA-1 773723
.27 maker-168230367-augustus-gene-0.57-mRNA-1 3581735
.99 augustus_masked-168189426-processed-gene-0.12-mRNA-1 3663426
.56 genemark-168406512-processed-gene-0.3-mRNA-1 3663716
.30 genemark-168406512-processed-gene-0.3-mRNA-1 464976
.26 genemark-168406512-processed-gene-0.3-mRNA-1 3663283
.21 genemark-168406512-processed-gene-0.3-mRNA-1 1330946
.73 maker-168496311-augustus-gene-0.12-mRNA-1 3583875
.25 maker-168273524-snap-gene-0.78-mRNA-1 620809
.25 augustus_masked-168559106-processed-gene-0.0-mRNA-1 1566574
.64 augustus_masked-168559106-processed-gene-0.0-mRNA-1 452466
.28 augustus_masked-168189641-processed-gene-0.1-mRNA-1 3597911
.24 augustus_masked-168189641-processed-gene-0.1-mRNA-1 3629774
.18 augustus_masked-168189641-processed-gene-0.1-mRNA-1 2193118
.99 maker-168399729-snap-gene-0.87-mRNA-1 3663876
.81 maker-168256776-augustus-gene-0.21-mRNA-1 3663715
.18 maker-168256776-augustus-gene-0.21-mRNA-1 3615282
.99 augustus_masked-168230286-processed-gene-0.5-mRNA-1 3663671
.42 maker-168444234-augustus-gene-0.45-mRNA-1 3663712
.14 maker-168444234-augustus-gene-0.45-mRNA-1 570084
.23 augustus_masked-168189887-processed-gene-0.6-mRNA-1 1093955
.34 augustus_masked-168189887-processed-gene-0.6-mRNA-1 3664002
.19 augustus_masked-168189887-processed-gene-0.6-mRNA-1 788441
.11 augustus_masked-168185575-processed-gene-0.0-mRNA-1 3607712
.88 augustus_masked-168185575-processed-gene-0.0-mRNA-1 3663418
.85 maker-168363358-snap-gene-0.7-mRNA-1 3663891
.13 maker-168363358-snap-gene-0.7-mRNA-1 3587788
.62 augustus_masked-168188112-processed-gene-0.0-mRNA-1 1001919
.10 augustus_masked-168188112-processed-gene-0.0-mRNA-1 3602125
.10 augustus_masked-168188112-processed-gene-0.0-mRNA-1 403631
.09 augustus_masked-168188112-processed-gene-0.0-mRNA-1 1390141
.12 augustus_masked-168188112-processed-gene-0.0-mRNA-1 1779211
.15 augustus_masked-168333925-processed-gene-0.9-mRNA-1 3579206
.84 augustus_masked-168333925-processed-gene-0.9-mRNA-1 3663684
.82 augustus_masked-168255802-processed-gene-0.0-mRNA-1 1161082
.10 augustus_masked-168255802-processed-gene-0.0-mRNA-1 3417871
.65 maker-168251792-augustus-gene-0.21-mRNA-1 3581029
.47 maker-168251792-augustus-gene-0.21-mRNA-1 578895
.14 maker-168251792-augustus-gene-0.21-mRNA-1 578898
.13 maker-168251792-augustus-gene-0.21-mRNA-1 1897777
.13 maker-168251792-augustus-gene-0.21-mRNA-1 798137
.07 snap_masked-168570852-processed-gene-0.60-mRNA-1 1020570
.82 snap_masked-168570852-processed-gene-0.60-mRNA-1 3663675
.99 maker-168551506-augustus-gene-0.32-mRNA-1 3663992
.42 augustus_masked-164901387-processed-gene-0.0-mRNA-1 3585975
.57 augustus_masked-164901387-processed-gene-0.0-mRNA-1 3663757
.62 snap_masked-166241652-processed-gene-0.2-mRNA-1 3586501
.16 snap_masked-166241652-processed-gene-0.2-mRNA-1 102857
.13 snap_masked-166241652-processed-gene-0.2-mRNA-1 1449053
.24 augustus_masked-168547704-processed-gene-0.10-mRNA-1 827724
.24 augustus_masked-168547704-processed-gene-0.10-mRNA-1 663461
.22 augustus_masked-168547704-processed-gene-0.10-mRNA-1 419028
.06 augustus_masked-168547704-processed-gene-0.10-mRNA-1 466748
.42 genemark-168186341-processed-gene-0.19-mRNA-1 851977
.57 genemark-168186341-processed-gene-0.19-mRNA-1 1288359
.46 maker-167504220-augustus-gene-0.4-mRNA-1 271011
.28 maker-167504220-augustus-gene-0.4-mRNA-1 1615977
.23 maker-167504220-augustus-gene-0.4-mRNA-1 3652151
.80 maker-168075387-snap-gene-0.52-mRNA-1 3664013
.84 maker-168268636-augustus-gene-0.5-mRNA-2 3580492
.09 maker-168268636-augustus-gene-0.5-mRNA-2 3580491
.11 snap_masked-167545665-processed-gene-0.2-mRNA-1 1125226
.70 maker-168556801-augustus-gene-0.41-mRNA-1 3663999
.19 maker-168556801-augustus-gene-0.41-mRNA-1 721959
.73 maker-168467335-snap-gene-0.115-mRNA-1 3664030
.30 genemark-168505618-processed-gene-0.9-mRNA-1 880495
.30 genemark-168505618-processed-gene-0.9-mRNA-1 2616684
.29 genemark-168505618-processed-gene-0.9-mRNA-1 996294
.25 genemark-168505618-processed-gene-0.9-mRNA-1 1475195
.28 genemark-168505618-processed-gene-0.9-mRNA-1 1199557
.33 maker-164258115-snap-gene-0.4-mRNA-1 3635820
.12 maker-164258115-snap-gene-0.4-mRNA-1 3635820
.72 maker-168423654-augustus-gene-0.5-mRNA-1 3583287
.26 maker-168423654-augustus-gene-0.5-mRNA-1 3663785
.23 maker-168423654-augustus-gene-0.5-mRNA-1 3642560
.42 augustus_masked-163348447-processed-gene-0.0-mRNA-1 373443
.21 augustus_masked-163348447-processed-gene-0.0-mRNA-1 987918
.38 maker-168082118-augustus-gene-0.27-mRNA-1 3663774
.23 maker-168082118-augustus-gene-0.27-mRNA-1 3579697
.18 maker-168082118-augustus-gene-0.27-mRNA-1 3583070
.14 maker-168082118-augustus-gene-0.27-mRNA-1 3581813
.09 maker-168082118-augustus-gene-0.27-mRNA-1 3606047
.47 maker-168428007-augustus-gene-0.41-mRNA-1 3664043
.51 maker-166238195-augustus-gene-0.3-mRNA-1 3663696
.48 maker-166238195-augustus-gene-0.3-mRNA-1 3663586
