.11 GQ03239_K03.1_clone=GQ03239_K03_cluster=GQ03239_K03_status=complete_gb=BT111571 1289290
.75 GQ03239_K03.1_clone=GQ03239_K03_cluster=GQ03239_K03_status=complete_gb=BT111571 4684544
.05 GQ03819_M12.1_clone=GQ03819_M12_cluster=GQ03819_M12_status=complete_gb=BT117453 4576932
.91 GQ03819_M12.1_clone=GQ03819_M12_cluster=GQ03819_M12_status=complete_gb=BT117453 4684562
.91 GQ0259_K06.1_clone=GQ0259_K06_cluster=GQ0259_K06_status=complete_gb=BT103627 4684537
.85 GQ02824_L08.1_clone=GQ02824_L08_cluster=GQ02824_L08_status=complete_gb=BT105581 4684437
.53 GQ02824_E05.2_clone=GQ02824_E05_cluster=GQ02824_E05_status=complete_gb=BT105551 4579063
.74 GQ04005_F22.1_clone=GQ04005_F22_cluster=GQ04005_F22_status=complete_gb=BT118345 4684457
.12 GQ03210_J08.2_clone=GQ03210_J08_cluster=GQ03210_J08_status=complete_gb=BT109610 232787
.12 GQ03210_J08.2_clone=GQ03210_J08_cluster=GQ03210_J08_status=complete_gb=BT109610 1681265
.11 GQ03210_J08.2_clone=GQ03210_J08_cluster=GQ03210_J08_status=complete_gb=BT109610 995203
.31 GQ04105_B11.1_clone=GQ04105_B11_cluster=GQ04105_B11_status=complete_gb=BT119399 953781
.55 GQ04105_B11.1_clone=GQ04105_B11_cluster=GQ04105_B11_status=complete_gb=BT119399 4684238
.76 GQ04011_H24.1_clone=GQ04011_H24_cluster=GQ04011_H24_status=complete_gb=BT118888 4684574
.88 GQ0132_O14.1_clone=GQ0132_O14_cluster=GQ0132_O14_status=complete_gb=BT101904 4684551
.21 GQ02809_I23.3_clone=GQ02809_I23_cluster=GQ02809_I23_status=53 4684483
.96 GQ02818_O19.1_clone=GQ02818_O19_cluster=GQ02818_O19_status=complete_gb=BT105130 4683717
.34 GQ03817_O18.1_clone=GQ03817_O18_cluster=GQ03817_O18_status=complete_gb=BT117364 4577980
.30 GQ03817_O18.1_clone=GQ03817_O18_cluster=GQ03817_O18_status=complete_gb=BT117364 4594893
.29 GQ03817_O18.1_clone=GQ03817_O18_cluster=GQ03817_O18_status=complete_gb=BT117364 4593401
.43 GQ03215_H22.2_clone=GQ03215_H22_cluster=GQ03215_H22_status=complete_gb=BT110060 4683898
.63 GQ03310_A23.1_clone=GQ03310_A23_cluster=GQ03310_A23_status=complete_gb=BT112104 4683775
.16 GQ03310_A23.1_clone=GQ03310_A23_cluster=GQ03310_A23_status=complete_gb=BT112104 1957998
.77 GQ04102_A22.1_clone=GQ04102_A22_cluster=GQ04102_A22_status=complete_gb=BT119153 4684521
.22 GQ03105_L15.1_clone=GQ03105_L15_cluster=GQ03105_L15_status=complete_gb=BT107321 4577934
.41 GQ02016_O20.1_clone=GQ02016_O20_cluster=GQ02016_O20_status=complete_gb=BT102814 4580820
.20 GQ02016_O20.1_clone=GQ02016_O20_cluster=GQ02016_O20_status=complete_gb=BT102814 4612221
.13 GQ02016_O20.1_clone=GQ02016_O20_cluster=GQ02016_O20_status=complete_gb=BT102814 4586323
.25 GQ03914_E02.1_clone=GQ03914_E02_cluster=GQ03914_E02_status=complete_gb=BT117844 4684125
.23 GQ03914_E02.1_clone=GQ03914_E02_cluster=GQ03914_E02_status=complete_gb=BT117844 4611597
.30 GQ03230_D22.1_clone=GQ03230_D22_cluster=GQ03230_D22_status=complete_gb=BT110951 4618769
.15 GQ03230_D22.1_clone=GQ03230_D22_cluster=GQ03230_D22_status=complete_gb=BT110951 884618
.15 GQ0164_G21.1_clone=GQ0164_G21_cluster=GQ0164_G21_status=complete_gb=BT102037 1341708
.48 GQ0164_G21.1_clone=GQ0164_G21_cluster=GQ0164_G21_status=complete_gb=BT102037 591353
.54 GQ02811_E24.1_clone=GQ02811_E24_cluster=GQ02811_E24_status=complete_gb=BT104512 1701860
.29 GQ02811_E24.1_clone=GQ02811_E24_cluster=GQ02811_E24_status=complete_gb=BT104512 969687
.57 GQ03233_O12.1_clone=GQ03233_O12_cluster=GQ03233_O12_status=complete_gb=BT111180 4580494
.24 GQ03233_O12.1_clone=GQ03233_O12_cluster=GQ03233_O12_status=complete_gb=BT111180 266895
.42 GQ03701_O24.3_clone=GQ03701_O24_cluster=GQ03701_O24_status=53 4683972
.17 GQ03701_O24.3_clone=GQ03701_O24_cluster=GQ03701_O24_status=53 2070355
.13 GQ03701_O24.3_clone=GQ03701_O24_cluster=GQ03701_O24_status=53 2131312
.12 GQ0082_C07.1_clone=GQ0082_C07_cluster=GQ0082_C07_status=complete_gb=BT101251 4583653
.31 GQ0082_C07.1_clone=GQ0082_C07_cluster=GQ0082_C07_status=complete_gb=BT101251 4579820
.18 GQ02802_M06.1_clone=GQ02802_M06_cluster=GQ02802_M06_status=complete_gb=BT103830 4684198
.42 GQ02802_M06.1_clone=GQ02802_M06_cluster=GQ02802_M06_status=complete_gb=BT103830 4574422
.72 GQ0074_M01.1_clone=GQ0074_M01_cluster=GQ0074_M01_status=complete_gb=BT101234 4684156
.30 GQ02828_L20.1_clone=GQ02828_L20_cluster=GQ02828_L20_status=complete_gb=BT105806 4608098
.44 GQ02828_L20.1_clone=GQ02828_L20_cluster=GQ02828_L20_status=complete_gb=BT105806 4684218
.43 GQ03507_D06.1_clone=GQ03507_D06_cluster=GQ03507_D06_status=complete_gb=BT114057 4683814
.35 GQ03906_F06.2_clone=GQ03906_F06_cluster=GQ03906_F06_status=complete_gb=BT117647 4579031
.19 GQ03906_F06.2_clone=GQ03906_F06_cluster=GQ03906_F06_status=complete_gb=BT117647 848797
.15 GQ03906_F06.2_clone=GQ03906_F06_cluster=GQ03906_F06_status=complete_gb=BT117647 4583024
.14 GQ03906_F06.2_clone=GQ03906_F06_cluster=GQ03906_F06_status=complete_gb=BT117647 4580060
.44 GQ03916_G03.3_clone=GQ03916_G03_cluster=GQ03916_G03_status=53 4683939
.32 GQ02825_B16.1_clone=GQ02825_B16_cluster=GQ02825_B16_status=complete_gb=BT105618 1969600
.29 GQ02825_B16.1_clone=GQ02825_B16_cluster=GQ02825_B16_status=complete_gb=BT105618 2388923
.31 GQ02825_B16.1_clone=GQ02825_B16_cluster=GQ02825_B16_status=complete_gb=BT105618 2296745
.29 GQ02825_B16.1_clone=GQ02825_B16_cluster=GQ02825_B16_status=complete_gb=BT105618 2525937
.30 GQ02825_B16.1_clone=GQ02825_B16_cluster=GQ02825_B16_status=complete_gb=BT105618 1316680
.99 GQ03617_M21.1_clone=GQ03617_M21_cluster=GQ03617_M21_status=complete_gb=BT115487 4683691
.26 GQ03802_H07.1_clone=GQ03802_H07_cluster=GQ03802_H07_status=complete_gb=BT116579 4600532
.42 GQ03802_H07.1_clone=GQ03802_H07_cluster=GQ03802_H07_status=complete_gb=BT116579 4595475
.70 GQ0015_G06.1_clone=GQ0015_G06_cluster=GQ0015_G06_status=complete_gb=BT100470 46004
.16 GQ0015_G06.1_clone=GQ0015_G06_cluster=GQ0015_G06_status=complete_gb=BT100470 1005395
.82 GQ03915_E01.1_clone=GQ03915_E01_cluster=GQ03915_E01_status=complete_gb=BT117872 4683949
.23 GQ03318_M13.1_clone=GQ03318_M13_cluster=GQ03318_M13_status=complete_gb=BT112641 4684547
.13 GQ03318_M13.1_clone=GQ03318_M13_cluster=GQ03318_M13_status=complete_gb=BT112641 4684547
.33 GQ0207_E09.1_clone=GQ0207_E09_cluster=GQ0207_E09_status=complete_gb=BT103144 1956824
.33 GQ0207_E09.1_clone=GQ0207_E09_cluster=GQ0207_E09_status=complete_gb=BT103144 4683851
.27 GQ0207_E09.1_clone=GQ0207_E09_cluster=GQ0207_E09_status=complete_gb=BT103144 2015400
.25 GQ0207_E09.1_clone=GQ0207_E09_cluster=GQ0207_E09_status=complete_gb=BT103144 4628008
.22 GQ0207_E09.1_clone=GQ0207_E09_cluster=GQ0207_E09_status=complete_gb=BT103144 2123302
.54 GQ03228_G03.1_clone=GQ03228_G03_cluster=GQ03228_G03_status=complete_gb=BT110819 4684481
.27 GQ03228_G03.1_clone=GQ03228_G03_cluster=GQ03228_G03_status=complete_gb=BT110819 4588753
.78 GQ03216_G03.1_clone=GQ03216_G03_cluster=GQ03216_G03_status=complete_gb=BT110103 4683615
.23 GQ04102_B16.1_clone=GQ04102_B16_cluster=GQ04102_B16_status=complete_gb=BT119157 4589778
.09 GQ04102_B16.1_clone=GQ04102_B16_cluster=GQ04102_B16_status=complete_gb=BT119157 4582278
.09 GQ04102_B16.1_clone=GQ04102_B16_cluster=GQ04102_B16_status=complete_gb=BT119157 4576248
.31 GQ04106_M09.1_clone=GQ04106_M09_cluster=GQ04106_M09_status=complete_gb=BT119530 4617322
.94 GQ03919_J08.1_clone=GQ03919_J08_cluster=GQ03919_J08_status=complete_gb=BT117984 4684584
.96 GQ04007_N19.2_clone=GQ04007_N19_cluster=GQ04007_N19_status=complete_gb=BT118574 4684503
.77 GQ02813_I01.1_clone=GQ02813_I01_cluster=GQ02813_I01_status=complete_gb=BT104684 4575622
.35 GQ02808_C08.1_clone=GQ02808_C08_cluster=GQ02808_C08_status=complete_gb=BT104239 4683826
.87 GQ04010_N20.1_clone=GQ04010_N20_cluster=GQ04010_N20_status=complete_gb=BT118840 4684505
.98 GQ04010_E13.1_clone=GQ04010_E13_cluster=GQ04010_E13_status=complete_gb=BT118791 4684536
.92 GQ03318_F05.2_clone=GQ03318_F05_cluster=GQ03318_F05_status=complete_gb=BT112606 4684513
.11 GQ03315_F24.1_clone=GQ03315_F24_cluster=GQ03315_F24_status=complete_gb=BT112445 4683990
.87 GQ03315_F24.1_clone=GQ03315_F24_cluster=GQ03315_F24_status=complete_gb=BT112445 4580029
.61 GQ0251_I18.1_clone=GQ0251_I18_cluster=GQ0251_I18_status=complete_gb=BT103419 4684142
.36 GQ0251_I18.1_clone=GQ0251_I18_cluster=GQ0251_I18_status=complete_gb=BT103419 4684142
.96 GQ03711_E22.1_clone=GQ03711_E22_cluster=GQ03711_E22_status=complete_gb=BT116063 4684441
.48 GQ03237_J17.1_clone=GQ03237_J17_cluster=GQ03237_J17_status=complete_gb=BT111426 4683862
.46 GQ03202_E16.1_clone=GQ03202_E16_cluster=GQ03202_E16_status=complete_gb=BT108897 4684500
.29 GQ03202_E16.1_clone=GQ03202_E16_cluster=GQ03202_E16_status=complete_gb=BT108897 333350
.50 GQ02816_J19.1_clone=GQ02816_J19_cluster=GQ02816_J19_status=complete_gb=BT104921 1067715
.51 GQ02816_J19.1_clone=GQ02816_J19_cluster=GQ02816_J19_status=complete_gb=BT104921 4684103
.33 GQ02816_J19.1_clone=GQ02816_J19_cluster=GQ02816_J19_status=complete_gb=BT104921 4612214
.22 GQ02816_J19.1_clone=GQ02816_J19_cluster=GQ02816_J19_status=complete_gb=BT104921 2352668
.17 GQ02816_J19.1_clone=GQ02816_J19_cluster=GQ02816_J19_status=complete_gb=BT104921 1133685
.86 GQ03307_L12.1_clone=GQ03307_L12_cluster=GQ03307_L12_status=complete_gb=BT111925 4683954
.43 WS03222_J09.1_clone=WS03222_J09_cluster=WS03222_J09_status=complete 4684194
.54 WS03222_J09.1_clone=WS03222_J09_cluster=WS03222_J09_status=complete 4580544
.89 GQ0223_L04.1_clone=GQ0223_L04_cluster=GQ0223_L04_status=3 4683677
.02 GQ0223_L04.1_clone=GQ0223_L04_cluster=GQ0223_L04_status=3 1777455
.02 GQ0223_L04.1_clone=GQ0223_L04_cluster=GQ0223_L04_status=3 960118
.99 GQ03514_N12.2_clone=GQ03514_N12_cluster=GQ03514_N12_status=complete_gb=BT114456 4621437
.31 GQ03010_F13.1_clone=GQ03010_F13_cluster=GQ03010_F13_status=complete_gb=BT106780 4646819
.24 GQ03010_F13.1_clone=GQ03010_F13_cluster=GQ03010_F13_status=complete_gb=BT106780 601165
.32 WS0313_B07.1_clone=WS0313_B07_cluster=WS0313_B07_status=3 486040
.66 WS0313_B07.1_clone=WS0313_B07_cluster=WS0313_B07_status=3 4577732
.69 GQ02813_J08.2_clone=GQ02813_J08_cluster=GQ02813_J08_status=complete_gb=BT104691 4683903
.84 GQ02820_J08.2_clone=GQ02820_J08_cluster=GQ02820_J08_status=complete_gb=BT105291 4684554
.67 GQ0064_H22.1_clone=GQ0064_H22_cluster=GQ0064_H22_status=complete_gb=BT101019 4684294
.14 GQ0064_H22.1_clone=GQ0064_H22_cluster=GQ0064_H22_status=complete_gb=BT101019 1236909
.99 GQ02825_N18.1_clone=GQ02825_N18_cluster=GQ02825_N18_status=complete_gb=BT105658 4684516
.99 GQ03704_E15.1_clone=GQ03704_E15_cluster=GQ03704_E15_status=complete_gb=BT115686 4684488
.77 GQ04001_E13.1_clone=GQ04001_E13_cluster=GQ04001_E13_status=complete_gb=BT118022 4684550
.79 GQ03216_J13.1_clone=GQ03216_J13_cluster=GQ03216_J13_status=complete_gb=BT110113 4576883
.69 GQ03611_H02.1_clone=GQ03611_H02_cluster=GQ03611_H02_status=complete_gb=BT115206 4684368
.20 GQ03611_H02.1_clone=GQ03611_H02_cluster=GQ03611_H02_status=complete_gb=BT115206 4584386
.13 GQ03611_H02.1_clone=GQ03611_H02_cluster=GQ03611_H02_status=complete_gb=BT115206 690366
.69 GQ0044_C20.1_clone=GQ0044_C20_cluster=GQ0044_C20_status=complete_gb=BT100786 4683848
.39 GQ0161_I09.1_clone=GQ0161_I09_cluster=GQ0161_I09_status=complete_gb=BT101991 4684300
.18 GQ0161_I09.1_clone=GQ0161_I09_cluster=GQ0161_I09_status=complete_gb=BT101991 4574879
.50 GQ02805_J16.1_clone=GQ02805_J16_cluster=GQ02805_J16_status=complete_gb=BT104027 4684111
.89 GQ02801_F21.1_clone=GQ02801_F21_cluster=GQ02801_F21_status=complete_gb=BT103740 4684474
.77 GQ03312_F04.1_clone=GQ03312_F04_cluster=GQ03312_F04_status=complete_gb=BT112227 4684564
.71 GQ03211_C10.1_clone=GQ03211_C10_cluster=GQ03211_C10_status=complete_gb=BT109657 4684461
.54 GQ03236_G15.1_clone=GQ03236_G15_cluster=GQ03236_G15_status=complete_gb=BT111353 4574732
.33 GQ04006_N11.2_clone=GQ04006_N11_cluster=GQ04006_N11_status=complete_gb=BT118486 1258223
.65 GQ04006_N11.2_clone=GQ04006_N11_cluster=GQ04006_N11_status=complete_gb=BT118486 4575121
.74 GQ03214_I20.1_clone=GQ03214_I20_cluster=GQ03214_I20_status=complete_gb=BT109978 4684487
.14 GQ03214_I20.1_clone=GQ03214_I20_cluster=GQ03214_I20_status=complete_gb=BT109978 1580130
.54 GQ03123_I16.1_clone=GQ03123_I16_cluster=GQ03123_I16_status=complete_gb=BT108560 1443275
.41 GQ03123_I16.1_clone=GQ03123_I16_cluster=GQ03123_I16_status=complete_gb=BT108560 2107025
.14 GQ03312_I02.1_clone=GQ03312_I02_cluster=GQ03312_I02_status=complete_gb=BT112248 4012339
.67 GQ03312_I02.1_clone=GQ03312_I02_cluster=GQ03312_I02_status=complete_gb=BT112248 4684249
.71 GQ02820_P01.1_clone=GQ02820_P01_cluster=GQ02820_P01_status=complete_gb=BT105328 4684527
.45 GQ02813_E08.1_clone=GQ02813_E08_cluster=GQ02813_E08_status=complete_gb=BT104667 4577490
.21 GQ02813_E08.1_clone=GQ02813_E08_cluster=GQ02813_E08_status=complete_gb=BT104667 4684228
.37 GQ02808_P02.3_clone=GQ02808_P02_cluster=GQ02808_P02_status=complete_gb=BT104324 4684556
.73 GQ03712_G09.1_clone=GQ03712_G09_cluster=GQ03712_G09_status=complete_gb=BT116134 4579436
.24 GQ03712_G09.1_clone=GQ03712_G09_cluster=GQ03712_G09_status=complete_gb=BT116134 1434451
.33 GQ04104_P13.2_clone=GQ04104_P13_cluster=GQ04104_P13_status=complete_gb=BT119387 1446604
.38 GQ04104_P13.2_clone=GQ04104_P13_cluster=GQ04104_P13_status=complete_gb=BT119387 4590249
.38 WS00733_F13.1_clone=WS00733_F13_cluster=WS00733_F13_status=3 4576970
.36 WS03215_A02.1_clone=WS03215_A02_cluster=WS03215_A02_status=complete 1536493
.33 WS03215_A02.1_clone=WS03215_A02_cluster=WS03215_A02_status=complete 1763251
.19 GQ02818_I15.3_clone=GQ02818_I15_cluster=GQ02818_I15_status=53 4576865
.15 GQ02818_I15.3_clone=GQ02818_I15_cluster=GQ02818_I15_status=53 4641885
.23 GQ03005_E12.1_clone=GQ03005_E12_cluster=GQ03005_E12_status=complete_gb=BT106575 4577678
.32 GQ03005_E12.1_clone=GQ03005_E12_cluster=GQ03005_E12_status=complete_gb=BT106575 4577679
.61 GQ03505_M06.1_clone=GQ03505_M06_cluster=GQ03505_M06_status=complete_gb=BT113979 4684582
.07 GQ03505_M06.1_clone=GQ03505_M06_cluster=GQ03505_M06_status=complete_gb=BT113979 4684582
.48 GQ02827_G17.1_clone=GQ02827_G17_cluster=GQ02827_G17_status=complete_gb=BT105737 4581313
.80 GQ0255_N02.1_clone=GQ0255_N02_cluster=GQ0255_N02_status=complete_gb=BT103508 4684491
.09 GQ03228_O20.1_clone=GQ03228_O20_cluster=GQ03228_O20_status=complete_gb=BT110857 4575100
.64 GQ03228_O20.1_clone=GQ03228_O20_cluster=GQ03228_O20_status=complete_gb=BT110857 4684572
.85 GQ03319_I07.1_clone=GQ03319_I07_cluster=GQ03319_I07_status=complete_gb=BT112689 4684567
.53 GQ03314_P01.1_clone=GQ03314_P01_cluster=GQ03314_P01_status=complete_gb=BT112420 4611991
.28 GQ03314_P01.1_clone=GQ03314_P01_cluster=GQ03314_P01_status=complete_gb=BT112420 1737830
.76 GQ03215_H11.1_clone=GQ03215_H11_cluster=GQ03215_H11_status=complete_gb=BT110058 4684366
.33 GQ03115_L18.1_clone=GQ03115_L18_cluster=GQ03115_L18_status=complete_gb=BT108006 4684463
.18 GQ03115_L18.1_clone=GQ03115_L18_cluster=GQ03115_L18_status=complete_gb=BT108006 4684463
.17 GQ03115_L18.1_clone=GQ03115_L18_cluster=GQ03115_L18_status=complete_gb=BT108006 4684463
.80 GQ03323_E19.1_clone=GQ03323_E19_cluster=GQ03323_E19_status=complete_gb=BT112956 4684522
.18 GQ03323_E19.1_clone=GQ03323_E19_cluster=GQ03323_E19_status=complete_gb=BT112956 4683648
.38 GQ03809_A07.1_clone=GQ03809_A07_cluster=GQ03809_A07_status=complete_gb=BT116902 4684087
.77 GQ03207_J17.1_clone=GQ03207_J17_cluster=GQ03207_J17_status=complete_gb=BT109360 4684530
.44 GQ02806_E10.1_clone=GQ02806_E10_cluster=GQ02806_E10_status=complete_gb=BT104088 4684541
.29 GQ02806_E10.1_clone=GQ02806_E10_cluster=GQ02806_E10_status=complete_gb=BT104088 4684541
.85 GQ0015_N03.1_clone=GQ0015_N03_cluster=GQ0015_N03_status=complete_gb=BT100483 4684476
.30 GQ03204_C19.1_clone=GQ03204_C19_cluster=GQ03204_C19_status=complete_gb=BT109058 4575749
.30 GQ03204_C19.1_clone=GQ03204_C19_cluster=GQ03204_C19_status=complete_gb=BT109058 1417463
.50 WS00725_M01.1_clone=WS00725_M01_cluster=WS00725_M01_status=3 629665
.45 WS00725_M01.1_clone=WS00725_M01_cluster=WS00725_M01_status=3 4683708
.38 WS00725_M01.1_clone=WS00725_M01_cluster=WS00725_M01_status=3 1214046
.33 WS00725_M01.1_clone=WS00725_M01_cluster=WS00725_M01_status=3 1172709
.89 GQ03601_O17.1_clone=GQ03601_O17_cluster=GQ03601_O17_status=complete_gb=BT114777 4684173
.09 GQ03601_O17.1_clone=GQ03601_O17_cluster=GQ03601_O17_status=complete_gb=BT114777 1183795
.71 GQ0168_K19.1_clone=GQ0168_K19_cluster=GQ0168_K19_status=complete_gb=BT102209 1791784
.26 GQ0168_K19.1_clone=GQ0168_K19_cluster=GQ0168_K19_status=complete_gb=BT102209 4654420
.83 GQ03803_C06.1_clone=GQ03803_C06_cluster=GQ03803_C06_status=complete_gb=BT116607 4684350
.12 GQ03803_C06.1_clone=GQ03803_C06_cluster=GQ03803_C06_status=complete_gb=BT116607 800955
.86 GQ03006_P17.1_clone=GQ03006_P17_cluster=GQ03006_P17_status=complete_gb=BT106642 4583288
.12 GQ03006_P17.1_clone=GQ03006_P17_cluster=GQ03006_P17_status=complete_gb=BT106642 1617448
.82 GQ03617_H13.1_clone=GQ03617_H13_cluster=GQ03617_H13_status=complete_gb=BT115472 4684553
.43 GQ03617_L15.1_clone=GQ03617_L15_cluster=GQ03617_L15_status=complete_gb=BT115484 4684208
.40 GQ03617_L15.1_clone=GQ03617_L15_cluster=GQ03617_L15_status=complete_gb=BT115484 4575551
.23 GQ02818_G05.1_clone=GQ02818_G05_cluster=GQ02818_G05_status=complete_gb=BT105089 644142
.19 GQ02818_G05.1_clone=GQ02818_G05_cluster=GQ02818_G05_status=complete_gb=BT105089 774301
.14 GQ02821_P01.1_clone=GQ02821_P01_cluster=GQ02821_P01_status=complete_gb=BT105395 4684563
.33 GQ02821_P01.1_clone=GQ02821_P01_cluster=GQ02821_P01_status=complete_gb=BT105395 4684563
.10 GQ03718_F12.1_clone=GQ03718_F12_cluster=GQ03718_F12_status=complete_gb=BT116415 317685
.70 GQ03718_F12.1_clone=GQ03718_F12_cluster=GQ03718_F12_status=complete_gb=BT116415 4683707
.61 GQ03205_D14.1_clone=GQ03205_D14_cluster=GQ03205_D14_status=complete_gb=BT109151 4574748
.34 GQ03514_D01.1_clone=GQ03514_D01_cluster=GQ03514_D01_status=complete_gb=BT114413 4684472
.26 GQ03514_D01.1_clone=GQ03514_D01_cluster=GQ03514_D01_status=complete_gb=BT114413 4684472
.96 GQ03516_G20.1_clone=GQ03516_G20_cluster=GQ03516_G20_status=complete_gb=BT114534 4684528
.50 GQ04006_O03.2_clone=GQ04006_O03_cluster=GQ04006_O03_status=complete_gb=BT118489 4684560
.26 GQ04006_O03.2_clone=GQ04006_O03_cluster=GQ04006_O03_status=complete_gb=BT118489 4684560
.18 GQ04006_O03.2_clone=GQ04006_O03_cluster=GQ04006_O03_status=complete_gb=BT118489 4621771
.30 GQ02801_N12.1_clone=GQ02801_N12_cluster=GQ02801_N12_status=complete_gb=BT103767 4580698
.58 GQ02801_N12.1_clone=GQ02801_N12_cluster=GQ02801_N12_status=complete_gb=BT103767 4578458
.24 GQ03121_D17.1_clone=GQ03121_D17_cluster=GQ03121_D17_status=complete_gb=BT108391 2310348
.59 GQ03121_D17.1_clone=GQ03121_D17_cluster=GQ03121_D17_status=complete_gb=BT108391 4577860
.18 GQ03205_A10.3_clone=GQ03205_A10_cluster=GQ03205_A10_status=53 4580329
.16 GQ03205_A10.3_clone=GQ03205_A10_cluster=GQ03205_A10_status=53 4580374
.83 GQ03123_C06.1_clone=GQ03123_C06_cluster=GQ03123_C06_status=complete_gb=BT108528 4684058
.16 GQ03123_C06.1_clone=GQ03123_C06_cluster=GQ03123_C06_status=complete_gb=BT108528 4576480
.69 GQ02830_E20.1_clone=GQ02830_E20_cluster=GQ02830_E20_status=complete_gb=BT105939 4684082
.69 GQ04009_I18.1_clone=GQ04009_I18_cluster=GQ04009_I18_status=complete_gb=BT118721 4582552
.29 GQ04009_I18.1_clone=GQ04009_I18_cluster=GQ04009_I18_status=complete_gb=BT118721 4683711
.84 GQ0193_C22.1_clone=GQ0193_C22_cluster=GQ0193_C22_status=complete_gb=BT102447 4684468
.24 GQ0046_C02.1_clone=GQ0046_C02_cluster=GQ0046_C02_status=complete_gb=BT100811 166518
.24 GQ0046_C02.1_clone=GQ0046_C02_cluster=GQ0046_C02_status=complete_gb=BT100811 1391039
.70 GQ03503_L03.1_clone=GQ03503_L03_cluster=GQ03503_L03_status=complete_gb=BT113889 4684443
.33 GQ03219_B03.1_clone=GQ03219_B03_cluster=GQ03219_B03_status=complete_gb=BT110276 4684485
.32 GQ03219_B03.1_clone=GQ03219_B03_cluster=GQ03219_B03_status=complete_gb=BT110276 887360
.20 GQ03805_H10.1_clone=GQ03805_H10_cluster=GQ03805_H10_status=complete_gb=BT116722 822763
.13 GQ03805_H10.1_clone=GQ03805_H10_cluster=GQ03805_H10_status=complete_gb=BT116722 4683804
.12 GQ03805_H10.1_clone=GQ03805_H10_cluster=GQ03805_H10_status=complete_gb=BT116722 1021104
.12 GQ03805_H10.1_clone=GQ03805_H10_cluster=GQ03805_H10_status=complete_gb=BT116722 1442856
.11 GQ03805_H10.1_clone=GQ03805_H10_cluster=GQ03805_H10_status=complete_gb=BT116722 4575759
.42 GQ02818_E10.1_clone=GQ02818_E10_cluster=GQ02818_E10_status=complete_gb=BT105073 4684508
.25 GQ02818_E10.1_clone=GQ02818_E10_cluster=GQ02818_E10_status=complete_gb=BT105073 520070
.82 GQ03320_O07.1_clone=GQ03320_O07_cluster=GQ03320_O07_status=complete_gb=BT112780 4684508
.52 GQ04102_M13.1_clone=GQ04102_M13_cluster=GQ04102_M13_status=complete_gb=BT119219 4684473
.21 GQ04102_M13.1_clone=GQ04102_M13_cluster=GQ04102_M13_status=complete_gb=BT119219 4613840
.20 GQ04102_M13.1_clone=GQ04102_M13_cluster=GQ04102_M13_status=complete_gb=BT119219 2028079
.27 GQ04102_M13.1_clone=GQ04102_M13_cluster=GQ04102_M13_status=complete_gb=BT119219 4684473
.41 GQ03105_M07.1_clone=GQ03105_M07_cluster=GQ03105_M07_status=complete_gb=BT107323 4577672
.41 GQ03105_M07.1_clone=GQ03105_M07_cluster=GQ03105_M07_status=complete_gb=BT107323 4684181
.74 GQ00411_F15.1_clone=GQ00411_F15_cluster=GQ00411_F15_status=complete_gb=BT100693 4684209
.63 GQ01308_J08.3_clone=GQ01308_J08_cluster=GQ01308_J08_status=complete_gb=BT101594 4684555
.22 GQ01308_J08.3_clone=GQ01308_J08_cluster=GQ01308_J08_status=complete_gb=BT101594 4684555
.14 GQ01308_J08.3_clone=GQ01308_J08_cluster=GQ01308_J08_status=complete_gb=BT101594 2228732
.62 GQ03701_L17.1_clone=GQ03701_L17_cluster=GQ03701_L17_status=complete_gb=BT115567 4684466
.11 GQ03701_L17.1_clone=GQ03701_L17_cluster=GQ03701_L17_status=complete_gb=BT115567 1320250
.11 GQ03701_L17.1_clone=GQ03701_L17_cluster=GQ03701_L17_status=complete_gb=BT115567 4585275
.07 GQ03701_L17.1_clone=GQ03701_L17_cluster=GQ03701_L17_status=complete_gb=BT115567 4582462
.06 GQ03714_K03.1_clone=GQ03714_K03_cluster=GQ03714_K03_status=complete_gb=BT116250 4620645
.59 GQ03714_K03.1_clone=GQ03714_K03_cluster=GQ03714_K03_status=complete_gb=BT116250 4683611
.41 GQ03322_O03.1_clone=GQ03322_O03_cluster=GQ03322_O03_status=complete_gb=BT112931 4580979
.55 GQ03322_O03.1_clone=GQ03322_O03_cluster=GQ03322_O03_status=complete_gb=BT112931 501186
.40 GQ0172_B11.1_clone=GQ0172_B11_cluster=GQ0172_B11_status=complete_gb=BT102239 4683985
.24 GQ0172_B11.1_clone=GQ0172_B11_cluster=GQ0172_B11_status=complete_gb=BT102239 4575487
.84 GQ04007_M17.1_clone=GQ04007_M17_cluster=GQ04007_M17_status=complete_gb=BT118571 4684454
.63 GQ03105_E07.1_clone=GQ03105_E07_cluster=GQ03105_E07_status=complete_gb=BT107279 4592957
.19 GQ03105_E07.1_clone=GQ03105_E07_cluster=GQ03105_E07_status=complete_gb=BT107279 3412881
.58 GQ03314_D02.1_clone=GQ03314_D02_cluster=GQ03314_D02_status=complete_gb=BT112385 4684440
.34 GQ02819_J04.1_clone=GQ02819_J04_cluster=GQ02819_J04_status=complete_gb=BT105197 4579256
.26 GQ02819_J04.1_clone=GQ02819_J04_cluster=GQ02819_J04_status=complete_gb=BT105197 329908
.26 GQ02819_J04.1_clone=GQ02819_J04_cluster=GQ02819_J04_status=complete_gb=BT105197 4580301
.15 GQ02819_J04.1_clone=GQ02819_J04_cluster=GQ02819_J04_status=complete_gb=BT105197 779991
.99 GQ03112_A15.1_clone=GQ03112_A15_cluster=GQ03112_A15_status=complete_gb=BT107729 4684534
.21 GQ03403_L11.4_clone=GQ03403_L11_cluster=GQ03403_L11_status=complete_gb=BT113282 4596418
.24 GQ03403_L11.4_clone=GQ03403_L11_cluster=GQ03403_L11_status=complete_gb=BT113282 1025386
.44 GQ04004_O12.1_clone=GQ04004_O12_cluster=GQ04004_O12_status=complete_gb=BT118307 4578196
.17 GQ04004_O12.1_clone=GQ04004_O12_cluster=GQ04004_O12_status=complete_gb=BT118307 4599893
.12 GQ04004_O12.1_clone=GQ04004_O12_cluster=GQ04004_O12_status=complete_gb=BT118307 824883
.12 GQ04004_O12.1_clone=GQ04004_O12_cluster=GQ04004_O12_status=complete_gb=BT118307 824884
.99 WS00742_D20.1_clone=WS00742_D20_cluster=WS00742_D20_status=3 4684364
.29 GQ02802_F22.1_clone=GQ02802_F22_cluster=GQ02802_F22_status=complete_gb=BT103802 744270
.69 GQ02802_F22.1_clone=GQ02802_F22_cluster=GQ02802_F22_status=complete_gb=BT103802 4578386
.33 GQ04108_P10.1_clone=GQ04108_P10_cluster=GQ04108_P10_status=complete_gb=BT119701 744270
.30 GQ04108_P10.1_clone=GQ04108_P10_cluster=GQ04108_P10_status=complete_gb=BT119701 1111262
.25 GQ04108_P10.1_clone=GQ04108_P10_cluster=GQ04108_P10_status=complete_gb=BT119701 557086
.26 GQ03212_J08.1_clone=GQ03212_J08_cluster=GQ03212_J08_status=complete_gb=BT109802 4684409
.73 GQ03212_J08.1_clone=GQ03212_J08_cluster=GQ03212_J08_status=complete_gb=BT109802 4684409
.75 GQ03201_P04.1_clone=GQ03201_P04_cluster=GQ03201_P04_status=complete_gb=BT108867 4684050
.33 GQ03201_P04.1_clone=GQ03201_P04_cluster=GQ03201_P04_status=complete_gb=BT108867 1026225
.16 GQ03201_P04.1_clone=GQ03201_P04_cluster=GQ03201_P04_status=complete_gb=BT108867 2128806
.15 GQ03201_P04.1_clone=GQ03201_P04_cluster=GQ03201_P04_status=complete_gb=BT108867 588437
.13 GQ03201_P04.1_clone=GQ03201_P04_cluster=GQ03201_P04_status=complete_gb=BT108867 588438
.82 GQ03719_B22.1_clone=GQ03719_B22_cluster=GQ03719_B22_status=complete_gb=BT116463 4684506
.10 GQ02823_I06.1_clone=GQ02823_I06_cluster=GQ02823_I06_status=complete_gb=BT105507 1713009
.77 GQ02823_I06.1_clone=GQ02823_I06_cluster=GQ02823_I06_status=complete_gb=BT105507 4684026
.84 WS03228_L05.1_clone=WS03228_L05_cluster=WS03228_L05_status=complete 4684206
.11 GQ03212_O06.1_clone=GQ03212_O06_cluster=GQ03212_O06_status=complete_gb=BT109838 3231280
.76 GQ03212_O06.1_clone=GQ03212_O06_cluster=GQ03212_O06_status=complete_gb=BT109838 4684172
.39 GQ02807_G13.1_clone=GQ02807_G13_cluster=GQ02807_G13_status=complete_gb=BT104192 609259
.34 GQ02807_G13.1_clone=GQ02807_G13_cluster=GQ02807_G13_status=complete_gb=BT104192 1012656
.22 GQ02807_G13.1_clone=GQ02807_G13_cluster=GQ02807_G13_status=complete_gb=BT104192 958940
.22 GQ02807_G13.1_clone=GQ02807_G13_cluster=GQ02807_G13_status=complete_gb=BT104192 4615032
.19 GQ02807_G13.1_clone=GQ02807_G13_cluster=GQ02807_G13_status=complete_gb=BT104192 2178639
.18 GQ03211_L23.1_clone=GQ03211_L23_cluster=GQ03211_L23_status=complete_gb=BT109718 1406189
.28 GQ03211_L23.1_clone=GQ03211_L23_cluster=GQ03211_L23_status=complete_gb=BT109718 4595887
.99 GQ03325_H16.1_clone=GQ03325_H16_cluster=GQ03325_H16_status=complete_gb=BT113086 4684460
.67 GQ03009_P15.1_clone=GQ03009_P15_cluster=GQ03009_P15_status=complete_gb=BT106765 4684316
.12 GQ03009_P15.1_clone=GQ03009_P15_cluster=GQ03009_P15_status=complete_gb=BT106765 3604426
.95 GQ03237_J20.1_clone=GQ03237_J20_cluster=GQ03237_J20_status=complete_gb=BT111427 4684480
.40 GQ02817_J21.1_clone=GQ02817_J21_cluster=GQ02817_J21_status=complete_gb=BT105009 4591823
.58 GQ02817_J21.1_clone=GQ02817_J21_cluster=GQ02817_J21_status=complete_gb=BT105009 4574780
.99 GQ03121_C01.1_clone=GQ03121_C01_cluster=GQ03121_C01_status=complete_gb=BT108383 4684369
.97 GQ0164_C09.1_clone=GQ0164_C09_cluster=GQ0164_C09_status=complete_gb=BT102035 4683867
.57 GQ03105_K22.3_clone=GQ03105_K22_cluster=GQ03105_K22_status=53 4683847
.37 GQ03105_K22.3_clone=GQ03105_K22_cluster=GQ03105_K22_status=53 4683847
.58 GQ03237_G17.1_clone=GQ03237_G17_cluster=GQ03237_G17_status=complete_gb=BT111414 4684512
.20 WS02624_E13.1_clone=WS02624_E13_cluster=WS02624_E13_status=complete 4652393
.69 WS02624_E13.1_clone=WS02624_E13_cluster=WS02624_E13_status=complete 4684023
.41 GQ03911_A21.1_clone=GQ03911_A21_cluster=GQ03911_A21_status=complete_gb=BT117751 4589676
.17 GQ0181_B04.1_clone=GQ0181_B04_cluster=GQ0181_B04_status=complete_gb=BT102344 4578125
.80 GQ0181_B04.1_clone=GQ0181_B04_cluster=GQ0181_B04_status=complete_gb=BT102344 4683736
.41 GQ0163_O15.2_clone=GQ0163_O15_cluster=GQ0163_O15_status=3 4684034
.29 GQ0163_O15.2_clone=GQ0163_O15_cluster=GQ0163_O15_status=3 4612037
.22 GQ0163_O15.2_clone=GQ0163_O15_cluster=GQ0163_O15_status=3 1717165
.87 GQ04010_H14.2_clone=GQ04010_H14_cluster=GQ04010_H14_status=complete_gb=BT118808 4684484
.11 GQ04010_H14.2_clone=GQ04010_H14_cluster=GQ04010_H14_status=complete_gb=BT118808 1419995
.49 WS00721_B01.1_clone=WS00721_B01_cluster=WS00721_B01_status=3 487411
.40 WS00721_B01.1_clone=WS00721_B01_cluster=WS00721_B01_status=3 1626054
.24 GQ03326_F11.1_clone=GQ03326_F11_cluster=GQ03326_F11_status=complete_gb=BT113149 4580514
.23 GQ03326_F11.1_clone=GQ03326_F11_cluster=GQ03326_F11_status=complete_gb=BT113149 4595625
.38 GQ03607_K13.1_clone=GQ03607_K13_cluster=GQ03607_K13_status=complete_gb=BT115033 597936
.29 GQ03607_K13.1_clone=GQ03607_K13_cluster=GQ03607_K13_status=complete_gb=BT115033 4581473
.13 GQ03232_G11.1_clone=GQ03232_G11_cluster=GQ03232_G11_status=complete_gb=BT111081 1096633
.67 GQ03232_G11.1_clone=GQ03232_G11_cluster=GQ03232_G11_status=complete_gb=BT111081 4684520
.12 GQ0171_F05.1_clone=GQ0171_F05_cluster=GQ0171_F05_status=complete_gb=BT102230 4611401
.71 GQ0171_F05.1_clone=GQ0171_F05_cluster=GQ0171_F05_status=complete_gb=BT102230 4684510
.42 GQ02809_A23.1_clone=GQ02809_A23_cluster=GQ02809_A23_status=complete_gb=BT104330 4683636
.15 GQ03416_H05.1_clone=GQ03416_H05_cluster=GQ03416_H05_status=complete_gb=BT113658 4580312
.84 GQ03416_H05.1_clone=GQ03416_H05_cluster=GQ03416_H05_status=complete_gb=BT113658 4684514
.93 GQ04113_P07.2_clone=GQ04113_P07_cluster=GQ04113_P07_status=complete_gb=BT120001 4684540
.35 GQ02805_I20.4_clone=GQ02805_I20_cluster=GQ02805_I20_status=53 849771
.31 GQ02805_I20.4_clone=GQ02805_I20_cluster=GQ02805_I20_status=53 4684182
.28 GQ03118_M15.1_clone=GQ03118_M15_cluster=GQ03118_M15_status=complete_gb=BT108241 1397341
.55 GQ03118_M15.1_clone=GQ03118_M15_cluster=GQ03118_M15_status=complete_gb=BT108241 4684184
.67 GQ03228_P05.1_clone=GQ03228_P05_cluster=GQ03228_P05_status=complete_gb=BT110858 4684101
.15 GQ03228_P05.1_clone=GQ03228_P05_cluster=GQ03228_P05_status=complete_gb=BT110858 1370524
.80 GQ03221_B09.2_clone=GQ03221_B09_cluster=GQ03221_B09_status=complete_gb=BT110390 4684033
.18 GQ03221_B09.2_clone=GQ03221_B09_cluster=GQ03221_B09_status=complete_gb=BT110390 4581178
.51 GQ03908_L12.1_clone=GQ03908_L12_cluster=GQ03908_L12_status=complete_gb=BT117722 4684452
.07 GQ03908_L12.1_clone=GQ03908_L12_cluster=GQ03908_L12_status=complete_gb=BT117722 4047240
.30 WS00817_M23.1_clone=WS00817_M23_cluster=WS00817_M23_status=3 4683728
.59 WS00817_M23.1_clone=WS00817_M23_cluster=WS00817_M23_status=3 743459
.49 GQ04002_P09.1_clone=GQ04002_P09_cluster=GQ04002_P09_status=complete_gb=BT118148 4629413
.29 GQ04002_P09.1_clone=GQ04002_P09_cluster=GQ04002_P09_status=complete_gb=BT118148 4576209
.64 GQ02016_E07.1_clone=GQ02016_E07_cluster=GQ02016_E07_status=complete_gb=BT102796 4684501
.26 GQ02815_L17.1_clone=GQ02815_L17_cluster=GQ02815_L17_status=complete_gb=BT104837 2043957
.26 GQ02815_L17.1_clone=GQ02815_L17_cluster=GQ02815_L17_status=complete_gb=BT104837 4581555
.27 GQ02815_L17.1_clone=GQ02815_L17_cluster=GQ02815_L17_status=complete_gb=BT104837 2503676
.27 GQ02815_L17.1_clone=GQ02815_L17_cluster=GQ02815_L17_status=complete_gb=BT104837 4597450
.25 GQ02815_L17.1_clone=GQ02815_L17_cluster=GQ02815_L17_status=complete_gb=BT104837 1355643
.89 GQ03319_O12.1_clone=GQ03319_O12_cluster=GQ03319_O12_status=complete_gb=BT112711 4684581
.71 GQ02902_P21.2_clone=GQ02902_P21_cluster=GQ02902_P21_status=complete_gb=BT106101 4684580
.15 GQ02902_P21.2_clone=GQ02902_P21_cluster=GQ02902_P21_status=complete_gb=BT106101 4574462
.22 GQ03301_K03.1_clone=GQ03301_K03_cluster=GQ03301_K03_status=complete_gb=BT111641 784668
.33 GQ03301_K03.1_clone=GQ03301_K03_cluster=GQ03301_K03_status=complete_gb=BT111641 4583406
.20 GQ02829_F03.1_clone=GQ02829_F03_cluster=GQ02829_F03_status=complete_gb=BT105846 1069123
.79 GQ02829_F03.1_clone=GQ02829_F03_cluster=GQ02829_F03_status=complete_gb=BT105846 4684499
.43 GQ03803_F19.3_clone=GQ03803_F19_cluster=GQ03803_F19_status=53 4684137
.98 WS03223_G19.1_clone=WS03223_G19_cluster=WS03223_G19_status=complete 4684442
.97 GQ03806_D01.1_clone=GQ03806_D01_cluster=GQ03806_D01_status=complete_gb=BT116759 4684444
.66 GQ04101_G02.1_clone=GQ04101_G02_cluster=GQ04101_G02_status=complete_gb=BT119094 4684577
.09 GQ04101_G02.1_clone=GQ04101_G02_cluster=GQ04101_G02_status=complete_gb=BT119094 2064584
.55 GQ02830_F14.1_clone=GQ02830_F14_cluster=GQ02830_F14_status=complete_gb=BT105943 4684371
.14 GQ02830_F14.1_clone=GQ02830_F14_cluster=GQ02830_F14_status=complete_gb=BT105943 4662142
.72 GQ02810_L17.1_clone=GQ02810_L17_cluster=GQ02810_L17_status=complete_gb=BT104471 4683670
.80 GQ02828_B19.1_clone=GQ02828_B19_cluster=GQ02828_B19_status=complete_gb=BT105765 4684321
.08 GQ02828_B19.1_clone=GQ02828_B19_cluster=GQ02828_B19_status=complete_gb=BT105765 2607128
.83 GQ0041_D14.1_clone=GQ0041_D14_cluster=GQ0041_D14_status=53 4684523
.63 GQ02905_A02.2_clone=GQ02905_A02_cluster=GQ02905_A02_status=53 4684070
.24 GQ02905_A02.2_clone=GQ02905_A02_cluster=GQ02905_A02_status=53 4576936
.34 GQ00611_I22.1_clone=GQ00611_I22_cluster=GQ00611_I22_status=complete_gb=BT100938 4683893
.46 GQ03811_O14.1_clone=GQ03811_O14_cluster=GQ03811_O14_status=complete_gb=BT117055 631439
.46 GQ03811_O14.1_clone=GQ03811_O14_cluster=GQ03811_O14_status=complete_gb=BT117055 4580177
.33 GQ03811_O14.1_clone=GQ03811_O14_cluster=GQ03811_O14_status=complete_gb=BT117055 4583038
.52 GQ04013_O04.1_clone=GQ04013_O04_cluster=GQ04013_O04_status=complete_gb=BT119054 4577339
.37 GQ04013_O04.1_clone=GQ04013_O04_cluster=GQ04013_O04_status=complete_gb=BT119054 1785295
.54 GQ04006_L05.1_clone=GQ04006_L05_cluster=GQ04006_L05_status=complete_gb=BT118467 4575850
.89 GQ03115_H04.1_clone=GQ03115_H04_cluster=GQ03115_H04_status=complete_gb=BT107990 4684524
.49 WS02620_C21.1_clone=WS02620_C21_cluster=WS02620_C21_status=complete 4584058
.20 WS02620_C21.1_clone=WS02620_C21_cluster=WS02620_C21_status=complete 4592235
.30 GQ0133_I15.1_clone=GQ0133_I15_cluster=GQ0133_I15_status=5 4580587
.68 GQ0133_I15.1_clone=GQ0133_I15_cluster=GQ0133_I15_status=5 4684299
.31 GQ04101_A10.1_clone=GQ04101_A10_cluster=GQ04101_A10_status=complete_gb=BT119071 4684450
.39 GQ04101_A10.1_clone=GQ04101_A10_cluster=GQ04101_A10_status=complete_gb=BT119071 4684450
.84 GQ02819_D21.1_clone=GQ02819_D21_cluster=GQ02819_D21_status=complete_gb=BT105156 4684552
.88 GQ03205_F02.1_clone=GQ03205_F02_cluster=GQ03205_F02_status=complete_gb=BT109158 4684445
.65 GQ02815_A04.1_clone=GQ02815_A04_cluster=GQ02815_A04_status=complete_gb=BT104785 4684509
.18 GQ02815_A04.1_clone=GQ02815_A04_cluster=GQ02815_A04_status=complete_gb=BT104785 683221
.43 GQ03107_C24.1_clone=GQ03107_C24_cluster=GQ03107_C24_status=complete_gb=BT107407 4638720
.84 GQ03617_M08.1_clone=GQ03617_M08_cluster=GQ03617_M08_status=complete_gb=BT115485 4684493
.63 GQ03416_J07.1_clone=GQ03416_J07_cluster=GQ03416_J07_status=complete_gb=BT113663 4602411
.61 GQ04005_O24.1_clone=GQ04005_O24_cluster=GQ04005_O24_status=complete_gb=BT118397 4684417
.28 GQ04005_O24.1_clone=GQ04005_O24_cluster=GQ04005_O24_status=complete_gb=BT118397 4684417
.58 GQ03304_D11.1_clone=GQ03304_D11_cluster=GQ03304_D11_status=complete_gb=BT111836 4583002
.40 GQ03304_D11.1_clone=GQ03304_D11_cluster=GQ03304_D11_status=complete_gb=BT111836 4684083
.45 GQ03218_E16.1_clone=GQ03218_E16_cluster=GQ03218_E16_status=complete_gb=BT110215 4591360
.39 GQ03218_E16.1_clone=GQ03218_E16_cluster=GQ03218_E16_status=complete_gb=BT110215 922832
.39 GQ03218_E16.1_clone=GQ03218_E16_cluster=GQ03218_E16_status=complete_gb=BT110215 154970
.25 GQ03218_E16.1_clone=GQ03218_E16_cluster=GQ03218_E16_status=complete_gb=BT110215 1399051
.25 GQ03218_E16.1_clone=GQ03218_E16_cluster=GQ03218_E16_status=complete_gb=BT110215 1339627
.51 GQ04013_I03.1_clone=GQ04013_I03_cluster=GQ04013_I03_status=complete_gb=BT119021 4684067
.53 GQ03612_P08.1_clone=GQ03612_P08_cluster=GQ03612_P08_status=complete_gb=BT115267 4683973
.45 GQ02822_M01.1_clone=GQ02822_M01_cluster=GQ02822_M01_status=complete_gb=BT105456 4684059
.24 GQ02822_M01.1_clone=GQ02822_M01_cluster=GQ02822_M01_status=complete_gb=BT105456 4579000
.48 GQ04106_J08.1_clone=GQ04106_J08_cluster=GQ04106_J08_status=complete_gb=BT119513 4684497
.10 GQ04106_J08.1_clone=GQ04106_J08_cluster=GQ04106_J08_status=complete_gb=BT119513 4684497
.55 GQ03112_O07.4_clone=GQ03112_O07_cluster=GQ03112_O07_status=complete_gb=BT107803 453631
.30 GQ03112_O07.4_clone=GQ03112_O07_cluster=GQ03112_O07_status=complete_gb=BT107803 4581276
.30 GQ03112_O07.4_clone=GQ03112_O07_cluster=GQ03112_O07_status=complete_gb=BT107803 789831
.13 GQ03112_O07.4_clone=GQ03112_O07_cluster=GQ03112_O07_status=complete_gb=BT107803 4583283
.76 GQ04006_B24.1_clone=GQ04006_B24_cluster=GQ04006_B24_status=complete_gb=BT118413 4684433
.66 GQ0049_G14.1_clone=GQ0049_G14_cluster=GQ0049_G14_status=complete_gb=BT100893 4582680
.99 GQ02814_E18.2_clone=GQ02814_E18_cluster=GQ02814_E18_status=complete_gb=BT104742 4684533
.58 WS03213_L02.1_clone=WS03213_L02_cluster=WS03213_L02_status=complete 4614031
.25 WS03213_L02.1_clone=WS03213_L02_cluster=WS03213_L02_status=complete 4595465
.23 GQ03214_K22.1_clone=GQ03214_K22_cluster=GQ03214_K22_status=complete_gb=BT109990 4683743
.69 GQ03115_N13.1_clone=GQ03115_N13_cluster=GQ03115_N13_status=complete_gb=BT108011 4683748
.59 GQ0045_A14.1_clone=GQ0045_A14_cluster=GQ0045_A14_status=5 4684018
.17 WS00728_M12.1_clone=WS00728_M12_cluster=WS00728_M12_status=3 738248
.82 WS00728_M12.1_clone=WS00728_M12_cluster=WS00728_M12_status=3 4684028
.13 GQ03201_H08.3_clone=GQ03201_H08_cluster=GQ03201_H08_status=53 1142934
.08 GQ03201_H08.3_clone=GQ03201_H08_cluster=GQ03201_H08_status=53 1183915
.09 GQ03201_H08.3_clone=GQ03201_H08_cluster=GQ03201_H08_status=53 4588600
.04 GQ03201_H08.3_clone=GQ03201_H08_cluster=GQ03201_H08_status=53 1844740
.02 GQ03201_H08.3_clone=GQ03201_H08_cluster=GQ03201_H08_status=53 544206
.54 GQ03120_C09.1_clone=GQ03120_C09_cluster=GQ03120_C09_status=complete_gb=BT108324 4684447
.23 GQ03120_C09.1_clone=GQ03120_C09_cluster=GQ03120_C09_status=complete_gb=BT108324 1167115
.23 GQ03120_C09.1_clone=GQ03120_C09_cluster=GQ03120_C09_status=complete_gb=BT108324 4598640
.87 GQ03125_C12.1_clone=GQ03125_C12_cluster=GQ03125_C12_status=complete_gb=BT108668 4684543
.84 GQ03310_P15.2_clone=GQ03310_P15_cluster=GQ03310_P15_status=complete_gb=BT112159 4684526
.78 GQ03209_G01.1_clone=GQ03209_G01_cluster=GQ03209_G01_status=complete_gb=BT109512 4684354
.36 GQ03227_F07.1_clone=GQ03227_F07_cluster=GQ03227_F07_status=complete_gb=BT110747 4684475
.46 GQ03227_F07.1_clone=GQ03227_F07_cluster=GQ03227_F07_status=complete_gb=BT110747 4684475
.59 GQ03402_A23.4_clone=GQ03402_A23_cluster=GQ03402_A23_status=complete_gb=BT113230 4683674
.15 GQ03402_A23.4_clone=GQ03402_A23_cluster=GQ03402_A23_status=complete_gb=BT113230 4580377
.48 GQ03418_M09.1_clone=GQ03418_M09_cluster=GQ03418_M09_status=complete_gb=BT113736 4684583
.18 GQ03418_M09.1_clone=GQ03418_M09_cluster=GQ03418_M09_status=complete_gb=BT113736 4577223
.28 GQ03418_M09.1_clone=GQ03418_M09_cluster=GQ03418_M09_status=complete_gb=BT113736 4684583
.52 GQ03232_D15.1_clone=GQ03232_D15_cluster=GQ03232_D15_status=complete_gb=BT111062 4683669
.22 GQ03232_D15.1_clone=GQ03232_D15_cluster=GQ03232_D15_status=complete_gb=BT111062 4580870
.17 GQ03232_D15.1_clone=GQ03232_D15_cluster=GQ03232_D15_status=complete_gb=BT111062 1394059
.65 GQ03505_N14.1_clone=GQ03505_N14_cluster=GQ03505_N14_status=complete_gb=BT113986 4684502
.13 GQ03505_N14.1_clone=GQ03505_N14_cluster=GQ03505_N14_status=complete_gb=BT113986 1551381
.13 GQ03505_N14.1_clone=GQ03505_N14_cluster=GQ03505_N14_status=complete_gb=BT113986 4582209
.53 GQ03517_B16.1_clone=GQ03517_B16_cluster=GQ03517_B16_status=complete_gb=BT114564 4581482
.45 GQ03517_B16.1_clone=GQ03517_B16_cluster=GQ03517_B16_status=complete_gb=BT114564 4577040
.48 GQ03812_H14.1_clone=GQ03812_H14_cluster=GQ03812_H14_status=complete_gb=BT117086 4683667
.38 GQ03812_H14.1_clone=GQ03812_H14_cluster=GQ03812_H14_status=complete_gb=BT117086 817581
.42 GQ03812_H14.1_clone=GQ03812_H14_cluster=GQ03812_H14_status=complete_gb=BT117086 4684229
.57 GQ03510_G01.1_clone=GQ03510_G01_cluster=GQ03510_G01_status=complete_gb=BT114216 4684576
.27 GQ03510_G01.1_clone=GQ03510_G01_cluster=GQ03510_G01_status=complete_gb=BT114216 745070
.12 GQ03510_G01.1_clone=GQ03510_G01_cluster=GQ03510_G01_status=complete_gb=BT114216 1268283
.58 GQ03304_G12.1_clone=GQ03304_G12_cluster=GQ03304_G12_status=complete_gb=BT111853 4684346
.18 GQ03304_G12.1_clone=GQ03304_G12_cluster=GQ03304_G12_status=complete_gb=BT111853 1053564
.29 GQ03125_A20.1_clone=GQ03125_A20_cluster=GQ03125_A20_status=complete_gb=BT108658 4591283
.16 GQ03125_A20.1_clone=GQ03125_A20_cluster=GQ03125_A20_status=complete_gb=BT108658 649781
.17 GQ03125_A20.1_clone=GQ03125_A20_cluster=GQ03125_A20_status=complete_gb=BT108658 4583158
.16 GQ03125_A20.1_clone=GQ03125_A20_cluster=GQ03125_A20_status=complete_gb=BT108658 4598381
.30 GQ0131_H20.1_clone=GQ0131_H20_cluster=GQ0131_H20_status=complete_gb=BT101835 717042
.69 GQ0131_H20.1_clone=GQ0131_H20_cluster=GQ0131_H20_status=complete_gb=BT101835 4684405
.25 GQ03229_M18.1_clone=GQ03229_M18_cluster=GQ03229_M18_status=complete_gb=BT110917 4684236
.22 GQ03229_M18.1_clone=GQ03229_M18_cluster=GQ03229_M18_status=complete_gb=BT110917 4581614
.18 GQ03229_M18.1_clone=GQ03229_M18_cluster=GQ03229_M18_status=complete_gb=BT110917 4601740
.99 GQ03903_D23.1_clone=GQ03903_D23_cluster=GQ03903_D23_status=complete_gb=BT117557 4684470
.37 GQ02821_P16.1_clone=GQ02821_P16_cluster=GQ02821_P16_status=complete_gb=BT105401 4684586
.22 GQ02821_P16.1_clone=GQ02821_P16_cluster=GQ02821_P16_status=complete_gb=BT105401 1916464
.16 GQ02821_P16.1_clone=GQ02821_P16_cluster=GQ02821_P16_status=complete_gb=BT105401 602060
.15 GQ02821_P16.1_clone=GQ02821_P16_cluster=GQ02821_P16_status=complete_gb=BT105401 824058
.25 GQ02821_P16.1_clone=GQ02821_P16_cluster=GQ02821_P16_status=complete_gb=BT105401 4684586
.27 GQ0203_J18.1_clone=GQ0203_J18_cluster=GQ0203_J18_status=53 745209
.20 GQ0203_J18.1_clone=GQ0203_J18_cluster=GQ0203_J18_status=53 4576474
.19 GQ0203_J18.1_clone=GQ0203_J18_cluster=GQ0203_J18_status=53 952966
.20 GQ0203_J18.1_clone=GQ0203_J18_cluster=GQ0203_J18_status=53 4581329
.14 GQ0203_J18.1_clone=GQ0203_J18_cluster=GQ0203_J18_status=53 4607397
.82 GQ02810_O16.2_clone=GQ02810_O16_cluster=GQ02810_O16_status=complete_gb=BT104483 4579887
.12 GQ02810_O16.2_clone=GQ02810_O16_cluster=GQ02810_O16_status=complete_gb=BT104483 3695131
.70 GQ03717_C14.1_clone=GQ03717_C14_cluster=GQ03717_C14_status=complete_gb=BT116357 4684532
.07 GQ03717_C14.1_clone=GQ03717_C14_cluster=GQ03717_C14_status=complete_gb=BT116357 309905
.06 GQ03717_C14.1_clone=GQ03717_C14_cluster=GQ03717_C14_status=complete_gb=BT116357 4598125
.99 GQ03612_N01.1_clone=GQ03612_N01_cluster=GQ03612_N01_status=complete_gb=BT115261 4684495
.19 GQ02806_D18.1_clone=GQ02806_D18_cluster=GQ02806_D18_status=complete_gb=BT104084 4575556
.90 GQ02820_F20.4_clone=GQ02820_F20_cluster=GQ02820_F20_status=complete_gb=BT105265 4684451
.98 GQ03201_O14.1_clone=GQ03201_O14_cluster=GQ03201_O14_status=complete_gb=BT108862 4684578
.49 GQ03617_A14.1_clone=GQ03617_A14_cluster=GQ03617_A14_status=complete_gb=BT115457 4615998
.28 GQ03617_A14.1_clone=GQ03617_A14_cluster=GQ03617_A14_status=complete_gb=BT115457 4655253
.77 GQ03805_N21.1_clone=GQ03805_N21_cluster=GQ03805_N21_status=complete_gb=BT116741 4575603
.39 GQ03126_H13.1_clone=GQ03126_H13_cluster=GQ03126_H13_status=complete_gb=BT108745 1459658
.34 GQ03126_H13.1_clone=GQ03126_H13_cluster=GQ03126_H13_status=complete_gb=BT108745 4595177
.31 GQ04007_B08.1_clone=GQ04007_B08_cluster=GQ04007_B08_status=complete_gb=BT118506 4684490
.17 GQ04007_B08.1_clone=GQ04007_B08_cluster=GQ04007_B08_status=complete_gb=BT118506 4586199
.17 GQ04007_B08.1_clone=GQ04007_B08_cluster=GQ04007_B08_status=complete_gb=BT118506 963350
.35 GQ03204_G03.1_clone=GQ03204_G03_cluster=GQ03204_G03_status=complete_gb=BT109079 4576535
.81 GQ03205_O12.1_clone=GQ03205_O12_cluster=GQ03205_O12_status=complete_gb=BT109210 4684548
.17 GQ03205_O12.1_clone=GQ03205_O12_cluster=GQ03205_O12_status=complete_gb=BT109210 835943
.65 GQ03301_J04.1_clone=GQ03301_J04_cluster=GQ03301_J04_status=complete_gb=BT111635 4684081
.34 GQ03301_J04.1_clone=GQ03301_J04_cluster=GQ03301_J04_status=complete_gb=BT111635 204847
.91 GQ04102_L24.1_clone=GQ04102_L24_cluster=GQ04102_L24_status=complete_gb=BT119212 4684515
.11 GQ03213_P18.3_clone=GQ03213_P18_cluster=GQ03213_P18_status=complete_gb=BT109937 4590402
.82 GQ03213_P18.3_clone=GQ03213_P18_cluster=GQ03213_P18_status=complete_gb=BT109937 4684458
.74 GQ02904_H04.1_clone=GQ02904_H04_cluster=GQ02904_H04_status=complete_gb=BT106177 4684168
.73 GQ02904_H04.1_clone=GQ02904_H04_cluster=GQ02904_H04_status=complete_gb=BT106177 4684169
.58 GQ02904_H04.1_clone=GQ02904_H04_cluster=GQ02904_H04_status=complete_gb=BT106177 4684167
.14 GQ02904_H04.1_clone=GQ02904_H04_cluster=GQ02904_H04_status=complete_gb=BT106177 4583937
.14 GQ02904_H04.1_clone=GQ02904_H04_cluster=GQ02904_H04_status=complete_gb=BT106177 4589790
.28 GQ03122_N09.1_clone=GQ03122_N09_cluster=GQ03122_N09_status=complete_gb=BT108505 4575859
.49 GQ03122_N09.1_clone=GQ03122_N09_cluster=GQ03122_N09_status=complete_gb=BT108505 4684277
.31 GQ03901_M12.1_clone=GQ03901_M12_cluster=GQ03901_M12_status=complete_gb=BT117506 4582987
.68 GQ03901_M12.1_clone=GQ03901_M12_cluster=GQ03901_M12_status=complete_gb=BT117506 4684579
.15 GQ04111_G11.1_clone=GQ04111_G11_cluster=GQ04111_G11_status=complete_gb=BT119867 4575966
.16 GQ04111_G11.1_clone=GQ04111_G11_cluster=GQ04111_G11_status=complete_gb=BT119867 1188788
.49 GQ03309_B13.1_clone=GQ03309_B13_cluster=GQ03309_B13_status=complete_gb=BT112035 4588278
.50 GQ03309_B13.1_clone=GQ03309_B13_cluster=GQ03309_B13_status=complete_gb=BT112035 4684264
.56 GQ03807_J09.1_clone=GQ03807_J09_cluster=GQ03807_J09_status=complete_gb=BT116837 4580754
.05 GQ03807_J09.1_clone=GQ03807_J09_cluster=GQ03807_J09_status=complete_gb=BT116837 4638829
.81 GQ03815_C11.1_clone=GQ03815_C11_cluster=GQ03815_C11_status=complete_gb=BT117215 4684436
.15 GQ04111_M05.1_clone=GQ04111_M05_cluster=GQ04111_M05_status=complete_gb=BT119885 4579505
.38 GQ04111_M05.1_clone=GQ04111_M05_cluster=GQ04111_M05_status=complete_gb=BT119885 816653
.51 GQ04102_J14.1_clone=GQ04102_J14_cluster=GQ04102_J14_status=complete_gb=BT119192 4684102
.21 GQ02819_L08.1_clone=GQ02819_L08_cluster=GQ02819_L08_status=complete_gb=BT105210 4583828
.19 GQ02819_L08.1_clone=GQ02819_L08_cluster=GQ02819_L08_status=complete_gb=BT105210 4582065
.21 GQ02819_L08.1_clone=GQ02819_L08_cluster=GQ02819_L08_status=complete_gb=BT105210 4603449
.43 GQ03012_P07.3_clone=GQ03012_P07_cluster=GQ03012_P07_status=53 4684587
.34 GQ03012_P07.3_clone=GQ03012_P07_cluster=GQ03012_P07_status=53 4684587
.62 GQ02812_E08.1_clone=GQ02812_E08_cluster=GQ02812_E08_status=complete_gb=BT104592 4586379
.31 GQ02812_E08.1_clone=GQ02812_E08_cluster=GQ02812_E08_status=complete_gb=BT104592 4599338
.19 GQ03719_J12.1_clone=GQ03719_J12_cluster=GQ03719_J12_status=complete_gb=BT116490 4588720
.79 GQ03719_J12.1_clone=GQ03719_J12_cluster=GQ03719_J12_status=complete_gb=BT116490 4684063
.30 GQ03315_K09.1_clone=GQ03315_K09_cluster=GQ03315_K09_status=complete_gb=BT112463 4683668
.25 GQ03315_K09.1_clone=GQ03315_K09_cluster=GQ03315_K09_status=complete_gb=BT112463 4576739
.21 GQ03315_K09.1_clone=GQ03315_K09_cluster=GQ03315_K09_status=complete_gb=BT112463 4576740
.29 GQ03202_M10.1_clone=GQ03202_M10_cluster=GQ03202_M10_status=complete_gb=BT108934 2173211
.69 GQ03202_M10.1_clone=GQ03202_M10_cluster=GQ03202_M10_status=complete_gb=BT108934 4683795
.06 GQ03810_G04.1_clone=GQ03810_G04_cluster=GQ03810_G04_status=complete_gb=BT116967 713146
.23 GQ03810_G04.1_clone=GQ03810_G04_cluster=GQ03810_G04_status=complete_gb=BT116967 134213
.59 GQ03407_C06.2_clone=GQ03407_C06_cluster=GQ03407_C06_status=complete_gb=BT113403 4577127
.39 GQ03407_C06.2_clone=GQ03407_C06_cluster=GQ03407_C06_status=complete_gb=BT113403 4581665
.89 GQ02902_A09.1_clone=GQ02902_A09_cluster=GQ02902_A09_status=complete_gb=BT106050 4684494
.79 GQ03807_E06.1_clone=GQ03807_E06_cluster=GQ03807_E06_status=complete_gb=BT116815 4684462
.10 GQ0208_H06.1_clone=GQ0208_H06_cluster=GQ0208_H06_status=complete_gb=BT103203 2647020
.64 GQ0208_H06.1_clone=GQ0208_H06_cluster=GQ0208_H06_status=complete_gb=BT103203 4684559
.58 GQ03214_H09.1_clone=GQ03214_H09_cluster=GQ03214_H09_status=complete_gb=BT109972 4577032
.75 GQ03112_A24.1_clone=GQ03112_A24_cluster=GQ03112_A24_status=complete_gb=BT107731 4683938
.79 GQ03102_L15.4_clone=GQ03102_L15_cluster=GQ03102_L15_status=complete_gb=BT107096 4684566
.19 GQ03102_L15.4_clone=GQ03102_L15_cluster=GQ03102_L15_status=complete_gb=BT107096 1127556
.35 GQ02814_N03.1_clone=GQ02814_N03_cluster=GQ02814_N03_status=complete_gb=BT104776 4578515
.87 WS03222_O05.1_clone=WS03222_O05_cluster=WS03222_O05_status=3 4684542
.65 GQ03609_H11.1_clone=GQ03609_H11_cluster=GQ03609_H11_status=complete_gb=BT115110 4683739
.10 GQ03609_H11.1_clone=GQ03609_H11_cluster=GQ03609_H11_status=complete_gb=BT115110 1301096
.36 GQ0202_C14.1_clone=GQ0202_C14_cluster=GQ0202_C14_status=complete_gb=BT102877 4684453
.21 GQ0202_C14.1_clone=GQ0202_C14_cluster=GQ0202_C14_status=complete_gb=BT102877 4684453
.98 WS0265_I04.1_clone=WS0265_I04_cluster=WS0265_I04_status=complete 4683912
.55 GQ01304_E23.2_clone=GQ01304_E23_cluster=GQ01304_E23_status=complete_gb=BT101427 4578695
.41 GQ01304_E23.2_clone=GQ01304_E23_cluster=GQ01304_E23_status=complete_gb=BT101427 4589005
.45 GQ0256_E20.2_clone=GQ0256_E20_cluster=GQ0256_E20_status=complete_gb=BT103528 4592901
.23 GQ0256_E20.2_clone=GQ0256_E20_cluster=GQ0256_E20_status=complete_gb=BT103528 1406429
.21 GQ0256_E20.2_clone=GQ0256_E20_cluster=GQ0256_E20_status=complete_gb=BT103528 600004
.32 WS00837_M06.1_clone=WS00837_M06_cluster=WS00837_M06_status=3 4579040
.43 WS00837_M06.1_clone=WS00837_M06_cluster=WS00837_M06_status=3 4575242
.39 GQ03224_P14.1_clone=GQ03224_P14_cluster=GQ03224_P14_status=complete_gb=BT110652 4577097
.59 GQ03224_P14.1_clone=GQ03224_P14_cluster=GQ03224_P14_status=complete_gb=BT110652 4684477
.91 GQ03228_A14.1_clone=GQ03228_A14_cluster=GQ03228_A14_status=complete_gb=BT110793 4684561
.08 GQ03228_A14.1_clone=GQ03228_A14_cluster=GQ03228_A14_status=complete_gb=BT110793 4630865
.88 GQ03307_L24.1_clone=GQ03307_L24_cluster=GQ03307_L24_status=complete_gb=BT111928 4684539
.52 GQ0062_D20.2_clone=GQ0062_D20_cluster=GQ0062_D20_status=53 4578985
.21 GQ0062_D20.2_clone=GQ0062_D20_cluster=GQ0062_D20_status=53 1520437
.21 GQ0062_D20.2_clone=GQ0062_D20_cluster=GQ0062_D20_status=53 576815
.20 GQ0062_D20.2_clone=GQ0062_D20_cluster=GQ0062_D20_status=53 4588190
.17 GQ03230_G18.1_clone=GQ03230_G18_cluster=GQ03230_G18_status=complete_gb=BT110962 2033928
.42 GQ03230_G18.1_clone=GQ03230_G18_cluster=GQ03230_G18_status=complete_gb=BT110962 601767
.66 WS02619_N01.1_clone=WS02619_N01_cluster=WS02619_N01_status=complete 4579727
.31 WS02619_N01.1_clone=WS02619_N01_cluster=WS02619_N01_status=complete 1226946
.87 GQ03009_M04.3_clone=GQ03009_M04_cluster=GQ03009_M04_status=complete_gb=BT106749 4684531
.76 GQ02902_G15.2_clone=GQ02902_G15_cluster=GQ02902_G15_status=complete_gb=BT106070 4683936
.09 GQ02902_G15.2_clone=GQ02902_G15_cluster=GQ02902_G15_status=complete_gb=BT106070 1350752
.31 GQ02901_M16.1_clone=GQ02901_M16_cluster=GQ02901_M16_status=complete_gb=BT106036 4684529
.23 GQ02901_M16.1_clone=GQ02901_M16_cluster=GQ02901_M16_status=complete_gb=BT106036 4575208
.32 GQ03213_K13.1_clone=GQ03213_K13_cluster=GQ03213_K13_status=complete_gb=BT109912 1050797
.25 GQ03213_K13.1_clone=GQ03213_K13_cluster=GQ03213_K13_status=complete_gb=BT109912 4588326
.10 GQ03213_K13.1_clone=GQ03213_K13_cluster=GQ03213_K13_status=complete_gb=BT109912 1866860
.12 GQ03213_K13.1_clone=GQ03213_K13_cluster=GQ03213_K13_status=complete_gb=BT109912 4582169
.54 GQ01301_G24.1_clone=GQ01301_G24_cluster=GQ01301_G24_status=complete_gb=BT101304 4633927
.23 GQ01301_G24.1_clone=GQ01301_G24_cluster=GQ01301_G24_status=complete_gb=BT101304 4574499
.13 GQ01301_G24.1_clone=GQ01301_G24_cluster=GQ01301_G24_status=complete_gb=BT101304 4588907
.18 GQ02822_F21.1_clone=GQ02822_F21_cluster=GQ02822_F21_status=complete_gb=BT105431 4597854
.62 GQ02822_F21.1_clone=GQ02822_F21_cluster=GQ02822_F21_status=complete_gb=BT105431 4684517
.46 GQ04005_K19.2_clone=GQ04005_K19_cluster=GQ04005_K19_status=5 386277
.20 GQ04005_K19.2_clone=GQ04005_K19_cluster=GQ04005_K19_status=5 4606823
.18 GQ04005_K19.2_clone=GQ04005_K19_cluster=GQ04005_K19_status=5 4576984
.17 GQ04005_K19.2_clone=GQ04005_K19_cluster=GQ04005_K19_status=5 246728
.43 GQ04002_J24.1_clone=GQ04002_J24_cluster=GQ04002_J24_status=complete_gb=BT118119 4575921
.19 GQ04002_J24.1_clone=GQ04002_J24_cluster=GQ04002_J24_status=complete_gb=BT118119 4600226
.17 GQ04002_J24.1_clone=GQ04002_J24_cluster=GQ04002_J24_status=complete_gb=BT118119 4578676
.36 GQ03312_M05.1_clone=GQ03312_M05_cluster=GQ03312_M05_status=complete_gb=BT112263 1131841
.36 GQ03312_M05.1_clone=GQ03312_M05_cluster=GQ03312_M05_status=complete_gb=BT112263 2027954
.29 GQ03312_M05.1_clone=GQ03312_M05_cluster=GQ03312_M05_status=complete_gb=BT112263 962706
.17 GQ03312_M05.1_clone=GQ03312_M05_cluster=GQ03312_M05_status=complete_gb=BT112263 4580900
.17 GQ03312_M05.1_clone=GQ03312_M05_cluster=GQ03312_M05_status=complete_gb=BT112263 1038561
.61 WS0335_I12.1_clone=WS0335_I12_cluster=WS0335_I12_status=3 4584464
.32 WS0335_I12.1_clone=WS0335_I12_cluster=WS0335_I12_status=3 4584067
.27 WS0335_I12.1_clone=WS0335_I12_cluster=WS0335_I12_status=3 2427944
.98 WS00815_M06.1_clone=WS00815_M06_cluster=WS00815_M06_status=3 684531
.62 GQ01302_M02.2_clone=GQ01302_M02_cluster=GQ01302_M02_status=complete_gb=BT101377 288311
.26 GQ01302_M02.2_clone=GQ01302_M02_cluster=GQ01302_M02_status=complete_gb=BT101377 1844881
.22 GQ01302_M02.2_clone=GQ01302_M02_cluster=GQ01302_M02_status=complete_gb=BT101377 4638781
.34 GQ03604_I16.1_clone=GQ03604_I16_cluster=GQ03604_I16_status=complete_gb=BT114889 4616821
.12 GQ03604_I16.1_clone=GQ03604_I16_cluster=GQ03604_I16_status=complete_gb=BT114889 721561
.70 WS02623_M04.1_clone=WS02623_M04_cluster=WS02623_M04_status=complete 4684546
.15 WS02623_M04.1_clone=WS02623_M04_cluster=WS02623_M04_status=complete 4483926
.63 GQ03105_N12.1_clone=GQ03105_N12_cluster=GQ03105_N12_status=complete_gb=BT107330 4577376
.14 GQ03105_N12.1_clone=GQ03105_N12_cluster=GQ03105_N12_status=complete_gb=BT107330 1888445
.53 GQ02807_A06.1_clone=GQ02807_A06_cluster=GQ02807_A06_status=complete_gb=BT104156 4684456
.12 GQ02807_A06.1_clone=GQ02807_A06_cluster=GQ02807_A06_status=complete_gb=BT104156 659231
.10 GQ04011_E14.1_clone=GQ04011_E14_cluster=GQ04011_E14_status=complete_gb=BT118870 1307636
.88 GQ04011_E14.1_clone=GQ04011_E14_cluster=GQ04011_E14_status=complete_gb=BT118870 4684504
.48 GQ03416_I08.1_clone=GQ03416_I08_cluster=GQ03416_I08_status=complete_gb=BT113661 4601668
.20 GQ03416_I08.1_clone=GQ03416_I08_cluster=GQ03416_I08_status=complete_gb=BT113661 1156462
.72 GQ03308_F02.1_clone=GQ03308_F02_cluster=GQ03308_F02_status=complete_gb=BT111968 4683575
.20 GQ03308_F02.1_clone=GQ03308_F02_cluster=GQ03308_F02_status=complete_gb=BT111968 2001085
.14 GQ03308_F02.1_clone=GQ03308_F02_cluster=GQ03308_F02_status=complete_gb=BT111968 1460669
.14 GQ03308_F02.1_clone=GQ03308_F02_cluster=GQ03308_F02_status=complete_gb=BT111968 2064001
.37 GQ03114_A17.2_clone=GQ03114_A17_cluster=GQ03114_A17_status=complete_gb=BT107894 324176
.36 GQ03114_A17.2_clone=GQ03114_A17_cluster=GQ03114_A17_status=complete_gb=BT107894 1187548
.36 GQ03114_A17.2_clone=GQ03114_A17_cluster=GQ03114_A17_status=complete_gb=BT107894 474823
.11 GQ03114_A17.2_clone=GQ03114_A17_cluster=GQ03114_A17_status=complete_gb=BT107894 1356208
.92 GQ03234_J18.1_clone=GQ03234_J18_cluster=GQ03234_J18_status=complete_gb=BT111229 4684565
.36 GQ03001_B18.1_clone=GQ03001_B18_cluster=GQ03001_B18_status=complete_gb=BT106411 1518525
.34 GQ03217_O17.1_clone=GQ03217_O17_cluster=GQ03217_O17_status=complete_gb=BT110196 4591370
.62 GQ03217_O17.1_clone=GQ03217_O17_cluster=GQ03217_O17_status=complete_gb=BT110196 259426
.35 GQ02809_P14.1_clone=GQ02809_P14_cluster=GQ02809_P14_status=complete_gb=BT104396 4683639
.61 GQ0204_J11.1_clone=GQ0204_J11_cluster=GQ0204_J11_status=complete_gb=BT102995 4684243
.15 GQ0204_J11.1_clone=GQ0204_J11_cluster=GQ0204_J11_status=complete_gb=BT102995 630321
.15 GQ0204_J11.1_clone=GQ0204_J11_cluster=GQ0204_J11_status=complete_gb=BT102995 948750
.14 GQ0204_J11.1_clone=GQ0204_J11_cluster=GQ0204_J11_status=complete_gb=BT102995 630319
.15 GQ0204_J11.1_clone=GQ0204_J11_cluster=GQ0204_J11_status=complete_gb=BT102995 1000403
.67 GQ03802_A05.1_clone=GQ03802_A05_cluster=GQ03802_A05_status=complete_gb=BT116558 4684467
.52 GQ03602_G04.1_clone=GQ03602_G04_cluster=GQ03602_G04_status=complete_gb=BT114797 4605884
.40 GQ03602_G04.1_clone=GQ03602_G04_cluster=GQ03602_G04_status=complete_gb=BT114797 4586634
.74 GQ03007_N01.1_clone=GQ03007_N01_cluster=GQ03007_N01_status=complete_gb=BT106679 4684060
.11 GQ03007_N01.1_clone=GQ03007_N01_cluster=GQ03007_N01_status=complete_gb=BT106679 558493
.49 GQ0165_D12.1_clone=GQ0165_D12_cluster=GQ0165_D12_status=complete_gb=BT102053 4581010
.20 GQ0165_D12.1_clone=GQ0165_D12_cluster=GQ0165_D12_status=complete_gb=BT102053 4619261
.15 GQ0165_D12.1_clone=GQ0165_D12_cluster=GQ0165_D12_status=complete_gb=BT102053 2000701
.92 GQ04001_O11.4_clone=GQ04001_O11_cluster=GQ04001_O11_status=complete_gb=BT118061 4684569
.56 GQ03908_E19.3_clone=GQ03908_E19_cluster=GQ03908_E19_status=53 4684569
.14 GQ03908_E19.3_clone=GQ03908_E19_cluster=GQ03908_E19_status=53 4612455
.14 GQ03908_E19.3_clone=GQ03908_E19_cluster=GQ03908_E19_status=53 637933
.37 WS00836_F22.1_clone=WS00836_F22_cluster=WS00836_F22_status=complete 2001699
.51 WS00836_F22.1_clone=WS00836_F22_cluster=WS00836_F22_status=complete 4619739
.48 GQ04007_J11.2_clone=GQ04007_J11_cluster=GQ04007_J11_status=complete_gb=BT118550 4576047
.33 GQ04007_J11.2_clone=GQ04007_J11_cluster=GQ04007_J11_status=complete_gb=BT118550 621487
.57 GQ04011_B15.1_clone=GQ04011_B15_cluster=GQ04011_B15_status=complete_gb=BT118859 4575035
.26 GQ04011_B15.1_clone=GQ04011_B15_cluster=GQ04011_B15_status=complete_gb=BT118859 4589962
.22 GQ03230_A04.1_clone=GQ03230_A04_cluster=GQ03230_A04_status=complete_gb=BT110936 755977
.27 GQ03230_A04.1_clone=GQ03230_A04_cluster=GQ03230_A04_status=complete_gb=BT110936 4579816
.04 GQ0206_H07.1_clone=GQ0206_H07_cluster=GQ0206_H07_status=complete_gb=BT103091 4626517
.95 GQ0206_H07.1_clone=GQ0206_H07_cluster=GQ0206_H07_status=complete_gb=BT103091 4684435
.22 GQ01301_C19.1_clone=GQ01301_C19_cluster=GQ01301_C19_status=complete_gb=BT101278 547253
.40 GQ01301_C19.1_clone=GQ01301_C19_cluster=GQ01301_C19_status=complete_gb=BT101278 4586428
.35 GQ03303_L05.2_clone=GQ03303_L05_cluster=GQ03303_L05_status=complete_gb=BT111788 4575199
.17 GQ03303_L05.2_clone=GQ03303_L05_cluster=GQ03303_L05_status=complete_gb=BT111788 4658337
.19 GQ03204_D11.1_clone=GQ03204_D11_cluster=GQ03204_D11_status=complete_gb=BT109062 1358164
.79 GQ03204_D11.1_clone=GQ03204_D11_cluster=GQ03204_D11_status=complete_gb=BT109062 4575740
.33 GQ02802_I14.1_clone=GQ02802_I14_cluster=GQ02802_I14_status=complete_gb=BT103810 4683778
.39 GQ03604_O12.1_clone=GQ03604_O12_cluster=GQ03604_O12_status=complete_gb=BT114905 4684220
.62 GQ03222_I01.1_clone=GQ03222_I01_cluster=GQ03222_I01_status=complete_gb=BT110486 4657654
.33 GQ03816_N01.1_clone=GQ03816_N01_cluster=GQ03816_N01_status=complete_gb=BT117303 4684525
.05 GQ03816_N01.1_clone=GQ03816_N01_cluster=GQ03816_N01_status=complete_gb=BT117303 1982577
.03 GQ03816_N01.1_clone=GQ03816_N01_cluster=GQ03816_N01_status=complete_gb=BT117303 4684525
.03 GQ03816_N01.1_clone=GQ03816_N01_cluster=GQ03816_N01_status=complete_gb=BT117303 4584198
.15 GQ03211_C07.1_clone=GQ03211_C07_cluster=GQ03211_C07_status=complete_gb=BT109656 1448030
.26 GQ03211_C07.1_clone=GQ03211_C07_cluster=GQ03211_C07_status=complete_gb=BT109656 1448027
.72 GQ03230_C23.1_clone=GQ03230_C23_cluster=GQ03230_C23_status=complete_gb=BT110948 4684519
.99 GQ03208_G24.1_clone=GQ03208_G24_cluster=GQ03208_G24_status=complete_gb=BT109441 4684351
.37 GQ04106_E03.1_clone=GQ04106_E03_cluster=GQ04106_E03_status=complete_gb=BT119479 1785985
.26 GQ04106_E03.1_clone=GQ04106_E03_cluster=GQ04106_E03_status=complete_gb=BT119479 1309707
.26 GQ04106_E03.1_clone=GQ04106_E03_cluster=GQ04106_E03_status=complete_gb=BT119479 944456
.40 GQ03712_B13.1_clone=GQ03712_B13_cluster=GQ03712_B13_status=complete_gb=BT116117 4684575
.23 GQ03712_B13.1_clone=GQ03712_B13_cluster=GQ03712_B13_status=complete_gb=BT116117 4684575
.20 GQ03712_B13.1_clone=GQ03712_B13_cluster=GQ03712_B13_status=complete_gb=BT116117 4641766
.38 GQ03102_B19.2_clone=GQ03102_B19_cluster=GQ03102_B19_status=53 4579123
.46 GQ03717_J05.1_clone=GQ03717_J05_cluster=GQ03717_J05_status=complete_gb=BT116375 4606859
.12 GQ03717_J05.1_clone=GQ03717_J05_cluster=GQ03717_J05_status=complete_gb=BT116375 711944
.53 GQ03110_K15.2_clone=GQ03110_K15_cluster=GQ03110_K15_status=complete_gb=BT107630 4684464
.42 GQ02815_N08.1_clone=GQ02815_N08_cluster=GQ02815_N08_status=complete_gb=BT104849 4644207
.56 GQ02815_N08.1_clone=GQ02815_N08_cluster=GQ02815_N08_status=complete_gb=BT104849 1021832
.42 GQ03812_F05.1_clone=GQ03812_F05_cluster=GQ03812_F05_status=complete_gb=BT117075 4574836
.51 GQ03812_F05.1_clone=GQ03812_F05_cluster=GQ03812_F05_status=complete_gb=BT117075 4591844
.99 GQ03317_G12.1_clone=GQ03317_G12_cluster=GQ03317_G12_status=complete_gb=BT112557 4684136
.33 GQ04105_N24.2_clone=GQ04105_N24_cluster=GQ04105_N24_status=complete_gb=BT119449 4684585
.88 GQ03218_P02.1_clone=GQ03218_P02_cluster=GQ03218_P02_status=complete_gb=BT110264 4684489
.34 WS0344_E08.1_clone=WS0344_E08_cluster=WS0344_E08_status=3 4684295
.57 WS0344_E08.1_clone=WS0344_E08_cluster=WS0344_E08_status=3 1081733
.90 GQ0204_F17.1_clone=GQ0204_F17_cluster=GQ0204_F17_status=complete_gb=BT102981 4684465
.75 GQ02908_P20.1_clone=GQ02908_P20_cluster=GQ02908_P20_status=complete_gb=BT106405 4683784
.19 GQ02908_P20.1_clone=GQ02908_P20_cluster=GQ02908_P20_status=complete_gb=BT106405 4575830
.99 GQ04102_F14.1_clone=GQ04102_F14_cluster=GQ04102_F14_status=complete_gb=BT119176 4684568
.99 GQ03513_E01.1_clone=GQ03513_E01_cluster=GQ03513_E01_status=complete_gb=BT114365 4575382
.38 GQ02818_E06.1_clone=GQ02818_E06_cluster=GQ02818_E06_status=complete_gb=BT105071 4684071
.38 GQ02818_E06.1_clone=GQ02818_E06_cluster=GQ02818_E06_status=complete_gb=BT105071 4684072
.23 GQ02818_E06.1_clone=GQ02818_E06_cluster=GQ02818_E06_status=complete_gb=BT105071 4684091
.14 GQ02818_E06.1_clone=GQ02818_E06_cluster=GQ02818_E06_status=complete_gb=BT105071 4633888
.89 GQ0164_P01.1_clone=GQ0164_P01_cluster=GQ0164_P01_status=complete_gb=BT102045 4684449
.64 GQ01306_E04.1_clone=GQ01306_E04_cluster=GQ01306_E04_status=complete_gb=BT101515 4683836
.25 GQ01306_E04.1_clone=GQ01306_E04_cluster=GQ01306_E04_status=complete_gb=BT101515 2502658
.25 GQ01306_E04.1_clone=GQ01306_E04_cluster=GQ01306_E04_status=complete_gb=BT101515 2029844
.25 GQ01306_E04.1_clone=GQ01306_E04_cluster=GQ01306_E04_status=complete_gb=BT101515 4605595
.23 GQ01306_E04.1_clone=GQ01306_E04_cluster=GQ01306_E04_status=complete_gb=BT101515 1198772
.97 GQ03406_O15.1_clone=GQ03406_O15_cluster=GQ03406_O15_status=complete_gb=BT113393 4684306
.60 GQ03815_C12.2_clone=GQ03815_C12_cluster=GQ03815_C12_status=complete_gb=BT117216 4684051
.98 GQ02819_P15.1_clone=GQ02819_P15_cluster=GQ02819_P15_status=complete_gb=BT105230 4683653
.23 GQ02906_P08.1_clone=GQ02906_P08_cluster=GQ02906_P08_status=complete_gb=BT106306 444212
.22 GQ02906_P08.1_clone=GQ02906_P08_cluster=GQ02906_P08_status=complete_gb=BT106306 363419
.19 GQ02906_P08.1_clone=GQ02906_P08_cluster=GQ02906_P08_status=complete_gb=BT106306 4680453
.16 GQ02906_P08.1_clone=GQ02906_P08_cluster=GQ02906_P08_status=complete_gb=BT106306 4580816
.16 GQ02906_P08.1_clone=GQ02906_P08_cluster=GQ02906_P08_status=complete_gb=BT106306 4591412
.99 GQ0201_J20.1_clone=GQ0201_J20_cluster=GQ0201_J20_status=complete_gb=BT102848 4684535
.94 GQ03712_I16.1_clone=GQ03712_I16_cluster=GQ03712_I16_status=complete_gb=BT116146 4684486
.78 GQ03112_L05.1_clone=GQ03112_L05_cluster=GQ03112_L05_status=complete_gb=BT107781 4684113
.53 GQ03104_N02.1_clone=GQ03104_N02_cluster=GQ03104_N02_status=complete_gb=BT107234 4627164
.23 GQ03104_N02.1_clone=GQ03104_N02_cluster=GQ03104_N02_status=complete_gb=BT107234 174440
.23 GQ03104_N02.1_clone=GQ03104_N02_cluster=GQ03104_N02_status=complete_gb=BT107234 868874
.20 GQ03104_N02.1_clone=GQ03104_N02_cluster=GQ03104_N02_status=complete_gb=BT107234 1039658
.20 GQ03104_N02.1_clone=GQ03104_N02_cluster=GQ03104_N02_status=complete_gb=BT107234 2148607
.55 GQ04102_E10.2_clone=GQ04102_E10_cluster=GQ04102_E10_status=complete_gb=BT119172 4684538
.30 GQ04102_E10.2_clone=GQ04102_E10_cluster=GQ04102_E10_status=complete_gb=BT119172 4575026
.35 GQ03232_G01.1_clone=GQ03232_G01_cluster=GQ03232_G01_status=complete_gb=BT111077 4583506
.26 GQ03232_G01.1_clone=GQ03232_G01_cluster=GQ03232_G01_status=complete_gb=BT111077 4577693
.33 GQ03916_E09.1_clone=GQ03916_E09_cluster=GQ03916_E09_status=complete_gb=BT117903 4576141
.43 GQ03212_C10.1_clone=GQ03212_C10_cluster=GQ03212_C10_status=complete_gb=BT109763 4683843
.55 GQ03212_C10.1_clone=GQ03212_C10_cluster=GQ03212_C10_status=complete_gb=BT109763 4578901
.51 GQ0197_A18.1_clone=GQ0197_A18_cluster=GQ0197_A18_status=complete_gb=BT102577 4587713
.14 GQ0197_A18.1_clone=GQ0197_A18_cluster=GQ0197_A18_status=complete_gb=BT102577 1990945
.14 GQ0197_A18.1_clone=GQ0197_A18_cluster=GQ0197_A18_status=complete_gb=BT102577 820150
.13 GQ0197_A18.1_clone=GQ0197_A18_cluster=GQ0197_A18_status=complete_gb=BT102577 715771
.03 GQ0197_A18.1_clone=GQ0197_A18_cluster=GQ0197_A18_status=complete_gb=BT102577 820153
.78 GQ02809_M24.1_clone=GQ02809_M24_cluster=GQ02809_M24_status=complete_gb=BT104385 4684479
.69 WS00752_H14.1_clone=WS00752_H14_cluster=WS00752_H14_status=3 4683737
.30 WS00752_H14.1_clone=WS00752_H14_cluster=WS00752_H14_status=3 1019185
.79 GQ04006_C07.1_clone=GQ04006_C07_cluster=GQ04006_C07_status=complete_gb=BT118415 4684438
.26 GQ03323_L15.1_clone=GQ03323_L15_cluster=GQ03323_L15_status=complete_gb=BT112981 4684258
.45 GQ03323_L15.1_clone=GQ03323_L15_cluster=GQ03323_L15_status=complete_gb=BT112981 4578652
.99 GQ03219_G17.3_clone=GQ03219_G17_cluster=GQ03219_G17_status=53 4684448
.24 GQ04013_B01.2_clone=GQ04013_B01_cluster=GQ04013_B01_status=complete_gb=BT118991 4586441
.68 GQ04013_B01.2_clone=GQ04013_B01_cluster=GQ04013_B01_status=complete_gb=BT118991 4684492
.35 GQ03614_P19.1_clone=GQ03614_P19_cluster=GQ03614_P19_status=complete_gb=BT115363 4684107
.77 GQ04003_J05.1_clone=GQ04003_J05_cluster=GQ04003_J05_status=complete_gb=BT118205 4684471
.83 GQ0204_G10.1_clone=GQ0204_G10_cluster=GQ0204_G10_status=complete_gb=BT102984 4684221
.72 GQ0203_M23.1_clone=GQ0203_M23_cluster=GQ0203_M23_status=complete_gb=BT102947 4684549
.21 GQ03905_H10.1_clone=GQ03905_H10_cluster=GQ03905_H10_status=complete_gb=BT117627 2899505
.58 GQ03905_H10.1_clone=GQ03905_H10_cluster=GQ03905_H10_status=complete_gb=BT117627 4575269
.12 GQ03510_B17.1_clone=GQ03510_B17_cluster=GQ03510_B17_status=complete_gb=BT114201 876247
.86 GQ03510_B17.1_clone=GQ03510_B17_cluster=GQ03510_B17_status=complete_gb=BT114201 4580725
.52 GQ03918_M10.2_clone=GQ03918_M10_cluster=GQ03918_M10_status=complete_gb=BT117964 4684507
.56 GQ04003_N20.1_clone=GQ04003_N20_cluster=GQ04003_N20_status=complete_gb=BT118230 4615452
.45 GQ03218_I14.1_clone=GQ03218_I14_cluster=GQ03218_I14_status=complete_gb=BT110236 4683882
.72 GQ03221_I23.1_clone=GQ03221_I23_cluster=GQ03221_I23_status=complete_gb=BT110425 4601677
.08 GQ03221_I23.1_clone=GQ03221_I23_cluster=GQ03221_I23_status=complete_gb=BT110425 4623429
.89 GQ03102_N01.1_clone=GQ03102_N01_cluster=GQ03102_N01_status=complete_gb=BT107107 4684013
.86 GQ03218_M22.1_clone=GQ03218_M22_cluster=GQ03218_M22_status=complete_gb=BT110258 4684545
.94 GQ03207_H17.2_clone=GQ03207_H17_cluster=GQ03207_H17_status=complete_gb=BT109349 4684511
.61 GQ0132_C03.1_clone=GQ0132_C03_cluster=GQ0132_C03_status=complete_gb=BT101869 4683781
.81 GQ03116_I11.1_clone=GQ03116_I11_cluster=GQ03116_I11_status=complete_gb=BT108071 4577588
.17 GQ03116_I11.1_clone=GQ03116_I11_cluster=GQ03116_I11_status=complete_gb=BT108071 685028
.58 GQ03516_N18.1_clone=GQ03516_N18_cluster=GQ03516_N18_status=complete_gb=BT114553 4684459
.10 GQ03516_N18.1_clone=GQ03516_N18_cluster=GQ03516_N18_status=complete_gb=BT114553 1737241
.63 GQ03713_P23.1_clone=GQ03713_P23_cluster=GQ03713_P23_status=complete_gb=BT116223 4583906
.36 GQ03316_P23.1_clone=GQ03316_P23_cluster=GQ03316_P23_status=complete_gb=BT112532 4578267
.31 GQ03316_P23.1_clone=GQ03316_P23_cluster=GQ03316_P23_status=complete_gb=BT112532 4596547
.39 GQ03112_A09.1_clone=GQ03112_A09_cluster=GQ03112_A09_status=complete_gb=BT107727 4606319
.50 GQ03112_A09.1_clone=GQ03112_A09_cluster=GQ03112_A09_status=complete_gb=BT107727 1722279
.94 GQ03816_B14.1_clone=GQ03816_B14_cluster=GQ03816_B14_status=complete_gb=BT117258 4684558
.22 GQ0044_P08.1_clone=GQ0044_P08_cluster=GQ0044_P08_status=complete_gb=BT100800 4652514
.17 GQ03409_M01.1_clone=GQ03409_M01_cluster=GQ03409_M01_status=complete_gb=BT113470 4658678
.72 GQ03409_M01.1_clone=GQ03409_M01_cluster=GQ03409_M01_status=complete_gb=BT113470 4684224
.89 GQ0033_J13.1_clone=GQ0033_J13_cluster=GQ0033_J13_status=complete_gb=BT100636 4684518
.78 GQ03116_F08.1_clone=GQ03116_F08_cluster=GQ03116_F08_status=complete_gb=BT108056 4683664
.06 GQ03116_F08.1_clone=GQ03116_F08_cluster=GQ03116_F08_status=complete_gb=BT108056 1834991
.50 GQ02808_N07.1_clone=GQ02808_N07_cluster=GQ02808_N07_status=complete_gb=BT104311 4578167
.96 GQ03912_D04.3_clone=GQ03912_D04_cluster=GQ03912_D04_status=53 4684446
.80 GQ03110_J12.1_clone=GQ03110_J12_cluster=GQ03110_J12_status=complete_gb=BT107624 4684235
.18 GQ03110_J12.1_clone=GQ03110_J12_cluster=GQ03110_J12_status=complete_gb=BT107624 4587342
.80 GQ03301_J24.1_clone=GQ03301_J24_cluster=GQ03301_J24_status=complete_gb=BT111640 4574646
.80 GQ04005_J04.1_clone=GQ04005_J04_cluster=GQ04005_J04_status=complete_gb=BT118362 4684570
.14 GQ04005_J04.1_clone=GQ04005_J04_cluster=GQ04005_J04_status=complete_gb=BT118362 4577125
.89 GQ02806_P21.1_clone=GQ02806_P21_cluster=GQ02806_P21_status=complete_gb=BT104153 4684375
.83 GQ03115_E16.1_clone=GQ03115_E16_cluster=GQ03115_E16_status=complete_gb=BT107979 4684455
.79 GQ04011_G16.1_clone=GQ04011_G16_cluster=GQ04011_G16_status=complete_gb=BT118879 4684573
.62 GQ03112_E08.1_clone=GQ03112_E08_cluster=GQ03112_E08_status=complete_gb=BT107751 4684266
.34 GQ03808_F14.1_clone=GQ03808_F14_cluster=GQ03808_F14_status=complete_gb=BT116870 4574560
.26 GQ03808_F14.1_clone=GQ03808_F14_cluster=GQ03808_F14_status=complete_gb=BT116870 157094
.82 GQ04110_E22.1_clone=GQ04110_E22_cluster=GQ04110_E22_status=complete_gb=BT119804 4591831
.16 GQ04110_E22.1_clone=GQ04110_E22_cluster=GQ04110_E22_status=complete_gb=BT119804 1785389
.48 GQ04004_D16.1_clone=GQ04004_D16_cluster=GQ04004_D16_status=complete_gb=BT118255 4596329
.30 GQ02809_D08.2_clone=GQ02809_D08_cluster=GQ02809_D08_status=complete_gb=BT104341 4683688
.24 GQ02809_D08.2_clone=GQ02809_D08_cluster=GQ02809_D08_status=complete_gb=BT104341 973782
.16 GQ02809_D08.2_clone=GQ02809_D08_cluster=GQ02809_D08_status=complete_gb=BT104341 1368660
.21 GQ02809_D08.2_clone=GQ02809_D08_cluster=GQ02809_D08_status=complete_gb=BT104341 4683688
.94 GQ03414_M05.1_clone=GQ03414_M05_cluster=GQ03414_M05_status=complete_gb=BT113607 4684253
.38 GQ04005_G11.1_clone=GQ04005_G11_cluster=GQ04005_G11_status=complete_gb=BT118350 4684571
.30 GQ04005_G11.1_clone=GQ04005_G11_cluster=GQ04005_G11_status=complete_gb=BT118350 4575306
.13 GQ04005_G11.1_clone=GQ04005_G11_cluster=GQ04005_G11_status=complete_gb=BT118350 4684571
.43 GQ03310_J22.1_clone=GQ03310_J22_cluster=GQ03310_J22_status=complete_gb=BT112136 551243
.19 GQ03310_J22.1_clone=GQ03310_J22_cluster=GQ03310_J22_status=complete_gb=BT112136 963570
.98 GQ02828_B07.1_clone=GQ02828_B07_cluster=GQ02828_B07_status=complete_gb=BT105761 4684469
.41 GQ03404_N13.1_clone=GQ03404_N13_cluster=GQ03404_N13_status=complete_gb=BT113320 4684138
.51 GQ03404_N13.1_clone=GQ03404_N13_cluster=GQ03404_N13_status=complete_gb=BT113320 4582663
.31 GQ03233_P23.1_clone=GQ03233_P23_cluster=GQ03233_P23_status=complete_gb=BT111186 4683874
.35 GQ03403_E01.1_clone=GQ03403_E01_cluster=GQ03403_E01_status=complete_gb=BT113270 4684411
.22 GQ03403_E01.1_clone=GQ03403_E01_cluster=GQ03403_E01_status=complete_gb=BT113270 2211853
.39 GQ03202_O17.1_clone=GQ03202_O17_cluster=GQ03202_O17_status=complete_gb=BT108948 4598272
.53 GQ03202_O17.1_clone=GQ03202_O17_cluster=GQ03202_O17_status=complete_gb=BT108948 4576910
.33 GQ04105_H19.1_clone=GQ04105_H19_cluster=GQ04105_H19_status=complete_gb=BT119422 4584119
.20 GQ04105_H19.1_clone=GQ04105_H19_cluster=GQ04105_H19_status=complete_gb=BT119422 1616300
.01 GQ04105_H19.1_clone=GQ04105_H19_cluster=GQ04105_H19_status=complete_gb=BT119422 1261919
.77 GQ02830_K01.1_clone=GQ02830_K01_cluster=GQ02830_K01_status=complete_gb=BT105969 4684557
.55 GQ03316_K24.1_clone=GQ03316_K24_cluster=GQ03316_K24_status=complete_gb=BT112518 4683731
.92 WS00728_F09.1_clone=WS00728_F09_cluster=WS00728_F09_status=complete 4587386
.06 WS00728_F09.1_clone=WS00728_F09_cluster=WS00728_F09_status=complete 4170892
.33 GQ0048_P21.2_clone=GQ0048_P21_cluster=GQ0048_P21_status=53 1050451
.28 GQ0048_P21.2_clone=GQ0048_P21_cluster=GQ0048_P21_status=53 4684496
.37 GQ03512_O20.1_clone=GQ03512_O20_cluster=GQ03512_O20_status=complete_gb=BT114346 4683933
.31 GQ03512_O20.1_clone=GQ03512_O20_cluster=GQ03512_O20_status=complete_gb=BT114346 4620222
.44 GQ03412_E12.1_clone=GQ03412_E12_cluster=GQ03412_E12_status=complete_gb=BT113523 4580659
.34 GQ03412_E12.1_clone=GQ03412_E12_cluster=GQ03412_E12_status=complete_gb=BT113523 995283
.15 GQ03412_E12.1_clone=GQ03412_E12_cluster=GQ03412_E12_status=complete_gb=BT113523 4604523
.09 GQ03412_E12.1_clone=GQ03412_E12_cluster=GQ03412_E12_status=complete_gb=BT113523 910152
.46 GQ03703_B24.1_clone=GQ03703_B24_cluster=GQ03703_B24_status=complete_gb=BT115624 4684478
.52 GQ03703_B24.1_clone=GQ03703_B24_cluster=GQ03703_B24_status=complete_gb=BT115624 4684478
.10 GQ04103_I20.1_clone=GQ04103_I20_cluster=GQ04103_I20_status=complete_gb=BT119278 724903
.35 GQ04103_I20.1_clone=GQ04103_I20_cluster=GQ04103_I20_status=complete_gb=BT119278 4684132
.88 GQ03713_H13.1_clone=GQ03713_H13_cluster=GQ03713_H13_status=complete_gb=BT116197 4683942
.10 GQ03713_H13.1_clone=GQ03713_H13_cluster=GQ03713_H13_status=complete_gb=BT116197 109413
.88 GQ0203_E18.1_clone=GQ0203_E18_cluster=GQ0203_E18_status=complete_gb=BT102922 4583425
.43 GQ03811_A18.1_clone=GQ03811_A18_cluster=GQ03811_A18_status=complete_gb=BT117009 4684482
.12 GQ03811_A18.1_clone=GQ03811_A18_cluster=GQ03811_A18_status=complete_gb=BT117009 4684482
.47 GQ02813_A11.1_clone=GQ02813_A11_cluster=GQ02813_A11_status=complete_gb=BT104646 4582506
.92 GQ02808_D01.1_clone=GQ02808_D01_cluster=GQ02808_D01_status=complete_gb=BT104243 4684434
.34 GQ03513_O11.1_clone=GQ03513_O11_cluster=GQ03513_O11_status=complete_gb=BT114397 4684439
.19 GQ03513_O11.1_clone=GQ03513_O11_cluster=GQ03513_O11_status=complete_gb=BT114397 4684439
.20 GQ04003_D18.1_clone=GQ04003_D18_cluster=GQ04003_D18_status=complete_gb=BT118173 4684498
.16 GQ04003_D18.1_clone=GQ04003_D18_cluster=GQ04003_D18_status=complete_gb=BT118173 4582179
.81 WS03221_L19.1_clone=WS03221_L19_cluster=WS03221_L19_status=complete 4583079
.16 WS03221_L19.1_clone=WS03221_L19_cluster=WS03221_L19_status=complete 4580439
