.13 GQ04001_I18.1_clone=GQ04001_I18_cluster=GQ04001_I18_status=complete_gb=BT118045 9563110
.69 GQ04001_I18.1_clone=GQ04001_I18_cluster=GQ04001_I18_status=complete_gb=BT118045 13980848
.27 GQ03229_A05.2_clone=GQ03229_A05_cluster=GQ03229_A05_status=complete_gb=BT110864 13675611
.22 GQ03229_A05.2_clone=GQ03229_A05_cluster=GQ03229_A05_status=complete_gb=BT110864 13681501
.17 GQ03229_A05.2_clone=GQ03229_A05_cluster=GQ03229_A05_status=complete_gb=BT110864 13831835
.07 GQ03125_A19.1_clone=GQ03125_A19_cluster=GQ03125_A19_status=complete_gb=BT108657 5437452
.82 GQ03125_A19.1_clone=GQ03125_A19_cluster=GQ03125_A19_status=complete_gb=BT108657 13980748
.35 GQ03803_D16.1_clone=GQ03803_D16_cluster=GQ03803_D16_status=complete_gb=BT116610 7273318
.56 GQ03803_D16.1_clone=GQ03803_D16_cluster=GQ03803_D16_status=complete_gb=BT116610 13665353
.90 GQ04102_K15.2_clone=GQ04102_K15_cluster=GQ04102_K15_status=complete_gb=BT119199 13980662
.40 GQ03238_D11.1_clone=GQ03238_D11_cluster=GQ03238_D11_status=complete_gb=BT111476 13670535
.43 GQ03238_D11.1_clone=GQ03238_D11_cluster=GQ03238_D11_status=complete_gb=BT111476 2923101
.24 GQ04006_F19.1_clone=GQ04006_F19_cluster=GQ04006_F19_status=complete_gb=BT118437 13671394
.25 GQ02816_F18.1_clone=GQ02816_F18_cluster=GQ02816_F18_status=complete_gb=BT104897 13980842
.23 GQ02816_F18.1_clone=GQ02816_F18_cluster=GQ02816_F18_status=complete_gb=BT104897 13980842
.17 GQ02816_F18.1_clone=GQ02816_F18_cluster=GQ02816_F18_status=complete_gb=BT104897 13799995
.35 GQ03416_I20.1_clone=GQ03416_I20_cluster=GQ03416_I20_status=complete_gb=BT113662 4347924
.48 GQ03416_I20.1_clone=GQ03416_I20_cluster=GQ03416_I20_status=complete_gb=BT113662 3479960
.34 GQ04007_P10.1_clone=GQ04007_P10_cluster=GQ04007_P10_status=complete_gb=BT118584 2500301
.40 GQ04007_P10.1_clone=GQ04007_P10_cluster=GQ04007_P10_status=complete_gb=BT118584 1674152
.88 GQ03809_P01.1_clone=GQ03809_P01_cluster=GQ03809_P01_status=complete_gb=BT116942 13980853
.35 GQ02826_P14.1_clone=GQ02826_P14_cluster=GQ02826_P14_status=complete_gb=BT105720 13703658
.35 GQ02826_P14.1_clone=GQ02826_P14_cluster=GQ02826_P14_status=complete_gb=BT105720 6140106
.51 GQ03610_P12.1_clone=GQ03610_P12_cluster=GQ03610_P12_status=complete_gb=BT115183 13672626
.27 GQ03610_P12.1_clone=GQ03610_P12_cluster=GQ03610_P12_status=complete_gb=BT115183 5107607
.50 GQ0166_H16.1_clone=GQ0166_H16_cluster=GQ0166_H16_status=complete_gb=BT102104 13677468
.33 GQ0166_H16.1_clone=GQ0166_H16_cluster=GQ0166_H16_status=complete_gb=BT102104 3885101
.87 GQ03908_G22.1_clone=GQ03908_G22_cluster=GQ03908_G22_status=complete_gb=BT117710 13683503
.58 GQ03610_K06.3_clone=GQ03610_K06_cluster=GQ03610_K06_status=53 13671449
.27 GQ03610_K06.3_clone=GQ03610_K06_cluster=GQ03610_K06_status=53 13671449
.36 GQ02801_N18.1_clone=GQ02801_N18_cluster=GQ02801_N18_status=complete_gb=BT103769 13801488
.45 GQ03236_I03.1_clone=GQ03236_I03_cluster=GQ03236_I03_status=complete_gb=BT111363 13959756
.62 WS03218_K16.1_clone=WS03218_K16_cluster=WS03218_K16_status=3 13672321
.35 WS03218_K16.1_clone=WS03218_K16_cluster=WS03218_K16_status=3 3328207
.59 GQ03116_E12.1_clone=GQ03116_E12_cluster=GQ03116_E12_status=complete_gb=BT108048 13670145
.22 GQ03116_E12.1_clone=GQ03116_E12_cluster=GQ03116_E12_status=complete_gb=BT108048 5657663
.22 GQ03116_E12.1_clone=GQ03116_E12_cluster=GQ03116_E12_status=complete_gb=BT108048 3254692
.21 GQ03116_E12.1_clone=GQ03116_E12_cluster=GQ03116_E12_status=complete_gb=BT108048 3561136
.21 GQ03116_E12.1_clone=GQ03116_E12_cluster=GQ03116_E12_status=complete_gb=BT108048 4123482
.63 GQ03206_H11.1_clone=GQ03206_H11_cluster=GQ03206_H11_status=complete_gb=BT109259 13661600
.16 GQ03206_H11.1_clone=GQ03206_H11_cluster=GQ03206_H11_status=complete_gb=BT109259 5626520
.09 GQ03608_M13.1_clone=GQ03608_M13_cluster=GQ03608_M13_status=complete_gb=BT115077 13904030
.84 GQ03608_M13.1_clone=GQ03608_M13_cluster=GQ03608_M13_status=complete_gb=BT115077 13980616
.12 GQ02820_J19.1_clone=GQ02820_J19_cluster=GQ02820_J19_status=complete_gb=BT105294 13707169
.87 GQ02820_J19.1_clone=GQ02820_J19_cluster=GQ02820_J19_status=complete_gb=BT105294 13707873
.98 GQ03235_P07.1_clone=GQ03235_P07_cluster=GQ03235_P07_status=complete_gb=BT111315 13980831
.23 GQ04011_L12.1_clone=GQ04011_L12_cluster=GQ04011_L12_status=complete_gb=BT118907 13980763
.07 GQ04011_L12.1_clone=GQ04011_L12_cluster=GQ04011_L12_status=complete_gb=BT118907 13697273
.06 GQ04011_L12.1_clone=GQ04011_L12_cluster=GQ04011_L12_status=complete_gb=BT118907 13884283
.04 GQ04011_L12.1_clone=GQ04011_L12_cluster=GQ04011_L12_status=complete_gb=BT118907 13670359
.18 GQ03108_D09.1_clone=GQ03108_D09_cluster=GQ03108_D09_status=complete_gb=BT107488 1331008
.37 GQ03108_D09.1_clone=GQ03108_D09_cluster=GQ03108_D09_status=complete_gb=BT107488 13790014
.31 GQ03229_M09.2_clone=GQ03229_M09_cluster=GQ03229_M09_status=complete_gb=BT110913 13690223
.20 GQ03229_M09.2_clone=GQ03229_M09_cluster=GQ03229_M09_status=complete_gb=BT110913 13736954
.15 GQ03229_M09.2_clone=GQ03229_M09_cluster=GQ03229_M09_status=complete_gb=BT110913 13663041
.15 GQ03229_M09.2_clone=GQ03229_M09_cluster=GQ03229_M09_status=complete_gb=BT110913 1517862
.85 GQ03119_J15.1_clone=GQ03119_J15_cluster=GQ03119_J15_status=complete_gb=BT108294 13980809
.10 GQ03119_J15.1_clone=GQ03119_J15_cluster=GQ03119_J15_status=complete_gb=BT108294 6436838
.09 GQ03119_J15.1_clone=GQ03119_J15_cluster=GQ03119_J15_status=complete_gb=BT108294 13841270
.21 GQ03325_P02.1_clone=GQ03325_P02_cluster=GQ03325_P02_status=complete_gb=BT113115 13691999
.60 GQ03228_C07.1_clone=GQ03228_C07_cluster=GQ03228_C07_status=complete_gb=BT110801 13661974
.30 GQ02817_I19.2_clone=GQ02817_I19_cluster=GQ02817_I19_status=complete_gb=BT104999 13697342
.27 GQ02817_I19.2_clone=GQ02817_I19_cluster=GQ02817_I19_status=complete_gb=BT104999 13665423
.22 GQ02817_I19.2_clone=GQ02817_I19_cluster=GQ02817_I19_status=complete_gb=BT104999 3610632
.21 GQ02817_I19.2_clone=GQ02817_I19_cluster=GQ02817_I19_status=complete_gb=BT104999 3822952
.11 GQ04108_C19.1_clone=GQ04108_C19_cluster=GQ04108_C19_status=53 3406406
.72 GQ04108_C19.1_clone=GQ04108_C19_cluster=GQ04108_C19_status=53 13980676
.51 GQ03206_K10.1_clone=GQ03206_K10_cluster=GQ03206_K10_status=complete_gb=BT109276 13980739
.44 GQ03601_L18.1_clone=GQ03601_L18_cluster=GQ03601_L18_status=complete_gb=BT114763 13980647
.15 GQ03601_L18.1_clone=GQ03601_L18_cluster=GQ03601_L18_status=complete_gb=BT114763 13786971
.36 GQ02829_I16.1_clone=GQ02829_I16_cluster=GQ02829_I16_status=complete_gb=BT105869 13889670
.39 GQ02829_I16.1_clone=GQ02829_I16_cluster=GQ02829_I16_status=complete_gb=BT105869 13980751
.32 GQ03102_H19.1_clone=GQ03102_H19_cluster=GQ03102_H19_status=complete_gb=BT107077 13666263
.06 GQ03102_H19.1_clone=GQ03102_H19_cluster=GQ03102_H19_status=complete_gb=BT107077 13666263
.26 GQ03706_A10.4_clone=GQ03706_A10_cluster=GQ03706_A10_status=complete_gb=BT115779 13980770
.14 GQ03706_A10.4_clone=GQ03706_A10_cluster=GQ03706_A10_status=complete_gb=BT115779 6742922
.50 GQ03308_I08.1_clone=GQ03308_I08_cluster=GQ03308_I08_status=complete_gb=BT111988 13686851
.39 GQ03308_I08.1_clone=GQ03308_I08_cluster=GQ03308_I08_status=complete_gb=BT111988 13714435
.14 GQ03308_I08.1_clone=GQ03308_I08_cluster=GQ03308_I08_status=complete_gb=BT111988 13666149
.45 GQ03710_P06.1_clone=GQ03710_P06_cluster=GQ03710_P06_status=complete_gb=BT116043 13670390
.23 GQ03710_P06.1_clone=GQ03710_P06_cluster=GQ03710_P06_status=complete_gb=BT116043 13678366
.41 GQ02798_H04.1_clone=GQ02798_H04_cluster=GQ02798_H04_status=5 4027396
.20 GQ02798_H04.1_clone=GQ02798_H04_cluster=GQ02798_H04_status=5 8221734
.56 GQ03235_A09.1_clone=GQ03235_A09_cluster=GQ03235_A09_status=complete_gb=BT111263 13980627
.15 GQ03235_A09.1_clone=GQ03235_A09_cluster=GQ03235_A09_status=complete_gb=BT111263 13710531
.26 GQ03607_I03.1_clone=GQ03607_I03_cluster=GQ03607_I03_status=complete_gb=BT115026 13682540
.10 GQ03607_I03.1_clone=GQ03607_I03_cluster=GQ03607_I03_status=complete_gb=BT115026 13686271
.39 WS00733_A13.1_clone=WS00733_A13_cluster=WS00733_A13_status=complete 3631713
.59 WS00733_A13.1_clone=WS00733_A13_cluster=WS00733_A13_status=complete 3631713
.82 GQ02829_C06.1_clone=GQ02829_C06_cluster=GQ02829_C06_status=complete_gb=BT105831 13980689
.05 GQ02829_C06.1_clone=GQ02829_C06_cluster=GQ02829_C06_status=complete_gb=BT105831 5730142
.29 GQ02807_P24.1_clone=GQ02807_P24_cluster=GQ02807_P24_status=complete_gb=BT104229 13980850
.24 GQ02807_P24.1_clone=GQ02807_P24_cluster=GQ02807_P24_status=complete_gb=BT104229 13980850
.26 GQ03225_C20.2_clone=GQ03225_C20_cluster=GQ03225_C20_status=53 13980753
.30 GQ03419_E22.1_clone=GQ03419_E22_cluster=GQ03419_E22_status=complete_gb=BT113749 13980835
.20 GQ03419_E22.1_clone=GQ03419_E22_cluster=GQ03419_E22_status=complete_gb=BT113749 13980835
.14 GQ02821_M22.1_clone=GQ02821_M22_cluster=GQ02821_M22_status=complete_gb=BT105387 6290348
.72 GQ02821_M22.1_clone=GQ02821_M22_cluster=GQ02821_M22_status=complete_gb=BT105387 13677787
.74 WS00725_I16.1_clone=WS00725_I16_cluster=WS00725_I16_status=3 13980758
.22 WS00725_I16.1_clone=WS00725_I16_cluster=WS00725_I16_status=3 13667657
.78 GQ03711_I18.1_clone=GQ03711_I18_cluster=GQ03711_I18_status=complete_gb=BT116078 13980638
.15 GQ03711_I18.1_clone=GQ03711_I18_cluster=GQ03711_I18_status=complete_gb=BT116078 3225795
.15 GQ03711_I18.1_clone=GQ03711_I18_cluster=GQ03711_I18_status=complete_gb=BT116078 3781181
.14 GQ03711_I18.1_clone=GQ03711_I18_cluster=GQ03711_I18_status=complete_gb=BT116078 1300098
.13 GQ03711_I18.1_clone=GQ03711_I18_cluster=GQ03711_I18_status=complete_gb=BT116078 2641716
.39 GQ00411_E18.1_clone=GQ00411_E18_cluster=GQ00411_E18_status=complete_gb=BT100691 13666528
.24 GQ00411_E18.1_clone=GQ00411_E18_cluster=GQ00411_E18_status=complete_gb=BT100691 3850509
.22 GQ00411_E18.1_clone=GQ00411_E18_cluster=GQ00411_E18_status=complete_gb=BT100691 1077037
.21 GQ00411_E18.1_clone=GQ00411_E18_cluster=GQ00411_E18_status=complete_gb=BT100691 4410904
.30 GQ03701_E06.1_clone=GQ03701_E06_cluster=GQ03701_E06_status=complete_gb=BT115538 13663732
.17 GQ03701_E06.1_clone=GQ03701_E06_cluster=GQ03701_E06_status=complete_gb=BT115538 13696633
.08 GQ03701_E06.1_clone=GQ03701_E06_cluster=GQ03701_E06_status=complete_gb=BT115538 5800006
.20 GQ04001_A18.2_clone=GQ04001_A18_cluster=GQ04001_A18_status=complete_gb=BT118002 13980583
.39 GQ03813_K21.1_clone=GQ03813_K21_cluster=GQ03813_K21_status=complete_gb=BT117141 13721730
.33 GQ03813_K21.1_clone=GQ03813_K21_cluster=GQ03813_K21_status=complete_gb=BT117141 13721729
.70 GQ02015_H19.1_clone=GQ02015_H19_cluster=GQ02015_H19_status=complete_gb=BT102779 13980787
.52 GQ03210_M02.1_clone=GQ03210_M02_cluster=GQ03210_M02_status=complete_gb=BT109621 13980720
.36 GQ03210_M02.1_clone=GQ03210_M02_cluster=GQ03210_M02_status=complete_gb=BT109621 13664849
.23 GQ03210_M02.1_clone=GQ03210_M02_cluster=GQ03210_M02_status=complete_gb=BT109621 13801064
.20 GQ03315_M16.1_clone=GQ03315_M16_cluster=GQ03315_M16_status=complete_gb=BT112472 13803781
.21 GQ03310_I12.1_clone=GQ03310_I12_cluster=GQ03310_I12_status=complete_gb=BT112132 13781746
.16 GQ03310_I12.1_clone=GQ03310_I12_cluster=GQ03310_I12_status=complete_gb=BT112132 13888974
.24 GQ0223_D02.1_clone=GQ0223_D02_cluster=GQ0223_D02_status=complete_gb=BT103279 13980648
.18 GQ0223_D02.1_clone=GQ0223_D02_cluster=GQ0223_D02_status=complete_gb=BT103279 5852422
.54 GQ03307_O04.2_clone=GQ03307_O04_cluster=GQ03307_O04_status=5 13980665
.37 GQ04111_J15.1_clone=GQ04111_J15_cluster=GQ04111_J15_status=complete_gb=BT119876 13980844
.23 GQ04111_J15.1_clone=GQ04111_J15_cluster=GQ04111_J15_status=complete_gb=BT119876 13980844
.43 GQ03107_M04.1_clone=GQ03107_M04_cluster=GQ03107_M04_status=complete_gb=BT107456 13980668
.25 GQ03107_M04.1_clone=GQ03107_M04_cluster=GQ03107_M04_status=complete_gb=BT107456 13673316
.17 GQ03107_M04.1_clone=GQ03107_M04_cluster=GQ03107_M04_status=complete_gb=BT107456 4976922
.18 WS0074_G05.1_clone=WS0074_G05_cluster=WS0074_G05_status=3 4757884
.79 WS0074_G05.1_clone=WS0074_G05_cluster=WS0074_G05_status=3 13980657
.39 GQ02810_J23.1_clone=GQ02810_J23_cluster=GQ02810_J23_status=complete_gb=BT104459 13829057
.26 GQ02810_J23.1_clone=GQ02810_J23_cluster=GQ02810_J23_status=complete_gb=BT104459 13882403
.58 GQ03519_L06.1_clone=GQ03519_L06_cluster=GQ03519_L06_status=complete_gb=BT114709 13686841
.13 GQ03519_L06.1_clone=GQ03519_L06_cluster=GQ03519_L06_status=complete_gb=BT114709 6347135
.42 GQ03516_L21.1_clone=GQ03516_L21_cluster=GQ03516_L21_status=complete_gb=BT114550 13670373
.14 GQ03516_L21.1_clone=GQ03516_L21_cluster=GQ03516_L21_status=complete_gb=BT114550 7444468
.43 GQ02013_F08.1_clone=GQ02013_F08_cluster=GQ02013_F08_status=complete_gb=BT102737 13980678
.43 GQ02013_F08.1_clone=GQ02013_F08_cluster=GQ02013_F08_status=complete_gb=BT102737 13980677
.36 GQ02013_F08.1_clone=GQ02013_F08_cluster=GQ02013_F08_status=complete_gb=BT102737 13980678
.69 GQ03719_F24.1_clone=GQ03719_F24_cluster=GQ03719_F24_status=complete_gb=BT116478 13670108
.29 GQ03719_F24.1_clone=GQ03719_F24_cluster=GQ03719_F24_status=complete_gb=BT116478 1482778
.21 GQ03508_J08.1_clone=GQ03508_J08_cluster=GQ03508_J08_status=complete_gb=BT114125 764384
.15 GQ03508_J08.1_clone=GQ03508_J08_cluster=GQ03508_J08_status=complete_gb=BT114125 1664616
.15 GQ03508_J08.1_clone=GQ03508_J08_cluster=GQ03508_J08_status=complete_gb=BT114125 4959197
.79 GQ04005_K04.1_clone=GQ04005_K04_cluster=GQ04005_K04_status=complete_gb=BT118369 13663263
.09 GQ04005_K04.1_clone=GQ04005_K04_cluster=GQ04005_K04_status=complete_gb=BT118369 12563467
.74 GQ03113_G11.1_clone=GQ03113_G11_cluster=GQ03113_G11_status=complete_gb=BT107844 13980825
.20 GQ03113_G11.1_clone=GQ03113_G11_cluster=GQ03113_G11_status=complete_gb=BT107844 13980825
.10 GQ0171_D15.1_clone=GQ0171_D15_cluster=GQ0171_D15_status=complete_gb=BT102229 13669988
.62 GQ0171_D15.1_clone=GQ0171_D15_cluster=GQ0171_D15_status=complete_gb=BT102229 641835
.64 GQ03326_D07.1_clone=GQ03326_D07_cluster=GQ03326_D07_status=complete_gb=BT113137 6038978
.19 GQ03326_D07.1_clone=GQ03326_D07_cluster=GQ03326_D07_status=complete_gb=BT113137 13947410
.47 GQ03105_A17.1_clone=GQ03105_A17_cluster=GQ03105_A17_status=complete_gb=BT107252 13683027
.36 GQ03105_A17.1_clone=GQ03105_A17_cluster=GQ03105_A17_status=complete_gb=BT107252 13980756
.75 GQ03518_M23.1_clone=GQ03518_M23_cluster=GQ03518_M23_status=complete_gb=BT114657 13663485
.23 GQ03518_M23.1_clone=GQ03518_M23_cluster=GQ03518_M23_status=complete_gb=BT114657 3597135
.78 GQ02829_L16.1_clone=GQ02829_L16_cluster=GQ02829_L16_status=complete_gb=BT105885 13665454
.16 GQ02829_L16.1_clone=GQ02829_L16_cluster=GQ02829_L16_status=complete_gb=BT105885 4783977
.40 GQ03206_C04.1_clone=GQ03206_C04_cluster=GQ03206_C04_status=complete_gb=BT109226 13980506
.18 GQ03206_C04.1_clone=GQ03206_C04_cluster=GQ03206_C04_status=complete_gb=BT109226 2922176
.15 GQ03206_C04.1_clone=GQ03206_C04_cluster=GQ03206_C04_status=complete_gb=BT109226 2922178
.13 GQ03206_C04.1_clone=GQ03206_C04_cluster=GQ03206_C04_status=complete_gb=BT109226 3990911
.13 GQ03206_C04.1_clone=GQ03206_C04_cluster=GQ03206_C04_status=complete_gb=BT109226 4585173
.20 GQ0255_P12.1_clone=GQ0255_P12_cluster=GQ0255_P12_status=complete_gb=BT103517 4019401
.52 GQ0255_P12.1_clone=GQ0255_P12_cluster=GQ0255_P12_status=complete_gb=BT103517 13679565
.13 GQ02830_D17.1_clone=GQ02830_D17_cluster=GQ02830_D17_status=complete_gb=BT105929 13693091
.76 GQ02830_D17.1_clone=GQ02830_D17_cluster=GQ02830_D17_status=complete_gb=BT105929 13686482
.15 GQ02813_C18.1_clone=GQ02813_C18_cluster=GQ02813_C18_status=complete_gb=BT104662 4580025
.25 GQ02813_C18.1_clone=GQ02813_C18_cluster=GQ02813_C18_status=complete_gb=BT104662 13800061
.21 WS00720_I14.1_clone=WS00720_I14_cluster=WS00720_I14_status=3 13677912
.54 WS00720_I14.1_clone=WS00720_I14_cluster=WS00720_I14_status=3 13678571
.51 GQ03709_J05.1_clone=GQ03709_J05_cluster=GQ03709_J05_status=complete_gb=BT115967 13980719
.18 GQ03709_J05.1_clone=GQ03709_J05_cluster=GQ03709_J05_status=complete_gb=BT115967 8643393
.30 GQ03810_A01.1_clone=GQ03810_A01_cluster=GQ03810_A01_status=complete_gb=BT116947 13980845
.13 GQ03101_I23.4_clone=GQ03101_I23_cluster=GQ03101_I23_status=complete_gb=BT106987 13679597
.42 GQ03101_I23.4_clone=GQ03101_I23_cluster=GQ03101_I23_status=complete_gb=BT106987 13677587
.57 GQ03001_J13.2_clone=GQ03001_J13_cluster=GQ03001_J13_status=complete_gb=BT106432 13666080
.20 GQ03001_J13.2_clone=GQ03001_J13_cluster=GQ03001_J13_status=complete_gb=BT106432 1527990
.58 GQ03318_J17.1_clone=GQ03318_J17_cluster=GQ03318_J17_status=complete_gb=BT112628 3494845
.58 GQ03318_J17.1_clone=GQ03318_J17_cluster=GQ03318_J17_status=complete_gb=BT112628 13677089
.32 GQ03318_J17.1_clone=GQ03318_J17_cluster=GQ03318_J17_status=complete_gb=BT112628 13668749
.32 GQ03318_J17.1_clone=GQ03318_J17_cluster=GQ03318_J17_status=complete_gb=BT112628 13679553
.29 GQ04104_F22.1_clone=GQ04104_F22_cluster=GQ04104_F22_status=complete_gb=BT119340 13922924
.54 GQ04104_F22.1_clone=GQ04104_F22_cluster=GQ04104_F22_status=complete_gb=BT119340 4346379
.43 GQ03236_H16.1_clone=GQ03236_H16_cluster=GQ03236_H16_status=complete_gb=BT111359 13919553
.38 GQ03236_H16.1_clone=GQ03236_H16_cluster=GQ03236_H16_status=complete_gb=BT111359 13793511
.30 GQ03809_L22.1_clone=GQ03809_L22_cluster=GQ03809_L22_status=complete_gb=BT116934 3678271
.25 GQ03809_L22.1_clone=GQ03809_L22_cluster=GQ03809_L22_status=complete_gb=BT116934 6346257
.24 GQ03809_L22.1_clone=GQ03809_L22_cluster=GQ03809_L22_status=complete_gb=BT116934 1638771
.19 GQ03809_L22.1_clone=GQ03809_L22_cluster=GQ03809_L22_status=complete_gb=BT116934 2519225
.18 GQ03809_L22.1_clone=GQ03809_L22_cluster=GQ03809_L22_status=complete_gb=BT116934 2573496
.58 GQ04102_N03.2_clone=GQ04102_N03_cluster=GQ04102_N03_status=complete_gb=BT119225 7087370
.38 GQ04102_N03.2_clone=GQ04102_N03_cluster=GQ04102_N03_status=complete_gb=BT119225 13936347
.37 GQ04102_N03.2_clone=GQ04102_N03_cluster=GQ04102_N03_status=complete_gb=BT119225 1133797
.44 GQ03220_P21.1_clone=GQ03220_P21_cluster=GQ03220_P21_status=complete_gb=BT110386 2472945
.41 GQ03122_O03.1_clone=GQ03122_O03_cluster=GQ03122_O03_status=complete_gb=BT108512 13980700
.06 GQ03122_O03.1_clone=GQ03122_O03_cluster=GQ03122_O03_status=complete_gb=BT108512 13676044
.40 GQ03226_N17.1_clone=GQ03226_N17_cluster=GQ03226_N17_status=complete_gb=BT110715 13672954
.52 GQ04105_P07.1_clone=GQ04105_P07_cluster=GQ04105_P07_status=complete_gb=BT119457 13980584
.78 GQ02901_J16.2_clone=GQ02901_J16_cluster=GQ02901_J16_status=complete_gb=BT106027 13980852
.14 GQ02901_J16.2_clone=GQ02901_J16_cluster=GQ02901_J16_status=complete_gb=BT106027 8131322
.14 GQ02901_J16.2_clone=GQ02901_J16_cluster=GQ02901_J16_status=complete_gb=BT106027 13673248
.56 GQ03115_B18.2_clone=GQ03115_B18_cluster=GQ03115_B18_status=complete_gb=BT107960 13980684
.87 WS03222_N04.1_clone=WS03222_N04_cluster=WS03222_N04_status=3 13850808
.20 GQ03227_E20.1_clone=GQ03227_E20_cluster=GQ03227_E20_status=complete_gb=BT110743 3580479
.39 GQ03227_E20.1_clone=GQ03227_E20_cluster=GQ03227_E20_status=complete_gb=BT110743 2549305
.33 GQ03208_B23.1_clone=GQ03208_B23_cluster=GQ03208_B23_status=complete_gb=BT109415 13980769
.21 GQ0068_A12.1_clone=GQ0068_A12_cluster=GQ0068_A12_status=complete_gb=BT101120 13684575
.41 GQ0068_A12.1_clone=GQ0068_A12_cluster=GQ0068_A12_status=complete_gb=BT101120 13672659
.41 GQ0173_N07.1_clone=GQ0173_N07_cluster=GQ0173_N07_status=complete_gb=BT102267 1523010
.18 GQ0173_N07.1_clone=GQ0173_N07_cluster=GQ0173_N07_status=complete_gb=BT102267 13667556
.32 GQ04007_M04.1_clone=GQ04007_M04_cluster=GQ04007_M04_status=complete_gb=BT118567 13698379
.20 GQ04007_M04.1_clone=GQ04007_M04_cluster=GQ04007_M04_status=complete_gb=BT118567 4580409
.86 GQ0085_N05.1_clone=GQ0085_N05_cluster=GQ0085_N05_status=complete_gb=BT101267 13980833
.10 GQ0085_N05.1_clone=GQ0085_N05_cluster=GQ0085_N05_status=complete_gb=BT101267 6592928
.73 GQ03612_B18.1_clone=GQ03612_B18_cluster=GQ03612_B18_status=complete_gb=BT115234 13663289
.58 GQ03612_B18.1_clone=GQ03612_B18_cluster=GQ03612_B18_status=complete_gb=BT115234 13892859
.45 GQ03612_B18.1_clone=GQ03612_B18_cluster=GQ03612_B18_status=complete_gb=BT115234 5007791
.21 GQ03612_B18.1_clone=GQ03612_B18_cluster=GQ03612_B18_status=complete_gb=BT115234 3327295
.16 GQ03612_B18.1_clone=GQ03612_B18_cluster=GQ03612_B18_status=complete_gb=BT115234 13709130
.39 GQ0163_I14.1_clone=GQ0163_I14_cluster=GQ0163_I14_status=complete_gb=BT102024 13980755
.28 GQ03002_A10.1_clone=GQ03002_A10_cluster=GQ03002_A10_status=complete_gb=BT106447 13976715
.70 GQ03002_A10.1_clone=GQ03002_A10_cluster=GQ03002_A10_status=complete_gb=BT106447 13980590
.23 GQ02812_D14.1_clone=GQ02812_D14_cluster=GQ02812_D14_status=complete_gb=BT104587 13673253
.61 GQ02812_D14.1_clone=GQ02812_D14_cluster=GQ02812_D14_status=complete_gb=BT104587 13698138
.32 GQ03717_L14.1_clone=GQ03717_L14_cluster=GQ03717_L14_status=complete_gb=BT116382 13980716
.31 GQ03007_P04.1_clone=GQ03007_P04_cluster=GQ03007_P04_status=complete_gb=BT106685 13806224
.68 GQ03007_P04.1_clone=GQ03007_P04_cluster=GQ03007_P04_status=complete_gb=BT106685 13980767
.46 GQ02803_J19.1_clone=GQ02803_J19_cluster=GQ02803_J19_status=complete_gb=BT103881 13663965
.38 GQ02826_N05.2_clone=GQ02826_N05_cluster=GQ02826_N05_status=complete_gb=BT105710 13980832
.25 GQ02826_N05.2_clone=GQ02826_N05_cluster=GQ02826_N05_status=complete_gb=BT105710 13980832
.14 GQ03407_A24.1_clone=GQ03407_A24_cluster=GQ03407_A24_status=complete_gb=BT113400 2655662
.13 GQ03407_A24.1_clone=GQ03407_A24_cluster=GQ03407_A24_status=complete_gb=BT113400 1316627
.30 GQ0207_N23.1_clone=GQ0207_N23_cluster=GQ0207_N23_status=53 13676163
.26 GQ0207_N23.1_clone=GQ0207_N23_cluster=GQ0207_N23_status=53 3834127
.69 GQ03105_L06.1_clone=GQ03105_L06_cluster=GQ03105_L06_status=complete_gb=BT107320 13677072
.11 GQ03105_L06.1_clone=GQ03105_L06_cluster=GQ03105_L06_status=complete_gb=BT107320 8522989
.09 GQ03105_L06.1_clone=GQ03105_L06_cluster=GQ03105_L06_status=complete_gb=BT107320 5770528
.20 GQ0042_C18.1_clone=GQ0042_C18_cluster=GQ0042_C18_status=complete_gb=BT100755 13697327
.14 GQ0042_C18.1_clone=GQ0042_C18_cluster=GQ0042_C18_status=complete_gb=BT100755 13860244
.13 GQ03233_B24.1_clone=GQ03233_B24_cluster=GQ03233_B24_status=complete_gb=BT111135 1676878
.24 GQ03233_B24.1_clone=GQ03233_B24_cluster=GQ03233_B24_status=complete_gb=BT111135 3056824
.30 GQ0255_E21.1_clone=GQ0255_E21_cluster=GQ0255_E21_status=complete_gb=BT103493 13980761
.18 GQ0255_E21.1_clone=GQ0255_E21_cluster=GQ0255_E21_status=complete_gb=BT103493 13671657
.55 GQ03503_K06.1_clone=GQ03503_K06_cluster=GQ03503_K06_status=complete_gb=BT113886 13980557
.21 GQ03503_K06.1_clone=GQ03503_K06_cluster=GQ03503_K06_status=complete_gb=BT113886 13864546
.17 GQ03908_J24.1_clone=GQ03908_J24_cluster=GQ03908_J24_status=complete_gb=BT117717 13825082
.72 GQ03908_J24.1_clone=GQ03908_J24_cluster=GQ03908_J24_status=complete_gb=BT117717 13675905
.20 GQ03308_C24.2_clone=GQ03308_C24_cluster=GQ03308_C24_status=complete_gb=BT111955 13667174
.14 GQ03308_C24.2_clone=GQ03308_C24_cluster=GQ03308_C24_status=complete_gb=BT111955 4777037
.14 GQ03308_C24.2_clone=GQ03308_C24_cluster=GQ03308_C24_status=complete_gb=BT111955 13663684
.14 GQ03308_C24.2_clone=GQ03308_C24_cluster=GQ03308_C24_status=complete_gb=BT111955 3615103
.83 GQ03214_F06.1_clone=GQ03214_F06_cluster=GQ03214_F06_status=complete_gb=BT109964 13664786
.15 GQ03214_F06.1_clone=GQ03214_F06_cluster=GQ03214_F06_status=complete_gb=BT109964 1528281
.42 GQ0033_P10.1_clone=GQ0033_P10_cluster=GQ0033_P10_status=complete_gb=BT100640 13980846
.14 GQ0033_P10.1_clone=GQ0033_P10_cluster=GQ0033_P10_status=complete_gb=BT100640 13696638
.27 GQ02810_D05.1_clone=GQ02810_D05_cluster=GQ02810_D05_status=complete_gb=BT104422 13980734
.18 GQ02810_D05.1_clone=GQ02810_D05_cluster=GQ02810_D05_status=complete_gb=BT104422 4632943
.47 GQ03228_D06.2_clone=GQ03228_D06_cluster=GQ03228_D06_status=complete_gb=BT110804 13687726
.37 GQ03228_D06.2_clone=GQ03228_D06_cluster=GQ03228_D06_status=complete_gb=BT110804 978690
.23 GQ03228_D06.2_clone=GQ03228_D06_cluster=GQ03228_D06_status=complete_gb=BT110804 13703728
.14 GQ03228_D06.2_clone=GQ03228_D06_cluster=GQ03228_D06_status=complete_gb=BT110804 1644104
.12 GQ03228_D06.2_clone=GQ03228_D06_cluster=GQ03228_D06_status=complete_gb=BT110804 13703727
.14 GQ04108_L03.1_clone=GQ04108_L03_cluster=GQ04108_L03_status=complete_gb=BT119680 13853109
.72 GQ04108_L03.1_clone=GQ04108_L03_cluster=GQ04108_L03_status=complete_gb=BT119680 13980760
.39 GQ03226_N23.1_clone=GQ03226_N23_cluster=GQ03226_N23_status=complete_gb=BT110717 13664098
.32 GQ03226_N23.1_clone=GQ03226_N23_cluster=GQ03226_N23_status=complete_gb=BT110717 779758
.26 GQ03219_M24.2_clone=GQ03219_M24_cluster=GQ03219_M24_status=complete_gb=BT110322 13881679
.17 GQ03219_M24.2_clone=GQ03219_M24_cluster=GQ03219_M24_status=complete_gb=BT110322 13671408
.99 GQ04112_O07.1_clone=GQ04112_O07_cluster=GQ04112_O07_status=complete_gb=BT119944 13980591
.66 WS00724_I18.1_clone=WS00724_I18_cluster=WS00724_I18_status=complete 13668580
.30 WS00724_I18.1_clone=WS00724_I18_cluster=WS00724_I18_status=complete 13683677
.60 GQ03905_E07.4_clone=GQ03905_E07_cluster=GQ03905_E07_status=complete_gb=BT117620 13661344
.14 GQ03905_E07.4_clone=GQ03905_E07_cluster=GQ03905_E07_status=complete_gb=BT117620 5075381
.50 GQ03103_P13.1_clone=GQ03103_P13_cluster=GQ03103_P13_status=complete_gb=BT107186 2272551
.17 GQ03103_P13.1_clone=GQ03103_P13_cluster=GQ03103_P13_status=complete_gb=BT107186 5365316
.16 GQ03103_P13.1_clone=GQ03103_P13_cluster=GQ03103_P13_status=complete_gb=BT107186 2254146
.16 GQ03103_P13.1_clone=GQ03103_P13_cluster=GQ03103_P13_status=complete_gb=BT107186 4776530
.15 GQ03103_P13.1_clone=GQ03103_P13_cluster=GQ03103_P13_status=complete_gb=BT107186 13939365
.48 GQ04007_F04.1_clone=GQ04007_F04_cluster=GQ04007_F04_status=complete_gb=BT118526 13675371
.25 GQ04007_F04.1_clone=GQ04007_F04_cluster=GQ04007_F04_status=complete_gb=BT118526 13688948
.75 GQ04112_P02.3_clone=GQ04112_P02_cluster=GQ04112_P02_status=complete_gb=BT119947 13668100
.24 GQ04112_P02.3_clone=GQ04112_P02_cluster=GQ04112_P02_status=complete_gb=BT119947 5425395
.36 GQ0202_B05.1_clone=GQ0202_B05_cluster=GQ0202_B05_status=53 13761159
.26 GQ0202_B05.1_clone=GQ0202_B05_cluster=GQ0202_B05_status=53 1223368
.32 GQ0202_B05.1_clone=GQ0202_B05_cluster=GQ0202_B05_status=53 3530026
.28 GQ0202_B05.1_clone=GQ0202_B05_cluster=GQ0202_B05_status=53 13671163
.20 GQ0202_B05.1_clone=GQ0202_B05_cluster=GQ0202_B05_status=53 1249479
.34 GQ03505_L07.1_clone=GQ03505_L07_cluster=GQ03505_L07_status=complete_gb=BT113971 13834071
.17 GQ03505_L07.1_clone=GQ03505_L07_cluster=GQ03505_L07_status=complete_gb=BT113971 10362578
.55 GQ04003_O20.1_clone=GQ04003_O20_cluster=GQ04003_O20_status=complete_gb=BT118233 13980834
.16 GQ04003_O20.1_clone=GQ04003_O20_cluster=GQ04003_O20_status=complete_gb=BT118233 1333973
.54 GQ02818_H20.1_clone=GQ02818_H20_cluster=GQ02818_H20_status=complete_gb=BT105097 13929311
.27 GQ02818_H20.1_clone=GQ02818_H20_cluster=GQ02818_H20_status=complete_gb=BT105097 13679885
.50 GQ02819_O03.1_clone=GQ02819_O03_cluster=GQ02819_O03_status=complete_gb=BT105222 13980520
.25 GQ03210_J11.1_clone=GQ03210_J11_cluster=GQ03210_J11_status=complete_gb=BT109611 9261966
.24 GQ03210_J11.1_clone=GQ03210_J11_cluster=GQ03210_J11_status=complete_gb=BT109611 5336190
.25 GQ02814_O17.1_clone=GQ02814_O17_cluster=GQ02814_O17_status=complete_gb=BT104780 3403848
.51 GQ02814_O17.1_clone=GQ02814_O17_cluster=GQ02814_O17_status=complete_gb=BT104780 13677404
.23 GQ03008_F09.1_clone=GQ03008_F09_cluster=GQ03008_F09_status=complete_gb=BT106698 13675496
.49 GQ03008_F09.1_clone=GQ03008_F09_cluster=GQ03008_F09_status=complete_gb=BT106698 2988830
.84 GQ03607_B22.1_clone=GQ03607_B22_cluster=GQ03607_B22_status=complete_gb=BT115006 13980841
.24 GQ04008_C11.2_clone=GQ04008_C11_cluster=GQ04008_C11_status=complete_gb=BT118605 13980837
.20 GQ04008_C11.2_clone=GQ04008_C11_cluster=GQ04008_C11_status=complete_gb=BT118605 13980837
.41 GQ04105_M22.1_clone=GQ04105_M22_cluster=GQ04105_M22_status=complete_gb=BT119446 501562
.56 GQ04105_M22.1_clone=GQ04105_M22_cluster=GQ04105_M22_status=complete_gb=BT119446 13671699
.29 GQ03125_C11.3_clone=GQ03125_C11_cluster=GQ03125_C11_status=53 13667296
.25 GQ03101_M06.1_clone=GQ03101_M06_cluster=GQ03101_M06_status=complete_gb=BT107010 13758286
.29 GQ03101_M06.1_clone=GQ03101_M06_cluster=GQ03101_M06_status=complete_gb=BT107010 2772616
.23 GQ03919_F17.1_clone=GQ03919_F17_cluster=GQ03919_F17_status=complete_gb=BT117977 13675496
.40 GQ03919_F17.1_clone=GQ03919_F17_cluster=GQ03919_F17_status=complete_gb=BT117977 13678249
.71 GQ03231_I20.1_clone=GQ03231_I20_cluster=GQ03231_I20_status=complete_gb=BT111031 13980849
.09 GQ03231_I20.1_clone=GQ03231_I20_cluster=GQ03231_I20_status=complete_gb=BT111031 13717968
.14 GQ02905_L12.1_clone=GQ02905_L12_cluster=GQ02905_L12_status=complete_gb=BT106238 13851454
.80 GQ02905_L12.1_clone=GQ02905_L12_cluster=GQ02905_L12_status=complete_gb=BT106238 13980843
.24 GQ04103_E16.1_clone=GQ04103_E16_cluster=GQ04103_E16_status=complete_gb=BT119264 13980542
.13 GQ04103_E16.1_clone=GQ04103_E16_cluster=GQ04103_E16_status=complete_gb=BT119264 13731045
.98 GQ03817_A17.1_clone=GQ03817_A17_cluster=GQ03817_A17_status=complete_gb=BT117314 13980741
.41 GQ03238_F06.1_clone=GQ03238_F06_cluster=GQ03238_F06_status=complete_gb=BT111480 13662499
.15 GQ03238_F06.1_clone=GQ03238_F06_cluster=GQ03238_F06_status=complete_gb=BT111480 13675175
.29 GQ02901_N04.1_clone=GQ02901_N04_cluster=GQ02901_N04_status=complete_gb=BT106039 3762599
.06 GQ02901_N04.1_clone=GQ02901_N04_cluster=GQ02901_N04_status=complete_gb=BT106039 13697299
.24 GQ03519_C08.4_clone=GQ03519_C08_cluster=GQ03519_C08_status=complete_gb=BT114673 13678601
.22 GQ03519_C08.4_clone=GQ03519_C08_cluster=GQ03519_C08_status=complete_gb=BT114673 13677967
.17 GQ03519_C08.4_clone=GQ03519_C08_cluster=GQ03519_C08_status=complete_gb=BT114673 13719948
.13 GQ03519_C08.4_clone=GQ03519_C08_cluster=GQ03519_C08_status=complete_gb=BT114673 3700629
.13 GQ03519_C08.4_clone=GQ03519_C08_cluster=GQ03519_C08_status=complete_gb=BT114673 888298
.33 GQ03225_F17.1_clone=GQ03225_F17_cluster=GQ03225_F17_status=complete_gb=BT110660 13802636
.44 GQ03225_F17.1_clone=GQ03225_F17_cluster=GQ03225_F17_status=complete_gb=BT110660 3050261
.19 GQ03302_C08.1_clone=GQ03302_C08_cluster=GQ03302_C08_status=complete_gb=BT111680 13669165
.33 GQ03302_C08.1_clone=GQ03302_C08_cluster=GQ03302_C08_status=complete_gb=BT111680 13668632
.97 GQ03215_C09.1_clone=GQ03215_C09_cluster=GQ03215_C09_status=complete_gb=BT110037 13980828
.23 GQ04012_E24.1_clone=GQ04012_E24_cluster=GQ04012_E24_status=complete_gb=BT118950 4772288
.17 GQ04012_E24.1_clone=GQ04012_E24_cluster=GQ04012_E24_status=complete_gb=BT118950 3429150
.17 GQ04012_E24.1_clone=GQ04012_E24_cluster=GQ04012_E24_status=complete_gb=BT118950 361043
.21 GQ04012_E24.1_clone=GQ04012_E24_cluster=GQ04012_E24_status=complete_gb=BT118950 13663785
.36 GQ03239_M01.1_clone=GQ03239_M01_cluster=GQ03239_M01_status=complete_gb=BT111579 13980764
.23 GQ03239_M01.1_clone=GQ03239_M01_cluster=GQ03239_M01_status=complete_gb=BT111579 13693751
.15 GQ03239_M01.1_clone=GQ03239_M01_cluster=GQ03239_M01_status=complete_gb=BT111579 1856818
.22 GQ03919_H15.4_clone=GQ03919_H15_cluster=GQ03919_H15_status=complete_gb=BT117981 13766906
.16 GQ03919_H15.4_clone=GQ03919_H15_cluster=GQ03919_H15_status=complete_gb=BT117981 1309687
.15 GQ03919_H15.4_clone=GQ03919_H15_cluster=GQ03919_H15_status=complete_gb=BT117981 4335930
.14 GQ03919_H15.4_clone=GQ03919_H15_cluster=GQ03919_H15_status=complete_gb=BT117981 3774255
.13 GQ03919_H15.4_clone=GQ03919_H15_cluster=GQ03919_H15_status=complete_gb=BT117981 4552379
.20 GQ03101_B16.1_clone=GQ03101_B16_cluster=GQ03101_B16_status=complete_gb=BT106949 4174747
.64 GQ03101_B16.1_clone=GQ03101_B16_cluster=GQ03101_B16_status=complete_gb=BT106949 13980803
.17 GQ0206_D24.1_clone=GQ0206_D24_cluster=GQ0206_D24_status=complete_gb=BT103080 540615
.15 GQ0206_D24.1_clone=GQ0206_D24_cluster=GQ0206_D24_status=complete_gb=BT103080 2100929
.73 GQ03116_C07.1_clone=GQ03116_C07_cluster=GQ03116_C07_status=complete_gb=BT108032 13980752
.11 GQ03116_C07.1_clone=GQ03116_C07_cluster=GQ03116_C07_status=complete_gb=BT108032 6237619
.62 GQ03228_F24.1_clone=GQ03228_F24_cluster=GQ03228_F24_status=complete_gb=BT110818 13980650
.17 GQ03228_F24.1_clone=GQ03228_F24_cluster=GQ03228_F24_status=complete_gb=BT110818 4987000
.14 GQ03228_F24.1_clone=GQ03228_F24_cluster=GQ03228_F24_status=complete_gb=BT110818 13973477
.43 GQ0257_K11.1_clone=GQ0257_K11_cluster=GQ0257_K11_status=complete_gb=BT103578 13672129
.06 GQ0257_K11.1_clone=GQ0257_K11_cluster=GQ0257_K11_status=complete_gb=BT103578 13677455
.03 GQ0257_K11.1_clone=GQ0257_K11_cluster=GQ0257_K11_status=complete_gb=BT103578 2324423
.24 GQ03715_D20.1_clone=GQ03715_D20_cluster=GQ03715_D20_status=complete_gb=BT116279 13665592
.43 GQ03715_D20.1_clone=GQ03715_D20_cluster=GQ03715_D20_status=complete_gb=BT116279 4593664
.79 GQ03302_D19.1_clone=GQ03302_D19_cluster=GQ03302_D19_status=complete_gb=BT111689 13682490
.12 GQ03302_D19.1_clone=GQ03302_D19_cluster=GQ03302_D19_status=complete_gb=BT111689 13867857
.42 GQ03233_K20.2_clone=GQ03233_K20_cluster=GQ03233_K20_status=53 13680261
.21 GQ03233_K20.2_clone=GQ03233_K20_cluster=GQ03233_K20_status=53 13680261
.08 GQ03233_K20.2_clone=GQ03233_K20_cluster=GQ03233_K20_status=53 2321314
.07 GQ03233_K20.2_clone=GQ03233_K20_cluster=GQ03233_K20_status=53 13796922
.34 GQ03604_G24.4_clone=GQ03604_G24_cluster=GQ03604_G24_status=complete_gb=BT114884 13980847
.17 GQ03604_G24.4_clone=GQ03604_G24_cluster=GQ03604_G24_status=complete_gb=BT114884 13672129
.29 GQ0202_G13.1_clone=GQ0202_G13_cluster=GQ0202_G13_status=53 13980847
.21 GQ0202_G13.1_clone=GQ0202_G13_cluster=GQ0202_G13_status=53 1627824
.21 GQ0202_G13.1_clone=GQ0202_G13_cluster=GQ0202_G13_status=53 3077882
.15 GQ0202_G13.1_clone=GQ0202_G13_cluster=GQ0202_G13_status=53 13677455
.80 WS00830_B01.1_clone=WS00830_B01_cluster=WS00830_B01_status=complete 13679935
.18 WS00830_B01.1_clone=WS00830_B01_cluster=WS00830_B01_status=complete 13662470
.53 GQ03908_E22.1_clone=GQ03908_E22_cluster=GQ03908_E22_status=complete_gb=BT117707 13662470
.14 GQ03908_E22.1_clone=GQ03908_E22_cluster=GQ03908_E22_status=complete_gb=BT117707 2321314
.63 GQ03510_G15.3_clone=GQ03510_G15_cluster=GQ03510_G15_status=complete_gb=BT114218 13980847
.25 GQ03510_G15.3_clone=GQ03510_G15_cluster=GQ03510_G15_status=complete_gb=BT114218 13672129
.31 GQ0201_N05.2_clone=GQ0201_N05_cluster=GQ0201_N05_status=complete_gb=BT102859 13661788
.65 GQ0201_N05.2_clone=GQ0201_N05_cluster=GQ0201_N05_status=complete_gb=BT102859 13980830
.27 GQ0167_J14.1_clone=GQ0167_J14_cluster=GQ0167_J14_status=complete_gb=BT102158 2086146
.28 GQ0167_J14.1_clone=GQ0167_J14_cluster=GQ0167_J14_status=complete_gb=BT102158 4179077
.15 GQ02808_H16.1_clone=GQ02808_H16_cluster=GQ02808_H16_status=complete_gb=BT104280 6318616
.83 GQ02808_H16.1_clone=GQ02808_H16_cluster=GQ02808_H16_status=complete_gb=BT104280 13980639
.42 GQ03209_E02.1_clone=GQ03209_E02_cluster=GQ03209_E02_status=complete_gb=BT109505 13980836
.25 GQ03209_E02.1_clone=GQ03209_E02_cluster=GQ03209_E02_status=complete_gb=BT109505 13980836
.34 GQ03223_E14.1_clone=GQ03223_E14_cluster=GQ03223_E14_status=complete_gb=BT110550 13672111
.07 GQ03223_E14.1_clone=GQ03223_E14_cluster=GQ03223_E14_status=complete_gb=BT110550 13693348
.44 maker-168552471-snap-gene-0.87-mRNA-1 10718398
.27 maker-168552471-snap-gene-0.87-mRNA-1 10728365
.54 augustus_masked-166957201-processed-gene-0.0-mRNA-1 13667661
.26 augustus_masked-166957201-processed-gene-0.0-mRNA-1 3038190
.63 augustus_masked-164159076-processed-gene-0.0-mRNA-1 13677125
.33 augustus_masked-164159076-processed-gene-0.0-mRNA-1 1243826
.64 augustus_masked-166398839-processed-gene-0.0-mRNA-1 5071219
.01 augustus_masked-168260897-processed-gene-0.0-mRNA-1 13665799
.73 augustus_masked-164555762-processed-gene-0.0-mRNA-1 13691875
.53 maker-168185459-augustus-gene-0.8-mRNA-1 13980620
.18 maker-168185459-augustus-gene-0.8-mRNA-1 13671545
.14 maker-168185459-augustus-gene-0.8-mRNA-1 13682895
.12 maker-168185459-augustus-gene-0.8-mRNA-1 13687925
.28 maker-167852735-snap-gene-0.33-mRNA-1 13671942
.86 maker-164438596-snap-gene-0.4-mRNA-1 13980564
.04 maker-164438596-snap-gene-0.4-mRNA-1 10646912
.24 augustus_masked-167968752-processed-gene-0.2-mRNA-1 13680679
.07 augustus_masked-167968752-processed-gene-0.2-mRNA-1 13686105
.07 augustus_masked-167968752-processed-gene-0.2-mRNA-1 13773041
0 augustus_masked-167968752-processed-gene-0.2-mRNA-1 13713023
.01 augustus_masked-167968752-processed-gene-0.2-mRNA-1 13702679
.39 augustus_masked-168098274-processed-gene-0.0-mRNA-1 5329661
.28 augustus_masked-168098274-processed-gene-0.0-mRNA-1 5172504
.25 augustus_masked-168098274-processed-gene-0.0-mRNA-1 12294824
.28 augustus_masked-168098274-processed-gene-0.0-mRNA-1 13522726
.22 augustus_masked-168098274-processed-gene-0.0-mRNA-1 13270834
.23 maker-168558404-augustus-gene-0.56-mRNA-1 13680856
.18 maker-168558404-augustus-gene-0.56-mRNA-1 13678655
.78 snap_masked-166951284-processed-gene-0.5-mRNA-1 13855583
.65 snap_masked-166951284-processed-gene-0.5-mRNA-1 8948849
.43 snap_masked-166951284-processed-gene-0.5-mRNA-1 11202021
.47 snap_masked-166951284-processed-gene-0.5-mRNA-1 13450958
.48 snap_masked-166951284-processed-gene-0.5-mRNA-1 12392303
.14 augustus_masked-166969463-processed-gene-0.0-mRNA-1 5077655
.60 augustus_masked-166969463-processed-gene-0.0-mRNA-1 13668942
.70 maker-168482453-augustus-gene-0.25-mRNA-1 13677914
.12 maker-168482453-augustus-gene-0.25-mRNA-1 9869334
.30 maker-166676062-augustus-gene-0.4-mRNA-1 1603181
.33 maker-166676062-augustus-gene-0.4-mRNA-1 13664738
.14 snap_masked-168561206-processed-gene-0.34-mRNA-1 5563789
.13 snap_masked-168561206-processed-gene-0.34-mRNA-1 5658087
.04 snap_masked-168561206-processed-gene-0.34-mRNA-1 13695967
.61 maker-168344675-augustus-gene-0.19-mRNA-1 13667306
.52 maker-168463853-augustus-gene-0.45-mRNA-1 4649040
.34 maker-168463853-augustus-gene-0.45-mRNA-1 4648488
.27 maker-168463853-augustus-gene-0.45-mRNA-1 6819838
.22 maker-168463853-augustus-gene-0.45-mRNA-1 10099337
.62 augustus_masked-168576998-processed-gene-0.2-mRNA-1 13668408
.16 augustus_masked-168576998-processed-gene-0.2-mRNA-1 13671549
.08 augustus_masked-168576998-processed-gene-0.2-mRNA-1 4696913
.55 maker-168342428-snap-gene-0.31-mRNA-1 13980595
.16 maker-168342428-snap-gene-0.31-mRNA-1 3655800
.05 maker-168342428-snap-gene-0.31-mRNA-1 11204020
.36 maker-168185422-snap-gene-0.8-mRNA-1 13667691
.31 maker-168185422-snap-gene-0.8-mRNA-1 13795873
.22 maker-168416920-snap-gene-0.30-mRNA-1 13854799
.30 maker-168416920-snap-gene-0.30-mRNA-1 13666617
.57 augustus_masked-69470454-processed-gene-0.0-mRNA-1 5871744
.48 augustus_masked-69470454-processed-gene-0.0-mRNA-1 13773131
.24 augustus_masked-69470454-processed-gene-0.0-mRNA-1 8959983
.55 augustus_masked-163162602-processed-gene-0.0-mRNA-1 13673106
.16 augustus_masked-163162602-processed-gene-0.0-mRNA-1 4009670
.09 augustus_masked-163162602-processed-gene-0.0-mRNA-1 3332993
.08 augustus_masked-163162602-processed-gene-0.0-mRNA-1 3332992
.77 augustus_masked-167857550-processed-gene-0.2-mRNA-1 11666241
.89 maker-168571773-snap-gene-0.16-mRNA-1 13980795
.10 maker-168571773-snap-gene-0.16-mRNA-1 4696954
.61 maker-168556839-snap-gene-0.105-mRNA-1 13696790
.40 maker-168556839-snap-gene-0.105-mRNA-1 13712331
.31 maker-168556839-snap-gene-0.105-mRNA-1 3396582
.21 maker-168556839-snap-gene-0.105-mRNA-1 13804229
.88 genemark-168311127-processed-gene-0.35-mRNA-1 13665015
.06 genemark-168311127-processed-gene-0.35-mRNA-1 4110266
.29 augustus_masked-159506151-processed-gene-0.0-mRNA-1 13681622
.28 augustus_masked-159506151-processed-gene-0.0-mRNA-1 4250488
.24 augustus_masked-159506151-processed-gene-0.0-mRNA-1 13668281
.18 augustus_masked-159506151-processed-gene-0.0-mRNA-1 13668280
.41 maker-168187989-snap-gene-1.83-mRNA-1 5333770
.39 maker-168187989-snap-gene-1.83-mRNA-1 13674230
.30 maker-168187989-snap-gene-1.83-mRNA-1 13674231
.14 maker-168187989-snap-gene-1.83-mRNA-1 5919798
.71 augustus_masked-167884116-processed-gene-0.1-mRNA-1 2707266
.21 augustus_masked-167884116-processed-gene-0.1-mRNA-1 344467
.82 maker-168484372-augustus-gene-0.31-mRNA-2 13980806
.03 maker-168484372-augustus-gene-0.31-mRNA-2 4229827
.18 augustus_masked-167966113-processed-gene-0.0-mRNA-1 4063517
.80 augustus_masked-167966113-processed-gene-0.0-mRNA-1 13673489
.30 snap_masked-162679802-processed-gene-0.2-mRNA-1 13682884
.50 snap_masked-162679802-processed-gene-0.2-mRNA-1 13980838
.20 maker-168247343-augustus-gene-0.29-mRNA-1 13664157
.77 maker-168247343-augustus-gene-0.29-mRNA-1 13980688
.13 augustus_masked-168509131-processed-gene-0.0-mRNA-1 2842189
.13 augustus_masked-168509131-processed-gene-0.0-mRNA-1 13731209
.12 augustus_masked-168509131-processed-gene-0.0-mRNA-1 2411274
.01 augustus_masked-168509131-processed-gene-0.0-mRNA-1 13980694
.02 augustus_masked-168509131-processed-gene-0.0-mRNA-1 13980694
.25 maker-168210662-snap-gene-0.16-mRNA-1 13680992
.52 maker-168210662-snap-gene-0.16-mRNA-1 3530026
.46 maker-168445710-snap-gene-0.31-mRNA-1 4940292
.30 maker-168445710-snap-gene-0.31-mRNA-1 13980587
.24 maker-168445710-snap-gene-0.31-mRNA-1 13675452
.36 maker-167810187-snap-gene-0.54-mRNA-1 13980707
.18 maker-167810187-snap-gene-0.54-mRNA-1 156014
.18 maker-167810187-snap-gene-0.54-mRNA-1 13662830
.47 maker-168258646-augustus-gene-0.16-mRNA-1 13980802
.52 maker-168258646-augustus-gene-0.16-mRNA-1 13980802
.51 maker-168258646-augustus-gene-0.16-mRNA-2 13980802
.18 maker-168209118-augustus-gene-0.7-mRNA-1 3013193
.11 maker-168209118-augustus-gene-0.7-mRNA-1 6186286
.09 maker-168209118-augustus-gene-0.7-mRNA-1 4916542
.96 maker-168199124-augustus-gene-0.38-mRNA-2 13980839
0 maker-168199124-augustus-gene-0.38-mRNA-2 13678027
.39 maker-168160115-snap-gene-0.33-mRNA-1 10015041
.34 maker-168160115-snap-gene-0.33-mRNA-1 11681937
.42 maker-168510392-augustus-gene-0.32-mRNA-1 13669086
.19 maker-168510392-augustus-gene-0.32-mRNA-1 13711238
.37 genemark-168348257-processed-gene-0.7-mRNA-1 3251499
.31 genemark-168348257-processed-gene-0.7-mRNA-1 13704727
.67 augustus_masked-162043800-processed-gene-0.1-mRNA-1 13756372
.25 maker-168525939-snap-gene-0.27-mRNA-1 13667605
.11 maker-168525939-snap-gene-0.27-mRNA-1 13679591
.33 maker-167123762-augustus-gene-0.4-mRNA-1 13693289
.33 maker-167123762-augustus-gene-0.4-mRNA-1 13664537
.36 maker-167880887-snap-gene-0.16-mRNA-2 13704996
.19 maker-167880887-snap-gene-0.16-mRNA-2 4452231
.13 maker-167880887-snap-gene-0.16-mRNA-2 4856664
.36 genemark-168570268-processed-gene-0.1-mRNA-1 435941
.27 genemark-168570268-processed-gene-0.1-mRNA-1 4418488
.04 maker-168559971-augustus-gene-0.59-mRNA-1 9209299
.05 maker-168559971-augustus-gene-0.59-mRNA-1 13690092
.32 maker-162361310-augustus-gene-0.3-mRNA-1 13760213
.28 maker-162361310-augustus-gene-0.3-mRNA-1 654339
.24 maker-168553763-snap-gene-0.66-mRNA-1 13691564
.54 augustus_masked-168186869-processed-gene-0.0-mRNA-1 13874389
.45 augustus_masked-168186869-processed-gene-0.0-mRNA-1 13874389
.57 augustus_masked-168574494-processed-gene-0.19-mRNA-1 13717542
.14 augustus_masked-168574494-processed-gene-0.19-mRNA-1 13886452
.14 augustus_masked-168574494-processed-gene-0.19-mRNA-1 13804816
.84 maker-168308330-snap-gene-0.66-mRNA-2 13980851
.10 maker-168139244-augustus-gene-0.12-mRNA-1 13769775
.04 maker-168139244-augustus-gene-0.12-mRNA-1 3110678
.49 augustus_masked-168364584-processed-gene-0.5-mRNA-1 10376688
.33 augustus_masked-168364584-processed-gene-0.5-mRNA-1 13710989
.46 augustus_masked-166168282-processed-gene-0.0-mRNA-1 13691875
.27 augustus_masked-166168282-processed-gene-0.0-mRNA-1 7097490
.21 augustus_masked-166168282-processed-gene-0.0-mRNA-1 6571008
.38 maker-168188282-snap-gene-0.23-mRNA-1 332378
.35 maker-168188282-snap-gene-0.23-mRNA-1 2643068
.02 genemark-168263768-processed-gene-0.8-mRNA-1 13762111
.69 maker-168564501-snap-gene-0.96-mRNA-1 13723190
.38 maker-168480631-snap-gene-0.91-mRNA-1 4562563
.99 augustus_masked-168253975-processed-gene-0.2-mRNA-1 13701551
.67 augustus_masked-168253975-processed-gene-0.2-mRNA-1 13713453
.16 genemark-168486706-processed-gene-0.13-mRNA-1 13699892
.11 genemark-168486706-processed-gene-0.13-mRNA-1 13694715
.42 maker-165688728-augustus-gene-0.6-mRNA-1 13668416
.20 maker-165688728-augustus-gene-0.6-mRNA-1 5125572
.17 maker-165688728-augustus-gene-0.6-mRNA-1 815023
.11 maker-165688728-augustus-gene-0.6-mRNA-1 212444
.45 maker-168311817-augustus-gene-0.36-mRNA-1 13662697
.13 maker-168311817-augustus-gene-0.36-mRNA-1 13737839
.99 maker-168261747-snap-gene-0.5-mRNA-1 13980509
.59 maker-168542883-snap-gene-0.37-mRNA-2 13670190
.61 snap_masked-168365605-processed-gene-0.24-mRNA-1 13670368
.36 snap_masked-168365605-processed-gene-0.24-mRNA-1 6835182
.13 maker-168325025-augustus-gene-0.99-mRNA-1 9472513
.86 maker-168325025-augustus-gene-0.99-mRNA-1 13980808
.61 maker-168554144-snap-gene-0.114-mRNA-1 2634107
.36 augustus_masked-168574625-processed-gene-0.2-mRNA-1 13661331
.24 augustus_masked-168574625-processed-gene-0.2-mRNA-1 13673380
.21 augustus_masked-168574625-processed-gene-0.2-mRNA-1 13670115
.95 maker-168184910-augustus-gene-0.3-mRNA-1 13723520
.27 maker-168550733-augustus-gene-0.52-mRNA-1 13980840
.09 maker-168550733-augustus-gene-0.52-mRNA-1 13768154
.67 snap_masked-162935857-processed-gene-0.2-mRNA-1 13821795
.20 snap_masked-162935857-processed-gene-0.2-mRNA-1 10177075
.99 maker-168163050-augustus-gene-0.24-mRNA-1 13980762
.49 augustus_masked-168561872-processed-gene-0.4-mRNA-1 13661287
.26 augustus_masked-168561872-processed-gene-0.4-mRNA-1 13661654
.40 maker-168227502-augustus-gene-0.4-mRNA-1 4588849
.30 maker-168227502-augustus-gene-0.4-mRNA-1 2703549
.56 snap_masked-168572814-processed-gene-0.65-mRNA-1 12226734
.67 maker-168227771-snap-gene-1.82-mRNA-1 13980663
.14 maker-168227771-snap-gene-1.82-mRNA-1 4569306
.59 snap_masked-167864795-processed-gene-0.15-mRNA-1 9749088
.59 snap_masked-167864795-processed-gene-0.15-mRNA-1 11274521
.59 snap_masked-167864795-processed-gene-0.15-mRNA-1 9640707
.26 genemark-167755353-processed-gene-0.1-mRNA-1 13784560
.72 genemark-167755353-processed-gene-0.1-mRNA-1 13678147
.49 maker-168266694-augustus-gene-0.35-mRNA-1 13980792
.25 maker-168266694-augustus-gene-0.35-mRNA-1 13665546
.65 maker-168246483-augustus-gene-0.36-mRNA-1 1055842
.26 maker-168246483-augustus-gene-0.36-mRNA-1 4066118
.17 maker-168246483-augustus-gene-0.36-mRNA-1 9994160
.69 maker-168540650-augustus-gene-0.6-mRNA-1 4985302
.69 maker-168540650-augustus-gene-0.6-mRNA-1 13695755
.14 maker-168540650-augustus-gene-0.6-mRNA-1 13774113
.40 augustus_masked-167173792-processed-gene-0.0-mRNA-1 12523103
.19 maker-167966794-augustus-gene-0.48-mRNA-1 3576789
.80 maker-167966794-augustus-gene-0.48-mRNA-1 13669747
.14 augustus_masked-168051342-processed-gene-0.0-mRNA-1 3984040
.14 augustus_masked-168051342-processed-gene-0.0-mRNA-1 13663292
.13 augustus_masked-168051342-processed-gene-0.0-mRNA-1 3010091
.01 augustus_masked-168051342-processed-gene-0.0-mRNA-1 2003818
.58 snap_masked-162886009-processed-gene-0.4-mRNA-1 11403708
.58 augustus_masked-166636730-processed-gene-0.0-mRNA-1 5665212
.41 augustus_masked-166636730-processed-gene-0.0-mRNA-1 4244334
.88 maker-168325085-augustus-gene-0.11-mRNA-1 2246312
.12 maker-168325085-augustus-gene-0.11-mRNA-1 11957082
.69 snap_masked-168182828-processed-gene-0.17-mRNA-1 13903039
.33 maker-160498323-snap-gene-0.4-mRNA-1 13674926
.46 maker-160498323-snap-gene-0.4-mRNA-1 3594670
.49 maker-165651684-augustus-gene-0.4-mRNA-1 13700698
.32 maker-165651684-augustus-gene-0.4-mRNA-1 2676937
.31 maker-165651684-augustus-gene-0.4-mRNA-1 13693714
.24 maker-167838212-snap-gene-0.28-mRNA-1 4015532
.75 maker-167838212-snap-gene-0.28-mRNA-1 13980492
.31 snap_masked-168317347-processed-gene-0.3-mRNA-1 13980570
.29 snap_masked-168317347-processed-gene-0.3-mRNA-1 7665888
.20 maker-168187419-augustus-gene-0.20-mRNA-1 2658681
.30 maker-168187419-augustus-gene-0.20-mRNA-1 4265162
.98 augustus_masked-168071412-processed-gene-0.0-mRNA-1 13688866
.47 maker-168480858-snap-gene-0.43-mRNA-2 13762158
.14 maker-168480858-snap-gene-0.43-mRNA-2 7111662
.28 maker-167939125-snap-gene-0.5-mRNA-1 7300351
.43 genemark-158880058-processed-gene-0.0-mRNA-1 8195676
.14 augustus_masked-168222453-processed-gene-0.1-mRNA-1 3119789
.13 augustus_masked-168222453-processed-gene-0.1-mRNA-1 4054703
.78 maker-167940339-snap-gene-0.6-mRNA-1 13669918
.21 maker-167940339-snap-gene-0.6-mRNA-1 13696761
.16 augustus_masked-168485445-processed-gene-0.2-mRNA-1 10808785
.16 augustus_masked-168485445-processed-gene-0.2-mRNA-1 6346575
.48 maker-168534214-snap-gene-0.13-mRNA-1 2444326
.34 maker-168534214-snap-gene-0.13-mRNA-1 13757921
.03 maker-168534214-snap-gene-0.13-mRNA-1 535167
.21 genemark-168552794-processed-gene-0.68-mRNA-1 13692256
.07 genemark-168552794-processed-gene-0.68-mRNA-1 13752455
.03 genemark-168552794-processed-gene-0.68-mRNA-1 3648015
.29 genemark-168255495-processed-gene-0.9-mRNA-1 3444977
.14 genemark-168255495-processed-gene-0.9-mRNA-1 4158565
.85 maker-168421156-augustus-gene-0.4-mRNA-1 13667024
.14 maker-168421156-augustus-gene-0.4-mRNA-1 13670237
.76 maker-168191117-augustus-gene-0.18-mRNA-1 13980485
.10 maker-168191117-augustus-gene-0.18-mRNA-1 8436123
.10 maker-168191117-augustus-gene-0.18-mRNA-1 8911488
.09 maker-168191117-augustus-gene-0.18-mRNA-1 11559251
.38 maker-168382216-augustus-gene-0.20-mRNA-1 13662902
.26 maker-168382216-augustus-gene-0.20-mRNA-1 3890045
.19 maker-168382216-augustus-gene-0.20-mRNA-1 13759836
.17 maker-168382216-augustus-gene-0.20-mRNA-1 13690321
.35 augustus_masked-168505458-processed-gene-0.1-mRNA-1 13723658
.36 augustus_masked-168505458-processed-gene-0.1-mRNA-1 13748462
.47 genemark-168395792-processed-gene-0.11-mRNA-1 13980518
.35 maker-168030313-augustus-gene-0.6-mRNA-1 13679913
.24 maker-168030313-augustus-gene-0.6-mRNA-1 13745123
.99 snap_masked-166230727-processed-gene-0.2-mRNA-1 13980491
.26 augustus_masked-164790917-processed-gene-0.0-mRNA-1 1278728
.69 augustus_masked-164790917-processed-gene-0.0-mRNA-1 13980497
.34 maker-166472876-augustus-gene-0.5-mRNA-1 13669241
.17 maker-166472876-augustus-gene-0.5-mRNA-1 13661984
.36 maker-166472876-augustus-gene-0.5-mRNA-2 13669241
.20 maker-166472876-augustus-gene-0.5-mRNA-2 13661984
.18 maker-166472876-augustus-gene-0.5-mRNA-2 2020333
.45 maker-168521667-augustus-gene-0.65-mRNA-2 13662203
.11 maker-168521667-augustus-gene-0.65-mRNA-2 3487967
.47 augustus_masked-168556690-processed-gene-0.21-mRNA-1 13690941
.16 augustus_masked-168556690-processed-gene-0.21-mRNA-1 3997242
.82 maker-168190501-snap-gene-0.80-mRNA-1 13980646
.12 maker-168190501-snap-gene-0.80-mRNA-1 5813013
.05 maker-168556614-augustus-gene-0.47-mRNA-1 13677734
.07 maker-168556614-augustus-gene-0.47-mRNA-1 6405178
.01 maker-168556614-augustus-gene-0.47-mRNA-1 1521561
.01 maker-168556614-augustus-gene-0.47-mRNA-1 3161377
.01 maker-168556614-augustus-gene-0.47-mRNA-1 3428074
.37 snap_masked-166292353-processed-gene-0.4-mRNA-1 13705242
.77 maker-167840128-augustus-gene-0.32-mRNA-1 13980535
.11 maker-167840128-augustus-gene-0.32-mRNA-1 10111077
.58 maker-168525957-snap-gene-0.61-mRNA-1 13980733
.28 maker-168525957-snap-gene-0.61-mRNA-1 13673811
.68 maker-167830936-snap-gene-0.8-mRNA-1 13669094
.31 maker-167830936-snap-gene-0.8-mRNA-1 11543408
.03 augustus_masked-168325204-processed-gene-0.0-mRNA-1 13661904
.15 maker-168555849-augustus-gene-0.44-mRNA-1 13675674
.71 maker-168555849-augustus-gene-0.44-mRNA-1 13676002
.21 maker-168270941-snap-gene-0.14-mRNA-1 2195458
.64 maker-168270941-snap-gene-0.14-mRNA-1 13980585
.54 maker-167907974-augustus-gene-0.36-mRNA-1 13980666
.26 maker-167907974-augustus-gene-0.36-mRNA-1 13662106
.28 maker-168388477-augustus-gene-0.34-mRNA-2 3594162
.28 maker-168388477-augustus-gene-0.34-mRNA-2 3211656
.23 maker-168388477-augustus-gene-0.34-mRNA-2 2212901
.10 maker-168388477-augustus-gene-0.34-mRNA-2 4318026
.10 maker-168388477-augustus-gene-0.34-mRNA-2 13661317
.18 genemark-168214763-processed-gene-0.64-mRNA-1 13690158
.16 genemark-168214763-processed-gene-0.64-mRNA-1 13690159
.16 maker-167878587-snap-gene-0.9-mRNA-1 5926556
.12 maker-167878587-snap-gene-0.9-mRNA-1 1951723
.11 maker-167878587-snap-gene-0.9-mRNA-1 3842988
.14 maker-167878587-snap-gene-0.9-mRNA-1 1395678
.15 maker-167878587-snap-gene-0.9-mRNA-1 13687202
.46 augustus_masked-161301799-processed-gene-0.0-mRNA-1 2444775
.36 augustus_masked-161301799-processed-gene-0.0-mRNA-1 13781975
.58 augustus_masked-168573710-processed-gene-0.4-mRNA-1 13665417
.27 augustus_masked-168573710-processed-gene-0.4-mRNA-1 13676567
.36 maker-168553843-snap-gene-0.40-mRNA-1 5446659
.29 maker-168553843-snap-gene-0.40-mRNA-1 12397165
.04 snap_masked-168461827-processed-gene-0.12-mRNA-1 13709156
.87 snap_masked-168461827-processed-gene-0.12-mRNA-1 13980675
.71 maker-168189227-snap-gene-0.23-mRNA-1 5887716
.14 maker-166423303-augustus-gene-0.3-mRNA-1 13667292
.23 maker-166423303-augustus-gene-0.3-mRNA-1 13661925
.26 maker-168548120-snap-gene-0.56-mRNA-1 13676580
.06 maker-168548120-snap-gene-0.56-mRNA-1 13683672
.06 maker-168548120-snap-gene-0.56-mRNA-1 2126189
.34 maker-167901998-augustus-gene-0.11-mRNA-1 13675881
.20 maker-167901998-augustus-gene-0.11-mRNA-1 4372871
.97 maker-166113688-augustus-gene-0.4-mRNA-1 13980549
.31 maker-166113688-augustus-gene-0.4-mRNA-1 7565925
.57 maker-168187167-snap-gene-0.30-mRNA-1 13980495
.25 maker-168187167-snap-gene-0.30-mRNA-1 2565209
.89 maker-168496245-snap-gene-0.147-mRNA-1 13663811
.18 maker-168185058-snap-gene-0.8-mRNA-1 6986873
.58 maker-168185058-snap-gene-0.8-mRNA-1 13665233
.53 maker-168535003-augustus-gene-0.48-mRNA-1 13980603
.17 maker-168535003-augustus-gene-0.48-mRNA-1 13663987
.95 maker-168199538-snap-gene-0.31-mRNA-1 13980829
.19 maker-168384438-augustus-gene-0.76-mRNA-1 13681830
.19 maker-162677676-snap-gene-0.4-mRNA-1 13811295
.29 maker-162677676-snap-gene-0.4-mRNA-1 4480149
.35 maker-168248484-snap-gene-0.120-mRNA-1 5142103
.29 maker-168248484-snap-gene-0.120-mRNA-1 4363979
.20 maker-168248484-snap-gene-0.120-mRNA-1 11668222
