.81 GQ04104_H13.1_clone=GQ04104_H13_cluster=GQ04104_H13_status=complete_gb=BT119350 3275509
.54 GQ03204_E03.1_clone=GQ03204_E03_cluster=GQ03204_E03_status=complete_gb=BT109066 3214637
.21 GQ03204_E03.1_clone=GQ03204_E03_cluster=GQ03204_E03_status=complete_gb=BT109066 3208882
.21 GQ03204_E03.1_clone=GQ03204_E03_cluster=GQ03204_E03_status=complete_gb=BT109066 3195979
.42 GQ03417_B05.1_clone=GQ03417_B05_cluster=GQ03417_B05_status=complete_gb=BT113679 3275255
.23 GQ03417_B05.1_clone=GQ03417_B05_cluster=GQ03417_B05_status=complete_gb=BT113679 127207
.21 GQ03417_B05.1_clone=GQ03417_B05_cluster=GQ03417_B05_status=complete_gb=BT113679 1684372
.16 GQ03417_B05.1_clone=GQ03417_B05_cluster=GQ03417_B05_status=complete_gb=BT113679 656894
.20 GQ03111_J19.2_clone=GQ03111_J19_cluster=GQ03111_J19_status=complete_gb=BT107698 749437
.77 GQ03111_J19.2_clone=GQ03111_J19_cluster=GQ03111_J19_status=complete_gb=BT107698 3275348
.57 GQ02814_H06.1_clone=GQ02814_H06_cluster=GQ02814_H06_status=complete_gb=BT104753 3258262
.40 GQ02814_H06.1_clone=GQ02814_H06_cluster=GQ02814_H06_status=complete_gb=BT104753 3187225
.96 GQ03212_C22.1_clone=GQ03212_C22_cluster=GQ03212_C22_status=complete_gb=BT109768 3276032
.57 GQ03215_D11.2_clone=GQ03215_D11_cluster=GQ03215_D11_status=complete_gb=BT110042 321172
.57 GQ03215_D11.2_clone=GQ03215_D11_cluster=GQ03215_D11_status=complete_gb=BT110042 449547
.21 GQ03215_D11.2_clone=GQ03215_D11_cluster=GQ03215_D11_status=complete_gb=BT110042 739105
.18 GQ03215_D11.2_clone=GQ03215_D11_cluster=GQ03215_D11_status=complete_gb=BT110042 3202101
.78 GQ03707_L07.1_clone=GQ03707_L07_cluster=GQ03707_L07_status=complete_gb=BT115868 3275967
.17 GQ03707_L07.1_clone=GQ03707_L07_cluster=GQ03707_L07_status=complete_gb=BT115868 3218011
.21 GQ03326_J11.1_clone=GQ03326_J11_cluster=GQ03326_J11_status=complete_gb=BT113168 1964996
.61 GQ03326_J11.1_clone=GQ03326_J11_cluster=GQ03326_J11_status=complete_gb=BT113168 3190363
.23 GQ02824_O24.1_clone=GQ02824_O24_cluster=GQ02824_O24_status=complete_gb=BT105608 3275466
.75 GQ02824_O24.1_clone=GQ02824_O24_cluster=GQ02824_O24_status=complete_gb=BT105608 3187148
.24 GQ0083_P07.1_clone=GQ0083_P07_cluster=GQ0083_P07_status=3 613345
.74 GQ0083_P07.1_clone=GQ0083_P07_cluster=GQ0083_P07_status=3 3187844
.41 GQ03211_A11.3_clone=GQ03211_A11_cluster=GQ03211_A11_status=53 3276022
.09 GQ03211_A11.3_clone=GQ03211_A11_cluster=GQ03211_A11_status=53 1204954
.05 GQ03211_A11.3_clone=GQ03211_A11_cluster=GQ03211_A11_status=53 462891
.46 GQ02815_D18.1_clone=GQ02815_D18_cluster=GQ02815_D18_status=53 3275430
.47 GQ02815_D18.1_clone=GQ02815_D18_cluster=GQ02815_D18_status=53 3275430
.57 GQ03303_I14.1_clone=GQ03303_I14_cluster=GQ03303_I14_status=complete_gb=BT111780 3275901
.37 GQ03303_I14.1_clone=GQ03303_I14_cluster=GQ03303_I14_status=complete_gb=BT111780 647226
.64 GQ02826_B18.1_clone=GQ02826_B18_cluster=GQ02826_B18_status=complete_gb=BT105684 3275394
.60 GQ03519_E21.3_clone=GQ03519_E21_cluster=GQ03519_E21_status=53 3275844
.28 GQ03519_E21.3_clone=GQ03519_E21_cluster=GQ03519_E21_status=53 3275559
.28 GQ04113_M21.2_clone=GQ04113_M21_cluster=GQ04113_M21_status=complete_gb=BT119993 3188186
.60 GQ0206_F08.2_clone=GQ0206_F08_cluster=GQ0206_F08_status=complete_gb=BT103085 3275236
.43 GQ0206_F08.2_clone=GQ0206_F08_cluster=GQ0206_F08_status=complete_gb=BT103085 3275586
.25 GQ0206_F08.2_clone=GQ0206_F08_cluster=GQ0206_F08_status=complete_gb=BT103085 3189106
.34 GQ03202_N09.4_clone=GQ03202_N09_cluster=GQ03202_N09_status=complete_gb=BT108939 3192264
.30 GQ03202_N09.4_clone=GQ03202_N09_cluster=GQ03202_N09_status=complete_gb=BT108939 3189457
.49 GQ03607_L08.4_clone=GQ03607_L08_cluster=GQ03607_L08_status=complete_gb=BT115035 3198612
.31 GQ03607_L08.4_clone=GQ03607_L08_cluster=GQ03607_L08_status=complete_gb=BT115035 3186949
.25 GQ03607_L08.4_clone=GQ03607_L08_cluster=GQ03607_L08_status=complete_gb=BT115035 575014
.26 GQ03607_L08.4_clone=GQ03607_L08_cluster=GQ03607_L08_status=complete_gb=BT115035 819461
.18 GQ03607_L08.4_clone=GQ03607_L08_cluster=GQ03607_L08_status=complete_gb=BT115035 1269971
.13 GQ03615_B14.1_clone=GQ03615_B14_cluster=GQ03615_B14_status=complete_gb=BT115368 392076
.33 GQ03615_B14.1_clone=GQ03615_B14_cluster=GQ03615_B14_status=complete_gb=BT115368 812964
.52 GQ03005_C08.3_clone=GQ03005_C08_cluster=GQ03005_C08_status=53 3201251
.45 GQ03005_C08.3_clone=GQ03005_C08_cluster=GQ03005_C08_status=53 3198745
.58 GQ03506_C08.1_clone=GQ03506_C08_cluster=GQ03506_C08_status=complete_gb=BT114000 3275999
.17 GQ03506_C08.1_clone=GQ03506_C08_cluster=GQ03506_C08_status=complete_gb=BT114000 633866
.13 GQ03506_C08.1_clone=GQ03506_C08_cluster=GQ03506_C08_status=complete_gb=BT114000 964430
.15 GQ03506_C08.1_clone=GQ03506_C08_cluster=GQ03506_C08_status=complete_gb=BT114000 848309
.14 GQ03506_C08.1_clone=GQ03506_C08_cluster=GQ03506_C08_status=complete_gb=BT114000 3209607
.55 GQ0133_D21.1_clone=GQ0133_D21_cluster=GQ0133_D21_status=3 3275763
.40 GQ03316_I18.1_clone=GQ03316_I18_cluster=GQ03316_I18_status=complete_gb=BT112510 918473
.36 GQ03316_I18.1_clone=GQ03316_I18_cluster=GQ03316_I18_status=complete_gb=BT112510 1066135
.23 GQ03316_I18.1_clone=GQ03316_I18_cluster=GQ03316_I18_status=complete_gb=BT112510 3190138
.20 GQ03316_I18.1_clone=GQ03316_I18_cluster=GQ03316_I18_status=complete_gb=BT112510 1040571
.17 GQ03316_I18.1_clone=GQ03316_I18_cluster=GQ03316_I18_status=complete_gb=BT112510 2699075
.35 GQ03230_C18.1_clone=GQ03230_C18_cluster=GQ03230_C18_status=complete_gb=BT110947 3188058
.32 GQ03718_P22.2_clone=GQ03718_P22_cluster=GQ03718_P22_status=complete_gb=BT116455 3275997
.16 GQ03718_P22.2_clone=GQ03718_P22_cluster=GQ03718_P22_status=complete_gb=BT116455 1023456
.31 GQ03311_N13.1_clone=GQ03311_N13_cluster=GQ03311_N13_status=complete_gb=BT112200 3275448
.14 GQ03311_N13.1_clone=GQ03311_N13_cluster=GQ03311_N13_status=complete_gb=BT112200 3195750
.04 GQ03211_B22.1_clone=GQ03211_B22_cluster=GQ03211_B22_status=complete_gb=BT109653 1570622
.08 GQ03211_B22.1_clone=GQ03211_B22_cluster=GQ03211_B22_status=complete_gb=BT109653 3231955
.79 GQ02808_A01.4_clone=GQ02808_A01_cluster=GQ02808_A01_status=complete_gb=BT104230 3275995
.17 GQ02808_A01.4_clone=GQ02808_A01_cluster=GQ02808_A01_status=complete_gb=BT104230 747399
.86 GQ03516_E10.1_clone=GQ03516_E10_cluster=GQ03516_E10_status=5 3275954
.79 GQ03518_E05.2_clone=GQ03518_E05_cluster=GQ03518_E05_status=5 3275534
.65 GQ03239_G03.1_clone=GQ03239_G03_cluster=GQ03239_G03_status=complete_gb=BT111558 3253044
.33 GQ03239_G03.1_clone=GQ03239_G03_cluster=GQ03239_G03_status=complete_gb=BT111558 743607
.34 GQ03104_C18.1_clone=GQ03104_C18_cluster=GQ03104_C18_status=complete_gb=BT107196 995916
.64 GQ03104_C18.1_clone=GQ03104_C18_cluster=GQ03104_C18_status=complete_gb=BT107196 3275551
.54 GQ02816_M14.1_clone=GQ02816_M14_cluster=GQ02816_M14_status=complete_gb=BT104941 3188335
.47 GQ03202_G02.1_clone=GQ03202_G02_cluster=GQ03202_G02_status=complete_gb=BT108904 3197096
.34 GQ03202_G02.1_clone=GQ03202_G02_cluster=GQ03202_G02_status=complete_gb=BT108904 3189151
.21 GQ03202_G02.1_clone=GQ03202_G02_cluster=GQ03202_G02_status=complete_gb=BT108904 277751
.21 GQ03202_G02.1_clone=GQ03202_G02_cluster=GQ03202_G02_status=complete_gb=BT108904 860822
.43 GQ03124_A07.1_clone=GQ03124_A07_cluster=GQ03124_A07_status=complete_gb=BT108594 3193043
.24 GQ02826_H21.1_clone=GQ02826_H21_cluster=GQ02826_H21_status=complete_gb=BT105702 3275932
.57 GQ0177_G13.2_clone=GQ0177_G13_cluster=GQ0177_G13_status=3 3275522
.30 GQ0177_G13.2_clone=GQ0177_G13_cluster=GQ0177_G13_status=3 621438
.23 GQ03113_G04.1_clone=GQ03113_G04_cluster=GQ03113_G04_status=complete_gb=BT107841 3275923
.18 GQ03113_G04.1_clone=GQ03113_G04_cluster=GQ03113_G04_status=complete_gb=BT107841 3187603
.13 GQ03113_G04.1_clone=GQ03113_G04_cluster=GQ03113_G04_status=complete_gb=BT107841 3275923
.88 GQ03120_P16.1_clone=GQ03120_P16_cluster=GQ03120_P16_status=complete_gb=BT108375 3191470
.07 GQ04101_I15.1_clone=GQ04101_I15_cluster=GQ04101_I15_status=complete_gb=BT119110 2935684
.85 GQ04101_I15.1_clone=GQ04101_I15_cluster=GQ04101_I15_status=complete_gb=BT119110 3275971
.99 GQ03013_P13.1_clone=GQ03013_P13_cluster=GQ03013_P13_status=complete_gb=BT106941 3275815
.61 GQ03509_L05.1_clone=GQ03509_L05_cluster=GQ03509_L05_status=complete_gb=BT114174 483898
.54 GQ03509_L05.1_clone=GQ03509_L05_cluster=GQ03509_L05_status=complete_gb=BT114174 580252
.49 GQ03509_L05.1_clone=GQ03509_L05_cluster=GQ03509_L05_status=complete_gb=BT114174 719627
.54 GQ03509_L05.1_clone=GQ03509_L05_cluster=GQ03509_L05_status=complete_gb=BT114174 1131251
.23 GQ03509_L05.1_clone=GQ03509_L05_cluster=GQ03509_L05_status=complete_gb=BT114174 768772
.64 GQ02809_K17.1_clone=GQ02809_K17_cluster=GQ02809_K17_status=complete_gb=BT104373 3192377
.31 GQ02809_K17.1_clone=GQ02809_K17_cluster=GQ02809_K17_status=complete_gb=BT104373 3193581
.48 GQ03010_J15.1_clone=GQ03010_J15_cluster=GQ03010_J15_status=complete_gb=BT106787 3213415
.26 GQ03010_J15.1_clone=GQ03010_J15_cluster=GQ03010_J15_status=complete_gb=BT106787 313379
.15 GQ03010_J15.1_clone=GQ03010_J15_cluster=GQ03010_J15_status=complete_gb=BT106787 1177660
.11 GQ03010_J15.1_clone=GQ03010_J15_cluster=GQ03010_J15_status=complete_gb=BT106787 633071
.66 GQ03003_J05.1_clone=GQ03003_J05_cluster=GQ03003_J05_status=5 3275385
.30 GQ03003_J05.1_clone=GQ03003_J05_cluster=GQ03003_J05_status=5 3253551
.27 GQ03003_J05.1_clone=GQ03003_J05_cluster=GQ03003_J05_status=5 3209524
.20 GQ03003_J05.1_clone=GQ03003_J05_cluster=GQ03003_J05_status=5 1178507
.13 GQ03236_F08.1_clone=GQ03236_F08_cluster=GQ03236_F08_status=complete_gb=BT111347 3246472
.64 GQ03236_F08.1_clone=GQ03236_F08_cluster=GQ03236_F08_status=complete_gb=BT111347 3275972
.33 GQ0201_K14.1_clone=GQ0201_K14_cluster=GQ0201_K14_status=complete_gb=BT102851 635391
.64 GQ0201_K14.1_clone=GQ0201_K14_cluster=GQ0201_K14_status=complete_gb=BT102851 3208138
.87 GQ04013_K12.1_clone=GQ04013_K12_cluster=GQ04013_K12_status=complete_gb=BT119033 3275833
.99 GQ0198_A17.1_clone=GQ0198_A17_cluster=GQ0198_A17_status=complete_gb=BT102616 3276050
.52 GQ0134_K05.1_clone=GQ0134_K05_cluster=GQ0134_K05_status=complete_gb=BT101961 3199191
.34 GQ0134_K05.1_clone=GQ0134_K05_cluster=GQ0134_K05_status=complete_gb=BT101961 772503
.16 GQ03503_K02.1_clone=GQ03503_K02_cluster=GQ03503_K02_status=complete_gb=BT113884 3189682
.52 GQ03503_K02.1_clone=GQ03503_K02_cluster=GQ03503_K02_status=complete_gb=BT113884 3193091
.91 GQ03713_O19.1_clone=GQ03713_O19_cluster=GQ03713_O19_status=complete_gb=BT116221 3276021
.43 GQ02510_E13.1_clone=GQ02510_E13_cluster=GQ02510_E13_status=complete_gb=BT103352 3189526
.10 GQ02510_E13.1_clone=GQ02510_E13_cluster=GQ02510_E13_status=complete_gb=BT103352 3219352
.04 GQ02510_E13.1_clone=GQ02510_E13_cluster=GQ02510_E13_status=complete_gb=BT103352 1241565
.44 GQ02757_D12.1_clone=GQ02757_D12_cluster=GQ02757_D12_status=5 3191834
.23 GQ02757_D12.1_clone=GQ02757_D12_cluster=GQ02757_D12_status=5 3202009
.27 GQ03320_C19.1_clone=GQ03320_C19_cluster=GQ03320_C19_status=complete_gb=BT112730 3208090
.38 GQ03320_C19.1_clone=GQ03320_C19_cluster=GQ03320_C19_status=complete_gb=BT112730 3187902
.19 GQ0256_H05.1_clone=GQ0256_H05_cluster=GQ0256_H05_status=complete_gb=BT103538 409334
.66 GQ0256_H05.1_clone=GQ0256_H05_cluster=GQ0256_H05_status=complete_gb=BT103538 3276000
.70 GQ03211_B12.1_clone=GQ03211_B12_cluster=GQ03211_B12_status=complete_gb=BT109651 3275962
.18 GQ03211_B12.1_clone=GQ03211_B12_cluster=GQ03211_B12_status=complete_gb=BT109651 561619
.76 GQ03234_E15.2_clone=GQ03234_E15_cluster=GQ03234_E15_status=complete_gb=BT111203 3191636
.20 GQ03234_E15.2_clone=GQ03234_E15_cluster=GQ03234_E15_status=complete_gb=BT111203 1065515
.57 GQ03405_O16.1_clone=GQ03405_O16_cluster=GQ03405_O16_status=complete_gb=BT113361 3190969
.34 GQ03405_O16.1_clone=GQ03405_O16_cluster=GQ03405_O16_status=complete_gb=BT113361 3186966
.67 GQ03109_F10.1_clone=GQ03109_F10_cluster=GQ03109_F10_status=complete_gb=BT107563 3275841
.22 GQ03417_C12.1_clone=GQ03417_C12_cluster=GQ03417_C12_status=complete_gb=BT113683 3275265
.26 GQ03417_C12.1_clone=GQ03417_C12_cluster=GQ03417_C12_status=complete_gb=BT113683 3193408
.18 GQ03417_C12.1_clone=GQ03417_C12_cluster=GQ03417_C12_status=complete_gb=BT113683 1214244
.08 GQ03417_C12.1_clone=GQ03417_C12_cluster=GQ03417_C12_status=complete_gb=BT113683 371106
.03 GQ03417_C12.1_clone=GQ03417_C12_cluster=GQ03417_C12_status=complete_gb=BT113683 679100
.44 GQ03507_F11.1_clone=GQ03507_F11_cluster=GQ03507_F11_status=complete_gb=BT114064 647512
.27 GQ03507_F11.1_clone=GQ03507_F11_cluster=GQ03507_F11_status=complete_gb=BT114064 3188037
.35 GQ04006_K13.1_clone=GQ04006_K13_cluster=GQ04006_K13_status=complete_gb=BT118462 3194061
.63 GQ04006_K13.1_clone=GQ04006_K13_cluster=GQ04006_K13_status=complete_gb=BT118462 3275858
.99 GQ03206_B04.1_clone=GQ03206_B04_cluster=GQ03206_B04_status=complete_gb=BT109219 3275862
.31 GQ03916_K17.3_clone=GQ03916_K17_cluster=GQ03916_K17_status=complete_gb=BT117910 3275963
.32 GQ03916_K17.3_clone=GQ03916_K17_cluster=GQ03916_K17_status=complete_gb=BT117910 3275963
.31 GQ03916_K17.3_clone=GQ03916_K17_cluster=GQ03916_K17_status=complete_gb=BT117910 3275591
.73 GQ02807_A19.1_clone=GQ02807_A19_cluster=GQ02807_A19_status=complete_gb=BT104160 3275990
.19 GQ02807_A19.1_clone=GQ02807_A19_cluster=GQ02807_A19_status=complete_gb=BT104160 3194686
.99 GQ03303_H10.1_clone=GQ03303_H10_cluster=GQ03303_H10_status=complete_gb=BT111773 3275468
.49 GQ02803_N01.1_clone=GQ02803_N01_cluster=GQ02803_N01_status=complete_gb=BT103896 3204577
.50 GQ02803_N01.1_clone=GQ02803_N01_cluster=GQ02803_N01_status=complete_gb=BT103896 942285
.91 GQ03613_J04.1_clone=GQ03613_J04_cluster=GQ03613_J04_status=complete_gb=BT115292 3276017
.64 GQ03205_N11.1_clone=GQ03205_N11_cluster=GQ03205_N11_status=complete_gb=BT109204 3192698
.54 GQ04002_H12.1_clone=GQ04002_H12_cluster=GQ04002_H12_status=complete_gb=BT118109 3276031
.15 GQ04002_H12.1_clone=GQ04002_H12_cluster=GQ04002_H12_status=complete_gb=BT118109 2008707
.89 GQ02816_L02.1_clone=GQ02816_L02_cluster=GQ02816_L02_status=complete_gb=BT104929 3275437
.86 GQ02822_M05.1_clone=GQ02822_M05_cluster=GQ02822_M05_status=complete_gb=BT105458 3275948
.29 GQ03203_P08.1_clone=GQ03203_P08_cluster=GQ03203_P08_status=complete_gb=BT109037 341631
.29 GQ03203_P08.1_clone=GQ03203_P08_cluster=GQ03203_P08_status=complete_gb=BT109037 3196436
.27 GQ03203_P08.1_clone=GQ03203_P08_cluster=GQ03203_P08_status=complete_gb=BT109037 180672
.18 GQ03203_P08.1_clone=GQ03203_P08_cluster=GQ03203_P08_status=complete_gb=BT109037 1664049
.16 GQ03203_P08.1_clone=GQ03203_P08_cluster=GQ03203_P08_status=complete_gb=BT109037 591360
.97 GQ04109_B10.1_clone=GQ04109_B10_cluster=GQ04109_B10_status=complete_gb=BT119711 3275929
.25 GQ0013_B07.1_clone=GQ0013_B07_cluster=GQ0013_B07_status=53 586023
.26 GQ0013_B07.1_clone=GQ0013_B07_cluster=GQ0013_B07_status=53 753968
.20 GQ0013_B07.1_clone=GQ0013_B07_cluster=GQ0013_B07_status=53 3275840
.20 GQ0013_B07.1_clone=GQ0013_B07_cluster=GQ0013_B07_status=53 580745
.18 GQ0013_B07.1_clone=GQ0013_B07_cluster=GQ0013_B07_status=53 1389803
.12 GQ0015_D02.1_clone=GQ0015_D02_cluster=GQ0015_D02_status=complete_gb=BT100461 728255
.48 GQ0015_D02.1_clone=GQ0015_D02_cluster=GQ0015_D02_status=complete_gb=BT100461 795971
.85 GQ02812_P22.1_clone=GQ02812_P22_cluster=GQ02812_P22_status=complete_gb=BT104644 3275507
.61 GQ03611_L19.1_clone=GQ03611_L19_cluster=GQ03611_L19_status=complete_gb=BT115219 3275673
.93 GQ03603_F13.1_clone=GQ03603_F13_cluster=GQ03603_F13_status=complete_gb=BT114835 3275996
.06 GQ03603_F13.1_clone=GQ03603_F13_cluster=GQ03603_F13_status=complete_gb=BT114835 3207773
.18 GQ03116_J12.1_clone=GQ03116_J12_cluster=GQ03116_J12_status=complete_gb=BT108076 3216474
.47 GQ03116_J12.1_clone=GQ03116_J12_cluster=GQ03116_J12_status=complete_gb=BT108076 3275554
.31 GQ03235_I10.1_clone=GQ03235_I10_cluster=GQ03235_I10_status=complete_gb=BT111292 3275123
.41 GQ03235_I10.1_clone=GQ03235_I10_cluster=GQ03235_I10_status=complete_gb=BT111292 3275123
.58 GQ03316_E02.1_clone=GQ03316_E02_cluster=GQ03316_E02_status=complete_gb=BT112494 3196891
.24 GQ03316_E02.1_clone=GQ03316_E02_cluster=GQ03316_E02_status=complete_gb=BT112494 3219705
.30 GQ03316_E02.1_clone=GQ03316_E02_cluster=GQ03316_E02_status=complete_gb=BT112494 3261836
.15 GQ03806_E10.1_clone=GQ03806_E10_cluster=GQ03806_E10_status=complete_gb=BT116764 1292341
.25 GQ03806_E10.1_clone=GQ03806_E10_cluster=GQ03806_E10_status=complete_gb=BT116764 3190226
.32 GQ03232_P07.1_clone=GQ03232_P07_cluster=GQ03232_P07_status=complete_gb=BT111125 3276020
.29 GQ03504_E02.1_clone=GQ03504_E02_cluster=GQ03504_E02_status=complete_gb=BT113911 761774
.25 GQ03504_E02.1_clone=GQ03504_E02_cluster=GQ03504_E02_status=complete_gb=BT113911 806216
.22 GQ03504_E02.1_clone=GQ03504_E02_cluster=GQ03504_E02_status=complete_gb=BT113911 1722032
.16 GQ03504_E02.1_clone=GQ03504_E02_cluster=GQ03504_E02_status=complete_gb=BT113911 3195779
.07 GQ03518_I02.1_clone=GQ03518_I02_cluster=GQ03518_I02_status=complete_gb=BT114648 983579
.83 GQ03518_I02.1_clone=GQ03518_I02_cluster=GQ03518_I02_status=complete_gb=BT114648 3275220
.51 GQ04013_G04.1_clone=GQ04013_G04_cluster=GQ04013_G04_status=complete_gb=BT119013 3257562
.39 GQ02804_J14.1_clone=GQ02804_J14_cluster=GQ02804_J14_status=complete_gb=BT103951 3205910
.36 GQ02804_J14.1_clone=GQ02804_J14_cluster=GQ02804_J14_status=complete_gb=BT103951 3225744
.20 GQ02804_J14.1_clone=GQ02804_J14_cluster=GQ02804_J14_status=complete_gb=BT103951 3194191
.18 GQ02804_J14.1_clone=GQ02804_J14_cluster=GQ02804_J14_status=complete_gb=BT103951 1361479
.97 GQ04008_B19.2_clone=GQ04008_B19_cluster=GQ04008_B19_status=complete_gb=BT118599 3275327
.63 GQ03114_K19.1_clone=GQ03114_K19_cluster=GQ03114_K19_status=complete_gb=BT107939 806602
.21 GQ03114_K19.1_clone=GQ03114_K19_cluster=GQ03114_K19_status=complete_gb=BT107939 1243354
.61 GQ03116_F04.1_clone=GQ03116_F04_cluster=GQ03116_F04_status=complete_gb=BT108054 3275922
.22 GQ03116_F04.1_clone=GQ03116_F04_cluster=GQ03116_F04_status=complete_gb=BT108054 3188515
.28 GQ02782_G07.2_clone=GQ02782_G07_cluster=GQ02782_G07_status=5 3205787
.25 GQ02782_G07.2_clone=GQ02782_G07_cluster=GQ02782_G07_status=5 1660931
.62 GQ03803_J23.1_clone=GQ03803_J23_cluster=GQ03803_J23_status=complete_gb=BT116632 3275784
.37 GQ03803_J23.1_clone=GQ03803_J23_cluster=GQ03803_J23_status=complete_gb=BT116632 3189081
.49 GQ03206_E11.1_clone=GQ03206_E11_cluster=GQ03206_E11_status=complete_gb=BT109241 631366
.16 GQ03314_N16.1_clone=GQ03314_N16_cluster=GQ03314_N16_status=complete_gb=BT112415 3187159
.82 GQ03314_N16.1_clone=GQ03314_N16_cluster=GQ03314_N16_status=complete_gb=BT112415 3275849
.32 GQ03309_B23.3_clone=GQ03309_B23_cluster=GQ03309_B23_status=complete_gb=BT112041 3275986
.20 GQ03309_B23.3_clone=GQ03309_B23_cluster=GQ03309_B23_status=complete_gb=BT112041 3187364
.16 GQ03309_B23.3_clone=GQ03309_B23_cluster=GQ03309_B23_status=complete_gb=BT112041 3196585
.59 GQ03716_L01.2_clone=GQ03716_L01_cluster=GQ03716_L01_status=complete_gb=BT116335 3194780
.30 GQ03716_L01.2_clone=GQ03716_L01_cluster=GQ03716_L01_status=complete_gb=BT116335 3191448
.13 GQ03716_P07.2_clone=GQ03716_P07_cluster=GQ03716_P07_status=complete_gb=BT116346 3212969
.85 GQ03716_P07.2_clone=GQ03716_P07_cluster=GQ03716_P07_status=complete_gb=BT116346 3275742
.38 GQ03502_G12.1_clone=GQ03502_G12_cluster=GQ03502_G12_status=complete_gb=BT113830 3192610
.22 GQ03502_G12.1_clone=GQ03502_G12_cluster=GQ03502_G12_status=complete_gb=BT113830 3215788
.23 GQ03326_B19.1_clone=GQ03326_B19_cluster=GQ03326_B19_status=complete_gb=BT113130 3276025
.15 GQ03326_B19.1_clone=GQ03326_B19_cluster=GQ03326_B19_status=complete_gb=BT113130 3188134
.09 GQ03326_B19.1_clone=GQ03326_B19_cluster=GQ03326_B19_status=complete_gb=BT113130 3276025
.03 GQ03706_D24.1_clone=GQ03706_D24_cluster=GQ03706_D24_status=complete_gb=BT115789 3190492
.95 GQ03706_D24.1_clone=GQ03706_D24_cluster=GQ03706_D24_status=complete_gb=BT115789 3275961
.56 GQ03215_F10.1_clone=GQ03215_F10_cluster=GQ03215_F10_status=complete_gb=BT110048 3276051
.19 GQ03215_F10.1_clone=GQ03215_F10_cluster=GQ03215_F10_status=complete_gb=BT110048 3229655
.18 GQ02806_L11.1_clone=GQ02806_L11_cluster=GQ02806_L11_status=complete_gb=BT104121 755280
.17 GQ02806_L11.1_clone=GQ02806_L11_cluster=GQ02806_L11_status=complete_gb=BT104121 3187633
.64 GQ0178_F22.2_clone=GQ0178_F22_cluster=GQ0178_F22_status=3 3275902
.40 GQ03701_C19.2_clone=GQ03701_C19_cluster=GQ03701_C19_status=complete_gb=BT115537 3195578
.81 GQ03902_P10.1_clone=GQ03902_P10_cluster=GQ03902_P10_status=complete_gb=BT117550 3188161
.43 GQ04012_O03.2_clone=GQ04012_O03_cluster=GQ04012_O03_status=complete_gb=BT118978 3213316
.30 GQ04012_O03.2_clone=GQ04012_O03_cluster=GQ04012_O03_status=complete_gb=BT118978 3194429
.11 GQ0209_H16.1_clone=GQ0209_H16_cluster=GQ0209_H16_status=53 463995
.29 GQ0209_H16.1_clone=GQ0209_H16_cluster=GQ0209_H16_status=53 3192901
.49 GQ03514_E12.1_clone=GQ03514_E12_cluster=GQ03514_E12_status=complete_gb=BT114422 3189795
.12 GQ03514_E12.1_clone=GQ03514_E12_cluster=GQ03514_E12_status=complete_gb=BT114422 1075469
.89 GQ03205_N17.1_clone=GQ03205_N17_cluster=GQ03205_N17_status=complete_gb=BT109205 3276052
.49 GQ04004_D01.1_clone=GQ04004_D01_cluster=GQ04004_D01_status=complete_gb=BT118251 3201396
.49 GQ04004_D01.1_clone=GQ04004_D01_cluster=GQ04004_D01_status=complete_gb=BT118251 3190812
.83 GQ0203_G09.1_clone=GQ0203_G09_cluster=GQ0203_G09_status=complete_gb=BT102925 3275959
.09 GQ0203_G09.1_clone=GQ0203_G09_cluster=GQ0203_G09_status=complete_gb=BT102925 463280
.85 GQ03006_M20.2_clone=GQ03006_M20_cluster=GQ03006_M20_status=complete_gb=BT106631 3186925
.99 GQ03202_O05.1_clone=GQ03202_O05_cluster=GQ03202_O05_status=complete_gb=BT108946 3275637
.26 GQ03217_H19.1_clone=GQ03217_H19_cluster=GQ03217_H19_status=complete_gb=BT110174 813295
.03 GQ03217_H19.1_clone=GQ03217_H19_cluster=GQ03217_H19_status=complete_gb=BT110174 518495
.79 GQ03114_B08.1_clone=GQ03114_B08_cluster=GQ03114_B08_status=complete_gb=BT107895 3275945
.51 GQ0208_I20.1_clone=GQ0208_I20_cluster=GQ0208_I20_status=complete_gb=BT103208 3275939
.25 GQ0208_I20.1_clone=GQ0208_I20_cluster=GQ0208_I20_status=complete_gb=BT103208 55249
.25 GQ0208_I20.1_clone=GQ0208_I20_cluster=GQ0208_I20_status=complete_gb=BT103208 3275251
.17 GQ03124_H07.1_clone=GQ03124_H07_cluster=GQ03124_H07_status=complete_gb=BT108622 3198103
.61 GQ03124_H07.1_clone=GQ03124_H07_cluster=GQ03124_H07_status=complete_gb=BT108622 3275856
.49 GQ03206_O12.1_clone=GQ03206_O12_cluster=GQ03206_O12_status=complete_gb=BT109302 3191136
.40 GQ03206_O12.1_clone=GQ03206_O12_cluster=GQ03206_O12_status=complete_gb=BT109302 3196063
.65 GQ03418_C23.1_clone=GQ03418_C23_cluster=GQ03418_C23_status=complete_gb=BT113709 3275977
.71 WS02626_L21.1_clone=WS02626_L21_cluster=WS02626_L21_status=complete 3275249
.14 WS02626_L21.1_clone=WS02626_L21_cluster=WS02626_L21_status=complete 1374544
.12 WS02626_L21.1_clone=WS02626_L21_cluster=WS02626_L21_status=complete 760837
.12 WS02626_L21.1_clone=WS02626_L21_cluster=WS02626_L21_status=complete 610553
.27 GQ03203_H01.1_clone=GQ03203_H01_cluster=GQ03203_H01_status=complete_gb=BT108996 3190924
.25 GQ03203_H01.1_clone=GQ03203_H01_cluster=GQ03203_H01_status=complete_gb=BT108996 832713
.77 GQ04111_C09.1_clone=GQ04111_C09_cluster=GQ04111_C09_status=complete_gb=BT119853 3275574
.58 GQ00411_L08.1_clone=GQ00411_L08_cluster=GQ00411_L08_status=complete_gb=BT100704 3187186
.26 GQ00411_L08.1_clone=GQ00411_L08_cluster=GQ00411_L08_status=complete_gb=BT100704 3187185
.59 GQ03235_O15.1_clone=GQ03235_O15_cluster=GQ03235_O15_status=complete_gb=BT111314 3275926
.06 GQ02820_D24.2_clone=GQ02820_D24_cluster=GQ02820_D24_status=complete_gb=BT105258 3189471
.84 GQ02820_D24.2_clone=GQ02820_D24_cluster=GQ02820_D24_status=complete_gb=BT105258 3276011
.23 WS00733_K22.1_clone=WS00733_K22_cluster=WS00733_K22_status=3 3186982
.69 WS00733_K22.1_clone=WS00733_K22_cluster=WS00733_K22_status=3 3275839
.56 WS00729_I06.1_clone=WS00729_I06_cluster=WS00729_I06_status=3 3190728
.88 GQ02818_J21.1_clone=GQ02818_J21_cluster=GQ02818_J21_status=complete_gb=BT105104 3276018
.82 GQ03203_O17.2_clone=GQ03203_O17_cluster=GQ03203_O17_status=complete_gb=BT109033 3275970
.45 GQ03223_F08.1_clone=GQ03223_F08_cluster=GQ03223_F08_status=complete_gb=BT110553 3275539
.31 GQ03223_F08.1_clone=GQ03223_F08_cluster=GQ03223_F08_status=complete_gb=BT110553 122162
.36 GQ0032_E11.1_clone=GQ0032_E11_cluster=GQ0032_E11_status=complete_gb=BT100615 3190865
.24 GQ0032_E11.1_clone=GQ0032_E11_cluster=GQ0032_E11_status=complete_gb=BT100615 1389467
.18 GQ0032_E11.1_clone=GQ0032_E11_cluster=GQ0032_E11_status=complete_gb=BT100615 3239709
.15 GQ0032_E11.1_clone=GQ0032_E11_cluster=GQ0032_E11_status=complete_gb=BT100615 2332519
.28 GQ03718_C10.1_clone=GQ03718_C10_cluster=GQ03718_C10_status=complete_gb=BT116406 3275906
.20 GQ03718_C10.1_clone=GQ03718_C10_cluster=GQ03718_C10_status=complete_gb=BT116406 3275906
.73 GQ02818_N22.1_clone=GQ02818_N22_cluster=GQ02818_N22_status=complete_gb=BT105125 3275989
.30 GQ0207_B16.1_clone=GQ0207_B16_cluster=GQ0207_B16_status=53 3275957
.23 GQ0207_B16.1_clone=GQ0207_B16_cluster=GQ0207_B16_status=53 3275957
.17 GQ0207_B16.1_clone=GQ0207_B16_cluster=GQ0207_B16_status=53 3192229
.71 WS0013_P08.1_clone=WS0013_P08_cluster=WS0013_P08_status=3 3275951
.21 GQ03102_G20.1_clone=GQ03102_G20_cluster=GQ03102_G20_status=complete_gb=BT107070 3190602
.77 GQ03102_G20.1_clone=GQ03102_G20_cluster=GQ03102_G20_status=complete_gb=BT107070 3190601
.48 GQ03211_N12.1_clone=GQ03211_N12_cluster=GQ03211_N12_status=complete_gb=BT109729 3275598
.17 GQ03211_N12.1_clone=GQ03211_N12_cluster=GQ03211_N12_status=complete_gb=BT109729 1557704
.53 GQ03119_J08.1_clone=GQ03119_J08_cluster=GQ03119_J08_status=complete_gb=BT108292 3275790
.29 GQ03119_J08.1_clone=GQ03119_J08_cluster=GQ03119_J08_status=complete_gb=BT108292 3220270
.64 WS03215_E14.1_clone=WS03215_E14_cluster=WS03215_E14_status=3 3275656
.34 WS03215_E14.1_clone=WS03215_E14_cluster=WS03215_E14_status=3 3190386
.99 GQ03214_J23.2_clone=GQ03214_J23_cluster=GQ03214_J23_status=complete_gb=BT109987 3276016
.73 GQ03235_G22.1_clone=GQ03235_G22_cluster=GQ03235_G22_status=complete_gb=BT111287 3191661
.99 GQ03205_O14.1_clone=GQ03205_O14_cluster=GQ03205_O14_status=complete_gb=BT109211 3276054
.97 GQ02828_B08.2_clone=GQ02828_B08_cluster=GQ02828_B08_status=complete_gb=BT105762 909858
.48 GQ04007_F20.1_clone=GQ04007_F20_cluster=GQ04007_F20_status=complete_gb=BT118530 3187277
.39 GQ04007_F20.1_clone=GQ04007_F20_cluster=GQ04007_F20_status=complete_gb=BT118530 1231014
.99 GQ03206_C05.1_clone=GQ03206_C05_cluster=GQ03206_C05_status=complete_gb=BT109227 3275944
.99 GQ03718_F06.1_clone=GQ03718_F06_cluster=GQ03718_F06_status=complete_gb=BT116414 3276029
.65 GQ03707_F06.1_clone=GQ03707_F06_cluster=GQ03707_F06_status=complete_gb=BT115844 3275960
.24 GQ03223_L12.1_clone=GQ03223_L12_cluster=GQ03223_L12_status=complete_gb=BT110571 3275690
.62 GQ03223_L12.1_clone=GQ03223_L12_cluster=GQ03223_L12_status=complete_gb=BT110571 3275717
.65 WS00824_A15.1_clone=WS00824_A15_cluster=WS00824_A15_status=3 3189331
.87 WS00749_F07.1_clone=WS00749_F07_cluster=WS00749_F07_status=3 3275397
.84 GQ02821_P14.1_clone=GQ02821_P14_cluster=GQ02821_P14_status=complete_gb=BT105400 3276015
.22 GQ03711_B22.1_clone=GQ03711_B22_cluster=GQ03711_B22_status=complete_gb=BT116051 3276035
.17 GQ03711_B22.1_clone=GQ03711_B22_cluster=GQ03711_B22_status=complete_gb=BT116051 3276035
.11 GQ03711_B22.1_clone=GQ03711_B22_cluster=GQ03711_B22_status=complete_gb=BT116051 3194349
.34 GQ02811_F11.1_clone=GQ02811_F11_cluster=GQ02811_F11_status=complete_gb=BT104518 322583
.22 GQ02811_F11.1_clone=GQ02811_F11_cluster=GQ02811_F11_status=complete_gb=BT104518 3202983
.84 GQ04004_C11.1_clone=GQ04004_C11_cluster=GQ04004_C11_status=complete_gb=BT118248 3275998
.81 GQ04013_N06.2_clone=GQ04013_N06_cluster=GQ04013_N06_status=complete_gb=BT119049 3275949
.87 GQ03109_K02.1_clone=GQ03109_K02_cluster=GQ03109_K02_status=complete_gb=BT107581 3275373
.99 GQ03713_C17.2_clone=GQ03713_C17_cluster=GQ03713_C17_status=complete_gb=BT116179 3276013
.81 GQ04012_L19.1_clone=GQ04012_L19_cluster=GQ04012_L19_status=complete_gb=BT118971 3275930
.15 GQ02826_B04.2_clone=GQ02826_B04_cluster=GQ02826_B04_status=complete_gb=BT105682 3276049
.13 GQ02826_B04.2_clone=GQ02826_B04_cluster=GQ02826_B04_status=complete_gb=BT105682 3276049
.51 GQ03119_I06.1_clone=GQ03119_I06_cluster=GQ03119_I06_status=complete_gb=BT108286 3275569
.84 GQ03318_B16.1_clone=GQ03318_B16_cluster=GQ03318_B16_status=complete_gb=BT112594 3275987
.35 GQ03217_L15.1_clone=GQ03217_L15_cluster=GQ03217_L15_status=complete_gb=BT110187 3195439
.42 GQ03217_L15.1_clone=GQ03217_L15_cluster=GQ03217_L15_status=complete_gb=BT110187 3275905
.31 GQ04007_I18.2_clone=GQ04007_I18_cluster=GQ04007_I18_status=complete_gb=BT118543 448919
.20 GQ04007_I18.2_clone=GQ04007_I18_cluster=GQ04007_I18_status=complete_gb=BT118543 3206892
.11 GQ04007_I18.2_clone=GQ04007_I18_cluster=GQ04007_I18_status=complete_gb=BT118543 3204830
.23 GQ03812_D04.4_clone=GQ03812_D04_cluster=GQ03812_D04_status=53 3193077
.17 GQ03812_D04.4_clone=GQ03812_D04_cluster=GQ03812_D04_status=53 448919
.10 GQ02809_L21.1_clone=GQ02809_L21_cluster=GQ02809_L21_status=complete_gb=BT104378 1242159
.88 GQ02809_L21.1_clone=GQ02809_L21_cluster=GQ02809_L21_status=complete_gb=BT104378 3275991
.12 GQ03602_N16.1_clone=GQ03602_N16_cluster=GQ03602_N16_status=complete_gb=BT114818 3192397
.78 GQ03602_N16.1_clone=GQ03602_N16_cluster=GQ03602_N16_status=complete_gb=BT114818 3276023
.99 GQ03412_L08.1_clone=GQ03412_L08_cluster=GQ03412_L08_status=complete_gb=BT113539 3275983
.31 GQ03705_N15.1_clone=GQ03705_N15_cluster=GQ03705_N15_status=complete_gb=BT115767 361837
.14 GQ03705_N15.1_clone=GQ03705_N15_cluster=GQ03705_N15_status=complete_gb=BT115767 3202232
.53 GQ0041_H19.1_clone=GQ0041_H19_cluster=GQ0041_H19_status=complete_gb=BT100742 3275745
.30 GQ0041_H19.1_clone=GQ0041_H19_cluster=GQ0041_H19_status=complete_gb=BT100742 1327199
.44 GQ03010_K09.1_clone=GQ03010_K09_cluster=GQ03010_K09_status=complete_gb=BT106792 3275903
.30 GQ03010_K09.1_clone=GQ03010_K09_cluster=GQ03010_K09_status=complete_gb=BT106792 3275903
.22 GQ03010_K09.1_clone=GQ03010_K09_cluster=GQ03010_K09_status=complete_gb=BT106792 3191855
.71 GQ03311_C09.2_clone=GQ03311_C09_cluster=GQ03311_C09_status=complete_gb=BT112163 3275952
.19 GQ03311_C09.2_clone=GQ03311_C09_cluster=GQ03311_C09_status=complete_gb=BT112163 3192582
.51 GQ03113_G08.1_clone=GQ03113_G08_cluster=GQ03113_G08_status=complete_gb=BT107842 3193918
.41 GQ03113_G08.1_clone=GQ03113_G08_cluster=GQ03113_G08_status=complete_gb=BT107842 825765
.30 GQ03913_M07.1_clone=GQ03913_M07_cluster=GQ03913_M07_status=complete_gb=BT117830 3275733
.68 GQ03913_M07.1_clone=GQ03913_M07_cluster=GQ03913_M07_status=complete_gb=BT117830 3275247
.80 GQ04009_A19.1_clone=GQ04009_A19_cluster=GQ04009_A19_status=complete_gb=BT118682 3275955
.42 GQ03301_E18.1_clone=GQ03301_E18_cluster=GQ03301_E18_status=complete_gb=BT111612 3189841
.20 GQ03301_E18.1_clone=GQ03301_E18_cluster=GQ03301_E18_status=complete_gb=BT111612 3208268
.66 GQ03102_J11.3_clone=GQ03102_J11_cluster=GQ03102_J11_status=complete_gb=BT107084 3276014
.07 GQ03102_J11.3_clone=GQ03102_J11_cluster=GQ03102_J11_status=complete_gb=BT107084 3276014
.45 GQ02907_K23.1_clone=GQ02907_K23_cluster=GQ02907_K23_status=complete_gb=BT106335 3275703
.50 GQ03316_J22.1_clone=GQ03316_J22_cluster=GQ03316_J22_status=complete_gb=BT112515 3194946
.70 GQ03003_B08.1_clone=GQ03003_B08_cluster=GQ03003_B08_status=complete_gb=BT106501 3275302
.14 GQ03003_B08.1_clone=GQ03003_B08_cluster=GQ03003_B08_status=complete_gb=BT106501 874610
.23 GQ03206_N13.1_clone=GQ03206_N13_cluster=GQ03206_N13_status=complete_gb=BT109296 3197928
.74 GQ03206_N13.1_clone=GQ03206_N13_cluster=GQ03206_N13_status=complete_gb=BT109296 3275257
.59 GQ03912_E12.2_clone=GQ03912_E12_cluster=GQ03912_E12_status=complete_gb=BT117785 3193134
.25 GQ03912_E12.2_clone=GQ03912_E12_cluster=GQ03912_E12_status=complete_gb=BT117785 850725
.25 GQ03912_E12.2_clone=GQ03912_E12_cluster=GQ03912_E12_status=complete_gb=BT117785 3227288
.33 GQ03107_P04.1_clone=GQ03107_P04_cluster=GQ03107_P04_status=complete_gb=BT107473 3240741
.22 GQ03107_P04.1_clone=GQ03107_P04_cluster=GQ03107_P04_status=complete_gb=BT107473 2365602
.29 GQ0167_O13.1_clone=GQ0167_O13_cluster=GQ0167_O13_status=complete_gb=BT102175 3193229
.27 GQ0167_O13.1_clone=GQ0167_O13_cluster=GQ0167_O13_status=complete_gb=BT102175 647925
.16 GQ0167_O13.1_clone=GQ0167_O13_cluster=GQ0167_O13_status=complete_gb=BT102175 796708
.16 GQ0167_O13.1_clone=GQ0167_O13_cluster=GQ0167_O13_status=complete_gb=BT102175 999696
.80 GQ03222_H18.1_clone=GQ03222_H18_cluster=GQ03222_H18_status=complete_gb=BT110481 3193322
.51 GQ03225_P14.2_clone=GQ03225_P14_cluster=GQ03225_P14_status=53 3276034
.11 GQ03819_N22.1_clone=GQ03819_N22_cluster=GQ03819_N22_status=complete_gb=BT117458 3194205
.85 GQ03819_N22.1_clone=GQ03819_N22_cluster=GQ03819_N22_status=complete_gb=BT117458 3194363
.32 GQ0163_A18.1_clone=GQ0163_A18_cluster=GQ0163_A18_status=complete_gb=BT102017 3192063
.58 GQ0163_A18.1_clone=GQ0163_A18_cluster=GQ0163_A18_status=complete_gb=BT102017 3204594
.31 GQ02902_L14.2_clone=GQ02902_L14_cluster=GQ02902_L14_status=complete_gb=BT106086 3187269
.27 GQ02902_L14.2_clone=GQ02902_L14_cluster=GQ02902_L14_status=complete_gb=BT106086 3188367
.19 GQ02902_L14.2_clone=GQ02902_L14_cluster=GQ02902_L14_status=complete_gb=BT106086 615642
.18 GQ02902_L14.2_clone=GQ02902_L14_cluster=GQ02902_L14_status=complete_gb=BT106086 594042
.15 GQ03216_J07.1_clone=GQ03216_J07_cluster=GQ03216_J07_status=complete_gb=BT110112 911604
.79 GQ03216_J07.1_clone=GQ03216_J07_cluster=GQ03216_J07_status=complete_gb=BT110112 3275988
.10 GQ02818_K13.1_clone=GQ02818_K13_cluster=GQ02818_K13_status=complete_gb=BT105105 615702
.18 GQ02818_K13.1_clone=GQ02818_K13_cluster=GQ02818_K13_status=complete_gb=BT105105 1204065
.46 GQ03117_I19.1_clone=GQ03117_I19_cluster=GQ03117_I19_status=complete_gb=BT108156 3275541
.23 GQ03117_I19.1_clone=GQ03117_I19_cluster=GQ03117_I19_status=complete_gb=BT108156 3192908
.23 GQ03117_I19.1_clone=GQ03117_I19_cluster=GQ03117_I19_status=complete_gb=BT108156 3275701
.23 GQ03117_I19.1_clone=GQ03117_I19_cluster=GQ03117_I19_status=complete_gb=BT108156 3223861
.22 GQ03117_I19.1_clone=GQ03117_I19_cluster=GQ03117_I19_status=complete_gb=BT108156 959565
.24 GQ04109_I11.2_clone=GQ04109_I11_cluster=GQ04109_I11_status=complete_gb=BT119747 3211276
.75 GQ04109_I11.2_clone=GQ04109_I11_cluster=GQ04109_I11_status=complete_gb=BT119747 3275261
.37 GQ02807_O15.1_clone=GQ02807_O15_cluster=GQ02807_O15_status=complete_gb=BT104226 1935579
.40 GQ03112_B18.1_clone=GQ03112_B18_cluster=GQ03112_B18_status=complete_gb=BT107733 3275757
.50 GQ0207_C03.1_clone=GQ0207_C03_cluster=GQ0207_C03_status=complete_gb=BT103135 3275715
.32 GQ0207_C03.1_clone=GQ0207_C03_cluster=GQ0207_C03_status=complete_gb=BT103135 3187153
.20 GQ0207_C03.1_clone=GQ0207_C03_cluster=GQ0207_C03_status=complete_gb=BT103135 1107538
.14 GQ0207_C03.1_clone=GQ0207_C03_cluster=GQ0207_C03_status=complete_gb=BT103135 671835
.14 GQ0207_C03.1_clone=GQ0207_C03_cluster=GQ0207_C03_status=complete_gb=BT103135 1419218
.66 GQ03115_E04.1_clone=GQ03115_E04_cluster=GQ03115_E04_status=complete_gb=BT107978 3275985
.44 GQ04006_H22.2_clone=GQ04006_H22_cluster=GQ04006_H22_status=5 3275981
.42 GQ03224_J03.1_clone=GQ03224_J03_cluster=GQ03224_J03_status=complete_gb=BT110625 3275981
.29 GQ03224_J03.1_clone=GQ03224_J03_cluster=GQ03224_J03_status=complete_gb=BT110625 3275981
.38 GQ02906_C02.4_clone=GQ02906_C02_cluster=GQ02906_C02_status=complete_gb=BT106261 3276010
.14 GQ02906_C02.4_clone=GQ02906_C02_cluster=GQ02906_C02_status=complete_gb=BT106261 3204599
.10 GQ02906_C02.4_clone=GQ02906_C02_cluster=GQ02906_C02_status=complete_gb=BT106261 3276010
.12 GQ02906_C02.4_clone=GQ02906_C02_cluster=GQ02906_C02_status=complete_gb=BT106261 3188827
.43 GQ0165_E09.1_clone=GQ0165_E09_cluster=GQ0165_E09_status=53 3275266
.06 GQ0165_E09.1_clone=GQ0165_E09_cluster=GQ0165_E09_status=53 3275266
.05 GQ0165_E09.1_clone=GQ0165_E09_cluster=GQ0165_E09_status=53 3275266
.80 GQ03917_K18.1_clone=GQ03917_K18_cluster=GQ03917_K18_status=complete_gb=BT117933 3188977
.99 GQ04109_E07.2_clone=GQ04109_E07_cluster=GQ04109_E07_status=complete_gb=BT119722 3275920
.10 GQ03219_A03.1_clone=GQ03219_A03_cluster=GQ03219_A03_status=complete_gb=BT110271 3219415
.55 GQ03219_A03.1_clone=GQ03219_A03_cluster=GQ03219_A03_status=complete_gb=BT110271 3190281
.39 GQ0205_M07.1_clone=GQ0205_M07_cluster=GQ0205_M07_status=complete_gb=BT103053 3275817
.19 GQ0205_M07.1_clone=GQ0205_M07_cluster=GQ0205_M07_status=complete_gb=BT103053 3190127
.19 GQ0205_M07.1_clone=GQ0205_M07_cluster=GQ0205_M07_status=complete_gb=BT103053 343487
.22 GQ04005_C10.2_clone=GQ04005_C10_cluster=GQ04005_C10_status=complete_gb=BT118328 1130429
.51 GQ04005_C10.2_clone=GQ04005_C10_cluster=GQ04005_C10_status=complete_gb=BT118328 3275933
.45 GQ02512_F20.1_clone=GQ02512_F20_cluster=GQ02512_F20_status=complete_gb=BT103395 3187987
.27 GQ02512_F20.1_clone=GQ02512_F20_cluster=GQ02512_F20_status=complete_gb=BT103395 3190520
.13 GQ03237_L08.1_clone=GQ03237_L08_cluster=GQ03237_L08_status=complete_gb=BT111436 806419
.18 GQ03237_L08.1_clone=GQ03237_L08_cluster=GQ03237_L08_status=complete_gb=BT111436 3189284
.45 GQ04107_G14.1_clone=GQ04107_G14_cluster=GQ04107_G14_status=complete_gb=BT119575 3275984
.12 GQ04107_G14.1_clone=GQ04107_G14_cluster=GQ04107_G14_status=complete_gb=BT119575 3275984
.16 GQ04103_E07.1_clone=GQ04103_E07_cluster=GQ04103_E07_status=complete_gb=BT119262 3188095
.26 GQ04103_E07.1_clone=GQ04103_E07_cluster=GQ04103_E07_status=complete_gb=BT119262 413108
.14 WS00742_G10.1_clone=WS00742_G10_cluster=WS00742_G10_status=3 3213238
.84 WS00742_G10.1_clone=WS00742_G10_cluster=WS00742_G10_status=3 3275630
.17 GQ04104_D10.1_clone=GQ04104_D10_cluster=GQ04104_D10_status=complete_gb=BT119329 835390
.26 GQ04104_D10.1_clone=GQ04104_D10_cluster=GQ04104_D10_status=complete_gb=BT119329 24458
.72 GQ0204_K16.1_clone=GQ0204_K16_cluster=GQ0204_K16_status=complete_gb=BT102997 3275445
.15 GQ0204_K16.1_clone=GQ0204_K16_cluster=GQ0204_K16_status=complete_gb=BT102997 2289058
.99 GQ04113_O10.1_clone=GQ04113_O10_cluster=GQ04113_O10_status=complete_gb=BT119997 3275904
.85 GQ03909_C14.1_clone=GQ03909_C14_cluster=GQ03909_C14_status=complete_gb=BT117728 3276047
.25 GQ03225_E20.2_clone=GQ03225_E20_cluster=GQ03225_E20_status=53 3275911
.23 GQ03225_E20.2_clone=GQ03225_E20_cluster=GQ03225_E20_status=53 3275911
.74 GQ02807_B05.1_clone=GQ02807_B05_cluster=GQ02807_B05_status=complete_gb=BT104163 3276039
.99 GQ03322_G11.1_clone=GQ03322_G11_cluster=GQ03322_G11_status=complete_gb=BT112892 3276008
.98 GQ02803_O16.1_clone=GQ02803_O16_cluster=GQ02803_O16_status=complete_gb=BT103901 3275912
.87 GQ04012_K18.1_clone=GQ04012_K18_cluster=GQ04012_K18_status=complete_gb=BT118964 3275974
.99 GQ03101_M14.1_clone=GQ03101_M14_cluster=GQ03101_M14_status=complete_gb=BT107014 3275976
.85 GQ02820_O03.1_clone=GQ02820_O03_cluster=GQ02820_O03_status=complete_gb=BT105323 3275953
.88 GQ02820_K15.1_clone=GQ02820_K15_cluster=GQ02820_K15_status=complete_gb=BT105297 3275775
.51 GQ02808_H19.1_clone=GQ02808_H19_cluster=GQ02808_H19_status=complete_gb=BT104281 3276027
.16 GQ02808_H19.1_clone=GQ02808_H19_cluster=GQ02808_H19_status=complete_gb=BT104281 3212954
.16 GQ02808_H19.1_clone=GQ02808_H19_cluster=GQ02808_H19_status=complete_gb=BT104281 653340
.59 GQ03909_N17.2_clone=GQ03909_N17_cluster=GQ03909_N17_status=complete_gb=BT117744 3276003
.14 GQ03909_N17.2_clone=GQ03909_N17_cluster=GQ03909_N17_status=complete_gb=BT117744 3276003
.34 GQ02801_J18.1_clone=GQ02801_J18_cluster=GQ02801_J18_status=complete_gb=BT103753 337464
.24 GQ02801_J18.1_clone=GQ02801_J18_cluster=GQ02801_J18_status=complete_gb=BT103753 3275209
.20 GQ02801_J18.1_clone=GQ02801_J18_cluster=GQ02801_J18_status=complete_gb=BT103753 3188350
.14 GQ03324_K12.1_clone=GQ03324_K12_cluster=GQ03324_K12_status=complete_gb=BT113022 674493
.65 GQ03324_K12.1_clone=GQ03324_K12_cluster=GQ03324_K12_status=complete_gb=BT113022 3275936
.35 GQ02827_E23.1_clone=GQ02827_E23_cluster=GQ02827_E23_status=complete_gb=BT105733 3275633
.19 GQ02827_E23.1_clone=GQ02827_E23_cluster=GQ02827_E23_status=complete_gb=BT105733 3193214
.18 GQ02827_E23.1_clone=GQ02827_E23_cluster=GQ02827_E23_status=complete_gb=BT105733 3208117
.16 GQ02827_E23.1_clone=GQ02827_E23_cluster=GQ02827_E23_status=complete_gb=BT105733 1492414
.15 GQ02827_E23.1_clone=GQ02827_E23_cluster=GQ02827_E23_status=complete_gb=BT105733 3219577
.49 WS00727_N20.1_clone=WS00727_N20_cluster=WS00727_N20_status=3 3201447
.29 WS00727_N20.1_clone=WS00727_N20_cluster=WS00727_N20_status=3 708187
.49 GQ03120_N11.1_clone=GQ03120_N11_cluster=GQ03120_N11_status=complete_gb=BT108368 746016
.40 GQ03120_N11.1_clone=GQ03120_N11_cluster=GQ03120_N11_status=complete_gb=BT108368 3219320
.30 GQ03120_N11.1_clone=GQ03120_N11_cluster=GQ03120_N11_status=complete_gb=BT108368 3193959
.13 GQ03120_N11.1_clone=GQ03120_N11_cluster=GQ03120_N11_status=complete_gb=BT108368 3210458
.13 GQ03120_N11.1_clone=GQ03120_N11_cluster=GQ03120_N11_status=complete_gb=BT108368 663679
.32 GQ02824_H07.1_clone=GQ02824_H07_cluster=GQ02824_H07_status=complete_gb=BT105563 3276052
.05 GQ02824_H07.1_clone=GQ02824_H07_cluster=GQ02824_H07_status=complete_gb=BT105563 3187594
.51 GQ02829_O06.1_clone=GQ02829_O06_cluster=GQ02829_O06_status=complete_gb=BT105901 592268
.25 GQ02829_O06.1_clone=GQ02829_O06_cluster=GQ02829_O06_status=complete_gb=BT105901 3189441
.19 GQ04110_L20.1_clone=GQ04110_L20_cluster=GQ04110_L20_status=complete_gb=BT119829 3275978
.64 GQ04110_L20.1_clone=GQ04110_L20_cluster=GQ04110_L20_status=complete_gb=BT119829 3275978
.54 GQ03116_E03.1_clone=GQ03116_E03_cluster=GQ03116_E03_status=complete_gb=BT108045 3275581
.43 GQ03302_D18.1_clone=GQ03302_D18_cluster=GQ03302_D18_status=complete_gb=BT111688 3196159
.36 GQ03302_D18.1_clone=GQ03302_D18_cluster=GQ03302_D18_status=complete_gb=BT111688 821914
.46 GQ03710_H08.1_clone=GQ03710_H08_cluster=GQ03710_H08_status=complete_gb=BT116015 3191616
.23 GQ03710_H08.1_clone=GQ03710_H08_cluster=GQ03710_H08_status=complete_gb=BT116015 3275161
.32 GQ03710_H08.1_clone=GQ03710_H08_cluster=GQ03710_H08_status=complete_gb=BT116015 3193740
.15 GQ03710_H08.1_clone=GQ03710_H08_cluster=GQ03710_H08_status=complete_gb=BT116015 1535360
.05 GQ03710_H08.1_clone=GQ03710_H08_cluster=GQ03710_H08_status=complete_gb=BT116015 773491
.27 GQ03816_E18.1_clone=GQ03816_E18_cluster=GQ03816_E18_status=complete_gb=BT117269 3228755
.67 GQ03816_E18.1_clone=GQ03816_E18_cluster=GQ03816_E18_status=complete_gb=BT117269 3275958
.09 GQ02902_L18.2_clone=GQ02902_L18_cluster=GQ02902_L18_status=complete_gb=BT106088 944595
.09 GQ02902_L18.2_clone=GQ02902_L18_cluster=GQ02902_L18_status=complete_gb=BT106088 1333426
.09 GQ02902_L18.2_clone=GQ02902_L18_cluster=GQ02902_L18_status=complete_gb=BT106088 1765930
.09 GQ02902_L18.2_clone=GQ02902_L18_cluster=GQ02902_L18_status=complete_gb=BT106088 3193128
.09 GQ02902_L18.2_clone=GQ02902_L18_cluster=GQ02902_L18_status=complete_gb=BT106088 603124
.05 GQ04008_E02.2_clone=GQ04008_E02_cluster=GQ04008_E02_status=complete_gb=BT118617 3275832
.21 GQ04008_E02.2_clone=GQ04008_E02_cluster=GQ04008_E02_status=complete_gb=BT118617 3275832
.08 GQ04005_B02.1_clone=GQ04005_B02_cluster=GQ04005_B02_status=complete_gb=BT118321 910042
.84 GQ04005_B02.1_clone=GQ04005_B02_cluster=GQ04005_B02_status=complete_gb=BT118321 3275908
.31 GQ0201_G02.1_clone=GQ0201_G02_cluster=GQ0201_G02_status=5 3275689
.31 GQ0201_G02.1_clone=GQ0201_G02_cluster=GQ0201_G02_status=5 3194334
.17 GQ0201_G02.1_clone=GQ0201_G02_cluster=GQ0201_G02_status=5 891431
.16 GQ0201_G02.1_clone=GQ0201_G02_cluster=GQ0201_G02_status=5 3275395
.14 GQ0201_G02.1_clone=GQ0201_G02_cluster=GQ0201_G02_status=5 3194333
.59 GQ02820_D01.1_clone=GQ02820_D01_cluster=GQ02820_D01_status=complete_gb=BT105251 3194263
.69 GQ03319_C03.1_clone=GQ03319_C03_cluster=GQ03319_C03_status=complete_gb=BT112660 3219561
.30 GQ03319_C03.1_clone=GQ03319_C03_cluster=GQ03319_C03_status=complete_gb=BT112660 3219551
.98 GQ0205_A16.1_clone=GQ0205_A16_cluster=GQ0205_A16_status=complete_gb=BT103019 3275979
.71 GQ0161_P15.2_clone=GQ0161_P15_cluster=GQ0161_P15_status=53 3276002
.12 GQ0161_P15.2_clone=GQ0161_P15_cluster=GQ0161_P15_status=53 3189370
.97 GQ03909_J06.1_clone=GQ03909_J06_cluster=GQ03909_J06_status=complete_gb=BT117739 3276001
.99 GQ03119_O23.1_clone=GQ03119_O23_cluster=GQ03119_O23_status=complete_gb=BT108314 3275992
.36 GQ04008_H17.1_clone=GQ04008_H17_cluster=GQ04008_H17_status=complete_gb=BT118645 785295
.33 GQ04008_H17.1_clone=GQ04008_H17_cluster=GQ04008_H17_status=complete_gb=BT118645 827052
.28 GQ04008_H17.1_clone=GQ04008_H17_cluster=GQ04008_H17_status=complete_gb=BT118645 3194410
.21 GQ04008_H17.1_clone=GQ04008_H17_cluster=GQ04008_H17_status=complete_gb=BT118645 493424
.10 GQ04111_O10.1_clone=GQ04111_O10_cluster=GQ04111_O10_status=complete_gb=BT119894 3210857
.78 GQ04111_O10.1_clone=GQ04111_O10_cluster=GQ04111_O10_status=complete_gb=BT119894 3276030
.37 GQ02820_H11.1_clone=GQ02820_H11_cluster=GQ02820_H11_status=complete_gb=BT105279 3275180
.14 GQ02820_H11.1_clone=GQ02820_H11_cluster=GQ02820_H11_status=complete_gb=BT105279 931057
.42 GQ03212_E09.1_clone=GQ03212_E09_cluster=GQ03212_E09_status=5 3237107
.29 GQ03212_E09.1_clone=GQ03212_E09_cluster=GQ03212_E09_status=5 3190828
.21 GQ04104_G21.2_clone=GQ04104_G21_cluster=GQ04104_G21_status=complete_gb=BT119345 3193347
.77 GQ04104_G21.2_clone=GQ04104_G21_cluster=GQ04104_G21_status=complete_gb=BT119345 3275823
.33 GQ03326_H03.1_clone=GQ03326_H03_cluster=GQ03326_H03_status=complete_gb=BT113156 3190769
.34 GQ02802_J02.4_clone=GQ02802_J02_cluster=GQ02802_J02_status=complete_gb=BT103812 3193379
.33 GQ02802_J02.4_clone=GQ02802_J02_cluster=GQ02802_J02_status=complete_gb=BT103812 3275884
.27 GQ02802_J02.4_clone=GQ02802_J02_cluster=GQ02802_J02_status=complete_gb=BT103812 557345
.25 GQ02802_J02.4_clone=GQ02802_J02_cluster=GQ02802_J02_status=complete_gb=BT103812 353242
.21 GQ02802_J02.4_clone=GQ02802_J02_cluster=GQ02802_J02_status=complete_gb=BT103812 817430
.78 GQ02811_I20.2_clone=GQ02811_I20_cluster=GQ02811_I20_status=complete_gb=BT104532 3275864
.20 GQ02811_I20.2_clone=GQ02811_I20_cluster=GQ02811_I20_status=complete_gb=BT104532 3195619
.16 GQ03708_J16.1_clone=GQ03708_J16_cluster=GQ03708_J16_status=complete_gb=BT115907 1071639
.19 GQ03708_J16.1_clone=GQ03708_J16_cluster=GQ03708_J16_status=complete_gb=BT115907 401114
.96 GQ03707_L15.1_clone=GQ03707_L15_cluster=GQ03707_L15_status=complete_gb=BT115871 3276009
.29 GQ04001_I04.2_clone=GQ04001_I04_cluster=GQ04001_I04_status=complete_gb=BT118042 3204280
.23 GQ03712_H14.1_clone=GQ03712_H14_cluster=GQ03712_H14_status=complete_gb=BT116140 3197784
.23 GQ03712_H14.1_clone=GQ03712_H14_cluster=GQ03712_H14_status=complete_gb=BT116140 3201412
.22 GQ03712_H14.1_clone=GQ03712_H14_cluster=GQ03712_H14_status=complete_gb=BT116140 1476338
.18 GQ03712_H14.1_clone=GQ03712_H14_cluster=GQ03712_H14_status=complete_gb=BT116140 1021067
.18 GQ03712_H14.1_clone=GQ03712_H14_cluster=GQ03712_H14_status=complete_gb=BT116140 586313
.47 GQ03605_F01.2_clone=GQ03605_F01_cluster=GQ03605_F01_status=53 3275854
.12 GQ03605_F01.2_clone=GQ03605_F01_cluster=GQ03605_F01_status=53 663145
.06 GQ03605_F01.2_clone=GQ03605_F01_cluster=GQ03605_F01_status=53 797310
.18 GQ03301_I21.1_clone=GQ03301_I21_cluster=GQ03301_I21_status=complete_gb=BT111632 3240398
.46 GQ03301_I21.1_clone=GQ03301_I21_cluster=GQ03301_I21_status=complete_gb=BT111632 3194568
.88 GQ04103_P12.1_clone=GQ04103_P12_cluster=GQ04103_P12_status=complete_gb=BT119302 3275950
.39 WS0263_O09.1_clone=WS0263_O09_cluster=WS0263_O09_status=3 303302
.59 WS0263_O09.1_clone=WS0263_O09_cluster=WS0263_O09_status=3 3201878
.99 GQ03126_J15.1_clone=GQ03126_J15_cluster=GQ03126_J15_status=complete_gb=BT108752 3275878
.55 GQ02806_O13.1_clone=GQ02806_O13_cluster=GQ02806_O13_status=complete_gb=BT104144 3212318
.43 GQ02806_O13.1_clone=GQ02806_O13_cluster=GQ02806_O13_status=complete_gb=BT104144 3188891
.29 GQ03103_P05.1_clone=GQ03103_P05_cluster=GQ03103_P05_status=complete_gb=BT107185 3214319
.29 GQ03103_P05.1_clone=GQ03103_P05_cluster=GQ03103_P05_status=complete_gb=BT107185 3205830
.29 GQ03103_P05.1_clone=GQ03103_P05_cluster=GQ03103_P05_status=complete_gb=BT107185 759819
.58 GQ0067_B12.1_clone=GQ0067_B12_cluster=GQ0067_B12_status=complete_gb=BT101087 3275969
.08 GQ03232_G10.1_clone=GQ03232_G10_cluster=GQ03232_G10_status=complete_gb=BT111080 981348
.73 GQ03232_G10.1_clone=GQ03232_G10_cluster=GQ03232_G10_status=complete_gb=BT111080 3275943
.86 WS03220_F07.1_clone=WS03220_F07_cluster=WS03220_F07_status=complete 3190477
.71 GQ03234_J22.1_clone=GQ03234_J22_cluster=GQ03234_J22_status=complete_gb=BT111231 3275301
.74 GQ04004_I14.1_clone=GQ04004_I14_cluster=GQ04004_I14_status=5 3221487
.21 GQ04004_I14.1_clone=GQ04004_I14_cluster=GQ04004_I14_status=5 3191593
.86 GQ03108_L21.1_clone=GQ03108_L21_cluster=GQ03108_L21_status=complete_gb=BT107528 3195213
.28 GQ03712_A19.1_clone=GQ03712_A19_cluster=GQ03712_A19_status=complete_gb=BT116113 816400
.26 GQ03712_A19.1_clone=GQ03712_A19_cluster=GQ03712_A19_status=complete_gb=BT116113 3193644
.20 GQ03712_A19.1_clone=GQ03712_A19_cluster=GQ03712_A19_status=complete_gb=BT116113 756529
.49 GQ03106_A22.1_clone=GQ03106_A22_cluster=GQ03106_A22_status=complete_gb=BT107345 3213586
.12 GQ02802_O20.1_clone=GQ02802_O20_cluster=GQ02802_O20_status=complete_gb=BT103841 1546040
.56 GQ02802_O20.1_clone=GQ02802_O20_cluster=GQ02802_O20_status=complete_gb=BT103841 3230345
.09 GQ02823_G11.1_clone=GQ02823_G11_cluster=GQ02823_G11_status=complete_gb=BT105496 2589847
.72 GQ02823_G11.1_clone=GQ02823_G11_cluster=GQ02823_G11_status=complete_gb=BT105496 3276026
.65 GQ03707_D22.1_clone=GQ03707_D22_cluster=GQ03707_D22_status=complete_gb=BT115840 3276040
.71 GQ04102_M04.1_clone=GQ04102_M04_cluster=GQ04102_M04_status=complete_gb=BT119214 3275771
.23 GQ02511_A12.1_clone=GQ02511_A12_cluster=GQ02511_A12_status=complete_gb=BT103365 3275661
.40 GQ03204_K04.1_clone=GQ03204_K04_cluster=GQ03204_K04_status=complete_gb=BT109100 3275973
.32 GQ03204_K04.1_clone=GQ03204_K04_cluster=GQ03204_K04_status=complete_gb=BT109100 756638
.49 GQ03304_B24.1_clone=GQ03304_B24_cluster=GQ03304_B24_status=complete_gb=BT111827 3275968
.16 GQ03304_B24.1_clone=GQ03304_B24_cluster=GQ03304_B24_status=complete_gb=BT111827 3192147
.13 GQ03304_B24.1_clone=GQ03304_B24_cluster=GQ03304_B24_status=complete_gb=BT111827 3275968
.20 GQ02804_G20.1_clone=GQ02804_G20_cluster=GQ02804_G20_status=complete_gb=BT103938 3187641
.60 GQ02804_G20.1_clone=GQ02804_G20_cluster=GQ02804_G20_status=complete_gb=BT103938 3187641
.27 GQ03237_H08.1_clone=GQ03237_H08_cluster=GQ03237_H08_status=complete_gb=BT111416 562607
.71 GQ03237_H08.1_clone=GQ03237_H08_cluster=GQ03237_H08_status=complete_gb=BT111416 3191486
.99 GQ03207_P21.1_clone=GQ03207_P21_cluster=GQ03207_P21_status=complete_gb=BT109401 3276042
.72 GQ04009_A11.4_clone=GQ04009_A11_cluster=GQ04009_A11_status=complete_gb=BT118680 3275924
.69 GQ03715_C05.1_clone=GQ03715_C05_cluster=GQ03715_C05_status=complete_gb=BT116275 3194943
.19 GQ03715_C05.1_clone=GQ03715_C05_cluster=GQ03715_C05_status=complete_gb=BT116275 1294577
.32 GQ03212_B15.3_clone=GQ03212_B15_cluster=GQ03212_B15_status=53 3275947
.24 GQ03212_B15.3_clone=GQ03212_B15_cluster=GQ03212_B15_status=53 3275947
.23 GQ03212_B15.3_clone=GQ03212_B15_cluster=GQ03212_B15_status=53 441801
.19 GQ03212_B15.3_clone=GQ03212_B15_cluster=GQ03212_B15_status=53 3193002
.17 GQ03212_B15.3_clone=GQ03212_B15_cluster=GQ03212_B15_status=53 3194042
.72 GQ03213_A21.1_clone=GQ03213_A21_cluster=GQ03213_A21_status=complete_gb=BT109855 3275919
.25 GQ03213_A21.1_clone=GQ03213_A21_cluster=GQ03213_A21_status=complete_gb=BT109855 3188017
.65 GQ00610_M15.1_clone=GQ00610_M15_cluster=GQ00610_M15_status=complete_gb=BT100920 499354
.30 GQ00610_M15.1_clone=GQ00610_M15_cluster=GQ00610_M15_status=complete_gb=BT100920 3258513
.31 GQ0173_F06.1_clone=GQ0173_F06_cluster=GQ0173_F06_status=complete_gb=BT102261 3203270
.64 GQ0173_F06.1_clone=GQ0173_F06_cluster=GQ0173_F06_status=complete_gb=BT102261 3275927
.80 GQ03902_N09.1_clone=GQ03902_N09_cluster=GQ03902_N09_status=complete_gb=BT117542 3275471
.18 GQ03902_N09.1_clone=GQ03902_N09_cluster=GQ03902_N09_status=complete_gb=BT117542 3204796
.99 GQ02818_L13.1_clone=GQ02818_L13_cluster=GQ02818_L13_status=complete_gb=BT105111 3275378
.88 GQ03114_O13.1_clone=GQ03114_O13_cluster=GQ03114_O13_status=complete_gb=BT107949 3275931
.22 GQ03409_P17.1_clone=GQ03409_P17_cluster=GQ03409_P17_status=complete_gb=BT113477 3197035
.22 GQ03409_P17.1_clone=GQ03409_P17_cluster=GQ03409_P17_status=complete_gb=BT113477 3192276
.51 GQ03319_B08.1_clone=GQ03319_B08_cluster=GQ03319_B08_status=complete_gb=BT112656 3188207
.20 GQ03319_B08.1_clone=GQ03319_B08_cluster=GQ03319_B08_status=complete_gb=BT112656 733421
.83 GQ04105_K15.2_clone=GQ04105_K15_cluster=GQ04105_K15_status=complete_gb=BT119437 3276038
.72 GQ02815_A11.1_clone=GQ02815_A11_cluster=GQ02815_A11_status=complete_gb=BT104788 3275890
.42 GQ0203_M09.1_clone=GQ0203_M09_cluster=GQ0203_M09_status=complete_gb=BT102944 416824
.36 GQ0203_M09.1_clone=GQ0203_M09_cluster=GQ0203_M09_status=complete_gb=BT102944 3194392
.32 GQ02812_I18.4_clone=GQ02812_I18_cluster=GQ02812_I18_status=complete_gb=BT104613 3190693
.63 GQ02812_I18.4_clone=GQ02812_I18_cluster=GQ02812_I18_status=complete_gb=BT104613 3275284
.64 GQ03222_C17.1_clone=GQ03222_C17_cluster=GQ03222_C17_status=complete_gb=BT110459 3275619
.15 GQ03512_E05.1_clone=GQ03512_E05_cluster=GQ03512_E05_status=complete_gb=BT114308 3198250
.54 GQ03512_E05.1_clone=GQ03512_E05_cluster=GQ03512_E05_status=complete_gb=BT114308 3275910
.89 GQ03222_M10.1_clone=GQ03222_M10_cluster=GQ03222_M10_status=complete_gb=BT110509 3275900
.32 GQ0041_N21.1_clone=GQ0041_N21_cluster=GQ0041_N21_status=complete_gb=BT100750 3275917
.16 GQ0041_N21.1_clone=GQ0041_N21_cluster=GQ0041_N21_status=complete_gb=BT100750 3275917
.78 GQ04111_E20.1_clone=GQ04111_E20_cluster=GQ04111_E20_status=complete_gb=BT119861 3275935
.76 GQ0172_D23.1_clone=GQ0172_D23_cluster=GQ0172_D23_status=complete_gb=BT102242 3275421
.64 GQ02905_E10.2_clone=GQ02905_E10_cluster=GQ02905_E10_status=complete_gb=BT106221 3275807
.28 GQ02905_E10.2_clone=GQ02905_E10_cluster=GQ02905_E10_status=complete_gb=BT106221 3187103
.30 GQ03404_E15.1_clone=GQ03404_E15_cluster=GQ03404_E15_status=complete_gb=BT113302 3227212
.62 GQ03404_E15.1_clone=GQ03404_E15_cluster=GQ03404_E15_status=complete_gb=BT113302 3220577
.12 GQ0043_N14.1_clone=GQ0043_N14_cluster=GQ0043_N14_status=53 3201725
.24 GQ0043_N14.1_clone=GQ0043_N14_cluster=GQ0043_N14_status=53 3221544
.08 GQ04010_L08.1_clone=GQ04010_L08_cluster=GQ04010_L08_status=complete_gb=BT118826 684848
.34 GQ04010_L08.1_clone=GQ04010_L08_cluster=GQ04010_L08_status=complete_gb=BT118826 302983
.65 GQ04006_B04.4_clone=GQ04006_B04_cluster=GQ04006_B04_status=complete_gb=BT118407 3276037
.69 GQ02811_C05.1_clone=GQ02811_C05_cluster=GQ02811_C05_status=complete_gb=BT104501 3275964
.20 GQ02811_C05.1_clone=GQ02811_C05_cluster=GQ02811_C05_status=complete_gb=BT104501 3275964
.21 GQ03410_H23.1_clone=GQ03410_H23_cluster=GQ03410_H23_status=complete_gb=BT113485 3189029
.44 GQ03410_H23.1_clone=GQ03410_H23_cluster=GQ03410_H23_status=complete_gb=BT113485 3194522
.02 GQ03917_O10.3_clone=GQ03917_O10_cluster=GQ03917_O10_status=53 3220828
.95 GQ03917_O10.3_clone=GQ03917_O10_cluster=GQ03917_O10_status=53 3276004
.30 GQ03715_L17.1_clone=GQ03715_L17_cluster=GQ03715_L17_status=5 1187567
.40 GQ03715_L17.1_clone=GQ03715_L17_cluster=GQ03715_L17_status=5 3198280
.99 GQ03310_N03.1_clone=GQ03310_N03_cluster=GQ03310_N03_status=complete_gb=BT112148 3276012
.28 GQ03519_I09.1_clone=GQ03519_I09_cluster=GQ03519_I09_status=complete_gb=BT114700 1028898
.51 GQ03519_I09.1_clone=GQ03519_I09_cluster=GQ03519_I09_status=complete_gb=BT114700 3190419
.89 GQ03512_G17.1_clone=GQ03512_G17_cluster=GQ03512_G17_status=complete_gb=BT114321 3276048
.65 GQ02806_H03.2_clone=GQ02806_H03_cluster=GQ02806_H03_status=complete_gb=BT104101 3275860
.21 GQ02806_H03.2_clone=GQ02806_H03_cluster=GQ02806_H03_status=complete_gb=BT104101 3190224
.33 GQ04005_E12.1_clone=GQ04005_E12_cluster=GQ04005_E12_status=complete_gb=BT118339 3194771
.66 GQ04005_E12.1_clone=GQ04005_E12_cluster=GQ04005_E12_status=complete_gb=BT118339 3189190
.10 GQ02904_I05.1_clone=GQ02904_I05_cluster=GQ02904_I05_status=complete_gb=BT106183 1018910
.88 GQ02904_I05.1_clone=GQ02904_I05_cluster=GQ02904_I05_status=complete_gb=BT106183 3275966
.41 GQ04008_D04.1_clone=GQ04008_D04_cluster=GQ04008_D04_status=complete_gb=BT118612 3192440
.42 GQ04008_D04.1_clone=GQ04008_D04_cluster=GQ04008_D04_status=complete_gb=BT118612 3193061
.81 GQ03803_I14.1_clone=GQ03803_I14_cluster=GQ03803_I14_status=complete_gb=BT116623 3190447
.09 GQ03803_I14.1_clone=GQ03803_I14_cluster=GQ03803_I14_status=complete_gb=BT116623 3190755
.82 GQ00410_P24.1_clone=GQ00410_P24_cluster=GQ00410_P24_status=complete_gb=BT100683 3275940
.17 GQ00410_P24.1_clone=GQ00410_P24_cluster=GQ00410_P24_status=complete_gb=BT100683 3275940
.76 GQ0043_A12.1_clone=GQ0043_A12_cluster=GQ0043_A12_status=complete_gb=BT100767 3275956
.09 GQ0043_A12.1_clone=GQ0043_A12_cluster=GQ0043_A12_status=complete_gb=BT100767 3022916
.77 GQ03813_E24.1_clone=GQ03813_E24_cluster=GQ03813_E24_status=complete_gb=BT117126 3187956
.22 GQ03813_E24.1_clone=GQ03813_E24_cluster=GQ03813_E24_status=complete_gb=BT117126 3188991
.22 GQ02807_D14.2_clone=GQ02807_D14_cluster=GQ02807_D14_status=complete_gb=BT104177 1479738
.23 GQ02807_D14.2_clone=GQ02807_D14_cluster=GQ02807_D14_status=complete_gb=BT104177 3230584
.32 GQ04113_F01.2_clone=GQ04113_F01_cluster=GQ04113_F01_status=complete_gb=BT119965 3187314
.11 GQ04113_F01.2_clone=GQ04113_F01_cluster=GQ04113_F01_status=complete_gb=BT119965 3217325
.23 GQ03508_H15.1_clone=GQ03508_H15_cluster=GQ03508_H15_status=complete_gb=BT114118 886763
.75 GQ03508_H15.1_clone=GQ03508_H15_cluster=GQ03508_H15_status=complete_gb=BT114118 3190772
.44 GQ01312_B05.2_clone=GQ01312_B05_cluster=GQ01312_B05_status=complete_gb=BT101749 3187527
.36 GQ01312_B05.2_clone=GQ01312_B05_cluster=GQ01312_B05_status=complete_gb=BT101749 554170
.33 GQ01312_B05.2_clone=GQ01312_B05_cluster=GQ01312_B05_status=complete_gb=BT101749 3212519
.28 GQ01312_B05.2_clone=GQ01312_B05_cluster=GQ01312_B05_status=complete_gb=BT101749 656593
.99 GQ03126_F18.1_clone=GQ03126_F18_cluster=GQ03126_F18_status=complete_gb=BT108739 3276007
.44 GQ03413_I22.2_clone=GQ03413_I22_cluster=GQ03413_I22_status=53 345129
.25 GQ03413_I22.2_clone=GQ03413_I22_cluster=GQ03413_I22_status=53 3189815
.28 GQ03413_I22.2_clone=GQ03413_I22_cluster=GQ03413_I22_status=53 3190180
.19 GQ03413_I22.2_clone=GQ03413_I22_cluster=GQ03413_I22_status=53 605067
.85 GQ03112_H21.1_clone=GQ03112_H21_cluster=GQ03112_H21_status=complete_gb=BT107766 3275975
.82 GQ03817_B19.1_clone=GQ03817_B19_cluster=GQ03817_B19_status=complete_gb=BT117318 3275942
.09 GQ03817_B19.1_clone=GQ03817_B19_cluster=GQ03817_B19_status=complete_gb=BT117318 2478314
.70 WS00740_P08.1_clone=WS00740_P08_cluster=WS00740_P08_status=3 3275756
.28 WS00740_P08.1_clone=WS00740_P08_cluster=WS00740_P08_status=3 360655
.70 GQ03309_G19.1_clone=GQ03309_G19_cluster=GQ03309_G19_status=complete_gb=BT112061 3275941
.21 GQ03309_G19.1_clone=GQ03309_G19_cluster=GQ03309_G19_status=complete_gb=BT112061 1005777
.77 GQ02821_G19.1_clone=GQ02821_G19_cluster=GQ02821_G19_status=complete_gb=BT105359 3275914
.05 GQ02821_G19.1_clone=GQ02821_G19_cluster=GQ02821_G19_status=complete_gb=BT105359 3218826
.98 GQ04104_F10.1_clone=GQ04104_F10_cluster=GQ04104_F10_status=complete_gb=BT119337 3276036
.77 GQ03516_C13.1_clone=GQ03516_C13_cluster=GQ03516_C13_status=complete_gb=BT114520 3276046
.10 GQ03516_C13.1_clone=GQ03516_C13_cluster=GQ03516_C13_status=complete_gb=BT114520 1298882
.10 GQ03516_C13.1_clone=GQ03516_C13_cluster=GQ03516_C13_status=complete_gb=BT114520 561120
.09 GQ03516_C13.1_clone=GQ03516_C13_cluster=GQ03516_C13_status=complete_gb=BT114520 592288
.08 GQ03516_C13.1_clone=GQ03516_C13_cluster=GQ03516_C13_status=complete_gb=BT114520 398931
.39 GQ03219_D07.1_clone=GQ03219_D07_cluster=GQ03219_D07_status=complete_gb=BT110285 3196371
.20 GQ03219_D07.1_clone=GQ03219_D07_cluster=GQ03219_D07_status=complete_gb=BT110285 1083149
.59 GQ04113_H06.2_clone=GQ04113_H06_cluster=GQ04113_H06_status=complete_gb=BT119972 3275855
.22 GQ04113_H06.2_clone=GQ04113_H06_cluster=GQ04113_H06_status=complete_gb=BT119972 3203434
.16 GQ03236_K06.1_clone=GQ03236_K06_cluster=GQ03236_K06_status=complete_gb=BT111373 1777694
.82 GQ03236_K06.1_clone=GQ03236_K06_cluster=GQ03236_K06_status=complete_gb=BT111373 3228053
.86 GQ02817_N01.1_clone=GQ02817_N01_cluster=GQ02817_N01_status=complete_gb=BT105029 3275946
.75 GQ02905_K03.2_clone=GQ02905_K03_cluster=GQ02905_K03_status=complete_gb=BT106232 3275705
.23 GQ02905_K03.2_clone=GQ02905_K03_cluster=GQ02905_K03_status=complete_gb=BT106232 3275535
.99 GQ03301_D03.1_clone=GQ03301_D03_cluster=GQ03301_D03_status=complete_gb=BT111601 3275846
.62 GQ03106_P07.1_clone=GQ03106_P07_cluster=GQ03106_P07_status=complete_gb=BT107389 3212614
.36 GQ03106_P07.1_clone=GQ03106_P07_cluster=GQ03106_P07_status=complete_gb=BT107389 774376
.53 GQ02822_H16.1_clone=GQ02822_H16_cluster=GQ02822_H16_status=complete_gb=BT105437 3275600
.85 GQ04003_D22.1_clone=GQ04003_D22_cluster=GQ04003_D22_status=complete_gb=BT118174 3275660
.87 GQ03111_N13.1_clone=GQ03111_N13_cluster=GQ03111_N13_status=complete_gb=BT107712 3188126
.56 GQ02811_N01.1_clone=GQ02811_N01_cluster=GQ02811_N01_status=complete_gb=BT104559 3275575
.29 GQ03607_D18.1_clone=GQ03607_D18_cluster=GQ03607_D18_status=complete_gb=BT115011 3215121
.22 GQ03607_D18.1_clone=GQ03607_D18_cluster=GQ03607_D18_status=complete_gb=BT115011 660128
.17 GQ03607_D18.1_clone=GQ03607_D18_cluster=GQ03607_D18_status=complete_gb=BT115011 3212321
.16 GQ03607_D18.1_clone=GQ03607_D18_cluster=GQ03607_D18_status=complete_gb=BT115011 3253047
.22 GQ03123_J03.1_clone=GQ03123_J03_cluster=GQ03123_J03_status=complete_gb=BT108561 3193102
.56 GQ03123_J03.1_clone=GQ03123_J03_cluster=GQ03123_J03_status=complete_gb=BT108561 923633
.48 GQ02806_N02.2_clone=GQ02806_N02_cluster=GQ02806_N02_status=complete_gb=BT104135 3275925
.17 GQ02806_N02.2_clone=GQ02806_N02_cluster=GQ02806_N02_status=complete_gb=BT104135 581928
.13 GQ02806_N02.2_clone=GQ02806_N02_cluster=GQ02806_N02_status=complete_gb=BT104135 708543
.11 GQ02806_N02.2_clone=GQ02806_N02_cluster=GQ02806_N02_status=complete_gb=BT104135 929071
.19 GQ04103_H13.1_clone=GQ04103_H13_cluster=GQ04103_H13_status=complete_gb=BT119274 3276044
.10 GQ04103_H13.1_clone=GQ04103_H13_cluster=GQ04103_H13_status=complete_gb=BT119274 3187701
.30 GQ0203_C12.1_clone=GQ0203_C12_cluster=GQ0203_C12_status=complete_gb=BT102915 3224063
.29 GQ0203_C12.1_clone=GQ0203_C12_cluster=GQ0203_C12_status=complete_gb=BT102915 3188614
.27 GQ0203_C12.1_clone=GQ0203_C12_cluster=GQ0203_C12_status=complete_gb=BT102915 557902
.24 GQ0203_C12.1_clone=GQ0203_C12_cluster=GQ0203_C12_status=complete_gb=BT102915 354558
.22 GQ0203_C12.1_clone=GQ0203_C12_cluster=GQ0203_C12_status=complete_gb=BT102915 710698
.46 WS00830_H04.1_clone=WS00830_H04_cluster=WS00830_H04_status=complete 3191673
.29 WS00830_H04.1_clone=WS00830_H04_cluster=WS00830_H04_status=complete 3209687
.74 WS00721_G24.1_clone=WS00721_G24_cluster=WS00721_G24_status=3 3198148
.15 WS00721_G24.1_clone=WS00721_G24_cluster=WS00721_G24_status=3 956474
.20 WS00721_G24.1_clone=WS00721_G24_cluster=WS00721_G24_status=3 3195268
.20 WS00721_G24.1_clone=WS00721_G24_cluster=WS00721_G24_status=3 3275337
.10 WS00721_G24.1_clone=WS00721_G24_cluster=WS00721_G24_status=3 1197501
.16 GQ02816_L06.1_clone=GQ02816_L06_cluster=GQ02816_L06_status=complete_gb=BT104932 660152
.16 GQ02816_L06.1_clone=GQ02816_L06_cluster=GQ02816_L06_status=complete_gb=BT104932 677912
.16 GQ02816_L06.1_clone=GQ02816_L06_cluster=GQ02816_L06_status=complete_gb=BT104932 1343970
.16 GQ02816_L06.1_clone=GQ02816_L06_cluster=GQ02816_L06_status=complete_gb=BT104932 3200539
.16 GQ02816_L06.1_clone=GQ02816_L06_cluster=GQ02816_L06_status=complete_gb=BT104932 1099097
.70 GQ03604_M07.1_clone=GQ03604_M07_cluster=GQ03604_M07_status=complete_gb=BT114900 3275416
.36 GQ03719_F15.1_clone=GQ03719_F15_cluster=GQ03719_F15_status=complete_gb=BT116477 3275515
.22 GQ03719_F15.1_clone=GQ03719_F15_cluster=GQ03719_F15_status=complete_gb=BT116477 661733
.23 GQ0021_M15.1_clone=GQ0021_M15_cluster=GQ0021_M15_status=complete_gb=BT100504 551527
.30 GQ0021_M15.1_clone=GQ0021_M15_cluster=GQ0021_M15_status=complete_gb=BT100504 453925
.28 GQ01302_K06.3_clone=GQ01302_K06_cluster=GQ01302_K06_status=complete_gb=BT101370 3271492
.23 GQ01302_K06.3_clone=GQ01302_K06_cluster=GQ01302_K06_status=complete_gb=BT101370 1163199
.99 GQ03902_N15.1_clone=GQ03902_N15_cluster=GQ03902_N15_status=complete_gb=BT117545 3275852
.31 GQ03201_O13.1_clone=GQ03201_O13_cluster=GQ03201_O13_status=complete_gb=BT108861 3276045
.39 GQ03201_O13.1_clone=GQ03201_O13_cluster=GQ03201_O13_status=complete_gb=BT108861 3276045
.20 GQ04006_K06.1_clone=GQ04006_K06_cluster=GQ04006_K06_status=complete_gb=BT118460 3196971
.60 GQ04006_K06.1_clone=GQ04006_K06_cluster=GQ04006_K06_status=complete_gb=BT118460 3276028
.72 GQ03503_N13.1_clone=GQ03503_N13_cluster=GQ03503_N13_status=complete_gb=BT113896 3197927
.03 GQ03503_N13.1_clone=GQ03503_N13_cluster=GQ03503_N13_status=complete_gb=BT113896 2567843
.97 GQ04013_G22.1_clone=GQ04013_G22_cluster=GQ04013_G22_status=complete_gb=BT119015 3275934
.12 GQ03813_D14.1_clone=GQ03813_D14_cluster=GQ03813_D14_status=complete_gb=BT117120 2221029
.10 GQ03813_D14.1_clone=GQ03813_D14_cluster=GQ03813_D14_status=complete_gb=BT117120 3268505
.52 GQ02803_F20.4_clone=GQ02803_F20_cluster=GQ02803_F20_status=53 3219408
.42 GQ02803_F20.4_clone=GQ02803_F20_cluster=GQ02803_F20_status=53 3219408
.15 GQ02806_N22.1_clone=GQ02806_N22_cluster=GQ02806_N22_status=complete_gb=BT104141 3203171
.73 GQ02806_N22.1_clone=GQ02806_N22_cluster=GQ02806_N22_status=complete_gb=BT104141 3275606
.27 GQ02010_E18.1_clone=GQ02010_E18_cluster=GQ02010_E18_status=complete_gb=BT102657 3190166
.72 GQ02010_E18.1_clone=GQ02010_E18_cluster=GQ02010_E18_status=complete_gb=BT102657 3275982
.65 GQ03418_H15.1_clone=GQ03418_H15_cluster=GQ03418_H15_status=complete_gb=BT113722 3275937
.48 GQ03104_H07.2_clone=GQ03104_H07_cluster=GQ03104_H07_status=complete_gb=BT107212 3275921
.10 GQ03104_H07.2_clone=GQ03104_H07_cluster=GQ03104_H07_status=complete_gb=BT107212 3275921
.51 GQ03207_A13.1_clone=GQ03207_A13_cluster=GQ03207_A13_status=complete_gb=BT109314 3275477
.32 GQ03207_A13.1_clone=GQ03207_A13_cluster=GQ03207_A13_status=complete_gb=BT109314 889834
.32 GQ03207_A13.1_clone=GQ03207_A13_cluster=GQ03207_A13_status=complete_gb=BT109314 3191781
.85 WS0053_D10.1_clone=WS0053_D10_cluster=WS0053_D10_status=complete 3191436
.11 WS0053_D10.1_clone=WS0053_D10_cluster=WS0053_D10_status=complete 301337
.99 GQ02807_A05.1_clone=GQ02807_A05_cluster=GQ02807_A05_status=complete_gb=BT104155 3276024
.81 GQ03615_K16.1_clone=GQ03615_K16_cluster=GQ03615_K16_status=complete_gb=BT115397 3235168
.09 GQ03609_G04.1_clone=GQ03609_G04_cluster=GQ03609_G04_status=complete_gb=BT115107 1169292
.89 GQ03609_G04.1_clone=GQ03609_G04_cluster=GQ03609_G04_status=complete_gb=BT115107 3275631
.76 GQ03321_L08.1_clone=GQ03321_L08_cluster=GQ03321_L08_status=complete_gb=BT112846 3187198
.22 GQ03321_L08.1_clone=GQ03321_L08_cluster=GQ03321_L08_status=complete_gb=BT112846 3190560
.84 GQ0196_H19.1_clone=GQ0196_H19_cluster=GQ0196_H19_status=complete_gb=BT102556 3191662
.13 GQ0196_H19.1_clone=GQ0196_H19_cluster=GQ0196_H19_status=complete_gb=BT102556 1258459
.27 GQ03912_H23.4_clone=GQ03912_H23_cluster=GQ03912_H23_status=53 189632
.65 GQ03912_H23.4_clone=GQ03912_H23_cluster=GQ03912_H23_status=53 3191030
.23 GQ03702_D23.1_clone=GQ03702_D23_cluster=GQ03702_D23_status=complete_gb=BT115593 21877
.31 GQ03702_D23.1_clone=GQ03702_D23_cluster=GQ03702_D23_status=complete_gb=BT115593 21877
.78 GQ03314_K05.1_clone=GQ03314_K05_cluster=GQ03314_K05_status=complete_gb=BT112407 3275898
.07 GQ03314_K05.1_clone=GQ03314_K05_cluster=GQ03314_K05_status=complete_gb=BT112407 1197181
.69 GQ03320_D24.2_clone=GQ03320_D24_cluster=GQ03320_D24_status=complete_gb=BT112738 3275965
.25 GQ03320_D24.2_clone=GQ03320_D24_cluster=GQ03320_D24_status=complete_gb=BT112738 1096757
.18 GQ03711_N06.1_clone=GQ03711_N06_cluster=GQ03711_N06_status=complete_gb=BT116099 3194880
.59 GQ03711_N06.1_clone=GQ03711_N06_cluster=GQ03711_N06_status=complete_gb=BT116099 3190573
.45 GQ03719_E05.2_clone=GQ03719_E05_cluster=GQ03719_E05_status=complete_gb=BT116474 3275380
.28 GQ03719_E05.2_clone=GQ03719_E05_cluster=GQ03719_E05_status=complete_gb=BT116474 3188474
.51 GQ03103_P03.2_clone=GQ03103_P03_cluster=GQ03103_P03_status=complete_gb=BT107184 3275624
.74 GQ03211_J09.1_clone=GQ03211_J09_cluster=GQ03211_J09_status=complete_gb=BT109696 3275434
.23 GQ03211_J09.1_clone=GQ03211_J09_cluster=GQ03211_J09_status=complete_gb=BT109696 1238130
.45 GQ03709_E11.1_clone=GQ03709_E11_cluster=GQ03709_E11_status=complete_gb=BT115948 3187839
.31 GQ03709_E11.1_clone=GQ03709_E11_cluster=GQ03709_E11_status=complete_gb=BT115948 758268
.05 GQ03709_E11.1_clone=GQ03709_E11_cluster=GQ03709_E11_status=complete_gb=BT115948 993121
.99 GQ02901_J23.1_clone=GQ02901_J23_cluster=GQ02901_J23_status=complete_gb=BT106028 3215090
.31 GQ03219_L19.2_clone=GQ03219_L19_cluster=GQ03219_L19_status=53 3275938
.26 GQ03219_L19.2_clone=GQ03219_L19_cluster=GQ03219_L19_status=53 3216793
.29 GQ03219_L19.2_clone=GQ03219_L19_cluster=GQ03219_L19_status=53 3275938
.25 GQ03113_P07.1_clone=GQ03113_P07_cluster=GQ03113_P07_status=complete_gb=BT107890 724604
.34 GQ03113_P07.1_clone=GQ03113_P07_cluster=GQ03113_P07_status=complete_gb=BT107890 183840
.29 GQ0044_L01.1_clone=GQ0044_L01_cluster=GQ0044_L01_status=complete_gb=BT100795 258234
.26 GQ0044_L01.1_clone=GQ0044_L01_cluster=GQ0044_L01_status=complete_gb=BT100795 467452
.19 GQ0044_L01.1_clone=GQ0044_L01_cluster=GQ0044_L01_status=complete_gb=BT100795 3222938
.05 GQ0044_L01.1_clone=GQ0044_L01_cluster=GQ0044_L01_status=complete_gb=BT100795 3194255
.28 GQ03326_I14.1_clone=GQ03326_I14_cluster=GQ03326_I14_status=complete_gb=BT113163 3190234
.71 GQ03326_I14.1_clone=GQ03326_I14_cluster=GQ03326_I14_status=complete_gb=BT113163 3275738
.70 GQ03705_K23.2_clone=GQ03705_K23_cluster=GQ03705_K23_status=complete_gb=BT115761 3275916
.25 GQ03705_K23.2_clone=GQ03705_K23_cluster=GQ03705_K23_status=complete_gb=BT115761 3196665
.21 GQ03705_K23.2_clone=GQ03705_K23_cluster=GQ03705_K23_status=complete_gb=BT115761 3212678
.15 GQ03705_K23.2_clone=GQ03705_K23_cluster=GQ03705_K23_status=complete_gb=BT115761 1192474
.54 GQ03212_B02.1_clone=GQ03212_B02_cluster=GQ03212_B02_status=complete_gb=BT109755 3276053
.69 GQ0197_E05.1_clone=GQ0197_E05_cluster=GQ0197_E05_status=complete_gb=BT102588 3275794
.09 GQ0197_E05.1_clone=GQ0197_E05_cluster=GQ0197_E05_status=complete_gb=BT102588 3265885
.89 GQ03819_C18.1_clone=GQ03819_C18_cluster=GQ03819_C18_status=complete_gb=BT117418 3275175
.03 GQ03819_C18.1_clone=GQ03819_C18_cluster=GQ03819_C18_status=complete_gb=BT117418 3193659
.22 GQ02812_J15.1_clone=GQ02812_J15_cluster=GQ02812_J15_status=complete_gb=BT104617 3192507
.22 GQ02812_J15.1_clone=GQ02812_J15_cluster=GQ02812_J15_status=complete_gb=BT104617 3208962
.22 GQ02812_J15.1_clone=GQ02812_J15_cluster=GQ02812_J15_status=complete_gb=BT104617 3187201
.15 GQ02812_J15.1_clone=GQ02812_J15_cluster=GQ02812_J15_status=complete_gb=BT104617 3214525
.99 GQ02808_F23.1_clone=GQ02808_F23_cluster=GQ02808_F23_status=complete_gb=BT104262 3276055
.64 GQ03808_H10.1_clone=GQ03808_H10_cluster=GQ03808_H10_status=complete_gb=BT116875 3208139
.30 GQ03808_H10.1_clone=GQ03808_H10_cluster=GQ03808_H10_status=complete_gb=BT116875 3190300
.81 GQ02814_H05.1_clone=GQ02814_H05_cluster=GQ02814_H05_status=complete_gb=BT104752 3275657
.18 GQ02814_H05.1_clone=GQ02814_H05_cluster=GQ02814_H05_status=complete_gb=BT104752 3205775
.09 GQ02908_D23.1_clone=GQ02908_D23_cluster=GQ02908_D23_status=complete_gb=BT106364 729390
.78 GQ02908_D23.1_clone=GQ02908_D23_cluster=GQ02908_D23_status=complete_gb=BT106364 3189597
.50 GQ02510_G12.1_clone=GQ02510_G12_cluster=GQ02510_G12_status=complete_gb=BT103356 3275918
.25 GQ02510_G12.1_clone=GQ02510_G12_cluster=GQ02510_G12_status=complete_gb=BT103356 373612
.31 GQ02510_G12.1_clone=GQ02510_G12_cluster=GQ02510_G12_status=complete_gb=BT103356 1550010
.18 GQ02510_G12.1_clone=GQ02510_G12_cluster=GQ02510_G12_status=complete_gb=BT103356 641630
.49 GQ03719_I08.1_clone=GQ03719_I08_cluster=GQ03719_I08_status=complete_gb=BT116483 1011668
.49 GQ03719_I08.1_clone=GQ03719_I08_cluster=GQ03719_I08_status=complete_gb=BT116483 738794
.38 GQ03719_I08.1_clone=GQ03719_I08_cluster=GQ03719_I08_status=complete_gb=BT116483 3235713
.23 GQ03719_I08.1_clone=GQ03719_I08_cluster=GQ03719_I08_status=complete_gb=BT116483 1643298
.37 GQ03415_L05.1_clone=GQ03415_L05_cluster=GQ03415_L05_status=complete_gb=BT113632 3191330
.54 GQ03415_L05.1_clone=GQ03415_L05_cluster=GQ03415_L05_status=complete_gb=BT113632 555564
.73 GQ03806_H09.1_clone=GQ03806_H09_cluster=GQ03806_H09_status=complete_gb=BT116774 3275993
.12 GQ03806_H09.1_clone=GQ03806_H09_cluster=GQ03806_H09_status=complete_gb=BT116774 3275663
.37 GQ03701_F06.1_clone=GQ03701_F06_cluster=GQ03701_F06_status=complete_gb=BT115541 3275913
.14 GQ03701_F06.1_clone=GQ03701_F06_cluster=GQ03701_F06_status=complete_gb=BT115541 3275913
.99 GQ02813_I17.1_clone=GQ02813_I17_cluster=GQ02813_I17_status=complete_gb=BT104689 3275578
.24 GQ04105_G01.1_clone=GQ04105_G01_cluster=GQ04105_G01_status=complete_gb=BT119415 3276033
.17 GQ04105_G01.1_clone=GQ04105_G01_cluster=GQ04105_G01_status=complete_gb=BT119415 3276033
.37 GQ02010_M17.1_clone=GQ02010_M17_cluster=GQ02010_M17_status=complete_gb=BT102673 3275907
.20 GQ02010_M17.1_clone=GQ02010_M17_cluster=GQ02010_M17_status=complete_gb=BT102673 3275907
.47 GQ04109_H22.1_clone=GQ04109_H22_cluster=GQ04109_H22_status=complete_gb=BT119743 3275786
.56 GQ03212_C18.1_clone=GQ03212_C18_cluster=GQ03212_C18_status=complete_gb=BT109767 3197565
.13 GQ03212_C18.1_clone=GQ03212_C18_cluster=GQ03212_C18_status=complete_gb=BT109767 3275103
.28 GQ03007_K03.1_clone=GQ03007_K03_cluster=GQ03007_K03_status=complete_gb=BT106670 3199992
.33 GQ03007_K03.1_clone=GQ03007_K03_cluster=GQ03007_K03_status=complete_gb=BT106670 3275561
.38 GQ02813_O11.1_clone=GQ02813_O11_cluster=GQ02813_O11_status=complete_gb=BT104712 3213120
.41 GQ02813_O11.1_clone=GQ02813_O11_cluster=GQ02813_O11_status=complete_gb=BT104712 3194994
.92 GQ04006_P06.2_clone=GQ04006_P06_cluster=GQ04006_P06_status=complete_gb=BT118495 3275909
.33 GQ03231_K23.1_clone=GQ03231_K23_cluster=GQ03231_K23_status=complete_gb=BT111037 3275782
.30 GQ03231_K23.1_clone=GQ03231_K23_cluster=GQ03231_K23_status=complete_gb=BT111037 3212231
.30 GQ03231_K23.1_clone=GQ03231_K23_cluster=GQ03231_K23_status=complete_gb=BT111037 740120
.28 GQ03231_K23.1_clone=GQ03231_K23_cluster=GQ03231_K23_status=complete_gb=BT111037 3194779
.28 GQ03231_K23.1_clone=GQ03231_K23_cluster=GQ03231_K23_status=complete_gb=BT111037 3204248
.71 GQ02826_A07.1_clone=GQ02826_A07_cluster=GQ02826_A07_status=complete_gb=BT105675 3275452
.21 GQ03915_N11.2_clone=GQ03915_N11_cluster=GQ03915_N11_status=53 3275789
.87 GQ03232_B15.1_clone=GQ03232_B15_cluster=GQ03232_B15_status=complete_gb=BT111056 3276005
.99 GQ03816_J07.1_clone=GQ03816_J07_cluster=GQ03816_J07_status=complete_gb=BT117293 3275307
.15 GQ03113_B04.1_clone=GQ03113_B04_cluster=GQ03113_B04_status=complete_gb=BT107820 3201464
.38 GQ03113_B04.1_clone=GQ03113_B04_cluster=GQ03113_B04_status=complete_gb=BT107820 3275887
.99 GQ02904_O11.1_clone=GQ02904_O11_cluster=GQ02904_O11_status=complete_gb=BT106201 3276043
.33 GQ03611_A10.1_clone=GQ03611_A10_cluster=GQ03611_A10_status=complete_gb=BT115189 3192489
.59 GQ03611_A10.1_clone=GQ03611_A10_cluster=GQ03611_A10_status=complete_gb=BT115189 3190457
.89 GQ04101_E13.1_clone=GQ04101_E13_cluster=GQ04101_E13_status=complete_gb=BT119085 3275915
.23 GQ03002_L22.1_clone=GQ03002_L22_cluster=GQ03002_L22_status=complete_gb=BT106486 1090543
.72 GQ03002_L22.1_clone=GQ03002_L22_cluster=GQ03002_L22_status=complete_gb=BT106486 3276041
.80 GQ04001_P11.1_clone=GQ04001_P11_cluster=GQ04001_P11_status=complete_gb=BT118067 3276019
.11 GQ04001_P11.1_clone=GQ04001_P11_cluster=GQ04001_P11_status=complete_gb=BT118067 1436155
.62 GQ02822_H21.2_clone=GQ02822_H21_cluster=GQ02822_H21_status=5 3275980
.67 GQ04011_K06.1_clone=GQ04011_K06_cluster=GQ04011_K06_status=complete_gb=BT118898 3275859
.31 GQ04011_K06.1_clone=GQ04011_K06_cluster=GQ04011_K06_status=complete_gb=BT118898 684743
