.44 maker-168546070-augustus-gene-0.64-mRNA-1 4394132
.16 maker-168546070-augustus-gene-0.64-mRNA-1 131130
.81 maker-168533576-snap-gene-0.52-mRNA-1 4394323
.47 maker-168185633-augustus-gene-0.6-mRNA-1 4394032
.49 maker-168185633-augustus-gene-0.6-mRNA-1 4394032
.92 augustus_masked-168367715-processed-gene-0.2-mRNA-1 1134422
.64 augustus_masked-162200116-processed-gene-0.0-mRNA-1 4274911
.34 augustus_masked-162200116-processed-gene-0.0-mRNA-1 4305306
.51 maker-167242201-augustus-gene-0.3-mRNA-1 4394055
.43 maker-167242201-augustus-gene-0.3-mRNA-1 4283460
.14 maker-168328220-snap-gene-0.90-mRNA-1 667477
.13 maker-168328220-snap-gene-0.90-mRNA-1 4350678
.85 maker-168212152-augustus-gene-0.25-mRNA-1 4283391
.13 maker-168212152-augustus-gene-0.25-mRNA-1 4297796
.10 maker-168212152-augustus-gene-0.25-mRNA-1 4296082
.82 snap_masked-167979738-processed-gene-0.55-mRNA-1 4278097
.50 snap_masked-167979738-processed-gene-0.55-mRNA-1 4330572
.66 maker-168228489-augustus-gene-0.114-mRNA-1 4394325
.19 maker-168228489-augustus-gene-0.114-mRNA-1 4281023
.32 genemark-168288763-processed-gene-0.5-mRNA-1 3802464
.28 genemark-168288763-processed-gene-0.5-mRNA-1 2716380
.08 maker-168438173-snap-gene-0.85-mRNA-1 4283079
.89 maker-168438173-snap-gene-0.85-mRNA-1 4393547
.59 augustus_masked-168533037-processed-gene-0.13-mRNA-1 4360115
.30 augustus_masked-168533037-processed-gene-0.13-mRNA-1 4275305
.66 maker-168493679-augustus-gene-0.14-mRNA-2 4394351
.24 maker-168493679-augustus-gene-0.14-mRNA-2 4393724
.63 snap_masked-168017623-processed-gene-0.10-mRNA-1 4279774
.26 snap_masked-168017623-processed-gene-0.10-mRNA-1 4369453
.83 maker-168577290-augustus-gene-0.44-mRNA-1 4394332
.08 maker-168577290-augustus-gene-0.44-mRNA-1 4316501
.08 maker-168577290-augustus-gene-0.44-mRNA-1 2920691
.08 maker-168577290-augustus-gene-0.44-mRNA-1 1813461
.07 maker-168577290-augustus-gene-0.44-mRNA-1 2258878
.46 maker-166259403-augustus-gene-0.3-mRNA-2 4394329
.15 maker-166259403-augustus-gene-0.3-mRNA-2 698133
.08 maker-166259403-augustus-gene-0.3-mRNA-2 4283187
.07 maker-166259403-augustus-gene-0.3-mRNA-2 2167676
.06 maker-166259403-augustus-gene-0.3-mRNA-2 4272402
.25 maker-168187299-snap-gene-0.33-mRNA-1 1396199
.40 maker-168187299-snap-gene-0.33-mRNA-1 4276846
.42 augustus_masked-167935280-processed-gene-0.0-mRNA-1 4394333
.46 maker-161364282-augustus-gene-0.3-mRNA-1 1157310
.37 maker-161364282-augustus-gene-0.3-mRNA-1 4322182
.32 maker-161364282-augustus-gene-0.3-mRNA-1 4322676
.28 maker-161364282-augustus-gene-0.3-mRNA-1 4292689
.25 maker-161364282-augustus-gene-0.3-mRNA-1 941669
.17 augustus_masked-168527965-processed-gene-0.13-mRNA-1 4302570
.82 augustus_masked-168527965-processed-gene-0.13-mRNA-1 4393835
.29 maker-168183415-snap-gene-0.16-mRNA-1 4304159
.25 maker-168183415-snap-gene-0.16-mRNA-1 4278272
.54 augustus_masked-168563499-processed-gene-1.52-mRNA-1 4393854
.28 augustus_masked-168563499-processed-gene-1.52-mRNA-1 725880
.23 augustus_masked-168563499-processed-gene-1.52-mRNA-1 4272549
.20 augustus_masked-168563499-processed-gene-1.52-mRNA-1 1324886
.10 augustus_masked-168563499-processed-gene-1.52-mRNA-1 4302863
.27 augustus_masked-164111506-processed-gene-0.0-mRNA-1 4308103
.21 augustus_masked-164111506-processed-gene-0.0-mRNA-1 3415734
.64 maker-168463303-augustus-gene-0.13-mRNA-1 4283626
.03 maker-168463303-augustus-gene-0.13-mRNA-1 1297290
.32 maker-168225120-augustus-gene-0.16-mRNA-1 872608
.16 maker-168225120-augustus-gene-0.16-mRNA-1 4273063
.11 maker-168225120-augustus-gene-0.16-mRNA-1 4271940
.24 maker-168449131-snap-gene-0.11-mRNA-1 988209
.59 maker-168449131-snap-gene-0.11-mRNA-1 4277105
.99 snap_masked-162631030-processed-gene-0.2-mRNA-1 4294150
.19 snap_masked-162631030-processed-gene-0.2-mRNA-1 2404952
.19 snap_masked-162631030-processed-gene-0.2-mRNA-1 567046
.18 genemark-168230012-processed-gene-0.0-mRNA-1 3860509
.69 genemark-168230012-processed-gene-0.0-mRNA-1 3361945
.42 maker-168333722-augustus-gene-0.36-mRNA-1 1727866
.46 maker-168333722-augustus-gene-0.36-mRNA-1 4345415
.43 maker-168544050-augustus-gene-0.8-mRNA-1 4393821
.15 maker-168544050-augustus-gene-0.8-mRNA-1 4321317
.77 maker-167987925-snap-gene-0.9-mRNA-1 4394223
.76 maker-168410052-augustus-gene-0.53-mRNA-1 4394353
.20 maker-168410052-augustus-gene-0.53-mRNA-1 1669569
.16 maker-168410052-augustus-gene-0.53-mRNA-1 376546
.12 maker-168410052-augustus-gene-0.53-mRNA-1 4324896
.10 maker-168410052-augustus-gene-0.53-mRNA-1 4313377
.83 maker-168226769-snap-gene-0.44-mRNA-1 4394053
.08 maker-168226769-snap-gene-0.44-mRNA-1 4288830
.06 maker-168226769-snap-gene-0.44-mRNA-1 4272411
.39 augustus_masked-168551338-processed-gene-0.0-mRNA-1 4280983
.34 augustus_masked-168551338-processed-gene-0.0-mRNA-1 4297172
.33 augustus_masked-168551338-processed-gene-0.0-mRNA-1 4297174
.04 augustus_masked-168551338-processed-gene-0.0-mRNA-1 4276862
.46 maker-168347002-snap-gene-0.14-mRNA-1 4302992
.20 maker-168347002-snap-gene-0.14-mRNA-1 1010863
.48 maker-168534133-augustus-gene-0.24-mRNA-1 400531
.41 maker-168534133-augustus-gene-0.24-mRNA-1 1457053
.24 maker-168534133-augustus-gene-0.24-mRNA-1 1367366
.24 maker-168534133-augustus-gene-0.24-mRNA-1 1021368
.24 maker-168534133-augustus-gene-0.24-mRNA-1 591416
.19 maker-166411943-augustus-gene-0.4-mRNA-1 542758
.30 maker-166411943-augustus-gene-0.4-mRNA-1 4393671
.31 maker-165039990-snap-gene-0.4-mRNA-1 4394331
.46 maker-165039990-snap-gene-0.4-mRNA-1 4394331
.07 maker-165039990-snap-gene-0.4-mRNA-1 4273423
.26 genemark-166518589-processed-gene-0.0-mRNA-1 1523759
.18 genemark-166518589-processed-gene-0.0-mRNA-1 4278901
.18 genemark-166518589-processed-gene-0.0-mRNA-1 1523759
.37 maker-166575086-augustus-gene-0.4-mRNA-1 840725
.37 maker-166575086-augustus-gene-0.4-mRNA-1 4281051
.18 maker-166575086-augustus-gene-0.4-mRNA-1 4361279
.10 maker-166575086-augustus-gene-0.4-mRNA-1 927421
.25 genemark-168573063-processed-gene-0.28-mRNA-1 4323405
.48 genemark-168573063-processed-gene-0.28-mRNA-1 4393910
.77 genemark-168246336-processed-gene-0.6-mRNA-1 4394350
.92 maker-167925050-snap-gene-0.25-mRNA-1 4393613
.26 maker-168217878-augustus-gene-0.68-mRNA-1 1824984
.21 maker-168217878-augustus-gene-0.68-mRNA-1 797175
.26 maker-168190187-augustus-gene-1.94-mRNA-1 4393850
.41 maker-168190187-augustus-gene-1.94-mRNA-1 4393850
.36 augustus_masked-167559622-processed-gene-0.0-mRNA-1 4282781
.30 augustus_masked-167559622-processed-gene-0.0-mRNA-1 4309219
.22 augustus_masked-167559622-processed-gene-0.0-mRNA-1 1308968
.22 augustus_masked-167559622-processed-gene-0.0-mRNA-1 989359
.27 maker-168573919-augustus-gene-0.56-mRNA-1 4394275
.72 maker-168573919-augustus-gene-0.56-mRNA-1 4394275
.25 augustus_masked-168547609-processed-gene-2.57-mRNA-1 1103126
.25 augustus_masked-168547609-processed-gene-2.57-mRNA-1 4273028
.51 maker-168188504-snap-gene-0.36-mRNA-1 529335
.22 maker-168188504-snap-gene-0.36-mRNA-1 4275094
.61 snap_masked-161376842-processed-gene-0.2-mRNA-1 603594
.53 snap_masked-161376842-processed-gene-0.2-mRNA-1 358138
.42 snap_masked-161376842-processed-gene-0.2-mRNA-1 681310
.29 snap_masked-161376842-processed-gene-0.2-mRNA-1 2094074
.21 snap_masked-161376842-processed-gene-0.2-mRNA-1 2342010
.25 maker-166004579-augustus-gene-0.3-mRNA-1 1059766
.23 maker-166004579-augustus-gene-0.3-mRNA-1 4389376
.31 maker-166764755-augustus-gene-0.3-mRNA-1 4311356
.67 maker-166764755-augustus-gene-0.3-mRNA-1 4021
.56 maker-168577507-snap-gene-0.43-mRNA-1 204415
.42 maker-168577507-snap-gene-0.43-mRNA-1 211688
.81 augustus_masked-168518511-processed-gene-0.13-mRNA-1 4301044
.07 augustus_masked-168518511-processed-gene-0.13-mRNA-1 745711
.07 augustus_masked-168518511-processed-gene-0.13-mRNA-1 842267
.07 augustus_masked-168518511-processed-gene-0.13-mRNA-1 546597
.28 snap_masked-168238739-processed-gene-0.4-mRNA-1 1483754
.71 snap_masked-168238739-processed-gene-0.4-mRNA-1 2230535
.27 augustus_masked-167890338-processed-gene-0.3-mRNA-1 4285961
.04 augustus_masked-167890338-processed-gene-0.3-mRNA-1 4285961
.04 augustus_masked-167890338-processed-gene-0.3-mRNA-1 4355114
.04 augustus_masked-167890338-processed-gene-0.3-mRNA-1 787367
.03 augustus_masked-167890338-processed-gene-0.3-mRNA-1 4285961
.42 augustus_masked-167994456-processed-gene-0.0-mRNA-1 3352655
.33 augustus_masked-167994456-processed-gene-0.0-mRNA-1 3981543
.56 augustus_masked-165850256-processed-gene-0.0-mRNA-1 4273003
.40 augustus_masked-165850256-processed-gene-0.0-mRNA-1 4272204
.55 augustus_masked-162267284-processed-gene-0.0-mRNA-1 4394326
.99 augustus_masked-168571382-processed-gene-0.2-mRNA-1 4394011
.51 maker-161888549-snap-gene-0.1-mRNA-1 4329012
.29 maker-161888549-snap-gene-0.1-mRNA-1 1047412
.59 genemark-168546988-processed-gene-0.8-mRNA-1 1312897
.49 maker-168280167-snap-gene-0.7-mRNA-1 4394022
.50 maker-168280167-snap-gene-0.7-mRNA-1 4394022
.68 maker-168019910-augustus-gene-0.5-mRNA-1 4273695
.46 augustus_masked-168542589-processed-gene-0.4-mRNA-1 4274794
.27 augustus_masked-168495564-processed-gene-0.6-mRNA-1 4394345
.02 augustus_masked-168495564-processed-gene-0.6-mRNA-1 4394273
.02 augustus_masked-168495564-processed-gene-0.6-mRNA-1 4283580
.01 augustus_masked-168495564-processed-gene-0.6-mRNA-1 310332
.01 augustus_masked-168495564-processed-gene-0.6-mRNA-1 84462
.74 augustus_masked-168512572-processed-gene-0.0-mRNA-1 4276373
.15 augustus_masked-168512572-processed-gene-0.0-mRNA-1 4336107
.13 snap_masked-168552357-processed-gene-0.53-mRNA-1 4278659
.75 snap_masked-168552357-processed-gene-0.53-mRNA-1 4394269
.14 augustus_masked-168335786-processed-gene-1.1-mRNA-1 4295258
.85 augustus_masked-168335786-processed-gene-1.1-mRNA-1 4330697
.91 maker-168190456-augustus-gene-0.30-mRNA-2 4394352
.24 maker-168423943-augustus-gene-0.8-mRNA-1 4394335
.55 maker-168423943-augustus-gene-0.8-mRNA-1 4394335
.46 augustus_masked-168233317-processed-gene-0.2-mRNA-1 2866755
.38 augustus_masked-168568989-processed-gene-0.1-mRNA-1 2267307
.67 maker-168322613-snap-gene-0.40-mRNA-1 415559
.32 maker-168322613-snap-gene-0.40-mRNA-1 1097460
.86 augustus_masked-162789466-processed-gene-0.0-mRNA-1 4394183
.13 augustus_masked-162789466-processed-gene-0.0-mRNA-1 1949217
.13 augustus_masked-162789466-processed-gene-0.0-mRNA-1 989831
.29 maker-167898280-augustus-gene-0.16-mRNA-1 844974
.15 maker-167898280-augustus-gene-0.16-mRNA-1 606971
.10 maker-167898280-augustus-gene-0.16-mRNA-1 1252778
.04 maker-167898280-augustus-gene-0.16-mRNA-1 4333915
.78 maker-168463031-augustus-gene-0.50-mRNA-1 4394355
.02 maker-168463031-augustus-gene-0.50-mRNA-1 4274899
.48 maker-168546174-snap-gene-0.12-mRNA-1 4291746
.45 maker-168546174-snap-gene-0.12-mRNA-1 4271335
.38 maker-168546174-snap-gene-0.12-mRNA-1 4283924
.05 maker-168546174-snap-gene-0.12-mRNA-1 1535567
.05 maker-168546174-snap-gene-0.12-mRNA-1 4291747
.25 maker-168534651-augustus-gene-1.98-mRNA-1 4393805
.08 maker-168534651-augustus-gene-1.98-mRNA-1 363064
.06 maker-168534651-augustus-gene-1.98-mRNA-1 4282761
.06 maker-168534651-augustus-gene-1.98-mRNA-1 1705464
.06 maker-168534651-augustus-gene-1.98-mRNA-1 4394013
.56 maker-168332734-augustus-gene-0.4-mRNA-1 4277924
.21 maker-168332734-augustus-gene-0.4-mRNA-1 4356044
.37 snap_masked-168028511-processed-gene-0.3-mRNA-1 4278435
.15 snap_masked-168028511-processed-gene-0.3-mRNA-1 1442616
.82 maker-168190598-snap-gene-0.18-mRNA-1 4393934
.29 maker-168464861-snap-gene-0.16-mRNA-1 4394328
.19 maker-168464861-snap-gene-0.16-mRNA-1 4394328
.06 maker-168464861-snap-gene-0.16-mRNA-1 4283103
.87 maker-166476095-augustus-gene-0.3-mRNA-1 4394082
.12 maker-166476095-augustus-gene-0.3-mRNA-1 2263472
.12 augustus_masked-168302875-processed-gene-0.0-mRNA-1 1789606
.87 augustus_masked-168302875-processed-gene-0.0-mRNA-1 4333796
.44 maker-168191213-augustus-gene-0.95-mRNA-1 4274442
.19 maker-168191213-augustus-gene-0.95-mRNA-1 529895
.05 maker-168459420-augustus-gene-0.5-mRNA-1 4096629
.74 maker-168459420-augustus-gene-0.5-mRNA-1 4271928
.53 augustus_masked-161520589-processed-gene-0.1-mRNA-1 4339031
.39 augustus_masked-161520589-processed-gene-0.1-mRNA-1 1380224
.37 augustus_masked-161520589-processed-gene-0.1-mRNA-1 4307188
.26 augustus_masked-161520589-processed-gene-0.1-mRNA-1 4271279
.26 augustus_masked-161520589-processed-gene-0.1-mRNA-1 1008995
.89 snap_masked-168379314-processed-gene-0.24-mRNA-1 4290195
.06 snap_masked-168379314-processed-gene-0.24-mRNA-1 3714168
.39 maker-168267294-augustus-gene-0.57-mRNA-1 4384054
.22 maker-168267294-augustus-gene-0.57-mRNA-1 1132891
.02 maker-168267294-augustus-gene-0.57-mRNA-1 1119805
.32 augustus_masked-168446990-processed-gene-0.10-mRNA-1 4276239
.31 augustus_masked-168446990-processed-gene-0.10-mRNA-1 4273238
.18 augustus_masked-168446990-processed-gene-0.10-mRNA-1 4273237
.98 maker-168438365-snap-gene-0.12-mRNA-1 4394354
.18 maker-162542429-snap-gene-0.5-mRNA-1 4295908
.02 maker-162542429-snap-gene-0.5-mRNA-1 4278523
.07 maker-168548909-augustus-gene-0.13-mRNA-2 1833305
.05 maker-168548909-augustus-gene-0.13-mRNA-2 431951
.26 maker-168548909-augustus-gene-0.13-mRNA-2 4393989
.02 maker-168548909-augustus-gene-0.13-mRNA-2 758915
0 maker-168548909-augustus-gene-0.13-mRNA-2 982029
.54 maker-168184243-snap-gene-0.6-mRNA-1 4394341
.06 maker-168460694-snap-gene-0.12-mRNA-1 1264375
.78 maker-168460694-snap-gene-0.12-mRNA-1 257866
.38 augustus_masked-168341230-processed-gene-0.4-mRNA-1 745172
.13 maker-168515102-snap-gene-0.54-mRNA-1 740117
.15 maker-168515102-snap-gene-0.54-mRNA-1 866971
.61 maker-164494972-snap-gene-0.5-mRNA-1 4279974
.47 maker-164494972-snap-gene-0.5-mRNA-1 4295043
.25 maker-164494972-snap-gene-0.5-mRNA-1 1341438
.30 maker-164494972-snap-gene-0.5-mRNA-1 4274266
.20 maker-164494972-snap-gene-0.5-mRNA-1 859678
.29 augustus_masked-162263226-processed-gene-0.0-mRNA-1 1563848
.32 augustus_masked-162263226-processed-gene-0.0-mRNA-1 647674
.26 maker-168190618-snap-gene-0.23-mRNA-1 4287075
.68 maker-168561815-augustus-gene-0.6-mRNA-1 4284061
.18 maker-168561815-augustus-gene-0.6-mRNA-1 4308820
.83 maker-168206497-augustus-gene-0.11-mRNA-1 4394010
.15 maker-168206497-augustus-gene-0.11-mRNA-1 4305724
.41 maker-168577499-augustus-gene-0.26-mRNA-2 4394324
.39 maker-168577499-augustus-gene-0.26-mRNA-2 4393684
.77 maker-168003306-augustus-gene-0.27-mRNA-1 4394210
.56 maker-165868822-snap-gene-0.4-mRNA-1 1371813
.34 maker-165868822-snap-gene-0.4-mRNA-1 1863047
.73 maker-168577231-snap-gene-0.17-mRNA-1 4394348
.26 maker-168577231-snap-gene-0.17-mRNA-1 4292224
.36 augustus_masked-168349909-processed-gene-0.0-mRNA-1 3474671
.22 augustus_masked-168349909-processed-gene-0.0-mRNA-1 1825327
.32 maker-168032190-snap-gene-0.14-mRNA-1 4394338
.07 maker-168032190-snap-gene-0.14-mRNA-1 1126044
.06 maker-168032190-snap-gene-0.14-mRNA-1 1123303
.65 maker-168397999-snap-gene-0.45-mRNA-1 4394340
.18 genemark-168393557-processed-gene-0.16-mRNA-1 1170330
.16 genemark-168393557-processed-gene-0.16-mRNA-1 2147895
.18 genemark-168393557-processed-gene-0.16-mRNA-1 4352121
.50 augustus_masked-164967275-processed-gene-0.0-mRNA-1 4394345
.41 augustus_masked-164967275-processed-gene-0.0-mRNA-1 4394345
.51 maker-168543351-snap-gene-0.44-mRNA-1 1005651
.43 maker-168543351-snap-gene-0.44-mRNA-1 4305799
.62 augustus_masked-164944577-processed-gene-0.0-mRNA-1 603682
.55 augustus_masked-164944577-processed-gene-0.0-mRNA-1 4290570
.47 augustus_masked-164944577-processed-gene-0.0-mRNA-1 670727
.33 augustus_masked-164944577-processed-gene-0.0-mRNA-1 1527403
.24 augustus_masked-164944577-processed-gene-0.0-mRNA-1 720677
.27 snap_masked-168572039-processed-gene-0.21-mRNA-1 4394175
.27 augustus_masked-162093405-processed-gene-0.0-mRNA-1 850097
.72 augustus_masked-162093405-processed-gene-0.0-mRNA-1 4394066
.72 maker-168576970-snap-gene-0.39-mRNA-1 4394344
.10 maker-168421673-snap-gene-0.67-mRNA-1 2757368
.77 maker-168421673-snap-gene-0.67-mRNA-1 4311184
.22 maker-168070976-snap-gene-0.22-mRNA-1 1052023
.30 maker-168497403-snap-gene-0.51-mRNA-1 4277736
.28 maker-168533080-snap-gene-0.11-mRNA-1 2347333
.25 maker-168533080-snap-gene-0.11-mRNA-1 1684623
.18 maker-168533080-snap-gene-0.11-mRNA-1 3538017
.41 augustus_masked-168404276-processed-gene-0.3-mRNA-1 4277238
.33 augustus_masked-168404276-processed-gene-0.3-mRNA-1 4281641
.35 maker-164510119-augustus-gene-0.3-mRNA-1 953030
.34 maker-164510119-augustus-gene-0.3-mRNA-1 1839162
.25 maker-164510119-augustus-gene-0.3-mRNA-1 4273843
.01 maker-164510119-augustus-gene-0.3-mRNA-1 109754
.01 maker-164510119-augustus-gene-0.3-mRNA-1 624933
.16 snap_masked-166846891-processed-gene-0.8-mRNA-1 4360115
.82 snap_masked-166846891-processed-gene-0.8-mRNA-1 4275305
.59 maker-159827234-augustus-gene-0.4-mRNA-1 4273596
.33 maker-159827234-augustus-gene-0.4-mRNA-1 4274136
.37 maker-159827234-augustus-gene-0.4-mRNA-1 4311690
.39 maker-159827234-augustus-gene-0.4-mRNA-1 4284643
.24 maker-159827234-augustus-gene-0.4-mRNA-1 992618
.28 maker-168552809-snap-gene-1.80-mRNA-1 4338961
.34 maker-166701000-snap-gene-0.4-mRNA-1 671205
.32 maker-166701000-snap-gene-0.4-mRNA-1 4300238
.27 maker-166701000-snap-gene-0.4-mRNA-1 4271260
.26 maker-166701000-snap-gene-0.4-mRNA-1 948521
.17 maker-166701000-snap-gene-0.4-mRNA-1 978781
.52 maker-168331358-snap-gene-0.23-mRNA-1 4394327
.23 maker-168331358-snap-gene-0.23-mRNA-1 4394076
.29 maker-168331358-snap-gene-0.23-mRNA-1 4296448
.81 augustus_masked-168204569-processed-gene-0.6-mRNA-1 4394336
.08 augustus_masked-168204569-processed-gene-0.6-mRNA-1 4394336
.07 augustus_masked-168389992-processed-gene-0.5-mRNA-1 4393745
.07 augustus_masked-168389992-processed-gene-0.5-mRNA-1 366205
.22 maker-168571190-augustus-gene-0.38-mRNA-1 899290
.18 maker-168571190-augustus-gene-0.38-mRNA-1 870422
.18 maker-168571190-augustus-gene-0.38-mRNA-1 4279597
.80 genemark-167982734-processed-gene-0.15-mRNA-1 4393971
.17 genemark-167982734-processed-gene-0.15-mRNA-1 4310151
.06 genemark-167982734-processed-gene-0.15-mRNA-1 2850647
.01 genemark-167982734-processed-gene-0.15-mRNA-1 4355833
.85 genemark-168328194-processed-gene-0.70-mRNA-1 4393971
.06 genemark-168328194-processed-gene-0.70-mRNA-1 1996356
.54 maker-168536429-augustus-gene-0.8-mRNA-1 4394334
.34 maker-168536429-augustus-gene-0.8-mRNA-1 4394334
.67 augustus_masked-168264813-processed-gene-0.5-mRNA-1 4277525
.30 augustus_masked-168264813-processed-gene-0.5-mRNA-1 1372068
.58 genemark-161503420-processed-gene-0.1-mRNA-1 4275265
.24 genemark-161503420-processed-gene-0.1-mRNA-1 1316858
.80 maker-168549723-snap-gene-0.40-mRNA-1 4394342
.49 maker-166879293-snap-gene-0.5-mRNA-1 4394322
.29 maker-166879293-snap-gene-0.5-mRNA-1 4272430
.15 maker-166879293-snap-gene-0.5-mRNA-1 4394322
.07 maker-166879293-snap-gene-0.5-mRNA-1 4394322
.28 maker-165056348-augustus-gene-0.3-mRNA-1 4280806
.62 maker-165056348-augustus-gene-0.3-mRNA-1 4393989
.60 snap_masked-168188541-processed-gene-0.42-mRNA-1 4394273
.88 maker-168532123-snap-gene-0.18-mRNA-3 4394148
.05 maker-168532123-snap-gene-0.18-mRNA-3 1222668
.68 maker-163454363-augustus-gene-0.3-mRNA-1 4375856
.31 maker-163454363-augustus-gene-0.3-mRNA-1 4273123
.77 maker-168354640-augustus-gene-0.7-mRNA-1 4394005
.22 maker-168354640-augustus-gene-0.7-mRNA-1 4290146
.33 maker-168443368-snap-gene-0.60-mRNA-1 4312342
.33 maker-168443368-snap-gene-0.60-mRNA-1 383261
.31 maker-168443368-snap-gene-0.60-mRNA-1 4330533
.33 maker-168443368-snap-gene-0.60-mRNA-1 4273554
.33 maker-168443368-snap-gene-0.60-mRNA-1 4286151
.63 maker-168536815-augustus-gene-0.64-mRNA-1 4394274
.27 augustus_masked-168461401-processed-gene-1.40-mRNA-1 802207
.64 augustus_masked-168461401-processed-gene-1.40-mRNA-1 4393858
.46 maker-168542519-augustus-gene-0.12-mRNA-1 4277339
.23 maker-168542519-augustus-gene-0.12-mRNA-1 4274434
.24 maker-168542519-augustus-gene-0.12-mRNA-1 1334742
.20 maker-168542519-augustus-gene-0.12-mRNA-1 920572
.20 maker-168542519-augustus-gene-0.12-mRNA-1 4273311
.53 augustus_masked-168468131-processed-gene-0.3-mRNA-1 4293217
.45 augustus_masked-168468131-processed-gene-0.3-mRNA-1 4274458
.18 augustus_masked-168085112-processed-gene-0.1-mRNA-1 4283579
.81 augustus_masked-168085112-processed-gene-0.1-mRNA-1 4283580
.53 maker-168403691-augustus-gene-0.3-mRNA-1 4275898
.58 maker-168403691-augustus-gene-0.3-mRNA-1 1760584
.32 maker-168403691-augustus-gene-0.3-mRNA-1 3141555
.28 maker-168403691-augustus-gene-0.3-mRNA-1 746941
.28 maker-168403691-augustus-gene-0.3-mRNA-1 2003646
.74 maker-168573651-augustus-gene-0.81-mRNA-1 4394330
.67 augustus_masked-168093711-processed-gene-0.0-mRNA-1 4393990
.49 snap_masked-168332707-processed-gene-0.12-mRNA-1 1804132
.30 snap_masked-168332707-processed-gene-0.12-mRNA-1 4393919
.32 snap_masked-168332707-processed-gene-0.12-mRNA-1 454995
.30 snap_masked-168332707-processed-gene-0.12-mRNA-1 862835
.27 snap_masked-168332707-processed-gene-0.12-mRNA-1 743726
.25 maker-167601516-augustus-gene-0.8-mRNA-1 4360115
.13 maker-167601516-augustus-gene-0.8-mRNA-1 3431469
.89 maker-168186899-snap-gene-0.21-mRNA-1 4394349
.16 genemark-168377918-processed-gene-0.2-mRNA-1 3440011
.28 genemark-168377918-processed-gene-0.2-mRNA-1 1308987
.43 snap_masked-168376254-processed-gene-0.18-mRNA-1 4364893
.29 snap_masked-168376254-processed-gene-0.18-mRNA-1 2474107
.06 snap_masked-168376254-processed-gene-0.18-mRNA-1 1649801
.85 maker-167825421-augustus-gene-0.18-mRNA-1 4393834
.14 maker-167825421-augustus-gene-0.18-mRNA-1 1037743
.17 snap_masked-168577351-processed-gene-0.89-mRNA-1 3075675
.20 snap_masked-168577351-processed-gene-0.89-mRNA-1 3018297
.64 maker-168186438-augustus-gene-0.5-mRNA-1 4273440
.19 maker-168186438-augustus-gene-0.5-mRNA-1 4300732
.75 maker-168207442-snap-gene-0.30-mRNA-1 4393787
.11 augustus_masked-168046530-processed-gene-0.2-mRNA-1 1139329
.41 augustus_masked-168046530-processed-gene-0.2-mRNA-1 4394015
.15 maker-167975693-augustus-gene-0.7-mRNA-1 4340693
.13 maker-167975693-augustus-gene-0.7-mRNA-1 1126190
.12 genemark-168475961-processed-gene-0.6-mRNA-1 4304204
.17 genemark-168475961-processed-gene-0.6-mRNA-1 4286981
.49 maker-168558424-augustus-gene-0.11-mRNA-1 4394248
.10 maker-168558424-augustus-gene-0.11-mRNA-1 4273660
.60 maker-164537923-snap-gene-0.4-mRNA-1 309856
.42 maker-164537923-snap-gene-0.4-mRNA-1 1116306
.35 maker-164537923-snap-gene-0.4-mRNA-1 796294
.30 maker-164537923-snap-gene-0.4-mRNA-1 4272591
.58 maker-166549041-augustus-gene-0.4-mRNA-1 4394102
.40 maker-166549041-augustus-gene-0.4-mRNA-1 4318708
.51 maker-168432992-augustus-gene-0.22-mRNA-1 4279102
.21 maker-168432992-augustus-gene-0.22-mRNA-1 835034
.50 maker-168548967-augustus-gene-1.84-mRNA-1 229690
.32 maker-167832300-augustus-gene-0.6-mRNA-1 2005721
.10 maker-167832300-augustus-gene-0.6-mRNA-1 2038733
.69 augustus_masked-168061017-processed-gene-0.10-mRNA-1 1349932
.78 maker-168577341-augustus-gene-0.72-mRNA-1 4393914
.06 maker-168577341-augustus-gene-0.72-mRNA-1 4181035
.95 maker-168483421-augustus-gene-0.36-mRNA-2 4394314
.43 maker-168483421-augustus-gene-0.36-mRNA-2 4278794
.43 maker-168483421-augustus-gene-0.36-mRNA-2 391240
.63 maker-168483421-augustus-gene-0.36-mRNA-2 4394222
.48 maker-168483421-augustus-gene-0.36-mRNA-2 4393779
.43 maker-168567036-augustus-gene-0.61-mRNA-1 4342499
.71 augustus_masked-161886809-processed-gene-0.0-mRNA-1 4318474
.48 augustus_masked-161886809-processed-gene-0.0-mRNA-1 2836369
.32 augustus_masked-161886809-processed-gene-0.0-mRNA-1 2301125
.26 augustus_masked-161886809-processed-gene-0.0-mRNA-1 4366559
.35 maker-168513537-augustus-gene-0.9-mRNA-1 4393919
.21 maker-168513537-augustus-gene-0.9-mRNA-1 1652212
.23 maker-164534829-augustus-gene-0.3-mRNA-1 1905916
.47 maker-164534829-augustus-gene-0.3-mRNA-1 288162
.28 maker-168256644-augustus-gene-0.22-mRNA-1 4322451
.55 maker-168256644-augustus-gene-0.22-mRNA-1 734928
.52 snap_masked-166887211-processed-gene-0.2-mRNA-1 4273385
.34 snap_masked-166887211-processed-gene-0.2-mRNA-1 4279836
.34 snap_masked-166887211-processed-gene-0.2-mRNA-1 1040975
.07 snap_masked-166887211-processed-gene-0.2-mRNA-1 4283707
.09 snap_masked-166887211-processed-gene-0.2-mRNA-1 4375408
.64 augustus_masked-166348502-processed-gene-0.2-mRNA-1 4274652
.39 augustus_masked-166348502-processed-gene-0.2-mRNA-1 4285128
.26 augustus_masked-166348502-processed-gene-0.2-mRNA-1 4301461
.26 augustus_masked-166348502-processed-gene-0.2-mRNA-1 782319
.62 augustus_masked-168498446-processed-gene-0.22-mRNA-1 4369606
.32 augustus_masked-168498446-processed-gene-0.22-mRNA-1 4210820
.07 augustus_masked-168498446-processed-gene-0.22-mRNA-1 4210820
.30 maker-168368551-snap-gene-0.43-mRNA-1 4309875
.17 maker-168368551-snap-gene-0.43-mRNA-1 2508386
.15 maker-168368551-snap-gene-0.43-mRNA-1 275946
.02 maker-168368551-snap-gene-0.43-mRNA-1 1652804
.02 maker-168368551-snap-gene-0.43-mRNA-1 1764412
.45 maker-168352423-augustus-gene-0.11-mRNA-1 4393605
.26 maker-168352423-augustus-gene-0.11-mRNA-1 4271450
.10 augustus_masked-168213647-processed-gene-0.0-mRNA-1 4277192
.82 augustus_masked-168213647-processed-gene-0.0-mRNA-1 4394321
.29 augustus_masked-168288961-processed-gene-0.7-mRNA-1 905207
.26 augustus_masked-168288961-processed-gene-0.7-mRNA-1 1036994
.11 maker-159387221-augustus-gene-0.3-mRNA-1 4286744
.88 maker-159387221-augustus-gene-0.3-mRNA-1 4276100
.64 maker-168188004-snap-gene-0.64-mRNA-1 4393849
.24 maker-168188004-snap-gene-0.64-mRNA-1 4322194
.13 maker-168188004-snap-gene-0.64-mRNA-1 2399016
.06 maker-168188004-snap-gene-0.64-mRNA-1 4303714
.52 maker-168269882-snap-gene-0.50-mRNA-1 4356639
.27 maker-168269882-snap-gene-0.50-mRNA-1 4320232
.83 maker-168439334-snap-gene-0.22-mRNA-2 4394347
.05 maker-168439334-snap-gene-0.22-mRNA-2 4300984
.61 augustus_masked-165878470-processed-gene-0.0-mRNA-1 4271287
.35 augustus_masked-165878470-processed-gene-0.0-mRNA-1 4327704
.31 augustus_masked-165878470-processed-gene-0.0-mRNA-1 771994
.17 maker-168577257-augustus-gene-0.22-mRNA-1 4282221
.81 maker-168577257-augustus-gene-0.22-mRNA-1 4394337
.76 maker-168140481-snap-gene-0.4-mRNA-1 4394125
.13 maker-168140481-snap-gene-0.4-mRNA-1 3063502
.60 maker-168391340-snap-gene-0.48-mRNA-1 4314739
.16 maker-168391340-snap-gene-0.48-mRNA-1 2973406
.29 genemark-168547889-processed-gene-0.43-mRNA-1 4304204
.34 genemark-168547889-processed-gene-0.43-mRNA-1 2451080
.16 augustus_masked-168231296-processed-gene-0.14-mRNA-1 975048
.71 augustus_masked-168231296-processed-gene-0.14-mRNA-1 4394025
.20 maker-168556517-snap-gene-0.35-mRNA-1 4283747
.17 maker-168556517-snap-gene-0.35-mRNA-1 4300823
.13 maker-168556517-snap-gene-0.35-mRNA-1 4308004
.07 maker-168556517-snap-gene-0.35-mRNA-1 4273139
.07 maker-168556517-snap-gene-0.35-mRNA-1 4344000
.61 maker-167844354-augustus-gene-0.18-mRNA-1 4394109
.18 maker-167844354-augustus-gene-0.18-mRNA-1 4273693
.61 snap_masked-165499942-processed-gene-0.2-mRNA-1 615084
.26 snap_masked-165499942-processed-gene-0.2-mRNA-1 288820
.27 maker-168565700-snap-gene-1.60-mRNA-1 1400715
.59 maker-168565700-snap-gene-1.60-mRNA-1 4394142
.30 augustus_masked-168371979-processed-gene-0.3-mRNA-1 4290723
.27 augustus_masked-168371979-processed-gene-0.3-mRNA-1 4276068
.41 maker-163674939-snap-gene-0.4-mRNA-1 4283456
.34 maker-163674939-snap-gene-0.4-mRNA-1 4276511
.08 maker-163674939-snap-gene-0.4-mRNA-1 946472
.08 maker-163674939-snap-gene-0.4-mRNA-1 1184805
.58 augustus_masked-168430447-processed-gene-0.0-mRNA-1 4281849
.36 augustus_masked-168430447-processed-gene-0.0-mRNA-1 1434777
.34 augustus_masked-168430447-processed-gene-0.0-mRNA-1 4392260
.25 augustus_masked-168430447-processed-gene-0.0-mRNA-1 4296835
.18 augustus_masked-168430447-processed-gene-0.0-mRNA-1 4394198
.08 maker-168184651-augustus-gene-0.18-mRNA-1 903078
.88 maker-168184651-augustus-gene-0.18-mRNA-1 4285884
.32 maker-168506263-augustus-gene-0.15-mRNA-1 4277557
.26 maker-168506263-augustus-gene-0.15-mRNA-1 4274364
.55 maker-168245487-augustus-gene-0.8-mRNA-1 4393737
.15 maker-168245487-augustus-gene-0.8-mRNA-1 4393739
.51 augustus_masked-161510983-processed-gene-0.0-mRNA-1 4274375
.26 augustus_masked-161510983-processed-gene-0.0-mRNA-1 4304692
.26 augustus_masked-161510983-processed-gene-0.0-mRNA-1 812734
.02 augustus_masked-161510983-processed-gene-0.0-mRNA-1 4325265
.12 augustus_masked-161510983-processed-gene-0.0-mRNA-1 1196480
.75 maker-168169082-snap-gene-0.57-mRNA-1 4271005
.11 maker-168169082-snap-gene-0.57-mRNA-1 4300286
.61 maker-168404913-snap-gene-0.45-mRNA-1 4394028
.53 maker-168404913-snap-gene-0.45-mRNA-1 4340963
.19 maker-168404913-snap-gene-0.45-mRNA-1 1643678
.26 genemark-168482571-processed-gene-0.16-mRNA-1 4286396
.42 genemark-168497775-processed-gene-0.2-mRNA-1 4339408
.29 genemark-168497775-processed-gene-0.2-mRNA-1 3735231
.33 genemark-168497775-processed-gene-0.2-mRNA-1 2786138
.45 augustus_masked-168185276-processed-gene-0.20-mRNA-1 2811556
.70 maker-167686051-snap-gene-0.3-mRNA-1 4275409
.24 maker-167686051-snap-gene-0.3-mRNA-1 4279605
.87 maker-168228920-snap-gene-0.86-mRNA-1 4394343
.25 augustus_masked-161548800-processed-gene-0.0-mRNA-1 4340693
.45 augustus_masked-161548800-processed-gene-0.0-mRNA-1 1126190
.62 augustus_masked-165311665-processed-gene-0.0-mRNA-1 680366
.31 augustus_masked-165311665-processed-gene-0.0-mRNA-1 1359547
.93 maker-168573767-augustus-gene-0.58-mRNA-1 4394339
.01 augustus_masked-166244563-processed-gene-0.1-mRNA-1 4274609
.01 augustus_masked-166244563-processed-gene-0.1-mRNA-1 4287408
.44 augustus_masked-166244563-processed-gene-0.1-mRNA-1 4274609
.55 maker-168326110-augustus-gene-0.16-mRNA-1 1347229
.55 maker-168326110-augustus-gene-0.16-mRNA-1 1085005
.04 maker-168326110-augustus-gene-0.16-mRNA-1 1085002
.04 maker-168326110-augustus-gene-0.16-mRNA-1 4277718
.26 maker-166861172-augustus-gene-0.6-mRNA-1 1396515
.45 maker-166861172-augustus-gene-0.6-mRNA-1 4316288
