.83 snap_masked-168558995-processed-gene-0.34-mRNA-1 9271175
.10 snap_masked-168558995-processed-gene-0.34-mRNA-1 9212463
.37 maker-168425532-augustus-gene-0.9-mRNA-1 2119400
.47 maker-168425532-augustus-gene-0.9-mRNA-1 9294192
.14 genemark-168004103-processed-gene-0.4-mRNA-1 9215356
.55 genemark-168004103-processed-gene-0.4-mRNA-1 9429110
.15 maker-167829893-augustus-gene-0.9-mRNA-2 6243147
.83 maker-167829893-augustus-gene-0.9-mRNA-2 9428606
.23 genemark-168018750-processed-gene-0.8-mRNA-1 9235112
.09 genemark-168018750-processed-gene-0.8-mRNA-1 7661288
.15 genemark-168018750-processed-gene-0.8-mRNA-1 9335635
.09 genemark-168018750-processed-gene-0.8-mRNA-1 6911735
.07 genemark-168018750-processed-gene-0.8-mRNA-1 3933097
.39 maker-168573129-snap-gene-0.45-mRNA-1 9228051
.25 maker-168573129-snap-gene-0.45-mRNA-1 1187183
.21 maker-168573129-snap-gene-0.45-mRNA-1 9232328
.06 maker-168573129-snap-gene-0.45-mRNA-1 1679354
.06 maker-168573129-snap-gene-0.45-mRNA-1 9235861
.42 maker-168476769-augustus-gene-0.30-mRNA-2 9429182
.57 maker-168476769-augustus-gene-0.30-mRNA-2 9429182
.99 augustus_masked-168368744-processed-gene-0.2-mRNA-1 9429091
.85 maker-168506093-snap-gene-0.88-mRNA-1 9429059
.22 maker-168496739-snap-gene-0.97-mRNA-1 9216296
.22 maker-168496739-snap-gene-0.97-mRNA-1 706470
.53 snap_masked-168533969-processed-gene-0.50-mRNA-1 9257383
.37 maker-164530695-augustus-gene-0.3-mRNA-1 1141486
.26 maker-164530695-augustus-gene-0.3-mRNA-1 2603605
.24 maker-164530695-augustus-gene-0.3-mRNA-1 3113485
.22 maker-164530695-augustus-gene-0.3-mRNA-1 1706789
.14 maker-164530695-augustus-gene-0.3-mRNA-1 2137170
.13 maker-168414036-augustus-gene-0.5-mRNA-1 9214495
.58 maker-168414036-augustus-gene-0.5-mRNA-1 9428591
.48 maker-168315745-snap-gene-0.18-mRNA-1 9429173
.83 maker-168183292-augustus-gene-0.69-mRNA-1 9429296
.42 maker-168521344-augustus-gene-0.59-mRNA-1 9219523
.43 maker-168521344-augustus-gene-0.59-mRNA-1 9213966
.29 maker-168521344-augustus-gene-0.59-mRNA-1 9357538
.17 maker-168512952-snap-gene-0.9-mRNA-1 9273950
.78 maker-168512952-snap-gene-0.9-mRNA-1 9212492
.88 maker-168099441-augustus-gene-0.6-mRNA-1 9428348
.10 maker-168099441-augustus-gene-0.6-mRNA-1 3713465
.74 augustus_masked-168493770-processed-gene-0.3-mRNA-1 2814306
.04 augustus_masked-168493770-processed-gene-0.3-mRNA-1 8312285
.38 genemark-167063280-processed-gene-0.1-mRNA-1 9308019
.15 genemark-167063280-processed-gene-0.1-mRNA-1 5386407
.88 genemark-168447976-processed-gene-0.36-mRNA-1 9223487
.07 genemark-168447976-processed-gene-0.36-mRNA-1 5646029
.04 genemark-168447976-processed-gene-0.36-mRNA-1 9050081
.62 maker-166978607-augustus-gene-0.5-mRNA-1 9429295
.28 maker-166978607-augustus-gene-0.5-mRNA-1 9218531
.89 maker-168517494-snap-gene-0.36-mRNA-1 9429188
.07 maker-168517494-snap-gene-0.36-mRNA-1 9222515
.58 maker-168557558-augustus-gene-0.48-mRNA-2 9429154
.06 maker-168557558-augustus-gene-0.48-mRNA-2 9216518
.21 maker-168186794-snap-gene-0.9-mRNA-1 1895704
.45 maker-168186794-snap-gene-0.9-mRNA-1 9212956
.38 maker-168533206-snap-gene-0.36-mRNA-1 9262008
.36 maker-168533206-snap-gene-0.36-mRNA-1 9250852
.27 maker-168533206-snap-gene-0.36-mRNA-1 8979246
.17 maker-168533206-snap-gene-0.36-mRNA-1 7495667
.37 maker-168088285-augustus-gene-0.3-mRNA-1 9354479
.25 maker-168088285-augustus-gene-0.3-mRNA-1 4018336
.56 maker-168566656-snap-gene-0.48-mRNA-1 9223434
.16 maker-167797741-snap-gene-0.18-mRNA-1 9299921
.12 maker-167797741-snap-gene-0.18-mRNA-1 2947819
.15 maker-167797741-snap-gene-0.18-mRNA-1 3061292
.62 augustus_masked-167727668-processed-gene-0.1-mRNA-1 2824276
.39 augustus_masked-167727668-processed-gene-0.1-mRNA-1 9259821
.25 augustus_masked-167727668-processed-gene-0.1-mRNA-1 2929491
.19 augustus_masked-167727668-processed-gene-0.1-mRNA-1 2619838
.16 augustus_masked-167727668-processed-gene-0.1-mRNA-1 1898853
.14 augustus_masked-168431424-processed-gene-0.0-mRNA-1 2924790
.54 augustus_masked-168431424-processed-gene-0.0-mRNA-1 9429297
.44 augustus_masked-168577307-processed-gene-0.11-mRNA-1 9429294
.37 augustus_masked-168577307-processed-gene-0.11-mRNA-1 9222343
.74 maker-168554148-snap-gene-0.115-mRNA-1 9223755
.22 maker-168554148-snap-gene-0.115-mRNA-1 9340938
.45 augustus_masked-168381249-processed-gene-0.1-mRNA-1 1858037
.28 augustus_masked-168381249-processed-gene-0.1-mRNA-1 1444402
.68 maker-168445992-augustus-gene-0.47-mRNA-1 9428788
.61 augustus_masked-168290474-processed-gene-0.1-mRNA-1 9429293
.23 augustus_masked-168290474-processed-gene-0.1-mRNA-1 9232288
.23 genemark-168185639-processed-gene-0.21-mRNA-1 5810563
.18 maker-168034375-augustus-gene-0.18-mRNA-1 9223419
.33 maker-168034375-augustus-gene-0.18-mRNA-1 9223418
.94 augustus_masked-167895039-processed-gene-0.2-mRNA-1 9429000
.78 augustus_masked-167895039-processed-gene-0.2-mRNA-1 2637804
.83 maker-168305262-snap-gene-0.10-mRNA-1 9428530
.86 maker-168447988-snap-gene-0.6-mRNA-1 9263746
.50 augustus_masked-168223284-processed-gene-0.2-mRNA-1 9223406
.49 augustus_masked-168223284-processed-gene-0.2-mRNA-1 9213202
.41 maker-168353964-augustus-gene-0.9-mRNA-1 9327726
.42 maker-168353964-augustus-gene-0.9-mRNA-1 9429122
.73 snap_masked-167798297-processed-gene-0.119-mRNA-1 9428791
.05 snap_masked-167798297-processed-gene-0.119-mRNA-1 9413241
.42 augustus_masked-164477220-processed-gene-0.0-mRNA-1 5612937
.55 augustus_masked-164477220-processed-gene-0.0-mRNA-1 490154
