.22 GQ0203_H01.1_clone=GQ0203_H01_cluster=GQ0203_H01_status=complete_gb=BT102929 1181202
.39 GQ0203_H01.1_clone=GQ0203_H01_cluster=GQ0203_H01_status=complete_gb=BT102929 3397821
.41 WS00748_I21.1_clone=WS00748_I21_cluster=WS00748_I21_status=3 3395717
.57 WS00748_I21.1_clone=WS00748_I21_cluster=WS00748_I21_status=3 3388711
.80 GQ0165_F11.1_clone=GQ0165_F11_cluster=GQ0165_F11_status=complete_gb=BT102060 3477709
.59 GQ0255_M12.1_clone=GQ0255_M12_cluster=GQ0255_M12_status=complete_gb=BT103507 3477776
.38 GQ03209_B15.1_clone=GQ03209_B15_cluster=GQ03209_B15_status=complete_gb=BT109492 3477328
.18 GQ03209_B15.1_clone=GQ03209_B15_cluster=GQ03209_B15_status=complete_gb=BT109492 989053
.80 GQ01301_O19.1_clone=GQ01301_O19_cluster=GQ01301_O19_status=complete_gb=BT101337 3477706
.13 GQ01301_O19.1_clone=GQ01301_O19_cluster=GQ01301_O19_status=complete_gb=BT101337 2006456
.06 GQ03236_E01.1_clone=GQ03236_E01_cluster=GQ03236_E01_status=complete_gb=BT111341 3392115
.92 GQ03236_E01.1_clone=GQ03236_E01_cluster=GQ03236_E01_status=complete_gb=BT111341 3477684
.56 GQ02808_H09.1_clone=GQ02808_H09_cluster=GQ02808_H09_status=complete_gb=BT104278 3477760
.30 GQ03202_G03.1_clone=GQ03202_G03_cluster=GQ03202_G03_status=complete_gb=BT108905 174949
.20 GQ03202_G03.1_clone=GQ03202_G03_cluster=GQ03202_G03_status=complete_gb=BT108905 720976
.16 GQ03202_G03.1_clone=GQ03202_G03_cluster=GQ03202_G03_status=complete_gb=BT108905 3389508
.61 GQ04011_J16.1_clone=GQ04011_J16_cluster=GQ04011_J16_status=complete_gb=BT118894 3477463
.15 GQ04011_J16.1_clone=GQ04011_J16_cluster=GQ04011_J16_status=complete_gb=BT118894 1052761
.15 GQ04011_J16.1_clone=GQ04011_J16_cluster=GQ04011_J16_status=complete_gb=BT118894 1892860
.07 GQ04011_J16.1_clone=GQ04011_J16_cluster=GQ04011_J16_status=complete_gb=BT118894 3383906
.99 WS03217_G10.1_clone=WS03217_G10_cluster=WS03217_G10_status=3 3477765
.27 GQ04105_K07.1_clone=GQ04105_K07_cluster=GQ04105_K07_status=complete_gb=BT119435 3477751
.17 GQ04105_K07.1_clone=GQ04105_K07_cluster=GQ04105_K07_status=complete_gb=BT119435 3477751
.14 GQ04105_K07.1_clone=GQ04105_K07_cluster=GQ04105_K07_status=complete_gb=BT119435 3393991
.36 GQ0205_P11.1_clone=GQ0205_P11_cluster=GQ0205_P11_status=53 3394059
.29 GQ0205_P11.1_clone=GQ0205_P11_cluster=GQ0205_P11_status=53 934837
.52 WS00831_G14.1_clone=WS00831_G14_cluster=WS00831_G14_status=3 3419434
.42 WS00831_G14.1_clone=WS00831_G14_cluster=WS00831_G14_status=3 3392728
.44 GQ03803_O10.1_clone=GQ03803_O10_cluster=GQ03803_O10_status=complete_gb=BT116649 3460862
.51 GQ03803_O10.1_clone=GQ03803_O10_cluster=GQ03803_O10_status=complete_gb=BT116649 3396449
.80 GQ027112_A07.1_clone=GQ027112_A07_cluster=GQ027112_A07_status=5 3386619
.18 GQ027112_A07.1_clone=GQ027112_A07_cluster=GQ027112_A07_status=5 1375428
.44 GQ0067_A10.1_clone=GQ0067_A10_cluster=GQ0067_A10_status=complete_gb=BT101085 3386192
.17 GQ0067_A10.1_clone=GQ0067_A10_cluster=GQ0067_A10_status=complete_gb=BT101085 904486
.35 GQ03418_G03.2_clone=GQ03418_G03_cluster=GQ03418_G03_status=complete_gb=BT113719 3391592
.59 GQ03418_G03.2_clone=GQ03418_G03_cluster=GQ03418_G03_status=complete_gb=BT113719 3384758
.43 GQ0168_K12.1_clone=GQ0168_K12_cluster=GQ0168_K12_status=complete_gb=BT102207 3398444
.37 GQ0168_K12.1_clone=GQ0168_K12_cluster=GQ0168_K12_status=complete_gb=BT102207 704457
.47 GQ03002_D01.2_clone=GQ03002_D01_cluster=GQ03002_D01_status=complete_gb=BT106457 3477677
.32 GQ03002_D01.2_clone=GQ03002_D01_cluster=GQ03002_D01_status=complete_gb=BT106457 3391222
.97 GQ04011_P18.1_clone=GQ04011_P18_cluster=GQ04011_P18_status=complete_gb=BT118927 3477803
.63 GQ03102_M21.3_clone=GQ03102_M21_cluster=GQ03102_M21_status=53 3477096
.13 GQ03102_M21.3_clone=GQ03102_M21_cluster=GQ03102_M21_status=53 3394625
.11 GQ03102_M21.3_clone=GQ03102_M21_cluster=GQ03102_M21_status=53 600358
.37 GQ03123_C03.1_clone=GQ03123_C03_cluster=GQ03123_C03_status=complete_gb=BT108527 3389345
.33 GQ03123_C03.1_clone=GQ03123_C03_cluster=GQ03123_C03_status=complete_gb=BT108527 3393203
.38 GQ03716_M21.1_clone=GQ03716_M21_cluster=GQ03716_M21_status=complete_gb=BT116339 3477318
.21 GQ03716_M21.1_clone=GQ03716_M21_cluster=GQ03716_M21_status=complete_gb=BT116339 757915
.06 GQ03716_M21.1_clone=GQ03716_M21_cluster=GQ03716_M21_status=complete_gb=BT116339 481846
.89 GQ03316_L15.1_clone=GQ03316_L15_cluster=GQ03316_L15_status=complete_gb=BT112520 3477724
.41 WS0037_P11.1_clone=WS0037_P11_cluster=WS0037_P11_status=3 3477374
.57 WS0037_P11.1_clone=WS0037_P11_cluster=WS0037_P11_status=3 3407538
.26 GQ0047_G05.1_clone=GQ0047_G05_cluster=GQ0047_G05_status=3 897388
.45 GQ0047_G05.1_clone=GQ0047_G05_cluster=GQ0047_G05_status=3 733569
.21 GQ03105_I22.2_clone=GQ03105_I22_cluster=GQ03105_I22_status=complete_gb=BT107308 3477729
.17 GQ03105_I22.2_clone=GQ03105_I22_cluster=GQ03105_I22_status=complete_gb=BT107308 3477729
.52 GQ03236_P13.1_clone=GQ03236_P13_cluster=GQ03236_P13_status=complete_gb=BT111391 3477686
.81 GQ03218_F03.1_clone=GQ03218_F03_cluster=GQ03218_F03_status=complete_gb=BT110217 3477549
.23 GQ03214_L19.1_clone=GQ03214_L19_cluster=GQ03214_L19_status=complete_gb=BT109997 690376
.64 GQ03214_L19.1_clone=GQ03214_L19_cluster=GQ03214_L19_status=complete_gb=BT109997 3477835
.41 GQ02805_H22.3_clone=GQ02805_H22_cluster=GQ02805_H22_status=53 3477576
.38 GQ02805_H22.3_clone=GQ02805_H22_cluster=GQ02805_H22_status=53 3391432
.34 GQ03614_D22.1_clone=GQ03614_D22_cluster=GQ03614_D22_status=complete_gb=BT115325 916607
.58 GQ03614_D22.1_clone=GQ03614_D22_cluster=GQ03614_D22_status=complete_gb=BT115325 3470416
.28 GQ03232_A14.3_clone=GQ03232_A14_cluster=GQ03232_A14_status=53 3477735
.26 GQ03232_A14.3_clone=GQ03232_A14_cluster=GQ03232_A14_status=53 3477735
.17 GQ03232_A14.3_clone=GQ03232_A14_cluster=GQ03232_A14_status=53 1310572
.38 GQ03909_I10.1_clone=GQ03909_I10_cluster=GQ03909_I10_status=complete_gb=BT117737 3426467
.61 GQ03909_I10.1_clone=GQ03909_I10_cluster=GQ03909_I10_status=complete_gb=BT117737 3401296
.14 GQ03113_A04.1_clone=GQ03113_A04_cluster=GQ03113_A04_status=complete_gb=BT107816 1222862
.22 GQ03113_A04.1_clone=GQ03113_A04_cluster=GQ03113_A04_status=complete_gb=BT107816 890341
.54 GQ03115_N05.1_clone=GQ03115_N05_cluster=GQ03115_N05_status=complete_gb=BT108010 3389081
.41 GQ03207_O16.1_clone=GQ03207_O16_cluster=GQ03207_O16_status=complete_gb=BT109393 3383762
.39 GQ03207_O16.1_clone=GQ03207_O16_cluster=GQ03207_O16_status=complete_gb=BT109393 1168935
.37 WS00722_A22.1_clone=WS00722_A22_cluster=WS00722_A22_status=3 3391855
.18 WS00722_A22.1_clone=WS00722_A22_cluster=WS00722_A22_status=3 3391854
.72 WS0322_O09.1_clone=WS0322_O09_cluster=WS0322_O09_status=complete 3477529
.35 GQ03906_G22.4_clone=GQ03906_G22_cluster=GQ03906_G22_status=complete_gb=BT117651 3477521
.28 GQ03906_G22.4_clone=GQ03906_G22_cluster=GQ03906_G22_status=complete_gb=BT117651 3417389
.29 GQ03906_G22.4_clone=GQ03906_G22_cluster=GQ03906_G22_status=complete_gb=BT117651 3477368
.18 GQ03906_G22.4_clone=GQ03906_G22_cluster=GQ03906_G22_status=complete_gb=BT117651 3426569
.07 GQ03906_G22.4_clone=GQ03906_G22_cluster=GQ03906_G22_status=complete_gb=BT117651 1196882
.21 GQ02821_G21.1_clone=GQ02821_G21_cluster=GQ02821_G21_status=complete_gb=BT105360 555739
.25 GQ02821_G21.1_clone=GQ02821_G21_cluster=GQ02821_G21_status=complete_gb=BT105360 3391579
.99 GQ0203_N07.1_clone=GQ0203_N07_cluster=GQ0203_N07_status=complete_gb=BT102950 3477733
.68 GQ03603_C08.1_clone=GQ03603_C08_cluster=GQ03603_C08_status=complete_gb=BT114826 3477623
.95 GQ03231_D24.3_clone=GQ03231_D24_cluster=GQ03231_D24_status=53 3477772
.35 GQ03302_F09.1_clone=GQ03302_F09_cluster=GQ03302_F09_status=complete_gb=BT111698 3387559
.33 GQ03302_F09.1_clone=GQ03302_F09_cluster=GQ03302_F09_status=complete_gb=BT111698 3411770
.34 GQ03302_F09.1_clone=GQ03302_F09_cluster=GQ03302_F09_status=complete_gb=BT111698 509358
.33 GQ03302_F09.1_clone=GQ03302_F09_cluster=GQ03302_F09_status=complete_gb=BT111698 784307
.34 GQ03302_F09.1_clone=GQ03302_F09_cluster=GQ03302_F09_status=complete_gb=BT111698 3403499
.35 GQ0198_G11.1_clone=GQ0198_G11_cluster=GQ0198_G11_status=complete_gb=BT102627 352957
.41 GQ0198_G11.1_clone=GQ0198_G11_cluster=GQ0198_G11_status=complete_gb=BT102627 3388981
.28 GQ03716_M20.1_clone=GQ03716_M20_cluster=GQ03716_M20_status=complete_gb=BT116338 3383483
.59 GQ03716_M20.1_clone=GQ03716_M20_cluster=GQ03716_M20_status=complete_gb=BT116338 3477740
.99 GQ0045_G10.1_clone=GQ0045_G10_cluster=GQ0045_G10_status=complete_gb=BT100805 3477346
.06 GQ03811_M07.1_clone=GQ03811_M07_cluster=GQ03811_M07_status=complete_gb=BT117046 3477109
.93 GQ03811_M07.1_clone=GQ03811_M07_cluster=GQ03811_M07_status=complete_gb=BT117046 3477714
.17 GQ02812_N04.1_clone=GQ02812_N04_cluster=GQ02812_N04_status=complete_gb=BT104633 269590
.82 GQ02812_N04.1_clone=GQ02812_N04_cluster=GQ02812_N04_status=complete_gb=BT104633 3477518
.51 GQ03512_L17.1_clone=GQ03512_L17_cluster=GQ03512_L17_status=complete_gb=BT114338 3477779
.26 GQ03512_L17.1_clone=GQ03512_L17_cluster=GQ03512_L17_status=complete_gb=BT114338 3431151
.46 GQ02808_N23.2_clone=GQ02808_N23_cluster=GQ02808_N23_status=complete_gb=BT104317 3477302
.41 GQ03214_G17.1_clone=GQ03214_G17_cluster=GQ03214_G17_status=complete_gb=BT109969 3384543
.23 GQ03117_K06.1_clone=GQ03117_K06_cluster=GQ03117_K06_status=complete_gb=BT108162 3477775
.16 GQ03518_C02.1_clone=GQ03518_C02_cluster=GQ03518_C02_status=complete_gb=BT114630 3388683
.58 GQ03518_C02.1_clone=GQ03518_C02_cluster=GQ03518_C02_status=complete_gb=BT114630 3387100
.38 GQ03101_K16.1_clone=GQ03101_K16_cluster=GQ03101_K16_status=complete_gb=BT106999 3389242
.29 GQ03101_K16.1_clone=GQ03101_K16_cluster=GQ03101_K16_status=complete_gb=BT106999 3398011
.44 GQ04105_J08.1_clone=GQ04105_J08_cluster=GQ04105_J08_status=complete_gb=BT119431 3477558
.14 GQ04105_J08.1_clone=GQ04105_J08_cluster=GQ04105_J08_status=complete_gb=BT119431 1217468
.01 GQ0198_M17.1_clone=GQ0198_M17_cluster=GQ0198_M17_status=53 3246475
.96 GQ0198_M17.1_clone=GQ0198_M17_cluster=GQ0198_M17_status=53 3477711
.36 GQ03418_L18.1_clone=GQ03418_L18_cluster=GQ03418_L18_status=complete_gb=BT113734 3384692
.26 GQ03418_L18.1_clone=GQ03418_L18_cluster=GQ03418_L18_status=complete_gb=BT113734 3390568
.15 GQ03418_L18.1_clone=GQ03418_L18_cluster=GQ03418_L18_status=complete_gb=BT113734 3385707
.85 GQ03123_B21.1_clone=GQ03123_B21_cluster=GQ03123_B21_status=complete_gb=BT108526 3477813
.07 GQ03123_B21.1_clone=GQ03123_B21_cluster=GQ03123_B21_status=complete_gb=BT108526 2619495
.73 GQ02811_D11.1_clone=GQ02811_D11_cluster=GQ02811_D11_status=complete_gb=BT104508 3477591
.30 GQ02811_D11.1_clone=GQ02811_D11_cluster=GQ02811_D11_status=complete_gb=BT104508 3410794
.25 GQ02811_D11.1_clone=GQ02811_D11_cluster=GQ02811_D11_status=complete_gb=BT104508 3396615
.10 GQ03209_O18.2_clone=GQ03209_O18_cluster=GQ03209_O18_status=complete_gb=BT109554 3431231
.78 GQ03209_O18.2_clone=GQ03209_O18_cluster=GQ03209_O18_status=complete_gb=BT109554 3477730
.10 GQ03321_E07.1_clone=GQ03321_E07_cluster=GQ03321_E07_status=complete_gb=BT112814 979632
.88 GQ03321_E07.1_clone=GQ03321_E07_cluster=GQ03321_E07_status=complete_gb=BT112814 3477560
.24 GQ03205_B16.2_clone=GQ03205_B16_cluster=GQ03205_B16_status=complete_gb=BT109142 3384003
.19 GQ03205_B16.2_clone=GQ03205_B16_cluster=GQ03205_B16_status=complete_gb=BT109142 859937
.33 GQ03814_O05.1_clone=GQ03814_O05_cluster=GQ03814_O05_status=complete_gb=BT117199 3410966
.16 GQ03814_O05.1_clone=GQ03814_O05_cluster=GQ03814_O05_status=complete_gb=BT117199 3477437
.19 GQ03401_M24.1_clone=GQ03401_M24_cluster=GQ03401_M24_status=complete_gb=BT113220 1748651
.65 GQ03401_M24.1_clone=GQ03401_M24_cluster=GQ03401_M24_status=complete_gb=BT113220 3477284
.21 GQ03709_E09.1_clone=GQ03709_E09_cluster=GQ03709_E09_status=complete_gb=BT115947 3418963
.29 GQ03416_A17.1_clone=GQ03416_A17_cluster=GQ03416_A17_status=complete_gb=BT113646 3398841
.69 GQ03416_A17.1_clone=GQ03416_A17_cluster=GQ03416_A17_status=complete_gb=BT113646 3477222
.56 GQ03209_D03.1_clone=GQ03209_D03_cluster=GQ03209_D03_status=complete_gb=BT109502 3477056
.33 GQ03209_D03.1_clone=GQ03209_D03_cluster=GQ03209_D03_status=complete_gb=BT109502 3388701
.43 GQ03304_L22.1_clone=GQ03304_L22_cluster=GQ03304_L22_status=complete_gb=BT111873 3383630
.99 GQ02906_K22.1_clone=GQ02906_K22_cluster=GQ02906_K22_status=complete_gb=BT106291 3477828
.39 GQ03235_A02.1_clone=GQ03235_A02_cluster=GQ03235_A02_status=complete_gb=BT111261 3390356
.13 GQ03235_A02.1_clone=GQ03235_A02_cluster=GQ03235_A02_status=complete_gb=BT111261 1553856
.10 GQ03235_A02.1_clone=GQ03235_A02_cluster=GQ03235_A02_status=complete_gb=BT111261 2715460
.99 GQ03605_B08.1_clone=GQ03605_B08_cluster=GQ03605_B08_status=complete_gb=BT114912 3477434
.41 GQ0011_D18.1_clone=GQ0011_D18_cluster=GQ0011_D18_status=complete_gb=BT100342 3405900
.31 GQ0011_D18.1_clone=GQ0011_D18_cluster=GQ0011_D18_status=complete_gb=BT100342 3393915
.30 GQ0011_D18.1_clone=GQ0011_D18_cluster=GQ0011_D18_status=complete_gb=BT100342 1312140
.25 GQ0011_D18.1_clone=GQ0011_D18_cluster=GQ0011_D18_status=complete_gb=BT100342 864639
.46 GQ0011_D18.1_clone=GQ0011_D18_cluster=GQ0011_D18_status=complete_gb=BT100342 3477434
.13 GQ02825_L16.1_clone=GQ02825_L16_cluster=GQ02825_L16_status=complete_gb=BT105650 3435294
.44 GQ02825_L16.1_clone=GQ02825_L16_cluster=GQ02825_L16_status=complete_gb=BT105650 1408282
.41 GQ03010_I09.1_clone=GQ03010_I09_cluster=GQ03010_I09_status=complete_gb=BT106786 3477713
.18 GQ03010_I09.1_clone=GQ03010_I09_cluster=GQ03010_I09_status=complete_gb=BT106786 3477713
.78 GQ03114_C22.1_clone=GQ03114_C22_cluster=GQ03114_C22_status=complete_gb=BT107901 3384582
.15 GQ0207_B03.1_clone=GQ0207_B03_cluster=GQ0207_B03_status=complete_gb=BT103128 825327
.34 GQ0207_B03.1_clone=GQ0207_B03_cluster=GQ0207_B03_status=complete_gb=BT103128 3477402
.76 GQ03717_E03.1_clone=GQ03717_E03_cluster=GQ03717_E03_status=complete_gb=BT116363 3477723
.32 GQ03912_E18.2_clone=GQ03912_E18_cluster=GQ03912_E18_status=complete_gb=BT117786 998165
.33 GQ03912_E18.2_clone=GQ03912_E18_cluster=GQ03912_E18_status=complete_gb=BT117786 3477648
.32 GQ03912_E18.2_clone=GQ03912_E18_cluster=GQ03912_E18_status=complete_gb=BT117786 3477649
.23 GQ03912_E18.2_clone=GQ03912_E18_cluster=GQ03912_E18_status=complete_gb=BT117786 1533625
.25 GQ03912_E18.2_clone=GQ03912_E18_cluster=GQ03912_E18_status=complete_gb=BT117786 952938
.49 GQ04011_J17.1_clone=GQ04011_J17_cluster=GQ04011_J17_status=complete_gb=BT118895 3477495
.42 GQ04011_J17.1_clone=GQ04011_J17_cluster=GQ04011_J17_status=complete_gb=BT118895 3426325
.39 GQ03215_B06.1_clone=GQ03215_B06_cluster=GQ03215_B06_status=complete_gb=BT110029 3451245
.59 GQ03215_B06.1_clone=GQ03215_B06_cluster=GQ03215_B06_status=complete_gb=BT110029 3393838
.12 GQ03120_F20.1_clone=GQ03120_F20_cluster=GQ03120_F20_status=complete_gb=BT108339 914718
.84 GQ03120_F20.1_clone=GQ03120_F20_cluster=GQ03120_F20_status=complete_gb=BT108339 3477739
.74 GQ04008_C01.1_clone=GQ04008_C01_cluster=GQ04008_C01_status=complete_gb=BT118601 3477750
.77 GQ03111_J07.1_clone=GQ03111_J07_cluster=GQ03111_J07_status=complete_gb=BT107693 3477796
.09 GQ03111_J07.1_clone=GQ03111_J07_cluster=GQ03111_J07_status=complete_gb=BT107693 1950746
.50 GQ03229_O11.3_clone=GQ03229_O11_cluster=GQ03229_O11_status=53 3477790
.11 GQ03229_O11.3_clone=GQ03229_O11_cluster=GQ03229_O11_status=53 2098422
.31 GQ03101_D19.1_clone=GQ03101_D19_cluster=GQ03101_D19_status=complete_gb=BT106960 3386623
.72 GQ03325_K15.1_clone=GQ03325_K15_cluster=GQ03325_K15_status=complete_gb=BT113100 3477717
.67 GQ03804_H13.1_clone=GQ03804_H13_cluster=GQ03804_H13_status=complete_gb=BT116677 3477712
.12 GQ03804_H13.1_clone=GQ03804_H13_cluster=GQ03804_H13_status=complete_gb=BT116677 3416327
.51 GQ02809_F03.1_clone=GQ02809_F03_cluster=GQ02809_F03_status=complete_gb=BT104349 3477832
.28 GQ02809_F03.1_clone=GQ02809_F03_cluster=GQ02809_F03_status=complete_gb=BT104349 3396506
.28 GQ02809_F03.1_clone=GQ02809_F03_cluster=GQ02809_F03_status=complete_gb=BT104349 975567
.01 GQ04008_O10.1_clone=GQ04008_O10_cluster=GQ04008_O10_status=complete_gb=BT118673 3477791
.64 GQ03616_M15.2_clone=GQ03616_M15_cluster=GQ03616_M15_status=complete_gb=BT115443 3383537
.45 GQ04002_C06.1_clone=GQ04002_C06_cluster=GQ04002_C06_status=complete_gb=BT118083 3383856
.13 GQ04002_C06.1_clone=GQ04002_C06_cluster=GQ04002_C06_status=complete_gb=BT118083 3459609
.13 GQ04002_C06.1_clone=GQ04002_C06_cluster=GQ04002_C06_status=complete_gb=BT118083 3465167
.75 GQ03916_O21.1_clone=GQ03916_O21_cluster=GQ03916_O21_status=5 3392860
.28 GQ02904_G04.1_clone=GQ02904_G04_cluster=GQ02904_G04_status=complete_gb=BT106171 960926
.26 GQ02904_G04.1_clone=GQ02904_G04_cluster=GQ02904_G04_status=complete_gb=BT106171 496363
.63 GQ03312_O11.1_clone=GQ03312_O11_cluster=GQ03312_O11_status=complete_gb=BT112280 3437536
.23 GQ03312_O11.1_clone=GQ03312_O11_cluster=GQ03312_O11_status=complete_gb=BT112280 3457445
.51 GQ0011_G04.1_clone=GQ0011_G04_cluster=GQ0011_G04_status=complete_gb=BT100349 3385025
.74 GQ02807_E21.1_clone=GQ02807_E21_cluster=GQ02807_E21_status=complete_gb=BT104183 3452548
.24 GQ02807_E21.1_clone=GQ02807_E21_cluster=GQ02807_E21_status=complete_gb=BT104183 1068174
.27 GQ02823_D21.1_clone=GQ02823_D21_cluster=GQ02823_D21_status=complete_gb=BT105481 3385558
.29 GQ0204_F19.1_clone=GQ0204_F19_cluster=GQ0204_F19_status=complete_gb=BT102982 3477481
.23 GQ0204_F19.1_clone=GQ0204_F19_cluster=GQ0204_F19_status=complete_gb=BT102982 3386160
.57 GQ03609_F08.1_clone=GQ03609_F08_cluster=GQ03609_F08_status=complete_gb=BT115102 3477782
.38 GQ02903_I10.2_clone=GQ02903_I10_cluster=GQ02903_I10_status=complete_gb=BT106127 760651
.34 GQ02903_I10.2_clone=GQ02903_I10_cluster=GQ02903_I10_status=complete_gb=BT106127 3384940
.28 GQ02903_I10.2_clone=GQ02903_I10_cluster=GQ02903_I10_status=complete_gb=BT106127 3397063
.17 GQ02903_I10.2_clone=GQ02903_I10_cluster=GQ02903_I10_status=complete_gb=BT106127 509765
.19 GQ02903_I10.2_clone=GQ02903_I10_cluster=GQ02903_I10_status=complete_gb=BT106127 1486760
.73 GQ03103_G01.1_clone=GQ03103_G01_cluster=GQ03103_G01_status=complete_gb=BT107154 3477461
.19 GQ03103_G01.1_clone=GQ03103_G01_cluster=GQ03103_G01_status=complete_gb=BT107154 3201652
.11 GQ03606_K02.1_clone=GQ03606_K02_cluster=GQ03606_K02_status=complete_gb=BT114990 743316
.53 GQ03606_K02.1_clone=GQ03606_K02_cluster=GQ03606_K02_status=complete_gb=BT114990 3401879
.67 GQ03511_C12.1_clone=GQ03511_C12_cluster=GQ03511_C12_status=complete_gb=BT114243 3477797
.07 GQ03511_C12.1_clone=GQ03511_C12_cluster=GQ03511_C12_status=complete_gb=BT114243 1155845
.64 GQ03212_G04.1_clone=GQ03212_G04_cluster=GQ03212_G04_status=complete_gb=BT109784 3477613
.22 GQ03212_G04.1_clone=GQ03212_G04_cluster=GQ03212_G04_status=complete_gb=BT109784 1560111
.82 GQ03232_J23.2_clone=GQ03232_J23_cluster=GQ03232_J23_status=complete_gb=BT111097 3387194
.81 GQ03007_M18.2_clone=GQ03007_M18_cluster=GQ03007_M18_status=complete_gb=BT106677 3477773
.18 GQ03007_M18.2_clone=GQ03007_M18_cluster=GQ03007_M18_status=complete_gb=BT106677 322360
.64 GQ03719_C18.1_clone=GQ03719_C18_cluster=GQ03719_C18_status=complete_gb=BT116471 3477452
.13 GQ03719_C18.1_clone=GQ03719_C18_cluster=GQ03719_C18_status=complete_gb=BT116471 3386787
.64 GQ0067_I17.1_clone=GQ0067_I17_cluster=GQ0067_I17_status=complete_gb=BT101099 3477443
.27 GQ0067_I17.1_clone=GQ0067_I17_cluster=GQ0067_I17_status=complete_gb=BT101099 290857
.64 GQ03214_J18.2_clone=GQ03214_J18_cluster=GQ03214_J18_status=complete_gb=BT109984 3388567
.12 GQ03214_J18.2_clone=GQ03214_J18_cluster=GQ03214_J18_status=complete_gb=BT109984 2899598
.90 GQ03205_H12.1_clone=GQ03205_H12_cluster=GQ03205_H12_status=complete_gb=BT109168 3477742
.21 GQ03202_F03.1_clone=GQ03202_F03_cluster=GQ03202_F03_status=complete_gb=BT108899 3477483
.23 GQ03202_F03.1_clone=GQ03202_F03_cluster=GQ03202_F03_status=complete_gb=BT108899 3385189
.15 GQ03202_F03.1_clone=GQ03202_F03_cluster=GQ03202_F03_status=complete_gb=BT108899 3393930
.56 GQ03004_M24.3_clone=GQ03004_M24_cluster=GQ03004_M24_status=53 3477651
.14 GQ03004_M24.3_clone=GQ03004_M24_cluster=GQ03004_M24_status=53 762512
.10 GQ03004_M24.3_clone=GQ03004_M24_cluster=GQ03004_M24_status=53 1189684
.10 GQ03004_M24.3_clone=GQ03004_M24_cluster=GQ03004_M24_status=53 1261090
.10 GQ03004_M24.3_clone=GQ03004_M24_cluster=GQ03004_M24_status=53 3418982
.26 GQ03201_M24.1_clone=GQ03201_M24_cluster=GQ03201_M24_status=complete_gb=BT108854 3477747
.14 GQ03201_M24.1_clone=GQ03201_M24_cluster=GQ03201_M24_status=complete_gb=BT108854 3477747
.27 GQ03209_K21.1_clone=GQ03209_K21_cluster=GQ03209_K21_status=complete_gb=BT109536 1381556
.72 GQ03209_K21.1_clone=GQ03209_K21_cluster=GQ03209_K21_status=complete_gb=BT109536 3389260
.17 GQ03705_K17.1_clone=GQ03705_K17_cluster=GQ03705_K17_status=complete_gb=BT115760 1021133
.30 GQ04101_G17.3_clone=GQ04101_G17_cluster=GQ04101_G17_status=complete_gb=BT119096 855984
.19 GQ04101_G17.3_clone=GQ04101_G17_cluster=GQ04101_G17_status=complete_gb=BT119096 100678
.34 GQ03220_N06.1_clone=GQ03220_N06_cluster=GQ03220_N06_status=complete_gb=BT110378 950194
.41 GQ03220_N06.1_clone=GQ03220_N06_cluster=GQ03220_N06_status=complete_gb=BT110378 1054691
.34 GQ03220_N06.1_clone=GQ03220_N06_cluster=GQ03220_N06_status=complete_gb=BT110378 3388619
.41 GQ03220_N06.1_clone=GQ03220_N06_cluster=GQ03220_N06_status=complete_gb=BT110378 3385633
.22 GQ03220_N06.1_clone=GQ03220_N06_cluster=GQ03220_N06_status=complete_gb=BT110378 1541795
.22 GQ03229_E13.1_clone=GQ03229_E13_cluster=GQ03229_E13_status=complete_gb=BT110885 3397366
.22 GQ03229_E13.1_clone=GQ03229_E13_cluster=GQ03229_E13_status=complete_gb=BT110885 3394775
.15 GQ03229_E13.1_clone=GQ03229_E13_cluster=GQ03229_E13_status=complete_gb=BT110885 506777
.73 WS0312_C10.1_clone=WS0312_C10_cluster=WS0312_C10_status=3 3384297
.23 GQ03111_N15.1_clone=GQ03111_N15_cluster=GQ03111_N15_status=complete_gb=BT107713 3385078
.74 GQ03111_N15.1_clone=GQ03111_N15_cluster=GQ03111_N15_status=complete_gb=BT107713 3477748
.23 GQ04008_A13.1_clone=GQ04008_A13_cluster=GQ04008_A13_status=complete_gb=BT118592 3477466
.65 GQ04008_A13.1_clone=GQ04008_A13_cluster=GQ04008_A13_status=complete_gb=BT118592 3477741
.31 GQ03610_P08.1_clone=GQ03610_P08_cluster=GQ03610_P08_status=complete_gb=BT115182 3477802
.18 GQ03610_P08.1_clone=GQ03610_P08_cluster=GQ03610_P08_status=complete_gb=BT115182 3477802
.10 GQ03608_A05.1_clone=GQ03608_A05_cluster=GQ03608_A05_status=complete_gb=BT115053 3412343
.64 GQ03608_A05.1_clone=GQ03608_A05_cluster=GQ03608_A05_status=complete_gb=BT115053 3389750
.43 GQ02821_E04.1_clone=GQ02821_E04_cluster=GQ02821_E04_status=complete_gb=BT105350 3477833
.18 GQ02821_E04.1_clone=GQ02821_E04_cluster=GQ02821_E04_status=complete_gb=BT105350 3477833
.48 GQ04009_H02.1_clone=GQ04009_H02_cluster=GQ04009_H02_status=complete_gb=BT118710 3477800
.16 GQ04009_H02.1_clone=GQ04009_H02_cluster=GQ04009_H02_status=complete_gb=BT118710 3477800
.37 GQ03114_D05.1_clone=GQ03114_D05_cluster=GQ03114_D05_status=complete_gb=BT107902 3477523
.16 GQ03114_D05.1_clone=GQ03114_D05_cluster=GQ03114_D05_status=complete_gb=BT107902 928851
.15 GQ03114_D05.1_clone=GQ03114_D05_cluster=GQ03114_D05_status=complete_gb=BT107902 531195
.11 GQ03114_D05.1_clone=GQ03114_D05_cluster=GQ03114_D05_status=complete_gb=BT107902 3385080
.61 GQ03309_A09.1_clone=GQ03309_A09_cluster=GQ03309_A09_status=complete_gb=BT112030 3477514
.59 GQ03309_A09.1_clone=GQ03309_A09_cluster=GQ03309_A09_status=complete_gb=BT112030 3386633
.18 GQ03309_A09.1_clone=GQ03309_A09_cluster=GQ03309_A09_status=complete_gb=BT112030 1521723
.25 GQ03104_K02.3_clone=GQ03104_K02_cluster=GQ03104_K02_status=53 3477242
.12 GQ03104_K02.3_clone=GQ03104_K02_cluster=GQ03104_K02_status=53 771604
.94 GQ03207_O13.1_clone=GQ03207_O13_cluster=GQ03207_O13_status=complete_gb=BT109392 3477727
.63 GQ04106_E11.1_clone=GQ04106_E11_cluster=GQ04106_E11_status=complete_gb=BT119482 639562
.35 GQ04106_E11.1_clone=GQ04106_E11_cluster=GQ04106_E11_status=complete_gb=BT119482 3399098
.33 GQ02772_H02.1_clone=GQ02772_H02_cluster=GQ02772_H02_status=5 3389709
.46 GQ02772_H02.1_clone=GQ02772_H02_cluster=GQ02772_H02_status=5 3393373
.36 GQ03229_F14.1_clone=GQ03229_F14_cluster=GQ03229_F14_status=complete_gb=BT110891 3393934
.36 GQ03229_F14.1_clone=GQ03229_F14_cluster=GQ03229_F14_status=complete_gb=BT110891 3384454
.16 GQ03229_F14.1_clone=GQ03229_F14_cluster=GQ03229_F14_status=complete_gb=BT110891 3396762
.16 GQ03229_F14.1_clone=GQ03229_F14_cluster=GQ03229_F14_status=complete_gb=BT110891 761994
.16 GQ03229_F14.1_clone=GQ03229_F14_cluster=GQ03229_F14_status=complete_gb=BT110891 3426571
.74 GQ03315_K24.1_clone=GQ03315_K24_cluster=GQ03315_K24_status=complete_gb=BT112465 3477317
.18 GQ0195_F03.1_clone=GQ0195_F03_cluster=GQ0195_F03_status=complete_gb=BT102490 3398654
.31 GQ0195_F03.1_clone=GQ0195_F03_cluster=GQ0195_F03_status=complete_gb=BT102490 681991
.58 GQ03819_A23.1_clone=GQ03819_A23_cluster=GQ03819_A23_status=complete_gb=BT117412 3383711
.20 GQ03819_A23.1_clone=GQ03819_A23_cluster=GQ03819_A23_status=complete_gb=BT117412 761727
.19 GQ03819_A23.1_clone=GQ03819_A23_cluster=GQ03819_A23_status=complete_gb=BT117412 3419725
.42 GQ02808_M21.1_clone=GQ02808_M21_cluster=GQ02808_M21_status=complete_gb=BT104307 3429759
.84 WS00755_I08.1_clone=WS00755_I08_cluster=WS00755_I08_status=complete 3477498
.72 WS0324_C10.1_clone=WS0324_C10_cluster=WS0324_C10_status=3 3477271
.31 GQ04008_D08.1_clone=GQ04008_D08_cluster=GQ04008_D08_status=complete_gb=BT118614 3477367
.49 GQ02812_G02.1_clone=GQ02812_G02_cluster=GQ02812_G02_status=complete_gb=BT104599 3392172
.34 GQ02812_G02.1_clone=GQ02812_G02_cluster=GQ02812_G02_status=complete_gb=BT104599 3384961
.64 GQ03102_C02.1_clone=GQ03102_C02_cluster=GQ03102_C02_status=complete_gb=BT107044 3477827
.12 GQ03102_C02.1_clone=GQ03102_C02_cluster=GQ03102_C02_status=complete_gb=BT107044 3411714
.73 GQ03401_K01.1_clone=GQ03401_K01_cluster=GQ03401_K01_status=complete_gb=BT113211 3387944
.16 GQ01303_H21.2_clone=GQ01303_H21_cluster=GQ01303_H21_status=5 475021
.63 GQ01303_H21.2_clone=GQ01303_H21_cluster=GQ01303_H21_status=5 3445598
.25 GQ03407_M24.1_clone=GQ03407_M24_cluster=GQ03407_M24_status=complete_gb=BT113426 427739
.29 GQ03407_M24.1_clone=GQ03407_M24_cluster=GQ03407_M24_status=complete_gb=BT113426 3385501
.41 GQ03513_I02.1_clone=GQ03513_I02_cluster=GQ03513_I02_status=complete_gb=BT114375 3477764
.17 GQ03513_I02.1_clone=GQ03513_I02_cluster=GQ03513_I02_status=complete_gb=BT114375 3477764
.46 GQ03819_J06.1_clone=GQ03819_J06_cluster=GQ03819_J06_status=complete_gb=BT117441 3477120
.27 GQ03819_J06.1_clone=GQ03819_J06_cluster=GQ03819_J06_status=complete_gb=BT117441 3383796
.15 GQ03819_J06.1_clone=GQ03819_J06_cluster=GQ03819_J06_status=complete_gb=BT117441 711075
.05 GQ03819_J06.1_clone=GQ03819_J06_cluster=GQ03819_J06_status=complete_gb=BT117441 3383797
.26 GQ03812_N05.1_clone=GQ03812_N05_cluster=GQ03812_N05_status=complete_gb=BT117100 3477569
.20 GQ03812_N05.1_clone=GQ03812_N05_cluster=GQ03812_N05_status=complete_gb=BT117100 3391181
.20 GQ03812_N05.1_clone=GQ03812_N05_cluster=GQ03812_N05_status=complete_gb=BT117100 3415928
.21 GQ04108_M09.1_clone=GQ04108_M09_cluster=GQ04108_M09_status=complete_gb=BT119686 888285
.36 GQ0067_D24.1_clone=GQ0067_D24_cluster=GQ0067_D24_status=complete_gb=BT101092 3387921
.48 GQ03902_E24.1_clone=GQ03902_E24_cluster=GQ03902_E24_status=complete_gb=BT117525 3477814
.33 GQ02808_F17.1_clone=GQ02808_F17_cluster=GQ02808_F17_status=complete_gb=BT104261 1008303
.23 GQ02808_F17.1_clone=GQ02808_F17_cluster=GQ02808_F17_status=complete_gb=BT104261 3384353
.22 GQ02808_F17.1_clone=GQ02808_F17_cluster=GQ02808_F17_status=complete_gb=BT104261 516333
.21 GQ02808_F17.1_clone=GQ02808_F17_cluster=GQ02808_F17_status=complete_gb=BT104261 3407007
.22 GQ02808_F17.1_clone=GQ02808_F17_cluster=GQ02808_F17_status=complete_gb=BT104261 694909
.69 GQ02823_L18.1_clone=GQ02823_L18_cluster=GQ02823_L18_status=complete_gb=BT105527 3477774
.21 GQ03215_F07.1_clone=GQ03215_F07_cluster=GQ03215_F07_status=complete_gb=BT110047 3477783
.18 GQ03215_F07.1_clone=GQ03215_F07_cluster=GQ03215_F07_status=complete_gb=BT110047 3399815
.89 GQ0202_H12.1_clone=GQ0202_H12_cluster=GQ0202_H12_status=complete_gb=BT102889 3477749
.69 GQ03211_A13.1_clone=GQ03211_A13_cluster=GQ03211_A13_status=complete_gb=BT109646 3477715
.09 GQ03211_A13.1_clone=GQ03211_A13_cluster=GQ03211_A13_status=complete_gb=BT109646 1069286
.58 GQ02829_D08.1_clone=GQ02829_D08_cluster=GQ02829_D08_status=complete_gb=BT105836 3477561
.19 GQ02829_D08.1_clone=GQ02829_D08_cluster=GQ02829_D08_status=complete_gb=BT105836 1347515
.35 GQ03309_K07.1_clone=GQ03309_K07_cluster=GQ03309_K07_status=complete_gb=BT112073 3421054
.26 GQ03309_K07.1_clone=GQ03309_K07_cluster=GQ03309_K07_status=complete_gb=BT112073 1126774
.03 GQ03309_K07.1_clone=GQ03309_K07_cluster=GQ03309_K07_status=complete_gb=BT112073 3398770
.02 GQ03309_K07.1_clone=GQ03309_K07_cluster=GQ03309_K07_status=complete_gb=BT112073 3387392
.82 GQ02815_G16.1_clone=GQ02815_G16_cluster=GQ02815_G16_status=complete_gb=BT104818 3477537
.13 GQ02815_G16.1_clone=GQ02815_G16_cluster=GQ02815_G16_status=complete_gb=BT104818 1403131
.43 GQ03906_A07.1_clone=GQ03906_A07_cluster=GQ03906_A07_status=complete_gb=BT117639 3413824
.43 GQ03906_A07.1_clone=GQ03906_A07_cluster=GQ03906_A07_status=complete_gb=BT117639 3394943
.28 GQ03906_A07.1_clone=GQ03906_A07_cluster=GQ03906_A07_status=complete_gb=BT117639 3413644
.17 GQ03218_E13.1_clone=GQ03218_E13_cluster=GQ03218_E13_status=complete_gb=BT110214 3387584
.71 GQ03218_E13.1_clone=GQ03218_E13_cluster=GQ03218_E13_status=complete_gb=BT110214 3477777
.25 GQ04011_N08.1_clone=GQ04011_N08_cluster=GQ04011_N08_status=complete_gb=BT118920 3426801
.33 GQ04011_N08.1_clone=GQ04011_N08_cluster=GQ04011_N08_status=complete_gb=BT118920 3439457
.26 GQ03614_A16.1_clone=GQ03614_A16_cluster=GQ03614_A16_status=complete_gb=BT115312 3386998
.56 GQ03614_A16.1_clone=GQ03614_A16_cluster=GQ03614_A16_status=complete_gb=BT115312 3383563
.09 GQ04107_F04.1_clone=GQ04107_F04_cluster=GQ04107_F04_status=complete_gb=BT119571 3410945
.89 GQ04107_F04.1_clone=GQ04107_F04_cluster=GQ04107_F04_status=complete_gb=BT119571 3477719
.69 GQ03233_F01.1_clone=GQ03233_F01_cluster=GQ03233_F01_status=complete_gb=BT111143 3477808
.97 GQ0176_N16.1_clone=GQ0176_N16_cluster=GQ0176_N16_status=3 3459760
.07 GQ04003_J18.1_clone=GQ04003_J18_cluster=GQ04003_J18_status=complete_gb=BT118206 1128630
.25 GQ04003_J18.1_clone=GQ04003_J18_cluster=GQ04003_J18_status=complete_gb=BT118206 856046
.31 GQ03234_F07.1_clone=GQ03234_F07_cluster=GQ03234_F07_status=complete_gb=BT111206 3477305
.70 GQ0201_G16.1_clone=GQ0201_G16_cluster=GQ0201_G16_status=complete_gb=BT102835 422447
.15 GQ0201_G16.1_clone=GQ0201_G16_cluster=GQ0201_G16_status=complete_gb=BT102835 1460190
.19 GQ02904_F18.1_clone=GQ02904_F18_cluster=GQ02904_F18_status=complete_gb=BT106170 3415354
.80 GQ02904_F18.1_clone=GQ02904_F18_cluster=GQ02904_F18_status=complete_gb=BT106170 3477736
.35 GQ02907_N09.1_clone=GQ02907_N09_cluster=GQ02907_N09_status=complete_gb=BT106344 3391421
.14 GQ03116_C19.1_clone=GQ03116_C19_cluster=GQ03116_C19_status=complete_gb=BT108036 3404542
.15 GQ03116_C19.1_clone=GQ03116_C19_cluster=GQ03116_C19_status=complete_gb=BT108036 531292
.89 GQ03206_C17.1_clone=GQ03206_C17_cluster=GQ03206_C17_status=complete_gb=BT109230 3477743
.46 GQ04110_A10.1_clone=GQ04110_A10_cluster=GQ04110_A10_status=complete_gb=BT119786 3477738
.79 GQ04004_B17.1_clone=GQ04004_B17_cluster=GQ04004_B17_status=complete_gb=BT118243 3477746
.09 GQ04004_B17.1_clone=GQ04004_B17_cluster=GQ04004_B17_status=complete_gb=BT118243 3410945
.87 GQ03230_I05.1_clone=GQ03230_I05_cluster=GQ03230_I05_status=complete_gb=BT110968 3477759
.39 GQ03105_O04.1_clone=GQ03105_O04_cluster=GQ03105_O04_status=complete_gb=BT107332 796148
.51 GQ03105_O04.1_clone=GQ03105_O04_cluster=GQ03105_O04_status=complete_gb=BT107332 3477296
.57 GQ03617_E19.1_clone=GQ03617_E19_cluster=GQ03617_E19_status=complete_gb=BT115466 3477295
.23 GQ03617_E19.1_clone=GQ03617_E19_cluster=GQ03617_E19_status=complete_gb=BT115466 3098457
.45 GQ0197_K07.1_clone=GQ0197_K07_cluster=GQ0197_K07_status=complete_gb=BT102600 3384607
.17 GQ0197_K07.1_clone=GQ0197_K07_cluster=GQ0197_K07_status=complete_gb=BT102600 3388148
.10 GQ0197_K07.1_clone=GQ0197_K07_cluster=GQ0197_K07_status=complete_gb=BT102600 3384330
.42 GQ03236_G10.1_clone=GQ03236_G10_cluster=GQ03236_G10_status=complete_gb=BT111350 3477472
.30 GQ03236_G10.1_clone=GQ03236_G10_cluster=GQ03236_G10_status=complete_gb=BT111350 3390788
.11 GQ03236_G10.1_clone=GQ03236_G10_cluster=GQ03236_G10_status=complete_gb=BT111350 3385431
.39 GQ04106_O18.1_clone=GQ04106_O18_cluster=GQ04106_O18_status=complete_gb=BT119541 3477789
.14 GQ04106_O18.1_clone=GQ04106_O18_cluster=GQ04106_O18_status=complete_gb=BT119541 3477789
.40 GQ03004_E17.1_clone=GQ03004_E17_cluster=GQ03004_E17_status=complete_gb=BT106534 3402696
.24 GQ02901_E12.4_clone=GQ02901_E12_cluster=GQ02901_E12_status=53 3389369
.20 GQ02901_E12.4_clone=GQ02901_E12_cluster=GQ02901_E12_status=53 3422313
.20 GQ02901_E12.4_clone=GQ02901_E12_cluster=GQ02901_E12_status=53 1147362
.20 GQ02901_E12.4_clone=GQ02901_E12_cluster=GQ02901_E12_status=53 3414803
.16 GQ02901_E12.4_clone=GQ02901_E12_cluster=GQ02901_E12_status=53 541037
.46 GQ02817_P23.1_clone=GQ02817_P23_cluster=GQ02817_P23_status=complete_gb=BT105045 3477152
.24 GQ02817_P23.1_clone=GQ02817_P23_cluster=GQ02817_P23_status=complete_gb=BT105045 3402092
.03 GQ02817_P23.1_clone=GQ02817_P23_cluster=GQ02817_P23_status=complete_gb=BT105045 2140231
.03 GQ02817_P23.1_clone=GQ02817_P23_cluster=GQ02817_P23_status=complete_gb=BT105045 706456
.50 GQ02903_A02.2_clone=GQ02903_A02_cluster=GQ02903_A02_status=53 3386751
.61 GQ03317_C11.1_clone=GQ03317_C11_cluster=GQ03317_C11_status=complete_gb=BT112547 669447
.37 GQ03317_C11.1_clone=GQ03317_C11_cluster=GQ03317_C11_status=complete_gb=BT112547 669443
.64 GQ02803_H05.1_clone=GQ02803_H05_cluster=GQ02803_H05_status=complete_gb=BT103874 3387348
.38 GQ02902_N24.1_clone=GQ02902_N24_cluster=GQ02902_N24_status=complete_gb=BT106098 3477781
.29 GQ02902_N24.1_clone=GQ02902_N24_cluster=GQ02902_N24_status=complete_gb=BT106098 3477781
.14 GQ03817_J04.2_clone=GQ03817_J04_cluster=GQ03817_J04_status=complete_gb=BT117346 3435975
.76 GQ03817_J04.2_clone=GQ03817_J04_cluster=GQ03817_J04_status=complete_gb=BT117346 3477799
.47 GQ03707_G19.1_clone=GQ03707_G19_cluster=GQ03707_G19_status=complete_gb=BT115849 3477426
.22 GQ03707_G19.1_clone=GQ03707_G19_cluster=GQ03707_G19_status=complete_gb=BT115849 3406532
.16 GQ03707_G19.1_clone=GQ03707_G19_cluster=GQ03707_G19_status=complete_gb=BT115849 1295881
.13 GQ03111_B03.1_clone=GQ03111_B03_cluster=GQ03111_B03_status=complete_gb=BT107657 1635220
.83 GQ03111_B03.1_clone=GQ03111_B03_cluster=GQ03111_B03_status=complete_gb=BT107657 3477822
.51 GQ01306_A17.1_clone=GQ01306_A17_cluster=GQ01306_A17_status=complete_gb=BT101510 664022
.27 GQ01306_A17.1_clone=GQ01306_A17_cluster=GQ01306_A17_status=complete_gb=BT101510 2050484
.27 GQ01306_A17.1_clone=GQ01306_A17_cluster=GQ01306_A17_status=complete_gb=BT101510 779299
.24 GQ01306_A17.1_clone=GQ01306_A17_cluster=GQ01306_A17_status=complete_gb=BT101510 3397249
.23 GQ01306_A17.1_clone=GQ01306_A17_cluster=GQ01306_A17_status=complete_gb=BT101510 805558
.44 GQ03125_D13.1_clone=GQ03125_D13_cluster=GQ03125_D13_status=complete_gb=BT108675 844752
.32 GQ03125_D13.1_clone=GQ03125_D13_cluster=GQ03125_D13_status=complete_gb=BT108675 595960
.19 GQ0228_N14.1_clone=GQ0228_N14_cluster=GQ0228_N14_status=complete_gb=BT103339 3400449
.73 GQ0228_N14.1_clone=GQ0228_N14_cluster=GQ0228_N14_status=complete_gb=BT103339 3388298
.63 GQ03007_J22.1_clone=GQ03007_J22_cluster=GQ03007_J22_status=complete_gb=BT106669 3384528
.51 GQ03007_J22.1_clone=GQ03007_J22_cluster=GQ03007_J22_status=complete_gb=BT106669 3384765
.36 GQ03416_L19.1_clone=GQ03416_L19_cluster=GQ03416_L19_status=complete_gb=BT113667 3477442
.11 GQ03416_L19.1_clone=GQ03416_L19_cluster=GQ03416_L19_status=complete_gb=BT113667 320691
.11 GQ03416_L19.1_clone=GQ03416_L19_cluster=GQ03416_L19_status=complete_gb=BT113667 870201
.11 GQ03416_L19.1_clone=GQ03416_L19_cluster=GQ03416_L19_status=complete_gb=BT113667 3385651
.11 GQ03416_L19.1_clone=GQ03416_L19_cluster=GQ03416_L19_status=complete_gb=BT113667 719354
.44 GQ03502_O07.1_clone=GQ03502_O07_cluster=GQ03502_O07_status=complete_gb=BT113847 3477753
.10 GQ03502_O07.1_clone=GQ03502_O07_cluster=GQ03502_O07_status=complete_gb=BT113847 3431115
.33 GQ03719_B08.1_clone=GQ03719_B08_cluster=GQ03719_B08_status=complete_gb=BT116459 1159914
.20 GQ03719_B08.1_clone=GQ03719_B08_cluster=GQ03719_B08_status=complete_gb=BT116459 937900
.18 GQ03719_B08.1_clone=GQ03719_B08_cluster=GQ03719_B08_status=complete_gb=BT116459 298761
.09 GQ03719_B08.1_clone=GQ03719_B08_cluster=GQ03719_B08_status=complete_gb=BT116459 1403329
.39 GQ04007_I08.1_clone=GQ04007_I08_cluster=GQ04007_I08_status=complete_gb=BT118540 3477745
.23 GQ04007_I08.1_clone=GQ04007_I08_cluster=GQ04007_I08_status=complete_gb=BT118540 3477745
.88 GQ03013_P10.2_clone=GQ03013_P10_cluster=GQ03013_P10_status=complete_gb=BT106940 3477804
.08 GQ03013_P10.2_clone=GQ03013_P10_cluster=GQ03013_P10_status=complete_gb=BT106940 728456
.05 GQ03013_P10.2_clone=GQ03013_P10_cluster=GQ03013_P10_status=complete_gb=BT106940 1210049
.92 GQ04104_B15.1_clone=GQ04104_B15_cluster=GQ04104_B15_status=complete_gb=BT119314 3477624
.07 GQ04104_B15.1_clone=GQ04104_B15_cluster=GQ04104_B15_status=complete_gb=BT119314 106983
.99 GQ03214_A08.1_clone=GQ03214_A08_cluster=GQ03214_A08_status=complete_gb=BT109941 3477757
.73 GQ03706_G05.1_clone=GQ03706_G05_cluster=GQ03706_G05_status=complete_gb=BT115796 3477812
.10 GQ03706_G05.1_clone=GQ03706_G05_cluster=GQ03706_G05_status=complete_gb=BT115796 2093392
.19 GQ03229_F19.2_clone=GQ03229_F19_cluster=GQ03229_F19_status=complete_gb=BT110892 3410054
.29 GQ03229_F19.2_clone=GQ03229_F19_cluster=GQ03229_F19_status=complete_gb=BT110892 3391529
.34 GQ04109_H01.1_clone=GQ04109_H01_cluster=GQ04109_H01_status=complete_gb=BT119738 3477058
.19 GQ04109_H01.1_clone=GQ04109_H01_cluster=GQ04109_H01_status=complete_gb=BT119738 589166
.17 GQ04109_H01.1_clone=GQ04109_H01_cluster=GQ04109_H01_status=complete_gb=BT119738 452841
.64 GQ02815_G02.1_clone=GQ02815_G02_cluster=GQ02815_G02_status=complete_gb=BT104814 3477595
.77 GQ03317_O18.1_clone=GQ03317_O18_cluster=GQ03317_O18_status=complete_gb=BT112582 3386024
.22 GQ03317_O18.1_clone=GQ03317_O18_cluster=GQ03317_O18_status=complete_gb=BT112582 286802
.86 GQ03303_D21.2_clone=GQ03303_D21_cluster=GQ03303_D21_status=complete_gb=BT111757 3477806
.58 GQ03115_L04.1_clone=GQ03115_L04_cluster=GQ03115_L04_status=complete_gb=BT108002 3477771
.21 GQ03115_L04.1_clone=GQ03115_L04_cluster=GQ03115_L04_status=complete_gb=BT108002 3388112
.05 GQ03115_L04.1_clone=GQ03115_L04_cluster=GQ03115_L04_status=complete_gb=BT108002 3412768
.05 GQ03115_L04.1_clone=GQ03115_L04_cluster=GQ03115_L04_status=complete_gb=BT108002 529596
.54 WS03222_N02.1_clone=WS03222_N02_cluster=WS03222_N02_status=3 3477535
.89 GQ04003_J21.1_clone=GQ04003_J21_cluster=GQ04003_J21_status=complete_gb=BT118207 3477763
.84 GQ03120_J23.1_clone=GQ03120_J23_cluster=GQ03120_J23_status=complete_gb=BT108352 3477450
.36 GQ03803_B14.1_clone=GQ03803_B14_cluster=GQ03803_B14_status=complete_gb=BT116604 3477710
.25 GQ03803_B14.1_clone=GQ03803_B14_cluster=GQ03803_B14_status=complete_gb=BT116604 3386496
.39 GQ03519_B08.1_clone=GQ03519_B08_cluster=GQ03519_B08_status=complete_gb=BT114668 3388516
.18 GQ03519_B08.1_clone=GQ03519_B08_cluster=GQ03519_B08_status=complete_gb=BT114668 3386394
.18 GQ03519_B08.1_clone=GQ03519_B08_cluster=GQ03519_B08_status=complete_gb=BT114668 3389646
.64 GQ03811_J09.1_clone=GQ03811_J09_cluster=GQ03811_J09_status=complete_gb=BT117039 3419706
.18 GQ02812_E06.2_clone=GQ02812_E06_cluster=GQ02812_E06_status=complete_gb=BT104591 3396190
.17 GQ02812_E06.2_clone=GQ02812_E06_cluster=GQ02812_E06_status=complete_gb=BT104591 3477566
.35 GQ02812_E06.2_clone=GQ02812_E06_cluster=GQ02812_E06_status=complete_gb=BT104591 3477826
.74 GQ03237_P03.1_clone=GQ03237_P03_cluster=GQ03237_P03_status=complete_gb=BT111461 3477115
.25 GQ03237_P03.1_clone=GQ03237_P03_cluster=GQ03237_P03_status=complete_gb=BT111461 3387254
.28 GQ02808_G03.1_clone=GQ02808_G03_cluster=GQ02808_G03_status=complete_gb=BT104263 3477824
.21 GQ02808_G03.1_clone=GQ02808_G03_cluster=GQ02808_G03_status=complete_gb=BT104263 3383821
.16 GQ02808_G03.1_clone=GQ02808_G03_cluster=GQ02808_G03_status=complete_gb=BT104263 3477824
.51 GQ03102_H10.1_clone=GQ03102_H10_cluster=GQ03102_H10_status=complete_gb=BT107074 3386461
.16 GQ03102_H10.1_clone=GQ03102_H10_cluster=GQ03102_H10_status=complete_gb=BT107074 3420240
.76 GQ03307_E06.1_clone=GQ03307_E06_cluster=GQ03307_E06_status=complete_gb=BT111904 3477732
.12 GQ03307_E06.1_clone=GQ03307_E06_cluster=GQ03307_E06_status=complete_gb=BT111904 1779399
.46 WS0087_O08.1_clone=WS0087_O08_cluster=WS0087_O08_status=complete 2170918
.45 WS0087_O08.1_clone=WS0087_O08_cluster=WS0087_O08_status=complete 459446
.23 GQ03216_B14.1_clone=GQ03216_B14_cluster=GQ03216_B14_status=complete_gb=BT110087 1329757
.18 GQ03216_B14.1_clone=GQ03216_B14_cluster=GQ03216_B14_status=complete_gb=BT110087 3387646
.16 GQ03216_B14.1_clone=GQ03216_B14_cluster=GQ03216_B14_status=complete_gb=BT110087 1154006
.18 GQ03216_B14.1_clone=GQ03216_B14_cluster=GQ03216_B14_status=complete_gb=BT110087 1003875
.17 GQ03216_B14.1_clone=GQ03216_B14_cluster=GQ03216_B14_status=complete_gb=BT110087 3403215
.45 GQ03413_N22.1_clone=GQ03413_N22_cluster=GQ03413_N22_status=complete_gb=BT113574 3390967
.67 GQ04004_C19.1_clone=GQ04004_C19_cluster=GQ04004_C19_status=complete_gb=BT118249 3477722
.19 GQ04004_C19.1_clone=GQ04004_C19_cluster=GQ04004_C19_status=complete_gb=BT118249 3477722
.16 GQ04004_C19.1_clone=GQ04004_C19_cluster=GQ04004_C19_status=complete_gb=BT118249 3387497
.99 GQ02808_C10.1_clone=GQ02808_C10_cluster=GQ02808_C10_status=complete_gb=BT104240 3477805
.67 GQ03216_P14.1_clone=GQ03216_P14_cluster=GQ03216_P14_status=complete_gb=BT110144 3477185
.27 GQ03216_P14.1_clone=GQ03216_P14_cluster=GQ03216_P14_status=complete_gb=BT110144 3434624
.75 GQ03701_N02.1_clone=GQ03701_N02_cluster=GQ03701_N02_status=complete_gb=BT115576 3477636
.24 GQ03701_N02.1_clone=GQ03701_N02_cluster=GQ03701_N02_status=complete_gb=BT115576 3477636
.47 GQ03012_C24.1_clone=GQ03012_C24_cluster=GQ03012_C24_status=complete_gb=BT106849 3403647
.42 GQ03012_C24.1_clone=GQ03012_C24_cluster=GQ03012_C24_status=complete_gb=BT106849 3386206
.80 GQ04108_P01.1_clone=GQ04108_P01_cluster=GQ04108_P01_status=complete_gb=BT119699 3477728
.55 GQ03203_N22.2_clone=GQ03203_N22_cluster=GQ03203_N22_status=complete_gb=BT109025 3477737
.22 GQ03203_N22.2_clone=GQ03203_N22_cluster=GQ03203_N22_status=complete_gb=BT109025 3477737
.22 GQ03307_B20.1_clone=GQ03307_B20_cluster=GQ03307_B20_status=complete_gb=BT111897 3406013
.26 GQ03307_B20.1_clone=GQ03307_B20_cluster=GQ03307_B20_status=complete_gb=BT111897 3438106
.56 GQ02817_I02.1_clone=GQ02817_I02_cluster=GQ02817_I02_status=complete_gb=BT104995 970532
.44 GQ02817_I02.1_clone=GQ02817_I02_cluster=GQ02817_I02_status=complete_gb=BT104995 3421547
.29 GQ02817_I02.1_clone=GQ02817_I02_cluster=GQ02817_I02_status=complete_gb=BT104995 474709
.21 GQ02817_I02.1_clone=GQ02817_I02_cluster=GQ02817_I02_status=complete_gb=BT104995 228110
.25 GQ02817_I02.1_clone=GQ02817_I02_cluster=GQ02817_I02_status=complete_gb=BT104995 3423204
.40 GQ03311_M07.1_clone=GQ03311_M07_cluster=GQ03311_M07_status=complete_gb=BT112196 3388913
.25 GQ03311_M07.1_clone=GQ03311_M07_cluster=GQ03311_M07_status=complete_gb=BT112196 2731159
.82 GQ03917_L22.2_clone=GQ03917_L22_cluster=GQ03917_L22_status=complete_gb=BT117936 3477601
.50 GQ03617_P15.1_clone=GQ03617_P15_cluster=GQ03617_P15_status=complete_gb=BT115497 574626
.48 GQ03617_P15.1_clone=GQ03617_P15_cluster=GQ03617_P15_status=complete_gb=BT115497 3428607
.61 GQ03407_M11.1_clone=GQ03407_M11_cluster=GQ03407_M11_status=complete_gb=BT113424 3477478
.58 GQ03804_I03.2_clone=GQ03804_I03_cluster=GQ03804_I03_status=complete_gb=BT116680 3477792
.13 GQ03804_I03.2_clone=GQ03804_I03_cluster=GQ03804_I03_status=complete_gb=BT116680 3477792
.63 GQ03115_B20.1_clone=GQ03115_B20_cluster=GQ03115_B20_status=complete_gb=BT107961 3477825
.35 GQ03115_B20.1_clone=GQ03115_B20_cluster=GQ03115_B20_status=complete_gb=BT107961 3389121
.28 GQ03105_E21.2_clone=GQ03105_E21_cluster=GQ03105_E21_status=complete_gb=BT107284 3385424
.08 GQ03105_E21.2_clone=GQ03105_E21_cluster=GQ03105_E21_status=complete_gb=BT107284 3398504
.71 GQ03115_D19.1_clone=GQ03115_D19_cluster=GQ03115_D19_status=complete_gb=BT107974 3477767
.87 WS0071_C14.2_clone=WS0071_C14_cluster=WS0071_C14_status=complete 3477604
.26 GQ03206_K14.1_clone=GQ03206_K14_cluster=GQ03206_K14_status=complete_gb=BT109277 3477778
.25 GQ03206_K14.1_clone=GQ03206_K14_cluster=GQ03206_K14_status=complete_gb=BT109277 3477778
.44 GQ03001_E21.1_clone=GQ03001_E21_cluster=GQ03001_E21_status=complete_gb=BT106418 1017400
.36 GQ03001_E21.1_clone=GQ03001_E21_cluster=GQ03001_E21_status=complete_gb=BT106418 697207
.92 GQ03216_L05.1_clone=GQ03216_L05_cluster=GQ03216_L05_status=complete_gb=BT110122 3477793
.99 GQ04101_N06.1_clone=GQ04101_N06_cluster=GQ04101_N06_status=complete_gb=BT119138 3477761
.09 GQ0222_N04.1_clone=GQ0222_N04_cluster=GQ0222_N04_status=complete_gb=BT103273 1588490
.89 GQ0222_N04.1_clone=GQ0222_N04_cluster=GQ0222_N04_status=complete_gb=BT103273 3477501
.83 GQ03617_O22.1_clone=GQ03617_O22_cluster=GQ03617_O22_status=complete_gb=BT115495 3477816
.11 GQ03104_B19.2_clone=GQ03104_B19_cluster=GQ03104_B19_status=complete_gb=BT107194 3419073
.87 GQ03104_B19.2_clone=GQ03104_B19_cluster=GQ03104_B19_status=complete_gb=BT107194 3477358
.54 GQ03709_E22.1_clone=GQ03709_E22_cluster=GQ03709_E22_status=complete_gb=BT115951 3477810
.15 GQ03709_E22.1_clone=GQ03709_E22_cluster=GQ03709_E22_status=complete_gb=BT115951 3473084
.35 GQ04012_P12.1_clone=GQ04012_P12_cluster=GQ04012_P12_status=complete_gb=BT118982 3477731
.13 GQ04012_P12.1_clone=GQ04012_P12_cluster=GQ04012_P12_status=complete_gb=BT118982 3477731
.12 GQ04012_P12.1_clone=GQ04012_P12_cluster=GQ04012_P12_status=complete_gb=BT118982 3401951
.34 GQ02806_A07.1_clone=GQ02806_A07_cluster=GQ02806_A07_status=complete_gb=BT104064 3389920
.40 GQ02806_A07.1_clone=GQ02806_A07_cluster=GQ02806_A07_status=complete_gb=BT104064 3390198
.09 GQ02806_A07.1_clone=GQ02806_A07_cluster=GQ02806_A07_status=complete_gb=BT104064 3386285
.59 GQ03202_J22.1_clone=GQ03202_J22_cluster=GQ03202_J22_status=complete_gb=BT108924 3477132
.77 GQ0196_G04.1_clone=GQ0196_G04_cluster=GQ0196_G04_status=complete_gb=BT102550 3477134
.21 GQ0196_G04.1_clone=GQ0196_G04_cluster=GQ0196_G04_status=complete_gb=BT102550 3384080
.91 GQ03401_G01.1_clone=GQ03401_G01_cluster=GQ03401_G01_status=complete_gb=BT113205 3477718
.31 GQ02768_A08.1_clone=GQ02768_A08_cluster=GQ02768_A08_status=5 3436525
.23 GQ02768_A08.1_clone=GQ02768_A08_cluster=GQ02768_A08_status=5 3477314
.14 GQ02768_A08.1_clone=GQ02768_A08_cluster=GQ02768_A08_status=5 3464114
.10 GQ02768_A08.1_clone=GQ02768_A08_cluster=GQ02768_A08_status=5 1662643
.29 GQ03607_J11.1_clone=GQ03607_J11_cluster=GQ03607_J11_status=complete_gb=BT115030 549394
.22 GQ03607_J11.1_clone=GQ03607_J11_cluster=GQ03607_J11_status=complete_gb=BT115030 818840
.21 GQ03607_J11.1_clone=GQ03607_J11_cluster=GQ03607_J11_status=complete_gb=BT115030 3424610
.21 GQ03607_J11.1_clone=GQ03607_J11_cluster=GQ03607_J11_status=complete_gb=BT115030 804962
.21 GQ03607_J11.1_clone=GQ03607_J11_cluster=GQ03607_J11_status=complete_gb=BT115030 784594
.99 GQ03116_D16.1_clone=GQ03116_D16_cluster=GQ03116_D16_status=complete_gb=BT108042 3477726
.61 GQ03918_P17.2_clone=GQ03918_P17_cluster=GQ03918_P17_status=complete_gb=BT117970 3477177
.32 GQ03918_P17.2_clone=GQ03918_P17_cluster=GQ03918_P17_status=complete_gb=BT117970 3385615
.57 GQ03120_L16.1_clone=GQ03120_L16_cluster=GQ03120_L16_status=complete_gb=BT108359 307219
.41 GQ03120_L16.1_clone=GQ03120_L16_cluster=GQ03120_L16_status=complete_gb=BT108359 1014153
.42 GQ03239_L07.1_clone=GQ03239_L07_cluster=GQ03239_L07_status=complete_gb=BT111576 3385371
.39 GQ03239_L07.1_clone=GQ03239_L07_cluster=GQ03239_L07_status=complete_gb=BT111576 3386782
.29 GQ02812_B05.1_clone=GQ02812_B05_cluster=GQ02812_B05_status=complete_gb=BT104577 3392912
.64 GQ02812_B05.1_clone=GQ02812_B05_cluster=GQ02812_B05_status=complete_gb=BT104577 3477819
.14 GQ0202_J12.1_clone=GQ0202_J12_cluster=GQ0202_J12_status=complete_gb=BT102896 3403106
.82 GQ0202_J12.1_clone=GQ0202_J12_cluster=GQ0202_J12_status=complete_gb=BT102896 3477175
.14 GQ03817_H04.1_clone=GQ03817_H04_cluster=GQ03817_H04_status=complete_gb=BT117337 3386735
.74 GQ03817_H04.1_clone=GQ03817_H04_cluster=GQ03817_H04_status=complete_gb=BT117337 3393180
.36 GQ03112_H13.1_clone=GQ03112_H13_cluster=GQ03112_H13_status=complete_gb=BT107763 3390610
.22 GQ03112_H13.1_clone=GQ03112_H13_cluster=GQ03112_H13_status=complete_gb=BT107763 3426142
.01 GQ03719_P07.1_clone=GQ03719_P07_cluster=GQ03719_P07_status=complete_gb=BT116507 3393639
.41 GQ03719_P07.1_clone=GQ03719_P07_cluster=GQ03719_P07_status=complete_gb=BT116507 3477721
.43 GQ03303_O12.2_clone=GQ03303_O12_cluster=GQ03303_O12_status=complete_gb=BT111811 3477335
.14 GQ03303_O12.2_clone=GQ03303_O12_cluster=GQ03303_O12_status=complete_gb=BT111811 554751
.83 GQ03007_J12.1_clone=GQ03007_J12_cluster=GQ03007_J12_status=complete_gb=BT106668 3477755
.83 GQ03507_N20.1_clone=GQ03507_N20_cluster=GQ03507_N20_status=complete_gb=BT114088 3477836
.38 GQ03904_G22.1_clone=GQ03904_G22_cluster=GQ03904_G22_status=complete_gb=BT117588 3389978
.32 GQ03904_G22.1_clone=GQ03904_G22_cluster=GQ03904_G22_status=complete_gb=BT117588 1248558
.19 GQ03904_G22.1_clone=GQ03904_G22_cluster=GQ03904_G22_status=complete_gb=BT117588 3443395
.21 GQ03904_G22.1_clone=GQ03904_G22_cluster=GQ03904_G22_status=complete_gb=BT117588 3437802
.16 GQ03904_G22.1_clone=GQ03904_G22_cluster=GQ03904_G22_status=complete_gb=BT117588 3457106
.79 GQ0064_I02.2_clone=GQ0064_I02_cluster=GQ0064_I02_status=complete_gb=BT101020 3385478
.91 GQ02823_L03.1_clone=GQ02823_L03_cluster=GQ02823_L03_status=complete_gb=BT105523 3477815
.23 GQ04103_B18.1_clone=GQ04103_B18_cluster=GQ04103_B18_status=complete_gb=BT119244 3413877
.24 GQ04103_B18.1_clone=GQ04103_B18_cluster=GQ04103_B18_status=complete_gb=BT119244 480452
.50 GQ03712_N19.4_clone=GQ03712_N19_cluster=GQ03712_N19_status=53 3477532
.23 GQ03712_N19.4_clone=GQ03712_N19_cluster=GQ03712_N19_status=53 3477562
.64 GQ0202_J11.1_clone=GQ0202_J11_cluster=GQ0202_J11_status=complete_gb=BT102895 3477807
.35 GQ0202_J11.1_clone=GQ0202_J11_cluster=GQ0202_J11_status=complete_gb=BT102895 3477807
.19 GQ0171_J09.1_clone=GQ0171_J09_cluster=GQ0171_J09_status=complete_gb=BT102236 3384249
.10 GQ04104_N19.1_clone=GQ04104_N19_cluster=GQ04104_N19_status=complete_gb=BT119378 3420602
.23 GQ04104_N19.1_clone=GQ04104_N19_cluster=GQ04104_N19_status=complete_gb=BT119378 3415452
.84 GQ03704_B07.1_clone=GQ03704_B07_cluster=GQ03704_B07_status=complete_gb=BT115668 3394649
.59 GQ04006_F14.1_clone=GQ04006_F14_cluster=GQ04006_F14_status=complete_gb=BT118434 3383700
.49 GQ03121_K23.1_clone=GQ03121_K23_cluster=GQ03121_K23_status=complete_gb=BT108429 3477496
.14 GQ03121_K23.1_clone=GQ03121_K23_cluster=GQ03121_K23_status=complete_gb=BT108429 3440124
.11 GQ03121_K23.1_clone=GQ03121_K23_cluster=GQ03121_K23_status=complete_gb=BT108429 1092997
.10 GQ03121_K23.1_clone=GQ03121_K23_cluster=GQ03121_K23_status=complete_gb=BT108429 1184572
.03 GQ03121_K23.1_clone=GQ03121_K23_cluster=GQ03121_K23_status=complete_gb=BT108429 1092997
.48 GQ03417_E02.4_clone=GQ03417_E02_cluster=GQ03417_E02_status=53 3383813
.44 GQ03417_E02.4_clone=GQ03417_E02_cluster=GQ03417_E02_status=53 3383813
.11 GQ03201_K13.1_clone=GQ03201_K13_cluster=GQ03201_K13_status=complete_gb=BT108841 2042624
.12 GQ03201_K13.1_clone=GQ03201_K13_cluster=GQ03201_K13_status=complete_gb=BT108841 3477433
.61 GQ02808_N20.3_clone=GQ02808_N20_cluster=GQ02808_N20_status=complete_gb=BT104315 3424803
.14 GQ02808_N20.3_clone=GQ02808_N20_cluster=GQ02808_N20_status=complete_gb=BT104315 774470
.81 GQ02804_G04.1_clone=GQ02804_G04_cluster=GQ02804_G04_status=complete_gb=BT103936 3477744
.32 GQ03807_I03.1_clone=GQ03807_I03_cluster=GQ03807_I03_status=complete_gb=BT116831 3385626
.78 GQ02801_D20.1_clone=GQ02801_D20_cluster=GQ02801_D20_status=complete_gb=BT103726 3477254
.46 GQ03713_E10.1_clone=GQ03713_E10_cluster=GQ03713_E10_status=complete_gb=BT116188 3477701
.39 GQ03713_E10.1_clone=GQ03713_E10_cluster=GQ03713_E10_status=complete_gb=BT116188 3477701
.30 GQ02772_C11.2_clone=GQ02772_C11_cluster=GQ02772_C11_status=5 3387605
.67 GQ03208_F21.1_clone=GQ03208_F21_cluster=GQ03208_F21_status=complete_gb=BT109438 3389145
.31 GQ03208_F21.1_clone=GQ03208_F21_cluster=GQ03208_F21_status=complete_gb=BT109438 704698
.39 GQ03908_D21.1_clone=GQ03908_D21_cluster=GQ03908_D21_status=complete_gb=BT117705 3477716
.16 GQ03908_D21.1_clone=GQ03908_D21_cluster=GQ03908_D21_status=complete_gb=BT117705 3389598
.33 GQ03712_F10.1_clone=GQ03712_F10_cluster=GQ03712_F10_status=complete_gb=BT116130 3477708
.24 GQ03712_F10.1_clone=GQ03712_F10_cluster=GQ03712_F10_status=complete_gb=BT116130 3388903
.18 GQ03712_F10.1_clone=GQ03712_F10_cluster=GQ03712_F10_status=complete_gb=BT116130 3477708
.07 GQ04002_D17.1_clone=GQ04002_D17_cluster=GQ04002_D17_status=complete_gb=BT118089 3442457
.82 GQ04002_D17.1_clone=GQ04002_D17_cluster=GQ04002_D17_status=complete_gb=BT118089 3477754
.22 GQ03321_F09.1_clone=GQ03321_F09_cluster=GQ03321_F09_status=complete_gb=BT112821 1842433
.18 GQ03321_F09.1_clone=GQ03321_F09_cluster=GQ03321_F09_status=complete_gb=BT112821 774829
.12 GQ03321_F09.1_clone=GQ03321_F09_cluster=GQ03321_F09_status=complete_gb=BT112821 890655
.04 GQ03321_F09.1_clone=GQ03321_F09_cluster=GQ03321_F09_status=complete_gb=BT112821 361771
.05 GQ03321_F09.1_clone=GQ03321_F09_cluster=GQ03321_F09_status=complete_gb=BT112821 3384842
.41 GQ03713_I20.1_clone=GQ03713_I20_cluster=GQ03713_I20_status=complete_gb=BT116201 3403962
.43 GQ03713_I20.1_clone=GQ03713_I20_cluster=GQ03713_I20_status=complete_gb=BT116201 497579
.31 GQ03709_P06.1_clone=GQ03709_P06_cluster=GQ03709_P06_status=complete_gb=BT115988 3386939
.44 GQ02902_E23.1_clone=GQ02902_E23_cluster=GQ02902_E23_status=complete_gb=BT106065 3477536
.32 GQ02902_E23.1_clone=GQ02902_E23_cluster=GQ02902_E23_status=complete_gb=BT106065 3441360
.05 GQ02902_E23.1_clone=GQ02902_E23_cluster=GQ02902_E23_status=complete_gb=BT106065 1099645
.99 GQ02814_N07.2_clone=GQ02814_N07_cluster=GQ02814_N07_status=complete_gb=BT104777 3477821
.12 GQ03308_G14.1_clone=GQ03308_G14_cluster=GQ03308_G14_status=complete_gb=BT111976 1240289
.65 GQ03308_G14.1_clone=GQ03308_G14_cluster=GQ03308_G14_status=complete_gb=BT111976 3411273
.61 GQ0043_L21.1_clone=GQ0043_L21_cluster=GQ0043_L21_status=complete_gb=BT100780 3386072
.83 GQ03111_L01.1_clone=GQ03111_L01_cluster=GQ03111_L01_status=complete_gb=BT107704 3477769
.63 GQ03216_D18.1_clone=GQ03216_D18_cluster=GQ03216_D18_status=complete_gb=BT110094 3477596
.12 GQ03216_D18.1_clone=GQ03216_D18_cluster=GQ03216_D18_status=complete_gb=BT110094 1410016
.34 GQ03715_J22.1_clone=GQ03715_J22_cluster=GQ03715_J22_status=complete_gb=BT116299 3385837
.45 GQ03715_J22.1_clone=GQ03715_J22_cluster=GQ03715_J22_status=complete_gb=BT116299 3409269
.50 GQ0191_B10.1_clone=GQ0191_B10_cluster=GQ0191_B10_status=complete_gb=BT102397 3384215
.35 GQ03606_L11.1_clone=GQ03606_L11_cluster=GQ03606_L11_status=complete_gb=BT114992 3477818
.32 GQ03606_L11.1_clone=GQ03606_L11_cluster=GQ03606_L11_status=complete_gb=BT114992 3477818
.86 GQ02760_G09.1_clone=GQ02760_G09_cluster=GQ02760_G09_status=5 3477787
.21 GQ0069_E04.1_clone=GQ0069_E04_cluster=GQ0069_E04_status=complete_gb=BT101153 3445935
.28 GQ0069_E04.1_clone=GQ0069_E04_cluster=GQ0069_E04_status=complete_gb=BT101153 1554480
.75 GQ02830_J15.1_clone=GQ02830_J15_cluster=GQ02830_J15_status=complete_gb=BT105966 3477830
.42 GQ0072_O04.1_clone=GQ0072_O04_cluster=GQ0072_O04_status=complete_gb=BT101204 643115
.50 GQ0072_O04.1_clone=GQ0072_O04_cluster=GQ0072_O04_status=complete_gb=BT101204 3477198
.60 GQ03116_H14.3_clone=GQ03116_H14_cluster=GQ03116_H14_status=53 3477768
.75 GQ02904_J21.1_clone=GQ02904_J21_cluster=GQ02904_J21_status=complete_gb=BT106187 3477795
.11 GQ02904_J21.1_clone=GQ02904_J21_cluster=GQ02904_J21_status=complete_gb=BT106187 1269148
.02 GQ03611_I12.1_clone=GQ03611_I12_cluster=GQ03611_I12_status=complete_gb=BT115209 2392951
.88 GQ03611_I12.1_clone=GQ03611_I12_cluster=GQ03611_I12_status=complete_gb=BT115209 3477752
.45 GQ02821_E10.1_clone=GQ02821_E10_cluster=GQ02821_E10_status=complete_gb=BT105351 3477820
.14 GQ02821_E10.1_clone=GQ02821_E10_cluster=GQ02821_E10_status=complete_gb=BT105351 3386428
.69 GQ03613_F23.1_clone=GQ03613_F23_cluster=GQ03613_F23_status=complete_gb=BT115284 3387235
.87 GQ03419_J03.4_clone=GQ03419_J03_cluster=GQ03419_J03_status=complete_gb=BT113758 3477770
.54 GQ03808_H20.1_clone=GQ03808_H20_cluster=GQ03808_H20_status=complete_gb=BT116878 3477652
.21 GQ03808_H20.1_clone=GQ03808_H20_cluster=GQ03808_H20_status=complete_gb=BT116878 3402938
.16 GQ03808_H20.1_clone=GQ03808_H20_cluster=GQ03808_H20_status=complete_gb=BT116878 3384467
.19 GQ03113_G17.1_clone=GQ03113_G17_cluster=GQ03113_G17_status=complete_gb=BT107846 1244898
.65 GQ03113_G17.1_clone=GQ03113_G17_cluster=GQ03113_G17_status=complete_gb=BT107846 3477829
.12 GQ03109_J16.1_clone=GQ03109_J16_cluster=GQ03109_J16_status=complete_gb=BT107578 327651
.87 GQ03109_J16.1_clone=GQ03109_J16_cluster=GQ03109_J16_status=complete_gb=BT107578 3477400
.71 GQ03615_E04.1_clone=GQ03615_E04_cluster=GQ03615_E04_status=complete_gb=BT115378 3477766
.77 GQ03312_C15.2_clone=GQ03312_C15_cluster=GQ03312_C15_status=complete_gb=BT112217 3477809
.19 GQ04107_E16.1_clone=GQ04107_E16_cluster=GQ04107_E16_status=complete_gb=BT119568 1318605
.22 GQ04107_E16.1_clone=GQ04107_E16_cluster=GQ04107_E16_status=complete_gb=BT119568 865503
.08 GQ04109_P23.1_clone=GQ04109_P23_cluster=GQ04109_P23_status=complete_gb=BT119784 3390541
.85 GQ04109_P23.1_clone=GQ04109_P23_cluster=GQ04109_P23_status=complete_gb=BT119784 3384079
.89 GQ03204_D06.1_clone=GQ03204_D06_cluster=GQ03204_D06_status=complete_gb=BT109059 3477762
.30 GQ03101_J21.1_clone=GQ03101_J21_cluster=GQ03101_J21_status=complete_gb=BT106992 3431458
.30 GQ03101_J21.1_clone=GQ03101_J21_cluster=GQ03101_J21_status=complete_gb=BT106992 874263
.22 GQ03122_L20.1_clone=GQ03122_L20_cluster=GQ03122_L20_status=complete_gb=BT108493 3454709
.15 GQ03122_L20.1_clone=GQ03122_L20_cluster=GQ03122_L20_status=complete_gb=BT108493 1281009
.67 GQ03120_B17.1_clone=GQ03120_B17_cluster=GQ03120_B17_status=complete_gb=BT108323 3477531
.16 GQ03120_B17.1_clone=GQ03120_B17_cluster=GQ03120_B17_status=complete_gb=BT108323 842514
.35 GQ03906_H03.1_clone=GQ03906_H03_cluster=GQ03906_H03_status=complete_gb=BT117653 3477785
.21 GQ03906_H03.1_clone=GQ03906_H03_cluster=GQ03906_H03_status=complete_gb=BT117653 3477785
.20 GQ03906_H03.1_clone=GQ03906_H03_cluster=GQ03906_H03_status=complete_gb=BT117653 3385318
.45 GQ03805_I10.1_clone=GQ03805_I10_cluster=GQ03805_I10_status=complete_gb=BT116724 3468619
.34 GQ03805_I10.1_clone=GQ03805_I10_cluster=GQ03805_I10_status=complete_gb=BT116724 3447826
.26 GQ03805_I10.1_clone=GQ03805_I10_cluster=GQ03805_I10_status=complete_gb=BT116724 3385359
.19 GQ03805_I10.1_clone=GQ03805_I10_cluster=GQ03805_I10_status=complete_gb=BT116724 3388930
.82 GQ03302_C11.1_clone=GQ03302_C11_cluster=GQ03302_C11_status=complete_gb=BT111681 3477758
.99 GQ01301_D21.1_clone=GQ01301_D21_cluster=GQ01301_D21_status=complete_gb=BT101286 3477817
.96 GQ04102_J17.1_clone=GQ04102_J17_cluster=GQ04102_J17_status=complete_gb=BT119193 3477823
.92 GQ03207_L01.1_clone=GQ03207_L01_cluster=GQ03207_L01_status=complete_gb=BT109371 3477794
.86 WS03220_E12.1_clone=WS03220_E12_cluster=WS03220_E12_status=3 3477600
.44 GQ0253_D03.1_clone=GQ0253_D03_cluster=GQ0253_D03_status=complete_gb=BT103446 453470
.31 GQ0253_D03.1_clone=GQ0253_D03_cluster=GQ0253_D03_status=complete_gb=BT103446 3383436
.23 GQ02810_A02.1_clone=GQ02810_A02_cluster=GQ02810_A02_status=complete_gb=BT104400 226026
.54 GQ02810_A02.1_clone=GQ02810_A02_cluster=GQ02810_A02_status=complete_gb=BT104400 3384010
.48 GQ03303_M05.1_clone=GQ03303_M05_cluster=GQ03303_M05_status=complete_gb=BT111795 3477834
.17 GQ03303_M05.1_clone=GQ03303_M05_cluster=GQ03303_M05_status=complete_gb=BT111795 3477834
.40 GQ03405_J19.2_clone=GQ03405_J19_cluster=GQ03405_J19_status=complete_gb=BT113344 3386753
.25 GQ03405_J19.2_clone=GQ03405_J19_cluster=GQ03405_J19_status=complete_gb=BT113344 3449186
.43 GQ03809_K15.1_clone=GQ03809_K15_cluster=GQ03809_K15_status=complete_gb=BT116931 3477423
.21 GQ03809_K15.1_clone=GQ03809_K15_cluster=GQ03809_K15_status=complete_gb=BT116931 357469
.10 GQ03809_K15.1_clone=GQ03809_K15_cluster=GQ03809_K15_status=complete_gb=BT116931 3399407
.40 GQ03717_L08.1_clone=GQ03717_L08_cluster=GQ03717_L08_status=complete_gb=BT116381 1411594
.42 GQ03717_L08.1_clone=GQ03717_L08_cluster=GQ03717_L08_status=complete_gb=BT116381 3408766
.36 GQ03717_L08.1_clone=GQ03717_L08_cluster=GQ03717_L08_status=complete_gb=BT116381 1676837
.21 GQ03717_L08.1_clone=GQ03717_L08_cluster=GQ03717_L08_status=complete_gb=BT116381 1254211
.21 GQ03717_L08.1_clone=GQ03717_L08_cluster=GQ03717_L08_status=complete_gb=BT116381 342215
.24 GQ03219_H06.1_clone=GQ03219_H06_cluster=GQ03219_H06_status=complete_gb=BT110297 433467
.31 GQ03219_H06.1_clone=GQ03219_H06_cluster=GQ03219_H06_status=complete_gb=BT110297 3399567
.29 GQ04111_J03.1_clone=GQ04111_J03_cluster=GQ04111_J03_status=complete_gb=BT119875 3477788
.41 GQ04111_J03.1_clone=GQ04111_J03_cluster=GQ04111_J03_status=complete_gb=BT119875 3477788
.36 GQ03809_O17.1_clone=GQ03809_O17_cluster=GQ03809_O17_status=complete_gb=BT116941 3392201
.14 GQ03809_O17.1_clone=GQ03809_O17_cluster=GQ03809_O17_status=complete_gb=BT116941 859031
.04 GQ03809_O17.1_clone=GQ03809_O17_cluster=GQ03809_O17_status=complete_gb=BT116941 3384917
.73 GQ03234_L09.1_clone=GQ03234_L09_cluster=GQ03234_L09_status=complete_gb=BT111240 3477811
.43 GQ03221_D07.1_clone=GQ03221_D07_cluster=GQ03221_D07_status=complete_gb=BT110399 3387691
.17 GQ03221_D07.1_clone=GQ03221_D07_cluster=GQ03221_D07_status=complete_gb=BT110399 3404024
.99 GQ04003_E03.1_clone=GQ04003_E03_cluster=GQ04003_E03_status=complete_gb=BT118175 3477577
.38 GQ03303_E02.2_clone=GQ03303_E02_cluster=GQ03303_E02_status=complete_gb=BT111758 3477359
.26 GQ03303_E02.2_clone=GQ03303_E02_cluster=GQ03303_E02_status=complete_gb=BT111758 3407062
.71 GQ03308_I07.1_clone=GQ03308_I07_cluster=GQ03308_I07_status=complete_gb=BT111987 3477228
.27 GQ03308_I07.1_clone=GQ03308_I07_cluster=GQ03308_I07_status=complete_gb=BT111987 3388154
.20 GQ03108_I05.1_clone=GQ03108_I05_cluster=GQ03108_I05_status=complete_gb=BT107508 3388693
.64 GQ03108_I05.1_clone=GQ03108_I05_cluster=GQ03108_I05_status=complete_gb=BT107508 3385227
.75 GQ04103_K21.2_clone=GQ04103_K21_cluster=GQ04103_K21_status=complete_gb=BT119285 3477269
.25 GQ01301_F05.2_clone=GQ01301_F05_cluster=GQ01301_F05_status=complete_gb=BT101297 494707
.68 GQ01301_F05.2_clone=GQ01301_F05_cluster=GQ01301_F05_status=complete_gb=BT101297 3387026
.44 GQ03314_H20.1_clone=GQ03314_H20_cluster=GQ03314_H20_status=complete_gb=BT112397 3477114
.24 GQ0131_I18.1_clone=GQ0131_I18_cluster=GQ0131_I18_status=complete_gb=BT101838 3386198
.43 GQ0131_I18.1_clone=GQ0131_I18_cluster=GQ0131_I18_status=complete_gb=BT101838 3477308
.38 GQ04006_M12.1_clone=GQ04006_M12_cluster=GQ04006_M12_status=complete_gb=BT118479 3477579
.33 GQ04006_M12.1_clone=GQ04006_M12_cluster=GQ04006_M12_status=complete_gb=BT118479 3477308
.51 GQ03013_G13.1_clone=GQ03013_G13_cluster=GQ03013_G13_status=complete_gb=BT106909 3477384
.54 GQ0162_D06.2_clone=GQ0162_D06_cluster=GQ0162_D06_status=3 851978
.19 GQ0162_D06.2_clone=GQ0162_D06_cluster=GQ0162_D06_status=3 754559
.26 GQ02806_P08.1_clone=GQ02806_P08_cluster=GQ02806_P08_status=complete_gb=BT104147 137631
.19 GQ02806_P08.1_clone=GQ02806_P08_cluster=GQ02806_P08_status=complete_gb=BT104147 2340913
.64 GQ04106_J07.1_clone=GQ04106_J07_cluster=GQ04106_J07_status=complete_gb=BT119512 3477471
.35 GQ04106_J07.1_clone=GQ04106_J07_cluster=GQ04106_J07_status=complete_gb=BT119512 3384840
.44 WS00734_J24.1_clone=WS00734_J24_cluster=WS00734_J24_status=3 3388210
.18 WS00734_J24.1_clone=WS00734_J24_cluster=WS00734_J24_status=3 3431113
.18 WS00734_J24.1_clone=WS00734_J24_cluster=WS00734_J24_status=3 1083779
.16 WS00734_J24.1_clone=WS00734_J24_cluster=WS00734_J24_status=3 3432352
.13 WS00734_J24.1_clone=WS00734_J24_cluster=WS00734_J24_status=3 3402976
.20 GQ03903_P16.1_clone=GQ03903_P16_cluster=GQ03903_P16_status=complete_gb=BT117573 1322440
.24 GQ03903_P16.1_clone=GQ03903_P16_cluster=GQ03903_P16_status=complete_gb=BT117573 3387721
.21 GQ02805_M23.1_clone=GQ02805_M23_cluster=GQ02805_M23_status=complete_gb=BT104041 522834
.36 GQ02805_M23.1_clone=GQ02805_M23_cluster=GQ02805_M23_status=complete_gb=BT104041 3419888
.19 GQ03105_H18.1_clone=GQ03105_H18_cluster=GQ03105_H18_status=complete_gb=BT107301 622176
.28 GQ03105_H18.1_clone=GQ03105_H18_cluster=GQ03105_H18_status=complete_gb=BT107301 491137
.30 WS03218_A04.1_clone=WS03218_A04_cluster=WS03218_A04_status=3 3421489
.52 WS03218_A04.1_clone=WS03218_A04_cluster=WS03218_A04_status=3 3405703
.45 GQ03807_K02.1_clone=GQ03807_K02_cluster=GQ03807_K02_status=complete_gb=BT116840 3477488
.20 GQ03807_K02.1_clone=GQ03807_K02_cluster=GQ03807_K02_status=complete_gb=BT116840 3419805
.94 GQ03611_D06.1_clone=GQ03611_D06_cluster=GQ03611_D06_status=complete_gb=BT115197 3477786
.65 GQ02818_B23.1_clone=GQ02818_B23_cluster=GQ02818_B23_status=complete_gb=BT105055 3477599
.33 GQ02818_B23.1_clone=GQ02818_B23_cluster=GQ02818_B23_status=complete_gb=BT105055 930276
.80 GQ03602_P21.1_clone=GQ03602_P21_cluster=GQ03602_P21_status=complete_gb=BT114823 3477756
.44 GQ03205_A18.1_clone=GQ03205_A18_cluster=GQ03205_A18_status=complete_gb=BT109136 666891
.35 GQ03205_A18.1_clone=GQ03205_A18_cluster=GQ03205_A18_status=complete_gb=BT109136 834622
.36 GQ03205_A18.1_clone=GQ03205_A18_cluster=GQ03205_A18_status=complete_gb=BT109136 3391768
.35 GQ03205_A18.1_clone=GQ03205_A18_cluster=GQ03205_A18_status=complete_gb=BT109136 668821
.31 GQ03205_A18.1_clone=GQ03205_A18_cluster=GQ03205_A18_status=complete_gb=BT109136 962234
.22 GQ02824_H20.1_clone=GQ02824_H20_cluster=GQ02824_H20_status=complete_gb=BT105565 712166
.76 GQ02824_H20.1_clone=GQ02824_H20_cluster=GQ02824_H20_status=complete_gb=BT105565 3384189
.60 GQ04113_B05.4_clone=GQ04113_B05_cluster=GQ04113_B05_status=53 3477643
.27 GQ04113_B05.4_clone=GQ04113_B05_cluster=GQ04113_B05_status=53 3477734
.74 GQ03812_C09.2_clone=GQ03812_C09_cluster=GQ03812_C09_status=complete_gb=BT117065 3387791
.43 GQ04107_M12.1_clone=GQ04107_M12_cluster=GQ04107_M12_status=complete_gb=BT119611 3477720
.81 GQ03811_F01.1_clone=GQ03811_F01_cluster=GQ03811_F01_status=complete_gb=BT117026 3477798
.64 GQ04003_I02.1_clone=GQ04003_I02_cluster=GQ04003_I02_status=complete_gb=BT118199 3386286
.34 GQ04003_I02.1_clone=GQ04003_I02_cluster=GQ04003_I02_status=complete_gb=BT118199 3392165
.65 GQ02810_H11.1_clone=GQ02810_H11_cluster=GQ02810_H11_status=complete_gb=BT104444 3477267
.29 GQ02810_H11.1_clone=GQ02810_H11_cluster=GQ02810_H11_status=complete_gb=BT104444 3410225
.98 WS00742_L15.1_clone=WS00742_L15_cluster=WS00742_L15_status=3 3477725
.37 GQ02809_C06.1_clone=GQ02809_C06_cluster=GQ02809_C06_status=complete_gb=BT104336 696357
.23 GQ02904_K21.2_clone=GQ02904_K21_cluster=GQ02904_K21_status=complete_gb=BT106189 3384721
.16 GQ02904_K21.2_clone=GQ02904_K21_cluster=GQ02904_K21_status=complete_gb=BT106189 3446396
.06 GQ02904_K21.2_clone=GQ02904_K21_cluster=GQ02904_K21_status=complete_gb=BT106189 1182315
.01 GQ02904_K21.2_clone=GQ02904_K21_cluster=GQ02904_K21_status=complete_gb=BT106189 1306666
.31 GQ04001_G18.2_clone=GQ04001_G18_cluster=GQ04001_G18_status=complete_gb=BT118034 3391190
.01 GQ04001_G18.2_clone=GQ04001_G18_cluster=GQ04001_G18_status=complete_gb=BT118034 3388126
.50 GQ04009_G22.1_clone=GQ04009_G22_cluster=GQ04009_G22_status=complete_gb=BT118709 3385593
.29 GQ03218_E17.1_clone=GQ03218_E17_cluster=GQ03218_E17_status=complete_gb=BT110216 3477680
.27 GQ03218_E17.1_clone=GQ03218_E17_cluster=GQ03218_E17_status=complete_gb=BT110216 3403128
.35 GQ03112_I01.2_clone=GQ03112_I01_cluster=GQ03112_I01_status=complete_gb=BT107767 3477831
.21 GQ03112_I01.2_clone=GQ03112_I01_cluster=GQ03112_I01_status=complete_gb=BT107767 1539161
.15 GQ03112_I01.2_clone=GQ03112_I01_cluster=GQ03112_I01_status=complete_gb=BT107767 3389819
.36 GQ03712_B02.1_clone=GQ03712_B02_cluster=GQ03712_B02_status=complete_gb=BT116114 3420492
.26 GQ03712_B02.1_clone=GQ03712_B02_cluster=GQ03712_B02_status=complete_gb=BT116114 3432105
.38 GQ03006_K15.1_clone=GQ03006_K15_cluster=GQ03006_K15_status=complete_gb=BT106620 3392469
.31 GQ03006_K15.1_clone=GQ03006_K15_cluster=GQ03006_K15_status=complete_gb=BT106620 3384789
.30 GQ04001_J17.1_clone=GQ04001_J17_cluster=GQ04001_J17_status=complete_gb=BT118047 598904
.61 GQ04001_J17.1_clone=GQ04001_J17_cluster=GQ04001_J17_status=complete_gb=BT118047 3386153
.49 GQ03324_L04.1_clone=GQ03324_L04_cluster=GQ03324_L04_status=complete_gb=BT113027 3477780
.15 GQ03324_L04.1_clone=GQ03324_L04_cluster=GQ03324_L04_status=complete_gb=BT113027 3477780
.48 GQ03212_D12.2_clone=GQ03212_D12_cluster=GQ03212_D12_status=53 3477784
.19 GQ03212_D12.2_clone=GQ03212_D12_cluster=GQ03212_D12_status=53 3477784
.44 GQ02010_N21.1_clone=GQ02010_N21_cluster=GQ02010_N21_status=complete_gb=BT102675 3386771
.51 GQ02010_N21.1_clone=GQ02010_N21_cluster=GQ02010_N21_status=complete_gb=BT102675 3384531
.98 WS03212_P20.1_clone=WS03212_P20_cluster=WS03212_P20_status=3 3390369
.99 WS03212_P20.1_clone=WS03212_P20_cluster=WS03212_P20_status=3 3419043
.31 GQ0067_K11.1_clone=GQ0067_K11_cluster=GQ0067_K11_status=complete_gb=BT101105 3477801
.15 GQ0067_K11.1_clone=GQ0067_K11_cluster=GQ0067_K11_status=complete_gb=BT101105 3436296
.10 GQ0067_K11.1_clone=GQ0067_K11_cluster=GQ0067_K11_status=complete_gb=BT101105 3477801
