.50 maker-168323762-augustus-gene-0.22-mRNA-1 8169035
.27 maker-168323762-augustus-gene-0.22-mRNA-1 7975076
.20 maker-168323762-augustus-gene-0.22-mRNA-1 8168887
.42 snap_masked-168367627-processed-gene-0.13-mRNA-1 6597290
.50 snap_masked-168367627-processed-gene-0.13-mRNA-1 5938458
.42 maker-167918016-snap-gene-0.28-mRNA-1 4248812
.46 maker-167918016-snap-gene-0.28-mRNA-1 4096448
.32 maker-167918016-snap-gene-0.28-mRNA-1 4975678
.27 maker-167918016-snap-gene-0.28-mRNA-1 4164690
.27 maker-167918016-snap-gene-0.28-mRNA-1 3842696
.27 augustus_masked-168566423-processed-gene-0.10-mRNA-1 7970225
.01 augustus_masked-168566423-processed-gene-0.10-mRNA-1 8001405
.22 maker-168285547-augustus-gene-0.45-mRNA-1 7971322
.16 maker-168285547-augustus-gene-0.45-mRNA-1 1474374
.15 maker-168285547-augustus-gene-0.45-mRNA-1 1968342
.47 augustus_masked-168539129-processed-gene-0.0-mRNA-1 4232295
.48 augustus_masked-168539129-processed-gene-0.0-mRNA-1 7974491
.40 maker-168438990-snap-gene-0.53-mRNA-1 8169221
.29 maker-165664603-augustus-gene-0.3-mRNA-1 7986160
.63 maker-165664603-augustus-gene-0.3-mRNA-1 8169229
.61 maker-167841348-augustus-gene-0.96-mRNA-1 8080576
.24 maker-167841348-augustus-gene-0.96-mRNA-1 7985076
.24 maker-167841348-augustus-gene-0.96-mRNA-1 7975009
.02 maker-167841348-augustus-gene-0.96-mRNA-1 705644
.42 augustus_masked-162386777-processed-gene-0.1-mRNA-1 8052743
.16 augustus_masked-162386777-processed-gene-0.1-mRNA-1 3979641
.28 snap_masked-168567844-processed-gene-0.67-mRNA-1 7996602
.25 snap_masked-168567844-processed-gene-0.67-mRNA-1 7981327
.22 augustus_masked-162442548-processed-gene-0.0-mRNA-1 8012059
.56 augustus_masked-162442548-processed-gene-0.0-mRNA-1 7972558
.86 augustus_masked-168330649-processed-gene-0.13-mRNA-1 8169202
.05 augustus_masked-168330649-processed-gene-0.13-mRNA-1 5004976
.50 maker-168559804-snap-gene-0.26-mRNA-1 8169220
.45 maker-168559804-snap-gene-0.26-mRNA-1 8169220
.22 maker-168574494-augustus-gene-2.68-mRNA-1 2169638
.33 maker-168574494-augustus-gene-2.68-mRNA-1 1082230
.47 maker-168519505-augustus-gene-0.10-mRNA-1 8169238
.78 augustus_masked-168266096-processed-gene-0.2-mRNA-1 7986031
.76 augustus_masked-160376245-processed-gene-0.0-mRNA-1 7996675
.19 augustus_masked-160376245-processed-gene-0.0-mRNA-1 7993972
.75 augustus_masked-168502990-processed-gene-0.2-mRNA-1 8169248
.13 augustus_masked-168502990-processed-gene-0.2-mRNA-1 2198488
.18 maker-168458578-augustus-gene-0.22-mRNA-1 7977068
.27 maker-168458578-augustus-gene-0.22-mRNA-1 1302424
.43 snap_masked-168187158-processed-gene-0.13-mRNA-1 4430752
.35 snap_masked-168187158-processed-gene-0.13-mRNA-1 6710812
.46 maker-168547101-augustus-gene-0.22-mRNA-1 7987479
.38 maker-168547101-augustus-gene-0.22-mRNA-1 1167533
.42 snap_masked-168485511-processed-gene-0.24-mRNA-1 3314107
.28 snap_masked-168485511-processed-gene-0.24-mRNA-1 8098198
.15 maker-167243602-snap-gene-0.7-mRNA-1 5684692
.48 maker-167243602-snap-gene-0.7-mRNA-1 8169011
.46 maker-168264348-augustus-gene-0.18-mRNA-1 8169086
.31 maker-168264348-augustus-gene-0.18-mRNA-1 7985228
.25 maker-168264348-augustus-gene-0.18-mRNA-1 7971055
.38 maker-168568719-augustus-gene-1.80-mRNA-1 8039273
.37 maker-168540564-augustus-gene-0.56-mRNA-1 7986999
.66 maker-168271428-augustus-gene-0.29-mRNA-1 8169234
.16 maker-168271428-augustus-gene-0.29-mRNA-1 8037544
.28 augustus_masked-168113971-processed-gene-0.1-mRNA-1 6107345
.23 augustus_masked-168113971-processed-gene-0.1-mRNA-1 7842045
.22 genemark-168353885-processed-gene-0.5-mRNA-1 8074311
.54 maker-165399557-snap-gene-0.3-mRNA-1 57532
.23 maker-165399557-snap-gene-0.3-mRNA-1 2022708
.23 maker-165399557-snap-gene-0.3-mRNA-1 2181472
.23 maker-165399557-snap-gene-0.3-mRNA-1 3742649
.22 maker-165399557-snap-gene-0.3-mRNA-1 57753
.47 maker-167719023-snap-gene-0.6-mRNA-2 4501655
.45 maker-167719023-snap-gene-0.6-mRNA-2 2329238
.39 augustus_masked-168283789-processed-gene-0.0-mRNA-1 8159721
.60 augustus_masked-168283789-processed-gene-0.0-mRNA-1 2349555
.88 maker-167943863-snap-gene-0.44-mRNA-1 7982952
.10 maker-167943863-snap-gene-0.44-mRNA-1 8066026
.45 augustus_masked-168482574-processed-gene-0.0-mRNA-1 8169226
.12 genemark-168520568-processed-gene-0.4-mRNA-1 4151529
.83 genemark-168520568-processed-gene-0.4-mRNA-1 7981167
.36 snap_masked-168185537-processed-gene-0.5-mRNA-1 7975747
.26 snap_masked-168185537-processed-gene-0.5-mRNA-1 1411379
.09 snap_masked-168185537-processed-gene-0.5-mRNA-1 2882777
.55 augustus_masked-168502987-processed-gene-0.7-mRNA-1 8169058
.72 genemark-168512774-processed-gene-0.22-mRNA-1 7982550
.17 genemark-168512774-processed-gene-0.22-mRNA-1 4638447
.59 maker-167800852-snap-gene-0.28-mRNA-1 8168975
.19 maker-167800852-snap-gene-0.28-mRNA-1 7793089
.66 augustus_masked-168462503-processed-gene-0.1-mRNA-1 7981221
.33 augustus_masked-168462503-processed-gene-0.1-mRNA-1 7975617
.99 maker-168494764-snap-gene-0.87-mRNA-2 8169213
.28 augustus_masked-168574675-processed-gene-0.7-mRNA-1 4772747
.46 augustus_masked-168574675-processed-gene-0.7-mRNA-1 3255000
.42 augustus_masked-168574675-processed-gene-0.7-mRNA-1 5458003
.16 maker-168543883-augustus-gene-0.12-mRNA-1 4761486
.03 maker-168543883-augustus-gene-0.12-mRNA-1 4292372
.05 maker-168543883-augustus-gene-0.12-mRNA-1 7838566
.77 maker-168186529-snap-gene-0.27-mRNA-1 7977325
.68 maker-168550788-augustus-gene-0.25-mRNA-1 8169236
.58 maker-167905207-augustus-gene-0.6-mRNA-1 8169237
.89 maker-168183210-snap-gene-0.5-mRNA-1 8169157
.34 maker-168474014-augustus-gene-0.28-mRNA-1 939517
.25 maker-168474014-augustus-gene-0.28-mRNA-1 7993567
.24 maker-168474014-augustus-gene-0.28-mRNA-1 729400
.09 maker-168474014-augustus-gene-0.28-mRNA-1 7972380
.21 snap_masked-168401599-processed-gene-0.56-mRNA-1 8168764
.61 snap_masked-168401599-processed-gene-0.56-mRNA-1 8168744
.89 snap_masked-168427293-processed-gene-0.65-mRNA-1 8168972
.09 snap_masked-168427293-processed-gene-0.65-mRNA-1 8043143
.61 snap_masked-168576740-processed-gene-0.61-mRNA-1 6405433
.54 augustus_masked-168365724-processed-gene-0.2-mRNA-1 8009506
.31 augustus_masked-168365724-processed-gene-0.2-mRNA-1 8169024
.38 maker-163221947-augustus-gene-0.4-mRNA-1 7970828
.36 maker-163221947-augustus-gene-0.4-mRNA-1 1534721
.65 maker-168328465-augustus-gene-0.27-mRNA-1 8168973
.73 maker-168548800-snap-gene-0.86-mRNA-1 832082
.26 maker-168497232-augustus-gene-0.18-mRNA-1 7974793
.71 maker-168497232-augustus-gene-0.18-mRNA-1 8169181
.76 augustus_masked-168503115-processed-gene-0.4-mRNA-1 7982498
.43 maker-168311582-snap-gene-0.18-mRNA-1 7982481
.36 maker-168311582-snap-gene-0.18-mRNA-1 8011182
.32 augustus_masked-167974739-processed-gene-0.0-mRNA-1 8021068
.26 augustus_masked-167974739-processed-gene-0.0-mRNA-1 7980995
.20 augustus_masked-167974739-processed-gene-0.0-mRNA-1 7990820
.99 augustus_masked-168433244-processed-gene-0.2-mRNA-1 658954
.99 augustus_masked-168433244-processed-gene-0.2-mRNA-1 1761630
.99 augustus_masked-168433244-processed-gene-0.2-mRNA-1 1236126
.87 augustus_masked-168433244-processed-gene-0.2-mRNA-1 1651687
.50 augustus_masked-168218947-processed-gene-0.0-mRNA-1 3390514
.40 augustus_masked-168218947-processed-gene-0.0-mRNA-1 1226231
.18 augustus_masked-168218947-processed-gene-0.0-mRNA-1 6017952
.16 augustus_masked-168218947-processed-gene-0.0-mRNA-1 8012897
.16 augustus_masked-168218947-processed-gene-0.0-mRNA-1 8073702
.47 maker-163669177-augustus-gene-0.3-mRNA-1 8049509
.37 maker-163669177-augustus-gene-0.3-mRNA-1 7980575
.84 maker-168245778-snap-gene-0.73-mRNA-1 8169244
.30 maker-168337659-augustus-gene-0.11-mRNA-1 1117279
.26 maker-168337659-augustus-gene-0.11-mRNA-1 8168831
.15 maker-168337659-augustus-gene-0.11-mRNA-1 2664564
.13 maker-168337659-augustus-gene-0.11-mRNA-1 2388530
.12 maker-168337659-augustus-gene-0.11-mRNA-1 695799
.14 maker-167044129-augustus-gene-0.5-mRNA-1 3316672
.73 maker-167044129-augustus-gene-0.5-mRNA-1 7979937
.22 genemark-168311234-processed-gene-0.31-mRNA-1 7984897
.06 genemark-168311234-processed-gene-0.31-mRNA-1 7985995
.59 maker-168183234-augustus-gene-0.6-mRNA-1 8168928
.28 maker-168183234-augustus-gene-0.6-mRNA-1 1581348
.23 maker-168183234-augustus-gene-0.6-mRNA-1 7978126
.06 maker-168183234-augustus-gene-0.6-mRNA-1 1581347
.58 maker-168260139-augustus-gene-0.12-mRNA-1 8169103
.19 maker-168260139-augustus-gene-0.12-mRNA-1 7981945
.21 maker-168498965-snap-gene-0.41-mRNA-1 8157081
.09 maker-168498965-snap-gene-0.41-mRNA-1 4165722
.99 augustus_masked-168550589-processed-gene-0.16-mRNA-1 7985327
.56 snap_masked-168554862-processed-gene-0.70-mRNA-1 7973173
.43 snap_masked-168554862-processed-gene-0.70-mRNA-1 1153165
.15 maker-168411702-augustus-gene-0.73-mRNA-1 1885871
.27 maker-168411702-augustus-gene-0.73-mRNA-1 8014013
.54 maker-168190511-snap-gene-0.56-mRNA-1 7981689
.17 augustus_masked-168396240-processed-gene-0.1-mRNA-1 7996131
.37 augustus_masked-168396240-processed-gene-0.1-mRNA-1 8169145
.62 maker-168528742-augustus-gene-0.36-mRNA-1 8168956
.15 maker-168145047-snap-gene-0.40-mRNA-1 7974040
.77 maker-168145047-snap-gene-0.40-mRNA-1 8169232
.25 augustus_masked-168577392-processed-gene-1.4-mRNA-1 7974203
.73 augustus_masked-168577392-processed-gene-1.4-mRNA-1 8169187
.99 augustus_masked-164765423-processed-gene-0.0-mRNA-1 1164000
.83 augustus_masked-164765423-processed-gene-0.0-mRNA-1 7973703
.53 maker-168272695-augustus-gene-0.12-mRNA-1 8168793
.16 maker-168272695-augustus-gene-0.12-mRNA-1 1009298
.38 maker-168052802-augustus-gene-0.7-mRNA-1 8169249
.33 maker-168052802-augustus-gene-0.7-mRNA-1 8169249
.87 maker-168288710-augustus-gene-0.10-mRNA-1 8169251
.11 maker-168288710-augustus-gene-0.10-mRNA-1 7971571
.30 maker-168186291-augustus-gene-0.46-mRNA-1 8008309
.27 maker-168186291-augustus-gene-0.46-mRNA-1 7970303
.16 maker-168553569-augustus-gene-0.19-mRNA-1 8002241
.12 maker-168553569-augustus-gene-0.19-mRNA-1 2429576
.52 augustus_masked-158316153-processed-gene-0.0-mRNA-1 8169096
.45 augustus_masked-158316153-processed-gene-0.0-mRNA-1 7975764
.32 maker-167089389-augustus-gene-0.4-mRNA-1 7987540
.70 maker-167821279-snap-gene-0.33-mRNA-1 8168961
.86 augustus_masked-168206297-processed-gene-0.3-mRNA-1 7971706
.46 maker-167896393-augustus-gene-0.6-mRNA-1 8169193
.21 maker-167896393-augustus-gene-0.6-mRNA-1 8032993
.21 maker-167896393-augustus-gene-0.6-mRNA-1 8061094
.30 snap_masked-161685173-processed-gene-0.3-mRNA-1 5797396
.33 snap_masked-161685173-processed-gene-0.3-mRNA-1 3338961
.17 snap_masked-161685173-processed-gene-0.3-mRNA-1 4009075
.35 snap_masked-161685173-processed-gene-0.3-mRNA-1 8009343
.32 snap_masked-168562131-processed-gene-0.22-mRNA-1 8038736
.24 snap_masked-168562131-processed-gene-0.22-mRNA-1 8144708
.79 maker-168190413-snap-gene-0.21-mRNA-1 8168820
.84 genemark-168335457-processed-gene-0.34-mRNA-1 8169027
.14 genemark-168335457-processed-gene-0.34-mRNA-1 3275995
.45 maker-166695072-snap-gene-0.6-mRNA-2 1973124
.28 maker-166695072-snap-gene-0.6-mRNA-2 7972185
.25 augustus_masked-168348461-processed-gene-0.4-mRNA-1 7970545
.07 augustus_masked-168348461-processed-gene-0.4-mRNA-1 7970548
.39 maker-166695072-snap-gene-0.6-mRNA-1 1973124
.26 maker-166695072-snap-gene-0.6-mRNA-1 2157947
.22 maker-166695072-snap-gene-0.6-mRNA-1 7972185
.19 maker-166695072-snap-gene-0.6-mRNA-1 697269
.37 augustus_masked-161290496-processed-gene-0.1-mRNA-1 7974162
.62 augustus_masked-161290496-processed-gene-0.1-mRNA-1 458428
.79 snap_masked-168577512-processed-gene-0.75-mRNA-1 8027483
.38 maker-166286426-snap-gene-0.1-mRNA-1 8040006
.25 maker-166286426-snap-gene-0.1-mRNA-1 4357069
.51 genemark-168556754-processed-gene-0.14-mRNA-1 8030182
.28 genemark-168556754-processed-gene-0.14-mRNA-1 4447291
.68 maker-168441811-augustus-gene-0.59-mRNA-1 8169227
.43 augustus_masked-167999596-processed-gene-0.9-mRNA-1 4319516
.76 maker-168296678-augustus-gene-0.47-mRNA-1 7983522
.20 maker-168574538-augustus-gene-0.18-mRNA-1 2390172
.20 maker-168574538-augustus-gene-0.18-mRNA-1 7974511
.16 maker-168574538-augustus-gene-0.18-mRNA-1 1410878
.65 augustus_masked-164720215-processed-gene-0.0-mRNA-1 8168937
.64 genemark-167846862-processed-gene-0.15-mRNA-1 8169222
.12 genemark-167846862-processed-gene-0.15-mRNA-1 8060689
.10 genemark-167846862-processed-gene-0.15-mRNA-1 7970666
.32 maker-166004792-augustus-gene-0.4-mRNA-1 5514512
.29 maker-166004792-augustus-gene-0.4-mRNA-1 4940856
.23 maker-166004792-augustus-gene-0.4-mRNA-1 6490762
.25 maker-166004792-augustus-gene-0.4-mRNA-1 4699514
.69 snap_masked-168083070-processed-gene-0.24-mRNA-1 4923202
.57 maker-168190187-snap-gene-1.95-mRNA-1 8168838
.15 maker-168190187-snap-gene-1.95-mRNA-1 1724000
.39 maker-168190187-snap-gene-1.95-mRNA-1 8169138
.15 maker-168190187-snap-gene-1.95-mRNA-1 8168947
.05 maker-168190187-snap-gene-1.95-mRNA-1 1659121
.18 maker-167937066-snap-gene-0.33-mRNA-1 3111745
.27 snap_masked-168393770-processed-gene-0.11-mRNA-1 7974228
.20 snap_masked-168393770-processed-gene-0.11-mRNA-1 7618893
.20 snap_masked-168393770-processed-gene-0.11-mRNA-1 6628075
.26 augustus_masked-168190346-processed-gene-0.1-mRNA-1 8040668
.26 augustus_masked-168190346-processed-gene-0.1-mRNA-1 7977504
.15 augustus_masked-168190346-processed-gene-0.1-mRNA-1 1690021
.13 augustus_masked-168190346-processed-gene-0.1-mRNA-1 779822
.49 maker-168548180-snap-gene-0.79-mRNA-1 5280135
.99 snap_masked-168577626-processed-gene-0.51-mRNA-1 8168768
.24 maker-168483339-snap-gene-0.116-mRNA-1 8169143
.16 maker-168483339-snap-gene-0.116-mRNA-1 1523335
.88 maker-168419682-snap-gene-0.11-mRNA-1 8168812
.06 maker-168419682-snap-gene-0.11-mRNA-1 3740380
.20 genemark-167956842-processed-gene-0.3-mRNA-1 7975017
.23 genemark-167956842-processed-gene-0.3-mRNA-1 8023786
.48 augustus_masked-162005816-processed-gene-0.1-mRNA-1 859216
.27 augustus_masked-162005816-processed-gene-0.1-mRNA-1 7971948
.53 augustus_masked-168554379-processed-gene-0.0-mRNA-1 8005399
.54 augustus_masked-168554379-processed-gene-0.0-mRNA-1 7982509
.46 augustus_masked-168554379-processed-gene-0.0-mRNA-1 1096566
.42 augustus_masked-168554379-processed-gene-0.0-mRNA-1 1082230
.30 augustus_masked-168554379-processed-gene-0.0-mRNA-1 1995717
.69 maker-168185762-snap-gene-0.12-mRNA-1 7972378
.44 maker-168392808-augustus-gene-0.50-mRNA-1 7990966
.27 maker-168392808-augustus-gene-0.50-mRNA-1 7974774
.28 maker-168440929-augustus-gene-0.61-mRNA-1 1547763
.42 maker-168440929-augustus-gene-0.61-mRNA-1 1154328
.34 augustus_masked-168510298-processed-gene-0.6-mRNA-1 7971381
.21 augustus_masked-168510298-processed-gene-0.6-mRNA-1 8012240
.14 augustus_masked-168510298-processed-gene-0.6-mRNA-1 7994192
.07 augustus_masked-168510298-processed-gene-0.6-mRNA-1 1236564
.19 maker-168576875-snap-gene-0.74-mRNA-1 8023344
.05 maker-168576875-snap-gene-0.74-mRNA-1 2211150
.41 maker-168342472-augustus-gene-0.30-mRNA-1 7970496
.22 maker-168342472-augustus-gene-0.30-mRNA-1 4490864
.74 maker-164878259-augustus-gene-0.3-mRNA-1 8168767
.23 maker-164878259-augustus-gene-0.3-mRNA-1 2394292
.34 snap_masked-168234772-processed-gene-0.4-mRNA-1 7987399
.65 snap_masked-168234772-processed-gene-0.4-mRNA-1 7987398
.31 maker-166637080-augustus-gene-0.4-mRNA-1 7978806
.29 maker-166637080-augustus-gene-0.4-mRNA-1 7984931
.29 maker-166637080-augustus-gene-0.4-mRNA-1 2108082
.18 maker-166637080-augustus-gene-0.4-mRNA-1 8021948
.12 maker-166637080-augustus-gene-0.4-mRNA-1 2609960
.09 augustus_masked-168577109-processed-gene-0.11-mRNA-1 1427443
.89 augustus_masked-168577109-processed-gene-0.11-mRNA-1 7972424
.99 maker-168186310-snap-gene-0.22-mRNA-1 8169242
.27 maker-168184458-augustus-gene-0.8-mRNA-1 8169069
.31 maker-168184458-augustus-gene-0.8-mRNA-1 8169069
.69 augustus_masked-168290535-processed-gene-1.35-mRNA-1 8168890
.19 augustus_masked-168290535-processed-gene-1.35-mRNA-1 8168775
.49 maker-168371267-augustus-gene-0.35-mRNA-1 7976216
.15 maker-168371267-augustus-gene-0.35-mRNA-1 7989104
.55 maker-164757918-augustus-gene-0.4-mRNA-1 8043155
.64 maker-163450168-augustus-gene-0.9-mRNA-1 7971157
.30 maker-163450168-augustus-gene-0.9-mRNA-1 7972732
.24 genemark-167784625-processed-gene-0.3-mRNA-1 8036819
.14 augustus_masked-166338890-processed-gene-0.0-mRNA-1 7992059
.85 augustus_masked-166338890-processed-gene-0.0-mRNA-1 7970200
.08 snap_masked-168222696-processed-gene-0.13-mRNA-1 7972246
.86 snap_masked-168222696-processed-gene-0.13-mRNA-1 8169245
.32 augustus_masked-164763245-processed-gene-0.0-mRNA-1 7996113
.60 augustus_masked-164763245-processed-gene-0.0-mRNA-1 8169005
.96 snap_masked-168259050-processed-gene-0.41-mRNA-1 8168906
.41 maker-168152818-augustus-gene-0.12-mRNA-1 8169239
.15 maker-168152818-augustus-gene-0.12-mRNA-1 2536942
.92 augustus_masked-168331515-processed-gene-0.7-mRNA-1 8169122
.74 maker-168156905-augustus-gene-0.88-mRNA-1 7971432
.19 maker-168156905-augustus-gene-0.88-mRNA-1 8108613
.76 snap_masked-167076633-processed-gene-0.2-mRNA-1 607958
.22 snap_masked-167076633-processed-gene-0.2-mRNA-1 1710011
.12 snap_masked-168324873-processed-gene-0.85-mRNA-1 3842777
.19 snap_masked-168324873-processed-gene-0.85-mRNA-1 8005744
.38 maker-168184900-augustus-gene-0.67-mRNA-1 8169231
.54 maker-168184900-augustus-gene-0.67-mRNA-1 8169231
.85 maker-168562355-augustus-gene-0.67-mRNA-1 8169247
.31 maker-168371087-snap-gene-0.40-mRNA-1 2762580
.06 maker-168371087-snap-gene-0.40-mRNA-1 6419122
.82 snap_masked-168184029-processed-gene-0.11-mRNA-1 7995116
.17 maker-168451995-snap-gene-0.24-mRNA-1 2672483
.77 maker-168451995-snap-gene-0.24-mRNA-1 8169243
.64 maker-168528871-augustus-gene-0.81-mRNA-1 1438920
.22 maker-168528871-augustus-gene-0.81-mRNA-1 8169050
.32 maker-168316100-augustus-gene-0.39-mRNA-1 8168969
.83 augustus_masked-168305341-processed-gene-0.41-mRNA-1 3189604
.11 augustus_masked-168305341-processed-gene-0.41-mRNA-1 8169027
.94 maker-168413955-snap-gene-0.17-mRNA-1 8169240
.99 augustus_masked-167981408-processed-gene-0.12-mRNA-1 8169246
.57 maker-168577242-augustus-gene-0.20-mRNA-1 8168978
.55 maker-168186970-augustus-gene-0.45-mRNA-1 8169233
.11 maker-168186970-augustus-gene-0.45-mRNA-1 7992038
.21 maker-168352389-augustus-gene-0.10-mRNA-1 7983116
.39 maker-168352389-augustus-gene-0.10-mRNA-1 2650569
.62 maker-168287020-snap-gene-0.28-mRNA-1 8169040
.07 snap_masked-168189898-processed-gene-0.97-mRNA-1 8034514
.77 snap_masked-168189898-processed-gene-0.97-mRNA-1 7988569
.59 maker-168031176-augustus-gene-0.29-mRNA-1 8169235
.31 maker-168031176-augustus-gene-0.29-mRNA-1 1614291
.18 maker-168031176-augustus-gene-0.29-mRNA-1 7982318
.86 maker-168574272-snap-gene-0.52-mRNA-1 7982561
.86 maker-168409625-augustus-gene-0.46-mRNA-1 8169224
.12 maker-168409625-augustus-gene-0.46-mRNA-1 5823427
.43 augustus_masked-168185469-processed-gene-0.8-mRNA-1 7975831
.23 maker-168202887-snap-gene-0.10-mRNA-1 8120563
.22 maker-168202887-snap-gene-0.10-mRNA-1 8026411
.13 maker-168202887-snap-gene-0.10-mRNA-1 6526768
.69 maker-163799553-augustus-gene-0.3-mRNA-1 8033649
.15 augustus_masked-162900323-processed-gene-0.0-mRNA-1 2513847
.25 augustus_masked-162900323-processed-gene-0.0-mRNA-1 7971040
.77 augustus_masked-168487518-processed-gene-0.6-mRNA-1 4030500
.16 genemark-168193800-processed-gene-0.34-mRNA-1 4785793
.14 genemark-168193800-processed-gene-0.34-mRNA-1 7993226
.34 maker-168230660-snap-gene-0.44-mRNA-1 7984709
.25 maker-168230660-snap-gene-0.44-mRNA-1 7980246
.17 maker-168230660-snap-gene-0.44-mRNA-1 7988824
.45 genemark-168553154-processed-gene-0.21-mRNA-1 8169228
.13 genemark-168553154-processed-gene-0.21-mRNA-1 7971308
.55 maker-168045039-augustus-gene-0.27-mRNA-1 7974677
.24 maker-168045039-augustus-gene-0.27-mRNA-1 2139150
.38 augustus_masked-166229051-processed-gene-0.0-mRNA-1 8169230
.25 augustus_masked-166229051-processed-gene-0.0-mRNA-1 7977670
.25 augustus_masked-166229051-processed-gene-0.0-mRNA-1 8169230
.12 maker-168251149-augustus-gene-0.30-mRNA-1 7979237
.87 maker-168251149-augustus-gene-0.30-mRNA-1 8169045
.19 maker-168273182-snap-gene-0.85-mRNA-1 1259459
.79 maker-168273182-snap-gene-0.85-mRNA-1 8169158
.81 augustus_masked-165823204-processed-gene-0.1-mRNA-1 7974177
.18 augustus_masked-165823204-processed-gene-0.1-mRNA-1 8008888
.82 maker-168191500-augustus-gene-0.20-mRNA-1 8000411
.66 snap_masked-164841584-processed-gene-0.2-mRNA-1 1309190
.49 snap_masked-164841584-processed-gene-0.2-mRNA-1 7991781
.42 snap_masked-164841584-processed-gene-0.2-mRNA-1 3060726
.22 snap_masked-164841584-processed-gene-0.2-mRNA-1 2261620
.22 snap_masked-164841584-processed-gene-0.2-mRNA-1 2770870
.36 snap_masked-168218154-processed-gene-0.21-mRNA-1 7977278
.83 augustus_masked-168543468-processed-gene-0.3-mRNA-1 8169163
.04 augustus_masked-168543468-processed-gene-0.3-mRNA-1 7331432
.67 maker-168552850-snap-gene-0.15-mRNA-1 8169047
.56 snap_masked-168512643-processed-gene-0.54-mRNA-1 2190927
.42 snap_masked-168512643-processed-gene-0.54-mRNA-1 2535734
.36 snap_masked-168512643-processed-gene-0.54-mRNA-1 2500084
.18 snap_masked-168512643-processed-gene-0.54-mRNA-1 8168823
.19 snap_masked-168512643-processed-gene-0.54-mRNA-1 2245535
.33 augustus_masked-167722522-processed-gene-0.1-mRNA-1 3785085
.31 augustus_masked-167722522-processed-gene-0.1-mRNA-1 6604863
.13 maker-168190377-snap-gene-0.40-mRNA-1 2664382
.12 maker-168190377-snap-gene-0.40-mRNA-1 8095340
.01 maker-168190377-snap-gene-0.40-mRNA-1 7426262
.78 maker-168032695-augustus-gene-0.29-mRNA-1 8169252
.06 maker-168032695-augustus-gene-0.29-mRNA-1 5015724
.26 maker-168414396-augustus-gene-0.64-mRNA-1 2229844
.25 maker-168414396-augustus-gene-0.64-mRNA-1 2229845
.25 maker-168414396-augustus-gene-0.64-mRNA-1 4969889
.26 maker-168414396-augustus-gene-0.64-mRNA-1 1100005
.25 maker-168414396-augustus-gene-0.64-mRNA-1 1100001
.52 maker-168264902-snap-gene-0.9-mRNA-1 8168915
.40 maker-168264902-snap-gene-0.9-mRNA-1 8168915
.31 snap_masked-168256026-processed-gene-0.39-mRNA-1 7974375
.18 snap_masked-168256026-processed-gene-0.39-mRNA-1 7972061
.59 maker-162501076-augustus-gene-0.5-mRNA-1 8022974
.37 maker-162501076-augustus-gene-0.5-mRNA-1 273047
.79 maker-167914356-augustus-gene-0.56-mRNA-1 8169115
.53 snap_masked-168209782-processed-gene-0.7-mRNA-1 3951445
.21 maker-168279680-snap-gene-0.17-mRNA-1 3042593
.15 maker-168279680-snap-gene-0.17-mRNA-1 5008304
.36 maker-167812341-augustus-gene-0.8-mRNA-1 7972317
.34 maker-167812341-augustus-gene-0.8-mRNA-1 8169113
.36 maker-167812341-augustus-gene-0.8-mRNA-1 7977248
.21 maker-167812341-augustus-gene-0.8-mRNA-1 7990969
.50 snap_masked-164212291-processed-gene-0.2-mRNA-1 240593
.45 snap_masked-164212291-processed-gene-0.2-mRNA-1 8008828
.21 snap_masked-164212291-processed-gene-0.2-mRNA-1 240595
.18 snap_masked-164212291-processed-gene-0.2-mRNA-1 240594
.15 snap_masked-164212291-processed-gene-0.2-mRNA-1 2907320
.36 augustus_masked-168190694-processed-gene-0.5-mRNA-1 7995336
.63 augustus_masked-168190694-processed-gene-0.5-mRNA-1 1583494
.22 maker-168229275-augustus-gene-0.23-mRNA-1 8006404
.76 maker-168229275-augustus-gene-0.23-mRNA-1 8169037
.40 genemark-168558121-processed-gene-0.21-mRNA-1 3009451
.20 genemark-168558121-processed-gene-0.21-mRNA-1 6890426
.85 maker-166620095-augustus-gene-0.3-mRNA-1 8169123
.44 maker-168419508-snap-gene-0.8-mRNA-1 8169223
.19 maker-168419508-snap-gene-0.8-mRNA-1 7991259
.43 augustus_masked-167948180-processed-gene-0.0-mRNA-1 7974449
.37 augustus_masked-167948180-processed-gene-0.0-mRNA-1 7972135
.24 augustus_masked-167948180-processed-gene-0.0-mRNA-1 687530
.51 maker-168439181-snap-gene-0.9-mRNA-1 8168861
.65 maker-168461393-snap-gene-0.28-mRNA-1 8169194
.26 maker-167802352-augustus-gene-0.26-mRNA-1 7972811
.13 maker-167802352-augustus-gene-0.26-mRNA-1 7997876
.10 maker-167802352-augustus-gene-0.26-mRNA-1 4176488
.06 maker-167802352-augustus-gene-0.26-mRNA-1 7984805
.02 maker-167802352-augustus-gene-0.26-mRNA-1 8044207
.33 genemark-162071945-processed-gene-0.0-mRNA-1 4355184
.59 genemark-162071945-processed-gene-0.0-mRNA-1 1662321
.66 maker-168230148-snap-gene-0.57-mRNA-1 8169250
.14 maker-168230148-snap-gene-0.57-mRNA-1 8169250
.45 augustus_masked-168546033-processed-gene-0.6-mRNA-1 7983280
.39 augustus_masked-168546033-processed-gene-0.6-mRNA-1 7984575
.04 maker-168399512-augustus-gene-0.13-mRNA-1 7976847
.49 augustus_masked-165502045-processed-gene-0.0-mRNA-1 1224151
.49 augustus_masked-165502045-processed-gene-0.0-mRNA-1 1260025
.46 augustus_masked-165502045-processed-gene-0.0-mRNA-1 7972549
.40 augustus_masked-165502045-processed-gene-0.0-mRNA-1 3583348
.36 augustus_masked-165502045-processed-gene-0.0-mRNA-1 7993413
.29 maker-168435166-augustus-gene-0.8-mRNA-1 4322359
.42 maker-168577001-snap-gene-0.32-mRNA-1 7978155
.40 maker-168577001-snap-gene-0.32-mRNA-1 7984946
.22 augustus_masked-168413077-processed-gene-0.2-mRNA-1 7985242
.62 augustus_masked-168413077-processed-gene-0.2-mRNA-1 8168917
.99 snap_masked-168348206-processed-gene-0.48-mRNA-1 8169241
.59 augustus_masked-160089309-processed-gene-0.0-mRNA-1 862349
.34 augustus_masked-160089309-processed-gene-0.0-mRNA-1 8169075
.22 augustus_masked-160089309-processed-gene-0.0-mRNA-1 2301336
.29 maker-168238048-augustus-gene-0.26-mRNA-1 7974653
.21 maker-168238048-augustus-gene-0.26-mRNA-1 7971186
.17 maker-168238048-augustus-gene-0.26-mRNA-1 1101729
.17 maker-168238048-augustus-gene-0.26-mRNA-1 1665242
.08 maker-168238048-augustus-gene-0.26-mRNA-1 1175648
.87 augustus_masked-167969974-processed-gene-0.3-mRNA-1 8169225
.41 maker-164192119-snap-gene-0.2-mRNA-1 4097709
.53 maker-164192119-snap-gene-0.2-mRNA-1 8109671
.30 maker-168259866-augustus-gene-0.18-mRNA-1 8095013
.21 maker-168259866-augustus-gene-0.18-mRNA-1 7979205
.18 maker-168259866-augustus-gene-0.18-mRNA-1 7970847
.49 maker-168187531-snap-gene-0.22-mRNA-1 7979705
.28 maker-168187531-snap-gene-0.22-mRNA-1 2321411
.28 maker-168187531-snap-gene-0.22-mRNA-1 7985482
.33 maker-168330280-augustus-gene-0.11-mRNA-1 8010243
.46 maker-168330280-augustus-gene-0.11-mRNA-1 7974848
.39 snap_masked-166643291-processed-gene-0.1-mRNA-1 6940130
.28 snap_masked-166643291-processed-gene-0.1-mRNA-1 3417527
.16 snap_masked-166643291-processed-gene-0.1-mRNA-1 6226426
.20 maker-168505468-augustus-gene-0.25-mRNA-1 7983650
.40 maker-168505468-augustus-gene-0.25-mRNA-1 7977950
.19 maker-168186253-augustus-gene-0.8-mRNA-2 8168977
.09 maker-168186253-augustus-gene-0.8-mRNA-2 2491614
.07 maker-167849416-snap-gene-0.8-mRNA-1 8169126
.56 genemark-165892167-processed-gene-0.1-mRNA-1 1239847
.53 genemark-165892167-processed-gene-0.1-mRNA-1 7984830
.21 genemark-165892167-processed-gene-0.1-mRNA-1 4056835
.24 maker-168416654-augustus-gene-0.34-mRNA-1 7977214
.17 maker-168416654-augustus-gene-0.34-mRNA-1 8168882
.15 maker-168416654-augustus-gene-0.34-mRNA-1 2019566
.08 maker-168416654-augustus-gene-0.34-mRNA-1 8067617
.67 maker-168402373-augustus-gene-0.58-mRNA-1 7973392
.09 maker-168402373-augustus-gene-0.58-mRNA-1 7984106
.46 maker-168196081-augustus-gene-0.2-mRNA-1 1620665
.52 maker-168196081-augustus-gene-0.2-mRNA-1 7978140
.19 maker-168406708-augustus-gene-0.23-mRNA-1 7980679
.67 maker-168406708-augustus-gene-0.23-mRNA-1 8169059
.38 maker-168310504-snap-gene-0.16-mRNA-1 7975611
.39 maker-168310504-snap-gene-0.16-mRNA-1 1634028
