.61 maker-168312706-augustus-gene-0.56-mRNA-1 3553610
.38 maker-168312706-augustus-gene-0.56-mRNA-1 3553610
.19 augustus_masked-163318479-processed-gene-0.0-mRNA-1 642244
.19 augustus_masked-163318479-processed-gene-0.0-mRNA-1 231229
.02 augustus_masked-163318479-processed-gene-0.0-mRNA-1 3531037
.01 augustus_masked-163318479-processed-gene-0.0-mRNA-1 3531037
.04 augustus_masked-163318479-processed-gene-0.0-mRNA-1 3531037
.40 snap_masked-158521743-processed-gene-0.2-mRNA-1 3538216
.57 snap_masked-158521743-processed-gene-0.2-mRNA-1 441920
.66 snap_masked-168297950-processed-gene-0.41-mRNA-1 3548146
.33 snap_masked-168297950-processed-gene-0.41-mRNA-1 1724130
.98 snap_masked-165362021-processed-gene-0.1-mRNA-1 3537706
.63 snap_masked-165362021-processed-gene-0.1-mRNA-1 783780
.84 snap_masked-165362021-processed-gene-0.1-mRNA-1 3643660
.60 snap_masked-165362021-processed-gene-0.1-mRNA-1 3593519
.43 snap_masked-165362021-processed-gene-0.1-mRNA-1 3560263
.48 maker-166514197-augustus-gene-0.9-mRNA-1 3643702
.26 maker-166514197-augustus-gene-0.9-mRNA-1 3643702
.37 maker-168183912-snap-gene-0.11-mRNA-1 3533164
.05 maker-168183912-snap-gene-0.11-mRNA-1 1224506
.05 maker-168183912-snap-gene-0.11-mRNA-1 717482
.05 maker-168183912-snap-gene-0.11-mRNA-1 3538993
.60 genemark-168548835-processed-gene-0.27-mRNA-1 3643667
.17 genemark-168548835-processed-gene-0.27-mRNA-1 3606754
.29 maker-168196710-augustus-gene-0.96-mRNA-1 3643722
.27 maker-168196710-augustus-gene-0.96-mRNA-1 3531393
.25 maker-168191276-snap-gene-0.84-mRNA-1 535068
.48 maker-168191276-snap-gene-0.84-mRNA-1 3643560
.16 maker-168494274-snap-gene-0.25-mRNA-1 3643554
.79 maker-168494274-snap-gene-0.25-mRNA-1 3532670
.18 maker-168549361-snap-gene-0.27-mRNA-1 3577070
.79 maker-168040422-augustus-gene-0.32-mRNA-1 3643726
.11 maker-168040422-augustus-gene-0.32-mRNA-1 3643726
.29 maker-168396045-augustus-gene-0.19-mRNA-1 3643632
.59 maker-168396045-augustus-gene-0.19-mRNA-1 3643509
.19 maker-167939677-snap-gene-0.15-mRNA-1 596492
.62 maker-167939677-snap-gene-0.15-mRNA-1 1095554
.70 maker-168191392-snap-gene-1.82-mRNA-1 3643540
.29 maker-168191392-snap-gene-1.82-mRNA-1 3546932
.72 maker-168567524-snap-gene-0.93-mRNA-1 3643733
.10 maker-168567524-snap-gene-0.93-mRNA-1 1332826
.10 maker-168567524-snap-gene-0.93-mRNA-1 3584696
.44 augustus_masked-166639538-processed-gene-0.2-mRNA-1 497639
.42 maker-168417518-augustus-gene-0.27-mRNA-1 3643740
.62 snap_masked-162053948-processed-gene-0.3-mRNA-1 1893925
.64 snap_masked-162053948-processed-gene-0.3-mRNA-1 1421160
.15 snap_masked-162053948-processed-gene-0.3-mRNA-1 1895075
.18 snap_masked-162053948-processed-gene-0.3-mRNA-1 1845412
.13 snap_masked-162053948-processed-gene-0.3-mRNA-1 2389597
.32 maker-168433502-augustus-gene-0.91-mRNA-1 2368166
.29 maker-168433502-augustus-gene-0.91-mRNA-1 2401294
.37 maker-168522100-augustus-gene-0.107-mRNA-1 3643727
.58 maker-166267789-augustus-gene-0.4-mRNA-1 3643725
.13 maker-166267789-augustus-gene-0.4-mRNA-1 383518
.01 maker-166267789-augustus-gene-0.4-mRNA-1 3543063
.14 maker-168517548-augustus-gene-0.66-mRNA-1 2188126
.71 maker-168517548-augustus-gene-0.66-mRNA-1 3643738
.52 maker-167834813-augustus-gene-0.63-mRNA-1 3532628
.29 maker-167834813-augustus-gene-0.63-mRNA-1 3539360
.14 maker-167834813-augustus-gene-0.63-mRNA-1 3534463
.26 maker-168491361-snap-gene-0.27-mRNA-1 3580430
.23 maker-168491361-snap-gene-0.27-mRNA-1 3568442
.77 snap_masked-168492506-processed-gene-0.4-mRNA-1 3643449
.99 genemark-168192393-processed-gene-0.0-mRNA-1 3552062
.86 genemark-168192393-processed-gene-0.0-mRNA-1 3559924
.57 genemark-168184403-processed-gene-0.13-mRNA-1 2445994
.34 genemark-168184403-processed-gene-0.13-mRNA-1 888514
.99 genemark-168270514-processed-gene-0.0-mRNA-1 3591245
.34 augustus_masked-168513792-processed-gene-0.3-mRNA-1 3643351
.65 augustus_masked-168513792-processed-gene-0.3-mRNA-1 3539359
.61 maker-168187847-augustus-gene-0.12-mRNA-1 3643444
.39 maker-168577594-augustus-gene-0.29-mRNA-1 3643294
.41 maker-168577594-augustus-gene-0.29-mRNA-1 3643294
.49 genemark-168552644-processed-gene-0.34-mRNA-1 3531617
.31 genemark-168552644-processed-gene-0.34-mRNA-1 847278
.68 maker-168566665-augustus-gene-0.63-mRNA-1 3643544
.44 maker-168566665-augustus-gene-0.63-mRNA-1 3588289
.41 maker-168566665-augustus-gene-0.63-mRNA-1 3540188
.28 maker-168566665-augustus-gene-0.63-mRNA-1 711679
.16 maker-168566665-augustus-gene-0.63-mRNA-1 3638220
.65 maker-165708922-augustus-gene-0.5-mRNA-1 3548384
.53 maker-165708922-augustus-gene-0.5-mRNA-1 3532489
.36 maker-165708922-augustus-gene-0.5-mRNA-1 1823956
.33 maker-165708922-augustus-gene-0.5-mRNA-1 2014855
.15 maker-165708922-augustus-gene-0.5-mRNA-1 1088942
.16 maker-168574288-augustus-gene-0.46-mRNA-1 3643718
.13 maker-168574288-augustus-gene-0.46-mRNA-1 3643718
.37 augustus_masked-168534716-processed-gene-0.2-mRNA-1 3622549
.25 augustus_masked-168534716-processed-gene-0.2-mRNA-1 2118165
.33 maker-168447880-snap-gene-0.22-mRNA-1 1257933
.30 augustus_masked-166098841-processed-gene-0.0-mRNA-1 3598738
.19 augustus_masked-166098841-processed-gene-0.0-mRNA-1 3609813
.12 maker-168202723-snap-gene-0.47-mRNA-1 517580
.79 maker-168202723-snap-gene-0.47-mRNA-1 3540102
.21 augustus_masked-168239843-processed-gene-0.1-mRNA-1 790259
.70 augustus_masked-168239843-processed-gene-0.1-mRNA-1 3531746
.14 augustus_masked-168574880-processed-gene-0.2-mRNA-1 761723
.84 augustus_masked-168574880-processed-gene-0.2-mRNA-1 1198302
.22 augustus_masked-167939339-processed-gene-0.1-mRNA-1 3610147
.29 augustus_masked-167939339-processed-gene-0.1-mRNA-1 3546168
.26 augustus_masked-168239503-processed-gene-0.6-mRNA-1 1007248
.17 augustus_masked-168239503-processed-gene-0.6-mRNA-1 3061672
.20 augustus_masked-168239503-processed-gene-0.6-mRNA-1 2132548
.04 augustus_masked-168239503-processed-gene-0.6-mRNA-1 1007248
.46 snap_masked-168093867-processed-gene-0.2-mRNA-1 2695560
.44 snap_masked-168093867-processed-gene-0.2-mRNA-1 3531938
.44 snap_masked-168093867-processed-gene-0.2-mRNA-1 3574379
.86 augustus_masked-167835962-processed-gene-0.0-mRNA-1 3576679
.07 augustus_masked-167835962-processed-gene-0.0-mRNA-1 1373568
.57 maker-168237239-augustus-gene-0.96-mRNA-1 3566977
.42 maker-168237239-augustus-gene-0.96-mRNA-1 3613551
.23 maker-167979191-augustus-gene-0.18-mRNA-1 1360213
.51 maker-167979191-augustus-gene-0.18-mRNA-1 3537036
.42 augustus_masked-168349433-processed-gene-0.10-mRNA-1 3643737
.31 augustus_masked-168182967-processed-gene-0.16-mRNA-1 836436
.37 augustus_masked-168182967-processed-gene-0.16-mRNA-1 3616932
.17 augustus_masked-168566448-processed-gene-0.6-mRNA-1 3540629
.15 augustus_masked-168566448-processed-gene-0.6-mRNA-1 461778
.09 augustus_masked-168195661-processed-gene-0.1-mRNA-1 2311603
.89 augustus_masked-168195661-processed-gene-0.1-mRNA-1 3643412
.69 maker-168187825-snap-gene-0.35-mRNA-1 3536326
.19 maker-168187825-snap-gene-0.35-mRNA-1 405118
.53 augustus_masked-168503840-processed-gene-0.8-mRNA-1 3553248
.16 augustus_masked-168503840-processed-gene-0.8-mRNA-1 3553248
.13 augustus_masked-168503840-processed-gene-0.8-mRNA-1 3614491
.14 maker-168470556-snap-gene-0.29-mRNA-1 3531362
.56 maker-168470556-snap-gene-0.29-mRNA-1 1049787
.39 augustus_masked-168445368-processed-gene-0.1-mRNA-1 2495421
.20 augustus_masked-168445368-processed-gene-0.1-mRNA-1 2134012
.10 augustus_masked-168445368-processed-gene-0.1-mRNA-1 2201365
.80 maker-168113160-augustus-gene-0.17-mRNA-1 3643730
.19 maker-168113160-augustus-gene-0.17-mRNA-1 3643510
.54 augustus_masked-168513911-processed-gene-0.0-mRNA-1 3598200
.23 maker-168554496-augustus-gene-0.28-mRNA-1 3535775
.70 maker-168554496-augustus-gene-0.28-mRNA-1 3643539
.69 augustus_masked-168382289-processed-gene-0.0-mRNA-1 3643664
.30 augustus_masked-168382289-processed-gene-0.0-mRNA-1 3547216
.78 genemark-168575358-processed-gene-0.17-mRNA-1 3536092
.13 genemark-168575358-processed-gene-0.17-mRNA-1 2929565
.13 genemark-168575358-processed-gene-0.17-mRNA-1 2239910
.15 augustus_masked-168020953-processed-gene-0.5-mRNA-1 1917767
.14 augustus_masked-168020953-processed-gene-0.5-mRNA-1 2067760
.14 augustus_masked-168020953-processed-gene-0.5-mRNA-1 3606833
.27 augustus_masked-168020953-processed-gene-0.5-mRNA-1 3599281
.06 augustus_masked-168020953-processed-gene-0.5-mRNA-1 870772
.99 maker-168567026-augustus-gene-0.83-mRNA-1 3643655
.79 maker-168526904-snap-gene-0.28-mRNA-1 3548072
.11 maker-168526904-snap-gene-0.28-mRNA-1 3572382
.04 maker-168561042-augustus-gene-0.73-mRNA-1 3581449
.03 maker-168561042-augustus-gene-0.73-mRNA-1 2214228
.03 maker-168561042-augustus-gene-0.73-mRNA-1 2719989
0 maker-168561042-augustus-gene-0.73-mRNA-1 3581449
.27 augustus_masked-168567084-processed-gene-0.4-mRNA-1 282736
.15 augustus_masked-168567084-processed-gene-0.4-mRNA-1 3533645
.99 augustus_masked-165990919-processed-gene-0.0-mRNA-1 3538481
.89 maker-162288479-augustus-gene-0.3-mRNA-1 3531835
.10 maker-162288479-augustus-gene-0.3-mRNA-1 919769
.82 maker-168275442-augustus-gene-0.22-mRNA-1 3643456
.61 maker-168569239-augustus-gene-0.47-mRNA-2 3537909
.16 maker-168569239-augustus-gene-0.47-mRNA-2 445832
.59 maker-163475262-augustus-gene-0.3-mRNA-1 3643434
.40 maker-163475262-augustus-gene-0.3-mRNA-1 3537998
.65 maker-167973018-snap-gene-0.18-mRNA-1 3643485
.48 maker-168572221-augustus-gene-0.62-mRNA-1 3531205
.17 maker-168193286-snap-gene-0.61-mRNA-1 3643736
.09 maker-168193286-snap-gene-0.61-mRNA-1 3643736
.39 augustus_masked-168186101-processed-gene-0.3-mRNA-1 3643721
.59 augustus_masked-168186101-processed-gene-0.3-mRNA-1 3643721
.99 maker-166273839-augustus-gene-0.2-mRNA-1 3643662
.71 maker-163898734-snap-gene-0.4-mRNA-1 3545205
.20 maker-163898734-snap-gene-0.4-mRNA-1 743368
.52 maker-168336478-snap-gene-0.40-mRNA-1 505428
.41 maker-168336478-snap-gene-0.40-mRNA-1 3573295
.04 maker-168336478-snap-gene-0.40-mRNA-1 3548912
.21 augustus_masked-168401642-processed-gene-0.1-mRNA-1 850231
.21 augustus_masked-168401642-processed-gene-0.1-mRNA-1 294747
.12 genemark-168577402-processed-gene-0.35-mRNA-1 1226396
.70 augustus_masked-162476170-processed-gene-0.0-mRNA-1 3621881
.27 augustus_masked-162476170-processed-gene-0.0-mRNA-1 3552127
.80 snap_masked-168574367-processed-gene-0.20-mRNA-1 3643443
.31 augustus_masked-168249694-processed-gene-0.18-mRNA-1 1945483
.23 augustus_masked-168249694-processed-gene-0.18-mRNA-1 3194830
.91 maker-168351821-augustus-gene-0.25-mRNA-1 3643728
.99 maker-162506698-snap-gene-0.5-mRNA-1 3643525
.63 maker-167942149-augustus-gene-0.9-mRNA-1 3583814
.21 maker-167942149-augustus-gene-0.9-mRNA-1 3583620
.26 maker-168433125-snap-gene-0.44-mRNA-1 3531775
.60 maker-168433125-snap-gene-0.44-mRNA-1 3643719
.04 maker-162482787-augustus-gene-0.6-mRNA-1 3607883
.87 maker-162482787-augustus-gene-0.6-mRNA-1 3575143
.14 augustus_masked-161700205-processed-gene-0.0-mRNA-1 3571829
.50 augustus_masked-161578793-processed-gene-0.1-mRNA-1 3558522
.38 augustus_masked-161578793-processed-gene-0.1-mRNA-1 21490
.22 maker-167837042-augustus-gene-0.7-mRNA-1 3539308
.61 maker-167837042-augustus-gene-0.7-mRNA-1 3643720
.47 snap_masked-168564237-processed-gene-0.14-mRNA-1 3643551
.27 snap_masked-168564237-processed-gene-0.14-mRNA-1 3540563
.16 snap_masked-168564237-processed-gene-0.14-mRNA-1 442993
.30 maker-168459554-snap-gene-0.40-mRNA-1 3643621
.41 maker-168459554-snap-gene-0.40-mRNA-1 3643310
.41 augustus_masked-168413481-processed-gene-0.0-mRNA-1 3532158
.14 augustus_masked-168413481-processed-gene-0.0-mRNA-1 14431
.10 augustus_masked-168413481-processed-gene-0.0-mRNA-1 730192
.10 augustus_masked-168413481-processed-gene-0.0-mRNA-1 995440
.59 augustus_masked-168567409-processed-gene-0.6-mRNA-1 3541381
.47 augustus_masked-168567409-processed-gene-0.6-mRNA-1 3597265
.29 maker-168244247-augustus-gene-0.42-mRNA-1 3643712
.69 maker-168244247-augustus-gene-0.42-mRNA-1 3643712
.84 maker-168248687-augustus-gene-0.4-mRNA-1 3582721
.58 maker-168229000-augustus-gene-0.29-mRNA-1 3540089
.29 maker-168229000-augustus-gene-0.29-mRNA-1 3539499
.28 maker-168229000-augustus-gene-0.29-mRNA-1 3548721
.99 augustus_masked-168038916-processed-gene-0.0-mRNA-1 3643423
.28 augustus_masked-168412732-processed-gene-0.16-mRNA-1 1652485
.36 augustus_masked-168412732-processed-gene-0.16-mRNA-1 3348709
.53 maker-168314823-augustus-gene-0.39-mRNA-2 3643739
.23 maker-168314823-augustus-gene-0.39-mRNA-2 3643739
.23 snap_masked-168383102-processed-gene-0.35-mRNA-1 3643714
.59 snap_masked-168383102-processed-gene-0.35-mRNA-1 3643714
.75 maker-164887201-augustus-gene-0.8-mRNA-1 3643645
.20 maker-168502864-augustus-gene-0.58-mRNA-1 3643277
.49 maker-168502864-augustus-gene-0.58-mRNA-1 3643723
.40 genemark-168190552-processed-gene-0.16-mRNA-1 3569317
.46 genemark-168190552-processed-gene-0.16-mRNA-1 3573810
.25 genemark-168190552-processed-gene-0.16-mRNA-1 1527373
.34 genemark-168190552-processed-gene-0.16-mRNA-1 1245149
.45 augustus_masked-168311486-processed-gene-0.6-mRNA-1 346765
.43 augustus_masked-168311486-processed-gene-0.6-mRNA-1 1523782
.78 augustus_masked-164300234-processed-gene-0.0-mRNA-1 3531364
.18 augustus_masked-164300234-processed-gene-0.0-mRNA-1 3541125
.84 maker-168205852-augustus-gene-0.39-mRNA-1 191838
.15 maker-168205852-augustus-gene-0.39-mRNA-1 3543616
.67 snap_masked-168436325-processed-gene-0.36-mRNA-1 3585616
.81 snap_masked-168187100-processed-gene-0.74-mRNA-1 3643641
.40 maker-166816315-augustus-gene-0.4-mRNA-1 830376
.35 maker-166816315-augustus-gene-0.4-mRNA-1 3540681
.25 maker-164321543-augustus-gene-0.3-mRNA-1 912777
.46 maker-164321543-augustus-gene-0.3-mRNA-1 3534263
.61 maker-168186590-snap-gene-0.28-mRNA-1 3643491
.16 maker-168186590-snap-gene-0.28-mRNA-1 980073
.12 maker-168186590-snap-gene-0.28-mRNA-1 484820
.76 maker-168449060-snap-gene-0.10-mRNA-1 3643635
.57 augustus_masked-161908885-processed-gene-0.0-mRNA-1 853848
.34 augustus_masked-161908885-processed-gene-0.0-mRNA-1 3542441
.19 maker-165522719-snap-gene-0.1-mRNA-1 1877922
.16 maker-165522719-snap-gene-0.1-mRNA-1 1236130
.44 augustus_masked-96568418-processed-gene-0.0-mRNA-1 3539319
.28 augustus_masked-96568418-processed-gene-0.0-mRNA-1 1306705
.31 maker-168319211-augustus-gene-0.20-mRNA-1 3579540
.28 maker-168319211-augustus-gene-0.20-mRNA-1 988626
.36 maker-168319211-augustus-gene-0.20-mRNA-1 3574830
.21 maker-168319211-augustus-gene-0.20-mRNA-1 1696656
.19 maker-168319211-augustus-gene-0.20-mRNA-1 1974787
.05 augustus_masked-168394131-processed-gene-0.3-mRNA-1 3538936
.04 augustus_masked-168394131-processed-gene-0.3-mRNA-1 3538227
.06 augustus_masked-168394131-processed-gene-0.3-mRNA-1 3538227
.02 augustus_masked-168394131-processed-gene-0.3-mRNA-1 3538936
.02 augustus_masked-168394131-processed-gene-0.3-mRNA-1 3551866
.65 maker-168373796-augustus-gene-0.37-mRNA-1 3643571
.25 maker-168373796-augustus-gene-0.37-mRNA-1 3545193
.14 maker-168183645-augustus-gene-0.16-mRNA-1 3534004
.85 maker-168183645-augustus-gene-0.16-mRNA-1 3643705
.46 augustus_masked-167793158-processed-gene-0.26-mRNA-1 3618227
.26 augustus_masked-167793158-processed-gene-0.26-mRNA-1 3504940
.06 genemark-168391447-processed-gene-0.19-mRNA-1 3581246
.05 genemark-168391447-processed-gene-0.19-mRNA-1 3572999
.06 genemark-168391447-processed-gene-0.19-mRNA-1 3583501
.03 genemark-168391447-processed-gene-0.19-mRNA-1 729533
.04 genemark-168391447-processed-gene-0.19-mRNA-1 371018
.35 augustus_masked-168574837-processed-gene-0.0-mRNA-1 2265685
.45 augustus_masked-166103701-processed-gene-0.0-mRNA-1 3643497
.25 augustus_masked-166103701-processed-gene-0.0-mRNA-1 720448
.40 augustus_masked-166352790-processed-gene-0.0-mRNA-1 3559773
.26 augustus_masked-166352790-processed-gene-0.0-mRNA-1 3611242
.44 genemark-168466685-processed-gene-0.16-mRNA-1 3643735
.26 maker-166519911-snap-gene-0.3-mRNA-1 3531129
.30 maker-166519911-snap-gene-0.3-mRNA-1 1127514
.35 maker-168475046-augustus-gene-0.24-mRNA-1 3568774
.64 maker-168475046-augustus-gene-0.24-mRNA-1 3643293
.35 genemark-166198343-processed-gene-0.1-mRNA-1 3596400
.35 genemark-166198343-processed-gene-0.1-mRNA-1 3595792
.29 maker-168305940-snap-gene-0.62-mRNA-1 3539403
.68 maker-168305940-snap-gene-0.62-mRNA-1 3541882
.03 maker-168271688-snap-gene-0.30-mRNA-1 1091053
.03 maker-168271688-snap-gene-0.30-mRNA-1 3550299
.99 snap_masked-168541870-processed-gene-0.46-mRNA-1 3643260
.42 maker-168169180-augustus-gene-0.2-mRNA-1 1520904
.40 maker-168169180-augustus-gene-0.2-mRNA-1 717204
.39 maker-168237456-snap-gene-0.8-mRNA-4 3643600
.39 maker-168237456-snap-gene-0.8-mRNA-1 3643600
.15 snap_masked-168191390-processed-gene-0.38-mRNA-1 3552094
.62 snap_masked-168191390-processed-gene-0.38-mRNA-1 3552502
.88 maker-168129153-snap-gene-0.17-mRNA-1 3538974
.24 maker-163140692-snap-gene-0.4-mRNA-1 1155703
.39 maker-163140692-snap-gene-0.4-mRNA-1 3538684
.32 augustus_masked-163861116-processed-gene-0.0-mRNA-1 364587
.43 augustus_masked-163861116-processed-gene-0.0-mRNA-1 3533537
.43 maker-168571625-augustus-gene-0.43-mRNA-1 1472384
.21 maker-168571625-augustus-gene-0.43-mRNA-1 676699
.73 maker-166572006-augustus-gene-0.3-mRNA-1 3643724
.21 maker-166572006-augustus-gene-0.3-mRNA-1 3643724
.53 genemark-168268752-processed-gene-0.7-mRNA-1 3643454
.22 genemark-168268752-processed-gene-0.7-mRNA-1 3530905
.08 maker-168518368-snap-gene-0.23-mRNA-1 3576523
.68 maker-168518368-snap-gene-0.23-mRNA-1 3643732
.46 augustus_masked-168283437-processed-gene-0.28-mRNA-1 3643734
.07 augustus_masked-168283437-processed-gene-0.28-mRNA-1 3542352
.28 maker-168558424-augustus-gene-0.11-mRNA-2 3643698
.51 maker-168558424-augustus-gene-0.11-mRNA-2 3643698
.34 augustus_masked-162308355-processed-gene-0.0-mRNA-1 3538227
.34 augustus_masked-162308355-processed-gene-0.0-mRNA-1 3538936
.31 augustus_masked-162308355-processed-gene-0.0-mRNA-1 3551866
.10 augustus_masked-162308355-processed-gene-0.0-mRNA-1 3538936
.10 augustus_masked-162308355-processed-gene-0.0-mRNA-1 3538227
.76 maker-168577341-snap-gene-2.97-mRNA-1 3643678
.41 maker-168577341-snap-gene-2.97-mRNA-1 3621906
.16 augustus_masked-168229181-processed-gene-0.3-mRNA-1 3532733
.20 augustus_masked-168229181-processed-gene-0.3-mRNA-1 3643318
.28 augustus_masked-168204367-processed-gene-0.1-mRNA-1 3534106
.42 augustus_masked-168204367-processed-gene-0.1-mRNA-1 3643287
.67 maker-168485756-augustus-gene-0.22-mRNA-1 3532138
.99 augustus_masked-164008272-processed-gene-0.0-mRNA-1 3542494
.57 augustus_masked-164008272-processed-gene-0.0-mRNA-1 882581
.57 augustus_masked-164008272-processed-gene-0.0-mRNA-1 1535659
.97 maker-164939463-snap-gene-0.10-mRNA-1 3548347
.82 snap_masked-168576560-processed-gene-0.48-mRNA-1 2254661
.26 maker-168561495-augustus-gene-0.24-mRNA-3 3535767
.51 maker-168561495-augustus-gene-0.24-mRNA-3 3535075
.40 genemark-165298534-processed-gene-0.0-mRNA-1 1696719
.45 genemark-165298534-processed-gene-0.0-mRNA-1 2090732
.31 genemark-165298534-processed-gene-0.0-mRNA-1 3504588
.10 genemark-165298534-processed-gene-0.0-mRNA-1 3022975
.07 genemark-165298534-processed-gene-0.0-mRNA-1 1524834
.34 augustus_masked-167111287-processed-gene-0.0-mRNA-1 3540117
.35 augustus_masked-167111287-processed-gene-0.0-mRNA-1 635229
.22 maker-168573084-snap-gene-0.29-mRNA-1 3584042
.36 maker-168573084-snap-gene-0.29-mRNA-1 3643403
.62 augustus_masked-159549071-processed-gene-0.0-mRNA-1 1417518
.28 augustus_masked-159549071-processed-gene-0.0-mRNA-1 3029053
.61 genemark-168119683-processed-gene-0.7-mRNA-1 3643307
.33 genemark-168119683-processed-gene-0.7-mRNA-1 1142610
.32 maker-168384801-augustus-gene-0.31-mRNA-1 1560970
.33 maker-168207271-snap-gene-0.20-mRNA-1 3564688
.10 maker-168207271-snap-gene-0.20-mRNA-1 3580363
.72 snap_masked-168560242-processed-gene-0.20-mRNA-1 3643717
.13 snap_masked-168560242-processed-gene-0.20-mRNA-1 3540451
.42 augustus_masked-168295703-processed-gene-0.2-mRNA-1 3643579
.46 augustus_masked-168295703-processed-gene-0.2-mRNA-1 3643280
.42 maker-168492049-snap-gene-0.30-mRNA-1 3548651
.39 maker-168492049-snap-gene-0.30-mRNA-1 3539782
.05 augustus_masked-168413492-processed-gene-0.0-mRNA-1 1656110
.94 augustus_masked-168413492-processed-gene-0.0-mRNA-1 3585897
.18 augustus_masked-167892787-processed-gene-0.0-mRNA-1 1069499
.24 augustus_masked-167892787-processed-gene-0.0-mRNA-1 3543605
.27 maker-167973722-snap-gene-0.34-mRNA-1 3530862
.85 maker-168572698-snap-gene-0.27-mRNA-1 3569492
.72 maker-168182776-snap-gene-0.41-mRNA-1 3643741
.23 maker-168182776-snap-gene-0.41-mRNA-1 3531102
.35 augustus_masked-168508019-processed-gene-0.0-mRNA-1 3540106
.08 augustus_masked-168508019-processed-gene-0.0-mRNA-1 3537922
.05 augustus_masked-168508019-processed-gene-0.0-mRNA-1 3537922
.50 augustus_masked-168577288-processed-gene-0.8-mRNA-1 3643553
.25 augustus_masked-168577288-processed-gene-0.8-mRNA-1 3532963
.25 augustus_masked-168183681-processed-gene-0.1-mRNA-1 1251145
.52 augustus_masked-168183681-processed-gene-0.1-mRNA-1 773844
.88 augustus_masked-168229483-processed-gene-0.1-mRNA-1 3643433
.26 maker-168562948-augustus-gene-0.21-mRNA-1 3568566
.17 maker-168562948-augustus-gene-0.21-mRNA-1 3643507
.24 genemark-168412320-processed-gene-0.1-mRNA-1 2213471
.23 genemark-168412320-processed-gene-0.1-mRNA-1 3627859
.99 augustus_masked-167869362-processed-gene-0.4-mRNA-1 3643673
.24 augustus_masked-168271227-processed-gene-0.1-mRNA-1 3433609
.34 augustus_masked-168271227-processed-gene-0.1-mRNA-1 2534010
.16 maker-168577147-snap-gene-0.44-mRNA-1 690290
.17 maker-168577147-snap-gene-0.44-mRNA-1 783531
.02 maker-168577147-snap-gene-0.44-mRNA-1 594118
.14 maker-166972690-augustus-gene-0.3-mRNA-1 630120
.85 maker-166972690-augustus-gene-0.3-mRNA-1 3538059
.38 maker-168358628-augustus-gene-0.19-mRNA-1 3643285
.22 maker-168358628-augustus-gene-0.19-mRNA-1 1848167
.34 genemark-167887517-processed-gene-0.7-mRNA-1 3588879
.27 genemark-167887517-processed-gene-0.7-mRNA-1 3560158
0 augustus_masked-168410142-processed-gene-0.2-mRNA-1 3643602
.22 genemark-168454932-processed-gene-0.15-mRNA-1 3541285
.69 maker-168153928-snap-gene-0.12-mRNA-1 3601076
.23 maker-168153928-snap-gene-0.12-mRNA-1 3589106
.23 maker-168153928-snap-gene-0.12-mRNA-1 3542746
.13 maker-168153928-snap-gene-0.12-mRNA-1 3564357
.11 maker-168276603-snap-gene-0.37-mRNA-1 552497
.23 maker-168276603-snap-gene-0.37-mRNA-1 3584105
.53 maker-168343842-snap-gene-0.36-mRNA-1 3643690
.04 maker-168343842-snap-gene-0.36-mRNA-1 3547326
.04 maker-168343842-snap-gene-0.36-mRNA-1 3585927
.32 maker-168462707-augustus-gene-0.11-mRNA-1 3537271
.65 maker-168462707-augustus-gene-0.11-mRNA-1 3536388
.83 snap_masked-168520290-processed-gene-0.38-mRNA-1 3534432
.62 maker-168557682-augustus-gene-0.69-mRNA-1 3643295
.65 maker-168547409-augustus-gene-3.81-mRNA-1 3643700
.34 maker-168547409-augustus-gene-3.81-mRNA-1 14457
.12 augustus_masked-166728708-processed-gene-0.0-mRNA-1 3588349
.12 augustus_masked-166728708-processed-gene-0.0-mRNA-1 630437
.01 augustus_masked-166728708-processed-gene-0.0-mRNA-1 3539453
.01 augustus_masked-166728708-processed-gene-0.0-mRNA-1 680427
.68 maker-168221639-snap-gene-0.87-mRNA-1 1011787
.14 maker-168221639-snap-gene-0.87-mRNA-1 1044486
.16 maker-168221639-snap-gene-0.87-mRNA-1 3624241
.14 maker-168221639-snap-gene-0.87-mRNA-1 1009870
.16 maker-168221639-snap-gene-0.87-mRNA-1 287397
.45 snap_masked-166476711-processed-gene-0.2-mRNA-1 1055778
.54 snap_masked-166476711-processed-gene-0.2-mRNA-1 127008
.12 maker-168203773-augustus-gene-0.43-mRNA-1 96058
.85 maker-168203773-augustus-gene-0.43-mRNA-1 3643729
.82 maker-168113510-augustus-gene-0.80-mRNA-1 3643414
.73 augustus_masked-168181636-processed-gene-0.2-mRNA-1 3535105
.22 augustus_masked-168181636-processed-gene-0.2-mRNA-1 3537352
.14 maker-168569340-snap-gene-0.56-mRNA-1 3627784
.10 augustus_masked-168577142-processed-gene-0.5-mRNA-1 3593619
.73 augustus_masked-168577142-processed-gene-0.5-mRNA-1 3534815
.83 augustus_masked-168234698-processed-gene-0.3-mRNA-1 3643495
.60 snap_masked-168278469-processed-gene-0.11-mRNA-1 3551364
.53 snap_masked-168278469-processed-gene-0.11-mRNA-1 1750739
.57 snap_masked-168278469-processed-gene-0.11-mRNA-1 655355
.52 snap_masked-168278469-processed-gene-0.11-mRNA-1 1146850
.50 snap_masked-168278469-processed-gene-0.11-mRNA-1 347416
.25 maker-164007942-augustus-gene-0.5-mRNA-1 3567586
.21 maker-164007942-augustus-gene-0.5-mRNA-1 3615039
.62 maker-168391503-augustus-gene-0.31-mRNA-1 3643723
.57 maker-168391503-augustus-gene-0.31-mRNA-1 3643277
.21 maker-168391503-augustus-gene-0.31-mRNA-1 344840
.21 maker-168391503-augustus-gene-0.31-mRNA-1 3643302
.14 maker-168391503-augustus-gene-0.31-mRNA-1 3608640
.21 snap_masked-167967680-processed-gene-0.46-mRNA-1 3643277
.13 snap_masked-167967680-processed-gene-0.46-mRNA-1 968428
.90 augustus_masked-168191645-processed-gene-0.13-mRNA-1 3538936
.08 augustus_masked-168191645-processed-gene-0.13-mRNA-1 3538227
.25 maker-166744591-snap-gene-0.6-mRNA-1 3537377
.27 maker-166744591-snap-gene-0.6-mRNA-1 3537376
.85 maker-168402784-snap-gene-0.15-mRNA-1 3643731
.80 maker-168550553-augustus-gene-0.146-mRNA-1 3643566
.10 maker-168550553-augustus-gene-0.146-mRNA-1 2582844
.21 maker-164867159-augustus-gene-0.3-mRNA-1 1040688
.18 maker-164867159-augustus-gene-0.3-mRNA-1 468908
.22 genemark-168560050-processed-gene-0.16-mRNA-1 3643436
.80 maker-168431040-augustus-gene-0.72-mRNA-1 3532361
.15 maker-168431040-augustus-gene-0.72-mRNA-1 1557820
.34 genemark-168516456-processed-gene-0.4-mRNA-1 3560158
.15 genemark-168516456-processed-gene-0.4-mRNA-1 1552522
.17 genemark-168516456-processed-gene-0.4-mRNA-1 1162850
.16 genemark-168516456-processed-gene-0.4-mRNA-1 3042718
.14 genemark-168516456-processed-gene-0.4-mRNA-1 2149108
.28 maker-168569002-snap-gene-0.84-mRNA-1 1011193
.18 maker-168569002-snap-gene-0.84-mRNA-1 3542694
.13 maker-168569002-snap-gene-0.84-mRNA-1 3539755
.11 maker-168569002-snap-gene-0.84-mRNA-1 3542694
.35 maker-168406080-augustus-gene-0.66-mRNA-1 3643562
.27 maker-168406080-augustus-gene-0.66-mRNA-1 3539780
.17 maker-168406080-augustus-gene-0.66-mRNA-1 1187582
.17 maker-168406080-augustus-gene-0.66-mRNA-1 1740569
.12 maker-168406080-augustus-gene-0.66-mRNA-1 449596
