.74 augustus_masked-164412411-processed-gene-0.0-mRNA-1 3436378
.56 augustus_masked-164412411-processed-gene-0.0-mRNA-1 3404827
.58 augustus_masked-164412411-processed-gene-0.0-mRNA-1 1490666
.47 augustus_masked-164412411-processed-gene-0.0-mRNA-1 808747
.18 augustus_masked-164412411-processed-gene-0.0-mRNA-1 570755
.31 maker-168467814-snap-gene-0.114-mRNA-1 3366353
.15 maker-168467814-snap-gene-0.114-mRNA-1 2644690
.15 maker-168577270-snap-gene-0.62-mRNA-1 747170
.84 maker-168577270-snap-gene-0.62-mRNA-1 3455582
.28 maker-168229287-augustus-gene-0.7-mRNA-1 3380450
.25 maker-168229287-augustus-gene-0.7-mRNA-1 810948
.67 maker-167862567-augustus-gene-0.4-mRNA-1 3453757
.21 maker-168350051-augustus-gene-1.62-mRNA-1 1408773
.55 maker-168350051-augustus-gene-1.62-mRNA-1 3455579
.13 maker-168183254-snap-gene-0.7-mRNA-1 3370209
.71 maker-168183254-snap-gene-0.7-mRNA-1 3455575
.72 maker-168446302-augustus-gene-0.89-mRNA-1 3362741
.10 maker-168446302-augustus-gene-0.89-mRNA-1 3376554
.45 maker-168446302-augustus-gene-0.89-mRNA-2 3362741
.29 maker-168446302-augustus-gene-0.89-mRNA-2 1238659
.87 maker-168202927-snap-gene-0.53-mRNA-1 3455473
.03 maker-168202927-snap-gene-0.53-mRNA-1 3333418
.38 maker-168499000-snap-gene-0.105-mRNA-1 3365038
.25 maker-168499000-snap-gene-0.105-mRNA-1 3455536
.33 genemark-168212948-processed-gene-0.29-mRNA-1 898067
.33 genemark-168212948-processed-gene-0.29-mRNA-1 1391095
.33 genemark-168212948-processed-gene-0.29-mRNA-1 3374272
.32 genemark-168212948-processed-gene-0.29-mRNA-1 2120363
.29 genemark-168212948-processed-gene-0.29-mRNA-1 232222
.99 maker-168419683-augustus-gene-0.111-mRNA-1 3455716
.34 augustus_masked-168185673-processed-gene-0.2-mRNA-1 3455323
.48 maker-168374106-augustus-gene-0.7-mRNA-1 3455706
.19 augustus_masked-168228029-processed-gene-0.15-mRNA-1 3363709
.80 augustus_masked-168228029-processed-gene-0.15-mRNA-1 3455717
.83 maker-167898369-augustus-gene-0.84-mRNA-1 3455672
.13 maker-167898369-augustus-gene-0.84-mRNA-1 283924
.48 snap_masked-162995502-processed-gene-0.2-mRNA-1 1621241
.53 snap_masked-162995502-processed-gene-0.2-mRNA-1 3375592
.24 snap_masked-162995502-processed-gene-0.2-mRNA-1 3367768
.26 snap_masked-162995502-processed-gene-0.2-mRNA-1 3384726
.23 snap_masked-162995502-processed-gene-0.2-mRNA-1 1166157
.76 maker-168470051-snap-gene-0.40-mRNA-1 3455709
.07 maker-168470051-snap-gene-0.40-mRNA-1 2476311
.47 maker-168575537-augustus-gene-0.64-mRNA-1 3455467
.26 maker-168575537-augustus-gene-0.64-mRNA-1 188978
.12 maker-168575537-augustus-gene-0.64-mRNA-1 402835
.27 genemark-166920550-processed-gene-0.0-mRNA-1 1297360
.22 genemark-166920550-processed-gene-0.0-mRNA-1 1702973
.23 genemark-166920550-processed-gene-0.0-mRNA-1 1626864
.80 maker-168185567-augustus-gene-0.11-mRNA-2 3455711
.54 maker-168568474-snap-gene-0.81-mRNA-1 3455666
.15 maker-168568474-snap-gene-0.81-mRNA-1 3421168
.99 snap_masked-168538719-processed-gene-0.33-mRNA-1 3374725
.88 snap_masked-168538719-processed-gene-0.33-mRNA-1 3423392
.58 maker-168186754-snap-gene-0.41-mRNA-1 1197467
.09 augustus_masked-158701749-processed-gene-0.0-mRNA-1 3400632
.90 augustus_masked-158701749-processed-gene-0.0-mRNA-1 3455484
.32 maker-167886175-snap-gene-0.26-mRNA-2 3398708
.30 maker-167886175-snap-gene-0.26-mRNA-2 339360
.32 maker-167886175-snap-gene-0.26-mRNA-2 390146
.23 maker-167886175-snap-gene-0.26-mRNA-2 3368433
.21 maker-167886175-snap-gene-0.26-mRNA-2 952857
.24 augustus_masked-168550118-processed-gene-1.59-mRNA-1 3367473
.24 augustus_masked-168550118-processed-gene-1.59-mRNA-1 3390783
.24 augustus_masked-168550118-processed-gene-1.59-mRNA-1 1036611
.20 augustus_masked-168550118-processed-gene-1.59-mRNA-1 1090562
.21 augustus_masked-168550118-processed-gene-1.59-mRNA-1 1553519
.53 maker-168466177-snap-gene-0.25-mRNA-1 3367178
.46 maker-168466177-snap-gene-0.25-mRNA-1 3445209
.44 maker-168436135-augustus-gene-0.62-mRNA-1 666211
.20 maker-168436135-augustus-gene-0.62-mRNA-1 1214359
.48 snap_masked-167898010-processed-gene-0.9-mRNA-1 3368979
.31 snap_masked-167898010-processed-gene-0.9-mRNA-1 524807
.40 snap_masked-167898010-processed-gene-0.9-mRNA-1 3376485
.12 snap_masked-167898010-processed-gene-0.9-mRNA-1 839781
.99 maker-168186767-augustus-gene-0.11-mRNA-2 3455719
.46 maker-168263632-augustus-gene-0.11-mRNA-1 3455394
.19 genemark-168108174-processed-gene-0.7-mRNA-1 1416431
.11 genemark-168108174-processed-gene-0.7-mRNA-1 3399710
.38 augustus_masked-167962785-processed-gene-0.0-mRNA-1 3374655
.60 augustus_masked-167962785-processed-gene-0.0-mRNA-1 420538
.38 maker-168525135-augustus-gene-0.13-mRNA-2 3455469
.14 maker-168525135-augustus-gene-0.13-mRNA-2 3364671
.14 maker-168525135-augustus-gene-0.13-mRNA-2 380161
.07 maker-168525135-augustus-gene-0.13-mRNA-2 938842
.18 maker-168573578-snap-gene-0.67-mRNA-1 828556
.24 maker-168573578-snap-gene-0.67-mRNA-1 3455598
.72 augustus_masked-163773304-processed-gene-0.0-mRNA-1 3447260
.25 augustus_masked-163773304-processed-gene-0.0-mRNA-1 3368816
.32 maker-168366729-augustus-gene-0.27-mRNA-1 3455721
.09 maker-168366729-augustus-gene-0.27-mRNA-1 626133
.99 maker-168572217-snap-gene-0.19-mRNA-1 3455728
.82 maker-168541419-snap-gene-0.77-mRNA-1 3455391
.66 genemark-167909353-processed-gene-0.12-mRNA-1 3385239
.22 genemark-167909353-processed-gene-0.12-mRNA-1 387799
.32 maker-168194286-snap-gene-0.38-mRNA-1 3374576
.30 maker-168194286-snap-gene-0.38-mRNA-1 342697
.12 maker-168552406-snap-gene-0.37-mRNA-1 3403352
.11 maker-168552406-snap-gene-0.37-mRNA-1 1665348
.15 maker-168552406-snap-gene-0.37-mRNA-1 3370251
.42 maker-168011339-snap-gene-0.24-mRNA-1 3390601
.27 maker-168011339-snap-gene-0.24-mRNA-1 3373034
.19 maker-168011339-snap-gene-0.24-mRNA-1 837287
.19 maker-168011339-snap-gene-0.24-mRNA-1 417290
.19 maker-168011339-snap-gene-0.24-mRNA-1 962091
.66 maker-168481841-snap-gene-0.46-mRNA-1 3370882
.33 maker-168481841-snap-gene-0.46-mRNA-1 3394022
.42 maker-165751893-augustus-gene-0.3-mRNA-1 434109
.25 maker-165751893-augustus-gene-0.3-mRNA-1 884406
.19 maker-165751893-augustus-gene-0.3-mRNA-1 856535
.19 maker-165751893-augustus-gene-0.3-mRNA-1 3370080
.14 maker-165751893-augustus-gene-0.3-mRNA-1 1002937
.26 augustus_masked-168190485-processed-gene-0.12-mRNA-1 986882
.19 augustus_masked-168190485-processed-gene-0.12-mRNA-1 3375440
.19 augustus_masked-168190485-processed-gene-0.12-mRNA-1 1192934
.11 augustus_masked-168190485-processed-gene-0.12-mRNA-1 1156722
.11 augustus_masked-168190485-processed-gene-0.12-mRNA-1 986880
.42 snap_masked-163925822-processed-gene-0.2-mRNA-1 1876247
.35 snap_masked-163925822-processed-gene-0.2-mRNA-1 2736266
.24 augustus_masked-168563613-processed-gene-0.6-mRNA-1 1247242
.10 augustus_masked-168563613-processed-gene-0.6-mRNA-1 549263
.53 maker-168571047-augustus-gene-0.110-mRNA-1 3455406
.29 maker-168571047-augustus-gene-0.110-mRNA-1 3384222
.28 maker-168571047-augustus-gene-0.110-mRNA-1 3371911
.20 maker-168571047-augustus-gene-0.110-mRNA-1 1038069
.13 maker-168571047-augustus-gene-0.110-mRNA-1 1032295
.99 maker-168350479-augustus-gene-0.43-mRNA-1 3455710
.25 augustus_masked-168315634-processed-gene-0.6-mRNA-1 3377913
.66 augustus_masked-168315634-processed-gene-0.6-mRNA-1 3402100
.76 augustus_masked-168453577-processed-gene-0.1-mRNA-1 3370004
.12 augustus_masked-168453577-processed-gene-0.1-mRNA-1 941854
.10 augustus_masked-168453577-processed-gene-0.1-mRNA-1 1794297
.10 augustus_masked-168453577-processed-gene-0.1-mRNA-1 941856
.13 augustus_masked-168577490-processed-gene-1.3-mRNA-1 3444924
.46 augustus_masked-168577490-processed-gene-1.3-mRNA-1 3369945
.64 snap_masked-167741742-processed-gene-0.4-mRNA-1 3455522
.17 snap_masked-167741742-processed-gene-0.4-mRNA-1 2130301
.45 augustus_masked-168387263-processed-gene-0.15-mRNA-1 3363285
.14 augustus_masked-168387263-processed-gene-0.15-mRNA-1 678011
.13 augustus_masked-168387263-processed-gene-0.15-mRNA-1 970890
.12 augustus_masked-168387263-processed-gene-0.15-mRNA-1 263407
.05 augustus_masked-168387263-processed-gene-0.15-mRNA-1 327718
.32 maker-168462753-augustus-gene-0.87-mRNA-1 3370553
.22 maker-168462753-augustus-gene-0.87-mRNA-1 3376330
.20 maker-168462753-augustus-gene-0.87-mRNA-1 1081185
.21 maker-168462753-augustus-gene-0.87-mRNA-1 537707
.19 maker-168462753-augustus-gene-0.87-mRNA-1 431709
.81 maker-168311476-augustus-gene-0.60-mRNA-1 3455390
.07 maker-168311476-augustus-gene-0.60-mRNA-1 2217400
.17 maker-168311476-augustus-gene-0.60-mRNA-1 3455575
.76 maker-168429485-augustus-gene-0.70-mRNA-1 3455533
.06 maker-168429485-augustus-gene-0.70-mRNA-1 2550190
.47 snap_masked-168538592-processed-gene-0.45-mRNA-1 1242605
.80 maker-168118381-augustus-gene-0.10-mRNA-2 3363840
.17 maker-168118381-augustus-gene-0.10-mRNA-2 212253
.70 maker-168213252-snap-gene-0.91-mRNA-1 3455431
.68 augustus_masked-168006039-processed-gene-0.0-mRNA-1 3455712
.25 augustus_masked-168006039-processed-gene-0.0-mRNA-1 3365351
.16 genemark-168010118-processed-gene-0.11-mRNA-1 3449287
.14 genemark-168010118-processed-gene-0.11-mRNA-1 3388942
.10 maker-168300109-augustus-gene-0.57-mRNA-1 3392112
.89 maker-168300109-augustus-gene-0.57-mRNA-1 3455341
.13 maker-168372923-augustus-gene-0.59-mRNA-1 1863988
.51 maker-168372923-augustus-gene-0.59-mRNA-1 3455548
.38 genemark-168340232-processed-gene-0.5-mRNA-1 1404919
.24 genemark-168340232-processed-gene-0.5-mRNA-1 3390210
.33 snap_masked-168183981-processed-gene-0.5-mRNA-1 3455588
.37 snap_masked-168183981-processed-gene-0.5-mRNA-1 3455702
.36 maker-168249436-augustus-gene-0.9-mRNA-1 3365474
.63 maker-168249436-augustus-gene-0.9-mRNA-1 3455552
.76 augustus_masked-168447571-processed-gene-0.2-mRNA-1 3365069
.19 augustus_masked-168447571-processed-gene-0.2-mRNA-1 776673
.24 maker-168021288-snap-gene-0.34-mRNA-1 3376184
.17 maker-168021288-snap-gene-0.34-mRNA-1 1574052
.28 maker-168452489-snap-gene-0.74-mRNA-1 1338892
.39 maker-168452489-snap-gene-0.74-mRNA-1 521040
.83 maker-168307674-augustus-gene-0.8-mRNA-3 3455671
.09 maker-168307674-augustus-gene-0.8-mRNA-3 1071720
.88 maker-168577007-snap-gene-0.30-mRNA-1 3455708
.58 maker-167889808-augustus-gene-0.46-mRNA-1 3365582
.17 maker-167889808-augustus-gene-0.46-mRNA-1 372578
.80 maker-168190522-snap-gene-0.115-mRNA-1 3455474
.67 augustus_masked-168319999-processed-gene-0.8-mRNA-1 1913959
.99 maker-162313884-snap-gene-0.7-mRNA-1 3455725
.18 maker-168204043-snap-gene-0.20-mRNA-1 3377524
.78 maker-168189731-snap-gene-0.17-mRNA-1 3455731
.38 augustus_masked-168277055-processed-gene-0.0-mRNA-1 3402836
.61 augustus_masked-168277055-processed-gene-0.0-mRNA-1 3371130
.35 augustus_masked-94147209-processed-gene-0.0-mRNA-1 808747
.21 augustus_masked-94147209-processed-gene-0.0-mRNA-1 678533
.25 augustus_masked-94147209-processed-gene-0.0-mRNA-1 1282661
.21 augustus_masked-94147209-processed-gene-0.0-mRNA-1 823622
.23 augustus_masked-94147209-processed-gene-0.0-mRNA-1 3369292
.71 maker-168569300-augustus-gene-0.28-mRNA-1 3455715
.51 augustus_masked-168292425-processed-gene-0.1-mRNA-1 2580812
.78 maker-168577380-augustus-gene-0.32-mRNA-1 3455718
.98 maker-168574284-snap-gene-0.62-mRNA-1 3455683
.22 genemark-168400497-processed-gene-0.3-mRNA-1 3388235
.15 genemark-168400497-processed-gene-0.3-mRNA-1 1785725
.36 maker-168410806-augustus-gene-0.10-mRNA-1 746812
.41 maker-168410806-augustus-gene-0.10-mRNA-1 3385405
.22 maker-168410806-augustus-gene-0.10-mRNA-1 3392008
.20 maker-168410806-augustus-gene-0.10-mRNA-1 1529168
.19 maker-168410806-augustus-gene-0.10-mRNA-1 1624834
.38 snap_masked-168483863-processed-gene-0.25-mRNA-1 1539887
.99 snap_masked-163994296-processed-gene-0.2-mRNA-1 3455395
.72 maker-168154321-snap-gene-0.46-mRNA-1 3455610
.16 maker-168036843-augustus-gene-0.40-mRNA-1 842546
.09 maker-168036843-augustus-gene-0.40-mRNA-1 2875298
.50 snap_masked-167965969-processed-gene-0.10-mRNA-1 547817
.54 snap_masked-167965969-processed-gene-0.10-mRNA-1 3455670
.10 snap_masked-167965969-processed-gene-0.10-mRNA-1 3455670
.99 augustus_masked-167933451-processed-gene-0.2-mRNA-1 252386
.99 augustus_masked-167933451-processed-gene-0.2-mRNA-1 3386078
.22 maker-168376257-augustus-gene-0.21-mRNA-1 329366
.55 maker-168376257-augustus-gene-0.21-mRNA-1 3380794
.74 maker-164628634-snap-gene-0.4-mRNA-1 3364920
.25 maker-164628634-snap-gene-0.4-mRNA-1 517659
.23 augustus_masked-102623972-processed-gene-0.0-mRNA-1 1885806
.21 augustus_masked-102623972-processed-gene-0.0-mRNA-1 3429066
.80 augustus_masked-161793453-processed-gene-0.0-mRNA-1 433391
.14 augustus_masked-161793453-processed-gene-0.0-mRNA-1 3364122
.10 augustus_masked-161793453-processed-gene-0.0-mRNA-1 3179798
.63 genemark-168461475-processed-gene-0.2-mRNA-1 3455626
.12 genemark-168461475-processed-gene-0.2-mRNA-1 1666961
.62 maker-168276834-augustus-gene-1.133-mRNA-2 3455366
.10 maker-168276834-augustus-gene-1.133-mRNA-2 3455448
.63 augustus_masked-167747860-processed-gene-0.2-mRNA-1 1709898
.40 augustus_masked-167747860-processed-gene-0.2-mRNA-1 2970526
.39 maker-162042130-augustus-gene-0.3-mRNA-1 3455316
.31 maker-162042130-augustus-gene-0.3-mRNA-1 1035376
.28 maker-162042130-augustus-gene-0.3-mRNA-1 3372951
.29 maker-162042130-augustus-gene-0.3-mRNA-1 3381578
.29 maker-162042130-augustus-gene-0.3-mRNA-1 3382010
.96 maker-168414305-snap-gene-0.67-mRNA-1 3455724
.28 maker-168058525-snap-gene-0.75-mRNA-1 3371536
.28 maker-168058525-snap-gene-0.75-mRNA-1 670952
.22 maker-168058525-snap-gene-0.75-mRNA-1 3367830
.21 maker-168058525-snap-gene-0.75-mRNA-1 3389895
.15 maker-168058525-snap-gene-0.75-mRNA-1 3367980
.43 maker-168472946-snap-gene-0.29-mRNA-1 3367606
.77 snap_masked-167837038-processed-gene-0.12-mRNA-1 3455677
.43 maker-168485647-snap-gene-0.4-mRNA-1 3416603
.37 maker-168485647-snap-gene-0.4-mRNA-1 547817
.48 maker-168186670-augustus-gene-0.9-mRNA-1 3455374
.50 maker-168186670-augustus-gene-0.9-mRNA-1 3455374
.27 augustus_masked-168048797-processed-gene-0.0-mRNA-1 3362919
.27 augustus_masked-168048797-processed-gene-0.0-mRNA-1 692801
.26 augustus_masked-168048797-processed-gene-0.0-mRNA-1 3372616
.25 augustus_masked-168048797-processed-gene-0.0-mRNA-1 3369454
.19 augustus_masked-168048797-processed-gene-0.0-mRNA-1 1661223
.77 snap_masked-162851412-processed-gene-0.3-mRNA-1 561368
.22 snap_masked-162851412-processed-gene-0.3-mRNA-1 3362258
.20 maker-168376605-snap-gene-0.20-mRNA-1 3365172
.33 maker-168376605-snap-gene-0.20-mRNA-1 3364473
.96 maker-168408473-snap-gene-0.60-mRNA-1 3455665
.13 maker-168523894-snap-gene-0.32-mRNA-1 1610134
.07 maker-168523894-snap-gene-0.32-mRNA-1 3364191
.04 maker-168523894-snap-gene-0.32-mRNA-1 3374597
.04 maker-168523894-snap-gene-0.32-mRNA-1 766180
.33 maker-168193071-augustus-gene-0.23-mRNA-1 3455730
.36 maker-168193071-augustus-gene-0.23-mRNA-1 3455730
.11 maker-168193071-augustus-gene-0.23-mRNA-1 3365574
.98 maker-168471689-snap-gene-0.107-mRNA-1 3455705
.99 augustus_masked-164440326-processed-gene-0.0-mRNA-1 3455232
.17 maker-167851755-augustus-gene-0.17-mRNA-1 758853
.79 maker-167851755-augustus-gene-0.17-mRNA-1 3455663
.72 maker-168557445-augustus-gene-0.36-mRNA-1 3381159
.21 maker-168557445-augustus-gene-0.36-mRNA-1 1223759
.26 maker-168467170-augustus-gene-0.16-mRNA-1 1019217
.16 maker-168467170-augustus-gene-0.16-mRNA-1 1437637
.58 maker-168191042-augustus-gene-0.47-mRNA-1 3376544
.18 maker-168191042-augustus-gene-0.47-mRNA-1 3385739
.20 augustus_masked-168059513-processed-gene-0.0-mRNA-1 1624310
.40 augustus_masked-168059513-processed-gene-0.0-mRNA-1 3365642
.30 maker-168186678-snap-gene-0.11-mRNA-1 3455521
.08 maker-168186678-snap-gene-0.11-mRNA-1 3455550
.01 maker-168186678-snap-gene-0.11-mRNA-1 1176405
.01 maker-168186678-snap-gene-0.11-mRNA-1 976639
.71 maker-167122957-snap-gene-0.4-mRNA-1 228822
.28 maker-167122957-snap-gene-0.4-mRNA-1 477008
.10 maker-168300962-augustus-gene-0.4-mRNA-1 3396815
.11 maker-168300962-augustus-gene-0.4-mRNA-1 1081638
.11 maker-168300962-augustus-gene-0.4-mRNA-1 3422349
.85 augustus_masked-166129728-processed-gene-0.0-mRNA-1 3455608
.13 augustus_masked-166129728-processed-gene-0.0-mRNA-1 1130587
.84 maker-168576956-augustus-gene-0.32-mRNA-1 3455707
.80 maker-163028356-snap-gene-0.7-mRNA-1 3455602
.05 maker-163028356-snap-gene-0.7-mRNA-1 1926735
.39 snap_masked-168229165-processed-gene-0.21-mRNA-1 3365998
.60 snap_masked-168229165-processed-gene-0.21-mRNA-1 957526
.38 augustus_masked-167918065-processed-gene-0.5-mRNA-1 3447260
.04 augustus_masked-167918065-processed-gene-0.5-mRNA-1 1554030
.50 augustus_masked-168488205-processed-gene-0.1-mRNA-1 3455320
.31 augustus_masked-168488205-processed-gene-0.1-mRNA-1 1160163
.22 augustus_masked-168488205-processed-gene-0.1-mRNA-1 3376734
.25 augustus_masked-168488205-processed-gene-0.1-mRNA-1 3455320
.39 maker-168371515-snap-gene-0.24-mRNA-1 3455584
.50 maker-168371515-snap-gene-0.24-mRNA-1 3455294
.11 genemark-168370384-processed-gene-0.35-mRNA-1 1587089
.23 genemark-168370384-processed-gene-0.35-mRNA-1 3388235
.69 augustus_masked-168457458-processed-gene-0.3-mRNA-1 3384772
.23 augustus_masked-168457458-processed-gene-0.3-mRNA-1 2217095
.40 maker-158787044-augustus-gene-0.3-mRNA-1 1961230
.50 maker-158787044-augustus-gene-0.3-mRNA-1 1850134
.73 maker-168269733-augustus-gene-0.20-mRNA-1 3455704
.14 maker-168269733-augustus-gene-0.20-mRNA-1 724720
.26 augustus_masked-168554127-processed-gene-0.4-mRNA-1 3446987
.59 augustus_masked-168554127-processed-gene-0.4-mRNA-1 3394036
.17 augustus_masked-168554127-processed-gene-0.4-mRNA-1 2215337
.35 maker-168187783-augustus-gene-0.71-mRNA-1 3365612
.27 maker-168187783-augustus-gene-0.71-mRNA-1 1803936
.77 maker-167975377-augustus-gene-0.4-mRNA-1 3455251
.18 maker-167975377-augustus-gene-0.4-mRNA-1 3367678
.10 maker-168513276-snap-gene-0.29-mRNA-1 886280
.89 maker-168513276-snap-gene-0.29-mRNA-1 3455511
.99 maker-168184142-augustus-gene-0.116-mRNA-1 3455619
.28 augustus_masked-168548311-processed-gene-0.28-mRNA-1 3408288
.30 augustus_masked-168548311-processed-gene-0.28-mRNA-1 3432702
.26 maker-168375019-augustus-gene-0.45-mRNA-1 3385838
.50 maker-168375019-augustus-gene-0.45-mRNA-1 3455714
.43 maker-168187433-augustus-gene-0.31-mRNA-1 3455642
.56 maker-168187433-augustus-gene-0.31-mRNA-1 3455642
.85 maker-166099382-augustus-gene-0.4-mRNA-1 3364831
.13 maker-166099382-augustus-gene-0.4-mRNA-1 507858
.09 snap_masked-168547409-processed-gene-2.41-mRNA-1 875386
.83 snap_masked-168547409-processed-gene-2.41-mRNA-1 3455723
.36 maker-168259174-augustus-gene-0.44-mRNA-1 3455669
.52 maker-168259174-augustus-gene-0.44-mRNA-1 3455669
.27 maker-163500561-augustus-gene-0.5-mRNA-1 3366813
.55 maker-163500561-augustus-gene-0.5-mRNA-1 3364120
.75 maker-168440810-augustus-gene-1.90-mRNA-1 3455494
.21 maker-168440810-augustus-gene-1.90-mRNA-1 3399270
.66 genemark-168193286-processed-gene-0.26-mRNA-1 3455623
.14 genemark-168193286-processed-gene-0.26-mRNA-1 2026267
.99 snap_masked-166743085-processed-gene-0.2-mRNA-1 3455699
.24 maker-167961018-augustus-gene-0.5-mRNA-1 3370660
.21 maker-167961018-augustus-gene-0.5-mRNA-1 869859
.85 augustus_masked-168317034-processed-gene-0.0-mRNA-1 3455524
.02 augustus_masked-168317034-processed-gene-0.0-mRNA-1 3455523
.04 augustus_masked-168317034-processed-gene-0.0-mRNA-1 3455523
.63 maker-168555524-snap-gene-0.90-mRNA-1 3455471
.24 maker-168555524-snap-gene-0.90-mRNA-1 3388223
.18 maker-168555524-snap-gene-0.90-mRNA-1 3363674
.13 maker-168555524-snap-gene-0.90-mRNA-1 3365738
.15 maker-168420720-snap-gene-0.5-mRNA-1 902478
.14 maker-168420720-snap-gene-0.5-mRNA-1 3365876
.11 maker-168420720-snap-gene-0.5-mRNA-1 3368429
.11 maker-168420720-snap-gene-0.5-mRNA-1 615906
.29 maker-168557953-augustus-gene-0.38-mRNA-1 3367416
.18 maker-168557953-augustus-gene-0.38-mRNA-1 3363977
.10 maker-168557953-augustus-gene-0.38-mRNA-1 3415543
.08 maker-168557953-augustus-gene-0.38-mRNA-1 345238
.04 maker-168557953-augustus-gene-0.38-mRNA-1 345236
.32 maker-168292587-augustus-gene-0.26-mRNA-1 3455674
.31 maker-168292587-augustus-gene-0.26-mRNA-1 3455674
.99 maker-168495827-augustus-gene-0.28-mRNA-1 3455675
.20 maker-168567982-snap-gene-0.52-mRNA-1 3455505
.19 maker-168567982-snap-gene-0.52-mRNA-1 3369566
.09 maker-168567982-snap-gene-0.52-mRNA-1 3362085
.09 maker-168567982-snap-gene-0.52-mRNA-1 3364421
.09 maker-168567982-snap-gene-0.52-mRNA-1 837573
.33 maker-168353127-snap-gene-0.56-mRNA-1 3455364
.09 maker-168353127-snap-gene-0.56-mRNA-1 3455527
.98 maker-168296297-snap-gene-0.35-mRNA-1 3455713
.54 snap_masked-162990672-processed-gene-0.3-mRNA-1 3283694
.35 maker-167925710-snap-gene-0.5-mRNA-1 706889
.18 maker-167925710-snap-gene-0.5-mRNA-1 1000594
.12 maker-167925710-snap-gene-0.5-mRNA-1 719166
.34 maker-168188025-augustus-gene-0.61-mRNA-1 3364261
.41 maker-168352424-snap-gene-0.20-mRNA-1 3370251
.22 maker-168352424-snap-gene-0.20-mRNA-1 3396825
.19 maker-168352424-snap-gene-0.20-mRNA-1 948554
.23 maker-168352424-snap-gene-0.20-mRNA-1 562634
.13 maker-168352424-snap-gene-0.20-mRNA-1 3404615
.66 maker-167939724-augustus-gene-0.28-mRNA-1 3455729
.18 maker-167939724-augustus-gene-0.28-mRNA-1 3455729
.43 maker-167877401-snap-gene-0.17-mRNA-1 3364424
.17 maker-167877401-snap-gene-0.17-mRNA-1 1328306
.13 maker-167877401-snap-gene-0.17-mRNA-1 772876
.08 maker-167877401-snap-gene-0.17-mRNA-1 3367227
.53 augustus_masked-168190142-processed-gene-0.8-mRNA-1 1060080
.45 augustus_masked-168190142-processed-gene-0.8-mRNA-1 739528
.10 maker-168552177-snap-gene-0.105-mRNA-1 589774
.85 maker-168552177-snap-gene-0.105-mRNA-1 3455492
.36 augustus_masked-168019455-processed-gene-0.1-mRNA-1 987132
.31 maker-168381471-snap-gene-0.7-mRNA-2 951065
.28 maker-168381471-snap-gene-0.7-mRNA-2 886254
.51 maker-168189014-snap-gene-0.20-mRNA-1 3362138
.48 maker-168189014-snap-gene-0.20-mRNA-1 3455569
.99 maker-167817183-augustus-gene-0.17-mRNA-1 3455700
.51 maker-168500640-snap-gene-0.16-mRNA-1 2554938
.37 maker-168500640-snap-gene-0.16-mRNA-1 3306647
.35 augustus_masked-165513687-processed-gene-0.0-mRNA-1 3066117
.09 augustus_masked-165513687-processed-gene-0.0-mRNA-1 154863
.42 genemark-168302669-processed-gene-0.5-mRNA-1 2314846
.34 genemark-168302669-processed-gene-0.5-mRNA-1 3241108
.01 augustus_masked-168296973-processed-gene-0.1-mRNA-1 3364426
.99 maker-167999360-snap-gene-0.10-mRNA-1 3455461
.94 maker-168292046-augustus-gene-0.45-mRNA-1 3455443
.05 maker-168292046-augustus-gene-0.45-mRNA-1 256677
.99 augustus_masked-162902512-processed-gene-0.0-mRNA-1 3413994
.36 genemark-168477678-processed-gene-0.2-mRNA-1 3455695
.72 maker-168554558-augustus-gene-2.102-mRNA-1 3370079
.16 maker-168554558-augustus-gene-2.102-mRNA-1 3376087
.39 maker-168563918-augustus-gene-1.87-mRNA-1 3372972
.52 maker-168563918-augustus-gene-1.87-mRNA-1 3455549
.37 maker-168255619-snap-gene-0.21-mRNA-1 3400113
.36 maker-168255619-snap-gene-0.21-mRNA-1 3366541
.36 maker-168255619-snap-gene-0.21-mRNA-1 552758
.38 maker-168255619-snap-gene-0.21-mRNA-1 3373627
.40 maker-168255619-snap-gene-0.21-mRNA-1 3366103
.44 maker-168334078-augustus-gene-0.26-mRNA-1 3369879
.23 maker-168334078-augustus-gene-0.26-mRNA-1 3390126
.20 maker-168334078-augustus-gene-0.26-mRNA-1 286015
.22 maker-168334078-augustus-gene-0.26-mRNA-1 3363449
.13 maker-168334078-augustus-gene-0.26-mRNA-1 3390125
.39 maker-168241684-snap-gene-0.84-mRNA-1 490902
.25 maker-168241684-snap-gene-0.84-mRNA-1 3378277
.24 maker-168241684-snap-gene-0.84-mRNA-1 1098277
.14 maker-168241684-snap-gene-0.84-mRNA-1 3372738
.29 maker-168186977-augustus-gene-0.7-mRNA-1 405612
.23 maker-168186977-augustus-gene-0.7-mRNA-1 1178480
.30 maker-168363263-augustus-gene-0.27-mRNA-1 1752210
.16 maker-168363263-augustus-gene-0.27-mRNA-1 1875987
.29 maker-168183840-snap-gene-0.70-mRNA-1 3365300
.22 maker-168183840-snap-gene-0.70-mRNA-1 3409519
.15 genemark-168293829-processed-gene-0.11-mRNA-1 3369313
.11 genemark-168293829-processed-gene-0.11-mRNA-1 491079
.58 maker-168188335-snap-gene-0.54-mRNA-1 3367300
.38 maker-168188335-snap-gene-0.54-mRNA-1 3366169
.13 maker-168188335-snap-gene-0.54-mRNA-1 2033174
.13 maker-168188335-snap-gene-0.54-mRNA-1 903120
.14 maker-168188335-snap-gene-0.54-mRNA-1 2762625
.69 maker-168509365-augustus-gene-0.11-mRNA-1 3388285
.22 maker-168509365-augustus-gene-0.11-mRNA-1 1460259
.09 augustus_masked-168243555-processed-gene-0.3-mRNA-1 1637867
.90 augustus_masked-168243555-processed-gene-0.3-mRNA-1 3362075
.35 genemark-168253090-processed-gene-0.9-mRNA-1 3377777
.22 maker-168185066-snap-gene-0.6-mRNA-1 3376106
.99 snap_masked-168196290-processed-gene-0.43-mRNA-1 3384801
.82 maker-168186779-augustus-gene-0.15-mRNA-1 3455732
.33 genemark-168291112-processed-gene-0.5-mRNA-1 3366763
.16 genemark-168291112-processed-gene-0.5-mRNA-1 1499395
.49 maker-162220613-snap-gene-0.4-mRNA-1 345905
.40 maker-162220613-snap-gene-0.4-mRNA-1 3387561
.12 maker-168232993-augustus-gene-0.8-mRNA-1 1241087
.10 maker-168232993-augustus-gene-0.8-mRNA-1 3380225
.01 maker-168232993-augustus-gene-0.8-mRNA-1 3361969
0 maker-168232993-augustus-gene-0.8-mRNA-1 3375911
0 maker-168232993-augustus-gene-0.8-mRNA-1 3361969
.30 maker-159137746-augustus-gene-0.3-mRNA-1 3364074
.20 maker-159137746-augustus-gene-0.3-mRNA-1 3383660
.01 maker-159137746-augustus-gene-0.3-mRNA-1 3364938
.65 augustus_masked-168337306-processed-gene-0.1-mRNA-1 3455304
.38 augustus_masked-168337306-processed-gene-0.1-mRNA-1 1077733
.35 augustus_masked-168337306-processed-gene-0.1-mRNA-1 925406
.18 augustus_masked-168337306-processed-gene-0.1-mRNA-1 3382318
.20 maker-168543645-snap-gene-0.68-mRNA-2 3415870
.27 maker-168543645-snap-gene-0.68-mRNA-2 1154028
.65 maker-168246658-snap-gene-0.72-mRNA-1 3455506
.31 maker-168369133-augustus-gene-0.65-mRNA-1 476447
.30 maker-168369133-augustus-gene-0.65-mRNA-1 832937
.54 maker-168489400-snap-gene-0.28-mRNA-1 3376165
.19 maker-168489400-snap-gene-0.28-mRNA-1 1185471
.33 augustus_masked-165928106-processed-gene-0.0-mRNA-1 1712612
.31 augustus_masked-165928106-processed-gene-0.0-mRNA-1 1935780
.59 snap_masked-168333882-processed-gene-0.52-mRNA-1 3362883
.43 maker-168317093-snap-gene-0.10-mRNA-1 2011728
.54 maker-162491411-snap-gene-0.4-mRNA-1 3366364
.27 maker-162491411-snap-gene-0.4-mRNA-1 3365334
.99 snap_masked-168182963-processed-gene-0.36-mRNA-1 3385861
.72 maker-168565676-augustus-gene-0.60-mRNA-1 3455720
.72 maker-168572914-augustus-gene-0.26-mRNA-1 3455273
.27 maker-168572914-augustus-gene-0.26-mRNA-1 3371935
.93 augustus_masked-168461615-processed-gene-0.7-mRNA-1 1136638
.69 augustus_masked-168461615-processed-gene-0.7-mRNA-1 3371561
.48 maker-168577235-snap-gene-0.134-mRNA-1 3405414
.51 maker-168577235-snap-gene-0.134-mRNA-1 3377430
.39 maker-160522394-snap-gene-0.6-mRNA-2 3455192
.33 maker-160522394-snap-gene-0.6-mRNA-2 3362769
.22 maker-160522394-snap-gene-0.6-mRNA-2 459007
.16 maker-160522394-snap-gene-0.6-mRNA-2 95081
.05 maker-160522394-snap-gene-0.6-mRNA-2 199818
.51 snap_masked-168555502-processed-gene-0.52-mRNA-1 3455156
.45 maker-168451659-augustus-gene-0.47-mRNA-1 3455726
.10 maker-168451659-augustus-gene-0.47-mRNA-1 1401952
.18 snap_masked-168556190-processed-gene-1.47-mRNA-1 1454059
.34 snap_masked-168556190-processed-gene-1.47-mRNA-1 3391316
.23 augustus_masked-168410931-processed-gene-0.5-mRNA-1 763045
.15 augustus_masked-168410931-processed-gene-0.5-mRNA-1 3455233
.66 maker-160632232-augustus-gene-0.3-mRNA-1 3364756
.24 maker-160632232-augustus-gene-0.3-mRNA-1 863233
.43 augustus_masked-168111514-processed-gene-0.1-mRNA-1 3369332
.27 augustus_masked-168111514-processed-gene-0.1-mRNA-1 977738
.24 augustus_masked-168111514-processed-gene-0.1-mRNA-1 3363505
.18 augustus_masked-168111514-processed-gene-0.1-mRNA-1 3372307
.64 maker-168251162-augustus-gene-0.62-mRNA-1 3455210
.34 maker-168251162-augustus-gene-0.62-mRNA-1 1233075
.72 maker-165340764-snap-gene-0.5-mRNA-1 3455561
.26 maker-165340764-snap-gene-0.5-mRNA-1 3362413
.66 snap_masked-168123753-processed-gene-0.26-mRNA-1 3368059
.18 snap_masked-168123753-processed-gene-0.26-mRNA-1 3349977
.20 maker-168406216-snap-gene-1.65-mRNA-1 660032
.61 maker-168406216-snap-gene-1.65-mRNA-1 3455497
.28 maker-168257984-augustus-gene-0.9-mRNA-1 3368439
.05 maker-168257984-augustus-gene-0.9-mRNA-1 742785
.99 snap_masked-168476630-processed-gene-0.3-mRNA-1 3455237
.99 snap_masked-168476630-processed-gene-0.3-mRNA-1 3455250
.99 snap_masked-168476630-processed-gene-0.3-mRNA-1 3455185
.97 snap_masked-168476630-processed-gene-0.3-mRNA-1 3455243
.99 snap_masked-168476630-processed-gene-0.3-mRNA-1 3455307
.45 maker-168577300-snap-gene-0.53-mRNA-1 3362428
.48 maker-168577300-snap-gene-0.53-mRNA-1 3364197
.99 maker-166937603-snap-gene-0.5-mRNA-1 3455733
.45 maker-168189895-augustus-gene-1.71-mRNA-1 3455722
.51 maker-168189895-augustus-gene-1.71-mRNA-1 3455722
.76 maker-168253925-augustus-gene-0.16-mRNA-1 3455703
.21 maker-168253925-augustus-gene-0.16-mRNA-1 355174
.52 snap_masked-168322613-processed-gene-0.36-mRNA-1 3372442
.34 snap_masked-168322613-processed-gene-0.36-mRNA-1 500891
