.47 maker-168479360-augustus-gene-0.12-mRNA-1 2218333
.47 maker-168479360-augustus-gene-0.12-mRNA-1 486111
0 augustus_masked-168071073-processed-gene-0.1-mRNA-1 2230436
.12 genemark-167990381-processed-gene-0.15-mRNA-1 2227685
.76 genemark-167990381-processed-gene-0.15-mRNA-1 2270182
.33 snap_masked-167859479-processed-gene-0.13-mRNA-1 2270070
.05 maker-168464597-augustus-gene-0.9-mRNA-1 2234430
.05 maker-168464597-augustus-gene-0.9-mRNA-1 2270080
.04 maker-168464597-augustus-gene-0.9-mRNA-1 2210433
.02 maker-168464597-augustus-gene-0.9-mRNA-1 2270181
.03 maker-168464597-augustus-gene-0.9-mRNA-1 2270181
.67 maker-168574981-snap-gene-0.12-mRNA-1 2215174
.32 maker-168574981-snap-gene-0.12-mRNA-1 242511
.97 maker-168558657-snap-gene-0.62-mRNA-1 2270063
.94 maker-168266441-snap-gene-1.113-mRNA-1 2270215
.18 augustus_masked-168083240-processed-gene-0.2-mRNA-1 2224778
.41 augustus_masked-168083240-processed-gene-0.2-mRNA-1 2270216
.96 maker-168576936-augustus-gene-0.26-mRNA-1 2270187
.47 augustus_masked-164065109-processed-gene-0.0-mRNA-1 2214060
.37 augustus_masked-164065109-processed-gene-0.0-mRNA-1 2215030
.77 maker-168089639-snap-gene-0.18-mRNA-2 383926
.10 maker-168089639-snap-gene-0.18-mRNA-2 1340369
.60 genemark-168196846-processed-gene-0.7-mRNA-1 2270132
.22 genemark-168196846-processed-gene-0.7-mRNA-1 2220210
.26 maker-168437239-augustus-gene-0.13-mRNA-1 2221929
.17 maker-168437239-augustus-gene-0.13-mRNA-1 2221925
.12 maker-168437239-augustus-gene-0.13-mRNA-1 805190
.47 snap_masked-168514287-processed-gene-0.14-mRNA-1 2215980
.38 snap_masked-168514287-processed-gene-0.14-mRNA-1 2211328
.24 snap_masked-168514287-processed-gene-0.14-mRNA-1 523412
.24 snap_masked-168514287-processed-gene-0.14-mRNA-1 2270065
.19 augustus_masked-168287944-processed-gene-0.2-mRNA-1 398982
.79 augustus_masked-168287944-processed-gene-0.2-mRNA-1 2246014
.52 maker-168183159-augustus-gene-0.11-mRNA-1 2239414
.08 maker-168183159-augustus-gene-0.11-mRNA-1 249861
.61 augustus_masked-166201476-processed-gene-0.1-mRNA-1 91442
.20 augustus_masked-166201476-processed-gene-0.1-mRNA-1 336140
.39 genemark-168371537-processed-gene-0.14-mRNA-1 2253471
.30 genemark-168371537-processed-gene-0.14-mRNA-1 2211678
.30 genemark-168371537-processed-gene-0.14-mRNA-1 2215095
.37 maker-162124767-snap-gene-0.4-mRNA-1 98129
.27 maker-162124767-snap-gene-0.4-mRNA-1 116644
.88 augustus_masked-167882969-processed-gene-0.3-mRNA-1 2270118
.10 augustus_masked-167882969-processed-gene-0.3-mRNA-1 568886
.10 augustus_masked-167882969-processed-gene-0.3-mRNA-1 968426
.08 augustus_masked-167882969-processed-gene-0.3-mRNA-1 1082788
.08 augustus_masked-167882969-processed-gene-0.3-mRNA-1 1024592
.89 maker-168187152-augustus-gene-0.17-mRNA-1 2269744
.97 maker-168328748-augustus-gene-0.3-mRNA-1 2215966
.49 maker-168275167-augustus-gene-0.75-mRNA-1 398687
.03 maker-168275167-augustus-gene-0.75-mRNA-1 442402
.59 augustus_masked-168256206-processed-gene-0.7-mRNA-1 464551
.21 augustus_masked-168256206-processed-gene-0.7-mRNA-1 381003
.58 augustus_masked-168508568-processed-gene-0.0-mRNA-1 934497
.07 augustus_masked-168508568-processed-gene-0.0-mRNA-1 1015987
.07 augustus_masked-168508568-processed-gene-0.0-mRNA-1 1020631
.07 augustus_masked-168508568-processed-gene-0.0-mRNA-1 1047277
.07 augustus_masked-168508568-processed-gene-0.0-mRNA-1 1098429
.13 maker-168577392-snap-gene-4.100-mRNA-1 252043
.81 maker-168577392-snap-gene-4.100-mRNA-1 2270186
.99 maker-168443751-snap-gene-0.68-mRNA-1 2270191
.06 augustus_masked-168410902-processed-gene-0.1-mRNA-1 472282
.88 augustus_masked-168410902-processed-gene-0.1-mRNA-1 2270107
.67 augustus_masked-168208031-processed-gene-0.1-mRNA-1 2218469
.17 augustus_masked-168208031-processed-gene-0.1-mRNA-1 425994
.86 snap_masked-168043987-processed-gene-0.21-mRNA-1 2270184
.46 maker-168206436-snap-gene-0.59-mRNA-1 2269996
.25 maker-168206436-snap-gene-0.59-mRNA-1 2209984
.07 maker-168206436-snap-gene-0.59-mRNA-1 479085
.67 maker-168567524-augustus-gene-0.88-mRNA-1 2270208
.18 maker-168567524-augustus-gene-0.88-mRNA-1 2215007
.38 augustus_masked-168494032-processed-gene-2.55-mRNA-1 238201
.61 augustus_masked-168494032-processed-gene-2.55-mRNA-1 2238905
.33 maker-168168895-augustus-gene-0.14-mRNA-1 2210602
.22 maker-168168895-augustus-gene-0.14-mRNA-1 2210294
.15 maker-168168895-augustus-gene-0.14-mRNA-1 235022
.14 maker-168168895-augustus-gene-0.14-mRNA-1 531715
.11 maker-164687760-snap-gene-0.4-mRNA-1 2217269
.73 maker-164687760-snap-gene-0.4-mRNA-1 2270124
.79 maker-168547846-snap-gene-0.34-mRNA-1 2269962
.20 maker-168547846-snap-gene-0.34-mRNA-1 2212949
.96 maker-168187615-augustus-gene-0.25-mRNA-1 2270198
.22 genemark-167794540-processed-gene-0.10-mRNA-1 1026818
.27 genemark-167794540-processed-gene-0.10-mRNA-1 2212769
.87 maker-167870375-snap-gene-0.8-mRNA-1 2270204
.08 maker-167870375-snap-gene-0.8-mRNA-1 592066
.08 maker-167870375-snap-gene-0.8-mRNA-1 631607
.08 maker-167870375-snap-gene-0.8-mRNA-1 723157
.08 maker-167870375-snap-gene-0.8-mRNA-1 729184
.25 genemark-168411971-processed-gene-0.42-mRNA-1 270248
.26 genemark-168411971-processed-gene-0.42-mRNA-1 2255296
.65 maker-168182703-snap-gene-0.20-mRNA-1 2269792
.24 maker-168182703-snap-gene-0.20-mRNA-1 197320
.28 maker-168182703-snap-gene-0.20-mRNA-1 2217350
.11 augustus_masked-168576666-processed-gene-0.7-mRNA-1 2228012
.58 augustus_masked-168576666-processed-gene-0.7-mRNA-1 2225475
.23 genemark-168504253-processed-gene-0.24-mRNA-1 2270023
.18 genemark-168504253-processed-gene-0.24-mRNA-1 2211285
.37 augustus_masked-168529183-processed-gene-0.3-mRNA-1 2270219
.10 augustus_masked-168529183-processed-gene-0.3-mRNA-1 2213067
.38 augustus_masked-168577566-processed-gene-0.9-mRNA-1 2210640
.12 augustus_masked-168577566-processed-gene-0.9-mRNA-1 1358886
.74 augustus_masked-167886577-processed-gene-0.9-mRNA-1 2270035
.25 augustus_masked-167886577-processed-gene-0.9-mRNA-1 2226493
.15 augustus_masked-168164349-processed-gene-0.2-mRNA-1 1018217
.84 augustus_masked-168164349-processed-gene-0.2-mRNA-1 1418122
.28 augustus_masked-161447764-processed-gene-0.0-mRNA-1 194292
.22 augustus_masked-161447764-processed-gene-0.0-mRNA-1 2248111
.20 augustus_masked-161447764-processed-gene-0.0-mRNA-1 339255
.18 augustus_masked-161447764-processed-gene-0.0-mRNA-1 972598
.17 augustus_masked-161447764-processed-gene-0.0-mRNA-1 402668
.24 snap_masked-168182662-processed-gene-0.28-mRNA-1 2214941
.89 augustus_masked-168322917-processed-gene-0.0-mRNA-1 2270122
.07 augustus_masked-168322917-processed-gene-0.0-mRNA-1 2211774
.46 augustus_masked-164758264-processed-gene-0.0-mRNA-1 2270189
.18 augustus_masked-164758264-processed-gene-0.0-mRNA-1 556673
.27 augustus_masked-164758264-processed-gene-0.0-mRNA-1 2270189
.16 augustus_masked-164758264-processed-gene-0.0-mRNA-1 2213199
.47 augustus_masked-168331444-processed-gene-0.2-mRNA-1 2232728
.71 maker-168333677-snap-gene-0.24-mRNA-1 2269696
.37 maker-168183397-snap-gene-0.31-mRNA-1 2270197
.53 snap_masked-161377304-processed-gene-0.1-mRNA-1 1392274
.46 snap_masked-161377304-processed-gene-0.1-mRNA-1 1818701
.23 maker-168458029-augustus-gene-0.24-mRNA-1 2244707
.17 maker-168458029-augustus-gene-0.24-mRNA-1 2235252
.85 snap_masked-168459891-processed-gene-0.14-mRNA-1 2210106
.02 snap_masked-168459891-processed-gene-0.14-mRNA-1 1298896
.32 maker-168271479-augustus-gene-0.67-mRNA-1 2214640
.50 maker-168271479-augustus-gene-0.67-mRNA-1 2269959
.09 augustus_masked-168376818-processed-gene-0.1-mRNA-1 900395
.56 snap_masked-168577574-processed-gene-0.37-mRNA-1 2043608
.98 maker-168440884-snap-gene-0.29-mRNA-1 2270190
.74 maker-168576949-augustus-gene-0.19-mRNA-1 2209864
.16 maker-168576949-augustus-gene-0.19-mRNA-1 637948
.38 maker-168190605-snap-gene-0.67-mRNA-1 1218387
.12 maker-168190605-snap-gene-0.67-mRNA-1 1682582
.15 maker-168188933-augustus-gene-0.20-mRNA-1 2212170
.84 maker-168188933-augustus-gene-0.20-mRNA-1 2270183
.76 maker-168577412-augustus-gene-0.44-mRNA-1 2248267
.86 snap_masked-168254379-processed-gene-0.5-mRNA-1 2270111
.13 snap_masked-168254379-processed-gene-0.5-mRNA-1 314491
.36 maker-168552379-augustus-gene-0.69-mRNA-1 2270210
.24 maker-168552379-augustus-gene-0.69-mRNA-1 2270010
.24 maker-168552379-augustus-gene-0.69-mRNA-1 2269949
.17 maker-168552379-augustus-gene-0.69-mRNA-1 502804
.18 maker-168552379-augustus-gene-0.69-mRNA-1 2226551
.27 genemark-168577394-processed-gene-1.18-mRNA-1 2250337
.26 genemark-168577394-processed-gene-1.18-mRNA-1 2270199
.99 augustus_masked-166789777-processed-gene-0.0-mRNA-1 2270039
.45 augustus_masked-166852943-processed-gene-0.0-mRNA-1 2210932
.45 augustus_masked-166852943-processed-gene-0.0-mRNA-1 2209499
.77 augustus_masked-168174435-processed-gene-0.4-mRNA-1 2270168
.09 augustus_masked-168174435-processed-gene-0.4-mRNA-1 408664
.09 augustus_masked-168174435-processed-gene-0.4-mRNA-1 2248420
.57 maker-168187700-augustus-gene-0.23-mRNA-1 2270017
.39 maker-168187700-augustus-gene-0.23-mRNA-1 2270017
.31 augustus_masked-168381094-processed-gene-0.0-mRNA-1 333044
.68 augustus_masked-168381094-processed-gene-0.0-mRNA-1 2214155
.46 maker-164994526-augustus-gene-0.3-mRNA-1 2270196
.16 maker-164994526-augustus-gene-0.3-mRNA-1 2216622
.59 augustus_masked-168478332-processed-gene-0.0-mRNA-1 2221151
.31 augustus_masked-168478332-processed-gene-0.0-mRNA-1 234997
.21 augustus_masked-168478332-processed-gene-0.0-mRNA-1 2235624
.12 snap_masked-168575466-processed-gene-0.52-mRNA-1 2249866
.13 snap_masked-168575466-processed-gene-0.52-mRNA-1 2264708
.60 snap_masked-165415670-processed-gene-0.2-mRNA-1 1180593
.19 snap_masked-165415670-processed-gene-0.2-mRNA-1 1253324
.18 snap_masked-165415670-processed-gene-0.2-mRNA-1 2018632
.34 augustus_masked-164606696-processed-gene-0.0-mRNA-1 873501
.21 augustus_masked-164606696-processed-gene-0.0-mRNA-1 1023063
.21 augustus_masked-164606696-processed-gene-0.0-mRNA-1 1248662
.17 maker-167953534-snap-gene-0.10-mRNA-1 377878
.65 maker-167953534-snap-gene-0.10-mRNA-1 2212452
.71 maker-164177018-snap-gene-0.4-mRNA-1 2269846
.27 maker-164177018-snap-gene-0.4-mRNA-1 103869
.99 maker-168356585-augustus-gene-0.7-mRNA-1 2213611
.22 augustus_masked-168577386-processed-gene-0.5-mRNA-1 1267761
.56 augustus_masked-168577386-processed-gene-0.5-mRNA-1 896893
.26 augustus_masked-167908447-processed-gene-0.3-mRNA-1 2212454
.97 maker-168188498-snap-gene-0.15-mRNA-1 2270211
.59 augustus_masked-168289552-processed-gene-0.8-mRNA-1 2270205
.14 augustus_masked-168289552-processed-gene-0.8-mRNA-1 2228416
.98 augustus_masked-168373464-processed-gene-0.0-mRNA-1 2270077
.40 maker-168185065-snap-gene-0.20-mRNA-2 523496
.37 maker-168185065-snap-gene-0.20-mRNA-2 2239359
.25 maker-168185065-snap-gene-0.20-mRNA-2 657519
.25 maker-168185065-snap-gene-0.20-mRNA-2 455130
.32 maker-168185065-snap-gene-0.20-mRNA-2 2216818
.32 augustus_masked-166184842-processed-gene-0.0-mRNA-1 2238072
.18 augustus_masked-166184842-processed-gene-0.0-mRNA-1 2211593
.48 maker-166238983-snap-gene-0.5-mRNA-1 2219948
.25 maker-168576555-snap-gene-0.75-mRNA-1 383926
.18 maker-168576555-snap-gene-0.75-mRNA-1 2255480
.82 maker-168197523-snap-gene-0.123-mRNA-1 2269737
.60 augustus_masked-160192571-processed-gene-0.0-mRNA-1 2269798
.23 augustus_masked-160192571-processed-gene-0.0-mRNA-1 2209714
.21 augustus_masked-160192571-processed-gene-0.0-mRNA-1 1092592
.21 augustus_masked-160192571-processed-gene-0.0-mRNA-1 2247104
.82 maker-167895530-augustus-gene-0.8-mRNA-1 2270185
.17 maker-167895530-augustus-gene-0.8-mRNA-1 2209894
.32 maker-168187317-snap-gene-0.20-mRNA-1 2214002
.47 maker-168187317-snap-gene-0.20-mRNA-1 2269927
.60 genemark-168414784-processed-gene-0.4-mRNA-1 1118377
.60 genemark-168414784-processed-gene-0.4-mRNA-1 703577
.60 genemark-168414784-processed-gene-0.4-mRNA-1 1402409
.22 genemark-168414784-processed-gene-0.4-mRNA-1 760332
.21 genemark-168414784-processed-gene-0.4-mRNA-1 2220497
.77 maker-168577134-augustus-gene-0.48-mRNA-1 2270194
.11 maker-168577134-augustus-gene-0.48-mRNA-1 2213117
.90 maker-168565245-snap-gene-0.33-mRNA-1 2210837
.46 maker-168399913-augustus-gene-0.25-mRNA-2 2270169
.53 maker-168399913-augustus-gene-0.25-mRNA-2 2270169
.38 maker-168492383-snap-gene-0.13-mRNA-1 1947963
.57 maker-168492383-snap-gene-0.13-mRNA-1 2244058
.61 augustus_masked-168399287-processed-gene-0.0-mRNA-1 2270193
.19 augustus_masked-168399287-processed-gene-0.0-mRNA-1 250604
.16 augustus_masked-168399287-processed-gene-0.0-mRNA-1 2213339
.40 maker-168151391-augustus-gene-0.5-mRNA-1 307656
.59 maker-168151391-augustus-gene-0.5-mRNA-1 2217588
.48 maker-168527758-augustus-gene-0.6-mRNA-2 2269997
.51 maker-168527758-augustus-gene-0.6-mRNA-2 2269997
.60 maker-167204956-augustus-gene-0.6-mRNA-2 2269932
.06 maker-167204956-augustus-gene-0.6-mRNA-2 174106
.59 maker-166218110-augustus-gene-0.5-mRNA-1 216713
.32 maker-166218110-augustus-gene-0.5-mRNA-1 2212898
.78 maker-168310977-snap-gene-0.96-mRNA-4 2269885
.22 augustus_masked-168145047-processed-gene-0.11-mRNA-1 279068
.33 augustus_masked-168145047-processed-gene-0.11-mRNA-1 2211076
.42 maker-163696862-augustus-gene-0.4-mRNA-1 497150
.37 maker-163696862-augustus-gene-0.4-mRNA-1 2212509
.30 maker-163696862-augustus-gene-0.4-mRNA-1 431190
.27 maker-163696862-augustus-gene-0.4-mRNA-1 126301
.31 augustus_masked-168147806-processed-gene-0.1-mRNA-1 2214136
.26 augustus_masked-168147806-processed-gene-0.1-mRNA-1 777269
.09 genemark-167028408-processed-gene-0.3-mRNA-1 2223732
.26 genemark-167028408-processed-gene-0.3-mRNA-1 286300
.34 maker-168133153-augustus-gene-0.15-mRNA-1 2270166
.65 maker-168133153-augustus-gene-0.15-mRNA-1 2270166
.42 augustus_masked-168233841-processed-gene-0.6-mRNA-1 2212626
.22 augustus_masked-168233841-processed-gene-0.6-mRNA-1 2269646
.10 augustus_masked-168233841-processed-gene-0.6-mRNA-1 207676
0 augustus_masked-168233841-processed-gene-0.6-mRNA-1 138654
.46 augustus_masked-168565654-processed-gene-0.9-mRNA-1 2270022
.22 augustus_masked-168565654-processed-gene-0.9-mRNA-1 2214462
.57 maker-168351002-snap-gene-0.31-mRNA-1 2213203
.12 maker-167000323-augustus-gene-0.3-mRNA-1 1710484
.08 maker-167000323-augustus-gene-0.3-mRNA-1 2036072
.11 maker-167000323-augustus-gene-0.3-mRNA-1 1654826
.46 genemark-168535561-processed-gene-0.0-mRNA-1 1391179
.14 genemark-168463935-processed-gene-0.16-mRNA-1 2224946
.15 genemark-168463935-processed-gene-0.16-mRNA-1 764395
.13 genemark-168463935-processed-gene-0.16-mRNA-1 716991
.13 genemark-168463935-processed-gene-0.16-mRNA-1 820230
.12 genemark-168463935-processed-gene-0.16-mRNA-1 1086301
.46 maker-163277807-augustus-gene-0.4-mRNA-1 2220956
.45 maker-163277807-augustus-gene-0.4-mRNA-1 805150
.78 maker-168500980-snap-gene-0.76-mRNA-1 2212734
.15 maker-168500980-snap-gene-0.76-mRNA-1 2212734
.99 maker-168107329-snap-gene-0.21-mRNA-1 2269849
.39 maker-168396367-augustus-gene-0.6-mRNA-1 2269946
.32 maker-168396367-augustus-gene-0.6-mRNA-1 2247314
.99 snap_masked-168182828-processed-gene-0.18-mRNA-1 2269931
.19 augustus_masked-168312224-processed-gene-0.7-mRNA-1 574219
.67 augustus_masked-162771038-processed-gene-0.0-mRNA-1 2223732
.24 augustus_masked-162771038-processed-gene-0.0-mRNA-1 286300
.24 augustus_masked-162771038-processed-gene-0.0-mRNA-1 2227978
.07 augustus_masked-162771038-processed-gene-0.0-mRNA-1 1851838
.06 augustus_masked-162771038-processed-gene-0.0-mRNA-1 1393788
.50 maker-168571852-augustus-gene-0.101-mRNA-1 197611
.34 maker-168571852-augustus-gene-0.101-mRNA-1 2216076
.15 maker-168571852-augustus-gene-0.101-mRNA-1 2210031
.08 maker-168571852-augustus-gene-0.101-mRNA-1 197612
.08 maker-168571852-augustus-gene-0.101-mRNA-1 2236334
.99 maker-168321812-augustus-gene-0.48-mRNA-1 2270181
.44 maker-163649655-snap-gene-0.3-mRNA-2 2210811
.26 maker-163649655-snap-gene-0.3-mRNA-2 2209416
.10 maker-163649655-snap-gene-0.3-mRNA-2 407311
.29 augustus_masked-168188665-processed-gene-0.3-mRNA-1 2270126
.28 augustus_masked-168188665-processed-gene-0.3-mRNA-1 2210822
.91 maker-168511842-augustus-gene-0.29-mRNA-1 2218966
.37 augustus_masked-166177898-processed-gene-0.0-mRNA-1 590672
.56 augustus_masked-166177898-processed-gene-0.0-mRNA-1 2213587
.83 maker-168201429-augustus-gene-0.67-mRNA-1 2210701
.16 maker-168201429-augustus-gene-0.67-mRNA-1 2210152
.74 maker-168561547-augustus-gene-0.16-mRNA-1 2269638
.07 maker-168561547-augustus-gene-0.16-mRNA-1 2213343
.39 genemark-167965899-processed-gene-0.9-mRNA-1 2218966
.20 maker-168566919-snap-gene-0.60-mRNA-2 502046
.79 maker-168566919-snap-gene-0.60-mRNA-2 2270082
.20 snap_masked-168490618-processed-gene-0.114-mRNA-1 2235245
.77 snap_masked-168490618-processed-gene-0.114-mRNA-1 2211873
.08 augustus_masked-161414159-processed-gene-0.0-mRNA-1 2224716
.28 augustus_masked-161414159-processed-gene-0.0-mRNA-1 75634
.99 augustus_masked-168265201-processed-gene-0.0-mRNA-1 2215490
.27 maker-168368083-augustus-gene-0.11-mRNA-1 2233675
.72 maker-168368083-augustus-gene-0.11-mRNA-1 2269967
.64 maker-167973357-augustus-gene-0.7-mRNA-1 2269989
.17 maker-167973357-augustus-gene-0.7-mRNA-1 2209779
.51 maker-168337997-augustus-gene-0.95-mRNA-1 2270188
.42 maker-168337997-augustus-gene-0.95-mRNA-1 2269952
.28 maker-168577364-augustus-gene-0.74-mRNA-1 758055
.71 maker-168577364-augustus-gene-0.74-mRNA-1 2270127
.71 maker-167930301-augustus-gene-0.14-mRNA-1 2269736
.40 augustus_masked-168372504-processed-gene-0.4-mRNA-1 2269992
.17 augustus_masked-168372504-processed-gene-0.4-mRNA-1 503844
.17 augustus_masked-168372504-processed-gene-0.4-mRNA-1 2216410
.04 augustus_masked-168372504-processed-gene-0.4-mRNA-1 2236671
.03 augustus_masked-168372504-processed-gene-0.4-mRNA-1 2212421
.41 maker-168353020-augustus-gene-0.70-mRNA-1 2212074
.22 maker-168353020-augustus-gene-0.70-mRNA-1 925329
.21 maker-168353020-augustus-gene-0.70-mRNA-1 92925
.20 maker-168353020-augustus-gene-0.70-mRNA-1 352594
.20 maker-168353020-augustus-gene-0.70-mRNA-1 92926
.67 augustus_masked-168442142-processed-gene-0.4-mRNA-1 2269521
.21 augustus_masked-168442142-processed-gene-0.4-mRNA-1 2225156
.08 augustus_masked-168442142-processed-gene-0.4-mRNA-1 578146
.63 augustus_masked-163623599-processed-gene-0.0-mRNA-1 2218920
.36 augustus_masked-163623599-processed-gene-0.0-mRNA-1 629130
.15 maker-168185510-augustus-gene-0.15-mRNA-1 2210320
.17 maker-168185510-augustus-gene-0.15-mRNA-1 203159
.88 genemark-168332313-processed-gene-2.33-mRNA-1 2214661
.03 genemark-168332313-processed-gene-2.33-mRNA-1 2262504
.87 maker-168196242-snap-gene-0.77-mRNA-1 2270172
.06 maker-168196242-snap-gene-0.77-mRNA-1 2212850
.18 maker-168115437-augustus-gene-0.6-mRNA-1 466703
.11 maker-168115437-augustus-gene-0.6-mRNA-1 498971
.11 maker-168115437-augustus-gene-0.6-mRNA-1 466704
.08 maker-168115437-augustus-gene-0.6-mRNA-1 2213545
.08 maker-168115437-augustus-gene-0.6-mRNA-1 2269707
.47 augustus_masked-168552460-processed-gene-0.27-mRNA-1 2217621
.31 augustus_masked-168552460-processed-gene-0.27-mRNA-1 2209326
.32 augustus_masked-168552460-processed-gene-0.27-mRNA-1 2211146
.27 augustus_masked-168552460-processed-gene-0.27-mRNA-1 2214533
.17 augustus_masked-168552460-processed-gene-0.27-mRNA-1 2235319
.87 augustus_masked-140597266-processed-gene-0.0-mRNA-1 2270080
.12 augustus_masked-140597266-processed-gene-0.0-mRNA-1 398021
.20 maker-167851741-augustus-gene-0.53-mRNA-1 2210516
.16 maker-167851741-augustus-gene-0.53-mRNA-1 2213099
.78 maker-168312028-augustus-gene-0.49-mRNA-1 2215223
.21 maker-168312028-augustus-gene-0.49-mRNA-1 2210457
.61 augustus_masked-168573479-processed-gene-0.8-mRNA-1 2270213
.65 augustus_masked-167858500-processed-gene-0.3-mRNA-1 751935
.33 augustus_masked-167858500-processed-gene-0.3-mRNA-1 2218383
.27 maker-167912809-snap-gene-0.5-mRNA-1 2237348
.70 maker-167912809-snap-gene-0.5-mRNA-1 2232275
.12 maker-168187615-augustus-gene-0.24-mRNA-1 2216292
.82 maker-168187615-augustus-gene-0.24-mRNA-1 2270217
.36 augustus_masked-168309283-processed-gene-0.11-mRNA-1 2218415
.32 augustus_masked-168309283-processed-gene-0.11-mRNA-1 2214218
.17 augustus_masked-168309283-processed-gene-0.11-mRNA-1 932858
.15 augustus_masked-168309283-processed-gene-0.11-mRNA-1 2223668
.99 maker-168565315-augustus-gene-0.20-mRNA-1 2270200
.19 maker-167945192-augustus-gene-0.10-mRNA-1 310793
.79 maker-167945192-augustus-gene-0.10-mRNA-1 2270072
.63 genemark-168205021-processed-gene-0.14-mRNA-1 2209715
.16 genemark-168205021-processed-gene-0.14-mRNA-1 675927
.32 maker-163647323-snap-gene-0.4-mRNA-1 37891
.40 maker-163647323-snap-gene-0.4-mRNA-1 486404
.38 maker-168063535-snap-gene-0.54-mRNA-1 2269995
.36 maker-168063535-snap-gene-0.54-mRNA-1 2213272
.49 maker-168551162-augustus-gene-0.47-mRNA-1 2270203
.17 maker-168551162-augustus-gene-0.47-mRNA-1 2213103
.17 maker-168551162-augustus-gene-0.47-mRNA-1 773948
.63 maker-168211947-augustus-gene-0.64-mRNA-1 2216560
.91 augustus_masked-168187047-processed-gene-0.2-mRNA-1 2270201
.06 augustus_masked-168187047-processed-gene-0.2-mRNA-1 547488
.58 maker-168569481-augustus-gene-0.65-mRNA-1 2270116
.35 maker-168569481-augustus-gene-0.65-mRNA-1 2270116
.40 maker-162190909-augustus-gene-0.3-mRNA-1 2269823
.13 maker-162190909-augustus-gene-0.3-mRNA-1 614988
.08 maker-162190909-augustus-gene-0.3-mRNA-1 2209372
.99 augustus_masked-168251696-processed-gene-0.8-mRNA-1 2269968
.77 maker-168511677-snap-gene-0.37-mRNA-1 2270192
.15 maker-168313030-snap-gene-0.74-mRNA-1 277770
.63 maker-168313030-snap-gene-0.74-mRNA-1 2270130
.32 genemark-168568171-processed-gene-0.11-mRNA-1 1275323
.08 maker-168569475-snap-gene-1.99-mRNA-1 2210433
.02 maker-168569475-snap-gene-1.99-mRNA-1 660776
.01 maker-168569475-snap-gene-1.99-mRNA-1 2210433
.01 maker-168569475-snap-gene-1.99-mRNA-1 2270081
.02 maker-168569475-snap-gene-1.99-mRNA-1 2270080
.38 maker-167914997-augustus-gene-0.55-mRNA-1 2222719
.36 maker-167914997-augustus-gene-0.55-mRNA-1 2244345
.33 maker-167914997-augustus-gene-0.55-mRNA-1 1164543
.31 maker-167914997-augustus-gene-0.55-mRNA-1 1447392
.59 augustus_masked-164474428-processed-gene-0.0-mRNA-1 852447
.39 augustus_masked-164474428-processed-gene-0.0-mRNA-1 832420
.99 snap_masked-166173851-processed-gene-0.2-mRNA-1 2269794
.09 maker-168559547-snap-gene-0.50-mRNA-1 2243595
.84 maker-168559547-snap-gene-0.50-mRNA-1 2269867
.10 snap_masked-166254506-processed-gene-0.3-mRNA-1 2253824
.81 snap_masked-166254506-processed-gene-0.3-mRNA-1 2269973
.51 maker-168008185-augustus-gene-0.35-mRNA-1 854866
.47 maker-168565287-augustus-gene-0.43-mRNA-1 2270081
.44 genemark-167561725-processed-gene-0.1-mRNA-1 897694
.54 genemark-167561725-processed-gene-0.1-mRNA-1 2210124
.87 maker-168183079-snap-gene-0.35-mRNA-1 2270206
.42 maker-168213807-snap-gene-0.4-mRNA-1 2223239
.17 maker-168213807-snap-gene-0.4-mRNA-1 455803
.19 genemark-167954562-processed-gene-0.14-mRNA-1 2210621
.30 genemark-167954562-processed-gene-0.14-mRNA-1 2210620
.86 maker-160452435-augustus-gene-0.3-mRNA-1 2270043
.13 maker-160452435-augustus-gene-0.3-mRNA-1 2240175
.77 maker-168512008-snap-gene-0.134-mRNA-2 2270051
.29 augustus_masked-168398832-processed-gene-0.15-mRNA-1 2212119
.32 maker-168460790-snap-gene-0.89-mRNA-1 2210746
.60 maker-168460790-snap-gene-0.89-mRNA-1 2269938
.41 genemark-168437394-processed-gene-0.26-mRNA-1 2228292
.24 genemark-168437394-processed-gene-0.26-mRNA-1 1709802
.34 genemark-168437394-processed-gene-0.26-mRNA-1 2244980
.75 maker-168510789-augustus-gene-0.39-mRNA-1 2270195
.28 maker-168489523-augustus-gene-0.107-mRNA-1 2269937
.48 maker-168489523-augustus-gene-0.107-mRNA-1 466629
.41 augustus_masked-168429253-processed-gene-0.8-mRNA-1 455839
.39 augustus_masked-168429253-processed-gene-0.8-mRNA-1 845108
.26 augustus_masked-168429253-processed-gene-0.8-mRNA-1 545424
.26 augustus_masked-168429253-processed-gene-0.8-mRNA-1 934249
.44 maker-168490618-augustus-gene-0.134-mRNA-1 1159391
.49 genemark-166972323-processed-gene-0.1-mRNA-1 1041296
.13 genemark-166972323-processed-gene-0.1-mRNA-1 1679844
.35 genemark-166972323-processed-gene-0.1-mRNA-1 1911762
.11 snap_masked-168485587-processed-gene-0.22-mRNA-1 2228583
.87 snap_masked-168485587-processed-gene-0.22-mRNA-1 2270162
.81 maker-168505376-snap-gene-0.43-mRNA-1 2270202
.18 maker-168505376-snap-gene-0.43-mRNA-1 2212345
.79 maker-168110384-augustus-gene-0.23-mRNA-1 2270218
.71 maker-167875243-snap-gene-0.39-mRNA-1 2269622
.19 maker-167875243-snap-gene-0.39-mRNA-1 187800
.12 maker-168488328-augustus-gene-0.40-mRNA-1 170637
.78 maker-168488328-augustus-gene-0.40-mRNA-1 2269698
.50 maker-168567047-snap-gene-0.33-mRNA-1 2212735
.23 maker-168522248-snap-gene-0.96-mRNA-1 2270179
.76 maker-168522248-snap-gene-0.96-mRNA-1 2270179
.70 augustus_masked-166962411-processed-gene-0.0-mRNA-1 2220253
.28 augustus_masked-166962411-processed-gene-0.0-mRNA-1 763939
.88 maker-166906437-snap-gene-0.5-mRNA-1 2270002
.03 maker-166906437-snap-gene-0.5-mRNA-1 2234553
.27 maker-168428936-augustus-gene-0.14-mRNA-3 448831
.72 maker-168428936-augustus-gene-0.14-mRNA-3 2269613
.78 maker-168288566-augustus-gene-0.98-mRNA-1 2270160
.75 maker-162349542-snap-gene-0.4-mRNA-1 2270089
.97 augustus_masked-168389205-processed-gene-0.0-mRNA-1 2269820
.02 augustus_masked-168389205-processed-gene-0.0-mRNA-1 351395
.21 maker-168428894-augustus-gene-0.29-mRNA-1 2209955
.58 maker-168428894-augustus-gene-0.29-mRNA-1 2209528
.88 maker-168183550-augustus-gene-0.8-mRNA-1 2270212
.10 maker-168183550-augustus-gene-0.8-mRNA-1 602819
.63 maker-168549085-snap-gene-0.44-mRNA-1 2269835
.02 augustus_masked-162706430-processed-gene-0.0-mRNA-1 2218297
.97 augustus_masked-162706430-processed-gene-0.0-mRNA-1 2270135
.12 augustus_masked-168505047-processed-gene-0.1-mRNA-1 2213579
.87 augustus_masked-168505047-processed-gene-0.1-mRNA-1 2270207
.16 augustus_masked-168479037-processed-gene-1.35-mRNA-1 398970
.75 augustus_masked-168479037-processed-gene-1.35-mRNA-1 2210433
.68 maker-168544897-snap-gene-0.6-mRNA-1 2210035
.20 maker-168544897-snap-gene-0.6-mRNA-1 520056
.19 maker-168544897-snap-gene-0.6-mRNA-1 2210860
.15 maker-168554750-augustus-gene-0.35-mRNA-1 2214322
.84 maker-168554750-augustus-gene-0.35-mRNA-1 2213760
.48 augustus_masked-168234814-processed-gene-0.13-mRNA-1 2270214
.11 augustus_masked-168234814-processed-gene-0.13-mRNA-1 2217986
.39 augustus_masked-167803951-processed-gene-0.0-mRNA-1 2270209
.99 augustus_masked-166582141-processed-gene-0.1-mRNA-1 2223060
.44 genemark-168190598-processed-gene-0.8-mRNA-1 2235700
.35 genemark-168190598-processed-gene-0.8-mRNA-1 2218470
.25 maker-168414024-augustus-gene-1.144-mRNA-1 2216205
.04 maker-168414024-augustus-gene-1.144-mRNA-1 959152
.84 augustus_masked-168558698-processed-gene-0.0-mRNA-1 2211536
.56 snap_masked-163976338-processed-gene-0.2-mRNA-1 2041902
.14 augustus_masked-168479045-processed-gene-0.6-mRNA-1 2227233
.07 augustus_masked-168479045-processed-gene-0.6-mRNA-1 2232122
.20 maker-168318025-snap-gene-0.26-mRNA-2 114850
.67 maker-168318025-snap-gene-0.26-mRNA-2 2270097
.32 maker-168346191-augustus-gene-0.38-mRNA-1 723318
.36 maker-168346191-augustus-gene-0.38-mRNA-1 14084
.08 maker-168346191-augustus-gene-0.38-mRNA-1 2209220
.08 maker-168346191-augustus-gene-0.38-mRNA-1 2218907
.41 maker-166312652-augustus-gene-0.1-mRNA-1 1211620
.41 maker-166312652-augustus-gene-0.1-mRNA-1 2209539
.41 maker-166312652-augustus-gene-0.1-mRNA-1 2244633
.32 maker-166312652-augustus-gene-0.1-mRNA-1 653550
.31 maker-166312652-augustus-gene-0.1-mRNA-1 2239193
.79 snap_masked-168446362-processed-gene-0.11-mRNA-1 2211776
.26 maker-163659259-augustus-gene-0.3-mRNA-1 2215355
.73 maker-163659259-augustus-gene-0.3-mRNA-1 2212725
.64 maker-168197399-snap-gene-0.23-mRNA-1 2270075
.18 maker-168197399-snap-gene-0.23-mRNA-1 1169920
.99 snap_masked-168188033-processed-gene-0.65-mRNA-1 2270129
.03 augustus_masked-161653735-processed-gene-0.0-mRNA-1 537191
.94 augustus_masked-161653735-processed-gene-0.0-mRNA-1 2210570
