.29 maker-168312706-augustus-gene-0.56-mRNA-1 3674195
.33 maker-168312706-augustus-gene-0.56-mRNA-1 7135738
.19 augustus_masked-163318479-processed-gene-0.0-mRNA-1 1236545
.19 augustus_masked-163318479-processed-gene-0.0-mRNA-1 577315
.02 augustus_masked-163318479-processed-gene-0.0-mRNA-1 7002953
.01 augustus_masked-163318479-processed-gene-0.0-mRNA-1 1041347
.04 augustus_masked-163318479-processed-gene-0.0-mRNA-1 7002953
.47 snap_masked-158521743-processed-gene-0.2-mRNA-1 1342231
.50 snap_masked-158521743-processed-gene-0.2-mRNA-1 842634
.69 snap_masked-168297950-processed-gene-0.41-mRNA-1 7077767
.24 snap_masked-168297950-processed-gene-0.41-mRNA-1 1836451
.99 augustus_masked-162427872-processed-gene-0.0-mRNA-1 7187724
.63 snap_masked-165362021-processed-gene-0.1-mRNA-1 7089095
.58 snap_masked-165362021-processed-gene-0.1-mRNA-1 1815901
.48 maker-166514197-augustus-gene-0.9-mRNA-1 7187708
.26 maker-166514197-augustus-gene-0.9-mRNA-1 7187708
.37 maker-168183912-snap-gene-0.11-mRNA-1 7004917
.05 maker-168183912-snap-gene-0.11-mRNA-1 4500381
.05 maker-168183912-snap-gene-0.11-mRNA-1 1402189
.05 maker-168183912-snap-gene-0.11-mRNA-1 7011906
.34 genemark-168548835-processed-gene-0.27-mRNA-1 7081527
.20 genemark-168548835-processed-gene-0.27-mRNA-1 7162121
.57 maker-168196710-augustus-gene-0.96-mRNA-1 7187775
.27 maker-168196710-augustus-gene-0.96-mRNA-1 7002739
.36 maker-168191276-snap-gene-0.84-mRNA-1 1109788
.46 maker-168191276-snap-gene-0.84-mRNA-1 7012514
.16 maker-168494274-snap-gene-0.25-mRNA-1 7187606
.79 maker-168494274-snap-gene-0.25-mRNA-1 7187435
.99 maker-164713870-snap-gene-0.4-mRNA-1 7187730
.28 maker-168549361-snap-gene-0.27-mRNA-1 7187705
.18 maker-168549361-snap-gene-0.27-mRNA-1 7049688
.79 maker-168040422-augustus-gene-0.32-mRNA-1 7187771
.88 maker-168396045-augustus-gene-0.19-mRNA-1 7187780
.11 maker-168396045-augustus-gene-0.19-mRNA-1 7187683
.25 maker-167939677-snap-gene-0.15-mRNA-1 7009665
.28 maker-167939677-snap-gene-0.15-mRNA-1 7179612
.22 maker-168191392-snap-gene-1.82-mRNA-1 7058522
.15 maker-168191392-snap-gene-1.82-mRNA-1 7037076
.66 maker-168567524-snap-gene-0.93-mRNA-1 7187764
.07 maker-168567524-snap-gene-0.93-mRNA-1 7107319
.45 augustus_masked-166639538-processed-gene-0.2-mRNA-1 7006581
.55 maker-168417518-augustus-gene-0.27-mRNA-1 7187781
.35 maker-168417518-augustus-gene-0.27-mRNA-1 7012998
.62 snap_masked-162053948-processed-gene-0.3-mRNA-1 3924372
.67 snap_masked-162053948-processed-gene-0.3-mRNA-1 7162512
.50 snap_masked-162053948-processed-gene-0.3-mRNA-1 7125654
.15 snap_masked-162053948-processed-gene-0.3-mRNA-1 2057074
.12 snap_masked-162053948-processed-gene-0.3-mRNA-1 1221657
.18 maker-168433502-augustus-gene-0.91-mRNA-1 3218494
.62 maker-168433502-augustus-gene-0.91-mRNA-1 3811689
.99 augustus_masked-168186093-processed-gene-0.5-mRNA-1 7187414
.64 maker-168522100-augustus-gene-0.107-mRNA-1 7187773
.14 maker-168522100-augustus-gene-0.107-mRNA-1 7187773
.58 maker-166267789-augustus-gene-0.4-mRNA-1 7187766
.18 maker-166267789-augustus-gene-0.4-mRNA-1 7023668
.18 maker-166267789-augustus-gene-0.4-mRNA-1 1396413
.13 maker-166267789-augustus-gene-0.4-mRNA-1 713177
.01 maker-166267789-augustus-gene-0.4-mRNA-1 7017332
.23 maker-167834813-augustus-gene-0.63-mRNA-1 7187649
.47 maker-167834813-augustus-gene-0.63-mRNA-1 7004757
.48 maker-168491361-snap-gene-0.27-mRNA-1 7187763
.13 maker-168491361-snap-gene-0.27-mRNA-1 2792069
.08 maker-168491361-snap-gene-0.27-mRNA-1 7107713
.77 snap_masked-168492506-processed-gene-0.4-mRNA-1 7187480
.87 genemark-168192393-processed-gene-0.0-mRNA-1 3584729
.37 augustus_masked-168513792-processed-gene-0.3-mRNA-1 7013801
.62 augustus_masked-168513792-processed-gene-0.3-mRNA-1 7003486
.61 maker-168187847-augustus-gene-0.12-mRNA-1 7048185
.39 maker-168577594-augustus-gene-0.29-mRNA-1 7187385
.55 maker-168577594-augustus-gene-0.29-mRNA-1 7187696
.50 genemark-168552644-processed-gene-0.34-mRNA-1 7018356
.34 genemark-168552644-processed-gene-0.34-mRNA-1 3208948
.40 maker-168566665-augustus-gene-0.63-mRNA-1 7187335
.24 maker-168566665-augustus-gene-0.63-mRNA-1 1391767
.31 maker-165708922-augustus-gene-0.5-mRNA-1 7003696
.54 maker-165708922-augustus-gene-0.5-mRNA-1 7031470
.30 maker-168574288-augustus-gene-0.46-mRNA-1 7187783
.19 maker-168574288-augustus-gene-0.46-mRNA-1 7187783
.70 augustus_masked-168534716-processed-gene-0.2-mRNA-1 7013594
.28 augustus_masked-168534716-processed-gene-0.2-mRNA-1 1485377
.64 maker-168447880-snap-gene-0.22-mRNA-1 7187475
.16 maker-168447880-snap-gene-0.22-mRNA-1 2289008
.30 augustus_masked-166098841-processed-gene-0.0-mRNA-1 7031608
.26 augustus_masked-166098841-processed-gene-0.0-mRNA-1 7042067
.12 maker-168202723-snap-gene-0.47-mRNA-1 2317944
.79 maker-168202723-snap-gene-0.47-mRNA-1 7013203
.21 augustus_masked-168239843-processed-gene-0.1-mRNA-1 1523325
.70 augustus_masked-168239843-processed-gene-0.1-mRNA-1 7003276
.34 augustus_masked-168574880-processed-gene-0.2-mRNA-1 3683657
.34 augustus_masked-167939339-processed-gene-0.1-mRNA-1 2575347
.31 augustus_masked-167939339-processed-gene-0.1-mRNA-1 7003447
.29 augustus_masked-167939339-processed-gene-0.1-mRNA-1 7031953
.25 augustus_masked-167939339-processed-gene-0.1-mRNA-1 2177818
.20 augustus_masked-167939339-processed-gene-0.1-mRNA-1 2503280
.48 snap_masked-168093867-processed-gene-0.2-mRNA-1 3523863
.38 snap_masked-168093867-processed-gene-0.2-mRNA-1 7012139
.86 augustus_masked-167835962-processed-gene-0.0-mRNA-1 7008681
.57 maker-168237239-augustus-gene-0.96-mRNA-1 2074795
.23 maker-167979191-augustus-gene-0.18-mRNA-1 2476132
.51 maker-167979191-augustus-gene-0.18-mRNA-1 7014490
.39 augustus_masked-168349433-processed-gene-0.10-mRNA-1 7187769
.31 augustus_masked-168182967-processed-gene-0.16-mRNA-1 1633351
.37 augustus_masked-168182967-processed-gene-0.16-mRNA-1 7135827
.99 maker-168577015-snap-gene-0.17-mRNA-1 7187757
.96 snap_masked-168156973-processed-gene-0.68-mRNA-1 3360729
.96 snap_masked-168156973-processed-gene-0.68-mRNA-1 737991
.89 snap_masked-168156973-processed-gene-0.68-mRNA-1 1132800
.85 snap_masked-168156973-processed-gene-0.68-mRNA-1 2234117
.82 snap_masked-168156973-processed-gene-0.68-mRNA-1 2812650
.28 augustus_masked-168195661-processed-gene-0.1-mRNA-1 3980819
.61 augustus_masked-168195661-processed-gene-0.1-mRNA-1 7005909
.96 augustus_masked-167867103-processed-gene-0.0-mRNA-1 798078
.73 augustus_masked-167867103-processed-gene-0.0-mRNA-1 670320
.83 maker-168187825-snap-gene-0.35-mRNA-1 7187666
.43 maker-168187825-snap-gene-0.35-mRNA-1 7021784
.10 maker-168187825-snap-gene-0.35-mRNA-1 1265468
.11 maker-168187825-snap-gene-0.35-mRNA-1 806759
.11 maker-168187825-snap-gene-0.35-mRNA-1 7053171
.65 augustus_masked-168503840-processed-gene-0.8-mRNA-1 7187685
.41 maker-168470556-snap-gene-0.29-mRNA-1 435205
.30 maker-168470556-snap-gene-0.29-mRNA-1 1233687
.20 maker-168470556-snap-gene-0.29-mRNA-1 5090790
.20 maker-168470556-snap-gene-0.29-mRNA-1 3502494
.07 maker-168470556-snap-gene-0.29-mRNA-1 3515061
.39 augustus_masked-168445368-processed-gene-0.1-mRNA-1 2918352
.20 augustus_masked-168445368-processed-gene-0.1-mRNA-1 7062043
.76 maker-168113160-augustus-gene-0.17-mRNA-1 7187786
.23 maker-168113160-augustus-gene-0.17-mRNA-1 7187654
.40 maker-144473166-augustus-gene-0.3-mRNA-1 7006864
.43 maker-144473166-augustus-gene-0.3-mRNA-1 7035831
.36 maker-144473166-augustus-gene-0.3-mRNA-1 7034327
.35 maker-144473166-augustus-gene-0.3-mRNA-1 7017077
.23 maker-168554496-augustus-gene-0.28-mRNA-1 7008163
.70 maker-168554496-augustus-gene-0.28-mRNA-1 7187592
.69 augustus_masked-168382289-processed-gene-0.0-mRNA-1 7187397
.30 augustus_masked-168382289-processed-gene-0.0-mRNA-1 7041932
.78 genemark-168575358-processed-gene-0.17-mRNA-1 7187465
.18 genemark-168575358-processed-gene-0.17-mRNA-1 7077627
.13 genemark-168575358-processed-gene-0.17-mRNA-1 5336425
.13 genemark-168575358-processed-gene-0.17-mRNA-1 6929626
.99 maker-166300199-snap-gene-0.9-mRNA-1 7187690
.26 augustus_masked-168020953-processed-gene-0.5-mRNA-1 7015191
.27 augustus_masked-168020953-processed-gene-0.5-mRNA-1 3387977
.23 augustus_masked-168020953-processed-gene-0.5-mRNA-1 7002108
.22 augustus_masked-168020953-processed-gene-0.5-mRNA-1 7052894
.15 augustus_masked-168020953-processed-gene-0.5-mRNA-1 7152944
.75 maker-168567026-augustus-gene-0.83-mRNA-1 7112313
.23 maker-168567026-augustus-gene-0.83-mRNA-1 7079386
.79 maker-168526904-snap-gene-0.28-mRNA-1 7007745
.11 maker-168526904-snap-gene-0.28-mRNA-1 7041104
.07 maker-168561042-augustus-gene-0.73-mRNA-1 7074310
.05 maker-168561042-augustus-gene-0.73-mRNA-1 1795560
.05 maker-168561042-augustus-gene-0.73-mRNA-1 3666340
.03 maker-168561042-augustus-gene-0.73-mRNA-1 5837413
.03 maker-168561042-augustus-gene-0.73-mRNA-1 4323615
.18 augustus_masked-168567084-processed-gene-0.4-mRNA-1 975297
.17 augustus_masked-168567084-processed-gene-0.4-mRNA-1 3020745
.19 augustus_masked-168567084-processed-gene-0.4-mRNA-1 1822236
.09 augustus_masked-168567084-processed-gene-0.4-mRNA-1 4687954
.76 augustus_masked-165990919-processed-gene-0.0-mRNA-1 7187648
.07 augustus_masked-165990919-processed-gene-0.0-mRNA-1 5714675
.36 maker-162288479-augustus-gene-0.3-mRNA-1 7187603
.36 maker-162288479-augustus-gene-0.3-mRNA-1 7015881
.82 maker-168275442-augustus-gene-0.22-mRNA-1 7003099
.98 augustus_masked-168209081-processed-gene-0.2-mRNA-1 7187761
.60 maker-168569239-augustus-gene-0.47-mRNA-2 7010270
.18 maker-168569239-augustus-gene-0.47-mRNA-2 7010250
.53 maker-163475262-augustus-gene-0.3-mRNA-1 7187383
.46 maker-163475262-augustus-gene-0.3-mRNA-1 7010585
.32 maker-167973018-snap-gene-0.18-mRNA-1 2511926
.28 maker-167973018-snap-gene-0.18-mRNA-1 3464229
.52 maker-168572221-augustus-gene-0.62-mRNA-1 7007172
.14 maker-168193286-snap-gene-0.61-mRNA-1 7187770
.09 maker-168193286-snap-gene-0.61-mRNA-1 7187770
.39 augustus_masked-168186101-processed-gene-0.3-mRNA-1 7187535
.59 augustus_masked-168186101-processed-gene-0.3-mRNA-1 7187535
.86 maker-166273839-augustus-gene-0.2-mRNA-1 7065561
.41 maker-163898734-snap-gene-0.4-mRNA-1 4025796
.22 maker-163898734-snap-gene-0.4-mRNA-1 3591638
.61 maker-168336478-snap-gene-0.40-mRNA-1 7006771
.25 maker-168336478-snap-gene-0.40-mRNA-1 7035486
.32 augustus_masked-168401642-processed-gene-0.1-mRNA-1 1427703
.22 augustus_masked-168401642-processed-gene-0.1-mRNA-1 322580
.24 augustus_masked-168401642-processed-gene-0.1-mRNA-1 3908335
.23 augustus_masked-168401642-processed-gene-0.1-mRNA-1 1730156
.19 augustus_masked-168401642-processed-gene-0.1-mRNA-1 4531277
.12 genemark-168577402-processed-gene-0.35-mRNA-1 7006346
.84 augustus_masked-162476170-processed-gene-0.0-mRNA-1 7118784
.13 augustus_masked-162476170-processed-gene-0.0-mRNA-1 1905258
.51 snap_masked-168574367-processed-gene-0.20-mRNA-1 4742069
.99 snap_masked-168188702-processed-gene-0.12-mRNA-1 7187440
.27 maker-168351821-augustus-gene-0.25-mRNA-1 7187768
.17 maker-168351821-augustus-gene-0.25-mRNA-1 2969846
.14 maker-168351821-augustus-gene-0.25-mRNA-1 7013647
.68 maker-167942149-augustus-gene-0.9-mRNA-1 7187321
.21 maker-167942149-augustus-gene-0.9-mRNA-1 961922
.20 maker-168433125-snap-gene-0.44-mRNA-1 7003075
.66 maker-168433125-snap-gene-0.44-mRNA-1 7187772
.87 maker-162482787-augustus-gene-0.6-mRNA-1 7003420
.47 augustus_masked-161700205-processed-gene-0.0-mRNA-1 7006004
.26 augustus_masked-161700205-processed-gene-0.0-mRNA-1 3223035
.43 augustus_masked-161578793-processed-gene-0.1-mRNA-1 1477238
.46 augustus_masked-161578793-processed-gene-0.1-mRNA-1 214196
.22 maker-167837042-augustus-gene-0.7-mRNA-1 7012478
.61 maker-167837042-augustus-gene-0.7-mRNA-1 7187767
.80 snap_masked-168564237-processed-gene-0.14-mRNA-1 7187784
.41 maker-168459554-snap-gene-0.40-mRNA-1 7187437
.19 maker-168459554-snap-gene-0.40-mRNA-1 7006503
.18 maker-168459554-snap-gene-0.40-mRNA-1 884773
.19 maker-168459554-snap-gene-0.40-mRNA-1 7187657
.13 maker-168459554-snap-gene-0.40-mRNA-1 1004929
.41 augustus_masked-168413481-processed-gene-0.0-mRNA-1 7003926
.14 augustus_masked-168413481-processed-gene-0.0-mRNA-1 268359
.10 augustus_masked-168413481-processed-gene-0.0-mRNA-1 1412357
.10 augustus_masked-168413481-processed-gene-0.0-mRNA-1 2698228
.47 augustus_masked-168567409-processed-gene-0.6-mRNA-1 7015194
.95 genemark-166785921-processed-gene-0.1-mRNA-1 7187601
.04 genemark-166785921-processed-gene-0.1-mRNA-1 1290053
.29 maker-168244247-augustus-gene-0.42-mRNA-1 7187746
.69 maker-168244247-augustus-gene-0.42-mRNA-1 7187746
.84 maker-168248687-augustus-gene-0.4-mRNA-1 7187551
.58 maker-168229000-augustus-gene-0.29-mRNA-1 7013738
.28 maker-168229000-augustus-gene-0.29-mRNA-1 7035151
.53 maker-168314823-augustus-gene-0.39-mRNA-2 7187782
.23 maker-168314823-augustus-gene-0.39-mRNA-2 7187782
.23 snap_masked-168383102-processed-gene-0.35-mRNA-1 7187756
.59 snap_masked-168383102-processed-gene-0.35-mRNA-1 7187756
.95 snap_masked-168567304-processed-gene-0.84-mRNA-1 7011974
.09 snap_masked-168567304-processed-gene-0.84-mRNA-1 5471956
.08 snap_masked-168567304-processed-gene-0.84-mRNA-1 3931656
.09 snap_masked-168567304-processed-gene-0.84-mRNA-1 1478816
.09 snap_masked-168567304-processed-gene-0.84-mRNA-1 1501754
.59 maker-164887201-augustus-gene-0.8-mRNA-1 7187594
.15 maker-164887201-augustus-gene-0.8-mRNA-1 1134701
.14 maker-164887201-augustus-gene-0.8-mRNA-1 7082737
.14 maker-164887201-augustus-gene-0.8-mRNA-1 1926698
.12 maker-164887201-augustus-gene-0.8-mRNA-1 7132772
.29 maker-168502864-augustus-gene-0.58-mRNA-1 7187412
.25 maker-168502864-augustus-gene-0.58-mRNA-1 7187412
.16 maker-168502864-augustus-gene-0.58-mRNA-1 7071303
.13 maker-168502864-augustus-gene-0.58-mRNA-1 2740290
.14 genemark-168190552-processed-gene-0.16-mRNA-1 4047802
.56 genemark-168190552-processed-gene-0.16-mRNA-1 7169392
.45 augustus_masked-168311486-processed-gene-0.6-mRNA-1 658161
.43 augustus_masked-168311486-processed-gene-0.6-mRNA-1 3019770
.78 augustus_masked-164300234-processed-gene-0.0-mRNA-1 7002400
.18 augustus_masked-164300234-processed-gene-0.0-mRNA-1 7014549
.99 maker-168558993-augustus-gene-0.90-mRNA-1 7004915
.99 maker-168536515-snap-gene-0.103-mRNA-1 7187765
.84 maker-168205852-augustus-gene-0.39-mRNA-1 309665
.15 maker-168205852-augustus-gene-0.39-mRNA-1 7031680
.99 augustus_masked-168256165-processed-gene-0.3-mRNA-1 7187676
.67 snap_masked-168436325-processed-gene-0.36-mRNA-1 7017117
.67 snap_masked-168436325-processed-gene-0.36-mRNA-1 7044879
.46 snap_masked-168436325-processed-gene-0.36-mRNA-1 3860605
.09 snap_masked-168187100-processed-gene-0.74-mRNA-1 4420624
.49 snap_masked-168187100-processed-gene-0.74-mRNA-1 7187609
.45 maker-166816315-augustus-gene-0.4-mRNA-1 7013879
.40 maker-166816315-augustus-gene-0.4-mRNA-1 1607477
.33 maker-166816315-augustus-gene-0.4-mRNA-1 7014858
.27 maker-166816315-augustus-gene-0.4-mRNA-1 7014859
.93 snap_masked-168533037-processed-gene-0.49-mRNA-1 7187731
.25 maker-164321543-augustus-gene-0.3-mRNA-1 1928175
.46 maker-164321543-augustus-gene-0.3-mRNA-1 7006506
.61 maker-168186590-snap-gene-0.28-mRNA-1 7187555
.16 maker-168186590-snap-gene-0.28-mRNA-1 2470337
.12 maker-168186590-snap-gene-0.28-mRNA-1 936090
.94 maker-168452230-augustus-gene-0.9-mRNA-2 7187638
.05 maker-168452230-augustus-gene-0.9-mRNA-2 4326993
.76 maker-168449060-snap-gene-0.10-mRNA-1 7004922
.70 augustus_masked-161908885-processed-gene-0.0-mRNA-1 7187380
.20 augustus_masked-161908885-processed-gene-0.0-mRNA-1 7010130
.44 augustus_masked-96568418-processed-gene-0.0-mRNA-1 7012370
.28 augustus_masked-96568418-processed-gene-0.0-mRNA-1 4017196
.31 maker-168319211-augustus-gene-0.20-mRNA-1 7079194
.28 maker-168319211-augustus-gene-0.20-mRNA-1 2918508
.23 maker-168319211-augustus-gene-0.20-mRNA-1 2892931
.21 maker-168319211-augustus-gene-0.20-mRNA-1 7118414
.21 maker-168319211-augustus-gene-0.20-mRNA-1 7164471
.65 maker-168373796-augustus-gene-0.37-mRNA-1 7187482
.25 maker-168373796-augustus-gene-0.37-mRNA-1 7017237
.16 maker-168183645-augustus-gene-0.16-mRNA-1 7005221
.83 maker-168183645-augustus-gene-0.16-mRNA-1 7187714
.99 augustus_masked-168451845-processed-gene-0.1-mRNA-1 7187774
.46 augustus_masked-167793158-processed-gene-0.26-mRNA-1 7101336
.26 augustus_masked-167793158-processed-gene-0.26-mRNA-1 6685459
.11 augustus_masked-167793158-processed-gene-0.26-mRNA-1 7141502
.35 augustus_masked-168574837-processed-gene-0.0-mRNA-1 5932572
.29 augustus_masked-168574837-processed-gene-0.0-mRNA-1 1503046
.29 augustus_masked-168574837-processed-gene-0.0-mRNA-1 7139669
.45 augustus_masked-166103701-processed-gene-0.0-mRNA-1 7187673
.25 augustus_masked-166103701-processed-gene-0.0-mRNA-1 1393773
.47 augustus_masked-166352790-processed-gene-0.0-mRNA-1 7106924
.26 augustus_masked-166352790-processed-gene-0.0-mRNA-1 7041287
.61 genemark-168466685-processed-gene-0.16-mRNA-1 7187787
.26 maker-166519911-snap-gene-0.3-mRNA-1 7066679
.30 maker-166519911-snap-gene-0.3-mRNA-1 2291338
.34 maker-168475046-augustus-gene-0.24-mRNA-1 1070962
.61 maker-168475046-augustus-gene-0.24-mRNA-1 7006295
.25 maker-168305940-snap-gene-0.62-mRNA-1 1717146
.72 maker-168305940-snap-gene-0.62-mRNA-1 7015479
.12 maker-168271688-snap-gene-0.30-mRNA-1 756610
.04 maker-168271688-snap-gene-0.30-mRNA-1 4290506
.68 snap_masked-168541870-processed-gene-0.46-mRNA-1 1634482
.31 snap_masked-168541870-processed-gene-0.46-mRNA-1 555047
.54 maker-168169180-augustus-gene-0.2-mRNA-1 7033530
.31 maker-168169180-augustus-gene-0.2-mRNA-1 7012190
.30 genemark-168174127-processed-gene-0.15-mRNA-1 7037149
.25 genemark-168174127-processed-gene-0.15-mRNA-1 7187730
.39 maker-168237456-snap-gene-0.8-mRNA-4 7158408
.39 maker-168237456-snap-gene-0.8-mRNA-4 7187637
.46 maker-168237456-snap-gene-0.8-mRNA-1 7158408
.78 snap_masked-168191390-processed-gene-0.38-mRNA-1 7187669
.88 maker-168129153-snap-gene-0.17-mRNA-1 7058488
.10 maker-163140692-snap-gene-0.4-mRNA-1 7006960
.89 maker-163140692-snap-gene-0.4-mRNA-1 7187580
.32 augustus_masked-163861116-processed-gene-0.0-mRNA-1 625470
.43 augustus_masked-163861116-processed-gene-0.0-mRNA-1 7004821
.77 maker-168571625-augustus-gene-0.43-mRNA-1 7187697
.16 maker-168571625-augustus-gene-0.43-mRNA-1 7106597
.99 augustus_masked-168236555-processed-gene-0.3-mRNA-1 7019143
.73 maker-166572006-augustus-gene-0.3-mRNA-1 7187604
.14 maker-166572006-augustus-gene-0.3-mRNA-1 7004272
.07 maker-166572006-augustus-gene-0.3-mRNA-1 7016276
.31 genemark-168268752-processed-gene-0.7-mRNA-1 3096557
.55 genemark-168268752-processed-gene-0.7-mRNA-1 7187560
.93 maker-168184824-augustus-gene-0.47-mRNA-1 7187788
.76 maker-168518368-snap-gene-0.23-mRNA-1 7187777
.09 maker-168518368-snap-gene-0.23-mRNA-1 4700409
.09 maker-168518368-snap-gene-0.23-mRNA-1 6649923
.27 maker-168482002-augustus-gene-0.33-mRNA-1 7013874
.14 maker-168482002-augustus-gene-0.33-mRNA-1 7006686
.04 maker-168482002-augustus-gene-0.33-mRNA-1 7003655
.21 augustus_masked-168283437-processed-gene-0.28-mRNA-1 7004529
.18 augustus_masked-168283437-processed-gene-0.28-mRNA-1 7002971
.18 augustus_masked-168283437-processed-gene-0.28-mRNA-1 7166418
.15 augustus_masked-168283437-processed-gene-0.28-mRNA-1 7080541
.19 maker-168558424-augustus-gene-0.11-mRNA-2 7002261
.03 maker-168558424-augustus-gene-0.11-mRNA-2 7011075
.03 maker-168558424-augustus-gene-0.11-mRNA-2 7003520
.01 maker-168558424-augustus-gene-0.11-mRNA-2 7011075
.76 maker-168577341-snap-gene-2.97-mRNA-1 7187694
.41 maker-168577341-snap-gene-2.97-mRNA-1 7159539
.16 augustus_masked-168229181-processed-gene-0.3-mRNA-1 683756
.20 augustus_masked-168229181-processed-gene-0.3-mRNA-1 7187352
.28 augustus_masked-168204367-processed-gene-0.1-mRNA-1 7005319
.42 augustus_masked-168204367-processed-gene-0.1-mRNA-1 7187379
.63 maker-168485756-augustus-gene-0.22-mRNA-1 7187478
.37 augustus_masked-164008272-processed-gene-0.0-mRNA-1 6967774
.79 snap_masked-168576560-processed-gene-0.48-mRNA-1 3167969
.19 snap_masked-168576560-processed-gene-0.48-mRNA-1 5490656
.76 maker-168561495-augustus-gene-0.24-mRNA-3 7187752
.23 maker-168561495-augustus-gene-0.24-mRNA-3 7187269
.99 maker-168557457-snap-gene-0.27-mRNA-1 7187785
.42 genemark-165298534-processed-gene-0.0-mRNA-1 3591904
.31 genemark-165298534-processed-gene-0.0-mRNA-1 6684963
.07 genemark-165298534-processed-gene-0.0-mRNA-1 4742876
.34 augustus_masked-167111287-processed-gene-0.0-mRNA-1 7091817
.33 augustus_masked-167111287-processed-gene-0.0-mRNA-1 1369217
.18 maker-168573084-snap-gene-0.29-mRNA-1 7013478
.36 maker-168573084-snap-gene-0.29-mRNA-1 7187453
.62 augustus_masked-159549071-processed-gene-0.0-mRNA-1 2838536
.28 augustus_masked-159549071-processed-gene-0.0-mRNA-1 5197309
.61 genemark-168119683-processed-gene-0.7-mRNA-1 7187411
.38 genemark-168119683-processed-gene-0.7-mRNA-1 7054028
.32 maker-168384801-augustus-gene-0.31-mRNA-1 3541212
.14 maker-168384801-augustus-gene-0.31-mRNA-1 6761421
.33 maker-168207271-snap-gene-0.20-mRNA-1 7099529
.12 maker-168207271-snap-gene-0.20-mRNA-1 4391191
.76 snap_masked-168560242-processed-gene-0.20-mRNA-1 7187419
.19 snap_masked-168560242-processed-gene-0.20-mRNA-1 7053903
.13 snap_masked-168560242-processed-gene-0.20-mRNA-1 7014152
.15 snap_masked-168560242-processed-gene-0.20-mRNA-1 1320614
.98 augustus_masked-161842108-processed-gene-0.0-mRNA-1 7187610
.52 augustus_masked-168295703-processed-gene-0.2-mRNA-1 7187318
.25 augustus_masked-168295703-processed-gene-0.2-mRNA-1 7006971
.34 augustus_masked-168295703-processed-gene-0.2-mRNA-1 7013605
.15 augustus_masked-168295703-processed-gene-0.2-mRNA-1 1548943
.43 maker-168492049-snap-gene-0.30-mRNA-1 7008480
.42 maker-168492049-snap-gene-0.30-mRNA-1 7187409
.35 augustus_masked-168413492-processed-gene-0.0-mRNA-1 1423584
.50 augustus_masked-168413492-processed-gene-0.0-mRNA-1 1485490
.19 augustus_masked-167892787-processed-gene-0.0-mRNA-1 7014199
.22 augustus_masked-167892787-processed-gene-0.0-mRNA-1 7044156
.27 maker-167973722-snap-gene-0.34-mRNA-1 7187538
.18 maker-167973722-snap-gene-0.34-mRNA-1 7187538
.14 maker-167973722-snap-gene-0.34-mRNA-1 7187538
.85 maker-168572698-snap-gene-0.27-mRNA-1 7008742
.66 maker-168182776-snap-gene-0.41-mRNA-1 7187778
.23 maker-168182776-snap-gene-0.41-mRNA-1 7003264
.35 augustus_masked-168508019-processed-gene-0.0-mRNA-1 7013209
.08 augustus_masked-168508019-processed-gene-0.0-mRNA-1 7010280
.05 augustus_masked-168508019-processed-gene-0.0-mRNA-1 7010280
.21 augustus_masked-168577288-processed-gene-0.8-mRNA-1 7089847
.13 augustus_masked-168577288-processed-gene-0.8-mRNA-1 2229165
.25 augustus_masked-168183681-processed-gene-0.1-mRNA-1 2434114
.52 augustus_masked-168183681-processed-gene-0.1-mRNA-1 7013942
.88 augustus_masked-168229483-processed-gene-0.1-mRNA-1 7187686
.99 maker-168577435-snap-gene-0.26-mRNA-1 7187776
.30 maker-168562948-augustus-gene-0.21-mRNA-1 7187640
.36 maker-168562948-augustus-gene-0.21-mRNA-1 7004090
.24 genemark-168412320-processed-gene-0.1-mRNA-1 2161498
.24 genemark-168412320-processed-gene-0.1-mRNA-1 3368405
.22 genemark-168412320-processed-gene-0.1-mRNA-1 7138665
.01 genemark-168412320-processed-gene-0.1-mRNA-1 7025950
.96 snap_masked-168471977-processed-gene-0.8-mRNA-1 7099077
.72 snap_masked-168471977-processed-gene-0.8-mRNA-1 798078
.77 snap_masked-168471977-processed-gene-0.8-mRNA-1 3422834
.37 snap_masked-168471977-processed-gene-0.8-mRNA-1 1181991
.53 snap_masked-168471977-processed-gene-0.8-mRNA-1 1439917
.43 maker-164387551-snap-gene-0.5-mRNA-1 2239557
.87 augustus_masked-167869362-processed-gene-0.4-mRNA-1 7031024
.75 augustus_masked-167869362-processed-gene-0.4-mRNA-1 1047471
.12 augustus_masked-167869362-processed-gene-0.4-mRNA-1 2585665
.12 augustus_masked-167869362-processed-gene-0.4-mRNA-1 7012765
.12 augustus_masked-167869362-processed-gene-0.4-mRNA-1 1433648
.28 augustus_masked-168271227-processed-gene-0.1-mRNA-1 5908908
.33 augustus_masked-168271227-processed-gene-0.1-mRNA-1 6607655
.16 maker-168577147-snap-gene-0.44-mRNA-1 1346956
.17 maker-168577147-snap-gene-0.44-mRNA-1 1510130
.10 maker-168577147-snap-gene-0.44-mRNA-1 7026485
.02 maker-168577147-snap-gene-0.44-mRNA-1 1178613
.11 maker-166972690-augustus-gene-0.3-mRNA-1 3108039
.88 maker-166972690-augustus-gene-0.3-mRNA-1 7010387
.38 maker-168358628-augustus-gene-0.19-mRNA-1 7187333
.22 maker-168358628-augustus-gene-0.19-mRNA-1 2375709
.34 genemark-167887517-processed-gene-0.7-mRNA-1 7026557
.27 genemark-167887517-processed-gene-0.7-mRNA-1 7042159
0 augustus_masked-168410142-processed-gene-0.2-mRNA-1 7187369
.22 genemark-168454932-processed-gene-0.15-mRNA-1 1545934
.99 maker-168264952-snap-gene-0.7-mRNA-1 7187344
.65 maker-168153928-snap-gene-0.12-mRNA-1 7187663
.23 maker-168153928-snap-gene-0.12-mRNA-1 7086183
.17 maker-168153928-snap-gene-0.12-mRNA-1 4356658
.13 maker-168276603-snap-gene-0.37-mRNA-1 1078848
.24 maker-168276603-snap-gene-0.37-mRNA-1 7007655
.38 maker-168343842-snap-gene-0.36-mRNA-1 7187656
.04 maker-168343842-snap-gene-0.36-mRNA-1 7030547
.04 maker-168343842-snap-gene-0.36-mRNA-1 7019000
.32 maker-168462707-augustus-gene-0.11-mRNA-1 7009812
.65 maker-168462707-augustus-gene-0.11-mRNA-1 7008492
.83 snap_masked-168520290-processed-gene-0.38-mRNA-1 7187340
.62 maker-168557682-augustus-gene-0.69-mRNA-1 7187377
.26 maker-168557682-augustus-gene-0.69-mRNA-1 1290696
.27 maker-168557682-augustus-gene-0.69-mRNA-1 7032063
.65 maker-168547409-augustus-gene-3.81-mRNA-1 7187718
.34 maker-168547409-augustus-gene-3.81-mRNA-1 268390
.20 genemark-168476281-processed-gene-0.52-mRNA-1 3032407
.17 augustus_masked-166728708-processed-gene-0.0-mRNA-1 7041426
.12 augustus_masked-166728708-processed-gene-0.0-mRNA-1 1228839
.05 augustus_masked-166728708-processed-gene-0.0-mRNA-1 7015158
.01 augustus_masked-166728708-processed-gene-0.0-mRNA-1 1336916
.01 augustus_masked-166728708-processed-gene-0.0-mRNA-1 7012652
.31 maker-168221639-snap-gene-0.87-mRNA-1 7055316
.90 genemark-166969860-processed-gene-0.1-mRNA-1 7160246
.41 maker-168543645-snap-gene-0.70-mRNA-1 7034009
.45 snap_masked-166476711-processed-gene-0.2-mRNA-1 2804910
.54 snap_masked-166476711-processed-gene-0.2-mRNA-1 272925
.88 maker-168203773-augustus-gene-0.43-mRNA-1 7187779
.04 maker-168203773-augustus-gene-0.43-mRNA-1 6188105
.04 maker-168203773-augustus-gene-0.43-mRNA-1 6518693
.82 maker-168113510-augustus-gene-0.80-mRNA-1 7169835
.73 augustus_masked-168181636-processed-gene-0.2-mRNA-1 7187579
.22 augustus_masked-168181636-processed-gene-0.2-mRNA-1 7009475
.14 maker-168569340-snap-gene-0.56-mRNA-1 7082153
.12 maker-168569340-snap-gene-0.56-mRNA-1 7179486
.09 augustus_masked-168577142-processed-gene-0.5-mRNA-1 5077310
.73 augustus_masked-168577142-processed-gene-0.5-mRNA-1 7187473
.28 augustus_masked-168234698-processed-gene-0.3-mRNA-1 7004560
.56 augustus_masked-168234698-processed-gene-0.3-mRNA-1 7004561
.50 snap_masked-168278469-processed-gene-0.11-mRNA-1 2239291
.43 snap_masked-168278469-processed-gene-0.11-mRNA-1 1775927
.43 snap_masked-168278469-processed-gene-0.11-mRNA-1 3028861
.38 snap_masked-168278469-processed-gene-0.11-mRNA-1 1965677
.38 snap_masked-168278469-processed-gene-0.11-mRNA-1 2563086
.21 maker-164007942-augustus-gene-0.5-mRNA-1 7152601
.16 maker-164007942-augustus-gene-0.5-mRNA-1 7127999
.96 maker-168030994-snap-gene-0.48-mRNA-1 7187424
.64 maker-168391503-augustus-gene-0.31-mRNA-1 7187412
.21 maker-168391503-augustus-gene-0.31-mRNA-1 688579
.37 snap_masked-167967680-processed-gene-0.46-mRNA-1 7187412
.10 snap_masked-167967680-processed-gene-0.46-mRNA-1 7015678
.99 snap_masked-168359582-processed-gene-0.54-mRNA-1 2251142
.66 snap_masked-168359582-processed-gene-0.54-mRNA-1 7135251
.25 maker-166744591-snap-gene-0.6-mRNA-1 7010189
.27 maker-166744591-snap-gene-0.6-mRNA-1 7010188
.49 maker-168402784-snap-gene-0.15-mRNA-1 7187448
.28 maker-168402784-snap-gene-0.15-mRNA-1 7049202
.17 maker-168402784-snap-gene-0.15-mRNA-1 1516716
.80 maker-168550553-augustus-gene-0.146-mRNA-1 7187617
.10 maker-168550553-augustus-gene-0.146-mRNA-1 2339736
.10 maker-168550553-augustus-gene-0.146-mRNA-1 4532708
.21 maker-164867159-augustus-gene-0.3-mRNA-1 3410377
.18 maker-164867159-augustus-gene-0.3-mRNA-1 971532
.16 maker-168556800-snap-gene-0.52-mRNA-1 1637184
.18 maker-168556800-snap-gene-0.52-mRNA-1 7114068
.12 maker-168556800-snap-gene-0.52-mRNA-1 5232827
.12 maker-168556800-snap-gene-0.52-mRNA-1 815083
.13 maker-168556800-snap-gene-0.52-mRNA-1 5549095
.15 maker-168431040-augustus-gene-0.72-mRNA-1 7022425
.84 maker-168431040-augustus-gene-0.72-mRNA-1 7187450
.27 genemark-168516456-processed-gene-0.4-mRNA-1 7045311
.34 genemark-168516456-processed-gene-0.4-mRNA-1 7042159
.17 genemark-168516456-processed-gene-0.4-mRNA-1 2835996
.20 genemark-168516456-processed-gene-0.4-mRNA-1 1935493
.21 genemark-168516456-processed-gene-0.4-mRNA-1 3233597
.21 genemark-167140465-processed-gene-0.2-mRNA-1 7023331
.45 genemark-167140465-processed-gene-0.2-mRNA-1 232922
.31 genemark-167140465-processed-gene-0.2-mRNA-1 7008311
.45 genemark-167140465-processed-gene-0.2-mRNA-1 818685
.23 genemark-167140465-processed-gene-0.2-mRNA-1 5224581
.22 maker-168569002-snap-gene-0.84-mRNA-1 1077165
.19 maker-168569002-snap-gene-0.84-mRNA-1 2078613
.10 maker-168406080-augustus-gene-0.66-mRNA-1 1560057
.74 maker-168406080-augustus-gene-0.66-mRNA-1 7187300
.29 snap_masked-166260048-processed-gene-0.5-mRNA-1 7187730
.12 snap_masked-166260048-processed-gene-0.5-mRNA-1 7056641
