.38 GQ04006_E10.1_clone=GQ04006_E10_cluster=GQ04006_E10_status=complete_gb=BT118428 7115579
.37 GQ04006_E10.1_clone=GQ04006_E10_cluster=GQ04006_E10_status=complete_gb=BT118428 6977459
.25 GQ04006_E10.1_clone=GQ04006_E10_cluster=GQ04006_E10_status=complete_gb=BT118428 1033432
.17 GQ04006_E10.1_clone=GQ04006_E10_cluster=GQ04006_E10_status=complete_gb=BT118428 3379376
.36 WS00720_N22.1_clone=WS00720_N22_cluster=WS00720_N22_status=complete 6998873
.48 WS00720_N22.1_clone=WS00720_N22_cluster=WS00720_N22_status=complete 6963361
.15 GQ03704_J21.1_clone=GQ03704_J21_cluster=GQ03704_J21_status=complete_gb=BT115702 5671997
.83 GQ03704_J21.1_clone=GQ03704_J21_cluster=GQ03704_J21_status=complete_gb=BT115702 7115851
.13 GQ03610_D21.1_clone=GQ03610_D21_cluster=GQ03610_D21_status=complete_gb=BT115150 5419212
.86 GQ03610_D21.1_clone=GQ03610_D21_cluster=GQ03610_D21_status=complete_gb=BT115150 7116154
.17 GQ03219_A15.1_clone=GQ03219_A15_cluster=GQ03219_A15_status=complete_gb=BT110273 7116210
.82 GQ03219_A15.1_clone=GQ03219_A15_cluster=GQ03219_A15_status=complete_gb=BT110273 7116210
.15 WS03223_A02.1_clone=WS03223_A02_cluster=WS03223_A02_status=3 571429
.68 WS03223_A02.1_clone=WS03223_A02_cluster=WS03223_A02_status=3 7116148
.13 GQ02817_H15.2_clone=GQ02817_H15_cluster=GQ02817_H15_status=complete_gb=BT104993 1332531
.12 GQ02817_H15.2_clone=GQ02817_H15_cluster=GQ02817_H15_status=complete_gb=BT104993 7116302
.81 GQ04009_B18.1_clone=GQ04009_B18_cluster=GQ04009_B18_status=complete_gb=BT118690 7115820
.10 GQ04009_B18.1_clone=GQ04009_B18_cluster=GQ04009_B18_status=complete_gb=BT118690 7073221
.47 GQ03323_E12.1_clone=GQ03323_E12_cluster=GQ03323_E12_status=complete_gb=BT112954 7115938
.70 GQ0064_N01.1_clone=GQ0064_N01_cluster=GQ0064_N01_status=complete_gb=BT101027 6951431
.13 GQ0064_N01.1_clone=GQ0064_N01_cluster=GQ0064_N01_status=complete_gb=BT101027 6966400
.20 GQ02818_C12.1_clone=GQ02818_C12_cluster=GQ02818_C12_status=complete_gb=BT105057 6945892
.21 GQ02818_C12.1_clone=GQ02818_C12_cluster=GQ02818_C12_status=complete_gb=BT105057 6955583
.40 GQ03009_M14.3_clone=GQ03009_M14_cluster=GQ03009_M14_status=complete_gb=BT106750 7116290
.14 GQ03009_M14.3_clone=GQ03009_M14_cluster=GQ03009_M14_status=complete_gb=BT106750 7116290
.58 WS03211_M18.1_clone=WS03211_M18_cluster=WS03211_M18_status=3 7115670
.54 WS03211_M18.1_clone=WS03211_M18_cluster=WS03211_M18_status=3 6941499
.36 GQ02818_E16.1_clone=GQ02818_E16_cluster=GQ02818_E16_status=complete_gb=BT105076 7115854
.77 GQ04002_D20.1_clone=GQ04002_D20_cluster=GQ04002_D20_status=complete_gb=BT118091 7116241
.88 GQ03221_H09.1_clone=GQ03221_H09_cluster=GQ03221_H09_status=complete_gb=BT110418 7116298
.82 GQ01310_A12.1_clone=GQ01310_A12_cluster=GQ01310_A12_status=5 7115772
.10 GQ01310_A12.1_clone=GQ01310_A12_cluster=GQ01310_A12_status=5 3478306
.51 GQ03314_G07.1_clone=GQ03314_G07_cluster=GQ03314_G07_status=complete_gb=BT112393 7116251
.17 GQ03314_G07.1_clone=GQ03314_G07_cluster=GQ03314_G07_status=complete_gb=BT112393 7116251
.44 GQ03111_K20.1_clone=GQ03111_K20_cluster=GQ03111_K20_status=complete_gb=BT107703 7116261
.46 GQ03111_K20.1_clone=GQ03111_K20_cluster=GQ03111_K20_status=complete_gb=BT107703 6945432
.33 GQ03901_C15.1_clone=GQ03901_C15_cluster=GQ03901_C15_status=complete_gb=BT117469 2563450
.18 GQ03901_C15.1_clone=GQ03901_C15_cluster=GQ03901_C15_status=complete_gb=BT117469 7024317
.37 GQ03001_F24.2_clone=GQ03001_F24_cluster=GQ03001_F24_status=complete_gb=BT106422 7116295
.19 GQ03001_F24.2_clone=GQ03001_F24_cluster=GQ03001_F24_status=complete_gb=BT106422 7116295
.67 GQ03103_I03.1_clone=GQ03103_I03_cluster=GQ03103_I03_status=complete_gb=BT107160 7116209
.14 GQ03103_I03.1_clone=GQ03103_I03_cluster=GQ03103_I03_status=complete_gb=BT107160 7116209
.56 GQ03406_L07.2_clone=GQ03406_L07_cluster=GQ03406_L07_status=5 6984683
.18 GQ03406_L07.2_clone=GQ03406_L07_cluster=GQ03406_L07_status=5 6946533
.42 GQ00411_I05.1_clone=GQ00411_I05_cluster=GQ00411_I05_status=complete_gb=BT100700 7116316
.56 GQ00411_I05.1_clone=GQ00411_I05_cluster=GQ00411_I05_status=complete_gb=BT100700 7116316
.25 GQ03313_E14.1_clone=GQ03313_E14_cluster=GQ03313_E14_status=complete_gb=BT112305 6950461
.73 GQ03313_E14.1_clone=GQ03313_E14_cluster=GQ03313_E14_status=complete_gb=BT112305 7116072
.79 GQ03111_D23.1_clone=GQ03111_D23_cluster=GQ03111_D23_status=complete_gb=BT107669 7116291
.47 GQ02902_H13.2_clone=GQ02902_H13_cluster=GQ02902_H13_status=complete_gb=BT106073 6947584
.31 GQ02902_H13.2_clone=GQ02902_H13_cluster=GQ02902_H13_status=complete_gb=BT106073 6943814
.41 GQ03403_L17.1_clone=GQ03403_L17_cluster=GQ03403_L17_status=complete_gb=BT113285 6938090
.41 GQ03403_L17.1_clone=GQ03403_L17_cluster=GQ03403_L17_status=complete_gb=BT113285 7116000
.99 GQ02817_J19.1_clone=GQ02817_J19_cluster=GQ02817_J19_status=complete_gb=BT105008 7116270
.30 GQ03226_A17.1_clone=GQ03226_A17_cluster=GQ03226_A17_status=complete_gb=BT110677 1234648
.30 GQ03226_A17.1_clone=GQ03226_A17_cluster=GQ03226_A17_status=complete_gb=BT110677 6946504
.17 GQ03226_A17.1_clone=GQ03226_A17_cluster=GQ03226_A17_status=complete_gb=BT110677 6950322
.15 GQ03226_A17.1_clone=GQ03226_A17_cluster=GQ03226_A17_status=complete_gb=BT110677 7115999
.66 GQ02815_E19.1_clone=GQ02815_E19_cluster=GQ02815_E19_status=complete_gb=BT104809 6939439
.29 GQ02815_E19.1_clone=GQ02815_E19_cluster=GQ02815_E19_status=complete_gb=BT104809 6945908
.07 GQ03708_E03.2_clone=GQ03708_E03_cluster=GQ03708_E03_status=complete_gb=BT115897 6944122
.70 GQ03708_E03.2_clone=GQ03708_E03_cluster=GQ03708_E03_status=complete_gb=BT115897 7116144
.33 GQ03004_N24.1_clone=GQ03004_N24_cluster=GQ03004_N24_status=complete_gb=BT106554 7115784
.24 GQ03212_N07.1_clone=GQ03212_N07_cluster=GQ03212_N07_status=complete_gb=BT109828 7115778
.42 GQ04004_H03.1_clone=GQ04004_H03_cluster=GQ04004_H03_status=complete_gb=BT118268 7115964
.25 GQ04004_H03.1_clone=GQ04004_H03_cluster=GQ04004_H03_status=complete_gb=BT118268 7115969
.65 GQ0047_P09.1_clone=GQ0047_P09_cluster=GQ0047_P09_status=complete_gb=BT100871 7116057
.33 GQ0047_P09.1_clone=GQ0047_P09_cluster=GQ0047_P09_status=complete_gb=BT100871 7116057
.68 GQ03211_D22.1_clone=GQ03211_D22_cluster=GQ03211_D22_status=complete_gb=BT109668 7116021
.11 GQ03211_D22.1_clone=GQ03211_D22_cluster=GQ03211_D22_status=complete_gb=BT109668 2873842
.28 GQ03235_H18.1_clone=GQ03235_H18_cluster=GQ03235_H18_status=complete_gb=BT111290 6938792
.43 GQ03235_H18.1_clone=GQ03235_H18_cluster=GQ03235_H18_status=complete_gb=BT111290 7115588
.81 GQ03230_K04.1_clone=GQ03230_K04_cluster=GQ03230_K04_status=complete_gb=BT110975 7116132
.74 WS00725_K21.1_clone=WS00725_K21_cluster=WS00725_K21_status=complete 633205
.34 GQ03704_G03.4_clone=GQ03704_G03_cluster=GQ03704_G03_status=53 7116306
.33 GQ03704_G03.4_clone=GQ03704_G03_cluster=GQ03704_G03_status=53 7116015
.86 GQ03303_J01.1_clone=GQ03303_J01_cluster=GQ03303_J01_status=complete_gb=BT111782 7116220
.46 WS00841_J08.1_clone=WS00841_J08_cluster=WS00841_J08_status=complete 1501558
.41 WS00841_J08.1_clone=WS00841_J08_cluster=WS00841_J08_status=complete 591669
.65 GQ03707_P23.3_clone=GQ03707_P23_cluster=GQ03707_P23_status=complete_gb=BT115885 7116278
.01 GQ03707_P23.3_clone=GQ03707_P23_cluster=GQ03707_P23_status=complete_gb=BT115885 1189189
.01 GQ03707_P23.3_clone=GQ03707_P23_cluster=GQ03707_P23_status=complete_gb=BT115885 6987727
.85 GQ03239_C23.1_clone=GQ03239_C23_cluster=GQ03239_C23_status=complete_gb=BT111542 7115783
.03 GQ03239_C23.1_clone=GQ03239_C23_cluster=GQ03239_C23_status=complete_gb=BT111542 7115598
.44 GQ03804_F05.1_clone=GQ03804_F05_cluster=GQ03804_F05_status=complete_gb=BT116668 6944365
.10 GQ03419_J21.1_clone=GQ03419_J21_cluster=GQ03419_J21_status=complete_gb=BT113759 3361549
.88 GQ03419_J21.1_clone=GQ03419_J21_cluster=GQ03419_J21_status=complete_gb=BT113759 7116297
.16 GQ03310_D20.1_clone=GQ03310_D20_cluster=GQ03310_D20_status=complete_gb=BT112115 1073707
.82 GQ03310_D20.1_clone=GQ03310_D20_cluster=GQ03310_D20_status=complete_gb=BT112115 6937760
.81 GQ03905_F03.1_clone=GQ03905_F03_cluster=GQ03905_F03_status=complete_gb=BT117622 7116239
.16 GQ03905_F03.1_clone=GQ03905_F03_cluster=GQ03905_F03_status=complete_gb=BT117622 775757
.43 GQ0134_K22.1_clone=GQ0134_K22_cluster=GQ0134_K22_status=complete_gb=BT101963 6944913
.29 GQ0134_K22.1_clone=GQ0134_K22_cluster=GQ0134_K22_status=complete_gb=BT101963 6959962
.09 GQ0134_K22.1_clone=GQ0134_K22_cluster=GQ0134_K22_status=complete_gb=BT101963 1913469
.09 GQ0134_K22.1_clone=GQ0134_K22_cluster=GQ0134_K22_status=complete_gb=BT101963 7023354
.09 GQ0134_K22.1_clone=GQ0134_K22_cluster=GQ0134_K22_status=complete_gb=BT101963 7115639
.70 GQ0073_O20.1_clone=GQ0073_O20_cluster=GQ0073_O20_status=complete_gb=BT101221 7116153
.18 GQ0073_O20.1_clone=GQ0073_O20_cluster=GQ0073_O20_status=complete_gb=BT101221 6978214
.64 GQ03230_L15.1_clone=GQ03230_L15_cluster=GQ03230_L15_status=complete_gb=BT110979 7115911
.11 GQ03230_L15.1_clone=GQ03230_L15_cluster=GQ03230_L15_status=complete_gb=BT110979 4007975
.99 GQ04104_C19.1_clone=GQ04104_C19_cluster=GQ04104_C19_status=complete_gb=BT119324 7116304
.50 GQ02802_F03.1_clone=GQ02802_F03_cluster=GQ02802_F03_status=complete_gb=BT103796 7115496
.16 GQ03905_M03.1_clone=GQ03905_M03_cluster=GQ03905_M03_status=complete_gb=BT117633 7116053
.18 GQ03905_M03.1_clone=GQ03905_M03_cluster=GQ03905_M03_status=complete_gb=BT117633 2406622
.15 GQ04106_J24.1_clone=GQ04106_J24_cluster=GQ04106_J24_status=complete_gb=BT119518 7115563
.31 GQ02819_F16.2_clone=GQ02819_F16_cluster=GQ02819_F16_status=complete_gb=BT105169 7115598
.37 GQ02819_F16.2_clone=GQ02819_F16_cluster=GQ02819_F16_status=complete_gb=BT105169 7116027
.14 GQ03322_A09.2_clone=GQ03322_A09_cluster=GQ03322_A09_status=complete_gb=BT112867 4941268
.71 GQ03322_A09.2_clone=GQ03322_A09_cluster=GQ03322_A09_status=complete_gb=BT112867 6976396
.27 GQ03216_J14.1_clone=GQ03216_J14_cluster=GQ03216_J14_status=complete_gb=BT110114 7115948
.42 GQ03225_K07.1_clone=GQ03225_K07_cluster=GQ03225_K07_status=complete_gb=BT110666 6938085
.27 GQ03225_K07.1_clone=GQ03225_K07_cluster=GQ03225_K07_status=complete_gb=BT110666 6939446
.75 GQ03209_N07.1_clone=GQ03209_N07_cluster=GQ03209_N07_status=complete_gb=BT109546 7116231
.09 GQ03209_N07.1_clone=GQ03209_N07_cluster=GQ03209_N07_status=complete_gb=BT109546 1715147
.09 GQ03209_N07.1_clone=GQ03209_N07_cluster=GQ03209_N07_status=complete_gb=BT109546 4894374
.46 GQ02903_I11.2_clone=GQ02903_I11_cluster=GQ02903_I11_status=complete_gb=BT106128 6951339
.36 GQ02903_I11.2_clone=GQ02903_I11_cluster=GQ02903_I11_status=complete_gb=BT106128 6944763
.23 GQ03116_O08.1_clone=GQ03116_O08_cluster=GQ03116_O08_status=complete_gb=BT108102 845992
.21 GQ03116_O08.1_clone=GQ03116_O08_cluster=GQ03116_O08_status=complete_gb=BT108102 6938875
.20 GQ03116_O08.1_clone=GQ03116_O08_cluster=GQ03116_O08_status=complete_gb=BT108102 7010118
.12 GQ03116_O08.1_clone=GQ03116_O08_cluster=GQ03116_O08_status=complete_gb=BT108102 6951118
.81 GQ00610_J01.1_clone=GQ00610_J01_cluster=GQ00610_J01_status=complete_gb=BT100916 7116042
.41 GQ03302_D17.1_clone=GQ03302_D17_cluster=GQ03302_D17_status=complete_gb=BT111687 6951596
.24 GQ03302_D17.1_clone=GQ03302_D17_cluster=GQ03302_D17_status=complete_gb=BT111687 6972036
.54 GQ02806_D02.1_clone=GQ02806_D02_cluster=GQ02806_D02_status=complete_gb=BT104080 7116309
.44 GQ02806_D02.1_clone=GQ02806_D02_cluster=GQ02806_D02_status=complete_gb=BT104080 7116309
.67 GQ03918_J01.1_clone=GQ03918_J01_cluster=GQ03918_J01_status=complete_gb=BT117961 1444569
.32 GQ03918_J01.1_clone=GQ03918_J01_cluster=GQ03918_J01_status=complete_gb=BT117961 6952077
.82 GQ03203_K08.2_clone=GQ03203_K08_cluster=GQ03203_K08_status=complete_gb=BT109009 7116227
.08 GQ03203_K08.2_clone=GQ03203_K08_cluster=GQ03203_K08_status=complete_gb=BT109009 3908991
.35 GQ03308_G03.1_clone=GQ03308_G03_cluster=GQ03308_G03_status=complete_gb=BT111972 7115944
.28 GQ03308_G03.1_clone=GQ03308_G03_cluster=GQ03308_G03_status=complete_gb=BT111972 6985362
.88 GQ02820_N02.1_clone=GQ02820_N02_cluster=GQ02820_N02_status=complete_gb=BT105316 7116041
.99 GQ03214_O21.1_clone=GQ03214_O21_cluster=GQ03214_O21_status=complete_gb=BT110014 7115359
.58 GQ03324_D08.1_clone=GQ03324_D08_cluster=GQ03324_D08_status=complete_gb=BT113003 7115630
.39 GQ03324_D08.1_clone=GQ03324_D08_cluster=GQ03324_D08_status=complete_gb=BT113003 6961450
.25 GQ03324_D08.1_clone=GQ03324_D08_cluster=GQ03324_D08_status=complete_gb=BT113003 7017871
.20 GQ03324_D08.1_clone=GQ03324_D08_cluster=GQ03324_D08_status=complete_gb=BT113003 6964365
.33 GQ03801_K11.1_clone=GQ03801_K11_cluster=GQ03801_K11_status=complete_gb=BT116545 6948389
.31 GQ03801_K11.1_clone=GQ03801_K11_cluster=GQ03801_K11_status=complete_gb=BT116545 7115480
.37 GQ02829_F21.1_clone=GQ02829_F21_cluster=GQ02829_F21_status=complete_gb=BT105853 6944578
.14 GQ02829_F21.1_clone=GQ02829_F21_cluster=GQ02829_F21_status=complete_gb=BT105853 6945860
.30 GQ0165_F24.1_clone=GQ0165_F24_cluster=GQ0165_F24_status=complete_gb=BT102061 7055521
.03 WS0072_E07.1_clone=WS0072_E07_cluster=WS0072_E07_status=3 2232945
.28 GQ02010_M14.1_clone=GQ02010_M14_cluster=GQ02010_M14_status=complete_gb=BT102672 6945166
.15 GQ02010_M14.1_clone=GQ02010_M14_cluster=GQ02010_M14_status=complete_gb=BT102672 7059102
.58 GQ03514_M24.1_clone=GQ03514_M24_cluster=GQ03514_M24_status=complete_gb=BT114453 7116243
.71 GQ03122_H04.1_clone=GQ03122_H04_cluster=GQ03122_H04_status=complete_gb=BT108478 6996257
.26 GQ03603_O09.1_clone=GQ03603_O09_cluster=GQ03603_O09_status=complete_gb=BT114865 6947638
.26 GQ03603_O09.1_clone=GQ03603_O09_cluster=GQ03603_O09_status=complete_gb=BT114865 2459596
.20 GQ03603_O09.1_clone=GQ03603_O09_cluster=GQ03603_O09_status=complete_gb=BT114865 2542439
.45 GQ0208_D04.1_clone=GQ0208_D04_cluster=GQ0208_D04_status=53 7116213
.33 GQ0208_D04.1_clone=GQ0208_D04_cluster=GQ0208_D04_status=53 7004347
.31 GQ0208_D04.1_clone=GQ0208_D04_cluster=GQ0208_D04_status=53 7116213
.15 GQ0208_D04.1_clone=GQ0208_D04_cluster=GQ0208_D04_status=53 2169871
.99 GQ03718_K11.1_clone=GQ03718_K11_cluster=GQ03718_K11_status=complete_gb=BT116435 7116308
.28 GQ03107_E05.1_clone=GQ03107_E05_cluster=GQ03107_E05_status=complete_gb=BT107417 7115960
.24 GQ03107_E05.1_clone=GQ03107_E05_cluster=GQ03107_E05_status=complete_gb=BT107417 2591724
.20 GQ03107_E05.1_clone=GQ03107_E05_cluster=GQ03107_E05_status=complete_gb=BT107417 2246399
.13 GQ03107_E05.1_clone=GQ03107_E05_cluster=GQ03107_E05_status=complete_gb=BT107417 6942609
.11 GQ03107_E05.1_clone=GQ03107_E05_cluster=GQ03107_E05_status=complete_gb=BT107417 983816
.66 GQ04002_M07.1_clone=GQ04002_M07_cluster=GQ04002_M07_status=complete_gb=BT118131 7116236
.26 GQ04002_M07.1_clone=GQ04002_M07_cluster=GQ04002_M07_status=complete_gb=BT118131 7023772
.49 GQ04111_B16.1_clone=GQ04111_B16_cluster=GQ04111_B16_status=complete_gb=BT119849 7115552
.59 GQ03702_N19.1_clone=GQ03702_N19_cluster=GQ03702_N19_status=complete_gb=BT115618 7116268
.29 GQ03702_N19.1_clone=GQ03702_N19_cluster=GQ03702_N19_status=complete_gb=BT115618 6938830
.31 GQ04012_A01.1_clone=GQ04012_A01_cluster=GQ04012_A01_status=complete_gb=BT118930 6996837
.50 GQ04012_A01.1_clone=GQ04012_A01_cluster=GQ04012_A01_status=complete_gb=BT118930 7116271
.84 GQ02830_H03.1_clone=GQ02830_H03_cluster=GQ02830_H03_status=complete_gb=BT105953 7116288
.85 WS02627_B12.1_clone=WS02627_B12_cluster=WS02627_B12_status=complete 7115429
.40 WS02627_B12.1_clone=WS02627_B12_cluster=WS02627_B12_status=complete 453737
.41 WS02627_B12.1_clone=WS02627_B12_cluster=WS02627_B12_status=complete 6976407
.35 WS02627_B12.1_clone=WS02627_B12_cluster=WS02627_B12_status=complete 6952172
.06 WS02627_B12.1_clone=WS02627_B12_cluster=WS02627_B12_status=complete 6974892
.40 GQ03913_M10.2_clone=GQ03913_M10_cluster=GQ03913_M10_status=53 7116067
.19 GQ03913_M10.2_clone=GQ03913_M10_cluster=GQ03913_M10_status=53 6950730
.11 GQ03913_M10.2_clone=GQ03913_M10_cluster=GQ03913_M10_status=53 2258943
.39 GQ03122_O02.1_clone=GQ03122_O02_cluster=GQ03122_O02_status=complete_gb=BT108511 2307529
.34 GQ03122_O02.1_clone=GQ03122_O02_cluster=GQ03122_O02_status=complete_gb=BT108511 6938253
.30 GQ03515_I22.1_clone=GQ03515_I22_cluster=GQ03515_I22_status=complete_gb=BT114491 6941555
.06 GQ03515_I22.1_clone=GQ03515_I22_cluster=GQ03515_I22_status=complete_gb=BT114491 6983224
.07 GQ03515_I22.1_clone=GQ03515_I22_cluster=GQ03515_I22_status=complete_gb=BT114491 6959289
.87 GQ03412_N16.1_clone=GQ03412_N16_cluster=GQ03412_N16_status=complete_gb=BT113550 7116277
.32 GQ04013_O02.1_clone=GQ04013_O02_cluster=GQ04013_O02_status=complete_gb=BT119053 7116280
.25 GQ04013_O02.1_clone=GQ04013_O02_cluster=GQ04013_O02_status=complete_gb=BT119053 7116280
.95 GQ03302_P21.1_clone=GQ03302_P21_cluster=GQ03302_P21_status=complete_gb=BT111740 7116260
.03 GQ03302_P21.1_clone=GQ03302_P21_cluster=GQ03302_P21_status=complete_gb=BT111740 7090676
.58 GQ03715_K17.2_clone=GQ03715_K17_cluster=GQ03715_K17_status=complete_gb=BT116303 7116257
.14 GQ03715_K17.2_clone=GQ03715_K17_cluster=GQ03715_K17_status=complete_gb=BT116303 6941292
.13 GQ03715_K17.2_clone=GQ03715_K17_cluster=GQ03715_K17_status=complete_gb=BT116303 2006532
.89 GQ0208_F05.1_clone=GQ0208_F05_cluster=GQ0208_F05_status=complete_gb=BT103201 7116250
.34 GQ03308_N12.1_clone=GQ03308_N12_cluster=GQ03308_N12_status=complete_gb=BT112017 6972406
.16 GQ03308_N12.1_clone=GQ03308_N12_cluster=GQ03308_N12_status=complete_gb=BT112017 7049339
.50 GQ02013_G01.1_clone=GQ02013_G01_cluster=GQ02013_G01_status=complete_gb=BT102739 7116246
.23 GQ02013_G01.1_clone=GQ02013_G01_cluster=GQ02013_G01_status=complete_gb=BT102739 7116246
.12 GQ02013_G01.1_clone=GQ02013_G01_cluster=GQ02013_G01_status=complete_gb=BT102739 1482670
.12 GQ02013_G01.1_clone=GQ02013_G01_cluster=GQ02013_G01_status=complete_gb=BT102739 451148
.66 GQ03605_E07.1_clone=GQ03605_E07_cluster=GQ03605_E07_status=5 6951020
.25 GQ03605_E07.1_clone=GQ03605_E07_cluster=GQ03605_E07_status=5 7115411
.25 GQ03605_E07.1_clone=GQ03605_E07_cluster=GQ03605_E07_status=5 2598849
.25 GQ03605_E07.1_clone=GQ03605_E07_cluster=GQ03605_E07_status=5 2431782
.25 GQ03605_E07.1_clone=GQ03605_E07_cluster=GQ03605_E07_status=5 6939274
.61 GQ03803_A09.3_clone=GQ03803_A09_cluster=GQ03803_A09_status=53 7116312
.37 GQ04101_J18.1_clone=GQ04101_J18_cluster=GQ04101_J18_status=complete_gb=BT119118 557312
.26 GQ04101_J18.1_clone=GQ04101_J18_cluster=GQ04101_J18_status=complete_gb=BT119118 1858910
.38 GQ03234_A14.1_clone=GQ03234_A14_cluster=GQ03234_A14_status=complete_gb=BT111187 7115773
.10 GQ03234_A14.1_clone=GQ03234_A14_cluster=GQ03234_A14_status=complete_gb=BT111187 2701061
.10 GQ03234_A14.1_clone=GQ03234_A14_cluster=GQ03234_A14_status=complete_gb=BT111187 3227568
.31 GQ03238_E14.1_clone=GQ03238_E14_cluster=GQ03238_E14_status=complete_gb=BT111479 1388138
.46 GQ03238_E14.1_clone=GQ03238_E14_cluster=GQ03238_E14_status=complete_gb=BT111479 4437866
.33 GQ03814_E07.1_clone=GQ03814_E07_cluster=GQ03814_E07_status=complete_gb=BT117172 6944198
.18 GQ03814_E07.1_clone=GQ03814_E07_cluster=GQ03814_E07_status=complete_gb=BT117172 563818
.20 WS00819_E21.1_clone=WS00819_E21_cluster=WS00819_E21_status=complete 3872146
.35 WS00819_E21.1_clone=WS00819_E21_cluster=WS00819_E21_status=complete 943099
.30 GQ03214_N04.1_clone=GQ03214_N04_cluster=GQ03214_N04_status=complete_gb=BT110003 6941639
.14 GQ03214_N04.1_clone=GQ03214_N04_cluster=GQ03214_N04_status=complete_gb=BT110003 2347517
.82 GQ03417_O11.1_clone=GQ03417_O11_cluster=GQ03417_O11_status=complete_gb=BT113701 7116018
.22 GQ03417_O11.1_clone=GQ03417_O11_cluster=GQ03417_O11_status=complete_gb=BT113701 7028148
.21 GQ03417_O11.1_clone=GQ03417_O11_cluster=GQ03417_O11_status=complete_gb=BT113701 3894006
.13 GQ03417_O11.1_clone=GQ03417_O11_cluster=GQ03417_O11_status=complete_gb=BT113701 6474714
.38 GQ03105_K19.1_clone=GQ03105_K19_cluster=GQ03105_K19_status=complete_gb=BT107318 7115750
.28 GQ03105_K19.1_clone=GQ03105_K19_cluster=GQ03105_K19_status=complete_gb=BT107318 879653
.13 GQ03105_K19.1_clone=GQ03105_K19_cluster=GQ03105_K19_status=complete_gb=BT107318 2916779
.04 GQ03105_K19.1_clone=GQ03105_K19_cluster=GQ03105_K19_status=complete_gb=BT107318 7056003
.11 GQ03103_I04.1_clone=GQ03103_I04_cluster=GQ03103_I04_status=complete_gb=BT107161 6951612
.72 GQ03103_I04.1_clone=GQ03103_I04_cluster=GQ03103_I04_status=complete_gb=BT107161 7116226
.24 GQ04004_L04.1_clone=GQ04004_L04_cluster=GQ04004_L04_status=complete_gb=BT118288 2997099
.16 GQ04004_L04.1_clone=GQ04004_L04_cluster=GQ04004_L04_status=complete_gb=BT118288 1041230
.12 GQ04004_L04.1_clone=GQ04004_L04_cluster=GQ04004_L04_status=complete_gb=BT118288 1377489
.29 GQ04104_D02.3_clone=GQ04104_D02_cluster=GQ04104_D02_status=complete_gb=BT119326 7116300
.26 GQ04104_D02.3_clone=GQ04104_D02_cluster=GQ04104_D02_status=complete_gb=BT119326 6950453
.99 GQ03405_B22.2_clone=GQ03405_B22_cluster=GQ03405_B22_status=complete_gb=BT113326 7116319
.46 GQ03902_J10.4_clone=GQ03902_J10_cluster=GQ03902_J10_status=53 7116055
.28 GQ03902_J10.4_clone=GQ03902_J10_cluster=GQ03902_J10_status=53 1109965
.17 GQ03902_J10.4_clone=GQ03902_J10_cluster=GQ03902_J10_status=53 6955551
.12 GQ03902_J10.4_clone=GQ03902_J10_cluster=GQ03902_J10_status=53 1110484
.36 GQ03202_I05.1_clone=GQ03202_I05_cluster=GQ03202_I05_status=complete_gb=BT108918 6967457
.39 GQ03301_H14.1_clone=GQ03301_H14_cluster=GQ03301_H14_status=complete_gb=BT111624 943629
.51 GQ03301_H14.1_clone=GQ03301_H14_cluster=GQ03301_H14_status=complete_gb=BT111624 7004131
.92 GQ02808_N14.1_clone=GQ02808_N14_cluster=GQ02808_N14_status=complete_gb=BT104313 7116224
.36 GQ04008_C10.1_clone=GQ04008_C10_cluster=GQ04008_C10_status=complete_gb=BT118604 6947476
.55 WS00728_M07.1_clone=WS00728_M07_cluster=WS00728_M07_status=complete 6940730
.33 WS00728_M07.1_clone=WS00728_M07_cluster=WS00728_M07_status=complete 798014
.29 WS00728_M07.1_clone=WS00728_M07_cluster=WS00728_M07_status=complete 1555690
.29 WS00728_M07.1_clone=WS00728_M07_cluster=WS00728_M07_status=complete 2155853
.25 WS00728_M07.1_clone=WS00728_M07_cluster=WS00728_M07_status=complete 1613991
.23 GQ04003_M21.1_clone=GQ04003_M21_cluster=GQ04003_M21_status=complete_gb=BT118222 7012810
.39 GQ04003_M21.1_clone=GQ04003_M21_cluster=GQ04003_M21_status=complete_gb=BT118222 6951273
.36 GQ03416_N24.2_clone=GQ03416_N24_cluster=GQ03416_N24_status=complete_gb=BT113674 1431537
.24 GQ03416_N24.2_clone=GQ03416_N24_cluster=GQ03416_N24_status=complete_gb=BT113674 6947161
.34 GQ0133_O14.1_clone=GQ0133_O14_cluster=GQ0133_O14_status=complete_gb=BT101943 6939228
.37 GQ0133_O14.1_clone=GQ0133_O14_cluster=GQ0133_O14_status=complete_gb=BT101943 6951626
.39 GQ04005_K02.2_clone=GQ04005_K02_cluster=GQ04005_K02_status=complete_gb=BT118368 7116307
.18 GQ04005_K02.2_clone=GQ04005_K02_cluster=GQ04005_K02_status=complete_gb=BT118368 7116307
.35 GQ04101_P05.1_clone=GQ04101_P05_cluster=GQ04101_P05_status=complete_gb=BT119147 827201
.38 GQ04101_P05.1_clone=GQ04101_P05_cluster=GQ04101_P05_status=complete_gb=BT119147 7116282
.24 GQ03708_P03.1_clone=GQ03708_P03_cluster=GQ03708_P03_status=complete_gb=BT115924 246367
.73 GQ03708_P03.1_clone=GQ03708_P03_cluster=GQ03708_P03_status=complete_gb=BT115924 7116294
.11 WS0262_E23.1_clone=WS0262_E23_cluster=WS0262_E23_status=complete 7003838
.87 WS0262_E23.1_clone=WS0262_E23_cluster=WS0262_E23_status=complete 6951717
.62 GQ02812_E22.1_clone=GQ02812_E22_cluster=GQ02812_E22_status=complete_gb=BT104595 7116276
.13 GQ02812_E22.1_clone=GQ02812_E22_cluster=GQ02812_E22_status=complete_gb=BT104595 4519536
.25 GQ02907_A13.1_clone=GQ02907_A13_cluster=GQ02907_A13_status=complete_gb=BT106312 1545683
.63 GQ02907_A13.1_clone=GQ02907_A13_cluster=GQ02907_A13_status=complete_gb=BT106312 966182
.53 GQ03810_B16.1_clone=GQ03810_B16_cluster=GQ03810_B16_status=complete_gb=BT116954 1007998
.45 GQ03810_B16.1_clone=GQ03810_B16_cluster=GQ03810_B16_status=complete_gb=BT116954 7115517
.27 GQ03408_K04.1_clone=GQ03408_K04_cluster=GQ03408_K04_status=complete_gb=BT113442 7116293
.61 GQ02812_G08.1_clone=GQ02812_G08_cluster=GQ02812_G08_status=complete_gb=BT104601 7115912
.79 GQ04005_N10.1_clone=GQ04005_N10_cluster=GQ04005_N10_status=complete_gb=BT118385 7116314
.20 GQ03803_J20.1_clone=GQ03803_J20_cluster=GQ03803_J20_status=complete_gb=BT116631 1582505
.29 GQ03803_J20.1_clone=GQ03803_J20_cluster=GQ03803_J20_status=complete_gb=BT116631 7115648
.59 GQ03325_I10.1_clone=GQ03325_I10_cluster=GQ03325_I10_status=complete_gb=BT113091 7116263
.14 GQ03325_I10.1_clone=GQ03325_I10_cluster=GQ03325_I10_status=complete_gb=BT113091 7116263
.29 GQ03906_I03.1_clone=GQ03906_I03_cluster=GQ03906_I03_status=complete_gb=BT117655 7115877
.23 GQ03906_I03.1_clone=GQ03906_I03_cluster=GQ03906_I03_status=complete_gb=BT117655 6941715
.68 GQ0201_A22.1_clone=GQ0201_A22_cluster=GQ0201_A22_status=5 6972101
.49 GQ0201_A22.1_clone=GQ0201_A22_cluster=GQ0201_A22_status=5 1019965
.32 GQ0201_A22.1_clone=GQ0201_A22_cluster=GQ0201_A22_status=5 3450915
.11 GQ0201_A22.1_clone=GQ0201_A22_cluster=GQ0201_A22_status=5 4427358
.12 GQ0046_K04.1_clone=GQ0046_K04_cluster=GQ0046_K04_status=complete_gb=BT100829 4428135
.87 GQ0046_K04.1_clone=GQ0046_K04_cluster=GQ0046_K04_status=complete_gb=BT100829 7115766
.53 GQ03615_C02.1_clone=GQ03615_C02_cluster=GQ03615_C02_status=complete_gb=BT115370 6945164
.17 GQ03615_C02.1_clone=GQ03615_C02_cluster=GQ03615_C02_status=complete_gb=BT115370 3531373
.16 GQ03615_C02.1_clone=GQ03615_C02_cluster=GQ03615_C02_status=complete_gb=BT115370 6992693
.22 GQ04007_D14.3_clone=GQ04007_D14_cluster=GQ04007_D14_status=complete_gb=BT118516 6939640
.18 GQ04007_D14.3_clone=GQ04007_D14_cluster=GQ04007_D14_status=complete_gb=BT118516 6953221
.62 GQ0068_O21.1_clone=GQ0068_O21_cluster=GQ0068_O21_status=53 7115845
.28 GQ0068_O21.1_clone=GQ0068_O21_cluster=GQ0068_O21_status=53 7115845
.36 GQ02905_B19.1_clone=GQ02905_B19_cluster=GQ02905_B19_status=complete_gb=BT106212 7115863
.85 GQ03107_O06.1_clone=GQ03107_O06_cluster=GQ03107_O06_status=complete_gb=BT107471 7116232
.12 GQ03324_J10.1_clone=GQ03324_J10_cluster=GQ03324_J10_status=complete_gb=BT113016 1634097
.47 GQ03324_J10.1_clone=GQ03324_J10_cluster=GQ03324_J10_status=complete_gb=BT113016 599735
.03 GQ03214_O24.1_clone=GQ03214_O24_cluster=GQ03214_O24_status=complete_gb=BT110015 984615
.51 GQ03214_O24.1_clone=GQ03214_O24_cluster=GQ03214_O24_status=complete_gb=BT110015 6960488
.83 GQ03209_C03.1_clone=GQ03209_C03_cluster=GQ03209_C03_status=complete_gb=BT109496 7116219
.41 GQ03124_I20.1_clone=GQ03124_I20_cluster=GQ03124_I20_status=complete_gb=BT108628 7116233
.06 GQ03124_I20.1_clone=GQ03124_I20_cluster=GQ03124_I20_status=complete_gb=BT108628 7116233
.35 GQ03801_K08.1_clone=GQ03801_K08_cluster=GQ03801_K08_status=complete_gb=BT116544 6937972
.19 GQ03801_K08.1_clone=GQ03801_K08_cluster=GQ03801_K08_status=complete_gb=BT116544 3898829
.64 GQ03301_J10.1_clone=GQ03301_J10_cluster=GQ03301_J10_status=complete_gb=BT111636 7116259
.74 GQ02808_F13.3_clone=GQ02808_F13_cluster=GQ02808_F13_status=complete_gb=BT104259 7116215
.47 GQ03213_N04.3_clone=GQ03213_N04_cluster=GQ03213_N04_status=complete_gb=BT109926 7116299
.12 GQ03213_N04.3_clone=GQ03213_N04_cluster=GQ03213_N04_status=complete_gb=BT109926 7116299
.39 GQ03111_P01.1_clone=GQ03111_P01_cluster=GQ03111_P01_status=complete_gb=BT107718 7115832
.21 GQ03111_P01.1_clone=GQ03111_P01_cluster=GQ03111_P01_status=complete_gb=BT107718 400552
.11 GQ0204_H18.1_clone=GQ0204_H18_cluster=GQ0204_H18_status=complete_gb=BT102988 6959898
.22 GQ0204_H18.1_clone=GQ0204_H18_cluster=GQ0204_H18_status=complete_gb=BT102988 1105076
.31 GQ03116_E22.1_clone=GQ03116_E22_cluster=GQ03116_E22_status=complete_gb=BT108052 7026534
.24 GQ03116_E22.1_clone=GQ03116_E22_cluster=GQ03116_E22_status=complete_gb=BT108052 2617990
.22 GQ03116_E22.1_clone=GQ03116_E22_cluster=GQ03116_E22_status=complete_gb=BT108052 3205597
.17 GQ03116_E22.1_clone=GQ03116_E22_cluster=GQ03116_E22_status=complete_gb=BT108052 4460112
.10 GQ03116_E22.1_clone=GQ03116_E22_cluster=GQ03116_E22_status=complete_gb=BT108052 4643285
.87 GQ03512_K01.1_clone=GQ03512_K01_cluster=GQ03512_K01_status=complete_gb=BT114334 7116212
.51 GQ02803_D18.1_clone=GQ02803_D18_cluster=GQ02803_D18_status=complete_gb=BT103864 7116207
.48 GQ03703_J05.1_clone=GQ03703_J05_cluster=GQ03703_J05_status=complete_gb=BT115641 7115892
.14 GQ03703_J05.1_clone=GQ03703_J05_cluster=GQ03703_J05_status=complete_gb=BT115641 6937349
.90 GQ02819_K07.4_clone=GQ02819_K07_cluster=GQ02819_K07_status=complete_gb=BT105202 7116272
.74 GQ03301_G19.1_clone=GQ03301_G19_cluster=GQ03301_G19_status=complete_gb=BT111620 7116318
.88 GQ02816_J10.1_clone=GQ02816_J10_cluster=GQ02816_J10_status=complete_gb=BT104917 7116256
.89 GQ02829_O21.1_clone=GQ02829_O21_cluster=GQ02829_O21_status=complete_gb=BT105907 7116253
.86 GQ03201_C16.1_clone=GQ03201_C16_cluster=GQ03201_C16_status=complete_gb=BT108799 7116242
.29 GQ03105_N03.2_clone=GQ03105_N03_cluster=GQ03105_N03_status=complete_gb=BT107327 7116285
.13 GQ03105_N03.2_clone=GQ03105_N03_cluster=GQ03105_N03_status=complete_gb=BT107327 1636909
.11 GQ03105_N03.2_clone=GQ03105_N03_cluster=GQ03105_N03_status=complete_gb=BT107327 895696
.44 GQ03102_D21.1_clone=GQ03102_D21_cluster=GQ03102_D21_status=complete_gb=BT107057 6991462
.54 GQ03102_D21.1_clone=GQ03102_D21_cluster=GQ03102_D21_status=complete_gb=BT107057 7115761
.61 GQ04001_C15.1_clone=GQ04001_C15_cluster=GQ04001_C15_status=complete_gb=BT118012 6947848
.37 GQ04001_C15.1_clone=GQ04001_C15_cluster=GQ04001_C15_status=complete_gb=BT118012 6939761
.22 GQ04106_F21.1_clone=GQ04106_F21_cluster=GQ04106_F21_status=complete_gb=BT119493 799313
.22 GQ04106_F21.1_clone=GQ04106_F21_cluster=GQ04106_F21_status=complete_gb=BT119493 6951039
.19 GQ04106_F21.1_clone=GQ04106_F21_cluster=GQ04106_F21_status=complete_gb=BT119493 6940901
.96 GQ03912_N03.2_clone=GQ03912_N03_cluster=GQ03912_N03_status=complete_gb=BT117800 7116265
.28 GQ03907_I02.1_clone=GQ03907_I02_cluster=GQ03907_I02_status=complete_gb=BT117685 6938573
.16 GQ03907_I02.1_clone=GQ03907_I02_cluster=GQ03907_I02_status=complete_gb=BT117685 6969260
.36 GQ0205_O01.1_clone=GQ0205_O01_cluster=GQ0205_O01_status=complete_gb=BT103059 7115978
.24 GQ03403_M10.1_clone=GQ03403_M10_cluster=GQ03403_M10_status=complete_gb=BT113288 1847768
.30 GQ03403_M10.1_clone=GQ03403_M10_cluster=GQ03403_M10_status=complete_gb=BT113288 416611
.79 GQ03617_K21.1_clone=GQ03617_K21_cluster=GQ03617_K21_status=complete_gb=BT115481 7115631
.20 GQ03617_K21.1_clone=GQ03617_K21_cluster=GQ03617_K21_status=complete_gb=BT115481 1897250
.40 GQ03201_B23.1_clone=GQ03201_B23_cluster=GQ03201_B23_status=complete_gb=BT108793 7116264
.23 GQ03201_B23.1_clone=GQ03201_B23_cluster=GQ03201_B23_status=complete_gb=BT108793 7116264
.05 GQ02807_I09.2_clone=GQ02807_I09_cluster=GQ02807_I09_status=complete_gb=BT104195 2047327
.85 GQ02807_I09.2_clone=GQ02807_I09_cluster=GQ02807_I09_status=complete_gb=BT104195 7116208
.90 GQ03228_F23.1_clone=GQ03228_F23_cluster=GQ03228_F23_status=complete_gb=BT110817 7116234
.08 GQ03228_F23.1_clone=GQ03228_F23_cluster=GQ03228_F23_status=complete_gb=BT110817 6949277
.88 GQ03918_G09.2_clone=GQ03918_G09_cluster=GQ03918_G09_status=complete_gb=BT117957 7116195
.06 GQ03918_G09.2_clone=GQ03918_G09_cluster=GQ03918_G09_status=complete_gb=BT117957 6994797
.06 GQ03918_G09.2_clone=GQ03918_G09_cluster=GQ03918_G09_status=complete_gb=BT117957 1196196
.23 GQ03808_M10.1_clone=GQ03808_M10_cluster=GQ03808_M10_status=complete_gb=BT116892 253595
.15 GQ03808_M10.1_clone=GQ03808_M10_cluster=GQ03808_M10_status=complete_gb=BT116892 2521814
.15 GQ03808_M10.1_clone=GQ03808_M10_cluster=GQ03808_M10_status=complete_gb=BT116892 1140418
.96 GQ03713_K05.2_clone=GQ03713_K05_cluster=GQ03713_K05_status=complete_gb=BT116208 7116230
.48 GQ03105_C12.1_clone=GQ03105_C12_cluster=GQ03105_C12_status=complete_gb=BT107262 6937843
.46 GQ02809_O23.1_clone=GQ02809_O23_cluster=GQ02809_O23_status=complete_gb=BT104393 7056614
.24 GQ03410_O07.1_clone=GQ03410_O07_cluster=GQ03410_O07_status=complete_gb=BT113495 6942998
.24 GQ03410_O07.1_clone=GQ03410_O07_cluster=GQ03410_O07_status=complete_gb=BT113495 6985546
.13 GQ03410_O07.1_clone=GQ03410_O07_cluster=GQ03410_O07_status=complete_gb=BT113495 3429878
.30 GQ03124_F19.1_clone=GQ03124_F19_cluster=GQ03124_F19_status=complete_gb=BT108612 7039370
.25 GQ03124_F19.1_clone=GQ03124_F19_cluster=GQ03124_F19_status=complete_gb=BT108612 3885017
.47 GQ03605_B14.1_clone=GQ03605_B14_cluster=GQ03605_B14_status=complete_gb=BT114914 417250
.24 GQ03214_O17.1_clone=GQ03214_O17_cluster=GQ03214_O17_status=complete_gb=BT110012 6939031
.40 GQ03405_C07.1_clone=GQ03405_C07_cluster=GQ03405_C07_status=complete_gb=BT113328 6937407
.37 GQ03405_C07.1_clone=GQ03405_C07_cluster=GQ03405_C07_status=complete_gb=BT113328 6944810
.30 GQ03405_C07.1_clone=GQ03405_C07_cluster=GQ03405_C07_status=complete_gb=BT113328 3376855
.15 GQ03123_O04.1_clone=GQ03123_O04_cluster=GQ03123_O04_status=complete_gb=BT108586 7019596
.74 GQ03123_O04.1_clone=GQ03123_O04_cluster=GQ03123_O04_status=complete_gb=BT108586 7116305
.60 GQ02808_N01.1_clone=GQ02808_N01_cluster=GQ02808_N01_status=complete_gb=BT104309 7115816
.54 GQ03203_M03.4_clone=GQ03203_M03_cluster=GQ03203_M03_status=53 7116082
.28 GQ03203_M03.4_clone=GQ03203_M03_cluster=GQ03203_M03_status=53 7116082
.51 GQ03239_M23.1_clone=GQ03239_M23_cluster=GQ03239_M23_status=complete_gb=BT111583 7008381
.34 GQ03239_M23.1_clone=GQ03239_M23_cluster=GQ03239_M23_status=complete_gb=BT111583 6938566
.48 GQ04102_N24.1_clone=GQ04102_N24_cluster=GQ04102_N24_status=complete_gb=BT119232 6941784
.49 GQ04102_N24.1_clone=GQ04102_N24_cluster=GQ04102_N24_status=complete_gb=BT119232 6957125
.43 GQ04102_N24.1_clone=GQ04102_N24_cluster=GQ04102_N24_status=complete_gb=BT119232 1248085
.06 GQ04102_N24.1_clone=GQ04102_N24_cluster=GQ04102_N24_status=complete_gb=BT119232 1089414
.53 GQ03232_H04.2_clone=GQ03232_H04_cluster=GQ03232_H04_status=complete_gb=BT111083 7115632
.99 GQ0013_K01.1_clone=GQ0013_K01_cluster=GQ0013_K01_status=complete_gb=BT100413 7116155
.08 GQ03116_A01.1_clone=GQ03116_A01_cluster=GQ03116_A01_status=complete_gb=BT108020 1754414
.75 GQ03116_A01.1_clone=GQ03116_A01_cluster=GQ03116_A01_status=complete_gb=BT108020 7116202
.21 GQ03207_I05.1_clone=GQ03207_I05_cluster=GQ03207_I05_status=complete_gb=BT109351 1375502
.16 GQ03207_I05.1_clone=GQ03207_I05_cluster=GQ03207_I05_status=complete_gb=BT109351 2566832
.26 GQ02904_O01.3_clone=GQ02904_O01_cluster=GQ02904_O01_status=complete_gb=BT106200 6985157
.64 GQ03214_C08.3_clone=GQ03214_C08_cluster=GQ03214_C08_status=53 7116303
.36 GQ03613_K21.1_clone=GQ03613_K21_cluster=GQ03613_K21_status=complete_gb=BT115297 764539
.63 GQ03613_K21.1_clone=GQ03613_K21_cluster=GQ03613_K21_status=complete_gb=BT115297 6938608
.19 GQ03238_A08.1_clone=GQ03238_A08_cluster=GQ03238_A08_status=complete_gb=BT111467 1659937
.13 GQ03238_A08.1_clone=GQ03238_A08_cluster=GQ03238_A08_status=complete_gb=BT111467 6949661
.72 GQ03002_E22.1_clone=GQ03002_E22_cluster=GQ03002_E22_status=complete_gb=BT106466 7115922
.09 GQ03002_E22.1_clone=GQ03002_E22_cluster=GQ03002_E22_status=complete_gb=BT106466 2487114
.57 GQ03313_P11.1_clone=GQ03313_P11_cluster=GQ03313_P11_status=complete_gb=BT112370 7116043
.51 GQ03705_G20.1_clone=GQ03705_G20_cluster=GQ03705_G20_status=complete_gb=BT115740 7116249
.10 GQ03705_G20.1_clone=GQ03705_G20_cluster=GQ03705_G20_status=complete_gb=BT115740 7116249
.33 GQ02819_E19.1_clone=GQ02819_E19_cluster=GQ02819_E19_status=complete_gb=BT105163 7116228
.42 GQ02819_E19.1_clone=GQ02819_E19_cluster=GQ02819_E19_status=complete_gb=BT105163 7116228
.21 GQ02819_E19.1_clone=GQ02819_E19_cluster=GQ02819_E19_status=complete_gb=BT105163 7115594
.43 GQ03801_C24.1_clone=GQ03801_C24_cluster=GQ03801_C24_status=complete_gb=BT116518 6954445
.31 GQ03801_C24.1_clone=GQ03801_C24_cluster=GQ03801_C24_status=complete_gb=BT116518 1180044
.39 GQ03212_E15.2_clone=GQ03212_E15_cluster=GQ03212_E15_status=complete_gb=BT109775 6945718
.28 GQ03212_E15.2_clone=GQ03212_E15_cluster=GQ03212_E15_status=complete_gb=BT109775 6967654
.19 GQ03001_J14.1_clone=GQ03001_J14_cluster=GQ03001_J14_status=complete_gb=BT106433 611202
.80 GQ03001_J14.1_clone=GQ03001_J14_cluster=GQ03001_J14_status=complete_gb=BT106433 7115586
.50 GQ03121_D21.1_clone=GQ03121_D21_cluster=GQ03121_D21_status=complete_gb=BT108393 7115442
.39 GQ03121_D21.1_clone=GQ03121_D21_cluster=GQ03121_D21_status=complete_gb=BT108393 6950536
.36 GQ03126_J11.1_clone=GQ03126_J11_cluster=GQ03126_J11_status=complete_gb=BT108751 612416
.38 GQ03126_J11.1_clone=GQ03126_J11_cluster=GQ03126_J11_status=complete_gb=BT108751 7001782
.16 GQ04107_D24.1_clone=GQ04107_D24_cluster=GQ04107_D24_status=complete_gb=BT119563 7115976
.52 GQ04107_D24.1_clone=GQ04107_D24_cluster=GQ04107_D24_status=complete_gb=BT119563 7116286
.59 GQ0259_G14.1_clone=GQ0259_G14_cluster=GQ0259_G14_status=complete_gb=BT103617 6943213
.39 GQ0259_G14.1_clone=GQ0259_G14_cluster=GQ0259_G14_status=complete_gb=BT103617 7017302
.23 GQ02906_J22.1_clone=GQ02906_J22_cluster=GQ02906_J22_status=complete_gb=BT106286 7116214
.22 GQ02906_J22.1_clone=GQ02906_J22_cluster=GQ02906_J22_status=complete_gb=BT106286 6941554
.54 GQ02906_J22.1_clone=GQ02906_J22_cluster=GQ02906_J22_status=complete_gb=BT106286 7116214
.42 GQ03805_L04.2_clone=GQ03805_L04_cluster=GQ03805_L04_status=5 6948202
.24 GQ03805_L04.2_clone=GQ03805_L04_cluster=GQ03805_L04_status=5 7115355
.17 GQ03805_L04.2_clone=GQ03805_L04_cluster=GQ03805_L04_status=5 3027635
.62 GQ0196_O05.1_clone=GQ0196_O05_cluster=GQ0196_O05_status=complete_gb=BT102572 7115812
.24 GQ0196_O05.1_clone=GQ0196_O05_cluster=GQ0196_O05_status=complete_gb=BT102572 2056494
.24 GQ0196_O05.1_clone=GQ0196_O05_cluster=GQ0196_O05_status=complete_gb=BT102572 6937518
.21 GQ03006_D02.1_clone=GQ03006_D02_cluster=GQ03006_D02_status=complete_gb=BT106603 1528011
.78 GQ03006_D02.1_clone=GQ03006_D02_cluster=GQ03006_D02_status=complete_gb=BT106603 6939044
.78 GQ03907_B06.1_clone=GQ03907_B06_cluster=GQ03907_B06_status=complete_gb=BT117672 6945195
.20 GQ03907_B06.1_clone=GQ03907_B06_cluster=GQ03907_B06_status=complete_gb=BT117672 2687190
.27 GQ03239_E07.1_clone=GQ03239_E07_cluster=GQ03239_E07_status=complete_gb=BT111550 6957670
.19 GQ03310_K10.2_clone=GQ03310_K10_cluster=GQ03310_K10_status=complete_gb=BT112138 1834213
.16 GQ03310_K10.2_clone=GQ03310_K10_cluster=GQ03310_K10_status=complete_gb=BT112138 6944964
.56 GQ02828_G10.1_clone=GQ02828_G10_cluster=GQ02828_G10_status=complete_gb=BT105783 7115771
.52 GQ02828_G10.1_clone=GQ02828_G10_cluster=GQ02828_G10_status=complete_gb=BT105783 653733
.52 GQ02828_G10.1_clone=GQ02828_G10_cluster=GQ02828_G10_status=complete_gb=BT105783 570572
.34 GQ02828_G10.1_clone=GQ02828_G10_cluster=GQ02828_G10_status=complete_gb=BT105783 5033379
.26 GQ02828_G10.1_clone=GQ02828_G10_cluster=GQ02828_G10_status=complete_gb=BT105783 2732146
.19 GQ0068_I06.2_clone=GQ0068_I06_cluster=GQ0068_I06_status=3 4243846
.52 GQ0068_I06.2_clone=GQ0068_I06_cluster=GQ0068_I06_status=3 7116061
.39 GQ03911_J17.1_clone=GQ03911_J17_cluster=GQ03911_J17_status=complete_gb=BT117765 6939997
.40 GQ04003_D05.2_clone=GQ04003_D05_cluster=GQ04003_D05_status=complete_gb=BT118169 7116310
.18 GQ04003_D05.2_clone=GQ04003_D05_cluster=GQ04003_D05_status=complete_gb=BT118169 7116310
.32 GQ03105_E13.1_clone=GQ03105_E13_cluster=GQ03105_E13_status=complete_gb=BT107281 7116046
.19 GQ03105_E13.1_clone=GQ03105_E13_cluster=GQ03105_E13_status=complete_gb=BT107281 2407564
.47 GQ02011_E10.2_clone=GQ02011_E10_cluster=GQ02011_E10_status=53 7116206
.19 GQ04003_E20.1_clone=GQ04003_E20_cluster=GQ04003_E20_status=complete_gb=BT118181 2869858
.66 GQ04003_E20.1_clone=GQ04003_E20_cluster=GQ04003_E20_status=complete_gb=BT118181 6955262
.31 GQ02818_D09.3_clone=GQ02818_D09_cluster=GQ02818_D09_status=complete_gb=BT105064 7115678
.17 GQ02818_D09.3_clone=GQ02818_D09_cluster=GQ02818_D09_status=complete_gb=BT105064 6942888
.36 GQ02807_D11.4_clone=GQ02807_D11_cluster=GQ02807_D11_status=53 7116076
.28 GQ02807_D11.4_clone=GQ02807_D11_cluster=GQ02807_D11_status=53 7115780
.80 GQ0134_K17.2_clone=GQ0134_K17_cluster=GQ0134_K17_status=3 7116019
.12 GQ0134_K17.2_clone=GQ0134_K17_cluster=GQ0134_K17_status=3 1689107
.12 GQ0134_K17.2_clone=GQ0134_K17_cluster=GQ0134_K17_status=3 6955783
.99 GQ03716_H17.1_clone=GQ03716_H17_cluster=GQ03716_H17_status=complete_gb=BT116329 7116218
.70 GQ03808_F03.1_clone=GQ03808_F03_cluster=GQ03808_F03_status=complete_gb=BT116866 6955686
.28 GQ03808_F03.1_clone=GQ03808_F03_cluster=GQ03808_F03_status=complete_gb=BT116866 1734889
.53 GQ02824_J04.1_clone=GQ02824_J04_cluster=GQ02824_J04_status=complete_gb=BT105571 7115661
.53 GQ02824_J04.1_clone=GQ02824_J04_cluster=GQ02824_J04_status=complete_gb=BT105571 7115585
.54 GQ03206_D03.1_clone=GQ03206_D03_cluster=GQ03206_D03_status=complete_gb=BT109234 6946525
.56 GQ04013_D16.1_clone=GQ04013_D16_cluster=GQ04013_D16_status=complete_gb=BT119001 7027200
.37 GQ04013_D16.1_clone=GQ04013_D16_cluster=GQ04013_D16_status=complete_gb=BT119001 6948620
.42 GQ0071_L02.1_clone=GQ0071_L02_cluster=GQ0071_L02_status=complete_gb=BT101185 7115997
.23 GQ03227_G12.2_clone=GQ03227_G12_cluster=GQ03227_G12_status=complete_gb=BT110755 6943750
.15 GQ03227_G12.2_clone=GQ03227_G12_cluster=GQ03227_G12_status=complete_gb=BT110755 2601000
.83 GQ02824_J01.1_clone=GQ02824_J01_cluster=GQ02824_J01_status=complete_gb=BT105569 7116107
.83 GQ02817_D06.1_clone=GQ02817_D06_cluster=GQ02817_D06_status=complete_gb=BT104973 7116274
.73 GQ03125_P08.2_clone=GQ03125_P08_cluster=GQ03125_P08_status=complete_gb=BT108716 7115655
.26 GQ03125_P08.2_clone=GQ03125_P08_cluster=GQ03125_P08_status=complete_gb=BT108716 1275710
.46 GQ02901_A13.1_clone=GQ02901_A13_cluster=GQ02901_A13_status=complete_gb=BT105994 7115677
.28 GQ02901_A13.1_clone=GQ02901_A13_cluster=GQ02901_A13_status=complete_gb=BT105994 6964278
.26 GQ02901_A13.1_clone=GQ02901_A13_cluster=GQ02901_A13_status=complete_gb=BT105994 1077302
.34 GQ02901_A13.1_clone=GQ02901_A13_cluster=GQ02901_A13_status=complete_gb=BT105994 1250211
.20 GQ02901_A13.1_clone=GQ02901_A13_cluster=GQ02901_A13_status=complete_gb=BT105994 1832410
.22 GQ03213_O08.1_clone=GQ03213_O08_cluster=GQ03213_O08_status=complete_gb=BT109934 6964307
.17 GQ03213_O08.1_clone=GQ03213_O08_cluster=GQ03213_O08_status=complete_gb=BT109934 7115887
.48 GQ02830_L10.1_clone=GQ02830_L10_cluster=GQ02830_L10_status=5 6945776
.62 GQ03802_M16.1_clone=GQ03802_M16_cluster=GQ03802_M16_status=53 7115903
.27 GQ03205_M02.2_clone=GQ03205_M02_cluster=GQ03205_M02_status=5 1349080
.43 GQ03205_M02.2_clone=GQ03205_M02_cluster=GQ03205_M02_status=5 6946605
.22 WS00720_E22.1_clone=WS00720_E22_cluster=WS00720_E22_status=3 6994565
.76 WS00720_E22.1_clone=WS00720_E22_cluster=WS00720_E22_status=3 7116216
.64 GQ0046_B04.2_clone=GQ0046_B04_cluster=GQ0046_B04_status=complete_gb=BT100809 6945459
.70 GQ03202_I03.1_clone=GQ03202_I03_cluster=GQ03202_I03_status=complete_gb=BT108917 7115581
.21 GQ03202_I03.1_clone=GQ03202_I03_cluster=GQ03202_I03_status=complete_gb=BT108917 6964547
.21 GQ03202_I03.1_clone=GQ03202_I03_cluster=GQ03202_I03_status=complete_gb=BT108917 1489930
.13 GQ03202_I03.1_clone=GQ03202_I03_cluster=GQ03202_I03_status=complete_gb=BT108917 3756432
.13 GQ03202_I03.1_clone=GQ03202_I03_cluster=GQ03202_I03_status=complete_gb=BT108917 2892356
.38 GQ02816_P11.4_clone=GQ02816_P11_cluster=GQ02816_P11_status=complete_gb=BT104955 7116145
.12 GQ02816_P11.4_clone=GQ02816_P11_cluster=GQ02816_P11_status=complete_gb=BT104955 1820470
.12 GQ02816_P11.4_clone=GQ02816_P11_cluster=GQ02816_P11_status=complete_gb=BT104955 6966787
.18 GQ03303_H14.1_clone=GQ03303_H14_cluster=GQ03303_H14_status=complete_gb=BT111775 3120755
.36 GQ03303_H14.1_clone=GQ03303_H14_cluster=GQ03303_H14_status=complete_gb=BT111775 6986932
.49 GQ03234_O17.1_clone=GQ03234_O17_cluster=GQ03234_O17_status=complete_gb=BT111255 7116235
.21 GQ03234_O17.1_clone=GQ03234_O17_cluster=GQ03234_O17_status=complete_gb=BT111255 6939970
.25 GQ03519_K05.1_clone=GQ03519_K05_cluster=GQ03519_K05_status=complete_gb=BT114705 1355758
.50 GQ03519_K05.1_clone=GQ03519_K05_cluster=GQ03519_K05_status=complete_gb=BT114705 6937277
.41 GQ02823_O15.1_clone=GQ02823_O15_cluster=GQ02823_O15_status=complete_gb=BT105534 7116252
.30 GQ02823_O15.1_clone=GQ02823_O15_cluster=GQ02823_O15_status=complete_gb=BT105534 7116252
.85 GQ03112_A08.1_clone=GQ03112_A08_cluster=GQ03112_A08_status=complete_gb=BT107726 7116287
.29 WS03228_G21.1_clone=WS03228_G21_cluster=WS03228_G21_status=complete 2744255
.55 WS03228_G21.1_clone=WS03228_G21_cluster=WS03228_G21_status=complete 7115867
.81 WS02610_B17.1_clone=WS02610_B17_cluster=WS02610_B17_status=complete 6944629
.29 GQ0131_I01.1_clone=GQ0131_I01_cluster=GQ0131_I01_status=53 4243737
.27 GQ0131_I01.1_clone=GQ0131_I01_cluster=GQ0131_I01_status=53 6944629
.20 GQ0131_I01.1_clone=GQ0131_I01_cluster=GQ0131_I01_status=53 4581797
.89 GQ0074_E20.1_clone=GQ0074_E20_cluster=GQ0074_E20_status=complete_gb=BT101224 6968782
.27 GQ02824_G24.1_clone=GQ02824_G24_cluster=GQ02824_G24_status=complete_gb=BT105561 1907046
.23 GQ02824_G24.1_clone=GQ02824_G24_cluster=GQ02824_G24_status=complete_gb=BT105561 1983495
.23 GQ0063_G13.1_clone=GQ0063_G13_cluster=GQ0063_G13_status=complete_gb=BT101004 549573
.76 GQ0063_G13.1_clone=GQ0063_G13_cluster=GQ0063_G13_status=complete_gb=BT101004 7024179
.40 GQ03228_C23.1_clone=GQ03228_C23_cluster=GQ03228_C23_status=complete_gb=BT110803 6952291
.33 GQ03228_C23.1_clone=GQ03228_C23_cluster=GQ03228_C23_status=complete_gb=BT110803 6937304
.99 GQ02816_E02.1_clone=GQ02816_E02_cluster=GQ02816_E02_status=complete_gb=BT104887 6939222
.31 GQ02821_F15.2_clone=GQ02821_F15_cluster=GQ02821_F15_status=complete_gb=BT105355 887876
.22 GQ02821_F15.2_clone=GQ02821_F15_cluster=GQ02821_F15_status=complete_gb=BT105355 1497031
.13 GQ02821_F15.2_clone=GQ02821_F15_cluster=GQ02821_F15_status=complete_gb=BT105355 3212926
.46 GQ03323_M04.1_clone=GQ03323_M04_cluster=GQ03323_M04_status=complete_gb=BT112984 334792
.28 GQ03323_M04.1_clone=GQ03323_M04_cluster=GQ03323_M04_status=complete_gb=BT112984 6939877
.75 GQ03608_P10.1_clone=GQ03608_P10_cluster=GQ03608_P10_status=complete_gb=BT115087 7115852
.57 GQ04009_B13.1_clone=GQ04009_B13_cluster=GQ04009_B13_status=complete_gb=BT118687 7116267
.95 GQ03201_A18.1_clone=GQ03201_A18_cluster=GQ03201_A18_status=complete_gb=BT108789 7116221
.56 GQ01301_J12.2_clone=GQ01301_J12_cluster=GQ01301_J12_status=complete_gb=BT101314 7115490
.17 GQ01301_J12.2_clone=GQ01301_J12_cluster=GQ01301_J12_status=complete_gb=BT101314 6985287
.15 GQ01301_J12.2_clone=GQ01301_J12_cluster=GQ01301_J12_status=complete_gb=BT101314 6970547
.34 GQ03204_K15.1_clone=GQ03204_K15_cluster=GQ03204_K15_status=complete_gb=BT109102 504951
.32 GQ03204_K15.1_clone=GQ03204_K15_cluster=GQ03204_K15_status=complete_gb=BT109102 786937
.23 GQ03204_K15.1_clone=GQ03204_K15_cluster=GQ03204_K15_status=complete_gb=BT109102 6937703
.22 GQ03204_K15.1_clone=GQ03204_K15_cluster=GQ03204_K15_status=complete_gb=BT109102 6951810
.18 GQ03204_K15.1_clone=GQ03204_K15_cluster=GQ03204_K15_status=complete_gb=BT109102 1138558
.82 GQ04105_I16.1_clone=GQ04105_I16_cluster=GQ04105_I16_status=complete_gb=BT119428 7116237
.82 GQ03002_A16.2_clone=GQ03002_A16_cluster=GQ03002_A16_status=complete_gb=BT106448 7116273
.09 GQ03002_A16.2_clone=GQ03002_A16_cluster=GQ03002_A16_status=complete_gb=BT106448 4938657
.31 GQ03715_G07.1_clone=GQ03715_G07_cluster=GQ03715_G07_status=complete_gb=BT116287 7116240
.70 GQ02829_P08.2_clone=GQ02829_P08_cluster=GQ02829_P08_status=complete_gb=BT105910 7116296
.12 GQ02829_P08.2_clone=GQ02829_P08_cluster=GQ02829_P08_status=complete_gb=BT105910 6938811
.88 GQ03103_D19.2_clone=GQ03103_D19_cluster=GQ03103_D19_status=complete_gb=BT107139 6944149
.05 GQ03103_D19.2_clone=GQ03103_D19_cluster=GQ03103_D19_status=complete_gb=BT107139 6954539
.43 GQ02814_C19.2_clone=GQ02814_C19_cluster=GQ02814_C19_status=complete_gb=BT104734 7115464
.27 GQ02814_C19.2_clone=GQ02814_C19_cluster=GQ02814_C19_status=complete_gb=BT104734 6987968
.26 GQ02814_C19.2_clone=GQ02814_C19_cluster=GQ02814_C19_status=complete_gb=BT104734 1340010
.27 GQ02814_C19.2_clone=GQ02814_C19_cluster=GQ02814_C19_status=complete_gb=BT104734 6988682
.22 GQ02814_C19.2_clone=GQ02814_C19_cluster=GQ02814_C19_status=complete_gb=BT104734 1012719
.86 GQ04101_H24.1_clone=GQ04101_H24_cluster=GQ04101_H24_status=complete_gb=BT119106 7115936
.03 GQ04101_H24.1_clone=GQ04101_H24_cluster=GQ04101_H24_status=complete_gb=BT119106 2667899
.60 GQ03206_B11.1_clone=GQ03206_B11_cluster=GQ03206_B11_status=complete_gb=BT109222 6937861
.25 GQ03206_B11.1_clone=GQ03206_B11_cluster=GQ03206_B11_status=complete_gb=BT109222 3143063
.24 GQ03206_B11.1_clone=GQ03206_B11_cluster=GQ03206_B11_status=complete_gb=BT109222 3810889
.19 GQ03206_B11.1_clone=GQ03206_B11_cluster=GQ03206_B11_status=complete_gb=BT109222 7039814
.63 GQ02830_D11.2_clone=GQ02830_D11_cluster=GQ02830_D11_status=complete_gb=BT105927 7116048
.22 GQ02830_D11.2_clone=GQ02830_D11_cluster=GQ02830_D11_status=complete_gb=BT105927 6963002
.21 GQ02830_D11.2_clone=GQ02830_D11_cluster=GQ02830_D11_status=complete_gb=BT105927 2273114
.21 GQ02830_D11.2_clone=GQ02830_D11_cluster=GQ02830_D11_status=complete_gb=BT105927 1387641
.22 GQ02830_D11.2_clone=GQ02830_D11_cluster=GQ02830_D11_status=complete_gb=BT105927 6950276
.99 GQ03314_B10.1_clone=GQ03314_B10_cluster=GQ03314_B10_status=complete_gb=BT112378 7116301
.05 GQ03719_M22.1_clone=GQ03719_M22_cluster=GQ03719_M22_status=complete_gb=BT116497 6942548
.86 GQ03719_M22.1_clone=GQ03719_M22_cluster=GQ03719_M22_status=complete_gb=BT116497 7116317
.35 GQ03916_G13.3_clone=GQ03916_G13_cluster=GQ03916_G13_status=complete_gb=BT117905 6945123
.22 GQ03916_G13.3_clone=GQ03916_G13_cluster=GQ03916_G13_status=complete_gb=BT117905 535169
.22 GQ03916_G13.3_clone=GQ03916_G13_cluster=GQ03916_G13_status=complete_gb=BT117905 7047478
.39 GQ04109_G04.1_clone=GQ04109_G04_cluster=GQ04109_G04_status=complete_gb=BT119733 7115901
.86 GQ03213_E12.1_clone=GQ03213_E12_cluster=GQ03213_E12_status=complete_gb=BT109878 7116283
.74 GQ03216_N08.1_clone=GQ03216_N08_cluster=GQ03216_N08_status=complete_gb=BT110137 7115664
.45 GQ03224_B21.1_clone=GQ03224_B21_cluster=GQ03224_B21_status=complete_gb=BT110601 7115882
.32 GQ03224_B21.1_clone=GQ03224_B21_cluster=GQ03224_B21_status=complete_gb=BT110601 6962450
.29 GQ03224_B21.1_clone=GQ03224_B21_cluster=GQ03224_B21_status=complete_gb=BT110601 2493478
.12 GQ03224_B21.1_clone=GQ03224_B21_cluster=GQ03224_B21_status=complete_gb=BT110601 6962449
.29 GQ03708_K09.1_clone=GQ03708_K09_cluster=GQ03708_K09_status=complete_gb=BT115910 6939450
.37 GQ03708_K09.1_clone=GQ03708_K09_cluster=GQ03708_K09_status=complete_gb=BT115910 1373529
.30 GQ03313_E16.1_clone=GQ03313_E16_cluster=GQ03313_E16_status=complete_gb=BT112306 7032446
.42 GQ03313_E16.1_clone=GQ03313_E16_cluster=GQ03313_E16_status=complete_gb=BT112306 2154621
.18 GQ03707_P09.1_clone=GQ03707_P09_cluster=GQ03707_P09_status=complete_gb=BT115883 6963026
.71 GQ03707_P09.1_clone=GQ03707_P09_cluster=GQ03707_P09_status=complete_gb=BT115883 7116229
.33 GQ0204_I03.1_clone=GQ0204_I03_cluster=GQ0204_I03_status=complete_gb=BT102990 6958167
.26 GQ0204_I03.1_clone=GQ0204_I03_cluster=GQ0204_I03_status=complete_gb=BT102990 1751452
.19 GQ0204_I03.1_clone=GQ0204_I03_cluster=GQ0204_I03_status=complete_gb=BT102990 1677948
.75 GQ0167_E03.1_clone=GQ0167_E03_cluster=GQ0167_E03_status=complete_gb=BT102141 7116284
.10 GQ0167_E03.1_clone=GQ0167_E03_cluster=GQ0167_E03_status=complete_gb=BT102141 6942340
.31 WS0321_C18.1_clone=WS0321_C18_cluster=WS0321_C18_status=complete 6945484
.68 WS0321_C18.1_clone=WS0321_C18_cluster=WS0321_C18_status=complete 7115822
.44 GQ03208_E21.1_clone=GQ03208_E21_cluster=GQ03208_E21_status=complete_gb=BT109431 6937566
.31 GQ03208_E21.1_clone=GQ03208_E21_cluster=GQ03208_E21_status=complete_gb=BT109431 1214287
.28 GQ03208_E21.1_clone=GQ03208_E21_cluster=GQ03208_E21_status=complete_gb=BT109431 1033436
.19 GQ03208_E21.1_clone=GQ03208_E21_cluster=GQ03208_E21_status=complete_gb=BT109431 6973483
.15 GQ03208_E21.1_clone=GQ03208_E21_cluster=GQ03208_E21_status=complete_gb=BT109431 7115703
.21 GQ00612_F02.1_clone=GQ00612_F02_cluster=GQ00612_F02_status=complete_gb=BT100957 7115770
.28 GQ03912_I12.1_clone=GQ03912_I12_cluster=GQ03912_I12_status=complete_gb=BT117793 3132297
.69 GQ03912_I12.1_clone=GQ03912_I12_cluster=GQ03912_I12_status=complete_gb=BT117793 6961260
.61 GQ02819_P16.1_clone=GQ02819_P16_cluster=GQ02819_P16_status=complete_gb=BT105231 6939787
.17 GQ02819_P16.1_clone=GQ02819_P16_cluster=GQ02819_P16_status=complete_gb=BT105231 2026827
.12 GQ02819_P16.1_clone=GQ02819_P16_cluster=GQ02819_P16_status=complete_gb=BT105231 7060820
.21 GQ01307_A11.3_clone=GQ01307_A11_cluster=GQ01307_A11_status=complete_gb=BT101544 7116238
.19 GQ01307_A11.3_clone=GQ01307_A11_cluster=GQ01307_A11_status=complete_gb=BT101544 7116238
.17 GQ02802_N15.1_clone=GQ02802_N15_cluster=GQ02802_N15_status=complete_gb=BT103835 2109132
.62 GQ02802_N15.1_clone=GQ02802_N15_cluster=GQ02802_N15_status=complete_gb=BT103835 7116033
.28 GQ0074_G14.1_clone=GQ0074_G14_cluster=GQ0074_G14_status=complete_gb=BT101226 6938837
.31 GQ0074_G14.1_clone=GQ0074_G14_cluster=GQ0074_G14_status=complete_gb=BT101226 1383857
.13 GQ03107_D01.2_clone=GQ03107_D01_cluster=GQ03107_D01_status=complete_gb=BT107408 6941960
.27 GQ03107_D01.2_clone=GQ03107_D01_cluster=GQ03107_D01_status=complete_gb=BT107408 917487
.15 GQ03116_L02.1_clone=GQ03116_L02_cluster=GQ03116_L02_status=complete_gb=BT108087 6941005
.83 GQ03116_L02.1_clone=GQ03116_L02_cluster=GQ03116_L02_status=complete_gb=BT108087 7025986
.68 GQ03218_O22.1_clone=GQ03218_O22_cluster=GQ03218_O22_status=complete_gb=BT110263 6962276
.60 GQ03218_O22.1_clone=GQ03218_O22_cluster=GQ03218_O22_status=complete_gb=BT110263 6969690
.78 WS0322_P12.1_clone=WS0322_P12_cluster=WS0322_P12_status=complete 6948333
.38 GQ03008_F05.1_clone=GQ03008_F05_cluster=GQ03008_F05_status=complete_gb=BT106697 1440936
.36 GQ03008_F05.1_clone=GQ03008_F05_cluster=GQ03008_F05_status=complete_gb=BT106697 7078896
.24 GQ03008_F05.1_clone=GQ03008_F05_cluster=GQ03008_F05_status=complete_gb=BT106697 469198
.04 GQ03008_F05.1_clone=GQ03008_F05_cluster=GQ03008_F05_status=complete_gb=BT106697 6938670
.24 GQ03101_N16.2_clone=GQ03101_N16_cluster=GQ03101_N16_status=complete_gb=BT107022 6950469
.46 GQ03101_N16.2_clone=GQ03101_N16_cluster=GQ03101_N16_status=complete_gb=BT107022 7116156
.31 GQ03233_G04.1_clone=GQ03233_G04_cluster=GQ03233_G04_status=53 7116244
.27 GQ03233_G04.1_clone=GQ03233_G04_cluster=GQ03233_G04_status=53 1082121
.13 GQ03717_F04.2_clone=GQ03717_F04_cluster=GQ03717_F04_status=complete_gb=BT116367 3012381
.63 GQ03717_F04.2_clone=GQ03717_F04_cluster=GQ03717_F04_status=complete_gb=BT116367 7044375
.20 GQ03319_H12.2_clone=GQ03319_H12_cluster=GQ03319_H12_status=complete_gb=BT112687 7116011
.12 GQ03319_H12.2_clone=GQ03319_H12_cluster=GQ03319_H12_status=complete_gb=BT112687 6946779
.09 GQ03319_H12.2_clone=GQ03319_H12_cluster=GQ03319_H12_status=complete_gb=BT112687 7070279
.33 GQ03404_B12.2_clone=GQ03404_B12_cluster=GQ03404_B12_status=complete_gb=BT113299 6940861
.28 GQ03404_B12.2_clone=GQ03404_B12_cluster=GQ03404_B12_status=complete_gb=BT113299 6947321
.11 GQ03404_B12.2_clone=GQ03404_B12_cluster=GQ03404_B12_status=complete_gb=BT113299 1954444
.85 GQ0184_F02.1_clone=GQ0184_F02_cluster=GQ0184_F02_status=complete_gb=BT102380 7115843
.14 GQ0184_F02.1_clone=GQ0184_F02_cluster=GQ0184_F02_status=complete_gb=BT102380 1195888
.99 GQ02805_B21.2_clone=GQ02805_B21_cluster=GQ02805_B21_status=complete_gb=BT104000 7116315
.53 GQ0046_N15.1_clone=GQ0046_N15_cluster=GQ0046_N15_status=complete_gb=BT100838 6998433
.35 GQ0046_N15.1_clone=GQ0046_N15_cluster=GQ0046_N15_status=complete_gb=BT100838 7062349
.49 GQ0046_N15.1_clone=GQ0046_N15_cluster=GQ0046_N15_status=complete_gb=BT100838 6949420
.21 GQ03704_C16.1_clone=GQ03704_C16_cluster=GQ03704_C16_status=complete_gb=BT115674 7116254
.16 GQ03704_C16.1_clone=GQ03704_C16_cluster=GQ03704_C16_status=complete_gb=BT115674 7116254
.61 GQ01309_L20.3_clone=GQ01309_L20_cluster=GQ01309_L20_status=complete_gb=BT101652 1325393
.37 GQ01309_L20.3_clone=GQ01309_L20_cluster=GQ01309_L20_status=complete_gb=BT101652 7116254
.36 GQ03232_H17.1_clone=GQ03232_H17_cluster=GQ03232_H17_status=complete_gb=BT111085 6948046
.12 GQ03232_H17.1_clone=GQ03232_H17_cluster=GQ03232_H17_status=complete_gb=BT111085 1070980
.31 GQ0193_D20.1_clone=GQ0193_D20_cluster=GQ0193_D20_status=complete_gb=BT102450 6951476
.40 GQ0193_D20.1_clone=GQ0193_D20_cluster=GQ0193_D20_status=complete_gb=BT102450 7115949
.91 GQ03119_P13.1_clone=GQ03119_P13_cluster=GQ03119_P13_status=complete_gb=BT108317 6947505
.99 GQ03312_P09.1_clone=GQ03312_P09_cluster=GQ03312_P09_status=complete_gb=BT112285 7116262
.54 GQ03806_B06.4_clone=GQ03806_B06_cluster=GQ03806_B06_status=complete_gb=BT116755 7115998
.24 GQ03806_B06.4_clone=GQ03806_B06_cluster=GQ03806_B06_status=complete_gb=BT116755 6981266
.13 GQ03806_B06.4_clone=GQ03806_B06_cluster=GQ03806_B06_status=complete_gb=BT116755 6981267
.60 GQ03414_K12.1_clone=GQ03414_K12_cluster=GQ03414_K12_status=complete_gb=BT113603 7115893
.39 GQ03414_K12.1_clone=GQ03414_K12_cluster=GQ03414_K12_status=complete_gb=BT113603 787403
.67 GQ03215_E05.1_clone=GQ03215_E05_cluster=GQ03215_E05_status=complete_gb=BT110045 6980441
.37 GQ03215_E05.1_clone=GQ03215_E05_cluster=GQ03215_E05_status=complete_gb=BT110045 2072493
.29 GQ03215_E05.1_clone=GQ03215_E05_cluster=GQ03215_E05_status=complete_gb=BT110045 1707952
.29 GQ03215_E05.1_clone=GQ03215_E05_cluster=GQ03215_E05_status=complete_gb=BT110045 6983358
.83 GQ03713_L14.1_clone=GQ03713_L14_cluster=GQ03713_L14_status=complete_gb=BT116209 7116289
.18 GQ04005_B18.1_clone=GQ04005_B18_cluster=GQ04005_B18_status=complete_gb=BT118324 5648811
.62 GQ04005_B18.1_clone=GQ04005_B18_cluster=GQ04005_B18_status=complete_gb=BT118324 6964862
.82 GQ03324_A05.2_clone=GQ03324_A05_cluster=GQ03324_A05_status=complete_gb=BT112996 6938879
.67 GQ03614_B09.1_clone=GQ03614_B09_cluster=GQ03614_B09_status=5 7116062
.12 GQ03614_B09.1_clone=GQ03614_B09_cluster=GQ03614_B09_status=5 4754563
.72 GQ03409_J22.2_clone=GQ03409_J22_cluster=GQ03409_J22_status=complete_gb=BT113466 7116222
.11 GQ03409_J22.2_clone=GQ03409_J22_cluster=GQ03409_J22_status=complete_gb=BT113466 6941798
.30 GQ03102_N07.1_clone=GQ03102_N07_cluster=GQ03102_N07_status=complete_gb=BT107108 7116248
.43 GQ03102_N07.1_clone=GQ03102_N07_cluster=GQ03102_N07_status=complete_gb=BT107108 1617740
.25 GQ03817_G16.1_clone=GQ03817_G16_cluster=GQ03817_G16_status=complete_gb=BT117335 7017843
.42 GQ03817_G16.1_clone=GQ03817_G16_cluster=GQ03817_G16_status=complete_gb=BT117335 7115980
.12 GQ03406_H09.1_clone=GQ03406_H09_cluster=GQ03406_H09_status=complete_gb=BT113377 6945721
.32 GQ03406_H09.1_clone=GQ03406_H09_cluster=GQ03406_H09_status=complete_gb=BT113377 7115713
.66 GQ03119_H07.1_clone=GQ03119_H07_cluster=GQ03119_H07_status=complete_gb=BT108283 7116275
.13 GQ03119_H07.1_clone=GQ03119_H07_cluster=GQ03119_H07_status=complete_gb=BT108283 6941966
.24 GQ04007_J09.1_clone=GQ04007_J09_cluster=GQ04007_J09_status=complete_gb=BT118549 6995848
.07 GQ04007_J09.1_clone=GQ04007_J09_cluster=GQ04007_J09_status=complete_gb=BT118549 7114745
.64 GQ03212_C01.1_clone=GQ03212_C01_cluster=GQ03212_C01_status=complete_gb=BT109759 6979254
.18 GQ02813_K06.1_clone=GQ02813_K06_cluster=GQ02813_K06_status=complete_gb=BT104697 6985904
.18 GQ02813_K06.1_clone=GQ02813_K06_cluster=GQ02813_K06_status=complete_gb=BT104697 2553022
.70 GQ03810_M22.1_clone=GQ03810_M22_cluster=GQ03810_M22_status=complete_gb=BT116986 7115865
.20 GQ03806_I23.2_clone=GQ03806_I23_cluster=GQ03806_I23_status=complete_gb=BT116781 6952749
.71 GQ03806_I23.2_clone=GQ03806_I23_cluster=GQ03806_I23_status=complete_gb=BT116781 6949209
.59 GQ03210_A15.3_clone=GQ03210_A15_cluster=GQ03210_A15_status=53 6937355
.35 GQ03210_A15.3_clone=GQ03210_A15_cluster=GQ03210_A15_status=53 6937355
.93 GQ03012_K02.1_clone=GQ03012_K02_cluster=GQ03012_K02_status=complete_gb=BT106872 7116258
.23 GQ03608_D04.2_clone=GQ03608_D04_cluster=GQ03608_D04_status=complete_gb=BT115059 6972820
.22 GQ03608_D04.2_clone=GQ03608_D04_cluster=GQ03608_D04_status=complete_gb=BT115059 6961753
.45 GQ03233_I15.2_clone=GQ03233_I15_cluster=GQ03233_I15_status=53 7115931
.23 GQ03233_I15.2_clone=GQ03233_I15_cluster=GQ03233_I15_status=53 6979654
.31 GQ04001_D05.1_clone=GQ04001_D05_cluster=GQ04001_D05_status=complete_gb=BT118015 7116012
.27 GQ04001_D05.1_clone=GQ04001_D05_cluster=GQ04001_D05_status=complete_gb=BT118015 1327385
.19 GQ04001_D05.1_clone=GQ04001_D05_cluster=GQ04001_D05_status=complete_gb=BT118015 7017784
.41 GQ02819_E20.1_clone=GQ02819_E20_cluster=GQ02819_E20_status=complete_gb=BT105164 1192779
.41 GQ02819_E20.1_clone=GQ02819_E20_cluster=GQ02819_E20_status=complete_gb=BT105164 6953047
.38 GQ02819_E20.1_clone=GQ02819_E20_cluster=GQ02819_E20_status=complete_gb=BT105164 6943713
.25 GQ02819_E20.1_clone=GQ02819_E20_cluster=GQ02819_E20_status=complete_gb=BT105164 6961723
.25 GQ03234_G22.1_clone=GQ03234_G22_cluster=GQ03234_G22_status=complete_gb=BT111216 6945131
.73 GQ03234_G22.1_clone=GQ03234_G22_cluster=GQ03234_G22_status=complete_gb=BT111216 7014367
.66 GQ02808_D19.1_clone=GQ02808_D19_cluster=GQ02808_D19_status=complete_gb=BT104248 6947922
.29 GQ02808_D19.1_clone=GQ02808_D19_cluster=GQ02808_D19_status=complete_gb=BT104248 2964181
.15 GQ03233_I17.2_clone=GQ03233_I17_cluster=GQ03233_I17_status=complete_gb=BT111154 6938422
.83 GQ03233_I17.2_clone=GQ03233_I17_cluster=GQ03233_I17_status=complete_gb=BT111154 7116281
.33 GQ03315_B17.1_clone=GQ03315_B17_cluster=GQ03315_B17_status=complete_gb=BT112425 7116211
.17 GQ03315_B17.1_clone=GQ03315_B17_cluster=GQ03315_B17_status=complete_gb=BT112425 7007954
.44 GQ0073_K06.2_clone=GQ0073_K06_cluster=GQ0073_K06_status=53 6951521
.42 GQ0073_K06.2_clone=GQ0073_K06_cluster=GQ0073_K06_status=53 7115537
.52 GQ03213_P20.1_clone=GQ03213_P20_cluster=GQ03213_P20_status=complete_gb=BT109938 7115755
.27 GQ03213_P20.1_clone=GQ03213_P20_cluster=GQ03213_P20_status=complete_gb=BT109938 7032431
.42 GQ02824_J22.1_clone=GQ02824_J22_cluster=GQ02824_J22_status=complete_gb=BT105574 2679987
.37 GQ02824_J22.1_clone=GQ02824_J22_cluster=GQ02824_J22_status=complete_gb=BT105574 3276151
.22 GQ02824_J22.1_clone=GQ02824_J22_cluster=GQ02824_J22_status=complete_gb=BT105574 1907817
.03 GQ02824_J22.1_clone=GQ02824_J22_cluster=GQ02824_J22_status=complete_gb=BT105574 800793
.25 GQ04009_M14.1_clone=GQ04009_M14_cluster=GQ04009_M14_status=complete_gb=BT118744 7116255
.40 GQ03218_K13.1_clone=GQ03218_K13_cluster=GQ03218_K13_status=complete_gb=BT110244 6939151
.18 GQ03218_K13.1_clone=GQ03218_K13_cluster=GQ03218_K13_status=complete_gb=BT110244 6948799
.79 GQ03202_H09.1_clone=GQ03202_H09_cluster=GQ03202_H09_status=complete_gb=BT108911 7116217
.39 GQ02813_B07.1_clone=GQ02813_B07_cluster=GQ02813_B07_status=complete_gb=BT104652 7116024
.25 GQ03112_H06.1_clone=GQ03112_H06_cluster=GQ03112_H06_status=complete_gb=BT107762 6941754
.18 GQ03112_H06.1_clone=GQ03112_H06_cluster=GQ03112_H06_status=complete_gb=BT107762 2454188
.39 GQ03217_C17.1_clone=GQ03217_C17_cluster=GQ03217_C17_status=complete_gb=BT110154 6941101
.88 GQ03208_J05.1_clone=GQ03208_J05_cluster=GQ03208_J05_status=complete_gb=BT109450 7116269
.15 GQ03108_C12.2_clone=GQ03108_C12_cluster=GQ03108_C12_status=complete_gb=BT107484 7086169
.12 GQ03108_C12.2_clone=GQ03108_C12_cluster=GQ03108_C12_status=complete_gb=BT107484 211204
.07 GQ03108_C12.2_clone=GQ03108_C12_cluster=GQ03108_C12_status=complete_gb=BT107484 5380441
.72 GQ03209_H20.1_clone=GQ03209_H20_cluster=GQ03209_H20_status=complete_gb=BT109522 6940679
.26 GQ03209_H20.1_clone=GQ03209_H20_cluster=GQ03209_H20_status=complete_gb=BT109522 7035971
.74 GQ0165_E23.1_clone=GQ0165_E23_cluster=GQ0165_E23_status=complete_gb=BT102058 7115628
.15 GQ0165_E23.1_clone=GQ0165_E23_cluster=GQ0165_E23_status=complete_gb=BT102058 7079141
.69 GQ0208_O21.1_clone=GQ0208_O21_cluster=GQ0208_O21_status=complete_gb=BT103227 6939402
.29 GQ0208_O21.1_clone=GQ0208_O21_cluster=GQ0208_O21_status=complete_gb=BT103227 751912
.34 GQ03705_E13.1_clone=GQ03705_E13_cluster=GQ03705_E13_status=complete_gb=BT115734 6938281
.01 GQ03705_E13.1_clone=GQ03705_E13_cluster=GQ03705_E13_status=complete_gb=BT115734 6952386
.09 GQ03107_N18.2_clone=GQ03107_N18_cluster=GQ03107_N18_status=complete_gb=BT107466 6939469
.85 GQ03107_N18.2_clone=GQ03107_N18_cluster=GQ03107_N18_status=complete_gb=BT107466 7116313
.39 GQ03315_I11.1_clone=GQ03315_I11_cluster=GQ03315_I11_status=complete_gb=BT112456 6939435
.14 GQ03125_K13.1_clone=GQ03125_K13_cluster=GQ03125_K13_status=complete_gb=BT108707 6945511
.28 GQ03125_K13.1_clone=GQ03125_K13_cluster=GQ03125_K13_status=complete_gb=BT108707 1895222
.32 GQ03916_L08.1_clone=GQ03916_L08_cluster=GQ03916_L08_status=complete_gb=BT117911 6952491
.07 GQ02829_I07.3_clone=GQ02829_I07_cluster=GQ02829_I07_status=complete_gb=BT105865 5716677
.69 GQ02829_I07.3_clone=GQ02829_I07_cluster=GQ02829_I07_status=complete_gb=BT105865 7116292
.27 GQ03322_P01.1_clone=GQ03322_P01_cluster=GQ03322_P01_status=complete_gb=BT112933 7103628
.52 GQ03322_P01.1_clone=GQ03322_P01_cluster=GQ03322_P01_status=complete_gb=BT112933 6941300
.43 GQ03901_N10.1_clone=GQ03901_N10_cluster=GQ03901_N10_status=complete_gb=BT117508 6954274
.56 GQ03901_N10.1_clone=GQ03901_N10_cluster=GQ03901_N10_status=complete_gb=BT117508 7116247
.14 GQ0197_M23.1_clone=GQ0197_M23_cluster=GQ0197_M23_status=53 7005286
.40 GQ0197_M23.1_clone=GQ0197_M23_cluster=GQ0197_M23_status=53 7116009
.61 GQ03716_M16.1_clone=GQ03716_M16_cluster=GQ03716_M16_status=complete_gb=BT116337 7116279
.16 GQ03716_M16.1_clone=GQ03716_M16_cluster=GQ03716_M16_status=complete_gb=BT116337 1579729
.65 GQ02902_K19.1_clone=GQ02902_K19_cluster=GQ02902_K19_status=complete_gb=BT106085 7001657
.26 GQ03213_E16.1_clone=GQ03213_E16_cluster=GQ03213_E16_status=complete_gb=BT109879 971312
.31 GQ03213_E16.1_clone=GQ03213_E16_cluster=GQ03213_E16_status=complete_gb=BT109879 6949694
.54 GQ03609_L13.1_clone=GQ03609_L13_cluster=GQ03609_L13_status=complete_gb=BT115120 7115819
.54 GQ03609_L13.1_clone=GQ03609_L13_cluster=GQ03609_L13_status=complete_gb=BT115120 7115981
.31 GQ00410_K04.1_clone=GQ00410_K04_cluster=GQ00410_K04_status=53 6945438
.45 GQ00410_K04.1_clone=GQ00410_K04_cluster=GQ00410_K04_status=53 7116266
.91 GQ04101_F17.1_clone=GQ04101_F17_cluster=GQ04101_F17_status=complete_gb=BT119092 7116311
.29 GQ03112_P08.1_clone=GQ03112_P08_cluster=GQ03112_P08_status=complete_gb=BT107812 708808
.21 GQ03112_P08.1_clone=GQ03112_P08_cluster=GQ03112_P08_status=complete_gb=BT107812 1375119
.83 GQ03304_C11.1_clone=GQ03304_C11_cluster=GQ03304_C11_status=complete_gb=BT111831 7116225
.40 GQ04013_C10.1_clone=GQ04013_C10_cluster=GQ04013_C10_status=complete_gb=BT118995 4341557
.40 GQ04013_C10.1_clone=GQ04013_C10_cluster=GQ04013_C10_status=complete_gb=BT118995 6955046
.26 GQ04013_C10.1_clone=GQ04013_C10_cluster=GQ04013_C10_status=complete_gb=BT118995 6973521
.27 GQ04013_C10.1_clone=GQ04013_C10_cluster=GQ04013_C10_status=complete_gb=BT118995 7083216
.27 GQ04013_C10.1_clone=GQ04013_C10_cluster=GQ04013_C10_status=complete_gb=BT118995 3412263
.84 GQ04012_K20.1_clone=GQ04012_K20_cluster=GQ04012_K20_status=complete_gb=BT118965 7116223
.18 GQ03003_L24.1_clone=GQ03003_L24_cluster=GQ03003_L24_status=complete_gb=BT106516 6986999
.80 GQ03003_L24.1_clone=GQ03003_L24_cluster=GQ03003_L24_status=complete_gb=BT106516 6943520
.41 GQ03115_I09.1_clone=GQ03115_I09_cluster=GQ03115_I09_status=complete_gb=BT107994 7008136
.37 GQ03712_I20.1_clone=GQ03712_I20_cluster=GQ03712_I20_status=complete_gb=BT116148 6995469
.11 GQ03712_I20.1_clone=GQ03712_I20_cluster=GQ03712_I20_status=complete_gb=BT116148 6971042
.14 GQ03619_E06.1_clone=GQ03619_E06_cluster=GQ03619_E06_status=complete_gb=BT115508 1842341
.74 GQ03619_E06.1_clone=GQ03619_E06_cluster=GQ03619_E06_status=complete_gb=BT115508 6963344
