.38 GQ04006_E10.1_clone=GQ04006_E10_cluster=GQ04006_E10_status=complete_gb=BT118428 5731825
.37 GQ04006_E10.1_clone=GQ04006_E10_cluster=GQ04006_E10_status=complete_gb=BT118428 5643304
.25 GQ04006_E10.1_clone=GQ04006_E10_cluster=GQ04006_E10_status=complete_gb=BT118428 831024
.17 GQ04006_E10.1_clone=GQ04006_E10_cluster=GQ04006_E10_status=complete_gb=BT118428 1659667
.14 WS00720_N22.1_clone=WS00720_N22_cluster=WS00720_N22_status=complete 1960652
.84 WS00720_N22.1_clone=WS00720_N22_cluster=WS00720_N22_status=complete 5732312
.42 GQ03704_J21.1_clone=GQ03704_J21_cluster=GQ03704_J21_status=complete_gb=BT115702 1439403
.41 GQ03704_J21.1_clone=GQ03704_J21_cluster=GQ03704_J21_status=complete_gb=BT115702 5589067
.86 GQ03610_D21.1_clone=GQ03610_D21_cluster=GQ03610_D21_status=complete_gb=BT115150 5732553
.22 GQ03219_A15.1_clone=GQ03219_A15_cluster=GQ03219_A15_status=complete_gb=BT110273 1359088
.59 GQ03219_A15.1_clone=GQ03219_A15_cluster=GQ03219_A15_status=complete_gb=BT110273 5732279
.15 WS03223_A02.1_clone=WS03223_A02_cluster=WS03223_A02_status=3 490984
.68 WS03223_A02.1_clone=WS03223_A02_cluster=WS03223_A02_status=3 5732540
.50 GQ02817_H15.2_clone=GQ02817_H15_cluster=GQ02817_H15_status=complete_gb=BT104993 5732707
.02 GQ02817_H15.2_clone=GQ02817_H15_cluster=GQ02817_H15_status=complete_gb=BT104993 5589769
.81 GQ04009_B18.1_clone=GQ04009_B18_cluster=GQ04009_B18_status=complete_gb=BT118690 5580056
.09 GQ04009_B18.1_clone=GQ04009_B18_cluster=GQ04009_B18_status=complete_gb=BT118690 5162152
.47 GQ03323_E12.1_clone=GQ03323_E12_cluster=GQ03323_E12_status=complete_gb=BT112954 5732714
.15 GQ03323_E12.1_clone=GQ03323_E12_cluster=GQ03323_E12_status=complete_gb=BT112954 5732714
.25 GQ0064_N01.1_clone=GQ0064_N01_cluster=GQ0064_N01_status=complete_gb=BT101027 5671070
.20 GQ02818_C12.1_clone=GQ02818_C12_cluster=GQ02818_C12_status=complete_gb=BT105057 5586174
.21 GQ02818_C12.1_clone=GQ02818_C12_cluster=GQ02818_C12_status=complete_gb=BT105057 5604446
.98 GQ03009_M14.3_clone=GQ03009_M14_cluster=GQ03009_M14_status=complete_gb=BT106750 5732657
.21 WS03211_M18.1_clone=WS03211_M18_cluster=WS03211_M18_status=3 5591890
.61 WS03211_M18.1_clone=WS03211_M18_cluster=WS03211_M18_status=3 5591891
.36 GQ02818_E16.1_clone=GQ02818_E16_cluster=GQ02818_E16_status=complete_gb=BT105076 5732200
.77 GQ04002_D20.1_clone=GQ04002_D20_cluster=GQ04002_D20_status=complete_gb=BT118091 5732704
.06 GQ03221_H09.1_clone=GQ03221_H09_cluster=GQ03221_H09_status=complete_gb=BT110418 3584639
.84 GQ03221_H09.1_clone=GQ03221_H09_cluster=GQ03221_H09_status=complete_gb=BT110418 5732683
.60 GQ01310_A12.1_clone=GQ01310_A12_cluster=GQ01310_A12_status=5 5596039
.07 GQ01310_A12.1_clone=GQ01310_A12_cluster=GQ01310_A12_status=5 5131899
.30 GQ03314_G07.1_clone=GQ03314_G07_cluster=GQ03314_G07_status=complete_gb=BT112393 5732701
.20 GQ03314_G07.1_clone=GQ03314_G07_cluster=GQ03314_G07_status=complete_gb=BT112393 5732701
.99 GQ03111_K20.1_clone=GQ03111_K20_cluster=GQ03111_K20_status=complete_gb=BT107703 5732722
.33 GQ03901_C15.1_clone=GQ03901_C15_cluster=GQ03901_C15_status=complete_gb=BT117469 5611603
.18 GQ03901_C15.1_clone=GQ03901_C15_cluster=GQ03901_C15_status=complete_gb=BT117469 5667573
.37 GQ03001_F24.2_clone=GQ03001_F24_cluster=GQ03001_F24_status=complete_gb=BT106422 5732689
.19 GQ03001_F24.2_clone=GQ03001_F24_cluster=GQ03001_F24_status=complete_gb=BT106422 5732689
.67 GQ03103_I03.1_clone=GQ03103_I03_cluster=GQ03103_I03_status=complete_gb=BT107160 5732692
.14 GQ03103_I03.1_clone=GQ03103_I03_cluster=GQ03103_I03_status=complete_gb=BT107160 5732692
.44 GQ03406_L07.2_clone=GQ03406_L07_cluster=GQ03406_L07_status=5 5578844
.18 GQ03406_L07.2_clone=GQ03406_L07_cluster=GQ03406_L07_status=5 5587819
.30 GQ00411_I05.1_clone=GQ00411_I05_cluster=GQ00411_I05_status=complete_gb=BT100700 5625381
.22 GQ00411_I05.1_clone=GQ00411_I05_cluster=GQ00411_I05_status=complete_gb=BT100700 1856323
.25 GQ03313_E14.1_clone=GQ03313_E14_cluster=GQ03313_E14_status=complete_gb=BT112305 5591505
.73 GQ03313_E14.1_clone=GQ03313_E14_cluster=GQ03313_E14_status=complete_gb=BT112305 5587437
.30 GQ03111_D23.1_clone=GQ03111_D23_cluster=GQ03111_D23_status=complete_gb=BT107669 5732557
.24 GQ03111_D23.1_clone=GQ03111_D23_cluster=GQ03111_D23_status=complete_gb=BT107669 5586306
.47 GQ02902_H13.2_clone=GQ02902_H13_cluster=GQ02902_H13_status=complete_gb=BT106073 5588943
.31 GQ02902_H13.2_clone=GQ02902_H13_cluster=GQ02902_H13_status=complete_gb=BT106073 5584740
.41 GQ03403_L17.1_clone=GQ03403_L17_cluster=GQ03403_L17_status=complete_gb=BT113285 5580060
.41 GQ03403_L17.1_clone=GQ03403_L17_cluster=GQ03403_L17_status=complete_gb=BT113285 5732006
.30 GQ03226_A17.1_clone=GQ03226_A17_cluster=GQ03226_A17_status=complete_gb=BT110677 998332
.30 GQ03226_A17.1_clone=GQ03226_A17_cluster=GQ03226_A17_status=complete_gb=BT110677 5587408
.66 GQ02815_E19.1_clone=GQ02815_E19_cluster=GQ02815_E19_status=complete_gb=BT104809 5732539
.45 GQ02815_E19.1_clone=GQ02815_E19_cluster=GQ02815_E19_status=complete_gb=BT104809 5624350
.29 GQ02815_E19.1_clone=GQ02815_E19_cluster=GQ02815_E19_status=complete_gb=BT104809 1570728
.19 GQ02815_E19.1_clone=GQ02815_E19_cluster=GQ02815_E19_status=complete_gb=BT104809 1018017
.70 GQ03708_E03.2_clone=GQ03708_E03_cluster=GQ03708_E03_status=complete_gb=BT115897 5732709
.10 GQ03708_E03.2_clone=GQ03708_E03_cluster=GQ03708_E03_status=complete_gb=BT115897 5586987
.09 GQ03708_E03.2_clone=GQ03708_E03_cluster=GQ03708_E03_status=complete_gb=BT115897 5732709
.73 GQ03004_N24.1_clone=GQ03004_N24_cluster=GQ03004_N24_status=complete_gb=BT106554 5732717
.57 GQ03212_N07.1_clone=GQ03212_N07_cluster=GQ03212_N07_status=complete_gb=BT109828 5732666
.42 GQ04004_H03.1_clone=GQ04004_H03_cluster=GQ04004_H03_status=complete_gb=BT118268 5581572
.08 GQ04004_H03.1_clone=GQ04004_H03_cluster=GQ04004_H03_status=complete_gb=BT118268 910739
.65 GQ0047_P09.1_clone=GQ0047_P09_cluster=GQ0047_P09_status=complete_gb=BT100871 5591046
.33 GQ0047_P09.1_clone=GQ0047_P09_cluster=GQ0047_P09_status=complete_gb=BT100871 5591046
.81 GQ03211_D22.1_clone=GQ03211_D22_cluster=GQ03211_D22_status=complete_gb=BT109668 5732702
.11 GQ03211_D22.1_clone=GQ03211_D22_cluster=GQ03211_D22_status=complete_gb=BT109668 1925383
.48 GQ03235_H18.1_clone=GQ03235_H18_cluster=GQ03235_H18_status=complete_gb=BT111290 5732609
.14 GQ03235_H18.1_clone=GQ03235_H18_cluster=GQ03235_H18_status=complete_gb=BT111290 5732609
.81 GQ03230_K04.1_clone=GQ03230_K04_cluster=GQ03230_K04_status=complete_gb=BT110975 5732550
.74 WS00725_K21.1_clone=WS00725_K21_cluster=WS00725_K21_status=complete 523630
.36 GQ03704_G03.4_clone=GQ03704_G03_cluster=GQ03704_G03_status=53 5732678
.84 GQ03303_J01.1_clone=GQ03303_J01_cluster=GQ03303_J01_status=complete_gb=BT111782 5732723
.37 WS00841_J08.1_clone=WS00841_J08_cluster=WS00841_J08_status=complete 1224970
.50 WS00841_J08.1_clone=WS00841_J08_cluster=WS00841_J08_status=complete 560829
.65 GQ03707_P23.3_clone=GQ03707_P23_cluster=GQ03707_P23_status=complete_gb=BT115885 5732610
.01 GQ03707_P23.3_clone=GQ03707_P23_cluster=GQ03707_P23_status=complete_gb=BT115885 5599237
.01 GQ03707_P23.3_clone=GQ03707_P23_cluster=GQ03707_P23_status=complete_gb=BT115885 971477
.85 GQ03239_C23.1_clone=GQ03239_C23_cluster=GQ03239_C23_status=complete_gb=BT111542 5583356
.03 GQ03239_C23.1_clone=GQ03239_C23_cluster=GQ03239_C23_status=complete_gb=BT111542 1188599
.44 GQ03804_F05.1_clone=GQ03804_F05_cluster=GQ03804_F05_status=complete_gb=BT116668 5594170
.39 GQ03804_F05.1_clone=GQ03804_F05_cluster=GQ03804_F05_status=complete_gb=BT116668 5626307
.88 GQ03419_J21.1_clone=GQ03419_J21_cluster=GQ03419_J21_status=complete_gb=BT113759 5732665
.16 GQ03310_D20.1_clone=GQ03310_D20_cluster=GQ03310_D20_status=complete_gb=BT112115 869017
.82 GQ03310_D20.1_clone=GQ03310_D20_cluster=GQ03310_D20_status=complete_gb=BT112115 5578797
.81 GQ03905_F03.1_clone=GQ03905_F03_cluster=GQ03905_F03_status=complete_gb=BT117622 5732613
.16 GQ03905_F03.1_clone=GQ03905_F03_cluster=GQ03905_F03_status=complete_gb=BT117622 644401
.48 GQ0134_K22.1_clone=GQ0134_K22_cluster=GQ0134_K22_status=complete_gb=BT101963 5732718
.45 GQ0134_K22.1_clone=GQ0134_K22_cluster=GQ0134_K22_status=complete_gb=BT101963 5732718
.54 GQ0073_O20.1_clone=GQ0073_O20_cluster=GQ0073_O20_status=complete_gb=BT101221 5732549
.21 GQ0073_O20.1_clone=GQ0073_O20_cluster=GQ0073_O20_status=complete_gb=BT101221 1614560
.64 GQ03230_L15.1_clone=GQ03230_L15_cluster=GQ03230_L15_status=complete_gb=BT110979 5732048
.11 GQ03230_L15.1_clone=GQ03230_L15_cluster=GQ03230_L15_status=complete_gb=BT110979 2102686
.46 GQ02802_F03.1_clone=GQ02802_F03_cluster=GQ02802_F03_status=complete_gb=BT103796 5583671
.24 GQ03905_M03.1_clone=GQ03905_M03_cluster=GQ03905_M03_status=complete_gb=BT117633 5731752
.24 GQ03905_M03.1_clone=GQ03905_M03_cluster=GQ03905_M03_status=complete_gb=BT117633 5589911
.23 GQ03905_M03.1_clone=GQ03905_M03_cluster=GQ03905_M03_status=complete_gb=BT117633 743639
.23 GQ03905_M03.1_clone=GQ03905_M03_cluster=GQ03905_M03_status=complete_gb=BT117633 5583360
.22 GQ03905_M03.1_clone=GQ03905_M03_cluster=GQ03905_M03_status=complete_gb=BT117633 5731702
.20 GQ03514_M23.2_clone=GQ03514_M23_cluster=GQ03514_M23_status=complete_gb=BT114452 5597316
.43 GQ03514_M23.2_clone=GQ03514_M23_cluster=GQ03514_M23_status=complete_gb=BT114452 5581950
.21 GQ04106_J24.1_clone=GQ04106_J24_cluster=GQ04106_J24_status=complete_gb=BT119518 5584620
.16 GQ04106_J24.1_clone=GQ04106_J24_cluster=GQ04106_J24_status=complete_gb=BT119518 5732031
.15 GQ04106_J24.1_clone=GQ04106_J24_cluster=GQ04106_J24_status=complete_gb=BT119518 5636638
.26 GQ02819_F16.2_clone=GQ02819_F16_cluster=GQ02819_F16_status=complete_gb=BT105169 5664441
.25 GQ02819_F16.2_clone=GQ02819_F16_cluster=GQ02819_F16_status=complete_gb=BT105169 5592150
.85 GQ03322_A09.2_clone=GQ03322_A09_cluster=GQ03322_A09_status=complete_gb=BT112867 5732229
.27 GQ03216_J14.1_clone=GQ03216_J14_cluster=GQ03216_J14_status=complete_gb=BT110114 5589675
.14 GQ03209_N07.1_clone=GQ03209_N07_cluster=GQ03209_N07_status=complete_gb=BT109546 2502289
.60 GQ03209_N07.1_clone=GQ03209_N07_cluster=GQ03209_N07_status=complete_gb=BT109546 5732228
.46 GQ02903_I11.2_clone=GQ02903_I11_cluster=GQ02903_I11_status=complete_gb=BT106128 5592153
.36 GQ02903_I11.2_clone=GQ02903_I11_cluster=GQ02903_I11_status=complete_gb=BT106128 5586103
.25 GQ03116_O08.1_clone=GQ03116_O08_cluster=GQ03116_O08_status=complete_gb=BT108102 657295
.21 GQ03116_O08.1_clone=GQ03116_O08_cluster=GQ03116_O08_status=complete_gb=BT108102 5580014
.68 GQ00610_J01.1_clone=GQ00610_J01_cluster=GQ00610_J01_status=complete_gb=BT100916 5732454
.41 GQ03302_D17.1_clone=GQ03302_D17_cluster=GQ03302_D17_status=complete_gb=BT111687 5732643
.24 GQ03302_D17.1_clone=GQ03302_D17_cluster=GQ03302_D17_status=complete_gb=BT111687 5732643
.54 GQ02806_D02.1_clone=GQ02806_D02_cluster=GQ02806_D02_status=complete_gb=BT104080 5732681
.44 GQ02806_D02.1_clone=GQ02806_D02_cluster=GQ02806_D02_status=complete_gb=BT104080 5732681
.67 GQ03918_J01.1_clone=GQ03918_J01_cluster=GQ03918_J01_status=complete_gb=BT117961 1165832
.32 GQ03918_J01.1_clone=GQ03918_J01_cluster=GQ03918_J01_status=complete_gb=BT117961 5592689
.78 GQ03203_K08.2_clone=GQ03203_K08_cluster=GQ03203_K08_status=complete_gb=BT109009 5732640
.08 GQ03203_K08.2_clone=GQ03203_K08_cluster=GQ03203_K08_status=complete_gb=BT109009 1892445
.47 GQ03308_G03.1_clone=GQ03308_G03_cluster=GQ03308_G03_status=complete_gb=BT111972 5732669
.15 GQ03308_G03.1_clone=GQ03308_G03_cluster=GQ03308_G03_status=complete_gb=BT111972 5732669
.70 GQ02820_N02.1_clone=GQ02820_N02_cluster=GQ02820_N02_status=complete_gb=BT105316 5593253
.28 GQ02820_N02.1_clone=GQ02820_N02_cluster=GQ02820_N02_status=complete_gb=BT105316 1462662
.58 GQ03324_D08.1_clone=GQ03324_D08_cluster=GQ03324_D08_status=complete_gb=BT113003 5579569
.39 GQ03324_D08.1_clone=GQ03324_D08_cluster=GQ03324_D08_status=complete_gb=BT113003 5602658
.25 GQ03324_D08.1_clone=GQ03324_D08_cluster=GQ03324_D08_status=complete_gb=BT113003 5619644
.20 GQ03324_D08.1_clone=GQ03324_D08_cluster=GQ03324_D08_status=complete_gb=BT113003 5718881
.31 GQ03801_K11.1_clone=GQ03801_K11_cluster=GQ03801_K11_status=complete_gb=BT116545 5732633
.23 GQ03801_K11.1_clone=GQ03801_K11_cluster=GQ03801_K11_status=complete_gb=BT116545 5732633
.64 GQ02829_F21.1_clone=GQ02829_F21_cluster=GQ02829_F21_status=complete_gb=BT105853 5732612
.14 GQ02829_F21.1_clone=GQ02829_F21_cluster=GQ02829_F21_status=complete_gb=BT105853 1028694
.03 WS0072_E07.1_clone=WS0072_E07_cluster=WS0072_E07_status=3 1621911
.36 GQ02010_M14.1_clone=GQ02010_M14_cluster=GQ02010_M14_status=complete_gb=BT102672 5732637
.15 GQ02010_M14.1_clone=GQ02010_M14_cluster=GQ02010_M14_status=complete_gb=BT102672 5732637
.55 GQ03514_M24.1_clone=GQ03514_M24_cluster=GQ03514_M24_status=complete_gb=BT114453 5732721
.71 GQ03122_H04.1_clone=GQ03122_H04_cluster=GQ03122_H04_status=complete_gb=BT108478 5732472
.26 GQ03603_O09.1_clone=GQ03603_O09_cluster=GQ03603_O09_status=complete_gb=BT114865 5588660
.26 GQ03603_O09.1_clone=GQ03603_O09_cluster=GQ03603_O09_status=complete_gb=BT114865 1512604
.20 GQ03603_O09.1_clone=GQ03603_O09_cluster=GQ03603_O09_status=complete_gb=BT114865 5731951
.37 GQ03204_L18.1_clone=GQ03204_L18_cluster=GQ03204_L18_status=complete_gb=BT109104 5732032
.25 GQ03204_L18.1_clone=GQ03204_L18_cluster=GQ03204_L18_status=complete_gb=BT109104 5606022
.45 GQ0208_D04.1_clone=GQ0208_D04_cluster=GQ0208_D04_status=53 5732605
.33 GQ0208_D04.1_clone=GQ0208_D04_cluster=GQ0208_D04_status=53 5630726
.31 GQ0208_D04.1_clone=GQ0208_D04_cluster=GQ0208_D04_status=53 5732605
.15 GQ0208_D04.1_clone=GQ0208_D04_cluster=GQ0208_D04_status=53 2051910
.28 GQ03107_E05.1_clone=GQ03107_E05_cluster=GQ03107_E05_status=complete_gb=BT107417 5597804
.24 GQ03107_E05.1_clone=GQ03107_E05_cluster=GQ03107_E05_status=complete_gb=BT107417 5660792
.20 GQ03107_E05.1_clone=GQ03107_E05_cluster=GQ03107_E05_status=complete_gb=BT107417 2492274
.13 GQ03107_E05.1_clone=GQ03107_E05_cluster=GQ03107_E05_status=complete_gb=BT107417 5583479
.11 GQ03107_E05.1_clone=GQ03107_E05_cluster=GQ03107_E05_status=complete_gb=BT107417 780923
.63 GQ04002_M07.1_clone=GQ04002_M07_cluster=GQ04002_M07_status=complete_gb=BT118131 5732623
.31 GQ04002_M07.1_clone=GQ04002_M07_cluster=GQ04002_M07_status=complete_gb=BT118131 5594938
.49 GQ04111_B16.1_clone=GQ04111_B16_cluster=GQ04111_B16_status=complete_gb=BT119849 5584896
.17 GQ04111_B16.1_clone=GQ04111_B16_cluster=GQ04111_B16_status=complete_gb=BT119849 2120382
.52 GQ03702_N19.1_clone=GQ03702_N19_cluster=GQ03702_N19_status=complete_gb=BT115618 5732712
.29 GQ03702_N19.1_clone=GQ03702_N19_cluster=GQ03702_N19_status=complete_gb=BT115618 5579974
.24 GQ03702_N19.1_clone=GQ03702_N19_cluster=GQ03702_N19_status=complete_gb=BT115618 5607108
.10 GQ04012_A01.1_clone=GQ04012_A01_cluster=GQ04012_A01_status=complete_gb=BT118930 5643994
.65 GQ04012_A01.1_clone=GQ04012_A01_cluster=GQ04012_A01_status=complete_gb=BT118930 5732644
.79 GQ02830_H03.1_clone=GQ02830_H03_cluster=GQ02830_H03_status=complete_gb=BT105953 5732627
.81 WS02627_B12.1_clone=WS02627_B12_cluster=WS02627_B12_status=complete 5731712
.45 WS02627_B12.1_clone=WS02627_B12_cluster=WS02627_B12_status=complete 5731668
.29 WS02627_B12.1_clone=WS02627_B12_cluster=WS02627_B12_status=complete 653340
.06 WS02627_B12.1_clone=WS02627_B12_cluster=WS02627_B12_status=complete 710111
.06 WS02627_B12.1_clone=WS02627_B12_cluster=WS02627_B12_status=complete 326167
.40 GQ03913_M10.2_clone=GQ03913_M10_cluster=GQ03913_M10_status=53 5731968
.18 GQ03913_M10.2_clone=GQ03913_M10_cluster=GQ03913_M10_status=53 5604764
.52 GQ03122_O02.1_clone=GQ03122_O02_cluster=GQ03122_O02_status=complete_gb=BT108511 5600563
.34 GQ03122_O02.1_clone=GQ03122_O02_cluster=GQ03122_O02_status=complete_gb=BT108511 5579614
.23 GQ03515_I22.1_clone=GQ03515_I22_cluster=GQ03515_I22_status=complete_gb=BT114491 5732641
.15 GQ03515_I22.1_clone=GQ03515_I22_cluster=GQ03515_I22_status=complete_gb=BT114491 5732641
.14 GQ03515_I22.1_clone=GQ03515_I22_cluster=GQ03515_I22_status=complete_gb=BT114491 5622582
.06 GQ03515_I22.1_clone=GQ03515_I22_cluster=GQ03515_I22_status=complete_gb=BT114491 5595143
.56 GQ03412_N16.1_clone=GQ03412_N16_cluster=GQ03412_N16_status=complete_gb=BT113550 5732716
.13 GQ03412_N16.1_clone=GQ03412_N16_cluster=GQ03412_N16_status=complete_gb=BT113550 5732716
.29 GQ04013_O02.1_clone=GQ04013_O02_cluster=GQ04013_O02_status=complete_gb=BT119053 1244354
.40 GQ04013_O02.1_clone=GQ04013_O02_cluster=GQ04013_O02_status=complete_gb=BT119053 5732629
.47 GQ03715_K17.2_clone=GQ03715_K17_cluster=GQ03715_K17_status=complete_gb=BT116303 5732608
.19 GQ03715_K17.2_clone=GQ03715_K17_cluster=GQ03715_K17_status=complete_gb=BT116303 5732608
.89 GQ0208_F05.1_clone=GQ0208_F05_cluster=GQ0208_F05_status=complete_gb=BT103201 5732638
.34 GQ03308_N12.1_clone=GQ03308_N12_cluster=GQ03308_N12_status=complete_gb=BT112017 5581760
.19 GQ03308_N12.1_clone=GQ03308_N12_cluster=GQ03308_N12_status=complete_gb=BT112017 5630332
.14 GQ02013_G01.1_clone=GQ02013_G01_cluster=GQ02013_G01_status=complete_gb=BT102739 1087534
.50 GQ02013_G01.1_clone=GQ02013_G01_cluster=GQ02013_G01_status=complete_gb=BT102739 5584915
.66 GQ03605_E07.1_clone=GQ03605_E07_cluster=GQ03605_E07_status=5 5585315
.25 GQ03605_E07.1_clone=GQ03605_E07_cluster=GQ03605_E07_status=5 2042149
.25 GQ03605_E07.1_clone=GQ03605_E07_cluster=GQ03605_E07_status=5 2543872
.25 GQ03605_E07.1_clone=GQ03605_E07_cluster=GQ03605_E07_status=5 5580557
.25 GQ03605_E07.1_clone=GQ03605_E07_cluster=GQ03605_E07_status=5 1392795
.43 GQ03803_A09.3_clone=GQ03803_A09_cluster=GQ03803_A09_status=53 5732599
.62 GQ04101_J18.1_clone=GQ04101_J18_cluster=GQ04101_J18_status=complete_gb=BT119118 5732315
.23 GQ04101_J18.1_clone=GQ04101_J18_cluster=GQ04101_J18_status=complete_gb=BT119118 5633617
.33 GQ03234_A14.1_clone=GQ03234_A14_cluster=GQ03234_A14_status=complete_gb=BT111187 5732157
.10 GQ03234_A14.1_clone=GQ03234_A14_cluster=GQ03234_A14_status=complete_gb=BT111187 2292689
.10 GQ03234_A14.1_clone=GQ03234_A14_cluster=GQ03234_A14_status=complete_gb=BT111187 2018315
.56 GQ03238_E14.1_clone=GQ03238_E14_cluster=GQ03238_E14_status=complete_gb=BT111479 2850911
.20 GQ03238_E14.1_clone=GQ03238_E14_cluster=GQ03238_E14_status=complete_gb=BT111479 3811480
.22 GQ03814_E07.1_clone=GQ03814_E07_cluster=GQ03814_E07_status=complete_gb=BT117172 910753
.51 GQ03814_E07.1_clone=GQ03814_E07_cluster=GQ03814_E07_status=complete_gb=BT117172 5731804
.20 WS00819_E21.1_clone=WS00819_E21_cluster=WS00819_E21_status=complete 2943645
.35 WS00819_E21.1_clone=WS00819_E21_cluster=WS00819_E21_status=complete 759933
.85 GQ03214_N04.1_clone=GQ03214_N04_cluster=GQ03214_N04_status=complete_gb=BT110003 5732621
.08 GQ03214_N04.1_clone=GQ03214_N04_cluster=GQ03214_N04_status=complete_gb=BT110003 1160722
.27 GQ03417_O11.1_clone=GQ03417_O11_cluster=GQ03417_O11_status=complete_gb=BT113701 532960
.28 GQ03417_O11.1_clone=GQ03417_O11_cluster=GQ03417_O11_status=complete_gb=BT113701 5630838
.51 GQ03105_K19.1_clone=GQ03105_K19_cluster=GQ03105_K19_status=complete_gb=BT107318 5732545
.24 GQ03105_K19.1_clone=GQ03105_K19_cluster=GQ03105_K19_status=complete_gb=BT107318 5592773
.43 GQ03103_I04.1_clone=GQ03103_I04_cluster=GQ03103_I04_status=complete_gb=BT107161 5732506
.24 GQ04004_L04.1_clone=GQ04004_L04_cluster=GQ04004_L04_status=complete_gb=BT118288 2969266
.16 GQ04004_L04.1_clone=GQ04004_L04_cluster=GQ04004_L04_status=complete_gb=BT118288 826545
.12 GQ04004_L04.1_clone=GQ04004_L04_cluster=GQ04004_L04_status=complete_gb=BT118288 1116831
.83 GQ04104_D02.3_clone=GQ04104_D02_cluster=GQ04104_D02_status=complete_gb=BT119326 5732684
.88 GQ03902_J10.4_clone=GQ03902_J10_cluster=GQ03902_J10_status=53 5732713
.12 GQ03902_J10.4_clone=GQ03902_J10_cluster=GQ03902_J10_status=53 1005701
.12 GQ03902_J10.4_clone=GQ03902_J10_cluster=GQ03902_J10_status=53 903127
.09 GQ03902_J10.4_clone=GQ03902_J10_cluster=GQ03902_J10_status=53 950864
.09 GQ03902_J10.4_clone=GQ03902_J10_cluster=GQ03902_J10_status=53 988502
.43 GQ03202_I05.1_clone=GQ03202_I05_cluster=GQ03202_I05_status=complete_gb=BT108918 5598765
.39 GQ03301_H14.1_clone=GQ03301_H14_cluster=GQ03301_H14_status=complete_gb=BT111624 5582975
.51 GQ03301_H14.1_clone=GQ03301_H14_cluster=GQ03301_H14_status=complete_gb=BT111624 5629569
.36 GQ04008_C10.1_clone=GQ04008_C10_cluster=GQ04008_C10_status=complete_gb=BT118604 5732645
.11 GQ04008_C10.1_clone=GQ04008_C10_cluster=GQ04008_C10_status=complete_gb=BT118604 5732645
.80 WS00728_M07.1_clone=WS00728_M07_cluster=WS00728_M07_status=complete 5731903
.17 WS00728_M07.1_clone=WS00728_M07_cluster=WS00728_M07_status=complete 1915183
.36 GQ04003_M21.1_clone=GQ04003_M21_cluster=GQ04003_M21_status=complete_gb=BT118222 5580168
.61 GQ04003_M21.1_clone=GQ04003_M21_cluster=GQ04003_M21_status=complete_gb=BT118222 5732628
.36 GQ03416_N24.2_clone=GQ03416_N24_cluster=GQ03416_N24_status=complete_gb=BT113674 1175062
.18 GQ03416_N24.2_clone=GQ03416_N24_cluster=GQ03416_N24_status=complete_gb=BT113674 1828884
.89 GQ0133_O14.1_clone=GQ0133_O14_cluster=GQ0133_O14_status=complete_gb=BT101943 5732671
.03 GQ0133_O14.1_clone=GQ0133_O14_cluster=GQ0133_O14_status=complete_gb=BT101943 5620873
.39 GQ04005_K02.2_clone=GQ04005_K02_cluster=GQ04005_K02_status=complete_gb=BT118368 5732234
.17 GQ04005_K02.2_clone=GQ04005_K02_cluster=GQ04005_K02_status=complete_gb=BT118368 876045
.35 GQ04101_P05.1_clone=GQ04101_P05_cluster=GQ04101_P05_status=complete_gb=BT119147 702069
.38 GQ04101_P05.1_clone=GQ04101_P05_cluster=GQ04101_P05_status=complete_gb=BT119147 5732675
.24 GQ03708_P03.1_clone=GQ03708_P03_cluster=GQ03708_P03_status=complete_gb=BT115924 80883
.74 GQ03708_P03.1_clone=GQ03708_P03_cluster=GQ03708_P03_status=complete_gb=BT115924 5732682
.11 WS0262_E23.1_clone=WS0262_E23_cluster=WS0262_E23_status=complete 5623755
.87 WS0262_E23.1_clone=WS0262_E23_cluster=WS0262_E23_status=complete 5583602
.83 GQ02812_E22.1_clone=GQ02812_E22_cluster=GQ02812_E22_status=complete_gb=BT104595 5732706
.25 GQ02907_A13.1_clone=GQ02907_A13_cluster=GQ02907_A13_status=complete_gb=BT106312 1237297
.63 GQ02907_A13.1_clone=GQ02907_A13_cluster=GQ02907_A13_status=complete_gb=BT106312 778323
.53 GQ03810_B16.1_clone=GQ03810_B16_cluster=GQ03810_B16_status=complete_gb=BT116954 809798
.45 GQ03810_B16.1_clone=GQ03810_B16_cluster=GQ03810_B16_status=complete_gb=BT116954 5731761
.89 GQ03408_K04.1_clone=GQ03408_K04_cluster=GQ03408_K04_status=complete_gb=BT113442 5732715
.61 GQ02812_G08.1_clone=GQ02812_G08_cluster=GQ02812_G08_status=complete_gb=BT104601 5583499
.59 GQ04005_N10.1_clone=GQ04005_N10_cluster=GQ04005_N10_status=complete_gb=BT118385 5732651
.32 GQ04005_N10.1_clone=GQ04005_N10_cluster=GQ04005_N10_status=complete_gb=BT118385 5587132
.20 GQ03803_J20.1_clone=GQ03803_J20_cluster=GQ03803_J20_status=complete_gb=BT116631 1298616
.29 GQ03803_J20.1_clone=GQ03803_J20_cluster=GQ03803_J20_status=complete_gb=BT116631 5731902
.59 GQ03325_I10.1_clone=GQ03325_I10_cluster=GQ03325_I10_status=complete_gb=BT113091 5593207
.16 GQ03325_I10.1_clone=GQ03325_I10_cluster=GQ03325_I10_status=complete_gb=BT113091 5579318
.18 GQ03906_I03.1_clone=GQ03906_I03_cluster=GQ03906_I03_status=complete_gb=BT117655 5580846
.67 GQ03906_I03.1_clone=GQ03906_I03_cluster=GQ03906_I03_status=complete_gb=BT117655 5732653
.68 GQ0201_A22.1_clone=GQ0201_A22_cluster=GQ0201_A22_status=5 5632475
.49 GQ0201_A22.1_clone=GQ0201_A22_cluster=GQ0201_A22_status=5 5584142
.11 GQ0201_A22.1_clone=GQ0201_A22_cluster=GQ0201_A22_status=5 3162320
.99 GQ0046_K04.1_clone=GQ0046_K04_cluster=GQ0046_K04_status=complete_gb=BT100829 5732667
.53 GQ03615_C02.1_clone=GQ03615_C02_cluster=GQ03615_C02_status=complete_gb=BT115370 5585942
.17 GQ03615_C02.1_clone=GQ03615_C02_cluster=GQ03615_C02_status=complete_gb=BT115370 2179351
.16 GQ03615_C02.1_clone=GQ03615_C02_cluster=GQ03615_C02_status=complete_gb=BT115370 5347012
.22 GQ04007_D14.3_clone=GQ04007_D14_cluster=GQ04007_D14_status=complete_gb=BT118516 5732617
.12 GQ04007_D14.3_clone=GQ04007_D14_cluster=GQ04007_D14_status=complete_gb=BT118516 2970624
.11 GQ04007_D14.3_clone=GQ04007_D14_cluster=GQ04007_D14_status=complete_gb=BT118516 5732617
.62 GQ0068_O21.1_clone=GQ0068_O21_cluster=GQ0068_O21_status=53 5732536
.28 GQ0068_O21.1_clone=GQ0068_O21_cluster=GQ0068_O21_status=53 5732536
.88 GQ02905_B19.1_clone=GQ02905_B19_cluster=GQ02905_B19_status=complete_gb=BT106212 5732618
.80 GQ03107_O06.1_clone=GQ03107_O06_cluster=GQ03107_O06_status=complete_gb=BT107471 5732658
.12 GQ03324_J10.1_clone=GQ03324_J10_cluster=GQ03324_J10_status=complete_gb=BT113016 1334990
.47 GQ03324_J10.1_clone=GQ03324_J10_cluster=GQ03324_J10_status=complete_gb=BT113016 5581386
.47 GQ03214_O24.1_clone=GQ03214_O24_cluster=GQ03214_O24_status=complete_gb=BT110015 5732277
.36 GQ03214_O24.1_clone=GQ03214_O24_cluster=GQ03214_O24_status=complete_gb=BT110015 5627273
.41 GQ03209_C03.1_clone=GQ03209_C03_cluster=GQ03209_C03_status=complete_gb=BT109496 1133135
.42 GQ03209_C03.1_clone=GQ03209_C03_cluster=GQ03209_C03_status=complete_gb=BT109496 5592127
.41 GQ03209_C03.1_clone=GQ03209_C03_cluster=GQ03209_C03_status=complete_gb=BT109496 5632060
.41 GQ03124_I20.1_clone=GQ03124_I20_cluster=GQ03124_I20_status=complete_gb=BT108628 5581984
.11 GQ03124_I20.1_clone=GQ03124_I20_cluster=GQ03124_I20_status=complete_gb=BT108628 5591935
.08 GQ03124_I20.1_clone=GQ03124_I20_cluster=GQ03124_I20_status=complete_gb=BT108628 5666161
.35 GQ03801_K08.1_clone=GQ03801_K08_cluster=GQ03801_K08_status=complete_gb=BT116544 5731904
.22 GQ03801_K08.1_clone=GQ03801_K08_cluster=GQ03801_K08_status=complete_gb=BT116544 5580807
.35 GQ03301_J10.1_clone=GQ03301_J10_cluster=GQ03301_J10_status=complete_gb=BT111636 5586655
.81 GQ02808_F13.3_clone=GQ02808_F13_cluster=GQ02808_F13_status=complete_gb=BT104259 5732654
.89 GQ03213_N04.3_clone=GQ03213_N04_cluster=GQ03213_N04_status=complete_gb=BT109926 5732647
.48 GQ03111_P01.1_clone=GQ03111_P01_cluster=GQ03111_P01_status=complete_gb=BT107718 5731940
.25 GQ03111_P01.1_clone=GQ03111_P01_cluster=GQ03111_P01_status=complete_gb=BT107718 5579749
.21 GQ03111_P01.1_clone=GQ03111_P01_cluster=GQ03111_P01_status=complete_gb=BT107718 1989646
.21 GQ03111_P01.1_clone=GQ03111_P01_cluster=GQ03111_P01_status=complete_gb=BT107718 339315
.17 GQ03111_P01.1_clone=GQ03111_P01_cluster=GQ03111_P01_status=complete_gb=BT107718 5587599
.11 GQ0204_H18.1_clone=GQ0204_H18_cluster=GQ0204_H18_status=complete_gb=BT102988 1340162
.22 GQ0204_H18.1_clone=GQ0204_H18_cluster=GQ0204_H18_status=complete_gb=BT102988 902535
.15 GQ03116_E22.1_clone=GQ03116_E22_cluster=GQ03116_E22_status=complete_gb=BT108052 5732680
.84 GQ03116_E22.1_clone=GQ03116_E22_cluster=GQ03116_E22_status=complete_gb=BT108052 5732680
.64 WS00745_G22.1_clone=WS00745_G22_cluster=WS00745_G22_status=3 5611539
.99 GQ03512_K01.1_clone=GQ03512_K01_cluster=GQ03512_K01_status=complete_gb=BT114334 5732697
.51 GQ02803_D18.1_clone=GQ02803_D18_cluster=GQ02803_D18_status=complete_gb=BT103864 5732441
.58 GQ03703_J05.1_clone=GQ03703_J05_cluster=GQ03703_J05_status=complete_gb=BT115641 5732625
.17 GQ03703_J05.1_clone=GQ03703_J05_cluster=GQ03703_J05_status=complete_gb=BT115641 5593614
.99 GQ03301_G19.1_clone=GQ03301_G19_cluster=GQ03301_G19_status=complete_gb=BT111620 5732679
.95 GQ02816_J10.1_clone=GQ02816_J10_cluster=GQ02816_J10_status=complete_gb=BT104917 5732699
.97 GQ02829_O21.1_clone=GQ02829_O21_cluster=GQ02829_O21_status=complete_gb=BT105907 5732695
.60 GQ03201_C16.1_clone=GQ03201_C16_cluster=GQ03201_C16_status=complete_gb=BT108799 5582749
.17 GQ03201_C16.1_clone=GQ03201_C16_cluster=GQ03201_C16_status=complete_gb=BT108799 3078482
.15 GQ03105_N03.2_clone=GQ03105_N03_cluster=GQ03105_N03_status=complete_gb=BT107327 312385
.57 GQ03105_N03.2_clone=GQ03105_N03_cluster=GQ03105_N03_status=complete_gb=BT107327 5731898
.44 GQ03102_D21.1_clone=GQ03102_D21_cluster=GQ03102_D21_status=complete_gb=BT107057 5585959
.54 GQ03102_D21.1_clone=GQ03102_D21_cluster=GQ03102_D21_status=complete_gb=BT107057 5731975
.22 GQ03702_B06.1_clone=GQ03702_B06_cluster=GQ03702_B06_status=complete_gb=BT115586 5581071
.17 GQ03702_B06.1_clone=GQ03702_B06_cluster=GQ03702_B06_status=complete_gb=BT115586 5732008
.61 GQ04001_C15.1_clone=GQ04001_C15_cluster=GQ04001_C15_status=complete_gb=BT118012 5732552
.37 GQ04001_C15.1_clone=GQ04001_C15_cluster=GQ04001_C15_status=complete_gb=BT118012 5581223
.22 GQ04106_F21.1_clone=GQ04106_F21_cluster=GQ04106_F21_status=complete_gb=BT119493 633232
.34 GQ04106_F21.1_clone=GQ04106_F21_cluster=GQ04106_F21_status=complete_gb=BT119493 5732616
.22 GQ04106_F21.1_clone=GQ04106_F21_cluster=GQ04106_F21_status=complete_gb=BT119493 5591990
.19 GQ04106_F21.1_clone=GQ04106_F21_cluster=GQ04106_F21_status=complete_gb=BT119493 5581975
.28 GQ03907_I02.1_clone=GQ03907_I02_cluster=GQ03907_I02_status=complete_gb=BT117685 5579679
.20 GQ03907_I02.1_clone=GQ03907_I02_cluster=GQ03907_I02_status=complete_gb=BT117685 5581089
.60 GQ0205_O01.1_clone=GQ0205_O01_cluster=GQ0205_O01_status=complete_gb=BT103059 5732320
.13 GQ0205_O01.1_clone=GQ0205_O01_cluster=GQ0205_O01_status=complete_gb=BT103059 2788507
.24 GQ03403_M10.1_clone=GQ03403_M10_cluster=GQ03403_M10_status=complete_gb=BT113288 2311821
.30 GQ03403_M10.1_clone=GQ03403_M10_cluster=GQ03403_M10_status=complete_gb=BT113288 333968
.59 GQ03617_K21.1_clone=GQ03617_K21_cluster=GQ03617_K21_status=complete_gb=BT115481 5731900
.23 GQ03617_K21.1_clone=GQ03617_K21_cluster=GQ03617_K21_status=complete_gb=BT115481 1610706
.55 GQ03201_B23.1_clone=GQ03201_B23_cluster=GQ03201_B23_status=complete_gb=BT108793 5731971
.23 GQ03201_B23.1_clone=GQ03201_B23_cluster=GQ03201_B23_status=complete_gb=BT108793 5592335
.11 GQ02807_I09.2_clone=GQ02807_I09_cluster=GQ02807_I09_status=complete_gb=BT104195 5584212
.79 GQ02807_I09.2_clone=GQ02807_I09_cluster=GQ02807_I09_status=complete_gb=BT104195 5732632
.05 GQ03918_G09.2_clone=GQ03918_G09_cluster=GQ03918_G09_status=complete_gb=BT117957 5688933
.93 GQ03918_G09.2_clone=GQ03918_G09_cluster=GQ03918_G09_status=complete_gb=BT117957 5732677
.23 GQ03808_M10.1_clone=GQ03808_M10_cluster=GQ03808_M10_status=complete_gb=BT116892 152261
.15 GQ03808_M10.1_clone=GQ03808_M10_cluster=GQ03808_M10_status=complete_gb=BT116892 2431530
.15 GQ03808_M10.1_clone=GQ03808_M10_cluster=GQ03808_M10_status=complete_gb=BT116892 912882
.48 GQ03105_C12.1_clone=GQ03105_C12_cluster=GQ03105_C12_status=complete_gb=BT107262 5578898
.44 GQ02809_O23.1_clone=GQ02809_O23_cluster=GQ02809_O23_status=complete_gb=BT104393 5578714
.44 GQ02809_O23.1_clone=GQ02809_O23_cluster=GQ02809_O23_status=complete_gb=BT104393 5581651
.26 GQ03410_O07.1_clone=GQ03410_O07_cluster=GQ03410_O07_status=complete_gb=BT113495 5624286
.24 GQ03410_O07.1_clone=GQ03410_O07_cluster=GQ03410_O07_status=complete_gb=BT113495 5732655
.21 GQ03410_O07.1_clone=GQ03410_O07_cluster=GQ03410_O07_status=complete_gb=BT113495 134895
.19 GQ03410_O07.1_clone=GQ03410_O07_cluster=GQ03410_O07_status=complete_gb=BT113495 5639557
.30 GQ03124_F19.1_clone=GQ03124_F19_cluster=GQ03124_F19_status=complete_gb=BT108612 5613623
.23 GQ03124_F19.1_clone=GQ03124_F19_cluster=GQ03124_F19_status=complete_gb=BT108612 5619055
.23 GQ03124_F19.1_clone=GQ03124_F19_cluster=GQ03124_F19_status=complete_gb=BT108612 5579081
.47 GQ03605_B14.1_clone=GQ03605_B14_cluster=GQ03605_B14_status=complete_gb=BT114914 5732093
.07 GQ03605_B14.1_clone=GQ03605_B14_cluster=GQ03605_B14_status=complete_gb=BT114914 5698553
.24 GQ03214_O17.1_clone=GQ03214_O17_cluster=GQ03214_O17_status=complete_gb=BT110012 5580086
.15 GQ03214_O17.1_clone=GQ03214_O17_cluster=GQ03214_O17_status=complete_gb=BT110012 1051653
.44 GQ03405_C07.1_clone=GQ03405_C07_cluster=GQ03405_C07_status=complete_gb=BT113328 5578807
.37 GQ03405_C07.1_clone=GQ03405_C07_cluster=GQ03405_C07_status=complete_gb=BT113328 5586105
.88 GQ03123_O04.1_clone=GQ03123_O04_cluster=GQ03123_O04_status=complete_gb=BT108586 5732686
.05 GQ03123_O04.1_clone=GQ03123_O04_cluster=GQ03123_O04_status=complete_gb=BT108586 2579510
.60 GQ02808_N01.1_clone=GQ02808_N01_cluster=GQ02808_N01_status=complete_gb=BT104309 5578901
.54 GQ03203_M03.4_clone=GQ03203_M03_cluster=GQ03203_M03_status=53 5731984
.28 GQ03203_M03.4_clone=GQ03203_M03_cluster=GQ03203_M03_status=53 5731984
.51 GQ03239_M23.1_clone=GQ03239_M23_cluster=GQ03239_M23_status=complete_gb=BT111583 5598556
.36 GQ03239_M23.1_clone=GQ03239_M23_cluster=GQ03239_M23_status=complete_gb=BT111583 5732174
.43 GQ04102_N24.1_clone=GQ04102_N24_cluster=GQ04102_N24_status=complete_gb=BT119232 5586791
.43 GQ04102_N24.1_clone=GQ04102_N24_cluster=GQ04102_N24_status=complete_gb=BT119232 5585039
.36 GQ04102_N24.1_clone=GQ04102_N24_cluster=GQ04102_N24_status=complete_gb=BT119232 5627709
.53 GQ03232_H04.2_clone=GQ03232_H04_cluster=GQ03232_H04_status=complete_gb=BT111083 5731896
.08 GQ03116_A01.1_clone=GQ03116_A01_cluster=GQ03116_A01_status=complete_gb=BT108020 2857269
.75 GQ03116_A01.1_clone=GQ03116_A01_cluster=GQ03116_A01_status=complete_gb=BT108020 5732535
.21 GQ03207_I05.1_clone=GQ03207_I05_cluster=GQ03207_I05_status=complete_gb=BT109351 1136698
.16 GQ03207_I05.1_clone=GQ03207_I05_cluster=GQ03207_I05_status=complete_gb=BT109351 2480596
.31 GQ02904_O01.3_clone=GQ02904_O01_cluster=GQ02904_O01_status=complete_gb=BT106200 5732691
.32 GQ03214_C08.3_clone=GQ03214_C08_cluster=GQ03214_C08_status=53 5580970
.14 GQ03214_C08.3_clone=GQ03214_C08_cluster=GQ03214_C08_status=53 1469385
.36 GQ03613_K21.1_clone=GQ03613_K21_cluster=GQ03613_K21_status=complete_gb=BT115297 638639
.63 GQ03613_K21.1_clone=GQ03613_K21_cluster=GQ03613_K21_status=complete_gb=BT115297 5732049
.24 GQ03238_A08.1_clone=GQ03238_A08_cluster=GQ03238_A08_status=complete_gb=BT111467 5590653
.16 GQ03238_A08.1_clone=GQ03238_A08_cluster=GQ03238_A08_status=complete_gb=BT111467 2059507
.72 GQ03002_E22.1_clone=GQ03002_E22_cluster=GQ03002_E22_status=complete_gb=BT106466 5732276
.57 GQ03313_P11.1_clone=GQ03313_P11_cluster=GQ03313_P11_status=complete_gb=BT112370 5637150
.50 GQ03705_G20.1_clone=GQ03705_G20_cluster=GQ03705_G20_status=complete_gb=BT115740 5732688
.27 GQ02819_E19.1_clone=GQ02819_E19_cluster=GQ02819_E19_status=complete_gb=BT105163 5732209
.25 GQ02819_E19.1_clone=GQ02819_E19_cluster=GQ02819_E19_status=complete_gb=BT105163 1003394
.21 GQ02819_E19.1_clone=GQ02819_E19_cluster=GQ02819_E19_status=complete_gb=BT105163 5731846
.71 GQ03801_C24.1_clone=GQ03801_C24_cluster=GQ03801_C24_status=complete_gb=BT116518 5581388
.28 GQ03801_C24.1_clone=GQ03801_C24_cluster=GQ03801_C24_status=complete_gb=BT116518 1110467
.39 GQ03212_E15.2_clone=GQ03212_E15_cluster=GQ03212_E15_status=complete_gb=BT109775 5586932
.28 GQ03212_E15.2_clone=GQ03212_E15_cluster=GQ03212_E15_status=complete_gb=BT109775 5594655
.34 GQ03001_J14.1_clone=GQ03001_J14_cluster=GQ03001_J14_status=complete_gb=BT106433 1138423
.52 GQ03001_J14.1_clone=GQ03001_J14_cluster=GQ03001_J14_status=complete_gb=BT106433 5588437
.47 GQ03121_D21.1_clone=GQ03121_D21_cluster=GQ03121_D21_status=complete_gb=BT108393 21906
.37 GQ03121_D21.1_clone=GQ03121_D21_cluster=GQ03121_D21_status=complete_gb=BT108393 5591480
.69 GQ03126_J11.1_clone=GQ03126_J11_cluster=GQ03126_J11_status=complete_gb=BT108751 5584794
.44 GQ03126_J11.1_clone=GQ03126_J11_cluster=GQ03126_J11_status=complete_gb=BT108751 5580075
.27 GQ03126_J11.1_clone=GQ03126_J11_cluster=GQ03126_J11_status=complete_gb=BT108751 5598043
.28 GQ03126_J11.1_clone=GQ03126_J11_cluster=GQ03126_J11_status=complete_gb=BT108751 489937
.23 GQ03126_J11.1_clone=GQ03126_J11_cluster=GQ03126_J11_status=complete_gb=BT108751 864196
.19 GQ04107_D24.1_clone=GQ04107_D24_cluster=GQ04107_D24_status=complete_gb=BT119563 5591708
.48 GQ04107_D24.1_clone=GQ04107_D24_cluster=GQ04107_D24_status=complete_gb=BT119563 5586107
.59 GQ0259_G14.1_clone=GQ0259_G14_cluster=GQ0259_G14_status=complete_gb=BT103617 5584092
.39 GQ0259_G14.1_clone=GQ0259_G14_cluster=GQ0259_G14_status=complete_gb=BT103617 5596206
.25 GQ02906_J22.1_clone=GQ02906_J22_cluster=GQ02906_J22_status=complete_gb=BT106286 5579615
.15 GQ02906_J22.1_clone=GQ02906_J22_cluster=GQ02906_J22_status=complete_gb=BT106286 5582098
.42 GQ03805_L04.2_clone=GQ03805_L04_cluster=GQ03805_L04_status=5 5589376
.24 GQ03805_L04.2_clone=GQ03805_L04_cluster=GQ03805_L04_status=5 5596626
.62 GQ0196_O05.1_clone=GQ0196_O05_cluster=GQ0196_O05_status=complete_gb=BT102572 5732104
.24 GQ0196_O05.1_clone=GQ0196_O05_cluster=GQ0196_O05_status=complete_gb=BT102572 2354198
.24 GQ0196_O05.1_clone=GQ0196_O05_cluster=GQ0196_O05_status=complete_gb=BT102572 226121
.21 GQ03006_D02.1_clone=GQ03006_D02_cluster=GQ03006_D02_status=complete_gb=BT106603 1243688
.78 GQ03006_D02.1_clone=GQ03006_D02_cluster=GQ03006_D02_status=complete_gb=BT106603 5732208
.78 GQ03907_B06.1_clone=GQ03907_B06_cluster=GQ03907_B06_status=complete_gb=BT117672 5585933
.20 GQ03907_B06.1_clone=GQ03907_B06_cluster=GQ03907_B06_status=complete_gb=BT117672 2280704
.26 GQ03239_E07.1_clone=GQ03239_E07_cluster=GQ03239_E07_status=complete_gb=BT111550 5596853
.26 GQ03239_E07.1_clone=GQ03239_E07_cluster=GQ03239_E07_status=complete_gb=BT111550 744589
.19 GQ03310_K10.2_clone=GQ03310_K10_cluster=GQ03310_K10_status=complete_gb=BT112138 1663623
.15 GQ03310_K10.2_clone=GQ03310_K10_cluster=GQ03310_K10_status=complete_gb=BT112138 2437712
.11 GQ03310_K10.2_clone=GQ03310_K10_cluster=GQ03310_K10_status=complete_gb=BT112138 2201018
.07 GQ03310_K10.2_clone=GQ03310_K10_cluster=GQ03310_K10_status=complete_gb=BT112138 5582388
.56 GQ02828_G10.1_clone=GQ02828_G10_cluster=GQ02828_G10_status=complete_gb=BT105783 5731985
.52 GQ02828_G10.1_clone=GQ02828_G10_cluster=GQ02828_G10_status=complete_gb=BT105783 553860
.52 GQ02828_G10.1_clone=GQ02828_G10_cluster=GQ02828_G10_status=complete_gb=BT105783 484783
.26 GQ02828_G10.1_clone=GQ02828_G10_cluster=GQ02828_G10_status=complete_gb=BT105783 2657003
.09 GQ02828_G10.1_clone=GQ02828_G10_cluster=GQ02828_G10_status=complete_gb=BT105783 5659820
.19 GQ0068_I06.2_clone=GQ0068_I06_cluster=GQ0068_I06_status=3 1682605
.52 GQ0068_I06.2_clone=GQ0068_I06_cluster=GQ0068_I06_status=3 5586734
.39 GQ03911_J17.1_clone=GQ03911_J17_cluster=GQ03911_J17_status=complete_gb=BT117765 5732620
.35 GQ03911_J17.1_clone=GQ03911_J17_cluster=GQ03911_J17_status=complete_gb=BT117765 5732620
.40 GQ04003_D05.2_clone=GQ04003_D05_cluster=GQ04003_D05_status=complete_gb=BT118169 5732708
.21 GQ04003_D05.2_clone=GQ04003_D05_cluster=GQ04003_D05_status=complete_gb=BT118169 5732708
.32 GQ03105_E13.1_clone=GQ03105_E13_cluster=GQ03105_E13_status=complete_gb=BT107281 5732662
.19 GQ03105_E13.1_clone=GQ03105_E13_cluster=GQ03105_E13_status=complete_gb=BT107281 5732662
.13 GQ03105_E13.1_clone=GQ03105_E13_cluster=GQ03105_E13_status=complete_gb=BT107281 2466509
.13 GQ02011_E10.2_clone=GQ02011_E10_cluster=GQ02011_E10_status=53 5582634
.80 GQ02011_E10.2_clone=GQ02011_E10_cluster=GQ02011_E10_status=53 5592007
.12 GQ04003_E20.1_clone=GQ04003_E20_cluster=GQ04003_E20_status=complete_gb=BT118181 5588910
.38 GQ04003_E20.1_clone=GQ04003_E20_cluster=GQ04003_E20_status=complete_gb=BT118181 1138988
.31 GQ02818_D09.3_clone=GQ02818_D09_cluster=GQ02818_D09_status=complete_gb=BT105064 5732661
.16 GQ02818_D09.3_clone=GQ02818_D09_cluster=GQ02818_D09_status=complete_gb=BT105064 5732661
.36 GQ02807_D11.4_clone=GQ02807_D11_cluster=GQ02807_D11_status=53 5586538
.14 GQ02807_D11.4_clone=GQ02807_D11_cluster=GQ02807_D11_status=53 1095251
.12 GQ0134_K17.2_clone=GQ0134_K17_cluster=GQ0134_K17_status=3 106547
.87 GQ0134_K17.2_clone=GQ0134_K17_cluster=GQ0134_K17_status=3 5732146
.70 GQ03808_F03.1_clone=GQ03808_F03_cluster=GQ03808_F03_status=complete_gb=BT116866 5732058
.28 GQ03808_F03.1_clone=GQ03808_F03_cluster=GQ03808_F03_status=complete_gb=BT116866 5597027
.34 GQ02824_J04.1_clone=GQ02824_J04_cluster=GQ02824_J04_status=complete_gb=BT105571 2257159
.34 GQ02824_J04.1_clone=GQ02824_J04_cluster=GQ02824_J04_status=complete_gb=BT105571 5588540
.54 GQ03206_D03.1_clone=GQ03206_D03_cluster=GQ03206_D03_status=complete_gb=BT109234 5630243
.99 GQ04013_D16.1_clone=GQ04013_D16_cluster=GQ04013_D16_status=complete_gb=BT119001 5732604
.42 GQ0071_L02.1_clone=GQ0071_L02_cluster=GQ0071_L02_status=complete_gb=BT101185 5732073
.39 GQ03227_G12.2_clone=GQ03227_G12_cluster=GQ03227_G12_status=complete_gb=BT110755 5586539
.18 GQ03227_G12.2_clone=GQ03227_G12_cluster=GQ03227_G12_status=complete_gb=BT110755 5698960
.21 GQ03227_G12.2_clone=GQ03227_G12_cluster=GQ03227_G12_status=complete_gb=BT110755 5669045
.83 GQ02824_J01.1_clone=GQ02824_J01_cluster=GQ02824_J01_status=complete_gb=BT105569 5732077
.89 GQ02817_D06.1_clone=GQ02817_D06_cluster=GQ02817_D06_status=complete_gb=BT104973 5732634
.73 GQ03125_P08.2_clone=GQ03125_P08_cluster=GQ03125_P08_status=complete_gb=BT108716 5731892
.26 GQ03125_P08.2_clone=GQ03125_P08_cluster=GQ03125_P08_status=complete_gb=BT108716 1024725
.64 GQ02901_A13.1_clone=GQ02901_A13_cluster=GQ02901_A13_status=complete_gb=BT105994 5732216
.26 GQ02901_A13.1_clone=GQ02901_A13_cluster=GQ02901_A13_status=complete_gb=BT105994 837287
.42 GQ02901_A13.1_clone=GQ02901_A13_cluster=GQ02901_A13_status=complete_gb=BT105994 5732383
.18 GQ02901_A13.1_clone=GQ02901_A13_cluster=GQ02901_A13_status=complete_gb=BT105994 5731799
.06 GQ02901_A13.1_clone=GQ02901_A13_cluster=GQ02901_A13_status=complete_gb=BT105994 5641925
.21 GQ03213_O08.1_clone=GQ03213_O08_cluster=GQ03213_O08_status=complete_gb=BT109934 3454087
.18 GQ03213_O08.1_clone=GQ03213_O08_cluster=GQ03213_O08_status=complete_gb=BT109934 5582234
.48 GQ02830_L10.1_clone=GQ02830_L10_cluster=GQ02830_L10_status=5 5732206
.62 GQ03802_M16.1_clone=GQ03802_M16_cluster=GQ03802_M16_status=53 5732490
.43 GQ03205_M02.2_clone=GQ03205_M02_cluster=GQ03205_M02_status=5 5641888
.44 GQ03205_M02.2_clone=GQ03205_M02_cluster=GQ03205_M02_status=5 5587862
.19 WS00720_E22.1_clone=WS00720_E22_cluster=WS00720_E22_status=3 5593025
.75 WS00720_E22.1_clone=WS00720_E22_cluster=WS00720_E22_status=3 5732672
.76 GQ0046_B04.2_clone=GQ0046_B04_cluster=GQ0046_B04_status=complete_gb=BT100809 5732432
.11 GQ0046_B04.2_clone=GQ0046_B04_cluster=GQ0046_B04_status=complete_gb=BT100809 3178215
.70 GQ03202_I03.1_clone=GQ03202_I03_cluster=GQ03202_I03_status=complete_gb=BT108917 5731831
.21 GQ03202_I03.1_clone=GQ03202_I03_cluster=GQ03202_I03_status=complete_gb=BT108917 5602981
.21 GQ03202_I03.1_clone=GQ03202_I03_cluster=GQ03202_I03_status=complete_gb=BT108917 1225050
.13 GQ03202_I03.1_clone=GQ03202_I03_cluster=GQ03202_I03_status=complete_gb=BT108917 3016716
.13 GQ03202_I03.1_clone=GQ03202_I03_cluster=GQ03202_I03_status=complete_gb=BT108917 2603238
.38 GQ02816_P11.4_clone=GQ02816_P11_cluster=GQ02816_P11_status=complete_gb=BT104955 5732527
.12 GQ02816_P11.4_clone=GQ02816_P11_cluster=GQ02816_P11_status=complete_gb=BT104955 1970508
.12 GQ02816_P11.4_clone=GQ02816_P11_cluster=GQ02816_P11_status=complete_gb=BT104955 5688294
.18 GQ03303_H14.1_clone=GQ03303_H14_cluster=GQ03303_H14_status=complete_gb=BT111775 2530233
.36 GQ03303_H14.1_clone=GQ03303_H14_cluster=GQ03303_H14_status=complete_gb=BT111775 5618170
.90 GQ03234_O17.1_clone=GQ03234_O17_cluster=GQ03234_O17_status=complete_gb=BT111255 5732696
.25 GQ03519_K05.1_clone=GQ03519_K05_cluster=GQ03519_K05_status=complete_gb=BT114705 1109883
.50 GQ03519_K05.1_clone=GQ03519_K05_cluster=GQ03519_K05_status=complete_gb=BT114705 5578616
.88 GQ02823_O15.1_clone=GQ02823_O15_cluster=GQ02823_O15_status=complete_gb=BT105534 5732642
.94 GQ03112_A08.1_clone=GQ03112_A08_cluster=GQ03112_A08_status=complete_gb=BT107726 5732698
.35 WS03228_G21.1_clone=WS03228_G21_cluster=WS03228_G21_status=complete 2845017
.56 WS03228_G21.1_clone=WS03228_G21_cluster=WS03228_G21_status=complete 5605339
.81 WS02610_B17.1_clone=WS02610_B17_cluster=WS02610_B17_status=complete 5732670
.29 GQ0131_I01.1_clone=GQ0131_I01_cluster=GQ0131_I01_status=53 5639159
.47 GQ0131_I01.1_clone=GQ0131_I01_cluster=GQ0131_I01_status=53 5732670
.89 GQ0074_E20.1_clone=GQ0074_E20_cluster=GQ0074_E20_status=complete_gb=BT101224 5579710
.27 GQ02824_G24.1_clone=GQ02824_G24_cluster=GQ02824_G24_status=complete_gb=BT105561 1509667
.20 GQ02824_G24.1_clone=GQ02824_G24_cluster=GQ02824_G24_status=complete_gb=BT105561 5641600
.21 GQ0063_G13.1_clone=GQ0063_G13_cluster=GQ0063_G13_status=complete_gb=BT101004 2574764
.76 GQ0063_G13.1_clone=GQ0063_G13_cluster=GQ0063_G13_status=complete_gb=BT101004 5591644
.74 GQ03228_C23.1_clone=GQ03228_C23_cluster=GQ03228_C23_status=complete_gb=BT110803 5732694
.24 GQ03228_C23.1_clone=GQ03228_C23_cluster=GQ03228_C23_status=complete_gb=BT110803 5595104
.31 GQ02821_F15.2_clone=GQ02821_F15_cluster=GQ02821_F15_status=complete_gb=BT105355 707592
.22 GQ02821_F15.2_clone=GQ02821_F15_cluster=GQ02821_F15_status=complete_gb=BT105355 1211160
.13 GQ02821_F15.2_clone=GQ02821_F15_cluster=GQ02821_F15_status=complete_gb=BT105355 3340640
.46 GQ03323_M04.1_clone=GQ03323_M04_cluster=GQ03323_M04_status=complete_gb=BT112984 352552
.28 GQ03323_M04.1_clone=GQ03323_M04_cluster=GQ03323_M04_status=complete_gb=BT112984 5581175
.75 GQ03608_P10.1_clone=GQ03608_P10_cluster=GQ03608_P10_status=complete_gb=BT115087 5732163
.23 GQ04009_B13.1_clone=GQ04009_B13_cluster=GQ04009_B13_status=complete_gb=BT118687 5579384
.76 GQ04009_B13.1_clone=GQ04009_B13_cluster=GQ04009_B13_status=complete_gb=BT118687 5732606
.39 GQ01301_J12.2_clone=GQ01301_J12_cluster=GQ01301_J12_status=complete_gb=BT101314 5624728
.13 GQ01301_J12.2_clone=GQ01301_J12_cluster=GQ01301_J12_status=complete_gb=BT101314 2240467
.13 GQ01301_J12.2_clone=GQ01301_J12_cluster=GQ01301_J12_status=complete_gb=BT101314 3491096
.35 GQ01301_J12.2_clone=GQ01301_J12_cluster=GQ01301_J12_status=complete_gb=BT101314 1179017
.07 GQ01301_J12.2_clone=GQ01301_J12_cluster=GQ01301_J12_status=complete_gb=BT101314 2681495
.59 GQ03204_K15.1_clone=GQ03204_K15_cluster=GQ03204_K15_status=complete_gb=BT109102 5580203
.23 GQ03204_K15.1_clone=GQ03204_K15_cluster=GQ03204_K15_status=complete_gb=BT109102 176040
.22 GQ03204_K15.1_clone=GQ03204_K15_cluster=GQ03204_K15_status=complete_gb=BT109102 5583713
.18 GQ03204_K15.1_clone=GQ03204_K15_cluster=GQ03204_K15_status=complete_gb=BT109102 923087
.18 GQ03204_K15.1_clone=GQ03204_K15_cluster=GQ03204_K15_status=complete_gb=BT109102 1393100
.90 GQ04105_I16.1_clone=GQ04105_I16_cluster=GQ04105_I16_status=complete_gb=BT119428 5732659
.89 GQ03002_A16.2_clone=GQ03002_A16_cluster=GQ03002_A16_status=complete_gb=BT106448 5732639
.31 GQ03715_G07.1_clone=GQ03715_G07_cluster=GQ03715_G07_status=complete_gb=BT116287 5732710
.12 GQ02829_P08.2_clone=GQ02829_P08_cluster=GQ02829_P08_status=complete_gb=BT105910 5590507
.77 GQ02829_P08.2_clone=GQ02829_P08_cluster=GQ02829_P08_status=complete_gb=BT105910 5732615
.88 GQ03103_D19.2_clone=GQ03103_D19_cluster=GQ03103_D19_status=complete_gb=BT107139 5585291
.05 GQ03103_D19.2_clone=GQ03103_D19_cluster=GQ03103_D19_status=complete_gb=BT107139 1923724
.43 GQ02814_C19.2_clone=GQ02814_C19_cluster=GQ02814_C19_status=complete_gb=BT104734 5731699
.28 GQ02814_C19.2_clone=GQ02814_C19_cluster=GQ02814_C19_status=complete_gb=BT104734 5615267
.27 GQ02814_C19.2_clone=GQ02814_C19_cluster=GQ02814_C19_status=complete_gb=BT104734 5599520
.26 GQ02814_C19.2_clone=GQ02814_C19_cluster=GQ02814_C19_status=complete_gb=BT104734 1067429
.27 GQ02814_C19.2_clone=GQ02814_C19_cluster=GQ02814_C19_status=complete_gb=BT104734 2141226
.89 GQ04101_H24.1_clone=GQ04101_H24_cluster=GQ04101_H24_status=complete_gb=BT119106 5732293
.60 GQ03206_B11.1_clone=GQ03206_B11_cluster=GQ03206_B11_status=complete_gb=BT109222 5579242
.29 GQ03206_B11.1_clone=GQ03206_B11_cluster=GQ03206_B11_status=complete_gb=BT109222 1727767
.24 GQ03206_B11.1_clone=GQ03206_B11_cluster=GQ03206_B11_status=complete_gb=BT109222 1047573
.19 GQ03206_B11.1_clone=GQ03206_B11_cluster=GQ03206_B11_status=complete_gb=BT109222 1909612
.63 GQ02830_D11.2_clone=GQ02830_D11_cluster=GQ02830_D11_status=complete_gb=BT105927 5732419
.22 GQ02830_D11.2_clone=GQ02830_D11_cluster=GQ02830_D11_status=complete_gb=BT105927 2191123
.21 GQ02830_D11.2_clone=GQ02830_D11_cluster=GQ02830_D11_status=complete_gb=BT105927 1560667
.22 GQ02830_D11.2_clone=GQ02830_D11_cluster=GQ02830_D11_status=complete_gb=BT105927 1559379
.21 GQ02830_D11.2_clone=GQ02830_D11_cluster=GQ02830_D11_status=complete_gb=BT105927 1126004
.10 GQ03719_M22.1_clone=GQ03719_M22_cluster=GQ03719_M22_status=complete_gb=BT116497 5732630
.17 GQ03719_M22.1_clone=GQ03719_M22_cluster=GQ03719_M22_status=complete_gb=BT116497 5583027
.41 GQ03916_G13.3_clone=GQ03916_G13_cluster=GQ03916_G13_status=complete_gb=BT117905 5611664
.22 GQ03916_G13.3_clone=GQ03916_G13_cluster=GQ03916_G13_status=complete_gb=BT117905 421681
.22 GQ03916_G13.3_clone=GQ03916_G13_cluster=GQ03916_G13_status=complete_gb=BT117905 5603203
.34 GQ04109_G04.1_clone=GQ04109_G04_cluster=GQ04109_G04_status=complete_gb=BT119733 5582855
.86 GQ03213_E12.1_clone=GQ03213_E12_cluster=GQ03213_E12_status=complete_gb=BT109878 5732711
.74 GQ03216_N08.1_clone=GQ03216_N08_cluster=GQ03216_N08_status=complete_gb=BT110137 5732420
.57 GQ03106_L13.1_clone=GQ03106_L13_cluster=GQ03106_L13_status=complete_gb=BT107376 5584015
.29 GQ03708_K09.1_clone=GQ03708_K09_cluster=GQ03708_K09_status=complete_gb=BT115910 1702063
.37 GQ03708_K09.1_clone=GQ03708_K09_cluster=GQ03708_K09_status=complete_gb=BT115910 1118017
.33 GQ03313_E16.1_clone=GQ03313_E16_cluster=GQ03313_E16_status=complete_gb=BT112306 5579294
.33 GQ03313_E16.1_clone=GQ03313_E16_cluster=GQ03313_E16_status=complete_gb=BT112306 5606674
.44 GQ03313_E16.1_clone=GQ03313_E16_cluster=GQ03313_E16_status=complete_gb=BT112306 1680555
.11 GQ03313_E16.1_clone=GQ03313_E16_cluster=GQ03313_E16_status=complete_gb=BT112306 5710939
.18 GQ03707_P09.1_clone=GQ03707_P09_cluster=GQ03707_P09_status=complete_gb=BT115883 1449416
.72 GQ03707_P09.1_clone=GQ03707_P09_cluster=GQ03707_P09_status=complete_gb=BT115883 5732673
.44 GQ0167_E03.1_clone=GQ0167_E03_cluster=GQ0167_E03_status=complete_gb=BT102141 5583083
.22 GQ0167_E03.1_clone=GQ0167_E03_cluster=GQ0167_E03_status=complete_gb=BT102141 5585337
.31 WS0321_C18.1_clone=WS0321_C18_cluster=WS0321_C18_status=complete 5586648
.68 WS0321_C18.1_clone=WS0321_C18_cluster=WS0321_C18_status=complete 5578783
.46 GQ03208_E21.1_clone=GQ03208_E21_cluster=GQ03208_E21_status=complete_gb=BT109431 5732283
.14 GQ03208_E21.1_clone=GQ03208_E21_cluster=GQ03208_E21_status=complete_gb=BT109431 5732052
.21 GQ00612_F02.1_clone=GQ00612_F02_cluster=GQ00612_F02_status=complete_gb=BT100957 5588729
.61 GQ03912_I12.1_clone=GQ03912_I12_cluster=GQ03912_I12_status=complete_gb=BT117793 5585965
.29 GQ03912_I12.1_clone=GQ03912_I12_cluster=GQ03912_I12_status=complete_gb=BT117793 2199756
.20 GQ03912_I12.1_clone=GQ03912_I12_cluster=GQ03912_I12_status=complete_gb=BT117793 3006419
.14 GQ02819_P16.1_clone=GQ02819_P16_cluster=GQ02819_P16_status=complete_gb=BT105231 5581932
.47 GQ02819_P16.1_clone=GQ02819_P16_cluster=GQ02819_P16_status=complete_gb=BT105231 5581259
.19 GQ01307_A11.3_clone=GQ01307_A11_cluster=GQ01307_A11_status=complete_gb=BT101544 5732674
.31 GQ01307_A11.3_clone=GQ01307_A11_cluster=GQ01307_A11_status=complete_gb=BT101544 5732674
.62 GQ02802_N15.1_clone=GQ02802_N15_cluster=GQ02802_N15_status=complete_gb=BT103835 5732148
.19 GQ02802_N15.1_clone=GQ02802_N15_cluster=GQ02802_N15_status=complete_gb=BT103835 36003
.18 GQ02802_N15.1_clone=GQ02802_N15_cluster=GQ02802_N15_status=complete_gb=BT103835 718148
.07 GQ02802_N15.1_clone=GQ02802_N15_cluster=GQ02802_N15_status=complete_gb=BT103835 5589492
.02 GQ0074_G14.1_clone=GQ0074_G14_cluster=GQ0074_G14_status=complete_gb=BT101226 4361094
.79 GQ0074_G14.1_clone=GQ0074_G14_cluster=GQ0074_G14_status=complete_gb=BT101226 5732614
.13 GQ03107_D01.2_clone=GQ03107_D01_cluster=GQ03107_D01_status=complete_gb=BT107408 5581698
.27 GQ03107_D01.2_clone=GQ03107_D01_cluster=GQ03107_D01_status=complete_gb=BT107408 776099
.15 GQ03116_L02.1_clone=GQ03116_L02_cluster=GQ03116_L02_status=complete_gb=BT108087 5582118
.83 GQ03116_L02.1_clone=GQ03116_L02_cluster=GQ03116_L02_status=complete_gb=BT108087 5595053
.38 GQ03218_O22.1_clone=GQ03218_O22_cluster=GQ03218_O22_status=complete_gb=BT110263 2351177
.25 GQ03218_O22.1_clone=GQ03218_O22_cluster=GQ03218_O22_status=complete_gb=BT110263 2351175
.21 GQ03218_O22.1_clone=GQ03218_O22_cluster=GQ03218_O22_status=complete_gb=BT110263 5199214
.19 GQ03218_O22.1_clone=GQ03218_O22_cluster=GQ03218_O22_status=complete_gb=BT110263 3065937
.79 WS0322_P12.1_clone=WS0322_P12_cluster=WS0322_P12_status=complete 5589191
.36 GQ03008_F05.1_clone=GQ03008_F05_cluster=GQ03008_F05_status=complete_gb=BT106697 1173339
.36 GQ03008_F05.1_clone=GQ03008_F05_cluster=GQ03008_F05_status=complete_gb=BT106697 2246239
.24 GQ03008_F05.1_clone=GQ03008_F05_cluster=GQ03008_F05_status=complete_gb=BT106697 459671
.23 GQ03008_F05.1_clone=GQ03008_F05_cluster=GQ03008_F05_status=complete_gb=BT106697 1207590
.04 GQ03008_F05.1_clone=GQ03008_F05_cluster=GQ03008_F05_status=complete_gb=BT106697 5580581
.22 GQ03101_N16.2_clone=GQ03101_N16_cluster=GQ03101_N16_status=complete_gb=BT107022 5591426
.20 GQ03101_N16.2_clone=GQ03101_N16_cluster=GQ03101_N16_status=complete_gb=BT107022 1619640
.31 GQ03233_G04.1_clone=GQ03233_G04_cluster=GQ03233_G04_status=53 5732636
.27 GQ03233_G04.1_clone=GQ03233_G04_cluster=GQ03233_G04_status=53 844436
.13 GQ03717_F04.2_clone=GQ03717_F04_cluster=GQ03717_F04_status=complete_gb=BT116367 2908738
.63 GQ03717_F04.2_clone=GQ03717_F04_cluster=GQ03717_F04_status=complete_gb=BT116367 5582890
.17 GQ03319_H12.2_clone=GQ03319_H12_cluster=GQ03319_H12_status=complete_gb=BT112687 5593731
.14 GQ03319_H12.2_clone=GQ03319_H12_cluster=GQ03319_H12_status=complete_gb=BT112687 5581234
.14 GQ03319_H12.2_clone=GQ03319_H12_cluster=GQ03319_H12_status=complete_gb=BT112687 5589316
.79 GQ03404_B12.2_clone=GQ03404_B12_cluster=GQ03404_B12_status=complete_gb=BT113299 5732668
.85 GQ0184_F02.1_clone=GQ0184_F02_cluster=GQ0184_F02_status=complete_gb=BT102380 5732193
.14 GQ0184_F02.1_clone=GQ0184_F02_cluster=GQ0184_F02_status=complete_gb=BT102380 976746
.53 GQ0046_N15.1_clone=GQ0046_N15_cluster=GQ0046_N15_status=complete_gb=BT100838 5597308
.49 GQ0046_N15.1_clone=GQ0046_N15_cluster=GQ0046_N15_status=complete_gb=BT100838 5689272
.25 GQ0046_N15.1_clone=GQ0046_N15_cluster=GQ0046_N15_status=complete_gb=BT100838 5582167
.36 GQ03704_C16.1_clone=GQ03704_C16_cluster=GQ03704_C16_status=complete_gb=BT115674 5732648
.31 GQ03704_C16.1_clone=GQ03704_C16_cluster=GQ03704_C16_status=complete_gb=BT115674 5732648
.61 GQ01309_L20.3_clone=GQ01309_L20_cluster=GQ01309_L20_status=complete_gb=BT101652 1060414
.37 GQ01309_L20.3_clone=GQ01309_L20_cluster=GQ01309_L20_status=complete_gb=BT101652 5732648
.36 GQ03232_H17.1_clone=GQ03232_H17_cluster=GQ03232_H17_status=complete_gb=BT111085 5588928
.12 GQ03232_H17.1_clone=GQ03232_H17_cluster=GQ03232_H17_status=complete_gb=BT111085 892707
.31 GQ0193_D20.1_clone=GQ0193_D20_cluster=GQ0193_D20_status=complete_gb=BT102450 5592545
.40 GQ0193_D20.1_clone=GQ0193_D20_cluster=GQ0193_D20_status=complete_gb=BT102450 5732305
.96 GQ03806_B06.4_clone=GQ03806_B06_cluster=GQ03806_B06_status=complete_gb=BT116755 5732624
.60 GQ03414_K12.1_clone=GQ03414_K12_cluster=GQ03414_K12_status=complete_gb=BT113603 5582158
.39 GQ03414_K12.1_clone=GQ03414_K12_cluster=GQ03414_K12_status=complete_gb=BT113603 653441
.99 GQ03215_E05.1_clone=GQ03215_E05_cluster=GQ03215_E05_status=complete_gb=BT110045 5732525
.78 GQ03713_L14.1_clone=GQ03713_L14_cluster=GQ03713_L14_status=complete_gb=BT116209 5732720
.18 GQ04005_B18.1_clone=GQ04005_B18_cluster=GQ04005_B18_status=complete_gb=BT118324 3781892
.62 GQ04005_B18.1_clone=GQ04005_B18_cluster=GQ04005_B18_status=complete_gb=BT118324 5732485
.82 GQ03324_A05.2_clone=GQ03324_A05_cluster=GQ03324_A05_status=complete_gb=BT112996 5732265
.67 GQ03614_B09.1_clone=GQ03614_B09_cluster=GQ03614_B09_status=5 5732026
.72 GQ03409_J22.2_clone=GQ03409_J22_cluster=GQ03409_J22_status=complete_gb=BT113466 5732719
.15 GQ03409_J22.2_clone=GQ03409_J22_cluster=GQ03409_J22_status=complete_gb=BT113466 5631393
.15 GQ03409_J22.2_clone=GQ03409_J22_cluster=GQ03409_J22_status=complete_gb=BT113466 5640453
.23 GQ03102_N07.1_clone=GQ03102_N07_cluster=GQ03102_N07_status=complete_gb=BT107108 5732660
.14 GQ03102_N07.1_clone=GQ03102_N07_cluster=GQ03102_N07_status=complete_gb=BT107108 5603466
.43 GQ03817_G16.1_clone=GQ03817_G16_cluster=GQ03817_G16_status=complete_gb=BT117335 5732656
.30 GQ03817_G16.1_clone=GQ03817_G16_cluster=GQ03817_G16_status=complete_gb=BT117335 5732656
.32 GQ03406_H09.1_clone=GQ03406_H09_cluster=GQ03406_H09_status=complete_gb=BT113377 5732635
.15 GQ03406_H09.1_clone=GQ03406_H09_cluster=GQ03406_H09_status=complete_gb=BT113377 5732635
.53 GQ03119_H07.1_clone=GQ03119_H07_cluster=GQ03119_H07_status=complete_gb=BT108283 5732685
.13 GQ03119_H07.1_clone=GQ03119_H07_cluster=GQ03119_H07_status=complete_gb=BT108283 5732685
.66 GQ04007_J09.1_clone=GQ04007_J09_cluster=GQ04007_J09_status=complete_gb=BT118549 5732652
.14 GQ04007_J09.1_clone=GQ04007_J09_cluster=GQ04007_J09_status=complete_gb=BT118549 1862077
.64 GQ03212_C01.1_clone=GQ03212_C01_cluster=GQ03212_C01_status=complete_gb=BT109759 5732508
.18 GQ02813_K06.1_clone=GQ02813_K06_cluster=GQ02813_K06_status=complete_gb=BT104697 5633527
.12 GQ02813_K06.1_clone=GQ02813_K06_cluster=GQ02813_K06_status=complete_gb=BT104697 2857007
.78 GQ03810_M22.1_clone=GQ03810_M22_cluster=GQ03810_M22_status=complete_gb=BT116986 5636166
.71 GQ03806_I23.2_clone=GQ03806_I23_cluster=GQ03806_I23_status=complete_gb=BT116781 5731682
.59 GQ03210_A15.3_clone=GQ03210_A15_cluster=GQ03210_A15_status=53 5732492
.35 GQ03210_A15.3_clone=GQ03210_A15_cluster=GQ03210_A15_status=53 5732492
.47 GQ03608_D04.2_clone=GQ03608_D04_cluster=GQ03608_D04_status=complete_gb=BT115059 5732690
.16 GQ03608_D04.2_clone=GQ03608_D04_cluster=GQ03608_D04_status=complete_gb=BT115059 3540780
.45 GQ03233_I15.2_clone=GQ03233_I15_cluster=GQ03233_I15_status=53 5732280
.23 GQ03233_I15.2_clone=GQ03233_I15_cluster=GQ03233_I15_status=53 5667715
.42 GQ04001_D05.1_clone=GQ04001_D05_cluster=GQ04001_D05_status=complete_gb=BT118015 5732626
.27 GQ04001_D05.1_clone=GQ04001_D05_cluster=GQ04001_D05_status=complete_gb=BT118015 1081379
.19 GQ04001_D05.1_clone=GQ04001_D05_cluster=GQ04001_D05_status=complete_gb=BT118015 5598098
.31 GQ04001_D05.1_clone=GQ04001_D05_cluster=GQ04001_D05_status=complete_gb=BT118015 5732626
.41 GQ02819_E20.1_clone=GQ02819_E20_cluster=GQ02819_E20_status=complete_gb=BT105164 5617058
.41 GQ02819_E20.1_clone=GQ02819_E20_cluster=GQ02819_E20_status=complete_gb=BT105164 974057
.38 GQ02819_E20.1_clone=GQ02819_E20_cluster=GQ02819_E20_status=complete_gb=BT105164 5585014
.25 GQ02819_E20.1_clone=GQ02819_E20_cluster=GQ02819_E20_status=complete_gb=BT105164 5605032
.25 GQ03234_G22.1_clone=GQ03234_G22_cluster=GQ03234_G22_status=complete_gb=BT111216 5581109
.73 GQ03234_G22.1_clone=GQ03234_G22_cluster=GQ03234_G22_status=complete_gb=BT111216 5578461
.33 GQ02808_D19.1_clone=GQ02808_D19_cluster=GQ02808_D19_status=complete_gb=BT104248 5643497
.65 GQ02808_D19.1_clone=GQ02808_D19_cluster=GQ02808_D19_status=complete_gb=BT104248 1276560
.76 GQ03315_B17.1_clone=GQ03315_B17_cluster=GQ03315_B17_status=complete_gb=BT112425 5732631
.44 GQ0073_K06.2_clone=GQ0073_K06_cluster=GQ0073_K06_status=53 5592239
.35 GQ0073_K06.2_clone=GQ0073_K06_cluster=GQ0073_K06_status=53 5583821
.52 GQ03213_P20.1_clone=GQ03213_P20_cluster=GQ03213_P20_status=complete_gb=BT109938 5591773
.34 GQ02824_J22.1_clone=GQ02824_J22_cluster=GQ02824_J22_status=complete_gb=BT105574 2655551
.19 GQ02824_J22.1_clone=GQ02824_J22_cluster=GQ02824_J22_status=complete_gb=BT105574 2011799
.25 GQ04009_M14.1_clone=GQ04009_M14_cluster=GQ04009_M14_status=complete_gb=BT118744 5732650
.43 GQ03218_K13.1_clone=GQ03218_K13_cluster=GQ03218_K13_status=complete_gb=BT110244 5732384
.82 GQ03202_H09.1_clone=GQ03202_H09_cluster=GQ03202_H09_status=complete_gb=BT108911 5732622
.39 GQ02813_B07.1_clone=GQ02813_B07_cluster=GQ02813_B07_status=complete_gb=BT104652 5592392
.14 GQ03112_H06.1_clone=GQ03112_H06_cluster=GQ03112_H06_status=complete_gb=BT107762 5672148
.81 GQ03112_H06.1_clone=GQ03112_H06_cluster=GQ03112_H06_status=complete_gb=BT107762 5732700
.19 GQ03217_C17.1_clone=GQ03217_C17_cluster=GQ03217_C17_status=complete_gb=BT110154 2489778
.88 GQ03208_J05.1_clone=GQ03208_J05_cluster=GQ03208_J05_status=complete_gb=BT109450 5732664
.23 GQ03108_C12.2_clone=GQ03108_C12_cluster=GQ03108_C12_status=complete_gb=BT107484 5732646
.14 GQ03108_C12.2_clone=GQ03108_C12_cluster=GQ03108_C12_status=complete_gb=BT107484 5732646
.72 GQ03209_H20.1_clone=GQ03209_H20_cluster=GQ03209_H20_status=complete_gb=BT109522 5582033
.26 GQ03209_H20.1_clone=GQ03209_H20_cluster=GQ03209_H20_status=complete_gb=BT109522 5651895
.99 GQ0165_E23.1_clone=GQ0165_E23_cluster=GQ0165_E23_status=complete_gb=BT102058 5732619
.69 GQ0208_O21.1_clone=GQ0208_O21_cluster=GQ0208_O21_status=complete_gb=BT103227 5581013
.29 GQ0208_O21.1_clone=GQ0208_O21_cluster=GQ0208_O21_status=complete_gb=BT103227 625003
.32 GQ03705_E13.1_clone=GQ03705_E13_cluster=GQ03705_E13_status=complete_gb=BT115734 5732551
.25 GQ03705_E13.1_clone=GQ03705_E13_cluster=GQ03705_E13_status=complete_gb=BT115734 5620637
.09 GQ03107_N18.2_clone=GQ03107_N18_cluster=GQ03107_N18_status=complete_gb=BT107466 5580977
.85 GQ03107_N18.2_clone=GQ03107_N18_cluster=GQ03107_N18_status=complete_gb=BT107466 5732693
.57 GQ03315_I11.1_clone=GQ03315_I11_cluster=GQ03315_I11_status=complete_gb=BT112456 5579821
.39 GQ03125_K13.1_clone=GQ03125_K13_cluster=GQ03125_K13_status=complete_gb=BT108707 5732607
.23 GQ03125_K13.1_clone=GQ03125_K13_cluster=GQ03125_K13_status=complete_gb=BT108707 2490059
.32 GQ03916_L08.1_clone=GQ03916_L08_cluster=GQ03916_L08_status=complete_gb=BT117911 5588713
.12 GQ03916_L08.1_clone=GQ03916_L08_cluster=GQ03916_L08_status=complete_gb=BT117911 5657844
.69 GQ02829_I07.3_clone=GQ02829_I07_cluster=GQ02829_I07_status=complete_gb=BT105865 5732687
.08 GQ02829_I07.3_clone=GQ02829_I07_cluster=GQ02829_I07_status=complete_gb=BT105865 2592123
.31 GQ03322_P01.1_clone=GQ03322_P01_cluster=GQ03322_P01_status=complete_gb=BT112933 5588374
.48 GQ03322_P01.1_clone=GQ03322_P01_cluster=GQ03322_P01_status=complete_gb=BT112933 683405
.43 GQ03901_N10.1_clone=GQ03901_N10_cluster=GQ03901_N10_status=complete_gb=BT117508 5596182
.20 GQ03901_N10.1_clone=GQ03901_N10_cluster=GQ03901_N10_status=complete_gb=BT117508 2080640
.19 GQ0197_M23.1_clone=GQ0197_M23_cluster=GQ0197_M23_status=53 5623479
.67 GQ03716_M16.1_clone=GQ03716_M16_cluster=GQ03716_M16_status=complete_gb=BT116337 5732676
.62 GQ02902_K19.1_clone=GQ02902_K19_cluster=GQ02902_K19_status=complete_gb=BT106085 5645193
.76 GQ03213_E16.1_clone=GQ03213_E16_cluster=GQ03213_E16_status=complete_gb=BT109879 5732663
.06 GQ03213_E16.1_clone=GQ03213_E16_cluster=GQ03213_E16_status=complete_gb=BT109879 5590486
.54 GQ03609_L13.1_clone=GQ03609_L13_cluster=GQ03609_L13_status=complete_gb=BT115120 5732081
.29 WS0335_I01.1_clone=WS0335_I01_cluster=WS0335_I01_status=3 5584764
.19 WS0335_I01.1_clone=WS0335_I01_cluster=WS0335_I01_status=3 5721947
.30 GQ00410_K04.1_clone=GQ00410_K04_cluster=GQ00410_K04_status=53 5732649
.29 GQ03112_P08.1_clone=GQ03112_P08_cluster=GQ03112_P08_status=complete_gb=BT107812 610496
.21 GQ03112_P08.1_clone=GQ03112_P08_cluster=GQ03112_P08_status=complete_gb=BT107812 1120752
.63 GQ03304_C11.1_clone=GQ03304_C11_cluster=GQ03304_C11_status=complete_gb=BT111831 5732703
.20 GQ03304_C11.1_clone=GQ03304_C11_cluster=GQ03304_C11_status=complete_gb=BT111831 5597280
.40 GQ04013_C10.1_clone=GQ04013_C10_cluster=GQ04013_C10_status=complete_gb=BT118995 5612648
.37 GQ04013_C10.1_clone=GQ04013_C10_cluster=GQ04013_C10_status=complete_gb=BT118995 5629757
.38 GQ04012_K20.1_clone=GQ04012_K20_cluster=GQ04012_K20_status=complete_gb=BT118965 5732611
.22 GQ04012_K20.1_clone=GQ04012_K20_cluster=GQ04012_K20_status=complete_gb=BT118965 5732611
.18 GQ03003_L24.1_clone=GQ03003_L24_cluster=GQ03003_L24_status=complete_gb=BT106516 5610182
.80 GQ03003_L24.1_clone=GQ03003_L24_cluster=GQ03003_L24_status=complete_gb=BT106516 5584983
.93 GQ03115_I09.1_clone=GQ03115_I09_cluster=GQ03115_I09_status=complete_gb=BT107994 5732705
.14 GQ03712_I20.1_clone=GQ03712_I20_cluster=GQ03712_I20_status=complete_gb=BT116148 5629590
.60 GQ03712_I20.1_clone=GQ03712_I20_cluster=GQ03712_I20_status=complete_gb=BT116148 5595748
.14 GQ03619_E06.1_clone=GQ03619_E06_cluster=GQ03619_E06_status=complete_gb=BT115508 2934928
.74 GQ03619_E06.1_clone=GQ03619_E06_cluster=GQ03619_E06_status=complete_gb=BT115508 5598285
