.78 augustus_masked-168551676-processed-gene-0.10-mRNA-1 780213
.10 augustus_masked-168551676-processed-gene-0.10-mRNA-1 650043
.10 augustus_masked-168375748-processed-gene-0.0-mRNA-1 4187631
.89 augustus_masked-168375748-processed-gene-0.0-mRNA-1 4237644
.75 maker-168441700-snap-gene-0.58-mRNA-1 4186310
.80 augustus_masked-168474521-processed-gene-0.0-mRNA-1 4285880
.16 augustus_masked-168474521-processed-gene-0.0-mRNA-1 4199322
.53 maker-168338405-snap-gene-0.9-mRNA-1 4286060
.74 maker-167814414-snap-gene-0.21-mRNA-1 4286422
.20 maker-167814414-snap-gene-0.21-mRNA-1 596821
.57 maker-163477071-augustus-gene-0.4-mRNA-1 3484014
.37 maker-168532637-augustus-gene-0.21-mRNA-1 4286302
.25 maker-168532637-augustus-gene-0.21-mRNA-1 580804
.74 maker-168572977-augustus-gene-0.25-mRNA-1 4186790
.16 maker-168572977-augustus-gene-0.25-mRNA-1 4236831
.99 augustus_masked-168014532-processed-gene-0.3-mRNA-1 4249148
.99 maker-168556710-augustus-gene-0.48-mRNA-1 4286380
.83 maker-168445153-augustus-gene-0.24-mRNA-1 4286430
.11 maker-168239631-augustus-gene-0.66-mRNA-1 4209263
.88 maker-168239631-augustus-gene-0.66-mRNA-1 4286282
.43 maker-164382434-augustus-gene-0.1-mRNA-1 1251592
.30 maker-164382434-augustus-gene-0.1-mRNA-1 1699740
.66 maker-168186953-augustus-gene-0.98-mRNA-1 4188693
.14 maker-168186953-augustus-gene-0.98-mRNA-1 2549961
.99 maker-168535181-snap-gene-0.6-mRNA-1 4286145
.82 maker-168497028-augustus-gene-0.8-mRNA-1 4187838
.15 maker-168497028-augustus-gene-0.8-mRNA-1 672745
.15 maker-168497028-augustus-gene-0.8-mRNA-1 1928117
.11 maker-168497028-augustus-gene-0.8-mRNA-1 746086
.97 maker-168508334-snap-gene-0.29-mRNA-1 4285900
.59 augustus_masked-168491003-processed-gene-0.1-mRNA-1 4196304
.40 augustus_masked-168491003-processed-gene-0.1-mRNA-1 4243411
.80 maker-168420509-snap-gene-0.31-mRNA-1 4285867
.51 snap_masked-168363119-processed-gene-0.34-mRNA-1 4226381
.48 snap_masked-168363119-processed-gene-0.34-mRNA-1 4286148
.16 maker-168431761-snap-gene-0.5-mRNA-1 1076316
.67 maker-168431761-snap-gene-0.5-mRNA-1 996607
.43 maker-168348857-augustus-gene-0.81-mRNA-1 4286386
.26 maker-168348857-augustus-gene-0.81-mRNA-1 4286386
.31 snap_masked-168518580-processed-gene-0.14-mRNA-1 3667223
.36 maker-168453588-snap-gene-0.42-mRNA-1 1408300
.39 maker-168343337-augustus-gene-0.30-mRNA-1 4243900
.99 augustus_masked-167963811-processed-gene-0.5-mRNA-1 4286045
.68 maker-168276238-augustus-gene-0.52-mRNA-1 4286059
.11 maker-168276238-augustus-gene-0.52-mRNA-1 4191796
.08 maker-168276238-augustus-gene-0.52-mRNA-1 4235603
.07 maker-168276238-augustus-gene-0.52-mRNA-1 1444093
.07 maker-168276238-augustus-gene-0.52-mRNA-1 1361714
.11 maker-168071936-snap-gene-0.9-mRNA-1 3003153
.09 maker-168071936-snap-gene-0.9-mRNA-1 4193399
.12 maker-168071936-snap-gene-0.9-mRNA-1 4213842
.04 maker-168071936-snap-gene-0.9-mRNA-1 4286001
.15 maker-168252374-augustus-gene-0.12-mRNA-1 4194342
.57 maker-168252374-augustus-gene-0.12-mRNA-1 4286434
.39 maker-168432000-augustus-gene-0.12-mRNA-1 4286387
.35 maker-168432000-augustus-gene-0.12-mRNA-1 4286387
.99 maker-158721513-augustus-gene-0.4-mRNA-1 4286134
.22 maker-168185102-augustus-gene-0.105-mRNA-1 1120850
.71 maker-168185102-augustus-gene-0.105-mRNA-1 4285883
.88 genemark-164836809-processed-gene-0.0-mRNA-1 893436
.09 genemark-164836809-processed-gene-0.0-mRNA-1 4013111
.14 maker-168248501-augustus-gene-0.4-mRNA-1 730445
.84 maker-168248501-augustus-gene-0.4-mRNA-1 4286403
.23 augustus_masked-164034951-processed-gene-0.0-mRNA-1 892820
.61 augustus_masked-164034951-processed-gene-0.0-mRNA-1 644202
.49 augustus_masked-168495529-processed-gene-0.0-mRNA-1 4208736
.41 augustus_masked-168495529-processed-gene-0.0-mRNA-1 4249512
.37 augustus_masked-168495529-processed-gene-0.0-mRNA-1 4217141
.34 augustus_masked-168495529-processed-gene-0.0-mRNA-1 4204272
.31 augustus_masked-168495529-processed-gene-0.0-mRNA-1 1959281
.76 maker-168249329-snap-gene-0.17-mRNA-1 4286137
.14 maker-168249329-snap-gene-0.17-mRNA-1 4215096
.13 maker-168249329-snap-gene-0.17-mRNA-1 4212180
.07 maker-168249329-snap-gene-0.17-mRNA-1 1720088
.05 maker-168249329-snap-gene-0.17-mRNA-1 4212179
.16 augustus_masked-168500442-processed-gene-0.0-mRNA-1 4286060
.80 maker-168547765-snap-gene-0.102-mRNA-1 4286414
.77 maker-168342416-augustus-gene-0.22-mRNA-1 4286005
.22 maker-168342416-augustus-gene-0.22-mRNA-1 4286005
.45 augustus_masked-168227428-processed-gene-0.0-mRNA-1 121719
.53 augustus_masked-168227428-processed-gene-0.0-mRNA-1 4285925
.98 maker-165736603-augustus-gene-0.3-mRNA-1 4286401
.99 maker-168346859-snap-gene-0.44-mRNA-1 4286400
.80 maker-168434980-snap-gene-0.39-mRNA-1 4187004
.19 maker-168434980-snap-gene-0.39-mRNA-1 710259
.19 maker-168434980-snap-gene-0.39-mRNA-1 509139
.62 maker-168190218-snap-gene-0.73-mRNA-1 4285707
.21 maker-168190218-snap-gene-0.73-mRNA-1 1164987
.20 maker-168190218-snap-gene-0.73-mRNA-1 1890849
.20 maker-168190218-snap-gene-0.73-mRNA-1 1830227
.16 maker-168190218-snap-gene-0.73-mRNA-1 4281900
.05 augustus_masked-168575738-processed-gene-0.3-mRNA-1 4285919
.02 augustus_masked-168575738-processed-gene-0.3-mRNA-1 4285919
.43 maker-168538337-snap-gene-0.19-mRNA-1 4192477
.55 maker-168538337-snap-gene-0.19-mRNA-1 4285814
.99 maker-168280677-augustus-gene-1.61-mRNA-2 4286417
.30 maker-168564862-augustus-gene-0.69-mRNA-1 4189994
.38 maker-168564862-augustus-gene-0.69-mRNA-1 4189837
.23 augustus_masked-168325120-processed-gene-0.1-mRNA-1 1346467
.21 augustus_masked-168325120-processed-gene-0.1-mRNA-1 1624181
.20 augustus_masked-168325120-processed-gene-0.1-mRNA-1 4282137
.99 maker-168402968-augustus-gene-0.11-mRNA-1 4198081
.50 snap_masked-168504290-processed-gene-0.26-mRNA-1 2311452
.36 augustus_masked-164897006-processed-gene-0.0-mRNA-1 1083237
.63 augustus_masked-164897006-processed-gene-0.0-mRNA-1 4286106
.55 augustus_masked-168345183-processed-gene-0.0-mRNA-1 4286274
.99 augustus_masked-168574711-processed-gene-0.10-mRNA-1 4286050
.22 maker-161569031-snap-gene-0.5-mRNA-2 757538
.77 maker-161569031-snap-gene-0.5-mRNA-2 4190813
.24 maker-168270009-augustus-gene-0.83-mRNA-1 1571348
.16 maker-168270009-augustus-gene-0.83-mRNA-1 3518312
.09 maker-168270009-augustus-gene-0.83-mRNA-1 2099246
.41 genemark-168513542-processed-gene-0.11-mRNA-1 4199384
.40 genemark-168513542-processed-gene-0.11-mRNA-1 4197025
.47 maker-168454316-snap-gene-0.79-mRNA-1 4286393
.23 maker-168454316-snap-gene-0.79-mRNA-1 4187134
.41 maker-168232536-snap-gene-0.62-mRNA-1 4286216
.23 maker-166188736-augustus-gene-0.3-mRNA-1 1357197
.39 maker-168534149-snap-gene-0.17-mRNA-1 4227212
.14 maker-168534149-snap-gene-0.17-mRNA-1 3621370
.13 maker-168534149-snap-gene-0.17-mRNA-1 4148780
.22 maker-168534149-snap-gene-0.17-mRNA-1 1332584
.08 maker-168534149-snap-gene-0.17-mRNA-1 2315427
.78 augustus_masked-167838269-processed-gene-0.0-mRNA-1 4196018
.21 augustus_masked-167838269-processed-gene-0.0-mRNA-1 4189934
.63 snap_masked-168188010-processed-gene-0.40-mRNA-1 4190447
.61 maker-168399019-snap-gene-0.14-mRNA-1 4286178
.12 maker-168399019-snap-gene-0.14-mRNA-1 4286178
.05 maker-168399019-snap-gene-0.14-mRNA-1 4187644
.87 maker-168196442-snap-gene-0.40-mRNA-1 4286391
.98 maker-168086491-augustus-gene-0.11-mRNA-1 4286420
.12 maker-168185398-snap-gene-0.15-mRNA-1 4187398
.06 maker-168185398-snap-gene-0.15-mRNA-1 1531731
.06 maker-168185398-snap-gene-0.15-mRNA-1 842376
.06 maker-168185398-snap-gene-0.15-mRNA-1 1057518
.04 maker-168185398-snap-gene-0.15-mRNA-1 1057517
.39 augustus_masked-168398019-processed-gene-0.0-mRNA-1 1782696
.48 augustus_masked-168398019-processed-gene-0.0-mRNA-1 1540125
.08 augustus_masked-168209383-processed-gene-0.3-mRNA-1 2862181
.75 maker-168524700-snap-gene-0.32-mRNA-1 4286438
.16 maker-168524700-snap-gene-0.32-mRNA-1 4188127
.04 maker-168467741-augustus-gene-0.20-mRNA-1 4234613
.29 maker-168467741-augustus-gene-0.20-mRNA-1 4191399
.99 maker-168433671-augustus-gene-0.5-mRNA-1 4286416
.20 augustus_masked-168473428-processed-gene-0.2-mRNA-1 4187201
.52 augustus_masked-168473428-processed-gene-0.2-mRNA-1 4228644
.11 genemark-168389789-processed-gene-0.5-mRNA-1 4213972
.08 genemark-168389789-processed-gene-0.5-mRNA-1 1263285
.09 genemark-168389789-processed-gene-0.5-mRNA-1 4274120
.01 genemark-168389789-processed-gene-0.5-mRNA-1 1576913
.99 maker-168577122-augustus-gene-0.114-mRNA-1 4211951
.08 maker-168478852-snap-gene-0.45-mRNA-1 3450128
.85 maker-168478852-snap-gene-0.45-mRNA-1 4286357
.75 maker-168106989-snap-gene-0.44-mRNA-1 1723035
.64 maker-168106989-snap-gene-0.44-mRNA-1 4206194
.18 maker-168106989-snap-gene-0.44-mRNA-1 2949107
.37 snap_masked-168539016-processed-gene-0.93-mRNA-1 4253550
.99 maker-168184142-augustus-gene-0.117-mRNA-1 4186724
.55 augustus_masked-168169339-processed-gene-0.0-mRNA-1 4191252
.06 augustus_masked-168169339-processed-gene-0.0-mRNA-1 4199320
.06 augustus_masked-168169339-processed-gene-0.0-mRNA-1 1129299
.03 augustus_masked-168169339-processed-gene-0.0-mRNA-1 4191252
.13 maker-168525815-snap-gene-0.22-mRNA-1 3121923
.73 maker-168525815-snap-gene-0.22-mRNA-1 336969
.18 maker-168574247-snap-gene-0.50-mRNA-1 1557126
.75 maker-168574247-snap-gene-0.50-mRNA-1 4190898
.73 maker-167916781-augustus-gene-0.37-mRNA-3 4285919
.25 maker-167916781-augustus-gene-0.37-mRNA-3 725039
.25 maker-167916781-augustus-gene-0.37-mRNA-3 717231
.43 maker-168542515-augustus-gene-0.74-mRNA-1 4286202
.79 augustus_masked-168570117-processed-gene-0.2-mRNA-1 4286203
.38 augustus_masked-168570117-processed-gene-0.2-mRNA-1 4198655
.47 maker-168001505-snap-gene-0.7-mRNA-1 1610580
.18 maker-168001505-snap-gene-0.7-mRNA-1 1364472
.47 maker-168182271-augustus-gene-0.55-mRNA-2 4186595
.19 maker-168182271-augustus-gene-0.55-mRNA-2 4192200
.35 augustus_masked-166382614-processed-gene-0.1-mRNA-1 2495690
.92 maker-168484358-augustus-gene-0.24-mRNA-1 4286215
.43 snap_masked-168545072-processed-gene-0.55-mRNA-1 4190168
.36 snap_masked-168545072-processed-gene-0.55-mRNA-1 968140
.39 maker-168524607-snap-gene-0.26-mRNA-1 4286404
.03 maker-168524607-snap-gene-0.26-mRNA-1 4233214
.98 maker-167599018-augustus-gene-0.4-mRNA-1 4270363
.78 augustus_masked-168512964-processed-gene-0.17-mRNA-1 4286197
.16 augustus_masked-168512964-processed-gene-0.17-mRNA-1 650752
.99 maker-168132501-augustus-gene-0.91-mRNA-2 4286421
.25 maker-113106675-augustus-gene-0.4-mRNA-1 4192579
.73 maker-113106675-augustus-gene-0.4-mRNA-1 4192466
.73 augustus_masked-168206623-processed-gene-0.0-mRNA-1 2370622
.51 maker-165519928-augustus-gene-0.4-mRNA-1 4191819
.42 maker-165519928-augustus-gene-0.4-mRNA-1 4190098
.25 maker-168548836-augustus-gene-0.37-mRNA-1 4189945
.13 maker-168548836-augustus-gene-0.37-mRNA-1 4188408
.07 maker-168548836-augustus-gene-0.37-mRNA-1 1415883
.07 maker-168548836-augustus-gene-0.37-mRNA-1 506795
.34 genemark-168253234-processed-gene-0.0-mRNA-1 1234048
.29 genemark-168253234-processed-gene-0.0-mRNA-1 1234049
.29 genemark-168253234-processed-gene-0.0-mRNA-1 4199260
.49 genemark-168253234-processed-gene-0.0-mRNA-1 4264413
.19 genemark-168253234-processed-gene-0.0-mRNA-1 3641344
.69 maker-167021615-augustus-gene-0.5-mRNA-2 4189772
.21 maker-167021615-augustus-gene-0.5-mRNA-2 4194298
.11 maker-168433767-snap-gene-0.16-mRNA-1 1779459
.74 maker-168433767-snap-gene-0.16-mRNA-1 4286396
.53 augustus_masked-167798003-processed-gene-0.26-mRNA-1 2997249
.45 augustus_masked-167798003-processed-gene-0.26-mRNA-1 1451752
.64 maker-168288341-snap-gene-0.50-mRNA-1 4203472
.31 maker-168288341-snap-gene-0.50-mRNA-1 4286207
.27 maker-168254111-augustus-gene-0.7-mRNA-1 4285872
.12 maker-168254111-augustus-gene-0.7-mRNA-1 4217032
.05 maker-168254111-augustus-gene-0.7-mRNA-1 1852454
.07 maker-168254111-augustus-gene-0.7-mRNA-1 641809
.89 maker-168183226-augustus-gene-0.6-mRNA-1 4286311
.82 maker-168133153-augustus-gene-0.14-mRNA-1 4285959
.17 maker-168133153-augustus-gene-0.14-mRNA-1 4198886
.49 augustus_masked-168271849-processed-gene-0.2-mRNA-1 4187518
.29 augustus_masked-168271849-processed-gene-0.2-mRNA-1 182948
.63 maker-168375088-augustus-gene-0.65-mRNA-1 4208660
.99 maker-168282144-augustus-gene-0.10-mRNA-1 4286290
.99 maker-168367546-augustus-gene-0.16-mRNA-1 4286309
.56 maker-168356167-snap-gene-0.54-mRNA-1 4286139
.16 maker-168356167-snap-gene-0.54-mRNA-1 4190773
.15 maker-168356167-snap-gene-0.54-mRNA-1 4200551
.10 maker-168356167-snap-gene-0.54-mRNA-1 4190714
.13 maker-168504001-snap-gene-0.121-mRNA-1 910957
.76 maker-168504001-snap-gene-0.121-mRNA-1 4191716
.06 maker-168465861-augustus-gene-0.18-mRNA-1 4241453
.92 maker-168465861-augustus-gene-0.18-mRNA-1 4285913
.13 augustus_masked-168250515-processed-gene-0.9-mRNA-1 1303455
.10 augustus_masked-168250515-processed-gene-0.9-mRNA-1 1443876
.10 augustus_masked-168250515-processed-gene-0.9-mRNA-1 306024
.11 augustus_masked-168250515-processed-gene-0.9-mRNA-1 1363558
.08 augustus_masked-168250515-processed-gene-0.9-mRNA-1 2384238
.19 augustus_masked-162004748-processed-gene-0.0-mRNA-1 3776727
.14 augustus_masked-162004748-processed-gene-0.0-mRNA-1 4119139
.88 maker-168417179-augustus-gene-0.47-mRNA-1 4286384
.10 maker-168417179-augustus-gene-0.47-mRNA-1 4196450
.30 maker-167839077-augustus-gene-0.13-mRNA-1 4201640
.53 maker-167839077-augustus-gene-0.13-mRNA-1 4189559
.82 snap_masked-164600149-processed-gene-0.3-mRNA-1 4222297
.12 snap_masked-164600149-processed-gene-0.3-mRNA-1 3636949
.80 maker-168577297-augustus-gene-0.25-mRNA-1 4286405
.14 maker-168577297-augustus-gene-0.25-mRNA-1 1465172
.30 maker-168484802-augustus-gene-0.22-mRNA-1 721161
.43 maker-168484802-augustus-gene-0.22-mRNA-1 4194488
.98 maker-168447144-snap-gene-0.59-mRNA-1 114175
.66 genemark-167227786-processed-gene-0.1-mRNA-1 4199384
.17 maker-168570257-augustus-gene-0.15-mRNA-1 1328921
.69 maker-168570257-augustus-gene-0.15-mRNA-1 4193339
.69 genemark-168333515-processed-gene-0.3-mRNA-1 4286368
.08 genemark-168333515-processed-gene-0.3-mRNA-1 4189048
0 genemark-168333515-processed-gene-0.3-mRNA-1 4254261
.37 maker-167153577-snap-gene-0.5-mRNA-1 4189141
.45 maker-167153577-snap-gene-0.5-mRNA-1 4286035
.72 snap_masked-168253461-processed-gene-0.28-mRNA-1 4285702
.11 snap_masked-168253461-processed-gene-0.28-mRNA-1 4186674
.11 snap_masked-168253461-processed-gene-0.28-mRNA-1 583297
.04 maker-168234389-snap-gene-0.106-mRNA-1 4232210
.86 maker-168234389-snap-gene-0.106-mRNA-1 4286437
.14 maker-163340090-augustus-gene-0.3-mRNA-1 4197517
.66 maker-163340090-augustus-gene-0.3-mRNA-1 4196299
.48 augustus_masked-168577482-processed-gene-0.3-mRNA-1 4191046
.51 augustus_masked-168577482-processed-gene-0.3-mRNA-1 4285795
.79 maker-168187899-snap-gene-0.76-mRNA-1 4286127
.58 snap_masked-168389632-processed-gene-1.61-mRNA-1 2815775
.39 genemark-167853625-processed-gene-0.0-mRNA-1 4196822
.47 genemark-167853625-processed-gene-0.0-mRNA-1 1110437
.21 maker-164387041-snap-gene-0.3-mRNA-1 1410525
.29 maker-164387041-snap-gene-0.3-mRNA-1 1469196
.87 augustus_masked-168335786-processed-gene-1.2-mRNA-1 4286132
.09 augustus_masked-168335786-processed-gene-1.2-mRNA-1 2924306
.62 maker-168408837-augustus-gene-0.17-mRNA-1 4188309
.36 maker-168408837-augustus-gene-0.17-mRNA-1 4189497
.50 maker-168501395-augustus-gene-0.40-mRNA-1 4189055
.29 maker-168501395-augustus-gene-0.40-mRNA-1 4204109
.91 maker-168248967-snap-gene-0.36-mRNA-1 4286224
.05 maker-168248967-snap-gene-0.36-mRNA-1 672094
.75 genemark-168135365-processed-gene-0.7-mRNA-1 4187688
.21 genemark-168135365-processed-gene-0.7-mRNA-1 1469733
.18 snap_masked-168200367-processed-gene-0.6-mRNA-1 4190004
.71 snap_masked-168200367-processed-gene-0.6-mRNA-1 4191979
.63 maker-168575165-augustus-gene-0.77-mRNA-1 4286170
.29 maker-168575165-augustus-gene-0.77-mRNA-1 4188941
.29 maker-168371211-snap-gene-0.29-mRNA-1 4285845
.68 maker-168532312-augustus-gene-0.8-mRNA-1 4286293
.13 maker-168532312-augustus-gene-0.8-mRNA-1 4195959
.07 maker-168532312-augustus-gene-0.8-mRNA-1 4216051
.83 maker-168472946-augustus-gene-0.27-mRNA-1 4286288
.10 maker-168472946-augustus-gene-0.27-mRNA-1 4191449
.32 augustus_masked-167723657-processed-gene-0.1-mRNA-1 4194325
.33 augustus_masked-167723657-processed-gene-0.1-mRNA-1 4187173
.25 augustus_masked-167723657-processed-gene-0.1-mRNA-1 789840
.25 augustus_masked-167723657-processed-gene-0.1-mRNA-1 995282
.20 augustus_masked-167723657-processed-gene-0.1-mRNA-1 950938
.39 maker-168262655-augustus-gene-0.7-mRNA-1 4286412
.12 maker-168262655-augustus-gene-0.7-mRNA-1 4194076
.75 maker-161342189-augustus-gene-0.4-mRNA-2 4286431
.19 maker-161342189-augustus-gene-0.4-mRNA-2 1327707
.25 maker-168187682-snap-gene-0.36-mRNA-1 4188188
.31 maker-168187682-snap-gene-0.36-mRNA-1 4187909
.61 snap_masked-158642469-processed-gene-0.4-mRNA-1 4192873
.47 snap_masked-158642469-processed-gene-0.4-mRNA-1 4192858
.36 snap_masked-158642469-processed-gene-0.4-mRNA-1 4286061
.18 snap_masked-168541795-processed-gene-0.51-mRNA-1 1729609
.67 snap_masked-168541795-processed-gene-0.51-mRNA-1 1212858
.59 maker-168496631-augustus-gene-0.21-mRNA-1 4286428
.54 augustus_masked-168200046-processed-gene-0.0-mRNA-1 4286157
.32 augustus_masked-168200046-processed-gene-0.0-mRNA-1 623638
.69 augustus_masked-168438351-processed-gene-0.0-mRNA-1 4191608
.29 augustus_masked-168438351-processed-gene-0.0-mRNA-1 4197553
.28 augustus_masked-168438351-processed-gene-0.0-mRNA-1 825025
.37 maker-163708861-snap-gene-0.4-mRNA-1 1015331
.18 maker-163708861-snap-gene-0.4-mRNA-1 1712193
.14 snap_masked-168577548-processed-gene-0.68-mRNA-1 4195497
.28 snap_masked-168577548-processed-gene-0.68-mRNA-1 741134
.99 maker-168291211-snap-gene-0.39-mRNA-1 4286398
.66 augustus_masked-168293681-processed-gene-0.1-mRNA-1 4193489
.99 maker-167797000-augustus-gene-0.12-mRNA-1 4286310
.81 maker-168340917-snap-gene-0.57-mRNA-1 337964
.80 augustus_masked-168339538-processed-gene-0.2-mRNA-1 4210350
.19 augustus_masked-168339538-processed-gene-0.2-mRNA-1 1269362
.42 snap_masked-166163391-processed-gene-0.2-mRNA-1 1080896
.25 snap_masked-166163391-processed-gene-0.2-mRNA-1 3525833
.26 snap_masked-166163391-processed-gene-0.2-mRNA-1 3075401
.22 snap_masked-166163391-processed-gene-0.2-mRNA-1 2048955
.69 augustus_masked-168317733-processed-gene-0.11-mRNA-1 823329
.04 augustus_masked-168317733-processed-gene-0.11-mRNA-1 3748992
.68 maker-168222911-snap-gene-0.31-mRNA-1 4286062
.50 augustus_masked-168358337-processed-gene-0.4-mRNA-1 4286392
.15 augustus_masked-168358337-processed-gene-0.4-mRNA-1 4192846
.48 maker-168325750-snap-gene-0.32-mRNA-1 4286116
.12 maker-168325750-snap-gene-0.32-mRNA-1 2519954
.56 maker-168518237-augustus-gene-0.46-mRNA-1 4286097
.45 maker-168518237-augustus-gene-0.46-mRNA-1 657007
.13 maker-168518237-augustus-gene-0.46-mRNA-1 4195315
.15 maker-168548432-augustus-gene-0.52-mRNA-1 795294
.84 maker-168548432-augustus-gene-0.52-mRNA-1 4286034
.18 maker-168560005-augustus-gene-0.12-mRNA-1 827445
.75 maker-168560005-augustus-gene-0.12-mRNA-1 4285722
.51 maker-168533891-snap-gene-0.68-mRNA-1 4285770
.11 maker-168512853-snap-gene-1.110-mRNA-1 2013337
.86 maker-168512853-snap-gene-1.110-mRNA-1 4230538
.21 maker-168183880-augustus-gene-0.17-mRNA-1 4190442
.66 maker-168183880-augustus-gene-0.17-mRNA-1 4286399
.29 augustus_masked-168577406-processed-gene-0.0-mRNA-1 905044
.35 augustus_masked-168577406-processed-gene-0.0-mRNA-1 1257462
.41 maker-168571853-augustus-gene-0.47-mRNA-1 4286079
.79 snap_masked-168273113-processed-gene-0.22-mRNA-1 4187980
.13 snap_masked-168273113-processed-gene-0.22-mRNA-1 4207601
.85 snap_masked-168577470-processed-gene-1.122-mRNA-1 2467473
.34 augustus_masked-168567567-processed-gene-0.4-mRNA-1 986309
.40 augustus_masked-168567567-processed-gene-0.4-mRNA-1 1076014
.52 maker-168295199-augustus-gene-0.97-mRNA-1 4285632
.27 maker-168295199-augustus-gene-0.97-mRNA-1 4191072
.29 maker-168295199-augustus-gene-0.97-mRNA-1 922019
.19 maker-168186092-augustus-gene-0.15-mRNA-1 4286433
.23 maker-168186092-augustus-gene-0.15-mRNA-1 4286433
.18 maker-168186092-augustus-gene-0.15-mRNA-1 4286102
.66 augustus_masked-168351675-processed-gene-0.6-mRNA-1 4286200
.25 augustus_masked-168351675-processed-gene-0.6-mRNA-1 1320068
.14 augustus_masked-168351675-processed-gene-0.6-mRNA-1 900414
.14 augustus_masked-168351675-processed-gene-0.6-mRNA-1 3132677
.99 maker-168412827-augustus-gene-0.23-mRNA-1 4286304
.25 maker-165379355-snap-gene-0.4-mRNA-1 1344185
.23 maker-165379355-snap-gene-0.4-mRNA-1 485530
.71 maker-168421633-snap-gene-0.22-mRNA-1 4285985
.28 maker-168421633-snap-gene-0.22-mRNA-1 4192698
.36 maker-167742616-snap-gene-0.3-mRNA-1 4286408
.43 maker-167742616-snap-gene-0.3-mRNA-1 993406
.67 snap_masked-168479714-processed-gene-0.8-mRNA-1 4237547
.30 maker-161878723-augustus-gene-0.3-mRNA-1 4229718
.29 maker-161878723-augustus-gene-0.3-mRNA-1 4187067
.27 maker-161878723-augustus-gene-0.3-mRNA-1 4195246
.33 augustus_masked-165620466-processed-gene-0.0-mRNA-1 1292297
.34 augustus_masked-165620466-processed-gene-0.0-mRNA-1 1358618
.99 augustus_masked-168287020-processed-gene-0.5-mRNA-1 4265718
.11 augustus_masked-168239231-processed-gene-0.3-mRNA-1 1298502
.87 augustus_masked-168239231-processed-gene-0.3-mRNA-1 4190156
.35 maker-168183007-snap-gene-0.9-mRNA-1 4192878
.28 maker-168183007-snap-gene-0.9-mRNA-1 4263078
.16 augustus_masked-162451180-processed-gene-0.0-mRNA-1 1270318
.27 augustus_masked-162451180-processed-gene-0.0-mRNA-1 1315483
.50 genemark-162338917-processed-gene-0.1-mRNA-1 4196488
.49 genemark-162338917-processed-gene-0.1-mRNA-1 4240721
.92 maker-168549120-augustus-gene-0.25-mRNA-1 4286394
.76 maker-168340894-augustus-gene-0.5-mRNA-1 4286359
.12 maker-168340894-augustus-gene-0.5-mRNA-1 1358680
.30 augustus_masked-168577163-processed-gene-0.1-mRNA-1 1196231
.31 augustus_masked-168577163-processed-gene-0.1-mRNA-1 4188710
.31 augustus_masked-168577163-processed-gene-0.1-mRNA-1 4216402
.30 augustus_masked-168577163-processed-gene-0.1-mRNA-1 4285721
.31 augustus_masked-168577163-processed-gene-0.1-mRNA-1 419185
.32 genemark-165949157-processed-gene-0.0-mRNA-1 1390794
.33 genemark-165949157-processed-gene-0.0-mRNA-1 4245154
.99 maker-168227771-snap-gene-2.73-mRNA-1 4187301
.26 maker-168186924-augustus-gene-0.20-mRNA-1 3360129
.69 maker-168186924-augustus-gene-0.20-mRNA-1 4188166
.80 maker-168252781-augustus-gene-0.79-mRNA-1 4188262
.25 augustus_masked-167808834-processed-gene-0.11-mRNA-1 825637
.34 augustus_masked-167808834-processed-gene-0.11-mRNA-1 4198385
.43 maker-168189369-snap-gene-0.45-mRNA-1 4286006
.21 augustus_masked-168188747-processed-gene-0.8-mRNA-1 1292137
.78 augustus_masked-168188747-processed-gene-0.8-mRNA-1 4201387
.08 maker-168309056-augustus-gene-0.7-mRNA-1 1116359
.20 maker-168309056-augustus-gene-0.7-mRNA-1 4189942
.74 augustus_masked-168273031-processed-gene-0.1-mRNA-1 4188579
.19 augustus_masked-168273031-processed-gene-0.1-mRNA-1 4246908
.97 augustus_masked-161568158-processed-gene-0.0-mRNA-1 1280074
.60 augustus_masked-161568158-processed-gene-0.0-mRNA-1 1445617
.97 maker-168577077-snap-gene-0.16-mRNA-1 4286409
.76 maker-168183768-augustus-gene-0.29-mRNA-1 4286113
.12 maker-168183768-augustus-gene-0.29-mRNA-1 2076663
.11 maker-168183768-augustus-gene-0.29-mRNA-1 783139
.11 maker-168183768-augustus-gene-0.29-mRNA-1 2535543
.56 maker-168103144-augustus-gene-0.16-mRNA-1 4286284
.14 maker-168103144-augustus-gene-0.16-mRNA-1 4221191
.44 augustus_masked-168499806-processed-gene-0.1-mRNA-1 4286407
.21 augustus_masked-168499806-processed-gene-0.1-mRNA-1 4286407
.99 maker-165262243-snap-gene-0.4-mRNA-1 4187276
.99 maker-168231017-snap-gene-0.59-mRNA-1 4237030
.38 snap_masked-168247743-processed-gene-0.59-mRNA-1 4194285
.53 snap_masked-168247743-processed-gene-0.59-mRNA-1 4194286
.12 maker-168376499-snap-gene-0.75-mRNA-1 964118
.87 maker-168376499-snap-gene-0.75-mRNA-1 4286084
.98 maker-162734347-augustus-gene-0.1-mRNA-1 4286350
.83 maker-162734347-augustus-gene-0.1-mRNA-1 4187124
.83 maker-162734347-augustus-gene-0.1-mRNA-1 1566553
.83 maker-162734347-augustus-gene-0.1-mRNA-1 259452
.90 maker-162734347-augustus-gene-0.1-mRNA-1 4285687
.41 augustus_masked-168407345-processed-gene-0.0-mRNA-1 4285745
.17 augustus_masked-168407345-processed-gene-0.0-mRNA-1 619877
.34 augustus_masked-168402443-processed-gene-0.1-mRNA-1 349806
.31 augustus_masked-168402443-processed-gene-0.1-mRNA-1 474504
.28 augustus_masked-168402443-processed-gene-0.1-mRNA-1 1241372
.65 augustus_masked-168489161-processed-gene-0.1-mRNA-1 1476388
.12 augustus_masked-168489161-processed-gene-0.1-mRNA-1 1140190
.83 maker-168525274-snap-gene-0.9-mRNA-1 4286239
.16 maker-168525274-snap-gene-0.9-mRNA-1 4200034
.74 maker-168342540-augustus-gene-1.42-mRNA-1 4286149
.22 maker-168342540-augustus-gene-1.42-mRNA-1 4194350
.49 maker-168187617-augustus-gene-0.11-mRNA-1 4214605
.50 maker-168187617-augustus-gene-0.11-mRNA-1 4214605
.20 maker-168255804-augustus-gene-0.42-mRNA-1 4188542
.79 maker-168255804-augustus-gene-0.42-mRNA-1 4286295
.99 snap_masked-167836069-processed-gene-0.14-mRNA-1 4286296
.99 maker-168225046-augustus-gene-0.14-mRNA-1 4285847
.46 snap_masked-168204286-processed-gene-0.28-mRNA-1 4149336
.57 augustus_masked-168546755-processed-gene-0.0-mRNA-1 4285960
.32 augustus_masked-168546755-processed-gene-0.0-mRNA-1 1084479
.08 augustus_masked-168546755-processed-gene-0.0-mRNA-1 4285960
.37 maker-168187403-snap-gene-0.8-mRNA-1 4286397
.42 maker-168187403-snap-gene-0.8-mRNA-1 4286397
.84 maker-168532890-augustus-gene-0.20-mRNA-1 4286388
.77 maker-159430260-snap-gene-0.3-mRNA-1 4187841
.12 maker-159430260-snap-gene-0.3-mRNA-1 1957313
.98 snap_masked-165709965-processed-gene-0.2-mRNA-1 4286235
.31 maker-168189211-snap-gene-0.97-mRNA-3 4286415
.68 maker-168189211-snap-gene-0.97-mRNA-3 4286415
.18 maker-168187695-augustus-gene-0.13-mRNA-1 295832
.12 maker-168187695-augustus-gene-0.13-mRNA-1 4196206
.11 augustus_masked-163767771-processed-gene-0.1-mRNA-1 1543100
.88 augustus_masked-163767771-processed-gene-0.1-mRNA-1 597884
.88 augustus_masked-168548738-processed-gene-0.1-mRNA-1 4186567
.08 augustus_masked-168548738-processed-gene-0.1-mRNA-1 895615
.08 augustus_masked-168548738-processed-gene-0.1-mRNA-1 783651
.13 maker-168190496-augustus-gene-0.38-mRNA-1 3045742
.86 maker-168190496-augustus-gene-0.38-mRNA-1 306104
.99 maker-168564031-augustus-gene-0.38-mRNA-1 4286254
.77 maker-168550069-augustus-gene-0.7-mRNA-1 4286154
.99 augustus_masked-165423691-processed-gene-0.0-mRNA-1 4285843
.10 maker-168383835-snap-gene-0.19-mRNA-1 2012802
.86 maker-168383835-snap-gene-0.19-mRNA-1 4286424
.57 maker-167337143-snap-gene-0.5-mRNA-1 1008620
.35 maker-167337143-snap-gene-0.5-mRNA-1 4189408
.27 augustus_masked-168551645-processed-gene-0.0-mRNA-1 4188281
.49 augustus_masked-168551645-processed-gene-0.0-mRNA-1 4187061
.73 maker-168577032-augustus-gene-0.29-mRNA-1 4286130
.14 maker-168577032-augustus-gene-0.29-mRNA-1 4286131
.72 maker-168421562-augustus-gene-0.54-mRNA-1 4286432
.01 maker-166646145-augustus-gene-0.7-mRNA-1 4246974
.31 maker-166066774-augustus-gene-0.3-mRNA-1 4256572
.24 maker-166066774-augustus-gene-0.3-mRNA-1 1496273
.25 maker-166066774-augustus-gene-0.3-mRNA-1 4191500
.23 maker-166066774-augustus-gene-0.3-mRNA-1 4189212
.18 maker-166066774-augustus-gene-0.3-mRNA-1 4251933
.50 maker-168522089-augustus-gene-0.69-mRNA-1 205152
.29 maker-168274859-augustus-gene-0.43-mRNA-1 4263499
.20 maker-168274859-augustus-gene-0.43-mRNA-1 2519347
.13 augustus_masked-168430050-processed-gene-0.1-mRNA-1 4226976
.86 augustus_masked-168430050-processed-gene-0.1-mRNA-1 4207147
.99 snap_masked-168556295-processed-gene-0.48-mRNA-1 4286191
.73 maker-168183903-snap-gene-0.17-mRNA-1 4286227
.56 maker-168537663-augustus-gene-0.20-mRNA-1 4286218
.15 maker-168537663-augustus-gene-0.20-mRNA-1 928766
.15 maker-168537663-augustus-gene-0.20-mRNA-1 951613
.10 maker-168537663-augustus-gene-0.20-mRNA-1 2288901
.37 augustus_masked-168378654-processed-gene-0.22-mRNA-1 4286419
.11 augustus_masked-168378654-processed-gene-0.22-mRNA-1 298185
.10 augustus_masked-168378654-processed-gene-0.22-mRNA-1 1006050
.10 augustus_masked-168378654-processed-gene-0.22-mRNA-1 335191
.76 maker-168474166-augustus-gene-0.63-mRNA-1 4286279
.23 maker-168474166-augustus-gene-0.63-mRNA-1 1510438
.81 augustus_masked-168458867-processed-gene-1.3-mRNA-1 4186617
.94 augustus_masked-168183031-processed-gene-0.3-mRNA-1 4286427
.43 maker-168185718-snap-gene-0.58-mRNA-1 4190411
.15 maker-168185718-snap-gene-0.58-mRNA-1 1326146
.15 maker-168185718-snap-gene-0.58-mRNA-1 4202903
.10 maker-168185718-snap-gene-0.58-mRNA-1 1694205
.09 maker-168185718-snap-gene-0.58-mRNA-1 705971
.25 augustus_masked-167806651-processed-gene-0.0-mRNA-1 4224685
.55 augustus_masked-167806651-processed-gene-0.0-mRNA-1 4286128
.66 maker-168378863-augustus-gene-0.65-mRNA-1 4286276
.27 augustus_masked-168407284-processed-gene-0.9-mRNA-1 927115
.72 augustus_masked-168407284-processed-gene-0.9-mRNA-1 4286001
.38 augustus_masked-168283923-processed-gene-1.4-mRNA-1 4193677
.61 augustus_masked-168283923-processed-gene-1.4-mRNA-1 4192844
.12 maker-168459469-snap-gene-0.101-mRNA-1 4190938
.68 maker-168459469-snap-gene-0.101-mRNA-1 4190937
.85 maker-167800427-snap-gene-0.27-mRNA-1 4285876
.11 maker-167800427-snap-gene-0.27-mRNA-1 4221157
.11 maker-167800427-snap-gene-0.27-mRNA-1 4197025
.11 maker-167800427-snap-gene-0.27-mRNA-1 3400041
.10 maker-167800427-snap-gene-0.27-mRNA-1 4232713
.28 maker-168407861-augustus-gene-0.4-mRNA-1 1397564
.67 maker-168407861-augustus-gene-0.4-mRNA-1 4286389
.89 maker-167831340-augustus-gene-0.16-mRNA-1 4189555
.81 maker-167846079-snap-gene-0.13-mRNA-1 4186484
.44 maker-168149605-augustus-gene-0.4-mRNA-1 4186951
.33 maker-168149605-augustus-gene-0.4-mRNA-1 265952
.64 maker-168343367-augustus-gene-0.110-mRNA-1 4286429
.33 augustus_masked-168383578-processed-gene-0.4-mRNA-1 4286297
.66 augustus_masked-168383578-processed-gene-0.4-mRNA-1 4286297
.38 maker-168572379-augustus-gene-0.52-mRNA-1 1102378
.27 maker-168572379-augustus-gene-0.52-mRNA-1 1102378
.54 snap_masked-167885230-processed-gene-0.42-mRNA-1 1883593
.47 snap_masked-167885230-processed-gene-0.42-mRNA-1 4195663
.42 snap_masked-167885230-processed-gene-0.42-mRNA-1 1430014
.40 snap_masked-167885230-processed-gene-0.42-mRNA-1 913052
.44 snap_masked-167885230-processed-gene-0.42-mRNA-1 4190832
.89 maker-168509181-augustus-gene-0.105-mRNA-1 4286265
.10 maker-168509181-augustus-gene-0.105-mRNA-1 2101866
.63 maker-168188549-snap-gene-0.40-mRNA-1 4234859
.09 maker-168188549-snap-gene-0.40-mRNA-1 2561174
.26 augustus_masked-164747753-processed-gene-0.0-mRNA-1 4186356
.56 augustus_masked-164747753-processed-gene-0.0-mRNA-1 4230068
.87 maker-168415510-snap-gene-0.125-mRNA-1 4208234
.99 maker-168574279-augustus-gene-0.77-mRNA-1 4286390
.79 maker-168237148-augustus-gene-0.12-mRNA-1 4286126
.20 maker-168237148-augustus-gene-0.12-mRNA-1 4190129
.99 augustus_masked-166956473-processed-gene-0.0-mRNA-1 4285861
.89 maker-168478574-snap-gene-0.24-mRNA-1 4203236
.31 maker-168465584-augustus-gene-0.24-mRNA-1 1899524
.64 maker-168465584-augustus-gene-0.24-mRNA-1 4207051
.21 augustus_masked-168557469-processed-gene-0.2-mRNA-1 4198081
.13 augustus_masked-168557469-processed-gene-0.2-mRNA-1 4198081
.01 augustus_masked-168557469-processed-gene-0.2-mRNA-1 4286407
.17 augustus_masked-168576985-processed-gene-0.5-mRNA-1 442968
.07 augustus_masked-168576985-processed-gene-0.5-mRNA-1 4187978
.23 maker-168572153-augustus-gene-0.30-mRNA-1 814089
.71 maker-168572153-augustus-gene-0.30-mRNA-1 4286103
.47 maker-168461125-augustus-gene-0.12-mRNA-1 4285752
.27 maker-168461125-augustus-gene-0.12-mRNA-1 4192107
.15 maker-168461125-augustus-gene-0.12-mRNA-1 741346
.07 maker-168461125-augustus-gene-0.12-mRNA-1 4193082
.64 augustus_masked-168519563-processed-gene-0.1-mRNA-1 4194312
.32 augustus_masked-168519563-processed-gene-0.1-mRNA-1 4192072
.22 augustus_masked-168519563-processed-gene-0.1-mRNA-1 4198203
.83 maker-168573168-augustus-gene-0.36-mRNA-1 4285820
.85 augustus_masked-168349276-processed-gene-0.3-mRNA-1 4196044
.04 augustus_masked-168349276-processed-gene-0.3-mRNA-1 3875882
.03 augustus_masked-168349276-processed-gene-0.3-mRNA-1 3673362
.02 augustus_masked-168349276-processed-gene-0.3-mRNA-1 3099737
.02 augustus_masked-168349276-processed-gene-0.3-mRNA-1 3887475
.15 maker-168546643-augustus-gene-0.15-mRNA-1 4196206
.15 maker-168546643-augustus-gene-0.15-mRNA-1 722675
.99 snap_masked-168547058-processed-gene-0.69-mRNA-1 1251871
.75 maker-168200084-augustus-gene-0.33-mRNA-1 4286435
.55 augustus_masked-168549604-processed-gene-1.52-mRNA-1 4286118
.37 snap_masked-168452979-processed-gene-0.4-mRNA-1 668585
.26 snap_masked-168452979-processed-gene-0.4-mRNA-1 4193474
.85 snap_masked-168518317-processed-gene-0.29-mRNA-1 1350620
.86 maker-168566120-augustus-gene-0.23-mRNA-1 4286365
.09 maker-168566120-augustus-gene-0.23-mRNA-1 4193779
.08 maker-168566120-augustus-gene-0.23-mRNA-1 1152508
.08 maker-168566120-augustus-gene-0.23-mRNA-1 783853
.08 maker-168566120-augustus-gene-0.23-mRNA-1 1092047
.01 augustus_masked-167797148-processed-gene-0.0-mRNA-1 1057060
.01 augustus_masked-167797148-processed-gene-0.0-mRNA-1 4188305
.07 augustus_masked-167797148-processed-gene-0.0-mRNA-1 4188305
.77 maker-168287516-augustus-gene-0.51-mRNA-1 4286402
.81 maker-168569336-snap-gene-0.91-mRNA-1 4190303
.67 augustus_masked-168574555-processed-gene-0.3-mRNA-1 4240129
.16 augustus_masked-168574555-processed-gene-0.3-mRNA-1 2090059
.14 augustus_masked-168574555-processed-gene-0.3-mRNA-1 1752750
.19 maker-167884457-augustus-gene-0.19-mRNA-1 947470
.55 maker-167884457-augustus-gene-0.19-mRNA-1 4186944
.45 augustus_masked-168559289-processed-gene-0.5-mRNA-1 1455963
.53 augustus_masked-168559289-processed-gene-0.5-mRNA-1 3174299
.70 maker-168561839-snap-gene-0.104-mRNA-1 4286143
.35 maker-168570159-snap-gene-0.69-mRNA-1 4189331
.28 maker-168570159-snap-gene-0.69-mRNA-1 1552132
.19 maker-168577267-snap-gene-0.43-mRNA-1 4286303
.76 maker-168577267-snap-gene-0.43-mRNA-1 4286303
.25 maker-168568355-snap-gene-0.44-mRNA-1 4286205
.62 maker-168182666-augustus-gene-0.23-mRNA-1 4229481
.37 maker-168182666-augustus-gene-0.23-mRNA-1 4186276
.27 maker-168577239-snap-gene-2.84-mRNA-1 4221757
.64 maker-168577239-snap-gene-2.84-mRNA-1 4285978
.69 maker-168441811-augustus-gene-0.59-mRNA-2 4286423
.49 genemark-168323621-processed-gene-0.20-mRNA-1 4192794
.14 genemark-168323621-processed-gene-0.20-mRNA-1 1306813
.69 maker-168544337-snap-gene-0.64-mRNA-1 4286410
.98 genemark-168561940-processed-gene-0.2-mRNA-1 4285808
.22 snap_masked-168571476-processed-gene-0.14-mRNA-1 4197853
.59 snap_masked-168571476-processed-gene-0.14-mRNA-1 4286078
.14 maker-161430509-augustus-gene-0.3-mRNA-1 4206244
.81 maker-161430509-augustus-gene-0.3-mRNA-1 4285772
.27 maker-168198886-augustus-gene-0.9-mRNA-1 4212137
.27 maker-168198886-augustus-gene-0.9-mRNA-1 4248378
.26 maker-168198886-augustus-gene-0.9-mRNA-1 1862830
.16 maker-168198886-augustus-gene-0.9-mRNA-1 2356683
.16 maker-168198886-augustus-gene-0.9-mRNA-1 4237981
.44 augustus_masked-168577235-processed-gene-0.0-mRNA-1 4286411
.76 maker-168417574-snap-gene-0.74-mRNA-1 4286308
.17 maker-168417574-snap-gene-0.74-mRNA-1 4187988
.57 augustus_masked-168314292-processed-gene-0.0-mRNA-1 533417
.42 augustus_masked-168314292-processed-gene-0.0-mRNA-1 894964
.20 genemark-168547395-processed-gene-0.2-mRNA-1 465688
.39 maker-168203955-snap-gene-0.25-mRNA-1 4187416
.33 maker-168203955-snap-gene-0.25-mRNA-1 4206418
.17 maker-168203955-snap-gene-0.25-mRNA-1 976919
.70 augustus_masked-167843768-processed-gene-0.1-mRNA-1 595628
.29 augustus_masked-167843768-processed-gene-0.1-mRNA-1 965030
.42 maker-168543095-augustus-gene-0.44-mRNA-1 4192655
.50 maker-168543095-augustus-gene-0.44-mRNA-1 1280243
.19 augustus_masked-168559742-processed-gene-0.12-mRNA-1 4200296
.80 augustus_masked-168559742-processed-gene-0.12-mRNA-1 4200295
.56 maker-168189459-augustus-gene-0.31-mRNA-1 4186911
.63 snap_masked-168576841-processed-gene-0.110-mRNA-1 4187327
.35 snap_masked-168576841-processed-gene-0.110-mRNA-1 4188715
.49 maker-167824498-snap-gene-0.12-mRNA-1 4191199
.49 maker-167824498-snap-gene-0.12-mRNA-1 4189104
.25 maker-167824498-snap-gene-0.12-mRNA-1 596729
.49 augustus_masked-168486697-processed-gene-0.0-mRNA-1 4285690
.18 augustus_masked-168486697-processed-gene-0.0-mRNA-1 4192044
.96 maker-168186639-augustus-gene-0.34-mRNA-1 4286426
.01 maker-168186639-augustus-gene-0.34-mRNA-1 1720774
.13 augustus_masked-168320118-processed-gene-0.3-mRNA-1 4243342
.16 maker-168239819-augustus-gene-0.16-mRNA-1 4189869
.10 maker-168239819-augustus-gene-0.16-mRNA-1 4229258
.99 maker-168574599-snap-gene-0.73-mRNA-1 4286184
.99 maker-168187600-augustus-gene-0.72-mRNA-1 4286436
.31 augustus_masked-168318940-processed-gene-0.4-mRNA-1 4191962
.68 augustus_masked-168318940-processed-gene-0.4-mRNA-1 4195099
.53 snap_masked-166556167-processed-gene-0.2-mRNA-1 2278906
.84 snap_masked-166556167-processed-gene-0.2-mRNA-1 4210809
.61 snap_masked-166556167-processed-gene-0.2-mRNA-1 4204574
.21 snap_masked-166556167-processed-gene-0.2-mRNA-1 1384103
.20 snap_masked-166556167-processed-gene-0.2-mRNA-1 3739571
.99 maker-168188215-augustus-gene-0.99-mRNA-1 4286028
.74 maker-168280189-augustus-gene-0.27-mRNA-1 4286292
.25 maker-168280189-augustus-gene-0.27-mRNA-1 4286292
.25 augustus_masked-167820540-processed-gene-1.64-mRNA-1 4190384
.74 augustus_masked-167820540-processed-gene-1.64-mRNA-1 4187145
.10 augustus_masked-168560233-processed-gene-0.6-mRNA-1 193044
.89 augustus_masked-168560233-processed-gene-0.6-mRNA-1 4286418
.08 augustus_masked-168428537-processed-gene-0.1-mRNA-1 3667223
.60 augustus_masked-168428537-processed-gene-0.1-mRNA-1 4263260
.64 genemark-162472283-processed-gene-0.0-mRNA-1 4211452
.35 genemark-162472283-processed-gene-0.0-mRNA-1 3577256
.79 maker-168371039-augustus-gene-3.86-mRNA-1 4286425
.11 maker-168371039-augustus-gene-3.86-mRNA-1 1543467
.27 augustus_masked-168332106-processed-gene-0.16-mRNA-1 937722
.20 augustus_masked-168332106-processed-gene-0.16-mRNA-1 4188602
.53 augustus_masked-168439832-processed-gene-0.0-mRNA-1 4190350
.30 augustus_masked-168439832-processed-gene-0.0-mRNA-1 4207587
.21 augustus_masked-168439832-processed-gene-0.0-mRNA-1 4238929
.09 augustus_masked-168439832-processed-gene-0.0-mRNA-1 4188424
.39 genemark-168462333-processed-gene-0.1-mRNA-1 4199260
.36 genemark-168462333-processed-gene-0.1-mRNA-1 1234048
.26 maker-167826735-snap-gene-0.11-mRNA-1 4201532
.26 maker-167826735-snap-gene-0.11-mRNA-1 1521049
.22 maker-167826735-snap-gene-0.11-mRNA-1 4187392
.09 maker-167826735-snap-gene-0.11-mRNA-1 1182643
.21 maker-168464573-snap-gene-0.106-mRNA-1 4203018
.15 maker-168464573-snap-gene-0.106-mRNA-1 4194372
.37 maker-168004132-snap-gene-0.12-mRNA-1 4192602
.24 maker-168004132-snap-gene-0.12-mRNA-1 554959
.48 snap_masked-167810776-processed-gene-0.4-mRNA-1 1098839
.23 snap_masked-167810776-processed-gene-0.4-mRNA-1 2146108
.46 snap_masked-164666445-processed-gene-0.2-mRNA-1 4215734
.24 snap_masked-164666445-processed-gene-0.2-mRNA-1 1457998
.20 maker-166473144-augustus-gene-0.4-mRNA-1 891307
.19 maker-166473144-augustus-gene-0.4-mRNA-1 891311
.16 maker-166473144-augustus-gene-0.4-mRNA-1 4214464
.15 maker-166473144-augustus-gene-0.4-mRNA-1 4215976
.77 maker-168306021-augustus-gene-0.7-mRNA-2 4186471
.12 maker-168306021-augustus-gene-0.7-mRNA-2 558788
.79 augustus_masked-162588525-processed-gene-0.0-mRNA-1 1226931
.20 augustus_masked-162588525-processed-gene-0.0-mRNA-1 4195403
.72 snap_masked-168361743-processed-gene-0.84-mRNA-1 4189644
.18 snap_masked-168361743-processed-gene-0.84-mRNA-1 1201233
.26 augustus_masked-167064211-processed-gene-0.0-mRNA-1 4187815
.43 augustus_masked-167064211-processed-gene-0.0-mRNA-1 422567
.78 maker-161703515-snap-gene-0.4-mRNA-1 4195416
.20 maker-161703515-snap-gene-0.4-mRNA-1 1141959
.89 augustus_masked-158519480-processed-gene-0.0-mRNA-1 4186812
.10 augustus_masked-158519480-processed-gene-0.0-mRNA-1 1628189
.13 snap_masked-167945410-processed-gene-0.34-mRNA-1 2117288
.84 snap_masked-167945410-processed-gene-0.34-mRNA-1 4286228
.61 maker-167839836-snap-gene-0.27-mRNA-1 4286354
.38 maker-167839836-snap-gene-0.27-mRNA-1 4197323
.32 maker-168185999-snap-gene-0.65-mRNA-1 4189952
.19 maker-168185999-snap-gene-0.65-mRNA-1 4190280
.11 genemark-168568391-processed-gene-0.36-mRNA-1 1196052
.11 genemark-168568391-processed-gene-0.36-mRNA-1 4215112
.08 genemark-168568391-processed-gene-0.36-mRNA-1 1567234
.47 genemark-168502275-processed-gene-0.3-mRNA-1 4196991
.22 genemark-168502275-processed-gene-0.3-mRNA-1 4227561
.83 augustus_masked-168249694-processed-gene-0.8-mRNA-1 4286206
.90 maker-166108455-augustus-gene-0.5-mRNA-1 4286395
.09 maker-166108455-augustus-gene-0.5-mRNA-1 390652
.99 maker-168564204-augustus-gene-0.29-mRNA-1 4286281
.38 snap_masked-168576936-processed-gene-0.23-mRNA-1 4192970
.61 snap_masked-168576936-processed-gene-0.23-mRNA-1 4192971
.99 augustus_masked-164537063-processed-gene-0.0-mRNA-1 4286060
.12 snap_masked-164657658-processed-gene-0.2-mRNA-1 1344350
.47 snap_masked-164657658-processed-gene-0.2-mRNA-1 4286219
.23 maker-168330708-augustus-gene-0.7-mRNA-1 4187948
.18 maker-168330708-augustus-gene-0.7-mRNA-1 4189121
.11 maker-168330708-augustus-gene-0.7-mRNA-1 4192908
.10 maker-168330708-augustus-gene-0.7-mRNA-1 4207791
.39 maker-168446659-augustus-gene-0.43-mRNA-1 4205288
.35 maker-168446659-augustus-gene-0.43-mRNA-1 826269
.40 maker-168446659-augustus-gene-0.43-mRNA-1 4213759
.37 maker-168446659-augustus-gene-0.43-mRNA-1 126208
.35 maker-168446659-augustus-gene-0.43-mRNA-1 4205186
