.14 maker-168323762-augustus-gene-0.22-mRNA-1 3679279
.77 maker-168323762-augustus-gene-0.22-mRNA-1 3758293
.42 snap_masked-168367627-processed-gene-0.13-mRNA-1 2261936
.50 snap_masked-168367627-processed-gene-0.13-mRNA-1 1492160
.27 augustus_masked-168566423-processed-gene-0.10-mRNA-1 3672058
.01 augustus_masked-168566423-processed-gene-0.10-mRNA-1 3681142
.01 augustus_masked-168566423-processed-gene-0.10-mRNA-1 3673999
.01 augustus_masked-168566423-processed-gene-0.10-mRNA-1 3677413
.22 maker-168285547-augustus-gene-0.45-mRNA-1 3672424
.16 maker-168285547-augustus-gene-0.45-mRNA-1 718241
.15 maker-168285547-augustus-gene-0.45-mRNA-1 945097
.34 augustus_masked-168539129-processed-gene-0.0-mRNA-1 1955828
.24 maker-168438990-snap-gene-0.53-mRNA-1 3758499
.24 maker-168438990-snap-gene-0.53-mRNA-1 3758074
.33 maker-168438990-snap-gene-0.53-mRNA-1 3758499
.29 maker-165664603-augustus-gene-0.3-mRNA-1 3679271
.54 maker-165664603-augustus-gene-0.3-mRNA-1 3758291
.37 maker-167841348-augustus-gene-0.96-mRNA-1 3688020
.36 maker-167841348-augustus-gene-0.96-mRNA-1 3758189
.52 snap_masked-167431122-processed-gene-0.2-mRNA-1 3245339
.47 snap_masked-168567844-processed-gene-0.67-mRNA-1 3758462
.21 snap_masked-168567844-processed-gene-0.67-mRNA-1 1305105
.13 snap_masked-168567844-processed-gene-0.67-mRNA-1 800826
.12 snap_masked-168567844-processed-gene-0.67-mRNA-1 1698246
.12 snap_masked-168567844-processed-gene-0.67-mRNA-1 1317768
.27 augustus_masked-162442548-processed-gene-0.0-mRNA-1 3688654
.51 augustus_masked-162442548-processed-gene-0.0-mRNA-1 3672791
.86 augustus_masked-168330649-processed-gene-0.13-mRNA-1 3758434
.04 augustus_masked-168330649-processed-gene-0.13-mRNA-1 2980712
.44 snap_masked-168312317-processed-gene-0.15-mRNA-1 3716453
.54 maker-168559804-snap-gene-0.26-mRNA-1 3758468
.45 maker-168559804-snap-gene-0.26-mRNA-1 3758468
.22 maker-168574494-augustus-gene-2.68-mRNA-1 1070383
.33 maker-168574494-augustus-gene-2.68-mRNA-1 526271
.52 maker-168519505-augustus-gene-0.10-mRNA-1 3758477
.22 maker-168519505-augustus-gene-0.10-mRNA-1 3758477
.34 augustus_masked-168193385-processed-gene-0.0-mRNA-1 3758268
.65 augustus_masked-168193385-processed-gene-0.0-mRNA-1 3672621
.78 augustus_masked-168266096-processed-gene-0.2-mRNA-1 3679209
.76 augustus_masked-160376245-processed-gene-0.0-mRNA-1 3689561
.19 augustus_masked-160376245-processed-gene-0.0-mRNA-1 3688329
.69 augustus_masked-168502990-processed-gene-0.2-mRNA-1 3758457
.19 augustus_masked-168502990-processed-gene-0.2-mRNA-1 1586601
.44 maker-168206297-snap-gene-0.47-mRNA-1 3758371
.39 maker-168206297-snap-gene-0.47-mRNA-1 3758276
.39 maker-168206297-snap-gene-0.47-mRNA-1 3758277
.39 maker-168206297-snap-gene-0.47-mRNA-1 3758278
.25 maker-168206297-snap-gene-0.47-mRNA-1 3685432
.18 maker-168458578-augustus-gene-0.22-mRNA-1 3675037
.27 maker-168458578-augustus-gene-0.22-mRNA-1 647014
.94 maker-168563521-snap-gene-0.27-mRNA-1 3758497
.02 maker-168563521-snap-gene-0.27-mRNA-1 3758497
.31 augustus_masked-168554258-processed-gene-0.2-mRNA-1 3673636
.66 augustus_masked-168554258-processed-gene-0.2-mRNA-1 3758245
.43 snap_masked-168187158-processed-gene-0.13-mRNA-1 2366324
.34 snap_masked-168187158-processed-gene-0.13-mRNA-1 2577977
.46 maker-168547101-augustus-gene-0.22-mRNA-1 3758354
.38 maker-168547101-augustus-gene-0.22-mRNA-1 559451
.25 augustus_masked-168422897-processed-gene-0.3-mRNA-1 1351631
.37 maker-168417513-snap-gene-0.25-mRNA-1 3675593
.24 maker-168417513-snap-gene-0.25-mRNA-1 1204975
.20 maker-168417513-snap-gene-0.25-mRNA-1 3392380
.49 maker-167243602-snap-gene-0.7-mRNA-1 3758197
.72 maker-168264348-augustus-gene-0.18-mRNA-1 3720959
.24 maker-168264348-augustus-gene-0.18-mRNA-1 3672334
.49 maker-168568719-augustus-gene-1.80-mRNA-1 3758385
.26 maker-168568719-augustus-gene-1.80-mRNA-1 3685038
.31 maker-168540564-augustus-gene-0.56-mRNA-1 3676402
.32 maker-168271428-augustus-gene-0.29-mRNA-1 3676336
.26 maker-168271428-augustus-gene-0.29-mRNA-1 652109
.36 maker-168532651-snap-gene-0.17-mRNA-1 841526
.26 maker-168532651-snap-gene-0.17-mRNA-1 1202144
.26 maker-168532651-snap-gene-0.17-mRNA-1 3734770
.26 maker-168532651-snap-gene-0.17-mRNA-1 1208365
.25 maker-168532651-snap-gene-0.17-mRNA-1 3112835
.23 maker-168275195-augustus-gene-0.33-mRNA-1 3740967
.16 maker-168275195-augustus-gene-0.33-mRNA-1 1026992
.70 maker-165399557-snap-gene-0.3-mRNA-1 207968
.51 augustus_masked-168482574-processed-gene-0.0-mRNA-1 3758261
.22 augustus_masked-168482574-processed-gene-0.0-mRNA-1 3678876
.32 genemark-168520568-processed-gene-0.4-mRNA-1 1225404
.18 genemark-168520568-processed-gene-0.4-mRNA-1 3095015
.14 snap_masked-168185537-processed-gene-0.5-mRNA-1 585072
.35 snap_masked-168185537-processed-gene-0.5-mRNA-1 3758380
.61 augustus_masked-168502987-processed-gene-0.7-mRNA-1 3673964
.71 genemark-168512774-processed-gene-0.22-mRNA-1 3679057
.39 genemark-168512774-processed-gene-0.22-mRNA-1 3737865
.99 maker-168249909-augustus-gene-0.45-mRNA-1 3758490
.31 maker-168186737-augustus-gene-0.25-mRNA-1 3682670
.67 maker-168186737-augustus-gene-0.25-mRNA-1 3758420
.11 augustus_masked-65520929-processed-gene-0.0-mRNA-1 1393662
.88 augustus_masked-65520929-processed-gene-0.0-mRNA-1 3673990
.41 maker-167800852-snap-gene-0.28-mRNA-1 3758382
.66 augustus_masked-168462503-processed-gene-0.1-mRNA-1 3676945
.33 augustus_masked-168462503-processed-gene-0.1-mRNA-1 3674124
.28 maker-168494764-snap-gene-0.87-mRNA-2 3695428
.16 maker-168494764-snap-gene-0.87-mRNA-2 3700876
.01 maker-168494764-snap-gene-0.87-mRNA-2 3675812
.42 augustus_masked-168574675-processed-gene-0.7-mRNA-1 3266386
.34 augustus_masked-168574675-processed-gene-0.7-mRNA-1 3618848
.77 maker-168186529-snap-gene-0.27-mRNA-1 3758392
.68 maker-168550788-augustus-gene-0.25-mRNA-1 3758478
.27 maker-167905207-augustus-gene-0.6-mRNA-1 3676220
.89 maker-168183210-snap-gene-0.5-mRNA-1 3676933
.37 maker-168474014-augustus-gene-0.28-mRNA-1 3758378
.23 maker-168474014-augustus-gene-0.28-mRNA-1 449184
.09 maker-168474014-augustus-gene-0.28-mRNA-1 3672694
.08 snap_masked-168509398-processed-gene-0.21-mRNA-1 752393
.24 snap_masked-168401599-processed-gene-0.56-mRNA-1 3671639
.34 snap_masked-168401599-processed-gene-0.56-mRNA-1 3758021
.89 snap_masked-168427293-processed-gene-0.65-mRNA-1 3708373
.50 augustus_masked-168365724-processed-gene-0.2-mRNA-1 3676382
.34 augustus_masked-168365724-processed-gene-0.2-mRNA-1 3672651
.38 maker-163221947-augustus-gene-0.4-mRNA-1 3672137
.36 maker-163221947-augustus-gene-0.4-mRNA-1 3758075
.65 maker-168328465-augustus-gene-0.27-mRNA-1 3758143
.99 maker-164905100-snap-gene-0.3-mRNA-1 3758357
.47 maker-168548800-snap-gene-0.86-mRNA-1 3695870
.26 maker-168497232-augustus-gene-0.18-mRNA-1 3674095
.71 maker-168497232-augustus-gene-0.18-mRNA-1 3758242
.48 augustus_masked-168503115-processed-gene-0.4-mRNA-1 841526
.20 augustus_masked-168503115-processed-gene-0.4-mRNA-1 2167425
.42 maker-168311582-snap-gene-0.18-mRNA-1 3677434
.44 maker-168311582-snap-gene-0.18-mRNA-1 3675906
.32 augustus_masked-167974739-processed-gene-0.0-mRNA-1 3704238
.26 augustus_masked-167974739-processed-gene-0.0-mRNA-1 3676889
.20 augustus_masked-167974739-processed-gene-0.0-mRNA-1 3704165
.76 augustus_masked-168218947-processed-gene-0.0-mRNA-1 3677135
.12 augustus_masked-168218947-processed-gene-0.0-mRNA-1 632487
.47 maker-163669177-augustus-gene-0.3-mRNA-1 3685966
.37 maker-163669177-augustus-gene-0.3-mRNA-1 3676748
.88 maker-168245778-snap-gene-0.73-mRNA-1 3758482
.30 maker-168337659-augustus-gene-0.11-mRNA-1 573036
.26 maker-168337659-augustus-gene-0.11-mRNA-1 667795
.15 maker-168337659-augustus-gene-0.11-mRNA-1 1036859
.17 maker-168337659-augustus-gene-0.11-mRNA-1 3717749
.13 maker-168337659-augustus-gene-0.11-mRNA-1 1252059
.14 maker-167044129-augustus-gene-0.5-mRNA-1 3500749
.73 maker-167044129-augustus-gene-0.5-mRNA-1 246235
.98 maker-168544907-snap-gene-0.62-mRNA-1 3758498
.47 genemark-168311234-processed-gene-0.31-mRNA-1 3758035
.15 genemark-168311234-processed-gene-0.31-mRNA-1 473598
.59 maker-168183234-augustus-gene-0.6-mRNA-1 3758145
.28 maker-168183234-augustus-gene-0.6-mRNA-1 767862
.23 maker-168183234-augustus-gene-0.6-mRNA-1 679529
.23 maker-168183234-augustus-gene-0.6-mRNA-1 3676526
.37 maker-168260139-augustus-gene-0.12-mRNA-1 3758509
.62 maker-168260139-augustus-gene-0.12-mRNA-1 3758509
.53 augustus_masked-168577173-processed-gene-0.18-mRNA-1 3693638
.05 maker-168498965-snap-gene-0.41-mRNA-1 3349774
.05 maker-168498965-snap-gene-0.41-mRNA-1 2686792
.05 maker-168498965-snap-gene-0.41-mRNA-1 3507035
.06 maker-168498965-snap-gene-0.41-mRNA-1 3022701
.06 maker-168498965-snap-gene-0.41-mRNA-1 1237507
.74 augustus_masked-168550589-processed-gene-0.16-mRNA-1 3719129
.99 augustus_masked-168254863-processed-gene-0.1-mRNA-1 3702500
.55 augustus_masked-168254863-processed-gene-0.1-mRNA-1 2236461
.56 snap_masked-168554862-processed-gene-0.70-mRNA-1 3673143
.43 snap_masked-168554862-processed-gene-0.70-mRNA-1 574310
.99 maker-166278201-snap-gene-0.4-mRNA-1 3758309
.47 maker-168411702-augustus-gene-0.73-mRNA-1 3758043
.34 maker-168411702-augustus-gene-0.73-mRNA-1 1033965
.14 maker-168411702-augustus-gene-0.73-mRNA-1 1068426
.25 maker-168190511-snap-gene-0.56-mRNA-1 3696046
.28 augustus_masked-168396240-processed-gene-0.1-mRNA-1 3672632
.18 augustus_masked-168396240-processed-gene-0.1-mRNA-1 3690552
.13 maker-168528742-augustus-gene-0.36-mRNA-1 3690002
.15 maker-168145047-snap-gene-0.40-mRNA-1 3683019
.80 maker-168145047-snap-gene-0.40-mRNA-1 3758483
.99 augustus_masked-166206904-processed-gene-0.0-mRNA-1 3758176
.25 augustus_masked-168577392-processed-gene-1.4-mRNA-1 3673638
.73 augustus_masked-168577392-processed-gene-1.4-mRNA-1 3758430
.10 augustus_masked-164765423-processed-gene-0.0-mRNA-1 2093202
.88 augustus_masked-164765423-processed-gene-0.0-mRNA-1 3675984
.41 maker-168272695-augustus-gene-0.12-mRNA-1 490739
.36 maker-168272695-augustus-gene-0.12-mRNA-1 3758090
.37 maker-168272695-augustus-gene-0.12-mRNA-1 422171
.25 maker-168272695-augustus-gene-0.12-mRNA-1 3716543
.24 maker-168272695-augustus-gene-0.12-mRNA-1 3713917
.38 maker-168052802-augustus-gene-0.7-mRNA-1 3758486
.33 maker-168052802-augustus-gene-0.7-mRNA-1 3758486
.77 maker-168288710-augustus-gene-0.10-mRNA-1 3758285
.09 maker-168288710-augustus-gene-0.10-mRNA-1 1140835
.09 maker-168288710-augustus-gene-0.10-mRNA-1 789883
.96 maker-168497962-augustus-gene-0.7-mRNA-1 3675727
0 maker-168497962-augustus-gene-0.7-mRNA-1 407057
.46 maker-168186291-augustus-gene-0.46-mRNA-1 3757983
.22 maker-168186291-augustus-gene-0.46-mRNA-1 3684902
.25 maker-168553569-augustus-gene-0.19-mRNA-1 1022538
.15 maker-168553569-augustus-gene-0.19-mRNA-1 3758359
.77 maker-168569643-snap-gene-0.65-mRNA-1 3758195
.52 augustus_masked-158316153-processed-gene-0.0-mRNA-1 3677383
.45 augustus_masked-158316153-processed-gene-0.0-mRNA-1 3674344
.70 maker-167821279-snap-gene-0.33-mRNA-1 3758208
.86 augustus_masked-168206297-processed-gene-0.3-mRNA-1 3671775
.46 maker-167896393-augustus-gene-0.6-mRNA-1 3758432
.21 maker-167896393-augustus-gene-0.6-mRNA-1 3700046
.20 maker-167896393-augustus-gene-0.6-mRNA-1 3688596
.93 maker-168507137-augustus-gene-0.41-mRNA-1 3758485
.85 maker-168190413-snap-gene-0.21-mRNA-1 3758396
.84 genemark-168335457-processed-gene-0.34-mRNA-1 3758320
.05 genemark-168335457-processed-gene-0.34-mRNA-1 2777257
.05 genemark-168335457-processed-gene-0.34-mRNA-1 2301357
.06 genemark-168335457-processed-gene-0.34-mRNA-1 2381635
.06 genemark-168335457-processed-gene-0.34-mRNA-1 997236
.25 maker-168221639-snap-gene-0.86-mRNA-1 3758443
.72 maker-168221639-snap-gene-0.86-mRNA-1 3758443
.99 maker-166274072-augustus-gene-0.3-mRNA-2 3758507
.45 maker-166695072-snap-gene-0.6-mRNA-2 943707
.28 maker-166695072-snap-gene-0.6-mRNA-2 3673092
.22 augustus_masked-168348461-processed-gene-0.4-mRNA-1 3679148
.39 maker-166695072-snap-gene-0.6-mRNA-1 943707
.26 maker-166695072-snap-gene-0.6-mRNA-1 989049
.22 maker-166695072-snap-gene-0.6-mRNA-1 3673092
.19 maker-166695072-snap-gene-0.6-mRNA-1 420973
.37 augustus_masked-161290496-processed-gene-0.1-mRNA-1 3673745
.62 augustus_masked-161290496-processed-gene-0.1-mRNA-1 59472
.79 snap_masked-168577512-processed-gene-0.75-mRNA-1 3672777
.70 augustus_masked-168462078-processed-gene-0.4-mRNA-1 1184853
.52 genemark-168556754-processed-gene-0.14-mRNA-1 3695481
.07 genemark-168556754-processed-gene-0.14-mRNA-1 3367242
.96 maker-167908843-snap-gene-0.15-mRNA-1 3758496
.30 augustus_masked-168481325-processed-gene-0.6-mRNA-1 652686
.21 augustus_masked-168481325-processed-gene-0.6-mRNA-1 1592885
.77 maker-168441811-augustus-gene-0.59-mRNA-1 3758500
.76 maker-168296678-augustus-gene-0.47-mRNA-1 3699996
.11 augustus_masked-164720215-processed-gene-0.0-mRNA-1 3689739
.73 augustus_masked-164720215-processed-gene-0.0-mRNA-1 3758397
.53 maker-162920286-augustus-gene-0.4-mRNA-1 75326
.36 maker-162920286-augustus-gene-0.4-mRNA-1 3671717
.62 genemark-167846862-processed-gene-0.15-mRNA-1 3758487
.12 genemark-167846862-processed-gene-0.15-mRNA-1 1417618
.99 augustus_masked-168188773-processed-gene-0.14-mRNA-1 3758505
.32 maker-166004792-augustus-gene-0.4-mRNA-1 1544360
.29 maker-166004792-augustus-gene-0.4-mRNA-1 2614705
.20 maker-168190187-snap-gene-1.95-mRNA-1 1001289
.27 maker-168190187-snap-gene-1.95-mRNA-1 3673053
.99 maker-168327657-augustus-gene-0.10-mRNA-1 3758439
.14 maker-167937066-snap-gene-0.33-mRNA-1 3679755
.26 augustus_masked-168190346-processed-gene-0.1-mRNA-1 3700666
.24 augustus_masked-168190346-processed-gene-0.1-mRNA-1 3758058
.26 augustus_masked-168190346-processed-gene-0.1-mRNA-1 668504
.15 augustus_masked-168190346-processed-gene-0.1-mRNA-1 821712
.29 maker-168483339-snap-gene-0.116-mRNA-1 3758199
.88 maker-168419682-snap-gene-0.11-mRNA-1 3758220
.34 genemark-167956842-processed-gene-0.3-mRNA-1 3685522
.20 genemark-167956842-processed-gene-0.3-mRNA-1 3695771
.48 augustus_masked-162005816-processed-gene-0.1-mRNA-1 381424
.27 augustus_masked-162005816-processed-gene-0.1-mRNA-1 3758256
.54 augustus_masked-168554379-processed-gene-0.0-mRNA-1 3678184
.37 maker-168555092-augustus-gene-1.110-mRNA-1 1976342
.62 maker-168555092-augustus-gene-1.110-mRNA-1 3758390
.28 maker-168185762-snap-gene-0.12-mRNA-1 415167
.25 maker-168185762-snap-gene-0.12-mRNA-1 3743636
.99 maker-163310728-augustus-gene-0.3-mRNA-1 3758503
.03 maker-168372931-augustus-gene-0.6-mRNA-1 2114595
.96 maker-168372931-augustus-gene-0.6-mRNA-1 3758467
.62 maker-168392808-augustus-gene-0.50-mRNA-1 3758347
.27 maker-168392808-augustus-gene-0.50-mRNA-1 3674054
.22 maker-168440929-augustus-gene-0.61-mRNA-1 927011
.41 maker-168440929-augustus-gene-0.61-mRNA-1 575944
.85 augustus_masked-168510298-processed-gene-0.6-mRNA-1 3683998
.14 augustus_masked-168510298-processed-gene-0.6-mRNA-1 1053401
.15 maker-168576875-snap-gene-0.74-mRNA-1 3675949
.19 maker-168576875-snap-gene-0.74-mRNA-1 3673258
.31 maker-166128143-augustus-gene-0.3-mRNA-1 3688882
.67 maker-166128143-augustus-gene-0.3-mRNA-1 3678903
.90 maker-168271539-snap-gene-0.61-mRNA-1 3680602
.41 maker-168342472-augustus-gene-0.30-mRNA-1 3671825
.47 maker-164878259-augustus-gene-0.3-mRNA-1 288644
.35 maker-164878259-augustus-gene-0.3-mRNA-1 1664094
.34 snap_masked-168234772-processed-gene-0.4-mRNA-1 3680059
.56 snap_masked-168234772-processed-gene-0.4-mRNA-1 3680060
.05 maker-168252472-augustus-gene-0.26-mRNA-1 3136594
.91 maker-168252472-augustus-gene-0.26-mRNA-1 3758494
.38 maker-164559933-snap-gene-0.4-mRNA-1 1141995
.59 maker-164559933-snap-gene-0.4-mRNA-1 734029
.49 maker-166637080-augustus-gene-0.4-mRNA-1 3758233
.27 maker-166637080-augustus-gene-0.4-mRNA-1 3675817
.20 maker-166637080-augustus-gene-0.4-mRNA-1 1567569
.16 maker-166637080-augustus-gene-0.4-mRNA-1 3706790
.09 augustus_masked-168577109-processed-gene-0.11-mRNA-1 3675601
.89 augustus_masked-168577109-processed-gene-0.11-mRNA-1 3758272
.72 snap_masked-168434227-processed-gene-0.19-mRNA-1 3758224
.27 maker-168186310-snap-gene-0.22-mRNA-1 3677064
.26 maker-168186310-snap-gene-0.22-mRNA-1 1295621
.27 maker-168497647-augustus-gene-0.18-mRNA-1 3674675
.72 maker-168497647-augustus-gene-0.18-mRNA-1 3758474
.29 maker-168184458-augustus-gene-0.8-mRNA-1 3674611
.39 maker-168184458-augustus-gene-0.8-mRNA-1 3674611
.76 augustus_masked-168290535-processed-gene-1.35-mRNA-1 3758110
.11 augustus_masked-168290535-processed-gene-1.35-mRNA-1 329839
.85 maker-168137471-augustus-gene-0.13-mRNA-1 3758069
.99 augustus_masked-168254477-processed-gene-0.12-mRNA-1 3758262
.49 maker-168371267-augustus-gene-0.35-mRNA-1 3674465
.21 maker-168371267-augustus-gene-0.35-mRNA-1 3690793
.06 maker-168371267-augustus-gene-0.35-mRNA-1 3677050
.64 maker-163450168-augustus-gene-0.9-mRNA-1 3758425
.30 maker-163450168-augustus-gene-0.9-mRNA-1 3673200
.09 genemark-167784625-processed-gene-0.3-mRNA-1 787338
.06 genemark-167784625-processed-gene-0.3-mRNA-1 3685959
.15 augustus_masked-166338890-processed-gene-0.0-mRNA-1 3694993
.84 augustus_masked-166338890-processed-gene-0.0-mRNA-1 3758205
.08 snap_masked-168222696-processed-gene-0.13-mRNA-1 3672990
.86 snap_masked-168222696-processed-gene-0.13-mRNA-1 3758089
.40 maker-168428618-snap-gene-0.19-mRNA-1 3672698
.08 maker-168428618-snap-gene-0.19-mRNA-1 3674374
.39 augustus_masked-168496249-processed-gene-0.2-mRNA-1 970959
.10 maker-168186472-snap-gene-0.37-mRNA-1 3348086
.85 maker-168186472-snap-gene-0.37-mRNA-1 3758162
.31 augustus_masked-164763245-processed-gene-0.0-mRNA-1 3720183
.23 augustus_masked-164763245-processed-gene-0.0-mRNA-1 1179291
.15 maker-168371447-augustus-gene-0.18-mRNA-1 3675292
.71 maker-168371447-augustus-gene-0.18-mRNA-1 3758349
.42 maker-168508830-augustus-gene-0.31-mRNA-1 3758484
.28 maker-168508830-augustus-gene-0.31-mRNA-1 3695201
.22 snap_masked-168447110-processed-gene-0.8-mRNA-1 1344049
.99 snap_masked-168170580-processed-gene-0.5-mRNA-1 3758308
.66 snap_masked-168170580-processed-gene-0.5-mRNA-1 921101
.49 maker-168152818-augustus-gene-0.12-mRNA-1 3758034
.13 maker-168152818-augustus-gene-0.12-mRNA-1 3673320
.04 maker-168152818-augustus-gene-0.12-mRNA-1 236587
.24 maker-168156905-augustus-gene-0.88-mRNA-1 3709245
.74 maker-168156905-augustus-gene-0.88-mRNA-1 3758333
.42 snap_masked-168549202-processed-gene-0.18-mRNA-1 3705733
.14 snap_masked-168549202-processed-gene-0.18-mRNA-1 3022008
.76 snap_masked-167076633-processed-gene-0.2-mRNA-1 300895
.22 snap_masked-167076633-processed-gene-0.2-mRNA-1 836059
.35 maker-168184900-augustus-gene-0.67-mRNA-1 3758481
.54 maker-168184900-augustus-gene-0.67-mRNA-1 3758481
.45 maker-168276235-augustus-gene-0.54-mRNA-1 3758399
.38 maker-168276235-augustus-gene-0.54-mRNA-1 3709218
.89 maker-168562355-augustus-gene-0.67-mRNA-1 3758475
.28 maker-168371087-snap-gene-0.40-mRNA-1 2420765
.71 maker-166877798-augustus-gene-0.4-mRNA-1 3758387
.13 maker-168451995-snap-gene-0.24-mRNA-1 1041165
.77 maker-168451995-snap-gene-0.24-mRNA-1 3758510
.64 maker-168528871-augustus-gene-0.81-mRNA-1 710686
.22 maker-168528871-augustus-gene-0.81-mRNA-1 3673477
.36 maker-168316100-augustus-gene-0.39-mRNA-1 3758336
.64 augustus_masked-168305341-processed-gene-0.41-mRNA-1 1974257
.39 augustus_masked-168305341-processed-gene-0.41-mRNA-1 3666338
.74 maker-168413955-snap-gene-0.17-mRNA-1 3758175
.17 augustus_masked-167981408-processed-gene-0.12-mRNA-1 3758445
.82 augustus_masked-167981408-processed-gene-0.12-mRNA-1 3758445
.85 maker-168538997-augustus-gene-0.37-mRNA-1 3758020
.38 maker-168538997-augustus-gene-0.37-mRNA-1 807989
.35 maker-168538997-augustus-gene-0.37-mRNA-1 3677236
.09 maker-168538997-augustus-gene-0.37-mRNA-1 3691792
.83 maker-168532102-snap-gene-0.37-mRNA-1 3758504
.16 maker-168532102-snap-gene-0.37-mRNA-1 1495994
.57 maker-168577242-augustus-gene-0.20-mRNA-1 3758275
.99 augustus_masked-168230274-processed-gene-1.0-mRNA-1 3758495
.11 maker-168186970-augustus-gene-0.45-mRNA-1 3698047
.80 maker-168186970-augustus-gene-0.45-mRNA-1 3758488
.59 maker-168352389-augustus-gene-0.10-mRNA-1 1037479
.34 maker-168352389-augustus-gene-0.10-mRNA-1 3682052
.08 maker-168352389-augustus-gene-0.10-mRNA-1 850191
.75 maker-168287020-snap-gene-0.28-mRNA-1 3758274
.77 snap_masked-168189898-processed-gene-0.97-mRNA-1 3758366
.99 maker-168257198-snap-gene-0.44-mRNA-1 3758506
.99 genemark-168300983-processed-gene-0.8-mRNA-1 3758388
.60 maker-168031176-augustus-gene-0.29-mRNA-1 3758476
.31 maker-168031176-augustus-gene-0.29-mRNA-1 798823
.18 maker-168031176-augustus-gene-0.29-mRNA-1 3677517
.86 maker-168574272-snap-gene-0.52-mRNA-1 3676339
.12 maker-168574272-snap-gene-0.52-mRNA-1 1346807
.86 maker-168409625-augustus-gene-0.46-mRNA-1 3758502
.60 maker-162820053-augustus-gene-0.2-mRNA-1 1021516
.43 maker-162820053-augustus-gene-0.2-mRNA-1 3714678
.24 maker-162820053-augustus-gene-0.2-mRNA-1 3507844
.52 augustus_masked-168185469-processed-gene-0.8-mRNA-1 3758440
.29 maker-163799553-augustus-gene-0.3-mRNA-1 3697281
.15 augustus_masked-162900323-processed-gene-0.0-mRNA-1 951435
.25 augustus_masked-162900323-processed-gene-0.0-mRNA-1 3672074
.77 augustus_masked-168487518-processed-gene-0.6-mRNA-1 2284897
.18 genemark-168193800-processed-gene-0.34-mRNA-1 1808967
.14 genemark-168193800-processed-gene-0.34-mRNA-1 3700097
.36 maker-168230660-snap-gene-0.44-mRNA-1 906178
.17 maker-168230660-snap-gene-0.44-mRNA-1 3679825
.52 genemark-168553154-processed-gene-0.21-mRNA-1 3758480
.13 genemark-168553154-processed-gene-0.21-mRNA-1 3671996
.09 genemark-168553154-processed-gene-0.21-mRNA-1 391700
.55 maker-168045039-augustus-gene-0.27-mRNA-1 3673909
.24 maker-168045039-augustus-gene-0.27-mRNA-1 3673910
.18 augustus_masked-166229051-processed-gene-0.0-mRNA-1 3675354
.23 augustus_masked-166229051-processed-gene-0.0-mRNA-1 3675134
.40 augustus_masked-168190673-processed-gene-0.3-mRNA-1 1794937
.37 augustus_masked-168190673-processed-gene-0.3-mRNA-1 2378357
.26 augustus_masked-168190673-processed-gene-0.3-mRNA-1 2935484
.12 maker-168251149-augustus-gene-0.30-mRNA-1 3676012
.87 maker-168251149-augustus-gene-0.30-mRNA-1 3758273
.19 maker-168273182-snap-gene-0.85-mRNA-1 623089
.79 maker-168273182-snap-gene-0.85-mRNA-1 3758428
.81 augustus_masked-165823204-processed-gene-0.1-mRNA-1 3758287
.18 augustus_masked-165823204-processed-gene-0.1-mRNA-1 1230220
.82 maker-168191500-augustus-gene-0.20-mRNA-1 3676757
.72 snap_masked-164841584-processed-gene-0.2-mRNA-1 787956
.12 snap_masked-164841584-processed-gene-0.2-mRNA-1 855420
.02 maker-168425237-augustus-gene-0.38-mRNA-1 3671810
.03 maker-168425237-augustus-gene-0.38-mRNA-1 937318
.15 maker-168425237-augustus-gene-0.38-mRNA-1 3678541
.36 snap_masked-168218154-processed-gene-0.21-mRNA-1 3675055
.18 augustus_masked-168543468-processed-gene-0.3-mRNA-1 3683944
.17 augustus_masked-168543468-processed-gene-0.3-mRNA-1 3693728
.99 snap_masked-167908766-processed-gene-0.52-mRNA-1 3758313
.76 maker-168552850-snap-gene-0.15-mRNA-1 3758289
.05 maker-168552850-snap-gene-0.15-mRNA-1 3758289
.38 snap_masked-168512643-processed-gene-0.54-mRNA-1 3758454
.61 snap_masked-168512643-processed-gene-0.54-mRNA-1 811548
.43 maker-167821834-snap-gene-0.41-mRNA-1 3673780
.47 maker-167821834-snap-gene-0.41-mRNA-1 3672437
.82 maker-168190377-snap-gene-0.40-mRNA-1 3673987
.30 maker-168190377-snap-gene-0.40-mRNA-1 3681739
.05 maker-168190377-snap-gene-0.40-mRNA-1 1548427
.05 maker-168190377-snap-gene-0.40-mRNA-1 3722623
.06 maker-168190377-snap-gene-0.40-mRNA-1 3690443
.55 maker-168032695-augustus-gene-0.29-mRNA-1 3758155
.94 snap_masked-166232563-processed-gene-0.2-mRNA-1 3672684
.94 snap_masked-166232563-processed-gene-0.2-mRNA-1 794386
.46 augustus_masked-163966911-processed-gene-0.2-mRNA-1 3684919
.21 augustus_masked-163966911-processed-gene-0.2-mRNA-1 666371
.66 maker-168246148-snap-gene-0.93-mRNA-1 3758353
.22 maker-168246148-snap-gene-0.93-mRNA-1 3702251
.67 maker-168360484-snap-gene-0.75-mRNA-1 3758489
.28 maker-168414396-augustus-gene-0.64-mRNA-1 1081515
.26 maker-168414396-augustus-gene-0.64-mRNA-1 1041485
.25 maker-168414396-augustus-gene-0.64-mRNA-1 1469301
.25 maker-168414396-augustus-gene-0.64-mRNA-1 1681719
.26 maker-168414396-augustus-gene-0.64-mRNA-1 537829
.31 maker-168264902-snap-gene-0.9-mRNA-1 3688802
.57 maker-168264902-snap-gene-0.9-mRNA-1 3706052
.31 snap_masked-168256026-processed-gene-0.39-mRNA-1 3673610
.17 snap_masked-168256026-processed-gene-0.39-mRNA-1 3672890
.59 maker-162501076-augustus-gene-0.5-mRNA-1 3688628
.37 maker-162501076-augustus-gene-0.5-mRNA-1 236941
.08 maker-167914356-augustus-gene-0.56-mRNA-1 660761
.79 maker-167914356-augustus-gene-0.56-mRNA-1 3758004
.36 maker-167812341-augustus-gene-0.8-mRNA-1 403520
.34 maker-167812341-augustus-gene-0.8-mRNA-1 3671700
.36 maker-167812341-augustus-gene-0.8-mRNA-1 3674865
.21 maker-167812341-augustus-gene-0.8-mRNA-1 3694385
.36 augustus_masked-168190694-processed-gene-0.5-mRNA-1 3685780
.63 augustus_masked-168190694-processed-gene-0.5-mRNA-1 764633
.99 genemark-168261126-processed-gene-0.8-mRNA-1 3672335
.19 maker-168229275-augustus-gene-0.23-mRNA-1 670414
.78 maker-168229275-augustus-gene-0.23-mRNA-1 3758263
.14 maker-166620095-augustus-gene-0.3-mRNA-1 3674294
.84 maker-166620095-augustus-gene-0.3-mRNA-1 3674293
.17 maker-168419508-snap-gene-0.8-mRNA-1 743167
.25 maker-168419508-snap-gene-0.8-mRNA-1 3681468
.43 augustus_masked-167948180-processed-gene-0.0-mRNA-1 3673736
.37 augustus_masked-167948180-processed-gene-0.0-mRNA-1 3672783
.24 augustus_masked-167948180-processed-gene-0.0-mRNA-1 368700
.01 maker-167003068-snap-gene-0.3-mRNA-1 3671810
.02 maker-167003068-snap-gene-0.3-mRNA-1 3671810
.51 maker-168439181-snap-gene-0.9-mRNA-1 3758330
.99 maker-168393937-augustus-gene-0.26-mRNA-2 3758491
.98 maker-167999192-snap-gene-0.12-mRNA-2 3758426
.65 maker-168461393-snap-gene-0.28-mRNA-1 3758431
.26 maker-167802352-augustus-gene-0.26-mRNA-1 3672826
.10 maker-167802352-augustus-gene-0.26-mRNA-1 1952963
.06 maker-167802352-augustus-gene-0.26-mRNA-1 3678702
.02 maker-167802352-augustus-gene-0.26-mRNA-1 3697702
.01 maker-167802352-augustus-gene-0.26-mRNA-1 3758108
.34 genemark-162071945-processed-gene-0.0-mRNA-1 1383870
.58 genemark-162071945-processed-gene-0.0-mRNA-1 3677572
.20 maker-168230148-snap-gene-0.57-mRNA-1 3672161
.64 maker-168230148-snap-gene-0.57-mRNA-1 3676966
.04 maker-168399512-augustus-gene-0.13-mRNA-1 3674904
.45 augustus_masked-165502045-processed-gene-0.0-mRNA-1 936729
.24 augustus_masked-165502045-processed-gene-0.0-mRNA-1 3682655
.38 maker-168435166-augustus-gene-0.8-mRNA-1 3758133
.29 maker-168435166-augustus-gene-0.8-mRNA-1 1090909
.82 maker-168577001-snap-gene-0.32-mRNA-1 3758501
.13 augustus_masked-168413077-processed-gene-0.2-mRNA-1 1206620
.62 augustus_masked-168413077-processed-gene-0.2-mRNA-1 3758040
.38 maker-168299650-augustus-gene-0.4-mRNA-1 397969
.32 maker-168299650-augustus-gene-0.4-mRNA-1 3709978
.47 snap_masked-168348206-processed-gene-0.48-mRNA-1 3758419
.52 snap_masked-168348206-processed-gene-0.48-mRNA-1 3758419
.59 augustus_masked-160089309-processed-gene-0.0-mRNA-1 3758429
.22 augustus_masked-160089309-processed-gene-0.0-mRNA-1 1079352
.17 augustus_masked-160089309-processed-gene-0.0-mRNA-1 1796111
.23 maker-168238048-augustus-gene-0.26-mRNA-1 588561
.39 maker-168238048-augustus-gene-0.26-mRNA-1 3758386
.36 augustus_masked-167969974-processed-gene-0.3-mRNA-1 3673191
.41 maker-164192119-snap-gene-0.2-mRNA-1 1322948
.47 maker-164192119-snap-gene-0.2-mRNA-1 1793562
.50 maker-168259866-augustus-gene-0.18-mRNA-1 3758286
.56 snap_masked-168232233-processed-gene-0.19-mRNA-1 1681651
.68 maker-168187531-snap-gene-0.22-mRNA-1 3758442
.28 maker-168187531-snap-gene-0.22-mRNA-1 3701110
.28 maker-168187531-snap-gene-0.22-mRNA-1 3699415
.75 augustus_masked-161574595-processed-gene-0.0-mRNA-1 3673702
.22 augustus_masked-161574595-processed-gene-0.0-mRNA-1 3679342
.29 maker-168330280-augustus-gene-0.11-mRNA-1 1901075
.40 snap_masked-166643291-processed-gene-0.1-mRNA-1 2374996
.22 maker-168505468-augustus-gene-0.25-mRNA-1 3678172
.39 maker-168505468-augustus-gene-0.25-mRNA-1 3758159
.56 maker-168301865-snap-gene-0.10-mRNA-1 3758331
.43 maker-168186253-augustus-gene-0.8-mRNA-2 3758335
.06 maker-168186253-augustus-gene-0.8-mRNA-2 983317
.81 maker-167962470-snap-gene-0.19-mRNA-1 3758391
.18 maker-167962470-snap-gene-0.19-mRNA-1 3698355
.18 maker-167962470-snap-gene-0.19-mRNA-1 1418558
.22 augustus_masked-168122537-processed-gene-0.0-mRNA-1 1195395
.23 augustus_masked-168122537-processed-gene-0.0-mRNA-1 3685329
.03 maker-168496142-augustus-gene-0.32-mRNA-1 3672964
.96 maker-168496142-augustus-gene-0.32-mRNA-1 3758364
.99 augustus_masked-168247297-processed-gene-0.1-mRNA-1 971918
.99 augustus_masked-168247297-processed-gene-0.1-mRNA-1 3673877
.66 maker-167849416-snap-gene-0.8-mRNA-1 3758345
.18 maker-167849416-snap-gene-0.8-mRNA-1 3688309
.31 genemark-165892167-processed-gene-0.1-mRNA-1 3715043
.47 genemark-165892167-processed-gene-0.1-mRNA-1 3685522
.27 genemark-165892167-processed-gene-0.1-mRNA-1 3678936
.35 maker-168416654-augustus-gene-0.34-mRNA-1 3758126
.31 maker-168416654-augustus-gene-0.34-mRNA-1 3674010
.18 maker-168416654-augustus-gene-0.34-mRNA-1 3682276
.17 maker-168416654-augustus-gene-0.34-mRNA-1 3681309
.99 augustus_masked-168186805-processed-gene-0.1-mRNA-1 3758508
.98 maker-162398652-snap-gene-0.3-mRNA-1 3758479
.79 maker-168402373-augustus-gene-0.58-mRNA-1 3758433
.18 maker-168402373-augustus-gene-0.58-mRNA-1 3687009
.16 maker-168402373-augustus-gene-0.58-mRNA-1 3678410
.60 maker-168196081-augustus-gene-0.2-mRNA-1 909181
.38 maker-168196081-augustus-gene-0.2-mRNA-1 3678208
.19 maker-168406708-augustus-gene-0.23-mRNA-1 3676708
.67 maker-168406708-augustus-gene-0.23-mRNA-1 3673886
.38 snap_masked-168452061-processed-gene-0.7-mRNA-1 1383418
.35 snap_masked-168452061-processed-gene-0.7-mRNA-1 3693981
.17 maker-168310504-snap-gene-0.16-mRNA-1 3731362
.34 maker-168310504-snap-gene-0.16-mRNA-1 3676323
.04 maker-168454083-snap-gene-0.11-mRNA-1 999569
.94 maker-168454083-snap-gene-0.11-mRNA-1 3758492
