.37 GQ04006_E10.1_clone=GQ04006_E10_cluster=GQ04006_E10_status=complete_gb=BT118428 1998329
.25 GQ04006_E10.1_clone=GQ04006_E10_cluster=GQ04006_E10_status=complete_gb=BT118428 342423
.17 GQ04006_E10.1_clone=GQ04006_E10_cluster=GQ04006_E10_status=complete_gb=BT118428 314825
.17 GQ04006_E10.1_clone=GQ04006_E10_cluster=GQ04006_E10_status=complete_gb=BT118428 979663
.15 GQ04006_E10.1_clone=GQ04006_E10_cluster=GQ04006_E10_status=complete_gb=BT118428 164868
.85 WS00720_N22.1_clone=WS00720_N22_cluster=WS00720_N22_status=complete 2006265
.03 WS00720_N22.1_clone=WS00720_N22_cluster=WS00720_N22_status=complete 800242
.99 GQ03405_H01.2_clone=GQ03405_H01_cluster=GQ03405_H01_status=complete_gb=BT113339 2050154
.42 GQ03704_J21.1_clone=GQ03704_J21_cluster=GQ03704_J21_status=complete_gb=BT115702 2004084
.41 GQ03704_J21.1_clone=GQ03704_J21_cluster=GQ03704_J21_status=complete_gb=BT115702 1990040
.86 GQ03610_D21.1_clone=GQ03610_D21_cluster=GQ03610_D21_status=complete_gb=BT115150 2049554
.92 GQ03317_K16.1_clone=GQ03317_K16_cluster=GQ03317_K16_status=complete_gb=BT112570 2050212
.17 GQ03219_A15.1_clone=GQ03219_A15_cluster=GQ03219_A15_status=complete_gb=BT110273 2050141
.82 GQ03219_A15.1_clone=GQ03219_A15_cluster=GQ03219_A15_status=complete_gb=BT110273 2050141
.63 WS03223_A02.1_clone=WS03223_A02_cluster=WS03223_A02_status=3 2049880
.28 WS03223_A02.1_clone=WS03223_A02_cluster=WS03223_A02_status=3 603183
.28 WS03223_A02.1_clone=WS03223_A02_cluster=WS03223_A02_status=3 840441
.18 WS03223_A02.1_clone=WS03223_A02_cluster=WS03223_A02_status=3 218315
.18 WS03223_A02.1_clone=WS03223_A02_cluster=WS03223_A02_status=3 1080520
.13 GQ02817_H15.2_clone=GQ02817_H15_cluster=GQ02817_H15_status=complete_gb=BT104993 2020705
.12 GQ02817_H15.2_clone=GQ02817_H15_cluster=GQ02817_H15_status=complete_gb=BT104993 2050204
.81 GQ04009_B18.1_clone=GQ04009_B18_cluster=GQ04009_B18_status=complete_gb=BT118690 1983813
.09 GQ04009_B18.1_clone=GQ04009_B18_cluster=GQ04009_B18_status=complete_gb=BT118690 2045801
.10 GQ04009_B18.1_clone=GQ04009_B18_cluster=GQ04009_B18_status=complete_gb=BT118690 1015173
.47 GQ03323_E12.1_clone=GQ03323_E12_cluster=GQ03323_E12_status=complete_gb=BT112954 2049847
.41 GQ02818_C12.1_clone=GQ02818_C12_cluster=GQ02818_C12_status=complete_gb=BT105057 2050078
.24 GQ02818_C12.1_clone=GQ02818_C12_cluster=GQ02818_C12_status=complete_gb=BT105057 1400091
.28 GQ03009_M14.3_clone=GQ03009_M14_cluster=GQ03009_M14_status=complete_gb=BT106750 2050211
.14 GQ03009_M14.3_clone=GQ03009_M14_cluster=GQ03009_M14_status=complete_gb=BT106750 2050211
.21 WS03211_M18.1_clone=WS03211_M18_cluster=WS03211_M18_status=3 2009326
.61 WS03211_M18.1_clone=WS03211_M18_cluster=WS03211_M18_status=3 1991853
.36 GQ02818_E16.1_clone=GQ02818_E16_cluster=GQ02818_E16_status=complete_gb=BT105076 2049932
.04 GQ04002_D20.1_clone=GQ04002_D20_cluster=GQ04002_D20_status=complete_gb=BT118091 1012174
.78 GQ04002_D20.1_clone=GQ04002_D20_cluster=GQ04002_D20_status=complete_gb=BT118091 2050171
.81 GQ03221_H09.1_clone=GQ03221_H09_cluster=GQ03221_H09_status=complete_gb=BT110418 2050244
.59 GQ01310_A12.1_clone=GQ01310_A12_cluster=GQ01310_A12_status=5 1984077
.20 GQ01310_A12.1_clone=GQ01310_A12_cluster=GQ01310_A12_status=5 652724
.30 GQ03314_G07.1_clone=GQ03314_G07_cluster=GQ03314_G07_status=complete_gb=BT112393 2050241
.09 GQ03314_G07.1_clone=GQ03314_G07_cluster=GQ03314_G07_status=complete_gb=BT112393 2050241
.10 GQ03111_K20.1_clone=GQ03111_K20_cluster=GQ03111_K20_status=complete_gb=BT107703 2034927
.89 GQ03111_K20.1_clone=GQ03111_K20_cluster=GQ03111_K20_status=complete_gb=BT107703 2050155
.33 GQ03901_C15.1_clone=GQ03901_C15_cluster=GQ03901_C15_status=complete_gb=BT117469 674003
.18 GQ03901_C15.1_clone=GQ03901_C15_cluster=GQ03901_C15_status=complete_gb=BT117469 2019602
.86 GQ03001_F24.2_clone=GQ03001_F24_cluster=GQ03001_F24_status=complete_gb=BT106422 2050185
.41 GQ03103_I03.1_clone=GQ03103_I03_cluster=GQ03103_I03_status=complete_gb=BT107160 1991122
.63 GQ03406_L07.2_clone=GQ03406_L07_cluster=GQ03406_L07_status=5 2049704
.22 GQ03406_L07.2_clone=GQ03406_L07_cluster=GQ03406_L07_status=5 1989740
.22 GQ03406_L07.2_clone=GQ03406_L07_cluster=GQ03406_L07_status=5 1990664
.32 GQ00411_I05.1_clone=GQ00411_I05_cluster=GQ00411_I05_status=complete_gb=BT100700 2014444
.37 GQ00411_I05.1_clone=GQ00411_I05_cluster=GQ00411_I05_status=complete_gb=BT100700 1998306
.25 GQ03313_E14.1_clone=GQ03313_E14_cluster=GQ03313_E14_status=complete_gb=BT112305 1432245
.73 GQ03313_E14.1_clone=GQ03313_E14_cluster=GQ03313_E14_status=complete_gb=BT112305 2049658
.27 GQ03111_D23.1_clone=GQ03111_D23_cluster=GQ03111_D23_status=complete_gb=BT107669 1989668
.27 GQ03111_D23.1_clone=GQ03111_D23_cluster=GQ03111_D23_status=complete_gb=BT107669 1988337
.15 GQ03111_D23.1_clone=GQ03111_D23_cluster=GQ03111_D23_status=complete_gb=BT107669 2050026
.99 GQ02902_H23.1_clone=GQ02902_H23_cluster=GQ02902_H23_status=complete_gb=BT106076 2049396
.47 GQ02902_H13.2_clone=GQ02902_H13_cluster=GQ02902_H13_status=complete_gb=BT106073 1990173
.35 GQ02902_H13.2_clone=GQ02902_H13_cluster=GQ02902_H13_status=complete_gb=BT106073 2003884
.91 GQ0191_M01.1_clone=GQ0191_M01_cluster=GQ0191_M01_status=complete_gb=BT102418 2050160
.41 GQ03403_L17.1_clone=GQ03403_L17_cluster=GQ03403_L17_status=complete_gb=BT113285 1983937
.41 GQ03403_L17.1_clone=GQ03403_L17_cluster=GQ03403_L17_status=complete_gb=BT113285 2049930
.18 GQ02817_J19.1_clone=GQ02817_J19_cluster=GQ02817_J19_status=complete_gb=BT105008 602949
.80 GQ02817_J19.1_clone=GQ02817_J19_cluster=GQ02817_J19_status=complete_gb=BT105008 2050090
.30 GQ03226_A17.1_clone=GQ03226_A17_cluster=GQ03226_A17_status=complete_gb=BT110677 443834
.30 GQ03226_A17.1_clone=GQ03226_A17_cluster=GQ03226_A17_status=complete_gb=BT110677 1989131
.28 GQ03226_A17.1_clone=GQ03226_A17_cluster=GQ03226_A17_status=complete_gb=BT110677 2050086
.66 GQ02815_E19.1_clone=GQ02815_E19_cluster=GQ02815_E19_status=complete_gb=BT104809 2049306
.29 GQ02815_E19.1_clone=GQ02815_E19_cluster=GQ02815_E19_status=complete_gb=BT104809 1989095
.76 GQ03708_E03.2_clone=GQ03708_E03_cluster=GQ03708_E03_status=complete_gb=BT115897 2050229
.10 GQ03708_E03.2_clone=GQ03708_E03_cluster=GQ03708_E03_status=complete_gb=BT115897 429683
.33 GQ03004_N24.1_clone=GQ03004_N24_cluster=GQ03004_N24_status=complete_gb=BT106554 2050041
.24 GQ03212_N07.1_clone=GQ03212_N07_cluster=GQ03212_N07_status=complete_gb=BT109828 2050182
.13 GQ03212_N07.1_clone=GQ03212_N07_cluster=GQ03212_N07_status=complete_gb=BT109828 2050182
.42 GQ04004_H03.1_clone=GQ04004_H03_cluster=GQ04004_H03_status=complete_gb=BT118268 2049919
.08 GQ04004_H03.1_clone=GQ04004_H03_cluster=GQ04004_H03_status=complete_gb=BT118268 383726
.65 GQ0047_P09.1_clone=GQ0047_P09_cluster=GQ0047_P09_status=complete_gb=BT100871 1987976
.33 GQ0047_P09.1_clone=GQ0047_P09_cluster=GQ0047_P09_status=complete_gb=BT100871 1987976
.68 GQ03211_D22.1_clone=GQ03211_D22_cluster=GQ03211_D22_status=complete_gb=BT109668 2049669
.11 GQ03211_D22.1_clone=GQ03211_D22_cluster=GQ03211_D22_status=complete_gb=BT109668 1010698
.32 GQ03235_H18.1_clone=GQ03235_H18_cluster=GQ03235_H18_status=complete_gb=BT111290 2050075
.19 GQ03235_H18.1_clone=GQ03235_H18_cluster=GQ03235_H18_status=complete_gb=BT111290 562523
.81 GQ03230_K04.1_clone=GQ03230_K04_cluster=GQ03230_K04_status=complete_gb=BT110975 2050077
.74 WS00725_K21.1_clone=WS00725_K21_cluster=WS00725_K21_status=complete 181008
.36 GQ03704_G03.4_clone=GQ03704_G03_cluster=GQ03704_G03_status=53 2049417
.18 GQ03704_G03.4_clone=GQ03704_G03_cluster=GQ03704_G03_status=53 310323
.93 GQ03012_G24.1_clone=GQ03012_G24_cluster=GQ03012_G24_status=complete_gb=BT106862 2050168
.15 GQ03303_J01.1_clone=GQ03303_J01_cluster=GQ03303_J01_status=complete_gb=BT111782 1989203
.78 GQ03303_J01.1_clone=GQ03303_J01_cluster=GQ03303_J01_status=complete_gb=BT111782 2050144
.93 GQ04006_D19.1_clone=GQ04006_D19_cluster=GQ04006_D19_status=complete_gb=BT118424 2050256
.99 GQ02820_O19.1_clone=GQ02820_O19_cluster=GQ02820_O19_status=complete_gb=BT105327 2050153
.46 WS00841_J08.1_clone=WS00841_J08_cluster=WS00841_J08_status=complete 523332
.41 WS00841_J08.1_clone=WS00841_J08_cluster=WS00841_J08_status=complete 200851
.67 GQ03707_P23.3_clone=GQ03707_P23_cluster=GQ03707_P23_status=complete_gb=BT115885 2050257
.01 GQ03707_P23.3_clone=GQ03707_P23_cluster=GQ03707_P23_status=complete_gb=BT115885 2009164
.01 GQ03707_P23.3_clone=GQ03707_P23_cluster=GQ03707_P23_status=complete_gb=BT115885 414032
.85 GQ03239_C23.1_clone=GQ03239_C23_cluster=GQ03239_C23_status=complete_gb=BT111542 1986267
.03 GQ03239_C23.1_clone=GQ03239_C23_cluster=GQ03239_C23_status=complete_gb=BT111542 2049458
.44 GQ03804_F05.1_clone=GQ03804_F05_cluster=GQ03804_F05_status=complete_gb=BT116668 1987997
.99 GQ03203_B18.1_clone=GQ03203_B18_cluster=GQ03203_B18_status=complete_gb=BT108961 2050069
.88 GQ03419_J21.1_clone=GQ03419_J21_cluster=GQ03419_J21_status=complete_gb=BT113759 2050179
.16 GQ03310_D20.1_clone=GQ03310_D20_cluster=GQ03310_D20_status=complete_gb=BT112115 368093
.66 GQ03310_D20.1_clone=GQ03310_D20_cluster=GQ03310_D20_status=complete_gb=BT112115 1984158
.81 GQ03905_F03.1_clone=GQ03905_F03_cluster=GQ03905_F03_status=complete_gb=BT117622 2050170
.16 GQ03905_F03.1_clone=GQ03905_F03_cluster=GQ03905_F03_status=complete_gb=BT117622 264557
.48 GQ0134_K22.1_clone=GQ0134_K22_cluster=GQ0134_K22_status=complete_gb=BT101963 2050192
.45 GQ0134_K22.1_clone=GQ0134_K22_cluster=GQ0134_K22_status=complete_gb=BT101963 2050192
.21 GQ0073_O20.1_clone=GQ0073_O20_cluster=GQ0073_O20_status=complete_gb=BT101221 624383
.69 GQ0073_O20.1_clone=GQ0073_O20_cluster=GQ0073_O20_status=complete_gb=BT101221 2050189
.64 GQ03230_L15.1_clone=GQ03230_L15_cluster=GQ03230_L15_status=complete_gb=BT110979 2049816
.11 GQ03230_L15.1_clone=GQ03230_L15_cluster=GQ03230_L15_status=complete_gb=BT110979 438187
.66 GQ04104_C19.1_clone=GQ04104_C19_cluster=GQ04104_C19_status=complete_gb=BT119324 2050029
.46 GQ02802_F03.1_clone=GQ02802_F03_cluster=GQ02802_F03_status=complete_gb=BT103796 1986631
.29 GQ02802_F03.1_clone=GQ02802_F03_cluster=GQ02802_F03_status=complete_gb=BT103796 2003002
.22 GQ03905_M03.1_clone=GQ03905_M03_cluster=GQ03905_M03_status=complete_gb=BT117633 2020729
.29 GQ03905_M03.1_clone=GQ03905_M03_cluster=GQ03905_M03_status=complete_gb=BT117633 1990630
.44 GQ03514_M23.2_clone=GQ03514_M23_cluster=GQ03514_M23_status=complete_gb=BT114452 1985520
.14 GQ03514_M23.2_clone=GQ03514_M23_cluster=GQ03514_M23_status=complete_gb=BT114452 745264
.14 GQ03514_M23.2_clone=GQ03514_M23_cluster=GQ03514_M23_status=complete_gb=BT114452 263162
.31 GQ02819_F16.2_clone=GQ02819_F16_cluster=GQ02819_F16_status=complete_gb=BT105169 2049458
.37 GQ02819_F16.2_clone=GQ02819_F16_cluster=GQ02819_F16_status=complete_gb=BT105169 2050080
.14 GQ03322_A09.2_clone=GQ03322_A09_cluster=GQ03322_A09_status=complete_gb=BT112867 277814
.71 GQ03322_A09.2_clone=GQ03322_A09_cluster=GQ03322_A09_status=complete_gb=BT112867 2049615
.27 GQ03216_J14.1_clone=GQ03216_J14_cluster=GQ03216_J14_status=complete_gb=BT110114 2049997
.42 GQ03225_K07.1_clone=GQ03225_K07_cluster=GQ03225_K07_status=complete_gb=BT110666 2000918
.27 GQ03225_K07.1_clone=GQ03225_K07_cluster=GQ03225_K07_status=complete_gb=BT110666 203949
.14 GQ03209_N07.1_clone=GQ03209_N07_cluster=GQ03209_N07_status=complete_gb=BT109546 606081
.60 GQ03209_N07.1_clone=GQ03209_N07_cluster=GQ03209_N07_status=complete_gb=BT109546 1985387
.95 WS0083_K04.1_clone=WS0083_K04_cluster=WS0083_K04_status=3 2050150
.56 GQ02903_I11.2_clone=GQ02903_I11_cluster=GQ02903_I11_status=complete_gb=BT106128 2049993
.36 GQ02903_I11.2_clone=GQ02903_I11_cluster=GQ02903_I11_status=complete_gb=BT106128 1987919
.23 GQ03116_O08.1_clone=GQ03116_O08_cluster=GQ03116_O08_status=complete_gb=BT108102 285872
.50 GQ03116_O08.1_clone=GQ03116_O08_cluster=GQ03116_O08_status=complete_gb=BT108102 2050250
.18 GQ03116_O08.1_clone=GQ03116_O08_cluster=GQ03116_O08_status=complete_gb=BT108102 2022438
.58 GQ00610_J01.1_clone=GQ00610_J01_cluster=GQ00610_J01_status=complete_gb=BT100916 2028374
.41 GQ03302_D17.1_clone=GQ03302_D17_cluster=GQ03302_D17_status=complete_gb=BT111687 1992021
.24 GQ03302_D17.1_clone=GQ03302_D17_cluster=GQ03302_D17_status=complete_gb=BT111687 1985001
.54 GQ02806_D02.1_clone=GQ02806_D02_cluster=GQ02806_D02_status=complete_gb=BT104080 2050232
.44 GQ02806_D02.1_clone=GQ02806_D02_cluster=GQ02806_D02_status=complete_gb=BT104080 2050232
.67 GQ03918_J01.1_clone=GQ03918_J01_cluster=GQ03918_J01_status=complete_gb=BT117961 499696
.32 GQ03918_J01.1_clone=GQ03918_J01_cluster=GQ03918_J01_status=complete_gb=BT117961 1992688
.13 GQ03203_K08.2_clone=GQ03203_K08_cluster=GQ03203_K08_status=complete_gb=BT109009 2005449
.78 GQ03203_K08.2_clone=GQ03203_K08_cluster=GQ03203_K08_status=complete_gb=BT109009 2050169
.99 GQ02818_I04.1_clone=GQ02818_I04_cluster=GQ02818_I04_status=complete_gb=BT105098 2050210
.64 GQ02820_N02.1_clone=GQ02820_N02_cluster=GQ02820_N02_status=complete_gb=BT105316 2049946
.33 GQ02820_N02.1_clone=GQ02820_N02_cluster=GQ02820_N02_status=complete_gb=BT105316 692452
.51 GQ03214_O21.1_clone=GQ03214_O21_cluster=GQ03214_O21_status=complete_gb=BT110014 115724
.36 GQ03214_O21.1_clone=GQ03214_O21_cluster=GQ03214_O21_status=complete_gb=BT110014 2049385
.32 GQ03214_O21.1_clone=GQ03214_O21_cluster=GQ03214_O21_status=complete_gb=BT110014 2003167
.13 GQ03214_O21.1_clone=GQ03214_O21_cluster=GQ03214_O21_status=complete_gb=BT110014 2023201
.98 GQ04107_E01.1_clone=GQ04107_E01_cluster=GQ04107_E01_status=complete_gb=BT119564 2050266
.58 GQ03324_D08.1_clone=GQ03324_D08_cluster=GQ03324_D08_status=complete_gb=BT113003 1984063
.39 GQ03324_D08.1_clone=GQ03324_D08_cluster=GQ03324_D08_status=complete_gb=BT113003 1003495
.25 GQ03324_D08.1_clone=GQ03324_D08_cluster=GQ03324_D08_status=complete_gb=BT113003 2043865
.24 GQ03801_K11.1_clone=GQ03801_K11_cluster=GQ03801_K11_status=complete_gb=BT116545 810063
.24 GQ03801_K11.1_clone=GQ03801_K11_cluster=GQ03801_K11_status=complete_gb=BT116545 984260
.48 GQ03801_K11.1_clone=GQ03801_K11_cluster=GQ03801_K11_status=complete_gb=BT116545 2050215
.15 GQ03801_K11.1_clone=GQ03801_K11_cluster=GQ03801_K11_status=complete_gb=BT116545 1993770
.37 GQ02829_F21.1_clone=GQ02829_F21_cluster=GQ02829_F21_status=complete_gb=BT105853 1987417
.14 GQ02829_F21.1_clone=GQ02829_F21_cluster=GQ02829_F21_status=complete_gb=BT105853 1988409
.62 WS0072_E07.1_clone=WS0072_E07_cluster=WS0072_E07_status=3 678749
.41 WS0072_E07.1_clone=WS0072_E07_cluster=WS0072_E07_status=3 2013086
.15 WS0072_E07.1_clone=WS0072_E07_cluster=WS0072_E07_status=3 2021110
.36 GQ02010_M14.1_clone=GQ02010_M14_cluster=GQ02010_M14_status=complete_gb=BT102672 1988702
.15 GQ02010_M14.1_clone=GQ02010_M14_cluster=GQ02010_M14_status=complete_gb=BT102672 2022671
.02 GQ02010_M14.1_clone=GQ02010_M14_cluster=GQ02010_M14_status=complete_gb=BT102672 1988702
.46 GQ03514_M24.1_clone=GQ03514_M24_cluster=GQ03514_M24_status=complete_gb=BT114453 2050176
.71 GQ03122_H04.1_clone=GQ03122_H04_cluster=GQ03122_H04_status=complete_gb=BT108478 2039565
.26 GQ03603_O09.1_clone=GQ03603_O09_cluster=GQ03603_O09_status=complete_gb=BT114865 1990119
.26 GQ03603_O09.1_clone=GQ03603_O09_cluster=GQ03603_O09_status=complete_gb=BT114865 2050167
.37 GQ03204_L18.1_clone=GQ03204_L18_cluster=GQ03204_L18_status=complete_gb=BT109104 2050140
.25 GQ03204_L18.1_clone=GQ03204_L18_cluster=GQ03204_L18_status=complete_gb=BT109104 2050140
.25 GQ03204_L18.1_clone=GQ03204_L18_cluster=GQ03204_L18_status=complete_gb=BT109104 1998020
.45 GQ0208_D04.1_clone=GQ0208_D04_cluster=GQ0208_D04_status=53 2050254
.33 GQ0208_D04.1_clone=GQ0208_D04_cluster=GQ0208_D04_status=53 2004651
.31 GQ0208_D04.1_clone=GQ0208_D04_cluster=GQ0208_D04_status=53 2050254
.15 GQ0208_D04.1_clone=GQ0208_D04_cluster=GQ0208_D04_status=53 611890
.13 GQ03718_K11.1_clone=GQ03718_K11_cluster=GQ03718_K11_status=complete_gb=BT116435 542220
.83 GQ03718_K11.1_clone=GQ03718_K11_cluster=GQ03718_K11_status=complete_gb=BT116435 2050062
.99 GQ03313_H01.1_clone=GQ03313_H01_cluster=GQ03313_H01_status=complete_gb=BT112320 2050142
.29 GQ03107_E05.1_clone=GQ03107_E05_cluster=GQ03107_E05_status=complete_gb=BT107417 2049721
.20 GQ03107_E05.1_clone=GQ03107_E05_cluster=GQ03107_E05_status=complete_gb=BT107417 809593
.15 GQ03107_E05.1_clone=GQ03107_E05_cluster=GQ03107_E05_status=complete_gb=BT107417 487545
.13 GQ03107_E05.1_clone=GQ03107_E05_cluster=GQ03107_E05_status=complete_gb=BT107417 1986917
.11 GQ03107_E05.1_clone=GQ03107_E05_cluster=GQ03107_E05_status=complete_gb=BT107417 347114
.66 GQ04002_M07.1_clone=GQ04002_M07_cluster=GQ04002_M07_status=complete_gb=BT118131 2050162
.26 GQ04002_M07.1_clone=GQ04002_M07_cluster=GQ04002_M07_status=complete_gb=BT118131 1995691
.49 GQ04111_B16.1_clone=GQ04111_B16_cluster=GQ04111_B16_status=complete_gb=BT119849 1987600
.84 GQ03702_N19.1_clone=GQ03702_N19_cluster=GQ03702_N19_status=complete_gb=BT115618 2050206
.12 GQ03702_N19.1_clone=GQ03702_N19_cluster=GQ03702_N19_status=complete_gb=BT115618 462033
.06 GQ03702_N19.1_clone=GQ03702_N19_cluster=GQ03702_N19_status=complete_gb=BT115618 1310413
.37 GQ04012_A01.1_clone=GQ04012_A01_cluster=GQ04012_A01_status=complete_gb=BT118930 2050268
.32 GQ04012_A01.1_clone=GQ04012_A01_cluster=GQ04012_A01_status=complete_gb=BT118930 1997475
.27 GQ04012_A01.1_clone=GQ04012_A01_cluster=GQ04012_A01_status=complete_gb=BT118930 2050268
.84 GQ02830_H03.1_clone=GQ02830_H03_cluster=GQ02830_H03_status=complete_gb=BT105953 2050166
.85 WS02627_B12.1_clone=WS02627_B12_cluster=WS02627_B12_status=complete 2049241
.46 WS02627_B12.1_clone=WS02627_B12_cluster=WS02627_B12_status=complete 1992674
.47 WS02627_B12.1_clone=WS02627_B12_cluster=WS02627_B12_status=complete 1985716
.35 WS02627_B12.1_clone=WS02627_B12_cluster=WS02627_B12_status=complete 1992673
.34 WS02627_B12.1_clone=WS02627_B12_cluster=WS02627_B12_status=complete 2011054
.40 GQ03913_M10.2_clone=GQ03913_M10_cluster=GQ03913_M10_status=53 2049963
.11 GQ03913_M10.2_clone=GQ03913_M10_cluster=GQ03913_M10_status=53 591969
.10 GQ03913_M10.2_clone=GQ03913_M10_cluster=GQ03913_M10_status=53 2017085
.53 GQ03122_O02.1_clone=GQ03122_O02_cluster=GQ03122_O02_status=complete_gb=BT108511 2049370
.35 GQ03122_O02.1_clone=GQ03122_O02_cluster=GQ03122_O02_status=complete_gb=BT108511 485804
.35 GQ03122_O02.1_clone=GQ03122_O02_cluster=GQ03122_O02_status=complete_gb=BT108511 2005120
.15 GQ03515_I22.1_clone=GQ03515_I22_cluster=GQ03515_I22_status=complete_gb=BT114491 1989259
.15 GQ03515_I22.1_clone=GQ03515_I22_cluster=GQ03515_I22_status=complete_gb=BT114491 2050258
.28 GQ03412_N16.1_clone=GQ03412_N16_cluster=GQ03412_N16_status=complete_gb=BT113550 2050193
.13 GQ03412_N16.1_clone=GQ03412_N16_cluster=GQ03412_N16_status=complete_gb=BT113550 2050193
.23 GQ03412_N16.1_clone=GQ03412_N16_cluster=GQ03412_N16_status=complete_gb=BT113550 2050193
.71 GQ04013_O02.1_clone=GQ04013_O02_cluster=GQ04013_O02_status=complete_gb=BT119053 2050175
.08 GQ04013_O02.1_clone=GQ04013_O02_cluster=GQ04013_O02_status=complete_gb=BT119053 1988027
.44 GQ03302_P21.1_clone=GQ03302_P21_cluster=GQ03302_P21_status=complete_gb=BT111740 2049833
.34 GQ03302_P21.1_clone=GQ03302_P21_cluster=GQ03302_P21_status=complete_gb=BT111740 2000055
.89 GQ03715_K17.2_clone=GQ03715_K17_cluster=GQ03715_K17_status=complete_gb=BT116303 2050201
.89 GQ0208_F05.1_clone=GQ0208_F05_cluster=GQ0208_F05_status=complete_gb=BT103201 2050198
.34 GQ03308_N12.1_clone=GQ03308_N12_cluster=GQ03308_N12_status=complete_gb=BT112017 2049860
.72 GQ02013_G01.1_clone=GQ02013_G01_cluster=GQ02013_G01_status=complete_gb=BT102739 2050083
.10 GQ02013_G01.1_clone=GQ02013_G01_cluster=GQ02013_G01_status=complete_gb=BT102739 1210632
.66 GQ03605_E07.1_clone=GQ03605_E07_cluster=GQ03605_E07_status=5 2049619
.25 GQ03605_E07.1_clone=GQ03605_E07_cluster=GQ03605_E07_status=5 1169838
.25 GQ03605_E07.1_clone=GQ03605_E07_cluster=GQ03605_E07_status=5 608231
.25 GQ03605_E07.1_clone=GQ03605_E07_cluster=GQ03605_E07_status=5 1984916
.25 GQ03605_E07.1_clone=GQ03605_E07_cluster=GQ03605_E07_status=5 131311
.61 GQ03803_A09.3_clone=GQ03803_A09_cluster=GQ03803_A09_status=53 2050152
.37 GQ04101_J18.1_clone=GQ04101_J18_cluster=GQ04101_J18_status=complete_gb=BT119118 168978
.39 GQ04101_J18.1_clone=GQ04101_J18_cluster=GQ04101_J18_status=complete_gb=BT119118 1989773
.35 GQ03234_A14.1_clone=GQ03234_A14_cluster=GQ03234_A14_status=complete_gb=BT111187 2049696
.10 GQ03234_A14.1_clone=GQ03234_A14_cluster=GQ03234_A14_status=complete_gb=BT111187 816725
.10 GQ03234_A14.1_clone=GQ03234_A14_cluster=GQ03234_A14_status=complete_gb=BT111187 614758
.31 GQ03238_E14.1_clone=GQ03238_E14_cluster=GQ03238_E14_status=complete_gb=BT111479 490291
.46 GQ03238_E14.1_clone=GQ03238_E14_cluster=GQ03238_E14_status=complete_gb=BT111479 667311
.92 GQ03816_J04.1_clone=GQ03816_J04_cluster=GQ03816_J04_status=complete_gb=BT117292 2050149
.14 GQ03814_E07.1_clone=GQ03814_E07_cluster=GQ03814_E07_status=complete_gb=BT117172 671734
.24 GQ03814_E07.1_clone=GQ03814_E07_cluster=GQ03814_E07_status=complete_gb=BT117172 383772
.20 WS00819_E21.1_clone=WS00819_E21_cluster=WS00819_E21_status=complete 1224080
.35 WS00819_E21.1_clone=WS00819_E21_cluster=WS00819_E21_status=complete 356375
.30 GQ03214_N04.1_clone=GQ03214_N04_cluster=GQ03214_N04_status=complete_gb=BT110003 1986351
.14 GQ03214_N04.1_clone=GQ03214_N04_cluster=GQ03214_N04_status=complete_gb=BT110003 761512
.57 GQ03417_O11.1_clone=GQ03417_O11_cluster=GQ03417_O11_status=complete_gb=BT113701 1987810
.38 GQ03105_K19.1_clone=GQ03105_K19_cluster=GQ03105_K19_status=complete_gb=BT107318 2049807
.04 GQ03105_K19.1_clone=GQ03105_K19_cluster=GQ03105_K19_status=complete_gb=BT107318 1998544
.43 GQ03103_I04.1_clone=GQ03103_I04_cluster=GQ03103_I04_status=complete_gb=BT107161 2050148
.24 GQ04004_L04.1_clone=GQ04004_L04_cluster=GQ04004_L04_status=complete_gb=BT118288 893079
.16 GQ04004_L04.1_clone=GQ04004_L04_cluster=GQ04004_L04_status=complete_gb=BT118288 359503
.12 GQ04004_L04.1_clone=GQ04004_L04_cluster=GQ04004_L04_status=complete_gb=BT118288 485363
.15 GQ04104_D02.3_clone=GQ04104_D02_cluster=GQ04104_D02_status=complete_gb=BT119326 1994087
.78 GQ04104_D02.3_clone=GQ04104_D02_cluster=GQ04104_D02_status=complete_gb=BT119326 2050205
.47 GQ03405_B22.2_clone=GQ03405_B22_cluster=GQ03405_B22_status=complete_gb=BT113326 2046182
.51 GQ03405_B22.2_clone=GQ03405_B22_cluster=GQ03405_B22_status=complete_gb=BT113326 2049772
.46 GQ03902_J10.4_clone=GQ03902_J10_cluster=GQ03902_J10_status=53 2049415
.28 GQ03902_J10.4_clone=GQ03902_J10_cluster=GQ03902_J10_status=53 401752
.17 GQ03902_J10.4_clone=GQ03902_J10_cluster=GQ03902_J10_status=53 2002501
.12 GQ03902_J10.4_clone=GQ03902_J10_cluster=GQ03902_J10_status=53 1987816
.43 GQ03202_I05.1_clone=GQ03202_I05_cluster=GQ03202_I05_status=complete_gb=BT108918 1995307
.39 GQ03301_H14.1_clone=GQ03301_H14_cluster=GQ03301_H14_status=complete_gb=BT111624 331457
.51 GQ03301_H14.1_clone=GQ03301_H14_cluster=GQ03301_H14_status=complete_gb=BT111624 2027765
.85 GQ02808_N14.1_clone=GQ02808_N14_cluster=GQ02808_N14_status=complete_gb=BT104313 2050147
.36 GQ04008_C10.1_clone=GQ04008_C10_cluster=GQ04008_C10_status=complete_gb=BT118604 2049863
.55 WS00728_M07.1_clone=WS00728_M07_cluster=WS00728_M07_status=complete 285735
.32 WS00728_M07.1_clone=WS00728_M07_cluster=WS00728_M07_status=complete 1991725
.35 WS00728_M07.1_clone=WS00728_M07_cluster=WS00728_M07_status=complete 1989326
.17 WS00728_M07.1_clone=WS00728_M07_cluster=WS00728_M07_status=complete 1126915
.14 WS00728_M07.1_clone=WS00728_M07_cluster=WS00728_M07_status=complete 901876
.24 GQ04003_M21.1_clone=GQ04003_M21_cluster=GQ04003_M21_status=complete_gb=BT118222 1999443
.73 GQ04003_M21.1_clone=GQ04003_M21_cluster=GQ04003_M21_status=complete_gb=BT118222 2050172
.60 GQ03416_N24.2_clone=GQ03416_N24_cluster=GQ03416_N24_status=complete_gb=BT113674 1986795
.50 GQ03416_N24.2_clone=GQ03416_N24_cluster=GQ03416_N24_status=complete_gb=BT113674 1990322
.21 GQ03416_N24.2_clone=GQ03416_N24_cluster=GQ03416_N24_status=complete_gb=BT113674 1989688
.19 GQ03416_N24.2_clone=GQ03416_N24_cluster=GQ03416_N24_status=complete_gb=BT113674 223303
.34 GQ0133_O14.1_clone=GQ0133_O14_cluster=GQ0133_O14_status=complete_gb=BT101943 2049778
.17 GQ0133_O14.1_clone=GQ0133_O14_cluster=GQ0133_O14_status=complete_gb=BT101943 2031776
.86 GQ04005_K02.2_clone=GQ04005_K02_cluster=GQ04005_K02_status=complete_gb=BT118368 2050251
.34 GQ04101_P05.1_clone=GQ04101_P05_cluster=GQ04101_P05_status=complete_gb=BT119147 2050226
.26 GQ04101_P05.1_clone=GQ04101_P05_cluster=GQ04101_P05_status=complete_gb=BT119147 409657
.23 GQ04101_P05.1_clone=GQ04101_P05_cluster=GQ04101_P05_status=complete_gb=BT119147 2049389
.22 GQ03708_P03.1_clone=GQ03708_P03_cluster=GQ03708_P03_status=complete_gb=BT115924 84228
.77 GQ03708_P03.1_clone=GQ03708_P03_cluster=GQ03708_P03_status=complete_gb=BT115924 2050190
.11 WS0262_E23.1_clone=WS0262_E23_cluster=WS0262_E23_status=complete 1995615
.87 WS0262_E23.1_clone=WS0262_E23_cluster=WS0262_E23_status=complete 2031307
.62 GQ02812_E22.1_clone=GQ02812_E22_cluster=GQ02812_E22_status=complete_gb=BT104595 2050216
.15 GQ02812_E22.1_clone=GQ02812_E22_cluster=GQ02812_E22_status=complete_gb=BT104595 2050216
.25 GQ02907_A13.1_clone=GQ02907_A13_cluster=GQ02907_A13_status=complete_gb=BT106312 536511
.63 GQ02907_A13.1_clone=GQ02907_A13_cluster=GQ02907_A13_status=complete_gb=BT106312 343903
.53 GQ03810_B16.1_clone=GQ03810_B16_cluster=GQ03810_B16_status=complete_gb=BT116954 367505
.45 GQ03810_B16.1_clone=GQ03810_B16_cluster=GQ03810_B16_status=complete_gb=BT116954 2049381
.27 GQ03408_K04.1_clone=GQ03408_K04_cluster=GQ03408_K04_status=complete_gb=BT113442 2050156
.61 GQ02812_G08.1_clone=GQ02812_G08_cluster=GQ02812_G08_status=complete_gb=BT104601 2050002
.33 GQ04005_N10.1_clone=GQ04005_N10_cluster=GQ04005_N10_status=complete_gb=BT118385 2013204
.32 GQ04005_N10.1_clone=GQ04005_N10_cluster=GQ04005_N10_status=complete_gb=BT118385 1988856
.25 GQ04005_N10.1_clone=GQ04005_N10_cluster=GQ04005_N10_status=complete_gb=BT118385 1985107
.22 GQ03803_J20.1_clone=GQ03803_J20_cluster=GQ03803_J20_status=complete_gb=BT116631 356006
.18 GQ03803_J20.1_clone=GQ03803_J20_cluster=GQ03803_J20_status=complete_gb=BT116631 551602
.69 GQ03325_I10.1_clone=GQ03325_I10_cluster=GQ03325_I10_status=complete_gb=BT113091 2050177
.14 GQ03325_I10.1_clone=GQ03325_I10_cluster=GQ03325_I10_status=complete_gb=BT113091 1260319
.18 GQ03906_I03.1_clone=GQ03906_I03_cluster=GQ03906_I03_status=complete_gb=BT117655 1984287
.12 GQ03906_I03.1_clone=GQ03906_I03_cluster=GQ03906_I03_status=complete_gb=BT117655 2011877
.38 GQ0201_A22.1_clone=GQ0201_A22_cluster=GQ0201_A22_status=5 1996880
.29 GQ0201_A22.1_clone=GQ0201_A22_cluster=GQ0201_A22_status=5 1002462
.99 GQ03319_D13.1_clone=GQ03319_D13_cluster=GQ03319_D13_status=complete_gb=BT112666 2050146
.12 GQ0046_K04.1_clone=GQ0046_K04_cluster=GQ0046_K04_status=complete_gb=BT100829 1996607
.87 GQ0046_K04.1_clone=GQ0046_K04_cluster=GQ0046_K04_status=complete_gb=BT100829 1998444
.53 GQ03615_C02.1_clone=GQ03615_C02_cluster=GQ03615_C02_status=complete_gb=BT115370 1988446
.19 GQ03615_C02.1_clone=GQ03615_C02_cluster=GQ03615_C02_status=complete_gb=BT115370 835093
.16 GQ03615_C02.1_clone=GQ03615_C02_cluster=GQ03615_C02_status=complete_gb=BT115370 2022443
.22 GQ04007_D14.3_clone=GQ04007_D14_cluster=GQ04007_D14_status=complete_gb=BT118516 1984481
.48 GQ0068_O21.1_clone=GQ0068_O21_cluster=GQ0068_O21_status=53 1984585
.28 GQ0068_O21.1_clone=GQ0068_O21_cluster=GQ0068_O21_status=53 2050030
.36 GQ02905_B19.1_clone=GQ02905_B19_cluster=GQ02905_B19_status=complete_gb=BT106212 2049572
.18 GQ02905_B19.1_clone=GQ02905_B19_cluster=GQ02905_B19_status=complete_gb=BT106212 579814
.85 GQ03107_O06.1_clone=GQ03107_O06_cluster=GQ03107_O06_status=complete_gb=BT107471 2050214
.52 GQ03324_J10.1_clone=GQ03324_J10_cluster=GQ03324_J10_status=complete_gb=BT113016 2049523
.45 GQ03324_J10.1_clone=GQ03324_J10_cluster=GQ03324_J10_status=complete_gb=BT113016 203928
.23 GQ03214_O24.1_clone=GQ03214_O24_cluster=GQ03214_O24_status=complete_gb=BT110015 403167
.36 GQ03214_O24.1_clone=GQ03214_O24_cluster=GQ03214_O24_status=complete_gb=BT110015 433583
.42 GQ03209_C03.1_clone=GQ03209_C03_cluster=GQ03209_C03_status=complete_gb=BT109496 1988643
.41 GQ03209_C03.1_clone=GQ03209_C03_cluster=GQ03209_C03_status=complete_gb=BT109496 1989948
.41 GQ03124_I20.1_clone=GQ03124_I20_cluster=GQ03124_I20_status=complete_gb=BT108628 2009161
.28 GQ03801_K08.1_clone=GQ03801_K08_cluster=GQ03801_K08_status=complete_gb=BT116544 694054
.20 GQ03801_K08.1_clone=GQ03801_K08_cluster=GQ03801_K08_status=complete_gb=BT116544 432858
.07 GQ03801_K08.1_clone=GQ03801_K08_cluster=GQ03801_K08_status=complete_gb=BT116544 432859
.07 GQ03801_K08.1_clone=GQ03801_K08_cluster=GQ03801_K08_status=complete_gb=BT116544 1989304
.28 GQ03301_J10.1_clone=GQ03301_J10_cluster=GQ03301_J10_status=complete_gb=BT111636 2050070
.35 GQ03301_J10.1_clone=GQ03301_J10_cluster=GQ03301_J10_status=complete_gb=BT111636 1991481
.73 GQ02808_F13.3_clone=GQ02808_F13_cluster=GQ02808_F13_status=complete_gb=BT104259 2050159
.47 GQ03213_N04.3_clone=GQ03213_N04_cluster=GQ03213_N04_status=complete_gb=BT109926 2050270
.12 GQ03213_N04.3_clone=GQ03213_N04_cluster=GQ03213_N04_status=complete_gb=BT109926 2050270
.37 GQ03111_P01.1_clone=GQ03111_P01_cluster=GQ03111_P01_status=complete_gb=BT107718 1983630
.32 GQ03111_P01.1_clone=GQ03111_P01_cluster=GQ03111_P01_status=complete_gb=BT107718 2049558
.11 GQ0204_H18.1_clone=GQ0204_H18_cluster=GQ0204_H18_status=complete_gb=BT102988 571419
.22 GQ0204_H18.1_clone=GQ0204_H18_cluster=GQ0204_H18_status=complete_gb=BT102988 400093
.15 GQ03116_E22.1_clone=GQ03116_E22_cluster=GQ03116_E22_status=complete_gb=BT108052 2050227
.84 GQ03116_E22.1_clone=GQ03116_E22_cluster=GQ03116_E22_status=complete_gb=BT108052 2050227
.37 WS00745_G22.1_clone=WS00745_G22_cluster=WS00745_G22_status=3 823568
.87 GQ03512_K01.1_clone=GQ03512_K01_cluster=GQ03512_K01_status=complete_gb=BT114334 2050234
.51 GQ02803_D18.1_clone=GQ02803_D18_cluster=GQ02803_D18_status=complete_gb=BT103864 2049941
.58 GQ03703_J05.1_clone=GQ03703_J05_cluster=GQ03703_J05_status=complete_gb=BT115641 2050222
.14 GQ03703_J05.1_clone=GQ03703_J05_cluster=GQ03703_J05_status=complete_gb=BT115641 121833
.07 GQ02819_K07.4_clone=GQ02819_K07_cluster=GQ02819_K07_status=complete_gb=BT105202 2010473
.80 GQ02819_K07.4_clone=GQ02819_K07_cluster=GQ02819_K07_status=complete_gb=BT105202 2050236
.95 GQ03710_G15.1_clone=GQ03710_G15_cluster=GQ03710_G15_status=complete_gb=BT116012 2050208
.69 GQ03301_G19.1_clone=GQ03301_G19_cluster=GQ03301_G19_status=complete_gb=BT111620 2050260
.35 GQ03301_G19.1_clone=GQ03301_G19_cluster=GQ03301_G19_status=complete_gb=BT111620 2016501
.10 GQ03301_G19.1_clone=GQ03301_G19_cluster=GQ03301_G19_status=complete_gb=BT111620 997817
.65 GQ02816_J10.1_clone=GQ02816_J10_cluster=GQ02816_J10_status=complete_gb=BT104917 2050265
.11 GQ02816_J10.1_clone=GQ02816_J10_cluster=GQ02816_J10_status=complete_gb=BT104917 2042316
.87 GQ02829_O21.1_clone=GQ02829_O21_cluster=GQ02829_O21_status=complete_gb=BT105907 2050196
.86 GQ03201_C16.1_clone=GQ03201_C16_cluster=GQ03201_C16_status=complete_gb=BT108799 2050180
.25 GQ03105_N03.2_clone=GQ03105_N03_cluster=GQ03105_N03_status=complete_gb=BT107327 309305
.15 GQ03105_N03.2_clone=GQ03105_N03_cluster=GQ03105_N03_status=complete_gb=BT107327 537892
.13 GQ03105_N03.2_clone=GQ03105_N03_cluster=GQ03105_N03_status=complete_gb=BT107327 570279
.14 GQ03105_N03.2_clone=GQ03105_N03_cluster=GQ03105_N03_status=complete_gb=BT107327 1989456
.06 GQ03105_N03.2_clone=GQ03105_N03_cluster=GQ03105_N03_status=complete_gb=BT107327 1990924
.23 GQ03102_D21.1_clone=GQ03102_D21_cluster=GQ03102_D21_status=complete_gb=BT107057 1353123
.55 GQ03102_D21.1_clone=GQ03102_D21_cluster=GQ03102_D21_status=complete_gb=BT107057 2049683
.21 GQ03702_B06.1_clone=GQ03702_B06_cluster=GQ03702_B06_status=complete_gb=BT115586 197385
.61 GQ04001_C15.1_clone=GQ04001_C15_cluster=GQ04001_C15_status=complete_gb=BT118012 2050084
.37 GQ04001_C15.1_clone=GQ04001_C15_cluster=GQ04001_C15_status=complete_gb=BT118012 1984846
.23 GQ04106_F21.1_clone=GQ04106_F21_cluster=GQ04106_F21_status=complete_gb=BT119493 2050259
.22 GQ04106_F21.1_clone=GQ04106_F21_cluster=GQ04106_F21_status=complete_gb=BT119493 293006
.22 GQ04106_F21.1_clone=GQ04106_F21_cluster=GQ04106_F21_status=complete_gb=BT119493 1992016
.29 GQ04106_F21.1_clone=GQ04106_F21_cluster=GQ04106_F21_status=complete_gb=BT119493 2050259
.37 GQ03912_N03.2_clone=GQ03912_N03_cluster=GQ03912_N03_status=complete_gb=BT117800 2049595
.16 GQ03912_N03.2_clone=GQ03912_N03_cluster=GQ03912_N03_status=complete_gb=BT117800 1999432
.28 GQ03907_I02.1_clone=GQ03907_I02_cluster=GQ03907_I02_status=complete_gb=BT117685 2049207
.13 GQ03907_I02.1_clone=GQ03907_I02_cluster=GQ03907_I02_status=complete_gb=BT117685 1985707
.12 GQ03907_I02.1_clone=GQ03907_I02_cluster=GQ03907_I02_status=complete_gb=BT117685 1992522
.36 GQ0205_O01.1_clone=GQ0205_O01_cluster=GQ0205_O01_status=complete_gb=BT103059 2049590
.24 GQ03403_M10.1_clone=GQ03403_M10_cluster=GQ03403_M10_status=complete_gb=BT113288 836548
.30 GQ03403_M10.1_clone=GQ03403_M10_cluster=GQ03403_M10_status=complete_gb=BT113288 149698
.79 GQ03617_K21.1_clone=GQ03617_K21_cluster=GQ03617_K21_status=complete_gb=BT115481 2049482
.20 GQ03617_K21.1_clone=GQ03617_K21_cluster=GQ03617_K21_status=complete_gb=BT115481 774734
.40 GQ03201_B23.1_clone=GQ03201_B23_cluster=GQ03201_B23_status=complete_gb=BT108793 1995880
.23 GQ03201_B23.1_clone=GQ03201_B23_cluster=GQ03201_B23_status=complete_gb=BT108793 1992250
.13 GQ02807_I09.2_clone=GQ02807_I09_cluster=GQ02807_I09_status=complete_gb=BT104195 1989325
.76 GQ02807_I09.2_clone=GQ02807_I09_cluster=GQ02807_I09_status=complete_gb=BT104195 2050249
.63 GQ03228_F23.1_clone=GQ03228_F23_cluster=GQ03228_F23_status=complete_gb=BT110817 2049951
.26 GQ03228_F23.1_clone=GQ03228_F23_cluster=GQ03228_F23_status=complete_gb=BT110817 1987478
.88 GQ03918_G09.2_clone=GQ03918_G09_cluster=GQ03918_G09_status=complete_gb=BT117957 2050046
.04 GQ03918_G09.2_clone=GQ03918_G09_cluster=GQ03918_G09_status=complete_gb=BT117957 1935688
.23 GQ03808_M10.1_clone=GQ03808_M10_cluster=GQ03808_M10_status=complete_gb=BT116892 84854
.15 GQ03808_M10.1_clone=GQ03808_M10_cluster=GQ03808_M10_status=complete_gb=BT116892 815982
.15 GQ03808_M10.1_clone=GQ03808_M10_cluster=GQ03808_M10_status=complete_gb=BT116892 414770
.58 GQ03713_K05.2_clone=GQ03713_K05_cluster=GQ03713_K05_status=complete_gb=BT116208 1985166
.24 GQ03713_K05.2_clone=GQ03713_K05_cluster=GQ03713_K05_status=complete_gb=BT116208 1987526
.48 GQ03105_C12.1_clone=GQ03105_C12_cluster=GQ03105_C12_status=complete_gb=BT107262 2049753
.58 GQ02809_O23.1_clone=GQ02809_O23_cluster=GQ02809_O23_status=complete_gb=BT104393 1997591
.51 GQ02809_O23.1_clone=GQ02809_O23_cluster=GQ02809_O23_status=complete_gb=BT104393 1983549
.19 GQ02809_O23.1_clone=GQ02809_O23_cluster=GQ02809_O23_status=complete_gb=BT104393 1985526
.19 GQ02809_O23.1_clone=GQ02809_O23_cluster=GQ02809_O23_status=complete_gb=BT104393 432787
.24 GQ03410_O07.1_clone=GQ03410_O07_cluster=GQ03410_O07_status=complete_gb=BT113495 2049429
.30 GQ03124_F19.1_clone=GQ03124_F19_cluster=GQ03124_F19_status=complete_gb=BT108612 1990208
.25 GQ03124_F19.1_clone=GQ03124_F19_cluster=GQ03124_F19_status=complete_gb=BT108612 1061358
.47 GQ03605_B14.1_clone=GQ03605_B14_cluster=GQ03605_B14_status=complete_gb=BT114914 101581
.24 GQ03214_O17.1_clone=GQ03214_O17_cluster=GQ03214_O17_status=complete_gb=BT110012 1984257
.15 GQ03214_O17.1_clone=GQ03214_O17_cluster=GQ03214_O17_status=complete_gb=BT110012 325985
.44 GQ03405_C07.1_clone=GQ03405_C07_cluster=GQ03405_C07_status=complete_gb=BT113328 1983976
.37 GQ03405_C07.1_clone=GQ03405_C07_cluster=GQ03405_C07_status=complete_gb=BT113328 1988576
.93 GQ03917_E20.4_clone=GQ03917_E20_cluster=GQ03917_E20_status=53 2050197
.15 GQ03123_O04.1_clone=GQ03123_O04_cluster=GQ03123_O04_status=complete_gb=BT108586 1991091
.51 GQ03123_O04.1_clone=GQ03123_O04_cluster=GQ03123_O04_status=complete_gb=BT108586 1987296
.68 GQ02808_N01.1_clone=GQ02808_N01_cluster=GQ02808_N01_status=complete_gb=BT104309 2049648
.16 GQ02808_N01.1_clone=GQ02808_N01_cluster=GQ02808_N01_status=complete_gb=BT104309 1462575
.54 GQ03203_M03.4_clone=GQ03203_M03_cluster=GQ03203_M03_status=53 1985897
.28 GQ03203_M03.4_clone=GQ03203_M03_cluster=GQ03203_M03_status=53 1985897
.51 GQ03239_M23.1_clone=GQ03239_M23_cluster=GQ03239_M23_status=complete_gb=BT111583 1999440
.34 GQ03239_M23.1_clone=GQ03239_M23_cluster=GQ03239_M23_status=complete_gb=BT111583 1984230
.49 GQ04102_N24.1_clone=GQ04102_N24_cluster=GQ04102_N24_status=complete_gb=BT119232 1999482
.43 GQ04102_N24.1_clone=GQ04102_N24_cluster=GQ04102_N24_status=complete_gb=BT119232 2049416
.43 GQ04102_N24.1_clone=GQ04102_N24_cluster=GQ04102_N24_status=complete_gb=BT119232 1987791
.53 GQ03232_H04.2_clone=GQ03232_H04_cluster=GQ03232_H04_status=complete_gb=BT111083 2049895
.45 GQ0013_K01.1_clone=GQ0013_K01_cluster=GQ0013_K01_status=complete_gb=BT100413 537779
.38 GQ0013_K01.1_clone=GQ0013_K01_cluster=GQ0013_K01_status=complete_gb=BT100413 1989662
.08 GQ03116_A01.1_clone=GQ03116_A01_cluster=GQ03116_A01_status=complete_gb=BT108020 483823
.75 GQ03116_A01.1_clone=GQ03116_A01_cluster=GQ03116_A01_status=complete_gb=BT108020 2050058
.21 GQ03207_I05.1_clone=GQ03207_I05_cluster=GQ03207_I05_status=complete_gb=BT109351 488209
.16 GQ03207_I05.1_clone=GQ03207_I05_cluster=GQ03207_I05_status=complete_gb=BT109351 1073374
.99 GQ02804_N11.1_clone=GQ02804_N11_cluster=GQ02804_N11_status=complete_gb=BT103976 2049441
.30 GQ02904_O01.3_clone=GQ02904_O01_cluster=GQ02904_O01_status=complete_gb=BT106200 2050209
.32 GQ03214_C08.3_clone=GQ03214_C08_cluster=GQ03214_C08_status=53 2049831
.36 GQ03613_K21.1_clone=GQ03613_K21_cluster=GQ03613_K21_status=complete_gb=BT115297 266647
.63 GQ03613_K21.1_clone=GQ03613_K21_cluster=GQ03613_K21_status=complete_gb=BT115297 1984345
.30 GQ03002_E22.1_clone=GQ03002_E22_cluster=GQ03002_E22_status=complete_gb=BT106466 1985951
.41 GQ03002_E22.1_clone=GQ03002_E22_cluster=GQ03002_E22_status=complete_gb=BT106466 1993886
.57 GQ03313_P11.1_clone=GQ03313_P11_cluster=GQ03313_P11_status=complete_gb=BT112370 2049673
.52 GQ03705_G20.1_clone=GQ03705_G20_cluster=GQ03705_G20_status=complete_gb=BT115740 2050242
.99 GQ03320_K16.1_clone=GQ03320_K16_cluster=GQ03320_K16_status=complete_gb=BT112768 2050240
.93 GQ03201_J23.3_clone=GQ03201_J23_cluster=GQ03201_J23_status=complete_gb=BT108836 2050252
.92 GQ04101_K19.2_clone=GQ04101_K19_cluster=GQ04101_K19_status=complete_gb=BT119128 2050207
.27 GQ02819_E19.1_clone=GQ02819_E19_cluster=GQ02819_E19_status=complete_gb=BT105163 2049609
.25 GQ02819_E19.1_clone=GQ02819_E19_cluster=GQ02819_E19_status=complete_gb=BT105163 436074
.21 GQ02819_E19.1_clone=GQ02819_E19_cluster=GQ02819_E19_status=complete_gb=BT105163 502957
.62 GQ03801_C24.1_clone=GQ03801_C24_cluster=GQ03801_C24_status=complete_gb=BT116518 1999351
.43 GQ03801_C24.1_clone=GQ03801_C24_cluster=GQ03801_C24_status=complete_gb=BT116518 1999352
.33 GQ03801_C24.1_clone=GQ03801_C24_cluster=GQ03801_C24_status=complete_gb=BT116518 1987991
.29 GQ03801_C24.1_clone=GQ03801_C24_cluster=GQ03801_C24_status=complete_gb=BT116518 673007
.27 GQ03801_C24.1_clone=GQ03801_C24_cluster=GQ03801_C24_status=complete_gb=BT116518 673005
.39 GQ03212_E15.2_clone=GQ03212_E15_cluster=GQ03212_E15_status=complete_gb=BT109775 2049663
.42 GQ03212_E15.2_clone=GQ03212_E15_cluster=GQ03212_E15_status=complete_gb=BT109775 2006709
.91 GQ03515_K24.1_clone=GQ03515_K24_cluster=GQ03515_K24_status=complete_gb=BT114499 2050272
.34 GQ03001_J14.1_clone=GQ03001_J14_cluster=GQ03001_J14_status=complete_gb=BT106433 482701
.52 GQ03001_J14.1_clone=GQ03001_J14_cluster=GQ03001_J14_status=complete_gb=BT106433 1989717
.48 GQ03121_D21.1_clone=GQ03121_D21_cluster=GQ03121_D21_status=complete_gb=BT108393 2022942
.44 GQ03121_D21.1_clone=GQ03121_D21_cluster=GQ03121_D21_status=complete_gb=BT108393 1991808
.35 GQ03126_J11.1_clone=GQ03126_J11_cluster=GQ03126_J11_status=complete_gb=BT108751 1984389
.32 GQ03126_J11.1_clone=GQ03126_J11_cluster=GQ03126_J11_status=complete_gb=BT108751 1984938
.25 GQ04107_D24.1_clone=GQ04107_D24_cluster=GQ04107_D24_status=complete_gb=BT119563 255792
.42 GQ04107_D24.1_clone=GQ04107_D24_cluster=GQ04107_D24_status=complete_gb=BT119563 2049462
.59 GQ0259_G14.1_clone=GQ0259_G14_cluster=GQ0259_G14_status=complete_gb=BT103617 1987107
.39 GQ0259_G14.1_clone=GQ0259_G14_cluster=GQ0259_G14_status=complete_gb=BT103617 2049973
.32 GQ02906_J22.1_clone=GQ02906_J22_cluster=GQ02906_J22_status=complete_gb=BT106286 1984562
.23 GQ02906_J22.1_clone=GQ02906_J22_cluster=GQ02906_J22_status=complete_gb=BT106286 1983382
.22 GQ02906_J22.1_clone=GQ02906_J22_cluster=GQ02906_J22_status=complete_gb=BT106286 1986278
.03 GQ02906_J22.1_clone=GQ02906_J22_cluster=GQ02906_J22_status=complete_gb=BT106286 2023106
.42 GQ03805_L04.2_clone=GQ03805_L04_cluster=GQ03805_L04_status=5 1990481
.24 GQ03805_L04.2_clone=GQ03805_L04_cluster=GQ03805_L04_status=5 110436
.62 GQ0196_O05.1_clone=GQ0196_O05_cluster=GQ0196_O05_status=complete_gb=BT102572 2049712
.24 GQ0196_O05.1_clone=GQ0196_O05_cluster=GQ0196_O05_status=complete_gb=BT102572 2001554
.24 GQ0196_O05.1_clone=GQ0196_O05_cluster=GQ0196_O05_status=complete_gb=BT102572 1983457
.21 GQ03006_D02.1_clone=GQ03006_D02_cluster=GQ03006_D02_status=complete_gb=BT106603 531330
.78 GQ03006_D02.1_clone=GQ03006_D02_cluster=GQ03006_D02_status=complete_gb=BT106603 1984893
.78 GQ03907_B06.1_clone=GQ03907_B06_cluster=GQ03907_B06_status=complete_gb=BT117672 1988741
.20 GQ03907_B06.1_clone=GQ03907_B06_cluster=GQ03907_B06_status=complete_gb=BT117672 688167
.43 GQ03239_E07.1_clone=GQ03239_E07_cluster=GQ03239_E07_status=complete_gb=BT111550 2049369
.19 GQ03239_E07.1_clone=GQ03239_E07_cluster=GQ03239_E07_status=complete_gb=BT111550 2007943
.21 GQ03310_K10.2_clone=GQ03310_K10_cluster=GQ03310_K10_status=complete_gb=BT112138 1987261
.16 GQ03310_K10.2_clone=GQ03310_K10_cluster=GQ03310_K10_status=complete_gb=BT112138 392238
.56 GQ02828_G10.1_clone=GQ02828_G10_cluster=GQ02828_G10_status=complete_gb=BT105783 2050089
.52 GQ02828_G10.1_clone=GQ02828_G10_cluster=GQ02828_G10_status=complete_gb=BT105783 214545
.52 GQ02828_G10.1_clone=GQ02828_G10_cluster=GQ02828_G10_status=complete_gb=BT105783 189480
.29 GQ02828_G10.1_clone=GQ02828_G10_cluster=GQ02828_G10_status=complete_gb=BT105783 1990077
.19 GQ0068_I06.2_clone=GQ0068_I06_cluster=GQ0068_I06_status=3 2014326
.52 GQ0068_I06.2_clone=GQ0068_I06_cluster=GQ0068_I06_status=3 2050013
.80 GQ03911_J17.1_clone=GQ03911_J17_cluster=GQ03911_J17_status=complete_gb=BT117765 2050161
.40 GQ04003_D05.2_clone=GQ04003_D05_cluster=GQ04003_D05_status=complete_gb=BT118169 2050273
.30 GQ03105_E13.1_clone=GQ03105_E13_cluster=GQ03105_E13_status=complete_gb=BT107281 1986964
.24 GQ03105_E13.1_clone=GQ03105_E13_cluster=GQ03105_E13_status=complete_gb=BT107281 754267
.47 GQ02011_E10.2_clone=GQ02011_E10_cluster=GQ02011_E10_status=53 1992233
.31 GQ02011_E10.2_clone=GQ02011_E10_cluster=GQ02011_E10_status=53 2049943
.16 GQ02011_E10.2_clone=GQ02011_E10_cluster=GQ02011_E10_status=53 1992233
.15 GQ02011_E10.2_clone=GQ02011_E10_cluster=GQ02011_E10_status=53 1992233
.86 GQ04003_E20.1_clone=GQ04003_E20_cluster=GQ04003_E20_status=complete_gb=BT118181 2050263
.99 GQ03804_I11.1_clone=GQ03804_I11_cluster=GQ03804_I11_status=complete_gb=BT116685 2050178
.31 GQ02818_D09.3_clone=GQ02818_D09_cluster=GQ02818_D09_status=complete_gb=BT105064 2050245
.33 GQ02818_D09.3_clone=GQ02818_D09_cluster=GQ02818_D09_status=complete_gb=BT105064 2050245
.30 GQ02807_D11.4_clone=GQ02807_D11_cluster=GQ02807_D11_status=53 2050271
.25 GQ02807_D11.4_clone=GQ02807_D11_cluster=GQ02807_D11_status=53 2007666
.17 GQ02807_D11.4_clone=GQ02807_D11_cluster=GQ02807_D11_status=53 2050271
.12 GQ0134_K17.2_clone=GQ0134_K17_cluster=GQ0134_K17_status=3 147315
.87 GQ0134_K17.2_clone=GQ0134_K17_cluster=GQ0134_K17_status=3 2049797
.31 GQ03716_H17.1_clone=GQ03716_H17_cluster=GQ03716_H17_status=complete_gb=BT116329 1984549
.24 GQ03716_H17.1_clone=GQ03716_H17_cluster=GQ03716_H17_status=complete_gb=BT116329 940410
.99 GQ02905_O24.4_clone=GQ02905_O24_cluster=GQ02905_O24_status=complete_gb=BT106251 2050269
.70 GQ03808_F03.1_clone=GQ03808_F03_cluster=GQ03808_F03_status=complete_gb=BT116866 1986014
.28 GQ03808_F03.1_clone=GQ03808_F03_cluster=GQ03808_F03_status=complete_gb=BT116866 1990180
.34 GQ02824_J04.1_clone=GQ02824_J04_cluster=GQ02824_J04_status=complete_gb=BT105571 477643
.34 GQ02824_J04.1_clone=GQ02824_J04_cluster=GQ02824_J04_status=complete_gb=BT105571 921785
.54 GQ03206_D03.1_clone=GQ03206_D03_cluster=GQ03206_D03_status=complete_gb=BT109234 2049643
.56 GQ04013_D16.1_clone=GQ04013_D16_cluster=GQ04013_D16_status=complete_gb=BT119001 2050061
.19 GQ04013_D16.1_clone=GQ04013_D16_cluster=GQ04013_D16_status=complete_gb=BT119001 680428
.42 GQ0071_L02.1_clone=GQ0071_L02_cluster=GQ0071_L02_status=complete_gb=BT101185 2049902
.39 GQ03227_G12.2_clone=GQ03227_G12_cluster=GQ03227_G12_status=complete_gb=BT110755 1988709
.25 GQ03227_G12.2_clone=GQ03227_G12_cluster=GQ03227_G12_status=complete_gb=BT110755 1992165
.24 GQ03227_G12.2_clone=GQ03227_G12_cluster=GQ03227_G12_status=complete_gb=BT110755 818249
.18 GQ03227_G12.2_clone=GQ03227_G12_cluster=GQ03227_G12_status=complete_gb=BT110755 654816
.10 GQ03227_G12.2_clone=GQ03227_G12_cluster=GQ03227_G12_status=complete_gb=BT110755 818249
.83 GQ02824_J01.1_clone=GQ02824_J01_cluster=GQ02824_J01_status=complete_gb=BT105569 2049655
.97 GQ03201_M14.1_clone=GQ03201_M14_cluster=GQ03201_M14_status=complete_gb=BT108852 2050218
.99 GQ02827_K12.1_clone=GQ02827_K12_cluster=GQ02827_K12_status=complete_gb=BT105743 2050188
.46 GQ02817_D06.1_clone=GQ02817_D06_cluster=GQ02817_D06_status=complete_gb=BT104973 2049953
.97 GQ02809_M15.2_clone=GQ02809_M15_cluster=GQ02809_M15_status=complete_gb=BT104383 2050255
.73 GQ03125_P08.2_clone=GQ03125_P08_cluster=GQ03125_P08_status=complete_gb=BT108716 2050093
.26 GQ03125_P08.2_clone=GQ03125_P08_cluster=GQ03125_P08_status=complete_gb=BT108716 446222
.82 GQ02901_A13.1_clone=GQ02901_A13_cluster=GQ02901_A13_status=complete_gb=BT105994 2050220
.22 GQ02901_A13.1_clone=GQ02901_A13_cluster=GQ02901_A13_status=complete_gb=BT105994 1995266
.27 GQ02901_A13.1_clone=GQ02901_A13_cluster=GQ02901_A13_status=complete_gb=BT105994 2049405
.20 GQ03213_O08.1_clone=GQ03213_O08_cluster=GQ03213_O08_status=complete_gb=BT109934 1983320
.17 GQ03213_O08.1_clone=GQ03213_O08_cluster=GQ03213_O08_status=complete_gb=BT109934 760784
.17 GQ03213_O08.1_clone=GQ03213_O08_cluster=GQ03213_O08_status=complete_gb=BT109934 2049937
.17 GQ03213_O08.1_clone=GQ03213_O08_cluster=GQ03213_O08_status=complete_gb=BT109934 568762
.48 GQ02830_L10.1_clone=GQ02830_L10_cluster=GQ02830_L10_status=5 1988986
.62 GQ03802_M16.1_clone=GQ03802_M16_cluster=GQ03802_M16_status=53 2049642
.43 GQ03205_M02.2_clone=GQ03205_M02_cluster=GQ03205_M02_status=5 2010424
.44 GQ03205_M02.2_clone=GQ03205_M02_cluster=GQ03205_M02_status=5 1989585
.17 WS00720_E22.1_clone=WS00720_E22_cluster=WS00720_E22_status=3 762377
.46 WS00720_E22.1_clone=WS00720_E22_cluster=WS00720_E22_status=3 2013976
.76 GQ0046_B04.2_clone=GQ0046_B04_cluster=GQ0046_B04_status=complete_gb=BT100809 2049733
.11 GQ0046_B04.2_clone=GQ0046_B04_cluster=GQ0046_B04_status=complete_gb=BT100809 1279635
.15 GQ03202_I03.1_clone=GQ03202_I03_cluster=GQ03202_I03_status=complete_gb=BT108917 643334
.69 GQ03202_I03.1_clone=GQ03202_I03_cluster=GQ03202_I03_status=complete_gb=BT108917 2049745
.38 GQ02816_P11.4_clone=GQ02816_P11_cluster=GQ02816_P11_status=complete_gb=BT104955 1984478
.12 GQ02816_P11.4_clone=GQ02816_P11_cluster=GQ02816_P11_status=complete_gb=BT104955 2006789
.12 GQ02816_P11.4_clone=GQ02816_P11_cluster=GQ02816_P11_status=complete_gb=BT104955 2024120
.14 GQ03303_H14.1_clone=GQ03303_H14_cluster=GQ03303_H14_status=complete_gb=BT111775 1987405
.45 GQ03303_H14.1_clone=GQ03303_H14_cluster=GQ03303_H14_status=complete_gb=BT111775 2000565
.99 GQ03711_D21.1_clone=GQ03711_D21_cluster=GQ03711_D21_status=complete_gb=BT116057 2049936
.72 GQ03711_D21.1_clone=GQ03711_D21_cluster=GQ03711_D21_status=complete_gb=BT116057 2049486
.49 GQ03234_O17.1_clone=GQ03234_O17_cluster=GQ03234_O17_status=complete_gb=BT111255 2050165
.21 GQ03234_O17.1_clone=GQ03234_O17_cluster=GQ03234_O17_status=complete_gb=BT111255 1985465
.25 GQ03519_K05.1_clone=GQ03519_K05_cluster=GQ03519_K05_status=complete_gb=BT114705 471406
.50 GQ03519_K05.1_clone=GQ03519_K05_cluster=GQ03519_K05_status=complete_gb=BT114705 1983888
.41 GQ02823_O15.1_clone=GQ02823_O15_cluster=GQ02823_O15_status=complete_gb=BT105534 2050183
.31 GQ02823_O15.1_clone=GQ02823_O15_cluster=GQ02823_O15_status=complete_gb=BT105534 2050183
.85 GQ03112_A08.1_clone=GQ03112_A08_cluster=GQ03112_A08_status=complete_gb=BT107726 2050213
.55 WS03228_G21.1_clone=WS03228_G21_cluster=WS03228_G21_status=complete 1984767
.81 WS02610_B17.1_clone=WS02610_B17_cluster=WS02610_B17_status=complete 2050233
.28 GQ0131_I01.1_clone=GQ0131_I01_cluster=GQ0131_I01_status=53 944059
.29 GQ0131_I01.1_clone=GQ0131_I01_cluster=GQ0131_I01_status=53 668495
.47 GQ0131_I01.1_clone=GQ0131_I01_cluster=GQ0131_I01_status=53 2050233
.89 GQ0074_E20.1_clone=GQ0074_E20_cluster=GQ0074_E20_status=complete_gb=BT101224 1985150
.31 GQ02824_G24.1_clone=GQ02824_G24_cluster=GQ02824_G24_status=complete_gb=BT105561 2002758
.27 GQ02824_G24.1_clone=GQ02824_G24_cluster=GQ02824_G24_status=complete_gb=BT105561 2005503
.22 GQ0063_G13.1_clone=GQ0063_G13_cluster=GQ0063_G13_status=complete_gb=BT101004 2031071
.76 GQ0063_G13.1_clone=GQ0063_G13_cluster=GQ0063_G13_status=complete_gb=BT101004 1994496
.84 GQ03228_C23.1_clone=GQ03228_C23_cluster=GQ03228_C23_status=complete_gb=BT110803 2050223
.10 GQ03228_C23.1_clone=GQ03228_C23_cluster=GQ03228_C23_status=complete_gb=BT110803 888164
.09 GQ02816_E02.1_clone=GQ02816_E02_cluster=GQ02816_E02_status=complete_gb=BT104887 1696031
.89 GQ02816_E02.1_clone=GQ02816_E02_cluster=GQ02816_E02_status=complete_gb=BT104887 2049650
.31 GQ02821_F15.2_clone=GQ02821_F15_cluster=GQ02821_F15_status=complete_gb=BT105355 318101
.22 GQ02821_F15.2_clone=GQ02821_F15_cluster=GQ02821_F15_status=complete_gb=BT105355 523999
.13 GQ02821_F15.2_clone=GQ02821_F15_cluster=GQ02821_F15_status=complete_gb=BT105355 933589
.13 GQ02821_F15.2_clone=GQ02821_F15_cluster=GQ02821_F15_status=complete_gb=BT105355 927755
.41 GQ03323_M04.1_clone=GQ03323_M04_cluster=GQ03323_M04_status=complete_gb=BT112984 51713
.32 GQ03323_M04.1_clone=GQ03323_M04_cluster=GQ03323_M04_status=complete_gb=BT112984 1985406
.65 GQ03608_P10.1_clone=GQ03608_P10_cluster=GQ03608_P10_status=complete_gb=BT115087 2049754
.19 GQ04009_B13.1_clone=GQ04009_B13_cluster=GQ04009_B13_status=complete_gb=BT118687 2002304
.79 GQ04009_B13.1_clone=GQ04009_B13_cluster=GQ04009_B13_status=complete_gb=BT118687 2050138
.39 GQ03201_A18.1_clone=GQ03201_A18_cluster=GQ03201_A18_status=complete_gb=BT108789 610869
.30 GQ03201_A18.1_clone=GQ03201_A18_cluster=GQ03201_A18_status=complete_gb=BT108789 2001278
.24 GQ03201_A18.1_clone=GQ03201_A18_cluster=GQ03201_A18_status=complete_gb=BT108789 764885
.39 GQ01301_J12.2_clone=GQ01301_J12_cluster=GQ01301_J12_status=complete_gb=BT101314 2008294
.27 GQ01301_J12.2_clone=GQ01301_J12_cluster=GQ01301_J12_status=complete_gb=BT101314 717620
.24 GQ01301_J12.2_clone=GQ01301_J12_cluster=GQ01301_J12_status=complete_gb=BT101314 1998921
.14 GQ01301_J12.2_clone=GQ01301_J12_cluster=GQ01301_J12_status=complete_gb=BT101314 2024279
.21 GQ01301_J12.2_clone=GQ01301_J12_cluster=GQ01301_J12_status=complete_gb=BT101314 222310
.57 GQ03204_K15.1_clone=GQ03204_K15_cluster=GQ03204_K15_status=complete_gb=BT109102 498893
.17 GQ03204_K15.1_clone=GQ03204_K15_cluster=GQ03204_K15_status=complete_gb=BT109102 785040
.27 GQ04105_I16.1_clone=GQ04105_I16_cluster=GQ04105_I16_status=complete_gb=BT119428 2050219
.19 GQ04105_I16.1_clone=GQ04105_I16_cluster=GQ04105_I16_status=complete_gb=BT119428 2050219
.71 GQ03002_A16.2_clone=GQ03002_A16_cluster=GQ03002_A16_status=complete_gb=BT106448 2050158
.10 GQ03002_A16.2_clone=GQ03002_A16_cluster=GQ03002_A16_status=complete_gb=BT106448 2014143
.76 GQ03715_G07.1_clone=GQ03715_G07_cluster=GQ03715_G07_status=complete_gb=BT116287 2050231
.70 GQ02829_P08.2_clone=GQ02829_P08_cluster=GQ02829_P08_status=complete_gb=BT105910 2050151
.12 GQ02829_P08.2_clone=GQ02829_P08_cluster=GQ02829_P08_status=complete_gb=BT105910 522427
.88 GQ03103_D19.2_clone=GQ03103_D19_cluster=GQ03103_D19_status=complete_gb=BT107139 1987576
.05 GQ03103_D19.2_clone=GQ03103_D19_cluster=GQ03103_D19_status=complete_gb=BT107139 648299
.43 GQ02814_C19.2_clone=GQ02814_C19_cluster=GQ02814_C19_status=complete_gb=BT104734 2050110
.28 GQ02814_C19.2_clone=GQ02814_C19_cluster=GQ02814_C19_status=complete_gb=BT104734 2000617
.27 GQ02814_C19.2_clone=GQ02814_C19_cluster=GQ02814_C19_status=complete_gb=BT104734 2002889
.26 GQ02814_C19.2_clone=GQ02814_C19_cluster=GQ02814_C19_status=complete_gb=BT104734 467497
.27 GQ02814_C19.2_clone=GQ02814_C19_cluster=GQ02814_C19_status=complete_gb=BT104734 1994718
.72 GQ04101_H24.1_clone=GQ04101_H24_cluster=GQ04101_H24_status=complete_gb=BT119106 2049843
.60 GQ03206_B11.1_clone=GQ03206_B11_cluster=GQ03206_B11_status=complete_gb=BT109222 117142
.58 GQ03206_B11.1_clone=GQ03206_B11_cluster=GQ03206_B11_status=complete_gb=BT109222 1983191
.19 GQ03206_B11.1_clone=GQ03206_B11_cluster=GQ03206_B11_status=complete_gb=BT109222 602398
.20 GQ03206_B11.1_clone=GQ03206_B11_cluster=GQ03206_B11_status=complete_gb=BT109222 581773
.56 GQ02830_D11.2_clone=GQ02830_D11_cluster=GQ02830_D11_status=complete_gb=BT105927 2049604
.22 GQ02830_D11.2_clone=GQ02830_D11_cluster=GQ02830_D11_status=complete_gb=BT105927 2001260
.22 GQ02830_D11.2_clone=GQ02830_D11_cluster=GQ02830_D11_status=complete_gb=BT105927 1171310
.22 GQ02830_D11.2_clone=GQ02830_D11_cluster=GQ02830_D11_status=complete_gb=BT105927 1990080
.21 GQ02830_D11.2_clone=GQ02830_D11_cluster=GQ02830_D11_status=complete_gb=BT105927 483543
.87 GQ03314_B10.1_clone=GQ03314_B10_cluster=GQ03314_B10_status=complete_gb=BT112378 2049659
.95 GQ03108_C10.1_clone=GQ03108_C10_cluster=GQ03108_C10_status=complete_gb=BT107483 2050225
.29 GQ03719_M22.1_clone=GQ03719_M22_cluster=GQ03719_M22_status=complete_gb=BT116497 2050246
.18 GQ03719_M22.1_clone=GQ03719_M22_cluster=GQ03719_M22_status=complete_gb=BT116497 1986753
.18 GQ03719_M22.1_clone=GQ03719_M22_cluster=GQ03719_M22_status=complete_gb=BT116497 453641
.08 GQ03719_M22.1_clone=GQ03719_M22_cluster=GQ03719_M22_status=complete_gb=BT116497 2050246
.40 GQ03916_G13.3_clone=GQ03916_G13_cluster=GQ03916_G13_status=complete_gb=BT117905 2050248
.22 GQ03916_G13.3_clone=GQ03916_G13_cluster=GQ03916_G13_status=complete_gb=BT117905 2050248
.39 GQ04109_G04.1_clone=GQ04109_G04_cluster=GQ04109_G04_status=complete_gb=BT119733 1995916
.86 GQ03213_E12.1_clone=GQ03213_E12_cluster=GQ03213_E12_status=complete_gb=BT109878 2050235
.74 GQ03216_N08.1_clone=GQ03216_N08_cluster=GQ03216_N08_status=complete_gb=BT110137 2043455
.99 GQ03806_K05.1_clone=GQ03806_K05_cluster=GQ03806_K05_status=complete_gb=BT116782 2049892
.26 GQ03708_K09.1_clone=GQ03708_K09_cluster=GQ03708_K09_status=complete_gb=BT115910 2001347
.37 GQ03708_K09.1_clone=GQ03708_K09_cluster=GQ03708_K09_status=complete_gb=BT115910 479881
.29 GQ03313_E16.1_clone=GQ03313_E16_cluster=GQ03313_E16_status=complete_gb=BT112306 2033146
.64 GQ03313_E16.1_clone=GQ03313_E16_cluster=GQ03313_E16_status=complete_gb=BT112306 2049536
.18 GQ03707_P09.1_clone=GQ03707_P09_cluster=GQ03707_P09_status=complete_gb=BT115883 2003941
.67 GQ03707_P09.1_clone=GQ03707_P09_cluster=GQ03707_P09_status=complete_gb=BT115883 2050224
.35 GQ0204_I03.1_clone=GQ0204_I03_cluster=GQ0204_I03_status=complete_gb=BT102990 655599
.30 GQ0204_I03.1_clone=GQ0204_I03_cluster=GQ0204_I03_status=complete_gb=BT102990 1992672
.37 GQ0204_I03.1_clone=GQ0204_I03_cluster=GQ0204_I03_status=complete_gb=BT102990 1992563
.20 GQ0204_I03.1_clone=GQ0204_I03_cluster=GQ0204_I03_status=complete_gb=BT102990 1992562
.05 GQ0204_I03.1_clone=GQ0204_I03_cluster=GQ0204_I03_status=complete_gb=BT102990 2038434
.60 GQ0167_E03.1_clone=GQ0167_E03_cluster=GQ0167_E03_status=complete_gb=BT102141 2049969
.14 GQ0167_E03.1_clone=GQ0167_E03_cluster=GQ0167_E03_status=complete_gb=BT102141 1988266
.31 WS0321_C18.1_clone=WS0321_C18_cluster=WS0321_C18_status=complete 1988521
.68 WS0321_C18.1_clone=WS0321_C18_cluster=WS0321_C18_status=complete 1983941
.29 GQ03208_E21.1_clone=GQ03208_E21_cluster=GQ03208_E21_status=complete_gb=BT109431 2006899
.31 GQ03208_E21.1_clone=GQ03208_E21_cluster=GQ03208_E21_status=complete_gb=BT109431 419659
.21 GQ00612_F02.1_clone=GQ00612_F02_cluster=GQ00612_F02_status=complete_gb=BT100957 2049606
.99 GQ03713_I08.1_clone=GQ03713_I08_cluster=GQ03713_I08_status=complete_gb=BT116200 2050139
.28 GQ03912_I12.1_clone=GQ03912_I12_cluster=GQ03912_I12_status=complete_gb=BT117793 1089540
.69 GQ03912_I12.1_clone=GQ03912_I12_cluster=GQ03912_I12_status=complete_gb=BT117793 2050079
.47 GQ02819_P16.1_clone=GQ02819_P16_cluster=GQ02819_P16_status=complete_gb=BT105231 1984865
.19 GQ01307_A11.3_clone=GQ01307_A11_cluster=GQ01307_A11_status=complete_gb=BT101544 2049544
.19 GQ01307_A11.3_clone=GQ01307_A11_cluster=GQ01307_A11_status=complete_gb=BT101544 297592
.24 GQ02802_N15.1_clone=GQ02802_N15_cluster=GQ02802_N15_status=complete_gb=BT103835 2003725
.62 GQ02802_N15.1_clone=GQ02802_N15_cluster=GQ02802_N15_status=complete_gb=BT103835 2049767
.94 GQ04112_N08.2_clone=GQ04112_N08_cluster=GQ04112_N08_status=complete_gb=BT119940 2050143
.58 GQ0074_G14.1_clone=GQ0074_G14_cluster=GQ0074_G14_status=complete_gb=BT101226 2050186
.35 GQ0074_G14.1_clone=GQ0074_G14_cluster=GQ0074_G14_status=complete_gb=BT101226 610430
.13 GQ03107_D01.2_clone=GQ03107_D01_cluster=GQ03107_D01_status=complete_gb=BT107408 667027
.27 GQ03107_D01.2_clone=GQ03107_D01_cluster=GQ03107_D01_status=complete_gb=BT107408 667028
.15 GQ03116_L02.1_clone=GQ03116_L02_cluster=GQ03116_L02_status=complete_gb=BT108087 2049576
.83 GQ03116_L02.1_clone=GQ03116_L02_cluster=GQ03116_L02_status=complete_gb=BT108087 1993655
.34 GQ03218_O22.1_clone=GQ03218_O22_cluster=GQ03218_O22_status=complete_gb=BT110263 1250575
.23 GQ03218_O22.1_clone=GQ03218_O22_cluster=GQ03218_O22_status=complete_gb=BT110263 1029193
.18 GQ03218_O22.1_clone=GQ03218_O22_cluster=GQ03218_O22_status=complete_gb=BT110263 1445472
.19 GQ03218_O22.1_clone=GQ03218_O22_cluster=GQ03218_O22_status=complete_gb=BT110263 1494408
.79 WS0322_P12.1_clone=WS0322_P12_cluster=WS0322_P12_status=complete 2049823
.36 GQ03008_F05.1_clone=GQ03008_F05_cluster=GQ03008_F05_status=complete_gb=BT106697 1025551
.31 GQ03008_F05.1_clone=GQ03008_F05_cluster=GQ03008_F05_status=complete_gb=BT106697 569237
.40 GQ03008_F05.1_clone=GQ03008_F05_cluster=GQ03008_F05_status=complete_gb=BT106697 505485
.24 GQ03008_F05.1_clone=GQ03008_F05_cluster=GQ03008_F05_status=complete_gb=BT106697 209665
.23 GQ03008_F05.1_clone=GQ03008_F05_cluster=GQ03008_F05_status=complete_gb=BT106697 520233
.52 GQ03101_N16.2_clone=GQ03101_N16_cluster=GQ03101_N16_status=complete_gb=BT107022 2050230
.16 GQ03101_N16.2_clone=GQ03101_N16_cluster=GQ03101_N16_status=complete_gb=BT107022 1990378
.31 GQ03233_G04.1_clone=GQ03233_G04_cluster=GQ03233_G04_status=53 2050264
.27 GQ03233_G04.1_clone=GQ03233_G04_cluster=GQ03233_G04_status=53 376977
.13 GQ03717_F04.2_clone=GQ03717_F04_cluster=GQ03717_F04_status=complete_gb=BT116367 1988341
.63 GQ03717_F04.2_clone=GQ03717_F04_cluster=GQ03717_F04_status=complete_gb=BT116367 1986062
.99 GQ03118_A08.1_clone=GQ03118_A08_cluster=GQ03118_A08_status=complete_gb=BT108189 2050021
.17 GQ03319_H12.2_clone=GQ03319_H12_cluster=GQ03319_H12_status=complete_gb=BT112687 1993227
.14 GQ03319_H12.2_clone=GQ03319_H12_cluster=GQ03319_H12_status=complete_gb=BT112687 1990435
.09 GQ03319_H12.2_clone=GQ03319_H12_cluster=GQ03319_H12_status=complete_gb=BT112687 688079
.50 GQ03404_B12.2_clone=GQ03404_B12_cluster=GQ03404_B12_status=complete_gb=BT113299 2039731
.17 GQ03404_B12.2_clone=GQ03404_B12_cluster=GQ03404_B12_status=complete_gb=BT113299 1997504
.07 GQ03404_B12.2_clone=GQ03404_B12_cluster=GQ03404_B12_status=complete_gb=BT113299 2016619
.79 GQ0184_F02.1_clone=GQ0184_F02_cluster=GQ0184_F02_status=complete_gb=BT102380 2049737
.14 GQ0184_F02.1_clone=GQ0184_F02_cluster=GQ0184_F02_status=complete_gb=BT102380 430398
.83 GQ02805_B21.2_clone=GQ02805_B21_cluster=GQ02805_B21_status=complete_gb=BT104000 2050237
.08 GQ02805_B21.2_clone=GQ02805_B21_cluster=GQ02805_B21_status=complete_gb=BT104000 1206524
.47 GQ0046_N15.1_clone=GQ0046_N15_cluster=GQ0046_N15_status=complete_gb=BT100838 2008458
.16 GQ03704_C16.1_clone=GQ03704_C16_cluster=GQ03704_C16_status=complete_gb=BT115674 1986545
.10 GQ03704_C16.1_clone=GQ03704_C16_cluster=GQ03704_C16_status=complete_gb=BT115674 1983552
.61 GQ01309_L20.3_clone=GQ01309_L20_cluster=GQ01309_L20_status=complete_gb=BT101652 451907
.37 GQ01309_L20.3_clone=GQ01309_L20_cluster=GQ01309_L20_status=complete_gb=BT101652 1990703
.36 GQ03232_H17.1_clone=GQ03232_H17_cluster=GQ03232_H17_status=complete_gb=BT111085 1990235
.12 GQ03232_H17.1_clone=GQ03232_H17_cluster=GQ03232_H17_status=complete_gb=BT111085 385643
.90 GQ03312_H16.1_clone=GQ03312_H16_cluster=GQ03312_H16_status=complete_gb=BT112243 2049573
.02 GQ03312_H16.1_clone=GQ03312_H16_cluster=GQ03312_H16_status=complete_gb=BT112243 1419295
.31 GQ0193_D20.1_clone=GQ0193_D20_cluster=GQ0193_D20_status=complete_gb=BT102450 1992483
.34 GQ0193_D20.1_clone=GQ0193_D20_cluster=GQ0193_D20_status=complete_gb=BT102450 1988876
.61 GQ03119_P13.1_clone=GQ03119_P13_cluster=GQ03119_P13_status=complete_gb=BT108317 485499
.16 GQ03312_P09.1_clone=GQ03312_P09_cluster=GQ03312_P09_status=complete_gb=BT112285 1311101
.82 GQ03312_P09.1_clone=GQ03312_P09_cluster=GQ03312_P09_status=complete_gb=BT112285 2050164
.24 GQ03806_B06.4_clone=GQ03806_B06_cluster=GQ03806_B06_status=complete_gb=BT116755 1997185
.75 GQ03806_B06.4_clone=GQ03806_B06_cluster=GQ03806_B06_status=complete_gb=BT116755 2050173
.60 GQ03414_K12.1_clone=GQ03414_K12_cluster=GQ03414_K12_status=complete_gb=BT113603 1985911
.39 GQ03414_K12.1_clone=GQ03414_K12_cluster=GQ03414_K12_status=complete_gb=BT113603 274200
.67 GQ03215_E05.1_clone=GQ03215_E05_cluster=GQ03215_E05_status=complete_gb=BT110045 2011917
.37 GQ03215_E05.1_clone=GQ03215_E05_cluster=GQ03215_E05_status=complete_gb=BT110045 811018
.29 GQ03215_E05.1_clone=GQ03215_E05_cluster=GQ03215_E05_status=complete_gb=BT110045 546194
.29 GQ03215_E05.1_clone=GQ03215_E05_cluster=GQ03215_E05_status=complete_gb=BT110045 87556
.34 GQ03713_L14.1_clone=GQ03713_L14_cluster=GQ03713_L14_status=complete_gb=BT116209 2050181
.27 GQ03713_L14.1_clone=GQ03713_L14_cluster=GQ03713_L14_status=complete_gb=BT116209 2050181
.17 GQ04005_B18.1_clone=GQ04005_B18_cluster=GQ04005_B18_status=complete_gb=BT118324 983774
.62 GQ04005_B18.1_clone=GQ04005_B18_cluster=GQ04005_B18_status=complete_gb=BT118324 1995000
.27 GQ03223_N06.1_clone=GQ03223_N06_cluster=GQ03223_N06_status=complete_gb=BT110577 587250
.39 GQ03223_N06.1_clone=GQ03223_N06_cluster=GQ03223_N06_status=complete_gb=BT110577 2038841
.82 GQ03324_A05.2_clone=GQ03324_A05_cluster=GQ03324_A05_status=complete_gb=BT112996 2049661
.99 GQ03322_B06.1_clone=GQ03322_B06_cluster=GQ03322_B06_status=complete_gb=BT112872 2050203
.67 GQ03614_B09.1_clone=GQ03614_B09_cluster=GQ03614_B09_status=5 2049539
.71 GQ03409_J22.2_clone=GQ03409_J22_cluster=GQ03409_J22_status=complete_gb=BT113466 2050195
.10 GQ03409_J22.2_clone=GQ03409_J22_cluster=GQ03409_J22_status=complete_gb=BT113466 1249461
.21 GQ03102_N07.1_clone=GQ03102_N07_cluster=GQ03102_N07_status=complete_gb=BT107108 2049612
.18 GQ03102_N07.1_clone=GQ03102_N07_cluster=GQ03102_N07_status=complete_gb=BT107108 1990280
.30 GQ03817_G16.1_clone=GQ03817_G16_cluster=GQ03817_G16_status=complete_gb=BT117335 690423
.68 GQ03817_G16.1_clone=GQ03817_G16_cluster=GQ03817_G16_status=complete_gb=BT117335 2050217
.44 GQ03406_H09.1_clone=GQ03406_H09_cluster=GQ03406_H09_status=complete_gb=BT113377 2050194
.66 GQ03119_H07.1_clone=GQ03119_H07_cluster=GQ03119_H07_status=complete_gb=BT108283 2050157
.13 GQ03119_H07.1_clone=GQ03119_H07_cluster=GQ03119_H07_status=complete_gb=BT108283 1475789
.99 GQ03115_K06.1_clone=GQ03115_K06_cluster=GQ03115_K06_status=5 2050253
.24 GQ04007_J09.1_clone=GQ04007_J09_cluster=GQ04007_J09_status=complete_gb=BT118549 2050200
.07 GQ03212_C01.1_clone=GQ03212_C01_cluster=GQ03212_C01_status=complete_gb=BT109759 1995040
.75 GQ03212_C01.1_clone=GQ03212_C01_cluster=GQ03212_C01_status=complete_gb=BT109759 2050145
.13 GQ02813_K06.1_clone=GQ02813_K06_cluster=GQ02813_K06_status=complete_gb=BT104697 2017632
.75 GQ02813_K06.1_clone=GQ02813_K06_cluster=GQ02813_K06_status=complete_gb=BT104697 2050199
.66 GQ03810_M22.1_clone=GQ03810_M22_cluster=GQ03810_M22_status=complete_gb=BT116986 1984694
.52 GQ03810_M22.1_clone=GQ03810_M22_cluster=GQ03810_M22_status=complete_gb=BT116986 2049883
.18 GQ03810_M22.1_clone=GQ03810_M22_cluster=GQ03810_M22_status=complete_gb=BT116986 2023933
.71 GQ03806_I23.2_clone=GQ03806_I23_cluster=GQ03806_I23_status=complete_gb=BT116781 2013857
.59 GQ03210_A15.3_clone=GQ03210_A15_cluster=GQ03210_A15_status=53 1983643
.35 GQ03210_A15.3_clone=GQ03210_A15_cluster=GQ03210_A15_status=53 1983643
.68 GQ03012_K02.1_clone=GQ03012_K02_cluster=GQ03012_K02_status=complete_gb=BT106872 2049883
.12 GQ03012_K02.1_clone=GQ03012_K02_cluster=GQ03012_K02_status=complete_gb=BT106872 2023933
.29 GQ03608_D04.2_clone=GQ03608_D04_cluster=GQ03608_D04_status=complete_gb=BT115059 685482
.30 GQ03233_I15.2_clone=GQ03233_I15_cluster=GQ03233_I15_status=53 1990659
.11 GQ04001_D05.1_clone=GQ04001_D05_cluster=GQ04001_D05_status=complete_gb=BT118015 2006203
.76 GQ04001_D05.1_clone=GQ04001_D05_cluster=GQ04001_D05_status=complete_gb=BT118015 2050267
.66 GQ02819_E20.1_clone=GQ02819_E20_cluster=GQ02819_E20_status=complete_gb=BT105164 2049837
.41 GQ02819_E20.1_clone=GQ02819_E20_cluster=GQ02819_E20_status=complete_gb=BT105164 841051
.25 GQ03234_G22.1_clone=GQ03234_G22_cluster=GQ03234_G22_status=complete_gb=BT111216 229965
.73 GQ03234_G22.1_clone=GQ03234_G22_cluster=GQ03234_G22_status=complete_gb=BT111216 2049665
.66 GQ02808_D19.1_clone=GQ02808_D19_cluster=GQ02808_D19_status=complete_gb=BT104248 2049933
.18 GQ02808_D19.1_clone=GQ02808_D19_cluster=GQ02808_D19_status=complete_gb=BT104248 1939346
.21 GQ03233_I17.2_clone=GQ03233_I17_cluster=GQ03233_I17_status=complete_gb=BT111154 143168
.77 GQ03233_I17.2_clone=GQ03233_I17_cluster=GQ03233_I17_status=complete_gb=BT111154 2050221
.88 GQ03315_B17.1_clone=GQ03315_B17_cluster=GQ03315_B17_status=complete_gb=BT112425 2050202
.44 GQ0073_K06.2_clone=GQ0073_K06_cluster=GQ0073_K06_status=53 1992266
.35 GQ0073_K06.2_clone=GQ0073_K06_cluster=GQ0073_K06_status=53 1987167
.52 GQ03213_P20.1_clone=GQ03213_P20_cluster=GQ03213_P20_status=complete_gb=BT109938 1991869
.22 GQ03213_P20.1_clone=GQ03213_P20_cluster=GQ03213_P20_status=complete_gb=BT109938 1995013
.26 GQ02824_J22.1_clone=GQ02824_J22_cluster=GQ02824_J22_status=complete_gb=BT105574 286520
.37 GQ02824_J22.1_clone=GQ02824_J22_cluster=GQ02824_J22_status=complete_gb=BT105574 596358
.91 GQ03013_K11.1_clone=GQ03013_K11_cluster=GQ03013_K11_status=complete_gb=BT106922 2050184
.28 GQ04009_M14.1_clone=GQ04009_M14_cluster=GQ04009_M14_status=complete_gb=BT118744 2050187
.14 GQ04009_M14.1_clone=GQ04009_M14_cluster=GQ04009_M14_status=complete_gb=BT118744 2050187
.59 GQ03218_K13.1_clone=GQ03218_K13_cluster=GQ03218_K13_status=complete_gb=BT110244 1988566
.39 GQ03202_H09.1_clone=GQ03202_H09_cluster=GQ03202_H09_status=complete_gb=BT108911 2000420
.26 GQ03202_H09.1_clone=GQ03202_H09_cluster=GQ03202_H09_status=complete_gb=BT108911 2019922
.26 GQ03202_H09.1_clone=GQ03202_H09_cluster=GQ03202_H09_status=complete_gb=BT108911 2036912
.55 GQ02813_B07.1_clone=GQ02813_B07_cluster=GQ02813_B07_status=complete_gb=BT104652 2050087
.57 GQ03112_H06.1_clone=GQ03112_H06_cluster=GQ03112_H06_status=complete_gb=BT107762 2050163
.30 GQ03112_H06.1_clone=GQ03112_H06_cluster=GQ03112_H06_status=complete_gb=BT107762 2049409
.15 GQ03112_H06.1_clone=GQ03112_H06_cluster=GQ03112_H06_status=complete_gb=BT107762 1243094
.98 GQ03710_J06.1_clone=GQ03710_J06_cluster=GQ03710_J06_status=complete_gb=BT116021 2049959
.26 GQ03217_C17.1_clone=GQ03217_C17_cluster=GQ03217_C17_status=complete_gb=BT110154 825331
.88 GQ03208_J05.1_clone=GQ03208_J05_cluster=GQ03208_J05_status=complete_gb=BT109450 2050243
.44 GQ03108_C12.2_clone=GQ03108_C12_cluster=GQ03108_C12_status=complete_gb=BT107484 2050191
.12 GQ03108_C12.2_clone=GQ03108_C12_cluster=GQ03108_C12_status=complete_gb=BT107484 135078
.72 GQ03209_H20.1_clone=GQ03209_H20_cluster=GQ03209_H20_status=complete_gb=BT109522 1985275
.26 GQ03209_H20.1_clone=GQ03209_H20_cluster=GQ03209_H20_status=complete_gb=BT109522 2022869
.74 GQ0165_E23.1_clone=GQ0165_E23_cluster=GQ0165_E23_status=complete_gb=BT102058 2049552
.15 GQ0165_E23.1_clone=GQ0165_E23_cluster=GQ0165_E23_status=complete_gb=BT102058 2039678
.69 GQ0208_O21.1_clone=GQ0208_O21_cluster=GQ0208_O21_status=complete_gb=BT103227 1984672
.29 GQ0208_O21.1_clone=GQ0208_O21_cluster=GQ0208_O21_status=complete_gb=BT103227 238816
.77 GQ03705_E13.1_clone=GQ03705_E13_cluster=GQ03705_E13_status=complete_gb=BT115734 2049452
.15 GQ03705_E13.1_clone=GQ03705_E13_cluster=GQ03705_E13_status=complete_gb=BT115734 481173
.09 GQ03107_N18.2_clone=GQ03107_N18_cluster=GQ03107_N18_status=complete_gb=BT107466 1262791
.81 GQ03107_N18.2_clone=GQ03107_N18_cluster=GQ03107_N18_status=complete_gb=BT107466 2050238
.57 GQ03315_I11.1_clone=GQ03315_I11_cluster=GQ03315_I11_status=complete_gb=BT112456 2050018
.31 GQ03125_K13.1_clone=GQ03125_K13_cluster=GQ03125_K13_status=complete_gb=BT108707 602020
.31 GQ03125_K13.1_clone=GQ03125_K13_cluster=GQ03125_K13_status=complete_gb=BT108707 2014799
.24 GQ03125_K13.1_clone=GQ03125_K13_cluster=GQ03125_K13_status=complete_gb=BT108707 2050262
.17 GQ03916_L08.1_clone=GQ03916_L08_cluster=GQ03916_L08_status=complete_gb=BT117911 650447
.40 GQ02829_I07.3_clone=GQ02829_I07_cluster=GQ02829_I07_status=complete_gb=BT105865 2049799
.17 GQ03322_P01.1_clone=GQ03322_P01_cluster=GQ03322_P01_status=complete_gb=BT112933 1020731
.81 GQ03322_P01.1_clone=GQ03322_P01_cluster=GQ03322_P01_status=complete_gb=BT112933 2000171
.43 GQ03901_N10.1_clone=GQ03901_N10_cluster=GQ03901_N10_status=complete_gb=BT117508 1997023
.28 GQ03901_N10.1_clone=GQ03901_N10_cluster=GQ03901_N10_status=complete_gb=BT117508 2049928
.61 GQ0197_M23.1_clone=GQ0197_M23_cluster=GQ0197_M23_status=53 2050064
.87 GQ03716_M16.1_clone=GQ03716_M16_cluster=GQ03716_M16_status=complete_gb=BT116337 2050261
.62 GQ02902_K19.1_clone=GQ02902_K19_cluster=GQ02902_K19_status=complete_gb=BT106085 2009198
.18 GQ03213_E16.1_clone=GQ03213_E16_cluster=GQ03213_E16_status=complete_gb=BT109879 2003801
.31 GQ03213_E16.1_clone=GQ03213_E16_cluster=GQ03213_E16_status=complete_gb=BT109879 1991372
.54 GQ03609_L13.1_clone=GQ03609_L13_cluster=GQ03609_L13_status=complete_gb=BT115120 2049675
.29 WS0335_I01.1_clone=WS0335_I01_cluster=WS0335_I01_status=3 2049580
.19 WS0335_I01.1_clone=WS0335_I01_cluster=WS0335_I01_status=3 2033809
.33 GQ00410_K04.1_clone=GQ00410_K04_cluster=GQ00410_K04_status=53 2050003
.32 GQ04101_F17.1_clone=GQ04101_F17_cluster=GQ04101_F17_status=complete_gb=BT119092 2049886
.16 GQ04101_F17.1_clone=GQ04101_F17_cluster=GQ04101_F17_status=complete_gb=BT119092 540023
.29 GQ03112_P08.1_clone=GQ03112_P08_cluster=GQ03112_P08_status=complete_gb=BT107812 238158
.21 GQ03112_P08.1_clone=GQ03112_P08_cluster=GQ03112_P08_status=complete_gb=BT107812 487233
.40 GQ03304_C11.1_clone=GQ03304_C11_cluster=GQ03304_C11_status=complete_gb=BT111831 2049750
.28 GQ03304_C11.1_clone=GQ03304_C11_cluster=GQ03304_C11_status=complete_gb=BT111831 2006362
.20 GQ03304_C11.1_clone=GQ03304_C11_cluster=GQ03304_C11_status=complete_gb=BT111831 1986727
.40 GQ04013_C10.1_clone=GQ04013_C10_cluster=GQ04013_C10_status=complete_gb=BT118995 1997611
.37 GQ04013_C10.1_clone=GQ04013_C10_cluster=GQ04013_C10_status=complete_gb=BT118995 2020582
.38 GQ04012_K20.1_clone=GQ04012_K20_cluster=GQ04012_K20_status=complete_gb=BT118965 1987553
.23 GQ04012_K20.1_clone=GQ04012_K20_cluster=GQ04012_K20_status=complete_gb=BT118965 1993515
.19 GQ04012_K20.1_clone=GQ04012_K20_cluster=GQ04012_K20_status=complete_gb=BT118965 1987622
.19 GQ04012_K20.1_clone=GQ04012_K20_cluster=GQ04012_K20_status=complete_gb=BT118965 2021744
.18 GQ03003_L24.1_clone=GQ03003_L24_cluster=GQ03003_L24_status=complete_gb=BT106516 646778
.80 GQ03003_L24.1_clone=GQ03003_L24_cluster=GQ03003_L24_status=complete_gb=BT106516 1987345
.41 GQ03115_I09.1_clone=GQ03115_I09_cluster=GQ03115_I09_status=complete_gb=BT107994 1984166
.97 GQ03124_F08.1_clone=GQ03124_F08_cluster=GQ03124_F08_status=complete_gb=BT108610 2050239
.74 GQ03619_E06.1_clone=GQ03619_E06_cluster=GQ03619_E06_status=complete_gb=BT115508 1989108
