.47 maker-168479360-augustus-gene-0.12-mRNA-1 3120212
.47 maker-168479360-augustus-gene-0.12-mRNA-1 742548
.12 genemark-167990381-processed-gene-0.15-mRNA-1 3142057
.76 genemark-167990381-processed-gene-0.15-mRNA-1 3180086
.90 snap_masked-167859479-processed-gene-0.13-mRNA-1 3180078
.05 maker-168464597-augustus-gene-0.9-mRNA-1 3179909
.05 maker-168464597-augustus-gene-0.9-mRNA-1 3179676
.03 maker-168464597-augustus-gene-0.9-mRNA-1 3151663
.03 maker-168464597-augustus-gene-0.9-mRNA-1 3179584
.02 maker-168464597-augustus-gene-0.9-mRNA-1 3090862
.50 maker-168183102-snap-gene-0.20-mRNA-1 3179548
.34 maker-168183102-snap-gene-0.20-mRNA-1 3100003
.29 maker-168183102-snap-gene-0.20-mRNA-1 835541
.67 maker-168574981-snap-gene-0.12-mRNA-1 3180073
.32 maker-168574981-snap-gene-0.12-mRNA-1 396791
.26 genemark-168462078-processed-gene-0.20-mRNA-1 1179902
.30 augustus_masked-168083240-processed-gene-0.2-mRNA-1 3113053
.34 augustus_masked-168083240-processed-gene-0.2-mRNA-1 3179714
.98 augustus_masked-164065109-processed-gene-0.0-mRNA-1 3179577
.85 augustus_masked-164065109-processed-gene-0.0-mRNA-1 3103321
.77 maker-168089639-snap-gene-0.18-mRNA-2 599152
.56 maker-168089639-snap-gene-0.18-mRNA-2 3132450
.09 maker-168089639-snap-gene-0.18-mRNA-2 1252587
.20 genemark-168196846-processed-gene-0.7-mRNA-1 889193
.08 genemark-168196846-processed-gene-0.7-mRNA-1 3093396
.27 maker-168437239-augustus-gene-0.13-mRNA-1 3108328
.47 snap_masked-168514287-processed-gene-0.14-mRNA-1 3109069
.38 snap_masked-168514287-processed-gene-0.14-mRNA-1 3092700
.24 snap_masked-168514287-processed-gene-0.14-mRNA-1 816191
.24 snap_masked-168514287-processed-gene-0.14-mRNA-1 3137629
.27 augustus_masked-168287944-processed-gene-0.2-mRNA-1 586910
.72 augustus_masked-168287944-processed-gene-0.2-mRNA-1 3145776
.27 maker-168183159-augustus-gene-0.11-mRNA-1 442096
.25 maker-168183159-augustus-gene-0.11-mRNA-1 3092480
.26 maker-168183159-augustus-gene-0.11-mRNA-1 696401
.03 maker-168183159-augustus-gene-0.11-mRNA-1 3092480
.61 augustus_masked-166201476-processed-gene-0.1-mRNA-1 25941
.20 augustus_masked-166201476-processed-gene-0.1-mRNA-1 522343
.42 genemark-168371537-processed-gene-0.14-mRNA-1 3107076
.15 genemark-168371537-processed-gene-0.14-mRNA-1 3093138
.68 maker-162124767-snap-gene-0.4-mRNA-1 3089616
.31 maker-162124767-snap-gene-0.4-mRNA-1 283064
.88 augustus_masked-167882969-processed-gene-0.3-mRNA-1 3179909
.10 augustus_masked-167882969-processed-gene-0.3-mRNA-1 1112307
.10 augustus_masked-167882969-processed-gene-0.3-mRNA-1 1741544
.08 augustus_masked-167882969-processed-gene-0.3-mRNA-1 1169152
.08 augustus_masked-167882969-processed-gene-0.3-mRNA-1 1336611
.89 maker-168187152-augustus-gene-0.17-mRNA-1 3179712
.49 maker-168275167-augustus-gene-0.75-mRNA-1 600324
.03 maker-168275167-augustus-gene-0.75-mRNA-1 686764
.38 augustus_masked-168241125-processed-gene-0.13-mRNA-1 3105259
.25 augustus_masked-168256206-processed-gene-0.7-mRNA-1 3100452
.73 augustus_masked-168256206-processed-gene-0.7-mRNA-1 3095988
.58 augustus_masked-168508568-processed-gene-0.0-mRNA-1 1300894
.07 augustus_masked-168508568-processed-gene-0.0-mRNA-1 1715883
.07 augustus_masked-168508568-processed-gene-0.0-mRNA-1 1000874
.07 augustus_masked-168508568-processed-gene-0.0-mRNA-1 1077951
.07 augustus_masked-168508568-processed-gene-0.0-mRNA-1 1210809
.54 maker-168577392-snap-gene-4.100-mRNA-1 3090087
.23 maker-168577392-snap-gene-4.100-mRNA-1 3095029
.61 augustus_masked-168410902-processed-gene-0.1-mRNA-1 3179784
.27 augustus_masked-168410902-processed-gene-0.1-mRNA-1 3090245
.99 augustus_masked-168208031-processed-gene-0.1-mRNA-1 3180028
.70 snap_masked-168043987-processed-gene-0.21-mRNA-1 3179907
.16 snap_masked-168043987-processed-gene-0.21-mRNA-1 528125
.15 snap_masked-168043987-processed-gene-0.21-mRNA-1 657183
.60 snap_masked-167933582-processed-gene-0.10-mRNA-1 3179487
.58 snap_masked-167933582-processed-gene-0.10-mRNA-1 3095227
.46 maker-168206436-snap-gene-0.59-mRNA-1 3089618
.25 maker-168206436-snap-gene-0.59-mRNA-1 3089476
.07 maker-168206436-snap-gene-0.59-mRNA-1 927270
.57 maker-168567524-augustus-gene-0.88-mRNA-1 3151673
.26 maker-168567524-augustus-gene-0.88-mRNA-1 3098745
.26 maker-168567524-augustus-gene-0.88-mRNA-1 1581190
.25 genemark-168453555-processed-gene-0.1-mRNA-1 3091196
.27 genemark-168453555-processed-gene-0.1-mRNA-1 3159395
.38 augustus_masked-168494032-processed-gene-2.55-mRNA-1 417584
.61 augustus_masked-168494032-processed-gene-2.55-mRNA-1 1109493
.33 maker-168168895-augustus-gene-0.14-mRNA-1 3091552
.22 maker-168168895-augustus-gene-0.14-mRNA-1 3091350
.15 maker-168168895-augustus-gene-0.14-mRNA-1 359971
.14 maker-168168895-augustus-gene-0.14-mRNA-1 822419
.11 maker-164687760-snap-gene-0.4-mRNA-1 3104606
.73 maker-164687760-snap-gene-0.4-mRNA-1 3180023
.79 maker-168547846-snap-gene-0.34-mRNA-1 3179870
.20 maker-168547846-snap-gene-0.34-mRNA-1 3095351
.22 genemark-167794540-processed-gene-0.10-mRNA-1 1081197
.27 genemark-167794540-processed-gene-0.10-mRNA-1 3095130
.87 maker-167870375-snap-gene-0.8-mRNA-1 3180089
.48 maker-167870375-snap-gene-0.8-mRNA-1 3144206
.04 maker-167870375-snap-gene-0.8-mRNA-1 120935
.04 maker-167870375-snap-gene-0.8-mRNA-1 120981
.04 maker-167870375-snap-gene-0.8-mRNA-1 1606231
.25 genemark-168411971-processed-gene-0.42-mRNA-1 334305
.26 genemark-168411971-processed-gene-0.42-mRNA-1 3139605
.54 snap_masked-168282189-processed-gene-0.11-mRNA-1 3179951
.99 maker-168182703-snap-gene-0.20-mRNA-1 3180066
.48 augustus_masked-168576666-processed-gene-0.7-mRNA-1 3114090
.48 augustus_masked-168563766-processed-gene-0.7-mRNA-1 3126738
.22 augustus_masked-168563766-processed-gene-0.7-mRNA-1 2271392
.13 augustus_masked-168563766-processed-gene-0.7-mRNA-1 1095993
.27 augustus_masked-168563766-processed-gene-0.7-mRNA-1 3098124
.11 augustus_masked-168563766-processed-gene-0.7-mRNA-1 1664065
.27 genemark-168504253-processed-gene-0.24-mRNA-1 3180082
.18 genemark-168504253-processed-gene-0.24-mRNA-1 3180082
.37 augustus_masked-168529183-processed-gene-0.3-mRNA-1 3117937
.36 augustus_masked-168529183-processed-gene-0.3-mRNA-1 3111441
.33 augustus_masked-168529183-processed-gene-0.3-mRNA-1 3110350
.10 augustus_masked-168529183-processed-gene-0.3-mRNA-1 3095520
.99 augustus_masked-168577566-processed-gene-0.9-mRNA-1 3179961
.79 augustus_masked-167886577-processed-gene-0.9-mRNA-1 3179993
.20 augustus_masked-167886577-processed-gene-0.9-mRNA-1 3104822
.99 augustus_masked-168164349-processed-gene-0.2-mRNA-1 3179911
.06 augustus_masked-161447764-processed-gene-0.0-mRNA-1 1286076
.93 augustus_masked-161447764-processed-gene-0.0-mRNA-1 3179462
.30 snap_masked-168182662-processed-gene-0.28-mRNA-1 3108328
.99 augustus_masked-168322917-processed-gene-0.0-mRNA-1 3180026
.17 augustus_masked-164758264-processed-gene-0.0-mRNA-1 3090917
.82 augustus_masked-164758264-processed-gene-0.0-mRNA-1 3180077
.65 maker-166998445-snap-gene-0.3-mRNA-1 3094863
.09 maker-166998445-snap-gene-0.3-mRNA-1 1393175
.71 maker-167178849-snap-gene-0.4-mRNA-1 3098156
.72 augustus_masked-168331444-processed-gene-0.2-mRNA-1 3132913
.27 augustus_masked-168331444-processed-gene-0.2-mRNA-1 3101204
.71 maker-168333677-snap-gene-0.24-mRNA-1 3179810
.37 maker-168183397-snap-gene-0.31-mRNA-1 3095596
.19 maker-168183397-snap-gene-0.31-mRNA-1 3106595
.52 maker-168357047-augustus-gene-0.20-mRNA-1 649462
.21 maker-168357047-augustus-gene-0.20-mRNA-1 1238598
.53 snap_masked-161377304-processed-gene-0.1-mRNA-1 1923629
.46 snap_masked-161377304-processed-gene-0.1-mRNA-1 2331477
.51 maker-168458029-augustus-gene-0.24-mRNA-1 3121441
.23 maker-168458029-augustus-gene-0.24-mRNA-1 3125040
.44 augustus_masked-166078677-processed-gene-0.0-mRNA-1 3140628
.21 augustus_masked-166078677-processed-gene-0.0-mRNA-1 2566495
.20 augustus_masked-166078677-processed-gene-0.0-mRNA-1 2634502
.85 snap_masked-168459891-processed-gene-0.14-mRNA-1 3179798
.02 snap_masked-168459891-processed-gene-0.14-mRNA-1 3155013
.87 snap_masked-168548256-processed-gene-0.84-mRNA-1 3180092
.32 maker-168271479-augustus-gene-0.67-mRNA-1 3098083
.50 maker-168271479-augustus-gene-0.67-mRNA-1 3094528
.11 maker-168562125-augustus-gene-0.78-mRNA-1 893490
.04 maker-168562125-augustus-gene-0.78-mRNA-1 954395
.05 maker-168562125-augustus-gene-0.78-mRNA-1 3098697
.01 maker-168562125-augustus-gene-0.78-mRNA-1 3131003
.62 snap_masked-168577574-processed-gene-0.37-mRNA-1 3092540
.74 maker-168576949-augustus-gene-0.19-mRNA-1 3090101
.16 maker-168576949-augustus-gene-0.19-mRNA-1 1500565
.84 maker-168188933-augustus-gene-0.20-mRNA-1 3180085
.76 maker-168577412-augustus-gene-0.44-mRNA-1 3093848
.86 snap_masked-168254379-processed-gene-0.5-mRNA-1 3179777
.37 maker-168552379-augustus-gene-0.69-mRNA-1 3180090
.02 maker-168552379-augustus-gene-0.69-mRNA-1 3121957
.13 genemark-168577394-processed-gene-1.18-mRNA-1 3095856
.24 genemark-168577394-processed-gene-1.18-mRNA-1 3179885
.45 augustus_masked-166852943-processed-gene-0.0-mRNA-1 3092196
.45 augustus_masked-166852943-processed-gene-0.0-mRNA-1 3089457
.28 augustus_masked-163546503-processed-gene-0.0-mRNA-1 3146528
.35 augustus_masked-163546503-processed-gene-0.0-mRNA-1 3146656
.78 maker-168448061-snap-gene-0.4-mRNA-1 728419
.72 maker-168448061-snap-gene-0.4-mRNA-1 3097924
.10 maker-168448061-snap-gene-0.4-mRNA-1 2388793
.11 maker-168448061-snap-gene-0.4-mRNA-1 2782294
.06 augustus_masked-168174435-processed-gene-0.4-mRNA-1 3094014
.76 augustus_masked-168174435-processed-gene-0.4-mRNA-1 3180095
.35 augustus_masked-167865365-processed-gene-0.8-mRNA-1 613841
.15 augustus_masked-167865365-processed-gene-0.8-mRNA-1 1482153
.14 augustus_masked-167865365-processed-gene-0.8-mRNA-1 1938391
.13 augustus_masked-167865365-processed-gene-0.8-mRNA-1 1221935
.11 augustus_masked-167865365-processed-gene-0.8-mRNA-1 3091196
.56 maker-168187700-augustus-gene-0.23-mRNA-1 3179606
.39 maker-168187700-augustus-gene-0.23-mRNA-1 3180068
.31 augustus_masked-168381094-processed-gene-0.0-mRNA-1 480865
.68 augustus_masked-168381094-processed-gene-0.0-mRNA-1 3097145
.99 maker-164994526-augustus-gene-0.3-mRNA-1 3180025
.54 augustus_masked-168478332-processed-gene-0.0-mRNA-1 3179732
.05 augustus_masked-168478332-processed-gene-0.0-mRNA-1 3099292
.21 snap_masked-168575466-processed-gene-0.52-mRNA-1 3114792
.15 snap_masked-168575466-processed-gene-0.52-mRNA-1 1352190
.13 snap_masked-168575466-processed-gene-0.52-mRNA-1 1103118
.40 snap_masked-165415670-processed-gene-0.2-mRNA-1 3002802
.35 snap_masked-165415670-processed-gene-0.2-mRNA-1 414684
.34 augustus_masked-164606696-processed-gene-0.0-mRNA-1 1387109
.21 augustus_masked-164606696-processed-gene-0.0-mRNA-1 3149569
.22 augustus_masked-164606696-processed-gene-0.0-mRNA-1 2913357
.21 augustus_masked-164606696-processed-gene-0.0-mRNA-1 1296942
.82 maker-167953534-snap-gene-0.10-mRNA-1 3179560
.16 maker-167953534-snap-gene-0.10-mRNA-1 941998
.16 maker-167953534-snap-gene-0.10-mRNA-1 748103
.44 maker-164177018-snap-gene-0.4-mRNA-1 3089566
.27 maker-164177018-snap-gene-0.4-mRNA-1 69771
.98 augustus_masked-168577386-processed-gene-0.5-mRNA-1 3134654
.99 augustus_masked-168577386-processed-gene-0.5-mRNA-1 3115669
.54 augustus_masked-167908447-processed-gene-0.3-mRNA-1 3097651
.16 augustus_masked-167908447-processed-gene-0.3-mRNA-1 3092396
.15 augustus_masked-168289552-processed-gene-0.8-mRNA-1 3124161
.65 augustus_masked-168289552-processed-gene-0.8-mRNA-1 3179568
.35 maker-168185065-snap-gene-0.20-mRNA-2 3100331
.45 maker-168185065-snap-gene-0.20-mRNA-2 3096329
.73 augustus_masked-166184842-processed-gene-0.0-mRNA-1 3097735
.10 augustus_masked-166184842-processed-gene-0.0-mRNA-1 2527725
.09 augustus_masked-166184842-processed-gene-0.0-mRNA-1 3127490
.09 augustus_masked-166184842-processed-gene-0.0-mRNA-1 3111833
.25 maker-168576555-snap-gene-0.75-mRNA-1 599152
.16 maker-168197523-snap-gene-0.123-mRNA-1 3098757
.82 maker-168197523-snap-gene-0.123-mRNA-1 3179731
.60 augustus_masked-160192571-processed-gene-0.0-mRNA-1 3179686
.24 augustus_masked-160192571-processed-gene-0.0-mRNA-1 3123576
.23 augustus_masked-160192571-processed-gene-0.0-mRNA-1 3090065
.21 augustus_masked-160192571-processed-gene-0.0-mRNA-1 1393601
.86 maker-167895530-augustus-gene-0.8-mRNA-1 3180075
.13 maker-167895530-augustus-gene-0.8-mRNA-1 3090204
.32 maker-168187317-snap-gene-0.20-mRNA-1 3096945
.47 maker-168187317-snap-gene-0.20-mRNA-1 3179855
.54 genemark-168414784-processed-gene-0.4-mRNA-1 899056
.53 genemark-168414784-processed-gene-0.4-mRNA-1 869256
.54 genemark-168414784-processed-gene-0.4-mRNA-1 1486144
.60 genemark-168414784-processed-gene-0.4-mRNA-1 3103724
.54 genemark-168414784-processed-gene-0.4-mRNA-1 1338498
.77 maker-168577134-augustus-gene-0.48-mRNA-1 3179839
.11 maker-168577134-augustus-gene-0.48-mRNA-1 3095673
.46 maker-168399913-augustus-gene-0.25-mRNA-2 3180018
.53 maker-168399913-augustus-gene-0.25-mRNA-2 3180018
.38 maker-168492383-snap-gene-0.13-mRNA-1 991176
.57 maker-168492383-snap-gene-0.13-mRNA-1 3179906
.61 augustus_masked-168399287-processed-gene-0.0-mRNA-1 3180074
.19 augustus_masked-168399287-processed-gene-0.0-mRNA-1 410102
.99 maker-168151391-augustus-gene-0.5-mRNA-1 3180098
.48 maker-168527758-augustus-gene-0.6-mRNA-2 3179667
.51 maker-168527758-augustus-gene-0.6-mRNA-2 3179667
.60 maker-167204956-augustus-gene-0.6-mRNA-2 3096523
.10 maker-167204956-augustus-gene-0.6-mRNA-2 3105758
.06 maker-167204956-augustus-gene-0.6-mRNA-2 299579
.59 maker-166218110-augustus-gene-0.5-mRNA-1 288823
.32 maker-166218110-augustus-gene-0.5-mRNA-1 3095545
.22 augustus_masked-168145047-processed-gene-0.11-mRNA-1 269876
.54 augustus_masked-168145047-processed-gene-0.11-mRNA-1 3107426
.42 maker-163696862-augustus-gene-0.4-mRNA-1 763276
.37 maker-163696862-augustus-gene-0.4-mRNA-1 3094750
.30 maker-163696862-augustus-gene-0.4-mRNA-1 669734
.27 maker-163696862-augustus-gene-0.4-mRNA-1 50666
.31 augustus_masked-168147806-processed-gene-0.1-mRNA-1 3096977
.26 augustus_masked-168147806-processed-gene-0.1-mRNA-1 1065720
.44 genemark-167028408-processed-gene-0.3-mRNA-1 3095834
.75 snap_masked-168469007-processed-gene-0.7-mRNA-1 3179767
.34 maker-168133153-augustus-gene-0.15-mRNA-1 3180069
.65 maker-168133153-augustus-gene-0.15-mRNA-1 3180069
.42 augustus_masked-168233841-processed-gene-0.6-mRNA-1 3094422
.22 augustus_masked-168233841-processed-gene-0.6-mRNA-1 3179780
.22 augustus_masked-168233841-processed-gene-0.6-mRNA-1 3179996
0 augustus_masked-168233841-processed-gene-0.6-mRNA-1 96386
.98 snap_masked-168288672-processed-gene-0.9-mRNA-1 3110969
.64 augustus_masked-168565654-processed-gene-0.9-mRNA-1 3179676
.35 augustus_masked-168565654-processed-gene-0.9-mRNA-1 3093701
.57 maker-168351002-snap-gene-0.31-mRNA-1 3096303
.99 genemark-168535561-processed-gene-0.0-mRNA-1 3122367
.16 genemark-168463935-processed-gene-0.16-mRNA-1 904618
.13 genemark-168463935-processed-gene-0.16-mRNA-1 899567
.13 genemark-168463935-processed-gene-0.16-mRNA-1 994381
.12 genemark-168463935-processed-gene-0.16-mRNA-1 3134236
.09 genemark-168463935-processed-gene-0.16-mRNA-1 2904864
.46 maker-163277807-augustus-gene-0.4-mRNA-1 3101078
.45 maker-163277807-augustus-gene-0.4-mRNA-1 869322
.10 snap_masked-168447605-processed-gene-0.5-mRNA-1 1445986
.89 snap_masked-168447605-processed-gene-0.5-mRNA-1 3115777
.94 maker-168500980-snap-gene-0.76-mRNA-1 3179732
.53 maker-168396367-augustus-gene-0.6-mRNA-1 3179674
.32 maker-168396367-augustus-gene-0.6-mRNA-1 3146661
.19 augustus_masked-168312224-processed-gene-0.7-mRNA-1 739086
.05 augustus_masked-168312224-processed-gene-0.7-mRNA-1 521043
.88 augustus_masked-162771038-processed-gene-0.0-mRNA-1 3095834
.07 augustus_masked-162771038-processed-gene-0.0-mRNA-1 1070877
.06 augustus_masked-162771038-processed-gene-0.0-mRNA-1 1030019
.50 maker-168571852-augustus-gene-0.101-mRNA-1 332102
.34 maker-168571852-augustus-gene-0.101-mRNA-1 3105498
.15 maker-168571852-augustus-gene-0.101-mRNA-1 3090489
.08 maker-168571852-augustus-gene-0.101-mRNA-1 3116744
.08 maker-168571852-augustus-gene-0.101-mRNA-1 332103
.33 snap_masked-167870050-processed-gene-0.14-mRNA-1 823548
.37 maker-163649655-snap-gene-0.3-mRNA-2 3091607
.12 maker-163649655-snap-gene-0.3-mRNA-2 705346
.01 maker-163649655-snap-gene-0.3-mRNA-2 809158
.92 augustus_masked-168188665-processed-gene-0.3-mRNA-1 3180080
.12 augustus_masked-168188665-processed-gene-0.3-mRNA-1 2607480
.06 augustus_masked-168188665-processed-gene-0.3-mRNA-1 1989468
.36 augustus_masked-166177898-processed-gene-0.0-mRNA-1 998840
.19 augustus_masked-166177898-processed-gene-0.0-mRNA-1 2409040
.84 maker-168201429-augustus-gene-0.67-mRNA-1 3091841
.15 maker-168201429-augustus-gene-0.67-mRNA-1 1164658
.98 augustus_masked-168573022-processed-gene-0.8-mRNA-1 3179446
.74 maker-168561547-augustus-gene-0.16-mRNA-1 3179570
.07 maker-168561547-augustus-gene-0.16-mRNA-1 3095974
.99 maker-168495291-snap-gene-0.12-mRNA-1 3119369
.20 maker-168566919-snap-gene-0.60-mRNA-2 3098307
.79 maker-168566919-snap-gene-0.60-mRNA-2 3179633
.75 snap_masked-168490618-processed-gene-0.114-mRNA-1 3092948
.04 snap_masked-168490618-processed-gene-0.114-mRNA-1 2147240
.87 snap_masked-168462660-processed-gene-0.21-mRNA-1 3128174
.50 augustus_masked-168414969-processed-gene-0.0-mRNA-1 3179760
.48 augustus_masked-168414969-processed-gene-0.0-mRNA-1 3179869
.27 maker-168368083-augustus-gene-0.11-mRNA-1 3114434
.72 maker-168368083-augustus-gene-0.11-mRNA-1 3179882
.64 maker-167973357-augustus-gene-0.7-mRNA-1 3179910
.17 maker-167973357-augustus-gene-0.7-mRNA-1 3089836
.36 maker-168337997-augustus-gene-0.95-mRNA-1 3179868
.34 maker-168337997-augustus-gene-0.95-mRNA-1 3180076
.27 maker-168337997-augustus-gene-0.95-mRNA-1 3180076
.28 maker-168577364-augustus-gene-0.74-mRNA-1 1454060
.71 maker-168577364-augustus-gene-0.74-mRNA-1 3094141
.71 maker-167930301-augustus-gene-0.14-mRNA-1 3179956
.41 augustus_masked-168372504-processed-gene-0.4-mRNA-1 3094260
.17 augustus_masked-168372504-processed-gene-0.4-mRNA-1 779261
.17 augustus_masked-168372504-processed-gene-0.4-mRNA-1 3113200
.04 augustus_masked-168372504-processed-gene-0.4-mRNA-1 3135647
.03 augustus_masked-168372504-processed-gene-0.4-mRNA-1 3094261
.41 maker-168353020-augustus-gene-0.70-mRNA-1 3093417
.22 maker-168353020-augustus-gene-0.70-mRNA-1 1422036
.21 maker-168353020-augustus-gene-0.70-mRNA-1 31448
.20 maker-168353020-augustus-gene-0.70-mRNA-1 1319834
.67 augustus_masked-168442142-processed-gene-0.4-mRNA-1 3179916
.11 augustus_masked-168442142-processed-gene-0.4-mRNA-1 1477000
.09 augustus_masked-168442142-processed-gene-0.4-mRNA-1 975914
.99 augustus_masked-163623599-processed-gene-0.0-mRNA-1 3179464
.99 augustus_masked-163623599-processed-gene-0.0-mRNA-1 3180000
.56 maker-168218385-augustus-gene-0.32-mRNA-1 3179973
.15 maker-168185510-augustus-gene-0.15-mRNA-1 3090712
.17 maker-168185510-augustus-gene-0.15-mRNA-1 266985
.88 genemark-168332313-processed-gene-2.33-mRNA-1 3098124
.03 genemark-168332313-processed-gene-2.33-mRNA-1 3128165
.87 maker-168196242-snap-gene-0.77-mRNA-1 3179805
.06 maker-168196242-snap-gene-0.77-mRNA-1 3094919
.32 maker-168115437-augustus-gene-0.6-mRNA-1 3128223
.36 maker-168115437-augustus-gene-0.6-mRNA-1 3179888
.08 augustus_masked-168552460-processed-gene-0.27-mRNA-1 3107143
.44 augustus_masked-168552460-processed-gene-0.27-mRNA-1 3113027
.87 augustus_masked-140597266-processed-gene-0.0-mRNA-1 3179584
.12 augustus_masked-140597266-processed-gene-0.0-mRNA-1 3094993
.16 maker-167851741-augustus-gene-0.53-mRNA-1 3095466
.10 maker-167851741-augustus-gene-0.53-mRNA-1 1281997
.09 maker-167851741-augustus-gene-0.53-mRNA-1 338379
.07 maker-167851741-augustus-gene-0.53-mRNA-1 3091753
.80 maker-168312028-augustus-gene-0.49-mRNA-1 3095614
.19 maker-168312028-augustus-gene-0.49-mRNA-1 275928
.61 augustus_masked-168573479-processed-gene-0.8-mRNA-1 3180091
.75 augustus_masked-167858500-processed-gene-0.3-mRNA-1 3105376
.49 augustus_masked-167858500-processed-gene-0.3-mRNA-1 1101194
.52 augustus_masked-167858500-processed-gene-0.3-mRNA-1 1007653
.55 augustus_masked-167858500-processed-gene-0.3-mRNA-1 3145305
.35 augustus_masked-167858500-processed-gene-0.3-mRNA-1 3108911
.58 maker-167912809-snap-gene-0.5-mRNA-1 3095398
.48 maker-167912809-snap-gene-0.5-mRNA-1 3100769
.27 maker-167912809-snap-gene-0.5-mRNA-1 3112500
.39 maker-168187615-augustus-gene-0.24-mRNA-1 3180096
.36 augustus_masked-168309283-processed-gene-0.11-mRNA-1 3134477
.29 augustus_masked-168309283-processed-gene-0.11-mRNA-1 3161143
.17 augustus_masked-168309283-processed-gene-0.11-mRNA-1 1585393
.15 augustus_masked-168309283-processed-gene-0.11-mRNA-1 3102008
.19 maker-167945192-augustus-gene-0.10-mRNA-1 466861
.79 maker-167945192-augustus-gene-0.10-mRNA-1 3179937
.63 genemark-168205021-processed-gene-0.14-mRNA-1 3179651
.16 genemark-168205021-processed-gene-0.14-mRNA-1 2170187
.32 maker-163647323-snap-gene-0.4-mRNA-1 192983
.40 maker-163647323-snap-gene-0.4-mRNA-1 754588
.98 maker-168063535-snap-gene-0.54-mRNA-1 3180084
.42 maker-168551162-augustus-gene-0.47-mRNA-1 3126933
.29 maker-168551162-augustus-gene-0.47-mRNA-1 3089875
.63 maker-168211947-augustus-gene-0.64-mRNA-1 3117625
.99 augustus_masked-168523422-processed-gene-1.2-mRNA-1 3179826
.96 maker-168569481-augustus-gene-0.65-mRNA-1 3180083
.16 maker-162190909-augustus-gene-0.3-mRNA-1 669982
.54 maker-162190909-augustus-gene-0.3-mRNA-1 3179887
.77 maker-168511677-snap-gene-0.37-mRNA-1 3180097
.35 maker-168313030-snap-gene-0.74-mRNA-1 3098152
.27 maker-168313030-snap-gene-0.74-mRNA-1 3095870
.21 maker-168313030-snap-gene-0.74-mRNA-1 1088857
.16 maker-168313030-snap-gene-0.74-mRNA-1 879852
.32 genemark-168568171-processed-gene-0.11-mRNA-1 2725689
.97 maker-167278555-snap-gene-0.7-mRNA-1 3128280
.97 maker-167278555-snap-gene-0.7-mRNA-1 3093728
.80 maker-167278555-snap-gene-0.7-mRNA-1 3135264
.08 maker-168569475-snap-gene-1.99-mRNA-1 3090862
.02 maker-168569475-snap-gene-1.99-mRNA-1 3179909
.01 maker-168569475-snap-gene-1.99-mRNA-1 3090862
.01 maker-168569475-snap-gene-1.99-mRNA-1 3179884
.04 maker-168569475-snap-gene-1.99-mRNA-1 3113497
.64 maker-167914997-augustus-gene-0.55-mRNA-1 3089399
.32 maker-167914997-augustus-gene-0.55-mRNA-1 1931211
.32 maker-167914997-augustus-gene-0.55-mRNA-1 3058474
.35 maker-167914997-augustus-gene-0.55-mRNA-1 3089896
.59 augustus_masked-164474428-processed-gene-0.0-mRNA-1 1023996
.39 augustus_masked-164474428-processed-gene-0.0-mRNA-1 2614034
.09 maker-168559547-snap-gene-0.50-mRNA-1 3125467
.84 maker-168559547-snap-gene-0.50-mRNA-1 3090241
.81 snap_masked-166254506-processed-gene-0.3-mRNA-1 3108381
.25 maker-168008185-augustus-gene-0.35-mRNA-1 1045404
.51 maker-168008185-augustus-gene-0.35-mRNA-1 1248391
.26 augustus_masked-167830004-processed-gene-0.0-mRNA-1 3124127
.22 augustus_masked-167830004-processed-gene-0.0-mRNA-1 1296806
.47 maker-168565287-augustus-gene-0.43-mRNA-1 3179884
.44 genemark-167561725-processed-gene-0.1-mRNA-1 1400184
.54 genemark-167561725-processed-gene-0.1-mRNA-1 3090402
.79 maker-168183079-snap-gene-0.35-mRNA-1 3180072
.31 maker-168213807-snap-gene-0.4-mRNA-1 3095366
.28 maker-168213807-snap-gene-0.4-mRNA-1 883489
.29 maker-168213807-snap-gene-0.4-mRNA-1 730819
.26 maker-168213807-snap-gene-0.4-mRNA-1 551843
.18 maker-168213807-snap-gene-0.4-mRNA-1 744853
.31 genemark-167954562-processed-gene-0.14-mRNA-1 3180092
.08 genemark-167954562-processed-gene-0.14-mRNA-1 3180092
.89 maker-160452435-augustus-gene-0.3-mRNA-1 3179979
.10 maker-160452435-augustus-gene-0.3-mRNA-1 3106107
.77 maker-168512008-snap-gene-0.134-mRNA-2 3179849
.45 augustus_masked-168398832-processed-gene-0.15-mRNA-1 3091674
.06 augustus_masked-168398832-processed-gene-0.15-mRNA-1 2359673
.30 maker-168460790-snap-gene-0.89-mRNA-1 3092074
.60 maker-168460790-snap-gene-0.89-mRNA-1 3179867
.41 genemark-168437394-processed-gene-0.26-mRNA-1 3101520
.24 genemark-168437394-processed-gene-0.26-mRNA-1 1312017
.33 genemark-168437394-processed-gene-0.26-mRNA-1 3123354
.71 maker-168510789-augustus-gene-0.39-mRNA-1 3180094
.04 maker-168510789-augustus-gene-0.39-mRNA-1 1385944
.04 maker-168510789-augustus-gene-0.39-mRNA-1 782012
.28 maker-168489523-augustus-gene-0.107-mRNA-1 3092959
.48 maker-168489523-augustus-gene-0.107-mRNA-1 720784
.99 augustus_masked-168429253-processed-gene-0.8-mRNA-1 3180024
.44 maker-168490618-augustus-gene-0.134-mRNA-1 863405
.69 genemark-166972323-processed-gene-0.1-mRNA-1 3119369
.13 genemark-166972323-processed-gene-0.1-mRNA-1 1815305
.13 genemark-166972323-processed-gene-0.1-mRNA-1 1948935
.10 genemark-166972323-processed-gene-0.1-mRNA-1 1616858
.10 genemark-166972323-processed-gene-0.1-mRNA-1 1662898
.11 snap_masked-168485587-processed-gene-0.22-mRNA-1 995753
.87 snap_masked-168485587-processed-gene-0.22-mRNA-1 3179897
.91 snap_masked-167951598-processed-gene-0.5-mRNA-1 1049641
.71 snap_masked-167951598-processed-gene-0.5-mRNA-1 3125734
.81 maker-168505376-snap-gene-0.43-mRNA-1 3180081
.18 maker-168505376-snap-gene-0.43-mRNA-1 3094307
.98 snap_masked-168016961-processed-gene-0.21-mRNA-1 571716
.69 maker-168110384-augustus-gene-0.23-mRNA-1 3180079
.12 maker-168110384-augustus-gene-0.23-mRNA-1 989274
.71 maker-167875243-snap-gene-0.39-mRNA-1 3179538
.19 maker-167875243-snap-gene-0.39-mRNA-1 288830
.12 maker-168488328-augustus-gene-0.40-mRNA-1 258624
.83 maker-168488328-augustus-gene-0.40-mRNA-1 3179863
.50 maker-168567047-snap-gene-0.33-mRNA-1 3179986
.23 maker-168522248-snap-gene-0.96-mRNA-1 3180067
.76 maker-168522248-snap-gene-0.96-mRNA-1 3180067
.56 augustus_masked-166962411-processed-gene-0.0-mRNA-1 3113814
.42 augustus_masked-166962411-processed-gene-0.0-mRNA-1 1273142
.61 maker-166906437-snap-gene-0.5-mRNA-1 3103851
.20 maker-166906437-snap-gene-0.5-mRNA-1 714980
.27 maker-168428936-augustus-gene-0.14-mRNA-3 688375
.72 maker-168428936-augustus-gene-0.14-mRNA-3 3179533
.78 maker-168288566-augustus-gene-0.98-mRNA-1 3179832
.78 maker-162349542-snap-gene-0.4-mRNA-1 3180049
.05 maker-162349542-snap-gene-0.4-mRNA-1 3179963
.05 maker-162349542-snap-gene-0.4-mRNA-1 3180049
.11 maker-168428894-augustus-gene-0.29-mRNA-1 1261294
.79 maker-168428894-augustus-gene-0.29-mRNA-1 3179770
.99 maker-168183550-augustus-gene-0.8-mRNA-1 3180093
.94 maker-168549085-snap-gene-0.44-mRNA-1 3180071
.53 maker-168238598-snap-gene-0.43-mRNA-1 823548
.99 augustus_masked-168505047-processed-gene-0.1-mRNA-1 3180087
.19 maker-168377243-augustus-gene-0.49-mRNA-1 1057842
.98 augustus_masked-168258458-processed-gene-0.2-mRNA-1 3093298
.15 augustus_masked-168479037-processed-gene-1.35-mRNA-1 604547
.77 augustus_masked-168479037-processed-gene-1.35-mRNA-1 3090862
.76 maker-168544897-snap-gene-0.6-mRNA-1 3090935
.20 maker-168544897-snap-gene-0.6-mRNA-1 796990
.19 maker-168544897-snap-gene-0.6-mRNA-1 3179516
.15 maker-168554750-augustus-gene-0.35-mRNA-1 3097426
.84 maker-168554750-augustus-gene-0.35-mRNA-1 3156675
.39 augustus_masked-168234814-processed-gene-0.13-mRNA-1 3179512
.18 augustus_masked-168234814-processed-gene-0.13-mRNA-1 3175710
.03 augustus_masked-167902865-processed-gene-0.9-mRNA-1 1391303
.03 augustus_masked-167902865-processed-gene-0.9-mRNA-1 2059722
.03 augustus_masked-167902865-processed-gene-0.9-mRNA-1 564972
.03 augustus_masked-167902865-processed-gene-0.9-mRNA-1 656713
.03 augustus_masked-167902865-processed-gene-0.9-mRNA-1 951224
.99 snap_masked-164347450-processed-gene-0.1-mRNA-1 3097710
.22 augustus_masked-167803951-processed-gene-0.0-mRNA-1 168035
.22 augustus_masked-167803951-processed-gene-0.0-mRNA-1 3090142
.99 maker-168565772-augustus-gene-0.121-mRNA-1 3180027
.31 augustus_masked-168264574-processed-gene-0.5-mRNA-1 3179990
.35 genemark-168190598-processed-gene-0.8-mRNA-1 3119559
.40 maker-168414024-augustus-gene-1.144-mRNA-1 3179881
.21 maker-168414024-augustus-gene-1.144-mRNA-1 3126069
.20 maker-168414024-augustus-gene-1.144-mRNA-1 3102073
.17 maker-168414024-augustus-gene-1.144-mRNA-1 892618
.04 maker-168414024-augustus-gene-1.144-mRNA-1 1742514
.25 augustus_masked-168539156-processed-gene-0.0-mRNA-1 3089468
.22 augustus_masked-168539156-processed-gene-0.0-mRNA-1 697261
.12 augustus_masked-168539156-processed-gene-0.0-mRNA-1 2339594
.84 augustus_masked-168558698-processed-gene-0.0-mRNA-1 3179932
.07 augustus_masked-168558698-processed-gene-0.0-mRNA-1 3146298
.56 snap_masked-163976338-processed-gene-0.2-mRNA-1 2507709
.10 augustus_masked-168479045-processed-gene-0.6-mRNA-1 3099610
.04 augustus_masked-168479045-processed-gene-0.6-mRNA-1 79204
.15 maker-168318025-snap-gene-0.26-mRNA-2 192714
.70 maker-168318025-snap-gene-0.26-mRNA-2 3179598
.45 augustus_masked-168572888-processed-gene-1.47-mRNA-1 1002925
.53 augustus_masked-168572888-processed-gene-1.47-mRNA-1 1070887
.32 maker-168346191-augustus-gene-0.38-mRNA-1 889323
.36 maker-168346191-augustus-gene-0.38-mRNA-1 197754
.08 maker-168346191-augustus-gene-0.38-mRNA-1 3090210
.08 maker-168346191-augustus-gene-0.38-mRNA-1 3110488
.45 maker-166312652-augustus-gene-0.1-mRNA-1 3106807
.45 maker-166312652-augustus-gene-0.1-mRNA-1 431767
.45 maker-166312652-augustus-gene-0.1-mRNA-1 431768
.57 maker-166312652-augustus-gene-0.1-mRNA-1 3094940
.45 maker-166312652-augustus-gene-0.1-mRNA-1 1118968
.75 snap_masked-168446362-processed-gene-0.11-mRNA-1 3179862
.15 maker-163659259-augustus-gene-0.3-mRNA-1 1243414
.73 maker-163659259-augustus-gene-0.3-mRNA-1 3179875
.30 maker-168197399-snap-gene-0.23-mRNA-1 909406
.52 maker-168197399-snap-gene-0.23-mRNA-1 3179940
