.14 maker-168323762-augustus-gene-0.22-mRNA-1 5244309
.77 maker-168323762-augustus-gene-0.22-mRNA-1 5271188
.52 snap_masked-168367627-processed-gene-0.13-mRNA-1 2449390
.27 augustus_masked-168566423-processed-gene-0.10-mRNA-1 5172835
.01 augustus_masked-168566423-processed-gene-0.10-mRNA-1 5187095
.01 augustus_masked-168566423-processed-gene-0.10-mRNA-1 5175093
.01 augustus_masked-168566423-processed-gene-0.10-mRNA-1 5179812
.99 maker-168186064-augustus-gene-0.8-mRNA-1 5291149
.99 maker-168577491-snap-gene-0.52-mRNA-1 5291176
.66 maker-168285547-augustus-gene-0.45-mRNA-1 5291180
.22 maker-168285547-augustus-gene-0.45-mRNA-1 5172995
.96 snap_masked-167798297-processed-gene-0.126-mRNA-1 5291126
.34 augustus_masked-168539129-processed-gene-0.0-mRNA-1 1513015
.16 maker-168438990-snap-gene-0.53-mRNA-1 1861776
.65 maker-168438990-snap-gene-0.53-mRNA-1 5290985
.29 maker-165664603-augustus-gene-0.3-mRNA-1 5181983
.63 maker-165664603-augustus-gene-0.3-mRNA-1 5291124
.37 maker-167841348-augustus-gene-0.96-mRNA-1 5193682
.21 maker-167841348-augustus-gene-0.96-mRNA-1 812705
.99 maker-168505321-augustus-gene-0.22-mRNA-1 5291170
.52 snap_masked-167431122-processed-gene-0.2-mRNA-1 2124809
.47 snap_masked-168567844-processed-gene-0.67-mRNA-1 5290713
.35 snap_masked-168567844-processed-gene-0.67-mRNA-1 1064571
.26 snap_masked-168567844-processed-gene-0.67-mRNA-1 5180069
.21 snap_masked-168567844-processed-gene-0.67-mRNA-1 5190770
.13 snap_masked-168567844-processed-gene-0.67-mRNA-1 1166679
.12 augustus_masked-162442548-processed-gene-0.0-mRNA-1 1832685
.56 augustus_masked-162442548-processed-gene-0.0-mRNA-1 5184141
.86 augustus_masked-168330649-processed-gene-0.13-mRNA-1 5291100
.06 augustus_masked-168330649-processed-gene-0.13-mRNA-1 1780678
.44 snap_masked-168312317-processed-gene-0.15-mRNA-1 5290824
.54 maker-168559804-snap-gene-0.26-mRNA-1 5291129
.45 maker-168559804-snap-gene-0.26-mRNA-1 5291129
.22 maker-168574494-augustus-gene-2.68-mRNA-1 2160634
.33 maker-168574494-augustus-gene-2.68-mRNA-1 742547
.52 maker-168519505-augustus-gene-0.10-mRNA-1 5291155
.22 maker-168519505-augustus-gene-0.10-mRNA-1 5291155
.16 augustus_masked-168193385-processed-gene-0.0-mRNA-1 5246471
.83 augustus_masked-168193385-processed-gene-0.0-mRNA-1 5173470
.78 augustus_masked-168266096-processed-gene-0.2-mRNA-1 5290987
.76 augustus_masked-160376245-processed-gene-0.0-mRNA-1 5198966
.19 augustus_masked-160376245-processed-gene-0.0-mRNA-1 5177053
.62 augustus_masked-168502990-processed-gene-0.2-mRNA-1 1402449
.34 augustus_masked-168502990-processed-gene-0.2-mRNA-1 1339395
.12 augustus_masked-168502990-processed-gene-0.2-mRNA-1 1467178
.12 augustus_masked-168502990-processed-gene-0.2-mRNA-1 1451498
.12 augustus_masked-168502990-processed-gene-0.2-mRNA-1 715518
.44 maker-168206297-snap-gene-0.47-mRNA-1 5290932
.39 maker-168206297-snap-gene-0.47-mRNA-1 5290886
.39 maker-168206297-snap-gene-0.47-mRNA-1 5290887
.39 maker-168206297-snap-gene-0.47-mRNA-1 5290888
.18 maker-168458578-augustus-gene-0.22-mRNA-1 5176556
.27 maker-168458578-augustus-gene-0.22-mRNA-1 936298
.99 snap_masked-102552325-processed-gene-0.1-mRNA-1 5199731
.61 maker-168563521-snap-gene-0.27-mRNA-1 5290767
.98 maker-168548965-augustus-gene-0.32-mRNA-1 5291174
.16 augustus_masked-168554258-processed-gene-0.2-mRNA-1 5175158
.66 augustus_masked-168554258-processed-gene-0.2-mRNA-1 5290864
.44 snap_masked-168187158-processed-gene-0.13-mRNA-1 1885862
.52 maker-168547101-augustus-gene-0.22-mRNA-1 5290914
.46 maker-168547101-augustus-gene-0.22-mRNA-1 5290914
.64 snap_masked-168485511-processed-gene-0.24-mRNA-1 1671274
.30 snap_masked-168485511-processed-gene-0.24-mRNA-1 5278008
.25 augustus_masked-168422897-processed-gene-0.3-mRNA-1 5199006
.72 maker-168264348-augustus-gene-0.18-mRNA-1 5290928
.24 maker-168264348-augustus-gene-0.18-mRNA-1 5172891
.49 maker-168568719-augustus-gene-1.80-mRNA-1 5290922
.19 maker-168568719-augustus-gene-1.80-mRNA-1 5193183
.99 maker-168427467-augustus-gene-0.6-mRNA-1 5291107
.31 maker-168540564-augustus-gene-0.56-mRNA-1 5177789
.87 maker-168271428-augustus-gene-0.29-mRNA-1 5291165
.27 maker-168532651-snap-gene-0.17-mRNA-1 2332332
.36 maker-168532651-snap-gene-0.17-mRNA-1 5214788
.26 maker-168532651-snap-gene-0.17-mRNA-1 2173319
.26 maker-168532651-snap-gene-0.17-mRNA-1 819936
.29 maker-168532651-snap-gene-0.17-mRNA-1 2182493
.23 maker-168275195-augustus-gene-0.33-mRNA-1 5260264
.16 maker-168275195-augustus-gene-0.33-mRNA-1 2033839
.70 maker-165399557-snap-gene-0.3-mRNA-1 94125
.15 maker-165399557-snap-gene-0.3-mRNA-1 5291073
.70 maker-167719023-snap-gene-0.6-mRNA-2 1381093
.29 maker-167719023-snap-gene-0.6-mRNA-2 1591349
.99 maker-167836703-snap-gene-0.43-mRNA-2 5179365
.70 augustus_masked-168482574-processed-gene-0.0-mRNA-1 5291138
.94 augustus_masked-168187924-processed-gene-0.3-mRNA-1 5291177
.32 genemark-168520568-processed-gene-0.4-mRNA-1 2173536
.18 genemark-168520568-processed-gene-0.4-mRNA-1 5039048
.14 snap_masked-168185537-processed-gene-0.5-mRNA-1 840097
.35 snap_masked-168185537-processed-gene-0.5-mRNA-1 5174932
.61 augustus_masked-168502987-processed-gene-0.7-mRNA-1 5214234
.54 genemark-168512774-processed-gene-0.22-mRNA-1 5204266
.33 genemark-168512774-processed-gene-0.22-mRNA-1 5261289
.60 maker-168249909-augustus-gene-0.45-mRNA-1 5290691
.18 maker-168186737-augustus-gene-0.25-mRNA-1 1689505
.67 maker-168186737-augustus-gene-0.25-mRNA-1 5291078
.11 augustus_masked-65520929-processed-gene-0.0-mRNA-1 1574452
.88 augustus_masked-65520929-processed-gene-0.0-mRNA-1 5175324
.65 maker-167800852-snap-gene-0.28-mRNA-1 5291046
.65 augustus_masked-168462503-processed-gene-0.1-mRNA-1 5206082
.33 augustus_masked-168462503-processed-gene-0.1-mRNA-1 5279843
.28 maker-168494764-snap-gene-0.87-mRNA-2 5187719
.16 maker-168494764-snap-gene-0.87-mRNA-2 5195524
.01 maker-168494764-snap-gene-0.87-mRNA-2 5177890
.94 augustus_masked-168533939-processed-gene-0.1-mRNA-1 5291139
.38 augustus_masked-168533939-processed-gene-0.1-mRNA-1 819631
.42 augustus_masked-168574675-processed-gene-0.7-mRNA-1 4302028
.77 maker-168186529-snap-gene-0.27-mRNA-1 5176732
.68 maker-168550788-augustus-gene-0.25-mRNA-1 5291153
.99 augustus_masked-168549679-processed-gene-1.27-mRNA-1 5291052
.32 maker-167905207-augustus-gene-0.6-mRNA-1 5217346
.89 maker-168183210-snap-gene-0.5-mRNA-1 5179119
.34 maker-168474014-augustus-gene-0.28-mRNA-1 710583
.25 maker-168474014-augustus-gene-0.28-mRNA-1 5185631
.24 maker-168474014-augustus-gene-0.28-mRNA-1 548138
.09 maker-168474014-augustus-gene-0.28-mRNA-1 5173786
.70 snap_masked-168401599-processed-gene-0.56-mRNA-1 5291145
.89 snap_masked-168427293-processed-gene-0.65-mRNA-1 5195714
.50 augustus_masked-168365724-processed-gene-0.2-mRNA-1 5178499
.34 augustus_masked-168365724-processed-gene-0.2-mRNA-1 5173079
.38 maker-163221947-augustus-gene-0.4-mRNA-1 5172922
.36 maker-163221947-augustus-gene-0.4-mRNA-1 1106971
.99 augustus_masked-167813405-processed-gene-0.2-mRNA-1 5291162
.77 maker-168328465-augustus-gene-0.27-mRNA-1 5290798
.99 augustus_masked-168005044-processed-gene-0.1-mRNA-1 5204804
.22 maker-164905100-snap-gene-0.3-mRNA-1 5173096
.45 maker-164905100-snap-gene-0.3-mRNA-1 5173097
.78 maker-168548800-snap-gene-0.86-mRNA-1 5174432
.04 maker-168548800-snap-gene-0.86-mRNA-1 5232823
.26 maker-168497232-augustus-gene-0.18-mRNA-1 5175270
.71 maker-168497232-augustus-gene-0.18-mRNA-1 5290861
.45 augustus_masked-168503115-processed-gene-0.4-mRNA-1 5214788
.25 augustus_masked-168503115-processed-gene-0.4-mRNA-1 2281285
.86 maker-168311582-snap-gene-0.18-mRNA-1 5291105
.32 augustus_masked-167974739-processed-gene-0.0-mRNA-1 5230264
.26 augustus_masked-167974739-processed-gene-0.0-mRNA-1 5179163
.20 augustus_masked-167974739-processed-gene-0.0-mRNA-1 5185787
.99 maker-168486364-snap-gene-0.5-mRNA-1 5290701
.16 maker-168486364-snap-gene-0.5-mRNA-1 5179439
.98 maker-168278289-augustus-gene-0.36-mRNA-1 5291146
.31 maker-163669177-augustus-gene-0.3-mRNA-1 1445478
.37 maker-163669177-augustus-gene-0.3-mRNA-1 5178989
.08 maker-168245778-snap-gene-0.73-mRNA-1 1393674
.77 maker-168245778-snap-gene-0.73-mRNA-1 5291157
.28 maker-168337659-augustus-gene-0.11-mRNA-1 824217
.21 maker-168337659-augustus-gene-0.11-mRNA-1 1134371
.14 maker-167044129-augustus-gene-0.5-mRNA-1 4833478
.73 maker-167044129-augustus-gene-0.5-mRNA-1 5200123
.14 maker-168544907-snap-gene-0.62-mRNA-1 5187746
.75 maker-168544907-snap-gene-0.62-mRNA-1 5291172
.59 maker-168183234-augustus-gene-0.6-mRNA-1 5290769
.28 maker-168183234-augustus-gene-0.6-mRNA-1 1116418
.23 maker-168183234-augustus-gene-0.6-mRNA-1 992211
.23 maker-168183234-augustus-gene-0.6-mRNA-1 5178541
.37 maker-168260139-augustus-gene-0.12-mRNA-1 5291190
.62 maker-168260139-augustus-gene-0.12-mRNA-1 5291190
.83 augustus_masked-168577173-processed-gene-0.18-mRNA-1 5291182
.10 augustus_masked-168577173-processed-gene-0.18-mRNA-1 3909075
.99 maker-167960779-snap-gene-0.16-mRNA-1 5291160
.23 maker-168498965-snap-gene-0.41-mRNA-1 5182550
.18 maker-168498965-snap-gene-0.41-mRNA-1 5213117
.99 maker-168574043-augustus-gene-0.20-mRNA-1 5290779
.99 augustus_masked-167945485-processed-gene-0.3-mRNA-1 5217487
.38 augustus_masked-168550589-processed-gene-0.16-mRNA-1 3010268
.59 augustus_masked-168254863-processed-gene-0.1-mRNA-1 5199646
.41 augustus_masked-168254863-processed-gene-0.1-mRNA-1 3299809
.16 augustus_masked-168254863-processed-gene-0.1-mRNA-1 5197527
.61 snap_masked-168554862-processed-gene-0.70-mRNA-1 5175932
.38 snap_masked-168554862-processed-gene-0.70-mRNA-1 823626
.78 maker-166278201-snap-gene-0.4-mRNA-1 5175097
.13 maker-166278201-snap-gene-0.4-mRNA-1 5178335
.15 maker-168411702-augustus-gene-0.73-mRNA-1 1320030
.33 maker-168411702-augustus-gene-0.73-mRNA-1 1578550
.21 maker-168190511-snap-gene-0.56-mRNA-1 3428873
.39 augustus_masked-162896574-processed-gene-0.0-mRNA-1 2404092
.28 augustus_masked-168396240-processed-gene-0.1-mRNA-1 5173359
.18 augustus_masked-168396240-processed-gene-0.1-mRNA-1 5195941
.26 maker-168528742-augustus-gene-0.36-mRNA-1 5204761
.40 maker-168145047-snap-gene-0.40-mRNA-1 5291097
.76 augustus_masked-166206904-processed-gene-0.0-mRNA-1 1651833
.14 augustus_masked-166206904-processed-gene-0.0-mRNA-1 5268295
.25 augustus_masked-168577392-processed-gene-1.4-mRNA-1 5174875
.73 augustus_masked-168577392-processed-gene-1.4-mRNA-1 5291087
.63 augustus_masked-164765423-processed-gene-0.0-mRNA-1 1217102
.37 augustus_masked-164765423-processed-gene-0.0-mRNA-1 3172462
.95 maker-168417356-snap-gene-0.34-mRNA-1 5291152
.03 maker-168417356-snap-gene-0.34-mRNA-1 5188780
.01 maker-168417356-snap-gene-0.34-mRNA-1 2754852
.01 maker-168417356-snap-gene-0.34-mRNA-1 3630696
.04 maker-168417356-snap-gene-0.34-mRNA-1 3171923
.29 maker-168272695-augustus-gene-0.12-mRNA-1 943996
.30 maker-168272695-augustus-gene-0.12-mRNA-1 5183053
.20 maker-168272695-augustus-gene-0.12-mRNA-1 2828741
.19 maker-168272695-augustus-gene-0.12-mRNA-1 1262771
.17 maker-168272695-augustus-gene-0.12-mRNA-1 741919
.48 maker-168052802-augustus-gene-0.7-mRNA-1 5291173
.77 maker-168288710-augustus-gene-0.10-mRNA-1 5290889
.09 maker-168288710-augustus-gene-0.10-mRNA-1 1204240
.09 maker-168288710-augustus-gene-0.10-mRNA-1 1146213
.73 maker-168497962-augustus-gene-0.7-mRNA-1 5177781
.20 maker-168497962-augustus-gene-0.7-mRNA-1 5253144
.22 maker-168186291-augustus-gene-0.46-mRNA-1 5215012
.11 maker-168186291-augustus-gene-0.46-mRNA-1 5193250
.23 maker-168553569-augustus-gene-0.19-mRNA-1 5185906
.07 maker-168553569-augustus-gene-0.19-mRNA-1 5290934
.77 maker-168569643-snap-gene-0.65-mRNA-1 5173033
.52 augustus_masked-158316153-processed-gene-0.0-mRNA-1 5179517
.45 augustus_masked-158316153-processed-gene-0.0-mRNA-1 5175826
.70 maker-167821279-snap-gene-0.33-mRNA-1 5172675
.86 augustus_masked-168206297-processed-gene-0.3-mRNA-1 5172723
.99 maker-168237733-snap-gene-0.8-mRNA-1 5184486
.33 maker-167896393-augustus-gene-0.6-mRNA-1 5291171
.66 maker-167896393-augustus-gene-0.6-mRNA-1 5291171
.45 maker-168507137-augustus-gene-0.41-mRNA-1 5290869
.31 maker-168507137-augustus-gene-0.41-mRNA-1 5178433
.85 maker-168190413-snap-gene-0.21-mRNA-1 5224136
.34 genemark-168335457-processed-gene-0.34-mRNA-1 5173354
.28 genemark-168335457-processed-gene-0.34-mRNA-1 418724
.25 maker-168221639-snap-gene-0.86-mRNA-1 5291142
.72 maker-168221639-snap-gene-0.86-mRNA-1 5291142
.33 maker-166274072-augustus-gene-0.3-mRNA-2 5218106
.12 maker-166274072-augustus-gene-0.3-mRNA-2 5174872
.27 maker-166695072-snap-gene-0.6-mRNA-2 5182306
.28 maker-166695072-snap-gene-0.6-mRNA-2 5173788
.33 augustus_masked-168348461-processed-gene-0.4-mRNA-1 5177276
.23 augustus_masked-168348461-processed-gene-0.4-mRNA-1 5177997
.06 augustus_masked-168348461-processed-gene-0.4-mRNA-1 1069885
.26 maker-166695072-snap-gene-0.6-mRNA-1 2312450
.21 maker-166695072-snap-gene-0.6-mRNA-1 5182306
.16 maker-166695072-snap-gene-0.6-mRNA-1 3152777
.37 augustus_masked-161290496-processed-gene-0.1-mRNA-1 5175138
.62 augustus_masked-161290496-processed-gene-0.1-mRNA-1 382512
.79 snap_masked-168577512-processed-gene-0.75-mRNA-1 5290699
.68 augustus_masked-168462078-processed-gene-0.4-mRNA-1 79731
.25 augustus_masked-168462078-processed-gene-0.4-mRNA-1 3984346
.52 genemark-168556754-processed-gene-0.14-mRNA-1 5204279
.17 genemark-168556754-processed-gene-0.14-mRNA-1 1532248
.82 maker-167908843-snap-gene-0.15-mRNA-1 5291110
.12 maker-167908843-snap-gene-0.15-mRNA-1 5291110
.33 augustus_masked-168481325-processed-gene-0.6-mRNA-1 1455620
.28 augustus_masked-168481325-processed-gene-0.6-mRNA-1 5176237
.23 augustus_masked-168481325-processed-gene-0.6-mRNA-1 2154081
.17 augustus_masked-168481325-processed-gene-0.6-mRNA-1 1800255
.16 augustus_masked-168481325-processed-gene-0.6-mRNA-1 2481834
.68 maker-168441811-augustus-gene-0.59-mRNA-1 5291184
.08 augustus_masked-167999596-processed-gene-0.9-mRNA-1 1761750
.08 augustus_masked-167999596-processed-gene-0.9-mRNA-1 2287987
.13 augustus_masked-167999596-processed-gene-0.9-mRNA-1 2840971
.06 augustus_masked-167999596-processed-gene-0.9-mRNA-1 1355192
.06 augustus_masked-167999596-processed-gene-0.9-mRNA-1 1423362
.76 maker-168296678-augustus-gene-0.47-mRNA-1 5291054
.99 maker-168193781-snap-gene-1.95-mRNA-1 5291004
.12 augustus_masked-164720215-processed-gene-0.0-mRNA-1 1747196
.73 augustus_masked-164720215-processed-gene-0.0-mRNA-1 5290865
.53 maker-162920286-augustus-gene-0.4-mRNA-1 142109
.36 maker-162920286-augustus-gene-0.4-mRNA-1 5172478
.64 genemark-167846862-processed-gene-0.15-mRNA-1 5291143
.12 genemark-167846862-processed-gene-0.15-mRNA-1 1532788
.93 augustus_masked-168243788-processed-gene-0.1-mRNA-1 5291188
.06 augustus_masked-168243788-processed-gene-0.1-mRNA-1 5290947
.99 maker-168504354-snap-gene-0.73-mRNA-2 5291183
.59 augustus_masked-168188773-processed-gene-0.14-mRNA-1 5290934
.32 maker-166004792-augustus-gene-0.4-mRNA-1 1915739
.29 maker-166004792-augustus-gene-0.4-mRNA-1 3734692
.26 maker-166004792-augustus-gene-0.4-mRNA-1 4295976
.20 maker-168190187-snap-gene-1.95-mRNA-1 1591890
.27 maker-168190187-snap-gene-1.95-mRNA-1 558567
.65 maker-168327657-augustus-gene-0.10-mRNA-1 5290941
.45 maker-168327657-augustus-gene-0.10-mRNA-1 5290733
.13 maker-168327657-augustus-gene-0.10-mRNA-1 1808671
.99 maker-168315356-augustus-gene-0.121-mRNA-1 5174481
.13 maker-167937066-snap-gene-0.33-mRNA-1 2411237
.24 augustus_masked-168190346-processed-gene-0.1-mRNA-1 5209209
.11 augustus_masked-168190346-processed-gene-0.1-mRNA-1 5291159
.99 maker-167927622-augustus-gene-0.10-mRNA-1 5291151
.95 maker-168182841-snap-gene-0.43-mRNA-1 5291187
.92 maker-168209420-augustus-gene-0.46-mRNA-1 5291071
.07 maker-168209420-augustus-gene-0.46-mRNA-1 672002
.30 maker-168483339-snap-gene-0.116-mRNA-1 5290796
.99 maker-168189566-snap-gene-0.33-mRNA-1 5290705
.06 maker-168301971-augustus-gene-0.26-mRNA-2 5192522
.91 maker-168301971-augustus-gene-0.26-mRNA-2 5173492
.08 maker-168419682-snap-gene-0.11-mRNA-1 4509822
.88 maker-168419682-snap-gene-0.11-mRNA-1 5291070
.21 genemark-167956842-processed-gene-0.3-mRNA-1 5175491
.48 augustus_masked-162005816-processed-gene-0.1-mRNA-1 574975
.27 augustus_masked-162005816-processed-gene-0.1-mRNA-1 5173626
.49 augustus_masked-168554379-processed-gene-0.0-mRNA-1 5184425
.42 augustus_masked-168554379-processed-gene-0.0-mRNA-1 742547
.43 augustus_masked-168554379-processed-gene-0.0-mRNA-1 5180643
.30 augustus_masked-168554379-processed-gene-0.0-mRNA-1 1798757
.37 maker-168555092-augustus-gene-1.110-mRNA-1 5199011
.62 maker-168555092-augustus-gene-1.110-mRNA-1 5199838
.69 maker-168185762-snap-gene-0.12-mRNA-1 5290778
.79 maker-163310728-augustus-gene-0.3-mRNA-1 5291006
.20 maker-163310728-augustus-gene-0.3-mRNA-1 958388
.19 maker-168372931-augustus-gene-0.6-mRNA-1 424753
.76 maker-168372931-augustus-gene-0.6-mRNA-1 5291168
.44 maker-168392808-augustus-gene-0.50-mRNA-1 5224187
.27 maker-168392808-augustus-gene-0.50-mRNA-1 5175296
.28 maker-168440929-augustus-gene-0.61-mRNA-1 5197292
.44 maker-168440929-augustus-gene-0.61-mRNA-1 5180236
.58 augustus_masked-168510298-processed-gene-0.6-mRNA-1 5176227
.14 augustus_masked-168510298-processed-gene-0.6-mRNA-1 5202050
.12 augustus_masked-168510298-processed-gene-0.6-mRNA-1 1626493
.02 augustus_masked-168510298-processed-gene-0.6-mRNA-1 5194366
.02 augustus_masked-168510298-processed-gene-0.6-mRNA-1 5199610
.36 maker-166128143-augustus-gene-0.3-mRNA-1 5182817
.62 maker-166128143-augustus-gene-0.3-mRNA-1 5181716
.83 maker-168271539-snap-gene-0.61-mRNA-1 5178710
.41 maker-168342472-augustus-gene-0.30-mRNA-1 5172518
.74 maker-164878259-augustus-gene-0.3-mRNA-1 5290635
.23 maker-164878259-augustus-gene-0.3-mRNA-1 1990261
.99 augustus_masked-168505163-processed-gene-0.6-mRNA-1 5291141
.34 snap_masked-168234772-processed-gene-0.4-mRNA-1 5193133
.56 snap_masked-168234772-processed-gene-0.4-mRNA-1 5233708
.18 maker-168252472-augustus-gene-0.26-mRNA-1 5291045
.41 maker-168252472-augustus-gene-0.26-mRNA-1 5172694
.56 maker-164559933-snap-gene-0.4-mRNA-1 882465
.33 maker-164559933-snap-gene-0.4-mRNA-1 1927721
.99 snap_masked-168509624-processed-gene-0.6-mRNA-1 5221943
.49 maker-166637080-augustus-gene-0.4-mRNA-1 5290899
.31 maker-166637080-augustus-gene-0.4-mRNA-1 5177896
.20 maker-166637080-augustus-gene-0.4-mRNA-1 1698918
.17 maker-166637080-augustus-gene-0.4-mRNA-1 5194228
.09 augustus_masked-168577109-processed-gene-0.11-mRNA-1 1017510
.89 augustus_masked-168577109-processed-gene-0.11-mRNA-1 5290882
.72 snap_masked-168434227-processed-gene-0.19-mRNA-1 5290809
.13 maker-168186310-snap-gene-0.22-mRNA-1 3898320
.71 maker-168186310-snap-gene-0.22-mRNA-1 5290744
.99 augustus_masked-168501394-processed-gene-0.17-mRNA-1 5176879
.99 snap_masked-155998784-processed-gene-0.2-mRNA-1 5290696
.59 maker-168497647-augustus-gene-0.18-mRNA-1 5291136
.27 maker-168497647-augustus-gene-0.18-mRNA-1 5176063
.26 maker-168497647-augustus-gene-0.18-mRNA-1 5290868
.36 maker-168184458-augustus-gene-0.8-mRNA-1 5291095
.39 maker-168184458-augustus-gene-0.8-mRNA-1 5291095
.76 augustus_masked-168290535-processed-gene-1.35-mRNA-1 5290716
.11 augustus_masked-168290535-processed-gene-1.35-mRNA-1 515953
.85 maker-168137471-augustus-gene-0.13-mRNA-1 5290684
.52 augustus_masked-168254477-processed-gene-0.12-mRNA-1 5174723
.47 augustus_masked-168254477-processed-gene-0.12-mRNA-1 5173887
.49 maker-168371267-augustus-gene-0.35-mRNA-1 5175975
.21 maker-168371267-augustus-gene-0.35-mRNA-1 5193717
.06 maker-168371267-augustus-gene-0.35-mRNA-1 5179156
.64 maker-163450168-augustus-gene-0.9-mRNA-1 5291081
.30 maker-163450168-augustus-gene-0.9-mRNA-1 5174258
.09 genemark-167784625-processed-gene-0.3-mRNA-1 1130439
.15 augustus_masked-166338890-processed-gene-0.0-mRNA-1 5188973
.84 augustus_masked-166338890-processed-gene-0.0-mRNA-1 5172434
.14 snap_masked-168222696-processed-gene-0.13-mRNA-1 5178864
.70 snap_masked-168222696-processed-gene-0.13-mRNA-1 5172464
.40 maker-168428618-snap-gene-0.19-mRNA-1 5244694
.39 augustus_masked-168496249-processed-gene-0.2-mRNA-1 2940228
.13 maker-168186472-snap-gene-0.37-mRNA-1 3332863
.85 maker-168186472-snap-gene-0.37-mRNA-1 5183167
.71 maker-168371447-augustus-gene-0.18-mRNA-1 5172687
.12 maker-168371447-augustus-gene-0.18-mRNA-1 5188095
.11 maker-168371447-augustus-gene-0.18-mRNA-1 5199811
.76 maker-168508830-augustus-gene-0.31-mRNA-1 5291175
.06 maker-168508830-augustus-gene-0.31-mRNA-1 1729490
.30 snap_masked-168447110-processed-gene-0.8-mRNA-1 1789050
.55 snap_masked-168170580-processed-gene-0.5-mRNA-1 1834870
.40 snap_masked-168170580-processed-gene-0.5-mRNA-1 1834867
.49 maker-168152818-augustus-gene-0.12-mRNA-1 5290658
.13 maker-168152818-augustus-gene-0.12-mRNA-1 5174252
.04 maker-168152818-augustus-gene-0.12-mRNA-1 410109
.15 maker-168156905-augustus-gene-0.88-mRNA-1 5270852
.83 maker-168156905-augustus-gene-0.88-mRNA-1 5180526
.47 snap_masked-168549202-processed-gene-0.18-mRNA-1 5270131
.15 snap_masked-168549202-processed-gene-0.18-mRNA-1 2736363
.96 maker-168204879-snap-gene-0.70-mRNA-1 5291144
.76 snap_masked-167076633-processed-gene-0.2-mRNA-1 441755
.22 snap_masked-167076633-processed-gene-0.2-mRNA-1 1218439
.99 augustus_masked-168511734-processed-gene-0.0-mRNA-1 5290602
.99 maker-168366356-augustus-gene-0.36-mRNA-1 5291166
.38 maker-168184900-augustus-gene-0.67-mRNA-1 5291185
.54 maker-168184900-augustus-gene-0.67-mRNA-1 5291185
.45 maker-168276235-augustus-gene-0.54-mRNA-1 5180371
.38 maker-168276235-augustus-gene-0.54-mRNA-1 5182917
.94 maker-168193866-snap-gene-0.48-mRNA-1 5291186
.03 maker-168193866-snap-gene-0.48-mRNA-1 3775536
.03 maker-168193866-snap-gene-0.48-mRNA-1 2295879
.32 maker-168562355-augustus-gene-0.67-mRNA-1 5291156
.29 maker-168562355-augustus-gene-0.67-mRNA-1 5291156
.10 maker-168371087-snap-gene-0.40-mRNA-1 2719337
.71 maker-166877798-augustus-gene-0.4-mRNA-1 5291035
.73 snap_masked-168184029-processed-gene-0.11-mRNA-1 5183736
.17 maker-168451995-snap-gene-0.24-mRNA-1 5195737
.77 maker-168451995-snap-gene-0.24-mRNA-1 5291164
.64 maker-168528871-augustus-gene-0.81-mRNA-1 1024175
.42 maker-168528871-augustus-gene-0.81-mRNA-1 5176702
.14 maker-168528871-augustus-gene-0.81-mRNA-1 718755
.30 maker-168316100-augustus-gene-0.39-mRNA-1 5174162
.64 augustus_masked-168305341-processed-gene-0.41-mRNA-1 2836742
.16 augustus_masked-168305341-processed-gene-0.41-mRNA-1 5010524
.74 maker-168413955-snap-gene-0.17-mRNA-1 5290799
.17 augustus_masked-167981408-processed-gene-0.12-mRNA-1 5291128
.82 augustus_masked-167981408-processed-gene-0.12-mRNA-1 5291128
.25 maker-168538997-augustus-gene-0.37-mRNA-1 5182919
.21 maker-168538997-augustus-gene-0.37-mRNA-1 1041086
.37 maker-168532102-snap-gene-0.37-mRNA-1 5291123
.44 maker-168532102-snap-gene-0.37-mRNA-1 5291123
.47 maker-168577242-augustus-gene-0.20-mRNA-1 5290950
.46 augustus_masked-168280405-processed-gene-0.14-mRNA-1 5217180
.25 augustus_masked-168280405-processed-gene-0.14-mRNA-1 3086654
.89 augustus_masked-168230274-processed-gene-1.0-mRNA-1 5291191
.10 augustus_masked-168230274-processed-gene-1.0-mRNA-1 5181302
.03 snap_masked-168500079-processed-gene-0.10-mRNA-1 3389151
.95 snap_masked-168500079-processed-gene-0.10-mRNA-1 5189880
.44 maker-168186970-augustus-gene-0.45-mRNA-1 5291161
.11 maker-168186970-augustus-gene-0.45-mRNA-1 5198100
.45 maker-168352389-augustus-gene-0.10-mRNA-1 1882953
.28 maker-168352389-augustus-gene-0.10-mRNA-1 5248352
.68 maker-167934872-snap-gene-0.27-mRNA-1 5176052
.75 maker-168287020-snap-gene-0.28-mRNA-1 5197755
.06 snap_masked-168189898-processed-gene-0.97-mRNA-1 1860044
.77 snap_masked-168189898-processed-gene-0.97-mRNA-1 5291022
.72 maker-168257198-snap-gene-0.44-mRNA-1 5291179
.22 maker-168257198-snap-gene-0.44-mRNA-1 1744808
.24 maker-168257198-snap-gene-0.44-mRNA-1 5208190
.64 genemark-168300983-processed-gene-0.8-mRNA-1 2446792
.59 maker-168031176-augustus-gene-0.29-mRNA-1 5291150
.31 maker-168031176-augustus-gene-0.29-mRNA-1 1149949
.18 maker-168031176-augustus-gene-0.29-mRNA-1 5179743
.86 maker-168574272-snap-gene-0.52-mRNA-1 5290948
.47 maker-168409625-augustus-gene-0.46-mRNA-1 5291032
.16 maker-168409625-augustus-gene-0.46-mRNA-1 2659646
.98 augustus_masked-168428158-processed-gene-0.4-mRNA-1 5173538
.33 maker-162820053-augustus-gene-0.2-mRNA-1 2986144
.20 maker-162820053-augustus-gene-0.2-mRNA-1 1953335
.99 augustus_masked-168526537-processed-gene-0.6-mRNA-1 5177955
.52 augustus_masked-168185469-processed-gene-0.8-mRNA-1 5291040
.15 augustus_masked-162900323-processed-gene-0.0-mRNA-1 2924083
.25 augustus_masked-162900323-processed-gene-0.0-mRNA-1 5173103
.99 augustus_masked-163127727-processed-gene-0.0-mRNA-1 5290802
.65 augustus_masked-168487518-processed-gene-0.6-mRNA-1 2844160
.18 genemark-168193800-processed-gene-0.34-mRNA-1 2091068
.14 genemark-168193800-processed-gene-0.34-mRNA-1 5226389
.25 maker-168230660-snap-gene-0.44-mRNA-1 5278934
.17 maker-168230660-snap-gene-0.44-mRNA-1 1435087
.52 genemark-168553154-processed-gene-0.21-mRNA-1 5291154
.13 genemark-168553154-processed-gene-0.21-mRNA-1 5173236
.55 maker-168045039-augustus-gene-0.27-mRNA-1 5175267
.24 maker-168045039-augustus-gene-0.27-mRNA-1 5175266
.18 augustus_masked-166229051-processed-gene-0.0-mRNA-1 5176989
.23 augustus_masked-166229051-processed-gene-0.0-mRNA-1 5176911
.93 maker-168236672-augustus-gene-0.8-mRNA-2 5291181
.32 maker-168251149-augustus-gene-0.30-mRNA-1 5291148
.66 maker-168251149-augustus-gene-0.30-mRNA-1 5291148
.19 maker-168273182-snap-gene-0.85-mRNA-1 914847
.79 maker-168273182-snap-gene-0.85-mRNA-1 5291089
.81 augustus_masked-165823204-processed-gene-0.1-mRNA-1 5174861
.18 augustus_masked-165823204-processed-gene-0.1-mRNA-1 5187430
.82 maker-168191500-augustus-gene-0.20-mRNA-1 5178609
.72 snap_masked-164841584-processed-gene-0.2-mRNA-1 1143764
.12 snap_masked-164841584-processed-gene-0.2-mRNA-1 1238713
.98 maker-168532760-snap-gene-0.81-mRNA-1 5290808
.02 maker-168425237-augustus-gene-0.38-mRNA-1 5172816
.02 maker-168425237-augustus-gene-0.38-mRNA-1 5291087
.86 snap_masked-167908766-processed-gene-0.52-mRNA-1 5179431
.13 snap_masked-167908766-processed-gene-0.52-mRNA-1 5178645
.67 maker-168552850-snap-gene-0.15-mRNA-1 5175243
.99 augustus_masked-168368630-processed-gene-0.18-mRNA-1 5172968
.19 snap_masked-168512643-processed-gene-0.54-mRNA-1 5181492
.61 snap_masked-168512643-processed-gene-0.54-mRNA-1 1171651
.99 maker-168219520-augustus-gene-0.129-mRNA-1 5291189
.43 maker-167821834-snap-gene-0.41-mRNA-1 5174971
.56 maker-167821834-snap-gene-0.41-mRNA-1 5290788
.53 maker-168190377-snap-gene-0.40-mRNA-1 5200843
.05 maker-168190377-snap-gene-0.40-mRNA-1 4457221
.55 maker-168032695-augustus-gene-0.29-mRNA-1 5290874
.98 maker-162021365-augustus-gene-0.3-mRNA-1 5291102
.17 maker-162021365-augustus-gene-0.3-mRNA-1 5185028
.22 snap_masked-166232563-processed-gene-0.2-mRNA-1 2901200
.17 snap_masked-166232563-processed-gene-0.2-mRNA-1 2352251
.46 augustus_masked-163966911-processed-gene-0.2-mRNA-1 5290774
.17 augustus_masked-163966911-processed-gene-0.2-mRNA-1 3677374
.66 maker-168246148-snap-gene-0.93-mRNA-1 5291109
.33 maker-168246148-snap-gene-0.93-mRNA-1 5291109
.47 maker-168360484-snap-gene-0.75-mRNA-1 5173153
.20 maker-168360484-snap-gene-0.75-mRNA-1 5000925
.26 maker-168414396-augustus-gene-0.64-mRNA-1 1996790
.25 maker-168414396-augustus-gene-0.64-mRNA-1 1987020
.25 maker-168414396-augustus-gene-0.64-mRNA-1 2657096
.26 maker-168414396-augustus-gene-0.64-mRNA-1 816711
.25 maker-168414396-augustus-gene-0.64-mRNA-1 816707
.57 maker-168264902-snap-gene-0.9-mRNA-1 5205319
.38 maker-168264902-snap-gene-0.9-mRNA-1 5177283
.14 maker-168264902-snap-gene-0.9-mRNA-1 1166379
.14 maker-168264902-snap-gene-0.9-mRNA-1 2028947
.14 maker-168264902-snap-gene-0.9-mRNA-1 2059026
.59 maker-162501076-augustus-gene-0.5-mRNA-1 5204393
.37 maker-162501076-augustus-gene-0.5-mRNA-1 76538
.08 maker-167914356-augustus-gene-0.56-mRNA-1 5182746
.79 maker-167914356-augustus-gene-0.56-mRNA-1 5178339
.36 maker-167812341-augustus-gene-0.8-mRNA-1 548519
.34 maker-167812341-augustus-gene-0.8-mRNA-1 5179057
.36 maker-167812341-augustus-gene-0.8-mRNA-1 5176705
.21 maker-167812341-augustus-gene-0.8-mRNA-1 5192036
.99 maker-168187737-snap-gene-0.36-mRNA-1 5290915
.36 augustus_masked-168190694-processed-gene-0.5-mRNA-1 5182619
.63 augustus_masked-168190694-processed-gene-0.5-mRNA-1 1129916
.49 genemark-168261126-processed-gene-0.8-mRNA-1 3731037
.35 maker-168229275-augustus-gene-0.23-mRNA-1 5188493
.62 maker-168229275-augustus-gene-0.23-mRNA-1 5290881
.85 maker-166620095-augustus-gene-0.3-mRNA-1 5291011
.99 maker-167311580-augustus-gene-0.4-mRNA-1 5291163
.32 maker-168419508-snap-gene-0.8-mRNA-1 5176187
.11 maker-168419508-snap-gene-0.8-mRNA-1 1843698
.49 augustus_masked-167948180-processed-gene-0.0-mRNA-1 5290900
.19 augustus_masked-167948180-processed-gene-0.0-mRNA-1 500598
.01 maker-167003068-snap-gene-0.3-mRNA-1 5172816
.02 maker-167003068-snap-gene-0.3-mRNA-1 5172816
.44 maker-168439181-snap-gene-0.9-mRNA-1 5291043
.36 maker-168393937-augustus-gene-0.26-mRNA-2 5291178
.29 maker-168393937-augustus-gene-0.26-mRNA-2 5291178
.23 maker-168393937-augustus-gene-0.26-mRNA-2 5192411
.65 maker-167999192-snap-gene-0.12-mRNA-2 5179682
.26 maker-167999192-snap-gene-0.12-mRNA-2 1962852
.26 maker-167999192-snap-gene-0.12-mRNA-2 5180030
.65 maker-168461393-snap-gene-0.28-mRNA-1 5173808
.26 maker-167802352-augustus-gene-0.26-mRNA-1 5174378
.13 maker-167802352-augustus-gene-0.26-mRNA-1 5203022
.10 maker-167802352-augustus-gene-0.26-mRNA-1 2882558
.06 maker-167802352-augustus-gene-0.26-mRNA-1 5181475
.02 maker-167802352-augustus-gene-0.26-mRNA-1 5224047
.27 genemark-162071945-processed-gene-0.0-mRNA-1 5244059
.18 genemark-162071945-processed-gene-0.0-mRNA-1 3839927
.66 maker-168230148-snap-gene-0.57-mRNA-1 5291167
.14 maker-168230148-snap-gene-0.57-mRNA-1 5291167
.04 maker-168399512-augustus-gene-0.13-mRNA-1 5176553
.45 augustus_masked-165502045-processed-gene-0.0-mRNA-1 1364591
.18 augustus_masked-165502045-processed-gene-0.0-mRNA-1 2863397
.85 maker-168577001-snap-gene-0.32-mRNA-1 5291169
.03 maker-168577001-snap-gene-0.32-mRNA-1 3824009
.24 augustus_masked-168413077-processed-gene-0.2-mRNA-1 758408
.23 augustus_masked-168413077-processed-gene-0.2-mRNA-1 1619584
.23 augustus_masked-168413077-processed-gene-0.2-mRNA-1 2509558
.19 augustus_masked-168413077-processed-gene-0.2-mRNA-1 1643863
.19 augustus_masked-168413077-processed-gene-0.2-mRNA-1 5183189
.36 maker-168299650-augustus-gene-0.4-mRNA-1 644696
.33 maker-168299650-augustus-gene-0.4-mRNA-1 1166836
.47 snap_masked-168348206-processed-gene-0.48-mRNA-1 5291079
.52 snap_masked-168348206-processed-gene-0.48-mRNA-1 5291079
.44 augustus_masked-160089309-processed-gene-0.0-mRNA-1 5290702
.50 augustus_masked-160089309-processed-gene-0.0-mRNA-1 5180533
.23 maker-168238048-augustus-gene-0.26-mRNA-1 885701
.39 maker-168238048-augustus-gene-0.26-mRNA-1 5290989
.14 augustus_masked-167969974-processed-gene-0.3-mRNA-1 1529416
.13 augustus_masked-167969974-processed-gene-0.3-mRNA-1 3530447
.99 maker-168417163-augustus-gene-0.30-mRNA-2 5290933
.41 maker-164192119-snap-gene-0.2-mRNA-1 2268104
.47 maker-164192119-snap-gene-0.2-mRNA-1 1503347
.43 maker-168259866-augustus-gene-0.18-mRNA-1 5291021
.53 snap_masked-168232233-processed-gene-0.19-mRNA-1 2657012
.49 maker-168187531-snap-gene-0.22-mRNA-1 5178417
.28 maker-168187531-snap-gene-0.22-mRNA-1 1529689
.28 maker-168187531-snap-gene-0.22-mRNA-1 5181748
.75 augustus_masked-161574595-processed-gene-0.0-mRNA-1 5174773
.22 augustus_masked-161574595-processed-gene-0.0-mRNA-1 5182116
.33 maker-168330280-augustus-gene-0.11-mRNA-1 5275826
.99 maker-164538353-augustus-gene-0.5-mRNA-1 5290805
.39 snap_masked-166643291-processed-gene-0.1-mRNA-1 4895119
.14 maker-168505468-augustus-gene-0.25-mRNA-1 5180815
.40 maker-168505468-augustus-gene-0.25-mRNA-1 5290926
.19 maker-168301865-snap-gene-0.10-mRNA-1 2727575
.49 maker-168186253-augustus-gene-0.8-mRNA-2 5291092
.50 maker-168186253-augustus-gene-0.8-mRNA-2 5291092
.78 maker-167962470-snap-gene-0.19-mRNA-1 5173821
.21 maker-167962470-snap-gene-0.19-mRNA-1 1405237
.45 augustus_masked-168122537-processed-gene-0.0-mRNA-1 5194865
.11 maker-168496142-augustus-gene-0.32-mRNA-1 5173744
.88 maker-168496142-augustus-gene-0.32-mRNA-1 5291085
.67 augustus_masked-168247297-processed-gene-0.1-mRNA-1 3724609
.07 augustus_masked-168247297-processed-gene-0.1-mRNA-1 3296897
.07 maker-167849416-snap-gene-0.8-mRNA-1 524226
.18 genemark-165892167-processed-gene-0.1-mRNA-1 3505108
.30 genemark-165892167-processed-gene-0.1-mRNA-1 5246171
.76 maker-168416654-augustus-gene-0.34-mRNA-1 5291158
.15 maker-168416654-augustus-gene-0.34-mRNA-1 5200046
.78 augustus_masked-168186805-processed-gene-0.1-mRNA-1 5291147
.10 augustus_masked-168186805-processed-gene-0.1-mRNA-1 2312506
.52 maker-162398652-snap-gene-0.3-mRNA-1 5176187
.19 maker-162398652-snap-gene-0.3-mRNA-1 1781302
.79 maker-168402373-augustus-gene-0.58-mRNA-1 5291090
.18 maker-168402373-augustus-gene-0.58-mRNA-1 1943825
.18 maker-168402373-augustus-gene-0.58-mRNA-1 5173038
.60 maker-168196081-augustus-gene-0.2-mRNA-1 1322063
.38 maker-168196081-augustus-gene-0.2-mRNA-1 5180606
.21 maker-168406708-augustus-gene-0.23-mRNA-1 5178852
.65 maker-168406708-augustus-gene-0.23-mRNA-1 5290939
.74 snap_masked-168452061-processed-gene-0.7-mRNA-1 5184037
.40 maker-168310504-snap-gene-0.16-mRNA-1 5181100
.23 maker-168310504-snap-gene-0.16-mRNA-1 2057348
.18 maker-168310504-snap-gene-0.16-mRNA-1 1205090
.17 maker-168310504-snap-gene-0.16-mRNA-1 5206845
.18 maker-168310504-snap-gene-0.16-mRNA-1 3991509
.53 maker-168454083-snap-gene-0.11-mRNA-1 5290651
.30 maker-168454083-snap-gene-0.11-mRNA-1 836981
.10 maker-168454083-snap-gene-0.11-mRNA-1 1280165
