.43 GQ04104_K08.1_clone=GQ04104_K08_cluster=GQ04104_K08_status=complete_gb=BT119358 4729238
.28 GQ04104_K08.1_clone=GQ04104_K08_cluster=GQ04104_K08_status=complete_gb=BT119358 4729238
.06 GQ04104_K08.1_clone=GQ04104_K08_cluster=GQ04104_K08_status=complete_gb=BT119358 4729238
.80 GQ00611_J18.1_clone=GQ00611_J18_cluster=GQ00611_J18_status=complete_gb=BT100940 4728962
.34 GQ0257_G03.1_clone=GQ0257_G03_cluster=GQ0257_G03_status=complete_gb=BT103569 1653614
.46 GQ0257_G03.1_clone=GQ0257_G03_cluster=GQ0257_G03_status=complete_gb=BT103569 764594
.85 WS0311_D13.1_clone=WS0311_D13_cluster=WS0311_D13_status=3 4728992
.70 GQ03230_H24.1_clone=GQ03230_H24_cluster=GQ03230_H24_status=complete_gb=BT110967 4729291
.38 GQ03208_A14.1_clone=GQ03208_A14_cluster=GQ03208_A14_status=complete_gb=BT109406 4643443
.96 GQ04013_E18.1_clone=GQ04013_E18_cluster=GQ04013_E18_status=complete_gb=BT119009 4729272
.12 GQ04105_G02.4_clone=GQ04105_G02_cluster=GQ04105_G02_status=complete_gb=BT119416 1494807
.77 GQ04105_G02.4_clone=GQ04105_G02_cluster=GQ04105_G02_status=complete_gb=BT119416 4729202
.45 GQ03109_F03.1_clone=GQ03109_F03_cluster=GQ03109_F03_status=complete_gb=BT107562 4728613
.43 GQ03709_H22.1_clone=GQ03709_H22_cluster=GQ03709_H22_status=complete_gb=BT115959 4667276
.54 GQ03709_H22.1_clone=GQ03709_H22_cluster=GQ03709_H22_status=complete_gb=BT115959 4728681
.47 GQ03809_K17.1_clone=GQ03809_K17_cluster=GQ03809_K17_status=complete_gb=BT116932 4621744
.19 GQ03809_K17.1_clone=GQ03809_K17_cluster=GQ03809_K17_status=complete_gb=BT116932 1257612
.48 GQ04101_J07.1_clone=GQ04101_J07_cluster=GQ04101_J07_status=complete_gb=BT119114 4729069
.37 GQ04101_J07.1_clone=GQ04101_J07_cluster=GQ04101_J07_status=complete_gb=BT119114 4628871
.06 GQ04101_J07.1_clone=GQ04101_J07_cluster=GQ04101_J07_status=complete_gb=BT119114 2365689
.09 GQ02817_N22.1_clone=GQ02817_N22_cluster=GQ02817_N22_status=complete_gb=BT105038 453692
.44 GQ02817_N22.1_clone=GQ02817_N22_cluster=GQ02817_N22_status=complete_gb=BT105038 985223
.39 GQ02901_F24.2_clone=GQ02901_F24_cluster=GQ02901_F24_status=complete_gb=BT106014 4626412
.23 GQ02901_F24.2_clone=GQ02901_F24_cluster=GQ02901_F24_status=complete_gb=BT106014 4633070
.17 GQ02901_F24.2_clone=GQ02901_F24_cluster=GQ02901_F24_status=complete_gb=BT106014 925265
.15 GQ02901_F24.2_clone=GQ02901_F24_cluster=GQ02901_F24_status=complete_gb=BT106014 1058697
.26 GQ04007_B15.1_clone=GQ04007_B15_cluster=GQ04007_B15_status=complete_gb=BT118508 4729205
.99 GQ03219_C22.1_clone=GQ03219_C22_cluster=GQ03219_C22_status=complete_gb=BT110284 4729303
.55 GQ0206_L24.1_clone=GQ0206_L24_cluster=GQ0206_L24_status=complete_gb=BT103109 4729204
.08 GQ0206_L24.1_clone=GQ0206_L24_cluster=GQ0206_L24_status=complete_gb=BT103109 4624097
.81 GQ03807_C16.1_clone=GQ03807_C16_cluster=GQ03807_C16_status=complete_gb=BT116811 4729331
.52 GQ03902_F06.1_clone=GQ03902_F06_cluster=GQ03902_F06_status=complete_gb=BT117526 4729088
.28 GQ02908_O10.1_clone=GQ02908_O10_cluster=GQ02908_O10_status=complete_gb=BT106396 1864278
.24 GQ02908_O10.1_clone=GQ02908_O10_cluster=GQ02908_O10_status=complete_gb=BT106396 4620787
.19 GQ02908_O10.1_clone=GQ02908_O10_cluster=GQ02908_O10_status=complete_gb=BT106396 1227548
.20 GQ02908_O10.1_clone=GQ02908_O10_cluster=GQ02908_O10_status=complete_gb=BT106396 4641997
.06 GQ02908_O10.1_clone=GQ02908_O10_cluster=GQ02908_O10_status=complete_gb=BT106396 4628476
.68 GQ0047_E10.1_clone=GQ0047_E10_cluster=GQ0047_E10_status=complete_gb=BT100852 4728749
.49 GQ03709_N24.3_clone=GQ03709_N24_cluster=GQ03709_N24_status=53 4728871
.26 GQ03709_N24.3_clone=GQ03709_N24_cluster=GQ03709_N24_status=53 4626269
.21 GQ03709_N24.3_clone=GQ03709_N24_cluster=GQ03709_N24_status=53 685777
.21 GQ03709_N24.3_clone=GQ03709_N24_cluster=GQ03709_N24_status=53 4626344
.87 GQ03116_B09.1_clone=GQ03116_B09_cluster=GQ03116_B09_status=complete_gb=BT108028 4729122
.88 GQ03513_A17.2_clone=GQ03513_A17_cluster=GQ03513_A17_status=complete_gb=BT114354 4729249
.14 GQ03705_F02.1_clone=GQ03705_F02_cluster=GQ03705_F02_status=complete_gb=BT115736 4633861
.85 GQ03705_F02.1_clone=GQ03705_F02_cluster=GQ03705_F02_status=complete_gb=BT115736 4728918
.58 GQ03308_E12.1_clone=GQ03308_E12_cluster=GQ03308_E12_status=complete_gb=BT111963 4729267
.15 GQ03308_E12.1_clone=GQ03308_E12_cluster=GQ03308_E12_status=complete_gb=BT111963 1977967
.43 GQ02012_M17.1_clone=GQ02012_M17_cluster=GQ02012_M17_status=complete_gb=BT102730 4729102
.40 GQ04007_H10.1_clone=GQ04007_H10_cluster=GQ04007_H10_status=5 4729032
.80 GQ03808_N18.1_clone=GQ03808_N18_cluster=GQ03808_N18_status=complete_gb=BT116895 4729226
.14 GQ03808_N18.1_clone=GQ03808_N18_cluster=GQ03808_N18_status=complete_gb=BT116895 4621710
.33 GQ03230_L07.1_clone=GQ03230_L07_cluster=GQ03230_L07_status=complete_gb=BT110978 4728714
.16 GQ03230_L07.1_clone=GQ03230_L07_cluster=GQ03230_L07_status=complete_gb=BT110978 1047319
.16 GQ03230_L07.1_clone=GQ03230_L07_cluster=GQ03230_L07_status=complete_gb=BT110978 1297536
.15 GQ03230_L07.1_clone=GQ03230_L07_cluster=GQ03230_L07_status=complete_gb=BT110978 1076855
.15 GQ03230_L07.1_clone=GQ03230_L07_cluster=GQ03230_L07_status=complete_gb=BT110978 2284977
.90 GQ04107_O05.1_clone=GQ04107_O05_cluster=GQ04107_O05_status=complete_gb=BT119620 4729312
.31 GQ04107_O09.1_clone=GQ04107_O09_cluster=GQ04107_O09_status=complete_gb=BT119622 4622746
.39 GQ04107_O09.1_clone=GQ04107_O09_cluster=GQ04107_O09_status=complete_gb=BT119622 620145
.13 GQ04006_H01.1_clone=GQ04006_H01_cluster=GQ04006_H01_status=complete_gb=BT118442 674866
.11 GQ04006_H01.1_clone=GQ04006_H01_cluster=GQ04006_H01_status=complete_gb=BT118442 1752587
.13 GQ04006_H01.1_clone=GQ04006_H01_cluster=GQ04006_H01_status=complete_gb=BT118442 4634195
.03 GQ03002_E07.2_clone=GQ03002_E07_cluster=GQ03002_E07_status=complete_gb=BT106461 878199
.20 GQ03002_E07.2_clone=GQ03002_E07_cluster=GQ03002_E07_status=complete_gb=BT106461 926175
.80 GQ03717_C21.1_clone=GQ03717_C21_cluster=GQ03717_C21_status=complete_gb=BT116359 4729307
.46 GQ0043_P15.1_clone=GQ0043_P15_cluster=GQ0043_P15_status=53 4729271
.19 GQ0043_P15.1_clone=GQ0043_P15_cluster=GQ0043_P15_status=53 4729271
.79 GQ04101_J06.2_clone=GQ04101_J06_cluster=GQ04101_J06_status=complete_gb=BT119113 4729198
.08 GQ04101_J06.2_clone=GQ04101_J06_cluster=GQ04101_J06_status=complete_gb=BT119113 1812452
.28 GQ03223_G01.3_clone=GQ03223_G01_cluster=GQ03223_G01_status=53 4729000
.82 GQ02805_G18.1_clone=GQ02805_G18_cluster=GQ02805_G18_status=complete_gb=BT104013 4728894
.80 GQ04109_M20.1_clone=GQ04109_M20_cluster=GQ04109_M20_status=complete_gb=BT119763 4729316
.05 GQ04109_M20.1_clone=GQ04109_M20_cluster=GQ04109_M20_status=complete_gb=BT119763 1868009
.48 GQ03230_O21.1_clone=GQ03230_O21_cluster=GQ03230_O21_status=complete_gb=BT110992 4624807
.23 GQ03230_O21.1_clone=GQ03230_O21_cluster=GQ03230_O21_status=complete_gb=BT110992 4728912
.20 GQ03230_O21.1_clone=GQ03230_O21_cluster=GQ03230_O21_status=complete_gb=BT110992 4704523
.19 GQ03230_O21.1_clone=GQ03230_O21_cluster=GQ03230_O21_status=complete_gb=BT110992 4634898
.66 GQ03211_L24.1_clone=GQ03211_L24_cluster=GQ03211_L24_status=complete_gb=BT109719 4669513
.32 GQ03211_L24.1_clone=GQ03211_L24_cluster=GQ03211_L24_status=complete_gb=BT109719 102370
.76 GQ02811_G14.1_clone=GQ02811_G14_cluster=GQ02811_G14_status=complete_gb=BT104524 4729262
.41 GQ03126_L08.1_clone=GQ03126_L08_cluster=GQ03126_L08_status=complete_gb=BT108763 4729213
.13 GQ03126_L08.1_clone=GQ03126_L08_cluster=GQ03126_L08_status=complete_gb=BT108763 4729213
.44 GQ02904_D09.1_clone=GQ02904_D09_cluster=GQ02904_D09_status=complete_gb=BT106163 4629235
.51 GQ03418_I09.1_clone=GQ03418_I09_cluster=GQ03418_I09_status=complete_gb=BT113723 4729261
.32 GQ03418_I09.1_clone=GQ03418_I09_cluster=GQ03418_I09_status=complete_gb=BT113723 4627404
.17 GQ03124_E09.1_clone=GQ03124_E09_cluster=GQ03124_E09_status=complete_gb=BT108607 1618098
.54 GQ03124_E09.1_clone=GQ03124_E09_cluster=GQ03124_E09_status=complete_gb=BT108607 4623047
.58 GQ02829_L24.1_clone=GQ02829_L24_cluster=GQ02829_L24_status=complete_gb=BT105886 4728598
.12 GQ03116_N02.2_clone=GQ03116_N02_cluster=GQ03116_N02_status=complete_gb=BT108093 4663500
.65 GQ03116_N02.2_clone=GQ03116_N02_cluster=GQ03116_N02_status=complete_gb=BT108093 4729012
.77 GQ02907_J13.1_clone=GQ02907_J13_cluster=GQ02907_J13_status=complete_gb=BT106331 4729244
.17 GQ03231_C15.1_clone=GQ03231_C15_cluster=GQ03231_C15_status=complete_gb=BT111009 4728521
.70 GQ03231_C15.1_clone=GQ03231_C15_cluster=GQ03231_C15_status=complete_gb=BT111009 4622780
.12 GQ02815_C09.1_clone=GQ02815_C09_cluster=GQ02815_C09_status=complete_gb=BT104793 4661953
.55 GQ02815_C09.1_clone=GQ02815_C09_cluster=GQ02815_C09_status=complete_gb=BT104793 4655766
.59 GQ03202_N21.1_clone=GQ03202_N21_cluster=GQ03202_N21_status=complete_gb=BT108943 4728600
.40 GQ03202_N21.1_clone=GQ03202_N21_cluster=GQ03202_N21_status=complete_gb=BT108943 4631335
.17 GQ03810_C23.1_clone=GQ03810_C23_cluster=GQ03810_C23_status=complete_gb=BT116959 92172
.81 GQ03810_C23.1_clone=GQ03810_C23_cluster=GQ03810_C23_status=complete_gb=BT116959 4728884
.23 GQ03115_A14.1_clone=GQ03115_A14_cluster=GQ03115_A14_status=complete_gb=BT107955 4630685
.09 GQ03115_A14.1_clone=GQ03115_A14_cluster=GQ03115_A14_status=complete_gb=BT107955 4655731
.08 GQ03115_A14.1_clone=GQ03115_A14_cluster=GQ03115_A14_status=complete_gb=BT107955 4637645
.08 GQ03115_A14.1_clone=GQ03115_A14_cluster=GQ03115_A14_status=complete_gb=BT107955 336803
.03 GQ03115_A14.1_clone=GQ03115_A14_cluster=GQ03115_A14_status=complete_gb=BT107955 4624089
.88 GQ04013_E03.1_clone=GQ04013_E03_cluster=GQ04013_E03_status=complete_gb=BT119006 4729218
.16 GQ0176_B05.1_clone=GQ0176_B05_cluster=GQ0176_B05_status=3 4621621
.32 GQ0176_B05.1_clone=GQ0176_B05_cluster=GQ0176_B05_status=3 741373
.14 GQ02771_A03.1_clone=GQ02771_A03_cluster=GQ02771_A03_status=5 4414438
.85 GQ02771_A03.1_clone=GQ02771_A03_cluster=GQ02771_A03_status=5 4729328
.25 GQ03908_K08.1_clone=GQ03908_K08_cluster=GQ03908_K08_status=complete_gb=BT117719 4632688
.74 GQ03908_K08.1_clone=GQ03908_K08_cluster=GQ03908_K08_status=complete_gb=BT117719 4625745
.45 WS00842_A10.1_clone=WS00842_A10_cluster=WS00842_A10_status=complete 389963
.52 WS00842_A10.1_clone=WS00842_A10_cluster=WS00842_A10_status=complete 4621410
.16 GQ03714_I15.2_clone=GQ03714_I15_cluster=GQ03714_I15_status=complete_gb=BT116244 1572164
.16 GQ03714_I15.2_clone=GQ03714_I15_cluster=GQ03714_I15_status=complete_gb=BT116244 547595
.29 GQ04104_L15.3_clone=GQ04104_L15_cluster=GQ04104_L15_status=complete_gb=BT119364 4729230
.18 GQ04104_L15.3_clone=GQ04104_L15_cluster=GQ04104_L15_status=complete_gb=BT119364 4729230
.26 GQ04104_L15.3_clone=GQ04104_L15_cluster=GQ04104_L15_status=complete_gb=BT119364 4729230
.14 GQ02830_L13.1_clone=GQ02830_L13_cluster=GQ02830_L13_status=complete_gb=BT105973 4635774
.84 GQ02830_L13.1_clone=GQ02830_L13_cluster=GQ02830_L13_status=complete_gb=BT105973 4728696
.46 GQ03232_E15.1_clone=GQ03232_E15_cluster=GQ03232_E15_status=complete_gb=BT111069 4729323
.20 GQ03232_E15.1_clone=GQ03232_E15_cluster=GQ03232_E15_status=complete_gb=BT111069 4729323
.27 GQ03819_L20.1_clone=GQ03819_L20_cluster=GQ03819_L20_status=5 4643208
.50 GQ03819_L20.1_clone=GQ03819_L20_cluster=GQ03819_L20_status=5 4728725
.29 GQ03303_G22.1_clone=GQ03303_G22_cluster=GQ03303_G22_status=complete_gb=BT111772 4635754
.29 GQ03303_G22.1_clone=GQ03303_G22_cluster=GQ03303_G22_status=complete_gb=BT111772 4628642
.27 GQ03303_G22.1_clone=GQ03303_G22_cluster=GQ03303_G22_status=complete_gb=BT111772 1860324
.38 GQ03223_I10.1_clone=GQ03223_I10_cluster=GQ03223_I10_status=complete_gb=BT110562 4729203
.34 GQ03223_I10.1_clone=GQ03223_I10_cluster=GQ03223_I10_status=complete_gb=BT110562 4626982
.83 GQ03216_A12.1_clone=GQ03216_A12_cluster=GQ03216_A12_status=complete_gb=BT110081 4729265
.99 GQ03102_M08.1_clone=GQ03102_M08_cluster=GQ03102_M08_status=complete_gb=BT107101 4729229
.09 GQ03212_K06.3_clone=GQ03212_K06_cluster=GQ03212_K06_status=complete_gb=BT109810 4628359
.69 GQ03212_K06.3_clone=GQ03212_K06_cluster=GQ03212_K06_status=complete_gb=BT109810 4729210
.37 WS00721_J18.1_clone=WS00721_J18_cluster=WS00721_J18_status=complete 4622487
.62 WS00721_J18.1_clone=WS00721_J18_cluster=WS00721_J18_status=complete 4623915
.67 GQ04102_N08.1_clone=GQ04102_N08_cluster=GQ04102_N08_status=complete_gb=BT119228 4729327
.31 GQ03214_L20.2_clone=GQ03214_L20_cluster=GQ03214_L20_status=complete_gb=BT109998 4689847
.58 GQ03214_L20.2_clone=GQ03214_L20_cluster=GQ03214_L20_status=complete_gb=BT109998 4728663
.18 GQ04110_D06.1_clone=GQ04110_D06_cluster=GQ04110_D06_status=complete_gb=BT119796 767574
.80 GQ04110_D06.1_clone=GQ04110_D06_cluster=GQ04110_D06_status=complete_gb=BT119796 4623501
.75 GQ03814_O23.1_clone=GQ03814_O23_cluster=GQ03814_O23_status=complete_gb=BT117204 4729014
.15 GQ03615_J11.1_clone=GQ03615_J11_cluster=GQ03615_J11_status=complete_gb=BT115393 4620627
.50 GQ03615_J11.1_clone=GQ03615_J11_cluster=GQ03615_J11_status=complete_gb=BT115393 4620626
.77 GQ03221_D20.1_clone=GQ03221_D20_cluster=GQ03221_D20_status=complete_gb=BT110403 4729278
.16 GQ03221_D20.1_clone=GQ03221_D20_cluster=GQ03221_D20_status=complete_gb=BT110403 4621419
.85 GQ03007_M08.4_clone=GQ03007_M08_cluster=GQ03007_M08_status=complete_gb=BT106674 4729256
.26 GQ0259_G04.1_clone=GQ0259_G04_cluster=GQ0259_G04_status=complete_gb=BT103614 4621438
.29 GQ0259_G04.1_clone=GQ0259_G04_cluster=GQ0259_G04_status=complete_gb=BT103614 4728928
.22 GQ0259_G04.1_clone=GQ0259_G04_cluster=GQ0259_G04_status=complete_gb=BT103614 4679272
.19 GQ0259_G04.1_clone=GQ0259_G04_cluster=GQ0259_G04_status=complete_gb=BT103614 4655256
.16 GQ0259_G04.1_clone=GQ0259_G04_cluster=GQ0259_G04_status=complete_gb=BT103614 4633467
.41 GQ04006_L11.2_clone=GQ04006_L11_cluster=GQ04006_L11_status=complete_gb=BT118469 4620889
.25 GQ04006_L11.2_clone=GQ04006_L11_cluster=GQ04006_L11_status=complete_gb=BT118469 4624929
.98 GQ03213_E23.3_clone=GQ03213_E23_cluster=GQ03213_E23_status=complete_gb=BT109881 4729309
.43 GQ03510_N03.1_clone=GQ03510_N03_cluster=GQ03510_N03_status=complete_gb=BT114228 4628516
.89 GQ03204_D08.1_clone=GQ03204_D08_cluster=GQ03204_D08_status=complete_gb=BT109060 4729016
.65 GQ03102_A05.1_clone=GQ03102_A05_cluster=GQ03102_A05_status=complete_gb=BT107033 4729134
.32 GQ04006_A18.1_clone=GQ04006_A18_cluster=GQ04006_A18_status=complete_gb=BT118403 4729308
.22 GQ04006_A18.1_clone=GQ04006_A18_cluster=GQ04006_A18_status=complete_gb=BT118403 4729308
.44 GQ03235_A05.1_clone=GQ03235_A05_cluster=GQ03235_A05_status=complete_gb=BT111262 4623192
.55 GQ03235_A05.1_clone=GQ03235_A05_cluster=GQ03235_A05_status=complete_gb=BT111262 4728880
.84 GQ0198_A16.1_clone=GQ0198_A16_cluster=GQ0198_A16_status=complete_gb=BT102615 4622434
.15 GQ0198_A16.1_clone=GQ0198_A16_cluster=GQ0198_A16_status=complete_gb=BT102615 1400210
.71 GQ02816_K17.1_clone=GQ02816_K17_cluster=GQ02816_K17_status=complete_gb=BT104926 4729195
.15 GQ02816_K17.1_clone=GQ02816_K17_cluster=GQ02816_K17_status=complete_gb=BT104926 4645028
.32 GQ03616_E03.1_clone=GQ03616_E03_cluster=GQ03616_E03_status=complete_gb=BT115421 4650844
.07 GQ0044_P03.2_clone=GQ0044_P03_cluster=GQ0044_P03_status=complete_gb=BT100799 2097881
.88 GQ0044_P03.2_clone=GQ0044_P03_cluster=GQ0044_P03_status=complete_gb=BT100799 4728649
.95 GQ03236_B01.1_clone=GQ03236_B01_cluster=GQ03236_B01_status=complete_gb=BT111327 4729282
.29 GQ03121_K04.4_clone=GQ03121_K04_cluster=GQ03121_K04_status=53 4729193
.15 GQ03121_K04.4_clone=GQ03121_K04_cluster=GQ03121_K04_status=53 4729193
.23 GQ03601_O07.1_clone=GQ03601_O07_cluster=GQ03601_O07_status=complete_gb=BT114774 4729209
.12 GQ03601_O07.1_clone=GQ03601_O07_cluster=GQ03601_O07_status=complete_gb=BT114774 4729209
.10 GQ03601_O07.1_clone=GQ03601_O07_cluster=GQ03601_O07_status=complete_gb=BT114774 4660369
.77 GQ03503_N17.1_clone=GQ03503_N17_cluster=GQ03503_N17_status=complete_gb=BT113897 4729263
.33 GQ03814_A20.1_clone=GQ03814_A20_cluster=GQ03814_A20_status=complete_gb=BT117164 4728723
.78 GQ0165_M19.2_clone=GQ0165_M19_cluster=GQ0165_M19_status=complete_gb=BT102076 4621063
.23 GQ0165_M19.2_clone=GQ0165_M19_cluster=GQ0165_M19_status=complete_gb=BT102076 1125275
.17 GQ0165_M19.2_clone=GQ0165_M19_cluster=GQ0165_M19_status=complete_gb=BT102076 4626537
.17 GQ0165_M19.2_clone=GQ0165_M19_cluster=GQ0165_M19_status=complete_gb=BT102076 4628424
.13 GQ03511_D23.1_clone=GQ03511_D23_cluster=GQ03511_D23_status=complete_gb=BT114250 971038
.23 GQ03511_D23.1_clone=GQ03511_D23_cluster=GQ03511_D23_status=complete_gb=BT114250 4666035
.51 GQ03001_B05.1_clone=GQ03001_B05_cluster=GQ03001_B05_status=complete_gb=BT106409 4621032
.43 GQ03001_B05.1_clone=GQ03001_B05_cluster=GQ03001_B05_status=complete_gb=BT106409 1295604
.99 GQ0173_N14.1_clone=GQ0173_N14_cluster=GQ0173_N14_status=complete_gb=BT102269 4729324
.45 GQ03907_D16.1_clone=GQ03907_D16_cluster=GQ03907_D16_status=complete_gb=BT117675 4728753
.35 GQ03907_D16.1_clone=GQ03907_D16_cluster=GQ03907_D16_status=complete_gb=BT117675 825123
.14 GQ03907_D16.1_clone=GQ03907_D16_cluster=GQ03907_D16_status=complete_gb=BT117675 849626
.14 GQ03907_D16.1_clone=GQ03907_D16_cluster=GQ03907_D16_status=complete_gb=BT117675 4630581
.32 GQ03224_O05.1_clone=GQ03224_O05_cluster=GQ03224_O05_status=complete_gb=BT110646 4728573
.75 GQ04002_K24.1_clone=GQ04002_K24_cluster=GQ04002_K24_status=complete_gb=BT118122 4620657
.24 GQ04002_K24.1_clone=GQ04002_K24_cluster=GQ04002_K24_status=complete_gb=BT118122 4652722
.60 GQ02801_P01.1_clone=GQ02801_P01_cluster=GQ02801_P01_status=complete_gb=BT103774 4728639
.51 GQ02801_P01.1_clone=GQ02801_P01_cluster=GQ02801_P01_status=complete_gb=BT103774 4681323
.29 GQ02801_P01.1_clone=GQ02801_P01_cluster=GQ02801_P01_status=complete_gb=BT103774 4623408
.23 GQ02810_J24.1_clone=GQ02810_J24_cluster=GQ02810_J24_status=complete_gb=BT104460 4638537
.75 GQ02810_J24.1_clone=GQ02810_J24_cluster=GQ02810_J24_status=complete_gb=BT104460 4624817
.40 GQ03212_O15.1_clone=GQ03212_O15_cluster=GQ03212_O15_status=complete_gb=BT109842 1241668
.25 GQ03212_O15.1_clone=GQ03212_O15_cluster=GQ03212_O15_status=complete_gb=BT109842 1299057
.28 GQ0208_M02.1_clone=GQ0208_M02_cluster=GQ0208_M02_status=complete_gb=BT103214 4623766
.38 GQ0208_M02.1_clone=GQ0208_M02_cluster=GQ0208_M02_status=complete_gb=BT103214 1247784
.58 GQ03109_A05.1_clone=GQ03109_A05_cluster=GQ03109_A05_status=complete_gb=BT107549 4728559
.28 GQ03109_A05.1_clone=GQ03109_A05_cluster=GQ03109_A05_status=complete_gb=BT107549 1787908
.16 GQ03109_A05.1_clone=GQ03109_A05_cluster=GQ03109_A05_status=complete_gb=BT107549 4636922
.79 GQ0205_P06.1_clone=GQ0205_P06_cluster=GQ0205_P06_status=complete_gb=BT103064 4729330
.27 GQ02814_B07.2_clone=GQ02814_B07_cluster=GQ02814_B07_status=complete_gb=BT104726 4729157
.12 GQ03813_G09.1_clone=GQ03813_G09_cluster=GQ03813_G09_status=complete_gb=BT117132 345780
.37 GQ03813_G09.1_clone=GQ03813_G09_cluster=GQ03813_G09_status=complete_gb=BT117132 718040
.25 GQ02817_J18.1_clone=GQ02817_J18_cluster=GQ02817_J18_status=complete_gb=BT105007 4622373
.08 GQ02817_J18.1_clone=GQ02817_J18_cluster=GQ02817_J18_status=complete_gb=BT105007 4729228
.44 GQ0191_M10.1_clone=GQ0191_M10_cluster=GQ0191_M10_status=complete_gb=BT102419 4625169
.30 GQ0191_M10.1_clone=GQ0191_M10_cluster=GQ0191_M10_status=complete_gb=BT102419 4623462
.15 GQ0224_E23.1_clone=GQ0224_E23_cluster=GQ0224_E23_status=complete_gb=BT103289 4621231
.83 GQ0224_E23.1_clone=GQ0224_E23_cluster=GQ0224_E23_status=complete_gb=BT103289 4728899
.41 GQ02016_H18.1_clone=GQ02016_H18_cluster=GQ02016_H18_status=complete_gb=BT102804 4657495
.50 GQ02016_H18.1_clone=GQ02016_H18_cluster=GQ02016_H18_status=complete_gb=BT102804 4622281
.39 GQ04007_L24.1_clone=GQ04007_L24_cluster=GQ04007_L24_status=complete_gb=BT118565 4729270
.24 GQ04007_L24.1_clone=GQ04007_L24_cluster=GQ04007_L24_status=complete_gb=BT118565 4729270
.56 GQ03806_N10.1_clone=GQ03806_N10_cluster=GQ03806_N10_status=complete_gb=BT116791 4729232
.51 GQ03711_D13.1_clone=GQ03711_D13_cluster=GQ03711_D13_status=complete_gb=BT116055 4729285
.35 GQ03711_D13.1_clone=GQ03711_D13_cluster=GQ03711_D13_status=complete_gb=BT116055 4729285
.88 GQ0203_F11.1_clone=GQ0203_F11_cluster=GQ0203_F11_status=53 4729235
.11 GQ0203_F11.1_clone=GQ0203_F11_cluster=GQ0203_F11_status=53 1604497
.65 GQ0015_O03.1_clone=GQ0015_O03_cluster=GQ0015_O03_status=complete_gb=BT100488 4729313
.18 GQ0015_O03.1_clone=GQ0015_O03_cluster=GQ0015_O03_status=complete_gb=BT100488 4728477
.18 GQ0015_O03.1_clone=GQ0015_O03_cluster=GQ0015_O03_status=complete_gb=BT100488 4728518
.31 GQ0068_F14.1_clone=GQ0068_F14_cluster=GQ0068_F14_status=complete_gb=BT101129 4664504
.37 GQ0068_F14.1_clone=GQ0068_F14_cluster=GQ0068_F14_status=complete_gb=BT101129 1660409
.31 GQ03111_K17.1_clone=GQ03111_K17_cluster=GQ03111_K17_status=complete_gb=BT107702 4626937
.68 GQ03111_K17.1_clone=GQ03111_K17_cluster=GQ03111_K17_status=complete_gb=BT107702 4729144
.17 WS00110_K01.1_clone=WS00110_K01_cluster=WS00110_K01_status=3 4388964
.62 WS00110_K01.1_clone=WS00110_K01_cluster=WS00110_K01_status=3 4728643
.97 GQ02813_H02.1_clone=GQ02813_H02_cluster=GQ02813_H02_status=complete_gb=BT104679 4729237
.23 GQ03204_I19.1_clone=GQ03204_I19_cluster=GQ03204_I19_status=complete_gb=BT109093 4648372
.03 GQ04109_I14.1_clone=GQ04109_I14_cluster=GQ04109_I14_status=complete_gb=BT119750 2582889
.72 GQ04109_I14.1_clone=GQ04109_I14_cluster=GQ04109_I14_status=complete_gb=BT119750 4729250
.86 GQ03230_C03.1_clone=GQ03230_C03_cluster=GQ03230_C03_status=complete_gb=BT110943 4729260
.36 GQ03203_N10.1_clone=GQ03203_N10_cluster=GQ03203_N10_status=complete_gb=BT109021 4728849
.77 GQ03314_L18.1_clone=GQ03314_L18_cluster=GQ03314_L18_status=complete_gb=BT112411 4728706
.23 GQ03813_P16.1_clone=GQ03813_P16_cluster=GQ03813_P16_status=complete_gb=BT117161 4728741
.21 GQ03806_D05.1_clone=GQ03806_D05_cluster=GQ03806_D05_status=complete_gb=BT116760 4623418
.70 GQ03806_D05.1_clone=GQ03806_D05_cluster=GQ03806_D05_status=complete_gb=BT116760 934786
.26 GQ03232_N07.1_clone=GQ03232_N07_cluster=GQ03232_N07_status=complete_gb=BT111113 4639207
.72 GQ03232_N07.1_clone=GQ03232_N07_cluster=GQ03232_N07_status=complete_gb=BT111113 4705048
.96 GQ03419_H14.1_clone=GQ03419_H14_cluster=GQ03419_H14_status=complete_gb=BT113751 4729288
.47 GQ03517_P16.1_clone=GQ03517_P16_cluster=GQ03517_P16_status=complete_gb=BT114620 4624252
.31 GQ02830_G03.1_clone=GQ02830_G03_cluster=GQ02830_G03_status=complete_gb=BT105946 1531328
.30 GQ02830_G03.1_clone=GQ02830_G03_cluster=GQ02830_G03_status=complete_gb=BT105946 896291
.24 GQ02830_G03.1_clone=GQ02830_G03_cluster=GQ02830_G03_status=complete_gb=BT105946 1799509
.22 GQ02830_G03.1_clone=GQ02830_G03_cluster=GQ02830_G03_status=complete_gb=BT105946 4622676
.13 GQ02830_G03.1_clone=GQ02830_G03_cluster=GQ02830_G03_status=complete_gb=BT105946 4660498
.25 GQ03207_O20.1_clone=GQ03207_O20_cluster=GQ03207_O20_status=complete_gb=BT109395 4626853
.25 GQ03207_O20.1_clone=GQ03207_O20_cluster=GQ03207_O20_status=complete_gb=BT109395 4729153
.53 GQ03812_L03.1_clone=GQ03812_L03_cluster=GQ03812_L03_status=complete_gb=BT117094 4729289
.19 GQ03812_L03.1_clone=GQ03812_L03_cluster=GQ03812_L03_status=complete_gb=BT117094 4637924
.21 GQ04009_D03.1_clone=GQ04009_D03_cluster=GQ04009_D03_status=complete_gb=BT118695 4729298
.15 GQ04009_D03.1_clone=GQ04009_D03_cluster=GQ04009_D03_status=complete_gb=BT118695 4729298
.91 GQ03711_P20.1_clone=GQ03711_P20_cluster=GQ03711_P20_status=complete_gb=BT116111 4729217
.36 GQ03217_E12.1_clone=GQ03217_E12_cluster=GQ03217_E12_status=complete_gb=BT110161 4627478
.81 GQ03223_D19.1_clone=GQ03223_D19_cluster=GQ03223_D19_status=complete_gb=BT110544 4729241
.25 GQ03108_K09.1_clone=GQ03108_K09_cluster=GQ03108_K09_status=complete_gb=BT107521 4665748
.71 GQ03108_K09.1_clone=GQ03108_K09_cluster=GQ03108_K09_status=complete_gb=BT107521 4729239
.30 GQ03321_D08.1_clone=GQ03321_D08_cluster=GQ03321_D08_status=complete_gb=BT112808 4729269
.23 GQ03321_D08.1_clone=GQ03321_D08_cluster=GQ03321_D08_status=complete_gb=BT112808 4729269
.11 GQ03814_P16.1_clone=GQ03814_P16_cluster=GQ03814_P16_status=complete_gb=BT117207 4623201
.80 GQ03814_P16.1_clone=GQ03814_P16_cluster=GQ03814_P16_status=complete_gb=BT117207 4729192
.53 WS00713_N11.1_clone=WS00713_N11_cluster=WS00713_N11_status=complete 3280721
.46 WS00713_N11.1_clone=WS00713_N11_cluster=WS00713_N11_status=complete 4635133
.38 GQ03109_P15.1_clone=GQ03109_P15_cluster=GQ03109_P15_status=complete_gb=BT107596 820743
.30 GQ03109_P15.1_clone=GQ03109_P15_cluster=GQ03109_P15_status=complete_gb=BT107596 4728954
.13 GQ03109_P15.1_clone=GQ03109_P15_cluster=GQ03109_P15_status=complete_gb=BT107596 4624729
.07 GQ03109_P15.1_clone=GQ03109_P15_cluster=GQ03109_P15_status=complete_gb=BT107596 4633608
.72 GQ03714_L10.1_clone=GQ03714_L10_cluster=GQ03714_L10_status=complete_gb=BT116255 4728862
.71 GQ02815_M13.1_clone=GQ02815_M13_cluster=GQ02815_M13_status=complete_gb=BT104845 4622156
.23 GQ02815_M13.1_clone=GQ02815_M13_cluster=GQ02815_M13_status=complete_gb=BT104845 1776552
.31 GQ03405_K18.1_clone=GQ03405_K18_cluster=GQ03405_K18_status=complete_gb=BT113346 1228061
.28 GQ03405_K18.1_clone=GQ03405_K18_cluster=GQ03405_K18_status=complete_gb=BT113346 1243729
.23 GQ03405_K18.1_clone=GQ03405_K18_cluster=GQ03405_K18_status=complete_gb=BT113346 4630712
.20 GQ03405_K18.1_clone=GQ03405_K18_cluster=GQ03405_K18_status=complete_gb=BT113346 334763
.19 GQ03405_K18.1_clone=GQ03405_K18_cluster=GQ03405_K18_status=complete_gb=BT113346 4639595
.60 GQ03917_P03.2_clone=GQ03917_P03_cluster=GQ03917_P03_status=complete_gb=BT117939 1105900
.23 GQ03917_P03.2_clone=GQ03917_P03_cluster=GQ03917_P03_status=complete_gb=BT117939 4621725
.49 GQ03227_B21.4_clone=GQ03227_B21_cluster=GQ03227_B21_status=53 4729086
.44 GQ03227_B21.4_clone=GQ03227_B21_cluster=GQ03227_B21_status=53 4729086
.97 WS03213_A01.1_clone=WS03213_A01_cluster=WS03213_A01_status=complete 4728842
.20 GQ03315_M18.1_clone=GQ03315_M18_cluster=GQ03315_M18_status=complete_gb=BT112473 4629194
.77 GQ03315_M18.1_clone=GQ03315_M18_cluster=GQ03315_M18_status=complete_gb=BT112473 4728577
.51 GQ04006_I19.1_clone=GQ04006_I19_cluster=GQ04006_I19_status=complete_gb=BT118450 4728948
.58 GQ03121_L18.2_clone=GQ03121_L18_cluster=GQ03121_L18_status=complete_gb=BT108434 4728919
.33 GQ03121_L18.2_clone=GQ03121_L18_cluster=GQ03121_L18_status=complete_gb=BT108434 4626351
.17 GQ03121_L18.2_clone=GQ03121_L18_cluster=GQ03121_L18_status=complete_gb=BT108434 997009
.12 GQ03319_E21.1_clone=GQ03319_E21_cluster=GQ03319_E21_status=complete_gb=BT112675 4632018
.86 GQ03319_E21.1_clone=GQ03319_E21_cluster=GQ03319_E21_status=complete_gb=BT112675 4728958
.50 GQ03913_M20.1_clone=GQ03913_M20_cluster=GQ03913_M20_status=complete_gb=BT117834 4728580
.25 GQ03902_L20.1_clone=GQ03902_L20_cluster=GQ03902_L20_status=complete_gb=BT117537 4645613
.73 GQ03902_L20.1_clone=GQ03902_L20_cluster=GQ03902_L20_status=complete_gb=BT117537 4729222
.10 GQ02829_E13.2_clone=GQ02829_E13_cluster=GQ02829_E13_status=complete_gb=BT105844 1159508
.86 GQ02829_E13.2_clone=GQ02829_E13_cluster=GQ02829_E13_status=complete_gb=BT105844 4729284
.31 GQ04012_F11.1_clone=GQ04012_F11_cluster=GQ04012_F11_status=complete_gb=BT118951 4691038
.28 GQ04012_F11.1_clone=GQ04012_F11_cluster=GQ04012_F11_status=complete_gb=BT118951 4637979
.45 GQ02806_I18.1_clone=GQ02806_I18_cluster=GQ02806_I18_status=complete_gb=BT104107 4622358
.37 GQ02806_I18.1_clone=GQ02806_I18_cluster=GQ02806_I18_status=complete_gb=BT104107 4729194
.96 GQ04112_P15.3_clone=GQ04112_P15_cluster=GQ04112_P15_status=complete_gb=BT119949 4729329
.32 GQ02823_P03.1_clone=GQ02823_P03_cluster=GQ02823_P03_status=complete_gb=BT105535 881272
.07 GQ02823_P03.1_clone=GQ02823_P03_cluster=GQ02823_P03_status=complete_gb=BT105535 790054
.27 GQ03603_L11.1_clone=GQ03603_L11_cluster=GQ03603_L11_status=complete_gb=BT114854 1513102
.82 GQ0061_D15.1_clone=GQ0061_D15_cluster=GQ0061_D15_status=complete_gb=BT100973 4728622
.20 GQ03223_E01.1_clone=GQ03223_E01_cluster=GQ03223_E01_status=complete_gb=BT110547 1049474
.19 GQ03223_E01.1_clone=GQ03223_E01_cluster=GQ03223_E01_status=complete_gb=BT110547 1155754
.50 GQ03817_M23.1_clone=GQ03817_M23_cluster=GQ03817_M23_status=complete_gb=BT117359 4729189
.48 GQ03817_M23.1_clone=GQ03817_M23_cluster=GQ03817_M23_status=complete_gb=BT117359 4644018
.85 GQ02807_B13.1_clone=GQ02807_B13_cluster=GQ02807_B13_status=complete_gb=BT104166 4729332
.37 GQ03206_C01.1_clone=GQ03206_C01_cluster=GQ03206_C01_status=complete_gb=BT109225 4627359
.33 GQ03206_C01.1_clone=GQ03206_C01_cluster=GQ03206_C01_status=complete_gb=BT109225 4620921
.68 WS00813_I06.1_clone=WS00813_I06_cluster=WS00813_I06_status=complete 1269017
.19 WS00813_I06.1_clone=WS00813_I06_cluster=WS00813_I06_status=complete 1364601
.80 GQ0205_N01.1_clone=GQ0205_N01_cluster=GQ0205_N01_status=complete_gb=BT103056 4729043
.10 GQ0205_N01.1_clone=GQ0205_N01_cluster=GQ0205_N01_status=complete_gb=BT103056 324295
.77 GQ03203_B22.2_clone=GQ03203_B22_cluster=GQ03203_B22_status=complete_gb=BT108964 4626332
.22 GQ03203_B22.2_clone=GQ03203_B22_cluster=GQ03203_B22_status=complete_gb=BT108964 4630850
.89 GQ02828_J14.1_clone=GQ02828_J14_cluster=GQ02828_J14_status=complete_gb=BT105794 4728816
.09 GQ02828_J14.1_clone=GQ02828_J14_cluster=GQ02828_J14_status=complete_gb=BT105794 363822
.51 GQ03224_O19.1_clone=GQ03224_O19_cluster=GQ03224_O19_status=complete_gb=BT110649 4729246
.23 GQ03224_O19.1_clone=GQ03224_O19_cluster=GQ03224_O19_status=complete_gb=BT110649 4729246
.37 GQ03506_N17.1_clone=GQ03506_N17_cluster=GQ03506_N17_status=complete_gb=BT114035 4630798
.22 GQ03506_N17.1_clone=GQ03506_N17_cluster=GQ03506_N17_status=complete_gb=BT114035 2937085
.19 GQ03310_C20.2_clone=GQ03310_C20_cluster=GQ03310_C20_status=complete_gb=BT112111 4620501
.75 GQ03310_C20.2_clone=GQ03310_C20_cluster=GQ03310_C20_status=complete_gb=BT112111 4729293
.50 WS0314_F18.1_clone=WS0314_F18_cluster=WS0314_F18_status=complete 1590804
.40 WS0314_F18.1_clone=WS0314_F18_cluster=WS0314_F18_status=complete 1134999
.49 GQ04001_H11.3_clone=GQ04001_H11_cluster=GQ04001_H11_status=53 4729197
.83 GQ03603_I18.1_clone=GQ03603_I18_cluster=GQ03603_I18_status=complete_gb=BT114845 4729286
.31 GQ0069_H15.1_clone=GQ0069_H15_cluster=GQ0069_H15_status=complete_gb=BT101156 2134957
.49 GQ0069_H15.1_clone=GQ0069_H15_cluster=GQ0069_H15_status=complete_gb=BT101156 765903
.62 GQ0165_L23.1_clone=GQ0165_L23_cluster=GQ0165_L23_status=complete_gb=BT102074 4645916
.23 GQ0165_L23.1_clone=GQ0165_L23_cluster=GQ0165_L23_status=complete_gb=BT102074 1886382
.29 GQ04006_K23.1_clone=GQ04006_K23_cluster=GQ04006_K23_status=complete_gb=BT118465 4623982
.15 GQ02813_D01.2_clone=GQ02813_D01_cluster=GQ02813_D01_status=complete_gb=BT104663 1392309
.83 GQ02813_D01.2_clone=GQ02813_D01_cluster=GQ02813_D01_status=complete_gb=BT104663 4622308
.15 GQ03207_I11.1_clone=GQ03207_I11_cluster=GQ03207_I11_status=complete_gb=BT109352 4715889
.83 GQ03207_I11.1_clone=GQ03207_I11_cluster=GQ03207_I11_status=complete_gb=BT109352 4729196
.31 GQ03511_H09.1_clone=GQ03511_H09_cluster=GQ03511_H09_status=complete_gb=BT114260 765903
.28 GQ03511_H09.1_clone=GQ03511_H09_cluster=GQ03511_H09_status=complete_gb=BT114260 2134957
.27 GQ03511_H09.1_clone=GQ03511_H09_cluster=GQ03511_H09_status=complete_gb=BT114260 4655918
.59 GQ03221_J05.1_clone=GQ03221_J05_cluster=GQ03221_J05_status=complete_gb=BT110426 4624611
.21 GQ03221_J05.1_clone=GQ03221_J05_cluster=GQ03221_J05_status=complete_gb=BT110426 2233214
.62 GQ03203_E21.1_clone=GQ03203_E21_cluster=GQ03203_E21_status=complete_gb=BT108982 4728978
.41 GQ03114_J03.1_clone=GQ03114_J03_cluster=GQ03114_J03_status=complete_gb=BT107929 4728520
.21 GQ03114_J03.1_clone=GQ03114_J03_cluster=GQ03114_J03_status=complete_gb=BT107929 4629534
.29 GQ03006_O06.2_clone=GQ03006_O06_cluster=GQ03006_O06_status=53 4728558
.14 GQ03006_O06.2_clone=GQ03006_O06_cluster=GQ03006_O06_status=53 1290991
.06 GQ03006_O06.2_clone=GQ03006_O06_cluster=GQ03006_O06_status=53 1310285
.99 GQ02824_K24.1_clone=GQ02824_K24_cluster=GQ02824_K24_status=complete_gb=BT105579 4729296
.58 GQ02802_P02.1_clone=GQ02802_P02_cluster=GQ02802_P02_status=complete_gb=BT103844 4728879
.15 GQ02802_P02.1_clone=GQ02802_P02_cluster=GQ02802_P02_status=complete_gb=BT103844 3071205
.99 GQ02016_D19.1_clone=GQ02016_D19_cluster=GQ02016_D19_status=3 4728715
.98 GQ03218_J05.1_clone=GQ03218_J05_cluster=GQ03218_J05_status=complete_gb=BT110239 4729214
.82 GQ03315_A12.1_clone=GQ03315_A12_cluster=GQ03315_A12_status=complete_gb=BT112422 4728985
.40 GQ03801_G12.1_clone=GQ03801_G12_cluster=GQ03801_G12_status=complete_gb=BT116530 424103
.49 GQ03801_G12.1_clone=GQ03801_G12_cluster=GQ03801_G12_status=complete_gb=BT116530 1971866
.91 GQ03235_E10.1_clone=GQ03235_E10_cluster=GQ03235_E10_status=complete_gb=BT111272 4729231
.72 GQ03326_P06.1_clone=GQ03326_P06_cluster=GQ03326_P06_status=complete_gb=BT113188 4624094
.70 GQ03204_J18.1_clone=GQ03204_J18_cluster=GQ03204_J18_status=complete_gb=BT109098 4729216
.59 GQ04010_M08.1_clone=GQ04010_M08_cluster=GQ04010_M08_status=complete_gb=BT118831 4729242
.64 GQ03107_D18.1_clone=GQ03107_D18_cluster=GQ03107_D18_status=complete_gb=BT107412 4728738
.74 WS00842_J09.1_clone=WS00842_J09_cluster=WS00842_J09_status=3 4729129
.49 GQ02821_C12.1_clone=GQ02821_C12_cluster=GQ02821_C12_status=complete_gb=BT105344 4664657
.36 GQ02821_C12.1_clone=GQ02821_C12_cluster=GQ02821_C12_status=complete_gb=BT105344 4729096
.06 GQ03004_H20.1_clone=GQ03004_H20_cluster=GQ03004_H20_status=complete_gb=BT106541 4641102
.87 GQ03004_H20.1_clone=GQ03004_H20_cluster=GQ03004_H20_status=complete_gb=BT106541 4729130
.39 GQ03304_H16.1_clone=GQ03304_H16_cluster=GQ03304_H16_status=complete_gb=BT111855 4729039
.40 GQ03238_B18.1_clone=GQ03238_B18_cluster=GQ03238_B18_status=complete_gb=BT111472 4729140
.23 GQ03238_B18.1_clone=GQ03238_B18_cluster=GQ03238_B18_status=complete_gb=BT111472 3907205
.69 GQ03107_N15.2_clone=GQ03107_N15_cluster=GQ03107_N15_status=complete_gb=BT107465 4729236
.36 GQ02825_O22.1_clone=GQ02825_O22_cluster=GQ02825_O22_status=complete_gb=BT105662 517359
.36 GQ02825_O22.1_clone=GQ02825_O22_cluster=GQ02825_O22_status=complete_gb=BT105662 4622077
.34 GQ02825_O22.1_clone=GQ02825_O22_cluster=GQ02825_O22_status=complete_gb=BT105662 4689988
.25 GQ02825_O22.1_clone=GQ02825_O22_cluster=GQ02825_O22_status=complete_gb=BT105662 4625459
.43 GQ02016_M05.2_clone=GQ02016_M05_cluster=GQ02016_M05_status=complete_gb=BT102809 691894
.46 GQ02016_M05.2_clone=GQ02016_M05_cluster=GQ02016_M05_status=complete_gb=BT102809 4654665
.70 GQ03301_F08.1_clone=GQ03301_F08_cluster=GQ03301_F08_status=complete_gb=BT111615 4728848
.27 GQ03301_F08.1_clone=GQ03301_F08_cluster=GQ03301_F08_status=complete_gb=BT111615 797337
.10 GQ03301_F08.1_clone=GQ03301_F08_cluster=GQ03301_F08_status=complete_gb=BT111615 2546502
.69 GQ03121_P08.1_clone=GQ03121_P08_cluster=GQ03121_P08_status=complete_gb=BT108453 4626577
.30 GQ03121_P08.1_clone=GQ03121_P08_cluster=GQ03121_P08_status=complete_gb=BT108453 4628044
.66 GQ03322_M11.2_clone=GQ03322_M11_cluster=GQ03322_M11_status=complete_gb=BT112921 4729101
.23 GQ03322_M11.2_clone=GQ03322_M11_cluster=GQ03322_M11_status=complete_gb=BT112921 1293503
.84 GQ02814_D20.1_clone=GQ02814_D20_cluster=GQ02814_D20_status=complete_gb=BT104739 4622604
.14 GQ02814_D20.1_clone=GQ02814_D20_cluster=GQ02814_D20_status=complete_gb=BT104739 602334
.44 GQ0227_C24.1_clone=GQ0227_C24_cluster=GQ0227_C24_status=complete_gb=BT103323 4630228
.24 GQ0227_C24.1_clone=GQ0227_C24_cluster=GQ0227_C24_status=complete_gb=BT103323 4640113
.34 GQ03705_B16.1_clone=GQ03705_B16_cluster=GQ03705_B16_status=complete_gb=BT115727 4728953
.31 GQ03705_B16.1_clone=GQ03705_B16_cluster=GQ03705_B16_status=complete_gb=BT115727 4644961
.18 GQ03112_I05.1_clone=GQ03112_I05_cluster=GQ03112_I05_status=complete_gb=BT107769 248069
.36 GQ03112_I05.1_clone=GQ03112_I05_cluster=GQ03112_I05_status=complete_gb=BT107769 4620896
.99 GQ03322_B02.1_clone=GQ03322_B02_cluster=GQ03322_B02_status=complete_gb=BT112870 4728579
.86 WS00755_D09.1_clone=WS00755_D09_cluster=WS00755_D09_status=3 4621693
.48 WS00755_D09.1_clone=WS00755_D09_cluster=WS00755_D09_status=3 4623700
.13 WS00755_D09.1_clone=WS00755_D09_cluster=WS00755_D09_status=3 1961913
.43 GQ0174_H24.1_clone=GQ0174_H24_cluster=GQ0174_H24_status=complete_gb=BT102283 4624342
.24 GQ0174_H24.1_clone=GQ0174_H24_cluster=GQ0174_H24_status=complete_gb=BT102283 1374725
.17 GQ0174_H24.1_clone=GQ0174_H24_cluster=GQ0174_H24_status=complete_gb=BT102283 1734712
.17 GQ0174_H24.1_clone=GQ0174_H24_cluster=GQ0174_H24_status=complete_gb=BT102283 1770295
.47 GQ04113_K09.4_clone=GQ04113_K09_cluster=GQ04113_K09_status=complete_gb=BT119983 4729221
.13 GQ04113_K09.4_clone=GQ04113_K09_cluster=GQ04113_K09_status=complete_gb=BT119983 4621731
.88 GQ04105_G20.1_clone=GQ04105_G20_cluster=GQ04105_G20_status=complete_gb=BT119420 4729319
.45 GQ0166_O08.1_clone=GQ0166_O08_cluster=GQ0166_O08_status=complete_gb=BT102126 4728937
.27 GQ0166_O08.1_clone=GQ0166_O08_cluster=GQ0166_O08_status=complete_gb=BT102126 4623117
.24 GQ0166_O08.1_clone=GQ0166_O08_cluster=GQ0166_O08_status=complete_gb=BT102126 4648697
.20 GQ03518_B05.4_clone=GQ03518_B05_cluster=GQ03518_B05_status=53 977677
.16 GQ03518_B05.4_clone=GQ03518_B05_cluster=GQ03518_B05_status=53 2058814
.18 GQ03518_B05.4_clone=GQ03518_B05_cluster=GQ03518_B05_status=53 2099845
.16 GQ03518_B05.4_clone=GQ03518_B05_cluster=GQ03518_B05_status=53 1337137
.06 GQ03518_B05.4_clone=GQ03518_B05_cluster=GQ03518_B05_status=53 608570
.44 GQ0203_N21.1_clone=GQ0203_N21_cluster=GQ0203_N21_status=53 4728724
.41 GQ0203_N21.1_clone=GQ0203_N21_cluster=GQ0203_N21_status=53 4684701
.16 GQ0203_N21.1_clone=GQ0203_N21_cluster=GQ0203_N21_status=53 4676901
.47 GQ03221_I10.1_clone=GQ03221_I10_cluster=GQ03221_I10_status=complete_gb=BT110421 4728657
.35 GQ03221_I10.1_clone=GQ03221_I10_cluster=GQ03221_I10_status=complete_gb=BT110421 4628844
.54 GQ03917_K17.3_clone=GQ03917_K17_cluster=GQ03917_K17_status=complete_gb=BT117932 4729283
.13 GQ03917_K17.3_clone=GQ03917_K17_cluster=GQ03917_K17_status=complete_gb=BT117932 4729283
.14 GQ0062_D21.1_clone=GQ0062_D21_cluster=GQ0062_D21_status=complete_gb=BT100987 4663371
.73 GQ0062_D21.1_clone=GQ0062_D21_cluster=GQ0062_D21_status=complete_gb=BT100987 4629663
.55 GQ03307_G14.3_clone=GQ03307_G14_cluster=GQ03307_G14_status=53 4729186
.18 GQ03307_G14.3_clone=GQ03307_G14_cluster=GQ03307_G14_status=53 4729186
.65 GQ04009_B10.3_clone=GQ04009_B10_cluster=GQ04009_B10_status=complete_gb=BT118685 4729201
.16 GQ04009_B10.3_clone=GQ04009_B10_cluster=GQ04009_B10_status=complete_gb=BT118685 4621157
.55 GQ0033_G23.1_clone=GQ0033_G23_cluster=GQ0033_G23_status=complete_gb=BT100634 4695945
.19 GQ0033_G23.1_clone=GQ0033_G23_cluster=GQ0033_G23_status=complete_gb=BT100634 4653156
.58 WS0339_M19.1_clone=WS0339_M19_cluster=WS0339_M19_status=3 4627510
.15 WS0339_M19.1_clone=WS0339_M19_cluster=WS0339_M19_status=3 1119019
.83 GQ02818_N18.1_clone=GQ02818_N18_cluster=GQ02818_N18_status=complete_gb=BT105124 4638370
.44 GQ03804_B03.1_clone=GQ03804_B03_cluster=GQ03804_B03_status=complete_gb=BT116657 4729141
.18 GQ03804_B03.1_clone=GQ03804_B03_cluster=GQ03804_B03_status=complete_gb=BT116657 4623853
.43 GQ03817_E10.1_clone=GQ03817_E10_cluster=GQ03817_E10_status=complete_gb=BT117329 4628859
.56 GQ03817_E10.1_clone=GQ03817_E10_cluster=GQ03817_E10_status=complete_gb=BT117329 4728897
.82 GQ03122_D23.1_clone=GQ03122_D23_cluster=GQ03122_D23_status=complete_gb=BT108466 4621158
.17 GQ03122_D23.1_clone=GQ03122_D23_cluster=GQ03122_D23_status=complete_gb=BT108466 1331679
.77 GQ03102_B04.2_clone=GQ03102_B04_cluster=GQ03102_B04_status=complete_gb=BT107039 4636704
.09 GQ03102_B04.2_clone=GQ03102_B04_cluster=GQ03102_B04_status=complete_gb=BT107039 1142102
.07 GQ03102_B04.2_clone=GQ03102_B04_cluster=GQ03102_B04_status=complete_gb=BT107039 2533634
.99 GQ03715_J17.1_clone=GQ03715_J17_cluster=GQ03715_J17_status=complete_gb=BT116297 4729185
.27 GQ02826_L03.1_clone=GQ02826_L03_cluster=GQ02826_L03_status=complete_gb=BT105707 4728694
.17 GQ02826_L03.1_clone=GQ02826_L03_cluster=GQ02826_L03_status=complete_gb=BT105707 2130786
.33 GQ03310_B18.1_clone=GQ03310_B18_cluster=GQ03310_B18_status=complete_gb=BT112107 4728775
.28 GQ03310_B18.1_clone=GQ03310_B18_cluster=GQ03310_B18_status=complete_gb=BT112107 4623428
.54 GQ04009_P23.1_clone=GQ04009_P23_cluster=GQ04009_P23_status=complete_gb=BT118766 4728648
.20 GQ04009_P23.1_clone=GQ04009_P23_cluster=GQ04009_P23_status=complete_gb=BT118766 4644072
.47 GQ03714_H07.1_clone=GQ03714_H07_cluster=GQ03714_H07_status=complete_gb=BT116240 4729264
.08 GQ03714_H07.1_clone=GQ03714_H07_cluster=GQ03714_H07_status=complete_gb=BT116240 4729264
.90 GQ03324_K24.1_clone=GQ03324_K24_cluster=GQ03324_K24_status=complete_gb=BT113025 4729315
.31 WS0078_I16.1_clone=WS0078_I16_cluster=WS0078_I16_status=3 1364205
.40 WS0078_I16.1_clone=WS0078_I16_cluster=WS0078_I16_status=3 1889001
.86 GQ03108_D05.3_clone=GQ03108_D05_cluster=GQ03108_D05_status=complete_gb=BT107487 4729253
.38 GQ0201_I17.1_clone=GQ0201_I17_cluster=GQ0201_I17_status=complete_gb=BT102844 4729143
.14 GQ0201_I17.1_clone=GQ0201_I17_cluster=GQ0201_I17_status=complete_gb=BT102844 1967455
.19 GQ03301_E06.1_clone=GQ03301_E06_cluster=GQ03301_E06_status=complete_gb=BT111609 2451251
.56 GQ03301_E06.1_clone=GQ03301_E06_cluster=GQ03301_E06_status=complete_gb=BT111609 4729037
.58 GQ03202_I02.2_clone=GQ03202_I02_cluster=GQ03202_I02_status=complete_gb=BT108916 4729251
.20 GQ03309_K14.4_clone=GQ03309_K14_cluster=GQ03309_K14_status=complete_gb=BT112076 1527765
.19 GQ03309_K14.4_clone=GQ03309_K14_cluster=GQ03309_K14_status=complete_gb=BT112076 4640836
.39 WS0087_F15.1_clone=WS0087_F15_cluster=WS0087_F15_status=3 1404815
.41 WS0087_F15.1_clone=WS0087_F15_cluster=WS0087_F15_status=3 874828
.54 GQ03230_N04.1_clone=GQ03230_N04_cluster=GQ03230_N04_status=complete_gb=BT110987 4729259
.26 GQ03230_N04.1_clone=GQ03230_N04_cluster=GQ03230_N04_status=complete_gb=BT110987 4654998
.13 GQ03314_G21.1_clone=GQ03314_G21_cluster=GQ03314_G21_status=complete_gb=BT112395 4625858
.86 GQ03314_G21.1_clone=GQ03314_G21_cluster=GQ03314_G21_status=complete_gb=BT112395 4729211
.64 GQ03304_J06.1_clone=GQ03304_J06_cluster=GQ03304_J06_status=complete_gb=BT111864 4630310
.17 GQ03304_J06.1_clone=GQ03304_J06_cluster=GQ03304_J06_status=complete_gb=BT111864 4630311
.53 GQ02808_H24.1_clone=GQ02808_H24_cluster=GQ02808_H24_status=complete_gb=BT104282 4667528
.45 GQ02808_H24.1_clone=GQ02808_H24_cluster=GQ02808_H24_status=complete_gb=BT104282 470812
.61 GQ03814_D21.1_clone=GQ03814_D21_cluster=GQ03814_D21_status=complete_gb=BT117170 1120854
.53 GQ03814_D21.1_clone=GQ03814_D21_cluster=GQ03814_D21_status=complete_gb=BT117170 4625402
.20 GQ03814_D21.1_clone=GQ03814_D21_cluster=GQ03814_D21_status=complete_gb=BT117170 1205509
.20 GQ03814_D21.1_clone=GQ03814_D21_cluster=GQ03814_D21_status=complete_gb=BT117170 488515
.21 GQ03814_D21.1_clone=GQ03814_D21_cluster=GQ03814_D21_status=complete_gb=BT117170 4653811
.54 GQ0174_N23.1_clone=GQ0174_N23_cluster=GQ0174_N23_status=3 4626944
.15 GQ0174_N23.1_clone=GQ0174_N23_cluster=GQ0174_N23_status=3 1360666
.15 GQ0174_N23.1_clone=GQ0174_N23_cluster=GQ0174_N23_status=3 4624781
.41 GQ04109_K22.4_clone=GQ04109_K22_cluster=GQ04109_K22_status=complete_gb=BT119755 4630076
.13 GQ04109_K22.4_clone=GQ04109_K22_cluster=GQ04109_K22_status=complete_gb=BT119755 4625244
.33 GQ02829_D06.1_clone=GQ02829_D06_cluster=GQ02829_D06_status=complete_gb=BT105835 4728544
.36 GQ02905_C06.4_clone=GQ02905_C06_cluster=GQ02905_C06_status=complete_gb=BT106214 4729234
.13 GQ02905_C06.4_clone=GQ02905_C06_cluster=GQ02905_C06_status=complete_gb=BT106214 4729234
.88 GQ03101_B18.1_clone=GQ03101_B18_cluster=GQ03101_B18_status=complete_gb=BT106950 4728809
.34 GQ03108_J04.1_clone=GQ03108_J04_cluster=GQ03108_J04_status=complete_gb=BT107516 4648423
.23 GQ03108_J04.1_clone=GQ03108_J04_cluster=GQ03108_J04_status=complete_gb=BT107516 1269267
.06 GQ03108_J04.1_clone=GQ03108_J04_cluster=GQ03108_J04_status=complete_gb=BT107516 1454169
.06 GQ03108_J04.1_clone=GQ03108_J04_cluster=GQ03108_J04_status=complete_gb=BT107516 1677085
.10 GQ03606_C01.4_clone=GQ03606_C01_cluster=GQ03606_C01_status=complete_gb=BT114959 1734603
.70 GQ03606_C01.4_clone=GQ03606_C01_cluster=GQ03606_C01_status=complete_gb=BT114959 4729219
.50 GQ00612_H02.1_clone=GQ00612_H02_cluster=GQ00612_H02_status=complete_gb=BT100959 4728900
.28 GQ00612_H02.1_clone=GQ00612_H02_cluster=GQ00612_H02_status=complete_gb=BT100959 4624602
.60 GQ01304_A08.2_clone=GQ01304_A08_cluster=GQ01304_A08_status=5 4728545
.32 GQ01304_A08.2_clone=GQ01304_A08_cluster=GQ01304_A08_status=5 4639732
.22 GQ01304_A08.2_clone=GQ01304_A08_cluster=GQ01304_A08_status=5 4703555
.21 GQ01304_A08.2_clone=GQ01304_A08_cluster=GQ01304_A08_status=5 1405054
.56 GQ03316_N06.1_clone=GQ03316_N06_cluster=GQ03316_N06_status=complete_gb=BT112524 4729287
.17 GQ03316_N06.1_clone=GQ03316_N06_cluster=GQ03316_N06_status=complete_gb=BT112524 797076
.03 GQ03316_N06.1_clone=GQ03316_N06_cluster=GQ03316_N06_status=complete_gb=BT112524 990561
.28 GQ03231_K16.1_clone=GQ03231_K16_cluster=GQ03231_K16_status=complete_gb=BT111036 4729245
.25 GQ03231_K16.1_clone=GQ03231_K16_cluster=GQ03231_K16_status=complete_gb=BT111036 4729245
.82 GQ0134_L20.1_clone=GQ0134_L20_cluster=GQ0134_L20_status=complete_gb=BT101965 919322
.14 GQ0134_L20.1_clone=GQ0134_L20_cluster=GQ0134_L20_status=complete_gb=BT101965 4621388
.19 GQ03232_K24.1_clone=GQ03232_K24_cluster=GQ03232_K24_status=complete_gb=BT111103 4634821
.79 GQ03232_K24.1_clone=GQ03232_K24_cluster=GQ03232_K24_status=complete_gb=BT111103 4728915
.85 GQ03614_A18.1_clone=GQ03614_A18_cluster=GQ03614_A18_status=complete_gb=BT115313 4729212
.92 GQ03614_N17.1_clone=GQ03614_N17_cluster=GQ03614_N17_status=complete_gb=BT115357 4729310
.21 GQ03605_P19.1_clone=GQ03605_P19_cluster=GQ03605_P19_status=complete_gb=BT114952 2584723
.78 GQ03605_P19.1_clone=GQ03605_P19_cluster=GQ03605_P19_status=complete_gb=BT114952 4729146
.30 GQ04012_P10.1_clone=GQ04012_P10_cluster=GQ04012_P10_status=complete_gb=BT118980 1014255
.30 GQ04012_P10.1_clone=GQ04012_P10_cluster=GQ04012_P10_status=complete_gb=BT118980 250768
.55 GQ03607_G12.1_clone=GQ03607_G12_cluster=GQ03607_G12_status=complete_gb=BT115020 4654183
.21 GQ03607_G12.1_clone=GQ03607_G12_cluster=GQ03607_G12_status=complete_gb=BT115020 1361112
.22 GQ01301_I04.1_clone=GQ01301_I04_cluster=GQ01301_I04_status=complete_gb=BT101309 4728917
.41 GQ04106_F11.1_clone=GQ04106_F11_cluster=GQ04106_F11_status=complete_gb=BT119490 4701965
.38 GQ04106_F11.1_clone=GQ04106_F11_cluster=GQ04106_F11_status=complete_gb=BT119490 4729171
.24 GQ04106_F11.1_clone=GQ04106_F11_cluster=GQ04106_F11_status=complete_gb=BT119490 4675578
.11 GQ04102_F24.2_clone=GQ04102_F24_cluster=GQ04102_F24_status=complete_gb=BT119178 4729274
.58 GQ04102_F24.2_clone=GQ04102_F24_cluster=GQ04102_F24_status=complete_gb=BT119178 4729274
.20 GQ04008_F18.1_clone=GQ04008_F18_cluster=GQ04008_F18_status=complete_gb=BT118632 1049780
.18 GQ04008_F18.1_clone=GQ04008_F18_cluster=GQ04008_F18_status=complete_gb=BT118632 944121
.18 GQ04008_F18.1_clone=GQ04008_F18_cluster=GQ04008_F18_status=complete_gb=BT118632 693942
.18 GQ04008_F18.1_clone=GQ04008_F18_cluster=GQ04008_F18_status=complete_gb=BT118632 735704
.16 GQ04008_F18.1_clone=GQ04008_F18_cluster=GQ04008_F18_status=complete_gb=BT118632 1060995
.42 GQ03613_H22.1_clone=GQ03613_H22_cluster=GQ03613_H22_status=complete_gb=BT115289 4729304
.38 GQ03613_H22.1_clone=GQ03613_H22_cluster=GQ03613_H22_status=complete_gb=BT115289 4654754
.76 GQ03319_O03.1_clone=GQ03319_O03_cluster=GQ03319_O03_status=complete_gb=BT112710 4728910
.46 GQ03233_O22.1_clone=GQ03233_O22_cluster=GQ03233_O22_status=complete_gb=BT111182 4729225
.20 GQ03233_O22.1_clone=GQ03233_O22_cluster=GQ03233_O22_status=complete_gb=BT111182 4638304
.57 GQ03221_A07.1_clone=GQ03221_A07_cluster=GQ03221_A07_status=complete_gb=BT110387 4624639
.72 GQ03606_H06.1_clone=GQ03606_H06_cluster=GQ03606_H06_status=complete_gb=BT114978 4729051
.68 GQ03101_E02.1_clone=GQ03101_E02_cluster=GQ03101_E02_status=complete_gb=BT106962 4728810
.48 GQ03712_P05.1_clone=GQ03712_P05_cluster=GQ03712_P05_status=complete_gb=BT116167 4729255
.22 GQ03712_P05.1_clone=GQ03712_P05_cluster=GQ03712_P05_status=complete_gb=BT116167 4625812
.50 GQ03206_E15.1_clone=GQ03206_E15_cluster=GQ03206_E15_status=complete_gb=BT109242 4729139
.43 WS03214_N04.1_clone=WS03214_N04_cluster=WS03214_N04_status=3 4728936
.36 WS03214_N04.1_clone=WS03214_N04_cluster=WS03214_N04_status=3 4638404
.40 GQ03810_G01.1_clone=GQ03810_G01_cluster=GQ03810_G01_status=complete_gb=BT116966 4729240
.18 GQ03810_G01.1_clone=GQ03810_G01_cluster=GQ03810_G01_status=complete_gb=BT116966 4729240
.18 GQ03810_G01.1_clone=GQ03810_G01_cluster=GQ03810_G01_status=complete_gb=BT116966 4626826
.54 GQ0178_O05.2_clone=GQ0178_O05_cluster=GQ0178_O05_status=3 4622992
.11 GQ0178_O05.2_clone=GQ0178_O05_cluster=GQ0178_O05_status=3 4629112
.82 GQ04001_A16.1_clone=GQ04001_A16_cluster=GQ04001_A16_status=complete_gb=BT118000 4729326
.98 GQ02813_L20.1_clone=GQ02813_L20_cluster=GQ02813_L20_status=complete_gb=BT104706 4729224
.89 GQ03103_D23.1_clone=GQ03103_D23_cluster=GQ03103_D23_status=complete_gb=BT107143 4728993
.89 GQ03608_G09.1_clone=GQ03608_G09_cluster=GQ03608_G09_status=complete_gb=BT115068 4729311
.83 GQ0131_D08.1_clone=GQ0131_D08_cluster=GQ0131_D08_status=complete_gb=BT101825 4729302
.82 GQ03512_A14.1_clone=GQ03512_A14_cluster=GQ03512_A14_status=complete_gb=BT114294 4729275
.67 GQ0011_P09.1_clone=GQ0011_P09_cluster=GQ0011_P09_status=complete_gb=BT100372 4625806
.32 GQ0011_P09.1_clone=GQ0011_P09_cluster=GQ0011_P09_status=complete_gb=BT100372 4633291
.88 GQ03239_A14.1_clone=GQ03239_A14_cluster=GQ03239_A14_status=complete_gb=BT111531 4729215
.34 GQ03229_P16.1_clone=GQ03229_P16_cluster=GQ03229_P16_status=complete_gb=BT110935 4729149
.28 GQ03229_P16.1_clone=GQ03229_P16_cluster=GQ03229_P16_status=complete_gb=BT110935 1753103
.28 GQ03229_P16.1_clone=GQ03229_P16_cluster=GQ03229_P16_status=complete_gb=BT110935 1464349
.19 GQ03229_P16.1_clone=GQ03229_P16_cluster=GQ03229_P16_status=complete_gb=BT110935 1753106
.19 GQ03229_P16.1_clone=GQ03229_P16_cluster=GQ03229_P16_status=complete_gb=BT110935 2477199
.56 GQ03808_A09.2_clone=GQ03808_A09_cluster=GQ03808_A09_status=complete_gb=BT116856 4622240
.20 GQ02801_E04.1_clone=GQ02801_E04_cluster=GQ02801_E04_status=complete_gb=BT103728 4621925
.67 GQ02801_E04.1_clone=GQ02801_E04_cluster=GQ02801_E04_status=complete_gb=BT103728 1021901
.12 GQ0202_L09.1_clone=GQ0202_L09_cluster=GQ0202_L09_status=complete_gb=BT102899 288091
.18 GQ0202_L09.1_clone=GQ0202_L09_cluster=GQ0202_L09_status=complete_gb=BT102899 1009647
.86 GQ03202_J13.1_clone=GQ03202_J13_cluster=GQ03202_J13_status=complete_gb=BT108923 4728824
.08 GQ03202_J13.1_clone=GQ03202_J13_cluster=GQ03202_J13_status=complete_gb=BT108923 903719
.56 WS00746_F12.1_clone=WS00746_F12_cluster=WS00746_F12_status=complete 1758814
.31 WS00746_F12.1_clone=WS00746_F12_cluster=WS00746_F12_status=complete 662154
.97 GQ02906_F12.1_clone=GQ02906_F12_cluster=GQ02906_F12_status=complete_gb=BT106272 4729151
.29 GQ02805_I02.1_clone=GQ02805_I02_cluster=GQ02805_I02_status=complete_gb=BT104021 4639722
.69 GQ02805_I02.1_clone=GQ02805_I02_cluster=GQ02805_I02_status=complete_gb=BT104021 4729299
.54 GQ03324_B06.1_clone=GQ03324_B06_cluster=GQ03324_B06_status=complete_gb=BT112998 4729148
.17 GQ03203_O13.1_clone=GQ03203_O13_cluster=GQ03203_O13_status=complete_gb=BT109031 1506577
.33 GQ03203_O13.1_clone=GQ03203_O13_cluster=GQ03203_O13_status=complete_gb=BT109031 4622458
.75 GQ03816_H18.1_clone=GQ03816_H18_cluster=GQ03816_H18_status=complete_gb=BT117286 4729281
.37 GQ03231_H10.1_clone=GQ03231_H10_cluster=GQ03231_H10_status=complete_gb=BT111024 4642972
.52 GQ03231_H10.1_clone=GQ03231_H10_cluster=GQ03231_H10_status=complete_gb=BT111024 4639532
.51 GQ03320_P21.1_clone=GQ03320_P21_cluster=GQ03320_P21_status=complete_gb=BT112788 4729180
.21 GQ03320_P21.1_clone=GQ03320_P21_cluster=GQ03320_P21_status=complete_gb=BT112788 4729180
.42 GQ03212_P15.1_clone=GQ03212_P15_cluster=GQ03212_P15_status=complete_gb=BT109848 4729223
.22 GQ03212_P15.1_clone=GQ03212_P15_cluster=GQ03212_P15_status=complete_gb=BT109848 4729223
.85 GQ04110_N08.1_clone=GQ04110_N08_cluster=GQ04110_N08_status=complete_gb=BT119836 4729318
.74 GQ03125_K15.1_clone=GQ03125_K15_cluster=GQ03125_K15_status=complete_gb=BT108708 4729318
.45 GQ02812_B02.3_clone=GQ02812_B02_cluster=GQ02812_B02_status=complete_gb=BT104576 4729199
.13 GQ02812_B02.3_clone=GQ02812_B02_cluster=GQ02812_B02_status=complete_gb=BT104576 4729199
.68 GQ03203_A02.1_clone=GQ03203_A02_cluster=GQ03203_A02_status=complete_gb=BT108953 4729206
.38 GQ03123_F15.1_clone=GQ03123_F15_cluster=GQ03123_F15_status=complete_gb=BT108547 4729030
.22 GQ03123_F15.1_clone=GQ03123_F15_cluster=GQ03123_F15_status=complete_gb=BT108547 1424389
.88 GQ03615_O24.1_clone=GQ03615_O24_cluster=GQ03615_O24_status=complete_gb=BT115409 4729295
.77 GQ03612_H14.1_clone=GQ03612_H14_cluster=GQ03612_H14_status=complete_gb=BT115247 4729191
.07 GQ03612_H14.1_clone=GQ03612_H14_cluster=GQ03612_H14_status=complete_gb=BT115247 3977597
.86 GQ03120_F10.1_clone=GQ03120_F10_cluster=GQ03120_F10_status=complete_gb=BT108338 4631814
.43 GQ03213_E08.1_clone=GQ03213_E08_cluster=GQ03213_E08_status=complete_gb=BT109877 313930
.25 GQ03213_E08.1_clone=GQ03213_E08_cluster=GQ03213_E08_status=complete_gb=BT109877 1589370
.27 GQ03802_L18.1_clone=GQ03802_L18_cluster=GQ03802_L18_status=complete_gb=BT116593 4626827
.53 GQ03802_L18.1_clone=GQ03802_L18_cluster=GQ03802_L18_status=complete_gb=BT116593 4729142
.33 GQ03307_H15.4_clone=GQ03307_H15_cluster=GQ03307_H15_status=complete_gb=BT111914 4729068
.15 GQ03307_H15.4_clone=GQ03307_H15_cluster=GQ03307_H15_status=complete_gb=BT111914 2705160
.16 GQ02830_H24.1_clone=GQ02830_H24_cluster=GQ02830_H24_status=complete_gb=BT105960 725596
.53 GQ02830_H24.1_clone=GQ02830_H24_cluster=GQ02830_H24_status=complete_gb=BT105960 4622206
.23 GQ03810_C02.1_clone=GQ03810_C02_cluster=GQ03810_C02_status=complete_gb=BT116956 4729300
.34 GQ03810_C02.1_clone=GQ03810_C02_cluster=GQ03810_C02_status=complete_gb=BT116956 4729300
.73 GQ04104_G23.1_clone=GQ04104_G23_cluster=GQ04104_G23_status=complete_gb=BT119346 4729268
.88 GQ03308_J23.1_clone=GQ03308_J23_cluster=GQ03308_J23_status=complete_gb=BT112000 4729325
.38 GQ04101_O05.1_clone=GQ04101_O05_cluster=GQ04101_O05_status=complete_gb=BT119142 4729305
.17 GQ04101_O05.1_clone=GQ04101_O05_cluster=GQ04101_O05_status=complete_gb=BT119142 4729305
.41 GQ03206_H05.1_clone=GQ03206_H05_cluster=GQ03206_H05_status=complete_gb=BT109257 4622227
.42 GQ03214_F08.2_clone=GQ03214_F08_cluster=GQ03214_F08_status=5 4625833
.48 GQ03204_M16.1_clone=GQ03204_M16_cluster=GQ03204_M16_status=complete_gb=BT109107 491636
.99 GQ0259_G20.1_clone=GQ0259_G20_cluster=GQ0259_G20_status=complete_gb=BT103618 4729152
.46 GQ0068_I14.1_clone=GQ0068_I14_cluster=GQ0068_I14_status=complete_gb=BT101133 4729178
.25 GQ0068_I14.1_clone=GQ0068_I14_cluster=GQ0068_I14_status=complete_gb=BT101133 4620954
.11 GQ0068_I14.1_clone=GQ0068_I14_cluster=GQ0068_I14_status=complete_gb=BT101133 1271963
.53 GQ02814_H12.1_clone=GQ02814_H12_cluster=GQ02814_H12_status=complete_gb=BT104755 4624566
.87 GQ02802_M14.1_clone=GQ02802_M14_cluster=GQ02802_M14_status=complete_gb=BT103832 4729110
.41 WS02624_F21.1_clone=WS02624_F21_cluster=WS02624_F21_status=complete 892415
.32 WS02624_F21.1_clone=WS02624_F21_cluster=WS02624_F21_status=complete 2255752
.65 GQ03303_O09.1_clone=GQ03303_O09_cluster=GQ03303_O09_status=complete_gb=BT111809 4651502
.92 GQ03239_K07.1_clone=GQ03239_K07_cluster=GQ03239_K07_status=complete_gb=BT111573 4729306
.96 GQ03323_G14.1_clone=GQ03323_G14_cluster=GQ03323_G14_status=complete_gb=BT112964 4729208
.68 GQ03007_D24.1_clone=GQ03007_D24_cluster=GQ03007_D24_status=complete_gb=BT106651 4729321
.80 GQ03107_M09.1_clone=GQ03107_M09_cluster=GQ03107_M09_status=complete_gb=BT107458 4728552
.50 GQ02805_P12.1_clone=GQ02805_P12_cluster=GQ02805_P12_status=complete_gb=BT104059 4625105
.17 GQ03601_A04.1_clone=GQ03601_A04_cluster=GQ03601_A04_status=complete_gb=BT114730 2985314
.17 GQ03601_A04.1_clone=GQ03601_A04_cluster=GQ03601_A04_status=complete_gb=BT114730 4634052
.69 GQ03309_K16.1_clone=GQ03309_K16_cluster=GQ03309_K16_status=complete_gb=BT112078 4622378
.30 GQ0207_M01.1_clone=GQ0207_M01_cluster=GQ0207_M01_status=complete_gb=BT103172 1010872
.28 GQ0207_M01.1_clone=GQ0207_M01_cluster=GQ0207_M01_status=complete_gb=BT103172 4664565
.24 GQ0207_M01.1_clone=GQ0207_M01_cluster=GQ0207_M01_status=complete_gb=BT103172 4626192
.23 GQ0207_M01.1_clone=GQ0207_M01_cluster=GQ0207_M01_status=complete_gb=BT103172 827774
.15 GQ0207_M01.1_clone=GQ0207_M01_cluster=GQ0207_M01_status=complete_gb=BT103172 1150102
.35 GQ03611_I20.2_clone=GQ03611_I20_cluster=GQ03611_I20_status=complete_gb=BT115212 1579044
.39 GQ03611_I20.2_clone=GQ03611_I20_cluster=GQ03611_I20_status=complete_gb=BT115212 4627965
.27 GQ03205_K07.1_clone=GQ03205_K07_cluster=GQ03205_K07_status=complete_gb=BT109189 766018
.71 GQ03205_K07.1_clone=GQ03205_K07_cluster=GQ03205_K07_status=complete_gb=BT109189 4728934
.63 WS0346_E23.1_clone=WS0346_E23_cluster=WS0346_E23_status=3 131196
.33 WS0346_E23.1_clone=WS0346_E23_cluster=WS0346_E23_status=3 4621775
.23 GQ03819_F09.1_clone=GQ03819_F09_cluster=GQ03819_F09_status=complete_gb=BT117429 4644733
.62 GQ03819_F09.1_clone=GQ03819_F09_cluster=GQ03819_F09_status=complete_gb=BT117429 912313
.21 GQ03313_K23.1_clone=GQ03313_K23_cluster=GQ03313_K23_status=complete_gb=BT112346 1686430
.75 GQ03313_K23.1_clone=GQ03313_K23_cluster=GQ03313_K23_status=complete_gb=BT112346 4620846
.32 GQ02824_J19.1_clone=GQ02824_J19_cluster=GQ02824_J19_status=complete_gb=BT105573 4729070
.12 GQ02824_J19.1_clone=GQ02824_J19_cluster=GQ02824_J19_status=complete_gb=BT105573 4626783
.36 WS03217_M24.1_clone=WS03217_M24_cluster=WS03217_M24_status=complete 4670397
.32 WS03217_M24.1_clone=WS03217_M24_cluster=WS03217_M24_status=complete 1016794
.74 GQ03219_F14.1_clone=GQ03219_F14_cluster=GQ03219_F14_status=complete_gb=BT110293 4625600
.18 GQ03219_F14.1_clone=GQ03219_F14_cluster=GQ03219_F14_status=complete_gb=BT110293 4621571
.27 GQ03324_I12.1_clone=GQ03324_I12_cluster=GQ03324_I12_status=complete_gb=BT113015 421781
.20 GQ03324_I12.1_clone=GQ03324_I12_cluster=GQ03324_I12_status=complete_gb=BT113015 4728591
.20 GQ03324_I12.1_clone=GQ03324_I12_cluster=GQ03324_I12_status=complete_gb=BT113015 4688734
.19 WS00743_H22.1_clone=WS00743_H22_cluster=WS00743_H22_status=3 1528508
.74 WS00743_H22.1_clone=WS00743_H22_cluster=WS00743_H22_status=3 4728581
.31 GQ03803_H04.1_clone=GQ03803_H04_cluster=GQ03803_H04_status=complete_gb=BT116621 4728901
.79 GQ04005_E04.1_clone=GQ04005_E04_cluster=GQ04005_E04_status=complete_gb=BT118337 4729093
.19 GQ04005_E04.1_clone=GQ04005_E04_cluster=GQ04005_E04_status=complete_gb=BT118337 897850
.42 GQ03112_N15.1_clone=GQ03112_N15_cluster=GQ03112_N15_status=complete_gb=BT107798 1037419
.34 GQ03112_N15.1_clone=GQ03112_N15_cluster=GQ03112_N15_status=complete_gb=BT107798 4648441
.32 GQ03112_N15.1_clone=GQ03112_N15_cluster=GQ03112_N15_status=complete_gb=BT107798 4728823
.38 GQ03815_P06.1_clone=GQ03815_P06_cluster=GQ03815_P06_status=complete_gb=BT117253 4729233
.32 GQ03815_P06.1_clone=GQ03815_P06_cluster=GQ03815_P06_status=complete_gb=BT117253 4729233
.99 GQ03611_B19.1_clone=GQ03611_B19_cluster=GQ03611_B19_status=complete_gb=BT115193 4729133
.77 GQ02829_B08.1_clone=GQ02829_B08_cluster=GQ02829_B08_status=complete_gb=BT105828 4729257
.61 GQ03808_O02.1_clone=GQ03808_O02_cluster=GQ03808_O02_status=complete_gb=BT116896 4664419
.79 GQ03704_K24.1_clone=GQ03704_K24_cluster=GQ03704_K24_status=complete_gb=BT115708 4729314
.10 GQ03704_K24.1_clone=GQ03704_K24_cluster=GQ03704_K24_status=complete_gb=BT115708 4625140
.18 GQ03417_A23.1_clone=GQ03417_A23_cluster=GQ03417_A23_status=complete_gb=BT113678 4623422
.47 GQ0202_D01.1_clone=GQ0202_D01_cluster=GQ0202_D01_status=53 4728911
.43 GQ0202_D01.1_clone=GQ0202_D01_cluster=GQ0202_D01_status=53 4638350
.77 GQ0011_L04.1_clone=GQ0011_L04_cluster=GQ0011_L04_status=complete_gb=BT100365 4621365
.22 GQ0011_L04.1_clone=GQ0011_L04_cluster=GQ0011_L04_status=complete_gb=BT100365 4645443
.41 GQ03119_I08.3_clone=GQ03119_I08_cluster=GQ03119_I08_status=complete_gb=BT108287 4654910
.61 GQ02830_J23.1_clone=GQ02830_J23_cluster=GQ02830_J23_status=complete_gb=BT105968 4625357
.86 GQ03101_J18.1_clone=GQ03101_J18_cluster=GQ03101_J18_status=complete_gb=BT106990 4729292
.97 GQ02811_N12.1_clone=GQ02811_N12_cluster=GQ02811_N12_status=complete_gb=BT104562 4620971
.60 GQ0176_J17.1_clone=GQ0176_J17_cluster=GQ0176_J17_status=3 4728939
.23 GQ0176_J17.1_clone=GQ0176_J17_cluster=GQ0176_J17_status=3 4631111
.64 GQ03403_I15.1_clone=GQ03403_I15_cluster=GQ03403_I15_status=complete_gb=BT113275 4729290
.25 GQ03403_I15.1_clone=GQ03403_I15_cluster=GQ03403_I15_status=complete_gb=BT113275 675231
.29 GQ03709_K14.1_clone=GQ03709_K14_cluster=GQ03709_K14_status=complete_gb=BT115972 4729252
.42 GQ03709_K14.1_clone=GQ03709_K14_cluster=GQ03709_K14_status=complete_gb=BT115972 4729252
.71 WS02619_P07.1_clone=WS02619_P07_cluster=WS02619_P07_status=3 4728831
.51 WS02619_P07.1_clone=WS02619_P07_cluster=WS02619_P07_status=3 4639543
.21 WS02619_P07.1_clone=WS02619_P07_cluster=WS02619_P07_status=3 2110410
.21 GQ03809_O11.1_clone=GQ03809_O11_cluster=GQ03809_O11_status=complete_gb=BT116940 4623233
.34 GQ03809_O11.1_clone=GQ03809_O11_cluster=GQ03809_O11_status=complete_gb=BT116940 2052667
.09 GQ03916_J09.2_clone=GQ03916_J09_cluster=GQ03916_J09_status=complete_gb=BT117908 4729100
.89 GQ03916_J09.2_clone=GQ03916_J09_cluster=GQ03916_J09_status=complete_gb=BT117908 4729100
.39 GQ04004_A16.1_clone=GQ04004_A16_cluster=GQ04004_A16_status=complete_gb=BT118242 4728508
.31 GQ04112_O21.2_clone=GQ04112_O21_cluster=GQ04112_O21_status=53 4728877
.21 GQ04112_O21.2_clone=GQ04112_O21_cluster=GQ04112_O21_status=53 4653309
.38 GQ04006_D02.1_clone=GQ04006_D02_cluster=GQ04006_D02_status=complete_gb=BT118419 4729280
.02 GQ04006_D02.1_clone=GQ04006_D02_cluster=GQ04006_D02_status=complete_gb=BT118419 4628921
.23 GQ03325_B04.1_clone=GQ03325_B04_cluster=GQ03325_B04_status=complete_gb=BT113055 4677453
.76 GQ03325_B04.1_clone=GQ03325_B04_cluster=GQ03325_B04_status=complete_gb=BT113055 4729028
.89 GQ03615_I21.1_clone=GQ03615_I21_cluster=GQ03615_I21_status=complete_gb=BT115392 4729207
.08 GQ03615_I21.1_clone=GQ03615_I21_cluster=GQ03615_I21_status=complete_gb=BT115392 675967
.40 GQ04101_A06.1_clone=GQ04101_A06_cluster=GQ04101_A06_status=complete_gb=BT119069 4729083
.63 GQ03221_J06.2_clone=GQ03221_J06_cluster=GQ03221_J06_status=complete_gb=BT110427 4623175
.14 GQ03221_J06.2_clone=GQ03221_J06_cluster=GQ03221_J06_status=complete_gb=BT110427 1911650
.45 GQ03310_E02.1_clone=GQ03310_E02_cluster=GQ03310_E02_status=complete_gb=BT112118 4728730
.36 GQ04010_G16.1_clone=GQ04010_G16_cluster=GQ04010_G16_status=complete_gb=BT118803 4621774
.38 GQ04010_G16.1_clone=GQ04010_G16_cluster=GQ04010_G16_status=complete_gb=BT118803 4728744
.77 GQ03218_K22.1_clone=GQ03218_K22_cluster=GQ03218_K22_status=complete_gb=BT110247 4626884
.14 GQ03218_K22.1_clone=GQ03218_K22_cluster=GQ03218_K22_status=complete_gb=BT110247 1323423
.31 GQ0165_K12.1_clone=GQ0165_K12_cluster=GQ0165_K12_status=complete_gb=BT102071 4627893
.67 GQ0165_K12.1_clone=GQ0165_K12_cluster=GQ0165_K12_status=complete_gb=BT102071 4728685
.37 GQ03124_F15.1_clone=GQ03124_F15_cluster=GQ03124_F15_status=complete_gb=BT108611 4729322
.22 GQ03124_F15.1_clone=GQ03124_F15_cluster=GQ03124_F15_status=complete_gb=BT108611 4729322
.18 GQ03207_K15.1_clone=GQ03207_K15_cluster=GQ03207_K15_status=complete_gb=BT109368 4621396
.79 GQ03104_A17.1_clone=GQ03104_A17_cluster=GQ03104_A17_status=complete_gb=BT107190 4729277
.76 GQ03103_O03.1_clone=GQ03103_O03_cluster=GQ03103_O03_status=complete_gb=BT107181 4729078
.43 GQ02908_K15.2_clone=GQ02908_K15_cluster=GQ02908_K15_status=complete_gb=BT106386 4655762
.21 GQ02908_K15.2_clone=GQ02908_K15_cluster=GQ02908_K15_status=complete_gb=BT106386 865143
.20 GQ02810_K01.1_clone=GQ02810_K01_cluster=GQ02810_K01_status=complete_gb=BT104461 4630881
.55 GQ02810_K01.1_clone=GQ02810_K01_cluster=GQ02810_K01_status=complete_gb=BT104461 4624523
.53 GQ02805_M07.2_clone=GQ02805_M07_cluster=GQ02805_M07_status=complete_gb=BT104038 4729294
.30 GQ02805_M07.2_clone=GQ02805_M07_cluster=GQ02805_M07_status=complete_gb=BT104038 4643829
.10 GQ02805_M07.2_clone=GQ02805_M07_cluster=GQ02805_M07_status=complete_gb=BT104038 4633403
.73 GQ03232_I10.1_clone=GQ03232_I10_cluster=GQ03232_I10_status=complete_gb=BT111089 4728618
.17 GQ03232_I10.1_clone=GQ03232_I10_cluster=GQ03232_I10_status=complete_gb=BT111089 4728618
.86 GQ03207_J16.2_clone=GQ03207_J16_cluster=GQ03207_J16_status=complete_gb=BT109359 4729243
.85 GQ03010_K06.4_clone=GQ03010_K06_cluster=GQ03010_K06_status=complete_gb=BT106790 4729273
.59 GQ04113_M23.1_clone=GQ04113_M23_cluster=GQ04113_M23_status=complete_gb=BT119994 4729155
.40 GQ04113_M23.1_clone=GQ04113_M23_cluster=GQ04113_M23_status=complete_gb=BT119994 4632500
.88 GQ04106_H11.1_clone=GQ04106_H11_cluster=GQ04106_H11_status=complete_gb=BT119501 4728719
.27 GQ04001_I22.2_clone=GQ04001_I22_cluster=GQ04001_I22_status=complete_gb=BT118046 4621677
.20 GQ04001_I22.2_clone=GQ04001_I22_cluster=GQ04001_I22_status=complete_gb=BT118046 4729060
.41 GQ03010_L12.1_clone=GQ03010_L12_cluster=GQ03010_L12_status=complete_gb=BT106796 4628962
.32 GQ03105_E17.1_clone=GQ03105_E17_cluster=GQ03105_E17_status=complete_gb=BT107282 4649920
.32 GQ02907_N16.3_clone=GQ02907_N16_cluster=GQ02907_N16_status=complete_gb=BT106345 4729247
.30 GQ02907_N16.3_clone=GQ02907_N16_cluster=GQ02907_N16_status=complete_gb=BT106345 4729247
.19 GQ02907_N16.3_clone=GQ02907_N16_cluster=GQ02907_N16_status=complete_gb=BT106345 4683156
.67 GQ03617_C09.1_clone=GQ03617_C09_cluster=GQ03617_C09_status=complete_gb=BT115460 4625238
.27 WS0023_G19.1_clone=WS0023_G19_cluster=WS0023_G19_status=3 4658697
.56 WS0023_G19.1_clone=WS0023_G19_cluster=WS0023_G19_status=3 4628203
.42 GQ03234_F18.1_clone=GQ03234_F18_cluster=GQ03234_F18_status=complete_gb=BT111209 4728844
.50 GQ03234_F18.1_clone=GQ03234_F18_cluster=GQ03234_F18_status=complete_gb=BT111209 4624136
.40 GQ0035_B05.1_clone=GQ0035_B05_cluster=GQ0035_B05_status=complete_gb=BT100647 4620967
.29 GQ0035_B05.1_clone=GQ0035_B05_cluster=GQ0035_B05_status=complete_gb=BT100647 4728746
.29 GQ0035_B05.1_clone=GQ0035_B05_cluster=GQ0035_B05_status=complete_gb=BT100647 4660542
.30 GQ0035_B05.1_clone=GQ0035_B05_cluster=GQ0035_B05_status=complete_gb=BT100647 2287705
.29 GQ0035_B05.1_clone=GQ0035_B05_cluster=GQ0035_B05_status=complete_gb=BT100647 4623499
.47 GQ0033_B03.1_clone=GQ0033_B03_cluster=GQ0033_B03_status=complete_gb=BT100626 4728994
.57 GQ02812_B23.1_clone=GQ02812_B23_cluster=GQ02812_B23_status=complete_gb=BT104579 4622603
.31 GQ02812_B23.1_clone=GQ02812_B23_cluster=GQ02812_B23_status=complete_gb=BT104579 371919
.14 GQ03301_H22.1_clone=GQ03301_H22_cluster=GQ03301_H22_status=complete_gb=BT111627 4685706
.84 GQ03301_H22.1_clone=GQ03301_H22_cluster=GQ03301_H22_status=complete_gb=BT111627 4729227
.43 GQ03801_N04.1_clone=GQ03801_N04_cluster=GQ03801_N04_status=complete_gb=BT116550 4729266
.29 GQ03801_N04.1_clone=GQ03801_N04_cluster=GQ03801_N04_status=complete_gb=BT116550 4729266
.81 GQ03203_J04.1_clone=GQ03203_J04_cluster=GQ03203_J04_status=complete_gb=BT109003 4729297
.25 GQ03515_P19.1_clone=GQ03515_P19_cluster=GQ03515_P19_status=complete_gb=BT114511 4649361
.23 GQ03515_P19.1_clone=GQ03515_P19_cluster=GQ03515_P19_status=complete_gb=BT114511 4620989
.11 GQ03515_P19.1_clone=GQ03515_P19_cluster=GQ03515_P19_status=complete_gb=BT114511 1967504
.10 GQ03515_P19.1_clone=GQ03515_P19_cluster=GQ03515_P19_status=complete_gb=BT114511 2041648
.21 GQ03516_A23.1_clone=GQ03516_A23_cluster=GQ03516_A23_status=complete_gb=BT114516 1281881
.23 GQ03516_A23.1_clone=GQ03516_A23_cluster=GQ03516_A23_status=complete_gb=BT114516 2100693
.25 GQ03801_H20.1_clone=GQ03801_H20_cluster=GQ03801_H20_status=complete_gb=BT116532 425697
.20 GQ03801_H20.1_clone=GQ03801_H20_cluster=GQ03801_H20_status=complete_gb=BT116532 1788844
.14 GQ03801_H20.1_clone=GQ03801_H20_cluster=GQ03801_H20_status=complete_gb=BT116532 425698
.13 GQ03801_H20.1_clone=GQ03801_H20_cluster=GQ03801_H20_status=complete_gb=BT116532 4664820
.12 GQ03801_H20.1_clone=GQ03801_H20_cluster=GQ03801_H20_status=complete_gb=BT116532 1093224
.75 GQ02818_N01.1_clone=GQ02818_N01_cluster=GQ02818_N01_status=complete_gb=BT105121 4728771
.40 GQ03507_N08.1_clone=GQ03507_N08_cluster=GQ03507_N08_status=complete_gb=BT114086 4728644
.58 GQ03507_N08.1_clone=GQ03507_N08_cluster=GQ03507_N08_status=complete_gb=BT114086 525874
.74 GQ03101_A19.1_clone=GQ03101_A19_cluster=GQ03101_A19_status=complete_gb=BT106947 4627102
.24 GQ03101_A19.1_clone=GQ03101_A19_cluster=GQ03101_A19_status=complete_gb=BT106947 4627101
.15 GQ03514_D19.1_clone=GQ03514_D19_cluster=GQ03514_D19_status=complete_gb=BT114418 4637988
.74 GQ03514_D19.1_clone=GQ03514_D19_cluster=GQ03514_D19_status=complete_gb=BT114418 4620689
.32 GQ03807_F09.1_clone=GQ03807_F09_cluster=GQ03807_F09_status=complete_gb=BT116822 1091484
.22 GQ03807_F09.1_clone=GQ03807_F09_cluster=GQ03807_F09_status=complete_gb=BT116822 386874
.07 GQ03807_F09.1_clone=GQ03807_F09_cluster=GQ03807_F09_status=complete_gb=BT116822 4627259
.23 GQ03807_F09.1_clone=GQ03807_F09_cluster=GQ03807_F09_status=complete_gb=BT116822 4625317
.68 GQ03505_N13.1_clone=GQ03505_N13_cluster=GQ03505_N13_status=complete_gb=BT113985 4729172
.51 GQ0041_L03.1_clone=GQ0041_L03_cluster=GQ0041_L03_status=complete_gb=BT100745 4728596
.32 GQ0041_L03.1_clone=GQ0041_L03_cluster=GQ0041_L03_status=complete_gb=BT100745 4625968
.28 GQ03703_F21.1_clone=GQ03703_F21_cluster=GQ03703_F21_status=complete_gb=BT115633 550102
.35 GQ03703_F21.1_clone=GQ03703_F21_cluster=GQ03703_F21_status=complete_gb=BT115633 550101
.47 GQ03816_M23.1_clone=GQ03816_M23_cluster=GQ03816_M23_status=complete_gb=BT117302 4626315
.24 GQ03816_M23.1_clone=GQ03816_M23_cluster=GQ03816_M23_status=complete_gb=BT117302 1135456
.49 GQ0255_E23.2_clone=GQ0255_E23_cluster=GQ0255_E23_status=5 4728903
.15 GQ0255_E23.2_clone=GQ0255_E23_cluster=GQ0255_E23_status=5 1091161
.92 GQ03117_L14.1_clone=GQ03117_L14_cluster=GQ03117_L14_status=complete_gb=BT108168 4729317
.47 GQ02820_H10.1_clone=GQ02820_H10_cluster=GQ02820_H10_status=complete_gb=BT105278 4728955
.58 GQ02813_N22.2_clone=GQ02813_N22_cluster=GQ02813_N22_status=53 4625209
.39 GQ03805_I24.1_clone=GQ03805_I24_cluster=GQ03805_I24_status=complete_gb=BT116727 688233
.28 GQ03805_I24.1_clone=GQ03805_I24_cluster=GQ03805_I24_status=complete_gb=BT116727 4627988
.99 GQ03108_D21.1_clone=GQ03108_D21_cluster=GQ03108_D21_status=complete_gb=BT107490 4729320
.64 GQ03216_A20.2_clone=GQ03216_A20_cluster=GQ03216_A20_status=complete_gb=BT110085 4634266
.76 GQ04006_E13.2_clone=GQ04006_E13_cluster=GQ04006_E13_status=complete_gb=BT118429 4729066
.13 GQ04006_E13.2_clone=GQ04006_E13_cluster=GQ04006_E13_status=complete_gb=BT118429 3158594
.77 GQ04009_N05.1_clone=GQ04009_N05_cluster=GQ04009_N05_status=complete_gb=BT118748 4729276
.32 GQ03107_F18.1_clone=GQ03107_F18_cluster=GQ03107_F18_status=complete_gb=BT107425 704586
.24 GQ03107_F18.1_clone=GQ03107_F18_cluster=GQ03107_F18_status=complete_gb=BT107425 569339
.24 GQ03107_F18.1_clone=GQ03107_F18_cluster=GQ03107_F18_status=complete_gb=BT107425 408839
.18 GQ03107_F18.1_clone=GQ03107_F18_cluster=GQ03107_F18_status=complete_gb=BT107425 408840
.38 GQ03220_D09.1_clone=GQ03220_D09_cluster=GQ03220_D09_status=complete_gb=BT110343 4625630
.34 GQ00410_L23.1_clone=GQ00410_L23_cluster=GQ00410_L23_status=complete_gb=BT100678 4624459
.26 GQ00410_L23.1_clone=GQ00410_L23_cluster=GQ00410_L23_status=complete_gb=BT100678 4626572
.65 GQ03617_O21.1_clone=GQ03617_O21_cluster=GQ03617_O21_status=53 4729258
.16 GQ0043_K19.1_clone=GQ0043_K19_cluster=GQ0043_K19_status=53 4622592
.33 GQ0043_K19.1_clone=GQ0043_K19_cluster=GQ0043_K19_status=53 4621393
.55 GQ02906_O06.1_clone=GQ02906_O06_cluster=GQ02906_O06_status=complete_gb=BT106300 4620683
.29 GQ04003_F21.1_clone=GQ04003_F21_cluster=GQ04003_F21_status=complete_gb=BT118185 4729220
.20 GQ04003_F21.1_clone=GQ04003_F21_cluster=GQ04003_F21_status=complete_gb=BT118185 4729220
.54 GQ03517_N07.1_clone=GQ03517_N07_cluster=GQ03517_N07_status=complete_gb=BT114610 662148
.24 GQ03517_N07.1_clone=GQ03517_N07_cluster=GQ03517_N07_status=complete_gb=BT114610 4653693
.40 GQ03515_A22.4_clone=GQ03515_A22_cluster=GQ03515_A22_status=53 4729279
.67 GQ03513_M19.2_clone=GQ03513_M19_cluster=GQ03513_M19_status=5 4729254
.11 GQ03513_M19.2_clone=GQ03513_M19_cluster=GQ03513_M19_status=5 4697654
.46 GQ04001_H01.1_clone=GQ04001_H01_cluster=GQ04001_H01_status=complete_gb=BT118038 4621109
.68 GQ03236_A04.1_clone=GQ03236_A04_cluster=GQ03236_A04_status=complete_gb=BT111322 4729200
.62 GQ03229_I06.2_clone=GQ03229_I06_cluster=GQ03229_I06_status=complete_gb=BT110899 4729248
