.99 maker-168570510-augustus-gene-0.27-mRNA-1 3052399
.99 augustus_masked-167806957-processed-gene-0.4-mRNA-1 3052234
.52 maker-168565333-augustus-gene-0.69-mRNA-1 2982133
.20 maker-168565333-augustus-gene-0.69-mRNA-1 3052275
.99 augustus_masked-168257069-processed-gene-0.6-mRNA-1 2984269
.81 maker-168248273-augustus-gene-0.64-mRNA-1 3052654
.18 maker-168248273-augustus-gene-0.64-mRNA-1 3052654
.99 maker-168487189-augustus-gene-0.26-mRNA-1 3051732
.93 snap_masked-168190002-processed-gene-0.28-mRNA-1 3052512
.88 maker-166925319-augustus-gene-0.5-mRNA-1 3052586
.87 maker-168191063-augustus-gene-0.41-mRNA-2 3051897
.12 maker-168191063-augustus-gene-0.41-mRNA-2 3051530
.26 maker-166283943-augustus-gene-0.3-mRNA-1 3052348
.73 maker-166283943-augustus-gene-0.3-mRNA-1 3052490
.97 maker-168186615-augustus-gene-0.43-mRNA-1 3052769
.99 augustus_masked-168485076-processed-gene-0.1-mRNA-1 3051733
.16 maker-168518977-augustus-gene-0.65-mRNA-1 419730
.82 maker-168518977-augustus-gene-0.65-mRNA-1 2985339
.22 augustus_masked-168496799-processed-gene-0.9-mRNA-1 2983465
.74 augustus_masked-168496799-processed-gene-0.9-mRNA-1 2984062
.99 snap_masked-166549340-processed-gene-0.4-mRNA-1 486876
.43 augustus_masked-168521239-processed-gene-0.18-mRNA-1 1303633
.99 snap_masked-168251630-processed-gene-0.22-mRNA-1 2987312
.72 augustus_masked-168370932-processed-gene-0.3-mRNA-1 1130403
.21 augustus_masked-168370932-processed-gene-0.3-mRNA-1 2990897
.99 augustus_masked-168209475-processed-gene-0.1-mRNA-1 3052498
.98 maker-168190093-augustus-gene-0.40-mRNA-1 3052047
.99 maker-168577294-augustus-gene-0.99-mRNA-1 3052767
.99 maker-168534233-augustus-gene-0.51-mRNA-1 3052087
.70 maker-167801414-snap-gene-0.10-mRNA-2 3051769
.10 maker-167801414-snap-gene-0.10-mRNA-2 2546159
.43 maker-168550822-snap-gene-0.53-mRNA-1 3051551
.18 maker-168550822-snap-gene-0.53-mRNA-1 2995433
.99 maker-168244268-snap-gene-0.24-mRNA-1 3052747
.99 augustus_masked-168188711-processed-gene-0.6-mRNA-1 2982263
.99 augustus_masked-168568230-processed-gene-0.6-mRNA-1 3052356
.99 maker-162478808-snap-gene-0.4-mRNA-1 3052347
.96 maker-168560422-snap-gene-0.29-mRNA-1 3052450
.99 maker-168234299-augustus-gene-0.74-mRNA-1 3051773
.38 maker-168549200-snap-gene-0.26-mRNA-1 3052713
.17 maker-168549200-snap-gene-0.26-mRNA-1 3052713
.39 maker-168307430-snap-gene-0.26-mRNA-1 3001075
.99 augustus_masked-168275081-processed-gene-0.3-mRNA-1 3035750
.73 maker-168277920-augustus-gene-0.5-mRNA-1 3052666
.20 maker-168277920-augustus-gene-0.5-mRNA-1 3052666
.99 augustus_masked-168450293-processed-gene-0.4-mRNA-1 3052458
.81 maker-168471384-snap-gene-0.13-mRNA-1 3052509
.18 maker-168471384-snap-gene-0.13-mRNA-1 914444
.95 maker-168090540-snap-gene-0.14-mRNA-1 3052115
.03 maker-168090540-snap-gene-0.14-mRNA-1 609951
.06 maker-168392626-augustus-gene-0.19-mRNA-1 407887
.93 maker-168392626-augustus-gene-0.19-mRNA-1 3052096
.80 maker-168524732-snap-gene-0.36-mRNA-1 3051593
.17 maker-168524732-snap-gene-0.36-mRNA-1 456937
.17 maker-168524732-snap-gene-0.36-mRNA-1 579697
.14 maker-168524732-snap-gene-0.36-mRNA-1 595862
.14 maker-168524732-snap-gene-0.36-mRNA-1 943351
.99 maker-168497692-augustus-gene-0.20-mRNA-2 3052363
0 snap_masked-168129150-processed-gene-0.58-mRNA-1 2984962
.99 augustus_masked-166158465-processed-gene-0.0-mRNA-1 3025780
.98 genemark-168575194-processed-gene-0.11-mRNA-1 3051685
.28 maker-162029178-snap-gene-0.5-mRNA-1 603818
.41 maker-162029178-snap-gene-0.5-mRNA-1 2987516
.34 maker-168195396-augustus-gene-0.25-mRNA-2 3051887
.11 maker-168195396-augustus-gene-0.25-mRNA-2 3005769
.08 maker-168195396-augustus-gene-0.25-mRNA-2 710797
.99 snap_masked-168235716-processed-gene-0.16-mRNA-1 3051722
.99 maker-168352466-augustus-gene-0.25-mRNA-1 3051784
.99 maker-168452884-augustus-gene-0.16-mRNA-1 2983846
.99 maker-168225479-augustus-gene-0.43-mRNA-1 3052682
.99 augustus_masked-168184829-processed-gene-0.0-mRNA-1 2984533
.99 snap_masked-167068571-processed-gene-0.3-mRNA-1 3051693
.37 augustus_masked-166744097-processed-gene-0.0-mRNA-1 3004492
.62 augustus_masked-166744097-processed-gene-0.0-mRNA-1 3051626
.94 snap_masked-168452355-processed-gene-0.77-mRNA-1 2997399
.97 augustus_masked-168275942-processed-gene-0.11-mRNA-1 2982131
.02 augustus_masked-168275942-processed-gene-0.11-mRNA-1 1453737
.99 maker-168247724-augustus-gene-1.131-mRNA-1 2981941
.99 maker-168457605-snap-gene-0.26-mRNA-1 2995795
.99 maker-168433852-snap-gene-0.70-mRNA-1 3052720
.99 maker-168394294-snap-gene-0.50-mRNA-1 3051891
.32 maker-168191443-snap-gene-0.141-mRNA-1 2985640
.61 maker-168191443-snap-gene-0.141-mRNA-1 2986210
.98 maker-168385202-augustus-gene-1.97-mRNA-1 3051965
.99 maker-168292871-snap-gene-0.79-mRNA-1 3052183
.21 maker-161915945-augustus-gene-0.4-mRNA-1 482144
.35 maker-161915945-augustus-gene-0.4-mRNA-1 3051531
.02 maker-166656892-snap-gene-0.8-mRNA-1 602619
.87 maker-166656892-snap-gene-0.8-mRNA-1 3006041
.99 augustus_masked-167840748-processed-gene-0.0-mRNA-1 3052591
.43 maker-164591750-augustus-gene-0.3-mRNA-1 1020171
.20 maker-164591750-augustus-gene-0.3-mRNA-1 3020345
.87 maker-168533242-augustus-gene-0.10-mRNA-1 3052681
.99 snap_masked-164773277-processed-gene-0.4-mRNA-1 3033592
.99 maker-168561066-snap-gene-0.131-mRNA-1 3051539
.99 maker-168112190-augustus-gene-0.5-mRNA-4 2986081
.71 maker-168507418-snap-gene-1.54-mRNA-2 2985071
.14 maker-168507418-snap-gene-1.54-mRNA-2 237896
.14 maker-168507418-snap-gene-1.54-mRNA-2 478224
.99 maker-168405155-augustus-gene-0.65-mRNA-1 3052022
.99 augustus_masked-168287944-processed-gene-0.16-mRNA-1 1020568
.71 augustus_masked-168287944-processed-gene-0.16-mRNA-1 2993940
.99 augustus_masked-168458112-processed-gene-0.2-mRNA-1 3032787
.99 maker-168535674-augustus-gene-0.17-mRNA-1 3052684
.01 maker-168446370-snap-gene-0.20-mRNA-1 3024409
.98 maker-168446370-snap-gene-0.20-mRNA-1 3051694
.99 maker-166894346-augustus-gene-0.4-mRNA-1 3052496
.99 augustus_masked-168431753-processed-gene-0.2-mRNA-1 2993109
.62 maker-168390790-snap-gene-0.27-mRNA-1 3052521
.24 maker-168390790-snap-gene-0.27-mRNA-1 781591
.43 maker-168573913-snap-gene-0.33-mRNA-1 2982293
.48 maker-168573913-snap-gene-0.33-mRNA-1 3051541
.99 maker-168564770-snap-gene-0.78-mRNA-1 3052750
.34 maker-168311252-augustus-gene-0.22-mRNA-1 2991721
.61 maker-168311252-augustus-gene-0.22-mRNA-1 575104
.99 maker-168523988-augustus-gene-0.9-mRNA-1 3051814
.18 maker-168186684-augustus-gene-0.21-mRNA-1 355664
.11 maker-168186684-augustus-gene-0.21-mRNA-1 355665
.99 maker-168251002-snap-gene-0.16-mRNA-1 2990074
.82 maker-168184241-snap-gene-0.7-mRNA-1 3052057
.04 maker-168184241-snap-gene-0.7-mRNA-1 1314715
.28 augustus_masked-168335908-processed-gene-0.0-mRNA-1 3052719
.99 maker-168475846-snap-gene-0.18-mRNA-1 3052515
.99 maker-168556634-augustus-gene-0.17-mRNA-1 3051782
.99 augustus_masked-168415569-processed-gene-0.24-mRNA-1 3051716
.52 snap_masked-168547409-processed-gene-0.34-mRNA-1 3052251
.39 snap_masked-168547409-processed-gene-0.34-mRNA-1 2986892
.99 maker-168186484-snap-gene-0.13-mRNA-1 3052771
.99 augustus_masked-168382767-processed-gene-0.0-mRNA-1 3051738
.99 maker-166202538-snap-gene-0.4-mRNA-1 3052282
.74 augustus_masked-168515231-processed-gene-0.6-mRNA-1 3052726
.30 maker-167839831-snap-gene-0.17-mRNA-1 2981768
.69 maker-167839831-snap-gene-0.17-mRNA-1 3051611
.99 maker-168191224-augustus-gene-0.88-mRNA-1 2985125
.58 maker-168350183-snap-gene-0.22-mRNA-1 3052531
.21 maker-168350183-snap-gene-0.22-mRNA-1 2083337
.99 augustus_masked-168549312-processed-gene-0.13-mRNA-1 3052620
.99 maker-166415089-augustus-gene-0.3-mRNA-1 3052337
.88 augustus_masked-168438758-processed-gene-0.11-mRNA-1 3052663
.99 augustus_masked-167196436-processed-gene-0.0-mRNA-1 3052089
.27 augustus_masked-168190184-processed-gene-0.0-mRNA-1 2984962
.10 augustus_masked-168190184-processed-gene-0.0-mRNA-1 3052004
.11 augustus_masked-168190184-processed-gene-0.0-mRNA-1 3028658
.08 augustus_masked-168190184-processed-gene-0.0-mRNA-1 700053
.12 augustus_masked-168190184-processed-gene-0.0-mRNA-1 3035750
.99 maker-168186310-augustus-gene-0.21-mRNA-1 2982690
.27 maker-168208252-snap-gene-0.84-mRNA-3 3052643
.12 maker-168208252-snap-gene-0.84-mRNA-3 2983398
.99 maker-168189036-snap-gene-0.54-mRNA-1 3052342
.98 augustus_masked-168402785-processed-gene-0.0-mRNA-1 1322693
.99 augustus_masked-168402951-processed-gene-0.0-mRNA-1 3051836
.99 augustus_masked-168294081-processed-gene-0.8-mRNA-1 3051901
.99 maker-168506409-snap-gene-0.34-mRNA-1 3052780
.17 augustus_masked-159848118-processed-gene-0.0-mRNA-1 995143
.82 augustus_masked-159848118-processed-gene-0.0-mRNA-1 971246
.71 maker-168570208-snap-gene-0.39-mRNA-1 3052752
.16 maker-168570208-snap-gene-0.39-mRNA-1 1252482
.77 maker-168185366-snap-gene-0.6-mRNA-1 3052294
.99 augustus_masked-166653679-processed-gene-0.0-mRNA-1 3052560
.99 maker-168508163-augustus-gene-0.5-mRNA-1 3051491
.99 snap_masked-168441282-processed-gene-0.50-mRNA-1 3052218
.74 maker-168480251-augustus-gene-0.57-mRNA-1 3052650
.15 maker-168480251-augustus-gene-0.57-mRNA-1 1522328
.95 maker-168190055-augustus-gene-0.81-mRNA-1 3052734
.95 maker-168561002-snap-gene-0.123-mRNA-1 3052622
.13 maker-168570929-augustus-gene-0.41-mRNA-1 3000363
.86 maker-168570929-augustus-gene-0.41-mRNA-1 2986711
.99 maker-168245747-augustus-gene-0.15-mRNA-1 3052541
.99 maker-167890983-augustus-gene-0.14-mRNA-1 3052186
.90 maker-167938471-snap-gene-0.31-mRNA-1 3052378
.79 snap_masked-168550564-processed-gene-0.102-mRNA-1 3052624
.09 snap_masked-168550564-processed-gene-0.102-mRNA-1 648116
.99 augustus_masked-168568252-processed-gene-0.4-mRNA-1 3052043
.84 maker-168549664-augustus-gene-0.66-mRNA-1 3052692
.42 augustus_masked-168391043-processed-gene-0.3-mRNA-1 116399
.19 augustus_masked-168391043-processed-gene-0.3-mRNA-1 524044
.96 maker-168535108-snap-gene-0.72-mRNA-1 3051822
.26 snap_masked-168228894-processed-gene-0.91-mRNA-1 698022
.73 snap_masked-168228894-processed-gene-0.91-mRNA-1 725304
.11 genemark-168546986-processed-gene-0.13-mRNA-1 2996913
.05 genemark-168546986-processed-gene-0.13-mRNA-1 968920
.46 augustus_masked-168569156-processed-gene-3.63-mRNA-1 3052181
.26 augustus_masked-168569156-processed-gene-3.63-mRNA-1 2985005
.26 augustus_masked-168569156-processed-gene-3.63-mRNA-1 530285
.21 augustus_masked-168569156-processed-gene-3.63-mRNA-1 494401
.09 augustus_masked-168389727-processed-gene-0.2-mRNA-1 2985070
.08 augustus_masked-168389727-processed-gene-0.2-mRNA-1 3051803
.99 augustus_masked-168183743-processed-gene-0.3-mRNA-1 3052419
.98 maker-167813746-snap-gene-0.15-mRNA-1 3052524
.58 maker-167828815-augustus-gene-0.12-mRNA-1 2990402
.33 maker-167828815-augustus-gene-0.12-mRNA-1 2982599
.20 maker-167828815-augustus-gene-0.12-mRNA-1 3010057
.14 maker-167828815-augustus-gene-0.12-mRNA-1 992728
.99 maker-168551439-snap-gene-0.51-mRNA-1 3052639
.57 maker-168504591-augustus-gene-0.85-mRNA-1 3009905
.22 maker-168504591-augustus-gene-0.85-mRNA-1 858027
.99 augustus_masked-168224576-processed-gene-0.12-mRNA-1 3052664
.93 snap_masked-168349398-processed-gene-0.14-mRNA-1 3051601
.71 snap_masked-168349398-processed-gene-0.14-mRNA-1 300949
.61 snap_masked-168349398-processed-gene-0.14-mRNA-1 1112279
.61 snap_masked-168349398-processed-gene-0.14-mRNA-1 848165
.59 snap_masked-168349398-processed-gene-0.14-mRNA-1 1381998
.74 maker-162297936-augustus-gene-0.3-mRNA-1 3052573
.20 maker-162297936-augustus-gene-0.3-mRNA-1 398050
.99 snap_masked-168187126-processed-gene-0.29-mRNA-1 2981858
.92 snap_masked-168425188-processed-gene-0.25-mRNA-1 3052007
.96 augustus_masked-166127505-processed-gene-0.0-mRNA-1 3042964
.94 maker-168226168-snap-gene-0.123-mRNA-1 2982331
.05 maker-168226168-snap-gene-0.123-mRNA-1 2983749
.99 maker-168409463-snap-gene-0.21-mRNA-1 3052206
.99 augustus_masked-168550444-processed-gene-0.12-mRNA-1 2983259
.51 maker-168462639-augustus-gene-0.12-mRNA-1 1137879
.30 maker-168462639-augustus-gene-0.12-mRNA-1 3034773
.89 augustus_masked-168577140-processed-gene-0.0-mRNA-1 3051699
.99 maker-168467191-snap-gene-0.66-mRNA-1 2983206
.99 augustus_masked-167840564-processed-gene-0.1-mRNA-1 3051676
.99 augustus_masked-167872217-processed-gene-0.5-mRNA-1 3051803
.95 maker-168186571-snap-gene-0.24-mRNA-1 3052786
.96 maker-168218873-augustus-gene-0.81-mRNA-1 3052297
.36 maker-168315332-snap-gene-0.27-mRNA-1 1849811
.23 maker-168315332-snap-gene-0.27-mRNA-1 1579398
.99 augustus_masked-168570694-processed-gene-1.74-mRNA-1 3052504
.36 maker-168217957-snap-gene-0.98-mRNA-1 3052701
.28 maker-168217957-snap-gene-0.98-mRNA-1 3052701
.99 maker-168486030-augustus-gene-0.100-mRNA-1 3052121
.98 augustus_masked-168576661-processed-gene-0.4-mRNA-1 3052745
.99 maker-168575274-augustus-gene-0.16-mRNA-1 3052572
.99 augustus_masked-168156905-processed-gene-0.15-mRNA-1 3052452
.90 maker-168011071-augustus-gene-0.83-mRNA-1 2985638
.09 maker-168011071-augustus-gene-0.83-mRNA-1 2984719
.34 genemark-166840047-processed-gene-0.1-mRNA-1 1782539
.35 genemark-166840047-processed-gene-0.1-mRNA-1 1406689
.96 snap_masked-166447821-processed-gene-0.2-mRNA-1 3052520
.58 maker-168441275-augustus-gene-0.55-mRNA-1 3052634
.99 augustus_masked-166018054-processed-gene-0.0-mRNA-1 3051962
.70 maker-168511851-augustus-gene-0.44-mRNA-1 3052209
.13 maker-168577556-augustus-gene-0.31-mRNA-1 1462390
.17 maker-168577556-augustus-gene-0.31-mRNA-1 2987312
.11 maker-168577556-augustus-gene-0.31-mRNA-1 1695813
.99 snap_masked-164890384-processed-gene-0.2-mRNA-1 3052576
.99 snap_masked-168050500-processed-gene-0.7-mRNA-1 2986148
.99 augustus_masked-168328515-processed-gene-0.5-mRNA-1 2994957
.71 snap_masked-168503149-processed-gene-0.19-mRNA-1 3052038
.99 augustus_masked-168518676-processed-gene-0.3-mRNA-1 3051875
.24 maker-168365624-augustus-gene-0.25-mRNA-1 1590555
.70 maker-168365624-augustus-gene-0.25-mRNA-1 3005752
.92 maker-168186080-snap-gene-0.63-mRNA-1 3052156
.06 maker-168186080-snap-gene-0.63-mRNA-1 1762975
.98 maker-168423854-snap-gene-1.96-mRNA-2 3052730
.73 snap_masked-168253890-processed-gene-0.45-mRNA-1 2891462
.99 augustus_masked-168403855-processed-gene-0.0-mRNA-1 3052335
.08 snap_masked-168092212-processed-gene-0.8-mRNA-1 1291010
.91 snap_masked-168092212-processed-gene-0.8-mRNA-1 2985278
.99 maker-167860892-snap-gene-0.26-mRNA-1 3052588
.18 maker-165341703-augustus-gene-0.3-mRNA-1 459746
.69 maker-165341703-augustus-gene-0.3-mRNA-1 3052236
.96 maker-168516400-augustus-gene-0.46-mRNA-1 3052763
.99 maker-168288341-augustus-gene-0.48-mRNA-1 3052677
.86 augustus_masked-168502146-processed-gene-0.5-mRNA-1 3052716
.38 maker-168577025-snap-gene-0.64-mRNA-1 1058532
.35 maker-168577025-snap-gene-0.64-mRNA-1 2797699
.99 augustus_masked-168548800-processed-gene-0.3-mRNA-1 2994109
.86 augustus_masked-168520968-processed-gene-0.2-mRNA-1 3036301
.44 augustus_masked-168574317-processed-gene-0.2-mRNA-1 2990898
.45 augustus_masked-168574317-processed-gene-0.2-mRNA-1 1373851
.99 maker-167967326-augustus-gene-0.26-mRNA-1 3052665
.52 maker-168404093-augustus-gene-0.30-mRNA-1 3052505
.16 maker-168404093-augustus-gene-0.30-mRNA-1 3052505
.62 snap_masked-168420509-processed-gene-0.29-mRNA-1 3051522
.27 snap_masked-168420509-processed-gene-0.29-mRNA-1 1546352
.75 augustus_masked-168305341-processed-gene-0.17-mRNA-1 1308804
.31 maker-167865223-augustus-gene-0.47-mRNA-1 3052743
.99 maker-160375775-augustus-gene-0.3-mRNA-1 3052598
.99 maker-168577400-augustus-gene-0.23-mRNA-1 2986095
.99 maker-168577149-augustus-gene-0.17-mRNA-1 2982506
.76 maker-168344240-augustus-gene-0.18-mRNA-1 3052623
.22 maker-168344240-augustus-gene-0.18-mRNA-1 3052623
.99 snap_masked-167002716-processed-gene-0.2-mRNA-1 2988879
.99 augustus_masked-165849520-processed-gene-0.0-mRNA-1 3051563
.99 augustus_masked-165849520-processed-gene-0.0-mRNA-1 3051707
.98 maker-168536042-snap-gene-0.9-mRNA-1 3052481
.48 snap_masked-165941885-processed-gene-0.5-mRNA-1 1640405
.99 maker-168553490-augustus-gene-1.91-mRNA-1 3052566
.99 maker-163558726-augustus-gene-0.5-mRNA-1 3052563
.94 snap_masked-168548294-processed-gene-0.97-mRNA-1 3052416
.02 snap_masked-168548294-processed-gene-0.97-mRNA-1 3020514
.67 maker-163733384-augustus-gene-0.3-mRNA-1 3052687
.28 maker-163733384-augustus-gene-0.3-mRNA-1 2984866
.87 maker-168509181-snap-gene-0.106-mRNA-1 3052749
.99 augustus_masked-168299539-processed-gene-0.0-mRNA-1 3052494
.96 maker-168355485-snap-gene-0.16-mRNA-1 3052707
.99 augustus_masked-168405196-processed-gene-0.28-mRNA-1 3037144
.99 maker-167943635-augustus-gene-0.11-mRNA-1 3051881
.99 augustus_masked-168416866-processed-gene-0.4-mRNA-1 3052161
.12 maker-167819044-augustus-gene-0.32-mRNA-1 2983239
.77 maker-167819044-augustus-gene-0.32-mRNA-1 3051810
.86 augustus_masked-168516333-processed-gene-0.4-mRNA-1 3052564
.13 augustus_masked-168516333-processed-gene-0.4-mRNA-1 2985078
.98 maker-168543020-snap-gene-0.62-mRNA-1 3002793
.99 maker-168378863-snap-gene-1.102-mRNA-1 2982304
.99 snap_masked-168397484-processed-gene-0.28-mRNA-1 3052548
.99 maker-168125435-snap-gene-0.25-mRNA-1 3052783
.99 augustus_masked-168298423-processed-gene-0.7-mRNA-1 3051883
.99 maker-168513245-augustus-gene-0.61-mRNA-1 2995931
.42 maker-168252635-augustus-gene-0.47-mRNA-1 2990822
.56 maker-168252635-augustus-gene-0.47-mRNA-1 2989367
.99 snap_masked-168305341-processed-gene-0.112-mRNA-1 3052417
.99 augustus_masked-168182767-processed-gene-0.1-mRNA-1 3052725
.30 genemark-168364576-processed-gene-0.20-mRNA-1 2981729
.67 genemark-168364576-processed-gene-0.20-mRNA-1 721313
.99 maker-164774006-augustus-gene-0.9-mRNA-1 3051680
.99 augustus_masked-168142905-processed-gene-0.3-mRNA-1 3052309
.55 augustus_masked-166839592-processed-gene-0.1-mRNA-1 197538
.28 augustus_masked-166839592-processed-gene-0.1-mRNA-1 2992645
.15 augustus_masked-166839592-processed-gene-0.1-mRNA-1 2995197
.99 augustus_masked-168547249-processed-gene-0.5-mRNA-1 3052329
.94 maker-168302278-snap-gene-1.65-mRNA-1 3052303
.99 augustus_masked-168118944-processed-gene-0.1-mRNA-1 3051847
.99 maker-168303922-snap-gene-0.98-mRNA-1 3044303
.89 maker-167869164-augustus-gene-0.17-mRNA-1 3052554
.99 maker-168237988-snap-gene-0.11-mRNA-1 3052113
.56 maker-168237988-snap-gene-0.11-mRNA-1 3052114
.99 maker-167942724-augustus-gene-0.9-mRNA-1 3051651
.99 maker-168548146-augustus-gene-0.23-mRNA-1 3052039
.99 augustus_masked-168346240-processed-gene-0.1-mRNA-1 3051913
.99 maker-168240133-snap-gene-0.34-mRNA-1 3051495
.23 maker-168517188-snap-gene-0.21-mRNA-1 2986665
.74 maker-168517188-snap-gene-0.21-mRNA-1 3052778
.99 maker-168559840-snap-gene-0.10-mRNA-1 3052690
.99 maker-168559224-snap-gene-0.32-mRNA-1 3052629
.31 augustus_masked-168575934-processed-gene-0.1-mRNA-1 3016620
.27 augustus_masked-168575934-processed-gene-0.1-mRNA-1 771229
.99 augustus_masked-168234839-processed-gene-0.0-mRNA-1 3052440
.47 maker-168240834-snap-gene-0.39-mRNA-1 3052366
.79 maker-168577285-augustus-gene-0.52-mRNA-1 3052646
.16 maker-168569475-augustus-gene-0.52-mRNA-1 2992871
.16 maker-168569475-augustus-gene-0.52-mRNA-1 1213303
.17 maker-168569475-augustus-gene-0.52-mRNA-1 2986471
.02 maker-168569475-augustus-gene-0.52-mRNA-1 2985322
.99 maker-168255407-snap-gene-0.15-mRNA-1 3052759
.65 augustus_masked-168398686-processed-gene-0.8-mRNA-1 724928
.33 augustus_masked-168398686-processed-gene-0.8-mRNA-1 476453
.86 augustus_masked-164689749-processed-gene-0.0-mRNA-1 2989556
.62 augustus_masked-164689749-processed-gene-0.0-mRNA-1 1191195
.78 augustus_masked-164689749-processed-gene-0.0-mRNA-1 2998620
.34 augustus_masked-164689749-processed-gene-0.0-mRNA-1 2340107
.43 augustus_masked-164689749-processed-gene-0.0-mRNA-1 1582824
.99 augustus_masked-168522938-processed-gene-0.6-mRNA-1 3052522
.99 maker-168097925-augustus-gene-0.30-mRNA-1 3052773
.32 maker-168286907-augustus-gene-0.50-mRNA-1 2982057
.39 maker-168286907-augustus-gene-0.50-mRNA-1 682173
.99 maker-168184554-snap-gene-0.29-mRNA-1 3052581
.96 snap_masked-168437828-processed-gene-0.45-mRNA-1 3051638
.99 maker-168502823-augustus-gene-0.16-mRNA-1 3052693
.99 augustus_masked-168508112-processed-gene-0.1-mRNA-1 3052442
.99 augustus_masked-168206662-processed-gene-0.10-mRNA-1 2989211
.99 snap_masked-159758204-processed-gene-0.4-mRNA-1 3052551
.99 maker-168356536-augustus-gene-0.54-mRNA-1 3052779
.99 maker-168122527-augustus-gene-0.8-mRNA-1 3052686
.99 augustus_masked-168368082-processed-gene-0.0-mRNA-1 3052053
.99 augustus_masked-168368082-processed-gene-0.0-mRNA-1 3052086
.99 augustus_masked-168530589-processed-gene-0.7-mRNA-1 2982106
.49 genemark-167815251-processed-gene-0.12-mRNA-1 774368
.99 augustus_masked-168572791-processed-gene-0.5-mRNA-1 3051859
.99 maker-168295612-augustus-gene-0.33-mRNA-1 3052758
.99 maker-168142165-snap-gene-0.31-mRNA-1 2998767
.98 augustus_masked-168103281-processed-gene-0.0-mRNA-1 3052278
.22 maker-168253976-snap-gene-0.19-mRNA-1 2987225
.46 maker-168253976-snap-gene-0.19-mRNA-1 2987557
.99 maker-168320794-augustus-gene-0.55-mRNA-1 3052507
.99 augustus_masked-168271880-processed-gene-0.4-mRNA-1 2983413
.99 maker-168255298-augustus-gene-0.11-mRNA-1 2982496
.47 maker-168575955-snap-gene-0.22-mRNA-1 3013059
.37 maker-168575955-snap-gene-0.22-mRNA-1 3052166
.22 maker-168575955-snap-gene-0.22-mRNA-1 1774006
.97 maker-168259292-snap-gene-0.7-mRNA-1 3052550
.27 maker-163414130-augustus-gene-0.4-mRNA-1 2989395
.38 maker-163414130-augustus-gene-0.4-mRNA-1 487875
.93 maker-168501060-augustus-gene-0.13-mRNA-1 3052760
.04 maker-168569674-augustus-gene-0.41-mRNA-1 1369677
.86 maker-168569674-augustus-gene-0.41-mRNA-1 3052176
.99 augustus_masked-167798104-processed-gene-0.0-mRNA-1 3052625
.19 maker-164560369-snap-gene-0.4-mRNA-1 3051819
.80 maker-164560369-snap-gene-0.4-mRNA-1 3037640
.99 augustus_masked-168286932-processed-gene-0.3-mRNA-1 3052260
.99 snap_masked-168282317-processed-gene-1.55-mRNA-1 3052384
.99 maker-168551784-augustus-gene-0.43-mRNA-1 3052129
.99 augustus_masked-167889027-processed-gene-0.0-mRNA-1 3052068
.26 maker-165796197-augustus-gene-0.4-mRNA-1 369855
.17 maker-165796197-augustus-gene-0.4-mRNA-1 2982423
.69 maker-168424764-snap-gene-0.30-mRNA-1 3052703
.11 maker-168424764-snap-gene-0.30-mRNA-1 862143
.99 augustus_masked-168243975-processed-gene-0.1-mRNA-1 2983313
.50 maker-168190526-snap-gene-1.103-mRNA-2 2984239
.30 maker-168190526-snap-gene-1.103-mRNA-2 2993116
.58 maker-166363699-augustus-gene-0.3-mRNA-1 3052197
.19 maker-166363699-augustus-gene-0.3-mRNA-1 3011877
.13 maker-166363699-augustus-gene-0.3-mRNA-1 2985441
.99 maker-167232503-snap-gene-0.5-mRNA-2 3052585
.90 maker-162611082-snap-gene-0.4-mRNA-1 3052589
.09 maker-162611082-snap-gene-0.4-mRNA-1 138084
.99 maker-168202765-augustus-gene-0.31-mRNA-1 2989055
.07 augustus_masked-168266506-processed-gene-0.9-mRNA-1 2989012
.92 augustus_masked-168266506-processed-gene-0.9-mRNA-1 2990071
.50 augustus_masked-166074317-processed-gene-0.0-mRNA-1 2983278
.49 augustus_masked-166074317-processed-gene-0.0-mRNA-1 575129
.99 genemark-168552197-processed-gene-0.20-mRNA-1 3052318
.86 snap_masked-168052496-processed-gene-0.23-mRNA-1 3052590
.09 snap_masked-168052496-processed-gene-0.23-mRNA-1 1209355
.29 snap_masked-168577046-processed-gene-0.35-mRNA-1 3049154
.99 maker-168443061-augustus-gene-0.24-mRNA-1 3052571
.99 maker-168235933-snap-gene-0.51-mRNA-1 3052157
.99 augustus_masked-168495698-processed-gene-0.19-mRNA-1 3052063
.13 maker-168564757-snap-gene-0.70-mRNA-1 1471133
.79 maker-168564757-snap-gene-0.70-mRNA-1 3052714
.99 augustus_masked-167961253-processed-gene-0.0-mRNA-1 3052328
.99 augustus_masked-163643823-processed-gene-0.0-mRNA-1 3051953
.89 maker-168575619-snap-gene-0.40-mRNA-1 3051708
.07 maker-168575619-snap-gene-0.40-mRNA-1 2999530
.99 maker-168233045-augustus-gene-0.21-mRNA-1 3051972
.99 maker-168550396-snap-gene-0.65-mRNA-1 2996073
.82 genemark-168577075-processed-gene-0.3-mRNA-1 3052032
.99 augustus_masked-161862128-processed-gene-0.0-mRNA-1 3052447
.99 maker-168354654-augustus-gene-0.85-mRNA-1 3052054
.99 maker-167828622-augustus-gene-0.5-mRNA-1 3052723
.28 maker-168182714-augustus-gene-0.3-mRNA-2 2981963
.05 maker-168182714-augustus-gene-0.3-mRNA-2 281059
.03 maker-168182714-augustus-gene-0.3-mRNA-2 114696
.02 maker-168182714-augustus-gene-0.3-mRNA-2 2982591
.01 maker-168182714-augustus-gene-0.3-mRNA-2 2984704
.99 maker-168188241-augustus-gene-0.42-mRNA-1 3052708
.99 augustus_masked-164203004-processed-gene-0.0-mRNA-1 135093
.99 augustus_masked-168341495-processed-gene-0.0-mRNA-1 3051951
.99 augustus_masked-167816065-processed-gene-0.2-mRNA-1 2991922
.99 snap_masked-167852520-processed-gene-0.20-mRNA-1 2991141
.86 augustus_masked-168543219-processed-gene-0.9-mRNA-1 3018673
.78 augustus_masked-168543219-processed-gene-0.9-mRNA-1 773107
.74 augustus_masked-168543219-processed-gene-0.9-mRNA-1 846837
.74 augustus_masked-168543219-processed-gene-0.9-mRNA-1 228233
.65 augustus_masked-168543219-processed-gene-0.9-mRNA-1 1171573
.99 maker-168353440-snap-gene-0.15-mRNA-1 3052153
.94 maker-168460908-augustus-gene-0.50-mRNA-2 3052766
.05 maker-168460908-augustus-gene-0.50-mRNA-2 2998503
.99 maker-168190475-snap-gene-0.66-mRNA-1 3052561
.99 augustus_masked-168532983-processed-gene-0.17-mRNA-1 2983746
.39 maker-167875766-augustus-gene-0.5-mRNA-1 2987208
.15 maker-167875766-augustus-gene-0.5-mRNA-1 777787
.10 maker-167875766-augustus-gene-0.5-mRNA-1 777790
.99 maker-168363033-snap-gene-0.110-mRNA-1 3052711
.99 snap_masked-168414944-processed-gene-0.22-mRNA-1 3052123
.85 maker-168185920-snap-gene-0.13-mRNA-1 3052755
.99 maker-168255410-snap-gene-0.24-mRNA-1 3052756
.95 maker-168255410-snap-gene-0.24-mRNA-1 3051975
.99 snap_masked-168540994-processed-gene-0.53-mRNA-1 3014560
.99 maker-167873164-augustus-gene-0.6-mRNA-1 2985294
.43 maker-161773353-augustus-gene-0.3-mRNA-1 2981633
.53 maker-161773353-augustus-gene-0.3-mRNA-1 3052158
.63 maker-168560986-snap-gene-0.90-mRNA-1 3051851
.36 maker-168201508-augustus-gene-0.4-mRNA-1 1104697
.32 maker-168201508-augustus-gene-0.4-mRNA-1 3022906
.44 maker-168399359-snap-gene-0.30-mRNA-1 2983604
.66 snap_masked-166543785-processed-gene-0.2-mRNA-1 3052184
.33 snap_masked-166543785-processed-gene-0.2-mRNA-1 2986277
.43 maker-162978731-augustus-gene-0.4-mRNA-1 3051692
.99 augustus_masked-168515415-processed-gene-0.7-mRNA-1 3051760
.98 snap_masked-168547781-processed-gene-0.8-mRNA-1 3051820
.66 augustus_masked-168191497-processed-gene-0.34-mRNA-1 1117935
.32 augustus_masked-168191497-processed-gene-0.34-mRNA-1 3025725
.99 augustus_masked-168183575-processed-gene-0.17-mRNA-1 2984962
.84 augustus_masked-161515271-processed-gene-0.0-mRNA-1 3052110
.99 augustus_masked-168576969-processed-gene-0.19-mRNA-1 2985280
.45 maker-162605827-snap-gene-0.3-mRNA-1 147687
.32 maker-162605827-snap-gene-0.3-mRNA-1 479878
.24 augustus_masked-167812213-processed-gene-0.12-mRNA-1 2984644
.73 augustus_masked-167812213-processed-gene-0.12-mRNA-1 2983857
.44 maker-168257240-snap-gene-0.58-mRNA-1 348165
.38 maker-168257240-snap-gene-0.58-mRNA-1 2987009
.27 maker-168379418-snap-gene-0.42-mRNA-1 1056323
.45 maker-168379418-snap-gene-0.42-mRNA-1 3051872
.99 augustus_masked-168563312-processed-gene-0.5-mRNA-1 3011114
.99 maker-168548732-augustus-gene-0.32-mRNA-1 3052410
.47 maker-168365624-augustus-gene-0.26-mRNA-1 3052102
.44 maker-168365624-augustus-gene-0.26-mRNA-1 2989932
.99 maker-168188437-augustus-gene-0.52-mRNA-1 3052276
.76 maker-167795763-snap-gene-0.53-mRNA-1 3052268
.13 maker-167795763-snap-gene-0.53-mRNA-1 214374
.05 maker-167795763-snap-gene-0.53-mRNA-1 214373
.05 maker-167795763-snap-gene-0.53-mRNA-1 708782
.57 maker-168239269-augustus-gene-0.34-mRNA-1 2992857
.20 maker-168239269-augustus-gene-0.34-mRNA-1 2172148
.99 maker-168570034-snap-gene-0.40-mRNA-1 3052784
.51 maker-168234076-snap-gene-0.75-mRNA-1 2122877
.17 maker-168234076-snap-gene-0.75-mRNA-1 1887226
.17 maker-168234076-snap-gene-0.75-mRNA-1 2940452
.48 maker-168234076-snap-gene-0.75-mRNA-1 1509041
.63 snap_masked-165741798-processed-gene-0.3-mRNA-1 2987554
.29 snap_masked-165741798-processed-gene-0.3-mRNA-1 3052154
.99 snap_masked-168248980-processed-gene-0.11-mRNA-1 3052195
.14 maker-168414376-snap-gene-0.39-mRNA-1 2028111
.77 maker-168414376-snap-gene-0.39-mRNA-1 3052495
.99 maker-166148576-augustus-gene-0.3-mRNA-1 3052584
.99 maker-168328223-snap-gene-0.59-mRNA-1 3052081
.55 maker-168464835-snap-gene-0.51-mRNA-1 3052151
.15 maker-168464835-snap-gene-0.51-mRNA-1 1740834
.27 maker-168471628-snap-gene-0.18-mRNA-1 3051671
.14 maker-168471628-snap-gene-0.18-mRNA-1 1083272
.12 maker-168471628-snap-gene-0.18-mRNA-1 577926
.01 maker-168471628-snap-gene-0.18-mRNA-1 853397
.98 augustus_masked-168546795-processed-gene-0.9-mRNA-1 2982831
.70 snap_masked-168571472-processed-gene-0.47-mRNA-1 2649456
.99 maker-168184972-augustus-gene-0.4-mRNA-1 2985066
.18 maker-168577634-snap-gene-0.47-mRNA-1 192830
.81 maker-168577634-snap-gene-0.47-mRNA-1 3052190
.68 maker-168566904-augustus-gene-0.86-mRNA-1 3052785
.13 maker-168566904-augustus-gene-0.86-mRNA-1 3052785
.99 maker-166410278-augustus-gene-0.5-mRNA-1 3052396
.72 genemark-163258432-processed-gene-0.0-mRNA-1 602458
.26 genemark-163258432-processed-gene-0.0-mRNA-1 1602361
.99 snap_masked-168303949-processed-gene-0.7-mRNA-1 2982641
.32 genemark-167703041-processed-gene-0.0-mRNA-1 2987097
.11 genemark-167703041-processed-gene-0.0-mRNA-1 2995291
.60 augustus_masked-168447100-processed-gene-0.0-mRNA-1 798533
.39 augustus_masked-168447100-processed-gene-0.0-mRNA-1 2981686
.36 maker-168463880-augustus-gene-0.8-mRNA-1 3052166
.63 maker-168463880-augustus-gene-0.8-mRNA-1 2987003
.99 maker-168271200-augustus-gene-0.16-mRNA-1 3052761
.30 augustus_masked-168494626-processed-gene-0.3-mRNA-1 2993401
.69 augustus_masked-168494626-processed-gene-0.3-mRNA-1 3052008
.85 augustus_masked-168568914-processed-gene-0.1-mRNA-1 2984335
.14 augustus_masked-168568914-processed-gene-0.1-mRNA-1 730189
.98 maker-168214424-snap-gene-0.23-mRNA-1 3052659
.79 maker-168574083-augustus-gene-0.23-mRNA-1 2988755
.16 genemark-162711595-processed-gene-0.1-mRNA-1 3001209
.21 genemark-162711595-processed-gene-0.1-mRNA-1 1091284
.17 genemark-162711595-processed-gene-0.1-mRNA-1 1144971
.28 genemark-162711595-processed-gene-0.1-mRNA-1 770722
.15 genemark-162711595-processed-gene-0.1-mRNA-1 2990382
.24 maker-166773883-snap-gene-0.5-mRNA-1 2984734
.75 maker-166773883-snap-gene-0.5-mRNA-1 3052098
.37 maker-168459010-augustus-gene-0.18-mRNA-1 3052731
.31 maker-168459010-augustus-gene-0.18-mRNA-1 3052731
.99 maker-168429947-augustus-gene-0.37-mRNA-1 3052596
.47 maker-168472848-snap-gene-0.42-mRNA-1 2988977
.25 maker-168472848-snap-gene-0.42-mRNA-1 1992498
.99 augustus_masked-166981598-processed-gene-0.0-mRNA-1 3052095
.99 maker-168398871-augustus-gene-0.21-mRNA-1 3052134
.99 genemark-166135246-processed-gene-0.0-mRNA-1 3051868
.98 genemark-166135246-processed-gene-0.0-mRNA-1 3052448
.97 maker-168522419-snap-gene-0.44-mRNA-1 3051980
.99 augustus_masked-168386339-processed-gene-0.6-mRNA-1 871709
.99 augustus_masked-166363357-processed-gene-0.0-mRNA-1 2987639
.10 snap_masked-161481012-processed-gene-0.1-mRNA-1 1129013
.32 snap_masked-161481012-processed-gene-0.1-mRNA-1 3032009
.99 snap_masked-168190530-processed-gene-1.56-mRNA-1 3052616
.38 snap_masked-166714562-processed-gene-0.2-mRNA-1 3017847
.49 snap_masked-166714562-processed-gene-0.2-mRNA-1 3017847
.99 augustus_masked-167187769-processed-gene-0.0-mRNA-1 3051598
.99 augustus_masked-168532185-processed-gene-0.2-mRNA-1 3052675
.99 maker-168379750-augustus-gene-0.62-mRNA-1 3052196
.99 augustus_masked-168483488-processed-gene-0.10-mRNA-1 3051581
.99 augustus_masked-168230750-processed-gene-0.9-mRNA-1 3052530
.20 augustus_masked-168573829-processed-gene-0.8-mRNA-1 2122877
.53 augustus_masked-168573829-processed-gene-0.8-mRNA-1 2334761
.95 maker-168519746-augustus-gene-0.45-mRNA-1 3052776
.99 augustus_masked-168405640-processed-gene-0.1-mRNA-1 3052374
.84 maker-168251700-snap-gene-0.27-mRNA-1 3052770
.99 snap_masked-168400286-processed-gene-0.40-mRNA-1 3052414
.99 augustus_masked-166842099-processed-gene-0.1-mRNA-1 3051767
.99 maker-168183258-augustus-gene-0.8-mRNA-1 2992708
.49 augustus_masked-168189838-processed-gene-0.5-mRNA-1 2005903
.99 maker-168318762-augustus-gene-0.16-mRNA-1 3051839
.99 maker-158883843-augustus-gene-0.3-mRNA-1 3052179
.54 maker-168184619-snap-gene-0.12-mRNA-1 3052131
.99 augustus_masked-168569170-processed-gene-0.23-mRNA-1 2984517
.99 maker-168233180-augustus-gene-1.75-mRNA-1 3052667
.13 augustus_masked-168554693-processed-gene-0.17-mRNA-1 2990549
.85 augustus_masked-168554693-processed-gene-0.17-mRNA-1 2984458
.73 augustus_masked-168481646-processed-gene-0.5-mRNA-1 3052112
.14 augustus_masked-168481646-processed-gene-0.5-mRNA-1 3051613
.99 maker-168186503-augustus-gene-0.16-mRNA-1 2982476
.99 augustus_masked-168019004-processed-gene-0.2-mRNA-1 3052351
.99 maker-168454181-augustus-gene-0.110-mRNA-1 3012809
.10 maker-167821823-snap-gene-0.95-mRNA-1 2528637
.70 maker-167821823-snap-gene-0.95-mRNA-1 3052736
.13 maker-168454054-snap-gene-0.53-mRNA-1 3052634
.99 maker-168511395-augustus-gene-0.63-mRNA-1 3051870
.81 augustus_masked-165926022-processed-gene-0.0-mRNA-1 3052615
.10 augustus_masked-165926022-processed-gene-0.0-mRNA-1 839393
.32 maker-168240510-augustus-gene-0.30-mRNA-1 2983150
.13 maker-168240510-augustus-gene-0.30-mRNA-1 2993213
.99 snap_masked-168558167-processed-gene-0.27-mRNA-1 3051779
.33 augustus_masked-166817910-processed-gene-0.0-mRNA-1 3052691
.99 maker-162868920-snap-gene-0.4-mRNA-1 3052600
.91 maker-168227898-snap-gene-0.43-mRNA-1 3018211
.83 maker-168398674-snap-gene-0.59-mRNA-1 3052709
.12 maker-168398674-snap-gene-0.59-mRNA-1 974381
.42 snap_masked-166887161-processed-gene-0.4-mRNA-1 3052721
.12 snap_masked-166887161-processed-gene-0.4-mRNA-1 2997246
.99 maker-167841405-augustus-gene-0.16-mRNA-1 3052645
.18 maker-168311773-snap-gene-0.25-mRNA-1 992255
.14 maker-168311773-snap-gene-0.25-mRNA-1 1063036
.14 maker-168311773-snap-gene-0.25-mRNA-1 1620204
.13 maker-168311773-snap-gene-0.25-mRNA-1 1873431
.13 maker-168311773-snap-gene-0.25-mRNA-1 1095063
.99 augustus_masked-168208249-processed-gene-1.55-mRNA-1 3051720
.41 maker-168138634-augustus-gene-0.11-mRNA-1 3052229
.57 maker-168138634-augustus-gene-0.11-mRNA-1 2984620
.99 maker-167006432-augustus-gene-0.3-mRNA-1 3052003
.99 maker-168522625-snap-gene-0.17-mRNA-1 3052569
.99 maker-168571643-augustus-gene-0.20-mRNA-1 3052543
.99 augustus_masked-160345140-processed-gene-0.0-mRNA-1 2983294
.95 maker-168571094-snap-gene-0.30-mRNA-1 3051813
.75 augustus_masked-168398832-processed-gene-0.12-mRNA-1 732437
.24 augustus_masked-168398832-processed-gene-0.12-mRNA-1 3052302
.99 maker-168229412-augustus-gene-0.17-mRNA-1 302439
.39 augustus_masked-168542116-processed-gene-0.2-mRNA-1 1322118
.59 augustus_masked-168542116-processed-gene-0.2-mRNA-1 2567090
.99 maker-168188275-augustus-gene-0.56-mRNA-1 3052737
.35 maker-168393937-augustus-gene-0.26-mRNA-1 3052733
.26 maker-168393937-augustus-gene-0.26-mRNA-1 3052293
.99 maker-168531691-augustus-gene-0.22-mRNA-1 3051877
.10 maker-158895201-augustus-gene-0.3-mRNA-1 2995996
.89 maker-158895201-augustus-gene-0.3-mRNA-1 3052226
.99 augustus_masked-168205988-processed-gene-0.6-mRNA-1 3051862
.99 augustus_masked-166795133-processed-gene-0.1-mRNA-1 3051967
.90 maker-168568482-augustus-gene-1.125-mRNA-1 3052699
.06 maker-168568482-augustus-gene-1.125-mRNA-1 1504743
.16 augustus_masked-168548606-processed-gene-0.12-mRNA-1 820689
.83 augustus_masked-168548606-processed-gene-0.12-mRNA-1 3025096
.99 augustus_masked-166632798-processed-gene-0.0-mRNA-1 3052705
.86 augustus_masked-168191616-processed-gene-0.17-mRNA-1 3051526
.87 maker-168182888-augustus-gene-0.27-mRNA-1 2981782
.11 maker-168182888-augustus-gene-0.27-mRNA-1 2989142
.85 maker-167841556-snap-gene-0.8-mRNA-1 3052159
.08 maker-168577569-snap-gene-0.80-mRNA-2 2454941
.83 maker-168577569-snap-gene-0.80-mRNA-2 3052556
.99 maker-168405499-snap-gene-0.72-mRNA-1 3052406
.99 maker-168397629-augustus-gene-0.64-mRNA-1 3052045
.48 maker-168567405-snap-gene-0.31-mRNA-1 3052019
.50 maker-168567405-snap-gene-0.31-mRNA-1 3052118
.99 augustus_masked-166634215-processed-gene-0.0-mRNA-1 3052583
.99 augustus_masked-168207527-processed-gene-0.11-mRNA-1 3051681
.59 maker-168512661-snap-gene-0.72-mRNA-1 3052553
.21 maker-168512661-snap-gene-0.72-mRNA-1 735201
.99 maker-168215446-augustus-gene-0.46-mRNA-1 2982852
.99 augustus_masked-168505060-processed-gene-0.5-mRNA-1 3052387
.03 snap_masked-167938364-processed-gene-0.2-mRNA-1 2988592
.96 snap_masked-167938364-processed-gene-0.2-mRNA-1 3051663
.81 maker-168138948-augustus-gene-0.12-mRNA-1 3052753
.41 augustus_masked-168451357-processed-gene-0.4-mRNA-1 3052126
.94 augustus_masked-167796626-processed-gene-0.1-mRNA-1 3051649
.99 maker-168455594-snap-gene-0.33-mRNA-1 3051827
.29 augustus_masked-167848865-processed-gene-0.2-mRNA-1 536324
.20 augustus_masked-167848865-processed-gene-0.2-mRNA-1 2994260
.14 augustus_masked-167848865-processed-gene-0.2-mRNA-1 2993408
.06 augustus_masked-167848865-processed-gene-0.2-mRNA-1 3001708
.76 maker-168377168-augustus-gene-0.101-mRNA-1 2983093
.15 maker-168377168-augustus-gene-0.101-mRNA-1 896791
.13 maker-168377168-augustus-gene-0.101-mRNA-1 1083746
.80 maker-168540477-snap-gene-0.20-mRNA-1 3052577
.08 maker-168540477-snap-gene-0.20-mRNA-1 1770163
.98 augustus_masked-168107158-processed-gene-0.9-mRNA-1 3052567
.99 maker-168551348-snap-gene-0.22-mRNA-1 3052451
.95 maker-168184023-augustus-gene-0.11-mRNA-2 3052672
.03 maker-168184023-augustus-gene-0.11-mRNA-2 424517
.98 maker-168574463-snap-gene-0.20-mRNA-1 3052266
.99 maker-168490205-snap-gene-0.26-mRNA-1 3052765
.81 maker-168490205-snap-gene-0.26-mRNA-1 3052066
.99 augustus_masked-168525296-processed-gene-0.5-mRNA-1 3051854
.99 maker-168520201-augustus-gene-0.26-mRNA-1 3052529
.58 augustus_masked-168380608-processed-gene-0.2-mRNA-1 2983798
.41 augustus_masked-168380608-processed-gene-0.2-mRNA-1 2983813
.57 maker-166659494-augustus-gene-0.3-mRNA-1 2994717
.29 maker-166659494-augustus-gene-0.3-mRNA-1 2982971
.99 augustus_masked-168315277-processed-gene-1.1-mRNA-1 2981645
.06 maker-168570229-augustus-gene-0.74-mRNA-1 2985322
.99 snap_masked-167884987-processed-gene-0.25-mRNA-1 3052412
.99 maker-168292449-augustus-gene-0.56-mRNA-1 3052619
.99 augustus_masked-163994809-processed-gene-0.0-mRNA-1 3032267
.97 maker-168218629-snap-gene-0.19-mRNA-1 3052105
.56 augustus_masked-162282389-processed-gene-0.0-mRNA-1 2982282
.34 augustus_masked-162282389-processed-gene-0.0-mRNA-1 522519
.46 snap_masked-168166045-processed-gene-0.16-mRNA-1 917544
.53 snap_masked-168166045-processed-gene-0.16-mRNA-1 3004642
.74 genemark-168229753-processed-gene-0.29-mRNA-1 3051646
.20 genemark-168229753-processed-gene-0.29-mRNA-1 577683
.97 augustus_masked-168551594-processed-gene-0.3-mRNA-1 3051812
.99 maker-160124111-snap-gene-0.4-mRNA-1 3005988
.98 maker-168543020-augustus-gene-0.61-mRNA-1 3052103
.99 augustus_masked-168073632-processed-gene-0.3-mRNA-1 3052230
.80 augustus_masked-167845099-processed-gene-0.7-mRNA-1 3051863
.99 augustus_masked-168188278-processed-gene-0.7-mRNA-1 3052192
.19 maker-167850645-snap-gene-0.30-mRNA-1 3052700
.80 maker-168186924-snap-gene-0.23-mRNA-1 3052751
.02 maker-168186924-snap-gene-0.23-mRNA-1 262062
.99 augustus_masked-168481022-processed-gene-0.3-mRNA-1 2990125
.99 maker-168281809-augustus-gene-0.12-mRNA-1 3052306
.99 maker-168321665-augustus-gene-1.104-mRNA-1 3001594
.99 maker-168510366-snap-gene-0.12-mRNA-1 3052612
.88 maker-168510366-snap-gene-0.12-mRNA-1 551306
.99 maker-159030253-snap-gene-0.4-mRNA-1 3052224
.93 maker-168189884-snap-gene-0.73-mRNA-1 3052746
.89 maker-168514719-augustus-gene-0.38-mRNA-1 3051692
.99 augustus_masked-167109802-processed-gene-0.1-mRNA-1 3052110
.99 maker-168577220-augustus-gene-0.60-mRNA-1 3052215
.36 maker-168183693-augustus-gene-0.4-mRNA-2 2986365
.11 maker-168183693-augustus-gene-0.4-mRNA-2 220947
.27 genemark-168405018-processed-gene-0.16-mRNA-1 3019523
.12 genemark-168405018-processed-gene-0.16-mRNA-1 2995307
.99 genemark-167815371-processed-gene-0.3-mRNA-1 3051889
.99 maker-168473566-augustus-gene-0.46-mRNA-1 3052630
.70 augustus_masked-167960887-processed-gene-0.5-mRNA-1 3052697
.06 augustus_masked-167960887-processed-gene-0.5-mRNA-1 630259
.99 augustus_masked-168566066-processed-gene-0.4-mRNA-1 3010645
.17 maker-168459779-snap-gene-0.12-mRNA-1 2021736
.75 maker-168459779-snap-gene-0.12-mRNA-1 2989976
.99 maker-168545151-augustus-gene-0.46-mRNA-1 3052388
.90 maker-168562406-augustus-gene-0.20-mRNA-1 3052587
.08 maker-168562406-augustus-gene-0.20-mRNA-1 2983452
.86 maker-168458770-augustus-gene-0.37-mRNA-1 2983269
.02 maker-168550874-augustus-gene-0.47-mRNA-1 3047930
.93 maker-168550874-augustus-gene-0.47-mRNA-1 3052558
.99 augustus_masked-168316497-processed-gene-0.19-mRNA-1 3051821
.99 maker-158727993-augustus-gene-0.3-mRNA-1 3052764
.42 maker-168482721-augustus-gene-0.51-mRNA-1 2982782
.16 maker-168482721-augustus-gene-0.51-mRNA-1 2989019
.99 augustus_masked-168239382-processed-gene-0.0-mRNA-1 2991480
.28 maker-165124954-augustus-gene-0.5-mRNA-1 524064
.20 maker-165124954-augustus-gene-0.5-mRNA-1 968504
.21 maker-168388997-augustus-gene-0.16-mRNA-1 2999228
.78 maker-168388997-augustus-gene-0.16-mRNA-1 3052633
.99 maker-168154321-augustus-gene-0.45-mRNA-1 3052516
.99 augustus_masked-168188318-processed-gene-0.3-mRNA-1 3051882
.99 maker-168441279-snap-gene-0.34-mRNA-1 3052781
.97 maker-167825543-snap-gene-0.32-mRNA-1 3051573
.94 augustus_masked-168369995-processed-gene-0.0-mRNA-1 2989108
.99 maker-168255407-snap-gene-0.15-mRNA-2 3052759
.99 maker-163696209-snap-gene-0.5-mRNA-1 3052444
.99 maker-167814911-augustus-gene-0.27-mRNA-1 3052461
.40 genemark-166997424-processed-gene-0.0-mRNA-1 3007809
.20 genemark-166997424-processed-gene-0.0-mRNA-1 581426
.16 genemark-166997424-processed-gene-0.0-mRNA-1 1640724
.16 genemark-166997424-processed-gene-0.0-mRNA-1 1028147
.15 genemark-166997424-processed-gene-0.0-mRNA-1 1078476
.99 augustus_masked-167937159-processed-gene-0.2-mRNA-1 3051636
.27 maker-167994331-augustus-gene-0.45-mRNA-1 2983027
.16 maker-167994331-augustus-gene-0.45-mRNA-1 2987811
.09 maker-167994331-augustus-gene-0.45-mRNA-1 2983047
.88 augustus_masked-168242297-processed-gene-0.12-mRNA-1 2986701
.11 augustus_masked-168242297-processed-gene-0.12-mRNA-1 2992125
.99 augustus_masked-167809980-processed-gene-0.1-mRNA-1 2983669
.99 maker-167799383-snap-gene-0.50-mRNA-1 3052174
.90 maker-168024764-snap-gene-0.12-mRNA-1 2982684
.03 maker-168024764-snap-gene-0.12-mRNA-1 819240
.99 maker-158348986-augustus-gene-0.3-mRNA-1 3052542
.99 augustus_masked-165513700-processed-gene-0.1-mRNA-1 3007042
.99 snap_masked-168243331-processed-gene-0.3-mRNA-1 3051794
.52 maker-168294133-augustus-gene-0.51-mRNA-1 3051631
.23 maker-168294133-augustus-gene-0.51-mRNA-1 2985787
.86 maker-168321494-augustus-gene-1.65-mRNA-1 3052241
.99 snap_masked-163961224-processed-gene-0.2-mRNA-1 2983252
.99 maker-167804135-augustus-gene-0.36-mRNA-1 3052377
.99 maker-168187468-augustus-gene-0.27-mRNA-1 3052653
.99 augustus_masked-168199290-processed-gene-0.3-mRNA-1 3051892
.99 snap_masked-168192009-processed-gene-0.91-mRNA-1 3051885
.65 maker-168278439-augustus-gene-0.47-mRNA-1 3051560
.22 maker-168558102-augustus-gene-0.91-mRNA-1 2985894
.18 maker-168558102-augustus-gene-0.91-mRNA-1 2989535
.09 maker-168558102-augustus-gene-0.91-mRNA-1 227881
.09 maker-168558102-augustus-gene-0.91-mRNA-1 624343
.40 maker-168198041-augustus-gene-0.49-mRNA-1 3051603
.05 maker-168198041-augustus-gene-0.49-mRNA-1 3030967
.31 maker-168240246-augustus-gene-0.12-mRNA-1 3052674
.32 maker-168240246-augustus-gene-0.12-mRNA-1 3052674
.99 maker-168458557-augustus-gene-0.54-mRNA-1 3052748
.99 maker-168263287-augustus-gene-0.51-mRNA-1 3052345
.33 snap_masked-162939682-processed-gene-0.2-mRNA-1 1070468
.11 maker-161375427-augustus-gene-0.3-mRNA-1 1219943
.88 maker-161375427-augustus-gene-0.3-mRNA-1 3052317
.32 maker-168204707-augustus-gene-0.55-mRNA-2 2994154
.67 maker-168204707-augustus-gene-0.55-mRNA-2 3052291
.99 augustus_masked-168119185-processed-gene-0.4-mRNA-1 2982386
.85 maker-163676960-augustus-gene-0.2-mRNA-1 3052385
.07 maker-163676960-augustus-gene-0.2-mRNA-1 1361708
.06 maker-163676960-augustus-gene-0.2-mRNA-1 2181603
.13 maker-168385244-augustus-gene-0.33-mRNA-1 962256
.86 maker-168385244-augustus-gene-0.33-mRNA-1 2989703
.99 maker-168377742-augustus-gene-0.37-mRNA-1 3052392
.99 maker-168189211-augustus-gene-0.94-mRNA-1 3052695
.92 augustus_masked-165904503-processed-gene-0.1-mRNA-1 2985705
.99 maker-168343750-snap-gene-0.39-mRNA-1 3052404
.99 augustus_masked-168139866-processed-gene-0.5-mRNA-1 3052578
.99 augustus_masked-161664343-processed-gene-0.0-mRNA-1 3052324
.60 snap_masked-167895587-processed-gene-0.5-mRNA-1 3051761
.46 maker-168553811-augustus-gene-0.34-mRNA-1 3003927
.07 maker-168553811-augustus-gene-0.34-mRNA-1 2983590
.99 maker-168234999-snap-gene-0.72-mRNA-1 3052754
.89 maker-168406671-augustus-gene-0.12-mRNA-1 3052712
.04 maker-168406671-augustus-gene-0.12-mRNA-1 868111
.55 maker-168188977-snap-gene-0.31-mRNA-1 3051914
.16 maker-168188977-snap-gene-0.31-mRNA-1 1828582
.14 maker-168188977-snap-gene-0.31-mRNA-1 1553967
.25 maker-168564527-snap-gene-0.30-mRNA-1 3052651
.59 maker-168564527-snap-gene-0.30-mRNA-1 3052651
.99 genemark-158836197-processed-gene-0.1-mRNA-1 2982876
.85 maker-168532704-snap-gene-0.36-mRNA-1 3051739
.46 augustus_masked-168549167-processed-gene-0.2-mRNA-1 1887973
.17 snap_masked-168556053-processed-gene-0.12-mRNA-1 693309
.73 snap_masked-168556053-processed-gene-0.12-mRNA-1 3052510
.99 maker-168380954-augustus-gene-0.9-mRNA-1 3052742
.99 augustus_masked-168509715-processed-gene-0.17-mRNA-1 2991196
.99 snap_masked-168528202-processed-gene-0.20-mRNA-1 3052489
.91 augustus_masked-168344336-processed-gene-0.4-mRNA-1 3002346
.06 augustus_masked-168344336-processed-gene-0.4-mRNA-1 3002346
.99 snap_masked-168247014-processed-gene-0.22-mRNA-1 3052534
.27 maker-168503755-augustus-gene-1.56-mRNA-1 3052492
.89 augustus_masked-168321331-processed-gene-0.14-mRNA-1 2997140
.09 augustus_masked-168321331-processed-gene-0.14-mRNA-1 471596
.09 augustus_masked-168321331-processed-gene-0.14-mRNA-1 976355
.99 maker-166529607-snap-gene-0.3-mRNA-1 2988356
.99 maker-168491002-snap-gene-0.8-mRNA-1 3051841
.51 augustus_masked-24056382-processed-gene-0.0-mRNA-1 3052690
.99 maker-168185854-snap-gene-0.74-mRNA-1 3051856
.99 maker-168508574-snap-gene-0.90-mRNA-1 3052671
.18 genemark-168295952-processed-gene-0.19-mRNA-1 2985778
.34 maker-161634024-augustus-gene-0.2-mRNA-1 2982958
.43 maker-161634024-augustus-gene-0.2-mRNA-1 2987767
.99 augustus_masked-168138750-processed-gene-0.0-mRNA-1 3052535
.32 maker-168202509-snap-gene-0.55-mRNA-1 3052592
.67 maker-168202509-snap-gene-0.55-mRNA-1 3052592
.99 augustus_masked-84216522-processed-gene-0.0-mRNA-1 3051588
.70 maker-168292906-snap-gene-0.24-mRNA-1 2983843
.29 maker-168292906-snap-gene-0.24-mRNA-1 2984296
.76 augustus_masked-168566980-processed-gene-0.14-mRNA-1 2678338
.99 snap_masked-168549280-processed-gene-0.7-mRNA-1 3052093
.99 genemark-168415928-processed-gene-0.33-mRNA-1 3051828
.77 maker-168259029-snap-gene-0.31-mRNA-1 3052728
.09 maker-168259029-snap-gene-0.31-mRNA-1 2120796
.83 augustus_masked-168559770-processed-gene-0.3-mRNA-1 2983782
.15 augustus_masked-168559770-processed-gene-0.3-mRNA-1 395067
.41 snap_masked-168549129-processed-gene-0.20-mRNA-1 3052358
.99 maker-168567085-augustus-gene-0.47-mRNA-1 3052023
.99 maker-168567085-augustus-gene-0.47-mRNA-1 3052024
.99 maker-168567085-augustus-gene-0.47-mRNA-1 3052025
.98 maker-168576038-augustus-gene-0.53-mRNA-1 3052544
.99 maker-165320560-augustus-gene-0.3-mRNA-1 3052660
.91 maker-168130577-snap-gene-0.26-mRNA-2 3017139
.87 maker-168045761-snap-gene-0.21-mRNA-1 3052715
.99 maker-159614259-augustus-gene-0.4-mRNA-1 3051907
.99 snap_masked-167813059-processed-gene-0.9-mRNA-1 3052398
.90 snap_masked-167813059-processed-gene-0.9-mRNA-1 3014015
.96 maker-168431040-augustus-gene-0.73-mRNA-1 3052514
.03 maker-168431040-augustus-gene-0.73-mRNA-1 711511
.42 maker-168189228-snap-gene-0.97-mRNA-1 1525139
.27 maker-168189228-snap-gene-0.97-mRNA-1 1798369
.99 augustus_masked-168577164-processed-gene-0.14-mRNA-1 3051893
.99 snap_masked-166826280-processed-gene-0.3-mRNA-1 616686
.77 snap_masked-166826280-processed-gene-0.3-mRNA-1 2100071
.48 maker-159591498-augustus-gene-0.3-mRNA-1 2987478
.20 maker-159591498-augustus-gene-0.3-mRNA-1 2994025
.14 maker-159591498-augustus-gene-0.3-mRNA-1 2985088
.12 maker-159591498-augustus-gene-0.3-mRNA-1 3011597
.99 snap_masked-168444448-processed-gene-0.13-mRNA-1 3051759
.99 maker-168320898-snap-gene-0.13-mRNA-1 3052568
.99 maker-168182986-snap-gene-0.101-mRNA-1 3052683
.88 maker-168248846-snap-gene-0.11-mRNA-1 2982194
.11 augustus_masked-168287478-processed-gene-0.21-mRNA-1 1319190
.87 augustus_masked-168287478-processed-gene-0.21-mRNA-1 3052092
.99 maker-168488821-augustus-gene-0.72-mRNA-1 3051829
.58 augustus_masked-168416176-processed-gene-0.0-mRNA-1 2984125
.28 augustus_masked-168416176-processed-gene-0.0-mRNA-1 1484001
.99 augustus_masked-164842537-processed-gene-0.0-mRNA-1 3052570
.99 augustus_masked-168391474-processed-gene-0.1-mRNA-1 2985848
.98 maker-168184143-augustus-gene-0.81-mRNA-1 3052706
.99 maker-168189439-augustus-gene-0.56-mRNA-1 3051837
.99 augustus_masked-168507288-processed-gene-0.0-mRNA-1 3052735
.99 augustus_masked-168469412-processed-gene-0.0-mRNA-1 3052552
.19 snap_masked-168323488-processed-gene-0.19-mRNA-1 3017733
.77 snap_masked-168323488-processed-gene-0.19-mRNA-1 2983660
.99 maker-168364903-augustus-gene-0.94-mRNA-1 2983504
.99 maker-168534222-augustus-gene-0.15-mRNA-1 3051969
.99 augustus_masked-166196620-processed-gene-0.0-mRNA-1 308002
.07 maker-168013954-augustus-gene-0.106-mRNA-1 539352
.89 maker-168013954-augustus-gene-0.106-mRNA-1 2982618
.53 genemark-168496176-processed-gene-0.36-mRNA-1 3052688
.25 genemark-168496176-processed-gene-0.36-mRNA-1 2983714
.25 maker-168470435-augustus-gene-0.15-mRNA-1 141484
.22 maker-168470435-augustus-gene-0.15-mRNA-1 510999
.14 maker-168470435-augustus-gene-0.15-mRNA-1 1218507
.14 maker-168470435-augustus-gene-0.15-mRNA-1 1205342
.13 maker-168470435-augustus-gene-0.15-mRNA-1 556465
.99 maker-168257038-augustus-gene-0.7-mRNA-1 3052353
.99 maker-166564433-augustus-gene-0.4-mRNA-1 2983638
.53 augustus_masked-166572215-processed-gene-0.1-mRNA-1 2651511
.99 maker-168019762-augustus-gene-0.30-mRNA-2 3051582
.25 augustus_masked-168387014-processed-gene-0.1-mRNA-1 3010405
.52 augustus_masked-168387014-processed-gene-0.1-mRNA-1 3023135
.99 maker-159782394-augustus-gene-0.3-mRNA-1 3052533
.99 maker-168558660-augustus-gene-0.26-mRNA-1 3052546
.34 augustus_masked-164957415-processed-gene-0.0-mRNA-1 2208355
.97 augustus_masked-168183714-processed-gene-0.1-mRNA-1 3052676
.99 augustus_masked-168502387-processed-gene-0.0-mRNA-1 3052279
.99 augustus_masked-168120529-processed-gene-0.6-mRNA-1 3051717
.99 maker-168548393-snap-gene-0.41-mRNA-1 3051566
.99 augustus_masked-168216292-processed-gene-0.0-mRNA-1 3052330
.99 maker-168526650-augustus-gene-0.36-mRNA-1 3052782
.99 maker-168547192-snap-gene-0.37-mRNA-1 2984226
.99 snap_masked-168577460-processed-gene-0.66-mRNA-1 3052010
.69 maker-168549679-snap-gene-1.80-mRNA-1 3052349
.99 snap_masked-168451748-processed-gene-0.24-mRNA-1 2981792
.99 augustus_masked-166764245-processed-gene-0.2-mRNA-1 3052729
.99 maker-168072135-snap-gene-0.32-mRNA-1 3051927
.99 augustus_masked-168561696-processed-gene-0.7-mRNA-1 3051861
.40 maker-168561624-augustus-gene-0.6-mRNA-1 3043831
.19 maker-168561624-augustus-gene-0.6-mRNA-1 2622529
.99 maker-168187371-augustus-gene-0.8-mRNA-1 3052702
.15 maker-167265731-snap-gene-0.5-mRNA-1 2990512
.74 maker-167265731-snap-gene-0.5-mRNA-1 3052472
.81 maker-166388077-augustus-gene-0.5-mRNA-2 2988253
.41 maker-168098522-augustus-gene-0.34-mRNA-1 3052732
.99 maker-168513446-augustus-gene-0.62-mRNA-1 2995438
.99 maker-168506764-augustus-gene-0.66-mRNA-1 3052738
.99 augustus_masked-168183871-processed-gene-0.4-mRNA-1 3052423
.24 maker-168560921-augustus-gene-0.53-mRNA-1 2983073
.55 maker-168560921-augustus-gene-0.53-mRNA-1 2985411
.54 augustus_masked-165050660-processed-gene-0.0-mRNA-1 2995460
.30 augustus_masked-165050660-processed-gene-0.0-mRNA-1 984732
.49 maker-168186284-snap-gene-0.13-mRNA-1 3052386
.99 snap_masked-160194821-processed-gene-0.2-mRNA-1 3052655
.99 maker-168440195-snap-gene-0.5-mRNA-1 3051664
.73 maker-168190276-snap-gene-0.64-mRNA-1 1191195
.66 snap_masked-168330812-processed-gene-0.7-mRNA-1 2060557
.99 maker-167965502-snap-gene-0.27-mRNA-1 3052004
.63 maker-168190722-snap-gene-0.88-mRNA-1 2992572
.99 augustus_masked-168395854-processed-gene-0.3-mRNA-1 3051679
.99 snap_masked-168558842-processed-gene-0.74-mRNA-1 3051826
.33 maker-163105483-augustus-gene-0.3-mRNA-1 544536
.31 maker-163105483-augustus-gene-0.3-mRNA-1 490576
.31 maker-163105483-augustus-gene-0.3-mRNA-1 2984949
.27 maker-163105483-augustus-gene-0.3-mRNA-1 2999883
.22 maker-163105483-augustus-gene-0.3-mRNA-1 2993497
.47 maker-166366691-augustus-gene-0.3-mRNA-1 3051700
.28 maker-166366691-augustus-gene-0.3-mRNA-1 2986162
.20 maker-166366691-augustus-gene-0.3-mRNA-1 3019650
.99 augustus_masked-168323809-processed-gene-0.0-mRNA-1 3052420
.91 augustus_masked-168570884-processed-gene-0.7-mRNA-1 2983558
.07 augustus_masked-168570884-processed-gene-0.7-mRNA-1 545778
.99 maker-168133735-snap-gene-0.10-mRNA-1 3052201
.99 augustus_masked-168552098-processed-gene-0.12-mRNA-1 3052617
.65 genemark-168273234-processed-gene-0.4-mRNA-1 3008733
.63 genemark-168273234-processed-gene-0.4-mRNA-1 610904
.61 genemark-168273234-processed-gene-0.4-mRNA-1 739028
.52 genemark-168273234-processed-gene-0.4-mRNA-1 284742
.25 genemark-168273234-processed-gene-0.4-mRNA-1 1322441
.99 augustus_masked-22560038-processed-gene-0.0-mRNA-1 3006524
.99 maker-168486419-augustus-gene-0.34-mRNA-1 3051954
.99 maker-168357190-augustus-gene-0.26-mRNA-1 3052097
.99 maker-168472226-snap-gene-0.16-mRNA-1 3052673
.56 augustus_masked-168351072-processed-gene-0.18-mRNA-1 3051624
.23 augustus_masked-168351072-processed-gene-0.18-mRNA-1 2985238
.63 maker-167869083-augustus-gene-0.15-mRNA-1 3052777
.99 snap_masked-164559599-processed-gene-0.2-mRNA-1 2986045
.04 augustus_masked-168495557-processed-gene-0.1-mRNA-1 3003774
.95 augustus_masked-168495557-processed-gene-0.1-mRNA-1 3052724
.99 snap_masked-168522838-processed-gene-0.103-mRNA-1 3052462
.64 maker-168178695-augustus-gene-0.14-mRNA-1 1951908
.98 maker-168259885-snap-gene-0.38-mRNA-2 3052722
.99 augustus_masked-168186062-processed-gene-0.2-mRNA-1 3052595
.99 maker-168524460-augustus-gene-0.16-mRNA-1 3052689
.60 augustus_masked-168292596-processed-gene-0.1-mRNA-1 371419
.56 augustus_masked-168292596-processed-gene-0.1-mRNA-1 1117459
.35 augustus_masked-168292596-processed-gene-0.1-mRNA-1 2986725
.99 maker-168115588-augustus-gene-0.14-mRNA-1 3052614
.99 augustus_masked-168417218-processed-gene-0.1-mRNA-1 2983667
.99 augustus_masked-168063138-processed-gene-0.6-mRNA-1 3052475
.99 maker-168216132-augustus-gene-0.7-mRNA-1 3052432
.99 augustus_masked-168290542-processed-gene-0.8-mRNA-1 3052262
.99 augustus_masked-168515263-processed-gene-0.37-mRNA-1 3051879
.99 snap_masked-168530744-processed-gene-0.27-mRNA-1 3051876
.39 maker-168259001-augustus-gene-0.42-mRNA-1 2982403
.42 maker-168259001-augustus-gene-0.42-mRNA-1 2982403
.99 maker-168298751-snap-gene-0.20-mRNA-1 3052130
.99 maker-168183214-augustus-gene-0.15-mRNA-1 3052488
.98 snap_masked-168506769-processed-gene-0.4-mRNA-1 3052290
.75 maker-168498446-augustus-gene-0.115-mRNA-1 3051898
.22 maker-168154231-snap-gene-0.12-mRNA-1 3018868
.33 maker-168154231-snap-gene-0.12-mRNA-1 1085550
.53 augustus_masked-168450074-processed-gene-0.5-mRNA-1 3004613
.52 augustus_masked-168450074-processed-gene-0.5-mRNA-1 573549
.33 augustus_masked-168450074-processed-gene-0.5-mRNA-1 576074
.33 augustus_masked-168450074-processed-gene-0.5-mRNA-1 1812796
.33 augustus_masked-168450074-processed-gene-0.5-mRNA-1 2992246
.67 snap_masked-168006645-processed-gene-0.11-mRNA-1 3052142
.32 snap_masked-168006645-processed-gene-0.11-mRNA-1 3052070
.99 maker-164893704-augustus-gene-0.3-mRNA-1 3052235
.42 maker-168577647-snap-gene-0.86-mRNA-1 3052668
.99 snap_masked-168187075-processed-gene-0.14-mRNA-1 3052599
.99 maker-168577495-snap-gene-0.68-mRNA-1 3052679
.99 augustus_masked-168421942-processed-gene-0.2-mRNA-1 3052536
.51 maker-168572221-augustus-gene-0.62-mRNA-2 2984015
.20 genemark-168292595-processed-gene-0.19-mRNA-1 476144
.96 maker-168222075-snap-gene-0.70-mRNA-1 3052727
.99 augustus_masked-168576012-processed-gene-0.5-mRNA-1 2985297
.99 augustus_masked-164230340-processed-gene-0.0-mRNA-1 2983364
.99 maker-166466863-snap-gene-0.5-mRNA-1 3052170
.99 maker-166466863-snap-gene-0.5-mRNA-1 3052204
.50 augustus_masked-168368016-processed-gene-0.1-mRNA-1 2983762
.26 augustus_masked-168368016-processed-gene-0.1-mRNA-1 571968
.99 maker-168190639-augustus-gene-0.102-mRNA-1 3052704
.99 maker-168453504-augustus-gene-0.16-mRNA-1 3052292
.93 snap_masked-162130489-processed-gene-0.3-mRNA-1 2985783
.99 snap_masked-162130489-processed-gene-0.3-mRNA-1 233129
.99 augustus_masked-162301359-processed-gene-0.0-mRNA-1 3052511
.18 augustus_masked-168163335-processed-gene-1.71-mRNA-1 2982102
.47 augustus_masked-168163335-processed-gene-1.71-mRNA-1 2986769
.99 augustus_masked-168560097-processed-gene-0.3-mRNA-1 3052233
.99 snap_masked-167811593-processed-gene-0.8-mRNA-1 3051832
.47 maker-168575940-snap-gene-0.34-mRNA-1 2674544
.23 maker-168575940-snap-gene-0.34-mRNA-1 1096223
.99 maker-168565727-snap-gene-0.23-mRNA-1 2984253
.99 maker-162369037-augustus-gene-0.8-mRNA-1 3052326
.77 maker-168494032-snap-gene-1.45-mRNA-1 3052202
.13 maker-168494032-snap-gene-1.45-mRNA-1 2984881
.99 augustus_masked-168335602-processed-gene-0.0-mRNA-1 2984286
.87 maker-168511538-snap-gene-0.11-mRNA-1 3052203
.99 augustus_masked-163182345-processed-gene-0.0-mRNA-1 3052028
.77 snap_masked-168340465-processed-gene-0.14-mRNA-1 3052627
.21 snap_masked-168340465-processed-gene-0.14-mRNA-1 2982658
.40 augustus_masked-160306060-processed-gene-0.0-mRNA-1 1542051
.54 augustus_masked-160306060-processed-gene-0.0-mRNA-1 1200135
.61 snap_masked-167989576-processed-gene-0.10-mRNA-1 2986644
.18 snap_masked-167989576-processed-gene-0.10-mRNA-1 1911929
.76 augustus_masked-168332313-processed-gene-0.8-mRNA-1 3016618
.99 snap_masked-168548311-processed-gene-0.112-mRNA-1 3051492
.98 augustus_masked-168476186-processed-gene-0.7-mRNA-1 3052228
.99 maker-168572970-augustus-gene-0.17-mRNA-1 3052774
.38 snap_masked-167785227-processed-gene-0.2-mRNA-1 3026081
.21 snap_masked-167785227-processed-gene-0.2-mRNA-1 1403217
.14 snap_masked-167785227-processed-gene-0.2-mRNA-1 2386893
.16 snap_masked-167785227-processed-gene-0.2-mRNA-1 1143907
.99 augustus_masked-168379447-processed-gene-0.2-mRNA-1 3051888
.14 maker-168299600-snap-gene-0.10-mRNA-1 1118766
.85 maker-168299600-snap-gene-0.10-mRNA-1 2985245
.99 augustus_masked-161361862-processed-gene-0.0-mRNA-1 2989591
.99 maker-168577258-snap-gene-0.26-mRNA-1 3052173
.32 augustus_masked-168401751-processed-gene-0.16-mRNA-1 1326888
.29 augustus_masked-168401751-processed-gene-0.16-mRNA-1 1452564
.24 augustus_masked-168401751-processed-gene-0.16-mRNA-1 1525069
.22 augustus_masked-168401751-processed-gene-0.16-mRNA-1 1850515
.91 maker-168406761-snap-gene-0.39-mRNA-1 3052757
.64 augustus_masked-168286317-processed-gene-0.12-mRNA-1 311780
.35 augustus_masked-168286317-processed-gene-0.12-mRNA-1 1524882
.99 snap_masked-17380839-processed-gene-0.2-mRNA-1 3052413
.97 snap_masked-168224161-processed-gene-0.3-mRNA-1 2986612
.99 maker-168251204-augustus-gene-0.75-mRNA-1 3052243
.47 maker-168246894-snap-gene-0.14-mRNA-1 3051499
.16 maker-168246894-snap-gene-0.14-mRNA-1 778385
.14 maker-168246894-snap-gene-0.14-mRNA-1 1179955
.14 maker-168246894-snap-gene-0.14-mRNA-1 3006986
.14 maker-168246894-snap-gene-0.14-mRNA-1 1368502
.97 maker-168375671-augustus-gene-0.20-mRNA-1 3052698
.60 maker-168251712-snap-gene-0.13-mRNA-1 2991635
.14 maker-168251712-snap-gene-0.13-mRNA-1 1300028
.99 augustus_masked-168550487-processed-gene-0.3-mRNA-1 2982092
.94 maker-167814624-snap-gene-0.17-mRNA-1 3052772
.98 snap_masked-168357327-processed-gene-0.14-mRNA-1 3052638
.99 augustus_masked-161823563-processed-gene-0.2-mRNA-1 3052597
.99 augustus_masked-168188211-processed-gene-0.16-mRNA-1 3052644
.49 maker-168208372-snap-gene-0.70-mRNA-1 3052670
.14 maker-168208372-snap-gene-0.70-mRNA-1 3052670
.71 genemark-159670361-processed-gene-0.1-mRNA-1 2989210
.44 maker-168190680-snap-gene-0.111-mRNA-1 3052694
.41 maker-168190680-snap-gene-0.111-mRNA-1 3052694
.50 maker-168514719-snap-gene-0.39-mRNA-1 3051692
.31 augustus_masked-162773156-processed-gene-0.0-mRNA-1 3018821
.26 augustus_masked-162773156-processed-gene-0.0-mRNA-1 1080827
.27 augustus_masked-162773156-processed-gene-0.0-mRNA-1 3013777
.24 augustus_masked-162773156-processed-gene-0.0-mRNA-1 2053648
.24 augustus_masked-162773156-processed-gene-0.0-mRNA-1 3020742
.70 maker-168266138-augustus-gene-0.22-mRNA-1 3052718
.09 maker-168266138-augustus-gene-0.22-mRNA-1 3052718
.06 maker-168266138-augustus-gene-0.22-mRNA-1 596224
.02 maker-168266138-augustus-gene-0.22-mRNA-1 563695
.99 maker-168518525-augustus-gene-0.39-mRNA-1 3052080
.99 augustus_masked-168342493-processed-gene-0.7-mRNA-1 3051703
.99 augustus_masked-168186093-processed-gene-0.28-mRNA-1 2994067
.47 augustus_masked-168440956-processed-gene-0.7-mRNA-1 3022807
.99 augustus_masked-168260150-processed-gene-0.1-mRNA-1 3052382
.28 maker-168522562-augustus-gene-0.73-mRNA-1 3052350
.99 maker-168292088-augustus-gene-0.22-mRNA-1 2982501
.99 maker-168516875-augustus-gene-0.27-mRNA-1 3052562
.77 augustus_masked-168267442-processed-gene-0.1-mRNA-1 2988895
.22 augustus_masked-168267442-processed-gene-0.1-mRNA-1 2994244
.99 augustus_masked-167823827-processed-gene-0.1-mRNA-1 3052125
.97 maker-168225001-augustus-gene-0.29-mRNA-1 3052618
.02 maker-168225001-augustus-gene-0.29-mRNA-1 421270
.35 snap_masked-166584126-processed-gene-0.2-mRNA-1 462189
.55 snap_masked-166584126-processed-gene-0.2-mRNA-1 3052710
.28 augustus_masked-168401046-processed-gene-0.0-mRNA-1 1148038
.47 augustus_masked-168401046-processed-gene-0.0-mRNA-1 1234130
.99 maker-168296730-augustus-gene-0.7-mRNA-1 2987895
.99 augustus_masked-168291016-processed-gene-0.3-mRNA-1 2982716
.30 maker-168577216-snap-gene-0.51-mRNA-1 2986170
.69 maker-168577216-snap-gene-0.51-mRNA-1 2983732
.99 augustus_masked-168567500-processed-gene-0.15-mRNA-1 3052394
.01 augustus_masked-44523131-processed-gene-0.0-mRNA-1 2987577
.42 augustus_masked-163247516-processed-gene-0.0-mRNA-1 3052740
.29 augustus_masked-163247516-processed-gene-0.0-mRNA-1 3052740
.29 augustus_masked-163247516-processed-gene-0.0-mRNA-1 3002647
.18 augustus_masked-163247516-processed-gene-0.0-mRNA-1 517598
.99 augustus_masked-168572011-processed-gene-0.2-mRNA-1 2981712
.95 augustus_masked-168042770-processed-gene-0.1-mRNA-1 3052283
.04 augustus_masked-168042770-processed-gene-0.1-mRNA-1 3052082
.97 maker-168562184-snap-gene-0.116-mRNA-1 2985883
.88 augustus_masked-168188951-processed-gene-0.19-mRNA-1 3052768
.99 maker-168189998-augustus-gene-0.45-mRNA-1 3052680
.53 augustus_masked-167838348-processed-gene-0.3-mRNA-1 2986480
.35 augustus_masked-167838348-processed-gene-0.3-mRNA-1 3052368
.31 augustus_masked-167838348-processed-gene-0.3-mRNA-1 2993806
.20 augustus_masked-167838348-processed-gene-0.3-mRNA-1 1157756
.81 maker-168548770-augustus-gene-0.99-mRNA-1 2983354
.18 maker-168548770-augustus-gene-0.99-mRNA-1 730190
.99 maker-168415208-augustus-gene-0.56-mRNA-1 3052390
.70 genemark-168303026-processed-gene-0.1-mRNA-1 2991246
.04 genemark-168303026-processed-gene-0.1-mRNA-1 1445415
.04 genemark-168303026-processed-gene-0.1-mRNA-1 2607817
.04 genemark-168303026-processed-gene-0.1-mRNA-1 3001601
.99 maker-166647340-augustus-gene-0.3-mRNA-1 3052164
.99 augustus_masked-168483726-processed-gene-0.13-mRNA-1 2986075
.71 maker-168562409-snap-gene-0.38-mRNA-1 3052258
.54 maker-168562409-snap-gene-0.38-mRNA-1 644336
.52 maker-168577080-snap-gene-0.74-mRNA-1 2985322
.77 augustus_masked-168188624-processed-gene-0.5-mRNA-1 3052288
.22 augustus_masked-168188624-processed-gene-0.5-mRNA-1 2984561
.99 augustus_masked-168492420-processed-gene-0.2-mRNA-1 3052373
.27 maker-168184278-snap-gene-0.19-mRNA-2 3012482
.65 maker-168184278-snap-gene-0.19-mRNA-2 2985121
.51 snap_masked-168053354-processed-gene-0.24-mRNA-1 3052230
.44 augustus_masked-168443181-processed-gene-0.15-mRNA-1 3052741
.32 augustus_masked-168443181-processed-gene-0.15-mRNA-1 3052741
.28 augustus_masked-168443181-processed-gene-0.15-mRNA-1 263520
.69 snap_masked-168235151-processed-gene-0.41-mRNA-1 3052482
.09 snap_masked-168235151-processed-gene-0.41-mRNA-1 2994237
.10 snap_masked-168235151-processed-gene-0.41-mRNA-1 3004029
.05 snap_masked-168235151-processed-gene-0.41-mRNA-1 3004762
.99 maker-167793164-augustus-gene-0.6-mRNA-2 3052539
.99 maker-168473523-augustus-gene-0.23-mRNA-1 3052594
.99 snap_masked-168348206-processed-gene-0.49-mRNA-1 2981918
.23 augustus_masked-166613608-processed-gene-0.0-mRNA-1 2988440
.15 augustus_masked-166613608-processed-gene-0.0-mRNA-1 2992338
.12 augustus_masked-166613608-processed-gene-0.0-mRNA-1 925389
.99 snap_masked-168183094-processed-gene-0.12-mRNA-1 3051742
.72 snap_masked-168237181-processed-gene-1.73-mRNA-1 2983152
.51 augustus_masked-168545586-processed-gene-0.0-mRNA-1 3052744
.48 augustus_masked-168545586-processed-gene-0.0-mRNA-1 3052744
.99 maker-168327546-augustus-gene-0.25-mRNA-1 3051806
.99 maker-168530719-augustus-gene-0.22-mRNA-1 2981877
.37 maker-168410765-augustus-gene-0.42-mRNA-1 3008212
.23 maker-168410765-augustus-gene-0.42-mRNA-1 2992395
.21 augustus_masked-163412051-processed-gene-0.0-mRNA-1 596696
.26 augustus_masked-163412051-processed-gene-0.0-mRNA-1 579529
.96 maker-168190639-augustus-gene-0.100-mRNA-1 3051718
.99 augustus_masked-168260497-processed-gene-0.6-mRNA-1 3052575
.99 augustus_masked-162119412-processed-gene-0.0-mRNA-1 2987714
.99 maker-168572186-augustus-gene-0.22-mRNA-1 3052072
.99 snap_masked-168470965-processed-gene-0.39-mRNA-1 3052434
.99 maker-168577377-augustus-gene-0.93-mRNA-1 3051987
.38 maker-168539212-snap-gene-0.33-mRNA-1 3051800
.34 maker-168539212-snap-gene-0.33-mRNA-1 396685
.93 maker-168358225-snap-gene-0.57-mRNA-1 2984451
.02 maker-168358225-snap-gene-0.57-mRNA-1 3031766
.17 maker-166597788-augustus-gene-0.3-mRNA-1 3002399
.25 maker-168188388-snap-gene-0.28-mRNA-1 1729948
.23 maker-168188388-snap-gene-0.28-mRNA-1 2991147
.99 maker-159522153-snap-gene-0.4-mRNA-1 3052321
.38 augustus_masked-168287753-processed-gene-0.14-mRNA-1 191856
.30 augustus_masked-168287753-processed-gene-0.14-mRNA-1 500686
.28 augustus_masked-168287753-processed-gene-0.14-mRNA-1 433558
.23 augustus_masked-168287753-processed-gene-0.14-mRNA-1 1246652
.21 augustus_masked-168287753-processed-gene-0.14-mRNA-1 500690
.54 augustus_masked-168185688-processed-gene-0.10-mRNA-1 3052696
.99 snap_masked-168203889-processed-gene-1.64-mRNA-1 3051865
.11 maker-168254404-snap-gene-0.7-mRNA-1 852532
.77 maker-168254404-snap-gene-0.7-mRNA-1 2990590
.98 augustus_masked-168182860-processed-gene-0.4-mRNA-1 3051672
.99 maker-168387637-augustus-gene-0.4-mRNA-1 2987943
.99 augustus_masked-168341912-processed-gene-0.2-mRNA-1 3026659
.99 maker-168518744-augustus-gene-0.15-mRNA-1 2984078
.99 maker-168188075-augustus-gene-0.70-mRNA-1 3052528
.99 augustus_masked-168431040-processed-gene-1.57-mRNA-1 2985758
.33 maker-168126447-augustus-gene-0.22-mRNA-1 2982733
.66 maker-168126447-augustus-gene-0.22-mRNA-1 3052549
.36 augustus_masked-167948271-processed-gene-0.0-mRNA-1 1532501
.33 augustus_masked-167948271-processed-gene-0.0-mRNA-1 2990100
.21 augustus_masked-167948271-processed-gene-0.0-mRNA-1 2466388
.99 snap_masked-167813743-processed-gene-0.6-mRNA-1 3052133
.85 maker-168228987-snap-gene-0.10-mRNA-1 3045864
.90 augustus_masked-168070027-processed-gene-0.7-mRNA-1 2984783
.09 augustus_masked-168070027-processed-gene-0.7-mRNA-1 2984784
.99 maker-168572384-snap-gene-0.14-mRNA-1 3052626
.99 maker-168572384-snap-gene-0.14-mRNA-2 3052626
.72 maker-168571183-augustus-gene-0.28-mRNA-1 2986741
.07 maker-168571183-augustus-gene-0.28-mRNA-1 643323
.95 maker-168555499-snap-gene-0.81-mRNA-1 3052011
.03 maker-168555499-snap-gene-0.81-mRNA-1 1736119
.99 maker-168576930-augustus-gene-0.37-mRNA-1 2981671
.32 augustus_masked-168537673-processed-gene-0.19-mRNA-1 2982099
.16 augustus_masked-168537673-processed-gene-0.19-mRNA-1 432535
.13 augustus_masked-168537673-processed-gene-0.19-mRNA-1 241502
.06 augustus_masked-168537673-processed-gene-0.19-mRNA-1 172811
.02 augustus_masked-168537673-processed-gene-0.19-mRNA-1 3051636
.11 genemark-168568885-processed-gene-0.5-mRNA-1 974819
.99 maker-168567683-augustus-gene-0.77-mRNA-2 3051936
.99 augustus_masked-168422347-processed-gene-0.11-mRNA-1 3051963
.99 maker-168153576-snap-gene-0.9-mRNA-1 3052762
.99 maker-167602866-augustus-gene-0.3-mRNA-1 3052104
.99 augustus_masked-168398021-processed-gene-0.0-mRNA-1 2985809
.40 maker-168553743-snap-gene-0.52-mRNA-1 743814
.58 maker-168553743-snap-gene-0.52-mRNA-1 3051853
.95 maker-168262304-snap-gene-0.53-mRNA-1 3051766
.04 maker-168262304-snap-gene-0.53-mRNA-1 2477408
.96 augustus_masked-167877985-processed-gene-0.1-mRNA-1 2991332
.99 augustus_masked-168296338-processed-gene-0.0-mRNA-1 2988604
.99 maker-168522838-snap-gene-0.107-mRNA-1 3051574
.09 maker-168510916-augustus-gene-0.14-mRNA-1 2984897
.90 maker-168510916-augustus-gene-0.14-mRNA-1 2983748
.43 augustus_masked-168509211-processed-gene-0.0-mRNA-1 492124
.33 augustus_masked-168509211-processed-gene-0.0-mRNA-1 3052162
.43 augustus_masked-168509211-processed-gene-0.0-mRNA-1 544095
.08 augustus_masked-168509211-processed-gene-0.0-mRNA-1 2984843
.95 maker-168424136-augustus-gene-0.9-mRNA-1 3052219
.99 maker-168421389-augustus-gene-1.67-mRNA-1 2983214
.62 maker-166269667-augustus-gene-0.3-mRNA-1 3052483
.26 maker-166269667-augustus-gene-0.3-mRNA-1 420434
.99 maker-168577373-snap-gene-0.48-mRNA-1 3052685
.19 genemark-168481447-processed-gene-0.38-mRNA-1 747472
.80 genemark-168481447-processed-gene-0.38-mRNA-1 2996734
.32 maker-166256057-augustus-gene-0.4-mRNA-1 2986449
.52 maker-166256057-augustus-gene-0.4-mRNA-1 3052662
.99 augustus_masked-168183382-processed-gene-0.5-mRNA-1 3052739
.99 maker-168191525-augustus-gene-0.70-mRNA-1 3052538
.99 maker-168577238-augustus-gene-0.37-mRNA-1 3052678
.51 augustus_masked-168258946-processed-gene-0.4-mRNA-1 3052775
.40 augustus_masked-168258946-processed-gene-0.4-mRNA-1 3052775
.44 maker-168190639-augustus-gene-0.101-mRNA-1 2984198
.29 maker-168190639-augustus-gene-0.101-mRNA-1 1025587
.30 maker-168557558-augustus-gene-0.48-mRNA-1 3052249
.99 maker-167810405-augustus-gene-0.17-mRNA-1 3052443
.11 augustus_masked-168246376-processed-gene-0.3-mRNA-1 429754
.88 augustus_masked-168246376-processed-gene-0.3-mRNA-1 3051494
.94 augustus_masked-168418810-processed-gene-0.0-mRNA-1 833022
.65 snap_masked-168307979-processed-gene-0.63-mRNA-1 3052027
.31 snap_masked-168307979-processed-gene-0.63-mRNA-1 276413
.19 snap_masked-168307979-processed-gene-0.63-mRNA-1 2997971
.99 maker-165033440-snap-gene-0.5-mRNA-1 2984798
.99 maker-168574247-snap-gene-0.51-mRNA-1 3052430
.20 snap_masked-168414024-processed-gene-1.105-mRNA-1 1234954
.36 maker-168185331-augustus-gene-0.53-mRNA-1 2984262
.15 maker-168185331-augustus-gene-0.53-mRNA-1 2984262
.84 maker-168190124-augustus-gene-0.85-mRNA-1 2985060
.99 snap_masked-168523015-processed-gene-0.27-mRNA-1 3052415
.99 augustus_masked-168187461-processed-gene-0.4-mRNA-1 3052636
.43 maker-168376947-augustus-gene-0.25-mRNA-1 3052717
.19 maker-168376947-augustus-gene-0.25-mRNA-1 3052662
.99 augustus_masked-168491991-processed-gene-0.10-mRNA-1 2985940
.15 maker-168214115-augustus-gene-0.49-mRNA-1 3052459
.75 maker-168214115-augustus-gene-0.49-mRNA-1 3052459
.85 maker-168540134-augustus-gene-0.42-mRNA-1 3052559
.09 maker-168540134-augustus-gene-0.42-mRNA-1 2996400
.99 maker-168184889-augustus-gene-0.108-mRNA-1 3051754
.05 maker-168245615-snap-gene-0.75-mRNA-1 3022913
.91 maker-168245615-snap-gene-0.75-mRNA-1 3051552
.17 genemark-164898960-processed-gene-0.0-mRNA-1 1532934
.82 genemark-164898960-processed-gene-0.0-mRNA-1 696419
.64 snap_masked-162989205-processed-gene-0.2-mRNA-1 2212667
.28 maker-167876055-snap-gene-0.39-mRNA-1 217668
.28 maker-167876055-snap-gene-0.39-mRNA-1 2981920
.25 maker-167876055-snap-gene-0.39-mRNA-1 2986409
.92 maker-168188684-snap-gene-0.29-mRNA-1 3051843
.99 snap_masked-167955145-processed-gene-0.20-mRNA-1 3052006
.99 augustus_masked-168572755-processed-gene-0.0-mRNA-1 3052316
.99 maker-168248385-augustus-gene-0.85-mRNA-2 3052409
