.59 maker-168546070-augustus-gene-0.64-mRNA-1 2747712
.18 maker-168546070-augustus-gene-0.64-mRNA-1 2747712
.54 augustus_masked-167964480-processed-gene-0.9-mRNA-1 2747596
.44 augustus_masked-167964480-processed-gene-0.9-mRNA-1 2679560
.81 maker-168533576-snap-gene-0.52-mRNA-1 2747852
.47 maker-168185633-augustus-gene-0.6-mRNA-1 2747468
.52 maker-168185633-augustus-gene-0.6-mRNA-1 2747468
.99 snap_masked-168482879-processed-gene-0.41-mRNA-1 2675779
.27 maker-162636143-snap-gene-0.3-mRNA-1 2677954
.46 maker-162636143-snap-gene-0.3-mRNA-1 675068
.36 augustus_masked-168367715-processed-gene-0.2-mRNA-1 2525510
.23 augustus_masked-168367715-processed-gene-0.2-mRNA-1 1050399
.64 augustus_masked-162200116-processed-gene-0.0-mRNA-1 2675473
.34 augustus_masked-162200116-processed-gene-0.0-mRNA-1 2690296
.51 maker-167242201-augustus-gene-0.3-mRNA-1 2675058
.43 maker-167242201-augustus-gene-0.3-mRNA-1 2680934
.21 maker-168328220-snap-gene-0.90-mRNA-1 2676374
.34 maker-168328220-snap-gene-0.90-mRNA-1 795590
.29 maker-168328220-snap-gene-0.90-mRNA-1 497371
.08 maker-168328220-snap-gene-0.90-mRNA-1 497371
.05 maker-168328220-snap-gene-0.90-mRNA-1 986485
.85 maker-168212152-augustus-gene-0.25-mRNA-1 2680900
.13 maker-168212152-augustus-gene-0.25-mRNA-1 2681396
.10 maker-168212152-augustus-gene-0.25-mRNA-1 2696733
.82 snap_masked-167979738-processed-gene-0.55-mRNA-1 2677593
.80 maker-168228489-augustus-gene-0.114-mRNA-1 2747840
.19 maker-168228489-augustus-gene-0.114-mRNA-1 2679557
.35 genemark-168288763-processed-gene-0.5-mRNA-1 971018
.28 genemark-168288763-processed-gene-0.5-mRNA-1 2443366
.22 genemark-168288763-processed-gene-0.5-mRNA-1 2494009
.20 genemark-168288763-processed-gene-0.5-mRNA-1 1585586
.92 maker-168245919-augustus-gene-0.32-mRNA-1 2747430
.07 maker-168245919-augustus-gene-0.32-mRNA-1 2702570
.99 maker-168340591-augustus-gene-0.27-mRNA-1 2747872
.99 maker-168267341-augustus-gene-0.6-mRNA-1 2747212
.08 maker-168438173-snap-gene-0.85-mRNA-1 2676499
.89 maker-168438173-snap-gene-0.85-mRNA-1 2747507
.59 augustus_masked-168533037-processed-gene-0.13-mRNA-1 2747752
.30 augustus_masked-168533037-processed-gene-0.13-mRNA-1 2675771
.75 maker-168493679-augustus-gene-0.14-mRNA-2 2672597
.24 maker-168493679-augustus-gene-0.14-mRNA-2 2747105
.53 maker-168577290-augustus-gene-0.44-mRNA-1 2747866
.46 maker-166259403-augustus-gene-0.3-mRNA-2 2747843
.15 maker-166259403-augustus-gene-0.3-mRNA-2 468489
.03 maker-166259403-augustus-gene-0.3-mRNA-2 744460
.03 maker-166259403-augustus-gene-0.3-mRNA-2 2677492
.25 maker-168187299-snap-gene-0.33-mRNA-1 847895
.63 maker-168187299-snap-gene-0.33-mRNA-1 2747845
.42 augustus_masked-167935280-processed-gene-0.0-mRNA-1 2747853
.26 augustus_masked-168498100-processed-gene-0.8-mRNA-1 2673049
.70 augustus_masked-168498100-processed-gene-0.8-mRNA-1 2676357
.46 maker-161364282-augustus-gene-0.3-mRNA-1 783840
.37 maker-161364282-augustus-gene-0.3-mRNA-1 2682003
.28 maker-161364282-augustus-gene-0.3-mRNA-1 2675949
.32 maker-161364282-augustus-gene-0.3-mRNA-1 2682660
.28 maker-161364282-augustus-gene-0.3-mRNA-1 497522
.51 augustus_masked-168527965-processed-gene-0.13-mRNA-1 2684443
.26 augustus_masked-168527965-processed-gene-0.13-mRNA-1 464630
.40 maker-168183415-snap-gene-0.16-mRNA-1 2674716
.14 maker-168183415-snap-gene-0.16-mRNA-1 2725329
.23 augustus_masked-168563499-processed-gene-1.52-mRNA-1 2674005
.20 augustus_masked-168563499-processed-gene-1.52-mRNA-1 1199262
.20 augustus_masked-168563499-processed-gene-1.52-mRNA-1 760335
.03 augustus_masked-168563499-processed-gene-1.52-mRNA-1 2684990
.49 maker-168371190-snap-gene-0.40-mRNA-1 2747847
.13 maker-168371190-snap-gene-0.40-mRNA-1 1510703
.99 maker-168447126-snap-gene-0.104-mRNA-1 2747488
.91 augustus_masked-168223406-processed-gene-0.2-mRNA-1 2693468
.84 augustus_masked-168223406-processed-gene-0.2-mRNA-1 738380
.76 augustus_masked-168223406-processed-gene-0.2-mRNA-1 65418
.24 augustus_masked-164111506-processed-gene-0.0-mRNA-1 716415
.31 augustus_masked-164111506-processed-gene-0.0-mRNA-1 891809
.69 maker-168463303-augustus-gene-0.13-mRNA-1 2747463
.03 maker-168463303-augustus-gene-0.13-mRNA-1 1015357
.32 maker-168225120-augustus-gene-0.16-mRNA-1 580093
.25 maker-168225120-augustus-gene-0.16-mRNA-1 2747869
.11 maker-168225120-augustus-gene-0.16-mRNA-1 2674101
.02 augustus_masked-167983771-processed-gene-0.9-mRNA-1 2747309
.99 genemark-162213727-processed-gene-0.0-mRNA-1 2687170
.24 maker-168449131-snap-gene-0.11-mRNA-1 2690643
.59 maker-168449131-snap-gene-0.11-mRNA-1 2676666
.40 snap_masked-162631030-processed-gene-0.2-mRNA-1 709402
.61 maker-168299557-snap-gene-0.25-mRNA-1 2747735
.59 genemark-168230012-processed-gene-0.0-mRNA-1 1353709
.08 genemark-168230012-processed-gene-0.0-mRNA-1 768215
.30 maker-168333722-augustus-gene-0.36-mRNA-1 1423397
.23 maker-168544050-augustus-gene-0.8-mRNA-1 822700
.08 maker-168544050-augustus-gene-0.8-mRNA-1 2747257
.06 maker-168544050-augustus-gene-0.8-mRNA-1 2747171
.06 maker-168544050-augustus-gene-0.8-mRNA-1 2708780
.89 maker-167987925-snap-gene-0.9-mRNA-1 2677081
.20 maker-168410052-augustus-gene-0.53-mRNA-1 2699125
.76 maker-168410052-augustus-gene-0.53-mRNA-1 2747876
.95 maker-168386872-snap-gene-0.32-mRNA-1 2747867
.83 maker-168226769-snap-gene-0.44-mRNA-1 2747479
.09 maker-168226769-snap-gene-0.44-mRNA-1 2747479
.39 augustus_masked-168551338-processed-gene-0.0-mRNA-1 2695046
.39 augustus_masked-168551338-processed-gene-0.0-mRNA-1 2679465
.04 augustus_masked-168551338-processed-gene-0.0-mRNA-1 2676827
.67 maker-168347002-snap-gene-0.14-mRNA-1 2747758
.17 maker-168347002-snap-gene-0.14-mRNA-1 670226
.48 maker-168534133-augustus-gene-0.24-mRNA-1 239363
.41 maker-168534133-augustus-gene-0.24-mRNA-1 1165418
.24 maker-168534133-augustus-gene-0.24-mRNA-1 1408507
.24 maker-168534133-augustus-gene-0.24-mRNA-1 663737
.24 maker-168534133-augustus-gene-0.24-mRNA-1 411489
.19 maker-166411943-augustus-gene-0.4-mRNA-1 365926
.30 maker-166411943-augustus-gene-0.4-mRNA-1 2747040
.81 maker-165039990-snap-gene-0.4-mRNA-1 2747860
.18 maker-165039990-snap-gene-0.4-mRNA-1 2747860
.25 genemark-166518589-processed-gene-0.0-mRNA-1 973163
.18 genemark-166518589-processed-gene-0.0-mRNA-1 973163
.15 genemark-166518589-processed-gene-0.0-mRNA-1 535107
.37 maker-166575086-augustus-gene-0.4-mRNA-1 559349
.37 maker-166575086-augustus-gene-0.4-mRNA-1 2679310
.18 maker-166575086-augustus-gene-0.4-mRNA-1 2679539
.12 maker-166575086-augustus-gene-0.4-mRNA-1 2721285
.28 genemark-168573063-processed-gene-0.28-mRNA-1 2683316
.17 genemark-168573063-processed-gene-0.28-mRNA-1 1046513
.12 genemark-168246336-processed-gene-0.6-mRNA-1 2702553
.35 genemark-168246336-processed-gene-0.6-mRNA-1 2747516
.39 maker-168217878-augustus-gene-0.68-mRNA-1 2673335
.08 maker-168217878-augustus-gene-0.68-mRNA-1 153697
.96 maker-168552937-augustus-gene-0.115-mRNA-1 2747684
.41 maker-168190187-augustus-gene-1.94-mRNA-1 2747259
.48 maker-168190187-augustus-gene-1.94-mRNA-1 2681335
.22 maker-168190187-augustus-gene-1.94-mRNA-1 2700771
.12 maker-168190187-augustus-gene-1.94-mRNA-1 392823
.98 maker-167945124-augustus-gene-0.14-mRNA-1 2747865
.99 augustus_masked-168422421-processed-gene-0.16-mRNA-1 2747848
.57 maker-167895031-augustus-gene-0.40-mRNA-1 2747552
.41 maker-167895031-augustus-gene-0.40-mRNA-1 340168
.31 augustus_masked-167559622-processed-gene-0.0-mRNA-1 500714
.25 augustus_masked-167559622-processed-gene-0.0-mRNA-1 644838
.99 snap_masked-168209777-processed-gene-0.51-mRNA-1 2747309
.27 maker-168573919-augustus-gene-0.56-mRNA-1 2747868
.72 maker-168573919-augustus-gene-0.56-mRNA-1 2747868
.46 augustus_masked-168574791-processed-gene-0.1-mRNA-1 1335357
.31 augustus_masked-168574791-processed-gene-0.1-mRNA-1 2024176
.49 augustus_masked-168547609-processed-gene-2.57-mRNA-1 2747871
.50 augustus_masked-168547609-processed-gene-2.57-mRNA-1 2747871
.51 maker-168188504-snap-gene-0.36-mRNA-1 361115
.22 maker-168188504-snap-gene-0.36-mRNA-1 2675661
.34 maker-166004579-augustus-gene-0.3-mRNA-1 757075
.14 maker-166764755-augustus-gene-0.3-mRNA-1 2674954
.85 maker-166764755-augustus-gene-0.3-mRNA-1 142660
.56 maker-168577507-snap-gene-0.43-mRNA-1 2747340
.24 maker-168577507-snap-gene-0.43-mRNA-1 2371620
.81 augustus_masked-168518511-processed-gene-0.13-mRNA-1 2704143
.07 augustus_masked-168518511-processed-gene-0.13-mRNA-1 493910
.07 augustus_masked-168518511-processed-gene-0.13-mRNA-1 560341
.07 augustus_masked-168518511-processed-gene-0.13-mRNA-1 367382
.28 snap_masked-168238739-processed-gene-0.4-mRNA-1 992618
.71 snap_masked-168238739-processed-gene-0.4-mRNA-1 811027
.42 augustus_masked-167994456-processed-gene-0.0-mRNA-1 2145444
.56 augustus_masked-165850256-processed-gene-0.0-mRNA-1 2674665
.40 augustus_masked-165850256-processed-gene-0.0-mRNA-1 2674009
.03 snap_masked-168114044-processed-gene-0.13-mRNA-1 196719
.96 snap_masked-168114044-processed-gene-0.13-mRNA-1 2747875
.55 augustus_masked-162267284-processed-gene-0.0-mRNA-1 2747841
.37 augustus_masked-167982584-processed-gene-0.3-mRNA-1 2693716
.28 augustus_masked-167982584-processed-gene-0.3-mRNA-1 2439825
.26 augustus_masked-167982584-processed-gene-0.3-mRNA-1 1298022
.99 maker-168567683-augustus-gene-0.77-mRNA-1 2747799
.73 maker-168546774-snap-gene-0.51-mRNA-2 2747861
.10 maker-168546774-snap-gene-0.51-mRNA-2 222503
.18 augustus_masked-167148313-processed-gene-0.0-mRNA-1 974435
.81 augustus_masked-167148313-processed-gene-0.0-mRNA-1 2737794
.83 augustus_masked-168571382-processed-gene-0.2-mRNA-1 2747459
.16 augustus_masked-168571382-processed-gene-0.2-mRNA-1 2689827
.51 maker-161888549-snap-gene-0.1-mRNA-1 34708
.45 maker-161888549-snap-gene-0.1-mRNA-1 1137419
.37 maker-161888549-snap-gene-0.1-mRNA-1 1287748
.39 maker-161888549-snap-gene-0.1-mRNA-1 454617
.37 maker-161888549-snap-gene-0.1-mRNA-1 67384
.49 maker-168280167-snap-gene-0.7-mRNA-1 2747824
.50 maker-168280167-snap-gene-0.7-mRNA-1 2747824
.10 augustus_masked-168532384-processed-gene-0.1-mRNA-1 1156340
.85 augustus_masked-168532384-processed-gene-0.1-mRNA-1 2747541
.68 maker-168019910-augustus-gene-0.5-mRNA-1 2747272
.41 augustus_masked-168495564-processed-gene-0.6-mRNA-1 2747862
.02 augustus_masked-168495564-processed-gene-0.6-mRNA-1 2747748
.01 augustus_masked-168495564-processed-gene-0.6-mRNA-1 2679791
.01 augustus_masked-168495564-processed-gene-0.6-mRNA-1 2680432
.01 augustus_masked-168495564-processed-gene-0.6-mRNA-1 168271
.74 augustus_masked-168512572-processed-gene-0.0-mRNA-1 2676172
.15 augustus_masked-168512572-processed-gene-0.0-mRNA-1 1001196
.13 snap_masked-168552357-processed-gene-0.53-mRNA-1 418367
.75 snap_masked-168552357-processed-gene-0.53-mRNA-1 2747740
.14 augustus_masked-168335786-processed-gene-1.1-mRNA-1 2701908
.85 augustus_masked-168335786-processed-gene-1.1-mRNA-1 2747562
.51 maker-168190456-augustus-gene-0.30-mRNA-2 2747722
.38 maker-168190456-augustus-gene-0.30-mRNA-2 2747722
.25 maker-168423943-augustus-gene-0.8-mRNA-1 2685766
.53 maker-168423943-augustus-gene-0.8-mRNA-1 2747838
.49 augustus_masked-168233317-processed-gene-0.2-mRNA-1 2609379
.42 augustus_masked-168233317-processed-gene-0.2-mRNA-1 1330232
.55 maker-168322613-snap-gene-0.40-mRNA-1 685861
.43 maker-168322613-snap-gene-0.40-mRNA-1 2693198
.15 augustus_masked-162789466-processed-gene-0.0-mRNA-1 1049867
.71 augustus_masked-162789466-processed-gene-0.0-mRNA-1 2747268
.26 maker-168463031-augustus-gene-0.50-mRNA-1 2747837
.21 maker-168463031-augustus-gene-0.50-mRNA-1 2747837
.48 maker-168546174-snap-gene-0.12-mRNA-1 2685816
.38 maker-168546174-snap-gene-0.12-mRNA-1 2679322
.38 maker-168546174-snap-gene-0.12-mRNA-1 80160
.05 maker-168546174-snap-gene-0.12-mRNA-1 2700826
.05 maker-168546174-snap-gene-0.12-mRNA-1 690749
.85 augustus_masked-168352840-processed-gene-0.7-mRNA-1 886227
.33 maker-168534651-augustus-gene-1.98-mRNA-1 2747044
.07 maker-168534651-augustus-gene-1.98-mRNA-1 612044
.16 maker-165356796-augustus-gene-0.3-mRNA-1 2705711
.24 maker-165356796-augustus-gene-0.3-mRNA-1 2691933
.82 maker-168190598-snap-gene-0.18-mRNA-1 2747649
.13 maker-168464861-snap-gene-0.16-mRNA-1 2747870
.17 maker-168464861-snap-gene-0.16-mRNA-1 2747870
.29 maker-168521119-snap-gene-0.30-mRNA-1 2747851
.19 maker-168521119-snap-gene-0.30-mRNA-1 2747851
.87 maker-166476095-augustus-gene-0.3-mRNA-1 2747739
.10 maker-166476095-augustus-gene-0.3-mRNA-1 205288
.98 maker-162802570-augustus-gene-0.3-mRNA-1 2747816
.44 maker-168191213-augustus-gene-0.95-mRNA-1 2675618
.19 maker-168191213-augustus-gene-0.95-mRNA-1 391714
.74 maker-168459420-augustus-gene-0.5-mRNA-1 2673766
.53 augustus_masked-161520589-processed-gene-0.1-mRNA-1 2687017
.39 augustus_masked-161520589-processed-gene-0.1-mRNA-1 860874
.26 augustus_masked-161520589-processed-gene-0.1-mRNA-1 2672589
.28 augustus_masked-161520589-processed-gene-0.1-mRNA-1 2706541
.26 augustus_masked-161520589-processed-gene-0.1-mRNA-1 2747172
.89 snap_masked-168379314-processed-gene-0.24-mRNA-1 2679708
.31 maker-168267294-augustus-gene-0.57-mRNA-1 682179
.16 maker-168267294-augustus-gene-0.57-mRNA-1 1557696
.10 maker-168267294-augustus-gene-0.57-mRNA-1 923252
.02 maker-168267294-augustus-gene-0.57-mRNA-1 1279695
.32 augustus_masked-168446990-processed-gene-0.10-mRNA-1 2676234
.31 augustus_masked-168446990-processed-gene-0.10-mRNA-1 2674422
.18 augustus_masked-168446990-processed-gene-0.10-mRNA-1 2674421
.89 maker-168438365-snap-gene-0.12-mRNA-1 2747839
.79 maker-168272497-augustus-gene-0.54-mRNA-1 2747414
.07 maker-168272497-augustus-gene-0.54-mRNA-1 765329
.96 maker-168190132-augustus-gene-0.74-mRNA-1 2747844
.09 maker-162542429-snap-gene-0.5-mRNA-1 2747309
.90 maker-168455722-augustus-gene-0.79-mRNA-1 2747856
.07 maker-168548909-augustus-gene-0.13-mRNA-2 1086646
.05 maker-168548909-augustus-gene-0.13-mRNA-2 284522
.26 maker-168548909-augustus-gene-0.13-mRNA-2 2747453
.02 maker-168548909-augustus-gene-0.13-mRNA-2 511604
0 maker-168548909-augustus-gene-0.13-mRNA-2 643537
.94 augustus_masked-168186232-processed-gene-0.8-mRNA-1 2747516
.67 maker-168184243-snap-gene-0.6-mRNA-1 2747858
.06 maker-168460694-snap-gene-0.12-mRNA-1 289225
.78 maker-168460694-snap-gene-0.12-mRNA-1 213977
.38 augustus_masked-168341230-processed-gene-0.4-mRNA-1 2747026
.28 maker-168515102-snap-gene-0.54-mRNA-1 497371
.19 maker-168515102-snap-gene-0.54-mRNA-1 85343
.61 maker-164494972-snap-gene-0.5-mRNA-1 2713143
.47 maker-164494972-snap-gene-0.5-mRNA-1 683706
.25 maker-164494972-snap-gene-0.5-mRNA-1 2747207
.20 maker-164494972-snap-gene-0.5-mRNA-1 571786
.99 augustus_masked-161441644-processed-gene-0.0-mRNA-1 2747234
.54 augustus_masked-162263226-processed-gene-0.0-mRNA-1 2747261
.13 augustus_masked-162263226-processed-gene-0.0-mRNA-1 1280514
.43 maker-168190618-snap-gene-0.23-mRNA-1 2747565
.50 maker-168190618-snap-gene-0.23-mRNA-1 2747565
.87 maker-168561815-augustus-gene-0.6-mRNA-1 2747588
.04 maker-168561815-augustus-gene-0.6-mRNA-1 1962888
.99 augustus_masked-159280557-processed-gene-0.0-mRNA-1 2747731
.57 maker-168206497-augustus-gene-0.11-mRNA-1 2677858
.26 maker-168206497-augustus-gene-0.11-mRNA-1 2673726
.25 maker-168577499-augustus-gene-0.26-mRNA-2 2747835
.19 maker-168577499-augustus-gene-0.26-mRNA-2 2747835
.18 maker-168577499-augustus-gene-0.26-mRNA-2 2677042
.88 maker-168003306-augustus-gene-0.27-mRNA-1 2747304
.74 maker-165868822-snap-gene-0.4-mRNA-1 2673033
.15 maker-165868822-snap-gene-0.4-mRNA-1 109548
.75 maker-168577231-snap-gene-0.17-mRNA-1 2747854
.24 maker-168577231-snap-gene-0.17-mRNA-1 2690387
.42 maker-167982904-augustus-gene-0.23-mRNA-1 2063015
.19 augustus_masked-168349909-processed-gene-0.0-mRNA-1 1276527
.08 augustus_masked-168349909-processed-gene-0.0-mRNA-1 2688995
.32 maker-168032190-snap-gene-0.14-mRNA-1 2747873
.07 maker-168032190-snap-gene-0.14-mRNA-1 1018295
.06 maker-168032190-snap-gene-0.14-mRNA-1 925451
.65 maker-168397999-snap-gene-0.45-mRNA-1 2747757
.99 maker-168431040-snap-gene-1.123-mRNA-1 2747874
.22 genemark-168393557-processed-gene-0.16-mRNA-1 719665
.14 genemark-168393557-processed-gene-0.16-mRNA-1 704194
.50 augustus_masked-164967275-processed-gene-0.0-mRNA-1 2747862
.41 augustus_masked-164967275-processed-gene-0.0-mRNA-1 2747862
.99 maker-168369745-augustus-gene-0.103-mRNA-1 2747809
.51 maker-168543351-snap-gene-0.44-mRNA-1 2680445
.43 maker-168543351-snap-gene-0.44-mRNA-1 2684189
.61 augustus_masked-168185285-processed-gene-0.2-mRNA-1 2030724
.25 augustus_masked-164944577-processed-gene-0.0-mRNA-1 2673518
.62 augustus_masked-164944577-processed-gene-0.0-mRNA-1 407618
.27 snap_masked-168572039-processed-gene-0.21-mRNA-1 2747218
.27 augustus_masked-162093405-processed-gene-0.0-mRNA-1 562453
.72 augustus_masked-162093405-processed-gene-0.0-mRNA-1 2675302
.45 maker-168576970-snap-gene-0.39-mRNA-1 2747832
.20 maker-168576970-snap-gene-0.39-mRNA-1 2723428
.88 maker-168421673-snap-gene-0.67-mRNA-1 2747269
.77 maker-168070976-snap-gene-0.22-mRNA-1 2747877
.10 maker-168259350-augustus-gene-0.5-mRNA-1 965115
.82 maker-168259350-augustus-gene-0.5-mRNA-1 2747492
.30 maker-168497403-snap-gene-0.51-mRNA-1 2747559
.34 augustus_masked-168404276-processed-gene-0.3-mRNA-1 2747138
.15 augustus_masked-168404276-processed-gene-0.3-mRNA-1 624388
.14 augustus_masked-168404276-processed-gene-0.3-mRNA-1 647971
.11 augustus_masked-168404276-processed-gene-0.3-mRNA-1 1181229
.11 augustus_masked-168404276-processed-gene-0.3-mRNA-1 2678260
.24 maker-164510119-augustus-gene-0.3-mRNA-1 2674783
.30 maker-164510119-augustus-gene-0.3-mRNA-1 2747162
.16 snap_masked-166846891-processed-gene-0.8-mRNA-1 2747752
.82 snap_masked-166846891-processed-gene-0.8-mRNA-1 2675771
.45 maker-159827234-augustus-gene-0.4-mRNA-1 2688212
.34 maker-159827234-augustus-gene-0.4-mRNA-1 2674832
.31 maker-168552809-snap-gene-1.80-mRNA-1 2747608
.17 maker-168552809-snap-gene-1.80-mRNA-1 2696301
.32 maker-168190355-augustus-gene-0.59-mRNA-1 528809
.20 maker-168190355-augustus-gene-0.59-mRNA-1 2691295
.20 maker-168190355-augustus-gene-0.59-mRNA-1 2379879
.99 augustus_masked-168567648-processed-gene-0.1-mRNA-1 2747525
.34 maker-166701000-snap-gene-0.4-mRNA-1 444692
.32 maker-166701000-snap-gene-0.4-mRNA-1 2700202
.27 maker-166701000-snap-gene-0.4-mRNA-1 2673316
.26 maker-166701000-snap-gene-0.4-mRNA-1 622691
.24 maker-166701000-snap-gene-0.4-mRNA-1 287405
.88 maker-168331358-snap-gene-0.23-mRNA-1 2747842
.81 augustus_masked-168204569-processed-gene-0.6-mRNA-1 2680432
.08 augustus_masked-168204569-processed-gene-0.6-mRNA-1 2677903
.07 augustus_masked-168204569-processed-gene-0.6-mRNA-1 1036255
.07 augustus_masked-168389992-processed-gene-0.5-mRNA-1 2747127
.07 augustus_masked-168389992-processed-gene-0.5-mRNA-1 2747245
.07 augustus_masked-168389992-processed-gene-0.5-mRNA-1 300507
.47 maker-168571190-augustus-gene-0.38-mRNA-1 2747850
.47 maker-168571190-augustus-gene-0.38-mRNA-1 2747185
.33 maker-168571190-augustus-gene-0.38-mRNA-1 2747850
.15 maker-168571190-augustus-gene-0.38-mRNA-1 641264
.94 augustus_masked-164267041-processed-gene-0.1-mRNA-1 2747548
.04 augustus_masked-164267041-processed-gene-0.1-mRNA-1 2690696
.80 genemark-167982734-processed-gene-0.15-mRNA-1 2747672
.01 genemark-167982734-processed-gene-0.15-mRNA-1 2687877
.01 genemark-167982734-processed-gene-0.15-mRNA-1 2720787
.01 genemark-167982734-processed-gene-0.15-mRNA-1 2730535
.01 genemark-167982734-processed-gene-0.15-mRNA-1 2732636
.77 genemark-168328194-processed-gene-0.70-mRNA-1 2747672
.08 genemark-168328194-processed-gene-0.70-mRNA-1 891392
.68 maker-166585600-snap-gene-0.8-mRNA-1 2747583
.54 maker-168536429-augustus-gene-0.8-mRNA-1 2747878
.34 maker-168536429-augustus-gene-0.8-mRNA-1 2747878
.67 augustus_masked-168264813-processed-gene-0.5-mRNA-1 2747547
.30 augustus_masked-168264813-processed-gene-0.5-mRNA-1 791299
.14 genemark-168505565-processed-gene-0.14-mRNA-1 2708482
.97 maker-168577172-snap-gene-0.28-mRNA-1 2680616
.49 genemark-161503420-processed-gene-0.1-mRNA-1 430139
.14 genemark-161503420-processed-gene-0.1-mRNA-1 2509156
.14 genemark-161503420-processed-gene-0.1-mRNA-1 2673367
.32 maker-168549723-snap-gene-0.40-mRNA-1 2747750
.49 maker-168549723-snap-gene-0.40-mRNA-1 2747750
.18 augustus_masked-164005203-processed-gene-0.0-mRNA-1 2731298
.53 augustus_masked-164005203-processed-gene-0.0-mRNA-1 2679860
.35 maker-166879293-snap-gene-0.5-mRNA-1 2747717
.46 maker-166879293-snap-gene-0.5-mRNA-1 191801
.87 snap_masked-168543319-processed-gene-0.34-mRNA-1 2701390
.11 snap_masked-168543319-processed-gene-0.34-mRNA-1 1135321
.28 maker-165056348-augustus-gene-0.3-mRNA-1 2679516
.62 maker-165056348-augustus-gene-0.3-mRNA-1 2747453
.60 snap_masked-168188541-processed-gene-0.42-mRNA-1 2747748
.57 maker-168532123-snap-gene-0.18-mRNA-3 2672864
.10 maker-168532123-snap-gene-0.18-mRNA-3 2672864
.58 maker-163454363-augustus-gene-0.3-mRNA-1 2700350
.41 maker-163454363-augustus-gene-0.3-mRNA-1 2674344
.74 maker-168354640-augustus-gene-0.7-mRNA-1 2747426
.25 maker-168354640-augustus-gene-0.7-mRNA-1 2683541
.54 maker-168443368-snap-gene-0.60-mRNA-1 2747833
.33 maker-168443368-snap-gene-0.60-mRNA-1 2683403
.17 maker-168443368-snap-gene-0.60-mRNA-1 1400054
.63 maker-168536815-augustus-gene-0.64-mRNA-1 2747826
.27 augustus_masked-168461401-processed-gene-1.40-mRNA-1 2677988
.64 augustus_masked-168461401-processed-gene-1.40-mRNA-1 2674827
.50 maker-168542519-augustus-gene-0.12-mRNA-1 2747859
.46 maker-168542519-augustus-gene-0.12-mRNA-1 2676970
.51 augustus_masked-168468131-processed-gene-0.3-mRNA-1 950330
.48 augustus_masked-168468131-processed-gene-0.3-mRNA-1 2674765
.18 augustus_masked-168085112-processed-gene-0.1-mRNA-1 2681005
.81 augustus_masked-168085112-processed-gene-0.1-mRNA-1 2747800
.75 maker-168573651-augustus-gene-0.81-mRNA-1 2747831
.66 augustus_masked-168093711-processed-gene-0.0-mRNA-1 2675185
.33 augustus_masked-168093711-processed-gene-0.0-mRNA-1 2675186
.39 snap_masked-168332707-processed-gene-0.12-mRNA-1 2747164
.58 snap_masked-168332707-processed-gene-0.12-mRNA-1 2672833
.25 maker-167601516-augustus-gene-0.8-mRNA-1 2747752
.03 maker-167601516-augustus-gene-0.8-mRNA-1 2747752
.07 maker-167601516-augustus-gene-0.8-mRNA-1 2747752
.05 maker-168186899-snap-gene-0.21-mRNA-1 802564
.89 maker-168186899-snap-gene-0.21-mRNA-1 2747857
.49 genemark-168377918-processed-gene-0.2-mRNA-1 697754
.21 genemark-168377918-processed-gene-0.2-mRNA-1 646664
.03 genemark-168377918-processed-gene-0.2-mRNA-1 2014142
.99 maker-168577012-snap-gene-2.94-mRNA-1 2747836
.72 maker-167882096-augustus-gene-0.42-mRNA-1 2672860
.22 maker-167882096-augustus-gene-0.42-mRNA-1 358013
.85 maker-167825421-augustus-gene-0.18-mRNA-1 57563
.14 maker-167825421-augustus-gene-0.18-mRNA-1 679957
.39 snap_masked-168577351-processed-gene-0.89-mRNA-1 987048
.64 maker-168186438-augustus-gene-0.5-mRNA-1 2674440
.19 maker-168186438-augustus-gene-0.5-mRNA-1 2685604
.75 maker-168207442-snap-gene-0.30-mRNA-1 2747159
.97 maker-163571301-augustus-gene-0.3-mRNA-1 2747732
.44 augustus_masked-168046530-processed-gene-0.2-mRNA-1 2674593
.11 augustus_masked-168046530-processed-gene-0.2-mRNA-1 753801
.11 augustus_masked-168046530-processed-gene-0.2-mRNA-1 286345
.11 augustus_masked-168046530-processed-gene-0.2-mRNA-1 2714326
.99 snap_masked-168411161-processed-gene-0.8-mRNA-1 2747627
.28 augustus_masked-168561396-processed-gene-0.0-mRNA-1 2672582
.70 augustus_masked-168561396-processed-gene-0.0-mRNA-1 2677852
.15 maker-167975693-augustus-gene-0.7-mRNA-1 716415
.08 maker-167975693-augustus-gene-0.7-mRNA-1 832317
.07 maker-167975693-augustus-gene-0.7-mRNA-1 2183142
.07 maker-167975693-augustus-gene-0.7-mRNA-1 918793
.20 genemark-168475961-processed-gene-0.6-mRNA-1 2677776
.15 genemark-168475961-processed-gene-0.6-mRNA-1 732477
.15 genemark-168475961-processed-gene-0.6-mRNA-1 1007798
.49 maker-168558424-augustus-gene-0.11-mRNA-1 2747756
.10 maker-168558424-augustus-gene-0.11-mRNA-1 2674466
.58 maker-166549041-augustus-gene-0.4-mRNA-1 2747431
.40 maker-166549041-augustus-gene-0.4-mRNA-1 2701784
.51 maker-168432992-augustus-gene-0.22-mRNA-1 2678280
.21 maker-168432992-augustus-gene-0.22-mRNA-1 556444
.87 maker-167832300-augustus-gene-0.6-mRNA-1 2747733
.06 maker-167832300-augustus-gene-0.6-mRNA-1 2679855
.25 augustus_masked-168061017-processed-gene-0.10-mRNA-1 2706438
.59 augustus_masked-168061017-processed-gene-0.10-mRNA-1 1067469
.78 maker-168577341-augustus-gene-0.72-mRNA-1 2747057
.07 maker-168577341-augustus-gene-0.72-mRNA-1 1018718
.99 genemark-168562064-processed-gene-0.33-mRNA-1 2747627
.34 augustus_masked-162042408-processed-gene-0.0-mRNA-1 508354
.44 augustus_masked-162042408-processed-gene-0.0-mRNA-1 2677394
.48 maker-168229080-snap-gene-0.70-mRNA-1 706044
.65 snap_masked-168442939-processed-gene-0.49-mRNA-1 2747864
.56 snap_masked-168189848-processed-gene-0.64-mRNA-1 2747730
.61 maker-168483421-augustus-gene-0.36-mRNA-2 558236
.38 maker-168483421-augustus-gene-0.36-mRNA-2 2747655
.69 maker-168567036-augustus-gene-0.61-mRNA-1 2747290
.49 augustus_masked-161886809-processed-gene-0.0-mRNA-1 1213377
.19 augustus_masked-161886809-processed-gene-0.0-mRNA-1 1754712
.27 maker-168513537-augustus-gene-0.9-mRNA-1 2678931
.27 maker-168513537-augustus-gene-0.9-mRNA-1 2674428
.24 maker-168513537-augustus-gene-0.9-mRNA-1 566613
.22 maker-168513537-augustus-gene-0.9-mRNA-1 485084
.22 maker-168513537-augustus-gene-0.9-mRNA-1 2747164
.23 maker-164534829-augustus-gene-0.3-mRNA-1 1205730
.47 maker-164534829-augustus-gene-0.3-mRNA-1 186665
.14 maker-168262314-augustus-gene-0.6-mRNA-1 1065138
.79 maker-168262314-augustus-gene-0.6-mRNA-1 2747855
.52 snap_masked-166887211-processed-gene-0.2-mRNA-1 313595
.34 snap_masked-166887211-processed-gene-0.2-mRNA-1 2678816
.34 snap_masked-166887211-processed-gene-0.2-mRNA-1 677521
.07 snap_masked-166887211-processed-gene-0.2-mRNA-1 2681026
.09 snap_masked-166887211-processed-gene-0.2-mRNA-1 2694807
.64 augustus_masked-166348502-processed-gene-0.2-mRNA-1 2675647
.39 augustus_masked-166348502-processed-gene-0.2-mRNA-1 2696599
.26 augustus_masked-166348502-processed-gene-0.2-mRNA-1 2747590
.26 augustus_masked-166348502-processed-gene-0.2-mRNA-1 518065
.45 augustus_masked-168498446-processed-gene-0.22-mRNA-1 2032396
.61 augustus_masked-168498446-processed-gene-0.22-mRNA-1 785401
.59 maker-168368551-snap-gene-0.43-mRNA-1 2747749
.17 maker-168368551-snap-gene-0.43-mRNA-1 960112
.15 maker-168368551-snap-gene-0.43-mRNA-1 232938
.45 maker-168352423-augustus-gene-0.11-mRNA-1 2747518
.26 maker-168352423-augustus-gene-0.11-mRNA-1 2672928
.14 augustus_masked-168213647-processed-gene-0.0-mRNA-1 2676618
.82 augustus_masked-168213647-processed-gene-0.0-mRNA-1 2747538
.83 augustus_masked-168288961-processed-gene-0.7-mRNA-1 2747169
.15 augustus_masked-168288961-processed-gene-0.7-mRNA-1 2676320
.11 maker-159387221-augustus-gene-0.3-mRNA-1 2689387
.88 maker-159387221-augustus-gene-0.3-mRNA-1 2676186
.13 maker-168188004-snap-gene-0.64-mRNA-1 2499307
.81 maker-168188004-snap-gene-0.64-mRNA-1 2747807
.78 maker-168325120-augustus-gene-0.94-mRNA-1 2747729
.12 maker-168325120-augustus-gene-0.94-mRNA-1 1074803
.12 maker-168325120-augustus-gene-0.94-mRNA-1 2684678
.38 maker-168575856-snap-gene-0.19-mRNA-1 2679754
.61 maker-168575856-snap-gene-0.19-mRNA-1 2747237
.86 maker-168439334-snap-gene-0.22-mRNA-2 2747863
.61 augustus_masked-165878470-processed-gene-0.0-mRNA-1 2672780
.35 augustus_masked-165878470-processed-gene-0.0-mRNA-1 2700238
.31 augustus_masked-165878470-processed-gene-0.0-mRNA-1 514072
.17 maker-168577257-augustus-gene-0.22-mRNA-1 2680369
.81 maker-168577257-augustus-gene-0.22-mRNA-1 2747751
.14 maker-162659755-augustus-gene-0.5-mRNA-1 1146064
.48 maker-162659755-augustus-gene-0.5-mRNA-1 958531
.99 maker-168310839-augustus-gene-0.2-mRNA-1 2747745
.76 maker-168140481-snap-gene-0.4-mRNA-1 2679139
.13 maker-168140481-snap-gene-0.4-mRNA-1 234066
.60 maker-168391340-snap-gene-0.48-mRNA-1 2692073
.26 genemark-168547889-processed-gene-0.43-mRNA-1 1007798
.22 genemark-168547889-processed-gene-0.43-mRNA-1 732477
.17 genemark-168547889-processed-gene-0.43-mRNA-1 2173522
.25 genemark-168547889-processed-gene-0.43-mRNA-1 628308
.88 maker-168539524-snap-gene-0.12-mRNA-1 2746970
.71 maker-168539524-snap-gene-0.12-mRNA-1 412163
.03 maker-168539524-snap-gene-0.12-mRNA-1 2718941
.18 augustus_masked-168231296-processed-gene-0.14-mRNA-1 637298
.59 augustus_masked-168231296-processed-gene-0.14-mRNA-1 2674520
.99 maker-160426352-augustus-gene-0.3-mRNA-1 2674620
.18 maker-168556517-snap-gene-0.35-mRNA-1 2687654
.17 maker-168556517-snap-gene-0.35-mRNA-1 2721108
.11 maker-168556517-snap-gene-0.35-mRNA-1 1338497
.13 maker-168556517-snap-gene-0.35-mRNA-1 2697225
.63 maker-167844354-augustus-gene-0.18-mRNA-1 2747232
.63 maker-167844354-augustus-gene-0.18-mRNA-1 2747555
.61 maker-167844354-augustus-gene-0.18-mRNA-1 2747554
.18 maker-167844354-augustus-gene-0.18-mRNA-1 2674493
.61 snap_masked-165499942-processed-gene-0.2-mRNA-1 406614
.26 snap_masked-165499942-processed-gene-0.2-mRNA-1 239745
.39 maker-168565700-snap-gene-1.60-mRNA-1 2701315
.59 maker-168565700-snap-gene-1.60-mRNA-1 2747111
.35 augustus_masked-168371979-processed-gene-0.3-mRNA-1 2683892
.34 augustus_masked-168371979-processed-gene-0.3-mRNA-1 496961
.32 augustus_masked-168371979-processed-gene-0.3-mRNA-1 2676163
.28 augustus_masked-168371979-processed-gene-0.3-mRNA-1 2747849
.13 augustus_masked-168371979-processed-gene-0.3-mRNA-1 1262377
.34 maker-163674939-snap-gene-0.4-mRNA-1 2747846
.19 maker-163674939-snap-gene-0.4-mRNA-1 2681106
.08 maker-168184651-augustus-gene-0.18-mRNA-1 594870
.89 maker-168184651-augustus-gene-0.18-mRNA-1 2747550
.32 maker-168506263-augustus-gene-0.15-mRNA-1 2677322
.26 maker-168506263-augustus-gene-0.15-mRNA-1 2675226
.94 snap_masked-167860942-processed-gene-0.65-mRNA-1 2747267
.55 maker-168245487-augustus-gene-0.8-mRNA-1 2747118
.15 maker-168245487-augustus-gene-0.8-mRNA-1 2747222
.01 augustus_masked-161510983-processed-gene-0.0-mRNA-1 2747495
.12 augustus_masked-161510983-processed-gene-0.0-mRNA-1 890075
.84 maker-167980116-snap-gene-0.13-mRNA-1 2673534
.27 maker-168169082-snap-gene-0.57-mRNA-1 2674699
.47 maker-168169082-snap-gene-0.57-mRNA-1 2672792
.24 maker-168353937-snap-gene-0.16-mRNA-1 147847
.61 maker-168353937-snap-gene-0.16-mRNA-1 2687993
.79 maker-166866051-snap-gene-0.3-mRNA-1 2096891
.19 maker-166866051-snap-gene-0.3-mRNA-1 2075710
.77 augustus_masked-168185276-processed-gene-0.20-mRNA-1 2678663
.99 maker-168383791-augustus-gene-0.30-mRNA-2 2677193
.48 maker-167686051-snap-gene-0.3-mRNA-1 2747308
.44 maker-167686051-snap-gene-0.3-mRNA-1 2675706
.21 maker-168228920-snap-gene-0.86-mRNA-1 2703286
.17 maker-168228920-snap-gene-0.86-mRNA-1 2678939
.15 maker-168228920-snap-gene-0.86-mRNA-1 587906
.10 maker-168228920-snap-gene-0.86-mRNA-1 890213
.50 augustus_masked-168495004-processed-gene-0.1-mRNA-1 335254
.32 augustus_masked-168495004-processed-gene-0.1-mRNA-1 592280
.28 augustus_masked-168495004-processed-gene-0.1-mRNA-1 1427731
.27 augustus_masked-168495004-processed-gene-0.1-mRNA-1 68727
.23 augustus_masked-168495004-processed-gene-0.1-mRNA-1 508826
.24 augustus_masked-161548800-processed-gene-0.0-mRNA-1 2733502
.31 augustus_masked-161548800-processed-gene-0.0-mRNA-1 716415
.81 augustus_masked-165311665-processed-gene-0.0-mRNA-1 919120
.15 augustus_masked-165311665-processed-gene-0.0-mRNA-1 1076133
.43 maker-168573767-augustus-gene-0.58-mRNA-1 2747423
.31 maker-168573767-augustus-gene-0.58-mRNA-1 2685522
.01 augustus_masked-166244563-processed-gene-0.1-mRNA-1 2713015
.01 augustus_masked-166244563-processed-gene-0.1-mRNA-1 2747504
.22 augustus_masked-166244563-processed-gene-0.1-mRNA-1 2747504
.44 augustus_masked-166244563-processed-gene-0.1-mRNA-1 2747504
.92 maker-168303969-snap-gene-0.26-mRNA-1 2747574
.22 maker-168326110-augustus-gene-0.16-mRNA-1 2677078
.64 maker-168326110-augustus-gene-0.16-mRNA-1 2676557
.26 maker-166861172-augustus-gene-0.6-mRNA-1 752149
.58 maker-166861172-augustus-gene-0.6-mRNA-1 2747593
