.34 augustus_masked-164412411-processed-gene-0.0-mRNA-1 1451223
.31 augustus_masked-164412411-processed-gene-0.0-mRNA-1 4261615
.03 maker-168577270-snap-gene-0.62-mRNA-1 4312385
.83 maker-168577270-snap-gene-0.62-mRNA-1 4336536
.99 maker-168184548-augustus-gene-0.5-mRNA-1 4336772
.99 maker-165911483-augustus-gene-0.3-mRNA-1 4336917
.99 snap_masked-168536631-processed-gene-0.7-mRNA-1 223723
.25 maker-168229287-augustus-gene-0.7-mRNA-1 876684
.65 maker-167862567-augustus-gene-0.4-mRNA-1 4336753
.02 maker-167862567-augustus-gene-0.4-mRNA-1 4289814
.23 maker-168350051-augustus-gene-1.62-mRNA-1 4336468
.76 maker-168350051-augustus-gene-1.62-mRNA-1 4336533
.71 maker-168183254-snap-gene-0.7-mRNA-1 4336368
.26 maker-168446302-augustus-gene-0.89-mRNA-1 4241212
.27 maker-168446302-augustus-gene-0.89-mRNA-1 298365
.29 maker-168446302-augustus-gene-0.89-mRNA-2 877397
.28 maker-168446302-augustus-gene-0.89-mRNA-2 298365
.87 maker-168202927-snap-gene-0.53-mRNA-1 4241416
.03 maker-168202927-snap-gene-0.53-mRNA-1 4173366
.38 maker-168499000-snap-gene-0.105-mRNA-1 4242380
.22 genemark-168212948-processed-gene-0.29-mRNA-1 1446192
.26 genemark-168212948-processed-gene-0.29-mRNA-1 4008907
.41 maker-168419683-augustus-gene-0.111-mRNA-1 4336608
.34 augustus_masked-168185673-processed-gene-0.2-mRNA-1 4336477
.40 augustus_masked-168185673-processed-gene-0.2-mRNA-1 4260448
.48 maker-168374106-augustus-gene-0.7-mRNA-1 4336924
.19 maker-168374106-augustus-gene-0.7-mRNA-1 443922
.11 augustus_masked-168228029-processed-gene-0.15-mRNA-1 444653
.88 augustus_masked-168228029-processed-gene-0.15-mRNA-1 4336947
.83 maker-167898369-augustus-gene-0.84-mRNA-1 4336789
.13 maker-167898369-augustus-gene-0.84-mRNA-1 269240
.32 snap_masked-162995502-processed-gene-0.2-mRNA-1 2415095
.76 maker-168470051-snap-gene-0.40-mRNA-1 4336941
.89 maker-168195524-snap-gene-1.74-mRNA-1 4336943
.50 augustus_masked-168480493-processed-gene-0.9-mRNA-1 2736279
.29 maker-168575537-augustus-gene-0.64-mRNA-1 4241994
.26 maker-168575537-augustus-gene-0.64-mRNA-1 113435
.25 maker-168575537-augustus-gene-0.64-mRNA-1 4241005
.27 genemark-166920550-processed-gene-0.0-mRNA-1 758441
.22 genemark-166920550-processed-gene-0.0-mRNA-1 1824678
.23 genemark-166920550-processed-gene-0.0-mRNA-1 1969177
.42 maker-168185567-augustus-gene-0.11-mRNA-2 4336968
.22 maker-168185567-augustus-gene-0.11-mRNA-2 4336968
.54 maker-168568474-snap-gene-0.81-mRNA-1 4336907
.12 maker-164687080-snap-gene-0.4-mRNA-2 4272173
.64 maker-164687080-snap-gene-0.4-mRNA-2 4336562
.71 genemark-167812446-processed-gene-0.8-mRNA-1 4268788
.12 genemark-167812446-processed-gene-0.8-mRNA-1 2721222
.58 maker-168186754-snap-gene-0.41-mRNA-1 4242729
.31 maker-168186754-snap-gene-0.41-mRNA-1 4273101
.87 augustus_masked-158701749-processed-gene-0.0-mRNA-1 4336539
.41 maker-168516342-snap-gene-0.16-mRNA-1 4336790
.58 maker-168516342-snap-gene-0.16-mRNA-1 4336790
.32 maker-167886175-snap-gene-0.26-mRNA-2 4287844
.92 maker-167913764-augustus-gene-0.56-mRNA-1 4336948
.71 augustus_masked-168563337-processed-gene-0.11-mRNA-1 4304249
.96 maker-168185565-snap-gene-0.29-mRNA-1 4254037
.17 augustus_masked-168550118-processed-gene-1.59-mRNA-1 1479562
.40 augustus_masked-168550118-processed-gene-1.59-mRNA-1 4253453
.99 augustus_masked-168186752-processed-gene-0.10-mRNA-1 4336834
.77 maker-168436135-augustus-gene-0.62-mRNA-1 4336813
.12 maker-168436135-augustus-gene-0.62-mRNA-1 1679743
.12 maker-168436135-augustus-gene-0.62-mRNA-1 4241484
.09 maker-168436135-augustus-gene-0.62-mRNA-1 2082820
.99 maker-168479654-snap-gene-0.32-mRNA-1 4336969
.48 snap_masked-167898010-processed-gene-0.9-mRNA-1 4244991
.33 snap_masked-167898010-processed-gene-0.9-mRNA-1 549123
.12 snap_masked-167898010-processed-gene-0.9-mRNA-1 911509
.78 maker-168479037-snap-gene-0.67-mRNA-1 4244813
.09 maker-168479037-snap-gene-0.67-mRNA-1 1506262
.37 maker-168186767-augustus-gene-0.11-mRNA-2 4336321
.61 maker-168555059-snap-gene-0.64-mRNA-1 4336703
.13 maker-168555059-snap-gene-0.64-mRNA-1 164523
.06 maker-168263632-augustus-gene-0.11-mRNA-1 3360586
.16 genemark-168108174-processed-gene-0.7-mRNA-1 1669184
.15 genemark-168108174-processed-gene-0.7-mRNA-1 1488963
.12 genemark-168108174-processed-gene-0.7-mRNA-1 1669181
.99 maker-168183081-augustus-gene-0.97-mRNA-1 4336540
.35 augustus_masked-167962785-processed-gene-0.0-mRNA-1 4266382
.63 augustus_masked-167962785-processed-gene-0.0-mRNA-1 472719
.44 maker-168525135-augustus-gene-0.13-mRNA-2 4241826
.14 maker-168525135-augustus-gene-0.13-mRNA-2 4241824
.14 maker-168525135-augustus-gene-0.13-mRNA-2 435024
.07 maker-168525135-augustus-gene-0.13-mRNA-2 1006850
.03 maker-168525135-augustus-gene-0.13-mRNA-2 4241825
.55 genemark-168198321-processed-gene-0.7-mRNA-1 4336299
.38 genemark-168198321-processed-gene-0.7-mRNA-1 4246354
.20 maker-168573578-snap-gene-0.67-mRNA-1 989316
.15 maker-168573578-snap-gene-0.67-mRNA-1 4336163
.65 augustus_masked-163773304-processed-gene-0.0-mRNA-1 4294582
.25 augustus_masked-163773304-processed-gene-0.0-mRNA-1 4244636
.25 maker-162034961-snap-gene-0.3-mRNA-2 4255167
.18 maker-162034961-snap-gene-0.3-mRNA-2 1624217
.45 maker-168366729-augustus-gene-0.27-mRNA-1 4336956
.09 maker-168366729-augustus-gene-0.27-mRNA-1 1327793
.09 maker-168366729-augustus-gene-0.27-mRNA-1 681761
.16 maker-168572217-snap-gene-0.19-mRNA-1 4249679
.83 maker-168572217-snap-gene-0.19-mRNA-1 4336497
.67 maker-168559580-snap-gene-0.40-mRNA-1 4336097
.82 maker-168541419-snap-gene-0.77-mRNA-1 4336689
.06 maker-168541419-snap-gene-0.77-mRNA-1 3248578
.66 genemark-167909353-processed-gene-0.12-mRNA-1 4270137
.22 genemark-167909353-processed-gene-0.12-mRNA-1 370860
.29 maker-168194286-snap-gene-0.38-mRNA-1 4247386
.30 maker-168194286-snap-gene-0.38-mRNA-1 394065
.25 maker-168552406-snap-gene-0.37-mRNA-1 934479
.23 maker-168552406-snap-gene-0.37-mRNA-1 4256510
.20 maker-168552406-snap-gene-0.37-mRNA-1 4336254
.12 maker-168552406-snap-gene-0.37-mRNA-1 728787
.11 maker-168552406-snap-gene-0.37-mRNA-1 1338100
.15 maker-168481841-snap-gene-0.46-mRNA-1 3074265
.60 maker-168481841-snap-gene-0.46-mRNA-1 4336229
.42 maker-165751893-augustus-gene-0.3-mRNA-1 519668
.25 maker-165751893-augustus-gene-0.3-mRNA-1 959009
.19 maker-165751893-augustus-gene-0.3-mRNA-1 928605
.19 maker-165751893-augustus-gene-0.3-mRNA-1 4245896
.26 augustus_masked-168190485-processed-gene-0.12-mRNA-1 1340925
.19 augustus_masked-168190485-processed-gene-0.12-mRNA-1 4249126
.19 augustus_masked-168190485-processed-gene-0.12-mRNA-1 1636130
.11 augustus_masked-168190485-processed-gene-0.12-mRNA-1 2284767
.11 augustus_masked-168190485-processed-gene-0.12-mRNA-1 1337617
.42 snap_masked-163925822-processed-gene-0.2-mRNA-1 1382856
.35 snap_masked-163925822-processed-gene-0.2-mRNA-1 3918754
.02 augustus_masked-168563613-processed-gene-0.6-mRNA-1 4336735
.02 augustus_masked-168563613-processed-gene-0.6-mRNA-1 713927
.01 augustus_masked-168563613-processed-gene-0.6-mRNA-1 4336735
.57 maker-168571047-augustus-gene-0.110-mRNA-1 4336819
.24 maker-168571047-augustus-gene-0.110-mRNA-1 4248510
.14 maker-168571047-augustus-gene-0.110-mRNA-1 4313343
.06 maker-168571047-augustus-gene-0.110-mRNA-1 1069987
.51 augustus_masked-168574535-processed-gene-0.23-mRNA-1 4336896
.13 augustus_masked-168574535-processed-gene-0.23-mRNA-1 4246527
.07 augustus_masked-168574535-processed-gene-0.23-mRNA-1 869616
.74 maker-168350479-augustus-gene-0.43-mRNA-1 4336811
.10 maker-168350479-augustus-gene-0.43-mRNA-1 3538213
.99 augustus_masked-162899247-processed-gene-0.0-mRNA-1 4336288
.68 maker-168546976-augustus-gene-0.53-mRNA-1 4336422
.31 maker-168546976-augustus-gene-0.53-mRNA-1 4336831
.25 augustus_masked-168315634-processed-gene-0.6-mRNA-1 4250521
.39 augustus_masked-168315634-processed-gene-0.6-mRNA-1 4299633
.75 augustus_masked-161631383-processed-gene-0.0-mRNA-1 1344691
.24 augustus_masked-161631383-processed-gene-0.0-mRNA-1 1029060
.14 augustus_masked-168453577-processed-gene-0.1-mRNA-1 4287078
.62 augustus_masked-168453577-processed-gene-0.1-mRNA-1 4276663
.59 augustus_masked-168577490-processed-gene-1.3-mRNA-1 4336736
.17 augustus_masked-168577490-processed-gene-1.3-mRNA-1 1827251
.55 snap_masked-167741742-processed-gene-0.4-mRNA-1 4244704
.28 snap_masked-167741742-processed-gene-0.4-mRNA-1 4288087
.96 maker-168384428-snap-gene-0.10-mRNA-1 4336925
.45 augustus_masked-168387263-processed-gene-0.15-mRNA-1 4240955
.21 augustus_masked-168387263-processed-gene-0.15-mRNA-1 4336170
.13 augustus_masked-168387263-processed-gene-0.15-mRNA-1 1052998
.12 augustus_masked-168387263-processed-gene-0.15-mRNA-1 276092
.12 augustus_masked-168387263-processed-gene-0.15-mRNA-1 1394111
.82 maker-168462753-augustus-gene-0.87-mRNA-1 4336950
.17 maker-168462753-augustus-gene-0.87-mRNA-1 4246213
.76 maker-168429485-augustus-gene-0.70-mRNA-1 4336592
.06 maker-168429485-augustus-gene-0.70-mRNA-1 4136383
.99 maker-168562669-augustus-gene-0.39-mRNA-1 4336625
.80 maker-168188447-snap-gene-0.36-mRNA-1 4336571
.12 maker-168188447-snap-gene-0.36-mRNA-1 162544
.04 maker-168188447-snap-gene-0.36-mRNA-1 4244139
.18 augustus_masked-168082245-processed-gene-0.2-mRNA-1 445899
.81 augustus_masked-168082245-processed-gene-0.2-mRNA-1 4336532
.82 maker-168118381-augustus-gene-0.10-mRNA-2 4336828
.17 maker-168118381-augustus-gene-0.10-mRNA-2 26803
.70 maker-168213252-snap-gene-0.91-mRNA-1 4336390
.34 maker-168310344-snap-gene-0.6-mRNA-1 4268938
.25 maker-168310344-snap-gene-0.6-mRNA-1 4253148
.59 augustus_masked-168006039-processed-gene-0.0-mRNA-1 4336935
.27 augustus_masked-168006039-processed-gene-0.0-mRNA-1 4259384
.16 genemark-168010118-processed-gene-0.11-mRNA-1 4255516
.11 genemark-168010118-processed-gene-0.11-mRNA-1 1821717
.14 genemark-168010118-processed-gene-0.11-mRNA-1 4244876
.89 maker-168300109-augustus-gene-0.57-mRNA-1 4336333
.99 maker-163616824-snap-gene-0.4-mRNA-1 4255969
.05 augustus_masked-168570439-processed-gene-0.21-mRNA-1 4243874
.91 augustus_masked-168570439-processed-gene-0.21-mRNA-1 4336920
.64 maker-168372923-augustus-gene-0.59-mRNA-1 4336615
.99 augustus_masked-168466351-processed-gene-0.8-mRNA-1 4336820
.87 maker-168338503-augustus-gene-0.84-mRNA-1 4336527
.19 augustus_masked-168477995-processed-gene-0.2-mRNA-1 4259721
.79 augustus_masked-168477995-processed-gene-0.2-mRNA-1 4336199
.88 snap_masked-162051028-processed-gene-0.3-mRNA-1 4336021
.11 snap_masked-162051028-processed-gene-0.3-mRNA-1 163135
.91 maker-168521239-snap-gene-0.72-mRNA-1 4257442
.75 maker-168280277-augustus-gene-0.36-mRNA-1 4336840
.17 maker-168280277-augustus-gene-0.36-mRNA-1 4249671
.99 maker-168206713-augustus-gene-0.15-mRNA-1 4336960
.13 snap_masked-168183981-processed-gene-0.5-mRNA-1 4248795
.71 snap_masked-168183981-processed-gene-0.5-mRNA-1 4336955
.36 maker-168249436-augustus-gene-0.9-mRNA-1 4240982
.63 maker-168249436-augustus-gene-0.9-mRNA-1 4336588
.80 augustus_masked-168447571-processed-gene-0.2-mRNA-1 4336523
.19 augustus_masked-168447571-processed-gene-0.2-mRNA-1 833931
.73 augustus_masked-168577525-processed-gene-1.29-mRNA-1 4251486
.99 maker-167002310-snap-gene-0.6-mRNA-1 4336957
.04 maker-168566662-augustus-gene-0.51-mRNA-1 1413808
.95 maker-168566662-augustus-gene-0.51-mRNA-1 4336343
.68 snap_masked-168571462-processed-gene-0.17-mRNA-1 2313327
.25 maker-168021288-snap-gene-0.34-mRNA-1 4240344
.63 augustus_masked-168469727-processed-gene-0.0-mRNA-1 4336508
.36 augustus_masked-168469727-processed-gene-0.0-mRNA-1 4240493
.27 maker-168452489-snap-gene-0.74-mRNA-1 1836679
.39 maker-168452489-snap-gene-0.74-mRNA-1 4244458
.83 maker-168307674-augustus-gene-0.8-mRNA-3 4336911
.08 maker-168307674-augustus-gene-0.8-mRNA-3 1264065
.58 maker-167889808-augustus-gene-0.46-mRNA-1 617148
.17 maker-167889808-augustus-gene-0.46-mRNA-1 423095
.30 maker-168294776-augustus-gene-0.15-mRNA-1 4336827
.30 maker-168294776-augustus-gene-0.15-mRNA-1 799073
.23 maker-168294776-augustus-gene-0.15-mRNA-1 1855687
.94 maker-168305224-snap-gene-0.44-mRNA-1 4336962
.04 maker-168190522-snap-gene-0.115-mRNA-1 2032638
.88 maker-168190522-snap-gene-0.115-mRNA-1 4336260
.45 augustus_masked-168319999-processed-gene-0.8-mRNA-1 3428218
.18 augustus_masked-168319999-processed-gene-0.8-mRNA-1 1556952
.21 augustus_masked-168319999-processed-gene-0.8-mRNA-1 1427564
.21 augustus_masked-168319999-processed-gene-0.8-mRNA-1 1616355
.19 augustus_masked-168319999-processed-gene-0.8-mRNA-1 1406747
.72 maker-162313884-snap-gene-0.7-mRNA-1 4336937
.14 maker-162313884-snap-gene-0.7-mRNA-1 4254207
.99 augustus_masked-168549134-processed-gene-2.29-mRNA-1 4336839
.75 maker-168190001-snap-gene-0.16-mRNA-1 4247280
.14 maker-168190001-snap-gene-0.16-mRNA-1 3059419
.99 maker-168505689-augustus-gene-0.29-mRNA-1 4336587
.80 maker-168189731-snap-gene-0.17-mRNA-1 4336963
.11 augustus_masked-168277055-processed-gene-0.0-mRNA-1 4251235
.76 augustus_masked-168277055-processed-gene-0.0-mRNA-1 4336129
.99 maker-168386377-snap-gene-0.33-mRNA-1 4336923
.99 augustus_masked-168420490-processed-gene-0.9-mRNA-1 4336675
.21 augustus_masked-94147209-processed-gene-0.0-mRNA-1 889959
.22 augustus_masked-94147209-processed-gene-0.0-mRNA-1 4256394
.29 augustus_masked-94147209-processed-gene-0.0-mRNA-1 4241853
.14 augustus_masked-94147209-processed-gene-0.0-mRNA-1 1055221
.14 augustus_masked-94147209-processed-gene-0.0-mRNA-1 1201226
.99 augustus_masked-167929652-processed-gene-0.18-mRNA-1 4336735
.29 maker-168569300-augustus-gene-0.28-mRNA-1 4248169
.25 maker-168569300-augustus-gene-0.28-mRNA-1 4336204
.51 augustus_masked-168292425-processed-gene-0.1-mRNA-1 2928400
.82 maker-168550067-snap-gene-0.25-mRNA-1 4336959
.89 maker-168577380-augustus-gene-0.32-mRNA-1 4336954
.99 genemark-168529219-processed-gene-0.28-mRNA-1 327291
.33 maker-168410806-augustus-gene-0.10-mRNA-1 4242019
.20 maker-168410806-augustus-gene-0.10-mRNA-1 1793345
.25 augustus_masked-164006269-processed-gene-0.0-mRNA-1 2549939
.45 augustus_masked-164006269-processed-gene-0.0-mRNA-1 703798
.99 maker-168188982-snap-gene-0.116-mRNA-1 4336252
.99 augustus_masked-168419347-processed-gene-0.9-mRNA-1 4336612
.60 maker-168071829-augustus-gene-0.17-mRNA-1 4336616
.14 maker-168071829-augustus-gene-0.17-mRNA-1 4257101
.14 maker-168071829-augustus-gene-0.17-mRNA-1 4246208
.08 maker-168071829-augustus-gene-0.17-mRNA-1 558192
.08 maker-168071829-augustus-gene-0.17-mRNA-1 1557682
.72 maker-168154321-snap-gene-0.46-mRNA-1 4336518
.99 maker-168091603-augustus-gene-0.33-mRNA-1 4336691
.54 snap_masked-167965969-processed-gene-0.10-mRNA-1 4242036
.22 maker-168376257-augustus-gene-0.21-mRNA-1 347553
.55 maker-168376257-augustus-gene-0.21-mRNA-1 4260310
.74 maker-164628634-snap-gene-0.4-mRNA-1 4241993
.25 maker-164628634-snap-gene-0.4-mRNA-1 548982
.99 maker-168022236-snap-gene-0.12-mRNA-1 4336801
.98 maker-167850204-augustus-gene-0.26-mRNA-1 4336928
.72 augustus_masked-161793453-processed-gene-0.0-mRNA-1 455400
.14 augustus_masked-161793453-processed-gene-0.0-mRNA-1 4241354
.10 augustus_masked-161793453-processed-gene-0.0-mRNA-1 3099000
.63 genemark-168461475-processed-gene-0.2-mRNA-1 4336721
.99 augustus_masked-168553453-processed-gene-1.47-mRNA-1 4336878
.62 maker-168276834-augustus-gene-1.133-mRNA-2 4336216
.10 maker-168276834-augustus-gene-1.133-mRNA-2 4336216
.78 augustus_masked-165876957-processed-gene-0.0-mRNA-1 4336385
.78 augustus_masked-165876957-processed-gene-0.0-mRNA-1 4336779
.16 augustus_masked-165876957-processed-gene-0.0-mRNA-1 4256534
.15 augustus_masked-165876957-processed-gene-0.0-mRNA-1 1509412
.12 augustus_masked-165876957-processed-gene-0.0-mRNA-1 3453856
.99 augustus_masked-168527274-processed-gene-0.18-mRNA-1 4336259
.76 augustus_masked-167747860-processed-gene-0.2-mRNA-1 4243511
.74 maker-167811487-snap-gene-0.20-mRNA-1 4336958
.22 maker-167811487-snap-gene-0.20-mRNA-1 4273261
.83 maker-168487040-augustus-gene-0.10-mRNA-1 4336822
.14 maker-168487040-augustus-gene-0.10-mRNA-1 4249168
.17 maker-168223216-snap-gene-0.55-mRNA-1 4267960
.82 maker-168223216-snap-gene-0.55-mRNA-1 4336306
.84 maker-168255257-augustus-gene-0.132-mRNA-1 4268788
.05 maker-168255257-augustus-gene-0.132-mRNA-1 4296945
.03 maker-168255257-augustus-gene-0.132-mRNA-1 4289563
.02 maker-168255257-augustus-gene-0.132-mRNA-1 3590850
.14 maker-162042130-augustus-gene-0.3-mRNA-1 4262043
.27 maker-162042130-augustus-gene-0.3-mRNA-1 4247883
.16 maker-168414305-snap-gene-0.67-mRNA-1 1898633
.37 maker-168414305-snap-gene-0.67-mRNA-1 4240869
.15 maker-168058525-snap-gene-0.75-mRNA-1 4244522
.27 maker-168058525-snap-gene-0.75-mRNA-1 4244521
.51 maker-168472946-snap-gene-0.29-mRNA-1 4336570
.73 snap_masked-167837038-processed-gene-0.12-mRNA-1 4246658
.08 augustus_masked-168220023-processed-gene-0.12-mRNA-1 2883555
.91 augustus_masked-168220023-processed-gene-0.12-mRNA-1 4336747
.32 maker-168485647-snap-gene-0.4-mRNA-1 1973627
.43 maker-168485647-snap-gene-0.4-mRNA-1 4247762
.48 maker-168186670-augustus-gene-0.9-mRNA-1 4336281
.50 maker-168186670-augustus-gene-0.9-mRNA-1 4336281
.31 augustus_masked-168048797-processed-gene-0.0-mRNA-1 4251425
.27 augustus_masked-168048797-processed-gene-0.0-mRNA-1 4240518
.27 augustus_masked-168048797-processed-gene-0.0-mRNA-1 736846
.26 augustus_masked-168048797-processed-gene-0.0-mRNA-1 4247596
.24 augustus_masked-168048797-processed-gene-0.0-mRNA-1 4245396
.99 maker-168221617-snap-gene-0.32-mRNA-1 4244048
.77 snap_masked-162851412-processed-gene-0.3-mRNA-1 611441
.22 snap_masked-162851412-processed-gene-0.3-mRNA-1 4242506
.44 maker-168376605-snap-gene-0.20-mRNA-1 4241161
.34 maker-168376605-snap-gene-0.20-mRNA-1 4241683
.07 maker-168376605-snap-gene-0.20-mRNA-1 4242417
.26 maker-168408473-snap-gene-0.60-mRNA-1 888107
.70 maker-168408473-snap-gene-0.60-mRNA-1 4336804
.15 maker-168523894-snap-gene-0.32-mRNA-1 4248694
.15 maker-168523894-snap-gene-0.32-mRNA-1 601307
.12 maker-168523894-snap-gene-0.32-mRNA-1 949678
.09 maker-168523894-snap-gene-0.32-mRNA-1 2143829
.07 maker-168523894-snap-gene-0.32-mRNA-1 4241559
.33 maker-168193071-augustus-gene-0.23-mRNA-1 4336930
.21 maker-168193071-augustus-gene-0.23-mRNA-1 4336930
.18 maker-168193071-augustus-gene-0.23-mRNA-1 4249650
.98 genemark-168236416-processed-gene-0.3-mRNA-1 4261396
.43 maker-168471689-snap-gene-0.107-mRNA-1 4255693
.14 augustus_masked-164440326-processed-gene-0.0-mRNA-1 4240583
.85 augustus_masked-164440326-processed-gene-0.0-mRNA-1 4241756
.17 maker-167851755-augustus-gene-0.17-mRNA-1 816524
.79 maker-167851755-augustus-gene-0.17-mRNA-1 4241617
.72 maker-168557445-augustus-gene-0.36-mRNA-1 4248962
.26 maker-168557445-augustus-gene-0.36-mRNA-1 1104311
.20 maker-168191042-augustus-gene-0.47-mRNA-1 4251347
.62 maker-168191042-augustus-gene-0.47-mRNA-1 4253223
.20 augustus_masked-168059513-processed-gene-0.0-mRNA-1 1422339
.40 augustus_masked-168059513-processed-gene-0.0-mRNA-1 4242596
.30 maker-168186678-snap-gene-0.11-mRNA-1 4336810
.08 maker-168186678-snap-gene-0.11-mRNA-1 4247459
.05 maker-168186678-snap-gene-0.11-mRNA-1 706022
.05 maker-168186678-snap-gene-0.11-mRNA-1 924434
.71 maker-167122957-snap-gene-0.4-mRNA-1 334586
.28 maker-167122957-snap-gene-0.4-mRNA-1 519743
.93 snap_masked-167017394-processed-gene-0.2-mRNA-1 4336217
.02 snap_masked-167017394-processed-gene-0.2-mRNA-1 1160674
.85 augustus_masked-166129728-processed-gene-0.0-mRNA-1 4261220
.13 augustus_masked-166129728-processed-gene-0.0-mRNA-1 1968081
.99 maker-168229958-augustus-gene-0.18-mRNA-1 4336951
.79 snap_masked-164508409-processed-gene-0.1-mRNA-1 717142
.20 snap_masked-164508409-processed-gene-0.1-mRNA-1 331036
.66 maker-168576956-augustus-gene-0.32-mRNA-1 4336826
.80 maker-163028356-snap-gene-0.7-mRNA-1 4302987
.39 snap_masked-168229165-processed-gene-0.21-mRNA-1 4243087
.60 snap_masked-168229165-processed-gene-0.21-mRNA-1 1034198
.99 snap_masked-163770505-processed-gene-0.2-mRNA-1 4336821
.31 augustus_masked-167918065-processed-gene-0.5-mRNA-1 4294582
.09 augustus_masked-167918065-processed-gene-0.5-mRNA-1 4244636
.54 augustus_masked-168488205-processed-gene-0.1-mRNA-1 4336580
.42 augustus_masked-168488205-processed-gene-0.1-mRNA-1 4336515
.33 maker-168371515-snap-gene-0.24-mRNA-1 4336421
.57 maker-168371515-snap-gene-0.24-mRNA-1 4336179
.23 genemark-168370384-processed-gene-0.35-mRNA-1 4277980
.29 genemark-168370384-processed-gene-0.35-mRNA-1 4273039
.99 maker-168559414-augustus-gene-0.54-mRNA-1 4336926
.49 maker-158787044-augustus-gene-0.3-mRNA-1 1330698
.50 maker-158787044-augustus-gene-0.3-mRNA-1 1665853
.99 maker-168317855-augustus-gene-0.80-mRNA-1 4336915
.79 maker-168269733-augustus-gene-0.20-mRNA-1 4336942
.14 maker-168269733-augustus-gene-0.20-mRNA-1 756597
.85 maker-167816158-augustus-gene-0.35-mRNA-1 4336511
.93 maker-163943313-augustus-gene-0.4-mRNA-1 4336965
.77 maker-167975377-augustus-gene-0.4-mRNA-1 4336557
.10 maker-168513276-snap-gene-0.29-mRNA-1 962417
.89 maker-168513276-snap-gene-0.29-mRNA-1 4336674
.87 augustus_masked-162827958-processed-gene-0.0-mRNA-1 4250685
.99 maker-168509643-snap-gene-1.86-mRNA-1 4336913
.37 maker-168375019-augustus-gene-0.45-mRNA-1 4336936
.94 augustus_masked-167210785-processed-gene-0.1-mRNA-1 4336684
.12 snap_masked-168549317-processed-gene-0.93-mRNA-1 4240625
.87 snap_masked-168549317-processed-gene-0.93-mRNA-1 4240912
.43 maker-168187433-augustus-gene-0.31-mRNA-1 4336817
.54 maker-168187433-augustus-gene-0.31-mRNA-1 4336817
.85 maker-166099382-augustus-gene-0.4-mRNA-1 4242217
.13 maker-166099382-augustus-gene-0.4-mRNA-1 576467
.99 augustus_masked-165654167-processed-gene-0.0-mRNA-1 4336579
.99 augustus_masked-165654167-processed-gene-0.0-mRNA-1 4336183
.57 snap_masked-168547409-processed-gene-2.41-mRNA-1 4336546
.23 snap_masked-168547409-processed-gene-2.41-mRNA-1 4251267
.21 snap_masked-168547409-processed-gene-2.41-mRNA-1 850530
.42 maker-168259174-augustus-gene-0.44-mRNA-1 4336812
.46 maker-168259174-augustus-gene-0.44-mRNA-1 4336812
.99 maker-168190670-snap-gene-0.77-mRNA-4 4336492
.65 snap_masked-168551638-processed-gene-2.86-mRNA-1 4060992
.10 augustus_masked-161939159-processed-gene-0.0-mRNA-1 4271270
.89 augustus_masked-161939159-processed-gene-0.0-mRNA-1 4240248
.99 augustus_masked-168548975-processed-gene-0.0-mRNA-1 4336809
.05 maker-168187287-augustus-gene-0.35-mRNA-1 4243410
.94 maker-168187287-augustus-gene-0.35-mRNA-1 4336967
.27 maker-163500561-augustus-gene-0.5-mRNA-1 4243334
.55 maker-163500561-augustus-gene-0.5-mRNA-1 4241349
.75 maker-168440810-augustus-gene-1.90-mRNA-1 4336309
.21 maker-168440810-augustus-gene-1.90-mRNA-1 4321251
.99 maker-168403036-snap-gene-0.55-mRNA-1 4336835
.99 maker-168233618-augustus-gene-0.42-mRNA-1 4336908
.66 genemark-168193286-processed-gene-0.26-mRNA-1 4336726
.14 genemark-168193286-processed-gene-0.26-mRNA-1 1781076
.88 snap_masked-166743085-processed-gene-0.2-mRNA-1 4336563
.11 snap_masked-166743085-processed-gene-0.2-mRNA-1 4243824
.99 maker-164514551-augustus-gene-0.4-mRNA-1 4336793
.99 augustus_masked-168321181-processed-gene-0.4-mRNA-1 4250665
.44 maker-167961018-augustus-gene-0.5-mRNA-1 4240448
.17 maker-167961018-augustus-gene-0.5-mRNA-1 941708
.85 augustus_masked-168317034-processed-gene-0.0-mRNA-1 4336578
.02 augustus_masked-168317034-processed-gene-0.0-mRNA-1 4336577
.04 augustus_masked-168317034-processed-gene-0.0-mRNA-1 4336577
.63 maker-168555524-snap-gene-0.90-mRNA-1 4241865
.18 maker-168555524-snap-gene-0.90-mRNA-1 4241219
.17 maker-168555524-snap-gene-0.90-mRNA-1 4283262
.13 maker-168555524-snap-gene-0.90-mRNA-1 4242233
.71 maker-168190333-snap-gene-1.78-mRNA-1 4336227
.15 maker-168190333-snap-gene-1.78-mRNA-1 2931224
.15 maker-168420720-snap-gene-0.5-mRNA-1 966575
.14 maker-168420720-snap-gene-0.5-mRNA-1 4242827
.11 maker-168420720-snap-gene-0.5-mRNA-1 4244532
.11 maker-168420720-snap-gene-0.5-mRNA-1 672245
.99 genemark-161672094-processed-gene-0.1-mRNA-1 4336934
.52 maker-168557953-augustus-gene-0.38-mRNA-1 4336927
.04 maker-168557953-augustus-gene-0.38-mRNA-1 4264031
.04 maker-168557953-augustus-gene-0.38-mRNA-1 242392
.04 maker-168557953-augustus-gene-0.38-mRNA-1 403050
.87 maker-168257721-augustus-gene-0.22-mRNA-2 4336340
.35 maker-168292587-augustus-gene-0.26-mRNA-1 4336940
.33 maker-168292587-augustus-gene-0.26-mRNA-1 4336940
.70 maker-168495827-augustus-gene-0.28-mRNA-1 4336829
.24 maker-168495827-augustus-gene-0.28-mRNA-1 4336560
.24 maker-168495827-augustus-gene-0.28-mRNA-1 4336561
.67 maker-168574279-augustus-gene-0.75-mRNA-1 4242542
.24 maker-168567982-snap-gene-0.52-mRNA-1 4242939
.27 maker-168567982-snap-gene-0.52-mRNA-1 4336176
.24 maker-168567982-snap-gene-0.52-mRNA-1 4262869
.16 maker-168567982-snap-gene-0.52-mRNA-1 902824
.08 maker-168567982-snap-gene-0.52-mRNA-1 4247870
.65 maker-168296297-snap-gene-0.35-mRNA-1 4336893
.33 maker-168296297-snap-gene-0.35-mRNA-1 4336893
.54 snap_masked-162990672-processed-gene-0.3-mRNA-1 3125114
.99 maker-164959811-snap-gene-0.4-mRNA-1 4336916
.43 maker-167925710-snap-gene-0.5-mRNA-1 4243863
.99 augustus_masked-168573039-processed-gene-0.4-mRNA-1 4247233
.99 augustus_masked-166432361-processed-gene-0.0-mRNA-1 4336624
.42 maker-168188025-augustus-gene-0.61-mRNA-1 4242039
.25 maker-168352424-snap-gene-0.20-mRNA-1 4336254
.27 maker-168352424-snap-gene-0.20-mRNA-1 4260642
.13 maker-167939724-augustus-gene-0.28-mRNA-1 4249451
.05 maker-167939724-augustus-gene-0.28-mRNA-1 1245782
.43 maker-167877401-snap-gene-0.17-mRNA-1 4336488
.17 maker-167877401-snap-gene-0.17-mRNA-1 1103137
.13 maker-167877401-snap-gene-0.17-mRNA-1 836157
.08 maker-167877401-snap-gene-0.17-mRNA-1 4243632
.60 maker-168547366-snap-gene-0.67-mRNA-1 4336953
.99 maker-161753639-augustus-gene-0.3-mRNA-1 4336799
.99 maker-168526878-augustus-gene-0.28-mRNA-1 4336369
.99 maker-168188175-augustus-gene-0.72-mRNA-1 4336724
.99 augustus_masked-168577525-processed-gene-0.3-mRNA-1 4336824
.10 maker-168552177-snap-gene-0.105-mRNA-1 632620
.85 maker-168552177-snap-gene-0.105-mRNA-1 4336548
.99 maker-168184446-augustus-gene-0.10-mRNA-1 4336946
.59 maker-168381471-snap-gene-0.7-mRNA-2 925731
.35 maker-168381471-snap-gene-0.7-mRNA-2 1024744
.38 maker-168381471-snap-gene-0.7-mRNA-2 822213
.35 maker-168381471-snap-gene-0.7-mRNA-2 4247508
.36 maker-168381471-snap-gene-0.7-mRNA-2 4254517
.99 augustus_masked-162318402-processed-gene-0.0-mRNA-1 4287590
.45 augustus_masked-168196290-processed-gene-0.8-mRNA-1 2393565
.51 maker-168189014-snap-gene-0.20-mRNA-1 4239927
.48 maker-168189014-snap-gene-0.20-mRNA-1 4336879
.91 maker-168561571-augustus-gene-0.27-mRNA-1 4336484
.41 maker-167817183-augustus-gene-0.17-mRNA-1 4336833
.18 maker-167817183-augustus-gene-0.17-mRNA-1 1760791
.47 maker-168500640-snap-gene-0.16-mRNA-1 2890132
.41 maker-168500640-snap-gene-0.16-mRNA-1 3231564
.09 snap_masked-168203959-processed-gene-0.35-mRNA-1 4289490
.90 snap_masked-168203959-processed-gene-0.35-mRNA-1 4336513
.42 genemark-168302669-processed-gene-0.5-mRNA-1 2660172
.34 genemark-168302669-processed-gene-0.5-mRNA-1 3783699
.99 maker-168399500-augustus-gene-0.8-mRNA-1 4336964
.96 maker-168410962-augustus-gene-0.24-mRNA-1 4336929
.33 maker-167999360-snap-gene-0.10-mRNA-1 4240944
.57 maker-167999360-snap-gene-0.10-mRNA-1 4240945
.99 maker-168577169-snap-gene-0.92-mRNA-1 4336949
.62 maker-168292046-augustus-gene-0.45-mRNA-1 4267661
.33 maker-168292046-augustus-gene-0.45-mRNA-1 4240526
.69 maker-168183457-snap-gene-0.34-mRNA-1 4336595
.20 maker-168183457-snap-gene-0.34-mRNA-1 4245097
.77 maker-168554558-augustus-gene-2.102-mRNA-1 4336808
.22 maker-168554558-augustus-gene-2.102-mRNA-1 4256271
.39 maker-168563918-augustus-gene-1.87-mRNA-1 4247881
.60 maker-168563918-augustus-gene-1.87-mRNA-1 4336475
.40 maker-168255619-snap-gene-0.21-mRNA-1 4336632
.39 maker-168255619-snap-gene-0.21-mRNA-1 4243558
.36 maker-168255619-snap-gene-0.21-mRNA-1 4243897
.40 maker-168255619-snap-gene-0.21-mRNA-1 751060
.36 maker-168255619-snap-gene-0.21-mRNA-1 4242225
.44 maker-168334078-augustus-gene-0.26-mRNA-1 4243076
.17 maker-168334078-augustus-gene-0.26-mRNA-1 1354022
.39 maker-168241684-snap-gene-0.84-mRNA-1 512175
.25 maker-168241684-snap-gene-0.84-mRNA-1 4283250
.24 maker-168241684-snap-gene-0.84-mRNA-1 4279023
.14 maker-168241684-snap-gene-0.84-mRNA-1 4247657
.91 genemark-168250095-processed-gene-0.0-mRNA-1 4252817
.03 genemark-168250095-processed-gene-0.0-mRNA-1 1036015
.03 genemark-168250095-processed-gene-0.0-mRNA-1 268669
.03 genemark-168250095-processed-gene-0.0-mRNA-1 541552
.39 maker-168186977-augustus-gene-0.7-mRNA-1 4241373
.23 maker-168186977-augustus-gene-0.7-mRNA-1 1224304
.91 maker-168207041-augustus-gene-0.23-mRNA-1 4336944
.22 maker-168363263-augustus-gene-0.27-mRNA-1 4259641
.16 maker-168363263-augustus-gene-0.27-mRNA-1 1547289
.40 maker-165294499-snap-gene-0.3-mRNA-1 4243846
.59 maker-165294499-snap-gene-0.3-mRNA-1 442900
.99 maker-168240724-augustus-gene-0.7-mRNA-1 4336357
.09 genemark-168293829-processed-gene-0.11-mRNA-1 1466117
.17 genemark-168293829-processed-gene-0.11-mRNA-1 4273039
.48 augustus_masked-168190336-processed-gene-0.1-mRNA-1 4336961
.12 augustus_masked-168190336-processed-gene-0.1-mRNA-1 4247392
.12 augustus_masked-168190336-processed-gene-0.1-mRNA-1 4240244
.08 augustus_masked-168190336-processed-gene-0.1-mRNA-1 396989
.60 maker-168188335-snap-gene-0.54-mRNA-1 4336171
.38 maker-168188335-snap-gene-0.54-mRNA-1 4336544
.13 maker-168188335-snap-gene-0.54-mRNA-1 1791269
.13 maker-168188335-snap-gene-0.54-mRNA-1 967418
.14 maker-168188335-snap-gene-0.54-mRNA-1 2364793
.09 maker-168249444-snap-gene-0.103-mRNA-1 581899
.90 maker-168249444-snap-gene-0.103-mRNA-1 4336319
.06 augustus_masked-162036475-processed-gene-0.0-mRNA-1 4336747
.62 maker-168509365-augustus-gene-0.11-mRNA-1 4254689
.26 maker-168509365-augustus-gene-0.11-mRNA-1 1422764
.24 maker-168509365-augustus-gene-0.11-mRNA-1 1330698
.20 maker-168509365-augustus-gene-0.11-mRNA-1 4286694
.84 augustus_masked-168243555-processed-gene-0.3-mRNA-1 4240154
.10 augustus_masked-168243555-processed-gene-0.3-mRNA-1 2098911
.99 augustus_masked-168575501-processed-gene-0.11-mRNA-1 4260448
.89 maker-168191815-snap-gene-0.30-mRNA-1 4336966
.89 snap_masked-168099415-processed-gene-0.21-mRNA-1 1772804
.95 augustus_masked-168558992-processed-gene-0.0-mRNA-1 1840061
.52 augustus_masked-168558992-processed-gene-0.0-mRNA-1 3844191
.52 augustus_masked-168558992-processed-gene-0.0-mRNA-1 2070312
.56 augustus_masked-168558992-processed-gene-0.0-mRNA-1 2269146
.45 augustus_masked-168558992-processed-gene-0.0-mRNA-1 488968
.19 maker-168185066-snap-gene-0.6-mRNA-1 674482
.43 maker-168185066-snap-gene-0.6-mRNA-1 674482
.75 augustus_masked-162531797-processed-gene-0.0-mRNA-1 4240900
.11 augustus_masked-162531797-processed-gene-0.0-mRNA-1 1740816
.11 augustus_masked-162531797-processed-gene-0.0-mRNA-1 2817820
.11 augustus_masked-162531797-processed-gene-0.0-mRNA-1 4249175
.11 augustus_masked-162531797-processed-gene-0.0-mRNA-1 4267125
.82 maker-168186779-augustus-gene-0.15-mRNA-1 4336922
.99 maker-167803196-augustus-gene-0.53-mRNA-1 4336221
.33 genemark-168291112-processed-gene-0.5-mRNA-1 4243762
.32 genemark-168291112-processed-gene-0.5-mRNA-1 4260448
.15 genemark-168291112-processed-gene-0.5-mRNA-1 1693719
.57 snap_masked-167982074-processed-gene-0.6-mRNA-1 4270782
.51 maker-162220613-snap-gene-0.4-mRNA-1 4246451
.28 maker-162220613-snap-gene-0.4-mRNA-1 4244573
.99 maker-168106305-augustus-gene-0.18-mRNA-1 4336933
.18 maker-168232993-augustus-gene-0.8-mRNA-1 4239827
.18 maker-168232993-augustus-gene-0.8-mRNA-1 4336921
.30 maker-159137746-augustus-gene-0.3-mRNA-1 4241433
.20 maker-159137746-augustus-gene-0.3-mRNA-1 4253049
.01 maker-159137746-augustus-gene-0.3-mRNA-1 4241904
.99 snap_masked-166923051-processed-gene-0.2-mRNA-1 4336795
.51 snap_masked-168433123-processed-gene-0.3-mRNA-1 2986067
.47 snap_masked-168433123-processed-gene-0.3-mRNA-1 4336971
.46 snap_masked-168433123-processed-gene-0.3-mRNA-1 4336971
.54 augustus_masked-168337306-processed-gene-0.1-mRNA-1 4244418
.03 augustus_masked-168337306-processed-gene-0.1-mRNA-1 4245119
.03 augustus_masked-168337306-processed-gene-0.1-mRNA-1 716519
.65 maker-168246658-snap-gene-0.72-mRNA-1 4336814
.56 maker-168214681-augustus-gene-0.105-mRNA-1 4336816
.63 maker-168369133-augustus-gene-0.65-mRNA-1 4336166
.36 maker-168369133-augustus-gene-0.65-mRNA-1 4246800
.66 maker-168489400-snap-gene-0.28-mRNA-1 4336589
.59 snap_masked-168333882-processed-gene-0.52-mRNA-1 4336293
.99 maker-168571225-snap-gene-0.46-mRNA-1 4242913
.50 augustus_masked-168409122-processed-gene-0.2-mRNA-1 2013096
.48 augustus_masked-168409122-processed-gene-0.2-mRNA-1 1344746
.44 augustus_masked-168409122-processed-gene-0.2-mRNA-1 1370329
.43 augustus_masked-168409122-processed-gene-0.2-mRNA-1 4304474
.43 augustus_masked-168409122-processed-gene-0.2-mRNA-1 386288
.60 maker-168540088-augustus-gene-0.99-mRNA-1 203380
.28 maker-168540088-augustus-gene-0.99-mRNA-1 884117
.28 maker-168540088-augustus-gene-0.99-mRNA-1 146357
.28 maker-168540088-augustus-gene-0.99-mRNA-1 17046
.18 maker-168540088-augustus-gene-0.99-mRNA-1 1912639
.63 snap_masked-168182963-processed-gene-0.36-mRNA-1 3393879
.90 augustus_masked-168518192-processed-gene-0.13-mRNA-1 4336970
.08 augustus_masked-168518192-processed-gene-0.13-mRNA-1 4336970
.99 maker-37670081-snap-gene-0.3-mRNA-1 4260546
.52 maker-168565676-augustus-gene-0.60-mRNA-1 4336971
.63 snap_masked-168266478-processed-gene-0.30-mRNA-1 3604066
.72 maker-168572914-augustus-gene-0.26-mRNA-1 4336818
.27 maker-168572914-augustus-gene-0.26-mRNA-1 1665817
.99 snap_masked-167798297-processed-gene-0.125-mRNA-1 4336702
.99 maker-167237107-augustus-gene-0.3-mRNA-1 4336872
.48 maker-168577235-snap-gene-0.134-mRNA-1 4299892
.51 maker-168577235-snap-gene-0.134-mRNA-1 4252379
.19 maker-167924612-snap-gene-0.22-mRNA-1 1462382
.80 maker-167924612-snap-gene-0.22-mRNA-1 4257909
.51 maker-160522394-snap-gene-0.6-mRNA-2 4336509
.20 maker-160522394-snap-gene-0.6-mRNA-2 403661
.22 maker-160522394-snap-gene-0.6-mRNA-2 513520
.19 maker-160522394-snap-gene-0.6-mRNA-2 563223
.20 maker-160522394-snap-gene-0.6-mRNA-2 488401
.99 augustus_masked-168274548-processed-gene-0.1-mRNA-1 4336499
.67 maker-168191937-snap-gene-0.121-mRNA-1 4336647
.11 maker-168191937-snap-gene-0.121-mRNA-1 1977468
.99 maker-168278366-augustus-gene-0.19-mRNA-1 4336880
.09 maker-168451659-augustus-gene-0.47-mRNA-1 1860211
.83 maker-168451659-augustus-gene-0.47-mRNA-1 4336938
.63 augustus_masked-168350479-processed-gene-0.11-mRNA-1 4035285
.25 augustus_masked-168410931-processed-gene-0.5-mRNA-1 4336732
.21 augustus_masked-168410931-processed-gene-0.5-mRNA-1 1141772
.20 augustus_masked-168410931-processed-gene-0.5-mRNA-1 934482
.17 augustus_masked-168410931-processed-gene-0.5-mRNA-1 601381
.66 maker-160632232-augustus-gene-0.3-mRNA-1 4242427
.24 maker-160632232-augustus-gene-0.3-mRNA-1 936108
.20 maker-160632232-augustus-gene-0.3-mRNA-1 1129410
.99 augustus_masked-168287992-processed-gene-0.4-mRNA-1 4336547
.43 augustus_masked-168111514-processed-gene-0.1-mRNA-1 4336932
.32 augustus_masked-168111514-processed-gene-0.1-mRNA-1 4336107
.75 maker-168251162-augustus-gene-0.62-mRNA-1 4336841
.16 maker-168251162-augustus-gene-0.62-mRNA-1 2055645
.16 maker-165340764-snap-gene-0.5-mRNA-1 4243279
.82 maker-165340764-snap-gene-0.5-mRNA-1 4336011
.15 snap_masked-168123753-processed-gene-0.26-mRNA-1 2732628
.14 snap_masked-168123753-processed-gene-0.26-mRNA-1 4289633
.05 snap_masked-168123753-processed-gene-0.26-mRNA-1 1224620
.70 maker-168406216-snap-gene-1.65-mRNA-1 4336551
.03 maker-168406216-snap-gene-1.65-mRNA-1 1419055
.28 maker-168257984-augustus-gene-0.9-mRNA-1 4244757
.05 maker-168257984-augustus-gene-0.9-mRNA-1 805456
.99 maker-168191426-augustus-gene-0.29-mRNA-3 4336892
.41 maker-166937603-snap-gene-0.5-mRNA-1 4336952
.44 maker-168189895-augustus-gene-1.71-mRNA-1 4336939
.55 maker-168189895-augustus-gene-1.71-mRNA-1 4336939
.65 maker-168253925-augustus-gene-0.16-mRNA-1 4336506
.38 maker-168253925-augustus-gene-0.16-mRNA-1 193132
.19 maker-168253925-augustus-gene-0.16-mRNA-1 1138100
.17 maker-168253925-augustus-gene-0.16-mRNA-1 856706
.14 maker-168577096-snap-gene-0.17-mRNA-1 4249096
.85 maker-168577096-snap-gene-0.17-mRNA-1 4336890
.57 snap_masked-168322613-processed-gene-0.36-mRNA-1 4247404
.29 snap_masked-168322613-processed-gene-0.36-mRNA-1 569295
.98 snap_masked-168382665-processed-gene-0.12-mRNA-1 4336666
.98 maker-168182785-snap-gene-0.59-mRNA-1 4336931
.90 maker-168008546-snap-gene-0.31-mRNA-1 4336945
.08 maker-168008546-snap-gene-0.31-mRNA-1 1135453
