.54 augustus_masked-164412411-processed-gene-0.0-mRNA-1 2234881
.42 augustus_masked-164412411-processed-gene-0.0-mRNA-1 2261112
.15 maker-168577270-snap-gene-0.62-mRNA-1 448559
.84 maker-168577270-snap-gene-0.62-mRNA-1 2297257
.35 maker-168229287-augustus-gene-0.7-mRNA-1 478004
.65 maker-167862567-augustus-gene-0.4-mRNA-1 2233534
.23 maker-168350051-augustus-gene-1.62-mRNA-1 2233877
.76 maker-168350051-augustus-gene-1.62-mRNA-1 2297006
.71 maker-168183254-snap-gene-0.7-mRNA-1 2238733
.82 maker-168446302-augustus-gene-0.89-mRNA-1 2296959
.13 maker-168446302-augustus-gene-0.89-mRNA-1 2233307
.53 maker-168446302-augustus-gene-0.89-mRNA-2 2296959
.29 maker-168446302-augustus-gene-0.89-mRNA-2 479475
.87 maker-168202927-snap-gene-0.53-mRNA-1 2235304
.03 maker-168202927-snap-gene-0.53-mRNA-1 1957906
.38 maker-168499000-snap-gene-0.105-mRNA-1 2235246
.33 genemark-168212948-processed-gene-0.29-mRNA-1 2246836
.33 genemark-168212948-processed-gene-0.29-mRNA-1 383605
.33 genemark-168212948-processed-gene-0.29-mRNA-1 2253811
.29 genemark-168212948-processed-gene-0.29-mRNA-1 528448
.30 genemark-168212948-processed-gene-0.29-mRNA-1 1375941
.41 maker-168419683-augustus-gene-0.111-mRNA-1 2297104
.19 augustus_masked-168185673-processed-gene-0.2-mRNA-1 2234400
.04 augustus_masked-168185673-processed-gene-0.2-mRNA-1 2234400
.48 maker-168374106-augustus-gene-0.7-mRNA-1 2297264
.19 maker-168374106-augustus-gene-0.7-mRNA-1 260265
.55 augustus_masked-168228029-processed-gene-0.15-mRNA-1 2297191
.28 augustus_masked-168228029-processed-gene-0.15-mRNA-1 2236945
.24 augustus_masked-168228029-processed-gene-0.15-mRNA-1 2240613
.20 augustus_masked-168228029-processed-gene-0.15-mRNA-1 732955
.83 maker-167898369-augustus-gene-0.84-mRNA-1 2296951
.13 maker-167898369-augustus-gene-0.84-mRNA-1 141991
.14 snap_masked-162995502-processed-gene-0.2-mRNA-1 891522
.81 snap_masked-162995502-processed-gene-0.2-mRNA-1 2273215
.76 maker-168470051-snap-gene-0.40-mRNA-1 2297281
.99 augustus_masked-168480493-processed-gene-0.9-mRNA-1 2297116
.47 maker-168575537-augustus-gene-0.64-mRNA-1 2296974
.26 maker-168575537-augustus-gene-0.64-mRNA-1 109150
.12 maker-168575537-augustus-gene-0.64-mRNA-1 201115
.33 genemark-166920550-processed-gene-0.0-mRNA-1 2236563
.23 genemark-166920550-processed-gene-0.0-mRNA-1 1087047
.21 genemark-166920550-processed-gene-0.0-mRNA-1 885621
.80 maker-168185567-augustus-gene-0.11-mRNA-2 2297288
.54 maker-168568474-snap-gene-0.81-mRNA-1 2297160
.99 maker-164687080-snap-gene-0.4-mRNA-2 2297202
.58 maker-168186754-snap-gene-0.41-mRNA-1 323949
.07 maker-168186754-snap-gene-0.41-mRNA-1 2241832
.87 augustus_masked-158701749-processed-gene-0.0-mRNA-1 2297045
.99 maker-168516342-snap-gene-0.16-mRNA-1 2297285
.13 maker-167886175-snap-gene-0.26-mRNA-2 812625
.17 augustus_masked-168550118-processed-gene-1.59-mRNA-1 583697
.40 augustus_masked-168550118-processed-gene-1.59-mRNA-1 2255862
.31 maker-168436135-augustus-gene-0.62-mRNA-1 1088298
.65 maker-168436135-augustus-gene-0.62-mRNA-1 2297019
.48 snap_masked-167898010-processed-gene-0.9-mRNA-1 2237588
.35 snap_masked-167898010-processed-gene-0.9-mRNA-1 2235119
.33 snap_masked-167898010-processed-gene-0.9-mRNA-1 2235178
.86 maker-168186767-augustus-gene-0.11-mRNA-2 2297269
.10 maker-168186767-augustus-gene-0.11-mRNA-2 1364957
.99 maker-168555059-snap-gene-0.64-mRNA-1 2297256
.61 maker-168263632-augustus-gene-0.11-mRNA-1 2297144
.49 maker-168263632-augustus-gene-0.11-mRNA-1 2297124
.16 genemark-168108174-processed-gene-0.7-mRNA-1 869547
.15 genemark-168108174-processed-gene-0.7-mRNA-1 2254663
.12 genemark-168108174-processed-gene-0.7-mRNA-1 1071246
.12 genemark-168108174-processed-gene-0.7-mRNA-1 2089650
.38 augustus_masked-167962785-processed-gene-0.0-mRNA-1 2263697
.60 augustus_masked-167962785-processed-gene-0.0-mRNA-1 289604
.44 maker-168525135-augustus-gene-0.13-mRNA-2 2235374
.07 maker-168525135-augustus-gene-0.13-mRNA-2 546382
.03 maker-168525135-augustus-gene-0.13-mRNA-2 2235373
.20 maker-168573578-snap-gene-0.67-mRNA-1 536626
.15 maker-168573578-snap-gene-0.67-mRNA-1 2296706
.72 augustus_masked-163773304-processed-gene-0.0-mRNA-1 2271980
.25 augustus_masked-163773304-processed-gene-0.0-mRNA-1 2237579
.33 maker-168366729-augustus-gene-0.27-mRNA-1 2297286
.09 maker-168366729-augustus-gene-0.27-mRNA-1 363414
.51 augustus_masked-166308511-processed-gene-0.0-mRNA-1 1352600
.11 maker-168572217-snap-gene-0.19-mRNA-1 2243685
.88 maker-168572217-snap-gene-0.19-mRNA-1 2296980
.98 maker-168559580-snap-gene-0.40-mRNA-1 2297276
.82 maker-168541419-snap-gene-0.77-mRNA-1 2296572
.66 genemark-167909353-processed-gene-0.12-mRNA-1 2245057
.22 genemark-167909353-processed-gene-0.12-mRNA-1 195559
.30 maker-168194286-snap-gene-0.38-mRNA-1 189493
.36 maker-168194286-snap-gene-0.38-mRNA-1 2296727
.61 maker-168481841-snap-gene-0.46-mRNA-1 2235117
.42 maker-165751893-augustus-gene-0.3-mRNA-1 269769
.25 maker-165751893-augustus-gene-0.3-mRNA-1 505551
.25 maker-165751893-augustus-gene-0.3-mRNA-1 516894
.26 augustus_masked-168190485-processed-gene-0.12-mRNA-1 642120
.19 augustus_masked-168190485-processed-gene-0.12-mRNA-1 2249447
.19 augustus_masked-168190485-processed-gene-0.12-mRNA-1 651612
.11 augustus_masked-168190485-processed-gene-0.12-mRNA-1 702004
.11 augustus_masked-168190485-processed-gene-0.12-mRNA-1 1130509
.42 snap_masked-163925822-processed-gene-0.2-mRNA-1 790873
.35 snap_masked-163925822-processed-gene-0.2-mRNA-1 902160
.53 maker-168571047-augustus-gene-0.110-mRNA-1 2297183
.24 maker-168571047-augustus-gene-0.110-mRNA-1 2244889
.20 maker-168571047-augustus-gene-0.110-mRNA-1 680818
.14 maker-168571047-augustus-gene-0.110-mRNA-1 787018
.13 maker-168571047-augustus-gene-0.110-mRNA-1 827830
.11 maker-168350479-augustus-gene-0.43-mRNA-1 2234059
.74 maker-168350479-augustus-gene-0.43-mRNA-1 2297017
.37 augustus_masked-168315634-processed-gene-0.6-mRNA-1 2254283
.54 augustus_masked-168315634-processed-gene-0.6-mRNA-1 2235174
.76 augustus_masked-168453577-processed-gene-0.1-mRNA-1 2275592
.13 augustus_masked-168453577-processed-gene-0.1-mRNA-1 2237699
.10 augustus_masked-168453577-processed-gene-0.1-mRNA-1 1151106
.10 augustus_masked-168453577-processed-gene-0.1-mRNA-1 558728
.59 augustus_masked-168577490-processed-gene-1.3-mRNA-1 2297141
.91 augustus_masked-162882530-processed-gene-0.0-mRNA-1 698367
.03 augustus_masked-162882530-processed-gene-0.0-mRNA-1 1697750
.60 snap_masked-167741742-processed-gene-0.4-mRNA-1 2297117
.38 snap_masked-167741742-processed-gene-0.4-mRNA-1 2254450
.30 augustus_masked-168387263-processed-gene-0.15-mRNA-1 2234351
.22 augustus_masked-168387263-processed-gene-0.15-mRNA-1 2252066
.17 augustus_masked-168387263-processed-gene-0.15-mRNA-1 601617
.16 augustus_masked-168387263-processed-gene-0.15-mRNA-1 1030197
.14 augustus_masked-168387263-processed-gene-0.15-mRNA-1 389864
.29 maker-168462753-augustus-gene-0.87-mRNA-1 2297035
.22 maker-168462753-augustus-gene-0.87-mRNA-1 2244943
.81 maker-168311476-augustus-gene-0.60-mRNA-1 2296982
.05 maker-168311476-augustus-gene-0.60-mRNA-1 2166613
.05 maker-168311476-augustus-gene-0.60-mRNA-1 420408
.05 maker-168311476-augustus-gene-0.60-mRNA-1 915853
.07 maker-168311476-augustus-gene-0.60-mRNA-1 1526156
.04 maker-168429485-augustus-gene-0.70-mRNA-1 2260412
.76 maker-168429485-augustus-gene-0.70-mRNA-1 2238206
.99 augustus_masked-168082245-processed-gene-0.2-mRNA-1 2297178
.82 maker-168118381-augustus-gene-0.10-mRNA-2 2297052
.17 maker-168118381-augustus-gene-0.10-mRNA-2 121013
.70 maker-168213252-snap-gene-0.91-mRNA-1 2296614
.26 maker-168310344-snap-gene-0.6-mRNA-1 1146523
.57 maker-168310344-snap-gene-0.6-mRNA-1 2239950
.70 augustus_masked-168006039-processed-gene-0.0-mRNA-1 2297200
.18 augustus_masked-168006039-processed-gene-0.0-mRNA-1 2267913
.11 genemark-168010118-processed-gene-0.11-mRNA-1 785309
.06 genemark-168010118-processed-gene-0.11-mRNA-1 1354386
.71 maker-168300109-augustus-gene-0.57-mRNA-1 2296923
.11 maker-168300109-augustus-gene-0.57-mRNA-1 1216833
.80 maker-168372923-augustus-gene-0.59-mRNA-1 2297120
.12 maker-168372923-augustus-gene-0.59-mRNA-1 1108506
.99 snap_masked-162051028-processed-gene-0.3-mRNA-1 2296747
.99 maker-168280277-augustus-gene-0.36-mRNA-1 2297195
.64 snap_masked-168183981-processed-gene-0.5-mRNA-1 2297289
.13 snap_masked-168183981-processed-gene-0.5-mRNA-1 2240998
.13 snap_masked-168183981-processed-gene-0.5-mRNA-1 800231
.36 maker-168249436-augustus-gene-0.9-mRNA-1 2234139
.63 maker-168249436-augustus-gene-0.9-mRNA-1 2240117
.12 maker-168188496-snap-gene-0.48-mRNA-1 542862
.13 maker-168188496-snap-gene-0.48-mRNA-1 1421450
.13 maker-168188496-snap-gene-0.48-mRNA-1 2284033
.15 maker-168188496-snap-gene-0.48-mRNA-1 2249320
.18 maker-168188496-snap-gene-0.48-mRNA-1 2295230
.80 augustus_masked-168447571-processed-gene-0.2-mRNA-1 2296995
.19 augustus_masked-168447571-processed-gene-0.2-mRNA-1 460133
.99 snap_masked-168571462-processed-gene-0.17-mRNA-1 2297131
.27 maker-168452489-snap-gene-0.74-mRNA-1 1034249
.39 maker-168452489-snap-gene-0.74-mRNA-1 296190
.44 maker-168307674-augustus-gene-0.8-mRNA-3 2297197
.22 maker-168307674-augustus-gene-0.8-mRNA-3 2235399
.29 maker-168577007-snap-gene-0.30-mRNA-1 2297262
.58 maker-167889808-augustus-gene-0.46-mRNA-1 354191
.17 maker-167889808-augustus-gene-0.46-mRNA-1 206659
.99 maker-168294776-augustus-gene-0.15-mRNA-1 2297290
.06 maker-168190522-snap-gene-0.115-mRNA-1 1884389
.86 maker-168190522-snap-gene-0.115-mRNA-1 2238182
.41 augustus_masked-168319999-processed-gene-0.8-mRNA-1 2205392
.26 augustus_masked-168319999-processed-gene-0.8-mRNA-1 1135201
.81 maker-162313884-snap-gene-0.7-mRNA-1 2297271
.14 maker-162313884-snap-gene-0.7-mRNA-1 2288656
.10 maker-162313884-snap-gene-0.7-mRNA-1 1120255
.19 maker-168204043-snap-gene-0.20-mRNA-1 2297242
.40 maker-168189731-snap-gene-0.17-mRNA-1 2297280
.22 maker-168189731-snap-gene-0.17-mRNA-1 2297280
.38 augustus_masked-168277055-processed-gene-0.0-mRNA-1 2241011
.51 augustus_masked-168277055-processed-gene-0.0-mRNA-1 527458
.25 augustus_masked-94147209-processed-gene-0.0-mRNA-1 746805
.21 augustus_masked-94147209-processed-gene-0.0-mRNA-1 491600
.19 augustus_masked-94147209-processed-gene-0.0-mRNA-1 377891
.22 augustus_masked-94147209-processed-gene-0.0-mRNA-1 2265488
.13 augustus_masked-94147209-processed-gene-0.0-mRNA-1 552165
.50 maker-168569300-augustus-gene-0.28-mRNA-1 2297263
.18 maker-168569300-augustus-gene-0.28-mRNA-1 795303
.18 maker-168569300-augustus-gene-0.28-mRNA-1 1034002
.51 augustus_masked-168292425-processed-gene-0.1-mRNA-1 739960
.39 maker-168577380-augustus-gene-0.32-mRNA-1 2297283
.21 maker-168577380-augustus-gene-0.32-mRNA-1 2297283
.20 genemark-168400497-processed-gene-0.3-mRNA-1 818558
.36 maker-168410806-augustus-gene-0.10-mRNA-1 2296826
.34 maker-168410806-augustus-gene-0.10-mRNA-1 2235040
.22 maker-168410806-augustus-gene-0.10-mRNA-1 2251322
.19 maker-168410806-augustus-gene-0.10-mRNA-1 2240056
.21 maker-168410806-augustus-gene-0.10-mRNA-1 533515
.39 snap_masked-163994296-processed-gene-0.2-mRNA-1 1589610
.99 augustus_masked-168050235-processed-gene-0.0-mRNA-1 2297287
.72 maker-168154321-snap-gene-0.46-mRNA-1 2297199
.23 snap_masked-167965969-processed-gene-0.10-mRNA-1 2267693
.22 maker-168376257-augustus-gene-0.21-mRNA-1 202941
.55 maker-168376257-augustus-gene-0.21-mRNA-1 2272691
.74 maker-164628634-snap-gene-0.4-mRNA-1 2235331
.25 maker-164628634-snap-gene-0.4-mRNA-1 316310
.25 augustus_masked-102623972-processed-gene-0.0-mRNA-1 2254834
.72 augustus_masked-161793453-processed-gene-0.0-mRNA-1 267425
.66 augustus_masked-161793453-processed-gene-0.0-mRNA-1 2237351
.26 augustus_masked-161793453-processed-gene-0.0-mRNA-1 2145667
.14 augustus_masked-161793453-processed-gene-0.0-mRNA-1 2234779
.14 augustus_masked-161793453-processed-gene-0.0-mRNA-1 1346114
.63 genemark-168461475-processed-gene-0.2-mRNA-1 2297291
.12 genemark-168461475-processed-gene-0.2-mRNA-1 2297291
.58 maker-168276834-augustus-gene-1.133-mRNA-2 2296845
.10 maker-168276834-augustus-gene-1.133-mRNA-2 2297244
.92 augustus_masked-165876957-processed-gene-0.0-mRNA-1 2296904
.07 augustus_masked-165876957-processed-gene-0.0-mRNA-1 605010
.77 augustus_masked-167747860-processed-gene-0.2-mRNA-1 2236363
.22 augustus_masked-167747860-processed-gene-0.2-mRNA-1 2269004
.99 maker-168487040-augustus-gene-0.10-mRNA-1 2297239
.58 maker-162042130-augustus-gene-0.3-mRNA-1 2296826
.41 maker-162042130-augustus-gene-0.3-mRNA-1 2296822
.59 maker-168414305-snap-gene-0.67-mRNA-1 2296968
.38 maker-168414305-snap-gene-0.67-mRNA-1 2233369
.15 maker-168058525-snap-gene-0.75-mRNA-1 2237353
.27 maker-168058525-snap-gene-0.75-mRNA-1 2237352
.15 maker-168472946-snap-gene-0.29-mRNA-1 1363391
.54 maker-168472946-snap-gene-0.29-mRNA-1 2296842
.73 snap_masked-167837038-processed-gene-0.12-mRNA-1 2296786
.47 maker-168485647-snap-gene-0.4-mRNA-1 981055
.47 maker-168485647-snap-gene-0.4-mRNA-1 547242
.43 maker-168485647-snap-gene-0.4-mRNA-1 671046
.43 maker-168485647-snap-gene-0.4-mRNA-1 959062
.40 maker-168485647-snap-gene-0.4-mRNA-1 123825
.48 maker-168186670-augustus-gene-0.9-mRNA-1 2297040
.50 maker-168186670-augustus-gene-0.9-mRNA-1 2297040
.31 augustus_masked-168048797-processed-gene-0.0-mRNA-1 2242927
.27 augustus_masked-168048797-processed-gene-0.0-mRNA-1 2233391
.27 augustus_masked-168048797-processed-gene-0.0-mRNA-1 399578
.26 augustus_masked-168048797-processed-gene-0.0-mRNA-1 2240214
.24 augustus_masked-168048797-processed-gene-0.0-mRNA-1 2238183
.77 snap_masked-162851412-processed-gene-0.3-mRNA-1 307820
.22 snap_masked-162851412-processed-gene-0.3-mRNA-1 2296990
.46 maker-168376605-snap-gene-0.20-mRNA-1 2297205
.07 maker-168376605-snap-gene-0.20-mRNA-1 2235533
.26 maker-168408473-snap-gene-0.60-mRNA-1 491053
.70 maker-168408473-snap-gene-0.60-mRNA-1 2297184
.26 maker-168523894-snap-gene-0.32-mRNA-1 2247414
.04 maker-168523894-snap-gene-0.32-mRNA-1 2243344
.04 maker-168523894-snap-gene-0.32-mRNA-1 466043
.04 maker-168523894-snap-gene-0.32-mRNA-1 2237972
.04 maker-168523894-snap-gene-0.32-mRNA-1 645476
.33 maker-168193071-augustus-gene-0.23-mRNA-1 2297270
.21 maker-168193071-augustus-gene-0.23-mRNA-1 2297270
.18 maker-168193071-augustus-gene-0.23-mRNA-1 2242199
.16 maker-168471689-snap-gene-0.107-mRNA-1 2236029
.54 maker-168471689-snap-gene-0.107-mRNA-1 2297027
.38 augustus_masked-164440326-processed-gene-0.0-mRNA-1 196607
.38 augustus_masked-164440326-processed-gene-0.0-mRNA-1 145924
.17 maker-167851755-augustus-gene-0.17-mRNA-1 451799
.79 maker-167851755-augustus-gene-0.17-mRNA-1 2234768
.72 maker-168557445-augustus-gene-0.36-mRNA-1 2239020
.10 maker-168557445-augustus-gene-0.36-mRNA-1 2241342
.39 maker-168467170-augustus-gene-0.16-mRNA-1 2243637
.37 maker-168467170-augustus-gene-0.16-mRNA-1 552963
.20 maker-168191042-augustus-gene-0.47-mRNA-1 2241056
.79 maker-168191042-augustus-gene-0.47-mRNA-1 2296631
.20 augustus_masked-168059513-processed-gene-0.0-mRNA-1 890882
.40 augustus_masked-168059513-processed-gene-0.0-mRNA-1 2235846
.30 maker-168186678-snap-gene-0.11-mRNA-1 2297033
.08 maker-168186678-snap-gene-0.11-mRNA-1 2240022
.05 maker-168186678-snap-gene-0.11-mRNA-1 383904
.05 maker-168186678-snap-gene-0.11-mRNA-1 509942
.71 maker-167122957-snap-gene-0.4-mRNA-1 2296917
.28 maker-167122957-snap-gene-0.4-mRNA-1 291027
.11 maker-168300962-augustus-gene-0.4-mRNA-1 2235760
.85 augustus_masked-166129728-processed-gene-0.0-mRNA-1 2297260
.13 augustus_masked-166129728-processed-gene-0.0-mRNA-1 907573
.91 snap_masked-164508409-processed-gene-0.1-mRNA-1 2296731
.05 snap_masked-164508409-processed-gene-0.1-mRNA-1 1008025
.66 maker-168576956-augustus-gene-0.32-mRNA-1 2297198
.11 maker-168576956-augustus-gene-0.32-mRNA-1 922062
.36 maker-163028356-snap-gene-0.7-mRNA-1 509807
.39 snap_masked-168229165-processed-gene-0.21-mRNA-1 2235751
.60 snap_masked-168229165-processed-gene-0.21-mRNA-1 567834
.38 augustus_masked-167918065-processed-gene-0.5-mRNA-1 2271980
.09 augustus_masked-167918065-processed-gene-0.5-mRNA-1 2237579
.04 augustus_masked-167918065-processed-gene-0.5-mRNA-1 370074
.47 augustus_masked-168488205-processed-gene-0.1-mRNA-1 2297053
.28 augustus_masked-168488205-processed-gene-0.1-mRNA-1 999126
.22 augustus_masked-168488205-processed-gene-0.1-mRNA-1 2249961
.25 augustus_masked-168488205-processed-gene-0.1-mRNA-1 2297053
.57 maker-168371515-snap-gene-0.24-mRNA-1 2296725
.57 maker-168371515-snap-gene-0.24-mRNA-1 2297058
.26 maker-168371515-snap-gene-0.24-mRNA-1 2234429
.22 maker-168371515-snap-gene-0.24-mRNA-1 492602
.21 genemark-168370384-processed-gene-0.35-mRNA-1 818558
.16 genemark-168370384-processed-gene-0.35-mRNA-1 2274271
.69 augustus_masked-168457458-processed-gene-0.3-mRNA-1 357641
.30 augustus_masked-168457458-processed-gene-0.3-mRNA-1 775316
.45 maker-158787044-augustus-gene-0.3-mRNA-1 763234
.50 maker-158787044-augustus-gene-0.3-mRNA-1 1663593
.74 maker-168269733-augustus-gene-0.20-mRNA-1 2297278
.14 maker-168269733-augustus-gene-0.20-mRNA-1 420181
.99 maker-167816158-augustus-gene-0.35-mRNA-1 2235004
.28 augustus_masked-168554127-processed-gene-0.4-mRNA-1 711930
.75 maker-167975377-augustus-gene-0.4-mRNA-1 2259983
.10 maker-168513276-snap-gene-0.29-mRNA-1 527397
.89 maker-168513276-snap-gene-0.29-mRNA-1 2296816
.26 maker-168375019-augustus-gene-0.45-mRNA-1 2243011
.50 maker-168375019-augustus-gene-0.45-mRNA-1 2297268
.05 snap_masked-168549317-processed-gene-0.93-mRNA-1 215228
.94 snap_masked-168549317-processed-gene-0.93-mRNA-1 2234292
.43 maker-168187433-augustus-gene-0.31-mRNA-1 2297196
.56 maker-168187433-augustus-gene-0.31-mRNA-1 2297196
.87 maker-166099382-augustus-gene-0.4-mRNA-1 2297188
.11 maker-166099382-augustus-gene-0.4-mRNA-1 314251
.56 snap_masked-168547409-processed-gene-2.41-mRNA-1 2235522
.12 snap_masked-168547409-processed-gene-2.41-mRNA-1 528968
.42 maker-168259174-augustus-gene-0.44-mRNA-1 2297192
.46 maker-168259174-augustus-gene-0.44-mRNA-1 2297192
.35 maker-163500561-augustus-gene-0.5-mRNA-1 2236265
.47 maker-163500561-augustus-gene-0.5-mRNA-1 2234773
.75 maker-168440810-augustus-gene-1.90-mRNA-1 2297142
.21 maker-168440810-augustus-gene-1.90-mRNA-1 2286359
.66 genemark-168193286-processed-gene-0.26-mRNA-1 2297134
.14 genemark-168193286-processed-gene-0.26-mRNA-1 1635632
.80 snap_masked-166743085-processed-gene-0.2-mRNA-1 2297020
.18 snap_masked-166743085-processed-gene-0.2-mRNA-1 2236623
.44 maker-167961018-augustus-gene-0.5-mRNA-1 2297016
.17 maker-167961018-augustus-gene-0.5-mRNA-1 519550
.85 augustus_masked-168317034-processed-gene-0.0-mRNA-1 2297038
.02 augustus_masked-168317034-processed-gene-0.0-mRNA-1 2297037
.04 augustus_masked-168317034-processed-gene-0.0-mRNA-1 2297037
.99 augustus_masked-168301621-processed-gene-1.68-mRNA-1 2297259
.99 augustus_masked-168301621-processed-gene-1.68-mRNA-1 2296752
.99 augustus_masked-168301621-processed-gene-1.68-mRNA-1 2297227
.63 maker-168555524-snap-gene-0.90-mRNA-1 2296988
.24 maker-168555524-snap-gene-0.90-mRNA-1 2247396
.18 maker-168555524-snap-gene-0.90-mRNA-1 2234228
.13 maker-168555524-snap-gene-0.90-mRNA-1 2235791
.15 maker-168420720-snap-gene-0.5-mRNA-1 529644
.14 maker-168420720-snap-gene-0.5-mRNA-1 2235841
.11 maker-168420720-snap-gene-0.5-mRNA-1 2237435
.11 maker-168420720-snap-gene-0.5-mRNA-1 356837
.32 maker-168557953-augustus-gene-0.38-mRNA-1 424201
.18 maker-168557953-augustus-gene-0.38-mRNA-1 2234581
.08 maker-168557953-augustus-gene-0.38-mRNA-1 2238149
.06 maker-168557953-augustus-gene-0.38-mRNA-1 212237
.04 maker-168557953-augustus-gene-0.38-mRNA-1 212235
.92 maker-168257721-augustus-gene-0.22-mRNA-2 2296824
.35 maker-168292587-augustus-gene-0.26-mRNA-1 2297273
.33 maker-168292587-augustus-gene-0.26-mRNA-1 2297273
.70 maker-168495827-augustus-gene-0.28-mRNA-1 2297187
.24 maker-168495827-augustus-gene-0.28-mRNA-1 2297026
.24 maker-168495827-augustus-gene-0.28-mRNA-1 2297090
.22 maker-168495827-augustus-gene-0.28-mRNA-1 2237775
.20 maker-168567982-snap-gene-0.52-mRNA-1 2297024
.19 maker-168567982-snap-gene-0.52-mRNA-1 2237964
.09 maker-168567982-snap-gene-0.52-mRNA-1 2234385
.09 maker-168567982-snap-gene-0.52-mRNA-1 2234831
.09 maker-168567982-snap-gene-0.52-mRNA-1 487562
.34 maker-168353127-snap-gene-0.56-mRNA-1 2253324
.65 maker-168296297-snap-gene-0.35-mRNA-1 2297207
.33 maker-168296297-snap-gene-0.35-mRNA-1 2297207
.68 snap_masked-162990672-processed-gene-0.3-mRNA-1 1005442
.43 maker-167925710-snap-gene-0.5-mRNA-1 2236665
.38 maker-168188025-augustus-gene-0.61-mRNA-1 2297046
.39 maker-168352424-snap-gene-0.20-mRNA-1 330681
.24 maker-168352424-snap-gene-0.20-mRNA-1 2246022
.13 maker-168352424-snap-gene-0.20-mRNA-1 1654500
.17 maker-168352424-snap-gene-0.20-mRNA-1 509994
.04 maker-168352424-snap-gene-0.20-mRNA-1 2241471
.51 maker-167939724-augustus-gene-0.28-mRNA-1 2297261
.28 maker-167939724-augustus-gene-0.28-mRNA-1 2297261
.43 maker-167877401-snap-gene-0.17-mRNA-1 2234481
.17 maker-167877401-snap-gene-0.17-mRNA-1 880377
.13 maker-167877401-snap-gene-0.17-mRNA-1 464373
.08 maker-167877401-snap-gene-0.17-mRNA-1 2236471
.38 augustus_masked-168190142-processed-gene-0.8-mRNA-1 2264232
.27 augustus_masked-168190142-processed-gene-0.8-mRNA-1 898141
.22 augustus_masked-168190142-processed-gene-0.8-mRNA-1 1209866
.06 augustus_masked-168323782-processed-gene-0.7-mRNA-1 2238219
.26 augustus_masked-168323782-processed-gene-0.7-mRNA-1 771278
.10 maker-168552177-snap-gene-0.105-mRNA-1 353124
.85 maker-168552177-snap-gene-0.105-mRNA-1 2297014
.70 augustus_masked-168019455-processed-gene-0.1-mRNA-1 661176
.31 maker-168381471-snap-gene-0.7-mRNA-2 561411
.28 maker-168381471-snap-gene-0.7-mRNA-2 522483
.99 augustus_masked-168196290-processed-gene-0.8-mRNA-1 2241370
.51 maker-168189014-snap-gene-0.20-mRNA-1 2233125
.48 maker-168189014-snap-gene-0.20-mRNA-1 2297189
.41 maker-167817183-augustus-gene-0.17-mRNA-1 2297204
.14 maker-167817183-augustus-gene-0.17-mRNA-1 988441
.51 maker-168500640-snap-gene-0.16-mRNA-1 912694
.37 maker-168500640-snap-gene-0.16-mRNA-1 2073360
.42 genemark-168302669-processed-gene-0.5-mRNA-1 844536
.34 genemark-168302669-processed-gene-0.5-mRNA-1 2128878
.01 augustus_masked-168296973-processed-gene-0.1-mRNA-1 2234927
.33 maker-167999360-snap-gene-0.10-mRNA-1 2296967
.57 maker-167999360-snap-gene-0.10-mRNA-1 2234374
.67 maker-168292046-augustus-gene-0.45-mRNA-1 2297145
.27 maker-168292046-augustus-gene-0.45-mRNA-1 2234073
.12 genemark-168477678-processed-gene-0.2-mRNA-1 2235814
.09 genemark-168477678-processed-gene-0.2-mRNA-1 1416135
.83 maker-168554558-augustus-gene-2.102-mRNA-1 2297190
.16 maker-168554558-augustus-gene-2.102-mRNA-1 2265436
.39 maker-168563918-augustus-gene-1.87-mRNA-1 2240212
.52 maker-168563918-augustus-gene-1.87-mRNA-1 2234207
.40 maker-168255619-snap-gene-0.21-mRNA-1 2296739
.39 maker-168255619-snap-gene-0.21-mRNA-1 400062
.36 maker-168255619-snap-gene-0.21-mRNA-1 2236655
.36 maker-168255619-snap-gene-0.21-mRNA-1 364163
.40 maker-168255619-snap-gene-0.21-mRNA-1 2246422
.44 maker-168334078-augustus-gene-0.26-mRNA-1 2296714
.20 maker-168334078-augustus-gene-0.26-mRNA-1 228417
.22 maker-168334078-augustus-gene-0.26-mRNA-1 233804
.13 maker-168334078-augustus-gene-0.26-mRNA-1 2251728
.39 maker-168241684-snap-gene-0.84-mRNA-1 295750
.25 maker-168241684-snap-gene-0.84-mRNA-1 2246590
.24 maker-168241684-snap-gene-0.84-mRNA-1 747265
.14 maker-168241684-snap-gene-0.84-mRNA-1 2240140
.39 maker-168186977-augustus-gene-0.7-mRNA-1 2234951
.23 maker-168186977-augustus-gene-0.7-mRNA-1 2242235
.21 maker-168363263-augustus-gene-0.27-mRNA-1 2294156
.03 maker-168363263-augustus-gene-0.27-mRNA-1 922056
.99 maker-165294499-snap-gene-0.3-mRNA-1 2296973
.20 maker-168183840-snap-gene-0.70-mRNA-1 1071797
.29 maker-168188335-snap-gene-0.54-mRNA-1 2297121
.37 maker-168188335-snap-gene-0.54-mRNA-1 2236232
.42 maker-168509365-augustus-gene-0.11-mRNA-1 2248291
.14 maker-168509365-augustus-gene-0.11-mRNA-1 826970
.25 augustus_masked-168243555-processed-gene-0.3-mRNA-1 2239312
.74 augustus_masked-168243555-processed-gene-0.3-mRNA-1 2233574
.99 augustus_masked-168574141-processed-gene-0.2-mRNA-1 2296899
.15 augustus_masked-168220343-processed-gene-0.1-mRNA-1 350166
.02 augustus_masked-168220343-processed-gene-0.1-mRNA-1 542862
.19 maker-168185066-snap-gene-0.6-mRNA-1 2296790
.43 maker-168185066-snap-gene-0.6-mRNA-1 2296790
.82 maker-168186779-augustus-gene-0.15-mRNA-1 2297266
.33 genemark-168291112-processed-gene-0.5-mRNA-1 2236630
.15 genemark-168291112-processed-gene-0.5-mRNA-1 867479
.92 maker-168183674-snap-gene-0.29-mRNA-1 2297275
.39 maker-162220613-snap-gene-0.4-mRNA-1 426126
.32 maker-162220613-snap-gene-0.4-mRNA-1 2234445
.12 maker-168232993-augustus-gene-0.8-mRNA-1 934470
.10 maker-168232993-augustus-gene-0.8-mRNA-1 2250136
.01 maker-168232993-augustus-gene-0.8-mRNA-1 2233604
0 maker-168232993-augustus-gene-0.8-mRNA-1 2241932
0 maker-168232993-augustus-gene-0.8-mRNA-1 2233604
.30 maker-159137746-augustus-gene-0.3-mRNA-1 2234988
.20 maker-159137746-augustus-gene-0.3-mRNA-1 2255290
.01 maker-159137746-augustus-gene-0.3-mRNA-1 2234873
.16 augustus_masked-168337306-processed-gene-0.1-mRNA-1 808313
.30 augustus_masked-168337306-processed-gene-0.1-mRNA-1 808312
.52 maker-168246658-snap-gene-0.72-mRNA-1 2297185
.97 maker-168214681-augustus-gene-0.105-mRNA-1 2297284
.52 maker-168369133-augustus-gene-0.65-mRNA-1 157160
.36 maker-168369133-augustus-gene-0.65-mRNA-1 2235724
.66 maker-168489400-snap-gene-0.28-mRNA-1 2237971
.59 snap_masked-168333882-processed-gene-0.52-mRNA-1 2297115
.99 maker-168430231-augustus-gene-0.16-mRNA-1 189963
.64 snap_masked-168182963-processed-gene-0.36-mRNA-1 2245311
.30 maker-168565676-augustus-gene-0.60-mRNA-1 2297274
.19 maker-168565676-augustus-gene-0.60-mRNA-1 2297274
.72 maker-168572914-augustus-gene-0.26-mRNA-1 2297193
.27 maker-168572914-augustus-gene-0.26-mRNA-1 1405728
.44 maker-168577235-snap-gene-0.134-mRNA-1 2253889
.55 maker-168577235-snap-gene-0.134-mRNA-1 2253890
.39 maker-160522394-snap-gene-0.6-mRNA-2 2296768
.22 maker-160522394-snap-gene-0.6-mRNA-2 267551
.20 maker-160522394-snap-gene-0.6-mRNA-2 227650
.16 maker-160522394-snap-gene-0.6-mRNA-2 140028
.28 genemark-166374452-processed-gene-0.1-mRNA-1 968421
.98 maker-168191937-snap-gene-0.121-mRNA-1 2297279
.20 snap_masked-168555502-processed-gene-0.52-mRNA-1 882352
.09 maker-168451659-augustus-gene-0.47-mRNA-1 850480
.88 maker-168451659-augustus-gene-0.47-mRNA-1 2297272
.23 augustus_masked-168410931-processed-gene-0.5-mRNA-1 2243374
.26 augustus_masked-168410931-processed-gene-0.5-mRNA-1 2297082
.66 maker-160632232-augustus-gene-0.3-mRNA-1 2235227
.24 maker-160632232-augustus-gene-0.3-mRNA-1 510788
.20 maker-160632232-augustus-gene-0.3-mRNA-1 1231962
.43 augustus_masked-168111514-processed-gene-0.1-mRNA-1 2297267
.18 augustus_masked-168111514-processed-gene-0.1-mRNA-1 2239984
.49 maker-168479900-augustus-gene-0.9-mRNA-1 840267
.16 maker-168251162-augustus-gene-0.62-mRNA-1 2247418
.83 maker-168251162-augustus-gene-0.62-mRNA-1 2297043
.63 maker-165340764-snap-gene-0.5-mRNA-1 2296739
.35 maker-165340764-snap-gene-0.5-mRNA-1 2233213
.20 maker-168406216-snap-gene-1.65-mRNA-1 2236536
.61 maker-168406216-snap-gene-1.65-mRNA-1 2236076
.28 maker-168257984-augustus-gene-0.9-mRNA-1 2237420
.05 maker-168257984-augustus-gene-0.9-mRNA-1 447012
.45 maker-168577300-snap-gene-0.53-mRNA-1 2233378
.52 maker-168577300-snap-gene-0.53-mRNA-1 2234916
.41 maker-166937603-snap-gene-0.5-mRNA-1 2297282
.44 maker-168189895-augustus-gene-1.71-mRNA-1 2297277
.55 maker-168189895-augustus-gene-1.71-mRNA-1 2297277
.65 maker-168253925-augustus-gene-0.16-mRNA-1 2296985
.38 maker-168253925-augustus-gene-0.16-mRNA-1 136368
.28 maker-168253925-augustus-gene-0.16-mRNA-1 2244388
.17 maker-168253925-augustus-gene-0.16-mRNA-1 463746
.99 maker-168577096-snap-gene-0.17-mRNA-1 2297265
.43 snap_masked-168322613-processed-gene-0.36-mRNA-1 463795
.30 snap_masked-168322613-processed-gene-0.36-mRNA-1 621782
.89 augustus_masked-168190874-processed-gene-0.5-mRNA-1 2237558
