.43 GQ04104_K08.1_clone=GQ04104_K08_cluster=GQ04104_K08_status=complete_gb=BT119358 3438703
.28 GQ04104_K08.1_clone=GQ04104_K08_cluster=GQ04104_K08_status=complete_gb=BT119358 3438703
.06 GQ04104_K08.1_clone=GQ04104_K08_cluster=GQ04104_K08_status=complete_gb=BT119358 3438703
.80 GQ00611_J18.1_clone=GQ00611_J18_cluster=GQ00611_J18_status=complete_gb=BT100940 3437928
.21 GQ0257_G03.1_clone=GQ0257_G03_cluster=GQ0257_G03_status=complete_gb=BT103569 3381078
.46 GQ0257_G03.1_clone=GQ0257_G03_cluster=GQ0257_G03_status=complete_gb=BT103569 3355491
.57 WS0311_D13.1_clone=WS0311_D13_cluster=WS0311_D13_status=3 3438115
.04 WS0311_D13.1_clone=WS0311_D13_cluster=WS0311_D13_status=3 3373778
.79 GQ03230_H24.1_clone=GQ03230_H24_cluster=GQ03230_H24_status=complete_gb=BT110967 3438620
.85 GQ03208_A14.1_clone=GQ03208_A14_cluster=GQ03208_A14_status=complete_gb=BT109406 3438655
.12 GQ04105_G02.4_clone=GQ04105_G02_cluster=GQ04105_G02_status=complete_gb=BT119416 968437
.77 GQ04105_G02.4_clone=GQ04105_G02_cluster=GQ04105_G02_status=complete_gb=BT119416 3438705
.45 GQ03109_F03.1_clone=GQ03109_F03_cluster=GQ03109_F03_status=complete_gb=BT107562 3438111
.43 GQ03709_H22.1_clone=GQ03709_H22_cluster=GQ03709_H22_status=complete_gb=BT115959 3426328
.54 GQ03709_H22.1_clone=GQ03709_H22_cluster=GQ03709_H22_status=complete_gb=BT115959 3435282
.47 GQ03809_K17.1_clone=GQ03809_K17_cluster=GQ03809_K17_status=complete_gb=BT116932 3352964
.19 GQ03809_K17.1_clone=GQ03809_K17_cluster=GQ03809_K17_status=complete_gb=BT116932 2408041
.31 GQ04101_J07.1_clone=GQ04101_J07_cluster=GQ04101_J07_status=complete_gb=BT119114 754285
.16 GQ04101_J07.1_clone=GQ04101_J07_cluster=GQ04101_J07_status=complete_gb=BT119114 3365531
.38 GQ02817_N22.1_clone=GQ02817_N22_cluster=GQ02817_N22_status=complete_gb=BT105038 712966
.38 GQ02817_N22.1_clone=GQ02817_N22_cluster=GQ02817_N22_status=complete_gb=BT105038 594350
.35 GQ02817_N22.1_clone=GQ02817_N22_cluster=GQ02817_N22_status=complete_gb=BT105038 3437890
.29 GQ02901_F24.2_clone=GQ02901_F24_cluster=GQ02901_F24_status=complete_gb=BT106014 1460018
.19 GQ02901_F24.2_clone=GQ02901_F24_cluster=GQ02901_F24_status=complete_gb=BT106014 3357637
.17 GQ02901_F24.2_clone=GQ02901_F24_cluster=GQ02901_F24_status=complete_gb=BT106014 660388
.15 GQ02901_F24.2_clone=GQ02901_F24_cluster=GQ02901_F24_status=complete_gb=BT106014 1255345
.26 GQ04007_B15.1_clone=GQ04007_B15_cluster=GQ04007_B15_status=complete_gb=BT118508 3438628
.19 GQ04007_B15.1_clone=GQ04007_B15_cluster=GQ04007_B15_status=complete_gb=BT118508 3356649
.18 GQ0206_L24.1_clone=GQ0206_L24_cluster=GQ0206_L24_status=complete_gb=BT103109 3353145
.16 GQ0206_L24.1_clone=GQ0206_L24_cluster=GQ0206_L24_status=complete_gb=BT103109 3438153
.98 GQ03807_C16.1_clone=GQ03807_C16_cluster=GQ03807_C16_status=complete_gb=BT116811 3438689
.52 GQ03902_F06.1_clone=GQ03902_F06_cluster=GQ03902_F06_status=complete_gb=BT117526 3438514
.11 GQ02908_O10.1_clone=GQ02908_O10_cluster=GQ02908_O10_status=complete_gb=BT106396 3438103
.24 GQ02908_O10.1_clone=GQ02908_O10_cluster=GQ02908_O10_status=complete_gb=BT106396 3381810
.68 GQ0047_E10.1_clone=GQ0047_E10_cluster=GQ0047_E10_status=complete_gb=BT100852 3438460
.49 GQ03709_N24.3_clone=GQ03709_N24_cluster=GQ03709_N24_status=53 3354658
.26 GQ03709_N24.3_clone=GQ03709_N24_cluster=GQ03709_N24_status=53 3357463
.21 GQ03709_N24.3_clone=GQ03709_N24_cluster=GQ03709_N24_status=53 473597
.21 GQ03709_N24.3_clone=GQ03709_N24_cluster=GQ03709_N24_status=53 3357462
.26 GQ03116_B09.1_clone=GQ03116_B09_cluster=GQ03116_B09_status=complete_gb=BT108028 3354179
.60 GQ03116_B09.1_clone=GQ03116_B09_cluster=GQ03116_B09_status=complete_gb=BT108028 3352659
.88 GQ03513_A17.2_clone=GQ03513_A17_cluster=GQ03513_A17_status=complete_gb=BT114354 3438677
.99 GQ03705_F02.1_clone=GQ03705_F02_cluster=GQ03705_F02_status=complete_gb=BT115736 3438654
.61 GQ03308_E12.1_clone=GQ03308_E12_cluster=GQ03308_E12_status=complete_gb=BT111963 3356684
.18 GQ03308_E12.1_clone=GQ03308_E12_cluster=GQ03308_E12_status=complete_gb=BT111963 903091
.18 GQ03308_E12.1_clone=GQ03308_E12_cluster=GQ03308_E12_status=complete_gb=BT111963 3377669
.97 GQ02012_M17.1_clone=GQ02012_M17_cluster=GQ02012_M17_status=complete_gb=BT102730 3438663
.40 GQ04007_H10.1_clone=GQ04007_H10_cluster=GQ04007_H10_status=5 495502
.80 GQ03808_N18.1_clone=GQ03808_N18_cluster=GQ03808_N18_status=complete_gb=BT116895 3438650
.14 GQ03808_N18.1_clone=GQ03808_N18_cluster=GQ03808_N18_status=complete_gb=BT116895 3355731
.61 GQ03230_L07.1_clone=GQ03230_L07_cluster=GQ03230_L07_status=complete_gb=BT110978 3438712
.16 GQ03230_L07.1_clone=GQ03230_L07_cluster=GQ03230_L07_status=complete_gb=BT110978 748073
.11 GQ03230_L07.1_clone=GQ03230_L07_cluster=GQ03230_L07_status=complete_gb=BT110978 402724
.31 GQ04107_O09.1_clone=GQ04107_O09_cluster=GQ04107_O09_status=complete_gb=BT119622 3354217
.39 GQ04107_O09.1_clone=GQ04107_O09_cluster=GQ04107_O09_status=complete_gb=BT119622 427681
.13 GQ04006_H01.1_clone=GQ04006_H01_cluster=GQ04006_H01_status=complete_gb=BT118442 490936
.13 GQ04006_H01.1_clone=GQ04006_H01_cluster=GQ04006_H01_status=complete_gb=BT118442 3366831
.04 GQ04006_H01.1_clone=GQ04006_H01_cluster=GQ04006_H01_status=complete_gb=BT118442 3355519
.03 GQ03002_E07.2_clone=GQ03002_E07_cluster=GQ03002_E07_status=complete_gb=BT106461 622520
.20 GQ03002_E07.2_clone=GQ03002_E07_cluster=GQ03002_E07_status=complete_gb=BT106461 661162
.85 GQ03717_C21.1_clone=GQ03717_C21_cluster=GQ03717_C21_status=complete_gb=BT116359 3438730
.46 GQ0043_P15.1_clone=GQ0043_P15_cluster=GQ0043_P15_status=53 3438721
.19 GQ0043_P15.1_clone=GQ0043_P15_cluster=GQ0043_P15_status=53 3438721
.94 GQ04101_J06.2_clone=GQ04101_J06_cluster=GQ04101_J06_status=complete_gb=BT119113 3438670
.28 GQ03223_G01.3_clone=GQ03223_G01_cluster=GQ03223_G01_status=53 3438060
.82 GQ02805_G18.1_clone=GQ02805_G18_cluster=GQ02805_G18_status=complete_gb=BT104013 3438332
.80 GQ04109_M20.1_clone=GQ04109_M20_cluster=GQ04109_M20_status=complete_gb=BT119763 3438648
.08 GQ04109_M20.1_clone=GQ04109_M20_cluster=GQ04109_M20_status=complete_gb=BT119763 3379638
.07 GQ04109_M20.1_clone=GQ04109_M20_cluster=GQ04109_M20_status=complete_gb=BT119763 1099346
.33 GQ03230_O21.1_clone=GQ03230_O21_cluster=GQ03230_O21_status=complete_gb=BT110992 3356381
.29 GQ03230_O21.1_clone=GQ03230_O21_cluster=GQ03230_O21_status=complete_gb=BT110992 875821
.23 GQ03230_O21.1_clone=GQ03230_O21_cluster=GQ03230_O21_status=complete_gb=BT110992 709402
.23 GQ03230_O21.1_clone=GQ03230_O21_cluster=GQ03230_O21_status=complete_gb=BT110992 3356171
.23 GQ03230_O21.1_clone=GQ03230_O21_cluster=GQ03230_O21_status=complete_gb=BT110992 3357983
.66 GQ03211_L24.1_clone=GQ03211_L24_cluster=GQ03211_L24_status=complete_gb=BT109719 3379561
.27 GQ03211_L24.1_clone=GQ03211_L24_cluster=GQ03211_L24_status=complete_gb=BT109719 200105
.76 GQ02811_G14.1_clone=GQ02811_G14_cluster=GQ02811_G14_status=complete_gb=BT104524 3438647
.41 GQ03126_L08.1_clone=GQ03126_L08_cluster=GQ03126_L08_status=complete_gb=BT108763 3438308
.82 GQ02904_D09.1_clone=GQ02904_D09_cluster=GQ02904_D09_status=complete_gb=BT106163 3438680
.37 GQ03418_I09.1_clone=GQ03418_I09_cluster=GQ03418_I09_status=complete_gb=BT113723 3438101
.23 GQ03418_I09.1_clone=GQ03418_I09_cluster=GQ03418_I09_status=complete_gb=BT113723 3358310
.12 GQ03418_I09.1_clone=GQ03418_I09_cluster=GQ03418_I09_status=complete_gb=BT113723 744382
.12 GQ03418_I09.1_clone=GQ03418_I09_cluster=GQ03418_I09_status=complete_gb=BT113723 842758
.99 GQ03124_E09.1_clone=GQ03124_E09_cluster=GQ03124_E09_status=complete_gb=BT108607 3438666
.58 GQ02829_L24.1_clone=GQ02829_L24_cluster=GQ02829_L24_status=complete_gb=BT105886 3438196
.78 GQ03116_N02.2_clone=GQ03116_N02_cluster=GQ03116_N02_status=complete_gb=BT108093 3438755
.11 GQ03116_N02.2_clone=GQ03116_N02_cluster=GQ03116_N02_status=complete_gb=BT108093 1414386
.20 GQ02907_J13.1_clone=GQ02907_J13_cluster=GQ02907_J13_status=complete_gb=BT106331 533692
.56 GQ02907_J13.1_clone=GQ02907_J13_cluster=GQ02907_J13_status=complete_gb=BT106331 3438338
.17 GQ03231_C15.1_clone=GQ03231_C15_cluster=GQ03231_C15_status=complete_gb=BT111009 3353179
.70 GQ03231_C15.1_clone=GQ03231_C15_cluster=GQ03231_C15_status=complete_gb=BT111009 3354267
.90 GQ02815_C09.1_clone=GQ02815_C09_cluster=GQ02815_C09_status=complete_gb=BT104793 3353352
.08 GQ02815_C09.1_clone=GQ02815_C09_cluster=GQ02815_C09_status=complete_gb=BT104793 3352920
.59 GQ03202_N21.1_clone=GQ03202_N21_cluster=GQ03202_N21_status=complete_gb=BT108943 3438353
.40 GQ03202_N21.1_clone=GQ03202_N21_cluster=GQ03202_N21_status=complete_gb=BT108943 3365621
.17 GQ03810_C23.1_clone=GQ03810_C23_cluster=GQ03810_C23_status=complete_gb=BT116959 197720
.81 GQ03810_C23.1_clone=GQ03810_C23_cluster=GQ03810_C23_status=complete_gb=BT116959 3355320
.85 GQ03115_A14.1_clone=GQ03115_A14_cluster=GQ03115_A14_status=complete_gb=BT107955 3438626
.07 GQ03115_A14.1_clone=GQ03115_A14_cluster=GQ03115_A14_status=complete_gb=BT107955 265739
.07 GQ03115_A14.1_clone=GQ03115_A14_cluster=GQ03115_A14_status=complete_gb=BT107955 3379537
.13 GQ04013_E03.1_clone=GQ04013_E03_cluster=GQ04013_E03_status=complete_gb=BT119006 3362016
.75 GQ04013_E03.1_clone=GQ04013_E03_cluster=GQ04013_E03_status=complete_gb=BT119006 3438668
.46 GQ0176_B05.1_clone=GQ0176_B05_cluster=GQ0176_B05_status=3 3362670
.26 GQ0176_B05.1_clone=GQ0176_B05_cluster=GQ0176_B05_status=3 3361217
.85 GQ02771_A03.1_clone=GQ02771_A03_cluster=GQ02771_A03_status=5 3438693
.14 GQ03908_K08.1_clone=GQ03908_K08_cluster=GQ03908_K08_status=complete_gb=BT117719 2378675
.74 GQ03908_K08.1_clone=GQ03908_K08_cluster=GQ03908_K08_status=complete_gb=BT117719 3438243
.45 WS00842_A10.1_clone=WS00842_A10_cluster=WS00842_A10_status=complete 3437812
.52 WS00842_A10.1_clone=WS00842_A10_cluster=WS00842_A10_status=complete 234205
.16 GQ03714_I15.2_clone=GQ03714_I15_cluster=GQ03714_I15_status=complete_gb=BT116244 1579113
.15 GQ03714_I15.2_clone=GQ03714_I15_cluster=GQ03714_I15_status=complete_gb=BT116244 920325
.29 GQ04104_L15.3_clone=GQ04104_L15_cluster=GQ04104_L15_status=complete_gb=BT119364 3438656
.18 GQ04104_L15.3_clone=GQ04104_L15_cluster=GQ04104_L15_status=complete_gb=BT119364 3438656
.99 GQ02830_L13.1_clone=GQ02830_L13_cluster=GQ02830_L13_status=complete_gb=BT105973 3438402
.46 GQ03232_E15.1_clone=GQ03232_E15_cluster=GQ03232_E15_status=complete_gb=BT111069 3438713
.20 GQ03232_E15.1_clone=GQ03232_E15_cluster=GQ03232_E15_status=complete_gb=BT111069 3438713
.31 GQ03819_L20.1_clone=GQ03819_L20_cluster=GQ03819_L20_status=5 1011610
.56 GQ03819_L20.1_clone=GQ03819_L20_cluster=GQ03819_L20_status=5 3437945
.29 GQ03303_G22.1_clone=GQ03303_G22_cluster=GQ03303_G22_status=complete_gb=BT111772 3359588
.27 GQ03303_G22.1_clone=GQ03303_G22_cluster=GQ03303_G22_status=complete_gb=BT111772 1564343
.37 GQ03223_I10.1_clone=GQ03223_I10_cluster=GQ03223_I10_status=complete_gb=BT110562 3438665
.20 GQ03223_I10.1_clone=GQ03223_I10_cluster=GQ03223_I10_status=complete_gb=BT110562 3384885
.15 GQ03223_I10.1_clone=GQ03223_I10_cluster=GQ03223_I10_status=complete_gb=BT110562 3438665
.83 GQ03216_A12.1_clone=GQ03216_A12_cluster=GQ03216_A12_status=complete_gb=BT110081 3438694
.09 GQ03212_K06.3_clone=GQ03212_K06_cluster=GQ03212_K06_status=complete_gb=BT109810 3359365
.81 GQ03212_K06.3_clone=GQ03212_K06_cluster=GQ03212_K06_status=complete_gb=BT109810 3438636
.33 WS00721_J18.1_clone=WS00721_J18_cluster=WS00721_J18_status=complete 3355694
.65 WS00721_J18.1_clone=WS00721_J18_cluster=WS00721_J18_status=complete 3355693
.67 GQ04102_N08.1_clone=GQ04102_N08_cluster=GQ04102_N08_status=complete_gb=BT119228 3438701
.31 GQ03214_L20.2_clone=GQ03214_L20_cluster=GQ03214_L20_status=complete_gb=BT109998 3389209
.30 GQ03214_L20.2_clone=GQ03214_L20_cluster=GQ03214_L20_status=complete_gb=BT109998 3359896
.30 GQ03214_L20.2_clone=GQ03214_L20_cluster=GQ03214_L20_status=complete_gb=BT109998 894063
.35 GQ03214_L20.2_clone=GQ03214_L20_cluster=GQ03214_L20_status=complete_gb=BT109998 398101
.25 GQ03214_L20.2_clone=GQ03214_L20_cluster=GQ03214_L20_status=complete_gb=BT109998 3352300
.18 GQ04110_D06.1_clone=GQ04110_D06_cluster=GQ04110_D06_status=complete_gb=BT119796 530796
.80 GQ04110_D06.1_clone=GQ04110_D06_cluster=GQ04110_D06_status=complete_gb=BT119796 3355200
.75 GQ03814_O23.1_clone=GQ03814_O23_cluster=GQ03814_O23_status=complete_gb=BT117204 3352720
.51 GQ03615_J11.1_clone=GQ03615_J11_cluster=GQ03615_J11_status=complete_gb=BT115393 3352226
.10 GQ03615_J11.1_clone=GQ03615_J11_cluster=GQ03615_J11_status=complete_gb=BT115393 3410309
.34 GQ03221_D20.1_clone=GQ03221_D20_cluster=GQ03221_D20_status=complete_gb=BT110403 3438625
.12 GQ03221_D20.1_clone=GQ03221_D20_cluster=GQ03221_D20_status=complete_gb=BT110403 3438625
.09 GQ03221_D20.1_clone=GQ03221_D20_cluster=GQ03221_D20_status=complete_gb=BT110403 1022534
.76 GQ03007_M08.4_clone=GQ03007_M08_cluster=GQ03007_M08_status=complete_gb=BT106674 3438756
.08 GQ03007_M08.4_clone=GQ03007_M08_cluster=GQ03007_M08_status=complete_gb=BT106674 3119384
.23 GQ0259_G04.1_clone=GQ0259_G04_cluster=GQ0259_G04_status=complete_gb=BT103614 974148
.12 GQ0259_G04.1_clone=GQ0259_G04_cluster=GQ0259_G04_status=complete_gb=BT103614 2547167
.12 GQ0259_G04.1_clone=GQ0259_G04_cluster=GQ0259_G04_status=complete_gb=BT103614 1232951
.47 GQ04006_L11.2_clone=GQ04006_L11_cluster=GQ04006_L11_status=complete_gb=BT118469 3438737
.35 GQ04006_L11.2_clone=GQ04006_L11_cluster=GQ04006_L11_status=complete_gb=BT118469 3369801
.43 GQ03510_N03.1_clone=GQ03510_N03_cluster=GQ03510_N03_status=complete_gb=BT114228 3363068
.89 GQ03204_D08.1_clone=GQ03204_D08_cluster=GQ03204_D08_status=complete_gb=BT109060 3438365
.65 GQ03102_A05.1_clone=GQ03102_A05_cluster=GQ03102_A05_status=complete_gb=BT107033 3438557
.32 GQ04006_A18.1_clone=GQ04006_A18_cluster=GQ04006_A18_status=complete_gb=BT118403 3438629
.22 GQ04006_A18.1_clone=GQ04006_A18_cluster=GQ04006_A18_status=complete_gb=BT118403 3438629
.44 GQ03235_A05.1_clone=GQ03235_A05_cluster=GQ03235_A05_status=complete_gb=BT111262 3354437
.53 GQ03235_A05.1_clone=GQ03235_A05_cluster=GQ03235_A05_status=complete_gb=BT111262 3379596
.84 GQ0198_A16.1_clone=GQ0198_A16_cluster=GQ0198_A16_status=complete_gb=BT102615 3354069
.15 GQ0198_A16.1_clone=GQ0198_A16_cluster=GQ0198_A16_status=complete_gb=BT102615 599711
.71 GQ02816_K17.1_clone=GQ02816_K17_cluster=GQ02816_K17_status=complete_gb=BT104926 3438632
.10 GQ02816_K17.1_clone=GQ02816_K17_cluster=GQ02816_K17_status=complete_gb=BT104926 817272
.32 GQ03616_E03.1_clone=GQ03616_E03_cluster=GQ03616_E03_status=complete_gb=BT115421 3410694
.12 GQ0044_P03.2_clone=GQ0044_P03_cluster=GQ0044_P03_status=complete_gb=BT100799 664033
.76 GQ0044_P03.2_clone=GQ0044_P03_cluster=GQ0044_P03_status=complete_gb=BT100799 3438741
.33 GQ03121_K04.4_clone=GQ03121_K04_cluster=GQ03121_K04_status=53 3438731
.29 GQ03121_K04.4_clone=GQ03121_K04_cluster=GQ03121_K04_status=53 3438731
.31 GQ03601_O07.1_clone=GQ03601_O07_cluster=GQ03601_O07_status=complete_gb=BT114774 3438746
.23 GQ03601_O07.1_clone=GQ03601_O07_cluster=GQ03601_O07_status=complete_gb=BT114774 3438746
.58 GQ03503_N17.1_clone=GQ03503_N17_cluster=GQ03503_N17_status=complete_gb=BT113897 3438726
.17 GQ03503_N17.1_clone=GQ03503_N17_cluster=GQ03503_N17_status=complete_gb=BT113897 1044760
.45 GQ03814_A20.1_clone=GQ03814_A20_cluster=GQ03814_A20_status=complete_gb=BT117164 3438733
.07 GQ03814_A20.1_clone=GQ03814_A20_cluster=GQ03814_A20_status=complete_gb=BT117164 3438733
.78 GQ0165_M19.2_clone=GQ0165_M19_cluster=GQ0165_M19_status=complete_gb=BT102076 3353047
.23 GQ0165_M19.2_clone=GQ0165_M19_cluster=GQ0165_M19_status=complete_gb=BT102076 807623
.17 GQ0165_M19.2_clone=GQ0165_M19_cluster=GQ0165_M19_status=complete_gb=BT102076 698917
.17 GQ0165_M19.2_clone=GQ0165_M19_cluster=GQ0165_M19_status=complete_gb=BT102076 3359488
.23 GQ03511_D23.1_clone=GQ03511_D23_cluster=GQ03511_D23_status=complete_gb=BT114250 3361581
.19 GQ03511_D23.1_clone=GQ03511_D23_cluster=GQ03511_D23_status=complete_gb=BT114250 642205
.21 GQ03511_D23.1_clone=GQ03511_D23_cluster=GQ03511_D23_status=complete_gb=BT114250 3353788
.24 GQ03511_D23.1_clone=GQ03511_D23_cluster=GQ03511_D23_status=complete_gb=BT114250 3359728
.21 GQ03511_D23.1_clone=GQ03511_D23_cluster=GQ03511_D23_status=complete_gb=BT114250 346685
.43 GQ03001_B05.1_clone=GQ03001_B05_cluster=GQ03001_B05_status=complete_gb=BT106409 893124
.35 GQ03001_B05.1_clone=GQ03001_B05_cluster=GQ03001_B05_status=complete_gb=BT106409 3438228
.28 GQ03001_B05.1_clone=GQ03001_B05_cluster=GQ03001_B05_status=complete_gb=BT106409 3380293
.18 GQ03001_B05.1_clone=GQ03001_B05_cluster=GQ03001_B05_status=complete_gb=BT106409 1341039
.45 GQ03907_D16.1_clone=GQ03907_D16_cluster=GQ03907_D16_status=complete_gb=BT117675 3438417
.35 GQ03907_D16.1_clone=GQ03907_D16_cluster=GQ03907_D16_status=complete_gb=BT117675 582458
.14 GQ03907_D16.1_clone=GQ03907_D16_cluster=GQ03907_D16_status=complete_gb=BT117675 614426
.14 GQ03907_D16.1_clone=GQ03907_D16_cluster=GQ03907_D16_status=complete_gb=BT117675 3383647
.19 GQ03224_O05.1_clone=GQ03224_O05_cluster=GQ03224_O05_status=complete_gb=BT110646 3353032
.75 GQ04002_K24.1_clone=GQ04002_K24_cluster=GQ04002_K24_status=complete_gb=BT118122 3438210
.24 GQ04002_K24.1_clone=GQ04002_K24_cluster=GQ04002_K24_status=complete_gb=BT118122 3361752
.60 GQ02801_P01.1_clone=GQ02801_P01_cluster=GQ02801_P01_status=complete_gb=BT103774 3438550
.29 GQ02801_P01.1_clone=GQ02801_P01_cluster=GQ02801_P01_status=complete_gb=BT103774 3355281
.99 GQ02810_J24.1_clone=GQ02810_J24_cluster=GQ02810_J24_status=complete_gb=BT104460 3438398
.40 GQ03212_O15.1_clone=GQ03212_O15_cluster=GQ03212_O15_status=complete_gb=BT109842 939986
.25 GQ03212_O15.1_clone=GQ03212_O15_cluster=GQ03212_O15_status=complete_gb=BT109842 1016323
.50 GQ0208_M02.1_clone=GQ0208_M02_cluster=GQ0208_M02_status=complete_gb=BT103214 3355284
.38 GQ0208_M02.1_clone=GQ0208_M02_cluster=GQ0208_M02_status=complete_gb=BT103214 996852
.58 GQ03109_A05.1_clone=GQ03109_A05_cluster=GQ03109_A05_status=complete_gb=BT107549 3356896
.28 GQ03109_A05.1_clone=GQ03109_A05_cluster=GQ03109_A05_status=complete_gb=BT107549 1420040
.16 GQ03109_A05.1_clone=GQ03109_A05_cluster=GQ03109_A05_status=complete_gb=BT107549 3388347
.07 GQ0205_P06.1_clone=GQ0205_P06_cluster=GQ0205_P06_status=complete_gb=BT103064 1700652
.78 GQ0205_P06.1_clone=GQ0205_P06_cluster=GQ0205_P06_status=complete_gb=BT103064 3438681
.27 GQ02814_B07.2_clone=GQ02814_B07_cluster=GQ02814_B07_status=complete_gb=BT104726 3358684
.12 GQ03813_G09.1_clone=GQ03813_G09_cluster=GQ03813_G09_status=complete_gb=BT117132 265119
.37 GQ03813_G09.1_clone=GQ03813_G09_cluster=GQ03813_G09_status=complete_gb=BT117132 497918
.25 GQ02817_J18.1_clone=GQ02817_J18_cluster=GQ02817_J18_status=complete_gb=BT105007 3354070
.99 GQ0191_M10.1_clone=GQ0191_M10_cluster=GQ0191_M10_status=complete_gb=BT102419 3438667
.15 GQ0224_E23.1_clone=GQ0224_E23_cluster=GQ0224_E23_status=complete_gb=BT103289 3352655
.83 GQ0224_E23.1_clone=GQ0224_E23_cluster=GQ0224_E23_status=complete_gb=BT103289 3354302
.45 GQ03125_A04.1_clone=GQ03125_A04_cluster=GQ03125_A04_status=complete_gb=BT108652 3354963
.46 GQ03125_A04.1_clone=GQ03125_A04_cluster=GQ03125_A04_status=complete_gb=BT108652 3355781
.33 GQ03125_A04.1_clone=GQ03125_A04_cluster=GQ03125_A04_status=complete_gb=BT108652 3395869
.33 GQ03125_A04.1_clone=GQ03125_A04_cluster=GQ03125_A04_status=complete_gb=BT108652 3383902
.22 GQ03125_A04.1_clone=GQ03125_A04_cluster=GQ03125_A04_status=complete_gb=BT108652 785342
.42 GQ02016_H18.1_clone=GQ02016_H18_cluster=GQ02016_H18_status=complete_gb=BT102804 3360512
.48 GQ02016_H18.1_clone=GQ02016_H18_cluster=GQ02016_H18_status=complete_gb=BT102804 3353874
.39 GQ04007_L24.1_clone=GQ04007_L24_cluster=GQ04007_L24_status=complete_gb=BT118565 3355466
.04 GQ04007_L24.1_clone=GQ04007_L24_cluster=GQ04007_L24_status=complete_gb=BT118565 1062769
.44 GQ03806_N10.1_clone=GQ03806_N10_cluster=GQ03806_N10_status=complete_gb=BT116791 3438540
.25 GQ03806_N10.1_clone=GQ03806_N10_cluster=GQ03806_N10_status=complete_gb=BT116791 3353666
.74 GQ03711_D13.1_clone=GQ03711_D13_cluster=GQ03711_D13_status=complete_gb=BT116055 3438695
.10 GQ03711_D13.1_clone=GQ03711_D13_cluster=GQ03711_D13_status=complete_gb=BT116055 762841
.88 GQ0203_F11.1_clone=GQ0203_F11_cluster=GQ0203_F11_status=53 3438589
.11 GQ0203_F11.1_clone=GQ0203_F11_cluster=GQ0203_F11_status=53 979459
.15 GQ0015_O03.1_clone=GQ0015_O03_cluster=GQ0015_O03_status=complete_gb=BT100488 3438310
.50 GQ0015_O03.1_clone=GQ0015_O03_cluster=GQ0015_O03_status=complete_gb=BT100488 3354418
.64 GQ0068_F14.1_clone=GQ0068_F14_cluster=GQ0068_F14_status=complete_gb=BT101129 746809
.39 GQ0068_F14.1_clone=GQ0068_F14_cluster=GQ0068_F14_status=complete_gb=BT101129 1259064
.31 GQ03111_K17.1_clone=GQ03111_K17_cluster=GQ03111_K17_status=complete_gb=BT107702 3358280
.68 GQ03111_K17.1_clone=GQ03111_K17_cluster=GQ03111_K17_status=complete_gb=BT107702 3438551
.62 WS00110_K01.1_clone=WS00110_K01_cluster=WS00110_K01_status=3 3437858
.71 GQ03204_I19.1_clone=GQ03204_I19_cluster=GQ03204_I19_status=complete_gb=BT109093 3359779
.23 GQ03204_I19.1_clone=GQ03204_I19_cluster=GQ03204_I19_status=complete_gb=BT109093 396993
.23 GQ03204_I19.1_clone=GQ03204_I19_cluster=GQ03204_I19_status=complete_gb=BT109093 3365384
.26 GQ04109_I14.1_clone=GQ04109_I14_cluster=GQ04109_I14_status=complete_gb=BT119750 3438404
.24 GQ04109_I14.1_clone=GQ04109_I14_cluster=GQ04109_I14_status=complete_gb=BT119750 3361652
.20 GQ04109_I14.1_clone=GQ04109_I14_cluster=GQ04109_I14_status=complete_gb=BT119750 3438272
.06 GQ04109_I14.1_clone=GQ04109_I14_cluster=GQ04109_I14_status=complete_gb=BT119750 3373079
.86 GQ03230_C03.1_clone=GQ03230_C03_cluster=GQ03230_C03_status=complete_gb=BT110943 3438624
.36 GQ03203_N10.1_clone=GQ03203_N10_cluster=GQ03203_N10_status=complete_gb=BT109021 3438200
.77 GQ03314_L18.1_clone=GQ03314_L18_cluster=GQ03314_L18_status=complete_gb=BT112411 3361276
.23 GQ03813_P16.1_clone=GQ03813_P16_cluster=GQ03813_P16_status=complete_gb=BT117161 3438136
.18 GQ03806_D05.1_clone=GQ03806_D05_cluster=GQ03806_D05_status=complete_gb=BT116760 706723
.72 GQ03806_D05.1_clone=GQ03806_D05_cluster=GQ03806_D05_status=complete_gb=BT116760 661007
.99 GQ03232_N07.1_clone=GQ03232_N07_cluster=GQ03232_N07_status=complete_gb=BT111113 3438678
.47 GQ03517_P16.1_clone=GQ03517_P16_cluster=GQ03517_P16_status=complete_gb=BT114620 3355939
.31 GQ02830_G03.1_clone=GQ02830_G03_cluster=GQ02830_G03_status=complete_gb=BT105946 999782
.30 GQ02830_G03.1_clone=GQ02830_G03_cluster=GQ02830_G03_status=complete_gb=BT105946 644904
.24 GQ02830_G03.1_clone=GQ02830_G03_cluster=GQ02830_G03_status=complete_gb=BT105946 906380
.22 GQ02830_G03.1_clone=GQ02830_G03_cluster=GQ02830_G03_status=complete_gb=BT105946 3354188
.13 GQ02830_G03.1_clone=GQ02830_G03_cluster=GQ02830_G03_status=complete_gb=BT105946 3376241
.41 GQ03207_O20.1_clone=GQ03207_O20_cluster=GQ03207_O20_status=complete_gb=BT109395 3438374
.25 GQ03207_O20.1_clone=GQ03207_O20_cluster=GQ03207_O20_status=complete_gb=BT109395 672364
.53 GQ03812_L03.1_clone=GQ03812_L03_cluster=GQ03812_L03_status=complete_gb=BT117094 3438743
.19 GQ03812_L03.1_clone=GQ03812_L03_cluster=GQ03812_L03_status=complete_gb=BT117094 3358543
.35 GQ04009_D03.1_clone=GQ04009_D03_cluster=GQ04009_D03_status=complete_gb=BT118695 3438739
.43 GQ03217_E12.1_clone=GQ03217_E12_cluster=GQ03217_E12_status=complete_gb=BT110161 3356320
.81 GQ03223_D19.1_clone=GQ03223_D19_cluster=GQ03223_D19_status=complete_gb=BT110544 3438657
.55 GQ03108_K09.1_clone=GQ03108_K09_cluster=GQ03108_K09_status=complete_gb=BT107521 3357507
.16 GQ03108_K09.1_clone=GQ03108_K09_cluster=GQ03108_K09_status=complete_gb=BT107521 1303363
.08 GQ03108_K09.1_clone=GQ03108_K09_cluster=GQ03108_K09_status=complete_gb=BT107521 3367322
.03 GQ03108_K09.1_clone=GQ03108_K09_cluster=GQ03108_K09_status=complete_gb=BT107521 470976
.30 GQ03321_D08.1_clone=GQ03321_D08_cluster=GQ03321_D08_status=complete_gb=BT112808 3438627
.09 GQ03321_D08.1_clone=GQ03321_D08_cluster=GQ03321_D08_status=complete_gb=BT112808 3438627
.99 GQ03814_P16.1_clone=GQ03814_P16_cluster=GQ03814_P16_status=complete_gb=BT117207 3438692
.19 WS00713_N11.1_clone=WS00713_N11_cluster=WS00713_N11_status=complete 1483458
.55 WS00713_N11.1_clone=WS00713_N11_cluster=WS00713_N11_status=complete 2111628
.56 GQ03109_P15.1_clone=GQ03109_P15_cluster=GQ03109_P15_status=complete_gb=BT107596 3356221
.31 GQ03109_P15.1_clone=GQ03109_P15_cluster=GQ03109_P15_status=complete_gb=BT107596 597236
.72 GQ03714_L10.1_clone=GQ03714_L10_cluster=GQ03714_L10_status=complete_gb=BT116255 3438463
.71 GQ02815_M13.1_clone=GQ02815_M13_cluster=GQ02815_M13_status=complete_gb=BT104845 3353634
.23 GQ02815_M13.1_clone=GQ02815_M13_cluster=GQ02815_M13_status=complete_gb=BT104845 1170070
.38 GQ03405_K18.1_clone=GQ03405_K18_cluster=GQ03405_K18_status=complete_gb=BT113346 1027785
.31 GQ03405_K18.1_clone=GQ03405_K18_cluster=GQ03405_K18_status=complete_gb=BT113346 975240
.28 GQ03405_K18.1_clone=GQ03405_K18_cluster=GQ03405_K18_status=complete_gb=BT113346 1138345
.26 GQ03405_K18.1_clone=GQ03405_K18_cluster=GQ03405_K18_status=complete_gb=BT113346 3411902
.20 GQ03405_K18.1_clone=GQ03405_K18_cluster=GQ03405_K18_status=complete_gb=BT113346 129642
.60 GQ03917_P03.2_clone=GQ03917_P03_cluster=GQ03917_P03_status=complete_gb=BT117939 790130
.23 GQ03917_P03.2_clone=GQ03917_P03_cluster=GQ03917_P03_status=complete_gb=BT117939 3353551
.44 GQ03227_B21.4_clone=GQ03227_B21_cluster=GQ03227_B21_status=53 3438220
.33 GQ03227_B21.4_clone=GQ03227_B21_cluster=GQ03227_B21_status=53 3438220
.29 GQ03315_M18.1_clone=GQ03315_M18_cluster=GQ03315_M18_status=complete_gb=BT112473 663737
.53 GQ03315_M18.1_clone=GQ03315_M18_cluster=GQ03315_M18_status=complete_gb=BT112473 3371422
.51 GQ04006_I19.1_clone=GQ04006_I19_cluster=GQ04006_I19_status=complete_gb=BT118450 3357411
.28 GQ04006_I19.1_clone=GQ04006_I19_cluster=GQ04006_I19_status=complete_gb=BT118450 3352892
.58 GQ03121_L18.2_clone=GQ03121_L18_cluster=GQ03121_L18_status=complete_gb=BT108434 3362895
.33 GQ03121_L18.2_clone=GQ03121_L18_cluster=GQ03121_L18_status=complete_gb=BT108434 708424
.28 GQ03121_L18.2_clone=GQ03121_L18_cluster=GQ03121_L18_status=complete_gb=BT108434 3359100
.18 GQ03121_L18.2_clone=GQ03121_L18_cluster=GQ03121_L18_status=complete_gb=BT108434 1346498
.17 GQ03121_L18.2_clone=GQ03121_L18_cluster=GQ03121_L18_status=complete_gb=BT108434 268157
.12 GQ03319_E21.1_clone=GQ03319_E21_cluster=GQ03319_E21_status=complete_gb=BT112675 3389854
.86 GQ03319_E21.1_clone=GQ03319_E21_cluster=GQ03319_E21_status=complete_gb=BT112675 3355436
.83 GQ03913_M20.1_clone=GQ03913_M20_cluster=GQ03913_M20_status=complete_gb=BT117834 3438717
.30 GQ03902_L20.1_clone=GQ03902_L20_cluster=GQ03902_L20_status=complete_gb=BT117537 3352814
.26 GQ03902_L20.1_clone=GQ03902_L20_cluster=GQ03902_L20_status=complete_gb=BT117537 824654
.03 GQ03902_L20.1_clone=GQ03902_L20_cluster=GQ03902_L20_status=complete_gb=BT117537 3361750
.54 GQ02829_E13.2_clone=GQ02829_E13_cluster=GQ02829_E13_status=complete_gb=BT105844 3438742
.17 GQ02829_E13.2_clone=GQ02829_E13_cluster=GQ02829_E13_status=complete_gb=BT105844 3359415
.37 GQ04012_F11.1_clone=GQ04012_F11_cluster=GQ04012_F11_status=complete_gb=BT118951 3357275
.47 GQ04012_F11.1_clone=GQ04012_F11_cluster=GQ04012_F11_status=complete_gb=BT118951 3376091
.22 GQ02806_I18.1_clone=GQ02806_I18_cluster=GQ02806_I18_status=complete_gb=BT104107 479853
.25 GQ02806_I18.1_clone=GQ02806_I18_cluster=GQ02806_I18_status=complete_gb=BT104107 3438050
.32 GQ02823_P03.1_clone=GQ02823_P03_cluster=GQ02823_P03_status=complete_gb=BT105535 642806
.07 GQ02823_P03.1_clone=GQ02823_P03_cluster=GQ02823_P03_status=complete_gb=BT105535 557741
.27 GQ03603_L11.1_clone=GQ03603_L11_cluster=GQ03603_L11_status=complete_gb=BT114854 3378340
.82 GQ0061_D15.1_clone=GQ0061_D15_cluster=GQ0061_D15_status=complete_gb=BT100973 3438031
.23 GQ03223_E01.1_clone=GQ03223_E01_cluster=GQ03223_E01_status=complete_gb=BT110547 3438750
.23 GQ03223_E01.1_clone=GQ03223_E01_cluster=GQ03223_E01_status=complete_gb=BT110547 756573
.29 GQ03223_E01.1_clone=GQ03223_E01_cluster=GQ03223_E01_status=complete_gb=BT110547 3438750
.50 GQ03817_M23.1_clone=GQ03817_M23_cluster=GQ03817_M23_status=complete_gb=BT117359 3438566
.48 GQ03817_M23.1_clone=GQ03817_M23_cluster=GQ03817_M23_status=complete_gb=BT117359 3361358
.40 GQ03817_M23.1_clone=GQ03817_M23_cluster=GQ03817_M23_status=complete_gb=BT117359 553629
.98 GQ02807_B13.1_clone=GQ02807_B13_cluster=GQ02807_B13_status=complete_gb=BT104166 3438617
.37 GQ03206_C01.1_clone=GQ03206_C01_cluster=GQ03206_C01_status=complete_gb=BT109225 3356517
.33 GQ03206_C01.1_clone=GQ03206_C01_cluster=GQ03206_C01_status=complete_gb=BT109225 226448
.96 WS00813_I06.1_clone=WS00813_I06_cluster=WS00813_I06_status=complete 3353239
.80 GQ0205_N01.1_clone=GQ0205_N01_cluster=GQ0205_N01_status=complete_gb=BT103056 3438394
.10 GQ0205_N01.1_clone=GQ0205_N01_cluster=GQ0205_N01_status=complete_gb=BT103056 3356349
.99 GQ03203_B22.2_clone=GQ03203_B22_cluster=GQ03203_B22_status=complete_gb=BT108964 3438547
.89 GQ02828_J14.1_clone=GQ02828_J14_cluster=GQ02828_J14_status=complete_gb=BT105794 3352170
.09 GQ02828_J14.1_clone=GQ02828_J14_cluster=GQ02828_J14_status=complete_gb=BT105794 212
.39 GQ03224_O19.1_clone=GQ03224_O19_cluster=GQ03224_O19_status=complete_gb=BT110649 3438722
.15 GQ03224_O19.1_clone=GQ03224_O19_cluster=GQ03224_O19_status=complete_gb=BT110649 3438722
.29 GQ03506_N17.1_clone=GQ03506_N17_cluster=GQ03506_N17_status=complete_gb=BT114035 3372977
.21 GQ03506_N17.1_clone=GQ03506_N17_cluster=GQ03506_N17_status=complete_gb=BT114035 1862963
.22 GQ03506_N17.1_clone=GQ03506_N17_cluster=GQ03506_N17_status=complete_gb=BT114035 3134689
.39 GQ03310_C20.2_clone=GQ03310_C20_cluster=GQ03310_C20_status=complete_gb=BT112111 3438724
.20 GQ03310_C20.2_clone=GQ03310_C20_cluster=GQ03310_C20_status=complete_gb=BT112111 3438724
.50 WS0314_F18.1_clone=WS0314_F18_cluster=WS0314_F18_status=complete 1278984
.40 WS0314_F18.1_clone=WS0314_F18_cluster=WS0314_F18_status=complete 810938
.41 GQ04001_H11.3_clone=GQ04001_H11_cluster=GQ04001_H11_status=53 3438619
.95 GQ03603_I18.1_clone=GQ03603_I18_cluster=GQ03603_I18_status=complete_gb=BT114845 3438697
.31 GQ0069_H15.1_clone=GQ0069_H15_cluster=GQ0069_H15_status=complete_gb=BT101156 3354847
.51 GQ0069_H15.1_clone=GQ0069_H15_cluster=GQ0069_H15_status=complete_gb=BT101156 3355346
.62 GQ0165_L23.1_clone=GQ0165_L23_cluster=GQ0165_L23_status=complete_gb=BT102074 3438021
.23 GQ0165_L23.1_clone=GQ0165_L23_cluster=GQ0165_L23_status=complete_gb=BT102074 1878714
.29 GQ04006_K23.1_clone=GQ04006_K23_cluster=GQ04006_K23_status=complete_gb=BT118465 3355740
.15 GQ02813_D01.2_clone=GQ02813_D01_cluster=GQ02813_D01_status=complete_gb=BT104663 1658782
.83 GQ02813_D01.2_clone=GQ02813_D01_cluster=GQ02813_D01_status=complete_gb=BT104663 3354295
.15 GQ03207_I11.1_clone=GQ03207_I11_cluster=GQ03207_I11_status=complete_gb=BT109352 3355664
.83 GQ03207_I11.1_clone=GQ03207_I11_cluster=GQ03207_I11_status=complete_gb=BT109352 3438621
.31 GQ03511_H09.1_clone=GQ03511_H09_cluster=GQ03511_H09_status=complete_gb=BT114260 3355346
.28 GQ03511_H09.1_clone=GQ03511_H09_cluster=GQ03511_H09_status=complete_gb=BT114260 3354847
.64 GQ03221_J05.1_clone=GQ03221_J05_cluster=GQ03221_J05_status=complete_gb=BT110426 3355959
.34 GQ03221_J05.1_clone=GQ03221_J05_cluster=GQ03221_J05_status=complete_gb=BT110426 3364266
.62 GQ03203_E21.1_clone=GQ03203_E21_cluster=GQ03203_E21_status=complete_gb=BT108982 3438013
.42 GQ03114_J03.1_clone=GQ03114_J03_cluster=GQ03114_J03_status=complete_gb=BT107929 3437852
.21 GQ03114_J03.1_clone=GQ03114_J03_cluster=GQ03114_J03_status=complete_gb=BT107929 845702
.25 GQ03006_O06.2_clone=GQ03006_O06_cluster=GQ03006_O06_status=53 3356376
.13 GQ03006_O06.2_clone=GQ03006_O06_cluster=GQ03006_O06_status=53 1260665
.06 GQ03006_O06.2_clone=GQ03006_O06_cluster=GQ03006_O06_status=53 1038020
.84 GQ02802_P02.1_clone=GQ02802_P02_cluster=GQ02802_P02_status=complete_gb=BT103844 3438643
.82 GQ03315_A12.1_clone=GQ03315_A12_cluster=GQ03315_A12_status=complete_gb=BT112422 3438122
.36 GQ03235_M07.1_clone=GQ03235_M07_cluster=GQ03235_M07_status=complete_gb=BT111303 3438401
.15 GQ03235_M07.1_clone=GQ03235_M07_cluster=GQ03235_M07_status=complete_gb=BT111303 691417
.39 GQ03801_G12.1_clone=GQ03801_G12_cluster=GQ03801_G12_status=complete_gb=BT116530 277140
.51 GQ03801_G12.1_clone=GQ03801_G12_cluster=GQ03801_G12_status=complete_gb=BT116530 1336073
.26 GQ03326_P06.1_clone=GQ03326_P06_cluster=GQ03326_P06_status=complete_gb=BT113188 3388015
.72 GQ03326_P06.1_clone=GQ03326_P06_cluster=GQ03326_P06_status=complete_gb=BT113188 3438505
.70 GQ03204_J18.1_clone=GQ03204_J18_cluster=GQ03204_J18_status=complete_gb=BT109098 3438727
.59 GQ04010_M08.1_clone=GQ04010_M08_cluster=GQ04010_M08_status=complete_gb=BT118831 3438664
.64 GQ03107_D18.1_clone=GQ03107_D18_cluster=GQ03107_D18_status=complete_gb=BT107412 3438274
.74 WS00842_J09.1_clone=WS00842_J09_cluster=WS00842_J09_status=3 3352956
.49 GQ02821_C12.1_clone=GQ02821_C12_cluster=GQ02821_C12_status=complete_gb=BT105344 3358191
.36 GQ02821_C12.1_clone=GQ02821_C12_cluster=GQ02821_C12_status=complete_gb=BT105344 3437915
.06 GQ03004_H20.1_clone=GQ03004_H20_cluster=GQ03004_H20_status=complete_gb=BT106541 2871845
.87 GQ03004_H20.1_clone=GQ03004_H20_cluster=GQ03004_H20_status=complete_gb=BT106541 3438562
.55 GQ03304_H16.1_clone=GQ03304_H16_cluster=GQ03304_H16_status=complete_gb=BT111855 3438684
.40 GQ03238_B18.1_clone=GQ03238_B18_cluster=GQ03238_B18_status=complete_gb=BT111472 3372035
.25 GQ03238_B18.1_clone=GQ03238_B18_cluster=GQ03238_B18_status=complete_gb=BT111472 1217809
.63 GQ03107_N15.2_clone=GQ03107_N15_cluster=GQ03107_N15_status=complete_gb=BT107465 3438660
.39 GQ02825_O22.1_clone=GQ02825_O22_cluster=GQ02825_O22_status=complete_gb=BT105662 373617
.36 GQ02825_O22.1_clone=GQ02825_O22_cluster=GQ02825_O22_status=complete_gb=BT105662 3353915
.34 GQ02825_O22.1_clone=GQ02825_O22_cluster=GQ02825_O22_status=complete_gb=BT105662 3361403
.25 GQ02825_O22.1_clone=GQ02825_O22_cluster=GQ02825_O22_status=complete_gb=BT105662 3356548
.43 GQ02016_M05.2_clone=GQ02016_M05_cluster=GQ02016_M05_status=complete_gb=BT102809 469684
.45 GQ02016_M05.2_clone=GQ02016_M05_cluster=GQ02016_M05_status=complete_gb=BT102809 3396951
.13 GQ03301_F08.1_clone=GQ03301_F08_cluster=GQ03301_F08_status=complete_gb=BT111615 1692030
.53 GQ03301_F08.1_clone=GQ03301_F08_cluster=GQ03301_F08_status=complete_gb=BT111615 3353936
.69 GQ03121_P08.1_clone=GQ03121_P08_cluster=GQ03121_P08_status=complete_gb=BT108453 3357699
.29 GQ03121_P08.1_clone=GQ03121_P08_cluster=GQ03121_P08_status=complete_gb=BT108453 709179
.30 GQ03322_M11.2_clone=GQ03322_M11_cluster=GQ03322_M11_status=complete_gb=BT112921 65789
.23 GQ03322_M11.2_clone=GQ03322_M11_cluster=GQ03322_M11_status=complete_gb=BT112921 3354026
.24 GQ03322_M11.2_clone=GQ03322_M11_cluster=GQ03322_M11_status=complete_gb=BT112921 3415030
.84 GQ02814_D20.1_clone=GQ02814_D20_cluster=GQ02814_D20_status=complete_gb=BT104739 3353984
.14 GQ02814_D20.1_clone=GQ02814_D20_cluster=GQ02814_D20_status=complete_gb=BT104739 394078
.60 GQ0227_C24.1_clone=GQ0227_C24_cluster=GQ0227_C24_status=complete_gb=BT103323 3438623
.28 GQ03705_B16.1_clone=GQ03705_B16_cluster=GQ03705_B16_status=complete_gb=BT115727 3367919
.23 GQ03705_B16.1_clone=GQ03705_B16_cluster=GQ03705_B16_status=complete_gb=BT115727 3365098
.22 GQ03705_B16.1_clone=GQ03705_B16_cluster=GQ03705_B16_status=complete_gb=BT115727 3358701
.06 GQ03705_B16.1_clone=GQ03705_B16_cluster=GQ03705_B16_status=complete_gb=BT115727 3375911
.18 GQ03112_I05.1_clone=GQ03112_I05_cluster=GQ03112_I05_status=complete_gb=BT107769 175817
.36 GQ03112_I05.1_clone=GQ03112_I05_cluster=GQ03112_I05_status=complete_gb=BT107769 3438205
.96 WS00755_D09.1_clone=WS00755_D09_cluster=WS00755_D09_status=3 3438255
.43 GQ0174_H24.1_clone=GQ0174_H24_cluster=GQ0174_H24_status=complete_gb=BT102283 3355797
.24 GQ0174_H24.1_clone=GQ0174_H24_cluster=GQ0174_H24_status=complete_gb=BT102283 877518
.17 GQ0174_H24.1_clone=GQ0174_H24_cluster=GQ0174_H24_status=complete_gb=BT102283 1201539
.17 GQ0174_H24.1_clone=GQ0174_H24_cluster=GQ0174_H24_status=complete_gb=BT102283 1586489
.47 GQ04113_K09.4_clone=GQ04113_K09_cluster=GQ04113_K09_status=complete_gb=BT119983 3438646
.13 GQ04113_K09.4_clone=GQ04113_K09_cluster=GQ04113_K09_status=complete_gb=BT119983 3353289
.88 GQ04105_G20.1_clone=GQ04105_G20_cluster=GQ04105_G20_status=complete_gb=BT119420 3438716
.45 GQ0166_O08.1_clone=GQ0166_O08_cluster=GQ0166_O08_status=complete_gb=BT102126 3438327
.44 GQ0166_O08.1_clone=GQ0166_O08_cluster=GQ0166_O08_status=complete_gb=BT102126 3357842
.27 GQ0166_O08.1_clone=GQ0166_O08_cluster=GQ0166_O08_status=complete_gb=BT102126 3372901
.20 GQ03518_B05.4_clone=GQ03518_B05_cluster=GQ03518_B05_status=53 692129
.16 GQ03518_B05.4_clone=GQ03518_B05_cluster=GQ03518_B05_status=53 3362227
.16 GQ03518_B05.4_clone=GQ03518_B05_cluster=GQ03518_B05_status=53 854215
.13 GQ03518_B05.4_clone=GQ03518_B05_cluster=GQ03518_B05_status=53 900703
.06 GQ03518_B05.4_clone=GQ03518_B05_cluster=GQ03518_B05_status=53 438366
.44 GQ0203_N21.1_clone=GQ0203_N21_cluster=GQ0203_N21_status=53 3402059
.41 GQ0203_N21.1_clone=GQ0203_N21_cluster=GQ0203_N21_status=53 3405879
.55 GQ03221_I10.1_clone=GQ03221_I10_cluster=GQ03221_I10_status=complete_gb=BT110421 3437905
.39 GQ03221_I10.1_clone=GQ03221_I10_cluster=GQ03221_I10_status=complete_gb=BT110421 828831
.54 GQ03917_K17.3_clone=GQ03917_K17_cluster=GQ03917_K17_status=complete_gb=BT117932 3438651
.13 GQ03917_K17.3_clone=GQ03917_K17_cluster=GQ03917_K17_status=complete_gb=BT117932 378472
.22 GQ0062_D21.1_clone=GQ0062_D21_cluster=GQ0062_D21_status=complete_gb=BT100987 3382121
.73 GQ0062_D21.1_clone=GQ0062_D21_cluster=GQ0062_D21_status=complete_gb=BT100987 3360303
.55 GQ03307_G14.3_clone=GQ03307_G14_cluster=GQ03307_G14_status=53 3353701
.18 GQ03307_G14.3_clone=GQ03307_G14_cluster=GQ03307_G14_status=53 3353701
.82 GQ04009_B10.3_clone=GQ04009_B10_cluster=GQ04009_B10_status=complete_gb=BT118685 3438686
.11 GQ04009_B10.3_clone=GQ04009_B10_cluster=GQ04009_B10_status=complete_gb=BT118685 1731481
.09 GQ04009_B10.3_clone=GQ04009_B10_cluster=GQ04009_B10_status=complete_gb=BT118685 1503526
.55 GQ0033_G23.1_clone=GQ0033_G23_cluster=GQ0033_G23_status=complete_gb=BT100634 3382983
.30 GQ0033_G23.1_clone=GQ0033_G23_cluster=GQ0033_G23_status=complete_gb=BT100634 3385696
.24 GQ0033_G23.1_clone=GQ0033_G23_cluster=GQ0033_G23_status=complete_gb=BT100634 1069100
.16 GQ0033_G23.1_clone=GQ0033_G23_cluster=GQ0033_G23_status=complete_gb=BT100634 941390
.74 WS0339_M19.1_clone=WS0339_M19_cluster=WS0339_M19_status=3 3438139
.83 GQ02818_N18.1_clone=GQ02818_N18_cluster=GQ02818_N18_status=complete_gb=BT105124 3438324
.58 GQ03804_B03.1_clone=GQ03804_B03_cluster=GQ03804_B03_status=complete_gb=BT116657 3438685
.27 GQ03804_B03.1_clone=GQ03804_B03_cluster=GQ03804_B03_status=complete_gb=BT116657 3381682
.27 GQ03804_B03.1_clone=GQ03804_B03_cluster=GQ03804_B03_status=complete_gb=BT116657 3353740
.48 GQ03817_E10.1_clone=GQ03817_E10_cluster=GQ03817_E10_status=complete_gb=BT117329 3360010
.29 GQ03817_E10.1_clone=GQ03817_E10_cluster=GQ03817_E10_status=complete_gb=BT117329 566084
.82 GQ03122_D23.1_clone=GQ03122_D23_cluster=GQ03122_D23_status=complete_gb=BT108466 3352560
.17 GQ03122_D23.1_clone=GQ03122_D23_cluster=GQ03122_D23_status=complete_gb=BT108466 903203
.93 GQ03102_B04.2_clone=GQ03102_B04_cluster=GQ03102_B04_status=complete_gb=BT107039 3438662
.35 GQ02826_L03.1_clone=GQ02826_L03_cluster=GQ02826_L03_status=complete_gb=BT105707 3437940
.33 GQ03310_B18.1_clone=GQ03310_B18_cluster=GQ03310_B18_status=complete_gb=BT112107 3438212
.28 GQ03310_B18.1_clone=GQ03310_B18_cluster=GQ03310_B18_status=complete_gb=BT112107 3355062
.54 GQ04009_P23.1_clone=GQ04009_P23_cluster=GQ04009_P23_status=complete_gb=BT118766 3363863
.47 GQ03714_H07.1_clone=GQ03714_H07_cluster=GQ03714_H07_status=complete_gb=BT116240 3438753
.31 WS0078_I16.1_clone=WS0078_I16_cluster=WS0078_I16_status=3 1372159
.40 WS0078_I16.1_clone=WS0078_I16_cluster=WS0078_I16_status=3 912470
.89 GQ03108_D05.3_clone=GQ03108_D05_cluster=GQ03108_D05_status=complete_gb=BT107487 3438618
.49 GQ0201_I17.1_clone=GQ0201_I17_cluster=GQ0201_I17_status=complete_gb=BT102844 3438554
.04 GQ0201_I17.1_clone=GQ0201_I17_cluster=GQ0201_I17_status=complete_gb=BT102844 1127082
.23 GQ03301_E06.1_clone=GQ03301_E06_cluster=GQ03301_E06_status=complete_gb=BT111609 1023316
.75 GQ03301_E06.1_clone=GQ03301_E06_cluster=GQ03301_E06_status=complete_gb=BT111609 3438658
.58 GQ03202_I02.2_clone=GQ03202_I02_cluster=GQ03202_I02_status=complete_gb=BT108916 3438675
.49 GQ03309_K14.4_clone=GQ03309_K14_cluster=GQ03309_K14_status=complete_gb=BT112076 3437965
.33 GQ03309_K14.4_clone=GQ03309_K14_cluster=GQ03309_K14_status=complete_gb=BT112076 3353577
.17 GQ03309_K14.4_clone=GQ03309_K14_cluster=GQ03309_K14_status=complete_gb=BT112076 3438372
.14 GQ03309_K14.4_clone=GQ03309_K14_cluster=GQ03309_K14_status=complete_gb=BT112076 1593709
.14 GQ03309_K14.4_clone=GQ03309_K14_cluster=GQ03309_K14_status=complete_gb=BT112076 881721
.39 WS0087_F15.1_clone=WS0087_F15_cluster=WS0087_F15_status=3 1898656
.41 WS0087_F15.1_clone=WS0087_F15_cluster=WS0087_F15_status=3 642216
.26 GQ03230_N04.1_clone=GQ03230_N04_cluster=GQ03230_N04_status=complete_gb=BT110987 940043
.26 GQ03230_N04.1_clone=GQ03230_N04_cluster=GQ03230_N04_status=complete_gb=BT110987 3406431
.19 GQ03230_N04.1_clone=GQ03230_N04_cluster=GQ03230_N04_status=complete_gb=BT110987 3371617
.07 GQ03314_G21.1_clone=GQ03314_G21_cluster=GQ03314_G21_status=complete_gb=BT112395 3356955
.91 GQ03314_G21.1_clone=GQ03314_G21_cluster=GQ03314_G21_status=complete_gb=BT112395 3438699
.64 GQ03304_J06.1_clone=GQ03304_J06_cluster=GQ03304_J06_status=complete_gb=BT111864 3366016
.17 GQ03304_J06.1_clone=GQ03304_J06_cluster=GQ03304_J06_status=complete_gb=BT111864 3361423
.60 GQ02808_H24.1_clone=GQ02808_H24_cluster=GQ02808_H24_status=complete_gb=BT104282 3438391
.38 GQ02808_H24.1_clone=GQ02808_H24_cluster=GQ02808_H24_status=complete_gb=BT104282 329284
.59 GQ03814_D21.1_clone=GQ03814_D21_cluster=GQ03814_D21_status=complete_gb=BT117170 798924
.53 GQ03814_D21.1_clone=GQ03814_D21_cluster=GQ03814_D21_status=complete_gb=BT117170 3356647
.20 GQ03814_D21.1_clone=GQ03814_D21_cluster=GQ03814_D21_status=complete_gb=BT117170 1085665
.20 GQ03814_D21.1_clone=GQ03814_D21_cluster=GQ03814_D21_status=complete_gb=BT117170 375030
.18 GQ03814_D21.1_clone=GQ03814_D21_cluster=GQ03814_D21_status=complete_gb=BT117170 1310205
.44 GQ03808_H21.1_clone=GQ03808_H21_cluster=GQ03808_H21_status=complete_gb=BT116879 3437886
.18 GQ03808_H21.1_clone=GQ03808_H21_cluster=GQ03808_H21_status=complete_gb=BT116879 649699
.13 GQ03808_H21.1_clone=GQ03808_H21_cluster=GQ03808_H21_status=complete_gb=BT116879 374276
.17 GQ0174_N23.1_clone=GQ0174_N23_cluster=GQ0174_N23_status=3 3356219
.54 GQ0174_N23.1_clone=GQ0174_N23_cluster=GQ0174_N23_status=3 3357938
.99 GQ04109_K22.4_clone=GQ04109_K22_cluster=GQ04109_K22_status=complete_gb=BT119755 3438286
.98 GQ03511_P07.1_clone=GQ03511_P07_cluster=GQ03511_P07_status=complete_gb=BT114289 3438127
.33 GQ02829_D06.1_clone=GQ02829_D06_cluster=GQ02829_D06_status=complete_gb=BT105835 3438326
.08 GQ03316_B06.1_clone=GQ03316_B06_cluster=GQ03316_B06_status=complete_gb=BT112488 918143
.26 GQ03316_B06.1_clone=GQ03316_B06_cluster=GQ03316_B06_status=complete_gb=BT112488 662861
.42 GQ02905_C06.4_clone=GQ02905_C06_cluster=GQ02905_C06_status=complete_gb=BT106214 3438674
.20 GQ02905_C06.4_clone=GQ02905_C06_cluster=GQ02905_C06_status=complete_gb=BT106214 422954
.13 GQ02905_C06.4_clone=GQ02905_C06_cluster=GQ02905_C06_status=complete_gb=BT106214 3438674
.88 GQ03101_B18.1_clone=GQ03101_B18_cluster=GQ03101_B18_status=complete_gb=BT106950 3438316
.34 GQ03108_J04.1_clone=GQ03108_J04_cluster=GQ03108_J04_status=complete_gb=BT107516 3361854
.23 GQ03108_J04.1_clone=GQ03108_J04_cluster=GQ03108_J04_status=complete_gb=BT107516 3363128
.06 GQ03108_J04.1_clone=GQ03108_J04_cluster=GQ03108_J04_status=complete_gb=BT107516 1335036
.06 GQ03108_J04.1_clone=GQ03108_J04_cluster=GQ03108_J04_status=complete_gb=BT107516 915434
.13 GQ03606_C01.4_clone=GQ03606_C01_cluster=GQ03606_C01_status=complete_gb=BT114959 3429958
.79 GQ03606_C01.4_clone=GQ03606_C01_cluster=GQ03606_C01_status=complete_gb=BT114959 3438672
.49 GQ00612_H02.1_clone=GQ00612_H02_cluster=GQ00612_H02_status=complete_gb=BT100959 3353650
.29 GQ00612_H02.1_clone=GQ00612_H02_cluster=GQ00612_H02_status=complete_gb=BT100959 3355907
.99 GQ01304_A08.2_clone=GQ01304_A08_cluster=GQ01304_A08_status=5 3438698
.63 GQ03316_N06.1_clone=GQ03316_N06_cluster=GQ03316_N06_status=complete_gb=BT112524 3438711
.17 GQ03316_N06.1_clone=GQ03316_N06_cluster=GQ03316_N06_status=complete_gb=BT112524 567911
.83 GQ03231_K16.1_clone=GQ03231_K16_cluster=GQ03231_K16_status=complete_gb=BT111036 3438715
.88 GQ0134_L20.1_clone=GQ0134_L20_cluster=GQ0134_L20_status=complete_gb=BT101965 657373
.08 GQ0134_L20.1_clone=GQ0134_L20_cluster=GQ0134_L20_status=complete_gb=BT101965 256401
.19 GQ03232_K24.1_clone=GQ03232_K24_cluster=GQ03232_K24_status=complete_gb=BT111103 3361114
.79 GQ03232_K24.1_clone=GQ03232_K24_cluster=GQ03232_K24_status=complete_gb=BT111103 3438352
.50 GQ03614_A18.1_clone=GQ03614_A18_cluster=GQ03614_A18_status=complete_gb=BT115313 3438591
.21 GQ03605_P19.1_clone=GQ03605_P19_cluster=GQ03605_P19_status=complete_gb=BT114952 1917905
.78 GQ03605_P19.1_clone=GQ03605_P19_cluster=GQ03605_P19_status=complete_gb=BT114952 3438058
.29 GQ04012_P10.1_clone=GQ04012_P10_cluster=GQ04012_P10_status=complete_gb=BT118980 3380033
.46 GQ03607_G12.1_clone=GQ03607_G12_cluster=GQ03607_G12_status=complete_gb=BT115020 3438406
.19 GQ03607_G12.1_clone=GQ03607_G12_cluster=GQ03607_G12_status=complete_gb=BT115020 3361573
.22 GQ01301_I04.1_clone=GQ01301_I04_cluster=GQ01301_I04_status=complete_gb=BT101309 3438106
.38 GQ04106_F11.1_clone=GQ04106_F11_cluster=GQ04106_F11_status=complete_gb=BT119490 3438588
.30 GQ04106_F11.1_clone=GQ04106_F11_cluster=GQ04106_F11_status=complete_gb=BT119490 3418719
.22 GQ04102_F24.2_clone=GQ04102_F24_cluster=GQ04102_F24_status=complete_gb=BT119178 3355355
.31 GQ04102_F24.2_clone=GQ04102_F24_cluster=GQ04102_F24_status=complete_gb=BT119178 3438616
.18 GQ04008_F18.1_clone=GQ04008_F18_cluster=GQ04008_F18_status=complete_gb=BT118632 488985
.15 GQ04008_F18.1_clone=GQ04008_F18_cluster=GQ04008_F18_status=complete_gb=BT118632 1041759
.14 GQ04008_F18.1_clone=GQ04008_F18_cluster=GQ04008_F18_status=complete_gb=BT118632 659242
.13 GQ04008_F18.1_clone=GQ04008_F18_cluster=GQ04008_F18_status=complete_gb=BT118632 495898
.95 GQ03613_H22.1_clone=GQ03613_H22_cluster=GQ03613_H22_status=complete_gb=BT115289 3438634
.76 GQ03319_O03.1_clone=GQ03319_O03_cluster=GQ03319_O03_status=complete_gb=BT112710 3438343
.47 GQ03233_O22.1_clone=GQ03233_O22_cluster=GQ03233_O22_status=complete_gb=BT111182 3438630
.17 GQ03233_O22.1_clone=GQ03233_O22_cluster=GQ03233_O22_status=complete_gb=BT111182 815269
.17 GQ03233_O22.1_clone=GQ03233_O22_cluster=GQ03233_O22_status=complete_gb=BT111182 3359143
.57 GQ03221_A07.1_clone=GQ03221_A07_cluster=GQ03221_A07_status=complete_gb=BT110387 3438108
.72 GQ03606_H06.1_clone=GQ03606_H06_cluster=GQ03606_H06_status=complete_gb=BT114978 3354894
.55 GQ03101_E02.1_clone=GQ03101_E02_cluster=GQ03101_E02_status=complete_gb=BT106962 3438346
.48 GQ03712_P05.1_clone=GQ03712_P05_cluster=GQ03712_P05_status=complete_gb=BT116167 3438277
.22 GQ03712_P05.1_clone=GQ03712_P05_cluster=GQ03712_P05_status=complete_gb=BT116167 3357082
.83 GQ03206_E15.1_clone=GQ03206_E15_cluster=GQ03206_E15_status=complete_gb=BT109242 3438745
.43 WS03214_N04.1_clone=WS03214_N04_cluster=WS03214_N04_status=3 3438052
.36 WS03214_N04.1_clone=WS03214_N04_cluster=WS03214_N04_status=3 3363800
.31 GQ03222_K23.1_clone=GQ03222_K23_cluster=GQ03222_K23_status=complete_gb=BT110504 3438003
.26 GQ03229_C10.1_clone=GQ03229_C10_cluster=GQ03229_C10_status=complete_gb=BT110876 3438719
.19 GQ03229_C10.1_clone=GQ03229_C10_cluster=GQ03229_C10_status=complete_gb=BT110876 3438719
.99 GQ03810_G01.1_clone=GQ03810_G01_cluster=GQ03810_G01_status=complete_gb=BT116966 3438553
.54 GQ0178_O05.2_clone=GQ0178_O05_cluster=GQ0178_O05_status=3 3354318
.34 GQ0178_O05.2_clone=GQ0178_O05_cluster=GQ0178_O05_status=3 3355589
.83 GQ04001_A16.1_clone=GQ04001_A16_cluster=GQ04001_A16_status=complete_gb=BT118000 3438718
.89 GQ03103_D23.1_clone=GQ03103_D23_cluster=GQ03103_D23_status=complete_gb=BT107143 3438099
.47 GQ03608_G09.1_clone=GQ03608_G09_cluster=GQ03608_G09_status=complete_gb=BT115068 3438639
.16 GQ03608_G09.1_clone=GQ03608_G09_cluster=GQ03608_G09_status=complete_gb=BT115068 1162699
.09 GQ03608_G09.1_clone=GQ03608_G09_cluster=GQ03608_G09_status=complete_gb=BT115068 3438639
.79 GQ0131_D08.1_clone=GQ0131_D08_cluster=GQ0131_D08_status=complete_gb=BT101825 3438754
.92 GQ03512_A14.1_clone=GQ03512_A14_cluster=GQ03512_A14_status=complete_gb=BT114294 3438752
.67 GQ0011_P09.1_clone=GQ0011_P09_cluster=GQ0011_P09_status=complete_gb=BT100372 3356890
.32 GQ0011_P09.1_clone=GQ0011_P09_cluster=GQ0011_P09_status=complete_gb=BT100372 3379630
.10 GQ03239_A14.1_clone=GQ03239_A14_cluster=GQ03239_A14_status=complete_gb=BT111531 1271311
.86 GQ03239_A14.1_clone=GQ03239_A14_cluster=GQ03239_A14_status=complete_gb=BT111531 3438714
.34 GQ03229_P16.1_clone=GQ03229_P16_cluster=GQ03229_P16_status=complete_gb=BT110935 3438560
.19 GQ03229_P16.1_clone=GQ03229_P16_cluster=GQ03229_P16_status=complete_gb=BT110935 967279
.19 GQ03229_P16.1_clone=GQ03229_P16_cluster=GQ03229_P16_status=complete_gb=BT110935 1581093
.08 GQ03229_P16.1_clone=GQ03229_P16_cluster=GQ03229_P16_status=complete_gb=BT110935 712729
.73 GQ03808_A09.2_clone=GQ03808_A09_cluster=GQ03808_A09_status=complete_gb=BT116856 3438637
.31 GQ02801_E04.1_clone=GQ02801_E04_cluster=GQ02801_E04_status=complete_gb=BT103728 3356855
.58 GQ02801_E04.1_clone=GQ02801_E04_cluster=GQ02801_E04_status=complete_gb=BT103728 3352750
.12 GQ0202_L09.1_clone=GQ0202_L09_cluster=GQ0202_L09_status=complete_gb=BT102899 264133
.18 GQ0202_L09.1_clone=GQ0202_L09_cluster=GQ0202_L09_status=complete_gb=BT102899 722133
.86 GQ03202_J13.1_clone=GQ03202_J13_cluster=GQ03202_J13_status=complete_gb=BT108923 3352870
.08 GQ03202_J13.1_clone=GQ03202_J13_cluster=GQ03202_J13_status=complete_gb=BT108923 637518
.56 WS00746_F12.1_clone=WS00746_F12_cluster=WS00746_F12_status=complete 1050215
.31 WS00746_F12.1_clone=WS00746_F12_cluster=WS00746_F12_status=complete 486427
.99 GQ02805_I02.1_clone=GQ02805_I02_cluster=GQ02805_I02_status=complete_gb=BT104021 3438696
.26 GQ03324_B06.1_clone=GQ03324_B06_cluster=GQ03324_B06_status=complete_gb=BT112998 3358831
.16 GQ03324_B06.1_clone=GQ03324_B06_cluster=GQ03324_B06_status=complete_gb=BT112998 2590420
.17 GQ03203_O13.1_clone=GQ03203_O13_cluster=GQ03203_O13_status=complete_gb=BT109031 1969544
.33 GQ03203_O13.1_clone=GQ03203_O13_cluster=GQ03203_O13_status=complete_gb=BT109031 3438414
.75 GQ03816_H18.1_clone=GQ03816_H18_cluster=GQ03816_H18_status=complete_gb=BT117286 3438679
.58 GQ03231_H10.1_clone=GQ03231_H10_cluster=GQ03231_H10_status=complete_gb=BT111024 3359836
.41 GQ03231_H10.1_clone=GQ03231_H10_cluster=GQ03231_H10_status=complete_gb=BT111024 3361070
.71 GQ03320_P21.1_clone=GQ03320_P21_cluster=GQ03320_P21_status=complete_gb=BT112788 3438749
.42 GQ03212_P15.1_clone=GQ03212_P15_cluster=GQ03212_P15_status=complete_gb=BT109848 3358315
.22 GQ03212_P15.1_clone=GQ03212_P15_cluster=GQ03212_P15_status=complete_gb=BT109848 3355341
.95 GQ04110_N08.1_clone=GQ04110_N08_cluster=GQ04110_N08_status=complete_gb=BT119836 3438707
.03 GQ04110_N08.1_clone=GQ04110_N08_cluster=GQ04110_N08_status=complete_gb=BT119836 292033
.74 GQ03125_K15.1_clone=GQ03125_K15_cluster=GQ03125_K15_status=complete_gb=BT108708 3438707
.45 GQ02812_B02.3_clone=GQ02812_B02_cluster=GQ02812_B02_status=complete_gb=BT104576 3438738
.12 GQ02812_B02.3_clone=GQ02812_B02_cluster=GQ02812_B02_status=complete_gb=BT104576 3438738
.72 GQ03203_A02.1_clone=GQ03203_A02_cluster=GQ03203_A02_status=complete_gb=BT108953 3438614
.38 GQ03123_F15.1_clone=GQ03123_F15_cluster=GQ03123_F15_status=complete_gb=BT108547 3438395
.22 GQ03123_F15.1_clone=GQ03123_F15_cluster=GQ03123_F15_status=complete_gb=BT108547 3365701
.16 GQ03123_F15.1_clone=GQ03123_F15_cluster=GQ03123_F15_status=complete_gb=BT108547 1497769
.12 GQ03123_F15.1_clone=GQ03123_F15_cluster=GQ03123_F15_status=complete_gb=BT108547 719272
.88 GQ03615_O24.1_clone=GQ03615_O24_cluster=GQ03615_O24_status=complete_gb=BT115409 3438734
.89 GQ03612_H14.1_clone=GQ03612_H14_cluster=GQ03612_H14_status=complete_gb=BT115247 3438652
.86 GQ03120_F10.1_clone=GQ03120_F10_cluster=GQ03120_F10_status=complete_gb=BT108338 3437978
.43 GQ03213_E08.1_clone=GQ03213_E08_cluster=GQ03213_E08_status=complete_gb=BT109877 244690
.25 GQ03213_E08.1_clone=GQ03213_E08_cluster=GQ03213_E08_status=complete_gb=BT109877 1490846
.48 GQ03802_L18.1_clone=GQ03802_L18_cluster=GQ03802_L18_status=complete_gb=BT116593 3353083
.41 GQ03802_L18.1_clone=GQ03802_L18_cluster=GQ03802_L18_status=complete_gb=BT116593 3356859
.31 GQ03802_L18.1_clone=GQ03802_L18_cluster=GQ03802_L18_status=complete_gb=BT116593 3357832
.26 GQ03802_L18.1_clone=GQ03802_L18_cluster=GQ03802_L18_status=complete_gb=BT116593 1043777
.29 GQ03802_L18.1_clone=GQ03802_L18_cluster=GQ03802_L18_status=complete_gb=BT116593 231106
.93 GQ03307_H15.4_clone=GQ03307_H15_cluster=GQ03307_H15_status=complete_gb=BT111914 3438659
.22 GQ02830_H24.1_clone=GQ02830_H24_cluster=GQ02830_H24_status=complete_gb=BT105960 3355654
.69 GQ02830_H24.1_clone=GQ02830_H24_cluster=GQ02830_H24_status=complete_gb=BT105960 3438633
.23 GQ03810_C02.1_clone=GQ03810_C02_cluster=GQ03810_C02_status=complete_gb=BT116956 3438688
.19 GQ03810_C02.1_clone=GQ03810_C02_cluster=GQ03810_C02_status=complete_gb=BT116956 3438688
.73 GQ04104_G23.1_clone=GQ04104_G23_cluster=GQ04104_G23_status=complete_gb=BT119346 3438709
.88 GQ03308_J23.1_clone=GQ03308_J23_cluster=GQ03308_J23_status=complete_gb=BT112000 3438669
.38 GQ04101_O05.1_clone=GQ04101_O05_cluster=GQ04101_O05_status=complete_gb=BT119142 3438673
.17 GQ04101_O05.1_clone=GQ04101_O05_cluster=GQ04101_O05_status=complete_gb=BT119142 3438673
.41 GQ03206_H05.1_clone=GQ03206_H05_cluster=GQ03206_H05_status=complete_gb=BT109257 3438284
.43 GQ03214_F08.2_clone=GQ03214_F08_cluster=GQ03214_F08_status=5 3438635
.58 GQ03204_M16.1_clone=GQ03204_M16_cluster=GQ03204_M16_status=complete_gb=BT109107 1077721
.46 GQ0068_I14.1_clone=GQ0068_I14_cluster=GQ0068_I14_status=complete_gb=BT101133 3438509
.25 GQ0068_I14.1_clone=GQ0068_I14_cluster=GQ0068_I14_status=complete_gb=BT101133 3352693
.10 GQ0068_I14.1_clone=GQ0068_I14_cluster=GQ0068_I14_status=complete_gb=BT101133 1244935
.53 GQ02814_H12.1_clone=GQ02814_H12_cluster=GQ02814_H12_status=complete_gb=BT104755 3364925
.87 GQ02802_M14.1_clone=GQ02802_M14_cluster=GQ02802_M14_status=complete_gb=BT103832 3438148
.41 WS02624_F21.1_clone=WS02624_F21_cluster=WS02624_F21_status=complete 638703
.32 WS02624_F21.1_clone=WS02624_F21_cluster=WS02624_F21_status=complete 911789
.65 GQ03303_O09.1_clone=GQ03303_O09_cluster=GQ03303_O09_status=complete_gb=BT111809 3352444
.34 GQ03007_D24.1_clone=GQ03007_D24_cluster=GQ03007_D24_status=complete_gb=BT106651 3437979
.18 GQ03007_D24.1_clone=GQ03007_D24_cluster=GQ03007_D24_status=complete_gb=BT106651 1665151
.80 GQ03107_M09.1_clone=GQ03107_M09_cluster=GQ03107_M09_status=complete_gb=BT107458 3437889
.50 GQ02805_P12.1_clone=GQ02805_P12_cluster=GQ02805_P12_status=complete_gb=BT104059 3356655
.89 GQ03601_A04.1_clone=GQ03601_A04_cluster=GQ03601_A04_status=complete_gb=BT114730 3438751
.69 GQ03309_K16.1_clone=GQ03309_K16_cluster=GQ03309_K16_status=complete_gb=BT112078 3352999
.32 GQ0207_M01.1_clone=GQ0207_M01_cluster=GQ0207_M01_status=complete_gb=BT103172 3378540
.29 GQ0207_M01.1_clone=GQ0207_M01_cluster=GQ0207_M01_status=complete_gb=BT103172 723441
.35 GQ03611_I20.2_clone=GQ03611_I20_cluster=GQ03611_I20_status=complete_gb=BT115212 1159291
.64 GQ03611_I20.2_clone=GQ03611_I20_cluster=GQ03611_I20_status=complete_gb=BT115212 3438383
.27 GQ03205_K07.1_clone=GQ03205_K07_cluster=GQ03205_K07_status=complete_gb=BT109189 528183
.71 GQ03205_K07.1_clone=GQ03205_K07_cluster=GQ03205_K07_status=complete_gb=BT109189 3438375
.62 WS0346_E23.1_clone=WS0346_E23_cluster=WS0346_E23_status=3 200863
.33 WS0346_E23.1_clone=WS0346_E23_cluster=WS0346_E23_status=3 3352992
.23 GQ03819_F09.1_clone=GQ03819_F09_cluster=GQ03819_F09_status=complete_gb=BT117429 3359532
.62 GQ03819_F09.1_clone=GQ03819_F09_cluster=GQ03819_F09_status=complete_gb=BT117429 662123
.21 GQ03313_K23.1_clone=GQ03313_K23_cluster=GQ03313_K23_status=complete_gb=BT112346 3352740
.75 GQ03313_K23.1_clone=GQ03313_K23_cluster=GQ03313_K23_status=complete_gb=BT112346 3352695
.28 GQ02824_J19.1_clone=GQ02824_J19_cluster=GQ02824_J19_status=complete_gb=BT105573 3376523
.12 GQ02824_J19.1_clone=GQ02824_J19_cluster=GQ02824_J19_status=complete_gb=BT105573 3390025
.84 WS03217_M24.1_clone=WS03217_M24_cluster=WS03217_M24_status=complete 3438556
.74 GQ03219_F14.1_clone=GQ03219_F14_cluster=GQ03219_F14_status=complete_gb=BT110293 3357020
.18 GQ03219_F14.1_clone=GQ03219_F14_cluster=GQ03219_F14_status=complete_gb=BT110293 3353431
.18 GQ03219_F14.1_clone=GQ03219_F14_cluster=GQ03219_F14_status=complete_gb=BT110293 3373207
.27 GQ03324_I12.1_clone=GQ03324_I12_cluster=GQ03324_I12_status=complete_gb=BT113015 3353561
.27 GQ03324_I12.1_clone=GQ03324_I12_cluster=GQ03324_I12_status=complete_gb=BT113015 720207
.21 GQ03324_I12.1_clone=GQ03324_I12_cluster=GQ03324_I12_status=complete_gb=BT113015 3359695
.19 WS00743_H22.1_clone=WS00743_H22_cluster=WS00743_H22_status=3 3382193
.74 WS00743_H22.1_clone=WS00743_H22_cluster=WS00743_H22_status=3 3357202
.16 GQ03803_H04.1_clone=GQ03803_H04_cluster=GQ03803_H04_status=complete_gb=BT116621 1107248
.82 GQ03803_H04.1_clone=GQ03803_H04_cluster=GQ03803_H04_status=complete_gb=BT116621 3438700
.79 GQ04005_E04.1_clone=GQ04005_E04_cluster=GQ04005_E04_status=complete_gb=BT118337 3353172
.19 GQ04005_E04.1_clone=GQ04005_E04_cluster=GQ04005_E04_status=complete_gb=BT118337 650997
.42 GQ03112_N15.1_clone=GQ03112_N15_cluster=GQ03112_N15_status=complete_gb=BT107798 740310
.34 GQ03112_N15.1_clone=GQ03112_N15_cluster=GQ03112_N15_status=complete_gb=BT107798 3373837
.32 GQ03112_N15.1_clone=GQ03112_N15_cluster=GQ03112_N15_status=complete_gb=BT107798 3438234
.11 GQ03815_P06.1_clone=GQ03815_P06_cluster=GQ03815_P06_status=complete_gb=BT117253 1554937
.71 GQ03815_P06.1_clone=GQ03815_P06_cluster=GQ03815_P06_status=complete_gb=BT117253 3438720
.87 GQ02829_B08.1_clone=GQ02829_B08_cluster=GQ02829_B08_status=complete_gb=BT105828 3438622
.25 GQ03012_J09.2_clone=GQ03012_J09_cluster=GQ03012_J09_status=complete_gb=BT106870 3438728
.61 GQ03808_O02.1_clone=GQ03808_O02_cluster=GQ03808_O02_status=complete_gb=BT116896 3438247
.89 GQ03704_K24.1_clone=GQ03704_K24_cluster=GQ03704_K24_status=complete_gb=BT115708 3438706
.04 GQ03704_K24.1_clone=GQ03704_K24_cluster=GQ03704_K24_status=complete_gb=BT115708 3437616
.04 GQ03704_K24.1_clone=GQ03704_K24_cluster=GQ03704_K24_status=complete_gb=BT115708 3370666
.18 GQ03417_A23.1_clone=GQ03417_A23_cluster=GQ03417_A23_status=complete_gb=BT113678 3438576
.13 GQ03417_A23.1_clone=GQ03417_A23_cluster=GQ03417_A23_status=complete_gb=BT113678 3358152
.47 GQ0202_D01.1_clone=GQ0202_D01_cluster=GQ0202_D01_status=53 3438337
.77 GQ0011_L04.1_clone=GQ0011_L04_cluster=GQ0011_L04_status=complete_gb=BT100365 3438237
.22 GQ0011_L04.1_clone=GQ0011_L04_cluster=GQ0011_L04_status=complete_gb=BT100365 3366189
.09 GQ02830_J23.1_clone=GQ02830_J23_cluster=GQ02830_J23_status=complete_gb=BT105968 3390541
.87 GQ02830_J23.1_clone=GQ02830_J23_cluster=GQ02830_J23_status=complete_gb=BT105968 3438704
.09 GQ03101_J18.1_clone=GQ03101_J18_cluster=GQ03101_J18_status=complete_gb=BT106990 1075132
.85 GQ03101_J18.1_clone=GQ03101_J18_cluster=GQ03101_J18_status=complete_gb=BT106990 3438641
.83 GQ0176_J17.1_clone=GQ0176_J17_cluster=GQ0176_J17_status=3 3438661
.90 GQ03403_I15.1_clone=GQ03403_I15_cluster=GQ03403_I15_status=complete_gb=BT113275 3438735
.76 GQ03709_K14.1_clone=GQ03709_K14_cluster=GQ03709_K14_status=complete_gb=BT115972 3438732
.99 WS02619_P07.1_clone=WS02619_P07_cluster=WS02619_P07_status=3 3438736
.16 GQ03809_O11.1_clone=GQ03809_O11_cluster=GQ03809_O11_status=complete_gb=BT116940 464073
.83 GQ03809_O11.1_clone=GQ03809_O11_cluster=GQ03809_O11_status=complete_gb=BT116940 3438649
.09 GQ03916_J09.2_clone=GQ03916_J09_cluster=GQ03916_J09_status=complete_gb=BT117908 3438230
.89 GQ03916_J09.2_clone=GQ03916_J09_cluster=GQ03916_J09_status=complete_gb=BT117908 3438230
.27 GQ04004_A16.1_clone=GQ04004_A16_cluster=GQ04004_A16_status=complete_gb=BT118242 317004
.27 GQ04004_A16.1_clone=GQ04004_A16_cluster=GQ04004_A16_status=complete_gb=BT118242 3360961
.26 GQ04004_A16.1_clone=GQ04004_A16_cluster=GQ04004_A16_status=complete_gb=BT118242 397206
.12 GQ04004_A16.1_clone=GQ04004_A16_cluster=GQ04004_A16_status=complete_gb=BT118242 3354553
.75 GQ04112_O21.2_clone=GQ04112_O21_cluster=GQ04112_O21_status=53 3438702
.42 GQ04006_D02.1_clone=GQ04006_D02_cluster=GQ04006_D02_status=complete_gb=BT118419 3438682
.21 GQ04006_D02.1_clone=GQ04006_D02_cluster=GQ04006_D02_status=complete_gb=BT118419 669074
.17 GQ04006_D02.1_clone=GQ04006_D02_cluster=GQ04006_D02_status=complete_gb=BT118419 3438682
.23 GQ03325_B04.1_clone=GQ03325_B04_cluster=GQ03325_B04_status=complete_gb=BT113055 3385998
.76 GQ03325_B04.1_clone=GQ03325_B04_cluster=GQ03325_B04_status=complete_gb=BT113055 3438405
.25 GQ03615_I21.1_clone=GQ03615_I21_cluster=GQ03615_I21_status=complete_gb=BT115392 565700
.49 GQ03615_I21.1_clone=GQ03615_I21_cluster=GQ03615_I21_status=complete_gb=BT115392 3438687
.98 GQ04101_A06.1_clone=GQ04101_A06_cluster=GQ04101_A06_status=complete_gb=BT119069 3438676
.94 GQ03221_J06.2_clone=GQ03221_J06_cluster=GQ03221_J06_status=complete_gb=BT110427 3437815
.37 GQ03221_J06.2_clone=GQ03221_J06_cluster=GQ03221_J06_status=complete_gb=BT110427 3438317
.27 GQ03221_J06.2_clone=GQ03221_J06_cluster=GQ03221_J06_status=complete_gb=BT110427 3354230
.26 GQ03221_J06.2_clone=GQ03221_J06_cluster=GQ03221_J06_status=complete_gb=BT110427 3352903
.45 GQ03310_E02.1_clone=GQ03310_E02_cluster=GQ03310_E02_status=complete_gb=BT112118 3438477
.36 GQ04010_G16.1_clone=GQ04010_G16_cluster=GQ04010_G16_status=complete_gb=BT118803 3353749
.38 GQ04010_G16.1_clone=GQ04010_G16_cluster=GQ04010_G16_status=complete_gb=BT118803 3357105
.77 GQ03218_K22.1_clone=GQ03218_K22_cluster=GQ03218_K22_status=complete_gb=BT110247 3357944
.14 GQ03218_K22.1_clone=GQ03218_K22_cluster=GQ03218_K22_status=complete_gb=BT110247 1694112
.31 GQ0165_K12.1_clone=GQ0165_K12_cluster=GQ0165_K12_status=complete_gb=BT102071 3359001
.67 GQ0165_K12.1_clone=GQ0165_K12_cluster=GQ0165_K12_status=complete_gb=BT102071 3437806
.37 GQ03124_F15.1_clone=GQ03124_F15_cluster=GQ03124_F15_status=complete_gb=BT108611 3438631
.22 GQ03124_F15.1_clone=GQ03124_F15_cluster=GQ03124_F15_status=complete_gb=BT108611 3438631
.18 GQ03207_K15.1_clone=GQ03207_K15_cluster=GQ03207_K15_status=complete_gb=BT109368 790222
.79 GQ03104_A17.1_clone=GQ03104_A17_cluster=GQ03104_A17_status=complete_gb=BT107190 3438645
.76 GQ03103_O03.1_clone=GQ03103_O03_cluster=GQ03103_O03_status=complete_gb=BT107181 3352175
.13 GQ03103_O03.1_clone=GQ03103_O03_cluster=GQ03103_O03_status=complete_gb=BT107181 1226364
.13 GQ03103_O03.1_clone=GQ03103_O03_cluster=GQ03103_O03_status=complete_gb=BT107181 2038591
.42 GQ02908_K15.2_clone=GQ02908_K15_cluster=GQ02908_K15_status=complete_gb=BT106386 3372156
.21 GQ02908_K15.2_clone=GQ02908_K15_cluster=GQ02908_K15_status=complete_gb=BT106386 618329
.76 GQ02810_K01.1_clone=GQ02810_K01_cluster=GQ02810_K01_status=complete_gb=BT104461 3438640
.53 GQ02805_M07.2_clone=GQ02805_M07_cluster=GQ02805_M07_status=complete_gb=BT104038 3438710
.29 GQ02805_M07.2_clone=GQ02805_M07_cluster=GQ02805_M07_status=complete_gb=BT104038 768754
.25 GQ02805_M07.2_clone=GQ02805_M07_cluster=GQ02805_M07_status=complete_gb=BT104038 902109
.10 GQ02805_M07.2_clone=GQ02805_M07_cluster=GQ02805_M07_status=complete_gb=BT104038 3367951
.73 GQ03232_I10.1_clone=GQ03232_I10_cluster=GQ03232_I10_status=complete_gb=BT111089 3438388
.23 GQ03232_I10.1_clone=GQ03232_I10_cluster=GQ03232_I10_status=complete_gb=BT111089 3364433
.06 GQ03207_J16.2_clone=GQ03207_J16_cluster=GQ03207_J16_status=complete_gb=BT109359 1325039
.86 GQ03207_J16.2_clone=GQ03207_J16_cluster=GQ03207_J16_status=complete_gb=BT109359 3438723
.09 GQ03010_K06.4_clone=GQ03010_K06_cluster=GQ03010_K06_status=complete_gb=BT106790 3382412
.85 GQ03010_K06.4_clone=GQ03010_K06_cluster=GQ03010_K06_status=complete_gb=BT106790 3438691
.59 GQ04113_M23.1_clone=GQ04113_M23_cluster=GQ04113_M23_status=complete_gb=BT119994 3352797
.40 GQ04113_M23.1_clone=GQ04113_M23_cluster=GQ04113_M23_status=complete_gb=BT119994 3376240
.88 GQ04106_H11.1_clone=GQ04106_H11_cluster=GQ04106_H11_status=complete_gb=BT119501 3383364
.20 GQ04001_I22.2_clone=GQ04001_I22_cluster=GQ04001_I22_status=complete_gb=BT118046 3438369
.22 GQ04001_I22.2_clone=GQ04001_I22_cluster=GQ04001_I22_status=complete_gb=BT118046 844775
.20 GQ04001_I22.2_clone=GQ04001_I22_cluster=GQ04001_I22_status=complete_gb=BT118046 3392478
.56 GQ03010_L12.1_clone=GQ03010_L12_cluster=GQ03010_L12_status=complete_gb=BT106796 3437920
.13 GQ03105_E17.1_clone=GQ03105_E17_cluster=GQ03105_E17_status=complete_gb=BT107282 1236165
.85 GQ03105_E17.1_clone=GQ03105_E17_cluster=GQ03105_E17_status=complete_gb=BT107282 3438615
.35 GQ02907_N16.3_clone=GQ02907_N16_cluster=GQ02907_N16_status=complete_gb=BT106345 3438708
.41 GQ02907_N16.3_clone=GQ02907_N16_cluster=GQ02907_N16_status=complete_gb=BT106345 3438708
.20 GQ03617_C09.1_clone=GQ03617_C09_cluster=GQ03617_C09_status=complete_gb=BT115460 3378816
.67 GQ03617_C09.1_clone=GQ03617_C09_cluster=GQ03617_C09_status=complete_gb=BT115460 3356581
.72 WS0023_G19.1_clone=WS0023_G19_cluster=WS0023_G19_status=3 3438339
.52 GQ03234_F18.1_clone=GQ03234_F18_cluster=GQ03234_F18_status=complete_gb=BT111209 3438275
.40 GQ03234_F18.1_clone=GQ03234_F18_cluster=GQ03234_F18_status=complete_gb=BT111209 3355821
.40 GQ0035_B05.1_clone=GQ0035_B05_cluster=GQ0035_B05_status=complete_gb=BT100647 3352417
.29 GQ0035_B05.1_clone=GQ0035_B05_cluster=GQ0035_B05_status=complete_gb=BT100647 3352200
.29 GQ0035_B05.1_clone=GQ0035_B05_cluster=GQ0035_B05_status=complete_gb=BT100647 3373030
.30 GQ0035_B05.1_clone=GQ0035_B05_cluster=GQ0035_B05_status=complete_gb=BT100647 924228
.29 GQ0035_B05.1_clone=GQ0035_B05_cluster=GQ0035_B05_status=complete_gb=BT100647 3355137
.47 GQ0033_B03.1_clone=GQ0033_B03_cluster=GQ0033_B03_status=complete_gb=BT100626 3438429
.57 GQ02812_B23.1_clone=GQ02812_B23_cluster=GQ02812_B23_status=complete_gb=BT104579 3354340
.31 GQ02812_B23.1_clone=GQ02812_B23_cluster=GQ02812_B23_status=complete_gb=BT104579 241422
.98 GQ03301_H22.1_clone=GQ03301_H22_cluster=GQ03301_H22_status=complete_gb=BT111627 3438725
.44 GQ03801_N04.1_clone=GQ03801_N04_cluster=GQ03801_N04_status=complete_gb=BT116550 3356534
.16 GQ03801_N04.1_clone=GQ03801_N04_cluster=GQ03801_N04_status=complete_gb=BT116550 3356886
.12 GQ03203_J04.1_clone=GQ03203_J04_cluster=GQ03203_J04_status=complete_gb=BT109003 2264088
.69 GQ03203_J04.1_clone=GQ03203_J04_cluster=GQ03203_J04_status=complete_gb=BT109003 3438542
.23 GQ03515_P19.1_clone=GQ03515_P19_cluster=GQ03515_P19_status=complete_gb=BT114511 3352544
.11 GQ03515_P19.1_clone=GQ03515_P19_cluster=GQ03515_P19_status=complete_gb=BT114511 3368327
.11 GQ03515_P19.1_clone=GQ03515_P19_cluster=GQ03515_P19_status=complete_gb=BT114511 1236001
.10 GQ03515_P19.1_clone=GQ03515_P19_cluster=GQ03515_P19_status=complete_gb=BT114511 2168035
.21 GQ03516_A23.1_clone=GQ03516_A23_cluster=GQ03516_A23_status=complete_gb=BT114516 1286534
.23 GQ03516_A23.1_clone=GQ03516_A23_cluster=GQ03516_A23_status=complete_gb=BT114516 3386491
.25 GQ03801_H20.1_clone=GQ03801_H20_cluster=GQ03801_H20_status=complete_gb=BT116532 340766
.20 GQ03801_H20.1_clone=GQ03801_H20_cluster=GQ03801_H20_status=complete_gb=BT116532 1146527
.14 GQ03801_H20.1_clone=GQ03801_H20_cluster=GQ03801_H20_status=complete_gb=BT116532 340767
.12 GQ03801_H20.1_clone=GQ03801_H20_cluster=GQ03801_H20_status=complete_gb=BT116532 773594
.12 GQ03801_H20.1_clone=GQ03801_H20_cluster=GQ03801_H20_status=complete_gb=BT116532 668816
.82 GQ02818_N01.1_clone=GQ02818_N01_cluster=GQ02818_N01_status=complete_gb=BT105121 3438638
.40 GQ03507_N08.1_clone=GQ03507_N08_cluster=GQ03507_N08_status=complete_gb=BT114086 3437997
.58 GQ03507_N08.1_clone=GQ03507_N08_cluster=GQ03507_N08_status=complete_gb=BT114086 344586
.70 GQ03101_A19.1_clone=GQ03101_A19_cluster=GQ03101_A19_status=complete_gb=BT106947 3356572
.28 GQ03101_A19.1_clone=GQ03101_A19_cluster=GQ03101_A19_status=complete_gb=BT106947 3358131
.15 GQ03514_D19.1_clone=GQ03514_D19_cluster=GQ03514_D19_status=complete_gb=BT114418 3362816
.74 GQ03514_D19.1_clone=GQ03514_D19_cluster=GQ03514_D19_status=complete_gb=BT114418 3438189
.29 GQ03807_F09.1_clone=GQ03807_F09_cluster=GQ03807_F09_status=complete_gb=BT116822 3404013
.27 GQ03807_F09.1_clone=GQ03807_F09_cluster=GQ03807_F09_status=complete_gb=BT116822 3388495
.27 GQ03807_F09.1_clone=GQ03807_F09_cluster=GQ03807_F09_status=complete_gb=BT116822 745230
.20 GQ03807_F09.1_clone=GQ03807_F09_cluster=GQ03807_F09_status=complete_gb=BT116822 3358341
.22 GQ03807_F09.1_clone=GQ03807_F09_cluster=GQ03807_F09_status=complete_gb=BT116822 193700
.55 GQ03505_N13.1_clone=GQ03505_N13_cluster=GQ03505_N13_status=complete_gb=BT113985 3354259
.51 GQ0041_L03.1_clone=GQ0041_L03_cluster=GQ0041_L03_status=complete_gb=BT100745 3437942
.27 GQ0041_L03.1_clone=GQ0041_L03_cluster=GQ0041_L03_status=complete_gb=BT100745 741328
.62 GQ02904_C02.1_clone=GQ02904_C02_cluster=GQ02904_C02_status=complete_gb=BT106156 3438321
.28 GQ03703_F21.1_clone=GQ03703_F21_cluster=GQ03703_F21_status=complete_gb=BT115633 421173
.35 GQ03703_F21.1_clone=GQ03703_F21_cluster=GQ03703_F21_status=complete_gb=BT115633 421172
.47 GQ03816_M23.1_clone=GQ03816_M23_cluster=GQ03816_M23_status=complete_gb=BT117302 3359235
.24 GQ03816_M23.1_clone=GQ03816_M23_cluster=GQ03816_M23_status=complete_gb=BT117302 3365269
.14 GQ0255_E23.2_clone=GQ0255_E23_cluster=GQ0255_E23_status=5 554327
.27 GQ0255_E23.2_clone=GQ0255_E23_cluster=GQ0255_E23_status=5 3356119
.47 GQ02820_H10.1_clone=GQ02820_H10_cluster=GQ02820_H10_status=complete_gb=BT105278 342952
.36 GQ02820_H10.1_clone=GQ02820_H10_cluster=GQ02820_H10_status=complete_gb=BT105278 103761
.26 GQ02820_H10.1_clone=GQ02820_H10_cluster=GQ02820_H10_status=complete_gb=BT105278 1423137
.80 GQ02813_N22.2_clone=GQ02813_N22_cluster=GQ02813_N22_status=53 3438653
.04 GQ02813_N22.2_clone=GQ02813_N22_cluster=GQ02813_N22_status=53 678857
.75 GQ03805_I24.1_clone=GQ03805_I24_cluster=GQ03805_I24_status=complete_gb=BT116727 3438642
.64 GQ03216_A20.2_clone=GQ03216_A20_cluster=GQ03216_A20_status=complete_gb=BT110085 3437971
.76 GQ04006_E13.2_clone=GQ04006_E13_cluster=GQ04006_E13_status=complete_gb=BT118429 3353896
.13 GQ04006_E13.2_clone=GQ04006_E13_cluster=GQ04006_E13_status=complete_gb=BT118429 3364601
.13 GQ04006_E13.2_clone=GQ04006_E13_cluster=GQ04006_E13_status=complete_gb=BT118429 3402181
.53 GQ04009_N05.1_clone=GQ04009_N05_cluster=GQ04009_N05_status=complete_gb=BT118748 3438644
.20 GQ04009_N05.1_clone=GQ04009_N05_cluster=GQ04009_N05_status=complete_gb=BT118748 508503
.57 GQ03107_F18.1_clone=GQ03107_F18_cluster=GQ03107_F18_status=complete_gb=BT107425 3438729
.33 GQ03220_D09.1_clone=GQ03220_D09_cluster=GQ03220_D09_status=complete_gb=BT110343 3438306
.47 GQ00410_L23.1_clone=GQ00410_L23_cluster=GQ00410_L23_status=complete_gb=BT100678 3356239
.27 GQ00410_L23.1_clone=GQ00410_L23_cluster=GQ00410_L23_status=complete_gb=BT100678 3372070
.65 GQ03617_O21.1_clone=GQ03617_O21_cluster=GQ03617_O21_status=53 3438683
.24 GQ0043_K19.1_clone=GQ0043_K19_cluster=GQ0043_K19_status=53 3427581
.36 GQ0043_K19.1_clone=GQ0043_K19_cluster=GQ0043_K19_status=53 190542
.20 GQ0043_K19.1_clone=GQ0043_K19_cluster=GQ0043_K19_status=53 1520556
.16 GQ0043_K19.1_clone=GQ0043_K19_cluster=GQ0043_K19_status=53 3390189
.04 GQ0043_K19.1_clone=GQ0043_K19_cluster=GQ0043_K19_status=53 617492
.99 GQ02906_O06.1_clone=GQ02906_O06_cluster=GQ02906_O06_status=complete_gb=BT106300 3438740
.29 GQ04003_F21.1_clone=GQ04003_F21_cluster=GQ04003_F21_status=complete_gb=BT118185 3438744
.20 GQ04003_F21.1_clone=GQ04003_F21_cluster=GQ04003_F21_status=complete_gb=BT118185 3438744
.54 GQ03517_N07.1_clone=GQ03517_N07_cluster=GQ03517_N07_status=complete_gb=BT114610 486401
.24 GQ03517_N07.1_clone=GQ03517_N07_cluster=GQ03517_N07_status=complete_gb=BT114610 3372542
.40 GQ03515_A22.4_clone=GQ03515_A22_cluster=GQ03515_A22_status=53 3438748
.56 GQ03513_M19.2_clone=GQ03513_M19_cluster=GQ03513_M19_status=5 3438594
.17 GQ03513_M19.2_clone=GQ03513_M19_cluster=GQ03513_M19_status=5 3368135
.76 GQ04001_H01.1_clone=GQ04001_H01_cluster=GQ04001_H01_status=complete_gb=BT118038 3438747
.68 GQ03236_A04.1_clone=GQ03236_A04_cluster=GQ03236_A04_status=complete_gb=BT111322 3438690
.40 GQ03229_I06.2_clone=GQ03229_I06_cluster=GQ03229_I06_status=complete_gb=BT110899 3438671
.22 GQ03229_I06.2_clone=GQ03229_I06_cluster=GQ03229_I06_status=complete_gb=BT110899 3356364
