.44 maker-168546070-augustus-gene-0.64-mRNA-1 3819872
.81 maker-168533576-snap-gene-0.52-mRNA-1 3820058
.47 maker-168185633-augustus-gene-0.6-mRNA-1 3819948
.43 maker-168185633-augustus-gene-0.6-mRNA-1 3819948
.64 augustus_masked-162200116-processed-gene-0.0-mRNA-1 3718668
.34 augustus_masked-162200116-processed-gene-0.0-mRNA-1 3730197
.51 maker-167242201-augustus-gene-0.3-mRNA-1 3717517
.43 maker-167242201-augustus-gene-0.3-mRNA-1 3726246
.13 maker-168328220-snap-gene-0.90-mRNA-1 546430
.05 maker-168328220-snap-gene-0.90-mRNA-1 417574
.85 maker-168212152-augustus-gene-0.25-mRNA-1 3819881
.13 maker-168212152-augustus-gene-0.25-mRNA-1 3749430
.10 maker-168212152-augustus-gene-0.25-mRNA-1 3757287
.82 snap_masked-167979738-processed-gene-0.55-mRNA-1 3819575
.88 maker-168228489-augustus-gene-0.114-mRNA-1 3820046
.26 genemark-168288763-processed-gene-0.5-mRNA-1 3111827
.45 genemark-168288763-processed-gene-0.5-mRNA-1 3810280
.24 genemark-168288763-processed-gene-0.5-mRNA-1 2423844
.27 genemark-168288763-processed-gene-0.5-mRNA-1 3145059
.08 maker-168438173-snap-gene-0.85-mRNA-1 3719528
.89 maker-168438173-snap-gene-0.85-mRNA-1 3819397
.59 augustus_masked-168533037-processed-gene-0.13-mRNA-1 3727513
.30 augustus_masked-168533037-processed-gene-0.13-mRNA-1 3718862
.51 maker-168493679-augustus-gene-0.14-mRNA-2 3721687
.24 maker-168493679-augustus-gene-0.14-mRNA-2 3819529
.30 maker-168577290-augustus-gene-0.44-mRNA-1 3742147
.45 maker-168577290-augustus-gene-0.44-mRNA-1 3820066
.40 maker-166259403-augustus-gene-0.3-mRNA-2 3718293
.15 maker-166259403-augustus-gene-0.3-mRNA-2 585397
.08 maker-166259403-augustus-gene-0.3-mRNA-2 3726060
.07 maker-166259403-augustus-gene-0.3-mRNA-2 1536375
.06 maker-166259403-augustus-gene-0.3-mRNA-2 3716349
.25 maker-168187299-snap-gene-0.33-mRNA-1 1401554
.40 maker-168187299-snap-gene-0.33-mRNA-1 3720352
.42 augustus_masked-167935280-processed-gene-0.0-mRNA-1 3820049
.65 maker-161364282-augustus-gene-0.3-mRNA-1 3737799
.28 maker-161364282-augustus-gene-0.3-mRNA-1 3719224
.28 maker-161364282-augustus-gene-0.3-mRNA-1 620962
.25 maker-161364282-augustus-gene-0.3-mRNA-1 816667
.25 maker-161364282-augustus-gene-0.3-mRNA-1 898135
.17 augustus_masked-168527965-processed-gene-0.13-mRNA-1 3773604
.81 augustus_masked-168527965-processed-gene-0.13-mRNA-1 3819928
.40 maker-168183415-snap-gene-0.16-mRNA-1 3717719
.18 maker-168183415-snap-gene-0.16-mRNA-1 3795974
.10 maker-168183415-snap-gene-0.16-mRNA-1 1296446
.08 maker-168183415-snap-gene-0.16-mRNA-1 1059493
.43 augustus_masked-168563499-processed-gene-1.52-mRNA-1 553656
.31 augustus_masked-168563499-processed-gene-1.52-mRNA-1 1072282
.28 augustus_masked-168563499-processed-gene-1.52-mRNA-1 601038
.23 augustus_masked-168563499-processed-gene-1.52-mRNA-1 3717086
.14 augustus_masked-168563499-processed-gene-1.52-mRNA-1 1889439
.36 maker-168371190-snap-gene-0.40-mRNA-1 3819937
.18 maker-168371190-snap-gene-0.40-mRNA-1 1120571
.27 augustus_masked-164111506-processed-gene-0.0-mRNA-1 1108080
.20 augustus_masked-164111506-processed-gene-0.0-mRNA-1 1630773
.64 maker-168463303-augustus-gene-0.13-mRNA-1 3795761
.03 maker-168463303-augustus-gene-0.13-mRNA-1 1381685
.32 maker-168225120-augustus-gene-0.16-mRNA-1 757671
.25 maker-168225120-augustus-gene-0.16-mRNA-1 3820068
.11 maker-168225120-augustus-gene-0.16-mRNA-1 3716334
.24 maker-168449131-snap-gene-0.11-mRNA-1 856802
.59 maker-168449131-snap-gene-0.11-mRNA-1 3720737
.10 maker-168299557-snap-gene-0.25-mRNA-1 3118662
.07 maker-168299557-snap-gene-0.25-mRNA-1 3819945
.70 genemark-168230012-processed-gene-0.0-mRNA-1 2617298
.13 genemark-168230012-processed-gene-0.0-mRNA-1 3788370
.42 maker-168333722-augustus-gene-0.36-mRNA-1 1324752
.39 maker-168544050-augustus-gene-0.8-mRNA-1 3819795
.27 maker-168544050-augustus-gene-0.8-mRNA-1 3717630
.14 maker-168544050-augustus-gene-0.8-mRNA-1 525743
.20 maker-168544050-augustus-gene-0.8-mRNA-1 3724398
.06 maker-168544050-augustus-gene-0.8-mRNA-1 3728704
.77 maker-167987925-snap-gene-0.9-mRNA-1 3819676
.31 maker-168410052-augustus-gene-0.53-mRNA-1 3723149
.64 maker-168410052-augustus-gene-0.53-mRNA-1 3819839
.83 maker-168226769-snap-gene-0.44-mRNA-1 3819817
.09 maker-168226769-snap-gene-0.44-mRNA-1 3819817
.27 augustus_masked-168463521-processed-gene-0.1-mRNA-1 3733066
.24 augustus_masked-168463521-processed-gene-0.1-mRNA-1 341839
.08 augustus_masked-168463521-processed-gene-0.1-mRNA-1 3731994
.08 augustus_masked-168463521-processed-gene-0.1-mRNA-1 834849
.19 augustus_masked-168463521-processed-gene-0.1-mRNA-1 889286
.39 augustus_masked-168551338-processed-gene-0.0-mRNA-1 3724097
.30 augustus_masked-168551338-processed-gene-0.0-mRNA-1 3751313
.28 augustus_masked-168551338-processed-gene-0.0-mRNA-1 1694579
.04 augustus_masked-168551338-processed-gene-0.0-mRNA-1 3720432
.65 maker-168347002-snap-gene-0.14-mRNA-1 3820055
.20 maker-168347002-snap-gene-0.14-mRNA-1 875527
.48 maker-168534133-augustus-gene-0.24-mRNA-1 284920
.41 maker-168534133-augustus-gene-0.24-mRNA-1 976751
.24 maker-168534133-augustus-gene-0.24-mRNA-1 1270492
.24 maker-168534133-augustus-gene-0.24-mRNA-1 887081
.24 maker-168534133-augustus-gene-0.24-mRNA-1 507194
.19 maker-166411943-augustus-gene-0.4-mRNA-1 490337
.30 maker-166411943-augustus-gene-0.4-mRNA-1 3819441
.31 maker-165039990-snap-gene-0.4-mRNA-1 3820048
.46 maker-165039990-snap-gene-0.4-mRNA-1 3820048
.07 maker-165039990-snap-gene-0.4-mRNA-1 3716705
.26 genemark-166518589-processed-gene-0.0-mRNA-1 1730651
.18 genemark-166518589-processed-gene-0.0-mRNA-1 3722390
.18 genemark-166518589-processed-gene-0.0-mRNA-1 1730651
.55 maker-166575086-augustus-gene-0.4-mRNA-1 3819649
.37 maker-166575086-augustus-gene-0.4-mRNA-1 732699
.37 maker-166575086-augustus-gene-0.4-mRNA-1 3723853
.25 genemark-168573063-processed-gene-0.28-mRNA-1 3746697
.48 genemark-168573063-processed-gene-0.28-mRNA-1 3819697
.44 genemark-168246336-processed-gene-0.6-mRNA-1 3820005
.39 maker-168217878-augustus-gene-0.68-mRNA-1 3715053
.08 maker-168217878-augustus-gene-0.68-mRNA-1 46891
.71 snap_masked-168423651-processed-gene-0.5-mRNA-1 1798610
.26 maker-168190187-augustus-gene-1.94-mRNA-1 3819663
.41 maker-168190187-augustus-gene-1.94-mRNA-1 3819663
.36 augustus_masked-167559622-processed-gene-0.0-mRNA-1 3725841
.25 augustus_masked-167559622-processed-gene-0.0-mRNA-1 1062135
.21 augustus_masked-167559622-processed-gene-0.0-mRNA-1 1118376
.22 augustus_masked-167559622-processed-gene-0.0-mRNA-1 853808
.27 maker-168573919-augustus-gene-0.56-mRNA-1 3819677
.72 maker-168573919-augustus-gene-0.56-mRNA-1 3820000
.40 augustus_masked-168547609-processed-gene-2.57-mRNA-1 3721799
.30 augustus_masked-168547609-processed-gene-2.57-mRNA-1 3716762
.26 augustus_masked-168547609-processed-gene-2.57-mRNA-1 1040614
.12 augustus_masked-168547609-processed-gene-2.57-mRNA-1 315899
.51 maker-168188504-snap-gene-0.36-mRNA-1 420437
.22 maker-168188504-snap-gene-0.36-mRNA-1 3718683
.34 maker-166004579-augustus-gene-0.3-mRNA-1 1189849
.23 maker-166004579-augustus-gene-0.3-mRNA-1 3799300
.31 maker-166764755-augustus-gene-0.3-mRNA-1 3739618
.67 maker-166764755-augustus-gene-0.3-mRNA-1 171317
.56 maker-168577507-snap-gene-0.43-mRNA-1 3715473
.42 maker-168577507-snap-gene-0.43-mRNA-1 3715491
.81 augustus_masked-168518511-processed-gene-0.13-mRNA-1 3727747
.07 augustus_masked-168518511-processed-gene-0.13-mRNA-1 618766
.07 augustus_masked-168518511-processed-gene-0.13-mRNA-1 734232
.07 augustus_masked-168518511-processed-gene-0.13-mRNA-1 491925
.28 snap_masked-168238739-processed-gene-0.4-mRNA-1 2138521
.71 snap_masked-168238739-processed-gene-0.4-mRNA-1 1361184
.27 augustus_masked-167890338-processed-gene-0.3-mRNA-1 3756699
.26 augustus_masked-167890338-processed-gene-0.3-mRNA-1 3735078
.04 augustus_masked-167890338-processed-gene-0.3-mRNA-1 3735078
.04 augustus_masked-167890338-processed-gene-0.3-mRNA-1 3756699
.04 augustus_masked-167890338-processed-gene-0.3-mRNA-1 675734
.42 augustus_masked-167994456-processed-gene-0.0-mRNA-1 3251606
.33 augustus_masked-167994456-processed-gene-0.0-mRNA-1 3564199
.56 augustus_masked-165850256-processed-gene-0.0-mRNA-1 3716806
.40 augustus_masked-165850256-processed-gene-0.0-mRNA-1 3716239
.55 augustus_masked-162267284-processed-gene-0.0-mRNA-1 3820045
.67 augustus_masked-167982584-processed-gene-0.3-mRNA-1 3728138
.11 augustus_masked-167982584-processed-gene-0.3-mRNA-1 2006186
.99 maker-161888549-snap-gene-0.1-mRNA-1 1103920
.49 maker-168280167-snap-gene-0.7-mRNA-1 3819764
.50 maker-168280167-snap-gene-0.7-mRNA-1 3819764
.68 maker-168019910-augustus-gene-0.5-mRNA-1 3819714
.46 augustus_masked-168542589-processed-gene-0.4-mRNA-1 3718838
.41 augustus_masked-168495564-processed-gene-0.6-mRNA-1 3820063
.01 augustus_masked-168495564-processed-gene-0.6-mRNA-1 3820052
.02 augustus_masked-168495564-processed-gene-0.6-mRNA-1 580547
0 augustus_masked-168495564-processed-gene-0.6-mRNA-1 3720237
.01 augustus_masked-168495564-processed-gene-0.6-mRNA-1 84188
.83 augustus_masked-168512572-processed-gene-0.0-mRNA-1 3719711
.15 augustus_masked-168512572-processed-gene-0.0-mRNA-1 3726640
.13 snap_masked-168552357-processed-gene-0.53-mRNA-1 542522
.75 snap_masked-168552357-processed-gene-0.53-mRNA-1 3820002
.99 augustus_masked-168335786-processed-gene-1.1-mRNA-1 3819962
.37 maker-168423943-augustus-gene-0.8-mRNA-1 3724630
.32 maker-168423943-augustus-gene-0.8-mRNA-1 3714938
.23 maker-168423943-augustus-gene-0.8-mRNA-1 3716173
.13 maker-168423943-augustus-gene-0.8-mRNA-1 1248061
.46 augustus_masked-168233317-processed-gene-0.2-mRNA-1 1748255
.55 maker-168322613-snap-gene-0.40-mRNA-1 3755376
.43 maker-168322613-snap-gene-0.40-mRNA-1 3744999
.39 augustus_masked-162789466-processed-gene-0.0-mRNA-1 3754955
.34 augustus_masked-162789466-processed-gene-0.0-mRNA-1 3819844
.29 maker-167898280-augustus-gene-0.16-mRNA-1 729049
.15 maker-167898280-augustus-gene-0.16-mRNA-1 526382
.10 maker-167898280-augustus-gene-0.16-mRNA-1 3120414
.04 maker-167898280-augustus-gene-0.16-mRNA-1 3772203
.38 maker-168463031-augustus-gene-0.50-mRNA-1 3820059
.20 maker-168463031-augustus-gene-0.50-mRNA-1 3820059
.48 maker-168546174-snap-gene-0.12-mRNA-1 3727210
.45 maker-168546174-snap-gene-0.12-mRNA-1 3715255
.38 maker-168546174-snap-gene-0.12-mRNA-1 3723910
.05 maker-168546174-snap-gene-0.12-mRNA-1 1026229
.05 maker-168546174-snap-gene-0.12-mRNA-1 3728101
.33 maker-168534651-augustus-gene-1.98-mRNA-1 3820061
.27 maker-168534651-augustus-gene-1.98-mRNA-1 3715195
.19 maker-168534651-augustus-gene-1.98-mRNA-1 556430
.22 maker-168534651-augustus-gene-1.98-mRNA-1 3722385
.03 maker-168534651-augustus-gene-1.98-mRNA-1 3724962
.42 snap_masked-168028511-processed-gene-0.3-mRNA-1 3721861
.33 snap_masked-168028511-processed-gene-0.3-mRNA-1 3744634
.79 maker-168190598-snap-gene-0.18-mRNA-1 3819932
.29 maker-168464861-snap-gene-0.16-mRNA-1 3820043
.19 maker-168464861-snap-gene-0.16-mRNA-1 3820043
.06 maker-168464861-snap-gene-0.16-mRNA-1 3726091
.87 maker-166476095-augustus-gene-0.3-mRNA-1 3819833
.10 maker-166476095-augustus-gene-0.3-mRNA-1 1855807
.63 augustus_masked-168302875-processed-gene-0.0-mRNA-1 3745692
.60 augustus_masked-168302875-processed-gene-0.0-mRNA-1 3716771
.20 augustus_masked-168302875-processed-gene-0.0-mRNA-1 3790373
.12 augustus_masked-168302875-processed-gene-0.0-mRNA-1 900479
.61 maker-168191213-augustus-gene-0.95-mRNA-1 3819992
.19 maker-168191213-augustus-gene-0.95-mRNA-1 469642
.74 maker-168459420-augustus-gene-0.5-mRNA-1 3715923
.09 maker-168459420-augustus-gene-0.5-mRNA-1 3506577
.53 augustus_masked-161520589-processed-gene-0.1-mRNA-1 3753182
.39 augustus_masked-161520589-processed-gene-0.1-mRNA-1 1549706
.37 augustus_masked-161520589-processed-gene-0.1-mRNA-1 3734785
.26 augustus_masked-161520589-processed-gene-0.1-mRNA-1 3715342
.26 augustus_masked-161520589-processed-gene-0.1-mRNA-1 875624
.89 snap_masked-168379314-processed-gene-0.24-mRNA-1 3724637
.26 maker-168267294-augustus-gene-0.57-mRNA-1 3726626
.25 maker-168267294-augustus-gene-0.57-mRNA-1 1030542
.17 maker-168267294-augustus-gene-0.57-mRNA-1 1374466
.12 maker-168267294-augustus-gene-0.57-mRNA-1 1163042
.02 maker-168267294-augustus-gene-0.57-mRNA-1 1603277
.32 augustus_masked-168446990-processed-gene-0.10-mRNA-1 3720231
.31 augustus_masked-168446990-processed-gene-0.10-mRNA-1 3717246
.18 augustus_masked-168446990-processed-gene-0.10-mRNA-1 3717245
.18 maker-162542429-snap-gene-0.5-mRNA-1 3732540
.07 maker-168548909-augustus-gene-0.13-mRNA-2 1692789
.05 maker-168548909-augustus-gene-0.13-mRNA-2 360803
.26 maker-168548909-augustus-gene-0.13-mRNA-2 3819770
.02 maker-168548909-augustus-gene-0.13-mRNA-2 670054
0 maker-168548909-augustus-gene-0.13-mRNA-2 850813
.28 maker-168184243-snap-gene-0.6-mRNA-1 3820020
.15 maker-168184243-snap-gene-0.6-mRNA-1 3720920
.78 maker-168460694-snap-gene-0.12-mRNA-1 209743
.07 maker-168460694-snap-gene-0.12-mRNA-1 1755618
.38 augustus_masked-168341230-processed-gene-0.4-mRNA-1 3819432
.28 maker-168515102-snap-gene-0.54-mRNA-1 620806
.13 maker-168515102-snap-gene-0.54-mRNA-1 3723921
.61 maker-164494972-snap-gene-0.5-mRNA-1 3723129
.47 maker-164494972-snap-gene-0.5-mRNA-1 3731777
.25 maker-164494972-snap-gene-0.5-mRNA-1 3819631
.20 maker-164494972-snap-gene-0.5-mRNA-1 734402
.29 augustus_masked-162263226-processed-gene-0.0-mRNA-1 1098292
.32 augustus_masked-162263226-processed-gene-0.0-mRNA-1 576672
.94 maker-168190618-snap-gene-0.23-mRNA-1 3820040
.61 maker-168561815-augustus-gene-0.6-mRNA-1 3744263
.18 maker-168561815-augustus-gene-0.6-mRNA-1 3736457
.83 maker-168206497-augustus-gene-0.11-mRNA-1 3715941
.15 maker-168206497-augustus-gene-0.11-mRNA-1 3718044
.40 maker-168577499-augustus-gene-0.26-mRNA-2 3820042
.40 maker-168577499-augustus-gene-0.26-mRNA-2 3819634
.99 maker-168003306-augustus-gene-0.27-mRNA-1 3820053
.56 maker-165868822-snap-gene-0.4-mRNA-1 979234
.34 maker-165868822-snap-gene-0.4-mRNA-1 1928650
.75 maker-168577231-snap-gene-0.17-mRNA-1 3820071
.24 maker-168577231-snap-gene-0.17-mRNA-1 3743773
.47 maker-164944959-snap-gene-0.5-mRNA-1 1586661
.47 maker-164944959-snap-gene-0.5-mRNA-1 3804204
.36 augustus_masked-168349909-processed-gene-0.0-mRNA-1 3436021
.22 augustus_masked-168349909-processed-gene-0.0-mRNA-1 1569102
.32 maker-168032190-snap-gene-0.14-mRNA-1 3820054
.07 maker-168032190-snap-gene-0.14-mRNA-1 1020866
.06 maker-168032190-snap-gene-0.14-mRNA-1 966996
.65 maker-168397999-snap-gene-0.45-mRNA-1 3820044
.26 genemark-168393557-processed-gene-0.16-mRNA-1 1136575
.28 genemark-168393557-processed-gene-0.16-mRNA-1 3721287
.50 augustus_masked-164967275-processed-gene-0.0-mRNA-1 3820063
.41 augustus_masked-164967275-processed-gene-0.0-mRNA-1 3820063
.51 maker-168543351-snap-gene-0.44-mRNA-1 872083
.43 maker-168543351-snap-gene-0.44-mRNA-1 3733375
.62 augustus_masked-164944577-processed-gene-0.0-mRNA-1 507027
.55 augustus_masked-164944577-processed-gene-0.0-mRNA-1 3783868
.47 augustus_masked-164944577-processed-gene-0.0-mRNA-1 549452
.33 augustus_masked-164944577-processed-gene-0.0-mRNA-1 944668
.27 augustus_masked-164944577-processed-gene-0.0-mRNA-1 3715944
.27 snap_masked-168572039-processed-gene-0.21-mRNA-1 3716066
.99 augustus_masked-162093405-processed-gene-0.0-mRNA-1 3820039
.45 maker-168576970-snap-gene-0.39-mRNA-1 3819918
.22 maker-168576970-snap-gene-0.39-mRNA-1 3738009
.88 maker-168421673-snap-gene-0.67-mRNA-1 3725723
.30 maker-168497403-snap-gene-0.51-mRNA-1 3819895
.33 maker-168533080-snap-gene-0.11-mRNA-1 1007131
.49 maker-168533080-snap-gene-0.11-mRNA-1 227169
.33 augustus_masked-168404276-processed-gene-0.3-mRNA-1 3724658
.28 augustus_masked-168404276-processed-gene-0.3-mRNA-1 3743236
.22 augustus_masked-168404276-processed-gene-0.3-mRNA-1 628475
.19 augustus_masked-168404276-processed-gene-0.3-mRNA-1 3720826
.21 augustus_masked-168404276-processed-gene-0.3-mRNA-1 3726003
.54 maker-164510119-augustus-gene-0.3-mRNA-1 3819807
.01 maker-164510119-augustus-gene-0.3-mRNA-1 547382
.01 maker-164510119-augustus-gene-0.3-mRNA-1 61245
.83 snap_masked-166846891-processed-gene-0.8-mRNA-1 3750708
.42 maker-159827234-augustus-gene-0.4-mRNA-1 3819801
.24 maker-159827234-augustus-gene-0.4-mRNA-1 854082
.17 maker-168552809-snap-gene-1.80-mRNA-1 3721308
.13 maker-168552809-snap-gene-1.80-mRNA-1 2672064
.11 maker-168552809-snap-gene-1.80-mRNA-1 2776978
.10 maker-168552809-snap-gene-1.80-mRNA-1 1644901
.30 maker-166701000-snap-gene-0.4-mRNA-1 819487
.54 maker-166701000-snap-gene-0.4-mRNA-1 3819921
.42 maker-168331358-snap-gene-0.23-mRNA-1 3820069
.23 maker-168331358-snap-gene-0.23-mRNA-1 3820069
.81 augustus_masked-168204569-processed-gene-0.6-mRNA-1 3820052
.08 augustus_masked-168204569-processed-gene-0.6-mRNA-1 3820052
.07 augustus_masked-168389992-processed-gene-0.5-mRNA-1 3819548
.07 augustus_masked-168389992-processed-gene-0.5-mRNA-1 3819669
.06 augustus_masked-168389992-processed-gene-0.5-mRNA-1 302994
.45 maker-168571190-augustus-gene-0.38-mRNA-1 3729965
.15 maker-168571190-augustus-gene-0.38-mRNA-1 839479
.10 genemark-167982734-processed-gene-0.15-mRNA-1 3737341
.10 genemark-167982734-processed-gene-0.15-mRNA-1 1899904
.95 genemark-168328194-processed-gene-0.70-mRNA-1 3819729
.01 genemark-168328194-processed-gene-0.70-mRNA-1 3779723
.54 maker-168536429-augustus-gene-0.8-mRNA-1 3820050
.34 maker-168536429-augustus-gene-0.8-mRNA-1 3820050
.66 augustus_masked-168264813-processed-gene-0.5-mRNA-1 3819689
.30 augustus_masked-168264813-processed-gene-0.5-mRNA-1 1109290
.18 augustus_masked-165674566-processed-gene-0.0-mRNA-1 1114811
.64 genemark-161503420-processed-gene-0.1-mRNA-1 3719231
.32 genemark-161503420-processed-gene-0.1-mRNA-1 213206
.82 maker-168549723-snap-gene-0.40-mRNA-1 3820067
.49 maker-166879293-snap-gene-0.5-mRNA-1 3820047
.31 maker-166879293-snap-gene-0.5-mRNA-1 278394
.27 maker-166879293-snap-gene-0.5-mRNA-1 3719349
.15 maker-166879293-snap-gene-0.5-mRNA-1 3820047
.07 maker-166879293-snap-gene-0.5-mRNA-1 3820047
.28 maker-165056348-augustus-gene-0.3-mRNA-1 3724105
.62 maker-165056348-augustus-gene-0.3-mRNA-1 3819770
.41 snap_masked-168188541-processed-gene-0.42-mRNA-1 3820057
.82 maker-168532123-snap-gene-0.18-mRNA-3 3819641
.11 maker-168532123-snap-gene-0.18-mRNA-3 410719
.58 maker-163454363-augustus-gene-0.3-mRNA-1 1102210
.41 maker-163454363-augustus-gene-0.3-mRNA-1 3819980
.77 maker-168354640-augustus-gene-0.7-mRNA-1 3819466
.22 maker-168354640-augustus-gene-0.7-mRNA-1 3737419
.32 maker-168443368-snap-gene-0.60-mRNA-1 2105482
.17 maker-168443368-snap-gene-0.60-mRNA-1 2583251
.23 maker-168443368-snap-gene-0.60-mRNA-1 3388406
.20 maker-168443368-snap-gene-0.60-mRNA-1 2109102
.57 maker-168443368-snap-gene-0.60-mRNA-1 821065
.63 maker-168536815-augustus-gene-0.64-mRNA-1 3819941
.27 augustus_masked-168461401-processed-gene-1.40-mRNA-1 700642
.64 augustus_masked-168461401-processed-gene-1.40-mRNA-1 3718000
.50 maker-168542519-augustus-gene-0.12-mRNA-1 3820036
.46 maker-168542519-augustus-gene-0.12-mRNA-1 3721178
.51 augustus_masked-168468131-processed-gene-0.3-mRNA-1 1732948
.48 augustus_masked-168468131-processed-gene-0.3-mRNA-1 3717999
.05 augustus_masked-168085112-processed-gene-0.1-mRNA-1 3720237
.66 augustus_masked-168085112-processed-gene-0.1-mRNA-1 3720237
.14 maker-168573651-augustus-gene-0.81-mRNA-1 3717360
.51 maker-168573651-augustus-gene-0.81-mRNA-1 3819901
.99 augustus_masked-168093711-processed-gene-0.0-mRNA-1 3820003
.58 snap_masked-168332707-processed-gene-0.12-mRNA-1 3715311
.32 snap_masked-168332707-processed-gene-0.12-mRNA-1 410740
.30 snap_masked-168332707-processed-gene-0.12-mRNA-1 741968
.27 snap_masked-168332707-processed-gene-0.12-mRNA-1 641609
.12 snap_masked-168332707-processed-gene-0.12-mRNA-1 497541
.25 maker-167601516-augustus-gene-0.8-mRNA-1 3727513
.03 maker-167601516-augustus-gene-0.8-mRNA-1 3727513
.75 maker-168186899-snap-gene-0.21-mRNA-1 3820056
.14 maker-168186899-snap-gene-0.21-mRNA-1 3732177
.20 genemark-168377918-processed-gene-0.2-mRNA-1 3753965
.19 genemark-168377918-processed-gene-0.2-mRNA-1 3752884
.19 genemark-168377918-processed-gene-0.2-mRNA-1 784998
.19 genemark-168377918-processed-gene-0.2-mRNA-1 3741611
.19 genemark-168377918-processed-gene-0.2-mRNA-1 3751585
.49 augustus_masked-168438166-processed-gene-0.2-mRNA-1 2562060
.78 snap_masked-168376254-processed-gene-0.18-mRNA-1 3715831
.06 snap_masked-168376254-processed-gene-0.18-mRNA-1 3270702
.02 snap_masked-168376254-processed-gene-0.18-mRNA-1 1831459
.02 snap_masked-168376254-processed-gene-0.18-mRNA-1 802993
.03 snap_masked-168376254-processed-gene-0.18-mRNA-1 1619242
.85 maker-167825421-augustus-gene-0.18-mRNA-1 3819349
.14 maker-167825421-augustus-gene-0.18-mRNA-1 898657
.35 snap_masked-168577351-processed-gene-0.89-mRNA-1 3755543
.27 snap_masked-168577351-processed-gene-0.89-mRNA-1 2434005
.64 maker-168186438-augustus-gene-0.5-mRNA-1 3717274
.19 maker-168186438-augustus-gene-0.5-mRNA-1 3732985
.81 maker-168207442-snap-gene-0.30-mRNA-1 3819595
.32 augustus_masked-168046530-processed-gene-0.2-mRNA-1 3820062
.35 augustus_masked-168046530-processed-gene-0.2-mRNA-1 3728365
.15 augustus_masked-168046530-processed-gene-0.2-mRNA-1 893960
.11 augustus_masked-168046530-processed-gene-0.2-mRNA-1 373378
.11 augustus_masked-168046530-processed-gene-0.2-mRNA-1 3746487
.12 maker-167975693-augustus-gene-0.7-mRNA-1 1111038
.09 maker-167975693-augustus-gene-0.7-mRNA-1 1241636
.08 maker-167975693-augustus-gene-0.7-mRNA-1 1287750
.09 maker-167975693-augustus-gene-0.7-mRNA-1 1659537
.08 maker-167975693-augustus-gene-0.7-mRNA-1 2127084
.50 genemark-168475961-processed-gene-0.6-mRNA-1 3819674
.16 genemark-168475961-processed-gene-0.6-mRNA-1 3740547
.16 genemark-168475961-processed-gene-0.6-mRNA-1 1658161
.16 genemark-168475961-processed-gene-0.6-mRNA-1 1434890
.12 genemark-168475961-processed-gene-0.6-mRNA-1 1183664
.49 maker-168558424-augustus-gene-0.11-mRNA-1 3819990
.10 maker-168558424-augustus-gene-0.11-mRNA-1 3717822
.60 maker-164537923-snap-gene-0.4-mRNA-1 285812
.42 maker-164537923-snap-gene-0.4-mRNA-1 1468215
.35 maker-164537923-snap-gene-0.4-mRNA-1 673694
.14 maker-164537923-snap-gene-0.4-mRNA-1 750630
.56 maker-166549041-augustus-gene-0.4-mRNA-1 3819519
.40 maker-166549041-augustus-gene-0.4-mRNA-1 3731721
.51 maker-168432992-augustus-gene-0.22-mRNA-1 3722359
.26 maker-168432992-augustus-gene-0.22-mRNA-1 429151
.11 maker-168432992-augustus-gene-0.22-mRNA-1 3819703
.11 maker-168432992-augustus-gene-0.22-mRNA-1 3779885
.83 maker-167832300-augustus-gene-0.6-mRNA-1 3819999
.11 maker-167832300-augustus-gene-0.6-mRNA-1 3739716
.69 augustus_masked-168061017-processed-gene-0.10-mRNA-1 1037070
.78 maker-168577341-augustus-gene-0.72-mRNA-1 3819781
.60 snap_masked-168189848-processed-gene-0.64-mRNA-1 3766086
.43 maker-168567036-augustus-gene-0.61-mRNA-1 3725238
.69 augustus_masked-161886809-processed-gene-0.0-mRNA-1 1018615
.30 augustus_masked-161886809-processed-gene-0.0-mRNA-1 3723052
.27 maker-168513537-augustus-gene-0.9-mRNA-1 3723382
.26 maker-168513537-augustus-gene-0.9-mRNA-1 410740
.24 maker-168513537-augustus-gene-0.9-mRNA-1 741968
.22 maker-168513537-augustus-gene-0.9-mRNA-1 641609
.09 maker-168513537-augustus-gene-0.9-mRNA-1 476498
.23 maker-164534829-augustus-gene-0.3-mRNA-1 1481822
.47 maker-164534829-augustus-gene-0.3-mRNA-1 274604
.99 augustus_masked-168574273-processed-gene-0.1-mRNA-1 3718118
.42 maker-168256644-augustus-gene-0.22-mRNA-1 732637
.55 maker-168256644-augustus-gene-0.22-mRNA-1 647536
.52 snap_masked-166887211-processed-gene-0.2-mRNA-1 3819797
.34 snap_masked-166887211-processed-gene-0.2-mRNA-1 3723239
.34 snap_masked-166887211-processed-gene-0.2-mRNA-1 902958
.07 snap_masked-166887211-processed-gene-0.2-mRNA-1 3726646
.09 snap_masked-166887211-processed-gene-0.2-mRNA-1 3751227
.64 augustus_masked-166348502-processed-gene-0.2-mRNA-1 3718629
.26 augustus_masked-166348502-processed-gene-0.2-mRNA-1 3746776
.26 augustus_masked-166348502-processed-gene-0.2-mRNA-1 657665
.44 augustus_masked-168498446-processed-gene-0.22-mRNA-1 2481650
.38 augustus_masked-168498446-processed-gene-0.22-mRNA-1 2290811
.31 maker-168368551-snap-gene-0.43-mRNA-1 3819654
.27 maker-168368551-snap-gene-0.43-mRNA-1 3724291
.23 maker-168352423-augustus-gene-0.11-mRNA-1 3717014
.33 maker-168352423-augustus-gene-0.11-mRNA-1 3715583
.14 augustus_masked-168213647-processed-gene-0.0-mRNA-1 3720426
.82 augustus_masked-168213647-processed-gene-0.0-mRNA-1 3819840
.83 augustus_masked-168288961-processed-gene-0.7-mRNA-1 3819611
.15 augustus_masked-168288961-processed-gene-0.7-mRNA-1 3719818
.11 maker-159387221-augustus-gene-0.3-mRNA-1 3747857
.88 maker-159387221-augustus-gene-0.3-mRNA-1 3719771
.11 maker-168188004-snap-gene-0.64-mRNA-1 1410737
.81 maker-168188004-snap-gene-0.64-mRNA-1 3820041
.46 maker-168457328-snap-gene-0.52-mRNA-1 3819693
.46 maker-168439334-snap-gene-0.22-mRNA-2 3820032
.27 maker-168439334-snap-gene-0.22-mRNA-2 3716075
.70 augustus_masked-165878470-processed-gene-0.0-mRNA-1 3819923
.28 augustus_masked-165878470-processed-gene-0.0-mRNA-1 672057
.41 maker-168577257-augustus-gene-0.22-mRNA-1 3819904
.27 maker-168577257-augustus-gene-0.22-mRNA-1 657496
.76 maker-168140481-snap-gene-0.4-mRNA-1 3723989
.13 maker-168140481-snap-gene-0.4-mRNA-1 2482300
.60 maker-168391340-snap-gene-0.48-mRNA-1 3744447
.16 maker-168391340-snap-gene-0.48-mRNA-1 2383428
.29 genemark-168547889-processed-gene-0.43-mRNA-1 3783597
.34 genemark-168547889-processed-gene-0.43-mRNA-1 1434890
.18 augustus_masked-168231296-processed-gene-0.14-mRNA-1 833112
.59 augustus_masked-168231296-processed-gene-0.14-mRNA-1 3717395
.68 maker-168556517-snap-gene-0.35-mRNA-1 3820070
.20 maker-168556517-snap-gene-0.35-mRNA-1 3819783
.61 maker-167844354-augustus-gene-0.18-mRNA-1 3819854
.18 maker-167844354-augustus-gene-0.18-mRNA-1 3717845
.61 snap_masked-165499942-processed-gene-0.2-mRNA-1 499901
.26 snap_masked-165499942-processed-gene-0.2-mRNA-1 254396
.99 maker-168565700-snap-gene-1.60-mRNA-1 3819969
.30 augustus_masked-168371979-processed-gene-0.3-mRNA-1 3730971
.28 augustus_masked-168371979-processed-gene-0.3-mRNA-1 3719684
.41 maker-163674939-snap-gene-0.4-mRNA-1 3726600
.34 maker-163674939-snap-gene-0.4-mRNA-1 3720169
.08 maker-163674939-snap-gene-0.4-mRNA-1 817045
.08 maker-163674939-snap-gene-0.4-mRNA-1 1032196
.58 augustus_masked-168430447-processed-gene-0.0-mRNA-1 3725185
.34 augustus_masked-168430447-processed-gene-0.0-mRNA-1 1210209
.34 augustus_masked-168430447-processed-gene-0.0-mRNA-1 1694346
.29 augustus_masked-168430447-processed-gene-0.0-mRNA-1 3768255
.26 augustus_masked-168430447-processed-gene-0.0-mRNA-1 1317303
.08 maker-168184651-augustus-gene-0.18-mRNA-1 783345
.88 maker-168184651-augustus-gene-0.18-mRNA-1 3730848
.51 maker-168506263-augustus-gene-0.15-mRNA-1 3820051
.26 maker-168506263-augustus-gene-0.15-mRNA-1 3718631
.70 maker-168245487-augustus-gene-0.8-mRNA-1 3820065
.22 maker-168245487-augustus-gene-0.8-mRNA-1 786618
.01 augustus_masked-161510983-processed-gene-0.0-mRNA-1 3722754
.02 augustus_masked-161510983-processed-gene-0.0-mRNA-1 3747322
.12 augustus_masked-161510983-processed-gene-0.0-mRNA-1 944282
.30 maker-168169082-snap-gene-0.57-mRNA-1 3819897
.44 maker-168169082-snap-gene-0.57-mRNA-1 1338781
.26 genemark-168482571-processed-gene-0.16-mRNA-1 3814628
.40 genemark-168497775-processed-gene-0.2-mRNA-1 3776598
.29 genemark-168497775-processed-gene-0.2-mRNA-1 3129954
.33 genemark-168497775-processed-gene-0.2-mRNA-1 2086645
.72 augustus_masked-168185276-processed-gene-0.20-mRNA-1 3716681
.61 augustus_masked-168473544-processed-gene-0.1-mRNA-1 3781022
.25 augustus_masked-168473544-processed-gene-0.1-mRNA-1 2196952
.98 maker-167686051-snap-gene-0.3-mRNA-1 3819874
.72 maker-167686051-snap-gene-0.3-mRNA-1 3719407
.27 maker-167686051-snap-gene-0.3-mRNA-1 3819604
.90 maker-168228920-snap-gene-0.86-mRNA-1 3820060
.24 augustus_masked-161548800-processed-gene-0.0-mRNA-1 3739117
.12 augustus_masked-161548800-processed-gene-0.0-mRNA-1 1170465
.62 augustus_masked-165311665-processed-gene-0.0-mRNA-1 583168
.31 augustus_masked-165311665-processed-gene-0.0-mRNA-1 1267334
.19 augustus_masked-166244563-processed-gene-0.1-mRNA-1 3717223
.78 augustus_masked-166244563-processed-gene-0.1-mRNA-1 3820038
.55 maker-168326110-augustus-gene-0.16-mRNA-1 990060
.55 maker-168326110-augustus-gene-0.16-mRNA-1 1360798
.04 maker-168326110-augustus-gene-0.16-mRNA-1 1051291
.04 maker-168326110-augustus-gene-0.16-mRNA-1 3721017
.26 maker-166861172-augustus-gene-0.6-mRNA-1 945268
.58 maker-166861172-augustus-gene-0.6-mRNA-1 3819889
