.99 maker-168185856-augustus-gene-0.54-mRNA-1 3260969
.47 maker-168479360-augustus-gene-0.12-mRNA-1 3193706
.33 maker-168479360-augustus-gene-0.12-mRNA-1 661944
.99 snap_masked-168577173-processed-gene-1.109-mRNA-1 3187082
.41 augustus_masked-168029396-processed-gene-0.10-mRNA-1 3260569
.17 augustus_masked-168029396-processed-gene-0.10-mRNA-1 1180146
.19 augustus_masked-168029396-processed-gene-0.10-mRNA-1 3214188
.17 augustus_masked-168029396-processed-gene-0.10-mRNA-1 647384
.12 augustus_masked-168029396-processed-gene-0.10-mRNA-1 639364
.12 genemark-167990381-processed-gene-0.15-mRNA-1 3204371
.76 genemark-167990381-processed-gene-0.15-mRNA-1 3261135
.33 snap_masked-167859479-processed-gene-0.13-mRNA-1 3192601
.05 augustus_masked-168534613-processed-gene-0.0-mRNA-1 459860
.94 augustus_masked-168534613-processed-gene-0.0-mRNA-1 3260982
.10 maker-168464597-augustus-gene-0.9-mRNA-1 3260917
.07 maker-168464597-augustus-gene-0.9-mRNA-1 3260935
.08 maker-168464597-augustus-gene-0.9-mRNA-1 3182943
.06 maker-168464597-augustus-gene-0.9-mRNA-1 3261014
.05 maker-168464597-augustus-gene-0.9-mRNA-1 3192509
.67 maker-168574981-snap-gene-0.12-mRNA-1 3260662
.32 maker-168574981-snap-gene-0.12-mRNA-1 384179
.98 maker-167804285-snap-gene-0.23-mRNA-3 3260961
.16 maker-168558657-snap-gene-0.62-mRNA-1 3183961
.81 maker-168558657-snap-gene-0.62-mRNA-1 546090
.17 maker-168266441-snap-gene-1.113-mRNA-1 707986
.04 maker-168266441-snap-gene-1.113-mRNA-1 3185633
.39 maker-168456315-snap-gene-0.32-mRNA-1 642074
.60 maker-168456315-snap-gene-0.32-mRNA-1 3187212
.99 augustus_masked-168254100-processed-gene-0.2-mRNA-1 3261114
.30 augustus_masked-168083240-processed-gene-0.2-mRNA-1 3200394
.34 augustus_masked-168083240-processed-gene-0.2-mRNA-1 3261026
.99 maker-168569481-augustus-gene-0.66-mRNA-1 3261099
.99 maker-168183949-augustus-gene-0.37-mRNA-1 3260218
.94 maker-168553635-snap-gene-0.56-mRNA-1 3261168
.47 maker-168576936-augustus-gene-0.26-mRNA-1 3260328
.07 maker-168576936-augustus-gene-0.26-mRNA-1 500033
.99 maker-162197843-augustus-gene-0.3-mRNA-1 3260955
.99 maker-166117807-augustus-gene-0.3-mRNA-1 3260919
.98 maker-168477940-augustus-gene-0.35-mRNA-1 3261156
.99 augustus_masked-168503248-processed-gene-1.26-mRNA-1 3260711
.99 maker-168481356-augustus-gene-0.133-mRNA-1 3260371
.99 maker-168329851-augustus-gene-0.50-mRNA-1 3260148
.77 maker-168089639-snap-gene-0.18-mRNA-2 510943
.56 maker-168089639-snap-gene-0.18-mRNA-2 3222631
.09 maker-168089639-snap-gene-0.18-mRNA-2 1043132
.49 genemark-168196846-processed-gene-0.7-mRNA-1 3260689
.11 genemark-168196846-processed-gene-0.7-mRNA-1 3192582
.99 maker-168577483-augustus-gene-0.45-mRNA-1 3260220
.99 augustus_masked-168532895-processed-gene-0.1-mRNA-1 3260729
.99 maker-167180340-augustus-gene-0.4-mRNA-1 3261036
.99 augustus_masked-168516497-processed-gene-1.22-mRNA-1 3261107
.47 snap_masked-168514287-processed-gene-0.14-mRNA-1 3189723
.38 snap_masked-168514287-processed-gene-0.14-mRNA-1 3184849
.24 snap_masked-168514287-processed-gene-0.14-mRNA-1 689439
.16 snap_masked-168514287-processed-gene-0.14-mRNA-1 3226423
.99 snap_masked-168576761-processed-gene-0.116-mRNA-1 3261030
.13 augustus_masked-168287944-processed-gene-0.2-mRNA-1 524175
.86 augustus_masked-168287944-processed-gene-0.2-mRNA-1 3193453
.99 augustus_masked-168541324-processed-gene-0.4-mRNA-1 3260075
.25 maker-168183159-augustus-gene-0.11-mRNA-1 3184731
.23 maker-168183159-augustus-gene-0.11-mRNA-1 3247322
.54 snap_masked-168253840-processed-gene-0.5-mRNA-1 3203014
.99 augustus_masked-168548930-processed-gene-0.3-mRNA-1 3260517
.61 augustus_masked-166201476-processed-gene-0.1-mRNA-1 123924
.20 augustus_masked-166201476-processed-gene-0.1-mRNA-1 437051
.99 augustus_masked-168293164-processed-gene-0.26-mRNA-1 3260632
.99 maker-168501248-augustus-gene-0.23-mRNA-1 3260149
.99 augustus_masked-168325526-processed-gene-0.1-mRNA-1 3184571
.99 maker-161781612-augustus-gene-0.3-mRNA-1 3260003
.16 maker-168423767-snap-gene-0.14-mRNA-1 1000833
.64 maker-168423767-snap-gene-0.14-mRNA-1 3260282
.38 genemark-168371537-processed-gene-0.14-mRNA-1 3252938
.37 genemark-168371537-processed-gene-0.14-mRNA-1 3260529
.03 snap_masked-168574054-processed-gene-0.45-mRNA-1 100534
.94 maker-168411320-snap-gene-0.44-mRNA-1 3261212
.26 maker-162124767-snap-gene-0.4-mRNA-1 684042
.51 maker-162124767-snap-gene-0.4-mRNA-1 3186185
.99 maker-168392238-augustus-gene-0.20-mRNA-1 3259884
.88 augustus_masked-167882969-processed-gene-0.3-mRNA-1 3260978
.10 augustus_masked-167882969-processed-gene-0.3-mRNA-1 1344551
.10 augustus_masked-167882969-processed-gene-0.3-mRNA-1 766958
.08 augustus_masked-167882969-processed-gene-0.3-mRNA-1 1469188
.08 augustus_masked-167882969-processed-gene-0.3-mRNA-1 1424367
.99 maker-168123725-snap-gene-0.15-mRNA-1 3261216
.04 maker-168198977-snap-gene-0.10-mRNA-1 2445391
.93 maker-168198977-snap-gene-0.10-mRNA-1 3261076
.99 maker-168500386-augustus-gene-3.122-mRNA-1 3261045
.89 maker-168187152-augustus-gene-0.17-mRNA-1 3182524
.99 maker-168480370-augustus-gene-0.7-mRNA-1 3182866
.49 maker-168275167-augustus-gene-0.75-mRNA-1 527271
.03 maker-168275167-augustus-gene-0.75-mRNA-1 572500
.99 snap_masked-168113208-processed-gene-0.3-mRNA-1 3192478
.28 augustus_masked-168256206-processed-gene-0.7-mRNA-1 1084862
.42 augustus_masked-168256206-processed-gene-0.7-mRNA-1 493541
.99 maker-168183594-snap-gene-0.20-mRNA-1 3260167
.99 maker-168548416-snap-gene-0.59-mRNA-1 3260975
.88 snap_masked-168507418-processed-gene-2.114-mRNA-1 3261136
.09 snap_masked-168507418-processed-gene-2.114-mRNA-1 3183879
.84 snap_masked-168295626-processed-gene-0.99-mRNA-1 3261039
.08 snap_masked-168295626-processed-gene-0.99-mRNA-1 3201329
.99 augustus_masked-166849731-processed-gene-0.0-mRNA-1 3260974
.99 snap_masked-168555354-processed-gene-0.96-mRNA-1 3260135
.56 augustus_masked-168508568-processed-gene-0.0-mRNA-1 1298568
.07 augustus_masked-168508568-processed-gene-0.0-mRNA-1 2908940
.13 maker-168577392-snap-gene-4.100-mRNA-1 3183852
.81 maker-168577392-snap-gene-4.100-mRNA-1 3261125
.08 augustus_masked-168183367-processed-gene-0.1-mRNA-1 3183006
.91 augustus_masked-168183367-processed-gene-0.1-mRNA-1 3182691
.83 maker-168443751-snap-gene-0.68-mRNA-1 3184048
.97 maker-167961346-snap-gene-0.27-mRNA-1 3261109
.61 augustus_masked-168410902-processed-gene-0.1-mRNA-1 3260379
.27 augustus_masked-168410902-processed-gene-0.1-mRNA-1 3183212
.99 maker-168399046-snap-gene-0.30-mRNA-1 3260754
.99 snap_masked-168468761-processed-gene-0.18-mRNA-1 3204686
.99 maker-168575719-snap-gene-0.32-mRNA-1 3260873
.99 maker-168246658-augustus-gene-0.71-mRNA-1 3261015
.25 maker-167990574-augustus-gene-0.8-mRNA-1 3203055
.21 maker-167990574-augustus-gene-0.8-mRNA-1 1132517
.67 augustus_masked-168208031-processed-gene-0.1-mRNA-1 3195651
.17 augustus_masked-168208031-processed-gene-0.1-mRNA-1 565798
.70 snap_masked-168043987-processed-gene-0.21-mRNA-1 3260730
.16 snap_masked-168043987-processed-gene-0.21-mRNA-1 470486
.15 snap_masked-168043987-processed-gene-0.21-mRNA-1 556075
.99 augustus_masked-168393844-processed-gene-0.2-mRNA-1 3261001
.96 maker-164217928-snap-gene-0.4-mRNA-1 302907
.53 maker-168382579-augustus-gene-0.71-mRNA-1 3261147
.23 maker-168382579-augustus-gene-0.71-mRNA-1 3192327
.99 maker-168521818-snap-gene-0.63-mRNA-1 3260358
.87 maker-168381174-augustus-gene-0.7-mRNA-1 3260991
.11 maker-168381174-augustus-gene-0.7-mRNA-1 3186010
.08 maker-168381174-augustus-gene-0.7-mRNA-1 345190
.97 augustus_masked-166930766-processed-gene-0.2-mRNA-1 3260866
.28 augustus_masked-168331484-processed-gene-0.7-mRNA-1 3220129
.53 augustus_masked-168331484-processed-gene-0.7-mRNA-1 3188588
.67 maker-168567524-augustus-gene-0.88-mRNA-1 3261205
.18 maker-168567524-augustus-gene-0.88-mRNA-1 3188212
.99 maker-168095499-augustus-gene-0.10-mRNA-1 3261203
.99 maker-168246148-augustus-gene-0.92-mRNA-1 3260104
.39 augustus_masked-168494032-processed-gene-2.55-mRNA-1 3246944
.60 augustus_masked-168494032-processed-gene-2.55-mRNA-1 1473057
.01 augustus_masked-168203932-processed-gene-0.0-mRNA-1 3186198
.99 snap_masked-168557695-processed-gene-0.11-mRNA-1 3260133
.99 augustus_masked-168473761-processed-gene-0.5-mRNA-1 3260554
.38 augustus_masked-168348092-processed-gene-0.8-mRNA-1 3219023
.61 augustus_masked-168348092-processed-gene-0.8-mRNA-1 900108
.47 maker-168168895-augustus-gene-0.14-mRNA-1 3261187
.33 maker-168168895-augustus-gene-0.14-mRNA-1 3184098
.11 maker-164687760-snap-gene-0.4-mRNA-1 3190552
.73 maker-164687760-snap-gene-0.4-mRNA-1 3260987
.99 maker-168357108-augustus-gene-0.5-mRNA-1 3260995
.99 snap_masked-168176188-processed-gene-0.30-mRNA-1 3208433
.79 maker-168547846-snap-gene-0.34-mRNA-1 3260576
.20 maker-168547846-snap-gene-0.34-mRNA-1 3186451
.36 maker-168187615-augustus-gene-0.25-mRNA-1 3261155
.15 maker-168187615-augustus-gene-0.25-mRNA-1 3185507
.22 maker-168187615-augustus-gene-0.25-mRNA-1 3261155
.99 snap_masked-168549177-processed-gene-0.100-mRNA-1 3260785
.99 augustus_masked-158993501-processed-gene-0.0-mRNA-1 3210575
.22 genemark-167794540-processed-gene-0.10-mRNA-1 1431194
.27 genemark-167794540-processed-gene-0.10-mRNA-1 3185987
.99 snap_masked-166958634-processed-gene-0.3-mRNA-1 3261037
.57 maker-167870375-snap-gene-0.8-mRNA-1 3260499
.48 maker-167870375-snap-gene-0.8-mRNA-1 3199424
.48 maker-167870375-snap-gene-0.8-mRNA-1 3201838
.27 maker-167870375-snap-gene-0.8-mRNA-1 3252054
.38 maker-168343105-snap-gene-0.27-mRNA-1 830156
.99 maker-167222252-augustus-gene-0.4-mRNA-1 3260825
.25 genemark-168411971-processed-gene-0.42-mRNA-1 311193
.26 genemark-168411971-processed-gene-0.42-mRNA-1 3229322
.99 maker-168472909-augustus-gene-0.5-mRNA-1 3186719
.99 maker-168542220-augustus-gene-0.18-mRNA-2 3261173
.99 augustus_masked-168354895-processed-gene-0.0-mRNA-1 3260366
.65 maker-168182703-snap-gene-0.20-mRNA-1 397612
.24 maker-168182703-snap-gene-0.20-mRNA-1 296327
.28 maker-168182703-snap-gene-0.20-mRNA-1 3193402
.70 augustus_masked-168576666-processed-gene-0.7-mRNA-1 3201318
.99 maker-168315689-augustus-gene-0.90-mRNA-1 3261024
.41 augustus_masked-167262527-processed-gene-0.0-mRNA-1 3186539
.36 augustus_masked-168529183-processed-gene-0.3-mRNA-1 3192523
.33 augustus_masked-168529183-processed-gene-0.3-mRNA-1 3219474
.10 augustus_masked-168529183-processed-gene-0.3-mRNA-1 3186548
.99 augustus_masked-166691276-processed-gene-0.0-mRNA-1 3206804
.99 augustus_masked-168550135-processed-gene-0.10-mRNA-1 3260467
.99 maker-166450083-snap-gene-0.5-mRNA-1 3261152
.99 maker-168085940-augustus-gene-0.30-mRNA-1 3203264
.99 augustus_masked-168183601-processed-gene-0.2-mRNA-1 3260954
.94 maker-167843325-snap-gene-0.10-mRNA-1 498847
.05 maker-167843325-snap-gene-0.10-mRNA-1 2931599
.99 maker-168327601-augustus-gene-0.15-mRNA-1 3260233
.99 augustus_masked-168218890-processed-gene-0.5-mRNA-1 3260786
.99 maker-167110806-augustus-gene-0.3-mRNA-1 3260778
.99 maker-168159594-augustus-gene-0.59-mRNA-1 3260931
.79 augustus_masked-167886577-processed-gene-0.9-mRNA-1 3260777
.20 augustus_masked-167886577-processed-gene-0.9-mRNA-1 3189292
.99 augustus_masked-168391095-processed-gene-0.3-mRNA-1 3260971
.99 augustus_masked-165157537-processed-gene-0.1-mRNA-1 3260316
.99 augustus_masked-165157537-processed-gene-0.1-mRNA-1 3260317
.99 augustus_masked-165157537-processed-gene-0.1-mRNA-1 3260318
.84 augustus_masked-168164349-processed-gene-0.2-mRNA-1 3221496
.04 maker-166800958-augustus-gene-0.4-mRNA-1 560383
.95 maker-166800958-augustus-gene-0.4-mRNA-1 3260968
.99 maker-168569519-augustus-gene-0.55-mRNA-1 3260615
.99 snap_masked-168254571-processed-gene-0.7-mRNA-1 3260123
.94 maker-168238876-snap-gene-0.9-mRNA-1 3261204
.03 maker-168238876-snap-gene-0.9-mRNA-1 1108221
.99 maker-168449365-augustus-gene-0.8-mRNA-1 3260746
.47 snap_masked-168182662-processed-gene-0.28-mRNA-1 708987
.99 genemark-168448719-processed-gene-0.84-mRNA-1 3186546
.99 augustus_masked-168481452-processed-gene-0.1-mRNA-1 3216145
.99 snap_masked-161783185-processed-gene-0.2-mRNA-1 3260282
.81 augustus_masked-168322917-processed-gene-0.0-mRNA-1 3260996
.13 augustus_masked-168322917-processed-gene-0.0-mRNA-1 3193918
.09 augustus_masked-164758264-processed-gene-0.0-mRNA-1 3183997
.82 augustus_masked-164758264-processed-gene-0.0-mRNA-1 3261174
.92 maker-168269517-snap-gene-0.22-mRNA-1 3260685
.71 maker-168333677-snap-gene-0.24-mRNA-1 3260925
.53 snap_masked-161377304-processed-gene-0.1-mRNA-1 2432701
.46 snap_masked-161377304-processed-gene-0.1-mRNA-1 2458488
.99 augustus_masked-168137129-processed-gene-0.1-mRNA-1 3261010
.23 maker-168458029-augustus-gene-0.24-mRNA-1 3217841
.17 maker-168458029-augustus-gene-0.24-mRNA-1 3213296
.75 augustus_masked-166078677-processed-gene-0.0-mRNA-1 3189356
.15 augustus_masked-166078677-processed-gene-0.0-mRNA-1 3193019
.99 maker-168563127-snap-gene-0.52-mRNA-1 114681
.85 snap_masked-168459891-processed-gene-0.14-mRNA-1 3260409
.02 snap_masked-168459891-processed-gene-0.14-mRNA-1 3196072
.99 maker-168549417-snap-gene-0.39-mRNA-1 3260430
.99 maker-168576963-augustus-gene-0.68-mRNA-1 3261202
.95 maker-168461454-augustus-gene-0.12-mRNA-1 3261159
.99 snap_masked-168191928-processed-gene-0.105-mRNA-1 1232440
.99 snap_masked-168191928-processed-gene-0.105-mRNA-1 1899355
.99 maker-168571545-snap-gene-0.73-mRNA-1 3261215
.90 augustus_masked-168504068-processed-gene-0.0-mRNA-1 3207392
.99 augustus_masked-168365837-processed-gene-0.5-mRNA-1 3260857
.43 snap_masked-168548256-processed-gene-0.84-mRNA-1 977891
.17 snap_masked-168548256-processed-gene-0.84-mRNA-1 3217542
.41 maker-168304745-snap-gene-0.37-mRNA-1 3260221
.62 maker-168146383-augustus-gene-0.5-mRNA-2 3182888
.31 maker-168146383-augustus-gene-0.5-mRNA-2 3185554
.99 augustus_masked-168209543-processed-gene-0.0-mRNA-1 3251617
.23 maker-168214076-augustus-gene-0.26-mRNA-3 3186964
.64 maker-168214076-augustus-gene-0.26-mRNA-3 3260825
.99 maker-168222911-augustus-gene-0.30-mRNA-1 3260566
.99 maker-168236555-snap-gene-0.20-mRNA-1 3260585
.99 augustus_masked-167992451-processed-gene-0.0-mRNA-1 3261119
.32 maker-168271479-augustus-gene-0.67-mRNA-1 3187874
.50 maker-168271479-augustus-gene-0.67-mRNA-1 3185993
.99 augustus_masked-168505850-processed-gene-0.3-mRNA-1 3260935
.91 maker-167812143-snap-gene-0.57-mRNA-1 3261017
.16 maker-168370776-augustus-gene-0.38-mRNA-1 3236750
.83 maker-168370776-augustus-gene-0.38-mRNA-1 3188814
.99 snap_masked-168310027-processed-gene-0.6-mRNA-1 3260692
.99 snap_masked-168310027-processed-gene-0.6-mRNA-1 3260693
.99 augustus_masked-168289240-processed-gene-0.28-mRNA-1 3260329
.07 augustus_masked-168222492-processed-gene-0.4-mRNA-1 1330491
.92 augustus_masked-168222492-processed-gene-0.4-mRNA-1 3185140
.99 augustus_masked-168250761-processed-gene-0.0-mRNA-1 3182760
.19 maker-168562125-augustus-gene-0.78-mRNA-1 3261184
.13 maker-168562125-augustus-gene-0.78-mRNA-1 3200834
.99 augustus_masked-168417232-processed-gene-0.11-mRNA-1 3260631
.99 augustus_masked-168417232-processed-gene-0.11-mRNA-1 3260800
.99 maker-168278182-augustus-gene-0.69-mRNA-1 3260518
.69 snap_masked-168504446-processed-gene-0.24-mRNA-1 582612
.69 snap_masked-168504446-processed-gene-0.24-mRNA-1 3246988
.99 augustus_masked-168370872-processed-gene-0.1-mRNA-1 3260130
.99 augustus_masked-163436855-processed-gene-0.1-mRNA-1 3183983
.65 maker-168440884-snap-gene-0.29-mRNA-1 3185763
.18 maker-168576949-augustus-gene-0.19-mRNA-1 1596376
.74 maker-168576949-augustus-gene-0.19-mRNA-1 3182752
.99 maker-168526528-augustus-gene-0.45-mRNA-1 3261148
.83 augustus_masked-168248622-processed-gene-0.0-mRNA-1 3260500
.11 augustus_masked-168248622-processed-gene-0.0-mRNA-1 3260500
.10 augustus_masked-168248622-processed-gene-0.0-mRNA-1 2199657
.99 maker-168191308-snap-gene-0.37-mRNA-1 3261146
.99 maker-168213313-augustus-gene-0.46-mRNA-1 3260496
.99 maker-168200997-augustus-gene-0.6-mRNA-1 3184373
.99 maker-168184224-snap-gene-0.52-mRNA-1 3260348
.99 augustus_masked-166207517-processed-gene-0.0-mRNA-1 3260940
.98 maker-168529975-snap-gene-0.6-mRNA-1 3260524
.40 maker-168188933-augustus-gene-0.20-mRNA-1 834867
.22 maker-168188933-augustus-gene-0.20-mRNA-1 1251218
.91 maker-168561910-snap-gene-0.93-mRNA-1 3186285
.87 maker-168251257-snap-gene-0.13-mRNA-1 3183789
.07 maker-168251257-snap-gene-0.13-mRNA-1 3208703
.99 maker-168520627-augustus-gene-0.25-mRNA-1 3261145
.99 snap_masked-166294889-processed-gene-0.4-mRNA-1 3260288
.76 maker-168577412-augustus-gene-0.44-mRNA-1 3183681
.99 maker-166503398-snap-gene-0.4-mRNA-1 3261195
.93 maker-168536044-snap-gene-0.41-mRNA-2 3221548
.93 augustus_masked-166515633-processed-gene-0.0-mRNA-1 3260038
.06 augustus_masked-166515633-processed-gene-0.0-mRNA-1 3260589
.99 maker-168188424-snap-gene-0.26-mRNA-1 3260284
.99 augustus_masked-168253220-processed-gene-0.1-mRNA-1 3260106
.99 maker-168431438-snap-gene-0.22-mRNA-1 3260694
.99 maker-168184688-augustus-gene-0.53-mRNA-1 3259979
.99 augustus_masked-166414248-processed-gene-0.0-mRNA-1 3182935
.99 augustus_masked-168154322-processed-gene-0.1-mRNA-1 3260943
.99 augustus_masked-166813204-processed-gene-0.0-mRNA-1 3184037
.98 snap_masked-163629768-processed-gene-0.2-mRNA-1 3187937
.99 maker-168448533-augustus-gene-0.28-mRNA-1 3260107
.99 augustus_masked-168245590-processed-gene-0.2-mRNA-1 3260247
.99 augustus_masked-168453061-processed-gene-0.6-mRNA-1 3260917
.42 augustus_masked-168277452-processed-gene-0.14-mRNA-1 3260131
.19 augustus_masked-168277452-processed-gene-0.14-mRNA-1 1786339
.99 maker-168457142-augustus-gene-0.37-mRNA-1 3261022
.99 snap_masked-168241459-processed-gene-0.18-mRNA-1 3260361
.86 snap_masked-168254379-processed-gene-0.5-mRNA-1 3183959
.30 maker-168552379-augustus-gene-0.69-mRNA-1 3186077
.24 maker-168552379-augustus-gene-0.69-mRNA-1 3260147
.24 maker-168552379-augustus-gene-0.69-mRNA-1 3210135
.24 maker-168552379-augustus-gene-0.69-mRNA-1 3260165
.18 maker-168552379-augustus-gene-0.69-mRNA-1 3184966
.27 genemark-168577394-processed-gene-1.18-mRNA-1 3227186
.15 genemark-168577394-processed-gene-1.18-mRNA-1 3186850
.15 genemark-168577394-processed-gene-1.18-mRNA-1 3189573
.11 genemark-168577394-processed-gene-1.18-mRNA-1 3186849
.98 snap_masked-168188970-processed-gene-0.54-mRNA-1 3260169
.99 maker-168557120-snap-gene-0.24-mRNA-1 3260604
.87 maker-168244067-augustus-gene-0.6-mRNA-1 3259948
.12 maker-168244067-augustus-gene-0.6-mRNA-1 3187731
.99 maker-168569675-augustus-gene-0.28-mRNA-1 3261189
.98 maker-166583562-augustus-gene-0.4-mRNA-1 3261130
.99 augustus_masked-168189022-processed-gene-0.5-mRNA-1 3260708
.73 augustus_masked-166789777-processed-gene-0.0-mRNA-1 3260882
.22 augustus_masked-166789777-processed-gene-0.0-mRNA-1 488739
.99 maker-168504948-augustus-gene-0.17-mRNA-1 3182916
.45 augustus_masked-166852943-processed-gene-0.0-mRNA-1 3184334
.45 augustus_masked-166852943-processed-gene-0.0-mRNA-1 3260354
.99 snap_masked-168397458-processed-gene-1.90-mRNA-1 3260196
.99 maker-168154014-snap-gene-0.16-mRNA-1 3260828
.99 maker-168220476-snap-gene-0.5-mRNA-1 3260087
.99 augustus_masked-168186603-processed-gene-0.2-mRNA-1 3260162
.74 augustus_masked-163546503-processed-gene-0.0-mRNA-1 872033
.45 augustus_masked-163546503-processed-gene-0.0-mRNA-1 3226912
.23 augustus_masked-163546503-processed-gene-0.0-mRNA-1 3244247
.99 augustus_masked-168481982-processed-gene-0.3-mRNA-1 3187022
.99 maker-168300471-augustus-gene-0.9-mRNA-1 3185230
.99 augustus_masked-167927206-processed-gene-0.5-mRNA-1 3261092
.99 maker-164217084-snap-gene-0.4-mRNA-1 3261021
.99 augustus_masked-167813951-processed-gene-0.1-mRNA-1 3260548
.06 augustus_masked-168174435-processed-gene-0.4-mRNA-1 3185484
.77 augustus_masked-168174435-processed-gene-0.4-mRNA-1 3260097
.40 augustus_masked-168186960-processed-gene-0.1-mRNA-1 968290
.38 augustus_masked-168186960-processed-gene-0.1-mRNA-1 1358089
.99 augustus_masked-168430151-processed-gene-0.13-mRNA-1 3260190
.99 maker-168246356-augustus-gene-0.53-mRNA-3 3260367
.99 augustus_masked-167988002-processed-gene-0.2-mRNA-1 3260616
.99 augustus_masked-166799071-processed-gene-0.0-mRNA-1 3260944
.50 maker-168187700-augustus-gene-0.23-mRNA-1 3260593
.39 maker-168187700-augustus-gene-0.23-mRNA-1 3260593
.31 augustus_masked-168381094-processed-gene-0.0-mRNA-1 431964
.68 augustus_masked-168381094-processed-gene-0.0-mRNA-1 3260630
.99 maker-168270726-snap-gene-0.11-mRNA-1 3260934
.98 snap_masked-166717510-processed-gene-0.2-mRNA-1 513465
.57 snap_masked-166717510-processed-gene-0.2-mRNA-1 3202088
.47 snap_masked-166717510-processed-gene-0.2-mRNA-1 3020426
.67 snap_masked-166717510-processed-gene-0.2-mRNA-1 1092791
.59 snap_masked-166717510-processed-gene-0.2-mRNA-1 1249257
.99 augustus_masked-168251752-processed-gene-0.1-mRNA-1 3185751
.99 maker-168577140-snap-gene-0.55-mRNA-1 3261157
.63 maker-168263492-snap-gene-0.73-mRNA-1 708987
.17 maker-168263492-snap-gene-0.73-mRNA-1 3184355
.46 maker-164994526-augustus-gene-0.3-mRNA-1 3261150
.16 maker-164994526-augustus-gene-0.3-mRNA-1 3208494
.99 maker-168547890-snap-gene-0.67-mRNA-1 3260635
.99 maker-163652291-augustus-gene-0.3-mRNA-2 3261188
.54 augustus_masked-168478332-processed-gene-0.0-mRNA-1 624677
.15 augustus_masked-168478332-processed-gene-0.0-mRNA-1 3260665
.03 maker-162980377-snap-gene-0.4-mRNA-1 3186522
.95 maker-162980377-snap-gene-0.4-mRNA-1 3260805
.13 snap_masked-168575466-processed-gene-0.52-mRNA-1 957567
.16 snap_masked-168575466-processed-gene-0.52-mRNA-1 3192525
.13 snap_masked-168575466-processed-gene-0.52-mRNA-1 1011891
.13 snap_masked-168575466-processed-gene-0.52-mRNA-1 3246540
.64 snap_masked-165415670-processed-gene-0.2-mRNA-1 3250242
.18 snap_masked-165415670-processed-gene-0.2-mRNA-1 1227923
.99 augustus_masked-168505644-processed-gene-0.2-mRNA-1 3182684
.99 snap_masked-168537598-processed-gene-0.31-mRNA-1 3201669
.48 augustus_masked-164606696-processed-gene-0.0-mRNA-1 3206988
.21 augustus_masked-164606696-processed-gene-0.0-mRNA-1 1420569
.21 augustus_masked-164606696-processed-gene-0.0-mRNA-1 1685307
.17 maker-167953534-snap-gene-0.10-mRNA-1 487760
.65 maker-167953534-snap-gene-0.10-mRNA-1 3260562
.99 augustus_masked-168494899-processed-gene-0.0-mRNA-1 3260503
.99 augustus_masked-168475619-processed-gene-0.3-mRNA-1 3261038
.99 maker-166406136-snap-gene-0.6-mRNA-1 3260073
.96 maker-162086207-augustus-gene-0.4-mRNA-2 3260171
.02 maker-162086207-augustus-gene-0.4-mRNA-2 2617849
.02 maker-162086207-augustus-gene-0.4-mRNA-2 3245443
.01 maker-162086207-augustus-gene-0.4-mRNA-2 1162738
.02 maker-162086207-augustus-gene-0.4-mRNA-2 1470269
.99 augustus_masked-168293588-processed-gene-0.6-mRNA-1 3260937
.44 maker-164177018-snap-gene-0.4-mRNA-1 3182846
.27 maker-164177018-snap-gene-0.4-mRNA-1 143678
.99 augustus_masked-162746834-processed-gene-0.1-mRNA-1 3260794
.85 maker-168188917-snap-gene-0.92-mRNA-1 3261040
.99 snap_masked-168398745-processed-gene-0.35-mRNA-1 3260719
.34 augustus_masked-168577386-processed-gene-0.5-mRNA-1 1345953
.57 augustus_masked-168577386-processed-gene-0.5-mRNA-1 1250315
.82 snap_masked-164326757-processed-gene-0.7-mRNA-1 3221114
.99 snap_masked-165550962-processed-gene-0.3-mRNA-1 3260565
.61 augustus_masked-167908447-processed-gene-0.3-mRNA-1 3260461
.99 snap_masked-168316967-processed-gene-0.32-mRNA-1 3260667
.99 maker-168570151-snap-gene-0.15-mRNA-1 3260511
.99 maker-168521220-snap-gene-0.36-mRNA-1 3225579
.61 maker-168188498-snap-gene-0.15-mRNA-1 3261158
.99 maker-168189712-augustus-gene-1.45-mRNA-1 3187707
.99 maker-168182770-augustus-gene-0.55-mRNA-1 3260994
.90 snap_masked-168188513-processed-gene-0.34-mRNA-1 3197161
.09 snap_masked-168188513-processed-gene-0.34-mRNA-1 3194423
.99 augustus_masked-166029284-processed-gene-0.0-mRNA-1 3260483
.99 maker-168491612-snap-gene-0.11-mRNA-1 3261160
.99 augustus_masked-168247086-processed-gene-0.14-mRNA-1 3184512
.99 maker-168428921-augustus-gene-0.30-mRNA-1 3260759
.99 snap_masked-167841384-processed-gene-0.13-mRNA-1 3261031
.91 augustus_masked-161425927-processed-gene-0.0-mRNA-1 3186931
.08 augustus_masked-161425927-processed-gene-0.0-mRNA-1 328882
.67 augustus_masked-168405196-processed-gene-0.12-mRNA-1 1095490
.62 maker-168239411-augustus-gene-0.5-mRNA-1 3187273
.37 maker-168239411-augustus-gene-0.5-mRNA-1 3184414
.32 maker-162840049-augustus-gene-0.3-mRNA-1 457301
.19 maker-162840049-augustus-gene-0.3-mRNA-1 3008874
.99 maker-168546490-augustus-gene-0.85-mRNA-2 3185794
.16 maker-168185065-snap-gene-0.20-mRNA-2 3191499
.15 maker-168185065-snap-gene-0.20-mRNA-2 1090446
.99 maker-168253719-augustus-gene-0.7-mRNA-1 3260391
.99 augustus_masked-168208372-processed-gene-0.8-mRNA-1 3260845
.31 augustus_masked-166184842-processed-gene-0.0-mRNA-1 3216881
.18 augustus_masked-166184842-processed-gene-0.0-mRNA-1 3191729
.99 augustus_masked-168420454-processed-gene-0.3-mRNA-1 3260806
.09 maker-168229185-snap-gene-0.10-mRNA-1 2136322
.87 maker-168229185-snap-gene-0.10-mRNA-1 3261072
.25 maker-168576555-snap-gene-0.75-mRNA-1 510943
.99 maker-168499000-augustus-gene-0.102-mRNA-1 3260479
.82 maker-168197523-snap-gene-0.123-mRNA-1 3260113
.09 maker-168197523-snap-gene-0.123-mRNA-1 2581944
.99 maker-168341949-augustus-gene-0.48-mRNA-1 3261200
.55 maker-167975569-snap-gene-0.51-mRNA-1 3190347
.29 maker-167975569-snap-gene-0.51-mRNA-1 1955201
.48 maker-167818485-augustus-gene-0.16-mRNA-1 3260601
.44 maker-167818485-augustus-gene-0.16-mRNA-1 3260620
.44 maker-167818485-augustus-gene-0.16-mRNA-1 3260621
.44 maker-167818485-augustus-gene-0.16-mRNA-1 3260622
.99 snap_masked-162326255-processed-gene-0.2-mRNA-1 3230987
.23 augustus_masked-160192571-processed-gene-0.0-mRNA-1 3182993
.46 augustus_masked-160192571-processed-gene-0.0-mRNA-1 3260060
.03 augustus_masked-168205651-processed-gene-0.1-mRNA-1 677744
.96 augustus_masked-168205651-processed-gene-0.1-mRNA-1 3260419
.99 augustus_masked-168520234-processed-gene-0.2-mRNA-1 332310
.99 maker-168569893-augustus-gene-0.15-mRNA-1 3261105
.99 maker-168186825-augustus-gene-0.13-mRNA-1 3260767
.70 augustus_masked-168541619-processed-gene-0.3-mRNA-1 3260912
.12 augustus_masked-168541619-processed-gene-0.3-mRNA-1 984059
.82 maker-167895530-augustus-gene-0.8-mRNA-1 3261131
.17 maker-167895530-augustus-gene-0.8-mRNA-1 3187875
.99 maker-164494336-augustus-gene-0.9-mRNA-1 3260423
.99 maker-168370058-augustus-gene-0.29-mRNA-1 3260488
.99 augustus_masked-168089468-processed-gene-0.0-mRNA-1 3260726
.99 augustus_masked-168261449-processed-gene-0.0-mRNA-1 3249494
.99 augustus_masked-167841173-processed-gene-0.8-mRNA-1 3261093
.99 maker-168440457-augustus-gene-0.44-mRNA-1 3260591
.94 maker-167805458-snap-gene-0.43-mRNA-1 3261108
.99 maker-168469401-augustus-gene-0.27-mRNA-1 3261043
.99 augustus_masked-168421389-processed-gene-0.1-mRNA-1 3260985
.99 snap_masked-164510435-processed-gene-0.2-mRNA-1 3260226
.32 maker-168187317-snap-gene-0.20-mRNA-1 3187193
.47 maker-168187317-snap-gene-0.20-mRNA-1 3261021
.90 maker-161917400-augustus-gene-0.5-mRNA-1 3261126
.60 genemark-168414784-processed-gene-0.4-mRNA-1 1216802
.54 genemark-168414784-processed-gene-0.4-mRNA-1 1189021
.54 genemark-168414784-processed-gene-0.4-mRNA-1 3236111
.60 genemark-168414784-processed-gene-0.4-mRNA-1 1669768
.60 genemark-168414784-processed-gene-0.4-mRNA-1 724801
.98 maker-168536420-snap-gene-0.58-mRNA-1 3185983
.77 maker-168577134-augustus-gene-0.48-mRNA-1 3260474
.11 maker-168577134-augustus-gene-0.48-mRNA-1 3186744
.99 genemark-168576395-processed-gene-0.2-mRNA-1 3182923
.07 maker-168340291-snap-gene-0.62-mRNA-1 3218045
.92 maker-168340291-snap-gene-0.62-mRNA-1 3189550
.99 maker-168577224-augustus-gene-0.19-mRNA-1 3184194
.99 snap_masked-168463841-processed-gene-0.61-mRNA-1 3260313
.99 snap_masked-162868190-processed-gene-0.2-mRNA-1 3261031
.99 snap_masked-168574317-processed-gene-0.17-mRNA-1 3260033
.95 maker-168459444-snap-gene-0.59-mRNA-1 3261211
.04 maker-168459444-snap-gene-0.59-mRNA-1 3245143
.46 maker-168399913-augustus-gene-0.25-mRNA-2 3260723
.38 maker-168492383-snap-gene-0.13-mRNA-1 1828673
.57 maker-168492383-snap-gene-0.13-mRNA-1 926663
.61 augustus_masked-168399287-processed-gene-0.0-mRNA-1 3261191
.19 augustus_masked-168399287-processed-gene-0.0-mRNA-1 362891
.99 augustus_masked-168482715-processed-gene-0.2-mRNA-1 3259999
.48 maker-168151391-augustus-gene-0.5-mRNA-1 1104490
.28 maker-168151391-augustus-gene-0.5-mRNA-1 1093100
.48 maker-168527758-augustus-gene-0.6-mRNA-2 3260092
.51 maker-168527758-augustus-gene-0.6-mRNA-2 3260092
.99 augustus_masked-163404341-processed-gene-0.0-mRNA-1 3260698
.99 augustus_masked-20790329-processed-gene-0.1-mRNA-1 3185806
.94 maker-168341113-augustus-gene-0.9-mRNA-1 3260999
.02 maker-168341113-augustus-gene-0.9-mRNA-1 3201871
.99 maker-168577056-augustus-gene-0.15-mRNA-1 3259942
.99 augustus_masked-168439447-processed-gene-0.5-mRNA-1 3260648
.97 maker-168577026-snap-gene-0.96-mRNA-1 3261207
.60 maker-167204956-augustus-gene-0.6-mRNA-2 3187015
.10 maker-167204956-augustus-gene-0.6-mRNA-2 3191342
.06 maker-167204956-augustus-gene-0.6-mRNA-2 215143
.59 maker-166218110-augustus-gene-0.5-mRNA-1 318369
.32 maker-166218110-augustus-gene-0.5-mRNA-1 3186403
.47 snap_masked-168188906-processed-gene-0.33-mRNA-1 1053815
.96 maker-168366194-augustus-gene-0.28-mRNA-1 3260389
.99 maker-168277232-snap-gene-0.15-mRNA-1 3260417
.99 maker-168231630-snap-gene-0.5-mRNA-1 3261096
.22 augustus_masked-168145047-processed-gene-0.11-mRNA-1 359357
.33 augustus_masked-168145047-processed-gene-0.11-mRNA-1 3184336
.99 maker-28470130-augustus-gene-0.4-mRNA-1 3260049
.42 maker-163696862-augustus-gene-0.4-mRNA-1 645797
.37 maker-163696862-augustus-gene-0.4-mRNA-1 3185992
.30 maker-163696862-augustus-gene-0.4-mRNA-1 569096
.21 maker-163696862-augustus-gene-0.4-mRNA-1 3189520
.87 snap_masked-167999217-processed-gene-0.8-mRNA-1 3261177
.78 snap_masked-167999217-processed-gene-0.8-mRNA-1 3236830
.93 snap_masked-167999217-processed-gene-0.8-mRNA-1 3206804
.99 maker-166947916-augustus-gene-0.3-mRNA-1 3260121
.99 augustus_masked-168454032-processed-gene-0.8-mRNA-1 3184893
.99 maker-168567690-snap-gene-0.78-mRNA-1 3260859
.47 maker-168568915-snap-gene-0.11-mRNA-1 1244365
.52 maker-168568915-snap-gene-0.11-mRNA-1 3183272
.99 augustus_masked-168110632-processed-gene-0.0-mRNA-1 3261012
.51 maker-163924924-snap-gene-0.3-mRNA-1 2677165
.90 genemark-168184990-processed-gene-0.6-mRNA-1 3261172
.84 maker-168307523-snap-gene-0.7-mRNA-1 3260588
.11 maker-168307523-snap-gene-0.7-mRNA-1 3207930
.99 maker-166174090-snap-gene-0.5-mRNA-1 3260966
.67 maker-168183053-augustus-gene-0.5-mRNA-1 3190183
.21 maker-168183053-augustus-gene-0.5-mRNA-1 3188468
.99 maker-168188948-augustus-gene-0.33-mRNA-1 3260272
.99 maker-168187374-snap-gene-0.148-mRNA-1 3260184
.70 maker-168300362-snap-gene-0.127-mRNA-1 3183733
.23 maker-168300362-snap-gene-0.127-mRNA-1 3203482
.31 augustus_masked-168147806-processed-gene-0.1-mRNA-1 3187527
.26 augustus_masked-168147806-processed-gene-0.1-mRNA-1 1087755
.59 augustus_masked-168485271-processed-gene-0.4-mRNA-1 3195572
.35 augustus_masked-168485271-processed-gene-0.4-mRNA-1 3185666
.26 augustus_masked-168485271-processed-gene-0.4-mRNA-1 1380731
.99 augustus_masked-168292711-processed-gene-0.5-mRNA-1 3261051
.09 genemark-167028408-processed-gene-0.3-mRNA-1 3190841
.26 genemark-167028408-processed-gene-0.3-mRNA-1 3190840
.99 maker-168184799-augustus-gene-0.11-mRNA-1 3261129
.99 maker-168187295-augustus-gene-0.5-mRNA-1 3260276
.99 augustus_masked-168435244-processed-gene-0.2-mRNA-1 3182475
.99 augustus_masked-168428171-processed-gene-0.1-mRNA-1 3260214
.99 maker-168190034-snap-gene-0.50-mRNA-1 3260811
.99 snap_masked-168544726-processed-gene-0.14-mRNA-1 3260860
.94 maker-168577644-augustus-gene-0.14-mRNA-1 3260378
.65 maker-168133153-augustus-gene-0.15-mRNA-1 3260993
.29 maker-168133153-augustus-gene-0.15-mRNA-1 3260993
.99 maker-168371582-augustus-gene-0.5-mRNA-1 3260222
.04 maker-168202197-augustus-gene-0.58-mRNA-1 641941
.95 maker-168202197-augustus-gene-0.58-mRNA-1 3183730
.42 augustus_masked-168233841-processed-gene-0.6-mRNA-1 3185858
.14 augustus_masked-168233841-processed-gene-0.6-mRNA-1 469781
.10 augustus_masked-168233841-processed-gene-0.6-mRNA-1 245902
0 augustus_masked-168233841-processed-gene-0.6-mRNA-1 47548
.99 maker-167841437-augustus-gene-0.4-mRNA-1 3261041
.99 maker-168311171-snap-gene-0.31-mRNA-1 3183966
.95 snap_masked-168543006-processed-gene-0.61-mRNA-1 3186479
.02 snap_masked-168543006-processed-gene-0.61-mRNA-1 1088604
.47 augustus_masked-168565654-processed-gene-0.9-mRNA-1 3192509
.21 augustus_masked-168565654-processed-gene-0.9-mRNA-1 3187868
.99 maker-168190308-snap-gene-0.71-mRNA-1 3184375
.12 augustus_masked-168100650-processed-gene-0.0-mRNA-1 3260138
.99 augustus_masked-168419721-processed-gene-0.1-mRNA-1 3184697
.99 augustus_masked-166226383-processed-gene-0.1-mRNA-1 3260300
.99 augustus_masked-166396019-processed-gene-0.0-mRNA-1 3205283
.57 maker-168351002-snap-gene-0.31-mRNA-1 3260587
.99 maker-168401925-augustus-gene-0.21-mRNA-1 3261165
.99 maker-168202993-augustus-gene-0.85-mRNA-1 3260144
.99 augustus_masked-164182358-processed-gene-0.0-mRNA-1 3187314
.78 augustus_masked-168312479-processed-gene-0.2-mRNA-1 3260564
.18 augustus_masked-168312479-processed-gene-0.2-mRNA-1 3183811
.18 augustus_masked-168312479-processed-gene-0.2-mRNA-1 3189036
.99 maker-168555210-snap-gene-0.26-mRNA-1 3260613
.99 maker-168531066-snap-gene-0.31-mRNA-1 3261134
.99 augustus_masked-168341060-processed-gene-0.2-mRNA-1 3259892
.28 maker-167000323-augustus-gene-0.3-mRNA-1 1453850
.35 maker-167000323-augustus-gene-0.3-mRNA-1 1597604
.18 maker-167000323-augustus-gene-0.3-mRNA-1 3250720
.21 maker-167000323-augustus-gene-0.3-mRNA-1 2238813
.99 augustus_masked-168205370-processed-gene-0.1-mRNA-1 3188430
.99 maker-168046083-snap-gene-0.17-mRNA-1 3260235
.99 augustus_masked-166602925-processed-gene-0.1-mRNA-1 3260606
.99 maker-167806342-augustus-gene-0.6-mRNA-1 3261088
.99 augustus_masked-168577221-processed-gene-0.4-mRNA-1 3260207
.94 maker-168490874-augustus-gene-0.86-mRNA-1 196188
.99 augustus_masked-168525141-processed-gene-0.0-mRNA-1 3183195
.94 maker-168519578-snap-gene-0.82-mRNA-1 3260490
.44 genemark-168535561-processed-gene-0.0-mRNA-1 2296827
.99 genemark-168470123-processed-gene-0.72-mRNA-1 1091689
.99 snap_masked-166131867-processed-gene-0.1-mRNA-1 3260614
.99 augustus_masked-168184937-processed-gene-0.1-mRNA-1 3260269
.99 maker-168577632-snap-gene-0.63-mRNA-1 3261163
.99 snap_masked-167970637-processed-gene-0.4-mRNA-1 3222082
.78 maker-168239110-augustus-gene-0.16-mRNA-1 3182952
.21 maker-168239110-augustus-gene-0.16-mRNA-1 3187227
.99 maker-168529276-augustus-gene-0.27-mRNA-1 3261029
.92 maker-166812432-augustus-gene-0.3-mRNA-1 3186124
.99 maker-168573955-augustus-gene-0.54-mRNA-1 3260224
.99 snap_masked-168459523-processed-gene-1.54-mRNA-1 3187892
.14 genemark-168463935-processed-gene-0.16-mRNA-1 3196562
.15 genemark-168463935-processed-gene-0.16-mRNA-1 3197283
.14 genemark-168463935-processed-gene-0.16-mRNA-1 3205265
.15 genemark-168463935-processed-gene-0.16-mRNA-1 909332
.14 genemark-168463935-processed-gene-0.16-mRNA-1 2269411
.99 maker-168441700-augustus-gene-0.55-mRNA-1 3183199
.99 augustus_masked-168494425-processed-gene-0.3-mRNA-1 3260261
.99 augustus_masked-168517347-processed-gene-0.8-mRNA-1 3198458
.99 maker-168397931-augustus-gene-0.58-mRNA-1 3261087
.99 genemark-168577274-processed-gene-0.8-mRNA-1 3183724
.99 maker-167845800-augustus-gene-0.34-mRNA-1 3261161
.99 maker-168515093-augustus-gene-0.26-mRNA-1 3260578
.06 augustus_masked-167957050-processed-gene-0.3-mRNA-1 3185756
.90 augustus_masked-167957050-processed-gene-0.3-mRNA-1 3187683
.99 maker-167891034-augustus-gene-0.44-mRNA-1 3261199
.99 augustus_masked-168195339-processed-gene-0.9-mRNA-1 3260321
.99 maker-168473574-augustus-gene-0.34-mRNA-1 3260817
.99 augustus_masked-166658789-processed-gene-0.2-mRNA-1 3261046
.99 maker-164139676-snap-gene-0.6-mRNA-1 3260059
.46 maker-163277807-augustus-gene-0.4-mRNA-1 3260797
.45 maker-163277807-augustus-gene-0.4-mRNA-1 762767
.98 maker-168309697-augustus-gene-0.6-mRNA-1 3260942
.99 augustus_masked-168201741-processed-gene-0.4-mRNA-1 3260962
.79 maker-168500980-snap-gene-0.76-mRNA-1 624677
.12 maker-168500980-snap-gene-0.76-mRNA-1 3260141
.99 augustus_masked-168551487-processed-gene-0.17-mRNA-1 3261140
.99 augustus_masked-168451943-processed-gene-0.12-mRNA-1 3183514
.55 maker-168107329-snap-gene-0.21-mRNA-1 538435
.25 maker-168107329-snap-gene-0.21-mRNA-1 3260745
.18 maker-168107329-snap-gene-0.21-mRNA-1 3189276
.99 augustus_masked-167174538-processed-gene-0.0-mRNA-1 3182506
.99 augustus_masked-168493682-processed-gene-0.0-mRNA-1 3260823
.99 maker-168546868-augustus-gene-0.64-mRNA-1 3260539
.58 maker-168396367-augustus-gene-0.6-mRNA-1 598995
.25 maker-168396367-augustus-gene-0.6-mRNA-1 997033
.99 snap_masked-167820123-processed-gene-0.26-mRNA-1 3193754
.97 augustus_masked-168494511-processed-gene-0.7-mRNA-1 3187838
.99 maker-168372686-snap-gene-0.31-mRNA-1 3260813
.67 augustus_masked-162771038-processed-gene-0.0-mRNA-1 3190841
.24 augustus_masked-162771038-processed-gene-0.0-mRNA-1 3190840
.24 augustus_masked-162771038-processed-gene-0.0-mRNA-1 3204065
.05 augustus_masked-162771038-processed-gene-0.0-mRNA-1 2484868
.99 augustus_masked-168188926-processed-gene-0.9-mRNA-1 3260258
.50 maker-168571852-augustus-gene-0.101-mRNA-1 296519
.34 maker-168571852-augustus-gene-0.101-mRNA-1 3211458
.15 maker-168571852-augustus-gene-0.101-mRNA-1 3182692
.08 maker-168571852-augustus-gene-0.101-mRNA-1 296520
.08 maker-168571852-augustus-gene-0.101-mRNA-1 3189800
.08 maker-168321812-augustus-gene-0.48-mRNA-1 3217181
.89 maker-168321812-augustus-gene-0.48-mRNA-1 3260651
.44 maker-163649655-snap-gene-0.3-mRNA-2 3184507
.26 maker-163649655-snap-gene-0.3-mRNA-2 3183047
.10 maker-163649655-snap-gene-0.3-mRNA-2 523095
.29 augustus_masked-168188665-processed-gene-0.3-mRNA-1 3185880
.99 maker-168484490-augustus-gene-0.41-mRNA-1 3260249
.99 augustus_masked-167929112-processed-gene-0.0-mRNA-1 3261028
.35 maker-168511842-augustus-gene-0.29-mRNA-1 956495
.20 maker-168511842-augustus-gene-0.29-mRNA-1 1496711
.99 augustus_masked-166888896-processed-gene-0.0-mRNA-1 3260074
.99 augustus_masked-168515792-processed-gene-0.2-mRNA-1 3261080
.64 augustus_masked-168536236-processed-gene-2.16-mRNA-1 1020141
.80 augustus_masked-168291512-processed-gene-0.9-mRNA-1 3207984
.06 augustus_masked-168291512-processed-gene-0.9-mRNA-1 2514179
.83 maker-168201429-augustus-gene-0.67-mRNA-1 3184543
.16 maker-168201429-augustus-gene-0.67-mRNA-1 3183600
.74 maker-168561547-augustus-gene-0.16-mRNA-1 3260824
.07 maker-168561547-augustus-gene-0.16-mRNA-1 3186602
.66 maker-168266213-snap-gene-0.25-mRNA-1 3261201
.33 maker-168266213-snap-gene-0.25-mRNA-1 3261201
.95 augustus_masked-167810814-processed-gene-0.0-mRNA-1 3261169
.97 genemark-167812213-processed-gene-0.56-mRNA-1 3260854
.50 maker-168371378-augustus-gene-0.51-mRNA-1 3188470
.37 maker-168371378-augustus-gene-0.51-mRNA-1 3188471
.98 augustus_masked-167818897-processed-gene-0.1-mRNA-1 3192726
.35 maker-168495291-snap-gene-0.12-mRNA-1 3198510
.41 maker-168495291-snap-gene-0.12-mRNA-1 1013437
.35 maker-168495291-snap-gene-0.12-mRNA-1 1141534
.35 maker-168495291-snap-gene-0.12-mRNA-1 1781062
.35 maker-168495291-snap-gene-0.12-mRNA-1 2380920
.99 maker-168187508-augustus-gene-0.16-mRNA-1 3261179
.14 genemark-167965899-processed-gene-0.9-mRNA-1 956495
.99 augustus_masked-168496657-processed-gene-0.28-mRNA-1 3260678
.79 augustus_masked-168486158-processed-gene-0.7-mRNA-1 726643
.79 maker-168566919-snap-gene-0.60-mRNA-2 3260102
.15 maker-168566919-snap-gene-0.60-mRNA-2 720236
.20 snap_masked-168490618-processed-gene-0.114-mRNA-1 3213375
.77 snap_masked-168490618-processed-gene-0.114-mRNA-1 3260526
.99 augustus_masked-168260039-processed-gene-0.9-mRNA-1 3260581
.99 augustus_masked-168568547-processed-gene-1.13-mRNA-1 3260905
.99 augustus_masked-167812132-processed-gene-0.6-mRNA-1 3260847
.99 maker-168459778-snap-gene-0.55-mRNA-1 3260901
.55 snap_masked-168486261-processed-gene-0.33-mRNA-1 399252
.28 snap_masked-168486261-processed-gene-0.33-mRNA-1 3184867
.15 snap_masked-168486261-processed-gene-0.33-mRNA-1 2475583
.43 augustus_masked-162911525-processed-gene-0.0-mRNA-1 1739176
.26 augustus_masked-164140259-processed-gene-0.0-mRNA-1 995668
.18 augustus_masked-164140259-processed-gene-0.0-mRNA-1 1567716
.17 augustus_masked-164140259-processed-gene-0.0-mRNA-1 1137436
.16 augustus_masked-164140259-processed-gene-0.0-mRNA-1 2358817
.16 augustus_masked-164140259-processed-gene-0.0-mRNA-1 1019346
.99 maker-168441996-snap-gene-0.18-mRNA-2 3260262
.04 maker-166974533-augustus-gene-0.6-mRNA-1 1805631
.92 maker-166974533-augustus-gene-0.6-mRNA-1 3182933
.48 augustus_masked-168414969-processed-gene-0.0-mRNA-1 3260048
.11 augustus_masked-168414969-processed-gene-0.0-mRNA-1 1739672
.09 maker-167057722-snap-gene-0.5-mRNA-1 1056697
.90 maker-167057722-snap-gene-0.5-mRNA-1 3261091
.34 augustus_masked-161414159-processed-gene-0.0-mRNA-1 884701
.27 augustus_masked-161414159-processed-gene-0.0-mRNA-1 3065192
.29 augustus_masked-161414159-processed-gene-0.0-mRNA-1 3241004
.20 augustus_masked-161414159-processed-gene-0.0-mRNA-1 1786189
.45 augustus_masked-161414159-processed-gene-0.0-mRNA-1 3197056
.82 maker-168521675-augustus-gene-0.33-mRNA-1 3183708
.08 maker-168521675-augustus-gene-0.33-mRNA-1 1541088
.99 augustus_masked-167940382-processed-gene-0.0-mRNA-1 3261182
.99 augustus_masked-168577474-processed-gene-0.12-mRNA-1 3187534
.99 augustus_masked-168348565-processed-gene-0.8-mRNA-1 3261047
.99 snap_masked-168520139-processed-gene-0.21-mRNA-1 3260835
.99 augustus_masked-166481277-processed-gene-0.0-mRNA-1 3258288
.52 augustus_masked-168265201-processed-gene-0.0-mRNA-1 951167
.29 augustus_masked-168265201-processed-gene-0.0-mRNA-1 3153102
.35 maker-168368083-augustus-gene-0.11-mRNA-1 3212903
.32 maker-168368083-augustus-gene-0.11-mRNA-1 3220187
.25 maker-168368083-augustus-gene-0.11-mRNA-1 3186927
.13 maker-168368083-augustus-gene-0.11-mRNA-1 3186462
.99 augustus_masked-168568337-processed-gene-1.48-mRNA-1 3183206
.99 augustus_masked-168279649-processed-gene-0.4-mRNA-1 3182959
.64 maker-167973357-augustus-gene-0.7-mRNA-1 3260659
.17 maker-167973357-augustus-gene-0.7-mRNA-1 3183016
.99 snap_masked-168297902-processed-gene-0.56-mRNA-1 3260921
.99 maker-168445900-snap-gene-0.16-mRNA-1 3261137
.90 snap_masked-168190391-processed-gene-0.63-mRNA-1 3187733
.09 snap_masked-168190391-processed-gene-0.63-mRNA-1 3191692
.34 maker-168337997-augustus-gene-0.95-mRNA-1 3261132
.27 maker-168337997-augustus-gene-0.95-mRNA-1 3261132
.99 augustus_masked-163056377-processed-gene-0.0-mRNA-1 3183570
.28 maker-168577364-augustus-gene-0.74-mRNA-1 795144
.71 maker-168577364-augustus-gene-0.74-mRNA-1 3261009
.71 maker-167930301-augustus-gene-0.14-mRNA-1 3260277
.99 augustus_masked-167863238-processed-gene-0.2-mRNA-1 3260527
.99 maker-168546548-augustus-gene-0.46-mRNA-1 3260864
.99 augustus_masked-168527865-processed-gene-0.1-mRNA-1 3260848
.99 snap_masked-168196537-processed-gene-0.72-mRNA-1 3260967
.32 augustus_masked-168372504-processed-gene-0.4-mRNA-1 3260679
.19 augustus_masked-168372504-processed-gene-0.4-mRNA-1 659353
.38 augustus_masked-161473126-processed-gene-0.0-mRNA-1 3260138
.33 augustus_masked-161473126-processed-gene-0.0-mRNA-1 3190840
.33 augustus_masked-161473126-processed-gene-0.0-mRNA-1 3204065
.41 maker-168353020-augustus-gene-0.70-mRNA-1 3185445
.22 maker-168353020-augustus-gene-0.70-mRNA-1 1284727
.21 maker-168353020-augustus-gene-0.70-mRNA-1 125613
.20 maker-168353020-augustus-gene-0.70-mRNA-1 125614
.20 maker-168353020-augustus-gene-0.70-mRNA-1 1566557
.67 augustus_masked-168442142-processed-gene-0.4-mRNA-1 3260682
.67 augustus_masked-168442142-processed-gene-0.4-mRNA-1 3260681
.21 augustus_masked-168442142-processed-gene-0.4-mRNA-1 3194596
.21 augustus_masked-168442142-processed-gene-0.4-mRNA-1 3187019
.81 maker-167984085-augustus-gene-0.59-mRNA-1 3259989
.28 augustus_masked-163623599-processed-gene-0.0-mRNA-1 1107749
.17 augustus_masked-163623599-processed-gene-0.0-mRNA-1 1107746
.99 maker-168466145-snap-gene-0.34-mRNA-1 3260046
.98 maker-168547954-snap-gene-0.43-mRNA-1 3260899
.99 maker-168513768-snap-gene-0.33-mRNA-1 3260783
.99 maker-163505538-snap-gene-0.5-mRNA-1 3260012
.99 augustus_masked-168269638-processed-gene-0.2-mRNA-1 3183826
.99 maker-168266781-snap-gene-0.24-mRNA-1 3260947
.53 maker-167013085-augustus-gene-0.6-mRNA-1 3261110
.46 maker-167013085-augustus-gene-0.6-mRNA-1 3261110
.99 augustus_masked-167351915-processed-gene-0.0-mRNA-1 3259882
.15 maker-168185510-augustus-gene-0.15-mRNA-1 3183390
.17 maker-168185510-augustus-gene-0.15-mRNA-1 239024
.99 augustus_masked-168489373-processed-gene-0.0-mRNA-1 3260602
.99 maker-168483885-snap-gene-0.28-mRNA-1 3183883
.99 maker-139570888-augustus-gene-0.3-mRNA-1 3184019
.99 maker-168187203-snap-gene-0.12-mRNA-1 3260584
.88 genemark-168332313-processed-gene-2.33-mRNA-1 3187891
.03 genemark-168332313-processed-gene-2.33-mRNA-1 3219609
.99 maker-168358563-augustus-gene-0.82-mRNA-1 3260624
.99 snap_masked-168544955-processed-gene-0.7-mRNA-1 3260580
.99 augustus_masked-168389663-processed-gene-0.0-mRNA-1 3229350
.18 maker-168196242-snap-gene-0.77-mRNA-1 3185267
.69 maker-168196242-snap-gene-0.77-mRNA-1 3183405
.99 snap_masked-168471005-processed-gene-0.8-mRNA-1 3185230
.99 maker-159822145-augustus-gene-0.4-mRNA-1 3186314
.99 augustus_masked-167895852-processed-gene-0.0-mRNA-1 3261023
.99 maker-168472063-augustus-gene-0.61-mRNA-1 3260403
.13 maker-168550991-snap-gene-0.48-mRNA-1 3196821
.77 maker-168550991-snap-gene-0.48-mRNA-1 3260342
.18 maker-168115437-augustus-gene-0.6-mRNA-1 915069
.11 maker-168115437-augustus-gene-0.6-mRNA-1 655127
.08 maker-168115437-augustus-gene-0.6-mRNA-1 3260838
.08 maker-168115437-augustus-gene-0.6-mRNA-1 3260869
.05 maker-168115437-augustus-gene-0.6-mRNA-1 915069
.99 augustus_masked-166443000-processed-gene-0.0-mRNA-1 3182681
.99 maker-168445211-augustus-gene-0.50-mRNA-1 3260958
.99 snap_masked-168184876-processed-gene-0.41-mRNA-1 3260932
.35 augustus_masked-168552460-processed-gene-0.27-mRNA-1 1357610
.31 augustus_masked-168552460-processed-gene-0.27-mRNA-1 3187729
.27 augustus_masked-168552460-processed-gene-0.27-mRNA-1 3259958
.15 augustus_masked-168552460-processed-gene-0.27-mRNA-1 1417729
.12 augustus_masked-168552460-processed-gene-0.27-mRNA-1 3227955
.09 maker-168567559-snap-gene-0.34-mRNA-1 319047
.89 maker-168567559-snap-gene-0.34-mRNA-1 3260627
.87 augustus_masked-140597266-processed-gene-0.0-mRNA-1 3260763
.12 augustus_masked-140597266-processed-gene-0.0-mRNA-1 3261078
.99 maker-168471627-augustus-gene-0.34-mRNA-1 3186402
.99 augustus_masked-168521239-processed-gene-0.15-mRNA-1 3183324
.16 maker-167851741-augustus-gene-0.53-mRNA-1 3260240
.22 maker-167851741-augustus-gene-0.53-mRNA-1 3183624
.08 maker-168577148-snap-gene-0.33-mRNA-1 3186865
.90 maker-168577148-snap-gene-0.33-mRNA-1 3260977
.32 maker-165237503-augustus-gene-0.3-mRNA-1 3212582
.78 maker-168312028-augustus-gene-0.49-mRNA-1 3188323
.21 maker-168312028-augustus-gene-0.49-mRNA-1 3183528
.97 maker-168402364-augustus-gene-0.34-mRNA-1 3260141
.99 maker-163796859-augustus-gene-0.3-mRNA-1 3183042
.99 augustus_masked-166918682-processed-gene-0.1-mRNA-1 3261120
.88 augustus_masked-168569891-processed-gene-0.10-mRNA-1 3260639
.10 augustus_masked-168569891-processed-gene-0.10-mRNA-1 3183341
.99 genemark-168508638-processed-gene-0.4-mRNA-1 3260712
.98 maker-167975463-snap-gene-0.30-mRNA-1 3261197
.97 maker-168198953-augustus-gene-0.13-mRNA-1 3261217
.99 maker-167884664-augustus-gene-0.6-mRNA-1 3261162
.99 maker-168480586-snap-gene-0.72-mRNA-1 3261128
.99 augustus_masked-168190982-processed-gene-0.3-mRNA-1 3259939
.99 maker-167911249-snap-gene-0.8-mRNA-1 3260522
.99 augustus_masked-168217495-processed-gene-0.2-mRNA-1 3260663
.99 maker-168510652-snap-gene-0.43-mRNA-1 3260986
.99 maker-168248959-augustus-gene-0.10-mRNA-2 3260816
.18 maker-168562745-snap-gene-0.45-mRNA-1 3260945
.62 maker-168562745-snap-gene-0.45-mRNA-1 3260945
.65 augustus_masked-168573479-processed-gene-0.8-mRNA-1 3260162
.99 augustus_masked-168544285-processed-gene-0.5-mRNA-1 3184187
.65 augustus_masked-167858500-processed-gene-0.3-mRNA-1 1065852
.33 augustus_masked-167858500-processed-gene-0.3-mRNA-1 3187149
.99 augustus_masked-168192862-processed-gene-0.18-mRNA-1 3260044
.99 augustus_masked-167974810-processed-gene-0.2-mRNA-1 3260431
.99 maker-168502502-augustus-gene-0.78-mRNA-1 3261178
.41 maker-168515117-augustus-gene-0.24-mRNA-1 3260951
.41 maker-168515117-augustus-gene-0.24-mRNA-1 3182999
.97 maker-168577495-snap-gene-0.66-mRNA-1 3261166
.02 maker-168577495-snap-gene-0.66-mRNA-1 850223
.94 maker-168574297-augustus-gene-0.21-mRNA-1 3260426
.05 maker-168574297-augustus-gene-0.21-mRNA-1 567929
.99 maker-168246042-snap-gene-0.10-mRNA-1 3261219
.27 maker-167912809-snap-gene-0.5-mRNA-1 3192271
.72 maker-167912809-snap-gene-0.5-mRNA-1 3186372
.27 maker-168187615-augustus-gene-0.24-mRNA-1 3261206
.02 maker-168187615-augustus-gene-0.24-mRNA-1 3226808
.99 augustus_masked-167931812-processed-gene-0.2-mRNA-1 3187268
.99 augustus_masked-168504603-processed-gene-0.2-mRNA-1 3260456
.94 augustus_masked-168504603-processed-gene-0.2-mRNA-1 3260476
.36 maker-168189634-snap-gene-0.23-mRNA-1 3261176
.09 maker-168189634-snap-gene-0.23-mRNA-1 3261176
.71 maker-168261152-snap-gene-0.94-mRNA-1 3260577
.09 maker-168261152-snap-gene-0.94-mRNA-1 2632780
.31 augustus_masked-168309283-processed-gene-0.11-mRNA-1 3187603
.17 augustus_masked-168309283-processed-gene-0.11-mRNA-1 367767
.99 maker-166328986-augustus-gene-0.4-mRNA-1 3224649
.99 maker-168474668-augustus-gene-0.45-mRNA-1 3260495
.79 maker-168565315-augustus-gene-0.20-mRNA-1 3188646
.17 maker-168565315-augustus-gene-0.20-mRNA-1 692626
.17 maker-168565315-augustus-gene-0.20-mRNA-1 3183878
.99 augustus_masked-165638823-processed-gene-0.0-mRNA-1 3182854
.61 augustus_masked-166889645-processed-gene-0.0-mRNA-1 3259925
.63 augustus_masked-166889645-processed-gene-0.0-mRNA-1 3259924
.99 augustus_masked-168557213-processed-gene-0.0-mRNA-1 3260988
.99 maker-168536854-snap-gene-0.39-mRNA-1 3261193
.99 augustus_masked-168019117-processed-gene-0.2-mRNA-1 3260090
.19 maker-167945192-augustus-gene-0.10-mRNA-1 420143
.79 maker-167945192-augustus-gene-0.10-mRNA-1 3182817
.82 maker-166288602-snap-gene-0.7-mRNA-1 3260670
.09 maker-166288602-snap-gene-0.7-mRNA-1 3251782
.56 genemark-168205021-processed-gene-0.14-mRNA-1 438661
.25 genemark-168205021-processed-gene-0.14-mRNA-1 3189171
.16 genemark-168205021-processed-gene-0.14-mRNA-1 960140
.96 maker-168385879-snap-gene-0.14-mRNA-1 3261019
.01 maker-168385879-snap-gene-0.14-mRNA-1 3197038
.99 maker-168260497-augustus-gene-0.52-mRNA-1 3261186
.98 maker-168517650-augustus-gene-0.11-mRNA-1 3260721
.93 maker-168547462-augustus-gene-0.33-mRNA-1 3261218
.99 maker-168520373-snap-gene-0.24-mRNA-1 3185317
.92 augustus_masked-166199490-processed-gene-0.0-mRNA-1 3261149
.07 augustus_masked-166199490-processed-gene-0.0-mRNA-1 673938
.32 maker-163647323-snap-gene-0.4-mRNA-1 108059
.40 maker-163647323-snap-gene-0.4-mRNA-1 638709
.99 maker-168234989-snap-gene-0.28-mRNA-1 3260011
.98 genemark-168421291-processed-gene-0.23-mRNA-1 3260510
.99 augustus_masked-168397799-processed-gene-0.4-mRNA-1 3260656
.99 augustus_masked-168254804-processed-gene-0.7-mRNA-1 3260959
.42 maker-168063535-snap-gene-0.54-mRNA-1 3209853
.10 maker-168063535-snap-gene-0.54-mRNA-1 1645470
.49 maker-168551162-augustus-gene-0.47-mRNA-1 3261170
.17 maker-168551162-augustus-gene-0.47-mRNA-1 1089847
.17 maker-168551162-augustus-gene-0.47-mRNA-1 3186623
.99 maker-167822797-augustus-gene-0.6-mRNA-1 3183583
.63 maker-168211947-augustus-gene-0.64-mRNA-1 3190801
.99 maker-168245801-augustus-gene-0.44-mRNA-1 3182683
.53 augustus_masked-168187047-processed-gene-0.2-mRNA-1 3195457
.23 augustus_masked-168187047-processed-gene-0.2-mRNA-1 3189116
.16 augustus_masked-168187047-processed-gene-0.2-mRNA-1 832173
.99 maker-168324567-augustus-gene-0.11-mRNA-1 3260852
.99 maker-168190325-augustus-gene-0.79-mRNA-1 3260309
.68 snap_masked-168267222-processed-gene-0.107-mRNA-1 2294520
.99 maker-168190612-augustus-gene-0.68-mRNA-1 3260116
.18 augustus_masked-163901590-processed-gene-0.0-mRNA-1 1389551
.81 augustus_masked-163901590-processed-gene-0.0-mRNA-1 3184655
.99 maker-168363450-augustus-gene-0.79-mRNA-1 3260903
.99 maker-167819760-snap-gene-0.19-mRNA-1 3260118
.99 augustus_masked-168216022-processed-gene-0.0-mRNA-1 3260407
.58 maker-168569481-augustus-gene-0.65-mRNA-1 3261084
.35 maker-168569481-augustus-gene-0.65-mRNA-1 3261084
.99 augustus_masked-168171829-processed-gene-0.1-mRNA-1 3184327
.99 maker-168247973-augustus-gene-0.7-mRNA-1 3260784
.94 snap_masked-168577584-processed-gene-0.44-mRNA-1 3261032
.99 augustus_masked-164039539-processed-gene-0.0-mRNA-1 3260795
.20 maker-168276834-snap-gene-1.135-mRNA-1 3261123
.78 maker-168276834-snap-gene-1.135-mRNA-1 3261123
.99 augustus_masked-168514506-processed-gene-0.1-mRNA-1 3185975
.99 maker-168132762-augustus-gene-0.11-mRNA-1 3261183
.93 maker-168575692-augustus-gene-1.105-mRNA-1 3186926
.06 maker-168575692-augustus-gene-1.105-mRNA-1 2658768
.99 snap_masked-167902299-processed-gene-0.7-mRNA-1 3260027
.99 snap_masked-167902299-processed-gene-0.7-mRNA-1 3260245
.99 snap_masked-166328012-processed-gene-0.3-mRNA-1 3185528
.99 augustus_masked-168419165-processed-gene-0.0-mRNA-1 3260251
.49 augustus_masked-168479143-processed-gene-0.9-mRNA-1 2535286
.99 maker-168186670-snap-gene-0.10-mRNA-1 3260749
.99 maker-166231338-snap-gene-0.5-mRNA-1 3183421
.93 maker-168183659-snap-gene-0.21-mRNA-1 3261214
.06 maker-168183659-snap-gene-0.21-mRNA-1 903104
.95 maker-168245714-augustus-gene-0.24-mRNA-3 3261177
.77 maker-168511677-snap-gene-0.37-mRNA-1 3261138
.93 augustus_masked-168225776-processed-gene-0.0-mRNA-1 3185808
.06 augustus_masked-168225776-processed-gene-0.0-mRNA-1 1083467
.99 augustus_masked-167934805-processed-gene-0.1-mRNA-1 3260833
.99 maker-168308203-augustus-gene-0.31-mRNA-1 3260154
.97 augustus_masked-167852821-processed-gene-0.0-mRNA-1 3260322
.95 augustus_masked-167852821-processed-gene-0.0-mRNA-1 3260641
.99 maker-162922772-snap-gene-0.3-mRNA-1 3260579
.62 maker-168313030-snap-gene-0.74-mRNA-1 3261209
.99 maker-168517256-augustus-gene-0.11-mRNA-1 3260010
.32 genemark-168568171-processed-gene-0.11-mRNA-1 2976390
.99 snap_masked-167800442-processed-gene-0.14-mRNA-1 3260973
.99 maker-167802979-snap-gene-0.27-mRNA-1 3261194
.61 maker-167278555-snap-gene-0.7-mRNA-1 1072912
.41 maker-167278555-snap-gene-0.7-mRNA-1 1532303
.06 maker-167278555-snap-gene-0.7-mRNA-1 629633
.97 maker-163126704-snap-gene-0.7-mRNA-1 3261142
.99 augustus_masked-168251945-processed-gene-0.0-mRNA-1 3260804
.99 snap_masked-168429386-processed-gene-0.6-mRNA-1 3261042
.88 maker-168576964-augustus-gene-0.72-mRNA-1 3261198
.99 maker-168412901-augustus-gene-0.19-mRNA-1 3259856
.99 maker-168490798-snap-gene-0.11-mRNA-1 3261208
.57 maker-168386642-snap-gene-0.9-mRNA-1 3261133
.18 maker-168386642-snap-gene-0.9-mRNA-1 3207779
.99 augustus_masked-168569848-processed-gene-0.22-mRNA-1 3184634
.96 augustus_masked-168569848-processed-gene-0.22-mRNA-1 3205888
.97 augustus_masked-168193118-processed-gene-0.2-mRNA-1 3261033
.98 maker-168404664-snap-gene-0.49-mRNA-1 3260072
.91 maker-164752602-augustus-gene-0.3-mRNA-1 3260219
.99 maker-166859804-snap-gene-0.7-mRNA-1 3260768
.99 maker-168295314-snap-gene-0.8-mRNA-1 3260438
.99 augustus_masked-168235312-processed-gene-0.12-mRNA-1 3183795
.40 snap_masked-164910967-processed-gene-0.2-mRNA-1 2072624
.30 snap_masked-164910967-processed-gene-0.2-mRNA-1 2633954
.99 snap_masked-168280530-processed-gene-0.14-mRNA-1 3221622
.99 maker-168190644-snap-gene-0.73-mRNA-1 3260776
.02 maker-168569475-snap-gene-1.99-mRNA-1 3260579
.05 maker-168569475-snap-gene-1.99-mRNA-1 3223990
.02 maker-168569475-snap-gene-1.99-mRNA-1 3260937
.02 maker-168569475-snap-gene-1.99-mRNA-1 3260763
.03 maker-168569475-snap-gene-1.99-mRNA-1 3260937
.98 snap_masked-168403627-processed-gene-0.20-mRNA-1 3260007
.99 snap_masked-168451360-processed-gene-1.49-mRNA-1 3261141
.94 maker-168528878-snap-gene-0.110-mRNA-1 3259967
.01 maker-168528878-snap-gene-0.110-mRNA-1 3201493
.99 maker-168465107-snap-gene-0.84-mRNA-1 3261044
.51 maker-167914997-augustus-gene-0.55-mRNA-1 744294
.35 maker-167914997-augustus-gene-0.55-mRNA-1 1278148
.37 maker-167914997-augustus-gene-0.55-mRNA-1 967343
.37 maker-167914997-augustus-gene-0.55-mRNA-1 3195141
.10 maker-167914997-augustus-gene-0.55-mRNA-1 3193618
.99 augustus_masked-168395055-processed-gene-0.9-mRNA-1 3260737
.59 augustus_masked-164474428-processed-gene-0.0-mRNA-1 1182548
.39 augustus_masked-164474428-processed-gene-0.0-mRNA-1 1158251
.99 augustus_masked-168522187-processed-gene-0.1-mRNA-1 2123510
.80 maker-168408448-augustus-gene-0.31-mRNA-1 3260048
.07 maker-168408448-augustus-gene-0.31-mRNA-1 2191802
.99 snap_masked-168280502-processed-gene-0.48-mRNA-1 3205074
.99 maker-168087713-snap-gene-0.7-mRNA-1 3261167
.90 genemark-168221549-processed-gene-0.1-mRNA-1 3191515
.07 genemark-168221549-processed-gene-0.1-mRNA-1 161009
.18 snap_masked-168403036-processed-gene-0.38-mRNA-1 1276521
.77 snap_masked-168403036-processed-gene-0.38-mRNA-1 1048999
.49 maker-168559547-snap-gene-0.50-mRNA-1 265763
.25 maker-168559547-snap-gene-0.50-mRNA-1 3184321
.99 maker-159417546-augustus-gene-0.3-mRNA-1 3260372
.99 maker-168398641-augustus-gene-0.116-mRNA-1 3261117
.48 maker-168008185-augustus-gene-0.35-mRNA-1 1140242
.51 maker-168008185-augustus-gene-0.35-mRNA-1 1187574
.99 genemark-166731363-processed-gene-0.1-mRNA-1 3260665
.99 augustus_masked-160385594-processed-gene-0.0-mRNA-1 3260563
.99 augustus_masked-168325982-processed-gene-0.1-mRNA-1 3260727
.99 augustus_masked-168147741-processed-gene-0.4-mRNA-1 3261192
.99 genemark-168236458-processed-gene-0.10-mRNA-1 3189356
.99 augustus_masked-168372426-processed-gene-0.0-mRNA-1 3261034
.79 maker-168558210-augustus-gene-0.43-mRNA-2 3260699
.80 maker-168558210-augustus-gene-0.43-mRNA-1 3260699
.99 augustus_masked-168117247-processed-gene-0.3-mRNA-1 3260856
.99 snap_masked-168300261-processed-gene-0.7-mRNA-1 3260831
.12 augustus_masked-168391420-processed-gene-0.6-mRNA-1 3185186
.84 augustus_masked-168391420-processed-gene-0.6-mRNA-1 3261014
.99 maker-168471133-augustus-gene-0.27-mRNA-2 3261213
.42 snap_masked-168059917-processed-gene-0.8-mRNA-1 3261133
.29 snap_masked-168059917-processed-gene-0.8-mRNA-1 3261133
.09 snap_masked-168059917-processed-gene-0.8-mRNA-1 3260170
.47 maker-168565287-augustus-gene-0.43-mRNA-1 3260877
.99 maker-168235386-augustus-gene-0.59-mRNA-1 3260283
.44 genemark-167561725-processed-gene-0.1-mRNA-1 909320
.54 genemark-167561725-processed-gene-0.1-mRNA-1 3183155
.99 maker-167818615-augustus-gene-0.15-mRNA-1 3185512
.99 augustus_masked-167995031-processed-gene-0.10-mRNA-1 3260433
.99 augustus_masked-168577602-processed-gene-0.16-mRNA-1 3260926
.99 maker-168189496-snap-gene-0.34-mRNA-1 3261143
.06 maker-168230276-augustus-gene-0.13-mRNA-1 3191339
.93 maker-168230276-augustus-gene-0.13-mRNA-1 3260964
.99 maker-168549106-snap-gene-0.118-mRNA-1 3260884
.99 maker-167823224-augustus-gene-0.21-mRNA-1 3212268
.99 maker-168188325-augustus-gene-0.32-mRNA-1 3260981
.87 maker-168183079-snap-gene-0.35-mRNA-1 3261196
.99 augustus_masked-168573659-processed-gene-0.7-mRNA-1 3260494
.20 genemark-167954562-processed-gene-0.14-mRNA-1 3253989
.28 genemark-167954562-processed-gene-0.14-mRNA-1 977891
.99 augustus_masked-168232735-processed-gene-0.17-mRNA-1 3260712
.06 augustus_masked-168427097-processed-gene-0.9-mRNA-1 408238
.93 augustus_masked-168427097-processed-gene-0.9-mRNA-1 3261008
.89 maker-160452435-augustus-gene-0.3-mRNA-1 3260213
.10 maker-160452435-augustus-gene-0.3-mRNA-1 3219154
.10 maker-168477250-snap-gene-0.69-mRNA-1 3192283
.82 maker-168477250-snap-gene-0.69-mRNA-1 3199507
.99 maker-168191305-snap-gene-0.59-mRNA-1 3244318
.99 snap_masked-168576939-processed-gene-1.150-mRNA-1 3187052
.77 maker-168512008-snap-gene-0.134-mRNA-2 3260418
.32 maker-168460790-snap-gene-0.89-mRNA-1 3184430
.60 maker-168460790-snap-gene-0.89-mRNA-1 3260552
.92 snap_masked-168476483-processed-gene-0.16-mRNA-1 828228
.47 snap_masked-168476483-processed-gene-0.16-mRNA-1 937767
.99 augustus_masked-168359092-processed-gene-0.11-mRNA-1 3260918
.32 genemark-168437394-processed-gene-0.26-mRNA-1 3204637
.42 genemark-168437394-processed-gene-0.26-mRNA-1 3185712
.99 maker-167817428-augustus-gene-0.15-mRNA-1 3261048
.97 maker-168352235-snap-gene-0.29-mRNA-1 3261127
.99 augustus_masked-168541554-processed-gene-0.5-mRNA-1 3198282
.75 maker-168510789-augustus-gene-0.39-mRNA-1 3261185
.55 maker-168489523-augustus-gene-0.107-mRNA-1 3208433
.27 augustus_masked-168429253-processed-gene-0.8-mRNA-1 3224455
.18 augustus_masked-168429253-processed-gene-0.8-mRNA-1 3236048
.99 maker-168521783-augustus-gene-0.57-mRNA-1 3260286
.44 maker-168490618-augustus-gene-0.134-mRNA-1 1797433
.43 maker-168549884-augustus-gene-0.59-mRNA-1 3261139
.30 maker-168549884-augustus-gene-0.59-mRNA-1 138010
.99 maker-168155809-augustus-gene-0.19-mRNA-1 3260582
.99 augustus_masked-168577260-processed-gene-0.14-mRNA-1 3261025
.99 maker-168547859-snap-gene-0.17-mRNA-1 3260691
.29 genemark-166972323-processed-gene-0.1-mRNA-1 1260010
.25 genemark-166972323-processed-gene-0.1-mRNA-1 2115118
.39 augustus_masked-167263424-processed-gene-0.2-mRNA-1 1005777
.55 augustus_masked-167263424-processed-gene-0.2-mRNA-1 1005776
.08 maker-168182825-snap-gene-0.21-mRNA-1 1554446
.91 maker-168182825-snap-gene-0.21-mRNA-1 3260335
.99 maker-168427090-snap-gene-0.30-mRNA-1 3261124
.11 snap_masked-168485587-processed-gene-0.22-mRNA-1 3204857
.87 snap_masked-168485587-processed-gene-0.22-mRNA-1 3260612
.37 augustus_masked-166228894-processed-gene-0.0-mRNA-1 555692
.62 augustus_masked-166228894-processed-gene-0.0-mRNA-1 635183
.99 maker-168559574-augustus-gene-0.21-mRNA-1 3187008
.99 maker-168541258-augustus-gene-0.78-mRNA-2 3261020
.99 snap_masked-168532484-processed-gene-0.55-mRNA-1 3260487
.98 snap_masked-167938892-processed-gene-0.3-mRNA-1 3260278
.60 maker-168505376-snap-gene-0.43-mRNA-1 3260796
.99 maker-168530807-snap-gene-0.20-mRNA-1 3261011
.99 maker-167076562-snap-gene-0.4-mRNA-1 3183859
.96 maker-168557275-snap-gene-0.8-mRNA-1 3261151
.99 augustus_masked-168255440-processed-gene-0.2-mRNA-1 3190907
.69 maker-168110384-augustus-gene-0.23-mRNA-1 3261153
.99 augustus_masked-168137349-processed-gene-0.8-mRNA-1 3185027
.99 augustus_masked-168238828-processed-gene-0.19-mRNA-1 3261094
.05 maker-166487505-snap-gene-0.4-mRNA-1 3190201
.94 maker-166487505-snap-gene-0.4-mRNA-1 3188666
.99 augustus_masked-168484298-processed-gene-0.22-mRNA-1 3261035
.99 maker-168436347-augustus-gene-0.23-mRNA-1 3260164
.99 maker-168229575-augustus-gene-0.29-mRNA-1 3260056
.99 augustus_masked-162039724-processed-gene-0.0-mRNA-1 3261164
.99 augustus_masked-161610211-processed-gene-0.0-mRNA-1 3189261
.71 maker-167875243-snap-gene-0.39-mRNA-1 3259990
.19 maker-167875243-snap-gene-0.39-mRNA-1 215474
.12 maker-168488328-augustus-gene-0.40-mRNA-1 257581
.83 maker-168488328-augustus-gene-0.40-mRNA-1 3261190
.50 maker-168567047-snap-gene-0.33-mRNA-1 3186208
.99 maker-168406486-augustus-gene-0.50-mRNA-1 3260654
.99 maker-168074053-snap-gene-0.57-mRNA-1 3260570
.99 maker-167217011-augustus-gene-0.3-mRNA-1 3261121
.99 maker-168515961-snap-gene-0.8-mRNA-1 3260331
.21 maker-168522248-snap-gene-0.96-mRNA-1 3261090
.76 maker-168522248-snap-gene-0.96-mRNA-1 3261090
.99 augustus_masked-166864467-processed-gene-0.1-mRNA-1 3184193
.62 augustus_masked-166864467-processed-gene-0.1-mRNA-1 902383
.98 augustus_masked-168128313-processed-gene-0.5-mRNA-1 3260637
.99 augustus_masked-168105669-processed-gene-0.3-mRNA-1 3260543
.99 maker-168132885-snap-gene-0.18-mRNA-1 3260242
.70 augustus_masked-166962411-processed-gene-0.0-mRNA-1 3195214
.28 augustus_masked-166962411-processed-gene-0.0-mRNA-1 1070987
.98 maker-167992031-augustus-gene-0.4-mRNA-1 3260956
.99 maker-168534737-augustus-gene-0.51-mRNA-1 3260599
.99 maker-168041174-snap-gene-0.13-mRNA-1 3261210
.99 augustus_masked-168577392-processed-gene-1.1-mRNA-1 3182943
.99 maker-168460664-snap-gene-0.11-mRNA-1 3260402
.61 maker-166906437-snap-gene-0.5-mRNA-1 3189485
.27 maker-166906437-snap-gene-0.5-mRNA-1 3185825
.91 maker-167154292-snap-gene-0.5-mRNA-1 3260014
.05 maker-167154292-snap-gene-0.5-mRNA-1 2085006
.99 augustus_masked-168526313-processed-gene-0.3-mRNA-1 3261075
.99 maker-168244960-augustus-gene-0.19-mRNA-1 3261098
.99 maker-168236312-augustus-gene-0.56-mRNA-1 3213123
.99 augustus_masked-168294902-processed-gene-0.4-mRNA-1 3260567
.99 maker-168292697-augustus-gene-0.31-mRNA-2 3260646
.99 augustus_masked-168487520-processed-gene-0.7-mRNA-1 3261013
.70 snap_masked-168304880-processed-gene-0.14-mRNA-1 1087093
.29 snap_masked-168304880-processed-gene-0.14-mRNA-1 3237399
.99 augustus_masked-168310411-processed-gene-0.1-mRNA-1 3260425
.99 maker-167802219-snap-gene-0.7-mRNA-1 3260888
.44 maker-162349542-snap-gene-0.4-mRNA-1 3259955
.47 maker-162349542-snap-gene-0.4-mRNA-1 3260747
.22 maker-162349542-snap-gene-0.4-mRNA-1 3259955
.99 augustus_masked-168470676-processed-gene-0.4-mRNA-1 1200684
.99 maker-168574340-augustus-gene-0.30-mRNA-1 3260769
.17 maker-168018480-snap-gene-0.11-mRNA-1 1317246
.76 maker-168018480-snap-gene-0.11-mRNA-1 3260826
.71 augustus_masked-168389205-processed-gene-0.0-mRNA-1 3182588
.25 augustus_masked-168389205-processed-gene-0.0-mRNA-1 3184325
.21 maker-168428894-augustus-gene-0.29-mRNA-1 3183087
.58 maker-168428894-augustus-gene-0.29-mRNA-1 3182930
.99 maker-166499528-augustus-gene-0.3-mRNA-1 3260052
.99 maker-168574340-augustus-gene-0.30-mRNA-2 3260769
.99 maker-168187459-augustus-gene-0.10-mRNA-1 3260085
.99 snap_masked-168459523-processed-gene-1.52-mRNA-1 3187892
.99 augustus_masked-168417785-processed-gene-0.1-mRNA-1 3260590
.99 maker-168235453-snap-gene-0.48-mRNA-1 3260770
.93 maker-168186745-snap-gene-0.9-mRNA-1 3261171
.99 maker-168458029-snap-gene-0.26-mRNA-1 3260381
.64 maker-168183550-augustus-gene-0.8-mRNA-1 3260775
.15 maker-168183550-augustus-gene-0.8-mRNA-1 3191087
.63 maker-168549085-snap-gene-0.44-mRNA-1 3182464
.99 augustus_masked-166688901-processed-gene-0.1-mRNA-1 3259936
.99 maker-168227771-augustus-gene-3.68-mRNA-1 3259938
.76 maker-168251502-augustus-gene-0.85-mRNA-1 3260160
.12 maker-168251502-augustus-gene-0.85-mRNA-1 2228052
.85 augustus_masked-162706430-processed-gene-0.0-mRNA-1 3261027
.12 augustus_masked-162706430-processed-gene-0.0-mRNA-1 3183491
.05 maker-168238598-snap-gene-0.43-mRNA-1 3198458
.04 maker-168238598-snap-gene-0.43-mRNA-1 3198458
.03 maker-168238598-snap-gene-0.43-mRNA-1 3198458
.73 augustus_masked-168505047-processed-gene-0.1-mRNA-1 3260757
.99 snap_masked-168394011-processed-gene-0.3-mRNA-1 3260094
.44 augustus_masked-166750423-processed-gene-0.0-mRNA-1 863015
.75 maker-168191264-augustus-gene-0.49-mRNA-4 3260365
.09 maker-168191264-augustus-gene-0.49-mRNA-4 1661091
.77 maker-168191264-augustus-gene-0.49-mRNA-2 3260365
.08 maker-168191264-augustus-gene-0.49-mRNA-2 1661091
.13 maker-167801433-snap-gene-0.19-mRNA-1 3210856
.81 maker-167801433-snap-gene-0.19-mRNA-1 3260384
.99 snap_masked-168184024-processed-gene-0.4-mRNA-1 3261115
.99 maker-168093841-augustus-gene-0.20-mRNA-1 3261097
.99 snap_masked-165034132-processed-gene-0.2-mRNA-1 3194688
.99 augustus_masked-168552098-processed-gene-0.1-mRNA-1 3260210
.99 maker-168235548-augustus-gene-0.44-mRNA-1 3260583
.97 maker-166411942-augustus-gene-0.3-mRNA-1 3260645
.99 maker-168182941-snap-gene-0.33-mRNA-1 3184008
.92 augustus_masked-168462753-processed-gene-0.9-mRNA-1 1219672
.34 maker-168191417-augustus-gene-0.50-mRNA-1 3182541
.99 augustus_masked-168186387-processed-gene-0.2-mRNA-1 3261018
.15 augustus_masked-168479037-processed-gene-1.35-mRNA-1 523252
.76 augustus_masked-168479037-processed-gene-1.35-mRNA-1 3183576
.89 augustus_masked-168200041-processed-gene-0.2-mRNA-1 3260700
.10 augustus_masked-168200041-processed-gene-0.2-mRNA-1 386256
.99 maker-168521106-augustus-gene-0.16-mRNA-1 3261181
.27 maker-168544897-snap-gene-0.6-mRNA-1 777459
.22 maker-168544897-snap-gene-0.6-mRNA-1 3188436
.20 maker-168544897-snap-gene-0.6-mRNA-1 670736
.20 maker-168544897-snap-gene-0.6-mRNA-1 739730
.14 maker-168544897-snap-gene-0.6-mRNA-1 890035
.15 maker-168554750-augustus-gene-0.35-mRNA-1 3187692
.84 maker-168554750-augustus-gene-0.35-mRNA-1 3220813
.42 augustus_masked-168234814-processed-gene-0.13-mRNA-1 357535
.18 augustus_masked-168234814-processed-gene-0.13-mRNA-1 3258182
.99 snap_masked-168226548-processed-gene-0.7-mRNA-1 3261154
.99 augustus_masked-168185856-processed-gene-0.13-mRNA-1 3260787
.99 augustus_masked-167827998-processed-gene-0.3-mRNA-1 3260970
.99 maker-168560277-snap-gene-0.55-mRNA-1 3261103
.99 maker-168566950-augustus-gene-0.20-mRNA-1 3260603
.96 maker-168455153-snap-gene-0.75-mRNA-1 3260989
.98 snap_masked-167813745-processed-gene-0.11-mRNA-1 3260535
.99 maker-168577546-snap-gene-1.73-mRNA-1 3261118
.22 augustus_masked-167803951-processed-gene-0.0-mRNA-1 173985
.22 augustus_masked-167803951-processed-gene-0.0-mRNA-1 3183025
.96 augustus_masked-168279481-processed-gene-0.0-mRNA-1 3261005
.03 augustus_masked-168279481-processed-gene-0.0-mRNA-1 3183713
.49 augustus_masked-167816264-processed-gene-0.2-mRNA-1 1395117
.62 augustus_masked-166582141-processed-gene-0.1-mRNA-1 1745182
.52 augustus_masked-167025681-processed-gene-0.0-mRNA-1 881243
.11 augustus_masked-167025681-processed-gene-0.0-mRNA-1 1806014
.99 maker-164972098-snap-gene-0.5-mRNA-1 3183022
.99 maker-168526142-snap-gene-0.29-mRNA-2 3260814
.46 maker-168342357-augustus-gene-0.16-mRNA-1 1212252
.39 maker-168547543-snap-gene-1.73-mRNA-1 3261086
.58 maker-168547543-snap-gene-1.73-mRNA-1 3261086
.99 maker-168461880-snap-gene-0.32-mRNA-1 3260829
.62 maker-168565772-augustus-gene-0.121-mRNA-1 3260065
.13 maker-168565772-augustus-gene-0.121-mRNA-1 2847559
.99 maker-168465459-snap-gene-0.46-mRNA-1 3204439
.61 maker-162760471-augustus-gene-0.4-mRNA-1 882201
.06 maker-162760471-augustus-gene-0.4-mRNA-1 843565
.99 augustus_masked-160417307-processed-gene-0.0-mRNA-1 3210341
.99 snap_masked-168391806-processed-gene-0.50-mRNA-1 3260089
.99 augustus_masked-167990478-processed-gene-0.8-mRNA-1 3191125
.99 augustus_masked-168153506-processed-gene-0.0-mRNA-1 3260440
.99 augustus_masked-168398566-processed-gene-0.7-mRNA-1 3260972
.07 maker-168567703-augustus-gene-0.59-mRNA-1 3185876
.86 maker-168567703-augustus-gene-0.59-mRNA-1 3260647
.99 snap_masked-168280405-processed-gene-0.57-mRNA-1 3260957
.41 maker-168414024-augustus-gene-1.144-mRNA-1 3260281
.74 maker-168446160-snap-gene-0.93-mRNA-1 3260230
.25 maker-168446160-snap-gene-0.93-mRNA-1 3185919
.99 maker-168513271-augustus-gene-0.40-mRNA-1 3260385
.99 augustus_masked-166397571-processed-gene-0.0-mRNA-1 3192537
.17 snap_masked-168267741-processed-gene-0.11-mRNA-1 3220874
.68 snap_masked-168267741-processed-gene-0.11-mRNA-1 588716
.99 augustus_masked-168300702-processed-gene-0.2-mRNA-1 3182994
.99 maker-168236298-augustus-gene-0.46-mRNA-1 3261004
.84 augustus_masked-168558698-processed-gene-0.0-mRNA-1 3260983
.99 maker-168199371-snap-gene-0.62-mRNA-1 3260865
.99 snap_masked-168268917-processed-gene-0.56-mRNA-1 3260863
.56 snap_masked-163976338-processed-gene-0.2-mRNA-1 3014236
.04 augustus_masked-168479045-processed-gene-0.6-mRNA-1 820934
.12 augustus_masked-168479045-processed-gene-0.6-mRNA-1 3186472
.99 augustus_masked-168520352-processed-gene-0.24-mRNA-1 3260948
.31 maker-161312048-augustus-gene-0.3-mRNA-1 1224679
.68 maker-161312048-augustus-gene-0.3-mRNA-1 3260676
.92 augustus_masked-165891326-processed-gene-0.0-mRNA-1 1442943
.06 augustus_masked-165891326-processed-gene-0.0-mRNA-1 1097675
.06 augustus_masked-165891326-processed-gene-0.0-mRNA-1 2360850
.06 augustus_masked-165891326-processed-gene-0.0-mRNA-1 3245256
.05 augustus_masked-165891326-processed-gene-0.0-mRNA-1 1748085
.99 augustus_masked-168551560-processed-gene-0.5-mRNA-1 3261180
.15 maker-168318025-snap-gene-0.26-mRNA-2 3205803
.69 maker-168318025-snap-gene-0.26-mRNA-2 3260042
.99 maker-168450214-augustus-gene-0.96-mRNA-1 3260125
.99 maker-168243023-augustus-gene-0.19-mRNA-1 3261006
.99 maker-168510826-snap-gene-0.82-mRNA-1 3259897
.99 maker-168150385-augustus-gene-0.11-mRNA-1 3261113
.99 maker-167840466-augustus-gene-0.33-mRNA-1 3261144
.99 maker-166604262-augustus-gene-0.7-mRNA-1 3260530
.32 maker-168346191-augustus-gene-0.38-mRNA-1 1002835
.36 maker-168346191-augustus-gene-0.38-mRNA-1 154240
.08 maker-168346191-augustus-gene-0.38-mRNA-1 3182902
.08 maker-168346191-augustus-gene-0.38-mRNA-1 3230916
.86 maker-168235317-augustus-gene-0.17-mRNA-1 3260965
.08 maker-168235317-augustus-gene-0.17-mRNA-1 1392501
.06 maker-168235317-augustus-gene-0.17-mRNA-1 1714158
.75 snap_masked-168446362-processed-gene-0.11-mRNA-1 3185159
.99 maker-168237181-augustus-gene-1.81-mRNA-1 3260373
.22 maker-163659259-augustus-gene-0.3-mRNA-1 3188693
.76 maker-163659259-augustus-gene-0.3-mRNA-1 3260625
.29 maker-168197399-snap-gene-0.23-mRNA-1 3193168
.08 maker-168197399-snap-gene-0.23-mRNA-1 3194311
.99 augustus_masked-168244414-processed-gene-0.4-mRNA-1 3260789
.90 maker-167097925-augustus-gene-0.6-mRNA-2 3260741
.06 maker-167097925-augustus-gene-0.6-mRNA-2 2445584
.99 snap_masked-165775771-processed-gene-0.2-mRNA-1 3260039
.16 snap_masked-168188033-processed-gene-0.65-mRNA-1 1664389
.81 snap_masked-168188033-processed-gene-0.65-mRNA-1 3188300
.99 snap_masked-168471342-processed-gene-0.17-mRNA-1 3261175
.98 maker-168218301-snap-gene-0.36-mRNA-1 3260710
.82 augustus_masked-168234872-processed-gene-0.16-mRNA-1 3184343
.17 augustus_masked-168234872-processed-gene-0.16-mRNA-1 3194943
.99 augustus_masked-168207592-processed-gene-0.8-mRNA-1 3260161
