.42 GQ04005_A06.1_clone=GQ04005_A06_cluster=GQ04005_A06_status=complete_gb=BT118318 3912648
.25 GQ04005_A06.1_clone=GQ04005_A06_cluster=GQ04005_A06_status=complete_gb=BT118318 3824357
.58 GQ02806_E09.2_clone=GQ02806_E09_cluster=GQ02806_E09_status=complete_gb=BT104087 3912990
.24 GQ02806_E09.2_clone=GQ02806_E09_cluster=GQ02806_E09_status=complete_gb=BT104087 438432
.24 GQ02806_E09.2_clone=GQ02806_E09_cluster=GQ02806_E09_status=complete_gb=BT104087 718339
.39 GQ0257_G16.1_clone=GQ0257_G16_cluster=GQ0257_G16_status=complete_gb=BT103570 3913000
.21 GQ0257_G16.1_clone=GQ0257_G16_cluster=GQ0257_G16_status=complete_gb=BT103570 3913000
.46 GQ04005_E03.1_clone=GQ04005_E03_cluster=GQ04005_E03_status=complete_gb=BT118336 3912860
.17 GQ04005_E03.1_clone=GQ04005_E03_cluster=GQ04005_E03_status=complete_gb=BT118336 3165829
.40 GQ03303_C24.1_clone=GQ03303_C24_cluster=GQ03303_C24_status=complete_gb=BT111755 3912788
.23 GQ03917_E17.1_clone=GQ03917_E17_cluster=GQ03917_E17_status=complete_gb=BT117922 3866833
.76 GQ03917_E17.1_clone=GQ03917_E17_cluster=GQ03917_E17_status=complete_gb=BT117922 3912822
.34 GQ03120_J12.4_clone=GQ03120_J12_cluster=GQ03120_J12_status=53 3913077
.07 GQ03120_J12.4_clone=GQ03120_J12_cluster=GQ03120_J12_status=53 1379624
.19 GQ02815_A01.1_clone=GQ02815_A01_cluster=GQ02815_A01_status=complete_gb=BT104784 3819623
.66 GQ02815_A01.1_clone=GQ02815_A01_cluster=GQ02815_A01_status=complete_gb=BT104784 3913077
.44 GQ0175_F02.1_clone=GQ0175_F02_cluster=GQ0175_F02_status=complete_gb=BT102291 3819111
.08 GQ0175_F02.1_clone=GQ0175_F02_cluster=GQ0175_F02_status=complete_gb=BT102291 527277
.81 WS02629_H03.1_clone=WS02629_H03_cluster=WS02629_H03_status=3 3854302
.85 GQ04001_H12.2_clone=GQ04001_H12_cluster=GQ04001_H12_status=5 3912989
.88 GQ02818_M21.1_clone=GQ02818_M21_cluster=GQ02818_M21_status=complete_gb=BT105120 3912940
.24 GQ0257_E05.1_clone=GQ0257_E05_cluster=GQ0257_E05_status=53 3825135
.74 GQ0257_E05.1_clone=GQ0257_E05_cluster=GQ0257_E05_status=53 3819655
.82 GQ03205_K22.2_clone=GQ03205_K22_cluster=GQ03205_K22_status=complete_gb=BT109192 3913012
.07 GQ03205_K22.2_clone=GQ03205_K22_cluster=GQ03205_K22_status=complete_gb=BT109192 3835916
.50 GQ01310_P04.2_clone=GQ01310_P04_cluster=GQ01310_P04_status=complete_gb=BT101693 3912981
.19 GQ01310_P04.2_clone=GQ01310_P04_cluster=GQ01310_P04_status=complete_gb=BT101693 3912981
.43 WS03222_I07.1_clone=WS03222_I07_cluster=WS03222_I07_status=3 3833379
.14 WS03222_I07.1_clone=WS03222_I07_cluster=WS03222_I07_status=3 3823977
.39 GQ03010_L10.1_clone=GQ03010_L10_cluster=GQ03010_L10_status=complete_gb=BT106795 731612
.39 GQ03010_L10.1_clone=GQ03010_L10_cluster=GQ03010_L10_status=complete_gb=BT106795 3822847
.98 GQ03234_L22.1_clone=GQ03234_L22_cluster=GQ03234_L22_status=complete_gb=BT111247 3912577
.15 GQ03226_A10.1_clone=GQ03226_A10_cluster=GQ03226_A10_status=complete_gb=BT110676 678322
.53 GQ03226_A10.1_clone=GQ03226_A10_cluster=GQ03226_A10_status=complete_gb=BT110676 3912478
.46 GQ02905_H22.4_clone=GQ02905_H22_cluster=GQ02905_H22_status=53 3912663
.16 GQ02905_H22.4_clone=GQ02905_H22_cluster=GQ02905_H22_status=53 3913071
.26 GQ0207_O05.1_clone=GQ0207_O05_cluster=GQ0207_O05_status=complete_gb=BT103182 3867654
.72 GQ0207_O05.1_clone=GQ0207_O05_cluster=GQ0207_O05_status=complete_gb=BT103182 3827023
.22 GQ03317_P14.1_clone=GQ03317_P14_cluster=GQ03317_P14_status=complete_gb=BT112586 3860478
.57 GQ03317_P14.1_clone=GQ03317_P14_cluster=GQ03317_P14_status=complete_gb=BT112586 3912592
.19 GQ04107_E23.2_clone=GQ04107_E23_cluster=GQ04107_E23_status=complete_gb=BT119569 3835750
.79 GQ04107_E23.2_clone=GQ04107_E23_cluster=GQ04107_E23_status=complete_gb=BT119569 3913033
.49 GQ03710_E01.1_clone=GQ03710_E01_cluster=GQ03710_E01_status=complete_gb=BT116002 3912984
.34 GQ03710_E01.1_clone=GQ03710_E01_cluster=GQ03710_E01_status=complete_gb=BT116002 1442793
.42 GQ03212_A12.1_clone=GQ03212_A12_cluster=GQ03212_A12_status=complete_gb=BT109750 3912755
.19 GQ03212_A12.1_clone=GQ03212_A12_cluster=GQ03212_A12_status=complete_gb=BT109750 576974
.14 GQ03212_A12.1_clone=GQ03212_A12_cluster=GQ03212_A12_status=complete_gb=BT109750 3896759
.18 GQ04013_J19.4_clone=GQ04013_J19_cluster=GQ04013_J19_status=complete_gb=BT119031 3823863
.70 GQ04013_J19.4_clone=GQ04013_J19_cluster=GQ04013_J19_status=complete_gb=BT119031 3913045
.45 WS0076_H08.1_clone=WS0076_H08_cluster=WS0076_H08_status=3 956701
.32 WS0076_H08.1_clone=WS0076_H08_cluster=WS0076_H08_status=3 934003
.29 WS0076_H08.1_clone=WS0076_H08_cluster=WS0076_H08_status=3 1584602
.30 WS0076_H08.1_clone=WS0076_H08_cluster=WS0076_H08_status=3 331325
.30 WS0076_H08.1_clone=WS0076_H08_cluster=WS0076_H08_status=3 1759141
.34 GQ03812_G05.1_clone=GQ03812_G05_cluster=GQ03812_G05_status=complete_gb=BT117079 3912612
.17 GQ03812_G05.1_clone=GQ03812_G05_cluster=GQ03812_G05_status=complete_gb=BT117079 597744
.67 GQ03308_G17.1_clone=GQ03308_G17_cluster=GQ03308_G17_status=complete_gb=BT111977 3912831
.99 GQ03904_P15.1_clone=GQ03904_P15_cluster=GQ03904_P15_status=complete_gb=BT117611 3912966
.11 GQ03235_P24.1_clone=GQ03235_P24_cluster=GQ03235_P24_status=complete_gb=BT111320 1601182
.35 GQ03235_P24.1_clone=GQ03235_P24_cluster=GQ03235_P24_status=complete_gb=BT111320 3829984
.20 GQ0024_C18.1_clone=GQ0024_C18_cluster=GQ0024_C18_status=3 3830526
.67 GQ0024_C18.1_clone=GQ0024_C18_cluster=GQ0024_C18_status=3 3913044
.37 GQ0065_I10.1_clone=GQ0065_I10_cluster=GQ0065_I10_status=complete_gb=BT101043 1602903
.31 GQ0065_I10.1_clone=GQ0065_I10_cluster=GQ0065_I10_status=complete_gb=BT101043 3866938
.37 GQ03234_M12.1_clone=GQ03234_M12_cluster=GQ03234_M12_status=complete_gb=BT111250 1322986
.22 GQ03234_M12.1_clone=GQ03234_M12_cluster=GQ03234_M12_status=complete_gb=BT111250 3912541
.33 GQ03312_B23.1_clone=GQ03312_B23_cluster=GQ03312_B23_status=complete_gb=BT112214 3912710
.83 GQ03519_K15.1_clone=GQ03519_K15_cluster=GQ03519_K15_status=complete_gb=BT114707 3912992
.66 GQ02810_I06.1_clone=GQ02810_I06_cluster=GQ02810_I06_status=complete_gb=BT104449 3912808
.53 GQ03717_K05.1_clone=GQ03717_K05_cluster=GQ03717_K05_status=complete_gb=BT116379 3818524
.48 GQ03717_K05.1_clone=GQ03717_K05_cluster=GQ03717_K05_status=complete_gb=BT116379 3834597
.25 GQ03717_K05.1_clone=GQ03717_K05_cluster=GQ03717_K05_status=complete_gb=BT116379 842785
.16 GQ03717_K05.1_clone=GQ03717_K05_cluster=GQ03717_K05_status=complete_gb=BT116379 3867469
.24 GQ03701_M18.1_clone=GQ03701_M18_cluster=GQ03701_M18_status=complete_gb=BT115571 3822068
.22 GQ03701_M18.1_clone=GQ03701_M18_cluster=GQ03701_M18_status=complete_gb=BT115571 1488574
.22 GQ04013_F15.1_clone=GQ04013_F15_cluster=GQ04013_F15_status=complete_gb=BT119011 3912907
.31 GQ03326_H15.1_clone=GQ03326_H15_cluster=GQ03326_H15_status=complete_gb=BT113158 3912508
.31 GQ03204_F21.1_clone=GQ03204_F21_cluster=GQ03204_F21_status=complete_gb=BT109075 3912809
.26 GQ03204_F21.1_clone=GQ03204_F21_cluster=GQ03204_F21_status=complete_gb=BT109075 3852191
.34 GQ03228_F20.1_clone=GQ03228_F20_cluster=GQ03228_F20_status=complete_gb=BT110815 3823858
.26 GQ03228_F20.1_clone=GQ03228_F20_cluster=GQ03228_F20_status=complete_gb=BT110815 3826358
.16 GQ03228_F20.1_clone=GQ03228_F20_cluster=GQ03228_F20_status=complete_gb=BT110815 3831322
.11 GQ03228_F20.1_clone=GQ03228_F20_cluster=GQ03228_F20_status=complete_gb=BT110815 3820478
.51 GQ03222_L11.1_clone=GQ03222_L11_cluster=GQ03222_L11_status=complete_gb=BT110506 3820298
.24 GQ04010_P23.1_clone=GQ04010_P23_cluster=GQ04010_P23_status=complete_gb=BT118851 335366
.72 GQ04010_P23.1_clone=GQ04010_P23_cluster=GQ04010_P23_status=complete_gb=BT118851 3912511
.81 GQ03709_G17.1_clone=GQ03709_G17_cluster=GQ03709_G17_status=complete_gb=BT115955 3913018
.24 GQ0208_N13.1_clone=GQ0208_N13_cluster=GQ0208_N13_status=complete_gb=BT103222 3826823
.25 GQ0208_N13.1_clone=GQ0208_N13_cluster=GQ0208_N13_status=complete_gb=BT103222 3822530
.72 GQ03309_C07.1_clone=GQ03309_C07_cluster=GQ03309_C07_status=complete_gb=BT112043 3912649
.65 GQ0183_H04.1_clone=GQ0183_H04_cluster=GQ0183_H04_status=complete_gb=BT102374 3913040
.86 GQ03703_P19.1_clone=GQ03703_P19_cluster=GQ03703_P19_status=complete_gb=BT115663 3913037
.59 GQ04013_H18.1_clone=GQ04013_H18_cluster=GQ04013_H18_status=complete_gb=BT119019 3912834
.40 GQ02817_N05.1_clone=GQ02817_N05_cluster=GQ02817_N05_status=complete_gb=BT105032 3819104
.31 GQ02817_N05.1_clone=GQ02817_N05_cluster=GQ02817_N05_status=complete_gb=BT105032 1015994
.24 GQ02817_N05.1_clone=GQ02817_N05_cluster=GQ02817_N05_status=complete_gb=BT105032 3828755
.62 GQ03205_L14.2_clone=GQ03205_L14_cluster=GQ03205_L14_status=complete_gb=BT109195 3912917
.57 GQ03320_P06.1_clone=GQ03320_P06_cluster=GQ03320_P06_status=complete_gb=BT112785 3913056
.10 GQ03320_P06.1_clone=GQ03320_P06_cluster=GQ03320_P06_status=complete_gb=BT112785 1478656
.10 GQ03320_P06.1_clone=GQ03320_P06_cluster=GQ03320_P06_status=complete_gb=BT112785 3823211
.97 GQ0205_L12.1_clone=GQ0205_L12_cluster=GQ0205_L12_status=complete_gb=BT103050 3913085
.26 GQ03206_P24.2_clone=GQ03206_P24_cluster=GQ03206_P24_status=complete_gb=BT109311 3845697
.73 GQ03206_P24.2_clone=GQ03206_P24_cluster=GQ03206_P24_status=complete_gb=BT109311 3912728
.40 GQ03613_F09.1_clone=GQ03613_F09_cluster=GQ03613_F09_status=complete_gb=BT115280 3830071
.31 GQ03613_F09.1_clone=GQ03613_F09_cluster=GQ03613_F09_status=complete_gb=BT115280 603768
.24 GQ0207_O20.1_clone=GQ0207_O20_cluster=GQ0207_O20_status=complete_gb=BT103185 3912571
.23 GQ0207_O20.1_clone=GQ0207_O20_cluster=GQ0207_O20_status=complete_gb=BT103185 3829419
.18 GQ0207_O20.1_clone=GQ0207_O20_cluster=GQ0207_O20_status=complete_gb=BT103185 933265
.17 GQ0207_O20.1_clone=GQ0207_O20_cluster=GQ0207_O20_status=complete_gb=BT103185 1152274
.64 GQ02812_E23.1_clone=GQ02812_E23_cluster=GQ02812_E23_status=complete_gb=BT104596 3912804
.25 GQ02812_E23.1_clone=GQ02812_E23_cluster=GQ02812_E23_status=complete_gb=BT104596 3821081
.24 GQ02812_E23.1_clone=GQ02812_E23_cluster=GQ02812_E23_status=complete_gb=BT104596 3871925
.86 GQ02830_G16.1_clone=GQ02830_G16_cluster=GQ02830_G16_status=complete_gb=BT105949 3912985
.22 GQ03812_P01.1_clone=GQ03812_P01_cluster=GQ03812_P01_status=complete_gb=BT117106 3878453
.21 GQ03812_P01.1_clone=GQ03812_P01_cluster=GQ03812_P01_status=complete_gb=BT117106 2387285
.10 GQ04108_N16.1_clone=GQ04108_N16_cluster=GQ04108_N16_status=complete_gb=BT119693 3820671
.89 GQ04108_N16.1_clone=GQ04108_N16_cluster=GQ04108_N16_status=complete_gb=BT119693 3912482
.22 GQ04102_G07.1_clone=GQ04102_G07_cluster=GQ04102_G07_status=complete_gb=BT119179 3912812
.73 GQ03102_L12.2_clone=GQ03102_L12_cluster=GQ03102_L12_status=53 3913065
.05 GQ03102_L12.2_clone=GQ03102_L12_cluster=GQ03102_L12_status=53 3913065
.49 GQ03104_E06.2_clone=GQ03104_E06_cluster=GQ03104_E06_status=complete_gb=BT107201 3912680
.34 GQ03104_E06.2_clone=GQ03104_E06_cluster=GQ03104_E06_status=complete_gb=BT107201 3841589
.34 GQ03104_E06.2_clone=GQ03104_E06_cluster=GQ03104_E06_status=complete_gb=BT107201 917001
.14 GQ03104_E06.2_clone=GQ03104_E06_cluster=GQ03104_E06_status=complete_gb=BT107201 2039752
.08 GQ03104_E06.2_clone=GQ03104_E06_cluster=GQ03104_E06_status=complete_gb=BT107201 3826881
.29 GQ03207_K02.1_clone=GQ03207_K02_cluster=GQ03207_K02_status=complete_gb=BT109364 3823147
.38 GQ03815_M02.1_clone=GQ03815_M02_cluster=GQ03815_M02_status=complete_gb=BT117243 3913053
.19 GQ03815_M02.1_clone=GQ03815_M02_cluster=GQ03815_M02_status=complete_gb=BT117243 3913053
.35 GQ03216_L12.1_clone=GQ03216_L12_cluster=GQ03216_L12_status=complete_gb=BT110125 3828291
.15 GQ03216_L12.1_clone=GQ03216_L12_cluster=GQ03216_L12_status=complete_gb=BT110125 530491
.11 GQ03216_L12.1_clone=GQ03216_L12_cluster=GQ03216_L12_status=complete_gb=BT110125 1008408
.10 GQ03216_L12.1_clone=GQ03216_L12_cluster=GQ03216_L12_status=complete_gb=BT110125 3890597
.09 GQ03216_L12.1_clone=GQ03216_L12_cluster=GQ03216_L12_status=complete_gb=BT110125 1324795
.52 GQ04108_C23.1_clone=GQ04108_C23_cluster=GQ04108_C23_status=complete_gb=BT119645 3824327
.86 GQ01308_A17.1_clone=GQ01308_A17_cluster=GQ01308_A17_status=complete_gb=BT101580 3913093
.12 GQ03233_G06.1_clone=GQ03233_G06_cluster=GQ03233_G06_status=complete_gb=BT111147 692454
.28 GQ03233_G06.1_clone=GQ03233_G06_cluster=GQ03233_G06_status=complete_gb=BT111147 3822756
.32 GQ03220_G12.1_clone=GQ03220_G12_cluster=GQ03220_G12_status=complete_gb=BT110351 3912777
.31 GQ04007_C21.1_clone=GQ04007_C21_cluster=GQ04007_C21_status=complete_gb=BT118512 3830004
.22 GQ04007_C21.1_clone=GQ04007_C21_cluster=GQ04007_C21_status=complete_gb=BT118512 791530
.19 GQ04007_C21.1_clone=GQ04007_C21_cluster=GQ04007_C21_status=complete_gb=BT118512 3820693
.68 GQ03304_J02.1_clone=GQ03304_J02_cluster=GQ03304_J02_status=complete_gb=BT111862 3823773
.20 GQ03304_J02.1_clone=GQ03304_J02_cluster=GQ03304_J02_status=complete_gb=BT111862 3823696
.73 GQ03815_E03.1_clone=GQ03815_E03_cluster=GQ03815_E03_status=complete_gb=BT117225 3828687
.14 GQ03815_E03.1_clone=GQ03815_E03_cluster=GQ03815_E03_status=complete_gb=BT117225 3396059
.80 GQ03120_F03.2_clone=GQ03120_F03_cluster=GQ03120_F03_status=complete_gb=BT108337 3912762
.63 GQ03717_I09.1_clone=GQ03717_I09_cluster=GQ03717_I09_status=complete_gb=BT116372 3913090
.12 GQ03717_I09.1_clone=GQ03717_I09_cluster=GQ03717_I09_status=complete_gb=BT116372 3866709
.01 GQ03717_I09.1_clone=GQ03717_I09_cluster=GQ03717_I09_status=complete_gb=BT116372 1012684
.19 GQ02510_D02.1_clone=GQ02510_D02_cluster=GQ02510_D02_status=53 3854515
.12 GQ02510_D02.1_clone=GQ02510_D02_cluster=GQ02510_D02_status=53 798436
.52 GQ04011_C03.4_clone=GQ04011_C03_cluster=GQ04011_C03_status=complete_gb=BT118861 3829132
.22 GQ04011_C03.4_clone=GQ04011_C03_cluster=GQ04011_C03_status=complete_gb=BT118861 1103025
.58 GQ0192_A09.1_clone=GQ0192_A09_cluster=GQ0192_A09_status=complete_gb=BT102421 623993
.47 GQ0192_A09.1_clone=GQ0192_A09_cluster=GQ0192_A09_status=complete_gb=BT102421 3824028
.37 GQ0192_A09.1_clone=GQ0192_A09_cluster=GQ0192_A09_status=complete_gb=BT102421 822491
.32 GQ0192_A09.1_clone=GQ0192_A09_cluster=GQ0192_A09_status=complete_gb=BT102421 1385428
.47 GQ0192_A09.1_clone=GQ0192_A09_cluster=GQ0192_A09_status=complete_gb=BT102421 1570607
.99 GQ03207_B15.4_clone=GQ03207_B15_cluster=GQ03207_B15_status=complete_gb=BT109321 3913031
.99 GQ03237_M15.1_clone=GQ03237_M15_cluster=GQ03237_M15_status=complete_gb=BT111444 3913066
.94 GQ02903_G15.1_clone=GQ02903_G15_cluster=GQ02903_G15_status=complete_gb=BT106122 3913074
.42 GQ03901_M22.1_clone=GQ03901_M22_cluster=GQ03901_M22_status=complete_gb=BT117507 3825297
.08 GQ03901_M22.1_clone=GQ03901_M22_cluster=GQ03901_M22_status=complete_gb=BT117507 3884169
.48 GQ03002_H03.4_clone=GQ03002_H03_cluster=GQ03002_H03_status=53 3912524
.45 GQ03002_H03.4_clone=GQ03002_H03_cluster=GQ03002_H03_status=53 3912524
.35 GQ03236_A12.2_clone=GQ03236_A12_cluster=GQ03236_A12_status=complete_gb=BT111324 3913043
.14 GQ03236_A12.2_clone=GQ03236_A12_cluster=GQ03236_A12_status=complete_gb=BT111324 3913043
.38 GQ03519_N09.1_clone=GQ03519_N09_cluster=GQ03519_N09_status=complete_gb=BT114718 160957
.37 GQ03519_N09.1_clone=GQ03519_N09_cluster=GQ03519_N09_status=complete_gb=BT114718 3828937
.34 GQ03519_N09.1_clone=GQ03519_N09_cluster=GQ03519_N09_status=complete_gb=BT114718 752957
.18 GQ03519_N09.1_clone=GQ03519_N09_cluster=GQ03519_N09_status=complete_gb=BT114718 1404448
.16 GQ03519_N09.1_clone=GQ03519_N09_cluster=GQ03519_N09_status=complete_gb=BT114718 3838961
.90 GQ03117_E13.1_clone=GQ03117_E13_cluster=GQ03117_E13_status=complete_gb=BT108134 3912991
.48 GQ03211_F24.1_clone=GQ03211_F24_cluster=GQ03211_F24_status=complete_gb=BT109678 3856770
.77 GQ03109_L23.1_clone=GQ03109_L23_cluster=GQ03109_L23_status=complete_gb=BT107587 3912791
.25 GQ03919_J17.3_clone=GQ03919_J17_cluster=GQ03919_J17_status=complete_gb=BT117985 3913029
.19 GQ03919_J17.3_clone=GQ03919_J17_cluster=GQ03919_J17_status=complete_gb=BT117985 3913029
.75 GQ04106_A24.1_clone=GQ04106_A24_cluster=GQ04106_A24_status=complete_gb=BT119466 3912666
.30 WS00726_P03.1_clone=WS00726_P03_cluster=WS00726_P03_status=3 3912698
.30 WS00726_P03.1_clone=WS00726_P03_cluster=WS00726_P03_status=3 1379962
.91 GQ03814_D13.1_clone=GQ03814_D13_cluster=GQ03814_D13_status=complete_gb=BT117169 3913004
.70 GQ03217_G17.1_clone=GQ03217_G17_cluster=GQ03217_G17_status=complete_gb=BT110169 3912468
.11 GQ03217_G17.1_clone=GQ03217_G17_cluster=GQ03217_G17_status=complete_gb=BT110169 1434612
.11 GQ03217_G17.1_clone=GQ03217_G17_cluster=GQ03217_G17_status=complete_gb=BT110169 586066
.04 GQ03217_G17.1_clone=GQ03217_G17_cluster=GQ03217_G17_status=complete_gb=BT110169 3819662
.99 GQ02824_L09.3_clone=GQ02824_L09_cluster=GQ02824_L09_status=complete_gb=BT105582 3912930
.79 GQ03212_K11.1_clone=GQ03212_K11_cluster=GQ03212_K11_status=complete_gb=BT109811 3913076
.62 GQ04105_F05.1_clone=GQ04105_F05_cluster=GQ04105_F05_status=complete_gb=BT119412 3912859
.95 GQ02813_I09.1_clone=GQ02813_I09_cluster=GQ02813_I09_status=complete_gb=BT104686 3912975
.04 GQ02813_I09.1_clone=GQ02813_I09_cluster=GQ02813_I09_status=complete_gb=BT104686 3817914
.72 GQ03219_H18.1_clone=GQ03219_H18_cluster=GQ03219_H18_status=complete_gb=BT110298 3912681
.13 GQ03219_H18.1_clone=GQ03219_H18_cluster=GQ03219_H18_status=complete_gb=BT110298 1774442
.37 GQ03718_J08.1_clone=GQ03718_J08_cluster=GQ03718_J08_status=complete_gb=BT116429 3913092
.10 GQ03718_J08.1_clone=GQ03718_J08_cluster=GQ03718_J08_status=complete_gb=BT116429 3847372
.25 GQ03718_J08.1_clone=GQ03718_J08_cluster=GQ03718_J08_status=complete_gb=BT116429 3913092
.71 GQ02810_L02.1_clone=GQ02810_L02_cluster=GQ02810_L02_status=complete_gb=BT104469 3912758
.25 GQ02810_L02.1_clone=GQ02810_L02_cluster=GQ02810_L02_status=complete_gb=BT104469 3824887
.09 GQ0205_G19.1_clone=GQ0205_G19_cluster=GQ0205_G19_status=complete_gb=BT103038 3855609
.87 GQ0205_G19.1_clone=GQ0205_G19_cluster=GQ0205_G19_status=complete_gb=BT103038 3913067
.37 GQ02820_M23.1_clone=GQ02820_M23_cluster=GQ02820_M23_status=complete_gb=BT105314 3912824
.23 GQ02820_M23.1_clone=GQ02820_M23_cluster=GQ02820_M23_status=complete_gb=BT105314 3826610
.83 WS03213_B08.1_clone=WS03213_B08_cluster=WS03213_B08_status=3 3875270
.58 GQ03519_M18.1_clone=GQ03519_M18_cluster=GQ03519_M18_status=complete_gb=BT114715 3913075
.70 GQ02804_D19.1_clone=GQ02804_D19_cluster=GQ02804_D19_status=complete_gb=BT103927 3912977
.16 GQ02804_D19.1_clone=GQ02804_D19_cluster=GQ02804_D19_status=complete_gb=BT103927 3133267
.24 GQ0256_L20.1_clone=GQ0256_L20_cluster=GQ0256_L20_status=complete_gb=BT103554 3819208
.64 GQ0256_L20.1_clone=GQ0256_L20_cluster=GQ0256_L20_status=complete_gb=BT103554 3912379
.37 GQ03911_C08.1_clone=GQ03911_C08_cluster=GQ03911_C08_status=complete_gb=BT117755 3912711
.33 GQ03911_C08.1_clone=GQ03911_C08_cluster=GQ03911_C08_status=complete_gb=BT117755 3830312
.25 GQ03911_C08.1_clone=GQ03911_C08_cluster=GQ03911_C08_status=complete_gb=BT117755 3898235
.27 GQ0132_H22.1_clone=GQ0132_H22_cluster=GQ0132_H22_status=complete_gb=BT101889 671204
.38 GQ0132_H22.1_clone=GQ0132_H22_cluster=GQ0132_H22_status=complete_gb=BT101889 3824627
.28 GQ03101_F15.1_clone=GQ03101_F15_cluster=GQ03101_F15_status=complete_gb=BT106974 975467
.29 GQ03101_F15.1_clone=GQ03101_F15_cluster=GQ03101_F15_status=complete_gb=BT106974 1462233
.26 GQ03101_F15.1_clone=GQ03101_F15_cluster=GQ03101_F15_status=complete_gb=BT106974 437696
.21 GQ03101_F15.1_clone=GQ03101_F15_cluster=GQ03101_F15_status=complete_gb=BT106974 1164748
.78 GQ04003_C23.2_clone=GQ04003_C23_cluster=GQ04003_C23_status=complete_gb=BT118167 3912882
.19 GQ04102_C19.1_clone=GQ04102_C19_cluster=GQ04102_C19_status=complete_gb=BT119163 1308582
.14 GQ04102_C19.1_clone=GQ04102_C19_cluster=GQ04102_C19_status=complete_gb=BT119163 765443
.79 GQ03109_F20.1_clone=GQ03109_F20_cluster=GQ03109_F20_status=complete_gb=BT107565 3913089
.12 GQ03322_N01.1_clone=GQ03322_N01_cluster=GQ03322_N01_status=complete_gb=BT112924 3819609
.72 GQ03322_N01.1_clone=GQ03322_N01_cluster=GQ03322_N01_status=complete_gb=BT112924 3913050
.24 GQ03237_L23.1_clone=GQ03237_L23_cluster=GQ03237_L23_status=complete_gb=BT111440 3913034
.18 GQ03237_L23.1_clone=GQ03237_L23_cluster=GQ03237_L23_status=complete_gb=BT111440 1218702
.38 GQ03914_H04.3_clone=GQ03914_H04_cluster=GQ03914_H04_status=53 3912918
.26 GQ03914_H04.3_clone=GQ03914_H04_cluster=GQ03914_H04_status=53 628438
.14 GQ03914_H04.3_clone=GQ03914_H04_cluster=GQ03914_H04_status=53 761815
.11 GQ03914_H04.3_clone=GQ03914_H04_cluster=GQ03914_H04_status=53 3846482
.18 GQ03914_H04.3_clone=GQ03914_H04_cluster=GQ03914_H04_status=53 3830638
.53 GQ03310_B15.1_clone=GQ03310_B15_cluster=GQ03310_B15_status=complete_gb=BT112106 3820400
.29 GQ04103_B02.1_clone=GQ04103_B02_cluster=GQ04103_B02_status=complete_gb=BT119242 3825143
.41 GQ02801_N08.2_clone=GQ02801_N08_cluster=GQ02801_N08_status=5 3912735
.06 GQ02801_N08.2_clone=GQ02801_N08_cluster=GQ02801_N08_status=5 1197596
.06 GQ02801_N08.2_clone=GQ02801_N08_cluster=GQ02801_N08_status=5 848051
.05 GQ02801_N08.2_clone=GQ02801_N08_cluster=GQ02801_N08_status=5 331640
.05 GQ02801_N08.2_clone=GQ02801_N08_cluster=GQ02801_N08_status=5 3847176
.86 GQ02813_K08.1_clone=GQ02813_K08_cluster=GQ02813_K08_status=complete_gb=BT104699 3912771
.12 GQ02813_K08.1_clone=GQ02813_K08_cluster=GQ02813_K08_status=complete_gb=BT104699 1184110
.84 GQ03207_L03.1_clone=GQ03207_L03_cluster=GQ03207_L03_status=complete_gb=BT109372 3912719
.57 GQ03714_M24.1_clone=GQ03714_M24_cluster=GQ03714_M24_status=complete_gb=BT116259 3912566
.99 GQ03310_B21.2_clone=GQ03310_B21_cluster=GQ03310_B21_status=complete_gb=BT112108 3913021
.29 GQ03116_F07.1_clone=GQ03116_F07_cluster=GQ03116_F07_status=complete_gb=BT108055 721754
.29 GQ03116_F07.1_clone=GQ03116_F07_cluster=GQ03116_F07_status=complete_gb=BT108055 117146
.26 GQ03116_F07.1_clone=GQ03116_F07_cluster=GQ03116_F07_status=complete_gb=BT108055 721755
.26 GQ03116_F07.1_clone=GQ03116_F07_cluster=GQ03116_F07_status=complete_gb=BT108055 3818053
.17 GQ03116_F07.1_clone=GQ03116_F07_cluster=GQ03116_F07_status=complete_gb=BT108055 3875325
.57 GQ0203_M18.1_clone=GQ0203_M18_cluster=GQ0203_M18_status=complete_gb=BT102946 3913005
.29 GQ0203_M18.1_clone=GQ0203_M18_cluster=GQ0203_M18_status=complete_gb=BT102946 563226
.29 GQ0203_M18.1_clone=GQ0203_M18_cluster=GQ0203_M18_status=complete_gb=BT102946 3849399
.80 GQ02907_D03.2_clone=GQ02907_D03_cluster=GQ02907_D03_status=complete_gb=BT106319 3913097
.09 GQ02907_D03.2_clone=GQ02907_D03_cluster=GQ02907_D03_status=complete_gb=BT106319 1916851
.60 GQ04002_A24.1_clone=GQ04002_A24_cluster=GQ04002_A24_status=complete_gb=BT118076 3867461
.30 GQ04002_A24.1_clone=GQ04002_A24_cluster=GQ04002_A24_status=complete_gb=BT118076 424821
.62 GQ04113_C06.1_clone=GQ04113_C06_cluster=GQ04113_C06_status=complete_gb=BT119959 3896733
.36 GQ04113_C06.1_clone=GQ04113_C06_cluster=GQ04113_C06_status=complete_gb=BT119959 2102005
.19 GQ04013_L18.1_clone=GQ04013_L18_cluster=GQ04013_L18_status=complete_gb=BT119042 1650252
.64 GQ04013_L18.1_clone=GQ04013_L18_cluster=GQ04013_L18_status=complete_gb=BT119042 3822340
.09 GQ02828_N23.2_clone=GQ02828_N23_cluster=GQ02828_N23_status=complete_gb=BT105815 2295986
.89 GQ02828_N23.2_clone=GQ02828_N23_cluster=GQ02828_N23_status=complete_gb=BT105815 3912747
.28 WS00723_H01.1_clone=WS00723_H01_cluster=WS00723_H01_status=3 3912406
.27 GQ03507_B11.1_clone=GQ03507_B11_cluster=GQ03507_B11_status=complete_gb=BT114051 3912972
.11 GQ03507_B11.1_clone=GQ03507_B11_cluster=GQ03507_B11_status=complete_gb=BT114051 955227
.08 GQ03507_B11.1_clone=GQ03507_B11_cluster=GQ03507_B11_status=complete_gb=BT114051 1610393
.27 GQ03202_A05.1_clone=GQ03202_A05_cluster=GQ03202_A05_status=complete_gb=BT108875 3878809
.09 GQ03518_I24.1_clone=GQ03518_I24_cluster=GQ03518_I24_status=complete_gb=BT114650 3849185
.10 GQ03518_I24.1_clone=GQ03518_I24_cluster=GQ03518_I24_status=complete_gb=BT114650 2070825
.68 GQ03518_I24.1_clone=GQ03518_I24_cluster=GQ03518_I24_status=complete_gb=BT114650 3913083
.88 GQ02806_O06.4_clone=GQ02806_O06_cluster=GQ02806_O06_status=complete_gb=BT104143 3913039
.31 GQ0206_E11.1_clone=GQ0206_E11_cluster=GQ0206_E11_status=complete_gb=BT103082 3912470
.11 GQ0206_E11.1_clone=GQ0206_E11_cluster=GQ0206_E11_status=complete_gb=BT103082 672201
.13 GQ03902_O03.1_clone=GQ03902_O03_cluster=GQ03902_O03_status=complete_gb=BT117547 3820177
.37 GQ03902_O03.1_clone=GQ03902_O03_cluster=GQ03902_O03_status=complete_gb=BT117547 3913047
.47 GQ0011_N04.1_clone=GQ0011_N04_cluster=GQ0011_N04_status=complete_gb=BT100367 3913001
.46 GQ0011_N04.1_clone=GQ0011_N04_cluster=GQ0011_N04_status=complete_gb=BT100367 3913001
.66 GQ03818_G16.1_clone=GQ03818_G16_cluster=GQ03818_G16_status=complete_gb=BT117388 3912852
.10 GQ03818_G16.1_clone=GQ03818_G16_cluster=GQ03818_G16_status=complete_gb=BT117388 3718864
.21 GQ02806_I02.1_clone=GQ02806_I02_cluster=GQ02806_I02_status=complete_gb=BT104106 3824900
.12 GQ02806_I02.1_clone=GQ02806_I02_cluster=GQ02806_I02_status=complete_gb=BT104106 3826753
.18 GQ03213_J04.1_clone=GQ03213_J04_cluster=GQ03213_J04_status=complete_gb=BT109905 1261892
.81 GQ03213_J04.1_clone=GQ03213_J04_cluster=GQ03213_J04_status=complete_gb=BT109905 3913052
.68 GQ03104_G09.2_clone=GQ03104_G09_cluster=GQ03104_G09_status=complete_gb=BT107207 3912683
.10 GQ03104_G09.2_clone=GQ03104_G09_cluster=GQ03104_G09_status=complete_gb=BT107207 2778234
.88 GQ03705_D22.1_clone=GQ03705_D22_cluster=GQ03705_D22_status=complete_gb=BT115732 3855152
.03 GQ03705_D22.1_clone=GQ03705_D22_cluster=GQ03705_D22_status=complete_gb=BT115732 3855152
.38 GQ02821_M18.1_clone=GQ02821_M18_cluster=GQ02821_M18_status=complete_gb=BT105385 3913058
.20 GQ02821_M18.1_clone=GQ02821_M18_cluster=GQ02821_M18_status=complete_gb=BT105385 407201
.09 GQ02821_M18.1_clone=GQ02821_M18_cluster=GQ02821_M18_status=complete_gb=BT105385 3913058
.22 GQ02811_F09.1_clone=GQ02811_F09_cluster=GQ02811_F09_status=complete_gb=BT104516 793653
.22 GQ02811_F09.1_clone=GQ02811_F09_cluster=GQ02811_F09_status=complete_gb=BT104516 404864
.21 GQ02811_F09.1_clone=GQ02811_F09_cluster=GQ02811_F09_status=complete_gb=BT104516 1288674
.23 GQ02811_F09.1_clone=GQ02811_F09_cluster=GQ02811_F09_status=complete_gb=BT104516 3856586
.15 GQ02811_F09.1_clone=GQ02811_F09_cluster=GQ02811_F09_status=complete_gb=BT104516 2009625
.02 GQ03318_E20.2_clone=GQ03318_E20_cluster=GQ03318_E20_status=complete_gb=BT112604 1680454
.02 GQ03318_E20.2_clone=GQ03318_E20_cluster=GQ03318_E20_status=complete_gb=BT112604 383375
.49 GQ03806_P15.1_clone=GQ03806_P15_cluster=GQ03806_P15_status=complete_gb=BT116799 3826168
.36 GQ03806_P15.1_clone=GQ03806_P15_cluster=GQ03806_P15_status=complete_gb=BT116799 753280
.45 GQ03007_M10.1_clone=GQ03007_M10_cluster=GQ03007_M10_status=complete_gb=BT106675 3826023
.25 GQ03007_M10.1_clone=GQ03007_M10_cluster=GQ03007_M10_status=complete_gb=BT106675 905036
.51 GQ03718_O21.2_clone=GQ03718_O21_cluster=GQ03718_O21_status=5 3913009
.12 GQ03718_O21.2_clone=GQ03718_O21_cluster=GQ03718_O21_status=5 3846070
.47 GQ03228_K03.1_clone=GQ03228_K03_cluster=GQ03228_K03_status=complete_gb=BT110836 3820136
.28 GQ03228_K03.1_clone=GQ03228_K03_cluster=GQ03228_K03_status=complete_gb=BT110836 3912391
.24 GQ03228_K03.1_clone=GQ03228_K03_cluster=GQ03228_K03_status=complete_gb=BT110836 1602067
.19 GQ03228_K03.1_clone=GQ03228_K03_cluster=GQ03228_K03_status=complete_gb=BT110836 3839666
.15 GQ03228_K03.1_clone=GQ03228_K03_cluster=GQ03228_K03_status=complete_gb=BT110836 1931374
.76 GQ03204_O20.1_clone=GQ03204_O20_cluster=GQ03204_O20_status=complete_gb=BT109121 3913032
.11 GQ03204_O20.1_clone=GQ03204_O20_cluster=GQ03204_O20_status=complete_gb=BT109121 1737721
.14 GQ03812_F21.1_clone=GQ03812_F21_cluster=GQ03812_F21_status=complete_gb=BT117078 1267565
.85 GQ03812_F21.1_clone=GQ03812_F21_cluster=GQ03812_F21_status=complete_gb=BT117078 3869414
.97 GQ04013_L14.1_clone=GQ04013_L14_cluster=GQ04013_L14_status=complete_gb=BT119040 3913013
.81 GQ0068_I16.1_clone=GQ0068_I16_cluster=GQ0068_I16_status=complete_gb=BT101134 3860383
.18 GQ0068_I16.1_clone=GQ0068_I16_cluster=GQ0068_I16_status=complete_gb=BT101134 3860383
.67 GQ03233_O10.1_clone=GQ03233_O10_cluster=GQ03233_O10_status=complete_gb=BT111179 3912999
.17 GQ03233_O10.1_clone=GQ03233_O10_cluster=GQ03233_O10_status=complete_gb=BT111179 688049
.43 GQ03321_E05.1_clone=GQ03321_E05_cluster=GQ03321_E05_status=complete_gb=BT112813 904090
.29 GQ03321_E05.1_clone=GQ03321_E05_cluster=GQ03321_E05_status=complete_gb=BT112813 3824221
.73 GQ04108_H06.1_clone=GQ04108_H06_cluster=GQ04108_H06_status=complete_gb=BT119658 3912998
.38 GQ02829_I09.1_clone=GQ02829_I09_cluster=GQ02829_I09_status=complete_gb=BT105866 3912953
.22 GQ02829_I09.1_clone=GQ02829_I09_cluster=GQ02829_I09_status=complete_gb=BT105866 587708
.24 GQ02825_J15.2_clone=GQ02825_J15_cluster=GQ02825_J15_status=complete_gb=BT105640 927661
.29 GQ02825_J15.2_clone=GQ02825_J15_cluster=GQ02825_J15_status=complete_gb=BT105640 1346343
.73 GQ03006_F05.1_clone=GQ03006_F05_cluster=GQ03006_F05_status=complete_gb=BT106608 3822244
.24 GQ03006_F05.1_clone=GQ03006_F05_cluster=GQ03006_F05_status=complete_gb=BT106608 1054560
.55 GQ03012_L20.2_clone=GQ03012_L20_cluster=GQ03012_L20_status=complete_gb=BT106880 3913036
.23 GQ03012_L20.2_clone=GQ03012_L20_cluster=GQ03012_L20_status=complete_gb=BT106880 3913036
.77 GQ03307_J16.1_clone=GQ03307_J16_cluster=GQ03307_J16_status=complete_gb=BT111917 3912986
.11 GQ03307_J16.1_clone=GQ03307_J16_cluster=GQ03307_J16_status=complete_gb=BT111917 1123736
.53 GQ03010_P15.1_clone=GQ03010_P15_cluster=GQ03010_P15_status=complete_gb=BT106806 3818785
.25 GQ03010_P15.1_clone=GQ03010_P15_cluster=GQ03010_P15_status=complete_gb=BT106806 3819231
.49 GQ03303_B16.1_clone=GQ03303_B16_cluster=GQ03303_B16_status=complete_gb=BT111750 3913055
.18 GQ03303_B16.1_clone=GQ03303_B16_cluster=GQ03303_B16_status=complete_gb=BT111750 3913055
.38 GQ0206_I17.1_clone=GQ0206_I17_cluster=GQ0206_I17_status=complete_gb=BT103095 3822736
.61 GQ0206_I17.1_clone=GQ0206_I17_cluster=GQ0206_I17_status=complete_gb=BT103095 3896259
.51 GQ02816_H22.1_clone=GQ02816_H22_cluster=GQ02816_H22_status=complete_gb=BT104908 3826306
.27 GQ02816_H22.1_clone=GQ02816_H22_cluster=GQ02816_H22_status=complete_gb=BT104908 3830430
.98 GQ03116_P03.1_clone=GQ03116_P03_cluster=GQ03116_P03_status=complete_gb=BT108108 3913006
.36 GQ03116_J18.1_clone=GQ03116_J18_cluster=GQ03116_J18_status=complete_gb=BT108078 3821133
.05 GQ03116_J18.1_clone=GQ03116_J18_cluster=GQ03116_J18_status=complete_gb=BT108078 3838428
.99 GQ02825_O24.3_clone=GQ02825_O24_cluster=GQ02825_O24_status=complete_gb=BT105663 3913063
.69 GQ03906_O12.4_clone=GQ03906_O12_cluster=GQ03906_O12_status=53 3913084
.84 GQ04010_H24.1_clone=GQ04010_H24_cluster=GQ04010_H24_status=complete_gb=BT118811 3912715
.15 GQ04010_H24.1_clone=GQ04010_H24_cluster=GQ04010_H24_status=complete_gb=BT118811 1514929
.46 GQ03812_M13.1_clone=GQ03812_M13_cluster=GQ03812_M13_status=complete_gb=BT117097 3912543
.13 GQ03116_F15.1_clone=GQ03116_F15_cluster=GQ03116_F15_status=complete_gb=BT108057 1024346
.85 GQ03116_F15.1_clone=GQ03116_F15_cluster=GQ03116_F15_status=complete_gb=BT108057 3912912
.37 GQ03409_F16.1_clone=GQ03409_F16_cluster=GQ03409_F16_status=complete_gb=BT113459 3404201
.36 GQ03211_H02.3_clone=GQ03211_H02_cluster=GQ03211_H02_status=complete_gb=BT109686 3912696
.21 GQ03211_H02.3_clone=GQ03211_H02_cluster=GQ03211_H02_status=complete_gb=BT109686 3825841
.22 GQ03716_P22.1_clone=GQ03716_P22_cluster=GQ03716_P22_status=complete_gb=BT116348 3913069
.48 GQ03320_P11.1_clone=GQ03320_P11_cluster=GQ03320_P11_status=complete_gb=BT112786 3913078
.27 GQ03320_P11.1_clone=GQ03320_P11_cluster=GQ03320_P11_status=complete_gb=BT112786 3913078
.16 GQ03320_P11.1_clone=GQ03320_P11_cluster=GQ03320_P11_status=complete_gb=BT112786 699375
.41 GQ02905_K13.1_clone=GQ02905_K13_cluster=GQ02905_K13_status=complete_gb=BT106234 3912854
.87 GQ03517_H05.2_clone=GQ03517_H05_cluster=GQ03517_H05_status=complete_gb=BT114582 3913003
.26 GQ04113_P22.3_clone=GQ04113_P22_cluster=GQ04113_P22_status=53 3913011
.23 GQ04113_P22.3_clone=GQ04113_P22_cluster=GQ04113_P22_status=53 3913011
.38 GQ04109_F19.3_clone=GQ04109_F19_cluster=GQ04109_F19_status=complete_gb=BT119730 3913024
.16 GQ04109_F19.3_clone=GQ04109_F19_cluster=GQ04109_F19_status=complete_gb=BT119730 3820790
.35 GQ00611_P23.1_clone=GQ00611_P23_cluster=GQ00611_P23_status=complete_gb=BT100948 3912462
.17 GQ00611_P23.1_clone=GQ00611_P23_cluster=GQ00611_P23_status=complete_gb=BT100948 3840294
.41 GQ03517_B08.1_clone=GQ03517_B08_cluster=GQ03517_B08_status=complete_gb=BT114563 809794
.32 GQ03517_B08.1_clone=GQ03517_B08_cluster=GQ03517_B08_status=complete_gb=BT114563 725484
.32 GQ03517_B08.1_clone=GQ03517_B08_cluster=GQ03517_B08_status=complete_gb=BT114563 1840144
.69 GQ03202_G08.1_clone=GQ03202_G08_cluster=GQ03202_G08_status=complete_gb=BT108907 3818178
.09 GQ03202_G08.1_clone=GQ03202_G08_cluster=GQ03202_G08_status=complete_gb=BT108907 2538924
.81 GQ03326_F07.1_clone=GQ03326_F07_cluster=GQ03326_F07_status=complete_gb=BT113147 3912714
.41 GQ03124_N04.1_clone=GQ03124_N04_cluster=GQ03124_N04_status=complete_gb=BT108642 3826988
.56 GQ03124_N04.1_clone=GQ03124_N04_cluster=GQ03124_N04_status=complete_gb=BT108642 3823070
.60 GQ03517_L16.1_clone=GQ03517_L16_cluster=GQ03517_L16_status=complete_gb=BT114600 3912641
.24 GQ03308_A01.1_clone=GQ03308_A01_cluster=GQ03308_A01_status=complete_gb=BT111940 3820070
.75 GQ03308_A01.1_clone=GQ03308_A01_cluster=GQ03308_A01_status=complete_gb=BT111940 3822742
.54 GQ03103_H24.1_clone=GQ03103_H24_cluster=GQ03103_H24_status=complete_gb=BT107159 3912408
.54 GQ03103_H24.1_clone=GQ03103_H24_cluster=GQ03103_H24_status=complete_gb=BT107159 3912700
.37 GQ03103_H24.1_clone=GQ03103_H24_cluster=GQ03103_H24_status=complete_gb=BT107159 3912699
.67 GQ03326_K08.1_clone=GQ03326_K08_cluster=GQ03326_K08_status=53 3912941
.30 GQ03309_J22.3_clone=GQ03309_J22_cluster=GQ03309_J22_status=complete_gb=BT112071 3913057
.18 GQ03309_J22.3_clone=GQ03309_J22_cluster=GQ03309_J22_status=complete_gb=BT112071 1001535
.63 GQ04012_C23.1_clone=GQ04012_C23_cluster=GQ04012_C23_status=complete_gb=BT118942 562728
.50 GQ04012_C23.1_clone=GQ04012_C23_cluster=GQ04012_C23_status=complete_gb=BT118942 3912455
.49 GQ04012_C23.1_clone=GQ04012_C23_cluster=GQ04012_C23_status=complete_gb=BT118942 323444
.45 GQ04012_C23.1_clone=GQ04012_C23_cluster=GQ04012_C23_status=complete_gb=BT118942 657220
.11 GQ04012_C23.1_clone=GQ04012_C23_cluster=GQ04012_C23_status=complete_gb=BT118942 3841697
.99 GQ03919_J21.2_clone=GQ03919_J21_cluster=GQ03919_J21_status=complete_gb=BT117986 3912945
.30 GQ0167_L07.1_clone=GQ0167_L07_cluster=GQ0167_L07_status=complete_gb=BT102163 3832612
.59 GQ0167_L07.1_clone=GQ0167_L07_cluster=GQ0167_L07_status=complete_gb=BT102163 3832612
.08 GQ04004_D08.1_clone=GQ04004_D08_cluster=GQ04004_D08_status=complete_gb=BT118252 2588855
.71 GQ04004_D08.1_clone=GQ04004_D08_cluster=GQ04004_D08_status=complete_gb=BT118252 3912974
.70 GQ03501_L23.1_clone=GQ03501_L23_cluster=GQ03501_L23_status=complete_gb=BT113807 3913022
.18 GQ03501_L23.1_clone=GQ03501_L23_cluster=GQ03501_L23_status=complete_gb=BT113807 3819640
.18 GQ03501_L23.1_clone=GQ03501_L23_cluster=GQ03501_L23_status=complete_gb=BT113807 3831321
.40 GQ02817_L04.1_clone=GQ02817_L04_cluster=GQ02817_L04_status=complete_gb=BT105019 665903
.22 GQ02817_L04.1_clone=GQ02817_L04_cluster=GQ02817_L04_status=complete_gb=BT105019 1433688
.19 GQ02817_L04.1_clone=GQ02817_L04_cluster=GQ02817_L04_status=complete_gb=BT105019 3818865
.10 GQ02817_L04.1_clone=GQ02817_L04_cluster=GQ02817_L04_status=complete_gb=BT105019 3842856
.99 GQ03711_A01.1_clone=GQ03711_A01_cluster=GQ03711_A01_status=complete_gb=BT116044 3913098
.27 GQ03907_M18.1_clone=GQ03907_M18_cluster=GQ03907_M18_status=complete_gb=BT117694 3819895
.23 GQ03907_M18.1_clone=GQ03907_M18_cluster=GQ03907_M18_status=complete_gb=BT117694 3821547
.17 GQ03907_M18.1_clone=GQ03907_M18_cluster=GQ03907_M18_status=complete_gb=BT117694 3821471
.04 GQ03907_M18.1_clone=GQ03907_M18_cluster=GQ03907_M18_status=complete_gb=BT117694 3819895
.50 GQ03323_N20.1_clone=GQ03323_N20_cluster=GQ03323_N20_status=complete_gb=BT112988 1176218
.47 GQ03323_N20.1_clone=GQ03323_N20_cluster=GQ03323_N20_status=complete_gb=BT112988 3831953
.11 GQ02821_N14.1_clone=GQ02821_N14_cluster=GQ02821_N14_status=complete_gb=BT105389 2697276
.78 GQ02821_N14.1_clone=GQ02821_N14_cluster=GQ02821_N14_status=complete_gb=BT105389 3912743
.25 GQ03814_N07.1_clone=GQ03814_N07_cluster=GQ03814_N07_status=complete_gb=BT117194 3913068
.19 GQ03814_N07.1_clone=GQ03814_N07_cluster=GQ03814_N07_status=complete_gb=BT117194 3913068
.32 GQ03616_H11.1_clone=GQ03616_H11_cluster=GQ03616_H11_status=complete_gb=BT115430 936684
.18 GQ03616_H11.1_clone=GQ03616_H11_cluster=GQ03616_H11_status=complete_gb=BT115430 843336
.83 GQ03319_H10.3_clone=GQ03319_H10_cluster=GQ03319_H10_status=complete_gb=BT112686 3912889
.14 GQ03319_H10.3_clone=GQ03319_H10_cluster=GQ03319_H10_status=complete_gb=BT112686 1091636
.65 GQ03804_D05.1_clone=GQ03804_D05_cluster=GQ03804_D05_status=complete_gb=BT116664 3913025
.12 GQ03804_D05.1_clone=GQ03804_D05_cluster=GQ03804_D05_status=complete_gb=BT116664 3913025
.82 GQ03206_O09.2_clone=GQ03206_O09_cluster=GQ03206_O09_status=complete_gb=BT109300 3913060
.34 GQ03111_B23.2_clone=GQ03111_B23_cluster=GQ03111_B23_status=complete_gb=BT107660 3912722
.12 GQ03111_B23.2_clone=GQ03111_B23_cluster=GQ03111_B23_status=complete_gb=BT107660 3834157
.89 GQ0134_P16.1_clone=GQ0134_P16_cluster=GQ0134_P16_status=53 3913081
.44 GQ02824_B16.1_clone=GQ02824_B16_cluster=GQ02824_B16_status=complete_gb=BT105545 3912863
.23 GQ02824_B16.1_clone=GQ02824_B16_cluster=GQ02824_B16_status=complete_gb=BT105545 864489
.58 GQ03915_B09.1_clone=GQ03915_B09_cluster=GQ03915_B09_status=complete_gb=BT117869 3912536
.32 GQ03508_J22.1_clone=GQ03508_J22_cluster=GQ03508_J22_status=complete_gb=BT114128 508684
.56 GQ03508_J22.1_clone=GQ03508_J22_cluster=GQ03508_J22_status=complete_gb=BT114128 3912770
.82 GQ04010_F21.1_clone=GQ04010_F21_cluster=GQ04010_F21_status=complete_gb=BT118797 3912943
.82 GQ03210_K16.1_clone=GQ03210_K16_cluster=GQ03210_K16_status=complete_gb=BT109617 3913087
.16 GQ03210_K16.1_clone=GQ03210_K16_cluster=GQ03210_K16_status=complete_gb=BT109617 3825005
.34 GQ03229_P05.3_clone=GQ03229_P05_cluster=GQ03229_P05_status=53 3913087
.28 GQ02826_C23.1_clone=GQ02826_C23_cluster=GQ02826_C23_status=complete_gb=BT105688 3821600
.19 GQ02826_C23.1_clone=GQ02826_C23_cluster=GQ02826_C23_status=complete_gb=BT105688 3855130
.77 GQ04009_I13.1_clone=GQ04009_I13_cluster=GQ04009_I13_status=complete_gb=BT118720 3913079
.67 GQ03227_I24.2_clone=GQ03227_I24_cluster=GQ03227_I24_status=complete_gb=BT110765 3891291
.22 GQ03227_I24.2_clone=GQ03227_I24_cluster=GQ03227_I24_status=complete_gb=BT110765 1585956
.31 WS02615_E23.1_clone=WS02615_E23_cluster=WS02615_E23_status=3 3843444
.28 WS02615_E23.1_clone=WS02615_E23_cluster=WS02615_E23_status=3 1738544
.24 GQ03215_K23.3_clone=GQ03215_K23_cluster=GQ03215_K23_status=53 3825570
.11 GQ03215_K23.3_clone=GQ03215_K23_cluster=GQ03215_K23_status=53 3829945
.02 GQ03215_K23.3_clone=GQ03215_K23_cluster=GQ03215_K23_status=53 3832881
.02 GQ03215_K23.3_clone=GQ03215_K23_cluster=GQ03215_K23_status=53 306626
.02 GQ03215_K23.3_clone=GQ03215_K23_cluster=GQ03215_K23_status=53 3825899
.47 GQ00610_H12.1_clone=GQ00610_H12_cluster=GQ00610_H12_status=complete_gb=BT100914 1058984
.36 GQ00610_H12.1_clone=GQ00610_H12_cluster=GQ00610_H12_status=complete_gb=BT100914 1106732
.22 GQ02807_L18.1_clone=GQ02807_L18_cluster=GQ02807_L18_status=complete_gb=BT104216 2328441
.54 GQ03107_O12.1_clone=GQ03107_O12_cluster=GQ03107_O12_status=complete_gb=BT107472 3913059
.45 GQ04011_I01.1_clone=GQ04011_I01_cluster=GQ04011_I01_status=complete_gb=BT118889 3827841
.32 GQ04011_I01.1_clone=GQ04011_I01_cluster=GQ04011_I01_status=complete_gb=BT118889 631447
.35 GQ04001_D11.2_clone=GQ04001_D11_cluster=GQ04001_D11_status=complete_gb=BT118016 3825528
.64 GQ04001_D11.2_clone=GQ04001_D11_cluster=GQ04001_D11_status=complete_gb=BT118016 3825722
.98 GQ03203_E13.1_clone=GQ03203_E13_cluster=GQ03203_E13_status=complete_gb=BT108980 3913035
.52 GQ03613_E07.1_clone=GQ03613_E07_cluster=GQ03613_E07_status=complete_gb=BT115277 3819236
.25 GQ03613_E07.1_clone=GQ03613_E07_cluster=GQ03613_E07_status=complete_gb=BT115277 389876
.17 GQ03321_L05.1_clone=GQ03321_L05_cluster=GQ03321_L05_status=complete_gb=BT112845 3842416
.55 GQ03321_L05.1_clone=GQ03321_L05_cluster=GQ03321_L05_status=complete_gb=BT112845 3826991
.52 GQ02817_I23.1_clone=GQ02817_I23_cluster=GQ02817_I23_status=complete_gb=BT105001 3912591
.76 GQ03514_F14.1_clone=GQ03514_F14_cluster=GQ03514_F14_status=complete_gb=BT114426 3818547
.15 GQ03514_F14.1_clone=GQ03514_F14_cluster=GQ03514_F14_status=complete_gb=BT114426 751299
.27 GQ03108_O22.2_clone=GQ03108_O22_cluster=GQ03108_O22_status=complete_gb=BT107548 3818774
.21 GQ03108_O22.2_clone=GQ03108_O22_cluster=GQ03108_O22_status=complete_gb=BT107548 250817
.29 GQ04004_M13.1_clone=GQ04004_M13_cluster=GQ04004_M13_status=complete_gb=BT118296 3826544
.06 GQ04004_M13.1_clone=GQ04004_M13_cluster=GQ04004_M13_status=complete_gb=BT118296 3822563
.06 GQ04004_M13.1_clone=GQ04004_M13_cluster=GQ04004_M13_status=complete_gb=BT118296 1193899
.17 GQ02829_M01.1_clone=GQ02829_M01_cluster=GQ02829_M01_status=complete_gb=BT105887 2879743
.52 GQ02829_M01.1_clone=GQ02829_M01_cluster=GQ02829_M01_status=complete_gb=BT105887 3912673
.02 GQ03323_C04.1_clone=GQ03323_C04_cluster=GQ03323_C04_status=complete_gb=BT112943 1156416
.02 GQ03323_C04.1_clone=GQ03323_C04_cluster=GQ03323_C04_status=complete_gb=BT112943 2267747
.02 GQ03323_C04.1_clone=GQ03323_C04_cluster=GQ03323_C04_status=complete_gb=BT112943 3818060
.02 GQ03323_C04.1_clone=GQ03323_C04_cluster=GQ03323_C04_status=complete_gb=BT112943 3824350
.27 GQ03718_H15.1_clone=GQ03718_H15_cluster=GQ03718_H15_status=complete_gb=BT116425 3913051
.16 GQ03718_H15.1_clone=GQ03718_H15_cluster=GQ03718_H15_status=complete_gb=BT116425 3913051
.28 GQ03718_H15.1_clone=GQ03718_H15_cluster=GQ03718_H15_status=complete_gb=BT116425 960331
.11 GQ03718_H15.1_clone=GQ03718_H15_cluster=GQ03718_H15_status=complete_gb=BT116425 969685
.11 GQ03718_H15.1_clone=GQ03718_H15_cluster=GQ03718_H15_status=complete_gb=BT116425 1948376
.53 GQ03906_B18.2_clone=GQ03906_B18_cluster=GQ03906_B18_status=53 3820052
.06 GQ03238_F12.1_clone=GQ03238_F12_cluster=GQ03238_F12_status=complete_gb=BT111484 3836195
.81 GQ03238_F12.1_clone=GQ03238_F12_cluster=GQ03238_F12_status=complete_gb=BT111484 3820052
.28 GQ03302_I14.1_clone=GQ03302_I14_cluster=GQ03302_I14_status=complete_gb=BT111713 1993603
.26 GQ03302_I14.1_clone=GQ03302_I14_cluster=GQ03302_I14_status=complete_gb=BT111713 969685
.24 GQ03302_I14.1_clone=GQ03302_I14_cluster=GQ03302_I14_status=complete_gb=BT111713 585941
.18 GQ03302_I14.1_clone=GQ03302_I14_cluster=GQ03302_I14_status=complete_gb=BT111713 3913051
.36 GQ03319_N08.1_clone=GQ03319_N08_cluster=GQ03319_N08_status=complete_gb=BT112706 3912646
.35 GQ03319_N08.1_clone=GQ03319_N08_cluster=GQ03319_N08_status=complete_gb=BT112706 3912467
.21 GQ03319_N08.1_clone=GQ03319_N08_cluster=GQ03319_N08_status=complete_gb=BT112706 1427779
.33 GQ02802_O10.1_clone=GQ02802_O10_cluster=GQ02802_O10_status=complete_gb=BT103840 3912646
.30 GQ02802_O10.1_clone=GQ02802_O10_cluster=GQ02802_O10_status=complete_gb=BT103840 3836151
.93 GQ03217_K05.1_clone=GQ03217_K05_cluster=GQ03217_K05_status=complete_gb=BT110182 3913096
.22 GQ03504_N17.1_clone=GQ03504_N17_cluster=GQ03504_N17_status=complete_gb=BT113931 3913023
.82 GQ02817_J10.1_clone=GQ02817_J10_cluster=GQ02817_J10_status=complete_gb=BT105004 3913028
.06 GQ02817_J10.1_clone=GQ02817_J10_cluster=GQ02817_J10_status=complete_gb=BT105004 1436768
.58 GQ03236_N23.1_clone=GQ03236_N23_cluster=GQ03236_N23_status=complete_gb=BT111385 3912865
.08 GQ03236_N23.1_clone=GQ03236_N23_cluster=GQ03236_N23_status=complete_gb=BT111385 3836441
.46 GQ03203_F22.1_clone=GQ03203_F22_cluster=GQ03203_F22_status=complete_gb=BT108988 3839219
.16 GQ02811_O09.1_clone=GQ02811_O09_cluster=GQ02811_O09_status=complete_gb=BT104565 3912477
.30 GQ02811_O09.1_clone=GQ02811_O09_cluster=GQ02811_O09_status=complete_gb=BT104565 663946
.34 GQ02815_L01.1_clone=GQ02815_L01_cluster=GQ02815_L01_status=complete_gb=BT104835 362649
.08 GQ02815_L01.1_clone=GQ02815_L01_cluster=GQ02815_L01_status=complete_gb=BT104835 893864
.45 GQ03326_A22.1_clone=GQ03326_A22_cluster=GQ03326_A22_status=complete_gb=BT113123 3912803
.33 GQ0168_F16.1_clone=GQ0168_F16_cluster=GQ0168_F16_status=complete_gb=BT102193 734528
.30 GQ0168_F16.1_clone=GQ0168_F16_cluster=GQ0168_F16_status=complete_gb=BT102193 3891274
.91 GQ02907_C22.3_clone=GQ02907_C22_cluster=GQ02907_C22_status=complete_gb=BT106318 3913088
.27 GQ0045_O17.2_clone=GQ0045_O17_cluster=GQ0045_O17_status=53 3912983
.23 GQ0045_O17.2_clone=GQ0045_O17_cluster=GQ0045_O17_status=53 3912983
.56 WS00826_D14.1_clone=WS00826_D14_cluster=WS00826_D14_status=complete 3912662
.24 WS00826_D14.1_clone=WS00826_D14_cluster=WS00826_D14_status=complete 1465926
.43 GQ03237_C10.1_clone=GQ03237_C10_cluster=GQ03237_C10_status=complete_gb=BT111401 3819950
.18 GQ03237_C10.1_clone=GQ03237_C10_cluster=GQ03237_C10_status=complete_gb=BT111401 3207065
.66 GQ03236_M06.1_clone=GQ03236_M06_cluster=GQ03236_M06_status=complete_gb=BT111381 3912513
.34 GQ03236_M06.1_clone=GQ03236_M06_cluster=GQ03236_M06_status=complete_gb=BT111381 659433
.26 GQ03236_M06.1_clone=GQ03236_M06_cluster=GQ03236_M06_status=complete_gb=BT111381 1874323
.21 GQ03236_M06.1_clone=GQ03236_M06_cluster=GQ03236_M06_status=complete_gb=BT111381 3821825
.21 GQ03236_M06.1_clone=GQ03236_M06_cluster=GQ03236_M06_status=complete_gb=BT111381 1012132
.34 GQ0224_J17.1_clone=GQ0224_J17_cluster=GQ0224_J17_status=complete_gb=BT103294 3912982
.04 GQ0224_J17.1_clone=GQ0224_J17_cluster=GQ0224_J17_status=complete_gb=BT103294 3843863
.41 GQ03126_E11.1_clone=GQ03126_E11_cluster=GQ03126_E11_status=complete_gb=BT108735 3912691
.84 GQ03506_N22.1_clone=GQ03506_N22_cluster=GQ03506_N22_status=complete_gb=BT114037 3819120
.40 GQ03609_L07.1_clone=GQ03609_L07_cluster=GQ03609_L07_status=complete_gb=BT115119 913644
.36 GQ03609_L07.1_clone=GQ03609_L07_cluster=GQ03609_L07_status=complete_gb=BT115119 3863112
.31 GQ03609_L07.1_clone=GQ03609_L07_cluster=GQ03609_L07_status=complete_gb=BT115119 3842286
.16 GQ03609_L07.1_clone=GQ03609_L07_cluster=GQ03609_L07_status=complete_gb=BT115119 1451104
.16 GQ03609_L07.1_clone=GQ03609_L07_cluster=GQ03609_L07_status=complete_gb=BT115119 2691409
.42 GQ03311_C15.1_clone=GQ03311_C15_cluster=GQ03311_C15_status=complete_gb=BT112164 894600
.38 GQ03311_C15.1_clone=GQ03311_C15_cluster=GQ03311_C15_status=complete_gb=BT112164 3912546
.21 GQ03311_C15.1_clone=GQ03311_C15_cluster=GQ03311_C15_status=complete_gb=BT112164 1160758
.20 GQ03311_C15.1_clone=GQ03311_C15_cluster=GQ03311_C15_status=complete_gb=BT112164 2181293
.10 GQ03311_C15.1_clone=GQ03311_C15_cluster=GQ03311_C15_status=complete_gb=BT112164 3821990
.22 GQ02817_N21.1_clone=GQ02817_N21_cluster=GQ02817_N21_status=complete_gb=BT105037 1616327
.28 GQ02817_N21.1_clone=GQ02817_N21_cluster=GQ02817_N21_status=complete_gb=BT105037 835851
.06 GQ03816_O08.1_clone=GQ03816_O08_cluster=GQ03816_O08_status=complete_gb=BT117309 3859333
.18 GQ03816_O08.1_clone=GQ03816_O08_cluster=GQ03816_O08_status=complete_gb=BT117309 3859333
.59 GQ03010_K19.1_clone=GQ03010_K19_cluster=GQ03010_K19_status=complete_gb=BT106794 3912510
.28 GQ03010_K19.1_clone=GQ03010_K19_cluster=GQ03010_K19_status=complete_gb=BT106794 2984759
.40 GQ02812_M01.1_clone=GQ02812_M01_cluster=GQ02812_M01_status=complete_gb=BT104628 709049
.36 GQ02812_M01.1_clone=GQ02812_M01_cluster=GQ02812_M01_status=complete_gb=BT104628 149623
.48 GQ03310_K21.1_clone=GQ03310_K21_cluster=GQ03310_K21_status=complete_gb=BT112142 3912615
.47 WS00824_O02.1_clone=WS00824_O02_cluster=WS00824_O02_status=complete 3912555
.18 WS00824_O02.1_clone=WS00824_O02_cluster=WS00824_O02_status=complete 3835889
.39 GQ0178_D07.2_clone=GQ0178_D07_cluster=GQ0178_D07_status=3 3828931
.59 GQ0178_D07.2_clone=GQ0178_D07_cluster=GQ0178_D07_status=3 3834553
.70 GQ03712_E18.1_clone=GQ03712_E18_cluster=GQ03712_E18_status=complete_gb=BT116125 3912948
.50 GQ03712_E18.1_clone=GQ03712_E18_cluster=GQ03712_E18_status=complete_gb=BT116125 883049
.14 GQ03712_E18.1_clone=GQ03712_E18_cluster=GQ03712_E18_status=complete_gb=BT116125 2398792
.15 GQ0014_K13.1_clone=GQ0014_K13_cluster=GQ0014_K13_status=complete_gb=BT100443 988796
.44 GQ0014_K13.1_clone=GQ0014_K13_cluster=GQ0014_K13_status=complete_gb=BT100443 3863290
.19 GQ03118_L23.1_clone=GQ03118_L23_cluster=GQ03118_L23_status=complete_gb=BT108237 3826208
.35 GQ03118_L23.1_clone=GQ03118_L23_cluster=GQ03118_L23_status=complete_gb=BT108237 1239012
.49 GQ03603_I06.1_clone=GQ03603_I06_cluster=GQ03603_I06_status=complete_gb=BT114843 3832296
.30 GQ03603_I06.1_clone=GQ03603_I06_cluster=GQ03603_I06_status=complete_gb=BT114843 3821030
.15 GQ03603_I06.1_clone=GQ03603_I06_cluster=GQ03603_I06_status=complete_gb=BT114843 3835491
.39 GQ04005_C18.1_clone=GQ04005_C18_cluster=GQ04005_C18_status=complete_gb=BT118330 1322608
.59 GQ04005_C18.1_clone=GQ04005_C18_cluster=GQ04005_C18_status=complete_gb=BT118330 3826503
.23 GQ03510_A10.2_clone=GQ03510_A10_cluster=GQ03510_A10_status=53 3820701
.16 GQ03510_A10.2_clone=GQ03510_A10_cluster=GQ03510_A10_status=53 564073
.13 GQ03207_P05.1_clone=GQ03207_P05_cluster=GQ03207_P05_status=complete_gb=BT109397 2390926
.40 GQ03207_P05.1_clone=GQ03207_P05_cluster=GQ03207_P05_status=complete_gb=BT109397 3844958
.05 GQ03901_G08.1_clone=GQ03901_G08_cluster=GQ03901_G08_status=complete_gb=BT117481 3104817
.75 GQ03901_G08.1_clone=GQ03901_G08_cluster=GQ03901_G08_status=complete_gb=BT117481 3912976
.38 GQ03111_D11.1_clone=GQ03111_D11_cluster=GQ03111_D11_status=complete_gb=BT107666 3821080
.29 GQ03111_D11.1_clone=GQ03111_D11_cluster=GQ03111_D11_status=complete_gb=BT107666 3819491
.23 GQ03111_D11.1_clone=GQ03111_D11_cluster=GQ03111_D11_status=complete_gb=BT107666 3822819
.45 GQ04011_N06.1_clone=GQ04011_N06_cluster=GQ04011_N06_status=complete_gb=BT118919 3834231
.46 GQ04011_N06.1_clone=GQ04011_N06_cluster=GQ04011_N06_status=complete_gb=BT118919 3819484
.40 GQ03102_O24.1_clone=GQ03102_O24_cluster=GQ03102_O24_status=complete_gb=BT107117 3912716
.26 GQ03210_K02.1_clone=GQ03210_K02_cluster=GQ03210_K02_status=complete_gb=BT109614 3824560
.23 GQ03210_K02.1_clone=GQ03210_K02_cluster=GQ03210_K02_status=complete_gb=BT109614 854897
.86 GQ03405_N12.1_clone=GQ03405_N12_cluster=GQ03405_N12_status=complete_gb=BT113358 3912942
.10 GQ03405_N12.1_clone=GQ03405_N12_cluster=GQ03405_N12_status=complete_gb=BT113358 2422225
.35 GQ0024_N17.1_clone=GQ0024_N17_cluster=GQ0024_N17_status=complete_gb=BT100548 1443809
.38 GQ0024_N17.1_clone=GQ0024_N17_cluster=GQ0024_N17_status=complete_gb=BT100548 3912563
.07 GQ03005_M24.1_clone=GQ03005_M24_cluster=GQ03005_M24_status=complete_gb=BT106590 3822856
.11 GQ03005_M24.1_clone=GQ03005_M24_cluster=GQ03005_M24_status=complete_gb=BT106590 3871074
.54 GQ03819_M14.1_clone=GQ03819_M14_cluster=GQ03819_M14_status=complete_gb=BT117454 842950
.42 GQ03819_M14.1_clone=GQ03819_M14_cluster=GQ03819_M14_status=complete_gb=BT117454 3855685
.95 WS00743_G23.1_clone=WS00743_G23_cluster=WS00743_G23_status=complete 891886
.52 GQ0073_I22.1_clone=GQ0073_I22_cluster=GQ0073_I22_status=complete_gb=BT101216 3818951
.11 GQ0073_I22.1_clone=GQ0073_I22_cluster=GQ0073_I22_status=complete_gb=BT101216 1938755
.87 GQ0044_K16.2_clone=GQ0044_K16_cluster=GQ0044_K16_status=53 3913064
.19 GQ0044_K16.2_clone=GQ0044_K16_cluster=GQ0044_K16_status=53 3828800
.11 GQ0044_K16.2_clone=GQ0044_K16_cluster=GQ0044_K16_status=53 3893959
.57 GQ03102_C13.1_clone=GQ03102_C13_cluster=GQ03102_C13_status=complete_gb=BT107048 3912890
.18 GQ03108_O05.1_clone=GQ03108_O05_cluster=GQ03108_O05_status=complete_gb=BT107541 3838872
.22 GQ03108_O05.1_clone=GQ03108_O05_cluster=GQ03108_O05_status=complete_gb=BT107541 3826788
.33 GQ02830_F21.2_clone=GQ02830_F21_cluster=GQ02830_F21_status=complete_gb=BT105944 3824744
.09 GQ02830_F21.2_clone=GQ02830_F21_cluster=GQ02830_F21_status=complete_gb=BT105944 3835282
.35 GQ04009_J24.1_clone=GQ04009_J24_cluster=GQ04009_J24_status=complete_gb=BT118728 3826134
.35 GQ04009_J24.1_clone=GQ04009_J24_cluster=GQ04009_J24_status=complete_gb=BT118728 411976
.09 GQ04009_J24.1_clone=GQ04009_J24_cluster=GQ04009_J24_status=complete_gb=BT118728 3826133
.35 GQ04105_J19.1_clone=GQ04105_J19_cluster=GQ04105_J19_status=complete_gb=BT119432 3819264
.44 GQ02815_E01.1_clone=GQ02815_E01_cluster=GQ02815_E01_status=complete_gb=BT104803 882853
.36 GQ02815_E01.1_clone=GQ02815_E01_cluster=GQ02815_E01_status=complete_gb=BT104803 3859371
.29 GQ03602_M03.1_clone=GQ03602_M03_cluster=GQ03602_M03_status=complete_gb=BT114813 902291
.13 GQ03602_M03.1_clone=GQ03602_M03_cluster=GQ03602_M03_status=complete_gb=BT114813 339578
.37 GQ03125_C23.1_clone=GQ03125_C23_cluster=GQ03125_C23_status=complete_gb=BT108672 342480
.46 WS0261_J22.1_clone=WS0261_J22_cluster=WS0261_J22_status=complete 3818410
.39 WS0261_J22.1_clone=WS0261_J22_cluster=WS0261_J22_status=complete 353419
.01 GQ03229_E15.1_clone=GQ03229_E15_cluster=GQ03229_E15_status=complete_gb=BT110887 3823353
.38 GQ04006_B20.3_clone=GQ04006_B20_cluster=GQ04006_B20_status=complete_gb=BT118412 3819451
.15 GQ03904_N17.1_clone=GQ03904_N17_cluster=GQ03904_N17_status=complete_gb=BT117606 3886914
.64 GQ03904_N17.1_clone=GQ03904_N17_cluster=GQ03904_N17_status=complete_gb=BT117606 3913017
.39 GQ03504_P21.1_clone=GQ03504_P21_cluster=GQ03504_P21_status=complete_gb=BT113940 3912973
.19 GQ03504_P21.1_clone=GQ03504_P21_cluster=GQ03504_P21_status=complete_gb=BT113940 3828043
.52 GQ03326_F10.2_clone=GQ03326_F10_cluster=GQ03326_F10_status=complete_gb=BT113148 3820166
.15 GQ03326_F10.2_clone=GQ03326_F10_cluster=GQ03326_F10_status=complete_gb=BT113148 1902574
.39 GQ0204_E05.1_clone=GQ0204_E05_cluster=GQ0204_E05_status=complete_gb=BT102972 3819760
.15 GQ0204_E05.1_clone=GQ0204_E05_cluster=GQ0204_E05_status=complete_gb=BT102972 689025
.13 GQ0204_E05.1_clone=GQ0204_E05_cluster=GQ0204_E05_status=complete_gb=BT102972 840070
.14 GQ0204_E05.1_clone=GQ0204_E05_cluster=GQ0204_E05_status=complete_gb=BT102972 843711
.11 GQ0204_E05.1_clone=GQ0204_E05_cluster=GQ0204_E05_status=complete_gb=BT102972 428943
.10 GQ01811_B04.2_clone=GQ01811_B04_cluster=GQ01811_B04_status=3 2788708
.08 GQ01811_B04.2_clone=GQ01811_B04_cluster=GQ01811_B04_status=3 3724732
.08 GQ01811_B04.2_clone=GQ01811_B04_cluster=GQ01811_B04_status=3 3673344
.12 GQ01811_B04.2_clone=GQ01811_B04_cluster=GQ01811_B04_status=3 1489631
.08 GQ01811_B04.2_clone=GQ01811_B04_cluster=GQ01811_B04_status=3 490178
.23 GQ02819_E02.1_clone=GQ02819_E02_cluster=GQ02819_E02_status=complete_gb=BT105159 3822156
.74 GQ02819_E02.1_clone=GQ02819_E02_cluster=GQ02819_E02_status=complete_gb=BT105159 3820502
.69 GQ03217_L20.1_clone=GQ03217_L20_cluster=GQ03217_L20_status=complete_gb=BT110188 3912996
.22 GQ03236_D13.1_clone=GQ03236_D13_cluster=GQ03236_D13_status=complete_gb=BT111339 3835777
.27 GQ03236_D13.1_clone=GQ03236_D13_cluster=GQ03236_D13_status=complete_gb=BT111339 3912939
.77 GQ03223_A21.1_clone=GQ03223_A21_cluster=GQ03223_A21_status=complete_gb=BT110528 3912997
.94 GQ02804_O09.1_clone=GQ02804_O09_cluster=GQ02804_O09_status=complete_gb=BT103978 3913072
.43 GQ03113_P18.2_clone=GQ03113_P18_cluster=GQ03113_P18_status=complete_gb=BT107892 3912988
.13 GQ03113_P18.2_clone=GQ03113_P18_cluster=GQ03113_P18_status=complete_gb=BT107892 3912988
.18 WS02629_N05.1_clone=WS02629_N05_cluster=WS02629_N05_status=complete 3868259
.79 WS02629_N05.1_clone=WS02629_N05_cluster=WS02629_N05_status=complete 3823394
.46 GQ02820_M20.1_clone=GQ02820_M20_cluster=GQ02820_M20_status=complete_gb=BT105311 3818721
.39 GQ04009_F18.1_clone=GQ04009_F18_cluster=GQ04009_F18_status=complete_gb=BT118703 3822391
.17 GQ04009_F18.1_clone=GQ04009_F18_cluster=GQ04009_F18_status=complete_gb=BT118703 557913
.17 GQ04009_F18.1_clone=GQ04009_F18_cluster=GQ04009_F18_status=complete_gb=BT118703 557912
.65 GQ03615_A17.1_clone=GQ03615_A17_cluster=GQ03615_A17_status=complete_gb=BT115365 3913008
.23 GQ03615_A17.1_clone=GQ03615_A17_cluster=GQ03615_A17_status=complete_gb=BT115365 980105
.38 GQ03501_D21.1_clone=GQ03501_D21_cluster=GQ03501_D21_status=complete_gb=BT113781 3912548
.34 GQ03501_D21.1_clone=GQ03501_D21_cluster=GQ03501_D21_status=complete_gb=BT113781 3830081
.26 GQ03501_D21.1_clone=GQ03501_D21_cluster=GQ03501_D21_status=complete_gb=BT113781 625623
.26 GQ03501_D21.1_clone=GQ03501_D21_cluster=GQ03501_D21_status=complete_gb=BT113781 625624
.18 GQ03316_C15.1_clone=GQ03316_C15_cluster=GQ03316_C15_status=complete_gb=BT112491 3912608
.81 GQ03316_C15.1_clone=GQ03316_C15_cluster=GQ03316_C15_status=complete_gb=BT112491 3828184
.38 GQ03608_J22.1_clone=GQ03608_J22_cluster=GQ03608_J22_status=complete_gb=BT115074 3825984
.38 GQ03608_J22.1_clone=GQ03608_J22_cluster=GQ03608_J22_status=complete_gb=BT115074 3912797
.25 GQ03608_J22.1_clone=GQ03608_J22_cluster=GQ03608_J22_status=complete_gb=BT115074 3825983
.15 GQ03309_K08.1_clone=GQ03309_K08_cluster=GQ03309_K08_status=complete_gb=BT112074 1458629
.09 GQ03309_K08.1_clone=GQ03309_K08_cluster=GQ03309_K08_status=complete_gb=BT112074 511740
.24 WS00829_J07.1_clone=WS00829_J07_cluster=WS00829_J07_status=complete 3821840
.75 WS00829_J07.1_clone=WS00829_J07_cluster=WS00829_J07_status=complete 667785
.30 GQ02803_P03.1_clone=GQ02803_P03_cluster=GQ02803_P03_status=complete_gb=BT103904 3820717
.65 GQ02803_P03.1_clone=GQ02803_P03_cluster=GQ02803_P03_status=complete_gb=BT103904 3857294
.55 GQ03222_G20.1_clone=GQ03222_G20_cluster=GQ03222_G20_status=complete_gb=BT110478 3913061
.16 GQ03222_G20.1_clone=GQ03222_G20_cluster=GQ03222_G20_status=complete_gb=BT110478 3913061
.15 GQ03222_G20.1_clone=GQ03222_G20_cluster=GQ03222_G20_status=complete_gb=BT110478 3820348
.83 GQ02806_C16.1_clone=GQ02806_C16_cluster=GQ02806_C16_status=complete_gb=BT104075 3912781
.46 GQ02012_F13.2_clone=GQ02012_F13_cluster=GQ02012_F13_status=53 3912765
.35 GQ02012_F13.2_clone=GQ02012_F13_cluster=GQ02012_F13_status=53 3912765
.50 GQ03207_J18.1_clone=GQ03207_J18_cluster=GQ03207_J18_status=complete_gb=BT109361 3830135
.07 GQ03207_J18.1_clone=GQ03207_J18_cluster=GQ03207_J18_status=complete_gb=BT109361 3830135
.23 GQ02814_J20.1_clone=GQ02814_J20_cluster=GQ02814_J20_status=complete_gb=BT104770 3821648
.26 GQ02814_J20.1_clone=GQ02814_J20_cluster=GQ02814_J20_status=complete_gb=BT104770 943038
.43 GQ02801_L24.1_clone=GQ02801_L24_cluster=GQ02801_L24_status=complete_gb=BT103763 508914
.40 GQ02801_L24.1_clone=GQ02801_L24_cluster=GQ02801_L24_status=complete_gb=BT103763 822650
.45 GQ02801_L24.1_clone=GQ02801_L24_cluster=GQ02801_L24_status=complete_gb=BT103763 765543
.42 GQ02801_L24.1_clone=GQ02801_L24_cluster=GQ02801_L24_status=complete_gb=BT103763 3821648
.39 GQ02801_L24.1_clone=GQ02801_L24_cluster=GQ02801_L24_status=complete_gb=BT103763 3858270
.50 GQ03402_D04.3_clone=GQ03402_D04_cluster=GQ03402_D04_status=53 3913007
.20 GQ03402_D04.3_clone=GQ03402_D04_cluster=GQ03402_D04_status=53 3828714
.28 GQ03713_D13.1_clone=GQ03713_D13_cluster=GQ03713_D13_status=complete_gb=BT116183 1158630
.70 GQ03713_D13.1_clone=GQ03713_D13_cluster=GQ03713_D13_status=complete_gb=BT116183 3912483
.87 GQ02823_K15.1_clone=GQ02823_K15_cluster=GQ02823_K15_status=complete_gb=BT105520 3912465
.85 GQ03326_M03.1_clone=GQ03326_M03_cluster=GQ03326_M03_status=complete_gb=BT113176 3913054
.14 GQ03326_M03.1_clone=GQ03326_M03_cluster=GQ03326_M03_status=complete_gb=BT113176 3912769
.65 GQ03909_I02.1_clone=GQ03909_I02_cluster=GQ03909_I02_status=complete_gb=BT117736 3912980
.18 GQ03909_I02.1_clone=GQ03909_I02_cluster=GQ03909_I02_status=complete_gb=BT117736 3912980
.39 GQ03303_D15.1_clone=GQ03303_D15_cluster=GQ03303_D15_status=complete_gb=BT111756 3912987
.15 GQ03303_D15.1_clone=GQ03303_D15_cluster=GQ03303_D15_status=complete_gb=BT111756 3912987
.12 GQ03303_D15.1_clone=GQ03303_D15_cluster=GQ03303_D15_status=complete_gb=BT111756 3912987
.51 GQ01312_P06.1_clone=GQ01312_P06_cluster=GQ01312_P06_status=complete_gb=BT101775 3822880
.29 GQ01312_P06.1_clone=GQ01312_P06_cluster=GQ01312_P06_status=complete_gb=BT101775 459399
.29 GQ01312_P06.1_clone=GQ01312_P06_cluster=GQ01312_P06_status=complete_gb=BT101775 3893833
.74 GQ03325_D10.1_clone=GQ03325_D10_cluster=GQ03325_D10_status=complete_gb=BT113064 3818174
.17 GQ03325_D10.1_clone=GQ03325_D10_cluster=GQ03325_D10_status=complete_gb=BT113064 2925892
.82 GQ03113_F02.2_clone=GQ03113_F02_cluster=GQ03113_F02_status=complete_gb=BT107836 3912995
.64 WS0057_E01.1_clone=WS0057_E01_cluster=WS0057_E01_status=3 3913094
.32 GQ03310_G03.1_clone=GQ03310_G03_cluster=GQ03310_G03_status=complete_gb=BT112124 3827508
.57 GQ03310_G03.1_clone=GQ03310_G03_cluster=GQ03310_G03_status=complete_gb=BT112124 3912520
.54 GQ03223_D04.2_clone=GQ03223_D04_cluster=GQ03223_D04_status=complete_gb=BT110538 3828917
.58 GQ03705_H18.1_clone=GQ03705_H18_cluster=GQ03705_H18_status=complete_gb=BT115744 839361
.40 GQ03705_H18.1_clone=GQ03705_H18_cluster=GQ03705_H18_status=complete_gb=BT115744 3820383
.99 GQ03224_N06.1_clone=GQ03224_N06_cluster=GQ03224_N06_status=complete_gb=BT110641 3913082
.27 GQ03238_A11.1_clone=GQ03238_A11_cluster=GQ03238_A11_status=complete_gb=BT111468 3913042
.23 GQ03238_A11.1_clone=GQ03238_A11_cluster=GQ03238_A11_status=complete_gb=BT111468 3913042
.54 GQ03709_M23.1_clone=GQ03709_M23_cluster=GQ03709_M23_status=complete_gb=BT115981 3822007
.36 GQ03519_N02.1_clone=GQ03519_N02_cluster=GQ03519_N02_status=complete_gb=BT114717 3825211
.55 GQ03519_N02.1_clone=GQ03519_N02_cluster=GQ03519_N02_status=complete_gb=BT114717 3818801
.25 GQ02818_B09.1_clone=GQ02818_B09_cluster=GQ02818_B09_status=complete_gb=BT105051 235360
.25 GQ02818_B09.1_clone=GQ02818_B09_cluster=GQ02818_B09_status=complete_gb=BT105051 3835571
.12 GQ02818_B09.1_clone=GQ02818_B09_cluster=GQ02818_B09_status=complete_gb=BT105051 2255793
.41 GQ03707_I11.1_clone=GQ03707_I11_cluster=GQ03707_I11_status=complete_gb=BT115857 1308094
.24 GQ03707_I11.1_clone=GQ03707_I11_cluster=GQ03707_I11_status=complete_gb=BT115857 605195
.26 GQ03707_I11.1_clone=GQ03707_I11_cluster=GQ03707_I11_status=complete_gb=BT115857 2017486
.24 GQ03707_I11.1_clone=GQ03707_I11_cluster=GQ03707_I11_status=complete_gb=BT115857 983326
.20 GQ03707_I11.1_clone=GQ03707_I11_cluster=GQ03707_I11_status=complete_gb=BT115857 3858838
.51 GQ03703_G22.1_clone=GQ03703_G22_cluster=GQ03703_G22_status=complete_gb=BT115638 3912935
.12 GQ03703_G22.1_clone=GQ03703_G22_cluster=GQ03703_G22_status=complete_gb=BT115638 895970
.49 GQ03233_I24.2_clone=GQ03233_I24_cluster=GQ03233_I24_status=complete_gb=BT111156 3821385
.17 GQ03233_I24.2_clone=GQ03233_I24_cluster=GQ03233_I24_status=complete_gb=BT111156 1163571
.09 GQ03233_I24.2_clone=GQ03233_I24_cluster=GQ03233_I24_status=complete_gb=BT111156 1163971
.09 GQ03233_I24.2_clone=GQ03233_I24_cluster=GQ03233_I24_status=complete_gb=BT111156 1243146
.39 GQ0167_B14.2_clone=GQ0167_B14_cluster=GQ0167_B14_status=complete_gb=BT102138 3834216
.22 GQ0167_B14.2_clone=GQ0167_B14_cluster=GQ0167_B14_status=complete_gb=BT102138 1163571
.13 GQ0167_B14.2_clone=GQ0167_B14_cluster=GQ0167_B14_status=complete_gb=BT102138 1163571
.10 GQ0167_B14.2_clone=GQ0167_B14_cluster=GQ0167_B14_status=complete_gb=BT102138 3821385
.96 GQ04013_A20.1_clone=GQ04013_A20_cluster=GQ04013_A20_status=complete_gb=BT118990 3912970
.42 GQ03204_A08.1_clone=GQ03204_A08_cluster=GQ03204_A08_status=complete_gb=BT109040 3913015
.27 GQ03204_A08.1_clone=GQ03204_A08_cluster=GQ03204_A08_status=complete_gb=BT109040 206559
.76 GQ03909_D05.1_clone=GQ03909_D05_cluster=GQ03909_D05_status=complete_gb=BT117730 3913073
.56 GQ03419_L16.2_clone=GQ03419_L16_cluster=GQ03419_L16_status=complete_gb=BT113762 3912954
.43 GQ03419_L16.2_clone=GQ03419_L16_cluster=GQ03419_L16_status=complete_gb=BT113762 3912954
.30 GQ0205_D12.1_clone=GQ0205_D12_cluster=GQ0205_D12_status=complete_gb=BT103028 3889584
.28 GQ0205_D12.1_clone=GQ0205_D12_cluster=GQ0205_D12_status=complete_gb=BT103028 250937
.41 GQ04109_J09.1_clone=GQ04109_J09_cluster=GQ04109_J09_status=complete_gb=BT119751 3913091
.17 GQ04109_J09.1_clone=GQ04109_J09_cluster=GQ04109_J09_status=complete_gb=BT119751 3913091
.17 GQ03112_K02.4_clone=GQ03112_K02_cluster=GQ03112_K02_status=complete_gb=BT107777 3824465
.12 GQ03112_K02.4_clone=GQ03112_K02_cluster=GQ03112_K02_status=complete_gb=BT107777 3822060
.03 GQ03112_K02.4_clone=GQ03112_K02_cluster=GQ03112_K02_status=complete_gb=BT107777 3829033
.24 WS0087_G04.1_clone=WS0087_G04_cluster=WS0087_G04_status=3 1186197
.74 WS0087_G04.1_clone=WS0087_G04_cluster=WS0087_G04_status=3 3912723
.75 GQ03302_I13.1_clone=GQ03302_I13_cluster=GQ03302_I13_status=complete_gb=BT111712 3912830
.15 GQ03302_I13.1_clone=GQ03302_I13_cluster=GQ03302_I13_status=complete_gb=BT111712 1255427
.29 GQ04109_K10.1_clone=GQ04109_K10_cluster=GQ04109_K10_status=complete_gb=BT119754 3819966
.15 GQ04109_K10.1_clone=GQ04109_K10_cluster=GQ04109_K10_status=complete_gb=BT119754 3827235
.97 GQ0177_D02.2_clone=GQ0177_D02_cluster=GQ0177_D02_status=complete_gb=BT102304 3912674
.68 GQ03913_P01.1_clone=GQ03913_P01_cluster=GQ03913_P01_status=complete_gb=BT117837 3913062
.52 GQ03207_G01.1_clone=GQ03207_G01_cluster=GQ03207_G01_status=complete_gb=BT109342 3912598
.41 GQ03404_A17.3_clone=GQ03404_A17_cluster=GQ03404_A17_status=complete_gb=BT113297 3912717
.54 GQ0035_E21.1_clone=GQ0035_E21_cluster=GQ0035_E21_status=complete_gb=BT100654 3821114
.25 GQ0035_E21.1_clone=GQ0035_E21_cluster=GQ0035_E21_status=complete_gb=BT100654 842963
.49 GQ02808_M13.1_clone=GQ02808_M13_cluster=GQ02808_M13_status=complete_gb=BT104306 3850422
.18 GQ02808_M13.1_clone=GQ02808_M13_cluster=GQ02808_M13_status=complete_gb=BT104306 1771462
.08 GQ02819_B03.4_clone=GQ02819_B03_cluster=GQ02819_B03_status=complete_gb=BT105143 3830824
.89 GQ02819_B03.4_clone=GQ02819_B03_cluster=GQ02819_B03_status=complete_gb=BT105143 3913030
.31 GQ04108_H16.1_clone=GQ04108_H16_cluster=GQ04108_H16_status=complete_gb=BT119661 1600099
.66 GQ04108_H16.1_clone=GQ04108_H16_cluster=GQ04108_H16_status=complete_gb=BT119661 3913027
.33 GQ02808_K09.2_clone=GQ02808_K09_cluster=GQ02808_K09_status=complete_gb=BT104294 3913026
.13 GQ02808_K09.2_clone=GQ02808_K09_cluster=GQ02808_K09_status=complete_gb=BT104294 3913026
.24 GQ03308_M19.1_clone=GQ03308_M19_cluster=GQ03308_M19_status=complete_gb=BT112015 3913048
.18 GQ03308_M19.1_clone=GQ03308_M19_cluster=GQ03308_M19_status=complete_gb=BT112015 3913048
.71 GQ02813_D19.1_clone=GQ02813_D19_cluster=GQ02813_D19_status=complete_gb=BT104665 3821153
.54 GQ03303_I07.1_clone=GQ03303_I07_cluster=GQ03303_I07_status=complete_gb=BT111778 3913014
.76 GQ03514_O04.1_clone=GQ03514_O04_cluster=GQ03514_O04_status=complete_gb=BT114459 3913080
.84 GQ02904_A01.4_clone=GQ02904_A01_cluster=GQ02904_A01_status=complete_gb=BT106151 3913041
.33 GQ02814_J18.1_clone=GQ02814_J18_cluster=GQ02814_J18_status=complete_gb=BT104769 3912841
.23 GQ02814_J18.1_clone=GQ02814_J18_cluster=GQ02814_J18_status=complete_gb=BT104769 669312
.12 GQ03313_M05.1_clone=GQ03313_M05_cluster=GQ03313_M05_status=complete_gb=BT112350 2772645
.61 GQ03313_M05.1_clone=GQ03313_M05_cluster=GQ03313_M05_status=complete_gb=BT112350 3912590
.43 GQ03906_M21.1_clone=GQ03906_M21_cluster=GQ03906_M21_status=complete_gb=BT117663 3822584
.55 GQ03906_M21.1_clone=GQ03906_M21_cluster=GQ03906_M21_status=complete_gb=BT117663 3818511
.12 GQ0069_O03.1_clone=GQ0069_O03_cluster=GQ0069_O03_status=complete_gb=BT101170 878733
.78 GQ0069_O03.1_clone=GQ0069_O03_cluster=GQ0069_O03_status=complete_gb=BT101170 3913019
.51 GQ0187_C02.1_clone=GQ0187_C02_cluster=GQ0187_C02_status=3 3912891
.94 GQ03914_E15.4_clone=GQ03914_E15_cluster=GQ03914_E15_status=complete_gb=BT117847 3913049
.49 GQ03237_J03.1_clone=GQ03237_J03_cluster=GQ03237_J03_status=complete_gb=BT111422 3818600
.29 GQ03237_J03.1_clone=GQ03237_J03_cluster=GQ03237_J03_status=complete_gb=BT111422 980143
.23 GQ03237_J03.1_clone=GQ03237_J03_cluster=GQ03237_J03_status=complete_gb=BT111422 759768
.23 GQ03237_J03.1_clone=GQ03237_J03_cluster=GQ03237_J03_status=complete_gb=BT111422 634355
.20 GQ03237_J03.1_clone=GQ03237_J03_cluster=GQ03237_J03_status=complete_gb=BT111422 3833573
.44 GQ01301_E02.1_clone=GQ01301_E02_cluster=GQ01301_E02_status=complete_gb=BT101289 3833836
.26 GQ01301_E02.1_clone=GQ01301_E02_cluster=GQ01301_E02_status=complete_gb=BT101289 910214
.78 GQ02816_E11.1_clone=GQ02816_E11_cluster=GQ02816_E11_status=complete_gb=BT104890 3830208
.21 GQ02816_E11.1_clone=GQ02816_E11_cluster=GQ02816_E11_status=complete_gb=BT104890 3856903
.49 GQ02829_F07.1_clone=GQ02829_F07_cluster=GQ02829_F07_status=complete_gb=BT105849 3824622
.89 GQ02819_H01.2_clone=GQ02819_H01_cluster=GQ02819_H01_status=complete_gb=BT105179 3912979
.35 GQ0167_M07.1_clone=GQ0167_M07_cluster=GQ0167_M07_status=complete_gb=BT102168 232331
.37 GQ0167_M07.1_clone=GQ0167_M07_cluster=GQ0167_M07_status=complete_gb=BT102168 3827543
.02 GQ03907_L22.1_clone=GQ03907_L22_cluster=GQ03907_L22_status=complete_gb=BT117693 3829490
.24 GQ03907_L22.1_clone=GQ03907_L22_cluster=GQ03907_L22_status=complete_gb=BT117693 3913002
.14 GQ03701_C15.1_clone=GQ03701_C15_cluster=GQ03701_C15_status=complete_gb=BT115536 1178484
.85 GQ03701_C15.1_clone=GQ03701_C15_cluster=GQ03701_C15_status=complete_gb=BT115536 3912754
.62 GQ03122_E05.1_clone=GQ03122_E05_cluster=GQ03122_E05_status=53 3913046
.60 GQ0168_L16.1_clone=GQ0168_L16_cluster=GQ0168_L16_status=complete_gb=BT102212 3912938
.18 GQ0168_L16.1_clone=GQ0168_L16_cluster=GQ0168_L16_status=complete_gb=BT102212 3822954
.74 WS0032_C15.1_clone=WS0032_C15_cluster=WS0032_C15_status=complete 3843840
.11 GQ03811_C08.1_clone=GQ03811_C08_cluster=GQ03811_C08_status=complete_gb=BT117017 429663
.13 GQ03811_C08.1_clone=GQ03811_C08_cluster=GQ03811_C08_status=complete_gb=BT117017 1244989
.45 GQ04005_H20.1_clone=GQ04005_H20_cluster=GQ04005_H20_status=complete_gb=BT118355 3912807
.40 GQ04005_H20.1_clone=GQ04005_H20_cluster=GQ04005_H20_status=complete_gb=BT118355 3823839
.89 WS00713_M03.1_clone=WS00713_M03_cluster=WS00713_M03_status=3 3886677
.48 GQ03818_I20.1_clone=GQ03818_I20_cluster=GQ03818_I20_status=complete_gb=BT117392 3912802
.10 GQ03818_I20.1_clone=GQ03818_I20_cluster=GQ03818_I20_status=complete_gb=BT117392 804314
.10 GQ03818_I20.1_clone=GQ03818_I20_cluster=GQ03818_I20_status=complete_gb=BT117392 3821496
.86 GQ02811_H24.1_clone=GQ02811_H24_cluster=GQ02811_H24_status=complete_gb=BT104528 3912627
.11 GQ02811_H24.1_clone=GQ02811_H24_cluster=GQ02811_H24_status=complete_gb=BT104528 766610
.10 GQ02811_H24.1_clone=GQ02811_H24_cluster=GQ02811_H24_status=complete_gb=BT104528 1074080
.33 GQ03619_J07.1_clone=GQ03619_J07_cluster=GQ03619_J07_status=complete_gb=BT115518 3912439
.16 GQ03619_J07.1_clone=GQ03619_J07_cluster=GQ03619_J07_status=complete_gb=BT115518 947113
.14 GQ03619_J07.1_clone=GQ03619_J07_cluster=GQ03619_J07_status=complete_gb=BT115518 463607
.11 GQ03619_J07.1_clone=GQ03619_J07_cluster=GQ03619_J07_status=complete_gb=BT115518 1074220
.12 GQ03619_J07.1_clone=GQ03619_J07_cluster=GQ03619_J07_status=complete_gb=BT115518 3823259
.99 GQ04008_H22.1_clone=GQ04008_H22_cluster=GQ04008_H22_status=complete_gb=BT118646 3913086
.19 GQ03227_I17.1_clone=GQ03227_I17_cluster=GQ03227_I17_status=complete_gb=BT110762 3828071
.65 GQ03227_I17.1_clone=GQ03227_I17_cluster=GQ03227_I17_status=complete_gb=BT110762 3818514
.99 GQ03313_C08.1_clone=GQ03313_C08_cluster=GQ03313_C08_status=complete_gb=BT112296 3912643
.45 GQ03011_B08.1_clone=GQ03011_B08_cluster=GQ03011_B08_status=complete_gb=BT106812 3826865
.39 GQ03011_B08.1_clone=GQ03011_B08_cluster=GQ03011_B08_status=complete_gb=BT106812 3820414
.36 GQ03011_B08.1_clone=GQ03011_B08_cluster=GQ03011_B08_status=complete_gb=BT106812 3830779
.41 GQ03011_B08.1_clone=GQ03011_B08_cluster=GQ03011_B08_status=complete_gb=BT106812 3844259
.12 GQ03011_B08.1_clone=GQ03011_B08_cluster=GQ03011_B08_status=complete_gb=BT106812 3827898
.38 GQ0133_I11.2_clone=GQ0133_I11_cluster=GQ0133_I11_status=53 3912726
.27 GQ0133_I11.2_clone=GQ0133_I11_cluster=GQ0133_I11_status=53 397262
.88 GQ03108_F01.1_clone=GQ03108_F01_cluster=GQ03108_F01_status=complete_gb=BT107493 3824932
.45 GQ03619_O16.1_clone=GQ03619_O16_cluster=GQ03619_O16_status=complete_gb=BT115522 3832734
.35 GQ03619_O16.1_clone=GQ03619_O16_cluster=GQ03619_O16_status=complete_gb=BT115522 3830122
.44 GQ03224_P06.1_clone=GQ03224_P06_cluster=GQ03224_P06_status=complete_gb=BT110650 509317
.48 GQ03224_P06.1_clone=GQ03224_P06_cluster=GQ03224_P06_status=complete_gb=BT110650 3841844
.64 GQ03304_J15.1_clone=GQ03304_J15_cluster=GQ03304_J15_status=complete_gb=BT111865 1103939
.64 GQ03304_J15.1_clone=GQ03304_J15_cluster=GQ03304_J15_status=complete_gb=BT111865 3819252
.64 GQ03321_A22.1_clone=GQ03321_A22_cluster=GQ03321_A22_status=complete_gb=BT112796 3821292
.17 GQ03321_A22.1_clone=GQ03321_A22_cluster=GQ03321_A22_status=complete_gb=BT112796 2794364
.23 GQ04007_J24.1_clone=GQ04007_J24_cluster=GQ04007_J24_status=complete_gb=BT118552 3912978
.17 GQ04007_J24.1_clone=GQ04007_J24_cluster=GQ04007_J24_status=complete_gb=BT118552 3876586
.38 GQ0168_I07.1_clone=GQ0168_I07_cluster=GQ0168_I07_status=complete_gb=BT102200 3823381
.18 GQ0168_I07.1_clone=GQ0168_I07_cluster=GQ0168_I07_status=complete_gb=BT102200 2261930
.16 GQ0168_I07.1_clone=GQ0168_I07_cluster=GQ0168_I07_status=complete_gb=BT102200 961202
.13 GQ0168_I07.1_clone=GQ0168_I07_cluster=GQ0168_I07_status=complete_gb=BT102200 1097940
.12 GQ0168_I07.1_clone=GQ0168_I07_cluster=GQ0168_I07_status=complete_gb=BT102200 3821553
.19 GQ02818_M03.1_clone=GQ02818_M03_cluster=GQ02818_M03_status=complete_gb=BT105116 3427686
.80 GQ02818_M03.1_clone=GQ02818_M03_cluster=GQ02818_M03_status=complete_gb=BT105116 3855330
.30 GQ03210_N13.1_clone=GQ03210_N13_cluster=GQ03210_N13_status=complete_gb=BT109628 3912724
.65 GQ03210_N13.1_clone=GQ03210_N13_cluster=GQ03210_N13_status=complete_gb=BT109628 3841396
.66 GQ03815_B07.1_clone=GQ03815_B07_cluster=GQ03815_B07_status=complete_gb=BT117210 3818064
.12 GQ03815_B07.1_clone=GQ03815_B07_cluster=GQ03815_B07_status=complete_gb=BT117210 508055
.11 GQ03815_B07.1_clone=GQ03815_B07_cluster=GQ03815_B07_status=complete_gb=BT117210 220364
.12 GQ03815_B07.1_clone=GQ03815_B07_cluster=GQ03815_B07_status=complete_gb=BT117210 3830749
.43 GQ03615_N10.1_clone=GQ03615_N10_cluster=GQ03615_N10_status=complete_gb=BT115403 3912727
.30 WS00742_J13.1_clone=WS00742_J13_cluster=WS00742_J13_status=complete 1268677
.37 WS00742_J13.1_clone=WS00742_J13_cluster=WS00742_J13_status=complete 3912610
.74 GQ03315_C18.1_clone=GQ03315_C18_cluster=GQ03315_C18_status=complete_gb=BT112430 3913016
.11 GQ03315_C18.1_clone=GQ03315_C18_cluster=GQ03315_C18_status=complete_gb=BT112430 485662
.49 GQ03517_G12.1_clone=GQ03517_G12_cluster=GQ03517_G12_status=complete_gb=BT114581 3912902
.94 GQ03712_H21.1_clone=GQ03712_H21_cluster=GQ03712_H21_status=complete_gb=BT116142 3913070
.87 GQ04008_K04.1_clone=GQ04008_K04_cluster=GQ04008_K04_status=complete_gb=BT118655 3912993
.28 GQ02811_C10.1_clone=GQ02811_C10_cluster=GQ02811_C10_status=complete_gb=BT104502 3827205
.65 GQ03408_E20.2_clone=GQ03408_E20_cluster=GQ03408_E20_status=5 3913038
.17 GQ03408_E20.2_clone=GQ03408_E20_cluster=GQ03408_E20_status=5 1076385
.09 GQ03408_E20.2_clone=GQ03408_E20_cluster=GQ03408_E20_status=5 3410952
.65 GQ03325_M02.1_clone=GQ03325_M02_cluster=GQ03325_M02_status=complete_gb=BT113107 3912730
.33 GQ04006_A02.1_clone=GQ04006_A02_cluster=GQ04006_A02_status=complete_gb=BT118401 3913010
.18 GQ04006_A02.1_clone=GQ04006_A02_cluster=GQ04006_A02_status=complete_gb=BT118401 3913010
.28 WS0328_A10.1_clone=WS0328_A10_cluster=WS0328_A10_status=3 3828174
.23 WS0328_A10.1_clone=WS0328_A10_cluster=WS0328_A10_status=3 1256465
.23 GQ03124_M22.1_clone=GQ03124_M22_cluster=GQ03124_M22_status=complete_gb=BT108640 3831966
.35 GQ03124_M22.1_clone=GQ03124_M22_cluster=GQ03124_M22_status=complete_gb=BT108640 3838844
.61 GQ0134_O02.1_clone=GQ0134_O02_cluster=GQ0134_O02_status=complete_gb=BT101975 3840193
.08 GQ0046_P04.1_clone=GQ0046_P04_cluster=GQ0046_P04_status=complete_gb=BT100842 2665529
.86 GQ0046_P04.1_clone=GQ0046_P04_cluster=GQ0046_P04_status=complete_gb=BT100842 3913020
.84 GQ03204_N14.2_clone=GQ03204_N14_cluster=GQ03204_N14_status=complete_gb=BT109112 3912994
.40 GQ03126_A01.1_clone=GQ03126_A01_cluster=GQ03126_A01_status=complete_gb=BT108721 3820998
.25 GQ03126_A01.1_clone=GQ03126_A01_cluster=GQ03126_A01_status=complete_gb=BT108721 1179616
.68 GQ03116_G03.1_clone=GQ03116_G03_cluster=GQ03116_G03_status=complete_gb=BT108060 3821965
.12 GQ03312_M19.2_clone=GQ03312_M19_cluster=GQ03312_M19_status=complete_gb=BT112268 3872856
.82 GQ03312_M19.2_clone=GQ03312_M19_cluster=GQ03312_M19_status=complete_gb=BT112268 3912936
.33 GQ03312_C03.1_clone=GQ03312_C03_cluster=GQ03312_C03_status=complete_gb=BT112216 3829985
.65 GQ03312_C03.1_clone=GQ03312_C03_cluster=GQ03312_C03_status=complete_gb=BT112216 3818861
.76 WS00820_C22.1_clone=WS00820_C22_cluster=WS00820_C22_status=complete 625407
.13 WS00820_C22.1_clone=WS00820_C22_cluster=WS00820_C22_status=complete 3823238
.13 WS00820_C22.1_clone=WS00820_C22_cluster=WS00820_C22_status=complete 625406
.16 WS00820_C22.1_clone=WS00820_C22_cluster=WS00820_C22_status=complete 625407
.49 GQ03319_A12.1_clone=GQ03319_A12_cluster=GQ03319_A12_status=complete_gb=BT112653 3903010
.22 GQ03319_A12.1_clone=GQ03319_A12_cluster=GQ03319_A12_status=complete_gb=BT112653 3848144
.22 GQ03319_A12.1_clone=GQ03319_A12_cluster=GQ03319_A12_status=complete_gb=BT112653 1584000
.77 GQ02804_A18.2_clone=GQ02804_A18_cluster=GQ02804_A18_status=complete_gb=BT103914 3913095
.58 GQ02824_K22.1_clone=GQ02824_K22_cluster=GQ02824_K22_status=complete_gb=BT105578 771528
.56 GQ02824_K22.1_clone=GQ02824_K22_cluster=GQ02824_K22_status=complete_gb=BT105578 1440461
.24 GQ02824_K22.1_clone=GQ02824_K22_cluster=GQ02824_K22_status=complete_gb=BT105578 679929
.08 GQ02824_K22.1_clone=GQ02824_K22_cluster=GQ02824_K22_status=complete_gb=BT105578 3819483
.08 GQ02824_K22.1_clone=GQ02824_K22_cluster=GQ02824_K22_status=complete_gb=BT105578 3843177
.53 GQ02804_L18.1_clone=GQ02804_L18_cluster=GQ02804_L18_status=complete_gb=BT103965 3845544
.22 GQ02815_O12.2_clone=GQ02815_O12_cluster=GQ02815_O12_status=complete_gb=BT104853 187270
.12 GQ02815_O12.2_clone=GQ02815_O12_cluster=GQ02815_O12_status=complete_gb=BT104853 3912654
.24 GQ02828_C24.1_clone=GQ02828_C24_cluster=GQ02828_C24_status=complete_gb=BT105768 3825454
