.48 augustus_masked-167841348-processed-gene-0.1-mRNA-1 4753493
.46 augustus_masked-167841348-processed-gene-0.1-mRNA-1 4757235
.02 augustus_masked-167841348-processed-gene-0.1-mRNA-1 4761347
.14 augustus_masked-168549316-processed-gene-0.4-mRNA-1 1018122
.85 augustus_masked-168549316-processed-gene-0.4-mRNA-1 4860655
.12 maker-168196590-augustus-gene-0.23-mRNA-1 4750283
.87 maker-168196590-augustus-gene-0.23-mRNA-1 4860517
.31 augustus_masked-164074907-processed-gene-0.0-mRNA-1 2612484
.18 augustus_masked-164074907-processed-gene-0.0-mRNA-1 1604316
.82 maker-168454354-snap-gene-0.19-mRNA-1 4752888
.15 maker-168454354-snap-gene-0.19-mRNA-1 4800485
.29 augustus_masked-168183416-processed-gene-0.7-mRNA-1 4751975
.16 augustus_masked-168183416-processed-gene-0.7-mRNA-1 1449398
.06 maker-168558918-snap-gene-0.58-mRNA-1 1398645
.06 maker-168558918-snap-gene-0.58-mRNA-1 4826681
.05 maker-168558918-snap-gene-0.58-mRNA-1 4749570
.32 maker-168071173-snap-gene-0.25-mRNA-1 4860330
.23 maker-168071173-snap-gene-0.25-mRNA-1 4763828
.16 maker-168071173-snap-gene-0.25-mRNA-1 4792517
.11 maker-168071173-snap-gene-0.25-mRNA-1 3341683
.10 maker-168071173-snap-gene-0.25-mRNA-1 4761170
.42 maker-168536713-augustus-gene-0.77-mRNA-1 4860725
.74 augustus_masked-168371449-processed-gene-0.0-mRNA-1 4860426
.18 augustus_masked-168371449-processed-gene-0.0-mRNA-1 4759150
.37 augustus_masked-168566798-processed-gene-0.5-mRNA-1 4816597
.17 maker-168071173-snap-gene-0.26-mRNA-1 1162973
.82 maker-168071173-snap-gene-0.26-mRNA-1 4860330
.82 genemark-168562072-processed-gene-0.47-mRNA-1 4855372
.04 genemark-168562072-processed-gene-0.47-mRNA-1 3586360
.67 genemark-168430154-processed-gene-0.9-mRNA-1 4765853
.21 genemark-168430154-processed-gene-0.9-mRNA-1 993213
.07 genemark-168430154-processed-gene-0.9-mRNA-1 993213
.77 maker-166600736-snap-gene-0.4-mRNA-1 4752376
.12 maker-166600736-snap-gene-0.4-mRNA-1 1170869
.24 augustus_masked-168196677-processed-gene-0.2-mRNA-1 4755560
.13 augustus_masked-168196677-processed-gene-0.2-mRNA-1 1039157
.01 augustus_masked-168196677-processed-gene-0.2-mRNA-1 1101830
.35 genemark-168348020-processed-gene-0.33-mRNA-1 4860624
.16 genemark-168348020-processed-gene-0.33-mRNA-1 1104820
.49 maker-168303944-snap-gene-0.63-mRNA-1 4860203
.21 maker-168303944-snap-gene-0.63-mRNA-1 4761445
.27 snap_masked-168573438-processed-gene-0.45-mRNA-1 1649563
.86 maker-168185089-augustus-gene-0.14-mRNA-3 4860723
.86 maker-168188920-snap-gene-0.33-mRNA-1 4748214
.03 maker-168188920-snap-gene-0.33-mRNA-1 783741
.03 maker-168188920-snap-gene-0.33-mRNA-1 4772435
.05 maker-168475398-augustus-gene-0.107-mRNA-1 4751579
.89 maker-168475398-augustus-gene-0.107-mRNA-1 4748109
.41 maker-168577580-snap-gene-0.22-mRNA-1 1262708
.41 maker-168577580-snap-gene-0.22-mRNA-1 1231784
.41 maker-168577580-snap-gene-0.22-mRNA-1 1640239
.41 maker-168577580-snap-gene-0.22-mRNA-1 4851917
.41 maker-168577580-snap-gene-0.22-mRNA-1 4747918
.84 snap_masked-168286040-processed-gene-0.19-mRNA-1 4860449
.15 snap_masked-168286040-processed-gene-0.19-mRNA-1 891923
.35 snap_masked-168209487-processed-gene-0.29-mRNA-1 716668
.43 maker-168147836-augustus-gene-0.37-mRNA-1 4860376
.18 maker-168147836-augustus-gene-0.37-mRNA-1 4747970
.15 maker-168147836-augustus-gene-0.37-mRNA-1 363223
.04 maker-168147836-augustus-gene-0.37-mRNA-1 4747617
.33 maker-168577511-augustus-gene-0.94-mRNA-1 4172777
.99 maker-168549175-snap-gene-1.79-mRNA-1 4860729
.11 maker-168188581-snap-gene-0.32-mRNA-1 4764941
.76 maker-168188581-snap-gene-0.32-mRNA-1 4860619
.20 maker-168568131-snap-gene-0.50-mRNA-1 4553565
.20 maker-168568131-snap-gene-0.50-mRNA-1 4793974
.20 maker-168568131-snap-gene-0.50-mRNA-1 1491855
.20 maker-168568131-snap-gene-0.50-mRNA-1 2581601
.20 maker-168568131-snap-gene-0.50-mRNA-1 3480848
.95 augustus_masked-168235624-processed-gene-0.0-mRNA-1 1072147
.76 augustus_masked-168235624-processed-gene-0.0-mRNA-1 4748936
.51 augustus_masked-168235624-processed-gene-0.0-mRNA-1 553508
.51 augustus_masked-168235624-processed-gene-0.0-mRNA-1 877420
.41 maker-168193532-augustus-gene-1.57-mRNA-1 4860220
.15 maker-168193532-augustus-gene-1.57-mRNA-1 3046096
.16 augustus_masked-164452728-processed-gene-0.1-mRNA-1 729375
.56 augustus_masked-164452728-processed-gene-0.1-mRNA-1 1185992
.66 maker-165892324-augustus-gene-0.3-mRNA-1 971175
.25 maker-165892324-augustus-gene-0.3-mRNA-1 4756289
.35 maker-168577544-augustus-gene-0.85-mRNA-1 4764962
.38 maker-168577544-augustus-gene-0.85-mRNA-1 4747421
.79 maker-168459549-snap-gene-0.49-mRNA-1 4860739
.01 maker-168459549-snap-gene-0.49-mRNA-1 4860739
.45 snap_masked-162303516-processed-gene-0.1-mRNA-1 4814047
.24 snap_masked-162303516-processed-gene-0.1-mRNA-1 4795753
.25 snap_masked-162303516-processed-gene-0.1-mRNA-1 1527622
.22 snap_masked-162303516-processed-gene-0.1-mRNA-1 2536039
.24 snap_masked-162303516-processed-gene-0.1-mRNA-1 329839
.26 augustus_masked-168567946-processed-gene-0.3-mRNA-1 4749166
.28 augustus_masked-168567946-processed-gene-0.3-mRNA-1 4752021
.46 augustus_masked-162249021-processed-gene-0.0-mRNA-1 1764412
.34 augustus_masked-162249021-processed-gene-0.0-mRNA-1 2002222
.77 augustus_masked-168509142-processed-gene-0.4-mRNA-1 1764576
.58 maker-168480253-augustus-gene-0.27-mRNA-1 4860499
.25 maker-168480253-augustus-gene-0.27-mRNA-1 4748382
.22 maker-168480253-augustus-gene-0.27-mRNA-1 2399176
.10 maker-168480253-augustus-gene-0.27-mRNA-1 1076437
.59 maker-162365180-snap-gene-0.5-mRNA-1 4756705
.56 maker-162365180-snap-gene-0.5-mRNA-1 4753030
.21 maker-162365180-snap-gene-0.5-mRNA-1 777593
.05 maker-162365180-snap-gene-0.5-mRNA-1 1809167
.61 augustus_masked-161588939-processed-gene-0.0-mRNA-1 1708177
.17 augustus_masked-167913867-processed-gene-0.3-mRNA-1 793404
.68 augustus_masked-167913867-processed-gene-0.3-mRNA-1 4860329
.98 snap_masked-168384425-processed-gene-0.40-mRNA-1 4860700
.52 augustus_masked-163922042-processed-gene-0.0-mRNA-1 4860412
.30 augustus_masked-163922042-processed-gene-0.0-mRNA-1 4747826
.59 maker-168381976-snap-gene-0.30-mRNA-1 4752211
.19 maker-168381976-snap-gene-0.30-mRNA-1 4750735
.16 maker-168381976-snap-gene-0.30-mRNA-1 1237750
.08 maker-168381976-snap-gene-0.30-mRNA-1 1605904
.81 augustus_masked-168260991-processed-gene-0.1-mRNA-1 4860539
.30 augustus_masked-163764686-processed-gene-0.0-mRNA-1 1252502
.59 augustus_masked-163764686-processed-gene-0.0-mRNA-1 4749558
.55 augustus_masked-162512667-processed-gene-0.1-mRNA-1 4778904
.22 augustus_masked-162512667-processed-gene-0.1-mRNA-1 4761603
.38 genemark-168479921-processed-gene-0.48-mRNA-1 4845679
.37 genemark-168479921-processed-gene-0.48-mRNA-1 2902280
.34 genemark-168479921-processed-gene-0.48-mRNA-1 4106590
.34 genemark-168479921-processed-gene-0.48-mRNA-1 1426281
.33 genemark-168479921-processed-gene-0.48-mRNA-1 2994773
.85 maker-168186755-snap-gene-0.28-mRNA-1 4860696
.40 snap_masked-168190688-processed-gene-0.42-mRNA-1 4758926
.57 snap_masked-168190688-processed-gene-0.42-mRNA-1 4751467
.75 maker-168510568-snap-gene-0.25-mRNA-1 4860728
.82 maker-168561168-snap-gene-0.36-mRNA-1 4860410
.99 maker-168185763-augustus-gene-0.15-mRNA-1 4860721
.57 maker-168558381-augustus-gene-0.76-mRNA-1 773213
.36 maker-168558381-augustus-gene-0.76-mRNA-1 417881
.56 maker-168568361-augustus-gene-0.53-mRNA-1 4860506
.17 maker-168568361-augustus-gene-0.53-mRNA-1 2028073
.17 maker-168568361-augustus-gene-0.53-mRNA-1 2545100
.17 maker-168568361-augustus-gene-0.53-mRNA-1 244691
.14 maker-168568361-augustus-gene-0.53-mRNA-1 2467826
.72 maker-168370578-snap-gene-0.38-mRNA-1 4860304
.87 maker-168337454-snap-gene-0.100-mRNA-1 4860353
.36 maker-168473591-augustus-gene-0.86-mRNA-1 4750384
.19 maker-168473591-augustus-gene-0.86-mRNA-1 1624880
.19 maker-168473591-augustus-gene-0.86-mRNA-1 667838
.13 maker-168473591-augustus-gene-0.86-mRNA-1 4749756
.39 maker-168328789-snap-gene-0.80-mRNA-1 4753538
.14 maker-168328789-snap-gene-0.80-mRNA-1 2429763
.14 maker-168328789-snap-gene-0.80-mRNA-1 4822970
.33 augustus_masked-167819482-processed-gene-0.0-mRNA-1 4749752
.46 augustus_masked-167819482-processed-gene-0.0-mRNA-1 4754681
.77 maker-168561329-augustus-gene-0.75-mRNA-1 4860740
.27 maker-168539047-snap-gene-0.95-mRNA-1 4751006
.14 maker-168539047-snap-gene-0.95-mRNA-1 4828134
.31 augustus_masked-163039900-processed-gene-0.0-mRNA-1 4752949
.56 augustus_masked-163039900-processed-gene-0.0-mRNA-1 4752900
.79 genemark-165904936-processed-gene-0.4-mRNA-1 4860719
.09 genemark-165904936-processed-gene-0.4-mRNA-1 669469
.22 maker-168184820-snap-gene-0.7-mRNA-1 1162530
.67 maker-168184820-snap-gene-0.7-mRNA-1 4860443
.99 maker-168188073-augustus-gene-0.104-mRNA-1 4860709
.36 maker-167880810-snap-gene-0.19-mRNA-1 4755271
.34 maker-167880810-snap-gene-0.19-mRNA-1 4860442
.40 maker-164004743-snap-gene-0.2-mRNA-1 2920174
.38 maker-164004743-snap-gene-0.2-mRNA-1 4237893
.51 maker-168274083-snap-gene-0.43-mRNA-1 4860325
.47 maker-168274083-snap-gene-0.43-mRNA-1 4816994
.89 maker-168500211-snap-gene-1.85-mRNA-1 4860269
.02 maker-168500211-snap-gene-1.85-mRNA-1 4785389
.98 augustus_masked-167892212-processed-gene-0.0-mRNA-1 4754614
.98 augustus_masked-167892212-processed-gene-0.0-mRNA-1 4747849
.41 maker-168559558-snap-gene-0.33-mRNA-1 4751518
.57 maker-168559558-snap-gene-0.33-mRNA-1 4751218
.36 augustus_masked-168226445-processed-gene-0.5-mRNA-1 4760612
.59 augustus_masked-168226445-processed-gene-0.5-mRNA-1 4753160
.60 maker-168189155-augustus-gene-0.80-mRNA-1 4860695
.39 maker-168189155-augustus-gene-0.80-mRNA-1 4860695
.94 maker-168574353-snap-gene-0.46-mRNA-1 4860732
.51 snap_masked-163747110-processed-gene-0.1-mRNA-1 1045649
.55 snap_masked-163747110-processed-gene-0.1-mRNA-1 1085599
.55 snap_masked-163747110-processed-gene-0.1-mRNA-1 1298289
.55 snap_masked-163747110-processed-gene-0.1-mRNA-1 773320
.55 snap_masked-163747110-processed-gene-0.1-mRNA-1 787357
.53 maker-168555804-augustus-gene-0.23-mRNA-1 4860722
.18 maker-168555804-augustus-gene-0.23-mRNA-1 4798737
.13 augustus_masked-168297507-processed-gene-0.8-mRNA-1 4787422
.86 augustus_masked-168297507-processed-gene-0.8-mRNA-1 1097831
.23 maker-162157327-snap-gene-0.4-mRNA-1 1093346
.38 maker-162157327-snap-gene-0.4-mRNA-1 1093345
.25 genemark-167951142-processed-gene-0.5-mRNA-1 1591929
.52 genemark-168467578-processed-gene-0.18-mRNA-1 4860724
.09 genemark-168467578-processed-gene-0.18-mRNA-1 2314289
.08 genemark-168467578-processed-gene-0.18-mRNA-1 2793797
.06 genemark-168467578-processed-gene-0.18-mRNA-1 3273779
.41 maker-168189776-augustus-gene-0.91-mRNA-1 4860492
.85 snap_masked-168182759-processed-gene-0.5-mRNA-1 4860255
.99 augustus_masked-167854562-processed-gene-0.4-mRNA-1 4860714
.52 maker-168465590-augustus-gene-0.32-mRNA-1 4860402
.25 maker-168240139-augustus-gene-0.22-mRNA-1 4860706
.54 maker-168240139-augustus-gene-0.22-mRNA-1 4749516
.15 genemark-168556946-processed-gene-0.25-mRNA-1 4850625
.68 genemark-168556946-processed-gene-0.25-mRNA-1 4761918
.10 maker-168319262-snap-gene-0.45-mRNA-1 1002686
.88 maker-168319262-snap-gene-0.45-mRNA-1 4860707
.47 genemark-168492325-processed-gene-0.56-mRNA-1 2113965
.52 genemark-168492325-processed-gene-0.56-mRNA-1 1767775
.06 maker-168473847-augustus-gene-0.45-mRNA-1 98238
.86 maker-168473847-augustus-gene-0.45-mRNA-1 4860715
.97 maker-168368284-augustus-gene-0.67-mRNA-1 4860608
.73 genemark-163729524-processed-gene-0.1-mRNA-1 1758179
.84 maker-168235827-snap-gene-0.12-mRNA-1 4860656
.15 maker-168235827-snap-gene-0.12-mRNA-1 1157113
.67 maker-168331534-augustus-gene-0.22-mRNA-1 4750113
.40 maker-168326283-snap-gene-0.12-mRNA-2 4860658
.64 maker-168186004-snap-gene-0.81-mRNA-1 4753773
.23 maker-168186004-snap-gene-0.81-mRNA-1 457715
.16 maker-168448377-augustus-gene-0.14-mRNA-1 4751417
.14 maker-168448377-augustus-gene-0.14-mRNA-1 4860708
.12 maker-168448377-augustus-gene-0.14-mRNA-1 4752375
.11 maker-168448377-augustus-gene-0.14-mRNA-1 4764596
.13 maker-168448377-augustus-gene-0.14-mRNA-1 4860708
.52 augustus_masked-162489380-processed-gene-0.0-mRNA-1 1909170
.27 augustus_masked-162489380-processed-gene-0.0-mRNA-1 1212065
.36 maker-164459445-snap-gene-0.3-mRNA-1 4750301
.63 maker-164459445-snap-gene-0.3-mRNA-1 4749363
.59 maker-168186500-augustus-gene-0.23-mRNA-1 4749105
.15 maker-168186500-augustus-gene-0.23-mRNA-1 3246060
.99 snap_masked-166706928-processed-gene-0.2-mRNA-1 4860703
.75 maker-167794345-snap-gene-0.12-mRNA-1 4860185
.11 maker-168533921-snap-gene-0.40-mRNA-2 4386778
.74 maker-168533921-snap-gene-0.40-mRNA-2 4860566
.46 maker-168420642-augustus-gene-0.12-mRNA-1 4811361
.34 maker-168420642-augustus-gene-0.12-mRNA-1 4756188
.32 maker-168420642-augustus-gene-0.12-mRNA-1 4749902
.23 maker-168420642-augustus-gene-0.12-mRNA-1 731846
.23 maker-168420642-augustus-gene-0.12-mRNA-1 4749901
.25 maker-168577405-augustus-gene-0.88-mRNA-1 4753747
.61 maker-168577405-augustus-gene-0.88-mRNA-1 4860438
.88 maker-168415125-augustus-gene-0.14-mRNA-1 4754828
.11 maker-168415125-augustus-gene-0.14-mRNA-1 4753789
.52 snap_masked-167927778-processed-gene-0.7-mRNA-1 4860705
.23 snap_masked-167927778-processed-gene-0.7-mRNA-1 4757998
.17 snap_masked-167927778-processed-gene-0.7-mRNA-1 1441017
.28 maker-168393804-augustus-gene-0.51-mRNA-1 4752365
.44 maker-168393804-augustus-gene-0.51-mRNA-1 4752364
.51 maker-168324215-snap-gene-0.51-mRNA-1 4860698
.27 maker-168324215-snap-gene-0.51-mRNA-1 4860495
.46 maker-168186104-snap-gene-0.12-mRNA-1 4860514
.06 maker-168186104-snap-gene-0.12-mRNA-1 4752166
.05 maker-168186104-snap-gene-0.12-mRNA-1 1100484
.31 maker-168187467-augustus-gene-0.33-mRNA-1 869137
.31 maker-168187467-augustus-gene-0.33-mRNA-1 4840362
.17 maker-168187467-augustus-gene-0.33-mRNA-1 4860731
.12 maker-168187467-augustus-gene-0.33-mRNA-1 4765781
.99 maker-168414234-snap-gene-0.116-mRNA-1 4860717
.60 maker-168541175-snap-gene-0.75-mRNA-1 4860589
.38 maker-168555980-augustus-gene-0.35-mRNA-1 4860194
.21 maker-168555980-augustus-gene-0.35-mRNA-1 1586857
.15 maker-168555980-augustus-gene-0.35-mRNA-1 943449
.18 maker-168555980-augustus-gene-0.35-mRNA-1 773213
.08 maker-168555980-augustus-gene-0.35-mRNA-1 4781793
.84 maker-168226344-augustus-gene-0.79-mRNA-1 4752879
.18 augustus_masked-168565843-processed-gene-0.5-mRNA-1 1399999
.75 augustus_masked-168565843-processed-gene-0.5-mRNA-1 4860435
.76 augustus_masked-168395551-processed-gene-0.12-mRNA-1 1595825
.64 augustus_masked-163847034-processed-gene-0.0-mRNA-1 4752384
.22 augustus_masked-163847034-processed-gene-0.0-mRNA-1 4756117
.49 maker-168226653-snap-gene-0.47-mRNA-1 4860491
.16 maker-168226653-snap-gene-0.47-mRNA-1 4755374
.81 maker-168436858-snap-gene-0.6-mRNA-1 4860494
.68 snap_masked-168447320-processed-gene-0.27-mRNA-1 443637
.31 snap_masked-168447320-processed-gene-0.27-mRNA-1 950526
.06 maker-168491338-augustus-gene-0.13-mRNA-1 4769859
.88 maker-168491338-augustus-gene-0.13-mRNA-1 4860718
.38 maker-168121362-augustus-gene-0.24-mRNA-1 4752243
.60 maker-168545579-snap-gene-0.16-mRNA-1 4860546
.12 maker-168545579-snap-gene-0.16-mRNA-1 3449371
.53 augustus_masked-165950810-processed-gene-0.1-mRNA-1 4860648
.36 augustus_masked-165950810-processed-gene-0.1-mRNA-1 4766311
.45 maker-168482134-snap-gene-0.60-mRNA-1 4761315
.35 augustus_masked-168414897-processed-gene-0.2-mRNA-1 4126446
.68 augustus_masked-165783827-processed-gene-0.1-mRNA-1 4747328
.20 augustus_masked-165783827-processed-gene-0.1-mRNA-1 4759946
.14 maker-166367869-snap-gene-0.4-mRNA-1 4756473
.78 maker-166367869-snap-gene-0.4-mRNA-1 4749709
.56 maker-168569351-snap-gene-1.125-mRNA-1 2028215
.36 maker-168569351-snap-gene-1.125-mRNA-1 2969607
.76 augustus_masked-166914911-processed-gene-0.0-mRNA-1 4860459
.15 augustus_masked-166914911-processed-gene-0.0-mRNA-1 4749058
.08 augustus_masked-166914911-processed-gene-0.0-mRNA-1 573145
.28 augustus_masked-168559102-processed-gene-0.7-mRNA-1 585765
.59 augustus_masked-168559102-processed-gene-0.7-mRNA-1 4860285
.63 maker-168524176-snap-gene-0.11-mRNA-1 4752296
.30 maker-168524176-snap-gene-0.11-mRNA-1 4755790
.98 maker-168185784-snap-gene-0.17-mRNA-1 4860711
.59 augustus_masked-168566019-processed-gene-0.3-mRNA-1 1991666
.36 augustus_masked-168566019-processed-gene-0.3-mRNA-1 3165560
.22 augustus_masked-168566215-processed-gene-0.9-mRNA-1 866749
.22 augustus_masked-168566215-processed-gene-0.9-mRNA-1 4806741
.22 augustus_masked-168566215-processed-gene-0.9-mRNA-1 4778307
.59 maker-166219764-augustus-gene-0.6-mRNA-2 4750629
.30 maker-166219764-augustus-gene-0.6-mRNA-2 4750751
.57 maker-166219764-augustus-gene-0.6-mRNA-1 4750629
.31 maker-166219764-augustus-gene-0.6-mRNA-1 4750751
.61 augustus_masked-168559199-processed-gene-0.17-mRNA-1 4751814
.09 augustus_masked-168559199-processed-gene-0.17-mRNA-1 2418493
.06 augustus_masked-168559199-processed-gene-0.17-mRNA-1 574968
.21 augustus_masked-168559199-processed-gene-0.17-mRNA-1 4749070
.58 augustus_masked-163451483-processed-gene-0.0-mRNA-1 798383
.99 maker-166750857-snap-gene-0.4-mRNA-1 4860349
.65 maker-166750857-snap-gene-0.4-mRNA-1 4748234
.60 maker-166750857-snap-gene-0.4-mRNA-1 1035795
.78 genemark-168482257-processed-gene-0.27-mRNA-1 4860701
.09 genemark-168482257-processed-gene-0.27-mRNA-1 2393315
.84 maker-168232336-snap-gene-0.20-mRNA-1 4860720
.04 maker-168232336-snap-gene-0.20-mRNA-1 4794579
.81 augustus_masked-168570117-processed-gene-0.3-mRNA-1 4749402
.18 augustus_masked-168570117-processed-gene-0.3-mRNA-1 226110
.31 snap_masked-168299952-processed-gene-0.3-mRNA-1 2478491
.78 maker-168449994-augustus-gene-0.21-mRNA-1 4860446
0 maker-168449994-augustus-gene-0.21-mRNA-1 1301377
0 maker-168449994-augustus-gene-0.21-mRNA-1 1751286
.40 maker-166686765-snap-gene-0.5-mRNA-1 4860394
.59 maker-166686765-snap-gene-0.5-mRNA-1 1969362
.29 maker-168427633-snap-gene-0.31-mRNA-1 4748441
.26 augustus_masked-24901332-processed-gene-0.0-mRNA-1 1423896
.72 augustus_masked-24901332-processed-gene-0.0-mRNA-1 4750820
.23 maker-168483597-augustus-gene-0.13-mRNA-1 4757210
.70 maker-168483597-augustus-gene-0.13-mRNA-1 4860736
.06 maker-168557063-augustus-gene-0.134-mRNA-1 4756925
.59 maker-168557063-augustus-gene-0.134-mRNA-1 4860192
.57 genemark-168368172-processed-gene-0.11-mRNA-1 4860724
.15 genemark-168368172-processed-gene-0.11-mRNA-1 2171848
.36 genemark-168042482-processed-gene-0.52-mRNA-1 4860724
.28 genemark-168042482-processed-gene-0.52-mRNA-1 4751398
.14 genemark-168042482-processed-gene-0.52-mRNA-1 4860724
.02 genemark-168042482-processed-gene-0.52-mRNA-1 4860724
.79 augustus_masked-168527842-processed-gene-0.8-mRNA-1 4860282
.20 augustus_masked-168527842-processed-gene-0.8-mRNA-1 4753122
.84 maker-167937669-augustus-gene-0.18-mRNA-2 4860704
.15 maker-167937669-augustus-gene-0.18-mRNA-2 534295
.26 augustus_masked-168342061-processed-gene-0.1-mRNA-1 1767486
.25 augustus_masked-168342061-processed-gene-0.1-mRNA-1 4781499
.17 augustus_masked-168342061-processed-gene-0.1-mRNA-1 4788801
.21 augustus_masked-168342061-processed-gene-0.1-mRNA-1 4781499
.32 augustus_masked-168529508-processed-gene-0.0-mRNA-1 4860716
.27 augustus_masked-168529508-processed-gene-0.0-mRNA-1 4860716
.25 maker-168560687-augustus-gene-0.76-mRNA-1 4860235
.10 maker-168560687-augustus-gene-0.76-mRNA-1 4763212
.79 maker-167905121-snap-gene-0.10-mRNA-1 4860414
.13 maker-167905121-snap-gene-0.10-mRNA-1 1914091
.13 maker-167905121-snap-gene-0.10-mRNA-1 4755667
.13 maker-167905121-snap-gene-0.10-mRNA-1 1368001
.53 augustus_masked-165624922-processed-gene-0.0-mRNA-1 1297175
.46 augustus_masked-165624922-processed-gene-0.0-mRNA-1 4747693
.25 maker-163137976-snap-gene-0.4-mRNA-1 1461800
.61 maker-163137976-snap-gene-0.4-mRNA-1 747349
.33 genemark-166264715-processed-gene-0.0-mRNA-1 1654017
.10 snap_masked-164538801-processed-gene-0.1-mRNA-1 2383848
.20 snap_masked-164538801-processed-gene-0.1-mRNA-1 238110
.47 genemark-168566761-processed-gene-0.17-mRNA-1 4791676
.26 genemark-168566761-processed-gene-0.17-mRNA-1 4784414
.39 augustus_masked-162579802-processed-gene-0.0-mRNA-1 4747893
.25 augustus_masked-162579802-processed-gene-0.0-mRNA-1 4751579
.85 augustus_masked-168194783-processed-gene-1.32-mRNA-1 4748059
.12 augustus_masked-168194783-processed-gene-1.32-mRNA-1 1256847
.37 maker-164740903-augustus-gene-0.3-mRNA-1 4802290
.30 maker-164740903-augustus-gene-0.3-mRNA-1 1281686
.59 maker-168232216-augustus-gene-0.60-mRNA-1 4751380
.37 maker-168232216-augustus-gene-0.60-mRNA-1 4778897
.55 augustus_masked-168324996-processed-gene-0.1-mRNA-1 382674
.24 augustus_masked-168324996-processed-gene-0.1-mRNA-1 4771419
.51 augustus_masked-167823414-processed-gene-0.6-mRNA-1 1168889
.39 augustus_masked-167823414-processed-gene-0.6-mRNA-1 2376594
.38 augustus_masked-167823414-processed-gene-0.6-mRNA-1 517927
.38 augustus_masked-167823414-processed-gene-0.6-mRNA-1 4763441
.66 maker-165332935-snap-gene-0.5-mRNA-1 4860520
.33 maker-165332935-snap-gene-0.5-mRNA-1 4786291
.36 augustus_masked-167990768-processed-gene-0.1-mRNA-1 4860715
.57 genemark-167821227-processed-gene-0.6-mRNA-1 4768465
.20 genemark-167821227-processed-gene-0.6-mRNA-1 1567652
.21 genemark-167821227-processed-gene-0.6-mRNA-1 1689869
.14 genemark-167821227-processed-gene-0.6-mRNA-1 4156264
.12 genemark-167821227-processed-gene-0.6-mRNA-1 3883157
.27 snap_masked-168488885-processed-gene-0.4-mRNA-1 4749705
.25 snap_masked-168488885-processed-gene-0.4-mRNA-1 4781685
.14 snap_masked-168488885-processed-gene-0.4-mRNA-1 1095191
.56 maker-168571622-augustus-gene-0.43-mRNA-1 4860730
.40 maker-168327604-snap-gene-0.22-mRNA-1 4850891
.30 maker-168327604-snap-gene-0.22-mRNA-1 1354451
.20 maker-168327604-snap-gene-0.22-mRNA-1 965920
.15 maker-168327604-snap-gene-0.22-mRNA-1 956859
.09 maker-168327604-snap-gene-0.22-mRNA-1 1250533
.45 maker-168407624-snap-gene-0.97-mRNA-1 4860622
.46 snap_masked-168187287-processed-gene-0.28-mRNA-1 4760881
.46 snap_masked-168187287-processed-gene-0.28-mRNA-1 4214974
.75 augustus_masked-168377306-processed-gene-0.5-mRNA-1 4860733
.12 augustus_masked-168377306-processed-gene-0.5-mRNA-1 895986
.56 maker-168187992-snap-gene-0.19-mRNA-1 4860705
.33 maker-168187992-snap-gene-0.19-mRNA-1 4748280
.73 genemark-168540292-processed-gene-0.63-mRNA-1 4756424
.62 genemark-168540292-processed-gene-0.63-mRNA-1 4753765
.22 augustus_masked-168448574-processed-gene-0.0-mRNA-1 4782134
.77 augustus_masked-168448574-processed-gene-0.0-mRNA-1 4756960
.76 maker-167805075-snap-gene-0.60-mRNA-1 4770430
.08 maker-167805075-snap-gene-0.60-mRNA-1 4761005
.37 maker-167859797-snap-gene-0.52-mRNA-1 4752463
.51 maker-167859797-snap-gene-0.52-mRNA-1 4751967
.88 maker-168499295-snap-gene-0.52-mRNA-1 4860738
.75 maker-168353270-augustus-gene-0.73-mRNA-1 4753635
.19 maker-168353270-augustus-gene-0.73-mRNA-1 4750330
.22 maker-168059474-augustus-gene-0.97-mRNA-1 317843
.60 maker-168059474-augustus-gene-0.97-mRNA-1 4756738
.28 augustus_masked-168574366-processed-gene-0.0-mRNA-1 1003710
.24 augustus_masked-168574366-processed-gene-0.0-mRNA-1 1450548
.57 genemark-168262150-processed-gene-0.27-mRNA-1 4860614
.25 genemark-168262150-processed-gene-0.27-mRNA-1 4756987
.45 maker-167877492-snap-gene-0.15-mRNA-1 4860536
.54 maker-167877492-snap-gene-0.15-mRNA-1 4860536
.03 genemark-168304985-processed-gene-0.19-mRNA-1 1204422
.18 genemark-168304985-processed-gene-0.19-mRNA-1 4761152
.84 maker-168192479-augustus-gene-0.25-mRNA-1 4860727
.35 genemark-168464232-processed-gene-0.37-mRNA-1 4763065
.64 genemark-168464232-processed-gene-0.37-mRNA-1 605251
.60 augustus_masked-168439791-processed-gene-0.16-mRNA-1 4818686
.18 genemark-167443867-processed-gene-0.1-mRNA-1 1498632
.53 maker-168395740-snap-gene-0.17-mRNA-1 1654910
.07 maker-168395740-snap-gene-0.17-mRNA-1 4565390
.84 snap_masked-168455340-processed-gene-0.19-mRNA-1 4759480
.08 snap_masked-168455340-processed-gene-0.19-mRNA-1 4830802
.99 maker-168496243-augustus-gene-0.17-mRNA-1 4860734
.10 maker-168573677-snap-gene-0.21-mRNA-1 1085632
.88 maker-168573677-snap-gene-0.21-mRNA-1 4860683
.71 snap_masked-168237658-processed-gene-0.7-mRNA-1 4860710
.79 augustus_masked-168426091-processed-gene-0.9-mRNA-1 4860432
.71 maker-168181010-snap-gene-0.12-mRNA-1 4750962
.27 maker-168181010-snap-gene-0.12-mRNA-1 1553096
.58 augustus_masked-161653849-processed-gene-0.0-mRNA-1 4751385
.41 augustus_masked-161653849-processed-gene-0.0-mRNA-1 4803595
.85 maker-168183510-snap-gene-0.57-mRNA-1 4860699
.10 maker-168183510-snap-gene-0.57-mRNA-1 4747474
.15 maker-168573412-augustus-gene-0.7-mRNA-1 2079765
.84 maker-168573412-augustus-gene-0.7-mRNA-1 4860657
.99 augustus_masked-168303890-processed-gene-0.3-mRNA-1 4860326
.62 maker-168368659-snap-gene-0.26-mRNA-1 4860651
.30 maker-168368659-snap-gene-0.26-mRNA-1 4747835
.71 maker-168558026-augustus-gene-0.29-mRNA-1 4860623
.18 maker-168558026-augustus-gene-0.29-mRNA-1 4826154
.61 snap_masked-168395633-processed-gene-0.87-mRNA-1 4748026
.76 augustus_masked-166195931-processed-gene-0.0-mRNA-1 4860737
.67 maker-168188721-augustus-gene-2.68-mRNA-1 4860373
.10 maker-168188721-augustus-gene-2.68-mRNA-1 4860327
.40 maker-168550641-augustus-gene-0.66-mRNA-1 4860713
.19 maker-168550641-augustus-gene-0.66-mRNA-1 4860713
.16 maker-168550641-augustus-gene-0.66-mRNA-1 1307532
.16 maker-168550641-augustus-gene-0.66-mRNA-1 995716
.18 maker-168451561-snap-gene-0.40-mRNA-1 905549
.15 maker-168451561-snap-gene-0.40-mRNA-1 4750314
.05 maker-168451561-snap-gene-0.40-mRNA-1 4747848
.03 maker-168451561-snap-gene-0.40-mRNA-1 4747848
.54 augustus_masked-166977956-processed-gene-0.0-mRNA-1 4860311
.05 augustus_masked-166977956-processed-gene-0.0-mRNA-1 4771520
.56 genemark-168198688-processed-gene-0.23-mRNA-1 4860614
.14 genemark-168198688-processed-gene-0.23-mRNA-1 999371
.12 genemark-168198688-processed-gene-0.23-mRNA-1 4748805
.17 augustus_masked-168150974-processed-gene-0.6-mRNA-1 626844
.82 augustus_masked-168150974-processed-gene-0.6-mRNA-1 4860204
.49 maker-168553218-snap-gene-0.39-mRNA-1 4751303
.43 maker-168553218-snap-gene-0.39-mRNA-1 4766845
.72 snap_masked-168562908-processed-gene-0.15-mRNA-1 4748994
.27 snap_masked-168562908-processed-gene-0.15-mRNA-1 1956459
.27 maker-168501330-snap-gene-1.63-mRNA-1 4795675
.25 maker-168501330-snap-gene-1.63-mRNA-1 4749618
.08 augustus_masked-168182937-processed-gene-0.1-mRNA-1 1219573
.11 augustus_masked-168182937-processed-gene-0.1-mRNA-1 1491058
.04 augustus_masked-168182937-processed-gene-0.1-mRNA-1 222714
.04 augustus_masked-168182937-processed-gene-0.1-mRNA-1 2525377
.04 augustus_masked-168182937-processed-gene-0.1-mRNA-1 3586315
.78 maker-168439296-snap-gene-0.17-mRNA-1 4860702
.21 maker-168439296-snap-gene-0.17-mRNA-1 4755996
.50 maker-168513966-augustus-gene-0.5-mRNA-1 866749
.42 maker-168513966-augustus-gene-0.5-mRNA-1 4806741
.09 maker-168513966-augustus-gene-0.5-mRNA-1 4751257
.09 maker-168513966-augustus-gene-0.5-mRNA-1 4765841
.04 maker-168513966-augustus-gene-0.5-mRNA-1 4765841
.34 maker-168183116-augustus-gene-0.24-mRNA-1 4860726
.32 maker-168183116-augustus-gene-0.24-mRNA-1 4860726
.13 maker-168183116-augustus-gene-0.24-mRNA-1 1106200
.35 maker-168183116-augustus-gene-0.24-mRNA-2 4860726
.34 maker-168183116-augustus-gene-0.24-mRNA-2 4860726
.14 maker-168183116-augustus-gene-0.24-mRNA-2 1106200
.73 augustus_masked-167983268-processed-gene-0.4-mRNA-1 4747894
.58 maker-168482879-snap-gene-0.54-mRNA-1 4860364
.84 augustus_masked-168548265-processed-gene-0.2-mRNA-1 4763854
.09 augustus_masked-168548265-processed-gene-0.2-mRNA-1 2146087
.23 maker-168185342-snap-gene-0.56-mRNA-1 4768569
.32 maker-168185342-snap-gene-0.56-mRNA-1 4756877
.86 maker-168188590-augustus-gene-0.42-mRNA-1 4860646
.12 maker-168188590-augustus-gene-0.42-mRNA-1 4747431
.26 maker-166750527-augustus-gene-0.2-mRNA-1 441397
.73 maker-166750527-augustus-gene-0.2-mRNA-1 4860348
.99 maker-168573369-augustus-gene-0.85-mRNA-1 4860692
.83 augustus_masked-168234756-processed-gene-0.1-mRNA-1 4860690
.54 snap_masked-167243482-processed-gene-0.3-mRNA-1 624599
.45 snap_masked-167243482-processed-gene-0.3-mRNA-1 4749410
