.10 genemark-168576828-processed-gene-0.30-mRNA-1 2739811
.78 genemark-168576828-processed-gene-0.30-mRNA-1 2804706
.30 genemark-167852747-processed-gene-0.8-mRNA-1 2752505
.98 maker-166966538-snap-gene-0.5-mRNA-1 2805037
.99 maker-168156708-snap-gene-0.8-mRNA-1 2750281
.99 maker-167812013-augustus-gene-0.8-mRNA-1 2804966
.21 genemark-168224158-processed-gene-0.19-mRNA-1 2748528
.45 snap_masked-168070124-processed-gene-0.4-mRNA-1 2804915
.12 snap_masked-168070124-processed-gene-0.4-mRNA-1 2762625
.43 maker-166409453-snap-gene-0.4-mRNA-1 2738271
.67 maker-168462792-augustus-gene-0.26-mRNA-2 2804633
.95 maker-163491249-augustus-gene-0.3-mRNA-1 2737120
.99 maker-168511479-augustus-gene-0.38-mRNA-1 2805031
.28 snap_masked-168391796-processed-gene-0.4-mRNA-1 318903
.52 snap_masked-168391796-processed-gene-0.4-mRNA-1 505278
.09 augustus_masked-167906599-processed-gene-0.1-mRNA-1 2737933
.90 augustus_masked-167906599-processed-gene-0.1-mRNA-1 1009236
.98 maker-167843016-snap-gene-0.39-mRNA-1 2805019
.37 augustus_masked-163649901-processed-gene-0.0-mRNA-1 2739131
.21 augustus_masked-163649901-processed-gene-0.0-mRNA-1 119134
.15 augustus_masked-163649901-processed-gene-0.0-mRNA-1 88399
.43 maker-168540196-snap-gene-0.47-mRNA-1 2764498
.55 maker-168540196-snap-gene-0.47-mRNA-1 2740959
.05 maker-168388846-augustus-gene-0.100-mRNA-1 606538
.29 maker-168388846-augustus-gene-0.100-mRNA-1 2747658
.83 maker-168093410-snap-gene-0.20-mRNA-1 2804663
.15 maker-168093410-snap-gene-0.20-mRNA-1 448299
.15 maker-168093410-snap-gene-0.20-mRNA-1 2758786
.31 augustus_masked-168573022-processed-gene-0.7-mRNA-1 2737659
.56 augustus_masked-168573022-processed-gene-0.7-mRNA-1 2737659
.33 maker-168364417-augustus-gene-0.17-mRNA-1 841344
.38 maker-168364417-augustus-gene-0.17-mRNA-1 2753986
.47 maker-168539019-snap-gene-0.14-mRNA-1 2805021
.11 maker-168539019-snap-gene-0.14-mRNA-1 2805021
.34 maker-168278869-augustus-gene-0.6-mRNA-1 2739060
.24 maker-168278869-augustus-gene-0.6-mRNA-1 2804900
.27 maker-168289507-augustus-gene-0.108-mRNA-1 733070
.72 maker-168289507-augustus-gene-0.108-mRNA-1 2804886
.17 maker-168188421-snap-gene-0.25-mRNA-1 2805000
.81 maker-168188421-snap-gene-0.25-mRNA-1 2805000
.68 augustus_masked-168185102-processed-gene-0.22-mRNA-1 2736736
.21 augustus_masked-168185102-processed-gene-0.22-mRNA-1 1240152
.84 maker-168435638-snap-gene-0.58-mRNA-1 2737687
.24 maker-168548761-augustus-gene-0.11-mRNA-1 2737811
.10 maker-168548761-augustus-gene-0.11-mRNA-1 2737621
.08 maker-168548761-augustus-gene-0.11-mRNA-1 611700
.07 maker-168548761-augustus-gene-0.11-mRNA-1 579390
.78 maker-168357046-snap-gene-0.16-mRNA-1 2804994
.21 maker-168357046-snap-gene-0.16-mRNA-1 2804994
.99 maker-168573665-augustus-gene-0.53-mRNA-1 2804690
.99 maker-168450719-augustus-gene-0.5-mRNA-1 2804903
.99 augustus_masked-168382621-processed-gene-0.0-mRNA-1 2804810
.32 augustus_masked-168183560-processed-gene-0.0-mRNA-1 2738170
.49 augustus_masked-168183560-processed-gene-0.0-mRNA-1 2737942
.46 maker-168185277-augustus-gene-0.45-mRNA-1 2741084
.36 maker-168185277-augustus-gene-0.45-mRNA-1 2804479
.98 maker-168442986-snap-gene-0.15-mRNA-1 2805023
.15 augustus_masked-166104034-processed-gene-0.1-mRNA-1 2805014
.57 augustus_masked-166104034-processed-gene-0.1-mRNA-1 2805014
.36 augustus_masked-167395132-processed-gene-0.0-mRNA-1 2777927
.34 augustus_masked-167395132-processed-gene-0.0-mRNA-1 1143663
.34 maker-168185358-snap-gene-0.18-mRNA-1 361498
.30 maker-168185358-snap-gene-0.18-mRNA-1 2741739
.28 maker-168185358-snap-gene-0.18-mRNA-1 548089
.11 maker-168185358-snap-gene-0.18-mRNA-1 548090
.11 maker-168185358-snap-gene-0.18-mRNA-1 613191
.99 maker-162373558-augustus-gene-0.4-mRNA-1 2804889
.61 maker-168522740-snap-gene-0.14-mRNA-1 2804766
.16 maker-168522740-snap-gene-0.14-mRNA-1 2769282
.77 maker-168085995-snap-gene-0.6-mRNA-1 2804681
.08 maker-168085995-snap-gene-0.6-mRNA-1 1694751
.08 maker-168085995-snap-gene-0.6-mRNA-1 419125
.36 augustus_masked-168188231-processed-gene-0.9-mRNA-1 2740894
.60 augustus_masked-168188231-processed-gene-0.9-mRNA-1 2804914
.39 augustus_masked-85859648-processed-gene-0.1-mRNA-1 1348675
.78 augustus_masked-168509231-processed-gene-0.4-mRNA-1 2804464
.21 augustus_masked-168509231-processed-gene-0.4-mRNA-1 2752041
.75 maker-168190883-snap-gene-0.33-mRNA-1 2805022
.55 snap_masked-168521171-processed-gene-0.22-mRNA-1 1743856
.54 snap_masked-168521171-processed-gene-0.22-mRNA-1 2290052
.12 snap_masked-168521171-processed-gene-0.22-mRNA-1 2033863
.12 snap_masked-168521171-processed-gene-0.22-mRNA-1 553772
.99 maker-167813193-snap-gene-0.13-mRNA-1 2805017
.48 maker-168145721-snap-gene-0.16-mRNA-1 2738199
.38 maker-168410441-augustus-gene-0.24-mRNA-1 2739227
.30 maker-168410441-augustus-gene-0.24-mRNA-1 2744496
.47 snap_masked-168514698-processed-gene-0.40-mRNA-1 425762
.14 snap_masked-168514698-processed-gene-0.40-mRNA-1 463465
.99 maker-168093928-augustus-gene-0.5-mRNA-1 2805034
.99 snap_masked-162397403-processed-gene-0.3-mRNA-1 2741718
.55 snap_masked-162397403-processed-gene-0.3-mRNA-1 2761095
.40 augustus_masked-168306316-processed-gene-0.5-mRNA-1 2804716
.99 maker-168191985-snap-gene-0.23-mRNA-2 2805039
.88 maker-167898246-augustus-gene-0.16-mRNA-1 2805020
.99 maker-168122684-snap-gene-0.12-mRNA-2 2805016
.33 maker-168191595-augustus-gene-0.54-mRNA-1 2749630
.62 maker-168191595-augustus-gene-0.54-mRNA-1 2737364
.99 maker-168102066-augustus-gene-0.16-mRNA-1 2805024
.74 maker-168187260-augustus-gene-0.13-mRNA-1 2804377
.56 snap_masked-168179903-processed-gene-0.15-mRNA-1 2804800
.99 augustus_masked-161567023-processed-gene-0.0-mRNA-1 2804797
.87 maker-167808231-augustus-gene-0.17-mRNA-1 2805012
.12 maker-167808231-augustus-gene-0.17-mRNA-1 2739716
.35 maker-168408172-snap-gene-0.116-mRNA-1 762295
.27 maker-168408172-snap-gene-0.116-mRNA-1 2744354
.13 genemark-167956108-processed-gene-0.3-mRNA-1 2762583
.78 genemark-167956108-processed-gene-0.3-mRNA-1 1015075
.18 maker-168554120-snap-gene-0.69-mRNA-2 929341
.68 maker-168554120-snap-gene-0.69-mRNA-2 2768038
.55 snap_masked-168527557-processed-gene-0.8-mRNA-1 1033289
.37 snap_masked-168527557-processed-gene-0.8-mRNA-1 2751763
.43 maker-168027527-snap-gene-0.9-mRNA-1 2804275
.30 maker-168027527-snap-gene-0.9-mRNA-1 1034692
.21 maker-168027527-snap-gene-0.9-mRNA-1 599234
.20 maker-168027527-snap-gene-0.9-mRNA-1 335194
.20 maker-168027527-snap-gene-0.9-mRNA-1 1366742
.73 maker-168354319-snap-gene-0.58-mRNA-1 2804641
.74 augustus_masked-162700066-processed-gene-0.0-mRNA-1 2741169
.25 augustus_masked-162700066-processed-gene-0.0-mRNA-1 1345827
.72 genemark-168189787-processed-gene-0.12-mRNA-1 361106
.15 genemark-168189787-processed-gene-0.12-mRNA-1 1481490
.99 augustus_masked-166326356-processed-gene-0.0-mRNA-1 2804484
.99 maker-168385848-snap-gene-0.77-mRNA-1 2805001
.24 maker-168478386-augustus-gene-0.19-mRNA-1 2745041
.21 maker-168478386-augustus-gene-0.19-mRNA-1 1001739
.83 maker-168388341-augustus-gene-0.54-mRNA-2 2805018
.07 maker-168388341-augustus-gene-0.54-mRNA-2 1390070
.88 augustus_masked-168547633-processed-gene-0.21-mRNA-1 2804876
.09 augustus_masked-168547633-processed-gene-0.21-mRNA-1 2759580
.06 augustus_masked-168547633-processed-gene-0.21-mRNA-1 483619
.06 augustus_masked-168547633-processed-gene-0.21-mRNA-1 1079151
.56 maker-168448912-augustus-gene-0.28-mRNA-1 2804268
.09 maker-168577645-augustus-gene-0.31-mRNA-1 389337
.74 maker-168577645-augustus-gene-0.31-mRNA-1 2805038
.49 snap_masked-164242756-processed-gene-0.2-mRNA-1 517780
.37 snap_masked-164242756-processed-gene-0.2-mRNA-1 617961
.25 maker-168311914-augustus-gene-0.40-mRNA-1 2746751
.72 maker-168311914-augustus-gene-0.40-mRNA-1 2754195
.22 maker-168529375-augustus-gene-0.77-mRNA-2 2741331
.04 maker-168529375-augustus-gene-0.77-mRNA-2 2738489
.06 augustus_masked-168246255-processed-gene-0.1-mRNA-1 2805041
.72 augustus_masked-168246255-processed-gene-0.1-mRNA-1 2805041
.98 augustus_masked-158772175-processed-gene-0.0-mRNA-1 2804643
.73 augustus_masked-158772175-processed-gene-0.0-mRNA-1 2745160
.03 maker-168515644-snap-gene-0.56-mRNA-1 1347664
.95 maker-168515644-snap-gene-0.56-mRNA-1 2805036
.57 maker-168577431-augustus-gene-0.76-mRNA-2 2804726
.03 maker-168577431-augustus-gene-0.76-mRNA-2 1768361
.80 maker-167807726-augustus-gene-0.7-mRNA-1 2804711
.71 maker-168533615-snap-gene-0.32-mRNA-1 2804883
.21 maker-168533615-snap-gene-0.32-mRNA-1 2804883
.57 maker-168543781-snap-gene-0.63-mRNA-1 2804989
.42 maker-168543781-snap-gene-0.63-mRNA-1 2804989
.99 maker-168516704-snap-gene-0.58-mRNA-1 2804891
.44 snap_masked-168269924-processed-gene-0.10-mRNA-1 1347946
.27 snap_masked-168269924-processed-gene-0.10-mRNA-1 1916013
.99 augustus_masked-163822686-processed-gene-0.2-mRNA-1 2804278
.83 maker-168187504-augustus-gene-0.15-mRNA-1 2739539
.10 maker-168187504-augustus-gene-0.15-mRNA-1 740275
.80 maker-168428454-snap-gene-0.18-mRNA-1 2737717
.35 maker-168428454-snap-gene-0.18-mRNA-1 2770320
.16 genemark-168560156-processed-gene-0.30-mRNA-1 548637
.24 snap_masked-168479774-processed-gene-0.27-mRNA-1 2739771
.67 snap_masked-168479774-processed-gene-0.27-mRNA-1 2804393
.27 maker-168561833-snap-gene-0.95-mRNA-1 2804867
.81 maker-168282312-augustus-gene-0.33-mRNA-1 2804266
.08 maker-168282312-augustus-gene-0.33-mRNA-1 1762418
.51 maker-168567442-snap-gene-0.34-mRNA-1 2804463
.48 maker-168567442-snap-gene-0.34-mRNA-1 2804463
.99 augustus_masked-168575621-processed-gene-0.1-mRNA-1 2804704
.96 maker-168254804-snap-gene-0.75-mRNA-1 2805002
.89 genemark-168240169-processed-gene-0.26-mRNA-1 2804457
.10 genemark-168240169-processed-gene-0.26-mRNA-1 666763
.30 augustus_masked-168109688-processed-gene-0.0-mRNA-1 2744558
.35 augustus_masked-168109688-processed-gene-0.0-mRNA-1 2739438
.12 maker-168358563-snap-gene-0.85-mRNA-1 490887
.86 maker-168358563-snap-gene-0.85-mRNA-1 2741655
.36 maker-168299829-snap-gene-0.8-mRNA-1 669535
.22 maker-168299829-snap-gene-0.8-mRNA-1 697354
.21 maker-168299829-snap-gene-0.8-mRNA-1 1320347
.86 maker-168439410-snap-gene-0.84-mRNA-1 2740162
.16 augustus_masked-162879393-processed-gene-0.0-mRNA-1 489350
.83 augustus_masked-162879393-processed-gene-0.0-mRNA-1 2804197
.58 maker-168188916-snap-gene-0.31-mRNA-1 2741321
.88 augustus_masked-168572459-processed-gene-0.18-mRNA-1 1657894
.27 augustus_masked-167941534-processed-gene-0.2-mRNA-1 2744697
.63 augustus_masked-167941534-processed-gene-0.2-mRNA-1 2738387
.61 maker-168577455-augustus-gene-0.49-mRNA-1 2740036
.32 maker-168577455-augustus-gene-0.49-mRNA-1 159808
.21 genemark-167970190-processed-gene-0.1-mRNA-1 2741964
.16 genemark-167970190-processed-gene-0.1-mRNA-1 2752505
.41 maker-168576984-augustus-gene-0.65-mRNA-1 2804811
.21 maker-168576984-augustus-gene-0.65-mRNA-1 2804811
.47 augustus_masked-168466072-processed-gene-0.0-mRNA-1 1710037
.38 augustus_masked-168466072-processed-gene-0.0-mRNA-1 2366647
.15 augustus_masked-168466072-processed-gene-0.0-mRNA-1 2243756
.97 maker-168185382-augustus-gene-0.5-mRNA-1 2805029
.52 maker-168572743-snap-gene-0.30-mRNA-2 2741926
.24 maker-168572743-snap-gene-0.30-mRNA-2 2739461
.16 maker-168572743-snap-gene-0.30-mRNA-2 2761961
.87 maker-168191530-augustus-gene-0.86-mRNA-1 2804882
.76 maker-168193831-augustus-gene-0.73-mRNA-1 2804655
.16 maker-168193831-augustus-gene-0.73-mRNA-1 554679
.06 maker-168193831-augustus-gene-0.73-mRNA-1 2743444
.87 snap_masked-168505376-processed-gene-0.35-mRNA-1 2804409
.05 snap_masked-168505376-processed-gene-0.35-mRNA-1 2772056
.18 maker-168541865-snap-gene-0.37-mRNA-1 2805011
.59 maker-168541865-snap-gene-0.37-mRNA-1 2805011
.99 snap_masked-168338120-processed-gene-0.9-mRNA-1 1413109
.41 augustus_masked-163862132-processed-gene-0.0-mRNA-1 660857
.33 augustus_masked-163862132-processed-gene-0.0-mRNA-1 2539095
.99 augustus_masked-162442556-processed-gene-0.1-mRNA-1 2737678
.87 maker-167846646-augustus-gene-0.11-mRNA-1 2739413
.12 maker-167846646-augustus-gene-0.11-mRNA-1 2745834
.89 maker-168554589-snap-gene-0.41-mRNA-1 2804279
.10 maker-168554589-snap-gene-0.41-mRNA-1 180644
.38 snap_masked-168506918-processed-gene-0.11-mRNA-1 2619522
.02 augustus_masked-167940647-processed-gene-0.2-mRNA-1 2768229
.99 maker-168202692-snap-gene-0.103-mRNA-1 2805009
.33 maker-168376672-augustus-gene-0.62-mRNA-1 2804898
.04 maker-168376672-augustus-gene-0.62-mRNA-1 2260986
.04 maker-168376672-augustus-gene-0.62-mRNA-1 2748784
.21 augustus_masked-167998232-processed-gene-0.0-mRNA-1 2738188
.78 augustus_masked-167998232-processed-gene-0.0-mRNA-1 2804719
.22 maker-167953437-augustus-gene-0.14-mRNA-1 312190
.77 maker-167953437-augustus-gene-0.14-mRNA-1 2804302
.22 augustus_masked-22309279-processed-gene-0.0-mRNA-1 1622320
.65 augustus_masked-22309279-processed-gene-0.0-mRNA-1 2737486
.32 maker-168535003-snap-gene-0.49-mRNA-1 2804400
.31 augustus_masked-162236094-processed-gene-0.0-mRNA-1 601301
.32 augustus_masked-162236094-processed-gene-0.0-mRNA-1 1257777
.31 augustus_masked-162236094-processed-gene-0.0-mRNA-1 1451579
.29 augustus_masked-162236094-processed-gene-0.0-mRNA-1 603422
.30 augustus_masked-162236094-processed-gene-0.0-mRNA-1 1027258
.70 augustus_masked-168190485-processed-gene-1.46-mRNA-1 737149
.28 augustus_masked-168190485-processed-gene-1.46-mRNA-1 858986
.99 augustus_masked-166907323-processed-gene-0.1-mRNA-1 2804245
.99 augustus_masked-168535021-processed-gene-0.0-mRNA-1 2804350
.74 snap_masked-168021044-processed-gene-0.27-mRNA-1 918500
.76 maker-168549124-snap-gene-0.45-mRNA-1 2805040
.15 maker-168549124-snap-gene-0.45-mRNA-1 2742980
.81 snap_masked-168476454-processed-gene-0.13-mRNA-1 2752211
.18 snap_masked-168476454-processed-gene-0.13-mRNA-1 2770179
.63 maker-168383229-augustus-gene-0.37-mRNA-1 2804902
.13 maker-168383229-augustus-gene-0.37-mRNA-1 2737898
.20 augustus_masked-168573874-processed-gene-0.10-mRNA-1 2741406
.79 augustus_masked-168573874-processed-gene-0.10-mRNA-1 2804634
.26 snap_masked-168575471-processed-gene-0.72-mRNA-1 2739609
.50 snap_masked-168575471-processed-gene-0.72-mRNA-1 784835
.30 augustus_masked-168532625-processed-gene-0.1-mRNA-1 2760082
.27 augustus_masked-168532625-processed-gene-0.1-mRNA-1 1483572
.21 augustus_masked-168532625-processed-gene-0.1-mRNA-1 920474
.24 augustus_masked-168532625-processed-gene-0.1-mRNA-1 2743103
.21 augustus_masked-168532625-processed-gene-0.1-mRNA-1 1401905
.98 maker-168033013-augustus-gene-0.22-mRNA-1 2805026
.41 maker-166022078-augustus-gene-0.3-mRNA-1 2744261
.31 maker-166022078-augustus-gene-0.3-mRNA-1 2333088
.87 maker-168491340-augustus-gene-0.38-mRNA-2 2804906
.09 maker-168491340-augustus-gene-0.38-mRNA-2 1578047
.09 maker-168491340-augustus-gene-0.38-mRNA-2 538331
.45 maker-168332621-snap-gene-0.7-mRNA-1 562912
.25 maker-168332621-snap-gene-0.7-mRNA-1 2804454
.23 maker-168332621-snap-gene-0.7-mRNA-1 2804733
.17 maker-168332621-snap-gene-0.7-mRNA-1 632263
.02 maker-168332621-snap-gene-0.7-mRNA-1 674313
.40 maker-168423246-snap-gene-0.23-mRNA-3 502587
.37 maker-168423246-snap-gene-0.23-mRNA-3 528631
.29 maker-168423246-snap-gene-0.23-mRNA-3 2742820
.29 maker-168423246-snap-gene-0.23-mRNA-3 2798632
.27 maker-168423246-snap-gene-0.23-mRNA-3 679189
.53 maker-168314823-augustus-gene-0.38-mRNA-1 1419659
.43 maker-168314823-augustus-gene-0.38-mRNA-1 1177903
.20 maker-168314823-augustus-gene-0.38-mRNA-1 1686358
.17 maker-168395551-snap-gene-0.45-mRNA-2 2738712
.75 maker-168395551-snap-gene-0.45-mRNA-2 2805004
.21 maker-168504001-snap-gene-0.122-mRNA-1 2746001
.29 maker-168504001-snap-gene-0.122-mRNA-1 2740941
.99 genemark-168338686-processed-gene-0.29-mRNA-1 2804471
.29 augustus_masked-168401832-processed-gene-0.1-mRNA-1 2805007
.17 augustus_masked-168401832-processed-gene-0.1-mRNA-1 226577
.12 augustus_masked-168401832-processed-gene-0.1-mRNA-1 830353
.42 maker-168440617-augustus-gene-0.24-mRNA-1 2744846
.66 maker-168464142-snap-gene-0.86-mRNA-1 1731976
.98 genemark-168241506-processed-gene-0.2-mRNA-1 2755150
.13 maker-168020235-snap-gene-0.15-mRNA-1 538507
.07 maker-168020235-snap-gene-0.15-mRNA-1 1401861
.51 augustus_masked-166740209-processed-gene-0.0-mRNA-1 2267861
.14 augustus_masked-166740209-processed-gene-0.0-mRNA-1 919772
.13 augustus_masked-166740209-processed-gene-0.0-mRNA-1 2749894
.99 snap_masked-167932989-processed-gene-0.11-mRNA-1 2739145
.57 snap_masked-167932989-processed-gene-0.11-mRNA-1 935695
.22 maker-168093098-augustus-gene-0.6-mRNA-1 1190843
.76 maker-168093098-augustus-gene-0.6-mRNA-1 2804276
.22 genemark-167934819-processed-gene-0.35-mRNA-1 426451
.49 snap_masked-168235933-processed-gene-0.37-mRNA-1 2784995
.36 snap_masked-168235933-processed-gene-0.37-mRNA-1 874182
.67 maker-166527304-snap-gene-0.4-mRNA-1 2736804
.15 maker-165551423-snap-gene-0.4-mRNA-1 726433
.11 maker-165551423-snap-gene-0.4-mRNA-1 726434
.10 maker-168413028-augustus-gene-0.59-mRNA-1 2804894
.07 maker-168413028-augustus-gene-0.59-mRNA-1 2765947
.26 maker-168413028-augustus-gene-0.59-mRNA-1 2804894
.40 maker-168379926-snap-gene-0.35-mRNA-1 2804972
.51 maker-168379926-snap-gene-0.35-mRNA-1 2804972
.90 maker-168561322-snap-gene-0.31-mRNA-1 2805005
.09 maker-168561322-snap-gene-0.31-mRNA-1 2751646
.58 maker-168246158-snap-gene-0.39-mRNA-1 2804996
.41 maker-168246158-snap-gene-0.39-mRNA-1 2804996
.76 maker-167952670-snap-gene-0.6-mRNA-1 2804462
.64 maker-167952670-snap-gene-0.6-mRNA-1 2756895
.10 maker-168383973-augustus-gene-0.17-mRNA-1 2761318
.28 maker-168383973-augustus-gene-0.17-mRNA-1 2804715
.45 genemark-168493490-processed-gene-0.6-mRNA-1 1092570
.21 genemark-168493490-processed-gene-0.6-mRNA-1 658214
.19 genemark-168493490-processed-gene-0.6-mRNA-1 815286
.15 genemark-168493490-processed-gene-0.6-mRNA-1 2557892
.15 genemark-168493490-processed-gene-0.6-mRNA-1 2162573
.98 maker-168323079-augustus-gene-0.10-mRNA-1 2805025
.66 augustus_masked-166933213-processed-gene-0.0-mRNA-1 399473
.33 augustus_masked-166933213-processed-gene-0.0-mRNA-1 2739135
.99 augustus_masked-168517380-processed-gene-0.1-mRNA-1 2804688
.99 augustus_masked-168517380-processed-gene-0.1-mRNA-1 2804424
.52 augustus_masked-168190564-processed-gene-0.7-mRNA-1 857271
.99 augustus_masked-168544675-processed-gene-0.1-mRNA-1 2804481
.05 maker-166445297-snap-gene-0.4-mRNA-1 215602
.75 maker-166445297-snap-gene-0.4-mRNA-1 2804714
.37 genemark-166661363-processed-gene-0.1-mRNA-1 1349096
.62 genemark-166661363-processed-gene-0.1-mRNA-1 772954
.40 maker-166333331-snap-gene-0.4-mRNA-1 2764378
.59 maker-166333331-snap-gene-0.4-mRNA-1 2744329
.33 maker-168208592-augustus-gene-0.37-mRNA-1 613050
.57 maker-168208592-augustus-gene-0.37-mRNA-1 2804748
.51 augustus_masked-168032303-processed-gene-0.1-mRNA-1 359311
.27 augustus_masked-168032303-processed-gene-0.1-mRNA-1 573468
.50 maker-168267334-snap-gene-0.81-mRNA-1 2739468
.27 maker-168267334-snap-gene-0.81-mRNA-1 2741796
.74 maker-168185820-augustus-gene-0.59-mRNA-1 2804879
.80 augustus_masked-166297611-processed-gene-0.2-mRNA-1 2741836
.65 augustus_masked-166297611-processed-gene-0.2-mRNA-1 2774404
.63 maker-168232223-augustus-gene-0.49-mRNA-4 2804857
.20 maker-168232223-augustus-gene-0.49-mRNA-4 2761467
.13 maker-168232223-augustus-gene-0.49-mRNA-4 2742211
.99 maker-168513722-snap-gene-0.6-mRNA-1 2804773
.77 maker-163910476-snap-gene-0.5-mRNA-2 2804878
.12 maker-163910476-snap-gene-0.5-mRNA-2 312223
.99 maker-168577419-augustus-gene-0.40-mRNA-1 2804524
.72 maker-166645326-snap-gene-0.5-mRNA-1 2804202
.20 maker-166645326-snap-gene-0.5-mRNA-1 2737955
.30 augustus_masked-168549305-processed-gene-0.10-mRNA-1 2740515
.50 augustus_masked-168549305-processed-gene-0.10-mRNA-1 2740514
.26 maker-168496008-snap-gene-0.114-mRNA-1 2741641
.25 augustus_masked-168427166-processed-gene-0.4-mRNA-1 306806
.67 augustus_masked-168427166-processed-gene-0.4-mRNA-1 319246
.87 augustus_masked-168188875-processed-gene-0.18-mRNA-1 2805032
.27 augustus_masked-168503049-processed-gene-0.2-mRNA-1 2804684
.47 augustus_masked-168503049-processed-gene-0.2-mRNA-1 2740876
.27 maker-168367729-augustus-gene-0.36-mRNA-1 2744442
.28 maker-168367729-augustus-gene-0.36-mRNA-1 2747484
.61 maker-168577115-snap-gene-0.79-mRNA-1 2767352
.11 maker-168577115-snap-gene-0.79-mRNA-1 1926274
.50 maker-168449663-augustus-gene-0.6-mRNA-1 2761294
.15 maker-168449663-augustus-gene-0.6-mRNA-1 945323
.72 maker-168577455-augustus-gene-0.48-mRNA-1 502507
.76 maker-168189087-snap-gene-0.41-mRNA-1 2805008
.07 maker-168189087-snap-gene-0.41-mRNA-1 2742886
.83 maker-168263052-snap-gene-0.17-mRNA-1 2804291
.06 maker-168263052-snap-gene-0.17-mRNA-1 1866272
.19 maker-168020549-augustus-gene-0.16-mRNA-1 512353
.59 maker-168020549-augustus-gene-0.16-mRNA-1 2804653
.57 snap_masked-168526131-processed-gene-0.5-mRNA-1 2738922
.41 maker-168577165-augustus-gene-0.23-mRNA-2 2804893
.30 maker-168577165-augustus-gene-0.23-mRNA-2 226173
.26 augustus_masked-166879270-processed-gene-0.0-mRNA-1 586698
.62 augustus_masked-166879270-processed-gene-0.0-mRNA-1 427052
.53 maker-168232315-augustus-gene-0.42-mRNA-1 2804305
.65 maker-168486021-snap-gene-0.71-mRNA-1 2804866
.34 maker-168486021-snap-gene-0.71-mRNA-1 2804866
.42 maker-168380874-augustus-gene-0.10-mRNA-1 2804575
.23 maker-168380874-augustus-gene-0.10-mRNA-1 2738849
.23 maker-168380874-augustus-gene-0.10-mRNA-1 592679
.21 maker-168380874-augustus-gene-0.10-mRNA-1 583498
.45 maker-168512848-augustus-gene-0.9-mRNA-1 170225
.47 maker-168512848-augustus-gene-0.9-mRNA-1 2804909
.30 maker-168184610-snap-gene-0.14-mRNA-1 2739079
.39 maker-168184610-snap-gene-0.14-mRNA-1 2805035
.40 maker-168553734-snap-gene-0.68-mRNA-1 2804744
.39 maker-168553734-snap-gene-0.68-mRNA-1 2804403
.20 maker-168553734-snap-gene-0.68-mRNA-1 540121
.11 maker-168553734-snap-gene-0.68-mRNA-1 2748294
.31 snap_masked-166985868-processed-gene-0.3-mRNA-1 983117
.88 snap_masked-168557521-processed-gene-0.24-mRNA-1 2804785
.04 snap_masked-168557521-processed-gene-0.24-mRNA-1 841014
.45 augustus_masked-168244909-processed-gene-0.7-mRNA-1 520543
.54 augustus_masked-168244909-processed-gene-0.7-mRNA-1 2765148
.63 maker-168236853-augustus-gene-0.16-mRNA-1 2742251
.36 maker-168236853-augustus-gene-0.16-mRNA-1 2796131
.36 maker-168236853-augustus-gene-0.16-mRNA-1 2747016
.28 maker-168236853-augustus-gene-0.16-mRNA-1 2799801
.85 augustus_masked-168534811-processed-gene-0.4-mRNA-1 2804417
.14 augustus_masked-168534811-processed-gene-0.4-mRNA-1 215894
.14 augustus_masked-168534811-processed-gene-0.4-mRNA-1 9731
.67 maker-168184795-augustus-gene-0.26-mRNA-1 2804767
.32 maker-168184795-augustus-gene-0.26-mRNA-1 2736663
.39 augustus_masked-163144454-processed-gene-0.0-mRNA-1 704390
.42 augustus_masked-163144454-processed-gene-0.0-mRNA-1 903955
.85 augustus_masked-166769070-processed-gene-0.0-mRNA-1 2741035
.14 augustus_masked-166769070-processed-gene-0.0-mRNA-1 2742941
.35 maker-168285299-snap-gene-0.48-mRNA-1 2805028
.18 maker-168285299-snap-gene-0.48-mRNA-1 2805028
.09 maker-168285299-snap-gene-0.48-mRNA-1 866375
.09 maker-168285299-snap-gene-0.48-mRNA-1 469673
.54 genemark-166724866-processed-gene-0.1-mRNA-1 269343
.86 augustus_masked-166484378-processed-gene-0.0-mRNA-1 2804338
.13 augustus_masked-166484378-processed-gene-0.0-mRNA-1 1045200
.79 augustus_masked-168262031-processed-gene-0.0-mRNA-1 2740962
.15 augustus_masked-168262031-processed-gene-0.0-mRNA-1 625852
.77 augustus_masked-168515102-processed-gene-0.8-mRNA-1 2804701
.11 augustus_masked-168515102-processed-gene-0.8-mRNA-1 2738831
.27 augustus_masked-166144649-processed-gene-0.1-mRNA-1 1317102
.29 augustus_masked-166144649-processed-gene-0.1-mRNA-1 2761118
.48 augustus_masked-168407624-processed-gene-0.17-mRNA-1 2804783
.18 augustus_masked-168407624-processed-gene-0.17-mRNA-1 2769537
.70 maker-168189787-augustus-gene-0.28-mRNA-1 2744717
.28 maker-168189787-augustus-gene-0.28-mRNA-1 1013234
.67 maker-168144332-augustus-gene-0.20-mRNA-1 2805010
.19 maker-168144332-augustus-gene-0.20-mRNA-1 644270
.66 augustus_masked-168521359-processed-gene-0.7-mRNA-1 2736522
.30 augustus_masked-168521359-processed-gene-0.7-mRNA-1 567388
.30 genemark-168562125-processed-gene-0.46-mRNA-1 2755338
.26 genemark-168562125-processed-gene-0.46-mRNA-1 702475
.17 genemark-168562125-processed-gene-0.46-mRNA-1 984879
.15 genemark-168562125-processed-gene-0.46-mRNA-1 2177125
.15 genemark-168562125-processed-gene-0.46-mRNA-1 668991
.63 augustus_masked-163666880-processed-gene-0.1-mRNA-1 2737027
.28 augustus_masked-163666880-processed-gene-0.1-mRNA-1 816569
.96 maker-168577266-snap-gene-0.32-mRNA-1 2805030
.80 maker-168403599-snap-gene-0.22-mRNA-1 2738363
.76 maker-168365054-snap-gene-0.41-mRNA-1 2805013
.10 maker-168365054-snap-gene-0.41-mRNA-1 608637
.08 maker-168365054-snap-gene-0.41-mRNA-1 2805013
.07 maker-168365054-snap-gene-0.41-mRNA-1 924452
.32 maker-160037490-snap-gene-0.4-mRNA-1 535266
.26 maker-160037490-snap-gene-0.4-mRNA-1 2742177
.28 maker-168523455-augustus-gene-0.10-mRNA-1 2738726
.66 maker-168523455-augustus-gene-0.10-mRNA-1 361106
.12 snap_masked-168522869-processed-gene-0.4-mRNA-1 2630873
.87 snap_masked-168522869-processed-gene-0.4-mRNA-1 2737640
.72 maker-168352100-snap-gene-0.16-mRNA-1 2759229
.12 maker-168352100-snap-gene-0.16-mRNA-1 2762059
.28 augustus_masked-168536027-processed-gene-0.5-mRNA-1 549552
.51 augustus_masked-168536027-processed-gene-0.5-mRNA-1 2737002
.11 augustus_masked-160700554-processed-gene-0.0-mRNA-1 626426
.18 augustus_masked-160700554-processed-gene-0.0-mRNA-1 836357
.19 augustus_masked-160700554-processed-gene-0.0-mRNA-1 749570
.15 augustus_masked-160700554-processed-gene-0.0-mRNA-1 744258
.13 augustus_masked-160700554-processed-gene-0.0-mRNA-1 640770
.25 augustus_masked-164236887-processed-gene-0.0-mRNA-1 2741285
.74 augustus_masked-164236887-processed-gene-0.0-mRNA-1 2804672
.48 augustus_masked-159969742-processed-gene-0.0-mRNA-1 2753416
.47 augustus_masked-168439020-processed-gene-0.0-mRNA-1 2805033
.99 maker-167075483-snap-gene-0.4-mRNA-1 2804908
.75 augustus_masked-161771757-processed-gene-0.0-mRNA-1 2742228
.24 augustus_masked-161771757-processed-gene-0.0-mRNA-1 561538
.21 augustus_masked-166998919-processed-gene-0.0-mRNA-1 2741756
.77 augustus_masked-166998919-processed-gene-0.0-mRNA-1 2742718
.25 maker-168351491-snap-gene-0.13-mRNA-1 2804468
.22 maker-168351491-snap-gene-0.13-mRNA-1 461635
.02 maker-168026161-snap-gene-0.14-mRNA-1 2762390
.96 maker-168026161-snap-gene-0.14-mRNA-1 2804904
.70 maker-168567192-augustus-gene-0.22-mRNA-1 2739421
.04 maker-168567192-augustus-gene-0.22-mRNA-1 614199
.20 augustus_masked-168552387-processed-gene-0.15-mRNA-1 241756
.20 augustus_masked-168552387-processed-gene-0.15-mRNA-1 785202
.21 augustus_masked-168552387-processed-gene-0.15-mRNA-1 391660
.01 augustus_masked-168552387-processed-gene-0.15-mRNA-1 2749683
.52 snap_masked-168491283-processed-gene-0.5-mRNA-1 733025
.68 maker-168436742-snap-gene-0.28-mRNA-1 2748506
.32 maker-168436742-snap-gene-0.28-mRNA-1 1031745
.43 augustus_masked-168564261-processed-gene-1.65-mRNA-1 2805006
.33 augustus_masked-168564261-processed-gene-1.65-mRNA-1 2758440
.34 maker-168222871-augustus-gene-0.99-mRNA-1 2804647
.44 maker-168222871-augustus-gene-0.99-mRNA-1 2804647
.99 augustus_masked-168426104-processed-gene-0.5-mRNA-1 2804705
.17 maker-167846961-augustus-gene-0.6-mRNA-1 553948
.24 maker-167846961-augustus-gene-0.6-mRNA-1 522090
.22 augustus_masked-167930110-processed-gene-0.9-mRNA-1 2743673
.58 augustus_masked-167930110-processed-gene-0.9-mRNA-1 2805027
.89 snap_masked-168315277-processed-gene-0.51-mRNA-1 2738613
.07 snap_masked-168315277-processed-gene-0.51-mRNA-1 2766001
.75 maker-168237281-augustus-gene-0.30-mRNA-2 2804901
.57 augustus_masked-168574386-processed-gene-0.2-mRNA-1 2804825
.16 augustus_masked-168574386-processed-gene-0.2-mRNA-1 632201
.11 augustus_masked-168574386-processed-gene-0.2-mRNA-1 2737434
.09 augustus_masked-168574386-processed-gene-0.2-mRNA-1 578109
.08 augustus_masked-168574386-processed-gene-0.2-mRNA-1 1035548
.47 maker-168546629-snap-gene-0.29-mRNA-1 2737423
.21 maker-168546629-snap-gene-0.29-mRNA-1 554333
.07 maker-168546629-snap-gene-0.29-mRNA-1 761530
.07 maker-168546629-snap-gene-0.29-mRNA-1 662991
.36 genemark-168501146-processed-gene-0.7-mRNA-1 2738669
.33 genemark-168501146-processed-gene-0.7-mRNA-1 2799054
.33 snap_masked-168205795-processed-gene-0.24-mRNA-1 2753570
.22 snap_masked-168205795-processed-gene-0.24-mRNA-1 871622
.84 maker-168082949-augustus-gene-0.12-mRNA-1 2804896
.15 maker-168082949-augustus-gene-0.12-mRNA-1 2804896
.36 genemark-167862440-processed-gene-0.14-mRNA-1 2742349
.16 genemark-167862440-processed-gene-0.14-mRNA-1 1041308
.60 maker-168561786-augustus-gene-0.24-mRNA-1 2738020
.20 maker-168561786-augustus-gene-0.24-mRNA-1 2804493
.43 genemark-168544217-processed-gene-0.21-mRNA-1 607945
.33 genemark-168544217-processed-gene-0.21-mRNA-1 1378411
.40 maker-168191206-snap-gene-0.59-mRNA-1 2804486
.39 maker-168191206-snap-gene-0.59-mRNA-1 1193906
.75 maker-167941124-snap-gene-0.20-mRNA-1 2804849
.17 maker-167941124-snap-gene-0.20-mRNA-1 2736742
.28 maker-168577021-augustus-gene-0.14-mRNA-1 2740013
.12 maker-168577021-augustus-gene-0.14-mRNA-1 2751312
.02 maker-168577021-augustus-gene-0.14-mRNA-1 2804728
.99 maker-161991813-augustus-gene-0.3-mRNA-1 2764504
.48 maker-168416683-augustus-gene-0.7-mRNA-1 808947
.48 maker-168416683-augustus-gene-0.7-mRNA-1 1515259
.48 maker-168416683-augustus-gene-0.7-mRNA-1 507859
.41 maker-168416683-augustus-gene-0.7-mRNA-1 872075
.46 maker-168416683-augustus-gene-0.7-mRNA-1 2742773
.31 maker-168564143-snap-gene-0.43-mRNA-1 2748771
.28 maker-168564143-snap-gene-0.43-mRNA-1 2768200
.64 maker-166766744-snap-gene-0.5-mRNA-1 2761500
.26 maker-166766744-snap-gene-0.5-mRNA-1 2761499
.26 maker-166766744-snap-gene-0.5-mRNA-1 498408
.77 maker-168508799-augustus-gene-0.26-mRNA-1 2805037
.20 maker-168508799-augustus-gene-0.26-mRNA-1 641436
.20 maker-168508799-augustus-gene-0.26-mRNA-1 2737787
.07 maker-168508799-augustus-gene-0.26-mRNA-1 2737465
.34 augustus_masked-168485465-processed-gene-0.3-mRNA-1 2614972
.26 augustus_masked-168485465-processed-gene-0.3-mRNA-1 571234
.99 maker-168507220-augustus-gene-0.29-mRNA-1 2804789
.34 maker-163675687-augustus-gene-0.3-mRNA-1 2743066
.65 maker-163675687-augustus-gene-0.3-mRNA-1 2742865
.81 maker-168190133-augustus-gene-0.29-mRNA-1 2804912
.86 maker-168189955-snap-gene-0.40-mRNA-1 2804478
.98 maker-168183983-snap-gene-0.6-mRNA-2 2804114
.99 maker-161374452-augustus-gene-0.6-mRNA-1 2804680
.07 maker-168243499-snap-gene-0.36-mRNA-1 1574789
.87 maker-168243499-snap-gene-0.36-mRNA-1 2804880
.24 augustus_masked-162319481-processed-gene-0.0-mRNA-1 397573
.25 augustus_masked-162319481-processed-gene-0.0-mRNA-1 2760082
.32 augustus_masked-168174037-processed-gene-0.1-mRNA-1 635619
.28 augustus_masked-168174037-processed-gene-0.1-mRNA-1 1446820
.22 augustus_masked-168174037-processed-gene-0.1-mRNA-1 498856
.99 maker-168566937-augustus-gene-1.115-mRNA-1 2805003
.99 maker-168574544-snap-gene-0.13-mRNA-1 2804885
.73 snap_masked-167990478-processed-gene-0.21-mRNA-1 1681730
.81 maker-168239739-snap-gene-0.81-mRNA-1 2740507
.02 genemark-168322078-processed-gene-0.7-mRNA-1 2804979
.99 snap_masked-168429492-processed-gene-0.69-mRNA-1 2804816
.29 maker-168204813-snap-gene-0.27-mRNA-1 2736572
.58 maker-168204813-snap-gene-0.27-mRNA-1 2804692
