.92 maker-168275502-snap-gene-0.10-mRNA-1 3665608
.02 maker-168275502-snap-gene-0.10-mRNA-1 3691518
.78 augustus_masked-168551676-processed-gene-0.10-mRNA-1 681345
.11 augustus_masked-168551676-processed-gene-0.10-mRNA-1 3666285
.99 augustus_masked-166042400-processed-gene-0.1-mRNA-1 3697587
.99 maker-168257918-augustus-gene-0.30-mRNA-1 3751598
.99 snap_masked-168556862-processed-gene-0.16-mRNA-1 3693375
.10 augustus_masked-168375748-processed-gene-0.0-mRNA-1 3663739
.89 augustus_masked-168375748-processed-gene-0.0-mRNA-1 3751578
.99 maker-168577443-snap-gene-0.45-mRNA-1 3751164
.75 maker-168441700-snap-gene-0.58-mRNA-1 3751148
.95 maker-168185876-snap-gene-0.20-mRNA-1 3751824
.99 maker-168532798-snap-gene-0.36-mRNA-1 3751915
.68 augustus_masked-168474521-processed-gene-0.0-mRNA-1 3751234
.31 augustus_masked-168474521-processed-gene-0.0-mRNA-1 3673719
.99 snap_masked-92073787-processed-gene-0.1-mRNA-1 3684716
.59 snap_masked-92073787-processed-gene-0.1-mRNA-1 3715088
.17 maker-168338405-snap-gene-0.9-mRNA-1 3710437
.27 maker-168338405-snap-gene-0.9-mRNA-1 3746030
.99 augustus_masked-167814839-processed-gene-0.0-mRNA-1 3751758
.99 maker-168190726-augustus-gene-0.19-mRNA-1 3751575
.99 augustus_masked-168536958-processed-gene-0.3-mRNA-1 3750993
.66 maker-167814414-snap-gene-0.21-mRNA-1 3750989
.24 maker-167814414-snap-gene-0.21-mRNA-1 3750931
.52 maker-163477071-augustus-gene-0.4-mRNA-1 3358387
0 maker-168204838-augustus-gene-0.74-mRNA-1 1276514
.99 maker-168204838-augustus-gene-0.74-mRNA-1 3751873
.99 maker-166944008-snap-gene-0.6-mRNA-1 3751170
.99 maker-168557556-augustus-gene-0.58-mRNA-1 3751136
.95 maker-168327335-augustus-gene-0.14-mRNA-1 3751215
.99 maker-163174611-augustus-gene-0.4-mRNA-1 3734327
.38 maker-168532637-augustus-gene-0.21-mRNA-1 3751295
.29 maker-168532637-augustus-gene-0.21-mRNA-1 3670990
.29 maker-168532637-augustus-gene-0.21-mRNA-1 3669713
.98 maker-168092919-snap-gene-0.16-mRNA-1 3751098
.74 maker-168572977-augustus-gene-0.25-mRNA-1 3663153
.16 maker-168572977-augustus-gene-0.25-mRNA-1 3678279
.99 maker-168232885-augustus-gene-0.5-mRNA-1 3751561
.99 maker-168235891-snap-gene-0.72-mRNA-1 3751659
.99 maker-168286093-augustus-gene-0.78-mRNA-1 3750905
.99 augustus_masked-168323152-processed-gene-1.0-mRNA-1 3666976
.48 augustus_masked-168014532-processed-gene-0.3-mRNA-1 691805
.30 augustus_masked-168014532-processed-gene-0.3-mRNA-1 3666353
.31 augustus_masked-168014532-processed-gene-0.3-mRNA-1 3704356
.26 augustus_masked-168014532-processed-gene-0.3-mRNA-1 2046363
.23 augustus_masked-168014532-processed-gene-0.3-mRNA-1 1577483
.99 augustus_masked-161859329-processed-gene-0.0-mRNA-1 3751780
.21 maker-168556710-augustus-gene-0.48-mRNA-1 3683165
.77 maker-168556710-augustus-gene-0.48-mRNA-1 3664021
.99 maker-168182950-augustus-gene-0.50-mRNA-1 3751171
.99 maker-168187443-snap-gene-0.45-mRNA-1 3751820
.99 maker-163408108-snap-gene-0.4-mRNA-1 3751321
.99 augustus_masked-164497338-processed-gene-0.0-mRNA-1 3750942
.99 augustus_masked-168190680-processed-gene-0.27-mRNA-1 3751093
.99 maker-168568324-snap-gene-0.100-mRNA-1 3663900
.68 maker-168445153-augustus-gene-0.24-mRNA-1 3751903
.73 maker-168239631-augustus-gene-0.66-mRNA-1 3751706
.10 maker-168239631-augustus-gene-0.66-mRNA-1 3155481
.43 maker-164382434-augustus-gene-0.1-mRNA-1 1251505
.30 maker-164382434-augustus-gene-0.1-mRNA-1 1531168
.27 maker-168186953-augustus-gene-0.98-mRNA-1 3688162
.99 maker-168226341-augustus-gene-0.5-mRNA-1 3751901
.47 maker-168535181-snap-gene-0.6-mRNA-1 3751909
.52 maker-168535181-snap-gene-0.6-mRNA-1 3751909
.82 maker-168497028-augustus-gene-0.8-mRNA-1 3664337
.15 maker-168497028-augustus-gene-0.8-mRNA-1 604805
.15 maker-168497028-augustus-gene-0.8-mRNA-1 1101943
.11 maker-168497028-augustus-gene-0.8-mRNA-1 639265
.99 augustus_masked-168440394-processed-gene-0.6-mRNA-1 3751354
.82 maker-168508334-snap-gene-0.29-mRNA-1 3751564
.01 maker-168508334-snap-gene-0.29-mRNA-1 3751564
.99 augustus_masked-166699671-processed-gene-0.0-mRNA-1 3670322
.99 maker-168552905-snap-gene-0.81-mRNA-1 3751560
.99 maker-168557999-augustus-gene-0.58-mRNA-1 3751912
.99 augustus_masked-168189008-processed-gene-0.8-mRNA-1 3751770
.59 augustus_masked-168491003-processed-gene-0.1-mRNA-1 3694046
.40 augustus_masked-168491003-processed-gene-0.1-mRNA-1 3677226
.80 maker-168420509-snap-gene-0.31-mRNA-1 3751122
.51 snap_masked-168363119-processed-gene-0.34-mRNA-1 3732547
.48 snap_masked-168363119-processed-gene-0.34-mRNA-1 3664205
.99 augustus_masked-168240979-processed-gene-0.1-mRNA-1 3664349
.99 augustus_masked-168549083-processed-gene-0.6-mRNA-1 3751643
.99 maker-167196383-augustus-gene-0.10-mRNA-3 3751014
.65 maker-168431761-snap-gene-0.5-mRNA-1 1100464
.56 maker-168431761-snap-gene-0.5-mRNA-1 765134
.53 maker-168431761-snap-gene-0.5-mRNA-1 3668501
.52 maker-168431761-snap-gene-0.5-mRNA-1 1036735
.47 maker-168431761-snap-gene-0.5-mRNA-1 923692
.99 maker-168531852-snap-gene-0.29-mRNA-1 3751233
.99 maker-168231785-snap-gene-0.25-mRNA-1 3751423
.43 maker-168348857-augustus-gene-0.81-mRNA-1 3751815
.21 maker-168348857-augustus-gene-0.81-mRNA-1 3751815
.99 augustus_masked-168563499-processed-gene-1.57-mRNA-1 3751734
.99 augustus_masked-166345751-processed-gene-0.0-mRNA-1 3751006
.99 augustus_masked-168466590-processed-gene-0.1-mRNA-1 3666469
.98 augustus_masked-168577131-processed-gene-0.1-mRNA-1 3751374
.31 snap_masked-168518580-processed-gene-0.14-mRNA-1 2949738
.36 maker-168453588-snap-gene-0.42-mRNA-1 2349705
.37 maker-168343337-augustus-gene-0.30-mRNA-1 3700328
.99 maker-167919028-augustus-gene-0.45-mRNA-1 3751484
.04 augustus_masked-167963811-processed-gene-0.5-mRNA-1 821890
.86 augustus_masked-167963811-processed-gene-0.5-mRNA-1 3751288
.99 maker-167859886-snap-gene-0.7-mRNA-1 3751699
.37 maker-168276238-augustus-gene-0.52-mRNA-1 3671517
.12 maker-168276238-augustus-gene-0.52-mRNA-1 3732353
.11 maker-168276238-augustus-gene-0.52-mRNA-1 1412315
.09 maker-168276238-augustus-gene-0.52-mRNA-1 749786
.04 maker-168276238-augustus-gene-0.52-mRNA-1 3665920
.99 snap_masked-168576983-processed-gene-0.107-mRNA-1 3751070
.99 augustus_masked-168564862-processed-gene-0.12-mRNA-1 3751161
.17 maker-168071936-snap-gene-0.9-mRNA-1 3663947
.08 maker-168071936-snap-gene-0.9-mRNA-1 3663947
.11 maker-168071936-snap-gene-0.9-mRNA-1 3663947
.09 maker-168071936-snap-gene-0.9-mRNA-1 3672158
.02 maker-168071936-snap-gene-0.9-mRNA-1 3743783
.11 maker-168252374-augustus-gene-0.12-mRNA-1 3751762
.43 maker-168252374-augustus-gene-0.12-mRNA-1 3751762
.39 maker-168432000-augustus-gene-0.12-mRNA-1 644957
.25 maker-168432000-augustus-gene-0.12-mRNA-1 3663447
.37 maker-158721513-augustus-gene-0.4-mRNA-1 873657
.61 maker-158721513-augustus-gene-0.4-mRNA-1 3751031
.99 maker-168184393-snap-gene-0.67-mRNA-1 3751130
.80 maker-168185102-augustus-gene-0.105-mRNA-1 3751872
.05 maker-168185102-augustus-gene-0.105-mRNA-1 3751872
.89 genemark-164836809-processed-gene-0.0-mRNA-1 775992
.05 genemark-164836809-processed-gene-0.0-mRNA-1 1475035
.05 genemark-164836809-processed-gene-0.0-mRNA-1 1644558
.07 maker-167840976-augustus-gene-0.13-mRNA-1 3682914
.92 maker-167840976-augustus-gene-0.13-mRNA-1 3751670
.99 maker-167860406-augustus-gene-0.28-mRNA-1 3663699
.99 maker-167883188-snap-gene-0.90-mRNA-1 3751436
.14 maker-168248501-augustus-gene-0.4-mRNA-1 650650
.84 maker-168248501-augustus-gene-0.4-mRNA-1 3751860
.50 augustus_masked-164034951-processed-gene-0.0-mRNA-1 1129194
.25 augustus_masked-164034951-processed-gene-0.0-mRNA-1 1462448
.99 augustus_masked-168548983-processed-gene-0.4-mRNA-1 3751636
.99 augustus_masked-168227313-processed-gene-0.0-mRNA-1 501572
.99 maker-168408886-augustus-gene-0.4-mRNA-1 3751635
.99 maker-168514321-augustus-gene-0.16-mRNA-1 3751893
.96 maker-168290923-augustus-gene-0.31-mRNA-1 3751878
.42 augustus_masked-168495529-processed-gene-0.0-mRNA-1 1392857
.18 augustus_masked-168495529-processed-gene-0.0-mRNA-1 3636093
.76 maker-168249329-snap-gene-0.17-mRNA-1 3673036
.13 maker-168249329-snap-gene-0.17-mRNA-1 1278751
.13 maker-168249329-snap-gene-0.17-mRNA-1 1128346
.07 maker-168249329-snap-gene-0.17-mRNA-1 1128345
.05 maker-168249329-snap-gene-0.17-mRNA-1 3680759
.99 maker-168187172-augustus-gene-0.72-mRNA-1 3751041
.17 maker-168547765-snap-gene-0.102-mRNA-1 3679454
.52 maker-168547765-snap-gene-0.102-mRNA-1 3751026
.73 maker-168342416-augustus-gene-0.22-mRNA-1 3751854
.11 maker-168342416-augustus-gene-0.22-mRNA-1 323444
.99 augustus_masked-167841040-processed-gene-0.6-mRNA-1 3663862
.04 maker-168449902-snap-gene-0.9-mRNA-1 1451690
.95 maker-168449902-snap-gene-0.9-mRNA-1 3751735
.40 augustus_masked-168227428-processed-gene-0.0-mRNA-1 215839
.59 augustus_masked-168227428-processed-gene-0.0-mRNA-1 215837
.35 maker-165736603-augustus-gene-0.3-mRNA-1 3668555
.17 maker-165736603-augustus-gene-0.3-mRNA-1 3736226
.99 augustus_masked-168574523-processed-gene-0.0-mRNA-1 3751201
.66 maker-168346859-snap-gene-0.44-mRNA-1 3751493
.33 maker-168346859-snap-gene-0.44-mRNA-1 1644019
.99 augustus_masked-168205955-processed-gene-0.1-mRNA-1 3751020
.80 maker-168434980-snap-gene-0.39-mRNA-1 3751228
.19 maker-168434980-snap-gene-0.39-mRNA-1 641384
.19 maker-168434980-snap-gene-0.39-mRNA-1 454834
.61 maker-168190218-snap-gene-0.73-mRNA-1 3750944
.24 maker-168190218-snap-gene-0.73-mRNA-1 3681492
.05 augustus_masked-168575738-processed-gene-0.3-mRNA-1 3751407
.02 augustus_masked-168575738-processed-gene-0.3-mRNA-1 3751407
.45 maker-168538337-snap-gene-0.19-mRNA-1 787638
.38 maker-168538337-snap-gene-0.19-mRNA-1 1011059
.99 maker-168183044-augustus-gene-0.21-mRNA-1 3751832
.99 augustus_masked-168224887-processed-gene-0.1-mRNA-1 3751680
.99 augustus_masked-168325495-processed-gene-0.1-mRNA-1 3670710
.99 maker-162834916-augustus-gene-0.3-mRNA-1 3751775
.99 maker-168556538-snap-gene-0.111-mRNA-1 3751895
.99 maker-168447201-augustus-gene-0.16-mRNA-1 3751791
.77 maker-168280677-augustus-gene-1.61-mRNA-2 3751918
.30 maker-168564862-augustus-gene-0.69-mRNA-1 3666639
.38 maker-168564862-augustus-gene-0.69-mRNA-1 3666427
.75 augustus_masked-168325120-processed-gene-0.1-mRNA-1 3751877
.23 augustus_masked-168325120-processed-gene-0.1-mRNA-1 1482501
.68 maker-168402968-augustus-gene-0.11-mRNA-1 3663295
.12 maker-168402968-augustus-gene-0.11-mRNA-1 2245434
.99 snap_masked-168399922-processed-gene-0.6-mRNA-1 3751646
.99 maker-168255257-snap-gene-0.136-mRNA-1 3751750
.99 augustus_masked-168027072-processed-gene-0.2-mRNA-1 3677992
.98 maker-165662564-snap-gene-0.6-mRNA-1 3750923
.99 maker-168241522-snap-gene-0.33-mRNA-1 3751882
.99 augustus_masked-167819940-processed-gene-0.1-mRNA-1 3751401
.99 maker-168496789-snap-gene-0.8-mRNA-1 3751908
.50 snap_masked-168504290-processed-gene-0.26-mRNA-1 3506402
.44 augustus_masked-164897006-processed-gene-0.0-mRNA-1 3668078
.42 augustus_masked-164897006-processed-gene-0.0-mRNA-1 518936
.99 genemark-167089413-processed-gene-0.0-mRNA-1 3751100
.99 augustus_masked-168512147-processed-gene-0.4-mRNA-1 3670412
.99 maker-168190344-augustus-gene-0.72-mRNA-1 3751732
.55 augustus_masked-168345183-processed-gene-0.0-mRNA-1 3751632
.99 snap_masked-168396491-processed-gene-0.34-mRNA-1 3751672
.77 augustus_masked-168574711-processed-gene-0.10-mRNA-1 1188780
.04 augustus_masked-168574711-processed-gene-0.10-mRNA-1 2324421
.04 augustus_masked-168574711-processed-gene-0.10-mRNA-1 2614795
.04 augustus_masked-168574711-processed-gene-0.10-mRNA-1 2945403
.04 augustus_masked-168574711-processed-gene-0.10-mRNA-1 3681433
.22 maker-161569031-snap-gene-0.5-mRNA-2 678556
.77 maker-161569031-snap-gene-0.5-mRNA-2 3667653
.99 snap_masked-168190067-processed-gene-0.38-mRNA-1 3751181
.99 maker-168189630-augustus-gene-0.20-mRNA-2 3751822
.99 maker-167940948-augustus-gene-0.10-mRNA-1 3665594
.24 maker-168270009-augustus-gene-0.83-mRNA-1 1634100
.16 maker-168270009-augustus-gene-0.83-mRNA-1 3377383
.09 maker-168270009-augustus-gene-0.83-mRNA-1 1634101
.99 maker-168328614-augustus-gene-0.18-mRNA-1 3663348
.99 maker-168435172-snap-gene-0.55-mRNA-1 3663618
.99 augustus_masked-168233408-processed-gene-0.5-mRNA-1 3751619
.99 augustus_masked-168542107-processed-gene-0.6-mRNA-1 3751845
.98 maker-168497388-snap-gene-0.18-mRNA-1 3751736
.99 augustus_masked-168569565-processed-gene-0.12-mRNA-1 3668792
.51 genemark-168513542-processed-gene-0.11-mRNA-1 3671853
.28 genemark-168513542-processed-gene-0.11-mRNA-1 3739425
.47 maker-168454316-snap-gene-0.79-mRNA-1 3751836
.23 maker-168454316-snap-gene-0.79-mRNA-1 3663975
.99 maker-168426298-augustus-gene-0.86-mRNA-1 3751029
.19 maker-166188736-augustus-gene-0.3-mRNA-1 1597915
.30 maker-166188736-augustus-gene-0.3-mRNA-1 1814317
.99 maker-168504256-augustus-gene-0.62-mRNA-1 3669175
.99 maker-168369787-augustus-gene-0.14-mRNA-1 3751499
.99 maker-168548614-snap-gene-0.41-mRNA-1 3751143
.78 augustus_masked-167838269-processed-gene-0.0-mRNA-1 3686299
.21 augustus_masked-167838269-processed-gene-0.0-mRNA-1 3666284
.99 maker-167841076-augustus-gene-0.9-mRNA-1 3750894
.63 snap_masked-168188010-processed-gene-0.40-mRNA-1 3750930
.09 maker-168399019-snap-gene-0.14-mRNA-1 2813822
.71 maker-168399019-snap-gene-0.14-mRNA-1 3751488
.99 augustus_masked-168202504-processed-gene-0.9-mRNA-1 3751501
.50 maker-168196442-snap-gene-0.40-mRNA-1 3751827
.13 maker-168196442-snap-gene-0.40-mRNA-1 3673943
.96 maker-168554368-snap-gene-0.24-mRNA-1 3751563
.23 maker-168086491-augustus-gene-0.11-mRNA-1 3751914
.11 maker-168086491-augustus-gene-0.11-mRNA-1 3751914
.12 maker-168185398-snap-gene-0.15-mRNA-1 3663896
.06 maker-168185398-snap-gene-0.15-mRNA-1 901759
.06 maker-168185398-snap-gene-0.15-mRNA-1 737211
.06 maker-168185398-snap-gene-0.15-mRNA-1 929037
.06 maker-168185398-snap-gene-0.15-mRNA-1 929039
.94 maker-168219740-snap-gene-0.48-mRNA-1 3750962
.39 augustus_masked-168398019-processed-gene-0.0-mRNA-1 2616441
.48 augustus_masked-168398019-processed-gene-0.0-mRNA-1 1675864
.24 augustus_masked-168419559-processed-gene-0.3-mRNA-1 3672139
.44 augustus_masked-168419559-processed-gene-0.3-mRNA-1 751431
.09 augustus_masked-168209383-processed-gene-0.3-mRNA-1 1902019
.48 maker-168524700-snap-gene-0.32-mRNA-1 3751831
.18 maker-168524700-snap-gene-0.32-mRNA-1 3751831
.99 maker-168408749-augustus-gene-0.28-mRNA-1 3751741
.46 maker-168433671-augustus-gene-0.5-mRNA-1 3728352
.21 maker-168433671-augustus-gene-0.5-mRNA-1 892262
.13 maker-168433671-augustus-gene-0.5-mRNA-1 265948
.99 augustus_masked-167920184-processed-gene-0.7-mRNA-1 3751060
.99 maker-168550701-augustus-gene-0.43-mRNA-1 3688270
.20 augustus_masked-168473428-processed-gene-0.2-mRNA-1 3664088
.52 augustus_masked-168473428-processed-gene-0.2-mRNA-1 3731322
.99 maker-168230080-snap-gene-0.39-mRNA-1 3750964
.99 augustus_masked-168556492-processed-gene-0.4-mRNA-1 3751410
.11 genemark-168389789-processed-gene-0.5-mRNA-1 1245222
.98 maker-167828088-snap-gene-0.9-mRNA-1 3751159
.81 maker-168478852-snap-gene-0.45-mRNA-1 3751193
.12 maker-168478852-snap-gene-0.45-mRNA-1 3682576
.08 maker-168478852-snap-gene-0.45-mRNA-1 3137962
.99 augustus_masked-168573162-processed-gene-0.3-mRNA-1 3751308
.99 maker-168277932-augustus-gene-0.31-mRNA-1 3666264
.99 augustus_masked-168525644-processed-gene-0.9-mRNA-1 3667316
.99 augustus_masked-162604905-processed-gene-0.0-mRNA-1 3665753
.37 snap_masked-168539016-processed-gene-0.93-mRNA-1 3700943
.99 snap_masked-168243486-processed-gene-0.5-mRNA-1 3667066
.62 maker-168184142-augustus-gene-0.117-mRNA-1 3675245
.23 maker-168184142-augustus-gene-0.117-mRNA-1 1877233
.55 augustus_masked-168169339-processed-gene-0.0-mRNA-1 3667904
.06 augustus_masked-168169339-processed-gene-0.0-mRNA-1 1137544
.04 augustus_masked-168169339-processed-gene-0.0-mRNA-1 3676463
.03 augustus_masked-168169339-processed-gene-0.0-mRNA-1 3667904
.99 maker-167898925-augustus-gene-0.31-mRNA-1 3751172
.99 augustus_masked-168298049-processed-gene-0.7-mRNA-1 3751404
.13 maker-168525815-snap-gene-0.22-mRNA-1 2515009
.73 maker-168525815-snap-gene-0.22-mRNA-1 247368
.18 maker-168574247-snap-gene-0.50-mRNA-1 1927350
.75 maker-168574247-snap-gene-0.50-mRNA-1 3667567
.73 maker-167916781-augustus-gene-0.37-mRNA-3 3751407
.25 maker-167916781-augustus-gene-0.37-mRNA-3 629870
.25 maker-167916781-augustus-gene-0.37-mRNA-3 638896
.99 maker-167856479-snap-gene-0.28-mRNA-1 3751709
.40 maker-168542515-augustus-gene-0.74-mRNA-1 3680259
.99 maker-166826223-augustus-gene-0.3-mRNA-1 3751703
.99 maker-168484983-snap-gene-0.32-mRNA-1 3750889
.61 maker-168182271-augustus-gene-0.55-mRNA-2 3751536
.19 maker-168182271-augustus-gene-0.55-mRNA-2 3669021
.96 augustus_masked-167823061-processed-gene-0.0-mRNA-1 3751819
.99 maker-167913083-augustus-gene-0.13-mRNA-1 3751072
.71 augustus_masked-166382614-processed-gene-0.1-mRNA-1 3673008
.21 augustus_masked-166382614-processed-gene-0.1-mRNA-1 2536769
.99 maker-168564629-augustus-gene-0.22-mRNA-1 3751879
.79 maker-168484358-augustus-gene-0.24-mRNA-1 3663822
.79 snap_masked-168545072-processed-gene-0.55-mRNA-1 3751455
.99 augustus_masked-168189440-processed-gene-0.3-mRNA-1 3663351
.99 augustus_masked-168298033-processed-gene-0.4-mRNA-1 3751754
.33 maker-168524607-snap-gene-0.26-mRNA-1 3664393
.38 maker-168524607-snap-gene-0.26-mRNA-1 3666553
.99 augustus_masked-168455981-processed-gene-0.0-mRNA-1 3751768
.21 maker-167599018-augustus-gene-0.4-mRNA-1 1467866
.78 maker-167599018-augustus-gene-0.4-mRNA-1 3751145
.98 maker-168570609-snap-gene-0.54-mRNA-1 3751683
.99 augustus_masked-168276651-processed-gene-0.17-mRNA-1 3751080
.99 maker-168484257-augustus-gene-0.6-mRNA-1 3751596
.97 maker-168323152-snap-gene-6.66-mRNA-1 3751514
.63 augustus_masked-168512964-processed-gene-0.17-mRNA-1 3751631
.99 maker-168492031-augustus-gene-0.45-mRNA-1 3751737
.99 maker-168335020-snap-gene-0.84-mRNA-1 3751684
.19 maker-168132501-augustus-gene-0.91-mRNA-2 1963663
.58 maker-168132501-augustus-gene-0.91-mRNA-2 3668414
.99 maker-168451602-snap-gene-0.43-mRNA-1 3751462
.99 genemark-168557670-processed-gene-0.6-mRNA-1 271093
.25 maker-113106675-augustus-gene-0.4-mRNA-1 3669397
.73 maker-113106675-augustus-gene-0.4-mRNA-1 3669272
.73 augustus_masked-168206623-processed-gene-0.0-mRNA-1 1775295
.09 augustus_masked-168577467-processed-gene-0.10-mRNA-1 3728406
.90 augustus_masked-168577467-processed-gene-0.10-mRNA-1 3751886
.51 maker-165519928-augustus-gene-0.4-mRNA-1 3668486
.44 maker-165519928-augustus-gene-0.4-mRNA-1 3666530
.62 maker-168548836-augustus-gene-0.37-mRNA-1 3750960
.34 genemark-168253234-processed-gene-0.0-mRNA-1 3703262
.29 genemark-168253234-processed-gene-0.0-mRNA-1 1982163
.34 genemark-168253234-processed-gene-0.0-mRNA-1 3664434
.36 genemark-168253234-processed-gene-0.0-mRNA-1 2090386
.33 genemark-168253234-processed-gene-0.0-mRNA-1 3447458
.99 maker-168129835-snap-gene-0.14-mRNA-1 3751719
.99 maker-168056606-augustus-gene-0.12-mRNA-1 3751694
.99 augustus_masked-167831409-processed-gene-0.8-mRNA-1 3751076
.99 augustus_masked-165136145-processed-gene-0.0-mRNA-1 3751622
.99 maker-167829879-snap-gene-0.18-mRNA-1 3685062
.99 maker-168295525-augustus-gene-0.58-mRNA-1 3751548
.02 maker-168576952-snap-gene-0.19-mRNA-1 2907146
.94 maker-168576952-snap-gene-0.19-mRNA-1 3665854
.69 maker-167021615-augustus-gene-0.5-mRNA-2 3666153
.21 maker-167021615-augustus-gene-0.5-mRNA-2 3670847
.99 augustus_masked-168227361-processed-gene-0.6-mRNA-1 3751061
.99 maker-168348166-augustus-gene-0.90-mRNA-2 3751540
.99 maker-168348166-augustus-gene-0.90-mRNA-3 3751540
.99 augustus_masked-167894133-processed-gene-0.1-mRNA-1 3751500
.99 maker-168301281-augustus-gene-0.15-mRNA-1 3732315
.99 augustus_masked-161707925-processed-gene-0.0-mRNA-1 3751817
.99 maker-168550135-augustus-gene-0.48-mRNA-1 3751570
.99 snap_masked-168223974-processed-gene-0.66-mRNA-1 3665557
.24 maker-168433767-snap-gene-0.16-mRNA-1 3666645
.74 maker-168433767-snap-gene-0.16-mRNA-1 3751839
.47 augustus_masked-167798003-processed-gene-0.26-mRNA-1 2170117
.99 maker-168548481-augustus-gene-0.57-mRNA-1 3751717
.90 augustus_masked-168370255-processed-gene-0.1-mRNA-1 3751287
.99 maker-168513840-augustus-gene-0.24-mRNA-2 3750893
.99 augustus_masked-168405210-processed-gene-0.12-mRNA-1 3751051
.28 maker-168288341-snap-gene-0.50-mRNA-1 873147
.39 maker-168288341-snap-gene-0.50-mRNA-1 3671084
.27 maker-168254111-augustus-gene-0.7-mRNA-1 3751023
.12 maker-168254111-augustus-gene-0.7-mRNA-1 3701623
.05 maker-168254111-augustus-gene-0.7-mRNA-1 944496
.07 maker-168254111-augustus-gene-0.7-mRNA-1 589338
.99 maker-168239401-snap-gene-0.7-mRNA-1 3751472
.90 augustus_masked-168217589-processed-gene-1.11-mRNA-1 3751176
.99 maker-168549175-augustus-gene-1.75-mRNA-1 3751081
.94 maker-167836028-snap-gene-0.48-mRNA-1 3751192
.99 snap_masked-85511505-processed-gene-0.1-mRNA-1 3722524
.89 maker-168183226-augustus-gene-0.6-mRNA-1 3669807
.99 augustus_masked-168369787-processed-gene-0.0-mRNA-1 3751310
.99 augustus_masked-168563266-processed-gene-0.12-mRNA-1 3751370
.99 maker-168188481-snap-gene-0.19-mRNA-1 3751896
.07 maker-168492862-augustus-gene-0.42-mRNA-1 630569
.92 maker-168492862-augustus-gene-0.42-mRNA-1 3751688
.82 maker-168133153-augustus-gene-0.14-mRNA-1 3751194
.09 maker-168133153-augustus-gene-0.14-mRNA-1 2089744
.99 maker-167851497-augustus-gene-0.24-mRNA-1 3751804
.22 augustus_masked-168271849-processed-gene-0.2-mRNA-1 3664277
.77 augustus_masked-168271849-processed-gene-0.2-mRNA-1 3751796
.99 augustus_masked-168448083-processed-gene-0.7-mRNA-1 3751326
.99 augustus_masked-168483500-processed-gene-0.1-mRNA-1 3669310
.63 maker-168375088-augustus-gene-0.65-mRNA-1 3751452
.99 maker-168353034-augustus-gene-0.32-mRNA-1 3751532
.99 maker-168543645-snap-gene-0.71-mRNA-1 3751638
.99 maker-161779242-augustus-gene-0.3-mRNA-1 3751323
.99 maker-168550131-augustus-gene-0.31-mRNA-1 3663965
.99 maker-168577437-augustus-gene-0.56-mRNA-1 3663824
.50 maker-168282144-augustus-gene-0.10-mRNA-1 3666351
.34 maker-168282144-augustus-gene-0.10-mRNA-1 3689048
.22 genemark-168163205-processed-gene-0.1-mRNA-1 3751869
.94 genemark-166670180-processed-gene-0.1-mRNA-1 3751476
.05 genemark-166670180-processed-gene-0.1-mRNA-1 910514
.99 maker-168261482-augustus-gene-0.6-mRNA-1 3751339
.90 maker-168472423-augustus-gene-0.93-mRNA-1 3751852
.99 augustus_masked-168404664-processed-gene-0.1-mRNA-1 3751603
.56 maker-168367546-augustus-gene-0.16-mRNA-1 3751858
.16 maker-168367546-augustus-gene-0.16-mRNA-1 3751858
.99 snap_masked-168423899-processed-gene-0.11-mRNA-1 3670179
.56 maker-168356167-snap-gene-0.54-mRNA-1 3663587
.16 maker-168356167-snap-gene-0.54-mRNA-1 3663621
.99 snap_masked-168395146-processed-gene-0.61-mRNA-1 3751765
.13 maker-168504001-snap-gene-0.121-mRNA-1 796928
.76 maker-168504001-snap-gene-0.121-mRNA-1 3668579
.62 maker-168465861-augustus-gene-0.18-mRNA-1 405124
.63 maker-168465861-augustus-gene-0.18-mRNA-1 3663487
.35 maker-168465861-augustus-gene-0.18-mRNA-1 3667905
.27 maker-168465861-augustus-gene-0.18-mRNA-1 1308455
.18 maker-168465861-augustus-gene-0.18-mRNA-1 1380369
.25 augustus_masked-162004748-processed-gene-0.0-mRNA-1 1161706
.19 augustus_masked-162004748-processed-gene-0.0-mRNA-1 3259117
.24 augustus_masked-162004748-processed-gene-0.0-mRNA-1 3736045
.99 genemark-168135504-processed-gene-0.0-mRNA-1 3751434
.99 augustus_masked-168568560-processed-gene-0.2-mRNA-1 3751156
.98 maker-168315625-augustus-gene-0.63-mRNA-1 3751120
.99 augustus_masked-167819717-processed-gene-0.0-mRNA-1 3751276
.88 maker-168417179-augustus-gene-0.47-mRNA-1 3751807
.10 maker-168417179-augustus-gene-0.47-mRNA-1 3675653
.99 maker-168552044-augustus-gene-0.41-mRNA-1 3751608
.99 maker-168398826-snap-gene-0.14-mRNA-1 3751859
.99 snap_masked-167832594-processed-gene-0.22-mRNA-1 3751196
.29 maker-167839077-augustus-gene-0.13-mRNA-1 967148
.22 maker-167839077-augustus-gene-0.13-mRNA-1 3740262
.58 snap_masked-164600149-processed-gene-0.3-mRNA-1 2613123
.53 maker-168577297-augustus-gene-0.25-mRNA-1 3663728
.39 maker-168484802-augustus-gene-0.22-mRNA-1 3675045
.30 maker-168484802-augustus-gene-0.22-mRNA-1 324349
.30 maker-168484802-augustus-gene-0.22-mRNA-1 609768
.28 maker-168484802-augustus-gene-0.22-mRNA-1 546786
.16 maker-168484802-augustus-gene-0.22-mRNA-1 2267688
.88 maker-168447144-snap-gene-0.59-mRNA-1 3751188
.99 maker-168558898-augustus-gene-0.47-mRNA-1 3751726
.65 genemark-167227786-processed-gene-0.1-mRNA-1 3671853
.14 genemark-167227786-processed-gene-0.1-mRNA-1 3627672
.97 augustus_masked-168573862-processed-gene-0.5-mRNA-1 3663297
.15 maker-168570257-augustus-gene-0.15-mRNA-1 1106767
.63 maker-168570257-augustus-gene-0.15-mRNA-1 3670005
.53 genemark-168333515-processed-gene-0.3-mRNA-1 3751913
.13 genemark-168333515-processed-gene-0.3-mRNA-1 3751913
.99 maker-168144216-augustus-gene-0.7-mRNA-2 3751394
.37 maker-167153577-snap-gene-0.5-mRNA-1 3665968
.45 maker-167153577-snap-gene-0.5-mRNA-1 3751270
.72 snap_masked-168253461-processed-gene-0.28-mRNA-1 3750941
.11 snap_masked-168253461-processed-gene-0.28-mRNA-1 3663384
.11 snap_masked-168253461-processed-gene-0.28-mRNA-1 510269
.99 augustus_masked-168538335-processed-gene-0.0-mRNA-1 3751203
.99 genemark-168471689-processed-gene-0.49-mRNA-1 3751382
.99 maker-168327613-augustus-gene-0.52-mRNA-1 3751904
.98 genemark-168506876-processed-gene-0.19-mRNA-1 3751149
.72 augustus_masked-167970499-processed-gene-0.10-mRNA-1 238947
.27 augustus_masked-167970499-processed-gene-0.10-mRNA-1 707868
.98 augustus_masked-168209784-processed-gene-1.12-mRNA-1 3751535
.99 augustus_masked-168190933-processed-gene-0.0-mRNA-1 3663136
.99 maker-115588757-augustus-gene-0.3-mRNA-1 3734937
.97 maker-168242320-augustus-gene-0.21-mRNA-1 3751850
.99 snap_masked-168458182-processed-gene-0.20-mRNA-1 3751264
.99 augustus_masked-168557896-processed-gene-2.18-mRNA-1 3751110
.86 maker-168234389-snap-gene-0.106-mRNA-1 3751910
.99 snap_masked-166593787-processed-gene-0.2-mRNA-1 3669833
.80 maker-163340090-augustus-gene-0.3-mRNA-1 3751767
.19 maker-163340090-augustus-gene-0.3-mRNA-1 371094
.04 maker-168098999-augustus-gene-0.22-mRNA-1 3665276
.95 maker-168098999-augustus-gene-0.22-mRNA-1 3663320
.48 augustus_masked-168577482-processed-gene-0.3-mRNA-1 3667506
.51 augustus_masked-168577482-processed-gene-0.3-mRNA-1 3663280
.90 maker-168560768-snap-gene-0.44-mRNA-1 3751880
.99 snap_masked-25856054-processed-gene-0.2-mRNA-1 3750983
.79 maker-168187899-snap-gene-0.76-mRNA-1 3751557
.92 maker-168351693-snap-gene-0.83-mRNA-1 3751182
.56 snap_masked-168389632-processed-gene-1.61-mRNA-1 2681388
.27 maker-164387041-snap-gene-0.3-mRNA-1 3732653
.28 maker-164387041-snap-gene-0.3-mRNA-1 1539391
.85 augustus_masked-168335786-processed-gene-1.2-mRNA-1 3751269
.12 augustus_masked-168335786-processed-gene-1.2-mRNA-1 3731931
.59 maker-168408837-augustus-gene-0.17-mRNA-1 3664860
.39 maker-168408837-augustus-gene-0.17-mRNA-1 3696619
.99 augustus_masked-168510298-processed-gene-0.5-mRNA-1 3751595
.50 maker-168501395-augustus-gene-0.40-mRNA-1 3665568
.35 maker-168501395-augustus-gene-0.40-mRNA-1 3751533
.99 augustus_masked-168353280-processed-gene-0.1-mRNA-1 3750890
.51 augustus_masked-168353280-processed-gene-0.1-mRNA-1 3664122
.99 augustus_masked-167827913-processed-gene-0.8-mRNA-1 3729552
.99 maker-168510470-snap-gene-0.97-mRNA-1 3751862
.99 maker-168572814-snap-gene-0.84-mRNA-1 3751167
.99 augustus_masked-168560926-processed-gene-0.6-mRNA-1 3751662
.99 maker-168293068-snap-gene-0.24-mRNA-1 3751279
.52 maker-168248967-snap-gene-0.36-mRNA-1 433610
.23 maker-168248967-snap-gene-0.36-mRNA-1 3679028
.56 genemark-168135365-processed-gene-0.7-mRNA-1 3664667
.21 genemark-168135365-processed-gene-0.7-mRNA-1 2761870
.99 augustus_masked-168421230-processed-gene-0.3-mRNA-1 3667774
.99 augustus_masked-168577632-processed-gene-0.3-mRNA-1 3667239
.31 snap_masked-168200367-processed-gene-0.6-mRNA-1 3666452
.59 snap_masked-168200367-processed-gene-0.6-mRNA-1 3668750
.94 maker-168476215-snap-gene-0.116-mRNA-2 3751857
.63 maker-168575165-augustus-gene-0.77-mRNA-1 3751530
.29 maker-168575165-augustus-gene-0.77-mRNA-1 3665862
.29 maker-168371211-snap-gene-0.29-mRNA-1 3751104
.15 maker-168532312-augustus-gene-0.8-mRNA-1 3669542
.73 maker-168532312-augustus-gene-0.8-mRNA-1 3750990
.96 augustus_masked-167794012-processed-gene-0.16-mRNA-1 3751788
.03 augustus_masked-167794012-processed-gene-0.16-mRNA-1 3670254
.99 augustus_masked-168554058-processed-gene-0.5-mRNA-1 3751795
.99 maker-168542050-augustus-gene-0.57-mRNA-1 3751174
.99 augustus_masked-168390062-processed-gene-0.1-mRNA-1 3751150
.99 maker-168442368-snap-gene-0.5-mRNA-1 3714482
.99 augustus_masked-167835013-processed-gene-0.8-mRNA-1 3664129
.66 maker-168472946-augustus-gene-0.27-mRNA-1 3751359
.05 maker-168472946-augustus-gene-0.27-mRNA-1 1707061
.30 augustus_masked-167723657-processed-gene-0.1-mRNA-1 3698314
.27 augustus_masked-167723657-processed-gene-0.1-mRNA-1 3670783
.25 augustus_masked-167723657-processed-gene-0.1-mRNA-1 3695951
.21 augustus_masked-167723657-processed-gene-0.1-mRNA-1 1459296
.16 augustus_masked-167723657-processed-gene-0.1-mRNA-1 1150816
.92 maker-168209360-snap-gene-0.37-mRNA-1 3751897
.51 maker-168262655-augustus-gene-0.7-mRNA-1 3751249
.42 maker-168262655-augustus-gene-0.7-mRNA-1 3751811
.69 maker-161342189-augustus-gene-0.4-mRNA-2 3750924
.19 maker-161342189-augustus-gene-0.4-mRNA-2 931695
.59 maker-168187682-snap-gene-0.36-mRNA-1 3751261
.19 maker-168187682-snap-gene-0.36-mRNA-1 552486
.19 maker-168187682-snap-gene-0.36-mRNA-1 1378906
.16 maker-168187682-snap-gene-0.36-mRNA-1 267083
.61 snap_masked-158642469-processed-gene-0.4-mRNA-1 3669685
.47 snap_masked-158642469-processed-gene-0.4-mRNA-1 3669571
.36 snap_masked-158642469-processed-gene-0.4-mRNA-1 3663211
.18 snap_masked-168541795-processed-gene-0.51-mRNA-1 1748799
.67 snap_masked-168541795-processed-gene-0.51-mRNA-1 939942
.99 maker-168370962-snap-gene-0.33-mRNA-1 3751043
.99 snap_masked-168448462-processed-gene-0.88-mRNA-1 3751414
.52 maker-168496631-augustus-gene-0.21-mRNA-1 3751861
.99 maker-168506658-snap-gene-0.116-mRNA-1 3751177
.04 maker-168216332-augustus-gene-0.20-mRNA-1 3664594
.03 maker-168216332-augustus-gene-0.20-mRNA-1 3663862
.04 maker-168216332-augustus-gene-0.20-mRNA-1 3751461
.01 maker-168216332-augustus-gene-0.20-mRNA-1 3664594
.31 maker-168216332-augustus-gene-0.20-mRNA-1 3751912
.99 maker-168576645-snap-gene-0.44-mRNA-1 3751916
.99 augustus_masked-167033022-processed-gene-0.0-mRNA-1 3666854
.91 augustus_masked-168190209-processed-gene-0.10-mRNA-1 3751877
.99 maker-168498695-snap-gene-0.55-mRNA-1 3751658
.99 maker-168520343-snap-gene-0.14-mRNA-1 3751800
.99 maker-168518435-augustus-gene-0.23-mRNA-1 3751808
.49 augustus_masked-168200046-processed-gene-0.0-mRNA-1 3751529
.36 augustus_masked-168200046-processed-gene-0.0-mRNA-1 540774
.99 maker-168187377-augustus-gene-0.44-mRNA-1 3751766
.99 augustus_masked-168420684-processed-gene-0.10-mRNA-1 3751461
.99 maker-168258199-augustus-gene-0.5-mRNA-1 3751720
.99 augustus_masked-168490652-processed-gene-0.1-mRNA-1 3750921
.69 augustus_masked-168438351-processed-gene-0.0-mRNA-1 3668463
.29 augustus_masked-168438351-processed-gene-0.0-mRNA-1 3681664
.28 augustus_masked-168438351-processed-gene-0.0-mRNA-1 736360
.99 maker-168114929-augustus-gene-0.38-mRNA-1 3750997
.99 maker-168421778-augustus-gene-0.101-mRNA-1 3750902
.99 maker-168247524-augustus-gene-0.10-mRNA-1 3750865
.99 maker-168328223-augustus-gene-1.55-mRNA-1 3751671
.92 augustus_masked-168371150-processed-gene-0.1-mRNA-1 3751015
.99 maker-168231872-snap-gene-0.14-mRNA-1 3667408
.99 augustus_masked-168577233-processed-gene-0.6-mRNA-1 3751044
.66 maker-163708861-snap-gene-0.4-mRNA-1 895182
.33 maker-163708861-snap-gene-0.4-mRNA-1 901355
.97 augustus_masked-168507409-processed-gene-0.0-mRNA-1 3751698
.99 maker-168458788-augustus-gene-0.11-mRNA-1 3751296
.48 augustus_masked-168487527-processed-gene-0.0-mRNA-1 3707917
.44 augustus_masked-168487527-processed-gene-0.0-mRNA-1 993801
.99 maker-168186803-snap-gene-0.21-mRNA-1 3664967
.38 snap_masked-168577548-processed-gene-0.68-mRNA-1 3750982
.13 snap_masked-168577548-processed-gene-0.68-mRNA-1 1100592
.07 snap_masked-168577548-processed-gene-0.68-mRNA-1 3747754
.06 snap_masked-168577548-processed-gene-0.68-mRNA-1 363155
.99 maker-168567837-snap-gene-0.48-mRNA-1 3751868
.89 maker-168291211-snap-gene-0.39-mRNA-1 3751840
.99 snap_masked-163032013-processed-gene-0.2-mRNA-1 3751712
.66 augustus_masked-168293681-processed-gene-0.1-mRNA-1 3670246
.10 augustus_masked-168293681-processed-gene-0.1-mRNA-1 3697151
.59 maker-167797000-augustus-gene-0.12-mRNA-1 3751695
.27 maker-167797000-augustus-gene-0.12-mRNA-1 352728
.99 maker-168528397-snap-gene-0.43-mRNA-1 3751902
.99 maker-159208848-augustus-gene-0.3-mRNA-1 3751801
.99 augustus_masked-167990981-processed-gene-0.0-mRNA-1 3666963
.99 snap_masked-168230750-processed-gene-0.39-mRNA-1 3751158
.99 genemark-166507773-processed-gene-0.0-mRNA-1 3751644
.99 augustus_masked-168477985-processed-gene-0.12-mRNA-1 3751403
.81 maker-168340917-snap-gene-0.57-mRNA-1 3710431
.94 maker-168549604-snap-gene-1.93-mRNA-1 3751305
.80 augustus_masked-168339538-processed-gene-0.2-mRNA-1 3701898
.19 augustus_masked-168339538-processed-gene-0.2-mRNA-1 3682354
.40 snap_masked-166163391-processed-gene-0.2-mRNA-1 3663376
.40 snap_masked-166163391-processed-gene-0.2-mRNA-1 3726151
.22 snap_masked-166163391-processed-gene-0.2-mRNA-1 3087685
.58 augustus_masked-168317733-processed-gene-0.11-mRNA-1 3696019
.68 maker-168222911-snap-gene-0.31-mRNA-1 3751330
.94 maker-168577470-snap-gene-0.63-mRNA-1 3751751
.38 maker-168577470-snap-gene-0.63-mRNA-1 3674902
.05 maker-168577470-snap-gene-0.63-mRNA-1 2729088
.05 maker-168577470-snap-gene-0.63-mRNA-1 3749953
.09 genemark-168125421-processed-gene-0.13-mRNA-1 3751662
.06 genemark-168125421-processed-gene-0.13-mRNA-1 3669881
.50 augustus_masked-168358337-processed-gene-0.4-mRNA-1 3751834
.15 augustus_masked-168358337-processed-gene-0.4-mRNA-1 3669754
.99 augustus_masked-168508548-processed-gene-0.30-mRNA-1 3692782
.99 maker-168576941-snap-gene-0.53-mRNA-1 3664692
.24 maker-168325750-snap-gene-0.32-mRNA-1 3707143
.22 maker-168325750-snap-gene-0.32-mRNA-1 3712321
.99 snap_masked-168237797-processed-gene-0.16-mRNA-1 3751629
.56 maker-168518237-augustus-gene-0.46-mRNA-1 3751380
.45 maker-168518237-augustus-gene-0.46-mRNA-1 570183
.13 maker-168518237-augustus-gene-0.46-mRNA-1 3674621
.99 maker-166988715-snap-gene-0.8-mRNA-1 3751470
.99 maker-168538343-augustus-gene-1.59-mRNA-1 3751316
.99 maker-168352516-augustus-gene-0.36-mRNA-1 3751783
.99 maker-168468263-augustus-gene-0.25-mRNA-1 3751828
.15 maker-168548432-augustus-gene-0.52-mRNA-1 3667973
.84 maker-168548432-augustus-gene-0.52-mRNA-1 3751260
.98 snap_masked-167819716-processed-gene-0.7-mRNA-1 3663308
.99 maker-164321905-augustus-gene-0.3-mRNA-1 3751586
.99 maker-168364863-snap-gene-0.8-mRNA-1 3751504
.99 augustus_masked-168081126-processed-gene-0.6-mRNA-1 3751097
.99 maker-168196566-augustus-gene-0.14-mRNA-1 3751267
.18 maker-168560005-augustus-gene-0.12-mRNA-1 737776
.75 maker-168560005-augustus-gene-0.12-mRNA-1 3750969
.99 maker-159565083-augustus-gene-0.4-mRNA-1 3751406
.99 snap_masked-161684052-processed-gene-0.1-mRNA-1 3663109
.11 maker-168512853-snap-gene-1.110-mRNA-1 2911489
.86 maker-168512853-snap-gene-1.110-mRNA-1 3751660
.99 maker-158920674-snap-gene-0.4-mRNA-1 3751755
.18 maker-168183880-augustus-gene-0.17-mRNA-1 3667170
.70 maker-168183880-augustus-gene-0.17-mRNA-1 3751883
.52 augustus_masked-168577406-processed-gene-0.0-mRNA-1 3671445
.31 augustus_masked-168577406-processed-gene-0.0-mRNA-1 630104
.28 augustus_masked-168577406-processed-gene-0.0-mRNA-1 1586703
.25 augustus_masked-168577406-processed-gene-0.0-mRNA-1 2161368
.12 augustus_masked-168577406-processed-gene-0.0-mRNA-1 3046738
.99 augustus_masked-168314018-processed-gene-0.16-mRNA-1 3751381
.41 maker-168571853-augustus-gene-0.47-mRNA-1 3751355
.79 snap_masked-168273113-processed-gene-0.22-mRNA-1 3664888
.07 snap_masked-168273113-processed-gene-0.22-mRNA-1 3642848
.85 snap_masked-168577470-processed-gene-1.122-mRNA-1 1691581
.99 augustus_masked-168455891-processed-gene-0.1-mRNA-1 3668533
.99 augustus_masked-162218924-processed-gene-0.1-mRNA-1 3751255
.96 augustus_masked-168108656-processed-gene-0.7-mRNA-1 3663970
.03 augustus_masked-168108656-processed-gene-0.7-mRNA-1 3671740
.34 augustus_masked-168567567-processed-gene-0.4-mRNA-1 863670
.40 augustus_masked-168567567-processed-gene-0.4-mRNA-1 923325
.52 maker-168295199-augustus-gene-0.97-mRNA-1 3666462
.27 maker-168295199-augustus-gene-0.97-mRNA-1 3667671
.29 maker-168295199-augustus-gene-0.97-mRNA-1 805131
.19 maker-168186092-augustus-gene-0.15-mRNA-1 3751364
.18 maker-168186092-augustus-gene-0.15-mRNA-1 3751376
.10 maker-168186092-augustus-gene-0.15-mRNA-1 3666002
.99 maker-168234892-augustus-gene-0.8-mRNA-1 3751725
.17 augustus_masked-168351675-processed-gene-0.6-mRNA-1 3751618
.62 augustus_masked-168351675-processed-gene-0.6-mRNA-1 3751435
.52 maker-168412827-augustus-gene-0.23-mRNA-1 3750996
.39 maker-168412827-augustus-gene-0.23-mRNA-1 3665626
.99 maker-168014883-augustus-gene-0.38-mRNA-1 3751569
.49 maker-165379355-snap-gene-0.4-mRNA-1 3751149
.20 maker-165379355-snap-gene-0.4-mRNA-1 462200
.75 maker-168421633-snap-gene-0.22-mRNA-1 3751292
.24 maker-168421633-snap-gene-0.22-mRNA-1 3669606
.36 maker-167742616-snap-gene-0.3-mRNA-1 3751905
.43 maker-167742616-snap-gene-0.3-mRNA-1 874464
.99 snap_masked-165311682-processed-gene-0.1-mRNA-1 3721823
.83 snap_masked-168479714-processed-gene-0.8-mRNA-1 1545428
.30 maker-161878723-augustus-gene-0.3-mRNA-1 3672755
.24 maker-161878723-augustus-gene-0.3-mRNA-1 788584
.21 maker-161878723-augustus-gene-0.3-mRNA-1 3672756
.76 augustus_masked-165620466-processed-gene-0.0-mRNA-1 3678361
.23 augustus_masked-165620466-processed-gene-0.0-mRNA-1 1015883
.99 snap_masked-168191937-processed-gene-0.90-mRNA-1 3751661
.51 augustus_masked-168287020-processed-gene-0.5-mRNA-1 2036336
.99 genemark-168191995-processed-gene-0.17-mRNA-1 3751328
.98 snap_masked-166121987-processed-gene-0.4-mRNA-1 3666005
.16 augustus_masked-168453171-processed-gene-0.0-mRNA-1 3745837
.69 augustus_masked-168453171-processed-gene-0.0-mRNA-1 3672584
.14 augustus_masked-168239231-processed-gene-0.3-mRNA-1 3724724
.73 augustus_masked-168239231-processed-gene-0.3-mRNA-1 3666874
.35 maker-168183007-snap-gene-0.9-mRNA-1 3751439
.30 maker-168183007-snap-gene-0.9-mRNA-1 3673120
.30 maker-168183007-snap-gene-0.9-mRNA-1 3690191
.98 augustus_masked-168238180-processed-gene-0.0-mRNA-1 3751738
.98 maker-168239280-snap-gene-1.77-mRNA-1 3663647
.94 maker-168415911-augustus-gene-0.36-mRNA-1 3751869
.99 maker-168568482-snap-gene-0.58-mRNA-1 3750925
.99 maker-168335016-augustus-gene-0.40-mRNA-1 3750938
.38 augustus_masked-162451180-processed-gene-0.0-mRNA-1 3669771
.32 augustus_masked-162451180-processed-gene-0.0-mRNA-1 3722089
.99 augustus_masked-168329340-processed-gene-0.1-mRNA-1 3751062
.92 maker-168186314-augustus-gene-2.76-mRNA-1 3664348
.38 genemark-162338917-processed-gene-0.1-mRNA-1 1707350
.61 genemark-162338917-processed-gene-0.1-mRNA-1 3705980
.38 maker-168549120-augustus-gene-0.25-mRNA-1 3751363
.15 maker-168549120-augustus-gene-0.25-mRNA-1 3673694
.13 maker-168549120-augustus-gene-0.25-mRNA-1 3725577
.99 maker-165329733-snap-gene-0.3-mRNA-1 3750979
.99 maker-168253021-augustus-gene-0.14-mRNA-1 3669413
.76 maker-168340894-augustus-gene-0.5-mRNA-1 3751797
.11 maker-168340894-augustus-gene-0.5-mRNA-1 608866
.30 augustus_masked-168577163-processed-gene-0.1-mRNA-1 1081783
.31 augustus_masked-168577163-processed-gene-0.1-mRNA-1 3665034
.31 augustus_masked-168577163-processed-gene-0.1-mRNA-1 3700014
.30 augustus_masked-168577163-processed-gene-0.1-mRNA-1 3669202
.31 augustus_masked-168577163-processed-gene-0.1-mRNA-1 3663980
.99 augustus_masked-168449905-processed-gene-0.3-mRNA-1 3751049
.34 genemark-165949157-processed-gene-0.0-mRNA-1 2020313
.33 genemark-165949157-processed-gene-0.0-mRNA-1 1475935
.37 maker-168227771-snap-gene-2.73-mRNA-1 3695489
.05 augustus_masked-168415911-processed-gene-0.3-mRNA-1 3668815
.92 augustus_masked-168415911-processed-gene-0.3-mRNA-1 3751876
.99 augustus_masked-168577173-processed-gene-0.5-mRNA-1 3750899
.99 maker-168550415-augustus-gene-0.24-mRNA-1 3751841
.08 maker-168454391-augustus-gene-1.116-mRNA-1 834740
.91 maker-168454391-augustus-gene-1.116-mRNA-1 3751353
.70 maker-168186924-augustus-gene-0.20-mRNA-1 3751102
.99 maker-168377793-snap-gene-0.46-mRNA-1 3751911
.80 maker-168252781-augustus-gene-0.79-mRNA-1 3665047
.97 augustus_masked-168539576-processed-gene-0.7-mRNA-1 3668149
.02 augustus_masked-168539576-processed-gene-0.7-mRNA-1 765213
.25 augustus_masked-167808834-processed-gene-0.11-mRNA-1 724576
.34 augustus_masked-167808834-processed-gene-0.11-mRNA-1 3677555
.99 augustus_masked-167855616-processed-gene-0.1-mRNA-1 3683863
.43 maker-168189369-snap-gene-0.45-mRNA-1 3751224
.99 maker-168245136-snap-gene-0.63-mRNA-1 3751206
.99 snap_masked-168186309-processed-gene-0.25-mRNA-1 3751525
.59 augustus_masked-168188747-processed-gene-0.8-mRNA-1 2668393
.99 maker-168577592-augustus-gene-0.95-mRNA-1 3676748
.97 maker-168577059-snap-gene-0.28-mRNA-2 3751826
.25 maker-168309056-augustus-gene-0.7-mRNA-1 3722668
.18 maker-168309056-augustus-gene-0.7-mRNA-1 973145
.22 maker-168309056-augustus-gene-0.7-mRNA-1 619467
.16 maker-168309056-augustus-gene-0.7-mRNA-1 459652
.06 maker-168309056-augustus-gene-0.7-mRNA-1 3671249
.79 augustus_masked-168529717-processed-gene-0.1-mRNA-1 3682842
.05 augustus_masked-168529717-processed-gene-0.1-mRNA-1 1953797
.74 augustus_masked-168273031-processed-gene-0.1-mRNA-1 3751553
.19 augustus_masked-168273031-processed-gene-0.1-mRNA-1 3689000
.24 augustus_masked-161568158-processed-gene-0.0-mRNA-1 1931488
.72 augustus_masked-161568158-processed-gene-0.0-mRNA-1 1679563
.99 maker-168184700-snap-gene-0.39-mRNA-1 3751231
.81 maker-168577077-snap-gene-0.16-mRNA-1 3751865
.76 maker-168183768-augustus-gene-0.29-mRNA-1 3751421
.14 maker-168183768-augustus-gene-0.29-mRNA-1 554842
.09 maker-168183768-augustus-gene-0.29-mRNA-1 404444
.10 maker-168183768-augustus-gene-0.29-mRNA-1 2077514
.78 maker-168103144-augustus-gene-0.16-mRNA-1 3751874
.14 maker-168103144-augustus-gene-0.16-mRNA-1 3664679
.04 maker-168103144-augustus-gene-0.16-mRNA-1 407623
.44 augustus_masked-168499806-processed-gene-0.1-mRNA-1 3751898
.21 augustus_masked-168499806-processed-gene-0.1-mRNA-1 3751898
.99 augustus_masked-168245120-processed-gene-0.5-mRNA-1 3665944
.97 maker-168567012-augustus-gene-0.73-mRNA-2 3751513
.99 maker-168467678-augustus-gene-0.5-mRNA-1 3751805
.99 maker-168462173-augustus-gene-0.54-mRNA-1 3751079
.23 maker-165262243-snap-gene-0.4-mRNA-1 2582729
.76 maker-165262243-snap-gene-0.4-mRNA-1 3751106
.09 maker-168231017-snap-gene-0.59-mRNA-1 2812593
.75 maker-168231017-snap-gene-0.59-mRNA-1 3751609
.04 augustus_masked-167864907-processed-gene-0.3-mRNA-1 3670179
.03 augustus_masked-167864907-processed-gene-0.3-mRNA-1 3751746
.02 augustus_masked-167864907-processed-gene-0.3-mRNA-1 3664594
.38 snap_masked-168247743-processed-gene-0.59-mRNA-1 3670928
.54 snap_masked-168247743-processed-gene-0.59-mRNA-1 3670929
.99 augustus_masked-168553106-processed-gene-1.36-mRNA-1 3751728
.10 maker-168376499-snap-gene-0.75-mRNA-1 1758527
.87 maker-168376499-snap-gene-0.75-mRNA-1 3666476
.99 maker-168478469-augustus-gene-0.38-mRNA-1 3751863
.99 maker-168465024-augustus-gene-0.7-mRNA-1 3666013
.99 augustus_masked-168200274-processed-gene-0.4-mRNA-1 3751803
.15 maker-162734347-augustus-gene-0.1-mRNA-1 1232944
.82 maker-162734347-augustus-gene-0.1-mRNA-1 131158
.99 maker-163102258-augustus-gene-0.4-mRNA-1 3666911
.99 maker-168469723-augustus-gene-0.18-mRNA-1 3664542
.57 augustus_masked-168407345-processed-gene-0.0-mRNA-1 3690364
.22 augustus_masked-168407345-processed-gene-0.0-mRNA-1 3697
.99 maker-168315574-snap-gene-2.69-mRNA-1 3751134
.99 augustus_masked-165579536-processed-gene-0.0-mRNA-1 3750917
.78 snap_masked-166109899-processed-gene-0.4-mRNA-1 1633969
.96 snap_masked-166109899-processed-gene-0.4-mRNA-1 3751070
.35 augustus_masked-168402443-processed-gene-0.1-mRNA-1 3673629
.06 augustus_masked-168402443-processed-gene-0.1-mRNA-1 603233
.99 maker-168485745-augustus-gene-0.41-mRNA-2 3751761
.99 maker-168435993-augustus-gene-0.40-mRNA-1 3751716
.65 augustus_masked-168489161-processed-gene-0.1-mRNA-1 945085
.67 maker-168525274-snap-gene-0.9-mRNA-1 3751475
.16 maker-168525274-snap-gene-0.9-mRNA-1 3671461
.99 snap_masked-168241044-processed-gene-0.5-mRNA-1 3751189
.99 snap_masked-168241044-processed-gene-0.5-mRNA-1 3751190
.90 augustus_masked-168396296-processed-gene-0.6-mRNA-1 3751517
.99 augustus_masked-168551064-processed-gene-0.5-mRNA-1 3751385
.07 snap_masked-168421389-processed-gene-1.62-mRNA-1 477459
.92 snap_masked-168421389-processed-gene-1.62-mRNA-1 3751630
.99 augustus_masked-168484104-processed-gene-0.1-mRNA-1 3712580
.99 snap_masked-168521099-processed-gene-0.43-mRNA-1 3751213
.97 maker-168186616-snap-gene-0.27-mRNA-1 3751870
.99 maker-168577195-snap-gene-0.34-mRNA-1 3751175
.49 maker-168342540-augustus-gene-1.42-mRNA-1 3670839
.29 maker-168342540-augustus-gene-1.42-mRNA-1 3685574
.99 snap_masked-168189668-processed-gene-0.74-mRNA-1 3751291
.99 augustus_masked-168439912-processed-gene-0.0-mRNA-1 3751244
.99 maker-168234677-snap-gene-0.12-mRNA-1 3751871
.49 maker-168187617-augustus-gene-0.11-mRNA-1 3751048
.50 maker-168187617-augustus-gene-0.11-mRNA-1 3751048
.99 maker-168549254-snap-gene-0.25-mRNA-1 3750898
.99 maker-168573468-augustus-gene-0.36-mRNA-1 3751718
.99 maker-168514904-augustus-gene-0.27-mRNA-1 3751842
.69 maker-168255804-augustus-gene-0.42-mRNA-1 3751443
.20 maker-168255804-augustus-gene-0.42-mRNA-1 3665094
.68 snap_masked-167836069-processed-gene-0.14-mRNA-1 3751191
.31 snap_masked-167836069-processed-gene-0.14-mRNA-1 3664375
.99 maker-168142284-snap-gene-0.27-mRNA-1 3751691
.99 maker-166343090-snap-gene-0.8-mRNA-1 3751332
.99 maker-167887473-augustus-gene-0.15-mRNA-1 3751721
.92 maker-168440768-augustus-gene-0.55-mRNA-1 3664422
.99 maker-167977330-augustus-gene-0.31-mRNA-1 3751377
.99 augustus_masked-168427455-processed-gene-0.10-mRNA-1 3751847
.98 maker-167819832-snap-gene-0.10-mRNA-1 3751153
.99 maker-168183336-snap-gene-0.30-mRNA-1 3673641
.99 maker-168540458-augustus-gene-0.32-mRNA-1 3751208
.14 maker-168225046-augustus-gene-0.14-mRNA-1 2946324
.85 maker-168225046-augustus-gene-0.14-mRNA-1 3751005
.30 augustus_masked-168546755-processed-gene-0.0-mRNA-1 3674057
.44 augustus_masked-168546755-processed-gene-0.0-mRNA-1 3707684
.99 snap_masked-164987967-processed-gene-0.1-mRNA-1 3676982
.94 snap_masked-167977243-processed-gene-0.15-mRNA-1 3751180
.47 maker-168187403-snap-gene-0.8-mRNA-1 3751837
.44 maker-168187403-snap-gene-0.8-mRNA-1 3751837
.27 maker-168532890-augustus-gene-0.20-mRNA-1 221834
.37 maker-168532890-augustus-gene-0.20-mRNA-1 3751705
.98 maker-168201986-augustus-gene-0.33-mRNA-1 3751816
.91 augustus_masked-166273236-processed-gene-0.0-mRNA-1 3751447
.99 maker-168344538-augustus-gene-0.19-mRNA-3 3750883
.99 maker-168095260-augustus-gene-0.16-mRNA-3 3751454
.97 maker-168386992-augustus-gene-1.100-mRNA-1 3751864
.77 maker-159430260-snap-gene-0.3-mRNA-1 3664285
.12 maker-159430260-snap-gene-0.3-mRNA-1 2065214
.99 snap_masked-168315270-processed-gene-0.52-mRNA-1 3751449
.51 maker-168530319-snap-gene-0.36-mRNA-1 3751281
.99 genemark-168267734-processed-gene-0.8-mRNA-1 3751763
.31 maker-168189211-snap-gene-0.97-mRNA-3 3751888
.68 maker-168189211-snap-gene-0.97-mRNA-3 3751888
.99 augustus_masked-168262096-processed-gene-0.2-mRNA-1 3751724
.98 maker-168051811-snap-gene-0.7-mRNA-1 3680904
.98 maker-168481144-augustus-gene-1.72-mRNA-1 3750999
.99 maker-168501015-augustus-gene-0.74-mRNA-1 3751771
.99 maker-168305132-snap-gene-0.20-mRNA-1 3751550
.98 maker-168190526-snap-gene-1.104-mRNA-1 3751146
.55 augustus_masked-163767771-processed-gene-0.1-mRNA-1 2050671
.36 augustus_masked-163767771-processed-gene-0.1-mRNA-1 1809634
.27 augustus_masked-163767771-processed-gene-0.1-mRNA-1 1809635
.99 augustus_masked-168548914-processed-gene-0.0-mRNA-1 3751757
.99 augustus_masked-164219219-processed-gene-0.0-mRNA-1 3751623
.88 augustus_masked-168548738-processed-gene-0.1-mRNA-1 3663303
.08 augustus_masked-168548738-processed-gene-0.1-mRNA-1 792707
.08 augustus_masked-168548738-processed-gene-0.1-mRNA-1 685574
.90 maker-168327086-snap-gene-0.40-mRNA-1 3751759
.95 augustus_masked-168216083-processed-gene-0.13-mRNA-1 3751393
.79 augustus_masked-168374702-processed-gene-0.0-mRNA-1 3751662
.41 augustus_masked-168374702-processed-gene-0.0-mRNA-1 3697028
.24 augustus_masked-168374702-processed-gene-0.0-mRNA-1 3677949
.24 augustus_masked-168374702-processed-gene-0.0-mRNA-1 3692117
.04 augustus_masked-168374702-processed-gene-0.0-mRNA-1 3742675
.99 maker-168183244-augustus-gene-0.5-mRNA-1 3751487
.99 augustus_masked-168513276-processed-gene-0.0-mRNA-1 3751378
.13 maker-168190496-augustus-gene-0.38-mRNA-1 2161142
.86 maker-168190496-augustus-gene-0.38-mRNA-1 3751123
.99 snap_masked-168096432-processed-gene-0.15-mRNA-1 3751411
.08 maker-168564031-augustus-gene-0.38-mRNA-1 3705257
.85 maker-168564031-augustus-gene-0.38-mRNA-1 3751655
.99 augustus_masked-168547382-processed-gene-0.10-mRNA-1 3751651
.99 maker-167964480-snap-gene-0.38-mRNA-1 3751038
.52 maker-168550069-augustus-gene-0.7-mRNA-1 3727351
.17 augustus_masked-165423691-processed-gene-0.0-mRNA-1 2142888
.81 augustus_masked-165423691-processed-gene-0.0-mRNA-1 507531
.82 maker-168383835-snap-gene-0.19-mRNA-1 3751892
.07 maker-168383835-snap-gene-0.19-mRNA-1 3712652
.93 genemark-168114386-processed-gene-0.8-mRNA-1 3678986
.06 genemark-168114386-processed-gene-0.8-mRNA-1 826386
.57 maker-167337143-snap-gene-0.5-mRNA-1 877498
.35 maker-167337143-snap-gene-0.5-mRNA-1 3665907
.99 augustus_masked-168185686-processed-gene-0.1-mRNA-1 3728982
.99 snap_masked-168245925-processed-gene-0.11-mRNA-1 3751792
.61 snap_masked-168518890-processed-gene-0.26-mRNA-1 3751480
.12 snap_masked-168518890-processed-gene-0.26-mRNA-1 3751480
.02 snap_masked-168518890-processed-gene-0.26-mRNA-1 3691924
.97 maker-168233565-snap-gene-0.11-mRNA-1 3751275
.01 maker-168233565-snap-gene-0.11-mRNA-1 1570209
.99 augustus_masked-168252781-processed-gene-0.15-mRNA-1 3751184
.30 augustus_masked-168551645-processed-gene-0.0-mRNA-1 3667073
.38 augustus_masked-168551645-processed-gene-0.0-mRNA-1 511163
.99 snap_masked-168562297-processed-gene-0.12-mRNA-1 3664762
.99 augustus_masked-168505494-processed-gene-0.2-mRNA-1 3751282
.14 maker-168577032-augustus-gene-0.29-mRNA-1 3751457
.85 maker-168577032-augustus-gene-0.29-mRNA-1 3751456
.99 snap_masked-168266360-processed-gene-0.14-mRNA-1 3751509
.72 maker-168421562-augustus-gene-0.54-mRNA-1 3751900
.99 augustus_masked-167827410-processed-gene-0.9-mRNA-1 3674166
.99 augustus_masked-168056380-processed-gene-0.1-mRNA-1 3665622
.38 maker-166066774-augustus-gene-0.3-mRNA-1 3751054
.22 maker-166066774-augustus-gene-0.3-mRNA-1 695938
.19 maker-166066774-augustus-gene-0.3-mRNA-1 3669669
.18 maker-166066774-augustus-gene-0.3-mRNA-1 3665858
.18 maker-166066774-augustus-gene-0.3-mRNA-1 1066798
.38 maker-168522089-augustus-gene-0.69-mRNA-1 3750886
.60 maker-168522089-augustus-gene-0.69-mRNA-1 3750886
.21 maker-168274859-augustus-gene-0.43-mRNA-1 1584657
.27 maker-168274859-augustus-gene-0.43-mRNA-1 1096548
.13 augustus_masked-168430050-processed-gene-0.1-mRNA-1 3672304
.86 augustus_masked-168430050-processed-gene-0.1-mRNA-1 3675961
.99 maker-168435861-augustus-gene-0.92-mRNA-1 3751132
.55 snap_masked-168556295-processed-gene-0.48-mRNA-1 3344389
.70 maker-168183903-snap-gene-0.17-mRNA-1 3669883
.99 maker-168548422-snap-gene-1.63-mRNA-1 3751711
.99 maker-168301172-augustus-gene-0.50-mRNA-1 3665452
.99 maker-168304794-augustus-gene-0.64-mRNA-1 3751810
.99 snap_masked-168224235-processed-gene-0.25-mRNA-1 3751469
.97 snap_masked-168496814-processed-gene-0.33-mRNA-1 2047324
.99 maker-166506730-snap-gene-0.5-mRNA-1 3751137
.99 augustus_masked-165846052-processed-gene-0.0-mRNA-1 3751477
.02 augustus_masked-165846052-processed-gene-0.0-mRNA-1 1148480
.02 augustus_masked-165846052-processed-gene-0.0-mRNA-1 1348482
.02 augustus_masked-165846052-processed-gene-0.0-mRNA-1 1769346
.02 augustus_masked-165846052-processed-gene-0.0-mRNA-1 1902369
.99 maker-168516909-snap-gene-0.44-mRNA-1 3751867
.99 augustus_masked-168573242-processed-gene-0.12-mRNA-1 3665415
.91 maker-168191432-snap-gene-0.67-mRNA-1 3669246
.03 maker-168191432-snap-gene-0.67-mRNA-1 3232312
.71 maker-168537663-augustus-gene-0.20-mRNA-1 3751319
.17 maker-168537663-augustus-gene-0.20-mRNA-1 760793
.15 maker-168537663-augustus-gene-0.20-mRNA-1 842442
.34 augustus_masked-168378654-processed-gene-0.22-mRNA-1 3751884
.28 augustus_masked-168378654-processed-gene-0.22-mRNA-1 3751293
.32 augustus_masked-168378654-processed-gene-0.22-mRNA-1 3751884
.26 maker-168474166-augustus-gene-0.63-mRNA-1 712636
.73 maker-168474166-augustus-gene-0.63-mRNA-1 3751251
.85 augustus_masked-168458867-processed-gene-1.3-mRNA-1 3751004
.99 augustus_masked-168394829-processed-gene-0.3-mRNA-1 3663232
.55 augustus_masked-168183031-processed-gene-0.3-mRNA-1 3751856
.11 augustus_masked-168183031-processed-gene-0.3-mRNA-1 3751856
.56 maker-168185718-snap-gene-0.58-mRNA-1 3666781
.18 maker-168185718-snap-gene-0.58-mRNA-1 3669691
.15 maker-168185718-snap-gene-0.58-mRNA-1 2339626
.27 augustus_masked-167806651-processed-gene-0.0-mRNA-1 3669453
.55 augustus_masked-167806651-processed-gene-0.0-mRNA-1 3667260
.99 augustus_masked-168485055-processed-gene-0.1-mRNA-1 3664594
.99 maker-168577537-augustus-gene-0.65-mRNA-1 3750945
.99 maker-168315531-snap-gene-0.9-mRNA-1 3751125
.66 maker-168378863-augustus-gene-0.65-mRNA-1 3751383
.99 maker-168287331-snap-gene-0.20-mRNA-1 3751825
.27 augustus_masked-168407284-processed-gene-0.9-mRNA-1 812043
.72 augustus_masked-168407284-processed-gene-0.9-mRNA-1 3663947
.97 augustus_masked-168260079-processed-gene-0.15-mRNA-1 3667511
.99 augustus_masked-168509066-processed-gene-0.6-mRNA-1 3750981
.99 augustus_masked-168302112-processed-gene-0.1-mRNA-1 3664745
.99 genemark-168577311-processed-gene-0.22-mRNA-1 3751162
.40 augustus_masked-168283923-processed-gene-1.4-mRNA-1 836821
.45 augustus_masked-168283923-processed-gene-1.4-mRNA-1 3677375
.99 augustus_masked-168241545-processed-gene-0.4-mRNA-1 3751274
.44 maker-168459469-snap-gene-0.101-mRNA-1 3751088
.31 maker-168459469-snap-gene-0.101-mRNA-1 3676118
.56 maker-167800427-snap-gene-0.27-mRNA-1 3751620
.23 maker-167800427-snap-gene-0.27-mRNA-1 3673204
.99 maker-168190890-augustus-gene-0.90-mRNA-1 3751329
.45 maker-168407861-augustus-gene-0.4-mRNA-1 3751830
.26 maker-168407861-augustus-gene-0.4-mRNA-1 1363404
.99 maker-168441520-augustus-gene-0.98-mRNA-1 3751693
.89 maker-167831340-augustus-gene-0.16-mRNA-1 3751337
.16 snap_masked-167961773-processed-gene-0.8-mRNA-1 3747970
.20 snap_masked-167961773-processed-gene-0.8-mRNA-1 1016969
.99 augustus_masked-168563105-processed-gene-0.1-mRNA-1 3751302
.81 maker-167846079-snap-gene-0.13-mRNA-1 3663539
.99 maker-168294673-augustus-gene-0.52-mRNA-1 3751740
.66 maker-168149605-augustus-gene-0.4-mRNA-1 3751838
.33 maker-168149605-augustus-gene-0.4-mRNA-1 158268
.93 maker-168253332-snap-gene-0.17-mRNA-1 3751713
.06 maker-168253332-snap-gene-0.17-mRNA-1 3663576
.40 maker-168356447-snap-gene-0.143-mRNA-1 3674004
.99 maker-168575686-snap-gene-0.14-mRNA-1 3665513
.99 maker-168550123-augustus-gene-0.78-mRNA-1 3751853
.99 maker-168496163-snap-gene-1.83-mRNA-1 3751885
.64 maker-168343367-augustus-gene-0.110-mRNA-1 3751821
.99 snap_masked-168520988-processed-gene-0.78-mRNA-1 3737059
.99 snap_masked-168520988-processed-gene-0.78-mRNA-1 785034
.99 augustus_masked-168533952-processed-gene-0.1-mRNA-1 3751387
.99 maker-168266240-augustus-gene-0.16-mRNA-1 3751415
.33 augustus_masked-168383578-processed-gene-0.4-mRNA-1 3751779
.66 augustus_masked-168383578-processed-gene-0.4-mRNA-1 3751779
.38 maker-168572379-augustus-gene-0.52-mRNA-1 3751036
.59 maker-168572379-augustus-gene-0.52-mRNA-1 3751036
.23 augustus_masked-168154421-processed-gene-0.2-mRNA-1 2813819
.17 augustus_masked-168154421-processed-gene-0.2-mRNA-1 1997483
.17 augustus_masked-168154421-processed-gene-0.2-mRNA-1 2045378
.09 augustus_masked-168154421-processed-gene-0.2-mRNA-1 2248585
.11 augustus_masked-168154421-processed-gene-0.2-mRNA-1 2557848
.49 snap_masked-167885230-processed-gene-0.42-mRNA-1 1099596
.34 snap_masked-167885230-processed-gene-0.42-mRNA-1 1969896
.35 snap_masked-167885230-processed-gene-0.42-mRNA-1 1285404
.38 snap_masked-167885230-processed-gene-0.42-mRNA-1 2283294
.31 snap_masked-167885230-processed-gene-0.42-mRNA-1 1789835
.99 augustus_masked-168249747-processed-gene-0.3-mRNA-1 3670307
.84 maker-168509181-augustus-gene-0.105-mRNA-1 3751221
.15 maker-168509181-augustus-gene-0.105-mRNA-1 255828
.99 maker-167909242-augustus-gene-0.61-mRNA-1 3751618
.63 maker-168188549-snap-gene-0.40-mRNA-1 3751067
.09 maker-168188549-snap-gene-0.40-mRNA-1 2526729
.26 augustus_masked-164747753-processed-gene-0.0-mRNA-1 3751165
.56 augustus_masked-164747753-processed-gene-0.0-mRNA-1 3677230
.80 maker-168415510-snap-gene-0.125-mRNA-1 3751556
.04 maker-168261174-augustus-gene-0.17-mRNA-1 1478104
.90 maker-168261174-augustus-gene-0.17-mRNA-1 3751681
.99 maker-168524101-snap-gene-0.19-mRNA-1 3751202
.98 maker-168567692-augustus-gene-0.17-mRNA-1 3667650
.54 maker-168574279-augustus-gene-0.77-mRNA-1 3751793
.45 maker-168574279-augustus-gene-0.77-mRNA-1 3751793
.79 maker-168237148-augustus-gene-0.12-mRNA-1 3751085
.20 maker-168237148-augustus-gene-0.12-mRNA-1 3666701
.41 augustus_masked-166956473-processed-gene-0.0-mRNA-1 2510841
.89 maker-168478574-snap-gene-0.24-mRNA-1 3674788
.58 maker-168465584-augustus-gene-0.24-mRNA-1 1048095
.39 maker-168465584-augustus-gene-0.24-mRNA-1 746674
.99 augustus_masked-167799996-processed-gene-0.7-mRNA-1 3751667
.99 maker-168539715-augustus-gene-0.23-mRNA-1 3751748
.99 snap_masked-167837642-processed-gene-0.9-mRNA-1 3678861
.99 maker-168510642-snap-gene-0.25-mRNA-1 3751921
.99 maker-168577205-augustus-gene-0.11-mRNA-1 3751890
.17 augustus_masked-168576985-processed-gene-0.5-mRNA-1 582399
.17 augustus_masked-168576985-processed-gene-0.5-mRNA-1 367883
.07 augustus_masked-168576985-processed-gene-0.5-mRNA-1 3664400
.99 augustus_masked-167814796-processed-gene-0.9-mRNA-1 3751769
.99 maker-167921145-snap-gene-0.25-mRNA-2 3751099
.99 maker-168393127-snap-gene-0.30-mRNA-1 3750986
.23 maker-168572153-augustus-gene-0.30-mRNA-1 719297
.71 maker-168572153-augustus-gene-0.30-mRNA-1 3751506
.99 augustus_masked-168431040-processed-gene-0.5-mRNA-1 3751542
.99 maker-164545528-augustus-gene-0.3-mRNA-1 3751055
.99 augustus_masked-168533198-processed-gene-0.0-mRNA-1 3670842
.97 maker-168488029-augustus-gene-0.63-mRNA-1 3751727
.02 maker-168488029-augustus-gene-0.63-mRNA-1 3665551
.99 maker-168183791-snap-gene-0.31-mRNA-1 3751846
.99 maker-168185326-snap-gene-0.27-mRNA-1 3751128
.99 augustus_masked-168407599-processed-gene-0.6-mRNA-1 3665769
.64 maker-168461125-augustus-gene-0.12-mRNA-1 3751891
.17 maker-168461125-augustus-gene-0.12-mRNA-1 3751891
.90 maker-167469225-augustus-gene-0.3-mRNA-1 3677957
.09 maker-167469225-augustus-gene-0.3-mRNA-1 2619355
.80 augustus_masked-168519563-processed-gene-0.1-mRNA-1 3751814
.11 augustus_masked-168519563-processed-gene-0.1-mRNA-1 3703399
.83 maker-168573168-augustus-gene-0.36-mRNA-1 3751637
.99 maker-168520098-augustus-gene-0.41-mRNA-1 3751920
.93 snap_masked-168546814-processed-gene-1.59-mRNA-1 3300222
.85 augustus_masked-168349276-processed-gene-0.3-mRNA-1 3682796
.95 maker-168566726-snap-gene-0.79-mRNA-1 3670313
.20 maker-168546643-augustus-gene-0.15-mRNA-1 615755
.58 snap_masked-168547058-processed-gene-0.69-mRNA-1 2255318
.47 maker-168200084-augustus-gene-0.33-mRNA-1 3751823
.11 maker-168200084-augustus-gene-0.33-mRNA-1 1240150
.11 maker-168200084-augustus-gene-0.33-mRNA-1 832945
.99 maker-168490736-augustus-gene-0.82-mRNA-1 3700458
.99 snap_masked-168182857-processed-gene-0.25-mRNA-1 3751114
.99 maker-168558452-snap-gene-0.20-mRNA-1 3751710
.37 snap_masked-168452979-processed-gene-0.4-mRNA-1 3692420
.26 snap_masked-168452979-processed-gene-0.4-mRNA-1 3677982
.99 augustus_masked-168577247-processed-gene-0.4-mRNA-1 3750910
.85 snap_masked-168518317-processed-gene-0.29-mRNA-1 1187867
.86 maker-168566120-augustus-gene-0.23-mRNA-1 3664135
.99 maker-168577029-snap-gene-0.19-mRNA-1 3663892
.01 augustus_masked-167797148-processed-gene-0.0-mRNA-1 1386382
.01 augustus_masked-167797148-processed-gene-0.0-mRNA-1 3664699
.07 augustus_masked-167797148-processed-gene-0.0-mRNA-1 3664699
.99 augustus_masked-168396338-processed-gene-0.0-mRNA-1 3750929
.99 augustus_masked-162952495-processed-gene-0.1-mRNA-1 3690364
.81 maker-168287516-augustus-gene-0.51-mRNA-1 3751875
.99 maker-168535988-snap-gene-0.16-mRNA-1 3751486
.99 maker-168238487-augustus-gene-0.126-mRNA-1 3664017
.99 maker-168190355-augustus-gene-0.60-mRNA-1 3751700
.42 genemark-168266039-processed-gene-0.11-mRNA-1 3668678
.30 genemark-168266039-processed-gene-0.11-mRNA-1 3669881
.30 genemark-168266039-processed-gene-0.11-mRNA-1 637316
.13 genemark-168266039-processed-gene-0.11-mRNA-1 3679803
.99 maker-168406080-augustus-gene-3.66-mRNA-1 3668009
.96 maker-161949749-augustus-gene-0.4-mRNA-1 3750953
.02 maker-161949749-augustus-gene-0.4-mRNA-1 486903
.99 maker-168251680-augustus-gene-0.19-mRNA-1 3751723
.81 maker-168569336-snap-gene-0.91-mRNA-1 3680279
.67 augustus_masked-168574555-processed-gene-0.3-mRNA-1 3727152
.16 augustus_masked-168574555-processed-gene-0.3-mRNA-1 2031585
.19 maker-167884457-augustus-gene-0.19-mRNA-1 832555
.55 maker-167884457-augustus-gene-0.19-mRNA-1 3663711
.99 augustus_masked-168508982-processed-gene-0.1-mRNA-1 3670735
.45 augustus_masked-168559289-processed-gene-0.5-mRNA-1 1716998
.53 augustus_masked-168559289-processed-gene-0.5-mRNA-1 1649666
.70 maker-168561839-snap-gene-0.104-mRNA-1 3751497
.99 augustus_masked-168552895-processed-gene-0.4-mRNA-1 3751287
.32 maker-168570159-snap-gene-0.69-mRNA-1 3665699
.25 maker-168570159-snap-gene-0.69-mRNA-1 513225
.21 maker-168570159-snap-gene-0.69-mRNA-1 640238
.19 maker-168570159-snap-gene-0.69-mRNA-1 772203
.94 maker-168254745-augustus-gene-0.25-mRNA-1 3751917
.76 maker-168577267-snap-gene-0.43-mRNA-1 3751482
.07 maker-168577267-snap-gene-0.43-mRNA-1 2146728
.94 augustus_masked-168210904-processed-gene-0.8-mRNA-1 3751701
.99 maker-168028912-augustus-gene-0.14-mRNA-1 3751183
.99 augustus_masked-167916986-processed-gene-0.2-mRNA-1 3751105
.99 maker-168245343-snap-gene-0.59-mRNA-1 3751686
.25 maker-168568355-snap-gene-0.44-mRNA-1 1312584
.62 maker-168182666-augustus-gene-0.23-mRNA-1 3673443
.37 maker-168182666-augustus-gene-0.23-mRNA-1 3677889
.99 snap_masked-168570714-processed-gene-0.69-mRNA-1 631985
.09 maker-168577239-snap-gene-2.84-mRNA-1 3751138
.82 maker-168577239-snap-gene-2.84-mRNA-1 3663730
.94 augustus_masked-168517513-processed-gene-0.2-mRNA-1 3681542
.95 maker-168384639-augustus-gene-0.28-mRNA-1 3751866
.99 maker-168272606-snap-gene-0.19-mRNA-1 3751617
.69 maker-168441811-augustus-gene-0.59-mRNA-2 3751894
.29 genemark-168323621-processed-gene-0.20-mRNA-1 805049
.14 genemark-168323621-processed-gene-0.20-mRNA-1 2743358
.99 maker-167865379-augustus-gene-0.13-mRNA-1 3738698
.08 augustus_masked-161465451-processed-gene-0.0-mRNA-1 3667219
.91 augustus_masked-161465451-processed-gene-0.0-mRNA-1 3667166
.97 maker-168031590-snap-gene-0.16-mRNA-3 3751833
.22 maker-168544337-snap-gene-0.64-mRNA-1 291796
.15 maker-168544337-snap-gene-0.64-mRNA-1 3663328
.99 maker-168430077-augustus-gene-0.99-mRNA-1 3751052
.99 maker-168446536-augustus-gene-0.75-mRNA-1 3751889
.99 maker-168337298-snap-gene-0.121-mRNA-1 3751064
.84 genemark-168561940-processed-gene-0.2-mRNA-1 3751092
.13 genemark-168561940-processed-gene-0.2-mRNA-1 1424479
.61 snap_masked-168571476-processed-gene-0.14-mRNA-1 3751906
.35 snap_masked-168571476-processed-gene-0.14-mRNA-1 3751362
.12 snap_masked-168571476-processed-gene-0.14-mRNA-1 3686223
.11 snap_masked-168571476-processed-gene-0.14-mRNA-1 1041982
.08 snap_masked-168571476-processed-gene-0.14-mRNA-1 3751906
.99 maker-168561517-snap-gene-0.42-mRNA-1 3751899
.99 maker-168558664-augustus-gene-0.86-mRNA-1 3751843
.99 maker-168227667-augustus-gene-0.26-mRNA-1 3751207
.96 maker-168183379-snap-gene-0.25-mRNA-1 3667674
.13 maker-161430509-augustus-gene-0.3-mRNA-1 1189877
.81 maker-161430509-augustus-gene-0.3-mRNA-1 3751010
.99 maker-168564779-snap-gene-0.52-mRNA-1 3664086
.36 maker-168198886-augustus-gene-0.9-mRNA-1 746265
.23 maker-168198886-augustus-gene-0.9-mRNA-1 3728084
.20 maker-168198886-augustus-gene-0.9-mRNA-1 3740802
.21 maker-168198886-augustus-gene-0.9-mRNA-1 2270037
.19 maker-168198886-augustus-gene-0.9-mRNA-1 1502271
.33 augustus_masked-168577235-processed-gene-0.0-mRNA-1 3679047
.94 snap_masked-168470559-processed-gene-0.32-mRNA-1 3751887
.78 maker-168417574-snap-gene-0.74-mRNA-1 3751666
.14 maker-168417574-snap-gene-0.74-mRNA-1 3669096
.67 augustus_masked-168314292-processed-gene-0.0-mRNA-1 416372
.31 augustus_masked-168314292-processed-gene-0.0-mRNA-1 612799
.99 maker-168253500-snap-gene-0.15-mRNA-1 3751919
.99 maker-168190802-snap-gene-0.57-mRNA-1 3664187
.39 maker-168203955-snap-gene-0.25-mRNA-1 3663765
.24 maker-168203955-snap-gene-0.25-mRNA-1 3672703
.17 maker-168203955-snap-gene-0.25-mRNA-1 3670459
.02 maker-168259545-snap-gene-0.25-mRNA-1 3713882
.97 maker-168259545-snap-gene-0.25-mRNA-1 3751848
.99 maker-168225498-snap-gene-0.21-mRNA-1 3751372
.99 augustus_masked-168242352-processed-gene-0.5-mRNA-1 3751752
.99 snap_masked-163913914-processed-gene-0.2-mRNA-1 3751649
.99 snap_masked-168096650-processed-gene-0.6-mRNA-1 3751160
.99 snap_masked-168444801-processed-gene-0.22-mRNA-1 3671992
.99 augustus_masked-168577392-processed-gene-4.40-mRNA-1 3751787
.99 augustus_masked-168550221-processed-gene-0.13-mRNA-1 3751084
.70 augustus_masked-167843768-processed-gene-0.1-mRNA-1 524502
.29 augustus_masked-167843768-processed-gene-0.1-mRNA-1 854810
.99 augustus_masked-167838072-processed-gene-0.0-mRNA-1 3665170
.64 maker-168543095-augustus-gene-0.44-mRNA-1 624895
.35 maker-168543095-augustus-gene-0.44-mRNA-1 1061367
.99 augustus_masked-168449673-processed-gene-3.7-mRNA-1 3751011
.99 maker-168507751-augustus-gene-0.32-mRNA-1 3751829
.19 augustus_masked-168559742-processed-gene-0.12-mRNA-1 3680520
.80 augustus_masked-168559742-processed-gene-0.12-mRNA-1 3687098
.27 maker-168189459-augustus-gene-0.31-mRNA-1 3663503
.21 maker-168189459-augustus-gene-0.31-mRNA-1 3672069
.99 snap_masked-168196290-processed-gene-0.41-mRNA-1 3667705
.99 augustus_masked-168577330-processed-gene-0.5-mRNA-1 3751492
.34 maker-167824498-snap-gene-0.12-mRNA-1 1142774
.98 maker-168285931-snap-gene-0.18-mRNA-1 3751399
.19 augustus_masked-168486697-processed-gene-0.0-mRNA-1 3678522
.29 augustus_masked-168486697-processed-gene-0.0-mRNA-1 3664681
.06 maker-168186639-augustus-gene-0.34-mRNA-1 1676499
.89 maker-168186639-augustus-gene-0.34-mRNA-1 3751818
.99 maker-168231973-augustus-gene-0.54-mRNA-1 3670016
.16 maker-168239819-augustus-gene-0.16-mRNA-1 3666598
.10 maker-168239819-augustus-gene-0.16-mRNA-1 3735984
.99 maker-168186080-augustus-gene-0.58-mRNA-1 3677569
.70 maker-168574599-snap-gene-0.73-mRNA-1 3751352
.17 maker-168574599-snap-gene-0.73-mRNA-1 3705270
.13 maker-168187600-augustus-gene-0.72-mRNA-1 3668441
.86 maker-168187600-augustus-gene-0.72-mRNA-1 3751022
.97 maker-168540276-snap-gene-0.61-mRNA-1 3751781
.01 maker-168540276-snap-gene-0.61-mRNA-1 3642300
.31 augustus_masked-168318940-processed-gene-0.4-mRNA-1 3751412
.68 augustus_masked-168318940-processed-gene-0.4-mRNA-1 3674453
.99 maker-164014596-augustus-gene-0.3-mRNA-1 3750998
.49 snap_masked-166556167-processed-gene-0.2-mRNA-1 1509479
.99 augustus_masked-168553891-processed-gene-0.2-mRNA-1 3751849
.99 augustus_masked-168438594-processed-gene-0.6-mRNA-1 3751248
.31 maker-168188215-augustus-gene-0.99-mRNA-1 3751474
.68 maker-168188215-augustus-gene-0.99-mRNA-1 3664174
.99 maker-167232503-snap-gene-0.5-mRNA-3 3751743
.99 snap_masked-168186752-processed-gene-0.54-mRNA-1 3665288
.74 maker-168280189-augustus-gene-0.27-mRNA-1 3751855
.25 maker-168280189-augustus-gene-0.27-mRNA-1 3751855
.99 maker-168186925-augustus-gene-0.36-mRNA-1 3751109
.99 maker-168496018-augustus-gene-0.63-mRNA-1 3751753
.07 augustus_masked-168344185-processed-gene-0.7-mRNA-1 2034277
.17 augustus_masked-168344185-processed-gene-0.7-mRNA-1 1016969
.25 augustus_masked-167820540-processed-gene-1.64-mRNA-1 3667290
.74 augustus_masked-167820540-processed-gene-1.64-mRNA-1 3663905
.10 augustus_masked-168560233-processed-gene-0.6-mRNA-1 137738
.89 augustus_masked-168560233-processed-gene-0.6-mRNA-1 3750927
.08 augustus_masked-168428537-processed-gene-0.1-mRNA-1 2949738
.60 augustus_masked-168428537-processed-gene-0.1-mRNA-1 3729708
.57 genemark-162472283-processed-gene-0.0-mRNA-1 1138508
.35 genemark-162472283-processed-gene-0.0-mRNA-1 137787
.96 maker-168196770-augustus-gene-0.5-mRNA-1 3751546
.02 maker-168196770-augustus-gene-0.5-mRNA-1 1800736
.02 maker-168196770-augustus-gene-0.5-mRNA-1 3722443
.99 maker-168484640-augustus-gene-0.22-mRNA-2 3751806
.99 snap_masked-168436303-processed-gene-1.63-mRNA-1 3737511
.97 maker-168191494-augustus-gene-0.65-mRNA-1 3751881
.79 maker-168371039-augustus-gene-3.86-mRNA-1 3751907
.11 maker-168371039-augustus-gene-3.86-mRNA-1 2778895
.99 maker-168568785-augustus-gene-0.52-mRNA-1 3751702
.49 augustus_masked-168332106-processed-gene-0.16-mRNA-1 3665390
.32 augustus_masked-168332106-processed-gene-0.16-mRNA-1 3678089
.38 augustus_masked-168439832-processed-gene-0.0-mRNA-1 3665076
.30 augustus_masked-168439832-processed-gene-0.0-mRNA-1 3698190
.05 augustus_masked-168439832-processed-gene-0.0-mRNA-1 3666635
.17 genemark-168462333-processed-gene-0.1-mRNA-1 3703263
.74 genemark-168462333-processed-gene-0.1-mRNA-1 3703262
.99 maker-168254410-snap-gene-0.6-mRNA-1 3751844
.27 maker-167826735-snap-gene-0.11-mRNA-1 3678874
.99 maker-168569837-augustus-gene-0.22-mRNA-1 3751704
.99 augustus_masked-166192049-processed-gene-0.0-mRNA-1 3751802
.39 maker-168004132-snap-gene-0.12-mRNA-1 3669368
.29 maker-168004132-snap-gene-0.12-mRNA-1 3751835
.99 augustus_masked-168024456-processed-gene-0.1-mRNA-1 3751306
.99 augustus_masked-165482434-processed-gene-0.0-mRNA-1 3751303
.99 augustus_masked-165482434-processed-gene-0.0-mRNA-1 3751304
.99 augustus_masked-168501013-processed-gene-0.5-mRNA-1 3667427
.48 snap_masked-167810776-processed-gene-0.4-mRNA-1 1186828
.19 snap_masked-167810776-processed-gene-0.4-mRNA-1 2693871
.23 snap_masked-167810776-processed-gene-0.4-mRNA-1 3482568
.93 maker-168496813-augustus-gene-0.17-mRNA-1 3751746
.99 augustus_masked-168496682-processed-gene-0.2-mRNA-1 3663913
.15 snap_masked-164666445-processed-gene-0.2-mRNA-1 3691216
.70 snap_masked-164666445-processed-gene-0.2-mRNA-1 3679304
.20 maker-166473144-augustus-gene-0.4-mRNA-1 779022
.19 maker-166473144-augustus-gene-0.4-mRNA-1 779027
.15 maker-166473144-augustus-gene-0.4-mRNA-1 3716147
.99 maker-168188742-snap-gene-0.18-mRNA-1 3751733
.77 maker-168306021-augustus-gene-0.7-mRNA-2 3663421
.12 maker-168306021-augustus-gene-0.7-mRNA-2 518218
.87 augustus_masked-162588525-processed-gene-0.0-mRNA-1 3672375
.12 augustus_masked-162588525-processed-gene-0.0-mRNA-1 3724374
.99 maker-168463595-snap-gene-0.16-mRNA-1 3751851
.99 maker-168574640-augustus-gene-0.28-mRNA-1 3751510
.72 snap_masked-168361743-processed-gene-0.84-mRNA-1 3666493
.18 snap_masked-168361743-processed-gene-0.84-mRNA-1 933561
.44 augustus_masked-167064211-processed-gene-0.0-mRNA-1 341792
.41 augustus_masked-167064211-processed-gene-0.0-mRNA-1 3669592
.63 maker-161703515-snap-gene-0.4-mRNA-1 2126785
.20 maker-161703515-snap-gene-0.4-mRNA-1 3035546
.89 augustus_masked-158519480-processed-gene-0.0-mRNA-1 3751523
.10 augustus_masked-158519480-processed-gene-0.0-mRNA-1 1229353
.13 snap_masked-167945410-processed-gene-0.34-mRNA-1 2505386
.84 snap_masked-167945410-processed-gene-0.34-mRNA-1 3751314
.99 maker-168409270-snap-gene-0.33-mRNA-1 3751453
.91 augustus_masked-168263747-processed-gene-0.6-mRNA-1 3674441
.99 augustus_masked-168553413-processed-gene-0.15-mRNA-1 3671274
.07 augustus_masked-168412976-processed-gene-1.10-mRNA-1 3675691
.92 augustus_masked-168412976-processed-gene-1.10-mRNA-1 3751195
.61 maker-167839836-snap-gene-0.27-mRNA-1 3751502
.38 maker-167839836-snap-gene-0.27-mRNA-1 3675143
.99 augustus_masked-168255453-processed-gene-0.4-mRNA-1 3751714
.17 genemark-168568391-processed-gene-0.36-mRNA-1 3751149
.19 genemark-168568391-processed-gene-0.36-mRNA-1 3663376
.11 genemark-168568391-processed-gene-0.36-mRNA-1 3663997
.10 genemark-168568391-processed-gene-0.36-mRNA-1 1042080
.08 genemark-168568391-processed-gene-0.36-mRNA-1 3690086
.99 maker-168432347-augustus-gene-0.9-mRNA-1 3672208
.99 maker-168546370-augustus-gene-0.16-mRNA-1 3751396
.99 augustus_masked-168308079-processed-gene-0.0-mRNA-1 3667187
.45 genemark-168502275-processed-gene-0.3-mRNA-1 3673281
.22 genemark-168502275-processed-gene-0.3-mRNA-1 3713839
.36 augustus_masked-168249694-processed-gene-0.8-mRNA-1 3672855
.47 augustus_masked-168249694-processed-gene-0.8-mRNA-1 3751505
.89 maker-166108455-augustus-gene-0.5-mRNA-1 3751232
.09 maker-166108455-augustus-gene-0.5-mRNA-1 363691
.71 maker-168564204-augustus-gene-0.29-mRNA-1 3663521
.33 snap_masked-168576936-processed-gene-0.23-mRNA-1 1381488
.28 snap_masked-168576936-processed-gene-0.23-mRNA-1 1342222
.39 augustus_masked-164537063-processed-gene-0.0-mRNA-1 3710437
.56 augustus_masked-164537063-processed-gene-0.0-mRNA-1 3746030
.44 snap_masked-164657658-processed-gene-0.2-mRNA-1 3751480
.14 snap_masked-164657658-processed-gene-0.2-mRNA-1 1351361
.43 snap_masked-164657658-processed-gene-0.2-mRNA-1 3751480
.23 maker-168330708-augustus-gene-0.7-mRNA-1 3664420
.18 maker-168330708-augustus-gene-0.7-mRNA-1 3665761
.12 maker-168330708-augustus-gene-0.7-mRNA-1 3702294
.99 maker-168418997-augustus-gene-0.53-mRNA-1 3751708
.99 augustus_masked-168297976-processed-gene-1.46-mRNA-1 3751325
