.22 GQ0203_H01.1_clone=GQ0203_H01_cluster=GQ0203_H01_status=complete_gb=BT102929 1054228
.40 GQ0203_H01.1_clone=GQ0203_H01_cluster=GQ0203_H01_status=complete_gb=BT102929 3742038
.41 WS00748_I21.1_clone=WS00748_I21_cluster=WS00748_I21_status=3 3745390
.57 WS00748_I21.1_clone=WS00748_I21_cluster=WS00748_I21_status=3 3721039
.70 GQ0165_F11.1_clone=GQ0165_F11_cluster=GQ0165_F11_status=complete_gb=BT102060 3809308
.77 GQ0255_M12.1_clone=GQ0255_M12_cluster=GQ0255_M12_status=complete_gb=BT103507 3809370
.14 GQ0255_M12.1_clone=GQ0255_M12_cluster=GQ0255_M12_status=complete_gb=BT103507 3808759
.38 GQ03209_B15.1_clone=GQ03209_B15_cluster=GQ03209_B15_status=complete_gb=BT109492 3809390
.18 GQ03209_B15.1_clone=GQ03209_B15_cluster=GQ03209_B15_status=complete_gb=BT109492 3809390
.18 GQ03209_B15.1_clone=GQ03209_B15_cluster=GQ03209_B15_status=complete_gb=BT109492 827785
.80 GQ01301_O19.1_clone=GQ01301_O19_cluster=GQ01301_O19_status=complete_gb=BT101337 3808985
.98 GQ03201_D02.1_clone=GQ03201_D02_cluster=GQ03201_D02_status=complete_gb=BT108802 3809394
.21 GQ03236_E01.1_clone=GQ03236_E01_cluster=GQ03236_E01_status=complete_gb=BT111341 3723794
.78 GQ03236_E01.1_clone=GQ03236_E01_cluster=GQ03236_E01_status=complete_gb=BT111341 3726500
.56 GQ02808_H09.1_clone=GQ02808_H09_cluster=GQ02808_H09_status=complete_gb=BT104278 3809397
.30 GQ03202_G03.1_clone=GQ03202_G03_cluster=GQ03202_G03_status=complete_gb=BT108905 3808516
.20 GQ03202_G03.1_clone=GQ03202_G03_cluster=GQ03202_G03_status=complete_gb=BT108905 745146
.16 GQ03202_G03.1_clone=GQ03202_G03_cluster=GQ03202_G03_status=complete_gb=BT108905 3721580
.61 GQ04011_J16.1_clone=GQ04011_J16_cluster=GQ04011_J16_status=complete_gb=BT118894 3809254
.15 GQ04011_J16.1_clone=GQ04011_J16_cluster=GQ04011_J16_status=complete_gb=BT118894 1143736
.15 GQ04011_J16.1_clone=GQ04011_J16_cluster=GQ04011_J16_status=complete_gb=BT118894 1190461
.07 GQ04011_J16.1_clone=GQ04011_J16_cluster=GQ04011_J16_status=complete_gb=BT118894 3716424
.32 GQ0257_I03.1_clone=GQ0257_I03_cluster=GQ0257_I03_status=complete_gb=BT103575 499489
.48 GQ0257_I03.1_clone=GQ0257_I03_cluster=GQ0257_I03_status=complete_gb=BT103575 499478
.18 WS03217_G10.1_clone=WS03217_G10_cluster=WS03217_G10_status=3 2719415
.59 WS03217_G10.1_clone=WS03217_G10_cluster=WS03217_G10_status=3 3720185
.90 GQ0035_C08.1_clone=GQ0035_C08_cluster=GQ0035_C08_status=complete_gb=BT100650 3809368
.55 GQ04105_K07.1_clone=GQ04105_K07_cluster=GQ04105_K07_status=complete_gb=BT119435 3809366
.27 GQ04105_K07.1_clone=GQ04105_K07_cluster=GQ04105_K07_status=complete_gb=BT119435 3809366
.98 GQ03116_I23.1_clone=GQ03116_I23_cluster=GQ03116_I23_status=complete_gb=BT108074 3808986
.36 GQ0205_P11.1_clone=GQ0205_P11_cluster=GQ0205_P11_status=53 3725369
.29 GQ0205_P11.1_clone=GQ0205_P11_cluster=GQ0205_P11_status=53 959216
.52 WS00831_G14.1_clone=WS00831_G14_cluster=WS00831_G14_status=3 3808801
.42 WS00831_G14.1_clone=WS00831_G14_cluster=WS00831_G14_status=3 3724533
.23 GQ03803_O10.1_clone=GQ03803_O10_cluster=GQ03803_O10_status=complete_gb=BT116649 3717442
.26 GQ03803_O10.1_clone=GQ03803_O10_cluster=GQ03803_O10_status=complete_gb=BT116649 3719731
.80 GQ027112_A07.1_clone=GQ027112_A07_cluster=GQ027112_A07_status=5 3808816
.48 GQ0067_A10.1_clone=GQ0067_A10_cluster=GQ0067_A10_status=complete_gb=BT101085 3718811
.37 GQ0067_A10.1_clone=GQ0067_A10_cluster=GQ0067_A10_status=complete_gb=BT101085 3722963
.36 GQ0067_A10.1_clone=GQ0067_A10_cluster=GQ0067_A10_status=complete_gb=BT101085 3721435
.08 GQ0067_A10.1_clone=GQ0067_A10_cluster=GQ0067_A10_status=complete_gb=BT101085 3724831
.17 GQ03418_G03.2_clone=GQ03418_G03_cluster=GQ03418_G03_status=complete_gb=BT113719 3723621
.59 GQ03418_G03.2_clone=GQ03418_G03_cluster=GQ03418_G03_status=complete_gb=BT113719 3717539
.80 GQ0168_K12.1_clone=GQ0168_K12_cluster=GQ0168_K12_status=complete_gb=BT102207 3720773
.18 GQ0168_K12.1_clone=GQ0168_K12_cluster=GQ0168_K12_status=complete_gb=BT102207 3808936
.96 GQ03813_E08.1_clone=GQ03813_E08_cluster=GQ03813_E08_status=complete_gb=BT117122 3809369
.32 GQ03002_D01.2_clone=GQ03002_D01_cluster=GQ03002_D01_status=complete_gb=BT106457 3723242
.30 GQ03002_D01.2_clone=GQ03002_D01_cluster=GQ03002_D01_status=complete_gb=BT106457 3731215
.30 GQ03002_D01.2_clone=GQ03002_D01_cluster=GQ03002_D01_status=complete_gb=BT106457 3717085
.86 GQ04011_P18.1_clone=GQ04011_P18_cluster=GQ04011_P18_status=complete_gb=BT118927 3809349
.63 GQ03102_M21.3_clone=GQ03102_M21_cluster=GQ03102_M21_status=53 3808983
.11 GQ03102_M21.3_clone=GQ03102_M21_cluster=GQ03102_M21_status=53 646579
.11 GQ03102_M21.3_clone=GQ03102_M21_cluster=GQ03102_M21_status=53 3808714
.37 GQ03123_C03.1_clone=GQ03123_C03_cluster=GQ03123_C03_status=complete_gb=BT108527 3721470
.33 GQ03123_C03.1_clone=GQ03123_C03_cluster=GQ03123_C03_status=complete_gb=BT108527 3724859
.25 GQ03716_M21.1_clone=GQ03716_M21_cluster=GQ03716_M21_status=complete_gb=BT116339 3808659
.38 GQ03716_M21.1_clone=GQ03716_M21_cluster=GQ03716_M21_status=complete_gb=BT116339 3809211
.84 GQ03316_L15.1_clone=GQ03316_L15_cluster=GQ03316_L15_status=complete_gb=BT112520 3809309
.41 WS0037_P11.1_clone=WS0037_P11_cluster=WS0037_P11_status=3 3716816
.57 WS0037_P11.1_clone=WS0037_P11_cluster=WS0037_P11_status=3 3762465
.26 GQ0047_G05.1_clone=GQ0047_G05_cluster=GQ0047_G05_status=3 919434
.45 GQ0047_G05.1_clone=GQ0047_G05_cluster=GQ0047_G05_status=3 758081
.91 GQ02817_H13.1_clone=GQ02817_H13_cluster=GQ02817_H13_status=complete_gb=BT104992 3809371
.21 GQ03105_I22.2_clone=GQ03105_I22_cluster=GQ03105_I22_status=complete_gb=BT107308 3809345
.40 GQ03105_I22.2_clone=GQ03105_I22_cluster=GQ03105_I22_status=complete_gb=BT107308 3809345
.52 GQ03236_P13.1_clone=GQ03236_P13_cluster=GQ03236_P13_status=complete_gb=BT111391 3809252
.81 GQ03218_F03.1_clone=GQ03218_F03_cluster=GQ03218_F03_status=complete_gb=BT110217 3808912
.87 GQ03214_L19.1_clone=GQ03214_L19_cluster=GQ03214_L19_status=complete_gb=BT109997 3809329
.41 GQ02805_H22.3_clone=GQ02805_H22_cluster=GQ02805_H22_status=53 3808944
.38 GQ02805_H22.3_clone=GQ02805_H22_cluster=GQ02805_H22_status=53 3716495
.49 GQ03614_D22.1_clone=GQ03614_D22_cluster=GQ03614_D22_status=complete_gb=BT115325 952071
.46 GQ03614_D22.1_clone=GQ03614_D22_cluster=GQ03614_D22_status=complete_gb=BT115325 3766122
.66 GQ03228_K23.1_clone=GQ03228_K23_cluster=GQ03228_K23_status=complete_gb=BT110841 973735
.40 GQ03228_K23.1_clone=GQ03228_K23_cluster=GQ03228_K23_status=complete_gb=BT110841 1249853
.32 GQ03228_K23.1_clone=GQ03228_K23_cluster=GQ03228_K23_status=complete_gb=BT110841 3725585
.26 GQ03228_K23.1_clone=GQ03228_K23_cluster=GQ03228_K23_status=complete_gb=BT110841 3733932
.81 GQ03232_A14.3_clone=GQ03232_A14_cluster=GQ03232_A14_status=53 3809450
.49 GQ03909_I10.1_clone=GQ03909_I10_cluster=GQ03909_I10_status=complete_gb=BT117737 3729386
.38 GQ03909_I10.1_clone=GQ03909_I10_cluster=GQ03909_I10_status=complete_gb=BT117737 3740918
.38 GQ03909_I10.1_clone=GQ03909_I10_cluster=GQ03909_I10_status=complete_gb=BT117737 798788
.29 GQ03909_I10.1_clone=GQ03909_I10_cluster=GQ03909_I10_status=complete_gb=BT117737 448529
.28 GQ03909_I10.1_clone=GQ03909_I10_cluster=GQ03909_I10_status=complete_gb=BT117737 835368
.24 GQ03113_A04.1_clone=GQ03113_A04_cluster=GQ03113_A04_status=complete_gb=BT107816 3718740
.19 GQ03113_A04.1_clone=GQ03113_A04_cluster=GQ03113_A04_status=complete_gb=BT107816 1838061
.15 GQ03113_A04.1_clone=GQ03113_A04_cluster=GQ03113_A04_status=complete_gb=BT107816 850387
.54 GQ03115_N05.1_clone=GQ03115_N05_cluster=GQ03115_N05_status=complete_gb=BT108010 3720715
.39 GQ03207_O16.1_clone=GQ03207_O16_cluster=GQ03207_O16_status=complete_gb=BT109393 3754187
.58 GQ03207_O16.1_clone=GQ03207_O16_cluster=GQ03207_O16_status=complete_gb=BT109393 3809281
.37 WS00722_A22.1_clone=WS00722_A22_cluster=WS00722_A22_status=3 3723557
.18 WS00722_A22.1_clone=WS00722_A22_cluster=WS00722_A22_status=3 3723556
.72 WS0322_O09.1_clone=WS0322_O09_cluster=WS0322_O09_status=complete 3809153
.64 GQ03906_G22.4_clone=GQ03906_G22_cluster=GQ03906_G22_status=complete_gb=BT117651 3809281
.11 GQ03906_G22.4_clone=GQ03906_G22_cluster=GQ03906_G22_status=complete_gb=BT117651 1535128
.45 GQ02821_G21.1_clone=GQ02821_G21_cluster=GQ02821_G21_status=complete_gb=BT105360 3722465
.31 GQ02821_G21.1_clone=GQ02821_G21_cluster=GQ02821_G21_status=complete_gb=BT105360 3737752
.30 GQ02821_G21.1_clone=GQ02821_G21_cluster=GQ02821_G21_status=complete_gb=BT105360 867513
.23 GQ02821_G21.1_clone=GQ02821_G21_cluster=GQ02821_G21_status=complete_gb=BT105360 792424
.25 GQ02821_G21.1_clone=GQ02821_G21_cluster=GQ02821_G21_status=complete_gb=BT105360 597606
.77 GQ0203_N07.1_clone=GQ0203_N07_cluster=GQ0203_N07_status=complete_gb=BT102950 3809412
.74 GQ03603_C08.1_clone=GQ03603_C08_cluster=GQ03603_C08_status=complete_gb=BT114826 3808802
.83 GQ03231_D24.3_clone=GQ03231_D24_cluster=GQ03231_D24_status=53 3809455
.33 GQ03302_F09.1_clone=GQ03302_F09_cluster=GQ03302_F09_status=complete_gb=BT111698 3735636
.65 GQ03302_F09.1_clone=GQ03302_F09_cluster=GQ03302_F09_status=complete_gb=BT111698 3808993
.35 GQ0198_G11.1_clone=GQ0198_G11_cluster=GQ0198_G11_status=complete_gb=BT102627 352941
.41 GQ0198_G11.1_clone=GQ0198_G11_cluster=GQ0198_G11_status=complete_gb=BT102627 3721529
.28 GQ03716_M20.1_clone=GQ03716_M20_cluster=GQ03716_M20_status=complete_gb=BT116338 3732131
.68 GQ03716_M20.1_clone=GQ03716_M20_cluster=GQ03716_M20_status=complete_gb=BT116338 3809339
.47 GQ0045_G10.1_clone=GQ0045_G10_cluster=GQ0045_G10_status=complete_gb=BT100805 1434757
.21 GQ0045_G10.1_clone=GQ0045_G10_cluster=GQ0045_G10_status=complete_gb=BT100805 2147805
.99 GQ03416_K11.1_clone=GQ03416_K11_cluster=GQ03416_K11_status=complete_gb=BT113665 3809299
.84 GQ0201_K21.2_clone=GQ0201_K21_cluster=GQ0201_K21_status=complete_gb=BT102854 3809351
.17 GQ03811_M07.1_clone=GQ03811_M07_cluster=GQ03811_M07_status=complete_gb=BT117046 218707
.68 GQ03811_M07.1_clone=GQ03811_M07_cluster=GQ03811_M07_status=complete_gb=BT117046 3809440
.17 GQ02812_N04.1_clone=GQ02812_N04_cluster=GQ02812_N04_status=complete_gb=BT104633 1005376
.82 GQ02812_N04.1_clone=GQ02812_N04_cluster=GQ02812_N04_status=complete_gb=BT104633 3809044
.55 GQ04004_J14.1_clone=GQ04004_J14_cluster=GQ04004_J14_status=complete_gb=BT118280 3809292
.22 GQ04004_J14.1_clone=GQ04004_J14_cluster=GQ04004_J14_status=complete_gb=BT118280 3754867
.51 GQ03512_L17.1_clone=GQ03512_L17_cluster=GQ03512_L17_status=complete_gb=BT114338 3809137
.23 GQ03512_L17.1_clone=GQ03512_L17_cluster=GQ03512_L17_status=complete_gb=BT114338 3797894
.20 GQ03512_L17.1_clone=GQ03512_L17_cluster=GQ03512_L17_status=complete_gb=BT114338 3808795
.46 GQ02808_N23.2_clone=GQ02808_N23_cluster=GQ02808_N23_status=complete_gb=BT104317 3808832
.41 GQ03214_G17.1_clone=GQ03214_G17_cluster=GQ03214_G17_status=complete_gb=BT109969 3717111
.59 GQ03117_K06.1_clone=GQ03117_K06_cluster=GQ03117_K06_status=complete_gb=BT108162 3809453
.58 GQ03518_C02.1_clone=GQ03518_C02_cluster=GQ03518_C02_status=complete_gb=BT114630 3719873
.73 GQ03101_K16.1_clone=GQ03101_K16_cluster=GQ03101_K16_status=complete_gb=BT106999 3809347
.25 GQ03101_K16.1_clone=GQ03101_K16_cluster=GQ03101_K16_status=complete_gb=BT106999 3720528
.50 GQ04105_J08.1_clone=GQ04105_J08_cluster=GQ04105_J08_status=complete_gb=BT119431 3808756
.14 GQ04105_J08.1_clone=GQ04105_J08_cluster=GQ04105_J08_status=complete_gb=BT119431 3559048
.69 GQ0198_M17.1_clone=GQ0198_M17_cluster=GQ0198_M17_status=53 3809250
.10 GQ03418_L18.1_clone=GQ03418_L18_cluster=GQ03418_L18_status=complete_gb=BT113734 3719720
.71 GQ03418_L18.1_clone=GQ03418_L18_cluster=GQ03418_L18_status=complete_gb=BT113734 3809319
.86 GQ03123_B21.1_clone=GQ03123_B21_cluster=GQ03123_B21_status=complete_gb=BT108526 3809424
.06 GQ03123_B21.1_clone=GQ03123_B21_cluster=GQ03123_B21_status=complete_gb=BT108526 3728356
.06 GQ03123_B21.1_clone=GQ03123_B21_cluster=GQ03123_B21_status=complete_gb=BT108526 1291685
.03 GQ03123_B21.1_clone=GQ03123_B21_cluster=GQ03123_B21_status=complete_gb=BT108526 2367733
.51 GQ02811_D11.1_clone=GQ02811_D11_cluster=GQ02811_D11_status=complete_gb=BT104508 3808572
.30 GQ02811_D11.1_clone=GQ02811_D11_cluster=GQ02811_D11_status=complete_gb=BT104508 3771284
.10 GQ03209_O18.2_clone=GQ03209_O18_cluster=GQ03209_O18_status=complete_gb=BT109554 3748433
.80 GQ03209_O18.2_clone=GQ03209_O18_cluster=GQ03209_O18_status=complete_gb=BT109554 3809342
.86 GQ03321_E07.1_clone=GQ03321_E07_cluster=GQ03321_E07_status=complete_gb=BT112814 3722401
.12 GQ03321_E07.1_clone=GQ03321_E07_cluster=GQ03321_E07_status=complete_gb=BT112814 3722400
.94 GQ02903_N12.4_clone=GQ02903_N12_cluster=GQ02903_N12_status=complete_gb=BT106141 3809358
.01 GQ02903_N12.4_clone=GQ02903_N12_cluster=GQ02903_N12_status=complete_gb=BT106141 3731318
.44 GQ03806_P06.1_clone=GQ03806_P06_cluster=GQ03806_P06_status=complete_gb=BT116797 3808628
.54 GQ03806_P06.1_clone=GQ03806_P06_cluster=GQ03806_P06_status=complete_gb=BT116797 3719444
.91 GQ03109_O19.1_clone=GQ03109_O19_cluster=GQ03109_O19_status=complete_gb=BT107593 3809354
.36 GQ03205_B16.2_clone=GQ03205_B16_cluster=GQ03205_B16_status=complete_gb=BT109142 3809318
.19 GQ03205_B16.2_clone=GQ03205_B16_cluster=GQ03205_B16_status=complete_gb=BT109142 3809318
.27 GQ03814_O05.1_clone=GQ03814_O05_cluster=GQ03814_O05_status=complete_gb=BT117199 3809444
.15 GQ03814_O05.1_clone=GQ03814_O05_cluster=GQ03814_O05_status=complete_gb=BT117199 3719282
.85 GQ03401_M24.1_clone=GQ03401_M24_cluster=GQ03401_M24_status=complete_gb=BT113220 3723439
.84 GQ03216_K12.1_clone=GQ03216_K12_cluster=GQ03216_K12_status=complete_gb=BT110117 3809311
.29 GQ03709_E09.1_clone=GQ03709_E09_cluster=GQ03709_E09_status=complete_gb=BT115947 3808921
.29 GQ03416_A17.1_clone=GQ03416_A17_cluster=GQ03416_A17_status=complete_gb=BT113646 3730525
.69 GQ03416_A17.1_clone=GQ03416_A17_cluster=GQ03416_A17_status=complete_gb=BT113646 3808781
.33 GQ03209_D03.1_clone=GQ03209_D03_cluster=GQ03209_D03_status=complete_gb=BT109502 3721076
.65 GQ03209_D03.1_clone=GQ03209_D03_cluster=GQ03209_D03_status=complete_gb=BT109502 3808580
.99 GQ02827_G04.1_clone=GQ02827_G04_cluster=GQ02827_G04_status=complete_gb=BT105735 3809439
.32 GQ03320_D09.1_clone=GQ03320_D09_cluster=GQ03320_D09_status=complete_gb=BT112734 3809154
.94 GQ0254_K17.1_clone=GQ0254_K17_cluster=GQ0254_K17_status=complete_gb=BT103474 3808663
.43 GQ03304_L22.1_clone=GQ03304_L22_cluster=GQ03304_L22_status=complete_gb=BT111873 3808862
.25 GQ03304_L22.1_clone=GQ03304_L22_cluster=GQ03304_L22_status=complete_gb=BT111873 771878
.25 GQ03304_L22.1_clone=GQ03304_L22_cluster=GQ03304_L22_status=complete_gb=BT111873 465787
.16 GQ03304_L22.1_clone=GQ03304_L22_cluster=GQ03304_L22_status=complete_gb=BT111873 1036259
.16 GQ03304_L22.1_clone=GQ03304_L22_cluster=GQ03304_L22_status=complete_gb=BT111873 3719516
.32 GQ02906_K22.1_clone=GQ02906_K22_cluster=GQ02906_K22_status=complete_gb=BT106291 3719401
.24 GQ03002_N18.1_clone=GQ03002_N18_cluster=GQ03002_N18_status=complete_gb=BT106494 3809063
.53 GQ03002_N18.1_clone=GQ03002_N18_cluster=GQ03002_N18_status=complete_gb=BT106494 3809065
.10 GQ03235_A02.1_clone=GQ03235_A02_cluster=GQ03235_A02_status=complete_gb=BT111261 2614448
.74 GQ03235_A02.1_clone=GQ03235_A02_cluster=GQ03235_A02_status=complete_gb=BT111261 3809333
.83 GQ03605_B08.1_clone=GQ03605_B08_cluster=GQ03605_B08_status=complete_gb=BT114912 3733538
.15 GQ03605_B08.1_clone=GQ03605_B08_cluster=GQ03605_B08_status=complete_gb=BT114912 3719854
.41 GQ0011_D18.1_clone=GQ0011_D18_cluster=GQ0011_D18_status=complete_gb=BT100342 3746487
.41 GQ0011_D18.1_clone=GQ0011_D18_cluster=GQ0011_D18_status=complete_gb=BT100342 3743908
.22 GQ0011_D18.1_clone=GQ0011_D18_cluster=GQ0011_D18_status=complete_gb=BT100342 828116
.17 GQ0011_D18.1_clone=GQ0011_D18_cluster=GQ0011_D18_status=complete_gb=BT100342 562285
.17 GQ0011_D18.1_clone=GQ0011_D18_cluster=GQ0011_D18_status=complete_gb=BT100342 353943
.47 GQ04010_C11.1_clone=GQ04010_C11_cluster=GQ04010_C11_status=complete_gb=BT118780 3809096
.21 GQ04010_C11.1_clone=GQ04010_C11_cluster=GQ04010_C11_status=complete_gb=BT118780 3786167
.13 GQ02825_L16.1_clone=GQ02825_L16_cluster=GQ02825_L16_status=complete_gb=BT105650 3738697
.44 GQ02825_L16.1_clone=GQ02825_L16_cluster=GQ02825_L16_status=complete_gb=BT105650 1050453
.94 GQ03215_B19.1_clone=GQ03215_B19_cluster=GQ03215_B19_status=complete_gb=BT110035 3809289
.70 GQ03010_I09.1_clone=GQ03010_I09_cluster=GQ03010_I09_status=complete_gb=BT106786 3809337
.04 GQ0164_N16.1_clone=GQ0164_N16_cluster=GQ0164_N16_status=complete_gb=BT102041 3260809
.93 GQ0164_N16.1_clone=GQ0164_N16_cluster=GQ0164_N16_status=complete_gb=BT102041 3808860
.99 WS0325_D17.1_clone=WS0325_D17_cluster=WS0325_D17_status=3 3808688
.78 GQ03114_C22.1_clone=GQ03114_C22_cluster=GQ03114_C22_status=complete_gb=BT107901 3717628
.43 GQ03208_E06.1_clone=GQ03208_E06_cluster=GQ03208_E06_status=complete_gb=BT109426 3717730
.56 GQ03208_E06.1_clone=GQ03208_E06_cluster=GQ03208_E06_status=complete_gb=BT109426 3809271
.31 GQ0207_B03.1_clone=GQ0207_B03_cluster=GQ0207_B03_status=complete_gb=BT103128 3808988
.34 GQ0207_B03.1_clone=GQ0207_B03_cluster=GQ0207_B03_status=complete_gb=BT103128 3808909
.81 GQ03717_E03.1_clone=GQ03717_E03_cluster=GQ03717_E03_status=complete_gb=BT116363 3809401
.32 GQ03912_E18.2_clone=GQ03912_E18_cluster=GQ03912_E18_status=complete_gb=BT117786 1245814
.33 GQ03912_E18.2_clone=GQ03912_E18_cluster=GQ03912_E18_status=complete_gb=BT117786 3808636
.23 GQ03912_E18.2_clone=GQ03912_E18_cluster=GQ03912_E18_status=complete_gb=BT117786 2158184
.25 GQ03912_E18.2_clone=GQ03912_E18_cluster=GQ03912_E18_status=complete_gb=BT117786 1153641
.21 GQ03912_E18.2_clone=GQ03912_E18_cluster=GQ03912_E18_status=complete_gb=BT117786 348003
.42 GQ04011_J17.1_clone=GQ04011_J17_cluster=GQ04011_J17_status=complete_gb=BT118895 815277
.41 GQ04011_J17.1_clone=GQ04011_J17_cluster=GQ04011_J17_status=complete_gb=BT118895 3719875
.23 GQ04011_J17.1_clone=GQ04011_J17_cluster=GQ04011_J17_status=complete_gb=BT118895 1945249
.23 GQ04011_J17.1_clone=GQ04011_J17_cluster=GQ04011_J17_status=complete_gb=BT118895 713712
.39 GQ03215_B06.1_clone=GQ03215_B06_cluster=GQ03215_B06_status=complete_gb=BT110029 803569
.36 GQ03215_B06.1_clone=GQ03215_B06_cluster=GQ03215_B06_status=complete_gb=BT110029 3768317
.12 GQ03120_F20.1_clone=GQ03120_F20_cluster=GQ03120_F20_status=complete_gb=BT108339 944324
.86 GQ03120_F20.1_clone=GQ03120_F20_cluster=GQ03120_F20_status=complete_gb=BT108339 3809328
.77 GQ04008_C01.1_clone=GQ04008_C01_cluster=GQ04008_C01_status=complete_gb=BT118601 3809298
.08 GQ03505_C14.1_clone=GQ03505_C14_cluster=GQ03505_C14_status=complete_gb=BT113949 1356812
.90 GQ03505_C14.1_clone=GQ03505_C14_cluster=GQ03505_C14_status=complete_gb=BT113949 3808750
.77 GQ03111_J07.1_clone=GQ03111_J07_cluster=GQ03111_J07_status=complete_gb=BT107693 3809402
.09 GQ03111_J07.1_clone=GQ03111_J07_cluster=GQ03111_J07_status=complete_gb=BT107693 754469
.47 GQ03229_O11.3_clone=GQ03229_O11_cluster=GQ03229_O11_status=53 3809441
.11 GQ03229_O11.3_clone=GQ03229_O11_cluster=GQ03229_O11_status=53 3809441
.39 GQ03101_D19.1_clone=GQ03101_D19_cluster=GQ03101_D19_status=complete_gb=BT106960 3808667
.64 GQ03325_K15.1_clone=GQ03325_K15_cluster=GQ03325_K15_status=complete_gb=BT113100 3809382
.67 GQ03804_H13.1_clone=GQ03804_H13_cluster=GQ03804_H13_status=complete_gb=BT116677 3809367
.30 GQ02809_F03.1_clone=GQ02809_F03_cluster=GQ02809_F03_status=complete_gb=BT104349 3716594
.28 GQ02809_F03.1_clone=GQ02809_F03_cluster=GQ02809_F03_status=complete_gb=BT104349 1404152
.28 GQ02809_F03.1_clone=GQ02809_F03_cluster=GQ02809_F03_status=complete_gb=BT104349 1427607
.86 GQ04008_O10.1_clone=GQ04008_O10_cluster=GQ04008_O10_status=complete_gb=BT118673 3809452
.64 GQ03616_M15.2_clone=GQ03616_M15_cluster=GQ03616_M15_status=complete_gb=BT115443 3726869
.48 GQ04002_C06.1_clone=GQ04002_C06_cluster=GQ04002_C06_status=complete_gb=BT118083 3809451
.13 GQ04002_C06.1_clone=GQ04002_C06_cluster=GQ04002_C06_status=complete_gb=BT118083 3809451
.75 GQ03916_O21.1_clone=GQ03916_O21_cluster=GQ03916_O21_status=5 3808606
.75 GQ03916_O21.1_clone=GQ03916_O21_cluster=GQ03916_O21_status=5 3809066
.26 GQ02904_G04.1_clone=GQ02904_G04_cluster=GQ02904_G04_status=complete_gb=BT106171 516508
.35 GQ02904_G04.1_clone=GQ02904_G04_cluster=GQ02904_G04_status=complete_gb=BT106171 1050191
.12 GQ03312_O11.1_clone=GQ03312_O11_cluster=GQ03312_O11_status=complete_gb=BT112280 3727939
.86 GQ03312_O11.1_clone=GQ03312_O11_cluster=GQ03312_O11_status=complete_gb=BT112280 3727856
.51 GQ0011_G04.1_clone=GQ0011_G04_cluster=GQ0011_G04_status=complete_gb=BT100349 3808925
.44 GQ03715_B14.1_clone=GQ03715_B14_cluster=GQ03715_B14_status=complete_gb=BT116272 3717370
.25 GQ03715_B14.1_clone=GQ03715_B14_cluster=GQ03715_B14_status=complete_gb=BT116272 3720899
.74 GQ02807_E21.1_clone=GQ02807_E21_cluster=GQ02807_E21_status=complete_gb=BT104183 3809196
.24 GQ02807_E21.1_clone=GQ02807_E21_cluster=GQ02807_E21_status=complete_gb=BT104183 3746354
.27 GQ02823_D21.1_clone=GQ02823_D21_cluster=GQ02823_D21_status=complete_gb=BT105481 3718514
.29 GQ0204_F19.1_clone=GQ0204_F19_cluster=GQ0204_F19_status=complete_gb=BT102982 3721978
.23 GQ0204_F19.1_clone=GQ0204_F19_cluster=GQ0204_F19_status=complete_gb=BT102982 3718898
.60 GQ03609_F08.1_clone=GQ03609_F08_cluster=GQ03609_F08_status=complete_gb=BT115102 3809419
.17 GQ02903_I10.2_clone=GQ02903_I10_cluster=GQ02903_I10_status=complete_gb=BT106127 3761921
.46 GQ02903_I10.2_clone=GQ02903_I10_cluster=GQ02903_I10_status=complete_gb=BT106127 3808738
.73 GQ03103_G01.1_clone=GQ03103_G01_cluster=GQ03103_G01_status=complete_gb=BT107154 3809203
.19 GQ03103_G01.1_clone=GQ03103_G01_cluster=GQ03103_G01_status=complete_gb=BT107154 1696641
.53 GQ03606_K02.1_clone=GQ03606_K02_cluster=GQ03606_K02_status=complete_gb=BT114990 3741824
.08 GQ03606_K02.1_clone=GQ03606_K02_cluster=GQ03606_K02_status=complete_gb=BT114990 1928871
.54 GQ03511_C12.1_clone=GQ03511_C12_cluster=GQ03511_C12_status=complete_gb=BT114243 3809430
.12 GQ03511_C12.1_clone=GQ03511_C12_cluster=GQ03511_C12_status=complete_gb=BT114243 177494
.64 GQ03212_G04.1_clone=GQ03212_G04_cluster=GQ03212_G04_status=complete_gb=BT109784 3808814
.22 GQ03212_G04.1_clone=GQ03212_G04_cluster=GQ03212_G04_status=complete_gb=BT109784 3736155
.17 GQ03232_J23.2_clone=GQ03232_J23_cluster=GQ03232_J23_status=complete_gb=BT111097 3746249
.82 GQ03232_J23.2_clone=GQ03232_J23_cluster=GQ03232_J23_status=complete_gb=BT111097 3719565
.57 GQ03007_M18.2_clone=GQ03007_M18_cluster=GQ03007_M18_status=complete_gb=BT106677 3809350
.19 GQ03007_M18.2_clone=GQ03007_M18_cluster=GQ03007_M18_status=complete_gb=BT106677 361928
.64 GQ03719_C18.1_clone=GQ03719_C18_cluster=GQ03719_C18_status=complete_gb=BT116471 3808996
.13 GQ03719_C18.1_clone=GQ03719_C18_cluster=GQ03719_C18_status=complete_gb=BT116471 3719558
.64 GQ0067_I17.1_clone=GQ0067_I17_cluster=GQ0067_I17_status=complete_gb=BT101099 3808817
.18 GQ0067_I17.1_clone=GQ0067_I17_cluster=GQ0067_I17_status=complete_gb=BT101099 3772579
.65 GQ03214_J18.2_clone=GQ03214_J18_cluster=GQ03214_J18_status=complete_gb=BT109984 3722591
.19 GQ03214_J18.2_clone=GQ03214_J18_cluster=GQ03214_J18_status=complete_gb=BT109984 522096
.86 GQ03205_H12.1_clone=GQ03205_H12_cluster=GQ03205_H12_status=complete_gb=BT109168 3809374
.94 GQ04006_B18.4_clone=GQ04006_B18_cluster=GQ04006_B18_status=complete_gb=BT118411 3809352
.21 GQ03202_F03.1_clone=GQ03202_F03_cluster=GQ03202_F03_status=complete_gb=BT108899 3717046
.23 GQ03202_F03.1_clone=GQ03202_F03_cluster=GQ03202_F03_status=complete_gb=BT108899 3717948
.15 GQ03202_F03.1_clone=GQ03202_F03_cluster=GQ03202_F03_status=complete_gb=BT108899 3725494
.56 GQ03004_M24.3_clone=GQ03004_M24_cluster=GQ03004_M24_status=53 3809220
.14 GQ03004_M24.3_clone=GQ03004_M24_cluster=GQ03004_M24_status=53 350306
.14 GQ03004_M24.3_clone=GQ03004_M24_cluster=GQ03004_M24_status=53 786274
.11 GQ03004_M24.3_clone=GQ03004_M24_cluster=GQ03004_M24_status=53 581447
.10 GQ03004_M24.3_clone=GQ03004_M24_cluster=GQ03004_M24_status=53 1425724
.18 GQ03201_M24.1_clone=GQ03201_M24_cluster=GQ03201_M24_status=complete_gb=BT108854 1106551
.27 GQ03209_K21.1_clone=GQ03209_K21_cluster=GQ03209_K21_status=complete_gb=BT109536 940062
.72 GQ03209_K21.1_clone=GQ03209_K21_cluster=GQ03209_K21_status=complete_gb=BT109536 3721220
.99 GQ03236_C01.1_clone=GQ03236_C01_cluster=GQ03236_C01_status=complete_gb=BT111332 3809385
.26 GQ03705_K17.1_clone=GQ03705_K17_cluster=GQ03705_K17_status=complete_gb=BT115760 3809269
.30 GQ04101_G17.3_clone=GQ04101_G17_cluster=GQ04101_G17_status=complete_gb=BT119096 3723989
.19 GQ04101_G17.3_clone=GQ04101_G17_cluster=GQ04101_G17_status=complete_gb=BT119096 3726752
.34 GQ03220_N06.1_clone=GQ03220_N06_cluster=GQ03220_N06_status=complete_gb=BT110378 1031257
.41 GQ03220_N06.1_clone=GQ03220_N06_cluster=GQ03220_N06_status=complete_gb=BT110378 1142894
.34 GQ03220_N06.1_clone=GQ03220_N06_cluster=GQ03220_N06_status=complete_gb=BT110378 3720914
.41 GQ03220_N06.1_clone=GQ03220_N06_cluster=GQ03220_N06_status=complete_gb=BT110378 3718521
.36 GQ03220_N06.1_clone=GQ03220_N06_cluster=GQ03220_N06_status=complete_gb=BT110378 3746739
.17 GQ03205_G22.1_clone=GQ03205_G22_cluster=GQ03205_G22_status=complete_gb=BT109162 3759515
.81 GQ03205_G22.1_clone=GQ03205_G22_cluster=GQ03205_G22_status=complete_gb=BT109162 3809246
.66 GQ03229_E13.1_clone=GQ03229_E13_cluster=GQ03229_E13_status=complete_gb=BT110885 3809362
.13 GQ03229_E13.1_clone=GQ03229_E13_cluster=GQ03229_E13_status=complete_gb=BT110885 2740212
.73 WS0312_C10.1_clone=WS0312_C10_cluster=WS0312_C10_status=3 3717031
.23 GQ03111_N15.1_clone=GQ03111_N15_cluster=GQ03111_N15_status=complete_gb=BT107713 397769
.74 GQ03111_N15.1_clone=GQ03111_N15_cluster=GQ03111_N15_status=complete_gb=BT107713 3809449
.36 GQ04008_A13.1_clone=GQ04008_A13_cluster=GQ04008_A13_status=complete_gb=BT118592 3808831
.22 GQ04008_A13.1_clone=GQ04008_A13_cluster=GQ04008_A13_status=complete_gb=BT118592 3728184
.23 GQ04008_A13.1_clone=GQ04008_A13_cluster=GQ04008_A13_status=complete_gb=BT118592 3808965
.16 GQ03610_P08.1_clone=GQ03610_P08_cluster=GQ03610_P08_status=complete_gb=BT115182 3723455
.15 GQ03610_P08.1_clone=GQ03610_P08_cluster=GQ03610_P08_status=complete_gb=BT115182 1306412
.10 GQ03608_A05.1_clone=GQ03608_A05_cluster=GQ03608_A05_status=complete_gb=BT115053 1133984
.49 GQ03608_A05.1_clone=GQ03608_A05_cluster=GQ03608_A05_status=complete_gb=BT115053 3721939
.80 GQ02816_K13.2_clone=GQ02816_K13_cluster=GQ02816_K13_status=complete_gb=BT104925 3808621
.16 GQ02816_K13.2_clone=GQ02816_K13_cluster=GQ02816_K13_status=complete_gb=BT104925 373701
.43 GQ02821_E04.1_clone=GQ02821_E04_cluster=GQ02821_E04_status=complete_gb=BT105350 3720521
.38 GQ04009_H02.1_clone=GQ04009_H02_cluster=GQ04009_H02_status=complete_gb=BT118710 3809399
.16 GQ04009_H02.1_clone=GQ04009_H02_cluster=GQ04009_H02_status=complete_gb=BT118710 3809399
.37 GQ03114_D05.1_clone=GQ03114_D05_cluster=GQ03114_D05_status=complete_gb=BT107902 3717556
.19 GQ03309_A09.1_clone=GQ03309_A09_cluster=GQ03309_A09_status=complete_gb=BT112030 3716811
.65 GQ03309_A09.1_clone=GQ03309_A09_cluster=GQ03309_A09_status=complete_gb=BT112030 3722994
.25 GQ03104_K02.3_clone=GQ03104_K02_cluster=GQ03104_K02_status=53 3808733
.17 GQ03104_K02.3_clone=GQ03104_K02_cluster=GQ03104_K02_status=53 765187
.12 GQ03104_K02.3_clone=GQ03104_K02_cluster=GQ03104_K02_status=53 803299
.71 GQ04106_E11.1_clone=GQ04106_E11_cluster=GQ04106_E11_status=complete_gb=BT119482 660052
.27 GQ04106_E11.1_clone=GQ04106_E11_cluster=GQ04106_E11_status=complete_gb=BT119482 3726197
.33 GQ02772_H02.1_clone=GQ02772_H02_cluster=GQ02772_H02_status=5 3721863
.46 GQ02772_H02.1_clone=GQ02772_H02_cluster=GQ02772_H02_status=5 3725000
.36 GQ03229_F14.1_clone=GQ03229_F14_cluster=GQ03229_F14_status=complete_gb=BT110891 3725248
.36 GQ03229_F14.1_clone=GQ03229_F14_cluster=GQ03229_F14_status=complete_gb=BT110891 3717156
.01 GQ03229_F14.1_clone=GQ03229_F14_cluster=GQ03229_F14_status=complete_gb=BT110891 3729175
.74 GQ03315_K24.1_clone=GQ03315_K24_cluster=GQ03315_K24_status=complete_gb=BT112465 3720949
.51 GQ0195_F03.1_clone=GQ0195_F03_cluster=GQ0195_F03_status=complete_gb=BT102490 3808776
.24 GQ0195_F03.1_clone=GQ0195_F03_cluster=GQ0195_F03_status=complete_gb=BT102490 1068753
.58 GQ03819_A23.1_clone=GQ03819_A23_cluster=GQ03819_A23_status=complete_gb=BT117412 3716398
.20 GQ03819_A23.1_clone=GQ03819_A23_cluster=GQ03819_A23_status=complete_gb=BT117412 795355
.19 GQ03819_A23.1_clone=GQ03819_A23_cluster=GQ03819_A23_status=complete_gb=BT117412 3801888
.42 GQ02808_M21.1_clone=GQ02808_M21_cluster=GQ02808_M21_status=complete_gb=BT104307 3716407
.84 WS00755_I08.1_clone=WS00755_I08_cluster=WS00755_I08_status=complete 3808662
.31 GQ04008_D08.1_clone=GQ04008_D08_cluster=GQ04008_D08_status=complete_gb=BT118614 3716741
.34 GQ02812_G02.1_clone=GQ02812_G02_cluster=GQ02812_G02_status=complete_gb=BT104599 3717793
.64 GQ03102_C02.1_clone=GQ03102_C02_cluster=GQ03102_C02_status=complete_gb=BT107044 3809356
.73 GQ03401_K01.1_clone=GQ03401_K01_cluster=GQ03401_K01_status=complete_gb=BT113211 3809243
.48 GQ01303_H21.2_clone=GQ01303_H21_cluster=GQ01303_H21_status=5 3809381
.33 GQ01303_H21.2_clone=GQ01303_H21_cluster=GQ01303_H21_status=5 3735570
.73 GQ03407_M24.1_clone=GQ03407_M24_cluster=GQ03407_M24_status=complete_gb=BT113426 3808788
.14 GQ03407_M24.1_clone=GQ03407_M24_cluster=GQ03407_M24_status=complete_gb=BT113426 1663830
.05 GQ03513_I02.1_clone=GQ03513_I02_cluster=GQ03513_I02_status=complete_gb=BT114375 2094353
.84 GQ03513_I02.1_clone=GQ03513_I02_cluster=GQ03513_I02_status=complete_gb=BT114375 3809400
.99 GQ03223_C07.1_clone=GQ03223_C07_cluster=GQ03223_C07_status=complete_gb=BT110533 3809355
.46 GQ03819_J06.1_clone=GQ03819_J06_cluster=GQ03819_J06_status=complete_gb=BT117441 3809089
.48 GQ03812_N05.1_clone=GQ03812_N05_cluster=GQ03812_N05_status=complete_gb=BT117100 3809423
.11 GQ03812_N05.1_clone=GQ03812_N05_cluster=GQ03812_N05_status=complete_gb=BT117100 3722833
.11 GQ03812_N05.1_clone=GQ03812_N05_cluster=GQ03812_N05_status=complete_gb=BT117100 1357717
.11 GQ03812_N05.1_clone=GQ03812_N05_cluster=GQ03812_N05_status=complete_gb=BT117100 3724064
.36 GQ04108_M09.1_clone=GQ04108_M09_cluster=GQ04108_M09_status=complete_gb=BT119686 3809306
.25 GQ04108_M09.1_clone=GQ04108_M09_cluster=GQ04108_M09_status=complete_gb=BT119686 3809306
.46 GQ0067_D24.1_clone=GQ0067_D24_cluster=GQ0067_D24_status=complete_gb=BT101092 3809039
.59 GQ03902_E24.1_clone=GQ03902_E24_cluster=GQ03902_E24_status=complete_gb=BT117525 3809376
.97 GQ03110_A22.1_clone=GQ03110_A22_cluster=GQ03110_A22_status=complete_gb=BT107602 3809407
.28 GQ02808_F17.1_clone=GQ02808_F17_cluster=GQ02808_F17_status=complete_gb=BT104261 1079703
.23 GQ02808_F17.1_clone=GQ02808_F17_cluster=GQ02808_F17_status=complete_gb=BT104261 3808896
.23 GQ02808_F17.1_clone=GQ02808_F17_cluster=GQ02808_F17_status=complete_gb=BT104261 3808897
.22 GQ02808_F17.1_clone=GQ02808_F17_cluster=GQ02808_F17_status=complete_gb=BT104261 536175
.21 GQ02808_F17.1_clone=GQ02808_F17_cluster=GQ02808_F17_status=complete_gb=BT104261 3728211
.42 GQ02822_G04.1_clone=GQ02822_G04_cluster=GQ02822_G04_status=complete_gb=BT105432 966120
.48 GQ02822_G04.1_clone=GQ02822_G04_cluster=GQ02822_G04_status=complete_gb=BT105432 3743392
.73 GQ02823_L18.1_clone=GQ02823_L18_cluster=GQ02823_L18_status=complete_gb=BT105527 3809403
.24 GQ03215_F07.1_clone=GQ03215_F07_cluster=GQ03215_F07_status=complete_gb=BT110047 3729195
.13 GQ03215_F07.1_clone=GQ03215_F07_cluster=GQ03215_F07_status=complete_gb=BT110047 3754411
.33 GQ0202_H12.1_clone=GQ0202_H12_cluster=GQ0202_H12_status=complete_gb=BT102889 3730663
.37 GQ0202_H12.1_clone=GQ0202_H12_cluster=GQ0202_H12_status=complete_gb=BT102889 3722008
.95 GQ03313_P14.1_clone=GQ03313_P14_cluster=GQ03313_P14_status=complete_gb=BT112371 3809442
.73 GQ03211_A13.1_clone=GQ03211_A13_cluster=GQ03211_A13_status=complete_gb=BT109646 3809300
.09 GQ03211_A13.1_clone=GQ03211_A13_cluster=GQ03211_A13_status=complete_gb=BT109646 1133986
.58 GQ02829_D08.1_clone=GQ02829_D08_cluster=GQ02829_D08_status=complete_gb=BT105836 3719848
.15 GQ02829_D08.1_clone=GQ02829_D08_cluster=GQ02829_D08_status=complete_gb=BT105836 3570514
.35 GQ03309_K07.1_clone=GQ03309_K07_cluster=GQ03309_K07_status=complete_gb=BT112073 1164629
.32 GQ03309_K07.1_clone=GQ03309_K07_cluster=GQ03309_K07_status=complete_gb=BT112073 3748304
.03 GQ03309_K07.1_clone=GQ03309_K07_cluster=GQ03309_K07_status=complete_gb=BT112073 3761950
.02 GQ03309_K07.1_clone=GQ03309_K07_cluster=GQ03309_K07_status=complete_gb=BT112073 3722281
.99 GQ03320_C09.1_clone=GQ03320_C09_cluster=GQ03320_C09_status=complete_gb=BT112728 3809409
.42 GQ02815_G16.1_clone=GQ02815_G16_cluster=GQ02815_G16_status=complete_gb=BT104818 3809260
.87 GQ03906_A07.1_clone=GQ03906_A07_cluster=GQ03906_A07_status=complete_gb=BT117639 3809443
.99 GQ03510_K21.1_clone=GQ03510_K21_cluster=GQ03510_K21_status=complete_gb=BT114226 3809163
.30 GQ02821_H22.2_clone=GQ02821_H22_cluster=GQ02821_H22_status=complete_gb=BT105364 3720443
.69 GQ02821_H22.2_clone=GQ02821_H22_cluster=GQ02821_H22_status=complete_gb=BT105364 3809105
.17 GQ03218_E13.1_clone=GQ03218_E13_cluster=GQ03218_E13_status=complete_gb=BT110214 3719966
.71 GQ03218_E13.1_clone=GQ03218_E13_cluster=GQ03218_E13_status=complete_gb=BT110214 3809378
.20 GQ04011_N08.1_clone=GQ04011_N08_cluster=GQ04011_N08_status=complete_gb=BT118920 290277
.31 GQ04011_N08.1_clone=GQ04011_N08_cluster=GQ04011_N08_status=complete_gb=BT118920 539819
.55 GQ03614_A16.1_clone=GQ03614_A16_cluster=GQ03614_A16_status=complete_gb=BT115312 3809233
.26 GQ03614_A16.1_clone=GQ03614_A16_cluster=GQ03614_A16_status=complete_gb=BT115312 3749378
.22 GQ03614_A16.1_clone=GQ03614_A16_cluster=GQ03614_A16_status=complete_gb=BT115312 3744040
.73 GQ04107_F04.1_clone=GQ04107_F04_cluster=GQ04107_F04_status=complete_gb=BT119571 3808864
.08 GQ04107_F04.1_clone=GQ04107_F04_cluster=GQ04107_F04_status=complete_gb=BT119571 1471496
.80 GQ03210_O18.4_clone=GQ03210_O18_cluster=GQ03210_O18_status=complete_gb=BT109635 3729812
.09 GQ03210_O18.4_clone=GQ03210_O18_cluster=GQ03210_O18_status=complete_gb=BT109635 808407
.53 GQ03233_F01.1_clone=GQ03233_F01_cluster=GQ03233_F01_status=complete_gb=BT111143 3808791
.29 GQ0176_N16.1_clone=GQ0176_N16_cluster=GQ0176_N16_status=3 3717526
.67 GQ0176_N16.1_clone=GQ0176_N16_cluster=GQ0176_N16_status=3 3725294
.07 GQ04003_J18.1_clone=GQ04003_J18_cluster=GQ04003_J18_status=complete_gb=BT118206 1178696
.25 GQ04003_J18.1_clone=GQ04003_J18_cluster=GQ04003_J18_status=complete_gb=BT118206 878843
.96 WS00752_F23.1_clone=WS00752_F23_cluster=WS00752_F23_status=complete 3809326
.95 GQ0131_H14.1_clone=GQ0131_H14_cluster=GQ0131_H14_status=5 3809437
.78 GQ03234_F07.1_clone=GQ03234_F07_cluster=GQ03234_F07_status=complete_gb=BT111206 3809457
.83 GQ0201_G16.1_clone=GQ0201_G16_cluster=GQ0201_G16_status=complete_gb=BT102835 3808561
.16 GQ0201_G16.1_clone=GQ0201_G16_cluster=GQ0201_G16_status=complete_gb=BT102835 1700120
.34 GQ0062_O10.1_clone=GQ0062_O10_cluster=GQ0062_O10_status=complete_gb=BT100995 3720515
.27 GQ0062_O10.1_clone=GQ0062_O10_cluster=GQ0062_O10_status=complete_gb=BT100995 578747
.27 GQ0062_O10.1_clone=GQ0062_O10_cluster=GQ0062_O10_status=complete_gb=BT100995 986289
.23 GQ0062_O10.1_clone=GQ0062_O10_cluster=GQ0062_O10_status=complete_gb=BT100995 3725895
.80 GQ02904_F18.1_clone=GQ02904_F18_cluster=GQ02904_F18_status=complete_gb=BT106170 3809323
.99 GQ03406_G19.1_clone=GQ03406_G19_cluster=GQ03406_G19_status=complete_gb=BT113374 3726380
.35 GQ02907_N09.1_clone=GQ02907_N09_cluster=GQ02907_N09_status=complete_gb=BT106344 3754032
.20 GQ02907_N09.1_clone=GQ02907_N09_cluster=GQ02907_N09_status=complete_gb=BT106344 3729599
.15 GQ03116_C19.1_clone=GQ03116_C19_cluster=GQ03116_C19_status=complete_gb=BT108036 3747671
.06 GQ03116_C19.1_clone=GQ03116_C19_cluster=GQ03116_C19_status=complete_gb=BT108036 1213396
.89 GQ03206_C17.1_clone=GQ03206_C17_cluster=GQ03206_C17_status=complete_gb=BT109230 3809456
.46 GQ04110_A10.1_clone=GQ04110_A10_cluster=GQ04110_A10_status=complete_gb=BT119786 3809413
.43 GQ04004_B17.1_clone=GQ04004_B17_cluster=GQ04004_B17_status=complete_gb=BT118243 3720104
.87 GQ03230_I05.1_clone=GQ03230_I05_cluster=GQ03230_I05_status=complete_gb=BT110968 3809431
.51 GQ03105_O04.1_clone=GQ03105_O04_cluster=GQ03105_O04_status=complete_gb=BT107332 3719210
.56 GQ03617_E19.1_clone=GQ03617_E19_cluster=GQ03617_E19_status=complete_gb=BT115466 3809142
.43 GQ03617_E19.1_clone=GQ03617_E19_cluster=GQ03617_E19_status=complete_gb=BT115466 3757316
.45 GQ0197_K07.1_clone=GQ0197_K07_cluster=GQ0197_K07_status=complete_gb=BT102600 3717810
.17 GQ0197_K07.1_clone=GQ0197_K07_cluster=GQ0197_K07_status=complete_gb=BT102600 3720457
.10 GQ0197_K07.1_clone=GQ0197_K07_cluster=GQ0197_K07_status=complete_gb=BT102600 3717512
.25 GQ03236_G10.1_clone=GQ03236_G10_cluster=GQ03236_G10_status=complete_gb=BT111350 3722990
.11 GQ03236_G10.1_clone=GQ03236_G10_cluster=GQ03236_G10_status=complete_gb=BT111350 3718377
.94 GQ02820_O04.3_clone=GQ02820_O04_cluster=GQ02820_O04_status=53 3809386
.87 GQ04106_O18.1_clone=GQ04106_O18_cluster=GQ04106_O18_status=complete_gb=BT119541 3809408
.40 GQ03004_E17.1_clone=GQ03004_E17_cluster=GQ03004_E17_status=complete_gb=BT106534 3809119
.23 GQ02901_E12.4_clone=GQ02901_E12_cluster=GQ02901_E12_status=53 3752341
.24 GQ02901_E12.4_clone=GQ02901_E12_cluster=GQ02901_E12_status=53 181543
.86 GQ02817_P23.1_clone=GQ02817_P23_cluster=GQ02817_P23_status=complete_gb=BT105045 3809338
.50 GQ02903_A02.2_clone=GQ02903_A02_cluster=GQ02903_A02_status=53 3808922
.61 GQ03317_C11.1_clone=GQ03317_C11_cluster=GQ03317_C11_status=complete_gb=BT112547 700736
.37 GQ03317_C11.1_clone=GQ03317_C11_cluster=GQ03317_C11_status=complete_gb=BT112547 700733
.64 GQ02803_H05.1_clone=GQ02803_H05_cluster=GQ02803_H05_status=complete_gb=BT103874 3747122
.29 GQ02902_N24.1_clone=GQ02902_N24_cluster=GQ02902_N24_status=complete_gb=BT106098 3808836
.18 GQ02902_N24.1_clone=GQ02902_N24_cluster=GQ02902_N24_status=complete_gb=BT106098 3734263
.18 GQ02902_N24.1_clone=GQ02902_N24_cluster=GQ02902_N24_status=complete_gb=BT106098 3782640
.16 GQ03817_J04.2_clone=GQ03817_J04_cluster=GQ03817_J04_status=complete_gb=BT117346 3736360
.79 GQ03817_J04.2_clone=GQ03817_J04_cluster=GQ03817_J04_status=complete_gb=BT117346 3809393
.05 GQ02820_P08.2_clone=GQ02820_P08_cluster=GQ02820_P08_status=complete_gb=BT105330 3779394
.90 GQ02820_P08.2_clone=GQ02820_P08_cluster=GQ02820_P08_status=complete_gb=BT105330 3809305
.29 GQ03707_G19.1_clone=GQ03707_G19_cluster=GQ03707_G19_status=complete_gb=BT115849 3733404
.61 GQ03707_G19.1_clone=GQ03707_G19_cluster=GQ03707_G19_status=complete_gb=BT115849 3809434
.13 GQ03111_B03.1_clone=GQ03111_B03_cluster=GQ03111_B03_status=complete_gb=BT107657 1267301
.83 GQ03111_B03.1_clone=GQ03111_B03_cluster=GQ03111_B03_status=complete_gb=BT107657 3809315
.37 GQ01306_A17.1_clone=GQ01306_A17_cluster=GQ01306_A17_status=complete_gb=BT101510 3720924
.26 GQ01306_A17.1_clone=GQ01306_A17_cluster=GQ01306_A17_status=complete_gb=BT101510 1172995
.37 GQ02907_L07.3_clone=GQ02907_L07_cluster=GQ02907_L07_status=53 3809363
.15 GQ02907_L07.3_clone=GQ02907_L07_cluster=GQ02907_L07_status=53 3809363
.44 GQ03125_D13.1_clone=GQ03125_D13_cluster=GQ03125_D13_status=complete_gb=BT108675 864982
.32 GQ03125_D13.1_clone=GQ03125_D13_cluster=GQ03125_D13_status=complete_gb=BT108675 618610
.62 GQ03007_J22.1_clone=GQ03007_J22_cluster=GQ03007_J22_status=complete_gb=BT106669 3722447
.58 GQ03416_L19.1_clone=GQ03416_L19_cluster=GQ03416_L19_status=complete_gb=BT113667 3809314
.21 GQ03416_L19.1_clone=GQ03416_L19_cluster=GQ03416_L19_status=complete_gb=BT113667 1228005
.21 GQ03416_L19.1_clone=GQ03416_L19_cluster=GQ03416_L19_status=complete_gb=BT113667 1168275
.21 GQ03416_L19.1_clone=GQ03416_L19_cluster=GQ03416_L19_status=complete_gb=BT113667 951066
.18 GQ03416_L19.1_clone=GQ03416_L19_cluster=GQ03416_L19_status=complete_gb=BT113667 1335206
.47 GQ03502_O07.1_clone=GQ03502_O07_cluster=GQ03502_O07_status=complete_gb=BT113847 3809380
.33 GQ03719_B08.1_clone=GQ03719_B08_cluster=GQ03719_B08_status=complete_gb=BT116459 1343377
.20 GQ03719_B08.1_clone=GQ03719_B08_cluster=GQ03719_B08_status=complete_gb=BT116459 975469
.18 GQ03719_B08.1_clone=GQ03719_B08_cluster=GQ03719_B08_status=complete_gb=BT116459 270506
.09 GQ03719_B08.1_clone=GQ03719_B08_cluster=GQ03719_B08_status=complete_gb=BT116459 1147921
.48 GQ04007_I08.1_clone=GQ04007_I08_cluster=GQ04007_I08_status=complete_gb=BT118540 3808855
.88 GQ03013_P10.2_clone=GQ03013_P10_cluster=GQ03013_P10_status=complete_gb=BT106940 3809263
.09 GQ03013_P10.2_clone=GQ03013_P10_cluster=GQ03013_P10_status=complete_gb=BT106940 1121076
.08 GQ03013_P10.2_clone=GQ03013_P10_cluster=GQ03013_P10_status=complete_gb=BT106940 751657
.06 GQ03013_P10.2_clone=GQ03013_P10_cluster=GQ03013_P10_status=complete_gb=BT106940 1917971
.43 GQ04104_B15.1_clone=GQ04104_B15_cluster=GQ04104_B15_status=complete_gb=BT119314 1428311
.43 GQ04104_B15.1_clone=GQ04104_B15_cluster=GQ04104_B15_status=complete_gb=BT119314 3736266
.29 GQ04104_B15.1_clone=GQ04104_B15_cluster=GQ04104_B15_status=complete_gb=BT119314 1871205
.30 GQ04104_B15.1_clone=GQ04104_B15_cluster=GQ04104_B15_status=complete_gb=BT119314 1251980
.24 GQ04104_B15.1_clone=GQ04104_B15_cluster=GQ04104_B15_status=complete_gb=BT119314 659745
.82 GQ03214_A08.1_clone=GQ03214_A08_cluster=GQ03214_A08_status=complete_gb=BT109941 3809336
.92 GQ02010_K12.1_clone=GQ02010_K12_cluster=GQ02010_K12_status=complete_gb=BT102666 3809361
.10 GQ03706_G05.1_clone=GQ03706_G05_cluster=GQ03706_G05_status=complete_gb=BT115796 3761471
.62 GQ03706_G05.1_clone=GQ03706_G05_cluster=GQ03706_G05_status=complete_gb=BT115796 3809425
.19 GQ03229_F19.2_clone=GQ03229_F19_cluster=GQ03229_F19_status=complete_gb=BT110892 3723948
.29 GQ03229_F19.2_clone=GQ03229_F19_cluster=GQ03229_F19_status=complete_gb=BT110892 3723243
.34 GQ04109_H01.1_clone=GQ04109_H01_cluster=GQ04109_H01_status=complete_gb=BT119738 3809392
.19 GQ04109_H01.1_clone=GQ04109_H01_cluster=GQ04109_H01_status=complete_gb=BT119738 645381
.17 GQ04109_H01.1_clone=GQ04109_H01_cluster=GQ04109_H01_status=complete_gb=BT119738 476265
.55 GQ02815_G02.1_clone=GQ02815_G02_cluster=GQ02815_G02_status=complete_gb=BT104814 1280784
.77 GQ03317_O18.1_clone=GQ03317_O18_cluster=GQ03317_O18_status=complete_gb=BT112582 3718559
.22 GQ03317_O18.1_clone=GQ03317_O18_cluster=GQ03317_O18_status=complete_gb=BT112582 245671
.43 GQ03303_D21.2_clone=GQ03303_D21_cluster=GQ03303_D21_status=complete_gb=BT111757 3809307
.12 GQ03303_D21.2_clone=GQ03303_D21_cluster=GQ03303_D21_status=complete_gb=BT111757 2536937
.38 GQ02802_A20.1_clone=GQ02802_A20_cluster=GQ02802_A20_status=complete_gb=BT103782 3740152
.36 GQ02802_A20.1_clone=GQ02802_A20_cluster=GQ02802_A20_status=complete_gb=BT103782 1052757
.21 GQ03115_L04.1_clone=GQ03115_L04_cluster=GQ03115_L04_status=complete_gb=BT108002 3720426
.17 GQ03115_L04.1_clone=GQ03115_L04_cluster=GQ03115_L04_status=complete_gb=BT108002 3779337
.14 GQ03115_L04.1_clone=GQ03115_L04_cluster=GQ03115_L04_status=complete_gb=BT108002 3809128
.14 GQ03115_L04.1_clone=GQ03115_L04_cluster=GQ03115_L04_status=complete_gb=BT108002 666093
.05 GQ03115_L04.1_clone=GQ03115_L04_cluster=GQ03115_L04_status=complete_gb=BT108002 3743496
.54 WS03222_N02.1_clone=WS03222_N02_cluster=WS03222_N02_status=3 3719412
.99 GQ03234_B02.1_clone=GQ03234_B02_cluster=GQ03234_B02_status=complete_gb=BT111190 3809313
.87 GQ04003_J21.1_clone=GQ04003_J21_cluster=GQ04003_J21_status=complete_gb=BT118207 3809446
.81 GQ03120_J23.1_clone=GQ03120_J23_cluster=GQ03120_J23_status=complete_gb=BT108352 3808769
.38 GQ03803_B14.1_clone=GQ03803_B14_cluster=GQ03803_B14_status=complete_gb=BT116604 3809387
.25 GQ03803_B14.1_clone=GQ03803_B14_cluster=GQ03803_B14_status=complete_gb=BT116604 3717268
.26 GQ03519_B08.1_clone=GQ03519_B08_cluster=GQ03519_B08_status=complete_gb=BT114668 3809212
.24 GQ03519_B08.1_clone=GQ03519_B08_cluster=GQ03519_B08_status=complete_gb=BT114668 3720875
.97 GQ03119_N06.1_clone=GQ03119_N06_cluster=GQ03119_N06_status=complete_gb=BT108306 3809331
.27 GQ03811_J09.1_clone=GQ03811_J09_cluster=GQ03811_J09_status=complete_gb=BT117039 1373996
.13 GQ03811_J09.1_clone=GQ03811_J09_cluster=GQ03811_J09_status=complete_gb=BT117039 3760593
.18 GQ02812_E06.2_clone=GQ02812_E06_cluster=GQ02812_E06_status=complete_gb=BT104591 3725659
.17 GQ02812_E06.2_clone=GQ02812_E06_cluster=GQ02812_E06_status=complete_gb=BT104591 3716609
.39 GQ02812_E06.2_clone=GQ02812_E06_cluster=GQ02812_E06_status=complete_gb=BT104591 3809316
.83 GQ03237_P03.1_clone=GQ03237_P03_cluster=GQ03237_P03_status=complete_gb=BT111461 3809332
.47 GQ02808_G03.1_clone=GQ02808_G03_cluster=GQ02808_G03_status=complete_gb=BT104263 3809410
.16 GQ02808_G03.1_clone=GQ02808_G03_cluster=GQ02808_G03_status=complete_gb=BT104263 3809410
.51 GQ03102_H10.1_clone=GQ03102_H10_cluster=GQ03102_H10_status=complete_gb=BT107074 3719147
.96 GQ03512_A04.1_clone=GQ03512_A04_cluster=GQ03512_A04_status=complete_gb=BT114292 3809388
.94 GQ02804_J15.1_clone=GQ02804_J15_cluster=GQ02804_J15_status=complete_gb=BT103952 3809359
.78 GQ03307_E06.1_clone=GQ03307_E06_cluster=GQ03307_E06_status=complete_gb=BT111904 3809432
.46 WS0087_O08.1_clone=WS0087_O08_cluster=WS0087_O08_status=complete 1410974
.04 GQ03216_B14.1_clone=GQ03216_B14_cluster=GQ03216_B14_status=complete_gb=BT110087 1632753
.23 GQ03216_B14.1_clone=GQ03216_B14_cluster=GQ03216_B14_status=complete_gb=BT110087 3730389
.27 GQ03413_N22.1_clone=GQ03413_N22_cluster=GQ03413_N22_status=complete_gb=BT113574 1292062
.67 GQ04004_C19.1_clone=GQ04004_C19_cluster=GQ04004_C19_status=complete_gb=BT118249 3809320
.19 GQ04004_C19.1_clone=GQ04004_C19_cluster=GQ04004_C19_status=complete_gb=BT118249 3809320
.16 GQ04004_C19.1_clone=GQ04004_C19_cluster=GQ04004_C19_status=complete_gb=BT118249 3719847
.18 GQ02808_C10.1_clone=GQ02808_C10_cluster=GQ02808_C10_status=complete_gb=BT104240 1332288
.63 GQ02808_C10.1_clone=GQ02808_C10_cluster=GQ02808_C10_status=complete_gb=BT104240 3809002
.71 GQ03216_P14.1_clone=GQ03216_P14_cluster=GQ03216_P14_status=complete_gb=BT110144 3740626
.25 GQ03216_P14.1_clone=GQ03216_P14_cluster=GQ03216_P14_status=complete_gb=BT110144 3727842
.99 GQ04102_L05.1_clone=GQ04102_L05_cluster=GQ04102_L05_status=complete_gb=BT119207 3809310
.75 GQ03701_N02.1_clone=GQ03701_N02_cluster=GQ03701_N02_status=complete_gb=BT115576 3808807
.24 GQ03701_N02.1_clone=GQ03701_N02_cluster=GQ03701_N02_status=complete_gb=BT115576 3808807
.47 GQ03012_C24.1_clone=GQ03012_C24_cluster=GQ03012_C24_status=complete_gb=BT106849 3729353
.42 GQ03012_C24.1_clone=GQ03012_C24_cluster=GQ03012_C24_status=complete_gb=BT106849 3718727
.26 GQ04108_P01.1_clone=GQ04108_P01_cluster=GQ04108_P01_status=complete_gb=BT119699 3720791
.15 GQ02822_C01.1_clone=GQ02822_C01_cluster=GQ02822_C01_status=complete_gb=BT105414 1082669
.77 GQ02822_C01.1_clone=GQ02822_C01_cluster=GQ02822_C01_status=complete_gb=BT105414 3809046
.37 GQ03203_N22.2_clone=GQ03203_N22_cluster=GQ03203_N22_status=complete_gb=BT109025 3809239
.08 GQ03203_N22.2_clone=GQ03203_N22_cluster=GQ03203_N22_status=complete_gb=BT109025 3721173
.02 GQ03203_N22.2_clone=GQ03203_N22_cluster=GQ03203_N22_status=complete_gb=BT109025 712419
.22 GQ03307_B20.1_clone=GQ03307_B20_cluster=GQ03307_B20_status=complete_gb=BT111897 3737735
.26 GQ03307_B20.1_clone=GQ03307_B20_cluster=GQ03307_B20_status=complete_gb=BT111897 3728330
.56 GQ02817_I02.1_clone=GQ02817_I02_cluster=GQ02817_I02_status=complete_gb=BT104995 1315184
.29 GQ02817_I02.1_clone=GQ02817_I02_cluster=GQ02817_I02_status=complete_gb=BT104995 480555
.29 GQ02817_I02.1_clone=GQ02817_I02_cluster=GQ02817_I02_status=complete_gb=BT104995 1908185
.26 GQ02817_I02.1_clone=GQ02817_I02_cluster=GQ02817_I02_status=complete_gb=BT104995 448574
.21 GQ02817_I02.1_clone=GQ02817_I02_cluster=GQ02817_I02_status=complete_gb=BT104995 296316
.53 GQ03710_N12.1_clone=GQ03710_N12_cluster=GQ03710_N12_status=complete_gb=BT116037 868249
.36 GQ03710_N12.1_clone=GQ03710_N12_cluster=GQ03710_N12_status=complete_gb=BT116037 3724948
.02 GQ03710_N12.1_clone=GQ03710_N12_cluster=GQ03710_N12_status=complete_gb=BT116037 3749930
.40 GQ03311_M07.1_clone=GQ03311_M07_cluster=GQ03311_M07_status=complete_gb=BT112196 3809029
.26 GQ03311_M07.1_clone=GQ03311_M07_cluster=GQ03311_M07_status=complete_gb=BT112196 900899
.82 GQ03917_L22.2_clone=GQ03917_L22_cluster=GQ03917_L22_status=complete_gb=BT117936 3717668
.98 GQ0044_F06.1_clone=GQ0044_F06_cluster=GQ0044_F06_status=complete_gb=BT100789 3809373
.91 GQ02820_M04.1_clone=GQ02820_M04_cluster=GQ02820_M04_status=complete_gb=BT105309 3809383
.50 GQ03617_P15.1_clone=GQ03617_P15_cluster=GQ03617_P15_status=complete_gb=BT115497 617447
.44 GQ03617_P15.1_clone=GQ03617_P15_cluster=GQ03617_P15_status=complete_gb=BT115497 3721093
.57 GQ03804_I03.2_clone=GQ03804_I03_cluster=GQ03804_I03_status=complete_gb=BT116680 3727035
.13 GQ03804_I03.2_clone=GQ03804_I03_cluster=GQ03804_I03_status=complete_gb=BT116680 2887359
.60 GQ03115_B20.1_clone=GQ03115_B20_cluster=GQ03115_B20_status=complete_gb=BT107961 3809428
.35 GQ03115_B20.1_clone=GQ03115_B20_cluster=GQ03115_B20_status=complete_gb=BT107961 3721511
.89 GQ03105_E21.2_clone=GQ03105_E21_cluster=GQ03105_E21_status=complete_gb=BT107284 3809375
.82 GQ03115_D19.1_clone=GQ03115_D19_cluster=GQ03115_D19_status=complete_gb=BT107974 3809304
.42 WS0071_C14.2_clone=WS0071_C14_cluster=WS0071_C14_status=complete 2625437
.32 WS0071_C14.2_clone=WS0071_C14_cluster=WS0071_C14_status=complete 3437260
.25 GQ03206_K14.1_clone=GQ03206_K14_cluster=GQ03206_K14_status=complete_gb=BT109277 3809360
.27 GQ03206_K14.1_clone=GQ03206_K14_cluster=GQ03206_K14_status=complete_gb=BT109277 3717219
.12 GQ03206_K14.1_clone=GQ03206_K14_cluster=GQ03206_K14_status=complete_gb=BT109277 3809360
.08 GQ03206_K14.1_clone=GQ03206_K14_cluster=GQ03206_K14_status=complete_gb=BT109277 3809360
.44 GQ03001_E21.1_clone=GQ03001_E21_cluster=GQ03001_E21_status=complete_gb=BT106418 3718069
.36 GQ03001_E21.1_clone=GQ03001_E21_cluster=GQ03001_E21_status=complete_gb=BT106418 733431
.84 GQ03216_L05.1_clone=GQ03216_L05_cluster=GQ03216_L05_status=complete_gb=BT110122 3809438
.76 GQ04101_N06.1_clone=GQ04101_N06_cluster=GQ04101_N06_status=complete_gb=BT119138 3809340
.23 GQ0222_N04.1_clone=GQ0222_N04_cluster=GQ0222_N04_status=complete_gb=BT103273 3724267
.66 GQ0222_N04.1_clone=GQ0222_N04_cluster=GQ0222_N04_status=complete_gb=BT103273 3808780
.83 GQ03617_O22.1_clone=GQ03617_O22_cluster=GQ03617_O22_status=complete_gb=BT115495 3809445
.87 GQ03104_B19.2_clone=GQ03104_B19_cluster=GQ03104_B19_status=complete_gb=BT107194 3809202
.32 GQ03709_E22.1_clone=GQ03709_E22_cluster=GQ03709_E22_status=complete_gb=BT115951 3809384
.15 GQ03709_E22.1_clone=GQ03709_E22_cluster=GQ03709_E22_status=complete_gb=BT115951 3809384
.81 GQ04012_P12.1_clone=GQ04012_P12_cluster=GQ04012_P12_status=complete_gb=BT118982 3809420
.63 GQ02806_A07.1_clone=GQ02806_A07_cluster=GQ02806_A07_status=complete_gb=BT104064 3809038
.12 GQ03202_J22.1_clone=GQ03202_J22_cluster=GQ03202_J22_status=complete_gb=BT108924 3723642
.76 GQ03202_J22.1_clone=GQ03202_J22_cluster=GQ03202_J22_status=complete_gb=BT108924 3809178
.77 GQ0196_G04.1_clone=GQ0196_G04_cluster=GQ0196_G04_status=complete_gb=BT102550 3808591
.21 GQ0196_G04.1_clone=GQ0196_G04_cluster=GQ0196_G04_status=complete_gb=BT102550 3717293
.77 GQ03401_G01.1_clone=GQ03401_G01_cluster=GQ03401_G01_status=complete_gb=BT113205 3809435
.62 GQ02768_A08.1_clone=GQ02768_A08_cluster=GQ02768_A08_status=5 3808830
.26 GQ02768_A08.1_clone=GQ02768_A08_cluster=GQ02768_A08_status=5 3740457
.29 GQ03607_J11.1_clone=GQ03607_J11_cluster=GQ03607_J11_status=complete_gb=BT115030 588169
.22 GQ03607_J11.1_clone=GQ03607_J11_cluster=GQ03607_J11_status=complete_gb=BT115030 853415
.21 GQ03607_J11.1_clone=GQ03607_J11_cluster=GQ03607_J11_status=complete_gb=BT115030 3734483
.21 GQ03607_J11.1_clone=GQ03607_J11_cluster=GQ03607_J11_status=complete_gb=BT115030 822296
.21 GQ03607_J11.1_clone=GQ03607_J11_cluster=GQ03607_J11_status=complete_gb=BT115030 815934
.42 GQ03116_D16.1_clone=GQ03116_D16_cluster=GQ03116_D16_status=complete_gb=BT108042 3717295
.05 GQ03116_D16.1_clone=GQ03116_D16_cluster=GQ03116_D16_status=complete_gb=BT108042 934640
.62 GQ03918_P17.2_clone=GQ03918_P17_cluster=GQ03918_P17_status=complete_gb=BT117970 3808627
.23 GQ03918_P17.2_clone=GQ03918_P17_cluster=GQ03918_P17_status=complete_gb=BT117970 3718669
.38 GQ03120_L16.1_clone=GQ03120_L16_cluster=GQ03120_L16_status=complete_gb=BT108359 3753543
.35 GQ03120_L16.1_clone=GQ03120_L16_cluster=GQ03120_L16_status=complete_gb=BT108359 962907
.40 GQ03239_L07.1_clone=GQ03239_L07_cluster=GQ03239_L07_status=complete_gb=BT111576 3716767
.21 GQ03239_L07.1_clone=GQ03239_L07_cluster=GQ03239_L07_status=complete_gb=BT111576 3719462
.86 GQ02812_B05.1_clone=GQ02812_B05_cluster=GQ02812_B05_status=complete_gb=BT104577 3809365
.82 GQ0202_J12.1_clone=GQ0202_J12_cluster=GQ0202_J12_status=complete_gb=BT102896 3808629
.82 GQ0202_J12.1_clone=GQ0202_J12_cluster=GQ0202_J12_status=complete_gb=BT102896 3809040
.11 GQ0202_J12.1_clone=GQ0202_J12_cluster=GQ0202_J12_status=complete_gb=BT102896 1874783
.14 GQ03817_H04.1_clone=GQ03817_H04_cluster=GQ03817_H04_status=complete_gb=BT117337 566087
.74 GQ03817_H04.1_clone=GQ03817_H04_cluster=GQ03817_H04_status=complete_gb=BT117337 3724622
.36 GQ03112_H13.1_clone=GQ03112_H13_cluster=GQ03112_H13_status=complete_gb=BT107763 3722765
.28 GQ03112_H13.1_clone=GQ03112_H13_cluster=GQ03112_H13_status=complete_gb=BT107763 3725317
.06 GQ03112_H13.1_clone=GQ03112_H13_cluster=GQ03112_H13_status=complete_gb=BT107763 3809155
.64 GQ03303_O12.2_clone=GQ03303_O12_cluster=GQ03303_O12_status=complete_gb=BT111811 3809242
.82 GQ03007_J12.1_clone=GQ03007_J12_cluster=GQ03007_J12_status=complete_gb=BT106668 3809303
.83 GQ03507_N20.1_clone=GQ03507_N20_cluster=GQ03507_N20_status=complete_gb=BT114088 3809301
.38 GQ03904_G22.1_clone=GQ03904_G22_cluster=GQ03904_G22_status=complete_gb=BT117588 3722240
.28 GQ03904_G22.1_clone=GQ03904_G22_cluster=GQ03904_G22_status=complete_gb=BT117588 3732649
.21 GQ03904_G22.1_clone=GQ03904_G22_cluster=GQ03904_G22_status=complete_gb=BT117588 3737185
.18 GQ03904_G22.1_clone=GQ03904_G22_cluster=GQ03904_G22_status=complete_gb=BT117588 1107072
.21 GQ03904_G22.1_clone=GQ03904_G22_cluster=GQ03904_G22_status=complete_gb=BT117588 3760906
.79 GQ0064_I02.2_clone=GQ0064_I02_cluster=GQ0064_I02_status=complete_gb=BT101020 3718363
.57 GQ02823_L03.1_clone=GQ02823_L03_cluster=GQ02823_L03_status=complete_gb=BT105523 3808571
.14 GQ02823_L03.1_clone=GQ02823_L03_cluster=GQ02823_L03_status=complete_gb=BT105523 1644658
.21 GQ04103_B18.1_clone=GQ04103_B18_cluster=GQ04103_B18_status=complete_gb=BT119244 3726156
.27 GQ04103_B18.1_clone=GQ04103_B18_cluster=GQ04103_B18_status=complete_gb=BT119244 495600
.50 GQ03712_N19.4_clone=GQ03712_N19_cluster=GQ03712_N19_status=53 3755348
.23 GQ03712_N19.4_clone=GQ03712_N19_cluster=GQ03712_N19_status=53 3809166
.58 GQ0202_J11.1_clone=GQ0202_J11_cluster=GQ0202_J11_status=complete_gb=BT102895 3809398
.35 GQ0202_J11.1_clone=GQ0202_J11_cluster=GQ0202_J11_status=complete_gb=BT102895 3809398
.99 GQ03407_G05.1_clone=GQ03407_G05_cluster=GQ03407_G05_status=complete_gb=BT113412 3809324
.19 GQ0171_J09.1_clone=GQ0171_J09_cluster=GQ0171_J09_status=complete_gb=BT102236 3717452
.50 GQ04104_N19.1_clone=GQ04104_N19_cluster=GQ04104_N19_status=complete_gb=BT119378 3720679
.84 GQ03704_B07.1_clone=GQ03704_B07_cluster=GQ03704_B07_status=complete_gb=BT115668 3722196
.99 GQ0081_K03.1_clone=GQ0081_K03_cluster=GQ0081_K03_status=complete_gb=BT101243 3809156
.59 GQ04006_F14.1_clone=GQ04006_F14_cluster=GQ04006_F14_status=complete_gb=BT118434 3808604
.49 GQ03121_K23.1_clone=GQ03121_K23_cluster=GQ03121_K23_status=complete_gb=BT108429 3723643
.05 GQ03121_K23.1_clone=GQ03121_K23_cluster=GQ03121_K23_status=complete_gb=BT108429 1237680
.03 GQ03121_K23.1_clone=GQ03121_K23_cluster=GQ03121_K23_status=complete_gb=BT108429 3798220
.44 GQ03417_E02.4_clone=GQ03417_E02_cluster=GQ03417_E02_status=53 3809255
.40 GQ03417_E02.4_clone=GQ03417_E02_cluster=GQ03417_E02_status=53 3809255
.11 GQ03201_K13.1_clone=GQ03201_K13_cluster=GQ03201_K13_status=complete_gb=BT108841 3721921
.12 GQ03201_K13.1_clone=GQ03201_K13_cluster=GQ03201_K13_status=complete_gb=BT108841 3808787
.61 GQ02808_N20.3_clone=GQ02808_N20_cluster=GQ02808_N20_status=complete_gb=BT104315 3808845
.14 GQ02808_N20.3_clone=GQ02808_N20_cluster=GQ02808_N20_status=complete_gb=BT104315 806229
.45 GQ02804_G04.1_clone=GQ02804_G04_cluster=GQ02804_G04_status=complete_gb=BT103936 3719927
.98 GQ04006_P18.1_clone=GQ04006_P18_cluster=GQ04006_P18_status=complete_gb=BT118500 3809448
.78 GQ02801_D20.1_clone=GQ02801_D20_cluster=GQ02801_D20_status=complete_gb=BT103726 3808829
.46 GQ03713_E10.1_clone=GQ03713_E10_cluster=GQ03713_E10_status=complete_gb=BT116188 3809259
.43 GQ03713_E10.1_clone=GQ03713_E10_cluster=GQ03713_E10_status=complete_gb=BT116188 3809259
.85 GQ02772_C11.2_clone=GQ02772_C11_cluster=GQ02772_C11_status=5 3809341
.99 GQ0164_N10.2_clone=GQ0164_N10_cluster=GQ0164_N10_status=53 3809152
.67 GQ03208_F21.1_clone=GQ03208_F21_cluster=GQ03208_F21_status=complete_gb=BT109438 3721603
.31 GQ03208_F21.1_clone=GQ03208_F21_cluster=GQ03208_F21_status=complete_gb=BT109438 714054
.55 GQ03908_D21.1_clone=GQ03908_D21_cluster=GQ03908_D21_status=complete_gb=BT117705 3809302
.82 GQ03712_F10.1_clone=GQ03712_F10_cluster=GQ03712_F10_status=complete_gb=BT116130 3809429
.12 GQ03712_F10.1_clone=GQ03712_F10_cluster=GQ03712_F10_status=complete_gb=BT116130 3741272
.68 GQ04002_D17.1_clone=GQ04002_D17_cluster=GQ04002_D17_status=complete_gb=BT118089 3809257
.26 GQ04002_D17.1_clone=GQ04002_D17_cluster=GQ04002_D17_status=complete_gb=BT118089 3724202
.29 GQ03321_F09.1_clone=GQ03321_F09_cluster=GQ03321_F09_status=complete_gb=BT112821 3809272
.08 GQ03321_F09.1_clone=GQ03321_F09_cluster=GQ03321_F09_status=complete_gb=BT112821 2079629
.42 GQ03713_I20.1_clone=GQ03713_I20_cluster=GQ03713_I20_status=complete_gb=BT116201 3718629
.56 GQ03713_I20.1_clone=GQ03713_I20_cluster=GQ03713_I20_status=complete_gb=BT116201 813642
.31 GQ03709_P06.1_clone=GQ03709_P06_cluster=GQ03709_P06_status=complete_gb=BT115988 3719168
.44 GQ02902_E23.1_clone=GQ02902_E23_cluster=GQ02902_E23_status=complete_gb=BT106065 3808990
.29 GQ02902_E23.1_clone=GQ02902_E23_cluster=GQ02902_E23_status=complete_gb=BT106065 3746082
.08 GQ02902_E23.1_clone=GQ02902_E23_cluster=GQ02902_E23_status=complete_gb=BT106065 401483
.08 GQ02902_E23.1_clone=GQ02902_E23_cluster=GQ02902_E23_status=complete_gb=BT106065 2042247
.45 GQ02814_N07.2_clone=GQ02814_N07_cluster=GQ02814_N07_status=complete_gb=BT104777 3716866
.50 GQ02814_N07.2_clone=GQ02814_N07_cluster=GQ02814_N07_status=complete_gb=BT104777 3723905
.77 GQ03308_G14.1_clone=GQ03308_G14_cluster=GQ03308_G14_status=complete_gb=BT111976 3717985
.96 GQ04103_C12.1_clone=GQ04103_C12_cluster=GQ04103_C12_status=complete_gb=BT119247 3809346
.61 GQ0043_L21.1_clone=GQ0043_L21_cluster=GQ0043_L21_status=complete_gb=BT100780 3809017
.83 GQ03111_L01.1_clone=GQ03111_L01_cluster=GQ03111_L01_status=complete_gb=BT107704 3809433
.04 GQ03216_D18.1_clone=GQ03216_D18_cluster=GQ03216_D18_status=complete_gb=BT110094 801774
.86 GQ03216_D18.1_clone=GQ03216_D18_cluster=GQ03216_D18_status=complete_gb=BT110094 3809357
.17 GQ03715_J22.1_clone=GQ03715_J22_cluster=GQ03715_J22_status=complete_gb=BT116299 3742254
.47 GQ03715_J22.1_clone=GQ03715_J22_cluster=GQ03715_J22_status=complete_gb=BT116299 445140
.66 GQ0191_B10.1_clone=GQ0191_B10_cluster=GQ0191_B10_status=complete_gb=BT102397 3720082
.84 GQ03606_L11.1_clone=GQ03606_L11_cluster=GQ03606_L11_status=complete_gb=BT114992 3809353
.86 GQ02760_G09.1_clone=GQ02760_G09_cluster=GQ02760_G09_status=5 3809364
.21 GQ0069_E04.1_clone=GQ0069_E04_cluster=GQ0069_E04_status=complete_gb=BT101153 3746750
.28 GQ0069_E04.1_clone=GQ0069_E04_cluster=GQ0069_E04_status=complete_gb=BT101153 1095429
.99 GQ04003_E10.1_clone=GQ04003_E10_cluster=GQ04003_E10_status=complete_gb=BT118177 3809447
.49 GQ02830_J15.1_clone=GQ02830_J15_cluster=GQ02830_J15_status=complete_gb=BT105966 3809321
.23 GQ02830_J15.1_clone=GQ02830_J15_cluster=GQ02830_J15_status=complete_gb=BT105966 3809321
.42 GQ0072_O04.1_clone=GQ0072_O04_cluster=GQ0072_O04_status=complete_gb=BT101204 3720525
.50 GQ0072_O04.1_clone=GQ0072_O04_cluster=GQ0072_O04_status=complete_gb=BT101204 3784664
.64 GQ03116_H14.3_clone=GQ03116_H14_cluster=GQ03116_H14_status=53 3809436
.80 GQ02904_J21.1_clone=GQ02904_J21_cluster=GQ02904_J21_status=complete_gb=BT106187 3809418
.89 GQ03611_I12.1_clone=GQ03611_I12_cluster=GQ03611_I12_status=complete_gb=BT115209 3809312
.95 GQ03233_F16.1_clone=GQ03233_F16_cluster=GQ03233_F16_status=complete_gb=BT111145 3809172
.45 GQ02821_E10.1_clone=GQ02821_E10_cluster=GQ02821_E10_status=complete_gb=BT105351 3809396
.21 GQ02821_E10.1_clone=GQ02821_E10_cluster=GQ02821_E10_status=complete_gb=BT105351 3809396
.80 GQ03613_F23.1_clone=GQ03613_F23_cluster=GQ03613_F23_status=complete_gb=BT115284 3809405
.80 GQ03419_J03.4_clone=GQ03419_J03_cluster=GQ03419_J03_status=complete_gb=BT113758 3809421
.84 GQ03808_H20.1_clone=GQ03808_H20_cluster=GQ03808_H20_status=complete_gb=BT116878 3809404
.85 GQ03113_G17.1_clone=GQ03113_G17_cluster=GQ03113_G17_status=complete_gb=BT107846 3809335
.12 GQ03109_J16.1_clone=GQ03109_J16_cluster=GQ03109_J16_status=complete_gb=BT107578 407438
.87 GQ03109_J16.1_clone=GQ03109_J16_cluster=GQ03109_J16_status=complete_gb=BT107578 3808932
.71 GQ03615_E04.1_clone=GQ03615_E04_cluster=GQ03615_E04_status=complete_gb=BT115378 3809416
.31 GQ03312_C15.2_clone=GQ03312_C15_cluster=GQ03312_C15_status=complete_gb=BT112217 3809122
.20 GQ04107_E16.1_clone=GQ04107_E16_cluster=GQ04107_E16_status=complete_gb=BT119568 533803
.40 GQ04107_E16.1_clone=GQ04107_E16_cluster=GQ04107_E16_status=complete_gb=BT119568 3809198
.71 GQ04109_P23.1_clone=GQ04109_P23_cluster=GQ04109_P23_status=complete_gb=BT119784 3809013
.14 GQ04109_P23.1_clone=GQ04109_P23_cluster=GQ04109_P23_status=complete_gb=BT119784 1310621
.36 GQ03204_D06.1_clone=GQ03204_D06_cluster=GQ03204_D06_status=complete_gb=BT109059 3808764
.16 GQ03204_D06.1_clone=GQ03204_D06_cluster=GQ03204_D06_status=complete_gb=BT109059 3749085
.22 GQ03713_N01.1_clone=GQ03713_N01_cluster=GQ03713_N01_status=complete_gb=BT116214 3750530
.68 GQ03713_N01.1_clone=GQ03713_N01_cluster=GQ03713_N01_status=complete_gb=BT116214 3808772
.13 GQ03122_L20.1_clone=GQ03122_L20_cluster=GQ03122_L20_status=complete_gb=BT108493 3717165
.24 GQ03122_L20.1_clone=GQ03122_L20_cluster=GQ03122_L20_status=complete_gb=BT108493 3724136
.29 GQ03120_B17.1_clone=GQ03120_B17_cluster=GQ03120_B17_status=complete_gb=BT108323 3809389
.12 GQ03120_B17.1_clone=GQ03120_B17_cluster=GQ03120_B17_status=complete_gb=BT108323 965268
.11 GQ03120_B17.1_clone=GQ03120_B17_cluster=GQ03120_B17_status=complete_gb=BT108323 951014
.13 GQ03120_B17.1_clone=GQ03120_B17_cluster=GQ03120_B17_status=complete_gb=BT108323 464131
.05 GQ03120_B17.1_clone=GQ03120_B17_cluster=GQ03120_B17_status=complete_gb=BT108323 688411
.78 GQ03906_H03.1_clone=GQ03906_H03_cluster=GQ03906_H03_status=complete_gb=BT117653 3809377
.82 GQ03805_I10.1_clone=GQ03805_I10_cluster=GQ03805_I10_status=complete_gb=BT116724 3809237
.14 GQ03805_I10.1_clone=GQ03805_I10_cluster=GQ03805_I10_status=complete_gb=BT116724 3740354
.66 GQ03302_C11.1_clone=GQ03302_C11_cluster=GQ03302_C11_status=complete_gb=BT111681 3809454
.11 GQ03302_C11.1_clone=GQ03302_C11_cluster=GQ03302_C11_status=complete_gb=BT111681 3774854
.60 GQ01301_D21.1_clone=GQ01301_D21_cluster=GQ01301_D21_status=complete_gb=BT101286 3720845
.11 GQ04102_J17.1_clone=GQ04102_J17_cluster=GQ04102_J17_status=complete_gb=BT119193 1728817
.74 GQ04102_J17.1_clone=GQ04102_J17_cluster=GQ04102_J17_status=complete_gb=BT119193 3809322
.69 GQ03207_L01.1_clone=GQ03207_L01_cluster=GQ03207_L01_status=complete_gb=BT109371 3809406
.86 WS03220_E12.1_clone=WS03220_E12_cluster=WS03220_E12_status=3 3809256
.92 GQ03213_N17.1_clone=GQ03213_N17_cluster=GQ03213_N17_status=complete_gb=BT109928 3809327
.10 GQ0253_D03.1_clone=GQ0253_D03_cluster=GQ0253_D03_status=complete_gb=BT103446 40087
.88 GQ0253_D03.1_clone=GQ0253_D03_cluster=GQ0253_D03_status=complete_gb=BT103446 3809325
.23 GQ02810_A02.1_clone=GQ02810_A02_cluster=GQ02810_A02_status=complete_gb=BT104400 296484
.54 GQ02810_A02.1_clone=GQ02810_A02_cluster=GQ02810_A02_status=complete_gb=BT104400 3717259
.07 GQ0072_B14.1_clone=GQ0072_B14_cluster=GQ0072_B14_status=complete_gb=BT101192 2710558
.92 GQ0072_B14.1_clone=GQ0072_B14_cluster=GQ0072_B14_status=complete_gb=BT101192 3809086
.25 GQ03303_M05.1_clone=GQ03303_M05_cluster=GQ03303_M05_status=complete_gb=BT111795 3809414
.17 GQ03303_M05.1_clone=GQ03303_M05_cluster=GQ03303_M05_status=complete_gb=BT111795 3809414
.40 GQ03405_J19.2_clone=GQ03405_J19_cluster=GQ03405_J19_status=complete_gb=BT113344 3719368
.43 GQ03809_K15.1_clone=GQ03809_K15_cluster=GQ03809_K15_status=complete_gb=BT116931 3808951
.11 GQ03809_K15.1_clone=GQ03809_K15_cluster=GQ03809_K15_status=complete_gb=BT116931 3739714
.34 GQ03717_L08.1_clone=GQ03717_L08_cluster=GQ03717_L08_status=complete_gb=BT116381 3717569
.35 GQ03717_L08.1_clone=GQ03717_L08_cluster=GQ03717_L08_status=complete_gb=BT116381 1201810
.99 GQ03238_N17.2_clone=GQ03238_N17_cluster=GQ03238_N17_status=complete_gb=BT111520 3809072
.16 GQ03219_H06.1_clone=GQ03219_H06_cluster=GQ03219_H06_status=complete_gb=BT110297 606802
.31 GQ03219_H06.1_clone=GQ03219_H06_cluster=GQ03219_H06_status=complete_gb=BT110297 3808541
.48 GQ04111_J03.1_clone=GQ04111_J03_cluster=GQ04111_J03_status=complete_gb=BT119875 3809411
.41 GQ04111_J03.1_clone=GQ04111_J03_cluster=GQ04111_J03_status=complete_gb=BT119875 3809411
.32 GQ03809_O17.1_clone=GQ03809_O17_cluster=GQ03809_O17_status=complete_gb=BT116941 3717727
.14 GQ03809_O17.1_clone=GQ03809_O17_cluster=GQ03809_O17_status=complete_gb=BT116941 893037
.16 GQ03809_O17.1_clone=GQ03809_O17_cluster=GQ03809_O17_status=complete_gb=BT116941 569824
.15 GQ03809_O17.1_clone=GQ03809_O17_cluster=GQ03809_O17_status=complete_gb=BT116941 950201
.15 GQ03809_O17.1_clone=GQ03809_O17_cluster=GQ03809_O17_status=complete_gb=BT116941 205361
.79 GQ03234_L09.1_clone=GQ03234_L09_cluster=GQ03234_L09_status=complete_gb=BT111240 3809422
.36 GQ03221_D07.1_clone=GQ03221_D07_cluster=GQ03221_D07_status=complete_gb=BT110399 3717331
.07 GQ03221_D07.1_clone=GQ03221_D07_cluster=GQ03221_D07_status=complete_gb=BT110399 3724036
.11 GQ04003_E03.1_clone=GQ04003_E03_cluster=GQ04003_E03_status=complete_gb=BT118175 596225
.88 GQ04003_E03.1_clone=GQ04003_E03_cluster=GQ04003_E03_status=complete_gb=BT118175 3808941
.51 GQ03303_E02.2_clone=GQ03303_E02_cluster=GQ03303_E02_status=complete_gb=BT111758 3809372
.26 GQ03303_E02.2_clone=GQ03303_E02_cluster=GQ03303_E02_status=complete_gb=BT111758 3727006
.98 GQ03919_D17.1_clone=GQ03919_D17_cluster=GQ03919_D17_status=complete_gb=BT117975 3809391
.70 GQ03308_I07.1_clone=GQ03308_I07_cluster=GQ03308_I07_status=complete_gb=BT111987 3739231
.27 GQ03308_I07.1_clone=GQ03308_I07_cluster=GQ03308_I07_status=complete_gb=BT111987 3809195
.64 GQ03108_I05.1_clone=GQ03108_I05_cluster=GQ03108_I05_status=complete_gb=BT107508 3808757
.27 GQ03108_I05.1_clone=GQ03108_I05_cluster=GQ03108_I05_status=complete_gb=BT107508 1489239
.27 GQ03108_I05.1_clone=GQ03108_I05_cluster=GQ03108_I05_status=complete_gb=BT107508 3718726
.51 GQ03203_P16.1_clone=GQ03203_P16_cluster=GQ03203_P16_status=complete_gb=BT109038 3751452
.26 GQ03203_P16.1_clone=GQ03203_P16_cluster=GQ03203_P16_status=complete_gb=BT109038 1727242
.31 GQ03203_P16.1_clone=GQ03203_P16_cluster=GQ03203_P16_status=complete_gb=BT109038 3725258
.09 GQ03203_P16.1_clone=GQ03203_P16_cluster=GQ03203_P16_status=complete_gb=BT109038 1986735
.09 GQ03203_P16.1_clone=GQ03203_P16_cluster=GQ03203_P16_status=complete_gb=BT109038 153453
.75 GQ04103_K21.2_clone=GQ04103_K21_cluster=GQ04103_K21_status=complete_gb=BT119285 3718940
.25 GQ01301_F05.2_clone=GQ01301_F05_cluster=GQ01301_F05_status=complete_gb=BT101297 510870
.71 GQ01301_F05.2_clone=GQ01301_F05_cluster=GQ01301_F05_status=complete_gb=BT101297 3719829
.99 GQ0165_B14.2_clone=GQ0165_B14_cluster=GQ0165_B14_status=complete_gb=BT102049 3809379
.99 GQ03716_P01.1_clone=GQ03716_P01_cluster=GQ03716_P01_status=complete_gb=BT116345 3809249
.45 GQ03314_H20.1_clone=GQ03314_H20_cluster=GQ03314_H20_status=complete_gb=BT112397 3717095
.91 GQ03314_J09.1_clone=GQ03314_J09_cluster=GQ03314_J09_status=complete_gb=BT112406 3809330
.24 GQ0131_I18.1_clone=GQ0131_I18_cluster=GQ0131_I18_status=complete_gb=BT101838 3719120
.43 GQ0131_I18.1_clone=GQ0131_I18_cluster=GQ0131_I18_status=complete_gb=BT101838 3719939
.33 GQ04006_M12.1_clone=GQ04006_M12_cluster=GQ04006_M12_status=complete_gb=BT118479 3719939
.20 GQ04006_M12.1_clone=GQ04006_M12_cluster=GQ04006_M12_status=complete_gb=BT118479 3743179
.51 GQ03013_G13.1_clone=GQ03013_G13_cluster=GQ03013_G13_status=complete_gb=BT106909 3719455
.54 GQ0162_D06.2_clone=GQ0162_D06_cluster=GQ0162_D06_status=3 885961
.26 GQ0162_D06.2_clone=GQ0162_D06_cluster=GQ0162_D06_status=3 3731315
.29 GQ02806_P08.1_clone=GQ02806_P08_cluster=GQ02806_P08_status=complete_gb=BT104147 3808881
.26 GQ02806_P08.1_clone=GQ02806_P08_cluster=GQ02806_P08_status=complete_gb=BT104147 162622
.64 GQ04106_J07.1_clone=GQ04106_J07_cluster=GQ04106_J07_status=complete_gb=BT119512 3809171
.35 GQ04106_J07.1_clone=GQ04106_J07_cluster=GQ04106_J07_status=complete_gb=BT119512 3717629
.89 GQ03211_D15.1_clone=GQ03211_D15_cluster=GQ03211_D15_status=complete_gb=BT109667 3809395
.92 GQ03712_F22.1_clone=GQ03712_F22_cluster=GQ03712_F22_status=complete_gb=BT116132 3808811
.56 WS00734_J24.1_clone=WS00734_J24_cluster=WS00734_J24_status=3 3809011
.25 WS00734_J24.1_clone=WS00734_J24_cluster=WS00734_J24_status=3 3720506
.45 GQ03903_P16.1_clone=GQ03903_P16_cluster=GQ03903_P16_status=complete_gb=BT117573 3808920
.22 GQ03903_P16.1_clone=GQ03903_P16_cluster=GQ03903_P16_status=complete_gb=BT117573 3781811
.21 GQ02805_M23.1_clone=GQ02805_M23_cluster=GQ02805_M23_status=complete_gb=BT104041 555224
.36 GQ02805_M23.1_clone=GQ02805_M23_cluster=GQ02805_M23_status=complete_gb=BT104041 3727899
.19 GQ03105_H18.1_clone=GQ03105_H18_cluster=GQ03105_H18_status=complete_gb=BT107301 637194
.28 GQ03105_H18.1_clone=GQ03105_H18_cluster=GQ03105_H18_status=complete_gb=BT107301 502890
.38 WS03218_A04.1_clone=WS03218_A04_cluster=WS03218_A04_status=3 3745582
.44 WS03218_A04.1_clone=WS03218_A04_cluster=WS03218_A04_status=3 3724711
.78 GQ04002_L18.1_clone=GQ04002_L18_cluster=GQ04002_L18_status=complete_gb=BT118128 3718244
.21 GQ04002_L18.1_clone=GQ04002_L18_cluster=GQ04002_L18_status=complete_gb=BT118128 3727342
.45 GQ03807_K02.1_clone=GQ03807_K02_cluster=GQ03807_K02_status=complete_gb=BT116840 3722822
.09 GQ03611_D06.1_clone=GQ03611_D06_cluster=GQ03611_D06_status=complete_gb=BT115197 3730387
.73 GQ03611_D06.1_clone=GQ03611_D06_cluster=GQ03611_D06_status=complete_gb=BT115197 3808908
.13 GQ03120_A20.1_clone=GQ03120_A20_cluster=GQ03120_A20_status=complete_gb=BT108320 3724093
.84 GQ03120_A20.1_clone=GQ03120_A20_cluster=GQ03120_A20_status=complete_gb=BT108320 3719524
.60 GQ02818_B23.1_clone=GQ02818_B23_cluster=GQ02818_B23_status=complete_gb=BT105055 3808686
.38 GQ02818_B23.1_clone=GQ02818_B23_cluster=GQ02818_B23_status=complete_gb=BT105055 3725401
.44 GQ03602_P21.1_clone=GQ03602_P21_cluster=GQ03602_P21_status=complete_gb=BT114823 3808826
.19 GQ03602_P21.1_clone=GQ03602_P21_cluster=GQ03602_P21_status=complete_gb=BT114823 3726330
.58 GQ03204_K01.1_clone=GQ03204_K01_cluster=GQ03204_K01_status=complete_gb=BT109099 3808513
.15 GQ03204_K01.1_clone=GQ03204_K01_cluster=GQ03204_K01_status=complete_gb=BT109099 1873621
.36 GQ03205_A18.1_clone=GQ03205_A18_cluster=GQ03205_A18_status=complete_gb=BT109136 857185
.43 GQ03205_A18.1_clone=GQ03205_A18_cluster=GQ03205_A18_status=complete_gb=BT109136 692413
.22 GQ02824_H20.1_clone=GQ02824_H20_cluster=GQ02824_H20_status=complete_gb=BT105565 1401104
.76 GQ02824_H20.1_clone=GQ02824_H20_cluster=GQ02824_H20_status=complete_gb=BT105565 3716701
.60 GQ04113_B05.4_clone=GQ04113_B05_cluster=GQ04113_B05_status=53 3725052
.27 GQ04113_B05.4_clone=GQ04113_B05_cluster=GQ04113_B05_status=53 3809317
.74 GQ03812_C09.2_clone=GQ03812_C09_cluster=GQ03812_C09_status=complete_gb=BT117065 3808998
.58 GQ04107_M12.1_clone=GQ04107_M12_cluster=GQ04107_M12_status=complete_gb=BT119611 3809334
.90 GQ0253_P17.1_clone=GQ0253_P17_cluster=GQ0253_P17_status=complete_gb=BT103457 3809427
.29 GQ03811_F01.1_clone=GQ03811_F01_cluster=GQ03811_F01_status=complete_gb=BT117026 3809343
.64 GQ04003_I02.1_clone=GQ04003_I02_cluster=GQ04003_I02_status=complete_gb=BT118199 3718897
.34 GQ04003_I02.1_clone=GQ04003_I02_cluster=GQ04003_I02_status=complete_gb=BT118199 3723851
.40 GQ02810_H11.1_clone=GQ02810_H11_cluster=GQ02810_H11_status=complete_gb=BT104444 3809102
.16 GQ02810_H11.1_clone=GQ02810_H11_cluster=GQ02810_H11_status=complete_gb=BT104444 1999586
.62 WS00742_L15.1_clone=WS00742_L15_cluster=WS00742_L15_status=3 3717989
.14 WS00742_L15.1_clone=WS00742_L15_cluster=WS00742_L15_status=3 2372444
.37 GQ02809_C06.1_clone=GQ02809_C06_cluster=GQ02809_C06_status=complete_gb=BT104336 733354
.18 GQ02809_C06.1_clone=GQ02809_C06_cluster=GQ02809_C06_status=complete_gb=BT104336 1541719
.23 GQ02904_K21.2_clone=GQ02904_K21_cluster=GQ02904_K21_status=complete_gb=BT106189 3718051
.06 GQ02904_K21.2_clone=GQ02904_K21_cluster=GQ02904_K21_status=complete_gb=BT106189 1820954
.01 GQ02904_K21.2_clone=GQ02904_K21_cluster=GQ02904_K21_status=complete_gb=BT106189 1532556
.26 GQ04001_G18.2_clone=GQ04001_G18_cluster=GQ04001_G18_status=complete_gb=BT118034 3809344
.30 GQ04001_G18.2_clone=GQ04001_G18_cluster=GQ04001_G18_status=complete_gb=BT118034 3722866
.63 GQ04009_G22.1_clone=GQ04009_G22_cluster=GQ04009_G22_status=complete_gb=BT118709 3808954
.29 GQ03218_E17.1_clone=GQ03218_E17_cluster=GQ03218_E17_status=complete_gb=BT110216 3738868
.39 GQ03112_I01.2_clone=GQ03112_I01_cluster=GQ03112_I01_status=complete_gb=BT107767 3809417
.33 GQ03112_I01.2_clone=GQ03112_I01_cluster=GQ03112_I01_status=complete_gb=BT107767 972642
.21 GQ03112_I01.2_clone=GQ03112_I01_cluster=GQ03112_I01_status=complete_gb=BT107767 1347694
.20 GQ03112_I01.2_clone=GQ03112_I01_cluster=GQ03112_I01_status=complete_gb=BT107767 1721245
.14 GQ03112_I01.2_clone=GQ03112_I01_cluster=GQ03112_I01_status=complete_gb=BT107767 1105198
.15 GQ03712_B02.1_clone=GQ03712_B02_cluster=GQ03712_B02_status=complete_gb=BT116114 3728338
.31 GQ03712_B02.1_clone=GQ03712_B02_cluster=GQ03712_B02_status=complete_gb=BT116114 3731281
.98 GQ02817_K02.1_clone=GQ02817_K02_cluster=GQ02817_K02_status=complete_gb=BT105010 3809348
.35 GQ03006_K15.1_clone=GQ03006_K15_cluster=GQ03006_K15_status=complete_gb=BT106620 3736158
.64 GQ03006_K15.1_clone=GQ03006_K15_cluster=GQ03006_K15_status=complete_gb=BT106620 3734080
.48 GQ03405_C09.1_clone=GQ03405_C09_cluster=GQ03405_C09_status=complete_gb=BT113329 3809092
.50 GQ03405_C09.1_clone=GQ03405_C09_cluster=GQ03405_C09_status=complete_gb=BT113329 966484
.38 GQ04001_J17.1_clone=GQ04001_J17_cluster=GQ04001_J17_status=complete_gb=BT118047 1305889
.60 GQ04001_J17.1_clone=GQ04001_J17_cluster=GQ04001_J17_status=complete_gb=BT118047 3722772
.49 GQ03324_L04.1_clone=GQ03324_L04_cluster=GQ03324_L04_status=complete_gb=BT113027 3809261
.71 GQ03212_D12.2_clone=GQ03212_D12_cluster=GQ03212_D12_status=53 3809426
.51 GQ02010_N21.1_clone=GQ02010_N21_cluster=GQ02010_N21_status=complete_gb=BT102675 3750214
.65 WS03212_P20.1_clone=WS03212_P20_cluster=WS03212_P20_status=3 3718236
.33 WS03212_P20.1_clone=WS03212_P20_cluster=WS03212_P20_status=3 3750863
.31 GQ0067_K11.1_clone=GQ0067_K11_cluster=GQ0067_K11_status=complete_gb=BT101105 3809415
.10 GQ0067_K11.1_clone=GQ0067_K11_cluster=GQ0067_K11_status=complete_gb=BT101105 3809415
