.81 GQ04104_H13.1_clone=GQ04104_H13_cluster=GQ04104_H13_status=complete_gb=BT119350 2729421
.21 GQ03204_E03.1_clone=GQ03204_E03_cluster=GQ03204_E03_status=complete_gb=BT109066 2741574
.77 GQ03204_E03.1_clone=GQ03204_E03_cluster=GQ03204_E03_status=complete_gb=BT109066 2808059
.44 GQ03417_B05.1_clone=GQ03417_B05_cluster=GQ03417_B05_status=complete_gb=BT113679 2807190
.23 GQ03417_B05.1_clone=GQ03417_B05_cluster=GQ03417_B05_status=complete_gb=BT113679 112480
.21 GQ03417_B05.1_clone=GQ03417_B05_cluster=GQ03417_B05_status=complete_gb=BT113679 833282
.16 GQ03417_B05.1_clone=GQ03417_B05_cluster=GQ03417_B05_status=complete_gb=BT113679 529335
.15 GQ03417_B05.1_clone=GQ03417_B05_cluster=GQ03417_B05_status=complete_gb=BT113679 529336
.63 GQ03111_J19.2_clone=GQ03111_J19_cluster=GQ03111_J19_status=complete_gb=BT107698 2734617
.28 GQ03111_J19.2_clone=GQ03111_J19_cluster=GQ03111_J19_status=complete_gb=BT107698 580777
.17 GQ03111_J19.2_clone=GQ03111_J19_cluster=GQ03111_J19_status=complete_gb=BT107698 2766242
.57 GQ02814_H06.1_clone=GQ02814_H06_cluster=GQ02814_H06_status=complete_gb=BT104753 2743778
.40 GQ02814_H06.1_clone=GQ02814_H06_cluster=GQ02814_H06_status=complete_gb=BT104753 2729464
.65 GQ03212_C22.1_clone=GQ03212_C22_cluster=GQ03212_C22_status=complete_gb=BT109768 2735439
.11 GQ03212_C22.1_clone=GQ03212_C22_cluster=GQ03212_C22_status=complete_gb=BT109768 2473551
.57 GQ03215_D11.2_clone=GQ03215_D11_cluster=GQ03215_D11_status=complete_gb=BT110042 255385
.57 GQ03215_D11.2_clone=GQ03215_D11_cluster=GQ03215_D11_status=complete_gb=BT110042 324226
.21 GQ03215_D11.2_clone=GQ03215_D11_cluster=GQ03215_D11_status=complete_gb=BT110042 586668
.18 GQ03215_D11.2_clone=GQ03215_D11_cluster=GQ03215_D11_status=complete_gb=BT110042 2767487
.80 GQ03707_L07.1_clone=GQ03707_L07_cluster=GQ03707_L07_status=complete_gb=BT115868 2808054
.17 GQ03707_L07.1_clone=GQ03707_L07_cluster=GQ03707_L07_status=complete_gb=BT115868 2761437
.26 GQ03326_J11.1_clone=GQ03326_J11_cluster=GQ03326_J11_status=complete_gb=BT113168 740171
.61 GQ03326_J11.1_clone=GQ03326_J11_cluster=GQ03326_J11_status=complete_gb=BT113168 2807657
.23 GQ02824_O24.1_clone=GQ02824_O24_cluster=GQ02824_O24_status=complete_gb=BT105608 2731134
.75 GQ02824_O24.1_clone=GQ02824_O24_cluster=GQ02824_O24_status=complete_gb=BT105608 2733120
.36 GQ0083_P07.1_clone=GQ0083_P07_cluster=GQ0083_P07_status=3 494215
.62 GQ0083_P07.1_clone=GQ0083_P07_cluster=GQ0083_P07_status=3 2807558
.24 GQ03211_A11.3_clone=GQ03211_A11_cluster=GQ03211_A11_status=53 2808061
.22 GQ03211_A11.3_clone=GQ03211_A11_cluster=GQ03211_A11_status=53 2808061
.46 GQ02815_D18.1_clone=GQ02815_D18_cluster=GQ02815_D18_status=53 2807634
.47 GQ02815_D18.1_clone=GQ02815_D18_cluster=GQ02815_D18_status=53 2807634
.55 GQ03303_I14.1_clone=GQ03303_I14_cluster=GQ03303_I14_status=complete_gb=BT111780 2808091
.37 GQ03303_I14.1_clone=GQ03303_I14_cluster=GQ03303_I14_status=complete_gb=BT111780 496239
.64 GQ02826_B18.1_clone=GQ02826_B18_cluster=GQ02826_B18_status=complete_gb=BT105684 2807356
.28 GQ03519_E21.3_clone=GQ03519_E21_cluster=GQ03519_E21_status=53 2730777
.26 GQ03519_E21.3_clone=GQ03519_E21_cluster=GQ03519_E21_status=53 2807925
.24 GQ03519_E21.3_clone=GQ03519_E21_cluster=GQ03519_E21_status=53 2743454
.28 GQ04113_M21.2_clone=GQ04113_M21_cluster=GQ04113_M21_status=complete_gb=BT119993 2730336
.89 GQ0206_F08.2_clone=GQ0206_F08_cluster=GQ0206_F08_status=complete_gb=BT103085 2807552
.90 GQ03230_G10.1_clone=GQ03230_G10_cluster=GQ03230_G10_status=complete_gb=BT110959 2807811
.08 GQ03230_G10.1_clone=GQ03230_G10_cluster=GQ03230_G10_status=complete_gb=BT110959 2735691
.34 GQ03202_N09.4_clone=GQ03202_N09_cluster=GQ03202_N09_status=complete_gb=BT108939 2734290
.30 GQ03202_N09.4_clone=GQ03202_N09_cluster=GQ03202_N09_status=complete_gb=BT108939 2731216
.34 GQ03607_L08.4_clone=GQ03607_L08_cluster=GQ03607_L08_status=complete_gb=BT115035 2751090
.24 GQ03607_L08.4_clone=GQ03607_L08_cluster=GQ03607_L08_status=complete_gb=BT115035 2765089
.18 GQ03607_L08.4_clone=GQ03607_L08_cluster=GQ03607_L08_status=complete_gb=BT115035 966738
.20 GQ03615_B14.1_clone=GQ03615_B14_cluster=GQ03615_B14_status=complete_gb=BT115368 2807672
.34 GQ03615_B14.1_clone=GQ03615_B14_cluster=GQ03615_B14_status=complete_gb=BT115368 640751
.52 GQ03005_C08.3_clone=GQ03005_C08_cluster=GQ03005_C08_status=53 2740506
.45 GQ03005_C08.3_clone=GQ03005_C08_cluster=GQ03005_C08_status=53 2807927
.41 GQ03506_C08.1_clone=GQ03506_C08_cluster=GQ03506_C08_status=complete_gb=BT114000 2733182
.17 GQ03506_C08.1_clone=GQ03506_C08_cluster=GQ03506_C08_status=complete_gb=BT114000 495180
.17 GQ03506_C08.1_clone=GQ03506_C08_cluster=GQ03506_C08_status=complete_gb=BT114000 508574
.12 GQ03506_C08.1_clone=GQ03506_C08_cluster=GQ03506_C08_status=complete_gb=BT114000 800795
.12 GQ03506_C08.1_clone=GQ03506_C08_cluster=GQ03506_C08_status=complete_gb=BT114000 1126475
.45 GQ0133_D21.1_clone=GQ0133_D21_cluster=GQ0133_D21_status=3 2732893
.25 GQ03316_I18.1_clone=GQ03316_I18_cluster=GQ03316_I18_status=complete_gb=BT112510 350426
.25 GQ03316_I18.1_clone=GQ03316_I18_cluster=GQ03316_I18_status=complete_gb=BT112510 651811
.35 GQ03230_C18.1_clone=GQ03230_C18_cluster=GQ03230_C18_status=complete_gb=BT110947 2730255
.31 GQ03311_N13.1_clone=GQ03311_N13_cluster=GQ03311_N13_status=complete_gb=BT112200 2750984
.46 GQ03311_N13.1_clone=GQ03311_N13_cluster=GQ03311_N13_status=complete_gb=BT112200 2736985
.02 GQ03211_B22.1_clone=GQ03211_B22_cluster=GQ03211_B22_status=complete_gb=BT109653 2767826
.17 GQ02808_A01.4_clone=GQ02808_A01_cluster=GQ02808_A01_status=complete_gb=BT104230 2742478
.81 GQ02808_A01.4_clone=GQ02808_A01_cluster=GQ02808_A01_status=complete_gb=BT104230 2808128
.86 GQ03516_E10.1_clone=GQ03516_E10_cluster=GQ03516_E10_status=5 2808013
.79 GQ03518_E05.2_clone=GQ03518_E05_cluster=GQ03518_E05_status=5 2807851
.27 GQ03239_G03.1_clone=GQ03239_G03_cluster=GQ03239_G03_status=complete_gb=BT111558 2776609
.34 GQ03239_G03.1_clone=GQ03239_G03_cluster=GQ03239_G03_status=complete_gb=BT111558 2735967
.34 GQ03104_C18.1_clone=GQ03104_C18_cluster=GQ03104_C18_status=complete_gb=BT107196 918632
.64 GQ03104_C18.1_clone=GQ03104_C18_cluster=GQ03104_C18_status=complete_gb=BT107196 2807481
.25 GQ02816_M14.1_clone=GQ02816_M14_cluster=GQ02816_M14_status=complete_gb=BT104941 2807516
.54 GQ02816_M14.1_clone=GQ02816_M14_cluster=GQ02816_M14_status=complete_gb=BT104941 2729885
.47 GQ03202_G02.1_clone=GQ03202_G02_cluster=GQ03202_G02_status=complete_gb=BT108904 2738218
.34 GQ03202_G02.1_clone=GQ03202_G02_cluster=GQ03202_G02_status=complete_gb=BT108904 2731555
.21 GQ03202_G02.1_clone=GQ03202_G02_cluster=GQ03202_G02_status=complete_gb=BT108904 193397
.21 GQ03202_G02.1_clone=GQ03202_G02_cluster=GQ03202_G02_status=complete_gb=BT108904 679232
.98 GQ03001_A22.1_clone=GQ03001_A22_cluster=GQ03001_A22_status=complete_gb=BT106407 2808008
.43 GQ03124_A07.1_clone=GQ03124_A07_cluster=GQ03124_A07_status=complete_gb=BT108594 2730606
.24 GQ02826_H21.1_clone=GQ02826_H21_cluster=GQ02826_H21_status=complete_gb=BT105702 2808117
.40 GQ02826_H21.1_clone=GQ02826_H21_cluster=GQ02826_H21_status=complete_gb=BT105702 2808117
.57 GQ0177_G13.2_clone=GQ0177_G13_cluster=GQ0177_G13_status=3 2807462
.30 GQ0177_G13.2_clone=GQ0177_G13_cluster=GQ0177_G13_status=3 480223
.23 GQ03113_G04.1_clone=GQ03113_G04_cluster=GQ03113_G04_status=complete_gb=BT107841 2808024
.13 GQ03113_G04.1_clone=GQ03113_G04_cluster=GQ03113_G04_status=complete_gb=BT107841 2808024
.88 GQ03120_P16.1_clone=GQ03120_P16_cluster=GQ03120_P16_status=complete_gb=BT108375 2807787
.46 GQ04101_I15.1_clone=GQ04101_I15_cluster=GQ04101_I15_status=complete_gb=BT119110 2807826
.13 GQ04101_I15.1_clone=GQ04101_I15_cluster=GQ04101_I15_status=complete_gb=BT119110 1543011
.13 GQ04101_I15.1_clone=GQ04101_I15_cluster=GQ04101_I15_status=complete_gb=BT119110 1418887
.39 GQ03013_P13.1_clone=GQ03013_P13_cluster=GQ03013_P13_status=complete_gb=BT106941 2731918
.59 GQ03013_P13.1_clone=GQ03013_P13_cluster=GQ03013_P13_status=complete_gb=BT106941 2730873
.20 GQ03509_L05.1_clone=GQ03509_L05_cluster=GQ03509_L05_status=complete_gb=BT114174 608816
.70 GQ03509_L05.1_clone=GQ03509_L05_cluster=GQ03509_L05_status=complete_gb=BT114174 2732172
.52 GQ02809_K17.1_clone=GQ02809_K17_cluster=GQ02809_K17_status=complete_gb=BT104373 897612
.51 GQ02809_K17.1_clone=GQ02809_K17_cluster=GQ02809_K17_status=complete_gb=BT104373 2736288
.08 GQ02809_K17.1_clone=GQ02809_K17_cluster=GQ02809_K17_status=complete_gb=BT104373 2807652
.48 GQ03010_J15.1_clone=GQ03010_J15_cluster=GQ03010_J15_status=complete_gb=BT106787 2734618
.18 GQ03010_J15.1_clone=GQ03010_J15_cluster=GQ03010_J15_status=complete_gb=BT106787 805049
.66 GQ03003_J05.1_clone=GQ03003_J05_cluster=GQ03003_J05_status=5 2807263
.27 GQ03003_J05.1_clone=GQ03003_J05_cluster=GQ03003_J05_status=5 2764096
.20 GQ03003_J05.1_clone=GQ03003_J05_cluster=GQ03003_J05_status=5 685876
.46 GQ03236_F08.1_clone=GQ03236_F08_cluster=GQ03236_F08_status=complete_gb=BT111347 2737076
.18 GQ03236_F08.1_clone=GQ03236_F08_cluster=GQ03236_F08_status=complete_gb=BT111347 844665
.33 GQ0201_K14.1_clone=GQ0201_K14_cluster=GQ0201_K14_status=complete_gb=BT102851 506889
.64 GQ0201_K14.1_clone=GQ0201_K14_cluster=GQ0201_K14_status=complete_gb=BT102851 2732456
.87 GQ04013_K12.1_clone=GQ04013_K12_cluster=GQ04013_K12_status=complete_gb=BT119033 2731405
.11 GQ0198_A17.1_clone=GQ0198_A17_cluster=GQ0198_A17_status=complete_gb=BT102616 2794347
.88 GQ0198_A17.1_clone=GQ0198_A17_cluster=GQ0198_A17_status=complete_gb=BT102616 2808028
.36 GQ0134_K05.1_clone=GQ0134_K05_cluster=GQ0134_K05_status=complete_gb=BT101961 2780033
.34 GQ0134_K05.1_clone=GQ0134_K05_cluster=GQ0134_K05_status=complete_gb=BT101961 608248
.15 GQ03503_K02.1_clone=GQ03503_K02_cluster=GQ03503_K02_status=complete_gb=BT113884 2731590
.52 GQ03503_K02.1_clone=GQ03503_K02_cluster=GQ03503_K02_status=complete_gb=BT113884 2759912
.32 GQ03713_O19.1_clone=GQ03713_O19_cluster=GQ03713_O19_status=complete_gb=BT116221 2741813
.13 GQ03713_O19.1_clone=GQ03713_O19_cluster=GQ03713_O19_status=complete_gb=BT116221 1133051
.43 GQ02510_E13.1_clone=GQ02510_E13_cluster=GQ02510_E13_status=complete_gb=BT103352 2807862
.20 GQ02510_E13.1_clone=GQ02510_E13_cluster=GQ02510_E13_status=complete_gb=BT103352 719651
.58 GQ02757_D12.1_clone=GQ02757_D12_cluster=GQ02757_D12_status=5 2807685
.23 GQ02757_D12.1_clone=GQ02757_D12_cluster=GQ02757_D12_status=5 2742681
.31 GQ03320_C19.1_clone=GQ03320_C19_cluster=GQ03320_C19_status=complete_gb=BT112730 1330313
.19 GQ0256_H05.1_clone=GQ0256_H05_cluster=GQ0256_H05_status=complete_gb=BT103538 319234
.66 GQ0256_H05.1_clone=GQ0256_H05_cluster=GQ0256_H05_status=complete_gb=BT103538 2808126
.67 GQ03211_B12.1_clone=GQ03211_B12_cluster=GQ03211_B12_status=complete_gb=BT109651 2807115
.49 GQ03211_B12.1_clone=GQ03211_B12_cluster=GQ03211_B12_status=complete_gb=BT109651 2765431
.14 GQ03211_B12.1_clone=GQ03211_B12_cluster=GQ03211_B12_status=complete_gb=BT109651 570305
.68 GQ03234_E15.2_clone=GQ03234_E15_cluster=GQ03234_E15_status=complete_gb=BT111203 461518
.28 GQ03234_E15.2_clone=GQ03234_E15_cluster=GQ03234_E15_status=complete_gb=BT111203 1142919
.28 GQ03234_E15.2_clone=GQ03234_E15_cluster=GQ03234_E15_status=complete_gb=BT111203 2781504
.57 GQ03405_O16.1_clone=GQ03405_O16_cluster=GQ03405_O16_status=complete_gb=BT113361 2732697
.22 GQ03405_O16.1_clone=GQ03405_O16_cluster=GQ03405_O16_status=complete_gb=BT113361 1390738
.67 GQ03109_F10.1_clone=GQ03109_F10_cluster=GQ03109_F10_status=complete_gb=BT107563 2739731
.12 GQ03417_C12.1_clone=GQ03417_C12_cluster=GQ03417_C12_status=complete_gb=BT113683 933547
.21 GQ03417_C12.1_clone=GQ03417_C12_cluster=GQ03417_C12_status=complete_gb=BT113683 2807204
.51 GQ03507_F11.1_clone=GQ03507_F11_cluster=GQ03507_F11_status=complete_gb=BT114064 2730402
.27 GQ03507_F11.1_clone=GQ03507_F11_cluster=GQ03507_F11_status=complete_gb=BT114064 2730716
.62 GQ04006_K13.1_clone=GQ04006_K13_cluster=GQ04006_K13_status=complete_gb=BT118462 2807740
.44 GQ04006_K13.1_clone=GQ04006_K13_cluster=GQ04006_K13_status=complete_gb=BT118462 2758520
.26 GQ04006_K13.1_clone=GQ04006_K13_cluster=GQ04006_K13_status=complete_gb=BT118462 2776297
.20 GQ03206_B04.1_clone=GQ03206_B04_cluster=GQ03206_B04_status=complete_gb=BT109219 2750951
.79 GQ03206_B04.1_clone=GQ03206_B04_cluster=GQ03206_B04_status=complete_gb=BT109219 2735298
.31 GQ03916_K17.3_clone=GQ03916_K17_cluster=GQ03916_K17_status=complete_gb=BT117910 2808127
.31 GQ03916_K17.3_clone=GQ03916_K17_cluster=GQ03916_K17_status=complete_gb=BT117910 2807594
.27 GQ03916_K17.3_clone=GQ03916_K17_cluster=GQ03916_K17_status=complete_gb=BT117910 2808127
.33 GQ02807_A19.1_clone=GQ02807_A19_cluster=GQ02807_A19_status=complete_gb=BT104160 2753578
.35 GQ02807_A19.1_clone=GQ02807_A19_cluster=GQ02807_A19_status=complete_gb=BT104160 2736024
.27 GQ03303_H10.1_clone=GQ03303_H10_cluster=GQ03303_H10_status=complete_gb=BT111773 2740396
.72 GQ03303_H10.1_clone=GQ03303_H10_cluster=GQ03303_H10_status=complete_gb=BT111773 2807753
.37 GQ02803_N01.1_clone=GQ02803_N01_cluster=GQ02803_N01_status=complete_gb=BT103896 1042369
.31 GQ02803_N01.1_clone=GQ02803_N01_cluster=GQ02803_N01_status=complete_gb=BT103896 2755222
.45 GQ03613_J04.1_clone=GQ03613_J04_cluster=GQ03613_J04_status=complete_gb=BT115292 2808129
.42 GQ03613_J04.1_clone=GQ03613_J04_cluster=GQ03613_J04_status=complete_gb=BT115292 2730012
.23 GQ03613_J04.1_clone=GQ03613_J04_cluster=GQ03613_J04_status=complete_gb=BT115292 2754324
.64 GQ03205_N11.1_clone=GQ03205_N11_cluster=GQ03205_N11_status=complete_gb=BT109204 2729488
.54 GQ04002_H12.1_clone=GQ04002_H12_cluster=GQ04002_H12_status=complete_gb=BT118109 2808103
.97 WS02624_I01.1_clone=WS02624_I01_cluster=WS02624_I01_status=complete 2734808
.89 GQ02816_L02.1_clone=GQ02816_L02_cluster=GQ02816_L02_status=complete_gb=BT104929 2807355
.86 GQ02822_M05.1_clone=GQ02822_M05_cluster=GQ02822_M05_status=complete_gb=BT105458 2808020
.29 GQ03203_P08.1_clone=GQ03203_P08_cluster=GQ03203_P08_status=complete_gb=BT109037 257779
.27 GQ03203_P08.1_clone=GQ03203_P08_cluster=GQ03203_P08_status=complete_gb=BT109037 131771
.18 GQ03203_P08.1_clone=GQ03203_P08_cluster=GQ03203_P08_status=complete_gb=BT109037 738776
.15 GQ03203_P08.1_clone=GQ03203_P08_cluster=GQ03203_P08_status=complete_gb=BT109037 1503393
.16 GQ03203_P08.1_clone=GQ03203_P08_cluster=GQ03203_P08_status=complete_gb=BT109037 460742
.73 GQ04109_B10.1_clone=GQ04109_B10_cluster=GQ04109_B10_status=complete_gb=BT119711 2808102
.21 GQ04109_B10.1_clone=GQ04109_B10_cluster=GQ04109_B10_status=complete_gb=BT119711 2776595
.23 GQ04109_B10.1_clone=GQ04109_B10_cluster=GQ04109_B10_status=complete_gb=BT119711 2807766
.25 GQ0013_B07.1_clone=GQ0013_B07_cluster=GQ0013_B07_status=53 483447
.26 GQ0013_B07.1_clone=GQ0013_B07_cluster=GQ0013_B07_status=53 600723
.20 GQ0013_B07.1_clone=GQ0013_B07_cluster=GQ0013_B07_status=53 2733840
.20 GQ0013_B07.1_clone=GQ0013_B07_cluster=GQ0013_B07_status=53 444548
.18 GQ0013_B07.1_clone=GQ0013_B07_cluster=GQ0013_B07_status=53 1417604
.49 GQ0015_D02.1_clone=GQ0015_D02_cluster=GQ0015_D02_status=complete_gb=BT100461 271943
.37 GQ0015_D02.1_clone=GQ0015_D02_cluster=GQ0015_D02_status=complete_gb=BT100461 2751595
.28 GQ0015_D02.1_clone=GQ0015_D02_cluster=GQ0015_D02_status=complete_gb=BT100461 625527
.24 GQ0015_D02.1_clone=GQ0015_D02_cluster=GQ0015_D02_status=complete_gb=BT100461 2730287
.11 GQ0015_D02.1_clone=GQ0015_D02_cluster=GQ0015_D02_status=complete_gb=BT100461 585016
.85 GQ02812_P22.1_clone=GQ02812_P22_cluster=GQ02812_P22_status=complete_gb=BT104644 2807198
.61 GQ03611_L19.1_clone=GQ03611_L19_cluster=GQ03611_L19_status=complete_gb=BT115219 2807738
.14 GQ03603_F13.1_clone=GQ03603_F13_cluster=GQ03603_F13_status=complete_gb=BT114835 2739399
.81 GQ03603_F13.1_clone=GQ03603_F13_cluster=GQ03603_F13_status=complete_gb=BT114835 2807845
.17 GQ03116_J12.1_clone=GQ03116_J12_cluster=GQ03116_J12_status=complete_gb=BT108076 1382445
.47 GQ03116_J12.1_clone=GQ03116_J12_cluster=GQ03116_J12_status=complete_gb=BT108076 2807613
.40 GQ03235_I10.1_clone=GQ03235_I10_cluster=GQ03235_I10_status=complete_gb=BT111292 2807760
.41 GQ03235_I10.1_clone=GQ03235_I10_cluster=GQ03235_I10_status=complete_gb=BT111292 2807760
.24 GQ03806_E10.1_clone=GQ03806_E10_cluster=GQ03806_E10_status=complete_gb=BT116764 379420
.23 GQ03806_E10.1_clone=GQ03806_E10_cluster=GQ03806_E10_status=complete_gb=BT116764 1286967
.23 GQ03806_E10.1_clone=GQ03806_E10_cluster=GQ03806_E10_status=complete_gb=BT116764 2745381
.15 GQ03806_E10.1_clone=GQ03806_E10_cluster=GQ03806_E10_status=complete_gb=BT116764 792870
.14 GQ03806_E10.1_clone=GQ03806_E10_cluster=GQ03806_E10_status=complete_gb=BT116764 220232
.15 GQ03232_P07.1_clone=GQ03232_P07_cluster=GQ03232_P07_status=complete_gb=BT111125 2807227
.13 GQ03232_P07.1_clone=GQ03232_P07_cluster=GQ03232_P07_status=complete_gb=BT111125 1005838
.32 GQ03504_E02.1_clone=GQ03504_E02_cluster=GQ03504_E02_status=complete_gb=BT113911 595285
.32 GQ03504_E02.1_clone=GQ03504_E02_cluster=GQ03504_E02_status=complete_gb=BT113911 2736948
.15 GQ03518_I02.1_clone=GQ03518_I02_cluster=GQ03518_I02_status=complete_gb=BT114648 2768807
.68 GQ03518_I02.1_clone=GQ03518_I02_cluster=GQ03518_I02_status=complete_gb=BT114648 2807157
.99 GQ03311_N20.1_clone=GQ03311_N20_cluster=GQ03311_N20_status=complete_gb=BT112201 2808075
.51 GQ04013_G04.1_clone=GQ04013_G04_cluster=GQ04013_G04_status=complete_gb=BT119013 2807626
.49 GQ02804_J14.1_clone=GQ02804_J14_cluster=GQ02804_J14_status=complete_gb=BT103951 2746166
.39 GQ02804_J14.1_clone=GQ02804_J14_cluster=GQ02804_J14_status=complete_gb=BT103951 495769
.20 GQ02804_J14.1_clone=GQ02804_J14_cluster=GQ02804_J14_status=complete_gb=BT103951 2800779
.18 GQ02804_J14.1_clone=GQ02804_J14_cluster=GQ02804_J14_status=complete_gb=BT103951 851652
.61 GQ04008_B19.2_clone=GQ04008_B19_cluster=GQ04008_B19_status=complete_gb=BT118599 2734940
.36 GQ04008_B19.2_clone=GQ04008_B19_cluster=GQ04008_B19_status=complete_gb=BT118599 695157
.63 GQ03114_K19.1_clone=GQ03114_K19_cluster=GQ03114_K19_status=complete_gb=BT107939 639241
.21 GQ03114_K19.1_clone=GQ03114_K19_cluster=GQ03114_K19_status=complete_gb=BT107939 1140195
.26 GQ03116_F04.1_clone=GQ03116_F04_cluster=GQ03116_F04_status=complete_gb=BT108054 2807605
.24 GQ03116_F04.1_clone=GQ03116_F04_cluster=GQ03116_F04_status=complete_gb=BT108054 2731316
.28 GQ02782_G07.2_clone=GQ02782_G07_cluster=GQ02782_G07_status=5 2781751
.25 GQ02782_G07.2_clone=GQ02782_G07_cluster=GQ02782_G07_status=5 1016781
.57 GQ03803_J23.1_clone=GQ03803_J23_cluster=GQ03803_J23_status=complete_gb=BT116632 2807655
.41 GQ03803_J23.1_clone=GQ03803_J23_cluster=GQ03803_J23_status=complete_gb=BT116632 345710
.49 GQ03206_E11.1_clone=GQ03206_E11_cluster=GQ03206_E11_status=complete_gb=BT109241 2807916
.60 GQ03314_N16.1_clone=GQ03314_N16_cluster=GQ03314_N16_status=complete_gb=BT112415 2808033
.32 GQ03314_N16.1_clone=GQ03314_N16_cluster=GQ03314_N16_status=complete_gb=BT112415 2808033
.13 GQ03314_N16.1_clone=GQ03314_N16_cluster=GQ03314_N16_status=complete_gb=BT112415 2770737
.83 GQ03309_B23.3_clone=GQ03309_B23_cluster=GQ03309_B23_status=complete_gb=BT112041 2808060
.59 GQ03716_L01.2_clone=GQ03716_L01_cluster=GQ03716_L01_status=complete_gb=BT116335 2736051
.36 GQ03716_L01.2_clone=GQ03716_L01_cluster=GQ03716_L01_status=complete_gb=BT116335 442435
.99 GQ04106_L12.1_clone=GQ04106_L12_cluster=GQ04106_L12_status=complete_gb=BT119526 2808012
.20 GQ03716_P07.2_clone=GQ03716_P07_cluster=GQ03716_P07_status=complete_gb=BT116346 889475
.65 GQ03716_P07.2_clone=GQ03716_P07_cluster=GQ03716_P07_status=complete_gb=BT116346 2733341
.38 GQ03502_G12.1_clone=GQ03502_G12_cluster=GQ03502_G12_status=complete_gb=BT113830 2807695
.22 GQ03502_G12.1_clone=GQ03502_G12_cluster=GQ03502_G12_status=complete_gb=BT113830 2762056
.26 GQ03326_B19.1_clone=GQ03326_B19_cluster=GQ03326_B19_status=complete_gb=BT113130 2808019
.23 GQ03326_B19.1_clone=GQ03326_B19_cluster=GQ03326_B19_status=complete_gb=BT113130 2808019
.44 GQ03706_D24.1_clone=GQ03706_D24_cluster=GQ03706_D24_status=complete_gb=BT115789 2807490
.38 GQ03215_F10.1_clone=GQ03215_F10_cluster=GQ03215_F10_status=complete_gb=BT110048 2742070
.19 GQ03215_F10.1_clone=GQ03215_F10_cluster=GQ03215_F10_status=complete_gb=BT110048 2755394
.18 GQ02806_L11.1_clone=GQ02806_L11_cluster=GQ02806_L11_status=complete_gb=BT104121 595560
.17 GQ02806_L11.1_clone=GQ02806_L11_cluster=GQ02806_L11_status=complete_gb=BT104121 2730135
.22 GQ0178_F22.2_clone=GQ0178_F22_cluster=GQ0178_F22_status=3 480487
.20 GQ0178_F22.2_clone=GQ0178_F22_cluster=GQ0178_F22_status=3 2777986
.16 GQ0178_F22.2_clone=GQ0178_F22_cluster=GQ0178_F22_status=3 2777116
.40 GQ03701_C19.2_clone=GQ03701_C19_cluster=GQ03701_C19_status=complete_gb=BT115537 2736850
.81 GQ03902_P10.1_clone=GQ03902_P10_cluster=GQ03902_P10_status=complete_gb=BT117550 2730497
.87 GQ04012_O03.2_clone=GQ04012_O03_cluster=GQ04012_O03_status=complete_gb=BT118978 2808055
.11 GQ0209_H16.1_clone=GQ0209_H16_cluster=GQ0209_H16_status=53 352135
.29 GQ0209_H16.1_clone=GQ0209_H16_cluster=GQ0209_H16_status=53 2734849
.63 GQ03514_E12.1_clone=GQ03514_E12_cluster=GQ03514_E12_status=complete_gb=BT114422 2732395
.12 GQ03514_E12.1_clone=GQ03514_E12_cluster=GQ03514_E12_status=complete_gb=BT114422 1041898
.33 GQ03205_N17.1_clone=GQ03205_N17_cluster=GQ03205_N17_status=complete_gb=BT109205 2808050
.50 GQ03205_N17.1_clone=GQ03205_N17_cluster=GQ03205_N17_status=complete_gb=BT109205 2808095
.49 GQ04004_D01.1_clone=GQ04004_D01_cluster=GQ04004_D01_status=complete_gb=BT118251 2807736
.45 GQ04004_D01.1_clone=GQ04004_D01_cluster=GQ04004_D01_status=complete_gb=BT118251 2734718
.53 GQ0203_G09.1_clone=GQ0203_G09_cluster=GQ0203_G09_status=complete_gb=BT102925 387484
.48 GQ0203_G09.1_clone=GQ0203_G09_cluster=GQ0203_G09_status=complete_gb=BT102925 2737647
.48 GQ0203_G09.1_clone=GQ0203_G09_cluster=GQ0203_G09_status=complete_gb=BT102925 2807675
.35 GQ0203_G09.1_clone=GQ0203_G09_cluster=GQ0203_G09_status=complete_gb=BT102925 2732938
.10 GQ0203_G09.1_clone=GQ0203_G09_cluster=GQ0203_G09_status=complete_gb=BT102925 286219
.85 GQ03006_M20.2_clone=GQ03006_M20_cluster=GQ03006_M20_status=complete_gb=BT106631 2730089
.69 GQ03202_O05.1_clone=GQ03202_O05_cluster=GQ03202_O05_status=complete_gb=BT108946 196605
.41 GQ03202_O05.1_clone=GQ03202_O05_cluster=GQ03202_O05_status=complete_gb=BT108946 1025853
.31 GQ03202_O05.1_clone=GQ03202_O05_cluster=GQ03202_O05_status=complete_gb=BT108946 2766974
.29 GQ03202_O05.1_clone=GQ03202_O05_cluster=GQ03202_O05_status=complete_gb=BT108946 499032
.31 GQ03202_O05.1_clone=GQ03202_O05_cluster=GQ03202_O05_status=complete_gb=BT108946 2731202
.41 GQ03217_H19.1_clone=GQ03217_H19_cluster=GQ03217_H19_status=complete_gb=BT110174 2807208
.14 GQ03217_H19.1_clone=GQ03217_H19_cluster=GQ03217_H19_status=complete_gb=BT110174 2756283
.04 GQ03217_H19.1_clone=GQ03217_H19_cluster=GQ03217_H19_status=complete_gb=BT110174 412113
.79 GQ03114_B08.1_clone=GQ03114_B08_cluster=GQ03114_B08_status=complete_gb=BT107895 2808107
.05 GQ0208_I20.1_clone=GQ0208_I20_cluster=GQ0208_I20_status=complete_gb=BT103208 658901
.80 GQ0208_I20.1_clone=GQ0208_I20_cluster=GQ0208_I20_status=complete_gb=BT103208 2808106
.91 GQ03404_J09.4_clone=GQ03404_J09_cluster=GQ03404_J09_status=53 2808116
.55 GQ03124_H07.1_clone=GQ03124_H07_cluster=GQ03124_H07_status=complete_gb=BT108622 2734496
.10 GQ03124_H07.1_clone=GQ03124_H07_cluster=GQ03124_H07_status=complete_gb=BT108622 822665
.09 GQ03124_H07.1_clone=GQ03124_H07_cluster=GQ03124_H07_status=complete_gb=BT108622 596943
.45 GQ03206_O12.1_clone=GQ03206_O12_cluster=GQ03206_O12_status=complete_gb=BT109302 2730136
.49 GQ03206_O12.1_clone=GQ03206_O12_cluster=GQ03206_O12_status=complete_gb=BT109302 2748107
.47 GQ03235_H07.1_clone=GQ03235_H07_cluster=GQ03235_H07_status=complete_gb=BT111288 2807156
.38 GQ03235_H07.1_clone=GQ03235_H07_cluster=GQ03235_H07_status=complete_gb=BT111288 2731458
.10 GQ03418_C23.1_clone=GQ03418_C23_cluster=GQ03418_C23_status=complete_gb=BT113709 2772468
.57 GQ03418_C23.1_clone=GQ03418_C23_cluster=GQ03418_C23_status=complete_gb=BT113709 2808089
.99 GQ03214_B15.1_clone=GQ03214_B15_cluster=GQ03214_B15_status=complete_gb=BT109947 2807423
.84 WS02626_L21.1_clone=WS02626_L21_cluster=WS02626_L21_status=complete 2807164
.14 WS02626_L21.1_clone=WS02626_L21_cluster=WS02626_L21_status=complete 558220
.28 GQ03203_H01.1_clone=GQ03203_H01_cluster=GQ03203_H01_status=complete_gb=BT108996 2732698
.23 GQ03203_H01.1_clone=GQ03203_H01_cluster=GQ03203_H01_status=complete_gb=BT108996 1123227
.11 GQ03203_H01.1_clone=GQ03203_H01_cluster=GQ03203_H01_status=complete_gb=BT108996 1157470
.11 GQ03203_H01.1_clone=GQ03203_H01_cluster=GQ03203_H01_status=complete_gb=BT108996 346075
.77 GQ04111_C09.1_clone=GQ04111_C09_cluster=GQ04111_C09_status=complete_gb=BT119853 2807528
.58 GQ00411_L08.1_clone=GQ00411_L08_cluster=GQ00411_L08_status=complete_gb=BT100704 2730146
.26 GQ00411_L08.1_clone=GQ00411_L08_cluster=GQ00411_L08_status=complete_gb=BT100704 2730145
.59 GQ03235_O15.1_clone=GQ03235_O15_cluster=GQ03235_O15_status=complete_gb=BT111314 2808110
.41 GQ02820_D24.2_clone=GQ02820_D24_cluster=GQ02820_D24_status=complete_gb=BT105258 2807373
.23 WS00733_K22.1_clone=WS00733_K22_cluster=WS00733_K22_status=3 2730094
.69 WS00733_K22.1_clone=WS00733_K22_cluster=WS00733_K22_status=3 2807904
.56 WS00729_I06.1_clone=WS00729_I06_cluster=WS00729_I06_status=3 2807327
.59 GQ02818_J21.1_clone=GQ02818_J21_cluster=GQ02818_J21_status=complete_gb=BT105104 2808057
.09 GQ02818_J21.1_clone=GQ02818_J21_cluster=GQ02818_J21_status=complete_gb=BT105104 1100201
.83 GQ03203_O17.2_clone=GQ03203_O17_cluster=GQ03203_O17_status=complete_gb=BT109033 2808038
.45 GQ03223_F08.1_clone=GQ03223_F08_cluster=GQ03223_F08_status=complete_gb=BT110553 2730270
.31 GQ03223_F08.1_clone=GQ03223_F08_cluster=GQ03223_F08_status=complete_gb=BT110553 127561
.36 GQ0032_E11.1_clone=GQ0032_E11_cluster=GQ0032_E11_status=complete_gb=BT100615 2733289
.24 GQ0032_E11.1_clone=GQ0032_E11_cluster=GQ0032_E11_status=complete_gb=BT100615 1056154
.18 GQ0032_E11.1_clone=GQ0032_E11_cluster=GQ0032_E11_status=complete_gb=BT100615 2758480
.28 GQ03718_C10.1_clone=GQ03718_C10_cluster=GQ03718_C10_status=complete_gb=BT116406 2808093
.21 GQ03718_C10.1_clone=GQ03718_C10_cluster=GQ03718_C10_status=complete_gb=BT116406 2808093
.16 GQ03718_C10.1_clone=GQ03718_C10_cluster=GQ03718_C10_status=complete_gb=BT116406 2745956
.71 GQ02818_N22.1_clone=GQ02818_N22_cluster=GQ02818_N22_status=complete_gb=BT105125 2808118
.30 GQ0207_B16.1_clone=GQ0207_B16_cluster=GQ0207_B16_status=53 2734545
.17 GQ0207_B16.1_clone=GQ0207_B16_cluster=GQ0207_B16_status=53 2733783
.21 GQ03102_G20.1_clone=GQ03102_G20_cluster=GQ03102_G20_status=complete_gb=BT107070 2732778
.77 GQ03102_G20.1_clone=GQ03102_G20_cluster=GQ03102_G20_status=complete_gb=BT107070 2732779
.48 GQ03211_N12.1_clone=GQ03211_N12_cluster=GQ03211_N12_status=complete_gb=BT109729 2807704
.28 GQ03211_N12.1_clone=GQ03211_N12_cluster=GQ03211_N12_status=complete_gb=BT109729 2760053
.64 WS03215_E14.1_clone=WS03215_E14_cluster=WS03215_E14_status=3 2807266
.34 WS03215_E14.1_clone=WS03215_E14_cluster=WS03215_E14_status=3 2732741
.91 GQ03213_G18.3_clone=GQ03213_G18_cluster=GQ03213_G18_status=complete_gb=BT109892 2808143
.24 GQ03214_J23.2_clone=GQ03214_J23_cluster=GQ03214_J23_status=complete_gb=BT109987 784090
.74 GQ03214_J23.2_clone=GQ03214_J23_cluster=GQ03214_J23_status=complete_gb=BT109987 2808130
.73 GQ03235_G22.1_clone=GQ03235_G22_cluster=GQ03235_G22_status=complete_gb=BT111287 2733514
.82 GQ03205_O14.1_clone=GQ03205_O14_cluster=GQ03205_O14_status=complete_gb=BT109211 2808100
.16 GQ03205_O14.1_clone=GQ03205_O14_cluster=GQ03205_O14_status=complete_gb=BT109211 2737318
.60 GQ02828_B08.2_clone=GQ02828_B08_cluster=GQ02828_B08_status=complete_gb=BT105762 2500393
.48 GQ04007_F20.1_clone=GQ04007_F20_cluster=GQ04007_F20_status=complete_gb=BT118530 2789308
.19 GQ04007_F20.1_clone=GQ04007_F20_cluster=GQ04007_F20_status=complete_gb=BT118530 1115756
.18 GQ04007_F20.1_clone=GQ04007_F20_cluster=GQ04007_F20_status=complete_gb=BT118530 1788588
.15 GQ03206_C05.1_clone=GQ03206_C05_cluster=GQ03206_C05_status=complete_gb=BT109227 2744744
.28 GQ03206_C05.1_clone=GQ03206_C05_cluster=GQ03206_C05_status=complete_gb=BT109227 429518
.74 GQ03718_F06.1_clone=GQ03718_F06_cluster=GQ03718_F06_status=complete_gb=BT116414 2808067
.53 GQ03707_F06.1_clone=GQ03707_F06_cluster=GQ03707_F06_status=complete_gb=BT115844 2807903
.24 GQ03223_L12.1_clone=GQ03223_L12_cluster=GQ03223_L12_status=complete_gb=BT110571 2807999
.62 GQ03223_L12.1_clone=GQ03223_L12_cluster=GQ03223_L12_status=complete_gb=BT110571 2807999
.65 WS00824_A15.1_clone=WS00824_A15_cluster=WS00824_A15_status=3 2807551
.87 WS00749_F07.1_clone=WS00749_F07_cluster=WS00749_F07_status=3 2807531
.74 GQ02821_P14.1_clone=GQ02821_P14_cluster=GQ02821_P14_status=complete_gb=BT105400 2808043
.39 GQ03711_B22.1_clone=GQ03711_B22_cluster=GQ03711_B22_status=complete_gb=BT116051 2808070
.22 GQ03711_B22.1_clone=GQ03711_B22_cluster=GQ03711_B22_status=complete_gb=BT116051 2808070
.34 GQ02811_F11.1_clone=GQ02811_F11_cluster=GQ02811_F11_status=complete_gb=BT104518 280657
.22 GQ02811_F11.1_clone=GQ02811_F11_cluster=GQ02811_F11_status=complete_gb=BT104518 541530
.47 GQ04004_C11.1_clone=GQ04004_C11_cluster=GQ04004_C11_status=complete_gb=BT118248 2807232
.26 GQ04013_N06.2_clone=GQ04013_N06_cluster=GQ04013_N06_status=complete_gb=BT119049 2808042
.21 GQ04013_N06.2_clone=GQ04013_N06_cluster=GQ04013_N06_status=complete_gb=BT119049 2808042
.87 GQ03109_K02.1_clone=GQ03109_K02_cluster=GQ03109_K02_status=complete_gb=BT107581 2807318
.22 GQ03713_C17.2_clone=GQ03713_C17_cluster=GQ03713_C17_status=complete_gb=BT116179 878875
.77 GQ03713_C17.2_clone=GQ03713_C17_cluster=GQ03713_C17_status=complete_gb=BT116179 2730350
.34 GQ04012_L19.1_clone=GQ04012_L19_cluster=GQ04012_L19_status=complete_gb=BT118971 2807768
.34 GQ04012_L19.1_clone=GQ04012_L19_cluster=GQ04012_L19_status=complete_gb=BT118971 2807767
.10 GQ04012_L19.1_clone=GQ04012_L19_cluster=GQ04012_L19_status=complete_gb=BT118971 2750495
.06 GQ04012_L19.1_clone=GQ04012_L19_cluster=GQ04012_L19_status=complete_gb=BT118971 2746641
.06 GQ04012_L19.1_clone=GQ04012_L19_cluster=GQ04012_L19_status=complete_gb=BT118971 2768642
.15 GQ02826_B04.2_clone=GQ02826_B04_cluster=GQ02826_B04_status=complete_gb=BT105682 266490
.13 GQ02826_B04.2_clone=GQ02826_B04_cluster=GQ02826_B04_status=complete_gb=BT105682 2807132
.10 GQ02826_B04.2_clone=GQ02826_B04_cluster=GQ02826_B04_status=complete_gb=BT105682 1534276
.10 GQ02826_B04.2_clone=GQ02826_B04_cluster=GQ02826_B04_status=complete_gb=BT105682 836435
.51 GQ03119_I06.1_clone=GQ03119_I06_cluster=GQ03119_I06_status=complete_gb=BT108286 2731133
.59 GQ03318_B16.1_clone=GQ03318_B16_cluster=GQ03318_B16_status=complete_gb=BT112594 2808083
.14 GQ03318_B16.1_clone=GQ03318_B16_cluster=GQ03318_B16_status=complete_gb=BT112594 1815025
.11 GQ03318_B16.1_clone=GQ03318_B16_cluster=GQ03318_B16_status=complete_gb=BT112594 927905
.29 GQ03217_L15.1_clone=GQ03217_L15_cluster=GQ03217_L15_status=complete_gb=BT110187 921408
.38 GQ03217_L15.1_clone=GQ03217_L15_cluster=GQ03217_L15_status=complete_gb=BT110187 2807732
.31 GQ04007_I18.2_clone=GQ04007_I18_cluster=GQ04007_I18_status=complete_gb=BT118543 362636
.20 GQ04007_I18.2_clone=GQ04007_I18_cluster=GQ04007_I18_status=complete_gb=BT118543 2750029
.17 GQ04007_I18.2_clone=GQ04007_I18_cluster=GQ04007_I18_status=complete_gb=BT118543 644365
.11 GQ04007_I18.2_clone=GQ04007_I18_cluster=GQ04007_I18_status=complete_gb=BT118543 2747620
.23 GQ03812_D04.4_clone=GQ03812_D04_cluster=GQ03812_D04_status=53 2735148
.17 GQ03812_D04.4_clone=GQ03812_D04_cluster=GQ03812_D04_status=53 2750029
.89 GQ02809_L21.1_clone=GQ02809_L21_cluster=GQ02809_L21_status=complete_gb=BT104378 2808098
.45 GQ03602_N16.1_clone=GQ03602_N16_cluster=GQ03602_N16_status=complete_gb=BT114818 2808065
.13 GQ03412_L08.1_clone=GQ03412_L08_cluster=GQ03412_L08_status=complete_gb=BT113539 2735420
.79 GQ03412_L08.1_clone=GQ03412_L08_cluster=GQ03412_L08_status=complete_gb=BT113539 2808041
.34 GQ03705_N15.1_clone=GQ03705_N15_cluster=GQ03705_N15_status=complete_gb=BT115767 583624
.23 GQ03705_N15.1_clone=GQ03705_N15_cluster=GQ03705_N15_status=complete_gb=BT115767 362416
.71 GQ0041_H19.1_clone=GQ0041_H19_cluster=GQ0041_H19_status=complete_gb=BT100742 2807251
.15 GQ03010_K09.1_clone=GQ03010_K09_cluster=GQ03010_K09_status=complete_gb=BT106792 2729470
.06 GQ03010_K09.1_clone=GQ03010_K09_cluster=GQ03010_K09_status=complete_gb=BT106792 2757010
.17 GQ03010_K09.1_clone=GQ03010_K09_cluster=GQ03010_K09_status=complete_gb=BT106792 745291
.71 GQ03311_C09.2_clone=GQ03311_C09_cluster=GQ03311_C09_status=complete_gb=BT112163 2808044
.19 GQ03311_C09.2_clone=GQ03311_C09_cluster=GQ03311_C09_status=complete_gb=BT112163 2734072
.40 GQ03113_G08.1_clone=GQ03113_G08_cluster=GQ03113_G08_status=complete_gb=BT107842 2782328
.55 GQ03113_G08.1_clone=GQ03113_G08_cluster=GQ03113_G08_status=complete_gb=BT107842 651461
.24 GQ03913_M07.1_clone=GQ03913_M07_cluster=GQ03913_M07_status=complete_gb=BT117830 537086
.69 GQ03913_M07.1_clone=GQ03913_M07_cluster=GQ03913_M07_status=complete_gb=BT117830 2807295
.79 GQ04009_A19.1_clone=GQ04009_A19_cluster=GQ04009_A19_status=complete_gb=BT118682 2808136
.15 GQ03301_E18.1_clone=GQ03301_E18_cluster=GQ03301_E18_status=complete_gb=BT111612 762844
.80 GQ03301_E18.1_clone=GQ03301_E18_cluster=GQ03301_E18_status=complete_gb=BT111612 2808031
.66 GQ03102_J11.3_clone=GQ03102_J11_cluster=GQ03102_J11_status=complete_gb=BT107084 2808039
.45 GQ02907_K23.1_clone=GQ02907_K23_cluster=GQ02907_K23_status=complete_gb=BT106335 2789171
.25 GQ03316_J22.1_clone=GQ03316_J22_cluster=GQ03316_J22_status=complete_gb=BT112515 903668
.42 GQ03003_B08.1_clone=GQ03003_B08_cluster=GQ03003_B08_status=complete_gb=BT106501 2736353
.28 GQ03003_B08.1_clone=GQ03003_B08_cluster=GQ03003_B08_status=complete_gb=BT106501 2736353
.23 GQ03206_N13.1_clone=GQ03206_N13_cluster=GQ03206_N13_status=complete_gb=BT109296 2744972
.76 GQ03206_N13.1_clone=GQ03206_N13_cluster=GQ03206_N13_status=complete_gb=BT109296 2807374
.99 GQ02818_J19.1_clone=GQ02818_J19_cluster=GQ02818_J19_status=complete_gb=BT105102 2808022
.99 GQ03101_K22.1_clone=GQ03101_K22_cluster=GQ03101_K22_status=complete_gb=BT107000 2807908
.59 GQ03912_E12.2_clone=GQ03912_E12_cluster=GQ03912_E12_status=complete_gb=BT117785 2807909
.35 GQ03912_E12.2_clone=GQ03912_E12_cluster=GQ03912_E12_status=complete_gb=BT117785 2807909
.18 GQ04105_F02.1_clone=GQ04105_F02_cluster=GQ04105_F02_status=complete_gb=BT119411 882282
.14 GQ04105_F02.1_clone=GQ04105_F02_cluster=GQ04105_F02_status=complete_gb=BT119411 2807124
.14 GQ04105_F02.1_clone=GQ04105_F02_cluster=GQ04105_F02_status=complete_gb=BT119411 2807686
.40 GQ03107_P04.1_clone=GQ03107_P04_cluster=GQ03107_P04_status=complete_gb=BT107473 1269789
.33 GQ03107_P04.1_clone=GQ03107_P04_cluster=GQ03107_P04_status=complete_gb=BT107473 2757919
.29 GQ03107_P04.1_clone=GQ03107_P04_cluster=GQ03107_P04_status=complete_gb=BT107473 1579054
.29 GQ0167_O13.1_clone=GQ0167_O13_cluster=GQ0167_O13_status=complete_gb=BT102175 2735050
.27 GQ0167_O13.1_clone=GQ0167_O13_cluster=GQ0167_O13_status=complete_gb=BT102175 496757
.16 GQ0167_O13.1_clone=GQ0167_O13_cluster=GQ0167_O13_status=complete_gb=BT102175 1323204
.16 GQ0167_O13.1_clone=GQ0167_O13_cluster=GQ0167_O13_status=complete_gb=BT102175 626358
.76 GQ03222_H18.1_clone=GQ03222_H18_cluster=GQ03222_H18_status=complete_gb=BT110481 2807986
.66 GQ03225_P14.2_clone=GQ03225_P14_cluster=GQ03225_P14_status=53 2808104
.19 GQ03819_N22.1_clone=GQ03819_N22_cluster=GQ03819_N22_status=complete_gb=BT117458 2735756
.77 GQ03819_N22.1_clone=GQ03819_N22_cluster=GQ03819_N22_status=complete_gb=BT117458 2734873
.33 GQ0163_A18.1_clone=GQ0163_A18_cluster=GQ0163_A18_status=complete_gb=BT102017 2733715
.48 GQ0163_A18.1_clone=GQ0163_A18_cluster=GQ0163_A18_status=complete_gb=BT102017 2732552
.31 GQ02902_L14.2_clone=GQ02902_L14_cluster=GQ02902_L14_status=complete_gb=BT106086 2729343
.27 GQ02902_L14.2_clone=GQ02902_L14_cluster=GQ02902_L14_status=complete_gb=BT106086 2730710
.19 GQ02902_L14.2_clone=GQ02902_L14_cluster=GQ02902_L14_status=complete_gb=BT106086 468543
.18 GQ02902_L14.2_clone=GQ02902_L14_cluster=GQ02902_L14_status=complete_gb=BT106086 463035
.81 GQ03216_J07.1_clone=GQ03216_J07_cluster=GQ03216_J07_status=complete_gb=BT110112 2808124
.97 GQ03813_G21.1_clone=GQ03813_G21_cluster=GQ03813_G21_status=complete_gb=BT117134 2808052
.22 GQ02818_K13.1_clone=GQ02818_K13_cluster=GQ02818_K13_status=complete_gb=BT105105 1582947
.21 GQ02818_K13.1_clone=GQ02818_K13_cluster=GQ02818_K13_status=complete_gb=BT105105 510807
.20 GQ02818_K13.1_clone=GQ02818_K13_cluster=GQ02818_K13_status=complete_gb=BT105105 868871
.18 GQ02818_K13.1_clone=GQ02818_K13_cluster=GQ02818_K13_status=complete_gb=BT105105 1352316
.46 GQ03117_I19.1_clone=GQ03117_I19_cluster=GQ03117_I19_status=complete_gb=BT108156 2807513
.20 GQ03117_I19.1_clone=GQ03117_I19_cluster=GQ03117_I19_status=complete_gb=BT108156 808796
.06 GQ03117_I19.1_clone=GQ03117_I19_cluster=GQ03117_I19_status=complete_gb=BT108156 630079
.24 GQ04109_I11.2_clone=GQ04109_I11_cluster=GQ04109_I11_status=complete_gb=BT119747 2751691
.75 GQ04109_I11.2_clone=GQ04109_I11_cluster=GQ04109_I11_status=complete_gb=BT119747 2807623
.40 GQ03112_B18.1_clone=GQ03112_B18_cluster=GQ03112_B18_status=complete_gb=BT107733 2733259
.26 GQ03112_B18.1_clone=GQ03112_B18_cluster=GQ03112_B18_status=complete_gb=BT107733 1005385
.29 GQ0207_C03.1_clone=GQ0207_C03_cluster=GQ0207_C03_status=complete_gb=BT103135 2729616
.13 GQ0207_C03.1_clone=GQ0207_C03_cluster=GQ0207_C03_status=complete_gb=BT103135 2753251
.45 GQ03115_E04.1_clone=GQ03115_E04_cluster=GQ03115_E04_status=complete_gb=BT107978 2807224
.44 GQ04006_H22.2_clone=GQ04006_H22_cluster=GQ04006_H22_status=5 2808029
.42 GQ03224_J03.1_clone=GQ03224_J03_cluster=GQ03224_J03_status=complete_gb=BT110625 2808029
.11 GQ03224_J03.1_clone=GQ03224_J03_cluster=GQ03224_J03_status=complete_gb=BT110625 2808029
.38 GQ02906_C02.4_clone=GQ02906_C02_cluster=GQ02906_C02_status=complete_gb=BT106261 2808074
.40 GQ02906_C02.4_clone=GQ02906_C02_cluster=GQ02906_C02_status=complete_gb=BT106261 2808074
.43 GQ0165_E09.1_clone=GQ0165_E09_cluster=GQ0165_E09_status=53 2807203
.06 GQ0165_E09.1_clone=GQ0165_E09_cluster=GQ0165_E09_status=53 2807203
.05 GQ0165_E09.1_clone=GQ0165_E09_cluster=GQ0165_E09_status=53 2807203
.35 GQ03917_K18.1_clone=GQ03917_K18_cluster=GQ03917_K18_status=complete_gb=BT117933 1116737
.28 GQ03917_K18.1_clone=GQ03917_K18_cluster=GQ03917_K18_status=complete_gb=BT117933 1116734
.30 GQ04109_E07.2_clone=GQ04109_E07_cluster=GQ04109_E07_status=complete_gb=BT119722 2767634
.69 GQ04109_E07.2_clone=GQ04109_E07_cluster=GQ04109_E07_status=complete_gb=BT119722 2807774
.10 GQ03219_A03.1_clone=GQ03219_A03_cluster=GQ03219_A03_status=complete_gb=BT110271 1174620
.55 GQ03219_A03.1_clone=GQ03219_A03_cluster=GQ03219_A03_status=complete_gb=BT110271 2732589
.15 GQ0205_M07.1_clone=GQ0205_M07_cluster=GQ0205_M07_status=complete_gb=BT103053 547681
.23 GQ0205_M07.1_clone=GQ0205_M07_cluster=GQ0205_M07_status=complete_gb=BT103053 2750315
.25 GQ04005_C10.2_clone=GQ04005_C10_cluster=GQ04005_C10_status=complete_gb=BT118328 2774069
.20 GQ04005_C10.2_clone=GQ04005_C10_cluster=GQ04005_C10_status=complete_gb=BT118328 1285685
.95 GQ03113_J11.1_clone=GQ03113_J11_cluster=GQ03113_J11_status=complete_gb=BT107857 2808113
.91 GQ02904_G11.2_clone=GQ02904_G11_cluster=GQ02904_G11_status=complete_gb=BT106173 2808145
.45 GQ02512_F20.1_clone=GQ02512_F20_cluster=GQ02512_F20_status=complete_gb=BT103395 2730354
.21 GQ02512_F20.1_clone=GQ02512_F20_cluster=GQ02512_F20_status=complete_gb=BT103395 2774703
.67 GQ03237_L08.1_clone=GQ03237_L08_cluster=GQ03237_L08_status=complete_gb=BT111436 2807596
.45 GQ04107_G14.1_clone=GQ04107_G14_cluster=GQ04107_G14_status=complete_gb=BT119575 2808049
.39 GQ04103_E07.1_clone=GQ04103_E07_cluster=GQ04103_E07_status=complete_gb=BT119262 2807142
.26 GQ04103_E07.1_clone=GQ04103_E07_cluster=GQ04103_E07_status=complete_gb=BT119262 323318
.26 GQ04103_E07.1_clone=GQ04103_E07_cluster=GQ04103_E07_status=complete_gb=BT119262 2745429
.16 GQ04103_E07.1_clone=GQ04103_E07_cluster=GQ04103_E07_status=complete_gb=BT119262 2742076
.17 GQ04103_E07.1_clone=GQ04103_E07_cluster=GQ04103_E07_status=complete_gb=BT119262 387871
.84 WS00742_G10.1_clone=WS00742_G10_cluster=WS00742_G10_status=3 2735961
.12 WS00742_G10.1_clone=WS00742_G10_cluster=WS00742_G10_status=3 869298
.43 GQ04104_D10.1_clone=GQ04104_D10_cluster=GQ04104_D10_status=complete_gb=BT119329 2730809
.15 GQ04104_D10.1_clone=GQ04104_D10_cluster=GQ04104_D10_status=complete_gb=BT119329 621341
.72 GQ0204_K16.1_clone=GQ0204_K16_cluster=GQ0204_K16_status=complete_gb=BT102997 2731597
.82 GQ03909_C14.1_clone=GQ03909_C14_cluster=GQ03909_C14_status=complete_gb=BT117728 2808119
.27 GQ03225_E20.2_clone=GQ03225_E20_cluster=GQ03225_E20_status=53 2808122
.25 GQ03225_E20.2_clone=GQ03225_E20_cluster=GQ03225_E20_status=53 2808122
.82 GQ02807_B05.1_clone=GQ02807_B05_cluster=GQ02807_B05_status=complete_gb=BT104163 2808097
.88 GQ03322_G11.1_clone=GQ03322_G11_cluster=GQ03322_G11_status=complete_gb=BT112892 2808099
.99 GQ02802_C02.1_clone=GQ02802_C02_cluster=GQ02802_C02_status=complete_gb=BT103787 2808114
.62 GQ02803_O16.1_clone=GQ02803_O16_cluster=GQ02803_O16_status=complete_gb=BT103901 2807739
.15 GQ02803_O16.1_clone=GQ02803_O16_cluster=GQ02803_O16_status=complete_gb=BT103901 2729949
.94 GQ0015_N11.1_clone=GQ0015_N11_cluster=GQ0015_N11_status=complete_gb=BT100485 2808082
.99 GQ03113_N21.1_clone=GQ03113_N21_cluster=GQ03113_N21_status=complete_gb=BT107882 2807255
.99 GQ03314_E11.1_clone=GQ03314_E11_cluster=GQ03314_E11_status=complete_gb=BT112389 2808141
.99 GQ03218_M07.2_clone=GQ03218_M07_cluster=GQ03218_M07_status=complete_gb=BT110254 2807970
.86 GQ04012_K18.1_clone=GQ04012_K18_cluster=GQ04012_K18_status=complete_gb=BT118964 2808048
.51 GQ03101_M14.1_clone=GQ03101_M14_cluster=GQ03101_M14_status=complete_gb=BT107014 2729931
.22 GQ02820_O03.1_clone=GQ02820_O03_cluster=GQ02820_O03_status=complete_gb=BT105323 2774738
.23 GQ02820_O03.1_clone=GQ02820_O03_cluster=GQ02820_O03_status=complete_gb=BT105323 2751048
.88 GQ02820_K15.1_clone=GQ02820_K15_cluster=GQ02820_K15_status=complete_gb=BT105297 2807421
.51 GQ02808_H19.1_clone=GQ02808_H19_cluster=GQ02808_H19_status=complete_gb=BT104281 2808108
.20 GQ02808_H19.1_clone=GQ02808_H19_cluster=GQ02808_H19_status=complete_gb=BT104281 700252
.75 GQ03909_N17.2_clone=GQ03909_N17_cluster=GQ03909_N17_status=complete_gb=BT117744 2808081
.34 GQ02801_J18.1_clone=GQ02801_J18_cluster=GQ02801_J18_status=complete_gb=BT103753 223593
.24 GQ02801_J18.1_clone=GQ02801_J18_cluster=GQ02801_J18_status=complete_gb=BT103753 2807144
.20 GQ02801_J18.1_clone=GQ02801_J18_cluster=GQ02801_J18_status=complete_gb=BT103753 2731300
.14 GQ03324_K12.1_clone=GQ03324_K12_cluster=GQ03324_K12_status=complete_gb=BT113022 2732915
.75 GQ03324_K12.1_clone=GQ03324_K12_cluster=GQ03324_K12_status=complete_gb=BT113022 2808053
.22 GQ02827_E23.1_clone=GQ02827_E23_cluster=GQ02827_E23_status=complete_gb=BT105733 2755761
.15 GQ02827_E23.1_clone=GQ02827_E23_cluster=GQ02827_E23_status=complete_gb=BT105733 1054131
.49 GQ03120_N11.1_clone=GQ03120_N11_cluster=GQ03120_N11_status=complete_gb=BT108368 594941
.40 GQ03120_N11.1_clone=GQ03120_N11_cluster=GQ03120_N11_status=complete_gb=BT108368 2756958
.30 GQ03120_N11.1_clone=GQ03120_N11_cluster=GQ03120_N11_status=complete_gb=BT108368 780076
.20 GQ03120_N11.1_clone=GQ03120_N11_cluster=GQ03120_N11_status=complete_gb=BT108368 2759244
.13 GQ03120_N11.1_clone=GQ03120_N11_cluster=GQ03120_N11_status=complete_gb=BT108368 2756959
.72 GQ02824_H07.1_clone=GQ02824_H07_cluster=GQ02824_H07_status=complete_gb=BT105563 2808095
.79 GQ02829_O06.1_clone=GQ02829_O06_cluster=GQ02829_O06_status=complete_gb=BT105901 2808125
.19 GQ04110_L20.1_clone=GQ04110_L20_cluster=GQ04110_L20_status=complete_gb=BT119829 1048612
.64 GQ04110_L20.1_clone=GQ04110_L20_cluster=GQ04110_L20_status=complete_gb=BT119829 2740683
.54 GQ03116_E03.1_clone=GQ03116_E03_cluster=GQ03116_E03_status=complete_gb=BT108045 2808125
.43 GQ03302_D18.1_clone=GQ03302_D18_cluster=GQ03302_D18_status=complete_gb=BT111688 2737380
.36 GQ03302_D18.1_clone=GQ03302_D18_cluster=GQ03302_D18_status=complete_gb=BT111688 648010
.52 GQ03710_H08.1_clone=GQ03710_H08_cluster=GQ03710_H08_status=complete_gb=BT116015 2807110
.46 GQ03710_H08.1_clone=GQ03710_H08_cluster=GQ03710_H08_status=complete_gb=BT116015 2758093
.22 GQ03710_H08.1_clone=GQ03710_H08_cluster=GQ03710_H08_status=complete_gb=BT116015 2735998
.15 GQ03710_H08.1_clone=GQ03710_H08_cluster=GQ03710_H08_status=complete_gb=BT116015 886289
.05 GQ03710_H08.1_clone=GQ03710_H08_cluster=GQ03710_H08_status=complete_gb=BT116015 617918
.94 GQ0062_G17.1_clone=GQ0062_G17_cluster=GQ0062_G17_status=complete_gb=BT100991 2808037
.27 GQ03816_E18.1_clone=GQ03816_E18_cluster=GQ03816_E18_status=complete_gb=BT117269 2765301
.67 GQ03816_E18.1_clone=GQ03816_E18_cluster=GQ03816_E18_status=complete_gb=BT117269 2808023
.09 GQ02902_L18.2_clone=GQ02902_L18_cluster=GQ02902_L18_status=complete_gb=BT106088 846442
.09 GQ02902_L18.2_clone=GQ02902_L18_cluster=GQ02902_L18_status=complete_gb=BT106088 1019220
.09 GQ02902_L18.2_clone=GQ02902_L18_cluster=GQ02902_L18_status=complete_gb=BT106088 1116244
.09 GQ02902_L18.2_clone=GQ02902_L18_cluster=GQ02902_L18_status=complete_gb=BT106088 1252318
.09 GQ02902_L18.2_clone=GQ02902_L18_cluster=GQ02902_L18_status=complete_gb=BT106088 1287361
.30 GQ04008_E02.2_clone=GQ04008_E02_cluster=GQ04008_E02_status=complete_gb=BT118617 2808058
.13 GQ04008_E02.2_clone=GQ04008_E02_cluster=GQ04008_E02_status=complete_gb=BT118617 2808058
.11 GQ04008_E02.2_clone=GQ04008_E02_cluster=GQ04008_E02_status=complete_gb=BT118617 2742947
.38 GQ04005_B02.1_clone=GQ04005_B02_cluster=GQ04005_B02_status=complete_gb=BT118321 2744596
.11 GQ04005_B02.1_clone=GQ04005_B02_cluster=GQ04005_B02_status=complete_gb=BT118321 2758649
.08 GQ04005_B02.1_clone=GQ04005_B02_cluster=GQ04005_B02_status=complete_gb=BT118321 1047643
.31 GQ0201_G02.1_clone=GQ0201_G02_cluster=GQ0201_G02_status=5 2756639
.31 GQ0201_G02.1_clone=GQ0201_G02_cluster=GQ0201_G02_status=5 2735702
.17 GQ0201_G02.1_clone=GQ0201_G02_cluster=GQ0201_G02_status=5 2742700
.16 GQ0201_G02.1_clone=GQ0201_G02_cluster=GQ0201_G02_status=5 1507173
.12 GQ0201_G02.1_clone=GQ0201_G02_cluster=GQ0201_G02_status=5 2735701
.59 GQ02820_D01.1_clone=GQ02820_D01_cluster=GQ02820_D01_status=complete_gb=BT105251 2790879
.69 GQ03319_C03.1_clone=GQ03319_C03_cluster=GQ03319_C03_status=complete_gb=BT112660 2735398
.30 GQ03319_C03.1_clone=GQ03319_C03_cluster=GQ03319_C03_status=complete_gb=BT112660 835100
.64 GQ0205_A16.1_clone=GQ0205_A16_cluster=GQ0205_A16_status=complete_gb=BT103019 2807919
.86 GQ0161_P15.2_clone=GQ0161_P15_cluster=GQ0161_P15_status=53 2808138
.08 GQ03909_J06.1_clone=GQ03909_J06_cluster=GQ03909_J06_status=complete_gb=BT117739 276875
.83 GQ03909_J06.1_clone=GQ03909_J06_cluster=GQ03909_J06_status=complete_gb=BT117739 2808080
.66 GQ03119_O23.1_clone=GQ03119_O23_cluster=GQ03119_O23_status=complete_gb=BT108314 2808034
.22 GQ03119_O23.1_clone=GQ03119_O23_cluster=GQ03119_O23_status=complete_gb=BT108314 2789247
.36 GQ04008_H17.1_clone=GQ04008_H17_cluster=GQ04008_H17_status=complete_gb=BT118645 623086
.23 GQ04008_H17.1_clone=GQ04008_H17_cluster=GQ04008_H17_status=complete_gb=BT118645 2735984
.20 GQ04008_H17.1_clone=GQ04008_H17_cluster=GQ04008_H17_status=complete_gb=BT118645 505738
.21 GQ04008_H17.1_clone=GQ04008_H17_cluster=GQ04008_H17_status=complete_gb=BT118645 380192
.10 GQ04111_O10.1_clone=GQ04111_O10_cluster=GQ04111_O10_status=complete_gb=BT119894 2741782
.82 GQ04111_O10.1_clone=GQ04111_O10_cluster=GQ04111_O10_status=complete_gb=BT119894 2808073
.26 GQ02820_H11.1_clone=GQ02820_H11_cluster=GQ02820_H11_status=complete_gb=BT105279 276023
.26 GQ02820_H11.1_clone=GQ02820_H11_cluster=GQ02820_H11_status=complete_gb=BT105279 2754030
.25 GQ02820_H11.1_clone=GQ02820_H11_cluster=GQ02820_H11_status=complete_gb=BT105279 2808088
.18 GQ03212_E09.1_clone=GQ03212_E09_cluster=GQ03212_E09_status=5 252558
.80 GQ03212_E09.1_clone=GQ03212_E09_cluster=GQ03212_E09_status=5 439498
.21 GQ04104_G21.2_clone=GQ04104_G21_cluster=GQ04104_G21_status=complete_gb=BT119345 2735116
.77 GQ04104_G21.2_clone=GQ04104_G21_cluster=GQ04104_G21_status=complete_gb=BT119345 2807889
.33 GQ03326_H03.1_clone=GQ03326_H03_cluster=GQ03326_H03_status=complete_gb=BT113156 2731929
.34 GQ02802_J02.4_clone=GQ02802_J02_cluster=GQ02802_J02_status=complete_gb=BT103812 2735153
.30 GQ02802_J02.4_clone=GQ02802_J02_cluster=GQ02802_J02_status=complete_gb=BT103812 2807174
.25 GQ02802_J02.4_clone=GQ02802_J02_cluster=GQ02802_J02_status=complete_gb=BT103812 2743580
.25 GQ02802_J02.4_clone=GQ02802_J02_cluster=GQ02802_J02_status=complete_gb=BT103812 284170
.21 GQ02802_J02.4_clone=GQ02802_J02_cluster=GQ02802_J02_status=complete_gb=BT103812 642235
.67 GQ02811_I20.2_clone=GQ02811_I20_cluster=GQ02811_I20_status=complete_gb=BT104532 2743231
.20 GQ02811_I20.2_clone=GQ02811_I20_cluster=GQ02811_I20_status=complete_gb=BT104532 2736809
.55 GQ03708_J16.1_clone=GQ03708_J16_cluster=GQ03708_J16_status=complete_gb=BT115907 2807889
.26 GQ03708_J16.1_clone=GQ03708_J16_cluster=GQ03708_J16_status=complete_gb=BT115907 2730958
.70 GQ03707_L15.1_clone=GQ03707_L15_cluster=GQ03707_L15_status=complete_gb=BT115871 2807983
.18 GQ03707_L15.1_clone=GQ03707_L15_cluster=GQ03707_L15_status=complete_gb=BT115871 703562
.08 GQ03707_L15.1_clone=GQ03707_L15_cluster=GQ03707_L15_status=complete_gb=BT115871 608271
.06 GQ03707_L15.1_clone=GQ03707_L15_cluster=GQ03707_L15_status=complete_gb=BT115871 2759043
.34 GQ04001_I04.2_clone=GQ04001_I04_cluster=GQ04001_I04_status=complete_gb=BT118042 2744888
.49 GQ03712_H14.1_clone=GQ03712_H14_cluster=GQ03712_H14_status=complete_gb=BT116140 2807794
.28 GQ03712_H14.1_clone=GQ03712_H14_cluster=GQ03712_H14_status=complete_gb=BT116140 681709
.47 GQ03605_F01.2_clone=GQ03605_F01_cluster=GQ03605_F01_status=53 2807977
.12 GQ03605_F01.2_clone=GQ03605_F01_cluster=GQ03605_F01_status=53 512577
.06 GQ03605_F01.2_clone=GQ03605_F01_cluster=GQ03605_F01_status=53 626861
.28 GQ03301_I21.1_clone=GQ03301_I21_cluster=GQ03301_I21_status=complete_gb=BT111632 2778429
.47 GQ03301_I21.1_clone=GQ03301_I21_cluster=GQ03301_I21_status=complete_gb=BT111632 2730319
.48 GQ04103_P12.1_clone=GQ04103_P12_cluster=GQ04103_P12_status=complete_gb=BT119302 2807614
.30 GQ04103_P12.1_clone=GQ04103_P12_cluster=GQ04103_P12_status=complete_gb=BT119302 2733274
.39 WS0263_O09.1_clone=WS0263_O09_cluster=WS0263_O09_status=3 192173
.59 WS0263_O09.1_clone=WS0263_O09_cluster=WS0263_O09_status=3 2738614
.99 GQ03812_J18.1_clone=GQ03812_J18_cluster=GQ03812_J18_status=5 2736851
.28 GQ03126_J15.1_clone=GQ03126_J15_cluster=GQ03126_J15_status=complete_gb=BT108752 530672
.53 GQ03126_J15.1_clone=GQ03126_J15_cluster=GQ03126_J15_status=complete_gb=BT108752 2807216
.55 GQ02806_O13.1_clone=GQ02806_O13_cluster=GQ02806_O13_status=complete_gb=BT104144 2807906
.43 GQ02806_O13.1_clone=GQ02806_O13_cluster=GQ02806_O13_status=complete_gb=BT104144 2730832
.95 GQ03117_I01.2_clone=GQ03117_I01_cluster=GQ03117_I01_status=complete_gb=BT108151 2807735
.29 GQ03103_P05.1_clone=GQ03103_P05_cluster=GQ03103_P05_status=complete_gb=BT107185 2749406
.51 GQ0067_B12.1_clone=GQ0067_B12_cluster=GQ0067_B12_status=complete_gb=BT101087 2808132
.57 GQ03232_G10.1_clone=GQ03232_G10_cluster=GQ03232_G10_status=complete_gb=BT111080 2808079
.20 GQ03232_G10.1_clone=GQ03232_G10_cluster=GQ03232_G10_status=complete_gb=BT111080 2734321
.86 WS03220_F07.1_clone=WS03220_F07_cluster=WS03220_F07_status=complete 2732555
.71 GQ03234_J22.1_clone=GQ03234_J22_cluster=GQ03234_J22_status=complete_gb=BT111231 2731450
.76 GQ04004_I14.1_clone=GQ04004_I14_cluster=GQ04004_I14_status=5 889253
.21 GQ04004_I14.1_clone=GQ04004_I14_cluster=GQ04004_I14_status=5 2743564
.86 GQ03108_L21.1_clone=GQ03108_L21_cluster=GQ03108_L21_status=complete_gb=BT107528 2736483
.28 GQ03712_A19.1_clone=GQ03712_A19_cluster=GQ03712_A19_status=complete_gb=BT116113 651864
.26 GQ03712_A19.1_clone=GQ03712_A19_cluster=GQ03712_A19_status=complete_gb=BT116113 2735460
.20 GQ03712_A19.1_clone=GQ03712_A19_cluster=GQ03712_A19_status=complete_gb=BT116113 595179
.91 GQ03224_B01.1_clone=GQ03224_B01_cluster=GQ03224_B01_status=complete_gb=BT110598 2808123
.05 GQ03224_B01.1_clone=GQ03224_B01_cluster=GQ03224_B01_status=complete_gb=BT110598 2744059
.56 GQ02802_O20.1_clone=GQ02802_O20_cluster=GQ02802_O20_status=complete_gb=BT103841 2731705
.09 GQ02823_G11.1_clone=GQ02823_G11_cluster=GQ02823_G11_status=complete_gb=BT105496 1419212
.60 GQ02823_G11.1_clone=GQ02823_G11_cluster=GQ02823_G11_status=complete_gb=BT105496 2808135
.90 GQ03104_K06.2_clone=GQ03104_K06_cluster=GQ03104_K06_status=complete_gb=BT107223 2808066
.97 GQ03208_E18.1_clone=GQ03208_E18_cluster=GQ03208_E18_status=complete_gb=BT109429 2808139
.65 GQ03707_D22.1_clone=GQ03707_D22_cluster=GQ03707_D22_status=complete_gb=BT115840 2808094
.71 GQ04102_M04.1_clone=GQ04102_M04_cluster=GQ04102_M04_status=complete_gb=BT119214 2807612
.23 GQ02511_A12.1_clone=GQ02511_A12_cluster=GQ02511_A12_status=complete_gb=BT103365 2807180
.84 GQ03204_K04.1_clone=GQ03204_K04_cluster=GQ03204_K04_status=complete_gb=BT109100 2808137
.49 GQ03304_B24.1_clone=GQ03304_B24_cluster=GQ03304_B24_status=complete_gb=BT111827 2807932
.20 GQ02804_G20.1_clone=GQ02804_G20_cluster=GQ02804_G20_status=complete_gb=BT103938 2732808
.60 GQ02804_G20.1_clone=GQ02804_G20_cluster=GQ02804_G20_status=complete_gb=BT103938 2732808
.71 GQ03237_H08.1_clone=GQ03237_H08_cluster=GQ03237_H08_status=complete_gb=BT111416 2733170
.12 GQ03237_H08.1_clone=GQ03237_H08_cluster=GQ03237_H08_status=complete_gb=BT111416 2312194
.15 GQ03207_P21.1_clone=GQ03207_P21_cluster=GQ03207_P21_status=complete_gb=BT109401 2765928
.68 GQ03207_P21.1_clone=GQ03207_P21_cluster=GQ03207_P21_status=complete_gb=BT109401 2807641
.74 GQ04009_A11.4_clone=GQ04009_A11_cluster=GQ04009_A11_status=complete_gb=BT118680 2808025
.46 GQ03715_C05.1_clone=GQ03715_C05_cluster=GQ03715_C05_status=complete_gb=BT116275 2745006
.16 GQ03715_C05.1_clone=GQ03715_C05_cluster=GQ03715_C05_status=complete_gb=BT116275 2730841
.07 GQ03212_B15.3_clone=GQ03212_B15_cluster=GQ03212_B15_status=53 410454
.17 GQ03212_B15.3_clone=GQ03212_B15_cluster=GQ03212_B15_status=53 2736435
.40 GQ03213_A21.1_clone=GQ03213_A21_cluster=GQ03213_A21_status=complete_gb=BT109855 2730275
.25 GQ03213_A21.1_clone=GQ03213_A21_cluster=GQ03213_A21_status=complete_gb=BT109855 2730615
.15 GQ03213_A21.1_clone=GQ03213_A21_cluster=GQ03213_A21_status=complete_gb=BT109855 2807743
.65 GQ00610_M15.1_clone=GQ00610_M15_cluster=GQ00610_M15_status=complete_gb=BT100920 431460
.30 GQ00610_M15.1_clone=GQ00610_M15_cluster=GQ00610_M15_status=complete_gb=BT100920 2735736
.35 GQ0173_F06.1_clone=GQ0173_F06_cluster=GQ0173_F06_status=complete_gb=BT102261 2759098
.14 GQ0173_F06.1_clone=GQ0173_F06_cluster=GQ0173_F06_status=complete_gb=BT102261 2739759
.80 GQ03902_N09.1_clone=GQ03902_N09_cluster=GQ03902_N09_status=complete_gb=BT117542 2806972
.18 GQ03902_N09.1_clone=GQ03902_N09_cluster=GQ03902_N09_status=complete_gb=BT117542 2739270
.34 GQ02818_L13.1_clone=GQ02818_L13_cluster=GQ02818_L13_status=complete_gb=BT105111 2732715
.43 GQ02818_L13.1_clone=GQ02818_L13_cluster=GQ02818_L13_status=complete_gb=BT105111 2807703
.45 GQ03114_O13.1_clone=GQ03114_O13_cluster=GQ03114_O13_status=complete_gb=BT107949 2808036
.16 GQ03114_O13.1_clone=GQ03114_O13_cluster=GQ03114_O13_status=complete_gb=BT107949 2808036
.48 GQ03409_P17.1_clone=GQ03409_P17_cluster=GQ03409_P17_status=complete_gb=BT113477 2807304
.23 GQ03409_P17.1_clone=GQ03409_P17_cluster=GQ03409_P17_status=complete_gb=BT113477 1044572
.51 GQ03319_B08.1_clone=GQ03319_B08_cluster=GQ03319_B08_status=complete_gb=BT112656 2730564
.20 GQ03319_B08.1_clone=GQ03319_B08_cluster=GQ03319_B08_status=complete_gb=BT112656 581145
.90 GQ02826_M24.3_clone=GQ02826_M24_cluster=GQ02826_M24_status=complete_gb=BT105708 2808077
.79 GQ04105_K15.2_clone=GQ04105_K15_cluster=GQ04105_K15_status=complete_gb=BT119437 2808076
.72 GQ02815_A11.1_clone=GQ02815_A11_cluster=GQ02815_A11_status=complete_gb=BT104788 2807998
.42 GQ0203_M09.1_clone=GQ0203_M09_cluster=GQ0203_M09_status=complete_gb=BT102944 299588
.36 GQ0203_M09.1_clone=GQ0203_M09_cluster=GQ0203_M09_status=complete_gb=BT102944 2735982
.32 GQ02812_I18.4_clone=GQ02812_I18_cluster=GQ02812_I18_status=complete_gb=BT104613 2732517
.63 GQ02812_I18.4_clone=GQ02812_I18_cluster=GQ02812_I18_status=complete_gb=BT104613 2807424
.83 GQ03222_C17.1_clone=GQ03222_C17_cluster=GQ03222_C17_status=complete_gb=BT110459 2808056
.15 GQ03512_E05.1_clone=GQ03512_E05_cluster=GQ03512_E05_status=complete_gb=BT114308 2740522
.56 GQ03512_E05.1_clone=GQ03512_E05_cluster=GQ03512_E05_status=complete_gb=BT114308 2808015
.54 GQ03222_M10.1_clone=GQ03222_M10_cluster=GQ03222_M10_status=complete_gb=BT110509 2746458
.17 GQ03222_M10.1_clone=GQ03222_M10_cluster=GQ03222_M10_status=complete_gb=BT110509 2807670
.17 GQ03222_M10.1_clone=GQ03222_M10_cluster=GQ03222_M10_status=complete_gb=BT110509 2791018
.32 GQ0041_N21.1_clone=GQ0041_N21_cluster=GQ0041_N21_status=complete_gb=BT100750 2736003
.16 GQ0041_N21.1_clone=GQ0041_N21_cluster=GQ0041_N21_status=complete_gb=BT100750 936568
.71 GQ04111_E20.1_clone=GQ04111_E20_cluster=GQ04111_E20_status=complete_gb=BT119861 2808051
.76 GQ0172_D23.1_clone=GQ0172_D23_cluster=GQ0172_D23_status=complete_gb=BT102242 2807839
.39 GQ02905_E10.2_clone=GQ02905_E10_cluster=GQ02905_E10_status=complete_gb=BT106221 2731704
.28 GQ02905_E10.2_clone=GQ02905_E10_cluster=GQ02905_E10_status=complete_gb=BT106221 2729458
.14 GQ02905_E10.2_clone=GQ02905_E10_cluster=GQ02905_E10_status=complete_gb=BT106221 657479
.14 GQ02905_E10.2_clone=GQ02905_E10_cluster=GQ02905_E10_status=complete_gb=BT106221 2729459
.13 GQ02905_E10.2_clone=GQ02905_E10_cluster=GQ02905_E10_status=complete_gb=BT106221 2747103
.56 GQ03404_E15.1_clone=GQ03404_E15_cluster=GQ03404_E15_status=complete_gb=BT113302 597154
.22 GQ03404_E15.1_clone=GQ03404_E15_cluster=GQ03404_E15_status=complete_gb=BT113302 2746671
.14 GQ0043_N14.1_clone=GQ0043_N14_cluster=GQ0043_N14_status=53 2734709
.24 GQ0043_N14.1_clone=GQ0043_N14_cluster=GQ0043_N14_status=53 2742416
.38 GQ04010_L08.1_clone=GQ04010_L08_cluster=GQ04010_L08_status=complete_gb=BT118826 228441
.31 GQ04010_L08.1_clone=GQ04010_L08_cluster=GQ04010_L08_status=complete_gb=BT118826 764785
.64 GQ04006_B04.4_clone=GQ04006_B04_cluster=GQ04006_B04_status=complete_gb=BT118407 2808144
.11 GQ04006_B04.4_clone=GQ04006_B04_cluster=GQ04006_B04_status=complete_gb=BT118407 829708
.09 GQ02811_C05.1_clone=GQ02811_C05_cluster=GQ02811_C05_status=complete_gb=BT104501 2729567
.69 GQ02811_C05.1_clone=GQ02811_C05_cluster=GQ02811_C05_status=complete_gb=BT104501 2808047
.66 GQ03410_H23.1_clone=GQ03410_H23_cluster=GQ03410_H23_status=complete_gb=BT113485 2807789
.15 GQ03410_H23.1_clone=GQ03410_H23_cluster=GQ03410_H23_status=complete_gb=BT113485 2076151
.36 GQ03917_O10.3_clone=GQ03917_O10_cluster=GQ03917_O10_status=53 2808046
.38 GQ03917_O10.3_clone=GQ03917_O10_cluster=GQ03917_O10_status=53 2751605
.38 GQ03917_O10.3_clone=GQ03917_O10_cluster=GQ03917_O10_status=53 2729887
.15 GQ03917_O10.3_clone=GQ03917_O10_cluster=GQ03917_O10_status=53 548480
.16 GQ03917_O10.3_clone=GQ03917_O10_cluster=GQ03917_O10_status=53 616891
.29 GQ03715_L17.1_clone=GQ03715_L17_cluster=GQ03715_L17_status=5 2749536
.70 GQ03715_L17.1_clone=GQ03715_L17_cluster=GQ03715_L17_status=5 2742415
.42 GQ03310_N03.1_clone=GQ03310_N03_cluster=GQ03310_N03_status=complete_gb=BT112148 2742526
.56 GQ03310_N03.1_clone=GQ03310_N03_cluster=GQ03310_N03_status=complete_gb=BT112148 2731389
.52 GQ03519_I09.1_clone=GQ03519_I09_cluster=GQ03519_I09_status=complete_gb=BT114700 2808032
.19 GQ03519_I09.1_clone=GQ03519_I09_cluster=GQ03519_I09_status=complete_gb=BT114700 2808032
.88 GQ03512_G17.1_clone=GQ03512_G17_cluster=GQ03512_G17_status=complete_gb=BT114321 2808111
.99 GQ03324_K15.1_clone=GQ03324_K15_cluster=GQ03324_K15_status=complete_gb=BT113023 2808040
.68 GQ02806_H03.2_clone=GQ02806_H03_cluster=GQ02806_H03_status=complete_gb=BT104101 2807929
.18 GQ02806_H03.2_clone=GQ02806_H03_cluster=GQ02806_H03_status=complete_gb=BT104101 2732031
.29 GQ04005_E12.1_clone=GQ04005_E12_cluster=GQ04005_E12_status=complete_gb=BT118339 2736248
.69 GQ04005_E12.1_clone=GQ04005_E12_cluster=GQ04005_E12_status=complete_gb=BT118339 2733194
.10 GQ02904_I05.1_clone=GQ02904_I05_cluster=GQ02904_I05_status=complete_gb=BT106183 2803614
.88 GQ02904_I05.1_clone=GQ02904_I05_cluster=GQ02904_I05_status=complete_gb=BT106183 2808021
.41 GQ04008_D04.1_clone=GQ04008_D04_cluster=GQ04008_D04_status=complete_gb=BT118612 2807341
.42 GQ04008_D04.1_clone=GQ04008_D04_cluster=GQ04008_D04_status=complete_gb=BT118612 2734494
.80 GQ03803_I14.1_clone=GQ03803_I14_cluster=GQ03803_I14_status=complete_gb=BT116623 2732917
.10 GQ03803_I14.1_clone=GQ03803_I14_cluster=GQ03803_I14_status=complete_gb=BT116623 2735582
.94 GQ0046_J03.1_clone=GQ0046_J03_cluster=GQ0046_J03_status=complete_gb=BT100827 2732470
.55 GQ00410_P24.1_clone=GQ00410_P24_cluster=GQ00410_P24_status=complete_gb=BT100683 2808142
.17 GQ00410_P24.1_clone=GQ00410_P24_cluster=GQ00410_P24_status=complete_gb=BT100683 2808142
.77 GQ0043_A12.1_clone=GQ0043_A12_cluster=GQ0043_A12_status=complete_gb=BT100767 2808121
.79 GQ03813_E24.1_clone=GQ03813_E24_cluster=GQ03813_E24_status=complete_gb=BT117126 2807584
.19 GQ03813_E24.1_clone=GQ03813_E24_cluster=GQ03813_E24_status=complete_gb=BT117126 266728
.22 GQ02807_D14.2_clone=GQ02807_D14_cluster=GQ02807_D14_status=complete_gb=BT104177 694543
.23 GQ02807_D14.2_clone=GQ02807_D14_cluster=GQ02807_D14_status=complete_gb=BT104177 2770633
.98 GQ03110_M18.1_clone=GQ03110_M18_cluster=GQ03110_M18_status=complete_gb=BT107635 2808016
.32 GQ04113_F01.2_clone=GQ04113_F01_cluster=GQ04113_F01_status=complete_gb=BT119965 2807784
.23 GQ03508_H15.1_clone=GQ03508_H15_cluster=GQ03508_H15_status=complete_gb=BT114118 881463
.75 GQ03508_H15.1_clone=GQ03508_H15_cluster=GQ03508_H15_status=complete_gb=BT114118 2732679
.99 GQ03201_M10.1_clone=GQ03201_M10_cluster=GQ03201_M10_status=complete_gb=BT108851 2808018
.44 GQ01312_B05.2_clone=GQ01312_B05_cluster=GQ01312_B05_status=complete_gb=BT101749 2730017
.36 GQ01312_B05.2_clone=GQ01312_B05_cluster=GQ01312_B05_status=complete_gb=BT101749 421398
.28 GQ01312_B05.2_clone=GQ01312_B05_cluster=GQ01312_B05_status=complete_gb=BT101749 522194
.22 GQ03126_F18.1_clone=GQ03126_F18_cluster=GQ03126_F18_status=complete_gb=BT108739 2738193
.47 GQ03126_F18.1_clone=GQ03126_F18_cluster=GQ03126_F18_status=complete_gb=BT108739 2808096
.44 GQ03413_I22.2_clone=GQ03413_I22_cluster=GQ03413_I22_status=53 318307
.25 GQ03413_I22.2_clone=GQ03413_I22_cluster=GQ03413_I22_status=53 2753563
.26 GQ03413_I22.2_clone=GQ03413_I22_cluster=GQ03413_I22_status=53 2733637
.15 GQ03413_I22.2_clone=GQ03413_I22_cluster=GQ03413_I22_status=53 524042
.19 GQ03413_I22.2_clone=GQ03413_I22_cluster=GQ03413_I22_status=53 487221
.85 GQ03112_H21.1_clone=GQ03112_H21_cluster=GQ03112_H21_status=complete_gb=BT107766 2808112
.82 GQ03817_B19.1_clone=GQ03817_B19_cluster=GQ03817_B19_status=complete_gb=BT117318 2808133
.09 GQ03817_B19.1_clone=GQ03817_B19_cluster=GQ03817_B19_status=complete_gb=BT117318 1666132
.87 WS00740_P08.1_clone=WS00740_P08_cluster=WS00740_P08_status=3 2807597
.11 WS00740_P08.1_clone=WS00740_P08_cluster=WS00740_P08_status=3 894209
.86 GQ03309_G19.1_clone=GQ03309_G19_cluster=GQ03309_G19_status=complete_gb=BT112061 2808014
.74 GQ02821_G19.1_clone=GQ02821_G19_cluster=GQ02821_G19_status=complete_gb=BT105359 2808063
.11 GQ02821_G19.1_clone=GQ02821_G19_cluster=GQ02821_G19_status=complete_gb=BT105359 711432
.39 GQ04104_F10.1_clone=GQ04104_F10_cluster=GQ04104_F10_status=complete_gb=BT119337 2742169
.35 GQ04104_F10.1_clone=GQ04104_F10_cluster=GQ04104_F10_status=complete_gb=BT119337 2730381
.02 GQ04104_F10.1_clone=GQ04104_F10_cluster=GQ04104_F10_status=complete_gb=BT119337 1924905
.79 GQ03516_C13.1_clone=GQ03516_C13_cluster=GQ03516_C13_status=complete_gb=BT114520 2808090
.15 GQ03516_C13.1_clone=GQ03516_C13_cluster=GQ03516_C13_status=complete_gb=BT114520 2752914
.10 GQ03516_C13.1_clone=GQ03516_C13_cluster=GQ03516_C13_status=complete_gb=BT114520 467107
.39 GQ03219_D07.1_clone=GQ03219_D07_cluster=GQ03219_D07_status=complete_gb=BT110285 2737676
.20 GQ03219_D07.1_clone=GQ03219_D07_cluster=GQ03219_D07_status=complete_gb=BT110285 699681
.86 GQ04113_H06.2_clone=GQ04113_H06_cluster=GQ04113_H06_status=complete_gb=BT119972 2808062
.16 GQ03236_K06.1_clone=GQ03236_K06_cluster=GQ03236_K06_status=complete_gb=BT111373 1009503
.82 GQ03236_K06.1_clone=GQ03236_K06_cluster=GQ03236_K06_status=complete_gb=BT111373 2747593
.89 GQ02817_N01.1_clone=GQ02817_N01_cluster=GQ02817_N01_status=complete_gb=BT105029 2808105
.99 GQ03006_A04.1_clone=GQ03006_A04_cluster=GQ03006_A04_status=complete_gb=BT106596 2807935
.40 GQ02905_K03.2_clone=GQ02905_K03_cluster=GQ02905_K03_status=complete_gb=BT106232 2756791
.54 GQ02905_K03.2_clone=GQ02905_K03_cluster=GQ02905_K03_status=complete_gb=BT106232 2807620
.23 GQ03301_D03.1_clone=GQ03301_D03_cluster=GQ03301_D03_status=complete_gb=BT111601 2729960
.75 GQ03301_D03.1_clone=GQ03301_D03_cluster=GQ03301_D03_status=complete_gb=BT111601 2807497
.63 GQ03106_P07.1_clone=GQ03106_P07_cluster=GQ03106_P07_status=complete_gb=BT107389 2740029
.22 GQ03106_P07.1_clone=GQ03106_P07_cluster=GQ03106_P07_status=complete_gb=BT107389 1687142
.42 GQ02822_H16.1_clone=GQ02822_H16_cluster=GQ02822_H16_status=complete_gb=BT105437 2807654
.34 GQ02822_H16.1_clone=GQ02822_H16_cluster=GQ02822_H16_status=complete_gb=BT105437 2733546
.85 GQ04003_D22.1_clone=GQ04003_D22_cluster=GQ04003_D22_status=complete_gb=BT118174 2807773
.87 GQ03111_N13.1_clone=GQ03111_N13_cluster=GQ03111_N13_status=complete_gb=BT107712 2730285
.21 GQ02811_N01.1_clone=GQ02811_N01_cluster=GQ02811_N01_status=complete_gb=BT104559 2731682
.35 GQ02811_N01.1_clone=GQ02811_N01_cluster=GQ02811_N01_status=complete_gb=BT104559 53792
.43 GQ03607_D18.1_clone=GQ03607_D18_cluster=GQ03607_D18_status=complete_gb=BT115011 2807710
.21 GQ03123_J03.1_clone=GQ03123_J03_cluster=GQ03123_J03_status=complete_gb=BT108561 2734879
.58 GQ03123_J03.1_clone=GQ03123_J03_cluster=GQ03123_J03_status=complete_gb=BT108561 913077
.48 GQ02806_N02.2_clone=GQ02806_N02_cluster=GQ02806_N02_status=complete_gb=BT104135 2808085
.17 GQ02806_N02.2_clone=GQ02806_N02_cluster=GQ02806_N02_status=complete_gb=BT104135 457049
.13 GQ02806_N02.2_clone=GQ02806_N02_cluster=GQ02806_N02_status=complete_gb=BT104135 567020
.11 GQ02806_N02.2_clone=GQ02806_N02_cluster=GQ02806_N02_status=complete_gb=BT104135 930794
.20 GQ04103_H13.1_clone=GQ04103_H13_cluster=GQ04103_H13_status=complete_gb=BT119274 2808134
.11 GQ04103_H13.1_clone=GQ04103_H13_cluster=GQ04103_H13_status=complete_gb=BT119274 2730392
.11 GQ04103_H13.1_clone=GQ04103_H13_cluster=GQ04103_H13_status=complete_gb=BT119274 2732929
.11 GQ04103_H13.1_clone=GQ04103_H13_cluster=GQ04103_H13_status=complete_gb=BT119274 1125319
.29 GQ0203_C12.1_clone=GQ0203_C12_cluster=GQ0203_C12_status=complete_gb=BT102915 2731151
.27 GQ0203_C12.1_clone=GQ0203_C12_cluster=GQ0203_C12_status=complete_gb=BT102915 443448
.24 GQ0203_C12.1_clone=GQ0203_C12_cluster=GQ0203_C12_status=complete_gb=BT102915 285566
.22 GQ0203_C12.1_clone=GQ0203_C12_cluster=GQ0203_C12_status=complete_gb=BT102915 568881
.22 GQ0203_C12.1_clone=GQ0203_C12_cluster=GQ0203_C12_status=complete_gb=BT102915 385620
.46 WS00830_H04.1_clone=WS00830_H04_cluster=WS00830_H04_status=complete 2733471
.29 WS00830_H04.1_clone=WS00830_H04_cluster=WS00830_H04_status=complete 1051326
.74 WS00721_G24.1_clone=WS00721_G24_cluster=WS00721_G24_status=3 2752535
.20 WS00721_G24.1_clone=WS00721_G24_cluster=WS00721_G24_status=3 2736496
.19 WS00721_G24.1_clone=WS00721_G24_cluster=WS00721_G24_status=3 2741816
.17 WS00721_G24.1_clone=WS00721_G24_cluster=WS00721_G24_status=3 2745968
.15 WS00721_G24.1_clone=WS00721_G24_cluster=WS00721_G24_status=3 2743626
.78 GQ02816_L06.1_clone=GQ02816_L06_cluster=GQ02816_L06_status=complete_gb=BT104932 2808026
.16 GQ02816_L06.1_clone=GQ02816_L06_cluster=GQ02816_L06_status=complete_gb=BT104932 530816
.16 GQ02816_L06.1_clone=GQ02816_L06_cluster=GQ02816_L06_status=complete_gb=BT104932 720726
.16 GQ02816_L06.1_clone=GQ02816_L06_cluster=GQ02816_L06_status=complete_gb=BT104932 2748270
.16 GQ02816_L06.1_clone=GQ02816_L06_cluster=GQ02816_L06_status=complete_gb=BT104932 152348
.70 GQ03604_M07.1_clone=GQ03604_M07_cluster=GQ03604_M07_status=complete_gb=BT114900 2807560
.32 GQ03719_F15.1_clone=GQ03719_F15_cluster=GQ03719_F15_status=complete_gb=BT116477 2732213
.22 GQ03719_F15.1_clone=GQ03719_F15_cluster=GQ03719_F15_status=complete_gb=BT116477 525730
.33 GQ0021_M15.1_clone=GQ0021_M15_cluster=GQ0021_M15_status=complete_gb=BT100504 419085
.15 GQ0021_M15.1_clone=GQ0021_M15_cluster=GQ0021_M15_status=complete_gb=BT100504 495006
.28 GQ0021_M15.1_clone=GQ0021_M15_cluster=GQ0021_M15_status=complete_gb=BT100504 818594
.14 GQ0021_M15.1_clone=GQ0021_M15_cluster=GQ0021_M15_status=complete_gb=BT100504 484915
.07 GQ01302_K06.3_clone=GQ01302_K06_cluster=GQ01302_K06_status=complete_gb=BT101370 2761580
.08 GQ01302_K06.3_clone=GQ01302_K06_cluster=GQ01302_K06_status=complete_gb=BT101370 2545806
.04 GQ01302_K06.3_clone=GQ01302_K06_cluster=GQ01302_K06_status=complete_gb=BT101370 2790285
.08 GQ01302_K06.3_clone=GQ01302_K06_cluster=GQ01302_K06_status=complete_gb=BT101370 2761579
.15 GQ01302_K06.3_clone=GQ01302_K06_cluster=GQ01302_K06_status=complete_gb=BT101370 818594
.87 GQ03902_N15.1_clone=GQ03902_N15_cluster=GQ03902_N15_status=complete_gb=BT117545 2808068
.71 GQ03201_O13.1_clone=GQ03201_O13_cluster=GQ03201_O13_status=complete_gb=BT108861 2808101
.20 GQ04006_K06.1_clone=GQ04006_K06_cluster=GQ04006_K06_status=complete_gb=BT118460 803379
.59 GQ04006_K06.1_clone=GQ04006_K06_cluster=GQ04006_K06_status=complete_gb=BT118460 2808071
.36 GQ03503_N13.1_clone=GQ03503_N13_cluster=GQ03503_N13_status=complete_gb=BT113896 2768264
.32 GQ03503_N13.1_clone=GQ03503_N13_cluster=GQ03503_N13_status=complete_gb=BT113896 1187960
.81 GQ04013_G22.1_clone=GQ04013_G22_cluster=GQ04013_G22_status=complete_gb=BT119015 2808030
.12 GQ03813_D14.1_clone=GQ03813_D14_cluster=GQ03813_D14_status=complete_gb=BT117120 1829676
.10 GQ03813_D14.1_clone=GQ03813_D14_cluster=GQ03813_D14_status=complete_gb=BT117120 2787861
.09 GQ03813_D14.1_clone=GQ03813_D14_cluster=GQ03813_D14_status=complete_gb=BT117120 2535180
.52 GQ02803_F20.4_clone=GQ02803_F20_cluster=GQ02803_F20_status=53 2735484
.42 GQ02803_F20.4_clone=GQ02803_F20_cluster=GQ02803_F20_status=53 2735484
.15 GQ02806_N22.1_clone=GQ02806_N22_cluster=GQ02806_N22_status=complete_gb=BT104141 659950
.73 GQ02806_N22.1_clone=GQ02806_N22_cluster=GQ02806_N22_status=complete_gb=BT104141 2807635
.35 GQ02010_E18.1_clone=GQ02010_E18_cluster=GQ02010_E18_status=complete_gb=BT102657 2808078
.46 GQ03418_H15.1_clone=GQ03418_H15_cluster=GQ03418_H15_status=complete_gb=BT113722 2733476
.19 GQ03418_H15.1_clone=GQ03418_H15_cluster=GQ03418_H15_status=complete_gb=BT113722 613728
.48 GQ03104_H07.2_clone=GQ03104_H07_cluster=GQ03104_H07_status=complete_gb=BT107212 2807354
.51 GQ03207_A13.1_clone=GQ03207_A13_cluster=GQ03207_A13_status=complete_gb=BT109314 2807503
.32 GQ03207_A13.1_clone=GQ03207_A13_cluster=GQ03207_A13_status=complete_gb=BT109314 964220
.32 GQ03207_A13.1_clone=GQ03207_A13_cluster=GQ03207_A13_status=complete_gb=BT109314 2733448
.59 WS0053_D10.1_clone=WS0053_D10_cluster=WS0053_D10_status=complete 370503
.38 WS0053_D10.1_clone=WS0053_D10_cluster=WS0053_D10_status=complete 1963546
.95 GQ03709_L23.1_clone=GQ03709_L23_cluster=GQ03709_L23_status=complete_gb=BT115978 2808011
.63 GQ02807_A05.1_clone=GQ02807_A05_cluster=GQ02807_A05_status=complete_gb=BT104155 2807755
.14 GQ02807_A05.1_clone=GQ02807_A05_cluster=GQ02807_A05_status=complete_gb=BT104155 1145374
.81 GQ03615_K16.1_clone=GQ03615_K16_cluster=GQ03615_K16_status=complete_gb=BT115397 2763555
.22 GQ03609_G04.1_clone=GQ03609_G04_cluster=GQ03609_G04_status=complete_gb=BT115107 2735804
.67 GQ03609_G04.1_clone=GQ03609_G04_cluster=GQ03609_G04_status=complete_gb=BT115107 2733350
.73 GQ03321_L08.1_clone=GQ03321_L08_cluster=GQ03321_L08_status=complete_gb=BT112846 2730063
.25 GQ03321_L08.1_clone=GQ03321_L08_cluster=GQ03321_L08_status=complete_gb=BT112846 2807816
.99 GQ04009_N09.1_clone=GQ04009_N09_cluster=GQ04009_N09_status=complete_gb=BT118749 2808109
.79 GQ0196_H19.1_clone=GQ0196_H19_cluster=GQ0196_H19_status=complete_gb=BT102556 2733335
.17 GQ0196_H19.1_clone=GQ0196_H19_cluster=GQ0196_H19_status=complete_gb=BT102556 792405
.27 GQ03912_H23.4_clone=GQ03912_H23_cluster=GQ03912_H23_status=53 156502
.65 GQ03912_H23.4_clone=GQ03912_H23_cluster=GQ03912_H23_status=53 2744925
.23 GQ03702_D23.1_clone=GQ03702_D23_cluster=GQ03702_D23_status=complete_gb=BT115593 2807334
.31 GQ03702_D23.1_clone=GQ03702_D23_cluster=GQ03702_D23_status=complete_gb=BT115593 2807334
.78 GQ03314_K05.1_clone=GQ03314_K05_cluster=GQ03314_K05_status=complete_gb=BT112407 2807619
.07 GQ03314_K05.1_clone=GQ03314_K05_cluster=GQ03314_K05_status=complete_gb=BT112407 2553903
.69 GQ03320_D24.2_clone=GQ03320_D24_cluster=GQ03320_D24_status=complete_gb=BT112738 2808086
.25 GQ03320_D24.2_clone=GQ03320_D24_cluster=GQ03320_D24_status=complete_gb=BT112738 703012
.77 GQ03711_N06.1_clone=GQ03711_N06_cluster=GQ03711_N06_status=complete_gb=BT116099 2807913
.77 GQ03719_E05.2_clone=GQ03719_E05_cluster=GQ03719_E05_status=complete_gb=BT116474 2808092
.74 GQ03211_J09.1_clone=GQ03211_J09_cluster=GQ03211_J09_status=complete_gb=BT109696 2807659
.19 GQ03211_J09.1_clone=GQ03211_J09_cluster=GQ03211_J09_status=complete_gb=BT109696 1174522
.45 GQ03709_E11.1_clone=GQ03709_E11_cluster=GQ03709_E11_status=complete_gb=BT115948 2730634
.31 GQ03709_E11.1_clone=GQ03709_E11_cluster=GQ03709_E11_status=complete_gb=BT115948 604155
.05 GQ03709_E11.1_clone=GQ03709_E11_cluster=GQ03709_E11_status=complete_gb=BT115948 912547
.24 GQ02901_J23.1_clone=GQ02901_J23_cluster=GQ02901_J23_status=complete_gb=BT106028 2757445
.75 GQ02901_J23.1_clone=GQ02901_J23_cluster=GQ02901_J23_status=complete_gb=BT106028 2807541
.31 GQ03219_L19.2_clone=GQ03219_L19_cluster=GQ03219_L19_status=53 2808027
.26 GQ03219_L19.2_clone=GQ03219_L19_cluster=GQ03219_L19_status=53 2765144
.11 GQ03219_L19.2_clone=GQ03219_L19_cluster=GQ03219_L19_status=53 2808027
.49 GQ03113_P07.1_clone=GQ03113_P07_cluster=GQ03113_P07_status=complete_gb=BT107890 2806992
.27 GQ03113_P07.1_clone=GQ03113_P07_cluster=GQ03113_P07_status=complete_gb=BT107890 2731519
.28 GQ03113_P07.1_clone=GQ03113_P07_cluster=GQ03113_P07_status=complete_gb=BT107890 2729661
.48 GQ0044_L01.1_clone=GQ0044_L01_cluster=GQ0044_L01_status=complete_gb=BT100795 2730635
.04 GQ0044_L01.1_clone=GQ0044_L01_cluster=GQ0044_L01_status=complete_gb=BT100795 1530878
.28 GQ03326_I14.1_clone=GQ03326_I14_cluster=GQ03326_I14_status=complete_gb=BT113163 2732220
.71 GQ03326_I14.1_clone=GQ03326_I14_cluster=GQ03326_I14_status=complete_gb=BT113163 2807400
.15 GQ03705_K23.2_clone=GQ03705_K23_cluster=GQ03705_K23_status=complete_gb=BT115761 891499
.69 GQ03705_K23.2_clone=GQ03705_K23_cluster=GQ03705_K23_status=complete_gb=BT115761 2808009
.54 GQ03212_B02.1_clone=GQ03212_B02_cluster=GQ03212_B02_status=complete_gb=BT109755 2808072
.18 GQ03212_B02.1_clone=GQ03212_B02_cluster=GQ03212_B02_status=complete_gb=BT109755 1232857
.69 GQ0197_E05.1_clone=GQ0197_E05_cluster=GQ0197_E05_status=complete_gb=BT102588 2807158
.09 GQ0197_E05.1_clone=GQ0197_E05_cluster=GQ0197_E05_status=complete_gb=BT102588 2772105
.89 GQ03819_C18.1_clone=GQ03819_C18_cluster=GQ03819_C18_status=complete_gb=BT117418 291941
.03 GQ03819_C18.1_clone=GQ03819_C18_cluster=GQ03819_C18_status=complete_gb=BT117418 2735247
.22 GQ02812_J15.1_clone=GQ02812_J15_cluster=GQ02812_J15_status=complete_gb=BT104617 2759428
.22 GQ02812_J15.1_clone=GQ02812_J15_cluster=GQ02812_J15_status=complete_gb=BT104617 2734215
.27 GQ02808_F23.1_clone=GQ02808_F23_cluster=GQ02808_F23_status=complete_gb=BT104262 2737954
.61 GQ02808_F23.1_clone=GQ02808_F23_cluster=GQ02808_F23_status=complete_gb=BT104262 2807638
.69 GQ03808_H10.1_clone=GQ03808_H10_cluster=GQ03808_H10_status=complete_gb=BT116875 2730799
.30 GQ03808_H10.1_clone=GQ03808_H10_cluster=GQ03808_H10_status=complete_gb=BT116875 2742531
.52 GQ02814_H05.1_clone=GQ02814_H05_cluster=GQ02814_H05_status=complete_gb=BT104752 2807849
.46 GQ02814_H05.1_clone=GQ02814_H05_cluster=GQ02814_H05_status=complete_gb=BT104752 2740463
.09 GQ02908_D23.1_clone=GQ02908_D23_cluster=GQ02908_D23_status=complete_gb=BT106364 2733193
.78 GQ02908_D23.1_clone=GQ02908_D23_cluster=GQ02908_D23_status=complete_gb=BT106364 2731565
.21 GQ03719_I08.1_clone=GQ03719_I08_cluster=GQ03719_I08_status=complete_gb=BT116483 2744148
.22 GQ03719_I08.1_clone=GQ03719_I08_cluster=GQ03719_I08_status=complete_gb=BT116483 2735748
.28 GQ03415_L05.1_clone=GQ03415_L05_cluster=GQ03415_L05_status=complete_gb=BT113632 2732718
.54 GQ03415_L05.1_clone=GQ03415_L05_cluster=GQ03415_L05_status=complete_gb=BT113632 422136
.23 GQ03806_H09.1_clone=GQ03806_H09_cluster=GQ03806_H09_status=complete_gb=BT116774 2750464
.14 GQ03806_H09.1_clone=GQ03806_H09_cluster=GQ03806_H09_status=complete_gb=BT116774 2735672
.37 GQ03701_F06.1_clone=GQ03701_F06_cluster=GQ03701_F06_status=complete_gb=BT115541 2808064
.28 GQ03701_F06.1_clone=GQ03701_F06_cluster=GQ03701_F06_status=complete_gb=BT115541 2808064
.85 GQ02813_I17.1_clone=GQ02813_I17_cluster=GQ02813_I17_status=complete_gb=BT104689 2807720
.39 GQ04105_G01.1_clone=GQ04105_G01_cluster=GQ04105_G01_status=complete_gb=BT119415 2808010
.17 GQ04105_G01.1_clone=GQ04105_G01_cluster=GQ04105_G01_status=complete_gb=BT119415 2808010
.71 GQ02010_M17.1_clone=GQ02010_M17_cluster=GQ02010_M17_status=complete_gb=BT102673 2808120
.47 GQ04109_H22.1_clone=GQ04109_H22_cluster=GQ04109_H22_status=complete_gb=BT119743 2731195
.56 GQ03212_C18.1_clone=GQ03212_C18_cluster=GQ03212_C18_status=complete_gb=BT109767 2766304
.13 GQ03212_C18.1_clone=GQ03212_C18_cluster=GQ03212_C18_status=complete_gb=BT109767 1399720
.28 GQ03007_K03.1_clone=GQ03007_K03_cluster=GQ03007_K03_status=complete_gb=BT106670 2743869
.33 GQ03007_K03.1_clone=GQ03007_K03_cluster=GQ03007_K03_status=complete_gb=BT106670 2807601
.38 GQ02813_O11.1_clone=GQ02813_O11_cluster=GQ02813_O11_status=complete_gb=BT104712 2741844
.41 GQ02813_O11.1_clone=GQ02813_O11_cluster=GQ02813_O11_status=complete_gb=BT104712 2736461
.57 GQ04006_P06.2_clone=GQ04006_P06_cluster=GQ04006_P06_status=complete_gb=BT118495 2807765
.14 GQ04006_P06.2_clone=GQ04006_P06_cluster=GQ04006_P06_status=complete_gb=BT118495 2480973
.33 GQ03231_K23.1_clone=GQ03231_K23_cluster=GQ03231_K23_status=complete_gb=BT111037 2749006
.30 GQ03231_K23.1_clone=GQ03231_K23_cluster=GQ03231_K23_status=complete_gb=BT111037 2755870
.30 GQ03231_K23.1_clone=GQ03231_K23_cluster=GQ03231_K23_status=complete_gb=BT111037 612583
.23 GQ03231_K23.1_clone=GQ03231_K23_cluster=GQ03231_K23_status=complete_gb=BT111037 465120
.22 GQ03231_K23.1_clone=GQ03231_K23_cluster=GQ03231_K23_status=complete_gb=BT111037 1002946
.24 GQ02826_A07.1_clone=GQ02826_A07_cluster=GQ02826_A07_status=complete_gb=BT105675 2773455
.31 GQ03915_N11.2_clone=GQ03915_N11_cluster=GQ03915_N11_status=53 2808140
.88 GQ03232_B15.1_clone=GQ03232_B15_cluster=GQ03232_B15_status=complete_gb=BT111056 2808115
.81 GQ03816_J07.1_clone=GQ03816_J07_cluster=GQ03816_J07_status=complete_gb=BT117293 2808131
.53 GQ03113_B04.1_clone=GQ03113_B04_cluster=GQ03113_B04_status=complete_gb=BT107820 2808035
.15 GQ02904_O11.1_clone=GQ02904_O11_cluster=GQ02904_O11_status=complete_gb=BT106201 2745176
.83 GQ02904_O11.1_clone=GQ02904_O11_cluster=GQ02904_O11_status=complete_gb=BT106201 2808045
.40 GQ03611_A10.1_clone=GQ03611_A10_cluster=GQ03611_A10_status=complete_gb=BT115189 2770546
.59 GQ03611_A10.1_clone=GQ03611_A10_cluster=GQ03611_A10_status=complete_gb=BT115189 2736983
.86 GQ04101_E13.1_clone=GQ04101_E13_cluster=GQ04101_E13_status=complete_gb=BT119085 2808017
.65 GQ03002_L22.1_clone=GQ03002_L22_cluster=GQ03002_L22_status=complete_gb=BT106486 2808087
.33 GQ03002_L22.1_clone=GQ03002_L22_cluster=GQ03002_L22_status=complete_gb=BT106486 2808087
.82 GQ04001_P11.1_clone=GQ04001_P11_cluster=GQ04001_P11_status=complete_gb=BT118067 2808069
.11 GQ04001_P11.1_clone=GQ04001_P11_cluster=GQ04001_P11_status=complete_gb=BT118067 1095557
.40 GQ02822_H21.2_clone=GQ02822_H21_cluster=GQ02822_H21_status=5 2807369
.60 GQ04011_K06.1_clone=GQ04011_K06_cluster=GQ04011_K06_status=complete_gb=BT118898 2807981
.39 GQ04011_K06.1_clone=GQ04011_K06_cluster=GQ04011_K06_status=complete_gb=BT118898 2730452
