.52 maker-168565333-augustus-gene-0.69-mRNA-1 4118242
.19 maker-168565333-augustus-gene-0.69-mRNA-1 4131043
.26 maker-167801414-snap-gene-0.10-mRNA-2 118121
.73 maker-167801414-snap-gene-0.10-mRNA-2 4248511
.28 maker-168550822-snap-gene-0.53-mRNA-1 4249009
.14 maker-168550822-snap-gene-0.53-mRNA-1 285080
.82 maker-168549200-snap-gene-0.26-mRNA-1 4248989
.39 maker-168307430-snap-gene-0.26-mRNA-1 4125822
.59 snap_masked-165618660-processed-gene-0.3-mRNA-1 1569639
.33 snap_masked-165618660-processed-gene-0.3-mRNA-1 268733
.46 maker-168553510-snap-gene-0.54-mRNA-1 645177
.46 maker-168553510-snap-gene-0.54-mRNA-1 4141135
.46 maker-168553510-snap-gene-0.54-mRNA-1 222900
.46 maker-168553510-snap-gene-0.54-mRNA-1 4140575
.46 maker-168553510-snap-gene-0.54-mRNA-1 4248171
.82 maker-168471384-snap-gene-0.13-mRNA-1 4248804
.07 maker-168471384-snap-gene-0.13-mRNA-1 3492480
.80 maker-168524732-snap-gene-0.36-mRNA-1 4248036
.17 maker-168524732-snap-gene-0.36-mRNA-1 564465
.17 maker-168524732-snap-gene-0.36-mRNA-1 756269
.14 maker-168524732-snap-gene-0.36-mRNA-1 777545
.14 maker-168524732-snap-gene-0.36-mRNA-1 2045775
.67 snap_masked-168129150-processed-gene-0.58-mRNA-1 4249005
.11 snap_masked-168129150-processed-gene-0.58-mRNA-1 741354
.11 snap_masked-168129150-processed-gene-0.58-mRNA-1 567737
.27 maker-162029178-snap-gene-0.5-mRNA-1 796094
.41 maker-162029178-snap-gene-0.5-mRNA-1 4130761
.53 maker-164124093-snap-gene-0.5-mRNA-1 1789118
.13 maker-164124093-snap-gene-0.5-mRNA-1 2767661
.32 maker-168191443-snap-gene-0.141-mRNA-1 4126374
.59 maker-168191443-snap-gene-0.141-mRNA-1 4248941
.17 maker-161915945-augustus-gene-0.4-mRNA-1 4119298
.21 maker-161915945-augustus-gene-0.4-mRNA-1 593673
.56 maker-164591750-augustus-gene-0.3-mRNA-1 4137970
.15 maker-164591750-augustus-gene-0.3-mRNA-1 3368146
.88 maker-168507418-snap-gene-1.54-mRNA-2 4248937
.08 maker-168507418-snap-gene-1.54-mRNA-2 296845
.18 maker-168186684-augustus-gene-0.21-mRNA-1 467226
.11 maker-168186684-augustus-gene-0.21-mRNA-1 467227
.38 augustus_masked-168335908-processed-gene-0.0-mRNA-1 4248943
.26 augustus_masked-168335908-processed-gene-0.0-mRNA-1 4248942
.15 augustus_masked-168335908-processed-gene-0.0-mRNA-1 4156143
.52 snap_masked-168547409-processed-gene-0.34-mRNA-1 4128917
.39 snap_masked-168547409-processed-gene-0.34-mRNA-1 855923
.88 augustus_masked-168438758-processed-gene-0.11-mRNA-1 4125743
.03 augustus_masked-168438758-processed-gene-0.11-mRNA-1 963790
.27 maker-168208252-snap-gene-0.84-mRNA-3 4248968
.12 maker-168208252-snap-gene-0.84-mRNA-3 4121372
.05 maker-168208252-snap-gene-0.84-mRNA-3 4173256
.90 maker-168570208-snap-gene-0.39-mRNA-1 4248994
.74 maker-168480251-augustus-gene-0.57-mRNA-1 4248767
.15 maker-168480251-augustus-gene-0.57-mRNA-1 3179528
.13 maker-168570929-augustus-gene-0.41-mRNA-1 2235947
.86 maker-168570929-augustus-gene-0.41-mRNA-1 4248598
.79 snap_masked-168550564-processed-gene-0.102-mRNA-1 4248613
.09 snap_masked-168550564-processed-gene-0.102-mRNA-1 870870
.51 augustus_masked-168391043-processed-gene-0.3-mRNA-1 4248906
.15 augustus_masked-168391043-processed-gene-0.3-mRNA-1 432010
.14 augustus_masked-168391043-processed-gene-0.3-mRNA-1 4197253
.16 augustus_masked-168391043-processed-gene-0.3-mRNA-1 2302414
.13 augustus_masked-168391043-processed-gene-0.3-mRNA-1 432011
.10 augustus_masked-168569156-processed-gene-3.63-mRNA-1 4125048
.83 augustus_masked-168569156-processed-gene-3.63-mRNA-1 4248845
.09 augustus_masked-168389727-processed-gene-0.2-mRNA-1 664616
.58 maker-167828815-augustus-gene-0.12-mRNA-1 4137228
.33 maker-167828815-augustus-gene-0.12-mRNA-1 4248514
.20 maker-167828815-augustus-gene-0.12-mRNA-1 4188432
.14 maker-167828815-augustus-gene-0.12-mRNA-1 1400447
.33 maker-162653869-augustus-gene-0.3-mRNA-1 4135225
.22 maker-162653869-augustus-gene-0.3-mRNA-1 1054051
.89 augustus_masked-168577140-processed-gene-0.0-mRNA-1 4248445
.38 maker-168315332-snap-gene-0.27-mRNA-1 1285181
.23 maker-168315332-snap-gene-0.27-mRNA-1 2692948
.22 maker-168315332-snap-gene-0.27-mRNA-1 2887001
.36 genemark-166840047-processed-gene-0.1-mRNA-1 2168055
.36 genemark-166840047-processed-gene-0.1-mRNA-1 1139372
.58 maker-168441275-augustus-gene-0.55-mRNA-1 4248920
.26 maker-168577556-augustus-gene-0.31-mRNA-1 673840
.02 maker-168577556-augustus-gene-0.31-mRNA-1 4123588
.57 maker-168399250-snap-gene-1.86-mRNA-1 4248985
.71 snap_masked-168503149-processed-gene-0.19-mRNA-1 4248873
.18 snap_masked-168503149-processed-gene-0.19-mRNA-1 2889822
.30 maker-165341703-augustus-gene-0.3-mRNA-1 4119349
.44 maker-165341703-augustus-gene-0.3-mRNA-1 4248695
.74 maker-168577025-snap-gene-0.64-mRNA-1 4248619
.29 maker-167865223-augustus-gene-0.47-mRNA-1 4248905
.35 maker-167865223-augustus-gene-0.47-mRNA-1 4248981
.76 maker-168344240-augustus-gene-0.18-mRNA-1 4248956
.22 maker-168344240-augustus-gene-0.18-mRNA-1 4248956
.32 maker-163733384-augustus-gene-0.3-mRNA-1 4119868
.32 maker-163733384-augustus-gene-0.3-mRNA-1 4170165
.17 maker-163733384-augustus-gene-0.3-mRNA-1 815498
.16 maker-163733384-augustus-gene-0.3-mRNA-1 901905
.14 maker-163733384-augustus-gene-0.3-mRNA-1 4124000
.54 augustus_masked-167284458-processed-gene-0.0-mRNA-1 4248766
.31 augustus_masked-167284458-processed-gene-0.0-mRNA-1 4154188
.12 maker-167819044-augustus-gene-0.32-mRNA-1 4119577
.77 maker-167819044-augustus-gene-0.32-mRNA-1 4248530
.18 augustus_masked-168516333-processed-gene-0.4-mRNA-1 943691
.67 augustus_masked-168516333-processed-gene-0.4-mRNA-1 4124854
.42 maker-168252635-augustus-gene-0.47-mRNA-1 4248640
.56 maker-168252635-augustus-gene-0.47-mRNA-1 4155819
.30 genemark-168364576-processed-gene-0.20-mRNA-1 4118015
.67 genemark-168364576-processed-gene-0.20-mRNA-1 1459180
.37 augustus_masked-168575934-processed-gene-0.1-mRNA-1 4146645
.37 augustus_masked-168575934-processed-gene-0.1-mRNA-1 4139106
.99 maker-168577285-augustus-gene-0.52-mRNA-1 4249008
.09 maker-168451640-augustus-gene-0.27-mRNA-1 2338746
.84 maker-168569475-augustus-gene-0.52-mRNA-1 4248899
.10 maker-168569475-augustus-gene-0.52-mRNA-1 4161868
.65 augustus_masked-168398686-processed-gene-0.8-mRNA-1 1318594
.33 augustus_masked-168398686-processed-gene-0.8-mRNA-1 601161
.49 genemark-167815251-processed-gene-0.12-mRNA-1 4248460
.53 maker-168253976-snap-gene-0.19-mRNA-1 4128200
.25 maker-168253976-snap-gene-0.19-mRNA-1 4130359
.11 maker-168253976-snap-gene-0.19-mRNA-1 4183196
.20 maker-168575955-snap-gene-0.22-mRNA-1 4133464
.63 maker-168575955-snap-gene-0.22-mRNA-1 4125383
.50 maker-168569674-augustus-gene-0.41-mRNA-1 1172196
.50 maker-168569674-augustus-gene-0.41-mRNA-1 4123824
.23 maker-168569674-augustus-gene-0.41-mRNA-1 838513
.23 maker-168569674-augustus-gene-0.41-mRNA-1 563968
.23 maker-168569674-augustus-gene-0.41-mRNA-1 4118313
.80 augustus_masked-168423319-processed-gene-0.4-mRNA-1 4136379
.08 augustus_masked-168423319-processed-gene-0.4-mRNA-1 3600021
.34 maker-164560369-snap-gene-0.4-mRNA-1 4248378
.65 maker-164560369-snap-gene-0.4-mRNA-1 4133236
.25 augustus_masked-168418942-processed-gene-0.9-mRNA-1 729822
.09 augustus_masked-168418942-processed-gene-0.9-mRNA-1 1355867
.12 augustus_masked-168418942-processed-gene-0.9-mRNA-1 4122426
.08 augustus_masked-168418942-processed-gene-0.9-mRNA-1 248265
.26 maker-165796197-augustus-gene-0.4-mRNA-1 425083
.17 maker-165796197-augustus-gene-0.4-mRNA-1 4118828
.87 maker-168424764-snap-gene-0.30-mRNA-1 4248996
.06 maker-168424764-snap-gene-0.30-mRNA-1 4184080
.50 augustus_masked-166074317-processed-gene-0.0-mRNA-1 4120709
.49 augustus_masked-166074317-processed-gene-0.0-mRNA-1 738005
.61 snap_masked-164112256-processed-gene-0.2-mRNA-1 4118151
.24 snap_masked-164112256-processed-gene-0.2-mRNA-1 4206368
.31 snap_masked-168577046-processed-gene-0.35-mRNA-1 4157415
.14 snap_masked-168577046-processed-gene-0.35-mRNA-1 1691662
.80 maker-168526002-snap-gene-0.25-mRNA-1 4248955
.09 maker-168526002-snap-gene-0.25-mRNA-1 4139756
.50 genemark-168577075-processed-gene-0.3-mRNA-1 582039
.26 genemark-168577075-processed-gene-0.3-mRNA-1 4248515
.28 maker-168182714-augustus-gene-0.3-mRNA-2 4248524
.05 maker-168182714-augustus-gene-0.3-mRNA-2 288587
.03 maker-168182714-augustus-gene-0.3-mRNA-2 147224
.01 maker-168182714-augustus-gene-0.3-mRNA-2 4123729
.73 maker-168548205-snap-gene-0.24-mRNA-1 4126632
.10 maker-168548205-snap-gene-0.24-mRNA-1 3437118
.57 snap_masked-168568128-processed-gene-0.46-mRNA-1 4118151
.01 snap_masked-168568128-processed-gene-0.46-mRNA-1 4210226
.04 snap_masked-168568128-processed-gene-0.46-mRNA-1 4169722
.39 maker-167875766-augustus-gene-0.5-mRNA-1 4130113
.20 maker-167875766-augustus-gene-0.5-mRNA-1 4152384
.10 maker-167875766-augustus-gene-0.5-mRNA-1 1384951
.88 maker-168560986-snap-gene-0.90-mRNA-1 4248343
.07 maker-168560986-snap-gene-0.90-mRNA-1 4195735
.83 maker-168399359-snap-gene-0.30-mRNA-1 4248979
.16 maker-168399359-snap-gene-0.30-mRNA-1 4121665
.74 augustus_masked-168191497-processed-gene-0.34-mRNA-1 3347
.24 augustus_masked-168191497-processed-gene-0.34-mRNA-1 1818195
.65 augustus_masked-161515271-processed-gene-0.0-mRNA-1 4118496
.45 maker-162605827-snap-gene-0.3-mRNA-1 176726
.32 maker-162605827-snap-gene-0.3-mRNA-1 600336
.48 augustus_masked-167856030-processed-gene-0.0-mRNA-1 478527
.38 augustus_masked-167856030-processed-gene-0.0-mRNA-1 1470308
.25 augustus_masked-167856030-processed-gene-0.0-mRNA-1 4188351
.20 augustus_masked-167856030-processed-gene-0.0-mRNA-1 4214527
.20 augustus_masked-167856030-processed-gene-0.0-mRNA-1 4157066
.24 augustus_masked-167812213-processed-gene-0.12-mRNA-1 4123640
.73 augustus_masked-167812213-processed-gene-0.12-mRNA-1 4122834
.72 maker-168379418-snap-gene-0.42-mRNA-1 4248990
.46 maker-168239269-augustus-gene-0.34-mRNA-1 1786569
.48 maker-168239269-augustus-gene-0.34-mRNA-1 4129657
.99 maker-168234076-snap-gene-0.75-mRNA-1 4199155
.99 maker-168464835-snap-gene-0.51-mRNA-1 4249002
.79 maker-168471628-snap-gene-0.18-mRNA-1 4249006
.09 maker-168471628-snap-gene-0.18-mRNA-1 4131233
.34 genemark-167703041-processed-gene-0.0-mRNA-1 4129825
.11 genemark-167703041-processed-gene-0.0-mRNA-1 1798330
.61 augustus_masked-168447100-processed-gene-0.0-mRNA-1 4130721
.60 augustus_masked-168447100-processed-gene-0.0-mRNA-1 1441439
.65 augustus_masked-168447100-processed-gene-0.0-mRNA-1 4118308
.44 augustus_masked-168447100-processed-gene-0.0-mRNA-1 4191963
.34 augustus_masked-168447100-processed-gene-0.0-mRNA-1 210341
.73 augustus_masked-168494626-processed-gene-0.3-mRNA-1 4248526
.26 augustus_masked-168494626-processed-gene-0.3-mRNA-1 4248525
.85 augustus_masked-168568914-processed-gene-0.1-mRNA-1 4248621
.14 augustus_masked-168568914-processed-gene-0.1-mRNA-1 2656517
.31 genemark-162711595-processed-gene-0.1-mRNA-1 4135787
.21 genemark-162711595-processed-gene-0.1-mRNA-1 4244630
.17 genemark-162711595-processed-gene-0.1-mRNA-1 2009941
.18 genemark-162711595-processed-gene-0.1-mRNA-1 4149488
.21 maker-166773883-snap-gene-0.5-mRNA-1 1013919
.76 maker-166773883-snap-gene-0.5-mRNA-1 4120783
.99 augustus_masked-163463908-processed-gene-0.0-mRNA-1 777183
.99 augustus_masked-163463908-processed-gene-0.0-mRNA-1 4120674
.99 augustus_masked-163463908-processed-gene-0.0-mRNA-1 4137609
.99 augustus_masked-163463908-processed-gene-0.0-mRNA-1 371268
.99 augustus_masked-163463908-processed-gene-0.0-mRNA-1 4248803
.55 maker-168472848-snap-gene-0.42-mRNA-1 4120362
.25 maker-168472848-snap-gene-0.42-mRNA-1 3413182
.32 snap_masked-161481012-processed-gene-0.1-mRNA-1 4121980
.43 snap_masked-161481012-processed-gene-0.1-mRNA-1 805907
.28 augustus_masked-168573829-processed-gene-0.8-mRNA-1 3111132
.56 augustus_masked-168573829-processed-gene-0.8-mRNA-1 4191375
.14 maker-162080320-snap-gene-0.5-mRNA-1 3368129
.74 maker-162080320-snap-gene-0.5-mRNA-1 4248797
.54 maker-168184619-snap-gene-0.12-mRNA-1 4122373
.13 augustus_masked-168554693-processed-gene-0.17-mRNA-1 1465440
.85 augustus_masked-168554693-processed-gene-0.17-mRNA-1 4123194
.79 augustus_masked-168481646-processed-gene-0.5-mRNA-1 4248592
.11 augustus_masked-168481646-processed-gene-0.5-mRNA-1 866979
.75 maker-168454054-snap-gene-0.53-mRNA-1 4120444
.22 maker-14074138-augustus-gene-0.3-mRNA-1 1031469
.65 maker-14074138-augustus-gene-0.3-mRNA-1 4140010
.81 augustus_masked-165926022-processed-gene-0.0-mRNA-1 4248960
.03 augustus_masked-165926022-processed-gene-0.0-mRNA-1 1248690
.03 augustus_masked-165926022-processed-gene-0.0-mRNA-1 4160302
.03 augustus_masked-165926022-processed-gene-0.0-mRNA-1 4123390
.03 augustus_masked-165926022-processed-gene-0.0-mRNA-1 4156450
.86 maker-168240510-augustus-gene-0.30-mRNA-1 4248564
.13 maker-168240510-augustus-gene-0.30-mRNA-1 4125187
.99 augustus_masked-166817910-processed-gene-0.0-mRNA-1 4248984
.15 maker-168311773-snap-gene-0.25-mRNA-1 1227258
.14 maker-168311773-snap-gene-0.25-mRNA-1 1167667
.14 maker-168311773-snap-gene-0.25-mRNA-1 4214209
.15 maker-168311773-snap-gene-0.25-mRNA-1 1153960
.41 maker-168138634-augustus-gene-0.11-mRNA-1 4248977
.57 maker-168138634-augustus-gene-0.11-mRNA-1 4123783
.75 augustus_masked-168398832-processed-gene-0.12-mRNA-1 1033092
.24 augustus_masked-168398832-processed-gene-0.12-mRNA-1 4123162
.38 maker-168368165-augustus-gene-0.39-mRNA-1 2655019
.12 genemark-167941227-processed-gene-0.9-mRNA-1 791237
.13 genemark-167941227-processed-gene-0.9-mRNA-1 4132668
.43 maker-168567405-snap-gene-0.31-mRNA-1 4118765
.25 maker-168567405-snap-gene-0.31-mRNA-1 210357
.68 maker-168528315-augustus-gene-0.52-mRNA-1 750266
.35 maker-168528315-augustus-gene-0.52-mRNA-1 4121876
.25 maker-168528315-augustus-gene-0.52-mRNA-1 4121875
.31 maker-168577084-snap-gene-0.16-mRNA-1 4122698
.38 maker-168577084-snap-gene-0.16-mRNA-1 4118721
.09 maker-168359502-augustus-gene-0.13-mRNA-1 4131966
.31 maker-168359502-augustus-gene-0.13-mRNA-1 4141645
.99 maker-168138948-augustus-gene-0.12-mRNA-1 4249012
.34 augustus_masked-168451357-processed-gene-0.4-mRNA-1 4248177
.32 augustus_masked-168451357-processed-gene-0.4-mRNA-1 4123800
.05 augustus_masked-168451357-processed-gene-0.4-mRNA-1 1068587
.54 augustus_masked-168296318-processed-gene-0.3-mRNA-1 4142702
.54 augustus_masked-167848865-processed-gene-0.2-mRNA-1 4249003
.29 augustus_masked-167848865-processed-gene-0.2-mRNA-1 4131836
.22 augustus_masked-167848865-processed-gene-0.2-mRNA-1 4131708
.23 augustus_masked-167848865-processed-gene-0.2-mRNA-1 4122655
.23 augustus_masked-167848865-processed-gene-0.2-mRNA-1 4248337
.34 augustus_masked-168375365-processed-gene-0.1-mRNA-1 4189085
.59 augustus_masked-168375365-processed-gene-0.1-mRNA-1 4128760
.58 augustus_masked-168380608-processed-gene-0.2-mRNA-1 4122706
.41 augustus_masked-168380608-processed-gene-0.2-mRNA-1 4122017
.86 maker-166659494-augustus-gene-0.3-mRNA-1 4248555
.13 maker-166659494-augustus-gene-0.3-mRNA-1 858734
.13 maker-166659494-augustus-gene-0.3-mRNA-1 4248805
.09 maker-166659494-augustus-gene-0.3-mRNA-1 31121
.09 maker-166659494-augustus-gene-0.3-mRNA-1 744392
.01 maker-168570229-augustus-gene-0.74-mRNA-1 4119109
.01 maker-168570229-augustus-gene-0.74-mRNA-1 4180449
0 maker-168570229-augustus-gene-0.74-mRNA-1 4135822
0 maker-168570229-augustus-gene-0.74-mRNA-1 4163324
.75 genemark-168229753-processed-gene-0.29-mRNA-1 4248176
.18 genemark-168229753-processed-gene-0.29-mRNA-1 1057397
.16 genemark-168229753-processed-gene-0.29-mRNA-1 1973165
.83 maker-167850645-snap-gene-0.30-mRNA-1 4249010
.36 maker-168183693-augustus-gene-0.4-mRNA-2 4125741
.11 maker-168183693-augustus-gene-0.4-mRNA-2 279318
.30 genemark-168405018-processed-gene-0.16-mRNA-1 684762
.15 genemark-168405018-processed-gene-0.16-mRNA-1 4149842
.70 augustus_masked-167960887-processed-gene-0.5-mRNA-1 4248992
.06 augustus_masked-167960887-processed-gene-0.5-mRNA-1 840099
.86 maker-168458770-augustus-gene-0.37-mRNA-1 4118343
.41 maker-168482721-augustus-gene-0.51-mRNA-1 4119138
.23 maker-168482721-augustus-gene-0.51-mRNA-1 4146350
.99 maker-165124954-augustus-gene-0.5-mRNA-1 4249001
.41 genemark-166997424-processed-gene-0.0-mRNA-1 4118125
.18 genemark-166997424-processed-gene-0.0-mRNA-1 4163929
.18 genemark-166997424-processed-gene-0.0-mRNA-1 4143977
.11 genemark-166997424-processed-gene-0.0-mRNA-1 1138344
.04 genemark-166997424-processed-gene-0.0-mRNA-1 4248273
.76 maker-167994331-augustus-gene-0.45-mRNA-1 4248949
.21 maker-167994331-augustus-gene-0.45-mRNA-1 4248100
.52 maker-168294133-augustus-gene-0.51-mRNA-1 4248148
.23 maker-168294133-augustus-gene-0.51-mRNA-1 4126271
.42 maker-165671060-augustus-gene-0.3-mRNA-1 1095283
.22 maker-168558102-augustus-gene-0.91-mRNA-1 4126714
.18 maker-168558102-augustus-gene-0.91-mRNA-1 4134583
.09 maker-168558102-augustus-gene-0.91-mRNA-1 313432
.09 maker-168558102-augustus-gene-0.91-mRNA-1 847360
.45 maker-168198041-augustus-gene-0.49-mRNA-1 4248988
.48 maker-168198041-augustus-gene-0.49-mRNA-1 4248988
.20 maker-168240246-augustus-gene-0.12-mRNA-1 4154618
.32 maker-168240246-augustus-gene-0.12-mRNA-1 4248980
.42 snap_masked-162629924-processed-gene-0.2-mRNA-1 1045981
.42 snap_masked-162629924-processed-gene-0.2-mRNA-1 1500437
.34 snap_masked-162629924-processed-gene-0.2-mRNA-1 4201885
.35 snap_masked-162629924-processed-gene-0.2-mRNA-1 4128890
.33 snap_masked-162629924-processed-gene-0.2-mRNA-1 1161112
.71 maker-163676960-augustus-gene-0.2-mRNA-1 4120407
.13 maker-163676960-augustus-gene-0.2-mRNA-1 1549875
.78 maker-167944708-augustus-gene-0.42-mRNA-1 4248901
.12 maker-167944708-augustus-gene-0.42-mRNA-1 490957
.50 maker-168553811-augustus-gene-0.34-mRNA-1 4126673
.34 maker-168553811-augustus-gene-0.34-mRNA-1 4139662
.25 maker-168564527-snap-gene-0.30-mRNA-1 4248976
.59 maker-168564527-snap-gene-0.30-mRNA-1 4248976
.85 maker-168532704-snap-gene-0.36-mRNA-1 4248601
.99 augustus_masked-24056382-processed-gene-0.0-mRNA-1 4249000
.18 genemark-168295952-processed-gene-0.19-mRNA-1 4248393
.01 genemark-168295952-processed-gene-0.19-mRNA-1 4248393
.04 genemark-168295952-processed-gene-0.19-mRNA-1 4248393
.95 maker-161634024-augustus-gene-0.2-mRNA-1 4119457
.61 maker-161634024-augustus-gene-0.2-mRNA-1 4131483
.62 augustus_masked-167865126-processed-gene-0.5-mRNA-1 3018770
.69 maker-168292906-snap-gene-0.24-mRNA-1 4122035
.30 maker-168292906-snap-gene-0.24-mRNA-1 4122595
.83 augustus_masked-168559770-processed-gene-0.3-mRNA-1 4248448
.15 augustus_masked-168559770-processed-gene-0.3-mRNA-1 482096
.30 snap_masked-168549129-processed-gene-0.20-mRNA-1 4248777
.16 snap_masked-168549129-processed-gene-0.20-mRNA-1 4124887
.16 snap_masked-168549129-processed-gene-0.20-mRNA-1 1301992
.43 snap_masked-168321480-processed-gene-0.4-mRNA-1 3293536
.22 snap_masked-168321480-processed-gene-0.4-mRNA-1 3859162
.22 snap_masked-168321480-processed-gene-0.4-mRNA-1 3391346
.69 maker-159591498-augustus-gene-0.3-mRNA-1 4248833
.14 maker-159591498-augustus-gene-0.3-mRNA-1 4124865
.12 maker-159591498-augustus-gene-0.3-mRNA-1 4187393
.09 maker-159591498-augustus-gene-0.3-mRNA-1 1076765
.66 snap_masked-161689432-processed-gene-0.4-mRNA-1 4119732
.22 snap_masked-161689432-processed-gene-0.4-mRNA-1 706805
.53 genemark-168496176-processed-gene-0.36-mRNA-1 4248983
.25 genemark-168496176-processed-gene-0.36-mRNA-1 4121221
.25 maker-168470435-augustus-gene-0.15-mRNA-1 62597
.40 maker-168470435-augustus-gene-0.15-mRNA-1 1391110
.19 maker-168470435-augustus-gene-0.15-mRNA-1 4140559
.14 maker-168470435-augustus-gene-0.15-mRNA-1 1209705
.14 maker-168470435-augustus-gene-0.15-mRNA-1 1779483
.20 maker-167265731-snap-gene-0.5-mRNA-1 4144711
.68 maker-167265731-snap-gene-0.5-mRNA-1 4248913
.81 maker-166388077-augustus-gene-0.5-mRNA-2 4248541
.36 maker-168098522-augustus-gene-0.34-mRNA-1 4248987
.56 maker-168098522-augustus-gene-0.34-mRNA-1 4248987
.79 maker-168560921-augustus-gene-0.53-mRNA-1 4120174
.98 augustus_masked-165050660-processed-gene-0.0-mRNA-1 4160110
.49 maker-168186284-snap-gene-0.13-mRNA-1 4118611
.73 maker-168190276-snap-gene-0.64-mRNA-1 1453888
.42 maker-168497066-snap-gene-0.56-mRNA-1 3716425
.09 maker-166366691-augustus-gene-0.3-mRNA-1 4127284
.47 maker-166366691-augustus-gene-0.3-mRNA-1 4248282
.56 augustus_masked-168351072-processed-gene-0.18-mRNA-1 4248131
.23 augustus_masked-168351072-processed-gene-0.18-mRNA-1 4125462
.64 maker-168178695-augustus-gene-0.14-mRNA-1 1709986
.35 maker-168178695-augustus-gene-0.14-mRNA-1 3223348
.18 maker-168259001-augustus-gene-0.42-mRNA-1 4130950
.09 maker-168259001-augustus-gene-0.42-mRNA-1 4248699
.75 maker-168498446-augustus-gene-0.115-mRNA-1 4248675
.84 augustus_masked-168450074-processed-gene-0.5-mRNA-1 4248595
.75 augustus_masked-168450074-processed-gene-0.5-mRNA-1 4129862
.33 augustus_masked-168450074-processed-gene-0.5-mRNA-1 1105206
.22 augustus_masked-168450074-processed-gene-0.5-mRNA-1 760858
.16 augustus_masked-168450074-processed-gene-0.5-mRNA-1 1778900
.36 maker-168577647-snap-gene-0.86-mRNA-1 4248986
.51 maker-168572221-augustus-gene-0.62-mRNA-2 4122263
.33 maker-168349402-snap-gene-0.19-mRNA-2 4177362
.65 maker-168349402-snap-gene-0.19-mRNA-2 4249007
.76 maker-168575940-snap-gene-0.34-mRNA-1 4248471
.23 maker-168575940-snap-gene-0.34-mRNA-1 1383319
.86 maker-168494032-snap-gene-1.45-mRNA-1 4249004
.13 maker-168494032-snap-gene-1.45-mRNA-1 1122062
.87 maker-168511538-snap-gene-0.11-mRNA-1 4248672
.77 snap_masked-168340465-processed-gene-0.14-mRNA-1 4248293
.21 snap_masked-168340465-processed-gene-0.14-mRNA-1 4118563
.99 maker-168481930-augustus-gene-0.55-mRNA-1 4247971
.64 maker-168481930-augustus-gene-0.55-mRNA-1 4137242
.68 maker-168481930-augustus-gene-0.55-mRNA-1 4248951
.34 augustus_masked-168401751-processed-gene-0.16-mRNA-1 1136854
.30 augustus_masked-168401751-processed-gene-0.16-mRNA-1 2906400
.30 augustus_masked-168401751-processed-gene-0.16-mRNA-1 1802697
.25 augustus_masked-168401751-processed-gene-0.16-mRNA-1 3109834
.21 augustus_masked-168401751-processed-gene-0.16-mRNA-1 3619852
.99 augustus_masked-168286317-processed-gene-0.12-mRNA-1 4248932
.60 maker-168246894-snap-gene-0.14-mRNA-1 4248997
.12 maker-168246894-snap-gene-0.14-mRNA-1 1145971
.71 maker-168208372-snap-gene-0.70-mRNA-1 4248978
.14 maker-168208372-snap-gene-0.70-mRNA-1 4248978
.25 augustus_masked-162773156-processed-gene-0.0-mRNA-1 1019092
.25 augustus_masked-162773156-processed-gene-0.0-mRNA-1 4237696
.18 augustus_masked-162773156-processed-gene-0.0-mRNA-1 2592408
.02 augustus_masked-162773156-processed-gene-0.0-mRNA-1 1359019
.24 maker-168191623-augustus-gene-0.44-mRNA-1 4123919
.33 maker-168191623-augustus-gene-0.44-mRNA-1 595624
.28 maker-168522562-augustus-gene-0.73-mRNA-1 4248993
.19 maker-168522562-augustus-gene-0.73-mRNA-1 4135988
.36 snap_masked-166584126-processed-gene-0.2-mRNA-1 4198974
.55 snap_masked-166584126-processed-gene-0.2-mRNA-1 4248991
.01 augustus_masked-44523131-processed-gene-0.0-mRNA-1 4130918
.30 augustus_masked-163247516-processed-gene-0.0-mRNA-1 968936
.21 augustus_masked-163247516-processed-gene-0.0-mRNA-1 439466
.15 augustus_masked-163247516-processed-gene-0.0-mRNA-1 439467
.03 augustus_masked-163247516-processed-gene-0.0-mRNA-1 743918
.04 augustus_masked-163247516-processed-gene-0.0-mRNA-1 525897
.88 augustus_masked-168188951-processed-gene-0.19-mRNA-1 4248998
.32 maker-168218725-snap-gene-0.66-mRNA-1 920068
.25 maker-168218725-snap-gene-0.66-mRNA-1 2357809
.22 maker-168218725-snap-gene-0.66-mRNA-1 1277098
.20 maker-168218725-snap-gene-0.66-mRNA-1 4145853
.16 maker-168218725-snap-gene-0.66-mRNA-1 1483963
.30 augustus_masked-167838348-processed-gene-0.3-mRNA-1 4192373
.45 augustus_masked-167838348-processed-gene-0.3-mRNA-1 4128288
.84 genemark-168303026-processed-gene-0.1-mRNA-1 4124334
.13 genemark-168303026-processed-gene-0.1-mRNA-1 4248606
.99 genemark-168484757-processed-gene-0.31-mRNA-1 4172489
.71 maker-168562409-snap-gene-0.38-mRNA-1 4129144
.22 maker-168562409-snap-gene-0.38-mRNA-1 4173460
.83 augustus_masked-168188624-processed-gene-0.5-mRNA-1 4122141
.16 augustus_masked-168188624-processed-gene-0.5-mRNA-1 4123215
.08 augustus_masked-168443181-processed-gene-0.15-mRNA-1 4127289
.78 augustus_masked-168443181-processed-gene-0.15-mRNA-1 4248982
.23 augustus_masked-166613608-processed-gene-0.0-mRNA-1 4153383
.18 augustus_masked-166613608-processed-gene-0.0-mRNA-1 4124647
.12 augustus_masked-166613608-processed-gene-0.0-mRNA-1 1685092
.11 augustus_masked-166613608-processed-gene-0.0-mRNA-1 1766164
.72 snap_masked-168237181-processed-gene-1.73-mRNA-1 1043672
.14 maker-168410765-augustus-gene-0.42-mRNA-1 1445791
.78 maker-168410765-augustus-gene-0.42-mRNA-1 4153472
.55 augustus_masked-163412051-processed-gene-0.0-mRNA-1 4162871
.27 augustus_masked-163412051-processed-gene-0.0-mRNA-1 768183
.23 augustus_masked-163412051-processed-gene-0.0-mRNA-1 778615
.38 maker-168539212-snap-gene-0.33-mRNA-1 4248821
.34 maker-168539212-snap-gene-0.33-mRNA-1 499848
.58 maker-166597788-augustus-gene-0.3-mRNA-1 4248480
.53 augustus_masked-168185688-processed-gene-0.10-mRNA-1 4249011
.24 maker-167333856-snap-gene-0.5-mRNA-1 1525377
.24 maker-167333856-snap-gene-0.5-mRNA-1 4121684
.10 maker-167333856-snap-gene-0.5-mRNA-1 4167352
.08 maker-167333856-snap-gene-0.5-mRNA-1 4167352
.26 maker-165394341-snap-gene-0.4-mRNA-1 4128411
.20 maker-165394341-snap-gene-0.4-mRNA-1 4133498
.33 maker-168126447-augustus-gene-0.22-mRNA-1 4119784
.66 maker-168126447-augustus-gene-0.22-mRNA-1 4248936
.72 maker-168571183-augustus-gene-0.28-mRNA-1 4128763
.07 maker-168571183-augustus-gene-0.28-mRNA-1 857079
.32 augustus_masked-168537673-processed-gene-0.19-mRNA-1 4117298
.16 augustus_masked-168537673-processed-gene-0.19-mRNA-1 541024
.13 augustus_masked-168537673-processed-gene-0.19-mRNA-1 324536
.06 augustus_masked-168537673-processed-gene-0.19-mRNA-1 25041
.11 genemark-168568885-processed-gene-0.5-mRNA-1 1532040
.35 augustus_masked-167806971-processed-gene-0.0-mRNA-1 2372702
.32 augustus_masked-167806971-processed-gene-0.0-mRNA-1 3921539
.43 augustus_masked-168509211-processed-gene-0.0-mRNA-1 629901
.33 augustus_masked-168509211-processed-gene-0.0-mRNA-1 4128082
.43 augustus_masked-168509211-processed-gene-0.0-mRNA-1 4126110
.08 augustus_masked-168509211-processed-gene-0.0-mRNA-1 4124210
.62 maker-166269667-augustus-gene-0.3-mRNA-1 4118137
.26 maker-166269667-augustus-gene-0.3-mRNA-1 473856
.41 maker-168566055-augustus-gene-0.7-mRNA-1 4140876
.29 maker-168566055-augustus-gene-0.7-mRNA-1 3324403
.48 maker-168190639-augustus-gene-0.101-mRNA-1 4138441
.43 maker-168190639-augustus-gene-0.101-mRNA-1 4122318
.45 maker-168557558-augustus-gene-0.48-mRNA-1 4248999
.65 snap_masked-168307979-processed-gene-0.63-mRNA-1 4248533
.31 snap_masked-168307979-processed-gene-0.63-mRNA-1 245106
.19 snap_masked-168307979-processed-gene-0.63-mRNA-1 4152552
.57 snap_masked-168414024-processed-gene-1.105-mRNA-1 4122644
.27 snap_masked-168414024-processed-gene-1.105-mRNA-1 4122506
.35 maker-168185331-augustus-gene-0.53-mRNA-1 4248578
.15 maker-168185331-augustus-gene-0.53-mRNA-1 4248578
.40 maker-168376947-augustus-gene-0.25-mRNA-1 4134305
.24 maker-168376947-augustus-gene-0.25-mRNA-1 885470
.18 maker-168376947-augustus-gene-0.25-mRNA-1 240677
.18 maker-168376947-augustus-gene-0.25-mRNA-1 4122692
.13 maker-168376947-augustus-gene-0.25-mRNA-1 660870
.15 maker-168214115-augustus-gene-0.49-mRNA-1 4118888
.75 maker-168214115-augustus-gene-0.49-mRNA-1 4118888
.85 maker-168540134-augustus-gene-0.42-mRNA-1 4248939
.09 maker-168540134-augustus-gene-0.42-mRNA-1 4143099
