.99 maker-168459523-augustus-gene-0.40-mRNA-1 3576156
.99 augustus_masked-168548721-processed-gene-0.11-mRNA-1 3575432
.29 maker-168191788-augustus-gene-0.45-mRNA-1 3576104
.34 maker-168191788-augustus-gene-0.45-mRNA-1 3576104
.23 maker-168191788-augustus-gene-0.45-mRNA-1 3575582
.99 maker-168183464-snap-gene-0.7-mRNA-1 3576155
.99 augustus_masked-168569442-processed-gene-0.11-mRNA-1 3576060
.99 augustus_masked-165164311-processed-gene-0.0-mRNA-1 3575608
.99 augustus_masked-168191889-processed-gene-0.2-mRNA-1 3495246
.99 snap_masked-163129610-processed-gene-0.2-mRNA-1 3499037
.04 maker-168497257-snap-gene-0.53-mRNA-1 2083072
.94 maker-168497257-snap-gene-0.53-mRNA-1 3576057
.66 maker-166129744-snap-gene-0.4-mRNA-1 1583483
.27 maker-166129744-snap-gene-0.4-mRNA-1 3568466
.11 genemark-167937017-processed-gene-0.4-mRNA-1 1059520
.49 maker-168521262-augustus-gene-0.34-mRNA-1 3575165
.99 maker-168393713-snap-gene-0.32-mRNA-1 3575943
.99 maker-168559247-augustus-gene-0.70-mRNA-1 3575128
.93 maker-164768659-augustus-gene-0.3-mRNA-1 3575956
.45 maker-168577388-augustus-gene-0.65-mRNA-1 3575161
.12 maker-168577388-augustus-gene-0.65-mRNA-1 3509746
.18 maker-167946650-snap-gene-0.11-mRNA-1 1068296
.03 maker-167946650-snap-gene-0.11-mRNA-1 1057233
.64 augustus_masked-168573107-processed-gene-0.0-mRNA-1 2665118
.99 maker-166306187-snap-gene-0.5-mRNA-1 3575831
.99 maker-74361277-snap-gene-0.6-mRNA-1 3575613
.92 maker-168575524-snap-gene-0.118-mRNA-1 3575418
.02 maker-168575524-snap-gene-0.118-mRNA-1 2882965
.44 maker-168538706-snap-gene-0.21-mRNA-1 3558561
.99 snap_masked-168478876-processed-gene-0.10-mRNA-1 3575604
.77 augustus_masked-167842912-processed-gene-0.2-mRNA-1 743933
.22 augustus_masked-167842912-processed-gene-0.2-mRNA-1 1118454
.99 snap_masked-168327198-processed-gene-0.9-mRNA-1 3576055
.31 augustus_masked-168547999-processed-gene-0.3-mRNA-1 3503781
.15 augustus_masked-168547999-processed-gene-0.3-mRNA-1 1383653
.10 augustus_masked-168547999-processed-gene-0.3-mRNA-1 3516706
.06 augustus_masked-168547999-processed-gene-0.3-mRNA-1 1397222
.03 augustus_masked-168547999-processed-gene-0.3-mRNA-1 1383653
.37 maker-168253018-augustus-gene-0.31-mRNA-1 3495111
.05 maker-168253018-augustus-gene-0.31-mRNA-1 1199586
.04 maker-168253018-augustus-gene-0.31-mRNA-1 363538
.99 maker-168577528-augustus-gene-0.84-mRNA-1 3575944
.92 maker-168185793-snap-gene-0.32-mRNA-1 3496213
.44 snap_masked-168231973-processed-gene-0.49-mRNA-1 2144920
.32 snap_masked-168231973-processed-gene-0.49-mRNA-1 2895312
.94 augustus_masked-167931114-processed-gene-0.4-mRNA-1 3494469
.03 augustus_masked-167931114-processed-gene-0.4-mRNA-1 2506970
.04 augustus_masked-167931114-processed-gene-0.4-mRNA-1 1108054
.04 augustus_masked-167931114-processed-gene-0.4-mRNA-1 1437464
.04 augustus_masked-167931114-processed-gene-0.4-mRNA-1 2253885
.75 augustus_masked-168568399-processed-gene-0.6-mRNA-1 3576066
.11 augustus_masked-168568399-processed-gene-0.6-mRNA-1 3576066
.10 augustus_masked-168568399-processed-gene-0.6-mRNA-1 3494214
.99 augustus_masked-168364559-processed-gene-0.3-mRNA-1 3497988
.99 maker-167395827-augustus-gene-0.4-mRNA-1 3576062
.01 maker-168423607-snap-gene-0.20-mRNA-1 3576107
.01 maker-168423607-snap-gene-0.20-mRNA-1 3501451
0 maker-168423607-snap-gene-0.20-mRNA-1 3576123
0 maker-168423607-snap-gene-0.20-mRNA-1 3576107
.99 maker-168501086-augustus-gene-0.52-mRNA-1 3497735
.99 maker-162964504-snap-gene-0.4-mRNA-1 3575383
.99 maker-165778730-snap-gene-0.5-mRNA-1 3575508
.41 augustus_masked-164418403-processed-gene-0.1-mRNA-1 3497807
.40 augustus_masked-164418403-processed-gene-0.1-mRNA-1 1060225
.20 maker-159442487-augustus-gene-0.3-mRNA-1 3493263
.79 maker-159442487-augustus-gene-0.3-mRNA-1 3575649
.99 maker-168239232-augustus-gene-0.5-mRNA-1 3575371
.99 augustus_masked-166796671-processed-gene-0.2-mRNA-1 3575819
.89 augustus_masked-166796671-processed-gene-0.2-mRNA-1 922993
.99 maker-168355333-snap-gene-0.117-mRNA-1 3575206
.99 maker-167121271-snap-gene-0.5-mRNA-1 3497174
.99 maker-168567500-augustus-gene-0.54-mRNA-1 3575842
.72 maker-166262433-augustus-gene-0.6-mRNA-1 3575720
.25 maker-166262433-augustus-gene-0.6-mRNA-1 3510370
.25 maker-166262433-augustus-gene-0.6-mRNA-1 857369
.40 maker-162425490-augustus-gene-0.4-mRNA-1 3496826
.37 maker-162425490-augustus-gene-0.4-mRNA-1 3575236
.90 maker-168232300-snap-gene-0.34-mRNA-1 3575883
.05 maker-168232300-snap-gene-0.34-mRNA-1 2064186
.32 maker-168573957-snap-gene-0.25-mRNA-1 3523735
.27 maker-168573957-snap-gene-0.25-mRNA-1 919703
.80 maker-168548360-snap-gene-0.20-mRNA-1 3576022
.09 maker-168548360-snap-gene-0.20-mRNA-1 3528846
.86 maker-168209730-snap-gene-0.38-mRNA-1 3575915
.06 maker-168209730-snap-gene-0.38-mRNA-1 1069314
.99 maker-166124770-snap-gene-0.6-mRNA-1 3576122
.39 augustus_masked-167806651-processed-gene-0.1-mRNA-1 3503245
.39 augustus_masked-163248298-processed-gene-0.0-mRNA-1 3497602
.32 augustus_masked-163248298-processed-gene-0.0-mRNA-1 3508045
.99 maker-167827913-augustus-gene-0.34-mRNA-1 3575377
.90 augustus_masked-167476813-processed-gene-0.0-mRNA-1 3503344
.02 maker-168552102-augustus-gene-0.111-mRNA-1 1390075
.97 maker-168552102-augustus-gene-0.111-mRNA-1 3576052
.99 augustus_masked-168223923-processed-gene-0.3-mRNA-1 3499523
.99 augustus_masked-168461332-processed-gene-0.2-mRNA-1 3521330
.03 maker-168551434-augustus-gene-0.65-mRNA-1 1383671
.96 maker-168551434-augustus-gene-0.65-mRNA-1 3576172
.99 augustus_masked-168225069-processed-gene-0.1-mRNA-1 3575102
.85 maker-168426724-augustus-gene-0.12-mRNA-1 3576068
.09 maker-168426724-augustus-gene-0.12-mRNA-1 3497481
.31 maker-168555288-snap-gene-0.67-mRNA-1 2262837
.48 maker-168555288-snap-gene-0.67-mRNA-1 3534908
.99 maker-166059929-augustus-gene-0.3-mRNA-1 3575108
.68 genemark-168235269-processed-gene-0.5-mRNA-1 3496271
.26 augustus_masked-159228817-processed-gene-0.0-mRNA-1 3535229
.73 augustus_masked-159228817-processed-gene-0.0-mRNA-1 3575802
.99 augustus_masked-168551672-processed-gene-0.0-mRNA-1 3575672
.46 genemark-168323708-processed-gene-1.37-mRNA-1 3512677
.99 maker-168191098-snap-gene-0.60-mRNA-1 3576085
.99 augustus_masked-168513971-processed-gene-0.2-mRNA-1 3506871
.63 maker-168151456-snap-gene-0.25-mRNA-1 3576131
.99 augustus_masked-168572794-processed-gene-0.4-mRNA-1 3575767
.99 maker-166556089-augustus-gene-0.5-mRNA-1 3575914
.19 genemark-168256637-processed-gene-0.3-mRNA-1 3507488
.80 genemark-168256637-processed-gene-0.3-mRNA-1 3494678
.99 maker-168496624-augustus-gene-0.97-mRNA-1 3575294
.94 maker-168315695-augustus-gene-0.30-mRNA-1 3575448
.01 maker-168315695-augustus-gene-0.30-mRNA-1 3575448
.77 maker-168574597-augustus-gene-0.18-mRNA-1 3575809
.65 maker-168151456-snap-gene-0.25-mRNA-2 3576131
.22 maker-165807905-augustus-gene-0.3-mRNA-1 809416
.58 maker-165807905-augustus-gene-0.3-mRNA-1 809414
.99 maker-168254628-augustus-gene-0.7-mRNA-1 3493357
.20 maker-168182837-augustus-gene-0.124-mRNA-1 3575107
.13 maker-168182837-augustus-gene-0.124-mRNA-1 3576044
.99 augustus_masked-168539576-processed-gene-0.8-mRNA-1 3575627
.09 snap_masked-168153487-processed-gene-0.15-mRNA-1 3508217
.81 snap_masked-168153487-processed-gene-0.15-mRNA-1 3575217
.99 maker-168205052-augustus-gene-0.22-mRNA-1 3563116
.95 maker-168285599-snap-gene-0.43-mRNA-1 3576158
.96 maker-168216083-snap-gene-0.48-mRNA-1 3575620
.68 maker-168183786-snap-gene-0.6-mRNA-1 3575681
.18 maker-168183786-snap-gene-0.6-mRNA-1 449749
.99 maker-168550204-augustus-gene-0.35-mRNA-1 3575863
.99 augustus_masked-168507076-processed-gene-0.1-mRNA-1 3498221
.55 augustus_masked-168475371-processed-gene-0.5-mRNA-1 3576087
.27 augustus_masked-168475371-processed-gene-0.5-mRNA-1 3576087
.99 augustus_masked-168480452-processed-gene-0.4-mRNA-1 3575346
.99 genemark-168356940-processed-gene-0.22-mRNA-1 3575420
.17 augustus_masked-168192048-processed-gene-0.3-mRNA-1 2419777
.67 augustus_masked-168192048-processed-gene-0.3-mRNA-1 497532
.99 augustus_masked-168240072-processed-gene-0.15-mRNA-1 1006370
.98 maker-163266704-snap-gene-0.6-mRNA-1 3526490
.99 augustus_masked-168433253-processed-gene-0.16-mRNA-1 3575689
.09 maker-168485959-snap-gene-0.98-mRNA-1 3575121
.02 maker-168485959-snap-gene-0.98-mRNA-1 1762463
.02 maker-168485959-snap-gene-0.98-mRNA-1 1928549
.02 maker-168485959-snap-gene-0.98-mRNA-1 3508440
.02 maker-168485959-snap-gene-0.98-mRNA-1 3575121
.99 augustus_masked-168210847-processed-gene-0.1-mRNA-1 3575719
.95 maker-168471422-snap-gene-0.31-mRNA-1 3576121
.99 maker-167058524-augustus-gene-0.4-mRNA-3 3502580
.99 augustus_masked-168485977-processed-gene-0.0-mRNA-1 3493377
.99 maker-168577573-augustus-gene-0.59-mRNA-1 3575888
.48 snap_masked-168259747-processed-gene-0.3-mRNA-1 1173609
.34 maker-168201856-snap-gene-0.44-mRNA-1 3575793
.87 augustus_masked-168150113-processed-gene-0.0-mRNA-1 3501158
.99 maker-168233368-augustus-gene-0.146-mRNA-1 3516261
.08 maker-168548469-augustus-gene-0.28-mRNA-1 193311
.91 maker-168548469-augustus-gene-0.28-mRNA-1 3492854
.99 snap_masked-168184629-processed-gene-0.10-mRNA-1 3575504
.08 augustus_masked-168527661-processed-gene-0.1-mRNA-1 2841476
.91 augustus_masked-168527661-processed-gene-0.1-mRNA-1 3496543
.71 maker-168549357-snap-gene-0.18-mRNA-1 3495543
.94 maker-168577393-snap-gene-0.46-mRNA-1 3575764
.04 maker-168577393-snap-gene-0.46-mRNA-1 2479997
.13 maker-168448984-snap-gene-0.7-mRNA-1 3528199
.86 maker-168448984-snap-gene-0.7-mRNA-1 3498445
.99 maker-168577542-augustus-gene-0.28-mRNA-1 3576126
.78 maker-168211289-snap-gene-0.47-mRNA-1 3496328
.08 maker-168211289-snap-gene-0.47-mRNA-1 3344261
.99 maker-168560278-augustus-gene-0.66-mRNA-1 3494331
.98 maker-161772526-snap-gene-0.5-mRNA-1 3576031
.99 maker-167802635-augustus-gene-0.79-mRNA-1 3576025
.92 maker-168391679-augustus-gene-0.40-mRNA-1 3575683
.02 maker-168391679-augustus-gene-0.40-mRNA-1 1828174
.99 maker-168246129-snap-gene-0.7-mRNA-1 3575949
.02 maker-168211523-augustus-gene-0.15-mRNA-1 849308
.93 maker-168211523-augustus-gene-0.15-mRNA-1 3575577
.99 augustus_masked-168525749-processed-gene-0.20-mRNA-1 3575952
.97 snap_masked-168549007-processed-gene-0.27-mRNA-1 3575981
.99 genemark-168540662-processed-gene-0.20-mRNA-1 3517692
.99 maker-168510278-snap-gene-0.45-mRNA-1 3575982
.99 maker-168186588-augustus-gene-0.83-mRNA-1 3575867
.99 maker-168191298-augustus-gene-0.72-mRNA-1 3506889
.41 augustus_masked-168145945-processed-gene-0.1-mRNA-1 596359
.33 augustus_masked-168145945-processed-gene-0.1-mRNA-1 981435
.80 maker-168568846-augustus-gene-0.28-mRNA-1 3495894
.07 maker-168568846-augustus-gene-0.28-mRNA-1 1804611
.99 augustus_masked-168000943-processed-gene-0.1-mRNA-1 2028641
.99 maker-168467959-snap-gene-0.81-mRNA-1 3493103
.99 maker-166799701-augustus-gene-0.4-mRNA-1 3575748
.91 augustus_masked-148817660-processed-gene-0.0-mRNA-1 3511866
.05 augustus_masked-148817660-processed-gene-0.0-mRNA-1 2544107
.03 augustus_masked-148817660-processed-gene-0.0-mRNA-1 3106730
.06 augustus_masked-148817660-processed-gene-0.0-mRNA-1 3539168
.65 augustus_masked-168342191-processed-gene-0.3-mRNA-1 3495861
.34 augustus_masked-168342191-processed-gene-0.3-mRNA-1 3498646
.99 augustus_masked-168254101-processed-gene-0.5-mRNA-1 3493328
.99 maker-168477198-snap-gene-0.12-mRNA-1 3575574
.99 maker-168545382-snap-gene-0.63-mRNA-1 3575968
.99 augustus_masked-168337744-processed-gene-0.0-mRNA-1 3535800
.99 augustus_masked-168002091-processed-gene-0.1-mRNA-1 3575709
.03 maker-168408919-augustus-gene-0.21-mRNA-1 3499151
.01 maker-168408919-augustus-gene-0.21-mRNA-1 2232673
.99 augustus_masked-161460871-processed-gene-0.0-mRNA-1 3493895
.94 maker-167257809-augustus-gene-0.5-mRNA-1 3492912
.02 maker-167257809-augustus-gene-0.5-mRNA-1 2684962
.99 augustus_masked-168535280-processed-gene-0.0-mRNA-1 3575910
.99 maker-168493828-augustus-gene-0.17-mRNA-1 3575922
.49 maker-168213272-augustus-gene-0.49-mRNA-1 3575252
.16 maker-168213272-augustus-gene-0.49-mRNA-1 3517438
.49 augustus_masked-165480568-processed-gene-0.0-mRNA-1 3493967
.46 augustus_masked-165480568-processed-gene-0.0-mRNA-1 3493193
.94 maker-168307405-augustus-gene-0.20-mRNA-1 3576103
.99 maker-168562607-snap-gene-0.27-mRNA-1 3575196
.99 maker-168331850-snap-gene-0.51-mRNA-1 3576148
.34 augustus_masked-162988946-processed-gene-0.0-mRNA-1 3502337
.65 augustus_masked-162988946-processed-gene-0.0-mRNA-1 3575558
.47 maker-168550663-snap-gene-0.57-mRNA-1 3575489
.28 maker-168550663-snap-gene-0.57-mRNA-1 3508962
.15 maker-168550663-snap-gene-0.57-mRNA-1 3509519
.15 maker-168550663-snap-gene-0.57-mRNA-1 3520023
.99 maker-168182907-augustus-gene-0.21-mRNA-1 3575731
.99 maker-168184860-augustus-gene-0.9-mRNA-1 3575413
.99 snap_masked-168127238-processed-gene-0.8-mRNA-1 3494266
.99 genemark-168491533-processed-gene-0.6-mRNA-1 3539929
.31 maker-166181554-snap-gene-0.2-mRNA-1 690126
.12 maker-166181554-snap-gene-0.2-mRNA-1 1006932
.99 maker-5410913-augustus-gene-0.3-mRNA-1 3575356
.99 augustus_masked-168188745-processed-gene-0.0-mRNA-1 3516884
.79 augustus_masked-168254187-processed-gene-0.3-mRNA-1 3575342
.07 augustus_masked-168254187-processed-gene-0.3-mRNA-1 3468493
.99 maker-168253857-snap-gene-0.12-mRNA-1 3575648
.41 maker-168347411-snap-gene-0.21-mRNA-1 3575781
.95 snap_masked-168382612-processed-gene-0.2-mRNA-1 3497679
.78 maker-167916647-snap-gene-0.38-mRNA-1 3575980
.01 snap_masked-168295089-processed-gene-0.30-mRNA-1 3008377
.99 augustus_masked-168506051-processed-gene-0.0-mRNA-1 3575479
.99 augustus_masked-168521368-processed-gene-0.6-mRNA-1 3575675
.06 maker-167825050-snap-gene-0.48-mRNA-1 2422396
.84 maker-167825050-snap-gene-0.48-mRNA-1 3575840
.99 augustus_masked-167895353-processed-gene-0.1-mRNA-1 3575711
.76 maker-168337495-snap-gene-0.79-mRNA-1 3576157
.99 augustus_masked-168438602-processed-gene-0.0-mRNA-1 3494159
.43 maker-168538890-augustus-gene-0.38-mRNA-1 3507454
.55 maker-168538890-augustus-gene-0.38-mRNA-1 3575333
.78 maker-168366866-snap-gene-0.52-mRNA-1 3494343
.20 maker-168366866-snap-gene-0.52-mRNA-1 844638
.13 maker-168366866-snap-gene-0.52-mRNA-1 463284
.24 maker-168366866-snap-gene-0.52-mRNA-1 934082
.16 maker-168366866-snap-gene-0.52-mRNA-1 1429318
.19 maker-168191928-snap-gene-0.147-mRNA-1 3499873
.79 maker-168191928-snap-gene-0.147-mRNA-1 3576084
.22 maker-168427270-snap-gene-0.98-mRNA-1 3394776
.61 maker-168427270-snap-gene-0.98-mRNA-1 1763805
.99 maker-167813692-augustus-gene-0.43-mRNA-1 3554198
.37 snap_masked-167888920-processed-gene-0.54-mRNA-1 3530436
.16 snap_masked-167888920-processed-gene-0.54-mRNA-1 2038321
.03 snap_masked-167888920-processed-gene-0.54-mRNA-1 3493659
.10 maker-168548909-augustus-gene-0.13-mRNA-1 3575696
.27 maker-168548909-augustus-gene-0.13-mRNA-1 3575880
.07 maker-168548909-augustus-gene-0.13-mRNA-1 3575127
.05 maker-168548909-augustus-gene-0.13-mRNA-1 1162597
.04 maker-168548909-augustus-gene-0.13-mRNA-1 1665948
.99 maker-168522450-augustus-gene-0.88-mRNA-1 3575801
.56 maker-168002504-snap-gene-0.23-mRNA-1 3575811
.09 maker-168002504-snap-gene-0.23-mRNA-1 2138929
.08 maker-168002504-snap-gene-0.23-mRNA-1 3052144
.99 maker-168319190-augustus-gene-0.59-mRNA-1 3576139
.97 maker-166344829-snap-gene-0.6-mRNA-1 3576086
.21 genemark-168157516-processed-gene-0.10-mRNA-1 3494519
.14 genemark-168157516-processed-gene-0.10-mRNA-1 1688364
.14 snap_masked-166301333-processed-gene-0.2-mRNA-1 2652053
.69 snap_masked-166301333-processed-gene-0.2-mRNA-1 1612108
.12 snap_masked-166301333-processed-gene-0.2-mRNA-1 3505169
.99 maker-166388279-augustus-gene-0.4-mRNA-1 3576053
.19 maker-168545471-snap-gene-0.16-mRNA-1 1358612
.80 maker-168545471-snap-gene-0.16-mRNA-1 3575722
.99 augustus_masked-168184607-processed-gene-0.2-mRNA-1 3575884
.99 augustus_masked-168301861-processed-gene-0.4-mRNA-1 3576170
.37 maker-168187529-snap-gene-0.29-mRNA-1 3368601
.99 maker-168188791-augustus-gene-0.49-mRNA-1 3576127
.45 genemark-167777191-processed-gene-0.0-mRNA-1 1048242
.40 genemark-167777191-processed-gene-0.0-mRNA-1 1047683
.46 genemark-167777191-processed-gene-0.0-mRNA-1 1544701
.40 genemark-167777191-processed-gene-0.0-mRNA-1 2692817
.37 genemark-167777191-processed-gene-0.0-mRNA-1 1326315
.99 maker-168234438-snap-gene-0.14-mRNA-1 3575783
.35 augustus_masked-168206028-processed-gene-0.11-mRNA-1 2376433
.99 maker-168192674-augustus-gene-0.16-mRNA-1 3575581
.52 augustus_masked-168186218-processed-gene-0.0-mRNA-1 1481043
.99 snap_masked-168561867-processed-gene-0.85-mRNA-1 3575999
.99 maker-167881627-snap-gene-0.46-mRNA-1 3576168
.94 maker-168523613-snap-gene-0.55-mRNA-1 3575812
.99 snap_masked-167862215-processed-gene-0.20-mRNA-1 3575593
.99 maker-168112140-snap-gene-0.20-mRNA-1 3508724
.98 snap_masked-168564450-processed-gene-0.30-mRNA-1 3575607
.99 augustus_masked-159882295-processed-gene-0.0-mRNA-1 3501155
.96 maker-168513542-snap-gene-0.54-mRNA-1 3576175
.99 maker-168310425-snap-gene-0.34-mRNA-1 3576166
.99 maker-168554558-snap-gene-2.108-mRNA-1 3575854
.99 maker-168184973-snap-gene-0.55-mRNA-1 3575923
.51 maker-167883148-snap-gene-0.59-mRNA-1 3575287
.18 maker-167883148-snap-gene-0.59-mRNA-1 3542255
.81 maker-166967069-snap-gene-0.4-mRNA-1 3493390
.16 maker-166967069-snap-gene-0.4-mRNA-1 3497492
.99 snap_masked-168343367-processed-gene-0.108-mRNA-1 3575313
.42 maker-165675785-snap-gene-0.5-mRNA-1 3503783
.19 maker-165675785-snap-gene-0.5-mRNA-1 3551571
.32 augustus_masked-163636451-processed-gene-0.0-mRNA-1 1090694
.16 augustus_masked-163636451-processed-gene-0.0-mRNA-1 3206899
.04 maker-168188280-augustus-gene-0.19-mRNA-1 3576021
.04 maker-168188280-augustus-gene-0.19-mRNA-1 3497577
.02 maker-168188280-augustus-gene-0.19-mRNA-1 388983
.46 maker-168267928-augustus-gene-0.69-mRNA-1 3495052
.19 maker-168267928-augustus-gene-0.69-mRNA-1 2342664
.99 augustus_masked-165549066-processed-gene-0.0-mRNA-1 3575655
.99 snap_masked-168548205-processed-gene-0.22-mRNA-1 3493872
.13 augustus_masked-168535927-processed-gene-0.20-mRNA-1 1002184
.79 augustus_masked-168535927-processed-gene-0.20-mRNA-1 3575476
.99 snap_masked-168254898-processed-gene-0.45-mRNA-1 3575878
.99 augustus_masked-168424263-processed-gene-0.3-mRNA-1 3575847
.99 augustus_masked-168331520-processed-gene-0.4-mRNA-1 3494680
.99 snap_masked-168560043-processed-gene-0.41-mRNA-1 3575997
.99 maker-167987337-augustus-gene-0.11-mRNA-1 3575606
.19 maker-167795375-augustus-gene-0.17-mRNA-1 459168
.52 maker-167795375-augustus-gene-0.17-mRNA-1 3575724
.99 maker-168188618-snap-gene-0.14-mRNA-1 3575991
.99 maker-168294515-snap-gene-0.53-mRNA-1 3575335
.87 maker-168187403-snap-gene-0.8-mRNA-2 3576080
.10 maker-168187403-snap-gene-0.8-mRNA-2 3499310
.87 maker-168187403-snap-gene-0.8-mRNA-3 3576080
.10 maker-168187403-snap-gene-0.8-mRNA-3 3499310
.45 augustus_masked-167812213-processed-gene-0.5-mRNA-1 3575979
.28 augustus_masked-167812213-processed-gene-0.5-mRNA-1 3495159
.31 genemark-166444572-processed-gene-0.1-mRNA-1 1744567
.47 genemark-166444572-processed-gene-0.1-mRNA-1 1397216
.99 augustus_masked-167917377-processed-gene-0.2-mRNA-1 3575859
.99 maker-168186302-augustus-gene-0.35-mRNA-1 3575277
.79 augustus_masked-168185365-processed-gene-0.1-mRNA-1 3575469
.09 augustus_masked-168185365-processed-gene-0.1-mRNA-1 3495691
.37 genemark-168477000-processed-gene-0.43-mRNA-1 2411196
.34 genemark-168477000-processed-gene-0.43-mRNA-1 2308658
.99 maker-168260723-augustus-gene-0.19-mRNA-1 3575936
.93 maker-168185961-snap-gene-0.27-mRNA-3 3576101
.93 maker-168185961-snap-gene-0.27-mRNA-2 3576101
.70 augustus_masked-168143935-processed-gene-0.9-mRNA-1 1407764
.11 augustus_masked-168143935-processed-gene-0.9-mRNA-1 3536407
.09 augustus_masked-168143935-processed-gene-0.9-mRNA-1 729259
.05 augustus_masked-168143935-processed-gene-0.9-mRNA-1 1897082
.05 augustus_masked-168143935-processed-gene-0.9-mRNA-1 902713
.99 maker-168573111-augustus-gene-0.67-mRNA-1 3575350
.86 maker-168246022-augustus-gene-0.71-mRNA-1 3576146
.34 augustus_masked-167357674-processed-gene-0.0-mRNA-1 2174968
.28 augustus_masked-167357674-processed-gene-0.0-mRNA-1 3399245
.99 augustus_masked-168341701-processed-gene-0.1-mRNA-1 3495265
.99 maker-168202537-augustus-gene-0.8-mRNA-1 3575446
.77 maker-168469206-augustus-gene-0.35-mRNA-1 3575929
.62 maker-167184492-augustus-gene-0.4-mRNA-1 3575297
.21 maker-168210970-augustus-gene-0.51-mRNA-1 1076636
.55 maker-168210970-augustus-gene-0.51-mRNA-1 3576098
.99 augustus_masked-168464602-processed-gene-0.4-mRNA-1 3575973
.99 maker-168332629-snap-gene-0.16-mRNA-1 3575549
.99 maker-168213111-snap-gene-0.29-mRNA-1 3576109
.97 maker-168532608-snap-gene-0.34-mRNA-1 3576029
.99 maker-168329002-snap-gene-0.93-mRNA-1 3575927
.50 maker-168149233-snap-gene-0.10-mRNA-1 645763
.30 maker-168149233-snap-gene-0.10-mRNA-1 3571386
.99 maker-168102052-snap-gene-0.37-mRNA-2 3498799
.16 snap_masked-168358983-processed-gene-1.63-mRNA-1 3575437
.16 snap_masked-168358983-processed-gene-1.63-mRNA-1 3575438
.02 snap_masked-168358983-processed-gene-1.63-mRNA-1 3495263
.01 snap_masked-168358983-processed-gene-1.63-mRNA-1 3495263
.84 maker-168424109-augustus-gene-0.70-mRNA-1 3575352
.47 maker-167067021-augustus-gene-0.4-mRNA-1 3576117
.21 maker-167067021-augustus-gene-0.4-mRNA-1 522334
.21 maker-167067021-augustus-gene-0.4-mRNA-1 3512241
.18 maker-167067021-augustus-gene-0.4-mRNA-1 409086
.99 maker-167036907-augustus-gene-0.11-mRNA-1 3575162
.54 maker-168300054-augustus-gene-0.23-mRNA-1 3494883
.27 maker-168300054-augustus-gene-0.23-mRNA-1 3514796
.15 maker-168300054-augustus-gene-0.23-mRNA-1 1083684
.15 maker-168300054-augustus-gene-0.23-mRNA-1 3502530
.99 augustus_masked-168324805-processed-gene-0.3-mRNA-1 3575253
.99 augustus_masked-167915881-processed-gene-0.1-mRNA-1 3575641
.21 augustus_masked-168224133-processed-gene-0.2-mRNA-1 1446289
.99 snap_masked-168260411-processed-gene-0.69-mRNA-1 3526338
.99 augustus_masked-168474045-processed-gene-0.2-mRNA-1 3575569
.86 augustus_masked-168140844-processed-gene-0.2-mRNA-1 3509162
.08 augustus_masked-168140844-processed-gene-0.2-mRNA-1 1192678
.05 augustus_masked-168140844-processed-gene-0.2-mRNA-1 3101718
.58 maker-168575259-snap-gene-0.35-mRNA-1 3493503
.14 maker-168575259-snap-gene-0.35-mRNA-1 2792194
.99 maker-168287542-snap-gene-0.24-mRNA-1 3575950
.99 augustus_masked-168510705-processed-gene-0.0-mRNA-1 3575947
.99 maker-168211281-augustus-gene-0.26-mRNA-1 3575124
.99 maker-168562203-snap-gene-0.49-mRNA-1 3575795
.99 maker-168543292-augustus-gene-0.62-mRNA-1 3575414
.13 genemark-168083205-processed-gene-0.46-mRNA-1 3575574
.09 genemark-168083205-processed-gene-0.46-mRNA-1 3507054
.06 genemark-168083205-processed-gene-0.46-mRNA-1 1037538
.99 maker-168191488-augustus-gene-0.93-mRNA-1 3493947
.99 maker-168565506-augustus-gene-0.15-mRNA-1 3575458
.48 maker-168366367-snap-gene-0.123-mRNA-1 3576045
.99 maker-166927426-augustus-gene-0.6-mRNA-1 3575539
.99 maker-166144882-augustus-gene-0.3-mRNA-1 3494096
.18 maker-168253285-augustus-gene-0.51-mRNA-1 3498224
.78 maker-168253285-augustus-gene-0.51-mRNA-1 3575934
.54 augustus_masked-166474842-processed-gene-0.1-mRNA-1 1818201
.99 maker-168451155-augustus-gene-1.93-mRNA-1 3576079
.99 maker-168351463-augustus-gene-0.65-mRNA-1 3575993
.99 maker-168191937-augustus-gene-0.118-mRNA-1 3575787
.99 maker-163410302-augustus-gene-0.3-mRNA-1 3575908
.16 maker-165131896-snap-gene-0.4-mRNA-1 3508082
.68 maker-165131896-snap-gene-0.4-mRNA-1 3514838
.79 augustus_masked-168236167-processed-gene-0.3-mRNA-1 1317040
.99 augustus_masked-168234184-processed-gene-0.3-mRNA-1 3576142
.99 augustus_masked-168452571-processed-gene-0.15-mRNA-1 3552104
.99 augustus_masked-168292357-processed-gene-0.17-mRNA-1 3575969
.99 maker-168064159-augustus-gene-0.18-mRNA-1 3543333
.54 maker-167875104-snap-gene-0.37-mRNA-1 3505607
.99 maker-168073349-augustus-gene-0.28-mRNA-1 3575404
.99 snap_masked-168480939-processed-gene-0.15-mRNA-1 3575837
.94 maker-168449729-augustus-gene-0.32-mRNA-1 3576113
.08 maker-168449729-augustus-gene-0.32-mRNA-1 3519796
.99 snap_masked-168415001-processed-gene-0.16-mRNA-1 3495224
.99 maker-168577648-snap-gene-0.51-mRNA-1 3524161
.94 maker-168417014-augustus-gene-0.88-mRNA-1 3575654
.05 maker-168417014-augustus-gene-0.88-mRNA-1 469007
.99 augustus_masked-168496814-processed-gene-0.14-mRNA-1 3576015
.99 augustus_masked-168291265-processed-gene-0.0-mRNA-1 3575596
.99 augustus_masked-168350429-processed-gene-0.3-mRNA-1 3575234
.34 maker-168187381-snap-gene-0.8-mRNA-1 3499058
.32 maker-168187381-snap-gene-0.8-mRNA-1 3495931
.18 maker-168187381-snap-gene-0.8-mRNA-1 778590
.67 augustus_masked-164112838-processed-gene-0.0-mRNA-1 562668
.22 augustus_masked-164112838-processed-gene-0.0-mRNA-1 976106
.99 maker-168573416-snap-gene-0.86-mRNA-1 3575249
.99 augustus_masked-167122188-processed-gene-0.0-mRNA-1 3575241
.63 snap_masked-168008436-processed-gene-0.8-mRNA-1 1853979
.99 maker-168187758-augustus-gene-0.21-mRNA-1 3575920
.99 maker-168303269-augustus-gene-0.37-mRNA-1 3575483
.99 maker-168184258-snap-gene-0.7-mRNA-1 3576091
.99 maker-168543285-snap-gene-0.17-mRNA-1 3576112
.99 maker-168084186-augustus-gene-0.15-mRNA-4 3576038
.64 augustus_masked-168183208-processed-gene-0.33-mRNA-1 1467379
.39 augustus_masked-168183208-processed-gene-0.33-mRNA-1 3446041
.23 augustus_masked-168183208-processed-gene-0.33-mRNA-1 2045778
.12 augustus_masked-168183208-processed-gene-0.33-mRNA-1 3541356
.82 augustus_masked-167922716-processed-gene-0.34-mRNA-1 3502240
.04 augustus_masked-167922716-processed-gene-0.34-mRNA-1 1309484
.98 maker-168543579-snap-gene-0.33-mRNA-1 3576143
.21 augustus_masked-167981374-processed-gene-0.5-mRNA-1 1987186
.23 augustus_masked-167981374-processed-gene-0.5-mRNA-1 1184900
.99 maker-82336937-augustus-gene-0.3-mRNA-1 3576026
.99 snap_masked-168251974-processed-gene-0.59-mRNA-1 3528326
.99 maker-167793900-augustus-gene-0.22-mRNA-1 3575643
.99 snap_masked-168195827-processed-gene-0.34-mRNA-1 3575265
.17 augustus_masked-167918185-processed-gene-0.8-mRNA-1 3497160
.71 augustus_masked-167918185-processed-gene-0.8-mRNA-1 3499703
.75 maker-168577438-snap-gene-0.27-mRNA-1 3576067
.21 maker-168577438-snap-gene-0.27-mRNA-1 3494516
.97 maker-168293066-snap-gene-0.30-mRNA-1 3576149
.07 maker-168195755-augustus-gene-0.92-mRNA-1 3498931
.28 maker-168195755-augustus-gene-0.92-mRNA-1 3575788
.99 augustus_masked-166953384-processed-gene-0.0-mRNA-1 3575131
.99 augustus_masked-166953384-processed-gene-0.0-mRNA-1 3575348
.32 augustus_masked-168427357-processed-gene-0.2-mRNA-1 1719159
.67 augustus_masked-168427357-processed-gene-0.2-mRNA-1 3531752
.99 maker-166465311-snap-gene-0.3-mRNA-1 3575829
.24 maker-168000374-augustus-gene-0.13-mRNA-1 3575805
.20 maker-168000374-augustus-gene-0.13-mRNA-1 3494791
.18 maker-168000374-augustus-gene-0.13-mRNA-1 2079120
.17 maker-168000374-augustus-gene-0.13-mRNA-1 3501123
.02 maker-168000374-augustus-gene-0.13-mRNA-1 2079120
.99 maker-168385751-snap-gene-0.14-mRNA-1 3575721
.76 maker-168531405-snap-gene-0.73-mRNA-2 3576093
.12 maker-168531405-snap-gene-0.73-mRNA-2 3515989
.99 snap_masked-168246492-processed-gene-0.14-mRNA-1 3575288
.98 maker-168189757-augustus-gene-0.81-mRNA-1 3575692
.20 maker-168490864-augustus-gene-0.12-mRNA-1 3576119
.59 maker-168490864-augustus-gene-0.12-mRNA-1 3576119
.73 genemark-168338655-processed-gene-0.8-mRNA-1 3575597
.13 genemark-168338655-processed-gene-0.8-mRNA-1 3575567
.99 maker-168374066-augustus-gene-0.8-mRNA-1 3575755
.99 maker-161849811-snap-gene-0.4-mRNA-1 3575727
.99 snap_masked-168516466-processed-gene-0.15-mRNA-1 3576115
.99 augustus_masked-168145768-processed-gene-0.0-mRNA-1 3500653
.99 snap_masked-161884287-processed-gene-0.2-mRNA-1 3499773
.99 snap_masked-161884287-processed-gene-0.2-mRNA-1 3494280
.22 maker-168262177-snap-gene-0.11-mRNA-1 3499201
.77 maker-168262177-snap-gene-0.11-mRNA-1 3575183
.99 maker-168313946-augustus-gene-0.39-mRNA-1 3576159
.99 snap_masked-168453873-processed-gene-1.99-mRNA-1 3575869
.05 maker-168190394-augustus-gene-0.54-mRNA-1 3496135
.68 maker-168190394-augustus-gene-0.54-mRNA-1 3496135
.99 augustus_masked-168417715-processed-gene-0.1-mRNA-1 3493827
.42 augustus_masked-168200496-processed-gene-0.0-mRNA-1 3573761
.40 augustus_masked-168200496-processed-gene-0.0-mRNA-1 1073947
.99 snap_masked-168199200-processed-gene-0.72-mRNA-1 3575807
.09 maker-167010684-augustus-gene-0.4-mRNA-1 3496692
.88 maker-167010684-augustus-gene-0.4-mRNA-1 3575629
.99 snap_masked-168382546-processed-gene-0.28-mRNA-1 3496383
.99 maker-168574056-snap-gene-0.57-mRNA-1 3576153
.90 maker-168435638-augustus-gene-0.54-mRNA-1 3576073
.99 maker-168144328-snap-gene-0.37-mRNA-1 3576165
.99 snap_masked-168476128-processed-gene-0.36-mRNA-1 3494367
.99 augustus_masked-168564037-processed-gene-0.4-mRNA-1 3494948
.42 snap_masked-167258515-processed-gene-0.2-mRNA-1 3517476
.53 snap_masked-167258515-processed-gene-0.2-mRNA-1 3517476
.99 maker-167826953-snap-gene-0.51-mRNA-1 3575933
.90 maker-168250949-augustus-gene-0.20-mRNA-2 3576005
.99 maker-168549184-augustus-gene-0.52-mRNA-1 3575566
.43 maker-168495710-augustus-gene-0.21-mRNA-1 3575321
.45 maker-168505030-augustus-gene-0.35-mRNA-2 902942
.29 maker-168505030-augustus-gene-0.35-mRNA-2 3522217
.99 maker-165379790-snap-gene-0.4-mRNA-1 3575395
.71 maker-166838974-augustus-gene-0.3-mRNA-1 3575998
.99 augustus_masked-168191488-processed-gene-0.21-mRNA-1 3575513
.99 maker-97349046-snap-gene-0.2-mRNA-1 3575405
.20 augustus_masked-168143171-processed-gene-0.6-mRNA-1 3531900
.71 augustus_masked-168143171-processed-gene-0.6-mRNA-1 3575517
.99 maker-168261240-snap-gene-0.5-mRNA-1 3575833
.59 maker-168484995-snap-gene-0.27-mRNA-1 1017316
.92 maker-168546639-snap-gene-0.71-mRNA-1 3575298
.04 maker-168546639-snap-gene-0.71-mRNA-1 1915422
.99 maker-168436862-augustus-gene-0.19-mRNA-1 3575880
.73 augustus_masked-167793158-processed-gene-0.6-mRNA-1 3540094
.25 augustus_masked-167793158-processed-gene-0.6-mRNA-1 1321328
.99 augustus_masked-164006246-processed-gene-0.0-mRNA-1 3575775
.99 snap_masked-167957962-processed-gene-0.58-mRNA-1 3575865
.99 maker-168352321-augustus-gene-0.51-mRNA-1 3575862
.99 maker-168493918-augustus-gene-0.74-mRNA-1 3575316
.82 maker-168381545-snap-gene-0.26-mRNA-1 3576120
.99 snap_masked-168207360-processed-gene-0.89-mRNA-1 3498957
.89 maker-168549806-snap-gene-0.48-mRNA-1 3492837
.07 maker-168549806-snap-gene-0.48-mRNA-1 1392643
.99 snap_masked-168314006-processed-gene-0.71-mRNA-1 3575427
.98 maker-168577133-snap-gene-0.14-mRNA-1 3576134
.74 maker-168183877-augustus-gene-0.13-mRNA-2 3576133
.06 maker-168183877-augustus-gene-0.13-mRNA-2 3564023
.21 augustus_masked-168552037-processed-gene-0.18-mRNA-1 3497425
.18 augustus_masked-168552037-processed-gene-0.18-mRNA-1 987238
.21 augustus_masked-168552037-processed-gene-0.18-mRNA-1 3575712
.99 augustus_masked-168100658-processed-gene-0.0-mRNA-1 3575830
.29 maker-168242352-augustus-gene-0.58-mRNA-1 1687969
.42 maker-168242352-augustus-gene-0.58-mRNA-1 3495740
.14 maker-167864987-snap-gene-0.14-mRNA-1 3576075
.60 maker-167864987-snap-gene-0.14-mRNA-1 3576075
.99 maker-168503142-augustus-gene-0.29-mRNA-1 3576028
.56 augustus_masked-168189853-processed-gene-0.24-mRNA-1 3494593
.29 augustus_masked-168189853-processed-gene-0.24-mRNA-1 3495835
.99 augustus_masked-166398954-processed-gene-0.1-mRNA-1 3575110
.15 augustus_masked-168191887-processed-gene-0.9-mRNA-1 3495993
.06 augustus_masked-168191887-processed-gene-0.9-mRNA-1 3517044
.03 augustus_masked-168191887-processed-gene-0.9-mRNA-1 2280164
.39 augustus_masked-168358546-processed-gene-0.7-mRNA-1 3496822
.26 augustus_masked-168358546-processed-gene-0.7-mRNA-1 984999
.24 augustus_masked-168358546-processed-gene-0.7-mRNA-1 1454500
.21 augustus_masked-168358546-processed-gene-0.7-mRNA-1 812566
.19 augustus_masked-168358546-processed-gene-0.7-mRNA-1 979601
.24 snap_masked-164833875-processed-gene-0.2-mRNA-1 486919
.62 snap_masked-164833875-processed-gene-0.2-mRNA-1 3493596
.78 maker-167831585-snap-gene-0.17-mRNA-1 3575892
.10 maker-167831585-snap-gene-0.17-mRNA-1 516947
.09 maker-167831585-snap-gene-0.17-mRNA-1 3576175
.05 maker-167831585-snap-gene-0.17-mRNA-1 3575426
.99 augustus_masked-168232092-processed-gene-0.1-mRNA-1 3575378
.83 maker-168246699-snap-gene-0.15-mRNA-1 3575741
.10 maker-168246699-snap-gene-0.15-mRNA-1 3493013
.06 maker-168246699-snap-gene-0.15-mRNA-1 3573709
.99 maker-168577320-snap-gene-0.83-mRNA-1 3497295
.99 augustus_masked-168244100-processed-gene-0.0-mRNA-1 3575678
.44 maker-168188745-augustus-gene-0.16-mRNA-1 792485
.47 maker-168188745-augustus-gene-0.16-mRNA-1 3493060
.99 maker-168201686-augustus-gene-0.28-mRNA-1 3498595
.99 augustus_masked-162100704-processed-gene-0.3-mRNA-1 3575490
.98 augustus_masked-168188678-processed-gene-0.9-mRNA-1 3575326
.99 augustus_masked-168529058-processed-gene-0.1-mRNA-1 3496473
.53 maker-166748757-augustus-gene-0.4-mRNA-2 3495666
.25 maker-166748757-augustus-gene-0.4-mRNA-2 3502487
.99 maker-168557059-augustus-gene-0.14-mRNA-1 3575942
.99 maker-168571238-snap-gene-0.43-mRNA-1 3576069
.99 augustus_masked-168493131-processed-gene-0.1-mRNA-1 3576132
.49 maker-168488572-snap-gene-0.143-mRNA-1 3575738
.37 maker-168331454-snap-gene-0.5-mRNA-1 771055
.11 maker-168331454-snap-gene-0.5-mRNA-1 3558601
.99 augustus_masked-168562064-processed-gene-0.17-mRNA-1 3504182
.68 maker-161346201-snap-gene-0.6-mRNA-1 3494514
.15 maker-161346201-snap-gene-0.6-mRNA-1 3466146
.99 maker-168476117-snap-gene-0.8-mRNA-1 3575925
.94 maker-168224420-augustus-gene-0.32-mRNA-1 3575846
.99 maker-168572137-augustus-gene-0.22-mRNA-1 3495177
.25 maker-168109257-snap-gene-0.13-mRNA-1 1579907
.33 maker-168109257-snap-gene-0.13-mRNA-1 1098865
.99 maker-168395405-augustus-gene-0.58-mRNA-1 3575749
.99 maker-168188476-snap-gene-1.79-mRNA-1 3575904
.06 augustus_masked-168452723-processed-gene-0.1-mRNA-1 3494143
.93 augustus_masked-168452723-processed-gene-0.1-mRNA-1 3501423
.14 genemark-168492273-processed-gene-0.12-mRNA-1 1034805
.09 genemark-168492273-processed-gene-0.12-mRNA-1 694628
.99 augustus_masked-167819461-processed-gene-0.6-mRNA-1 3575779
.11 maker-168476312-snap-gene-0.13-mRNA-1 1261674
.72 maker-168476312-snap-gene-0.13-mRNA-1 3496115
.30 maker-168569133-augustus-gene-0.17-mRNA-1 1810803
.99 augustus_masked-168411856-processed-gene-0.4-mRNA-1 3576130
.78 maker-168189353-snap-gene-0.30-mRNA-1 3576154
.13 maker-168189353-snap-gene-0.30-mRNA-1 1154863
.99 maker-168551770-augustus-gene-1.58-mRNA-1 3575901
.99 snap_masked-168289165-processed-gene-0.38-mRNA-1 3496500
.24 maker-168509533-augustus-gene-0.10-mRNA-1 3576032
.49 maker-168509533-augustus-gene-0.10-mRNA-1 3576032
.99 maker-168536586-augustus-gene-0.19-mRNA-1 3501451
.21 maker-168577049-augustus-gene-0.10-mRNA-1 3493148
.21 maker-168577049-augustus-gene-0.10-mRNA-1 3493791
.16 maker-168577049-augustus-gene-0.10-mRNA-1 3517625
.15 maker-168577049-augustus-gene-0.10-mRNA-1 3502419
.14 maker-168577049-augustus-gene-0.10-mRNA-1 3499829
.10 maker-168189530-augustus-gene-0.69-mRNA-1 3503150
.89 maker-168189530-augustus-gene-0.69-mRNA-1 3575361
.99 augustus_masked-163331802-processed-gene-0.0-mRNA-1 3575188
.99 maker-168543012-augustus-gene-0.16-mRNA-1 3575273
.68 augustus_masked-168139723-processed-gene-0.0-mRNA-1 3575814
.99 augustus_masked-168226854-processed-gene-0.3-mRNA-1 3575460
.17 genemark-168459937-processed-gene-0.62-mRNA-1 415133
.11 genemark-168459937-processed-gene-0.62-mRNA-1 1201960
.09 genemark-168459937-processed-gene-0.62-mRNA-1 3513578
.11 genemark-168459937-processed-gene-0.62-mRNA-1 3507962
.99 maker-168526355-augustus-gene-0.6-mRNA-1 3575521
.11 genemark-168311486-processed-gene-0.19-mRNA-1 3560265
.99 maker-168188548-snap-gene-0.80-mRNA-1 3495910
.99 maker-168520503-snap-gene-0.23-mRNA-1 3576097
.99 augustus_masked-168520551-processed-gene-0.6-mRNA-1 3575647
.99 maker-168244258-augustus-gene-0.84-mRNA-1 3575473
.99 augustus_masked-168211093-processed-gene-0.2-mRNA-1 3575642
.12 augustus_masked-165118678-processed-gene-0.0-mRNA-1 3493168
.87 augustus_masked-165118678-processed-gene-0.0-mRNA-1 3575295
.98 augustus_masked-168224398-processed-gene-0.0-mRNA-1 3575541
.36 augustus_masked-165338227-processed-gene-0.0-mRNA-1 1240523
.30 augustus_masked-165338227-processed-gene-0.0-mRNA-1 3538304
.99 maker-167857959-snap-gene-0.18-mRNA-2 3575357
.51 maker-168266860-snap-gene-0.9-mRNA-1 3493888
.25 maker-168266860-snap-gene-0.9-mRNA-1 3500032
.16 maker-168266860-snap-gene-0.9-mRNA-1 1355892
.99 augustus_masked-168075266-processed-gene-0.4-mRNA-1 3575189
.99 augustus_masked-168570305-processed-gene-0.3-mRNA-1 3493206
.99 snap_masked-168397681-processed-gene-0.6-mRNA-1 3576078
.37 maker-167813821-snap-gene-0.18-mRNA-1 3498280
.21 maker-167813821-snap-gene-0.18-mRNA-1 3519905
.99 augustus_masked-168444964-processed-gene-0.4-mRNA-1 3494521
.99 snap_masked-168230436-processed-gene-0.5-mRNA-1 3576033
.16 maker-168527738-snap-gene-1.93-mRNA-1 3576037
.75 maker-168527738-snap-gene-1.93-mRNA-1 3576037
.99 augustus_masked-168577326-processed-gene-0.2-mRNA-1 3576171
.22 genemark-168563416-processed-gene-0.16-mRNA-1 587146
.36 maker-168576992-augustus-gene-0.22-mRNA-1 2465518
.37 maker-168576992-augustus-gene-0.22-mRNA-1 175174
.32 maker-168576992-augustus-gene-0.22-mRNA-1 2226115
.33 maker-168576992-augustus-gene-0.22-mRNA-1 3495242
.28 maker-168576992-augustus-gene-0.22-mRNA-1 1352782
.77 augustus_masked-168561814-processed-gene-0.4-mRNA-1 3496342
.22 augustus_masked-168561814-processed-gene-0.4-mRNA-1 3512497
.99 augustus_masked-168513402-processed-gene-0.4-mRNA-1 3575763
.20 maker-168195094-snap-gene-0.6-mRNA-1 3575755
.40 maker-168195094-snap-gene-0.6-mRNA-1 3576011
.13 maker-168560154-snap-gene-0.140-mRNA-1 3503006
.85 maker-168560154-snap-gene-0.140-mRNA-1 3575492
.99 maker-167800884-augustus-gene-0.35-mRNA-1 3575336
.16 augustus_masked-168196873-processed-gene-0.1-mRNA-1 2183405
.99 maker-167179853-snap-gene-0.5-mRNA-2 3575271
.99 maker-168190366-augustus-gene-0.36-mRNA-1 3575870
.58 maker-163244313-augustus-gene-0.3-mRNA-1 3575705
.22 maker-163244313-augustus-gene-0.3-mRNA-1 539967
.22 maker-163244313-augustus-gene-0.3-mRNA-1 3503128
.11 maker-163244313-augustus-gene-0.3-mRNA-1 3512559
.99 augustus_masked-168442181-processed-gene-0.10-mRNA-1 3494215
.99 maker-168577199-snap-gene-0.101-mRNA-1 3575828
.82 maker-168494164-snap-gene-0.44-mRNA-1 3576167
.24 maker-168505222-augustus-gene-0.19-mRNA-1 3497251
.35 maker-168505222-augustus-gene-0.19-mRNA-1 3493887
.76 maker-168461588-snap-gene-0.80-mRNA-1 3575660
.99 maker-168577271-augustus-gene-0.26-mRNA-1 3493987
.45 snap_masked-168522561-processed-gene-0.6-mRNA-1 1273123
.99 augustus_masked-167914925-processed-gene-0.1-mRNA-1 3575416
.44 augustus_masked-168453553-processed-gene-0.0-mRNA-1 3575751
.15 augustus_masked-168453553-processed-gene-0.0-mRNA-1 3575751
.01 augustus_masked-168453553-processed-gene-0.0-mRNA-1 3575751
.46 augustus_masked-162344264-processed-gene-0.0-mRNA-1 2157565
.51 augustus_masked-162344264-processed-gene-0.0-mRNA-1 1975535
.55 maker-168396446-snap-gene-0.21-mRNA-1 3575169
.99 maker-168568009-snap-gene-0.8-mRNA-1 3576006
.99 snap_masked-168256972-processed-gene-0.3-mRNA-1 3497543
.99 maker-168244743-snap-gene-0.97-mRNA-1 3576173
.99 maker-164099479-snap-gene-0.9-mRNA-1 3575926
.99 maker-168566848-augustus-gene-0.52-mRNA-1 3575951
.37 maker-168568376-snap-gene-0.42-mRNA-1 3576102
.08 augustus_masked-168569475-processed-gene-0.4-mRNA-1 1425670
.01 augustus_masked-168569475-processed-gene-0.4-mRNA-1 3498955
.04 augustus_masked-168569475-processed-gene-0.4-mRNA-1 3498955
.99 augustus_masked-166928994-processed-gene-0.0-mRNA-1 3576042
.99 maker-168232706-augustus-gene-0.98-mRNA-1 3575743
.99 maker-168568081-augustus-gene-0.75-mRNA-1 3575591
.99 maker-168191671-snap-gene-0.57-mRNA-1 3575365
.99 maker-168551394-snap-gene-0.19-mRNA-1 3575358
.99 augustus_masked-168471689-processed-gene-0.28-mRNA-1 3575909
.99 snap_masked-167809486-processed-gene-0.23-mRNA-1 3575895
.36 maker-168452293-snap-gene-0.31-mRNA-1 3576095
.99 maker-168184480-snap-gene-0.4-mRNA-1 3575480
.99 maker-168235667-snap-gene-0.76-mRNA-1 3493889
.22 maker-168001983-augustus-gene-0.36-mRNA-2 3511317
.70 maker-168001983-augustus-gene-0.36-mRNA-2 3575706
.99 snap_masked-165364180-processed-gene-0.1-mRNA-1 3504956
.99 snap_masked-165364180-processed-gene-0.1-mRNA-1 3551173
.50 maker-168512134-augustus-gene-0.24-mRNA-1 3576058
.84 maker-168577033-snap-gene-0.50-mRNA-1 3497465
.99 genemark-164193872-processed-gene-0.0-mRNA-1 3553260
.04 maker-168521177-snap-gene-0.17-mRNA-1 3518756
.91 maker-168521177-snap-gene-0.17-mRNA-1 3576116
.99 maker-168574618-snap-gene-0.96-mRNA-1 3576077
.18 maker-168297202-snap-gene-0.4-mRNA-1 3494770
.45 maker-168297202-snap-gene-0.4-mRNA-1 3493714
.95 maker-168504579-augustus-gene-0.17-mRNA-1 3575611
.03 maker-168504579-augustus-gene-0.17-mRNA-1 1249054
.02 maker-168504579-augustus-gene-0.17-mRNA-1 2313434
.97 maker-167995255-snap-gene-0.13-mRNA-1 3575140
.94 maker-168406761-snap-gene-0.40-mRNA-1 3575746
.44 genemark-168122537-processed-gene-0.3-mRNA-1 3499336
.31 genemark-168122537-processed-gene-0.3-mRNA-1 941812
.13 maker-168519697-augustus-gene-0.19-mRNA-1 3494391
.47 maker-168519697-augustus-gene-0.19-mRNA-1 3495991
.96 maker-168572757-snap-gene-0.24-mRNA-1 3494416
0 maker-168572757-snap-gene-0.24-mRNA-1 2894939
.98 snap_masked-168370811-processed-gene-0.10-mRNA-1 3575717
.99 maker-165281831-augustus-gene-0.3-mRNA-1 3575339
.56 genemark-167871894-processed-gene-0.12-mRNA-1 3514738
.23 genemark-167871894-processed-gene-0.12-mRNA-1 764661
.65 maker-168241879-augustus-gene-0.8-mRNA-1 3575500
.17 maker-168241879-augustus-gene-0.8-mRNA-1 3520399
.99 augustus_masked-168517182-processed-gene-0.2-mRNA-1 3494854
.89 maker-168577112-snap-gene-0.50-mRNA-1 3576082
.24 genemark-168485793-processed-gene-0.30-mRNA-1 1043580
.20 genemark-168485793-processed-gene-0.30-mRNA-1 3506058
.21 genemark-168485793-processed-gene-0.30-mRNA-1 713401
.14 genemark-168485793-processed-gene-0.30-mRNA-1 1506897
.31 maker-168569561-augustus-gene-0.50-mRNA-1 3575194
.24 maker-168569561-augustus-gene-0.50-mRNA-1 511675
.20 maker-168569561-augustus-gene-0.50-mRNA-1 630433
.17 maker-168569561-augustus-gene-0.50-mRNA-1 3511272
.17 maker-168569561-augustus-gene-0.50-mRNA-1 1648687
.36 maker-168560435-snap-gene-0.53-mRNA-1 3575617
.41 maker-168560435-snap-gene-0.53-mRNA-1 3576043
.99 maker-163194786-snap-gene-0.4-mRNA-1 3576162
.99 maker-168185639-augustus-gene-0.75-mRNA-1 3575882
.99 genemark-168302046-processed-gene-0.14-mRNA-1 3508521
.99 maker-167805059-snap-gene-0.62-mRNA-1 3494679
.96 maker-168288761-augustus-gene-0.13-mRNA-1 3575992
.03 maker-168288761-augustus-gene-0.13-mRNA-1 3497635
.14 genemark-168387603-processed-gene-0.8-mRNA-1 3567089
.14 genemark-168387603-processed-gene-0.8-mRNA-1 3558210
.74 maker-168390760-snap-gene-0.46-mRNA-1 3498609
.12 augustus_masked-166713843-processed-gene-0.0-mRNA-1 412795
.86 augustus_masked-166713843-processed-gene-0.0-mRNA-1 673731
.99 maker-168400262-snap-gene-0.12-mRNA-1 3575354
.04 augustus_masked-168554991-processed-gene-0.8-mRNA-1 1048817
.95 augustus_masked-168554991-processed-gene-0.8-mRNA-1 3495707
.47 maker-167899756-snap-gene-0.51-mRNA-1 3496495
.24 maker-167899756-snap-gene-0.51-mRNA-1 3497400
.51 maker-168364698-augustus-gene-0.7-mRNA-1 3576002
.13 maker-168364698-augustus-gene-0.7-mRNA-1 3498332
.99 maker-159518323-augustus-gene-0.3-mRNA-1 3500508
.36 augustus_masked-168187298-processed-gene-0.2-mRNA-1 3575121
.12 augustus_masked-168187298-processed-gene-0.2-mRNA-1 880484
.87 maker-168577067-augustus-gene-0.15-mRNA-1 3575471
.10 maker-168577067-augustus-gene-0.15-mRNA-1 718796
.09 maker-168577067-augustus-gene-0.15-mRNA-1 1102634
.09 maker-168577067-augustus-gene-0.15-mRNA-1 718795
.99 maker-166991790-augustus-gene-0.6-mRNA-1 3575864
.65 snap_masked-168408312-processed-gene-0.6-mRNA-1 3575319
.20 snap_masked-168408312-processed-gene-0.6-mRNA-1 3498543
.21 maker-168496454-snap-gene-0.99-mRNA-1 2067738
.99 genemark-168253278-processed-gene-0.1-mRNA-1 3498713
.99 genemark-168253278-processed-gene-0.1-mRNA-1 3495442
.99 snap_masked-168137277-processed-gene-0.14-mRNA-1 3493213
.77 snap_masked-168506167-processed-gene-0.15-mRNA-1 3575184
.99 augustus_masked-168488821-processed-gene-2.10-mRNA-1 3575406
.44 augustus_masked-168511609-processed-gene-0.4-mRNA-1 3575425
.95 augustus_masked-168560991-processed-gene-0.3-mRNA-1 3502707
.99 genemark-161741964-processed-gene-0.0-mRNA-1 3503706
.99 augustus_masked-167807546-processed-gene-0.0-mRNA-1 3575376
.87 maker-168577244-snap-gene-0.25-mRNA-1 3493257
.17 maker-163558320-augustus-gene-0.3-mRNA-1 1398244
.82 maker-163558320-augustus-gene-0.3-mRNA-1 3575987
.99 maker-167939701-augustus-gene-0.13-mRNA-2 3492951
.99 augustus_masked-168380280-processed-gene-0.14-mRNA-1 3575136
.90 maker-168184771-augustus-gene-0.61-mRNA-1 3576092
.99 maker-168232291-snap-gene-0.61-mRNA-1 3575524
.35 genemark-168190383-processed-gene-0.4-mRNA-1 3546145
.22 genemark-168190383-processed-gene-0.4-mRNA-1 1922877
.99 maker-167809119-snap-gene-0.24-mRNA-1 3575419
.21 snap_masked-168369745-processed-gene-0.102-mRNA-1 3497985
.76 snap_masked-168369745-processed-gene-0.102-mRNA-1 3497657
.97 maker-168392269-snap-gene-0.64-mRNA-2 3576128
.99 augustus_masked-164388300-processed-gene-0.0-mRNA-1 3575931
.41 maker-168243758-snap-gene-0.22-mRNA-1 3575547
.99 maker-168145983-snap-gene-0.35-mRNA-1 3576145
.98 maker-168058330-snap-gene-0.25-mRNA-1 3575988
.11 maker-164679375-snap-gene-0.4-mRNA-1 3500287
.88 maker-164679375-snap-gene-0.4-mRNA-1 3493232
.97 augustus_masked-168182664-processed-gene-0.11-mRNA-1 3575996
.99 maker-168368869-augustus-gene-0.9-mRNA-1 3493361
.60 maker-168420388-snap-gene-0.48-mRNA-1 3575498
.39 maker-168420388-snap-gene-0.48-mRNA-1 3493639
.99 maker-166699177-augustus-gene-0.4-mRNA-1 3575205
.99 maker-158801656-augustus-gene-0.4-mRNA-1 3575913
.80 maker-168480493-snap-gene-0.35-mRNA-1 3503704
.99 augustus_masked-168386339-processed-gene-0.9-mRNA-1 3575737
.15 maker-168277376-augustus-gene-0.56-mRNA-1 3575821
.70 maker-168277376-augustus-gene-0.56-mRNA-1 3575821
.99 augustus_masked-168556193-processed-gene-0.1-mRNA-1 3547058
.49 maker-168185460-augustus-gene-0.4-mRNA-1 3499291
.27 maker-168185460-augustus-gene-0.4-mRNA-1 435108
.99 augustus_masked-168544177-processed-gene-0.8-mRNA-1 3575684
.43 maker-168285628-augustus-gene-0.11-mRNA-1 3575536
.99 maker-167805054-snap-gene-0.76-mRNA-1 3576030
.52 maker-167805054-snap-gene-0.76-mRNA-1 3494472
.99 maker-167925552-augustus-gene-0.48-mRNA-1 3575134
.99 augustus_masked-158905182-processed-gene-0.0-mRNA-1 3575955
.15 maker-168372574-snap-gene-0.20-mRNA-1 838770
.14 maker-168372574-snap-gene-0.20-mRNA-1 3499104
.98 augustus_masked-168549370-processed-gene-0.0-mRNA-1 1484065
.99 maker-168393731-augustus-gene-0.71-mRNA-1 3575918
.19 maker-167795162-snap-gene-0.25-mRNA-1 3520602
.43 maker-167795162-snap-gene-0.25-mRNA-1 3500278
.99 augustus_masked-168249855-processed-gene-0.1-mRNA-1 3576108
.23 maker-168514404-snap-gene-0.56-mRNA-1 950318
.76 maker-168514404-snap-gene-0.56-mRNA-1 3575557
.97 maker-168409767-augustus-gene-0.35-mRNA-1 3576001
.99 maker-168409188-augustus-gene-0.19-mRNA-1 3575663
.89 augustus_masked-168194504-processed-gene-0.12-mRNA-1 3494233
.10 augustus_masked-168194504-processed-gene-0.12-mRNA-1 3546026
.58 genemark-167794460-processed-gene-0.2-mRNA-1 1259097
.94 snap_masked-168315563-processed-gene-0.4-mRNA-1 3575599
.42 maker-166055328-snap-gene-0.4-mRNA-1 3494665
.40 maker-166055328-snap-gene-0.4-mRNA-1 160485
.30 maker-166055328-snap-gene-0.4-mRNA-1 3495737
.99 maker-168251063-augustus-gene-1.60-mRNA-3 3576088
.99 maker-166871210-augustus-gene-0.2-mRNA-1 3575258
.99 augustus_masked-168203006-processed-gene-0.14-mRNA-1 3495464
.99 snap_masked-60304503-processed-gene-0.2-mRNA-1 3575853
.99 maker-168536306-augustus-gene-0.61-mRNA-1 3575396
.99 maker-168398044-augustus-gene-0.15-mRNA-2 3575791
.67 augustus_masked-168406026-processed-gene-0.6-mRNA-1 509481
.19 augustus_masked-168406026-processed-gene-0.6-mRNA-1 3576105
.15 augustus_masked-168406026-processed-gene-0.6-mRNA-1 950273
.21 augustus_masked-168406026-processed-gene-0.6-mRNA-1 3495456
.99 augustus_masked-168430135-processed-gene-0.12-mRNA-1 3575628
.99 maker-168185324-augustus-gene-0.5-mRNA-1 3493121
.56 augustus_masked-168186618-processed-gene-0.0-mRNA-1 3494235
.99 augustus_masked-168561832-processed-gene-0.10-mRNA-1 3575822
.99 augustus_masked-166569327-processed-gene-0.1-mRNA-1 3575509
.75 maker-168401677-augustus-gene-1.140-mRNA-1 3575666
.23 maker-168401677-augustus-gene-1.140-mRNA-1 1318184
.99 maker-168228879-snap-gene-0.65-mRNA-1 3575967
.99 augustus_masked-168515357-processed-gene-0.8-mRNA-1 3575495
.99 augustus_masked-70882023-processed-gene-0.0-mRNA-1 3498574
.16 genemark-168199944-processed-gene-0.55-mRNA-1 1899528
.12 genemark-168199944-processed-gene-0.55-mRNA-1 2348688
.13 genemark-168199944-processed-gene-0.55-mRNA-1 2003841
.09 genemark-168199944-processed-gene-0.55-mRNA-1 3020769
.38 genemark-168199944-processed-gene-0.55-mRNA-1 3551820
.42 maker-168540420-augustus-gene-0.19-mRNA-2 3575838
.57 maker-168540420-augustus-gene-0.19-mRNA-2 3575838
.48 snap_masked-168569311-processed-gene-0.17-mRNA-1 3507279
.43 snap_masked-168569311-processed-gene-0.17-mRNA-1 3507278
.18 snap_masked-168569311-processed-gene-0.17-mRNA-1 1140031
.18 maker-168515157-augustus-gene-0.4-mRNA-1 712839
.75 maker-168515157-augustus-gene-0.4-mRNA-1 3575251
.99 augustus_masked-168485968-processed-gene-0.4-mRNA-1 3495780
.86 augustus_masked-168490649-processed-gene-0.5-mRNA-1 3576118
.06 augustus_masked-168490649-processed-gene-0.5-mRNA-1 3497555
.73 genemark-168017464-processed-gene-0.2-mRNA-1 3575474
.05 genemark-168017464-processed-gene-0.2-mRNA-1 2643418
.99 augustus_masked-168188785-processed-gene-0.8-mRNA-1 3493915
.97 maker-168568796-augustus-gene-0.25-mRNA-1 3575166
.01 maker-168568796-augustus-gene-0.25-mRNA-1 1124760
.99 snap_masked-168530606-processed-gene-0.85-mRNA-1 3492871
.99 maker-168566255-snap-gene-0.80-mRNA-1 3576123
.32 maker-166823182-augustus-gene-0.4-mRNA-2 3575210
.30 maker-166823182-augustus-gene-0.4-mRNA-2 55807
.31 maker-166823182-augustus-gene-0.4-mRNA-2 3536043
.85 maker-168230875-snap-gene-0.18-mRNA-1 3575964
.05 augustus_masked-166403392-processed-gene-0.0-mRNA-1 875745
.94 augustus_masked-166403392-processed-gene-0.0-mRNA-1 3575974
.18 augustus_masked-168529421-processed-gene-0.1-mRNA-1 3498774
.81 augustus_masked-168529421-processed-gene-0.1-mRNA-1 3501628
.99 augustus_masked-161960070-processed-gene-0.1-mRNA-1 3499943
.27 maker-168501230-snap-gene-0.50-mRNA-1 3510129
.43 maker-168501230-snap-gene-0.50-mRNA-1 3493353
.99 maker-168543960-augustus-gene-0.103-mRNA-1 3575669
.66 maker-168252459-augustus-gene-0.29-mRNA-1 3495157
.15 maker-168252459-augustus-gene-0.29-mRNA-1 510295
.91 augustus_masked-168475928-processed-gene-0.8-mRNA-1 3575391
.23 maker-163782445-snap-gene-0.3-mRNA-1 3537279
.20 maker-163782445-snap-gene-0.3-mRNA-1 722366
.20 maker-163782445-snap-gene-0.3-mRNA-1 1445144
.35 augustus_masked-168432818-processed-gene-0.11-mRNA-1 3509468
.64 augustus_masked-168432818-processed-gene-0.11-mRNA-1 966988
.38 maker-168467618-augustus-gene-0.44-mRNA-1 374575
.45 maker-168467618-augustus-gene-0.44-mRNA-1 3575408
.99 maker-168184200-augustus-gene-0.8-mRNA-1 3575712
.87 snap_masked-167906892-processed-gene-0.5-mRNA-1 3575983
.05 snap_masked-167906892-processed-gene-0.5-mRNA-1 3499918
.74 augustus_masked-168398641-processed-gene-0.11-mRNA-1 3575512
.99 augustus_masked-168320792-processed-gene-0.9-mRNA-1 3497618
.59 augustus_masked-166998920-processed-gene-0.1-mRNA-1 3498676
.39 augustus_masked-166998920-processed-gene-0.1-mRNA-1 3499835
.99 augustus_masked-168577059-processed-gene-0.2-mRNA-1 3575379
.93 augustus_masked-161295918-processed-gene-0.0-mRNA-1 3575707
.48 maker-166471144-snap-gene-0.4-mRNA-1 1316209
.39 maker-166471144-snap-gene-0.4-mRNA-1 3539761
.99 augustus_masked-168026261-processed-gene-0.2-mRNA-1 725023
.99 augustus_masked-10930138-processed-gene-0.0-mRNA-1 3575191
.95 maker-168437394-snap-gene-0.101-mRNA-1 3576154
.96 maker-168577036-snap-gene-2.115-mRNA-1 3576094
.99 snap_masked-168188494-processed-gene-0.13-mRNA-1 3575311
.66 maker-168190120-snap-gene-0.81-mRNA-1 3494312
.12 maker-168190120-snap-gene-0.81-mRNA-1 3498043
.99 maker-168187810-augustus-gene-0.25-mRNA-1 3576004
.99 snap_masked-167868242-processed-gene-0.42-mRNA-1 3575905
.89 maker-168450731-augustus-gene-0.65-mRNA-1 3576070
.99 maker-168348371-augustus-gene-0.41-mRNA-1 3575975
.41 maker-168223430-augustus-gene-0.87-mRNA-1 3575598
.07 augustus_masked-168282796-processed-gene-0.4-mRNA-1 714028
.81 augustus_masked-168282796-processed-gene-0.4-mRNA-1 3575526
.52 maker-168521003-snap-gene-0.84-mRNA-1 3575757
.96 maker-168440991-snap-gene-0.30-mRNA-1 3576074
.19 snap_masked-168476454-processed-gene-0.14-mRNA-1 3492991
.80 snap_masked-168476454-processed-gene-0.14-mRNA-1 3501747
.84 maker-168245566-augustus-gene-0.17-mRNA-1 3575573
.08 maker-168245566-augustus-gene-0.17-mRNA-1 816792
.04 maker-168245566-augustus-gene-0.17-mRNA-1 3525575
.38 snap_masked-168534233-processed-gene-0.46-mRNA-1 3502973
.32 snap_masked-168534233-processed-gene-0.46-mRNA-1 3542486
.99 maker-168322221-augustus-gene-0.32-mRNA-1 3576140
.99 augustus_masked-168247940-processed-gene-0.9-mRNA-1 3575745
.59 maker-167835609-snap-gene-0.14-mRNA-2 3575921
.15 maker-167835609-snap-gene-0.14-mRNA-2 1436091
.99 maker-168196537-augustus-gene-1.119-mRNA-2 3493499
.53 augustus_masked-168493671-processed-gene-0.0-mRNA-1 3569632
.32 augustus_masked-168493671-processed-gene-0.0-mRNA-1 2696148
.68 augustus_masked-168512396-processed-gene-0.0-mRNA-1 3493440
.31 augustus_masked-168512396-processed-gene-0.0-mRNA-1 3507827
.37 maker-168366183-augustus-gene-0.8-mRNA-1 1326764
.37 maker-166445120-snap-gene-0.5-mRNA-1 3514978
.62 maker-166445120-snap-gene-0.5-mRNA-1 3493411
.98 maker-167793430-augustus-gene-0.24-mRNA-1 3575970
.92 maker-168460192-snap-gene-0.52-mRNA-1 3576072
.02 maker-168460192-snap-gene-0.52-mRNA-1 1523134
.33 maker-168506480-snap-gene-0.28-mRNA-1 3576090
.99 maker-168191989-augustus-gene-0.21-mRNA-1 3534549
.99 augustus_masked-168252929-processed-gene-0.3-mRNA-1 3575430
.99 maker-168408172-snap-gene-0.115-mRNA-1 3575989
.99 maker-168189447-snap-gene-0.86-mRNA-1 3495510
.10 maker-168340805-snap-gene-0.52-mRNA-1 2061750
.81 maker-168340805-snap-gene-0.52-mRNA-1 3575552
.99 augustus_masked-168185204-processed-gene-0.2-mRNA-1 3541592
.03 maker-167002919-augustus-gene-0.3-mRNA-1 3520478
.95 maker-167002919-augustus-gene-0.3-mRNA-1 3575941
.99 maker-168042630-augustus-gene-0.31-mRNA-1 3575436
.99 maker-168506772-augustus-gene-0.109-mRNA-1 3575742
.93 maker-168528968-snap-gene-1.110-mRNA-1 3575903
.02 maker-168528968-snap-gene-1.110-mRNA-1 3575903
.35 maker-161787807-augustus-gene-0.3-mRNA-1 3503735
.25 maker-161787807-augustus-gene-0.3-mRNA-1 3576039
.08 maker-161787807-augustus-gene-0.3-mRNA-1 3498372
.48 maker-167152112-snap-gene-0.6-mRNA-1 3496526
.50 maker-167152112-snap-gene-0.6-mRNA-1 3575401
.18 maker-168535121-snap-gene-0.18-mRNA-1 3495102
.74 maker-168535121-snap-gene-0.18-mRNA-1 3576141
.41 maker-167882262-augustus-gene-0.10-mRNA-1 3534642
.31 maker-167882262-augustus-gene-0.10-mRNA-1 3499013
.30 maker-167882262-augustus-gene-0.10-mRNA-1 861130
.97 augustus_masked-168515018-processed-gene-0.3-mRNA-1 3541255
.94 maker-168536044-snap-gene-0.41-mRNA-1 3576152
.86 maker-168191225-augustus-gene-0.31-mRNA-1 3576169
.37 maker-168571131-snap-gene-0.43-mRNA-2 3575851
.21 maker-168304305-snap-gene-0.22-mRNA-1 3497851
.78 maker-168304305-snap-gene-0.22-mRNA-1 3576137
.53 genemark-168577349-processed-gene-0.32-mRNA-1 307118
.66 genemark-168577349-processed-gene-0.32-mRNA-1 3497564
.54 genemark-168577349-processed-gene-0.32-mRNA-1 1415292
.40 genemark-168577349-processed-gene-0.32-mRNA-1 491031
.40 genemark-168577349-processed-gene-0.32-mRNA-1 3572839
.99 maker-164287066-augustus-gene-0.3-mRNA-1 3496184
.98 maker-168188023-augustus-gene-0.37-mRNA-1 3576089
.99 augustus_masked-168548427-processed-gene-0.5-mRNA-1 3495220
.99 maker-167898736-augustus-gene-0.47-mRNA-1 3575772
.99 maker-168518972-augustus-gene-0.42-mRNA-1 3575976
.99 augustus_masked-168566824-processed-gene-0.6-mRNA-1 3575713
.40 maker-168438263-snap-gene-0.41-mRNA-1 3575141
.96 augustus_masked-163401909-processed-gene-0.0-mRNA-1 3497644
.53 maker-168488694-augustus-gene-0.34-mRNA-1 3576105
.13 maker-168488694-augustus-gene-0.34-mRNA-1 3495582
.12 maker-168488694-augustus-gene-0.34-mRNA-1 365904
.08 maker-168488694-augustus-gene-0.34-mRNA-1 3512001
.71 maker-168081439-snap-gene-0.12-mRNA-3 3510673
.14 maker-168081439-snap-gene-0.12-mRNA-3 975921
.65 maker-168187042-snap-gene-0.41-mRNA-1 3576110
.14 maker-168187042-snap-gene-0.41-mRNA-1 637197
.78 augustus_masked-168186823-processed-gene-0.3-mRNA-1 3575906
.21 augustus_masked-168186823-processed-gene-0.3-mRNA-1 3575906
.68 augustus_masked-168567162-processed-gene-0.0-mRNA-1 3575977
.22 augustus_masked-168567162-processed-gene-0.0-mRNA-1 502291
.39 maker-168184455-augustus-gene-0.16-mRNA-1 3576107
.99 maker-166007438-augustus-gene-0.3-mRNA-1 3575691
.99 augustus_masked-159044015-processed-gene-0.0-mRNA-1 3575171
.30 snap_masked-168179038-processed-gene-0.12-mRNA-1 3494170
.54 snap_masked-168179038-processed-gene-0.12-mRNA-1 3496675
.99 maker-168495877-snap-gene-1.101-mRNA-1 3505940
.99 maker-168562322-augustus-gene-0.61-mRNA-1 3575911
.99 maker-168577031-augustus-gene-0.26-mRNA-1 3576081
.99 snap_masked-168520014-processed-gene-0.62-mRNA-1 3506149
.31 augustus_masked-166369098-processed-gene-0.0-mRNA-1 3499893
.68 augustus_masked-166369098-processed-gene-0.0-mRNA-1 1109390
.99 augustus_masked-162342153-processed-gene-0.1-mRNA-1 3496449
.99 maker-168334701-augustus-gene-0.20-mRNA-1 3575653
.48 maker-168397484-snap-gene-0.41-mRNA-2 3575971
.51 maker-168397484-snap-gene-0.41-mRNA-2 3575971
.76 maker-168190028-augustus-gene-0.98-mRNA-1 3576111
.06 maker-168190028-augustus-gene-0.98-mRNA-1 3505874
.02 snap_masked-168558794-processed-gene-0.72-mRNA-1 1925814
.97 snap_masked-168558794-processed-gene-0.72-mRNA-1 3575462
.21 genemark-167737533-processed-gene-0.0-mRNA-1 3512437
.09 genemark-167737533-processed-gene-0.0-mRNA-1 2717841
.99 augustus_masked-168236962-processed-gene-0.0-mRNA-1 3575896
.99 maker-168338572-augustus-gene-0.35-mRNA-1 3576151
.35 maker-164622502-snap-gene-0.4-mRNA-1 1265392
.64 maker-164622502-snap-gene-0.4-mRNA-1 3494939
.99 maker-168263051-snap-gene-0.134-mRNA-1 3575616
.99 augustus_masked-168076689-processed-gene-0.0-mRNA-1 3575800
.79 augustus_masked-168548800-processed-gene-0.13-mRNA-1 3575138
.18 augustus_masked-168548800-processed-gene-0.13-mRNA-1 317604
.56 snap_masked-168540542-processed-gene-0.21-mRNA-1 1574632
.89 augustus_masked-158845547-processed-gene-0.0-mRNA-1 3575687
.07 augustus_masked-158845547-processed-gene-0.0-mRNA-1 3508246
.07 augustus_masked-158845547-processed-gene-0.0-mRNA-1 3500151
.99 maker-167814208-snap-gene-0.45-mRNA-1 3576099
.99 augustus_masked-168294296-processed-gene-0.0-mRNA-1 3496545
.99 maker-161890636-augustus-gene-0.3-mRNA-1 3575303
.99 augustus_masked-168315595-processed-gene-0.21-mRNA-1 3575380
.99 maker-168173421-augustus-gene-0.17-mRNA-1 3576040
.28 augustus_masked-168212216-processed-gene-0.7-mRNA-1 3547953
.18 augustus_masked-168212216-processed-gene-0.7-mRNA-1 3513730
.67 maker-168191458-augustus-gene-0.89-mRNA-1 3494302
.24 maker-168191458-augustus-gene-0.89-mRNA-1 385315
.06 maker-168264554-augustus-gene-0.23-mRNA-1 839180
.93 maker-168264554-augustus-gene-0.23-mRNA-1 3575978
.86 augustus_masked-168548264-processed-gene-0.10-mRNA-1 3516792
.07 augustus_masked-168548264-processed-gene-0.10-mRNA-1 2047644
.72 maker-167826274-snap-gene-0.11-mRNA-1 3575735
.14 maker-167826274-snap-gene-0.11-mRNA-1 2118307
.80 maker-167124403-augustus-gene-0.6-mRNA-1 3576023
.11 maker-167124403-augustus-gene-0.6-mRNA-1 750634
.99 maker-167918114-snap-gene-0.97-mRNA-1 3575924
.61 augustus_masked-166290839-processed-gene-0.1-mRNA-1 3566942
.14 augustus_masked-166290839-processed-gene-0.1-mRNA-1 1811942
.06 augustus_masked-166290839-processed-gene-0.1-mRNA-1 3550843
.98 augustus_masked-52956962-processed-gene-0.1-mRNA-1 3575595
.38 maker-168499626-augustus-gene-0.26-mRNA-1 3523626
.25 maker-168499626-augustus-gene-0.26-mRNA-1 3524801
.99 augustus_masked-167839041-processed-gene-0.4-mRNA-1 3576164
.43 maker-168184630-snap-gene-0.7-mRNA-1 3576124
.15 maker-168184630-snap-gene-0.7-mRNA-1 3500706
.99 snap_masked-168455519-processed-gene-0.93-mRNA-1 3575503
.99 maker-167859637-augustus-gene-0.20-mRNA-2 3575928
.98 augustus_masked-168484242-processed-gene-0.4-mRNA-1 3575917
.75 snap_masked-168439865-processed-gene-0.22-mRNA-1 3575520
.24 snap_masked-168439865-processed-gene-0.22-mRNA-1 3497850
.99 maker-168113162-augustus-gene-0.44-mRNA-1 3575703
.99 maker-168091740-augustus-gene-0.10-mRNA-1 3575516
.83 maker-168188226-snap-gene-0.56-mRNA-1 3576100
.99 maker-168499058-augustus-gene-0.12-mRNA-1 3495326
.40 maker-168471627-augustus-gene-0.33-mRNA-1 3513219
.53 maker-168471627-augustus-gene-0.33-mRNA-1 3498577
.24 snap_masked-161887934-processed-gene-0.2-mRNA-1 3566321
.25 snap_masked-161887934-processed-gene-0.2-mRNA-1 3552338
.99 augustus_masked-167887692-processed-gene-0.2-mRNA-1 3496230
.99 snap_masked-167871241-processed-gene-0.55-mRNA-1 3497747
.12 maker-166550418-snap-gene-0.4-mRNA-1 3575463
.07 maker-166550418-snap-gene-0.4-mRNA-1 3495707
.12 maker-166550418-snap-gene-0.4-mRNA-1 3493499
.05 maker-166550418-snap-gene-0.4-mRNA-1 3575527
.06 maker-166550418-snap-gene-0.4-mRNA-1 1023134
.99 augustus_masked-168125127-processed-gene-0.3-mRNA-1 3575902
.99 maker-168188982-augustus-gene-0.109-mRNA-1 3576160
.99 genemark-168455225-processed-gene-0.9-mRNA-1 3575534
.27 maker-168191772-augustus-gene-0.65-mRNA-2 3493526
.99 snap_masked-167798297-processed-gene-0.120-mRNA-1 3522634
.27 maker-168353471-snap-gene-0.52-mRNA-1 3497834
.58 maker-168353471-snap-gene-0.52-mRNA-1 3492979
.97 maker-164331599-augustus-gene-0.4-mRNA-1 3575938
.99 augustus_masked-167045582-processed-gene-0.0-mRNA-1 3575610
.99 augustus_masked-168354898-processed-gene-0.1-mRNA-1 3493026
.98 augustus_masked-168571640-processed-gene-0.0-mRNA-1 3498598
.99 augustus_masked-168196227-processed-gene-0.0-mRNA-1 3575685
.99 snap_masked-168510113-processed-gene-0.6-mRNA-1 3575818
.95 maker-167962312-augustus-gene-0.13-mRNA-1 3575714
.51 augustus_masked-168190522-processed-gene-0.8-mRNA-1 1612108
.38 augustus_masked-168190522-processed-gene-0.8-mRNA-1 3555571
.99 augustus_masked-168222290-processed-gene-0.1-mRNA-1 3575284
.84 augustus_masked-168222290-processed-gene-0.1-mRNA-1 3523629
.99 augustus_masked-168221913-processed-gene-0.0-mRNA-1 3575810
.15 augustus_masked-168369921-processed-gene-0.0-mRNA-1 3497581
.56 augustus_masked-168369921-processed-gene-0.0-mRNA-1 3575646
.99 maker-168534490-augustus-gene-0.53-mRNA-1 3575990
.99 maker-162497958-snap-gene-0.4-mRNA-1 3575475
.51 maker-166368414-snap-gene-0.8-mRNA-1 3547569
.99 augustus_masked-168572667-processed-gene-0.17-mRNA-1 3575739
.99 maker-158724961-augustus-gene-0.3-mRNA-1 3575299
.99 maker-168122889-augustus-gene-0.18-mRNA-1 3575425
.81 augustus_masked-168406049-processed-gene-0.11-mRNA-1 3521406
.04 augustus_masked-168406049-processed-gene-0.11-mRNA-1 1307087
.07 snap_masked-168555415-processed-gene-1.57-mRNA-1 3575588
.97 maker-168506093-augustus-gene-0.87-mRNA-1 3575939
.99 augustus_masked-168425098-processed-gene-0.6-mRNA-1 3495848
.75 maker-166815308-snap-gene-0.4-mRNA-1 3575564
.35 maker-166815308-snap-gene-0.4-mRNA-1 3575173
.19 maker-166815308-snap-gene-0.4-mRNA-1 1277155
.18 snap_masked-168568076-processed-gene-0.22-mRNA-1 3543449
.81 snap_masked-168568076-processed-gene-0.22-mRNA-1 3516251
.99 augustus_masked-168333459-processed-gene-0.5-mRNA-1 3494320
.68 maker-168356371-augustus-gene-0.8-mRNA-1 3575470
.99 augustus_masked-168427442-processed-gene-0.25-mRNA-1 3576061
.99 maker-167195305-snap-gene-0.4-mRNA-1 3575835
.99 maker-168274565-snap-gene-0.117-mRNA-1 3575384
.99 maker-166997068-snap-gene-0.6-mRNA-1 3575518
.99 maker-166997068-snap-gene-0.6-mRNA-2 3575518
.99 maker-168473473-snap-gene-0.16-mRNA-1 3496151
.48 augustus_masked-168358718-processed-gene-0.0-mRNA-1 3496003
.22 augustus_masked-168358718-processed-gene-0.0-mRNA-1 3496003
.23 snap_masked-168568593-processed-gene-0.33-mRNA-1 600512
.76 snap_masked-168568593-processed-gene-0.33-mRNA-1 3501732
.99 augustus_masked-167892059-processed-gene-0.1-mRNA-1 3575463
.99 maker-168242180-augustus-gene-0.67-mRNA-1 3493649
.83 maker-168519607-augustus-gene-0.31-mRNA-1 3576174
.38 augustus_masked-167963717-processed-gene-0.3-mRNA-1 3575984
.99 maker-168548970-snap-gene-0.79-mRNA-1 3575269
.70 maker-168483729-augustus-gene-0.66-mRNA-2 3576106
.99 augustus_masked-168573503-processed-gene-0.30-mRNA-1 3575843
.52 maker-168540384-augustus-gene-0.69-mRNA-1 3576076
.28 maker-168540384-augustus-gene-0.69-mRNA-1 3494051
.99 augustus_masked-168184283-processed-gene-0.10-mRNA-1 3576163
.99 maker-168342093-augustus-gene-0.122-mRNA-2 3575631
.56 maker-168353449-snap-gene-0.64-mRNA-1 3575421
.14 maker-168353449-snap-gene-0.64-mRNA-1 1483542
.74 maker-168545115-augustus-gene-0.6-mRNA-1 3575769
.08 maker-168545115-augustus-gene-0.6-mRNA-1 3521917
.04 maker-168545115-augustus-gene-0.6-mRNA-1 3495837
.04 maker-168545115-augustus-gene-0.6-mRNA-1 3560200
.99 augustus_masked-168186752-processed-gene-0.12-mRNA-1 3575412
.34 augustus_masked-168012267-processed-gene-0.4-mRNA-1 1594990
.25 augustus_masked-168012267-processed-gene-0.4-mRNA-1 2039871
.27 maker-168430973-augustus-gene-0.18-mRNA-1 3497110
.99 maker-168184203-snap-gene-0.7-mRNA-1 3496091
.29 maker-168230367-augustus-gene-0.57-mRNA-1 3495867
.10 maker-168230367-augustus-gene-0.57-mRNA-1 3495817
.99 maker-167983078-snap-gene-0.18-mRNA-1 3576129
.99 augustus_masked-168520651-processed-gene-0.5-mRNA-1 3575254
.95 maker-168550123-snap-gene-0.82-mRNA-1 3576136
.04 maker-168550123-snap-gene-0.82-mRNA-1 2635740
.16 augustus_masked-168189426-processed-gene-0.12-mRNA-1 3506727
.83 augustus_masked-168189426-processed-gene-0.12-mRNA-1 3495944
.03 maker-168257000-augustus-gene-0.12-mRNA-1 3523514
.96 maker-168257000-augustus-gene-0.12-mRNA-1 3575548
.99 snap_masked-168577362-processed-gene-0.87-mRNA-1 3495550
.99 maker-168453090-snap-gene-0.20-mRNA-1 3575291
.35 genemark-168406512-processed-gene-0.3-mRNA-1 3575187
.25 genemark-168406512-processed-gene-0.3-mRNA-1 3504139
.73 maker-168496311-augustus-gene-0.12-mRNA-1 3493674
.99 augustus_masked-168254730-processed-gene-0.12-mRNA-1 1710362
.25 maker-168273524-snap-gene-0.78-mRNA-1 3531662
.55 augustus_masked-168559106-processed-gene-0.0-mRNA-1 3506133
.95 snap_masked-168233418-processed-gene-0.135-mRNA-1 1448561
.28 augustus_masked-168189641-processed-gene-0.1-mRNA-1 3500957
.23 augustus_masked-168189641-processed-gene-0.1-mRNA-1 3510090
.23 augustus_masked-168189641-processed-gene-0.1-mRNA-1 3520904
.99 maker-167834296-augustus-gene-0.70-mRNA-1 3537279
.22 augustus_masked-168546731-processed-gene-0.14-mRNA-1 3493318
.06 augustus_masked-168546731-processed-gene-0.14-mRNA-1 3575719
.99 snap_masked-168454869-processed-gene-0.56-mRNA-1 3575682
.99 genemark-162620806-processed-gene-0.0-mRNA-1 3501135
.99 maker-168577416-augustus-gene-0.94-mRNA-1 3575957
.99 maker-168205206-augustus-gene-0.56-mRNA-1 3575546
.15 maker-168399729-snap-gene-0.87-mRNA-1 3493542
.84 maker-168399729-snap-gene-0.87-mRNA-1 3575729
.81 maker-168256776-augustus-gene-0.21-mRNA-1 3575798
.18 maker-168256776-augustus-gene-0.21-mRNA-1 3553872
.99 maker-168496972-augustus-gene-0.7-mRNA-1 3493157
.99 snap_masked-168468504-processed-gene-0.21-mRNA-1 3494109
.99 maker-168268330-augustus-gene-0.4-mRNA-1 3576125
.73 augustus_masked-168230286-processed-gene-0.5-mRNA-1 3499902
.25 augustus_masked-168230286-processed-gene-0.5-mRNA-1 845328
.99 augustus_masked-168573544-processed-gene-0.4-mRNA-1 3575372
.99 maker-168243982-snap-gene-0.35-mRNA-1 3576114
.99 maker-168526287-augustus-gene-0.62-mRNA-1 3494343
.44 maker-168444234-augustus-gene-0.45-mRNA-1 3575710
.11 maker-168444234-augustus-gene-0.45-mRNA-1 564014
.24 augustus_masked-168189887-processed-gene-0.6-mRNA-1 3576161
.19 augustus_masked-168189887-processed-gene-0.6-mRNA-1 786685
.99 augustus_masked-168182674-processed-gene-0.3-mRNA-1 3495802
.99 snap_masked-168388819-processed-gene-0.5-mRNA-1 3575588
.99 augustus_masked-167879728-processed-gene-0.3-mRNA-1 3496962
.99 snap_masked-168029313-processed-gene-0.20-mRNA-1 3575994
.99 augustus_masked-167989128-processed-gene-0.1-mRNA-1 3576096
.11 augustus_masked-168185575-processed-gene-0.0-mRNA-1 1174283
.88 augustus_masked-168185575-processed-gene-0.0-mRNA-1 3575491
.99 maker-168552279-augustus-gene-0.53-mRNA-1 3575603
.99 snap_masked-168489523-processed-gene-0.98-mRNA-1 3499335
.99 maker-168273217-augustus-gene-0.43-mRNA-2 3576071
.99 augustus_masked-168346053-processed-gene-0.7-mRNA-1 3576046
.99 augustus_masked-168260150-processed-gene-0.3-mRNA-1 3495215
.86 maker-168363358-snap-gene-0.7-mRNA-1 3575635
.13 maker-168363358-snap-gene-0.7-mRNA-1 3516731
.99 maker-168188785-snap-gene-0.89-mRNA-1 3575426
.62 augustus_masked-168188112-processed-gene-0.0-mRNA-1 1543193
.10 augustus_masked-168188112-processed-gene-0.0-mRNA-1 3510148
.12 augustus_masked-168188112-processed-gene-0.0-mRNA-1 2909290
.04 augustus_masked-168188112-processed-gene-0.0-mRNA-1 2286773
.09 augustus_masked-168188112-processed-gene-0.0-mRNA-1 3176991
.95 augustus_masked-168550589-processed-gene-0.17-mRNA-1 3575255
.19 augustus_masked-168333925-processed-gene-0.9-mRNA-1 3493402
.80 augustus_masked-168333925-processed-gene-0.9-mRNA-1 3508965
.95 maker-168348985-snap-gene-0.50-mRNA-1 3575953
.99 genemark-168350051-processed-gene-1.41-mRNA-1 3576144
.99 augustus_masked-168549252-processed-gene-0.12-mRNA-1 3575272
.99 augustus_masked-168185435-processed-gene-0.1-mRNA-1 3575222
.87 augustus_masked-168255802-processed-gene-0.0-mRNA-1 1021992
.12 augustus_masked-168255802-processed-gene-0.0-mRNA-1 2988553
.99 maker-168568823-augustus-gene-1.72-mRNA-1 3575762
.97 maker-167978148-snap-gene-0.18-mRNA-1 3575638
.99 augustus_masked-168189867-processed-gene-0.9-mRNA-1 3575799
.99 augustus_masked-168184992-processed-gene-0.7-mRNA-1 3575995
.06 maker-168536809-augustus-gene-0.133-mRNA-1 1759002
.93 maker-168536809-augustus-gene-0.133-mRNA-1 426229
.04 snap_masked-168570852-processed-gene-0.60-mRNA-1 3521955
.85 snap_masked-168570852-processed-gene-0.60-mRNA-1 3575646
.60 maker-168551506-augustus-gene-0.32-mRNA-1 3576150
.42 augustus_masked-164901387-processed-gene-0.0-mRNA-1 3505828
.57 augustus_masked-164901387-processed-gene-0.0-mRNA-1 3575221
.99 augustus_masked-161866779-processed-gene-0.0-mRNA-1 3575218
.99 snap_masked-166753401-processed-gene-0.3-mRNA-1 3575527
.73 snap_masked-166241652-processed-gene-0.2-mRNA-1 3493318
.41 augustus_masked-168547704-processed-gene-0.10-mRNA-1 3576138
.24 augustus_masked-168547704-processed-gene-0.10-mRNA-1 826194
.24 augustus_masked-168547704-processed-gene-0.10-mRNA-1 660936
.06 augustus_masked-168547704-processed-gene-0.10-mRNA-1 478987
.99 genemark-168035315-processed-gene-0.19-mRNA-1 3576054
.99 maker-168241522-snap-gene-0.34-mRNA-1 3576147
.99 snap_masked-168493775-processed-gene-0.11-mRNA-1 3494482
.99 maker-168235396-augustus-gene-0.45-mRNA-1 3575946
.99 maker-168190416-augustus-gene-0.18-mRNA-1 3575587
.39 genemark-168186341-processed-gene-0.19-mRNA-1 1128268
.59 genemark-168186341-processed-gene-0.19-mRNA-1 1043558
.44 maker-167504220-augustus-gene-0.4-mRNA-1 3575345
.28 maker-167504220-augustus-gene-0.4-mRNA-1 935706
.72 maker-168075387-snap-gene-0.52-mRNA-1 3576135
.99 maker-168547667-augustus-gene-1.117-mRNA-1 3494356
.91 maker-168134045-augustus-gene-0.19-mRNA-1 3494427
.07 maker-168134045-augustus-gene-0.19-mRNA-1 116784
.05 maker-168134045-augustus-gene-0.19-mRNA-1 3524866
.84 maker-168268636-augustus-gene-0.5-mRNA-2 3575347
.10 maker-168268636-augustus-gene-0.5-mRNA-2 3494487
.99 maker-168252735-augustus-gene-2.124-mRNA-1 3493344
.99 maker-168336300-augustus-gene-0.21-mRNA-1 3497974
.99 maker-75264706-snap-gene-0.4-mRNA-1 3575694
.22 snap_masked-167545665-processed-gene-0.2-mRNA-1 3536180
.22 snap_masked-167545665-processed-gene-0.2-mRNA-1 3514092
.19 snap_masked-167545665-processed-gene-0.2-mRNA-1 3549263
.12 snap_masked-167545665-processed-gene-0.2-mRNA-1 1236199
.12 snap_masked-167545665-processed-gene-0.2-mRNA-1 3497149
.99 maker-168228037-augustus-gene-0.72-mRNA-1 3575186
.22 maker-168556801-augustus-gene-0.41-mRNA-1 3496605
.22 maker-168556801-augustus-gene-0.41-mRNA-1 723957
.17 maker-168556801-augustus-gene-0.41-mRNA-1 3507495
.18 maker-168556801-augustus-gene-0.41-mRNA-1 3512041
.99 maker-168403627-snap-gene-0.25-mRNA-1 3575119
.99 maker-166126260-augustus-gene-0.3-mRNA-1 3575275
.99 maker-168533561-snap-gene-0.36-mRNA-1 3576083
.33 maker-168467335-snap-gene-0.115-mRNA-1 3575280
.99 maker-168571015-augustus-gene-0.34-mRNA-1 3494893
.99 augustus_masked-168501066-processed-gene-0.0-mRNA-1 3575369
.99 maker-168186346-augustus-gene-0.61-mRNA-1 3515389
.99 maker-168224420-augustus-gene-0.31-mRNA-1 3494787
.99 augustus_masked-168352727-processed-gene-0.1-mRNA-1 3493351
.32 genemark-168505618-processed-gene-0.9-mRNA-1 913722
.34 genemark-168505618-processed-gene-0.9-mRNA-1 913450
.99 maker-166909654-snap-gene-0.4-mRNA-1 3496356
.99 augustus_masked-168244134-processed-gene-0.0-mRNA-1 3575454
.07 snap_masked-168572826-processed-gene-0.86-mRNA-1 2942144
.90 snap_masked-168572826-processed-gene-0.86-mRNA-1 3497397
.72 maker-168423654-augustus-gene-0.5-mRNA-1 3575201
.26 maker-168423654-augustus-gene-0.5-mRNA-1 3575314
.99 snap_masked-162441683-processed-gene-0.3-mRNA-1 3495367
.90 maker-168289133-snap-gene-0.9-mRNA-1 3575945
.09 maker-168289133-snap-gene-0.9-mRNA-1 3495280
.42 augustus_masked-163348447-processed-gene-0.0-mRNA-1 3494299
.57 augustus_masked-163348447-processed-gene-0.0-mRNA-1 3575207
.99 maker-168186314-augustus-gene-1.59-mRNA-1 3576065
.38 maker-168082118-augustus-gene-0.27-mRNA-1 3502212
.23 maker-168082118-augustus-gene-0.27-mRNA-1 3493734
.18 maker-168082118-augustus-gene-0.27-mRNA-1 3497134
.09 maker-168082118-augustus-gene-0.27-mRNA-1 3515296
.34 maker-168428007-augustus-gene-0.41-mRNA-1 3498895
.51 maker-166238195-augustus-gene-0.3-mRNA-1 3575680
.48 maker-166238195-augustus-gene-0.3-mRNA-1 3575522
