.59 maker-168546070-augustus-gene-0.64-mRNA-1 3093177
.18 maker-168546070-augustus-gene-0.64-mRNA-1 3093177
.88 augustus_masked-167964480-processed-gene-0.9-mRNA-1 3092936
.07 augustus_masked-167964480-processed-gene-0.9-mRNA-1 1132230
.81 maker-168533576-snap-gene-0.52-mRNA-1 3093255
.99 maker-168525154-augustus-gene-0.64-mRNA-1 3093237
.47 maker-168185633-augustus-gene-0.6-mRNA-1 3055268
.52 maker-168185633-augustus-gene-0.6-mRNA-1 3055268
.76 maker-162636143-snap-gene-0.3-mRNA-1 3092735
.23 maker-162636143-snap-gene-0.3-mRNA-1 3027348
.36 augustus_masked-168367715-processed-gene-0.2-mRNA-1 2772577
.23 augustus_masked-168367715-processed-gene-0.2-mRNA-1 1473946
.64 augustus_masked-162200116-processed-gene-0.0-mRNA-1 3092865
.34 augustus_masked-162200116-processed-gene-0.0-mRNA-1 3027656
.51 maker-167242201-augustus-gene-0.3-mRNA-1 3021506
.43 maker-167242201-augustus-gene-0.3-mRNA-1 3026343
.34 maker-168328220-snap-gene-0.90-mRNA-1 3038986
.29 maker-168328220-snap-gene-0.90-mRNA-1 522586
.08 maker-168328220-snap-gene-0.90-mRNA-1 522586
.05 maker-168328220-snap-gene-0.90-mRNA-1 804136
.02 maker-168328220-snap-gene-0.90-mRNA-1 449324
.85 maker-168212152-augustus-gene-0.25-mRNA-1 3026344
.12 maker-168212152-augustus-gene-0.25-mRNA-1 3044154
.82 snap_masked-167979738-processed-gene-0.55-mRNA-1 3068037
.77 maker-168228489-augustus-gene-0.114-mRNA-1 3093228
.19 maker-168228489-augustus-gene-0.114-mRNA-1 3025079
.82 maker-168245919-augustus-gene-0.32-mRNA-1 3020784
.07 maker-168245919-augustus-gene-0.32-mRNA-1 1511377
.06 maker-168245919-augustus-gene-0.32-mRNA-1 1421309
.15 maker-168340591-augustus-gene-0.27-mRNA-1 1623407
.84 maker-168340591-augustus-gene-0.27-mRNA-1 3021279
.89 maker-168267341-augustus-gene-0.6-mRNA-1 3093066
.08 maker-168438173-snap-gene-0.85-mRNA-1 3022345
.89 maker-168438173-snap-gene-0.85-mRNA-1 3092412
.96 maker-168414606-augustus-gene-0.42-mRNA-1 3093225
.59 augustus_masked-168533037-processed-gene-0.13-mRNA-1 3030909
.30 augustus_masked-168533037-processed-gene-0.13-mRNA-1 3022117
.51 maker-168493679-augustus-gene-0.14-mRNA-2 3093103
.24 maker-168493679-augustus-gene-0.14-mRNA-2 3092549
.32 maker-168577290-augustus-gene-0.44-mRNA-1 3092686
.92 augustus_masked-168239199-processed-gene-0.0-mRNA-1 3093262
.26 maker-166259403-augustus-gene-0.3-mRNA-2 3093220
.15 maker-166259403-augustus-gene-0.3-mRNA-2 500867
.15 maker-168187299-snap-gene-0.33-mRNA-1 3036203
.73 maker-168187299-snap-gene-0.33-mRNA-1 3093233
.42 augustus_masked-167935280-processed-gene-0.0-mRNA-1 3093238
.01 augustus_masked-167935280-processed-gene-0.0-mRNA-1 3093238
.28 augustus_masked-168498100-processed-gene-0.8-mRNA-1 3020283
.68 augustus_masked-168498100-processed-gene-0.8-mRNA-1 3021837
.54 maker-161364282-augustus-gene-0.3-mRNA-1 824711
.37 maker-161364282-augustus-gene-0.3-mRNA-1 3036540
.28 maker-161364282-augustus-gene-0.3-mRNA-1 3022413
.35 maker-161364282-augustus-gene-0.3-mRNA-1 3024993
.25 maker-161364282-augustus-gene-0.3-mRNA-1 3044071
.44 augustus_masked-168527965-processed-gene-0.13-mRNA-1 869199
.27 augustus_masked-168527965-processed-gene-0.13-mRNA-1 3034803
.23 augustus_masked-168527965-processed-gene-0.13-mRNA-1 1559038
.17 augustus_masked-168527965-processed-gene-0.13-mRNA-1 3081655
.40 maker-168183415-snap-gene-0.16-mRNA-1 3021046
.14 maker-168183415-snap-gene-0.16-mRNA-1 3048666
.23 augustus_masked-168563499-processed-gene-1.52-mRNA-1 3020950
.20 augustus_masked-168563499-processed-gene-1.52-mRNA-1 1261906
.20 augustus_masked-168563499-processed-gene-1.52-mRNA-1 766124
.03 augustus_masked-168563499-processed-gene-1.52-mRNA-1 3032038
.49 maker-168371190-snap-gene-0.40-mRNA-1 3093249
.16 maker-168371190-snap-gene-0.40-mRNA-1 3074426
.99 maker-163979973-augustus-gene-0.6-mRNA-1 3093145
.36 maker-168447126-snap-gene-0.104-mRNA-1 1306569
.72 augustus_masked-168223406-processed-gene-0.2-mRNA-1 3039947
.61 augustus_masked-168223406-processed-gene-0.2-mRNA-1 3024659
.66 augustus_masked-168223406-processed-gene-0.2-mRNA-1 3043184
.18 augustus_masked-168223406-processed-gene-0.2-mRNA-1 80787
.15 augustus_masked-168223406-processed-gene-0.2-mRNA-1 2845296
.20 augustus_masked-164111506-processed-gene-0.0-mRNA-1 735519
.34 augustus_masked-164111506-processed-gene-0.0-mRNA-1 999977
.99 augustus_masked-168107587-processed-gene-0.0-mRNA-1 3092978
.64 maker-168463303-augustus-gene-0.13-mRNA-1 3092948
.03 maker-168463303-augustus-gene-0.13-mRNA-1 791620
.32 maker-168225120-augustus-gene-0.16-mRNA-1 615794
.25 maker-168225120-augustus-gene-0.16-mRNA-1 3093260
.11 maker-168225120-augustus-gene-0.16-mRNA-1 3020898
.98 maker-167797071-snap-gene-0.38-mRNA-1 3092995
.01 maker-167797071-snap-gene-0.38-mRNA-1 3037132
.23 augustus_masked-167983771-processed-gene-0.9-mRNA-1 3057699
.05 augustus_masked-167983771-processed-gene-0.9-mRNA-1 3024748
.02 augustus_masked-167983771-processed-gene-0.9-mRNA-1 3024748
.03 augustus_masked-167983771-processed-gene-0.9-mRNA-1 1225819
.04 augustus_masked-167983771-processed-gene-0.9-mRNA-1 3024748
.58 genemark-162213727-processed-gene-0.0-mRNA-1 3051841
.40 genemark-162213727-processed-gene-0.0-mRNA-1 821415
.24 maker-168449131-snap-gene-0.11-mRNA-1 694866
.59 maker-168449131-snap-gene-0.11-mRNA-1 3022962
.93 maker-167880305-augustus-gene-0.39-mRNA-1 3093018
.40 snap_masked-162631030-processed-gene-0.2-mRNA-1 1499296
.27 snap_masked-162631030-processed-gene-0.2-mRNA-1 3069213
.62 maker-168299557-snap-gene-0.25-mRNA-1 3092676
.59 genemark-168230012-processed-gene-0.0-mRNA-1 2207530
.99 snap_masked-168495519-processed-gene-0.26-mRNA-1 3093226
.99 maker-168509303-snap-gene-0.8-mRNA-1 3093059
.99 maker-168509303-snap-gene-0.8-mRNA-1 3093028
.06 maker-168333722-augustus-gene-0.36-mRNA-1 3029599
.39 maker-168333722-augustus-gene-0.36-mRNA-1 3029599
.77 maker-167987925-snap-gene-0.9-mRNA-1 3092680
.17 maker-168410052-augustus-gene-0.53-mRNA-1 3024508
.68 maker-168410052-augustus-gene-0.53-mRNA-1 3092894
.96 augustus_masked-167915622-processed-gene-0.0-mRNA-1 3093251
.78 maker-168386872-snap-gene-0.32-mRNA-1 3093269
.13 maker-168386872-snap-gene-0.32-mRNA-1 943452
.83 maker-168226769-snap-gene-0.44-mRNA-1 3092846
.09 maker-168226769-snap-gene-0.44-mRNA-1 3092846
.09 augustus_masked-168463521-processed-gene-0.1-mRNA-1 867327
.09 augustus_masked-168463521-processed-gene-0.1-mRNA-1 723458
.08 augustus_masked-168463521-processed-gene-0.1-mRNA-1 1473809
.08 augustus_masked-168463521-processed-gene-0.1-mRNA-1 1697232
.32 augustus_masked-168463521-processed-gene-0.1-mRNA-1 3025077
.39 augustus_masked-168551338-processed-gene-0.0-mRNA-1 3025041
.36 augustus_masked-168551338-processed-gene-0.0-mRNA-1 3059567
.33 augustus_masked-168551338-processed-gene-0.0-mRNA-1 3040181
.04 augustus_masked-168551338-processed-gene-0.0-mRNA-1 3022783
.67 maker-168347002-snap-gene-0.14-mRNA-1 3093158
.17 maker-168347002-snap-gene-0.14-mRNA-1 711077
.48 maker-168534133-augustus-gene-0.24-mRNA-1 227640
.41 maker-168534133-augustus-gene-0.24-mRNA-1 1571387
.24 maker-168534133-augustus-gene-0.24-mRNA-1 1699234
.24 maker-168534133-augustus-gene-0.24-mRNA-1 716593
.24 maker-168534133-augustus-gene-0.24-mRNA-1 422795
.19 maker-166411943-augustus-gene-0.4-mRNA-1 410794
.30 maker-166411943-augustus-gene-0.4-mRNA-1 3092511
.99 maker-168385389-augustus-gene-0.13-mRNA-1 3092833
.81 maker-165039990-snap-gene-0.4-mRNA-1 3093246
.18 maker-165039990-snap-gene-0.4-mRNA-1 3093246
.25 genemark-166518589-processed-gene-0.0-mRNA-1 1299320
.18 genemark-166518589-processed-gene-0.0-mRNA-1 1299320
.15 genemark-166518589-processed-gene-0.0-mRNA-1 573897
.37 maker-166575086-augustus-gene-0.4-mRNA-1 597524
.37 maker-166575086-augustus-gene-0.4-mRNA-1 3024921
.12 maker-166575086-augustus-gene-0.4-mRNA-1 3032427
.28 genemark-168573063-processed-gene-0.28-mRNA-1 3030265
.17 genemark-168573063-processed-gene-0.28-mRNA-1 1168460
.53 genemark-168246336-processed-gene-0.6-mRNA-1 3093240
.09 genemark-168246336-processed-gene-0.6-mRNA-1 1073417
.99 augustus_masked-168577562-processed-gene-0.0-mRNA-1 3092793
.99 augustus_masked-168577562-processed-gene-0.0-mRNA-1 3092915
.39 maker-168217878-augustus-gene-0.68-mRNA-1 3019749
.08 maker-168217878-augustus-gene-0.68-mRNA-1 35878
.67 maker-168552937-augustus-gene-0.115-mRNA-1 3093075
.54 maker-168190187-augustus-gene-1.94-mRNA-1 3093254
.41 maker-168190187-augustus-gene-1.94-mRNA-1 3093254
.38 maker-168190187-augustus-gene-1.94-mRNA-1 3065296
.15 maker-167945124-augustus-gene-0.14-mRNA-1 2672270
.54 maker-167945124-augustus-gene-0.14-mRNA-1 3092832
.70 augustus_masked-168422421-processed-gene-0.16-mRNA-1 3092828
.70 augustus_masked-168422421-processed-gene-0.16-mRNA-1 3092829
.23 augustus_masked-168422421-processed-gene-0.16-mRNA-1 3023261
.57 maker-167895031-augustus-gene-0.40-mRNA-1 3092876
.41 maker-167895031-augustus-gene-0.40-mRNA-1 354764
.19 augustus_masked-167559622-processed-gene-0.0-mRNA-1 3044807
.21 augustus_masked-167559622-processed-gene-0.0-mRNA-1 3030122
.10 snap_masked-168209777-processed-gene-0.51-mRNA-1 2702931
.89 snap_masked-168209777-processed-gene-0.51-mRNA-1 3024748
.27 maker-168573919-augustus-gene-0.56-mRNA-1 3093107
.72 maker-168573919-augustus-gene-0.56-mRNA-1 3093107
.46 augustus_masked-168574791-processed-gene-0.1-mRNA-1 2960496
.81 augustus_masked-168547609-processed-gene-2.57-mRNA-1 3093261
.51 maker-168188504-snap-gene-0.36-mRNA-1 363489
.22 maker-168188504-snap-gene-0.36-mRNA-1 3022272
.29 maker-166004579-augustus-gene-0.3-mRNA-1 942817
.29 maker-166004579-augustus-gene-0.3-mRNA-1 1173862
.13 maker-166004579-augustus-gene-0.3-mRNA-1 2169829
.15 maker-166764755-augustus-gene-0.3-mRNA-1 1468835
.84 maker-166764755-augustus-gene-0.3-mRNA-1 142906
.56 maker-168577507-snap-gene-0.43-mRNA-1 3092737
.24 maker-168577507-snap-gene-0.43-mRNA-1 1866207
.99 maker-168529691-augustus-gene-0.100-mRNA-1 3092687
.99 maker-166370471-snap-gene-0.4-mRNA-1 3021744
.79 augustus_masked-168518511-processed-gene-0.13-mRNA-1 3092950
.07 augustus_masked-168518511-processed-gene-0.13-mRNA-1 534788
.07 augustus_masked-168518511-processed-gene-0.13-mRNA-1 3023338
.07 augustus_masked-168518511-processed-gene-0.13-mRNA-1 412912
.99 maker-168103209-augustus-gene-0.6-mRNA-1 3093154
.28 snap_masked-168238739-processed-gene-0.4-mRNA-1 1699748
.71 snap_masked-168238739-processed-gene-0.4-mRNA-1 1067413
.99 maker-168510316-snap-gene-0.84-mRNA-1 3093239
.14 augustus_masked-167890338-processed-gene-0.3-mRNA-1 3045548
.04 augustus_masked-167890338-processed-gene-0.3-mRNA-1 1524439
.04 augustus_masked-167890338-processed-gene-0.3-mRNA-1 3060875
.04 augustus_masked-167890338-processed-gene-0.3-mRNA-1 614450
.05 augustus_masked-167890338-processed-gene-0.3-mRNA-1 609608
.56 augustus_masked-165850256-processed-gene-0.0-mRNA-1 3021205
.40 augustus_masked-165850256-processed-gene-0.0-mRNA-1 3020544
.40 snap_masked-168114044-processed-gene-0.13-mRNA-1 3092909
.23 snap_masked-168114044-processed-gene-0.13-mRNA-1 338538
.99 maker-168569340-snap-gene-0.58-mRNA-1 3031438
.55 augustus_masked-162267284-processed-gene-0.0-mRNA-1 3093229
.96 maker-168501149-snap-gene-0.19-mRNA-1 3092803
.99 snap_masked-115875406-processed-gene-0.1-mRNA-1 3045056
.97 snap_masked-168255603-processed-gene-0.80-mRNA-1 3022827
.44 maker-168567683-augustus-gene-0.77-mRNA-1 3093202
.55 maker-168567683-augustus-gene-0.77-mRNA-1 3093202
.73 maker-168546774-snap-gene-0.51-mRNA-2 3093243
.10 maker-168546774-snap-gene-0.51-mRNA-2 3093243
.47 augustus_masked-167148313-processed-gene-0.0-mRNA-1 3087275
.83 augustus_masked-168571382-processed-gene-0.2-mRNA-1 3093108
.16 augustus_masked-168571382-processed-gene-0.2-mRNA-1 3031802
.99 maker-168237537-augustus-gene-0.23-mRNA-4 3054017
.46 maker-161888549-snap-gene-0.1-mRNA-1 1032352
.31 maker-161888549-snap-gene-0.1-mRNA-1 1476053
.20 maker-161888549-snap-gene-0.1-mRNA-1 1313869
.49 maker-168280167-snap-gene-0.7-mRNA-1 3092818
.50 maker-168280167-snap-gene-0.7-mRNA-1 3092818
.99 maker-168556211-snap-gene-1.150-mRNA-1 3092712
.15 augustus_masked-168532384-processed-gene-0.1-mRNA-1 747693
.61 augustus_masked-168532384-processed-gene-0.1-mRNA-1 3092580
.68 maker-168019910-augustus-gene-0.5-mRNA-1 3092648
.96 maker-168276700-snap-gene-0.27-mRNA-1 3093230
.41 augustus_masked-168495564-processed-gene-0.6-mRNA-1 3093250
.01 augustus_masked-168495564-processed-gene-0.6-mRNA-1 3093266
0 augustus_masked-168495564-processed-gene-0.6-mRNA-1 3092892
.01 augustus_masked-168495564-processed-gene-0.6-mRNA-1 79750
.01 augustus_masked-168495564-processed-gene-0.6-mRNA-1 94030
.74 augustus_masked-168512572-processed-gene-0.0-mRNA-1 3022689
.15 augustus_masked-168512572-processed-gene-0.0-mRNA-1 3034168
.13 snap_masked-168552357-processed-gene-0.53-mRNA-1 452840
.75 snap_masked-168552357-processed-gene-0.53-mRNA-1 3093142
.14 augustus_masked-168335786-processed-gene-1.1-mRNA-1 3029824
.85 augustus_masked-168335786-processed-gene-1.1-mRNA-1 3028595
.51 maker-168190456-augustus-gene-0.30-mRNA-2 3093115
.38 maker-168190456-augustus-gene-0.30-mRNA-2 3093115
.24 maker-168423943-augustus-gene-0.8-mRNA-1 3093222
.55 maker-168423943-augustus-gene-0.8-mRNA-1 3093222
.52 augustus_masked-168233317-processed-gene-0.2-mRNA-1 2675740
.40 augustus_masked-168233317-processed-gene-0.2-mRNA-1 2655884
.99 maker-168326142-snap-gene-0.14-mRNA-1 3093227
.42 maker-168322613-snap-gene-0.40-mRNA-1 2596003
.39 augustus_masked-162789466-processed-gene-0.0-mRNA-1 3050623
.34 augustus_masked-162789466-processed-gene-0.0-mRNA-1 3092576
.50 maker-167898280-augustus-gene-0.16-mRNA-1 3032924
.28 maker-167898280-augustus-gene-0.16-mRNA-1 422115
.38 maker-168463031-augustus-gene-0.50-mRNA-1 3093258
.41 maker-168463031-augustus-gene-0.50-mRNA-1 3093258
.48 maker-168546174-snap-gene-0.12-mRNA-1 3027484
.45 maker-168546174-snap-gene-0.12-mRNA-1 3019828
.38 maker-168546174-snap-gene-0.12-mRNA-1 3024990
.05 maker-168546174-snap-gene-0.12-mRNA-1 3029988
.05 maker-168546174-snap-gene-0.12-mRNA-1 841781
.12 augustus_masked-168352840-processed-gene-0.7-mRNA-1 1520762
.87 augustus_masked-168352840-processed-gene-0.7-mRNA-1 1204210
.62 maker-168534651-augustus-gene-1.98-mRNA-1 3093244
.12 maker-165356796-augustus-gene-0.3-mRNA-1 1247409
.07 maker-165356796-augustus-gene-0.3-mRNA-1 980566
.07 maker-165356796-augustus-gene-0.3-mRNA-1 1582074
.07 maker-165356796-augustus-gene-0.3-mRNA-1 1699277
.07 maker-165356796-augustus-gene-0.3-mRNA-1 2448510
.85 maker-168190598-snap-gene-0.18-mRNA-1 3093039
.20 maker-168464861-snap-gene-0.16-mRNA-1 3093152
.12 maker-168464861-snap-gene-0.16-mRNA-1 466282
.11 maker-168464861-snap-gene-0.16-mRNA-1 3092881
.11 maker-168464861-snap-gene-0.16-mRNA-1 3092880
.06 maker-168464861-snap-gene-0.16-mRNA-1 3026114
.71 maker-168521119-snap-gene-0.30-mRNA-1 3093121
.28 maker-168521119-snap-gene-0.30-mRNA-1 3093121
.87 maker-166476095-augustus-gene-0.3-mRNA-1 3093141
.10 maker-166476095-augustus-gene-0.3-mRNA-1 259502
.99 maker-168549226-snap-gene-0.17-mRNA-1 3092757
.21 maker-162802570-augustus-gene-0.3-mRNA-1 564518
.76 maker-162802570-augustus-gene-0.3-mRNA-1 3093186
.44 maker-168191213-augustus-gene-0.95-mRNA-1 3021734
.19 maker-168191213-augustus-gene-0.95-mRNA-1 392340
.92 maker-168568643-augustus-gene-0.24-mRNA-1 3092906
.05 maker-168568643-augustus-gene-0.24-mRNA-1 928512
.74 maker-168459420-augustus-gene-0.5-mRNA-1 263478
.05 maker-168459420-augustus-gene-0.5-mRNA-1 2162606
.04 maker-168459420-augustus-gene-0.5-mRNA-1 2439946
.07 maker-168459420-augustus-gene-0.5-mRNA-1 2317133
.53 augustus_masked-161520589-processed-gene-0.1-mRNA-1 3054343
.39 augustus_masked-161520589-processed-gene-0.1-mRNA-1 736174
.26 augustus_masked-161520589-processed-gene-0.1-mRNA-1 3019782
.28 augustus_masked-161520589-processed-gene-0.1-mRNA-1 3032601
.26 augustus_masked-161520589-processed-gene-0.1-mRNA-1 3092593
.89 snap_masked-168379314-processed-gene-0.24-mRNA-1 3093062
.31 maker-168267294-augustus-gene-0.57-mRNA-1 718665
.02 maker-168267294-augustus-gene-0.57-mRNA-1 919386
.32 augustus_masked-168446990-processed-gene-0.10-mRNA-1 3093264
.31 augustus_masked-168446990-processed-gene-0.10-mRNA-1 3021008
.76 maker-168438365-snap-gene-0.12-mRNA-1 3093235
.11 maker-168438365-snap-gene-0.12-mRNA-1 658174
.09 maker-168438365-snap-gene-0.12-mRNA-1 3041535
.44 maker-168272497-augustus-gene-0.54-mRNA-1 3028879
.23 maker-168272497-augustus-gene-0.54-mRNA-1 195409
.99 maker-168184027-snap-gene-0.12-mRNA-1 3093029
.77 maker-168190132-augustus-gene-0.74-mRNA-1 3093270
.16 maker-168455722-augustus-gene-0.79-mRNA-1 3020961
.53 maker-168455722-augustus-gene-0.79-mRNA-1 3092991
.24 maker-168548909-augustus-gene-0.13-mRNA-2 3093252
.21 maker-168548909-augustus-gene-0.13-mRNA-2 3093252
.50 augustus_masked-168186232-processed-gene-0.8-mRNA-1 3093240
.51 maker-168184243-snap-gene-0.6-mRNA-1 3093219
.06 maker-168460694-snap-gene-0.12-mRNA-1 1369400
.78 maker-168460694-snap-gene-0.12-mRNA-1 254886
.92 snap_masked-168399273-processed-gene-0.7-mRNA-1 3026480
.38 augustus_masked-168341230-processed-gene-0.4-mRNA-1 3092899
.28 maker-168515102-snap-gene-0.54-mRNA-1 522586
.20 maker-168515102-snap-gene-0.54-mRNA-1 100670
.61 maker-164494972-snap-gene-0.5-mRNA-1 3024574
.47 maker-164494972-snap-gene-0.5-mRNA-1 3031112
.25 maker-164494972-snap-gene-0.5-mRNA-1 3092604
.20 maker-164494972-snap-gene-0.5-mRNA-1 602111
.21 augustus_masked-161441644-processed-gene-0.0-mRNA-1 1984750
.54 augustus_masked-162263226-processed-gene-0.0-mRNA-1 3092613
.13 augustus_masked-162263226-processed-gene-0.0-mRNA-1 928403
.26 maker-168190618-snap-gene-0.23-mRNA-1 3092926
.50 maker-168190618-snap-gene-0.23-mRNA-1 3092926
.87 maker-168561815-augustus-gene-0.6-mRNA-1 3093055
.04 maker-168561815-augustus-gene-0.6-mRNA-1 1910445
.04 maker-168561815-augustus-gene-0.6-mRNA-1 3057801
.06 maker-168561815-augustus-gene-0.6-mRNA-1 3003589
.07 maker-168561815-augustus-gene-0.6-mRNA-1 1660298
.18 augustus_masked-159280557-processed-gene-0.0-mRNA-1 3021811
.81 augustus_masked-159280557-processed-gene-0.0-mRNA-1 3051270
.99 augustus_masked-168575866-processed-gene-0.5-mRNA-1 3093216
.57 maker-168206497-augustus-gene-0.11-mRNA-1 3031004
.26 maker-168206497-augustus-gene-0.11-mRNA-1 3020487
.52 maker-168577499-augustus-gene-0.26-mRNA-2 3093223
.88 maker-168003306-augustus-gene-0.27-mRNA-1 132653
.53 maker-165868822-snap-gene-0.4-mRNA-1 3093022
.32 maker-165868822-snap-gene-0.4-mRNA-1 3072909
.18 maker-165868822-snap-gene-0.4-mRNA-1 3093022
.75 maker-168577231-snap-gene-0.17-mRNA-1 3093267
.24 maker-168577231-snap-gene-0.17-mRNA-1 3030976
.32 maker-168032190-snap-gene-0.14-mRNA-1 3093263
.07 maker-168032190-snap-gene-0.14-mRNA-1 1254977
.06 maker-168032190-snap-gene-0.14-mRNA-1 961314
.65 maker-168397999-snap-gene-0.45-mRNA-1 3093161
.89 maker-168431040-snap-gene-1.123-mRNA-1 3092960
.10 maker-168431040-snap-gene-1.123-mRNA-1 2759276
.24 genemark-168393557-processed-gene-0.16-mRNA-1 1009176
.50 augustus_masked-164967275-processed-gene-0.0-mRNA-1 3093250
.41 augustus_masked-164967275-processed-gene-0.0-mRNA-1 3093250
.17 maker-168369745-augustus-gene-0.103-mRNA-1 3023047
.82 maker-168369745-augustus-gene-0.103-mRNA-1 3092928
.66 maker-168543351-snap-gene-0.44-mRNA-1 3092417
.61 augustus_masked-168185285-processed-gene-0.2-mRNA-1 1219662
.44 augustus_masked-164944577-processed-gene-0.0-mRNA-1 3092955
.55 augustus_masked-164944577-processed-gene-0.0-mRNA-1 3027242
.99 maker-168089639-snap-gene-0.17-mRNA-1 3064675
.27 snap_masked-168572039-processed-gene-0.21-mRNA-1 3092949
.23 augustus_masked-162093405-processed-gene-0.0-mRNA-1 3024193
.76 augustus_masked-162093405-processed-gene-0.0-mRNA-1 3093201
.72 maker-168576970-snap-gene-0.39-mRNA-1 3093257
.04 maker-168421673-snap-gene-0.67-mRNA-1 248750
.88 maker-168421673-snap-gene-0.67-mRNA-1 3021580
.33 maker-168070976-snap-gene-0.22-mRNA-1 3093271
.12 maker-168070976-snap-gene-0.22-mRNA-1 3093271
.10 maker-168259350-augustus-gene-0.5-mRNA-1 1213001
.82 maker-168259350-augustus-gene-0.5-mRNA-1 3093193
.58 maker-168497403-snap-gene-0.51-mRNA-1 3092679
.99 maker-167993654-snap-gene-0.21-mRNA-1 3092940
.32 augustus_masked-168404276-processed-gene-0.3-mRNA-1 3027081
.22 augustus_masked-168404276-processed-gene-0.3-mRNA-1 510763
.19 augustus_masked-168404276-processed-gene-0.3-mRNA-1 3023029
.19 augustus_masked-168404276-processed-gene-0.3-mRNA-1 3025117
.14 augustus_masked-168404276-processed-gene-0.3-mRNA-1 684418
.99 augustus_masked-168132471-processed-gene-0.0-mRNA-1 3092870
.31 maker-164510119-augustus-gene-0.3-mRNA-1 3093256
.31 maker-164510119-augustus-gene-0.3-mRNA-1 817915
.27 maker-164510119-augustus-gene-0.3-mRNA-1 3093256
.16 snap_masked-166846891-processed-gene-0.8-mRNA-1 3030909
.82 snap_masked-166846891-processed-gene-0.8-mRNA-1 3022117
.59 maker-159827234-augustus-gene-0.4-mRNA-1 3021393
.34 maker-159827234-augustus-gene-0.4-mRNA-1 3021797
.37 maker-159827234-augustus-gene-0.4-mRNA-1 3031719
.41 augustus_masked-168567648-processed-gene-0.1-mRNA-1 3055318
.58 augustus_masked-168567648-processed-gene-0.1-mRNA-1 3092913
.34 maker-166701000-snap-gene-0.4-mRNA-1 3038456
.78 maker-168331358-snap-gene-0.23-mRNA-1 3093224
.07 maker-168331358-snap-gene-0.23-mRNA-1 1232134
.81 augustus_masked-168204569-processed-gene-0.6-mRNA-1 3093266
.08 augustus_masked-168204569-processed-gene-0.6-mRNA-1 3093266
.99 maker-168561934-snap-gene-0.54-mRNA-1 3093247
.03 augustus_masked-168389992-processed-gene-0.5-mRNA-1 3050026
.06 augustus_masked-168389992-processed-gene-0.5-mRNA-1 317885
.06 augustus_masked-168389992-processed-gene-0.5-mRNA-1 517713
.06 augustus_masked-168389992-processed-gene-0.5-mRNA-1 717059
.47 maker-168571190-augustus-gene-0.38-mRNA-1 3093236
.47 maker-168571190-augustus-gene-0.38-mRNA-1 3093014
.33 maker-168571190-augustus-gene-0.38-mRNA-1 3093236
.15 maker-168571190-augustus-gene-0.38-mRNA-1 679185
.34 augustus_masked-164267041-processed-gene-0.1-mRNA-1 3029841
.29 augustus_masked-164267041-processed-gene-0.1-mRNA-1 3023067
.99 maker-165424866-augustus-gene-0.4-mRNA-1 3093203
.96 maker-168415510-augustus-gene-0.122-mRNA-1 3093125
.79 genemark-168328194-processed-gene-0.70-mRNA-1 3092706
.68 maker-166585600-snap-gene-0.8-mRNA-1 3079211
.99 maker-167913617-snap-gene-0.11-mRNA-1 3092689
.98 maker-168414831-augustus-gene-0.85-mRNA-1 3093139
.54 maker-168536429-augustus-gene-0.8-mRNA-1 3093231
.34 maker-168536429-augustus-gene-0.8-mRNA-1 3093231
.67 augustus_masked-168264813-processed-gene-0.5-mRNA-1 3093133
.30 augustus_masked-168264813-processed-gene-0.5-mRNA-1 842450
.16 genemark-168505565-processed-gene-0.14-mRNA-1 1341646
.13 genemark-168505565-processed-gene-0.14-mRNA-1 3030674
.98 augustus_masked-166947012-processed-gene-0.0-mRNA-1 3092551
.55 maker-168577172-snap-gene-0.28-mRNA-1 3092571
.48 genemark-161503420-processed-gene-0.1-mRNA-1 432617
.22 genemark-161503420-processed-gene-0.1-mRNA-1 3088590
.32 maker-168549723-snap-gene-0.40-mRNA-1 3093146
.49 maker-168549723-snap-gene-0.40-mRNA-1 3093146
.18 augustus_masked-164005203-processed-gene-0.0-mRNA-1 3053707
.53 augustus_masked-164005203-processed-gene-0.0-mRNA-1 3025363
.80 maker-166879293-snap-gene-0.5-mRNA-1 3093218
.87 snap_masked-168543319-processed-gene-0.34-mRNA-1 3092735
.11 snap_masked-168543319-processed-gene-0.34-mRNA-1 3027041
.28 maker-165056348-augustus-gene-0.3-mRNA-1 3024980
.62 maker-165056348-augustus-gene-0.3-mRNA-1 3092765
.41 snap_masked-168188541-processed-gene-0.42-mRNA-1 3093241
.11 maker-163454363-augustus-gene-0.3-mRNA-1 387186
.88 maker-163454363-augustus-gene-0.3-mRNA-1 3021686
.77 maker-168354640-augustus-gene-0.7-mRNA-1 3092494
.22 maker-168354640-augustus-gene-0.7-mRNA-1 3049164
.63 maker-168536815-augustus-gene-0.64-mRNA-1 3092763
.90 maker-168500041-snap-gene-0.32-mRNA-1 3022476
.09 maker-168500041-snap-gene-0.32-mRNA-1 3069637
.99 augustus_masked-168252574-processed-gene-0.1-mRNA-1 3093113
.27 augustus_masked-168461401-processed-gene-1.40-mRNA-1 573993
.64 augustus_masked-168461401-processed-gene-1.40-mRNA-1 3093160
.38 maker-168542519-augustus-gene-0.12-mRNA-1 3092842
.35 maker-168542519-augustus-gene-0.12-mRNA-1 3023080
.51 augustus_masked-168468131-processed-gene-0.3-mRNA-1 929345
.48 augustus_masked-168468131-processed-gene-0.3-mRNA-1 3021616
.81 augustus_masked-168085112-processed-gene-0.1-mRNA-1 3092892
.23 augustus_masked-168085112-processed-gene-0.1-mRNA-1 3026563
.23 augustus_masked-168085112-processed-gene-0.1-mRNA-1 588905
.93 maker-168183798-snap-gene-0.11-mRNA-2 3092942
.99 snap_masked-168183437-processed-gene-0.5-mRNA-1 3092806
.75 maker-168573651-augustus-gene-0.81-mRNA-1 3093248
.66 augustus_masked-168093711-processed-gene-0.0-mRNA-1 3021600
.33 augustus_masked-168093711-processed-gene-0.0-mRNA-1 3021601
.38 snap_masked-168332707-processed-gene-0.12-mRNA-1 864748
.33 snap_masked-168332707-processed-gene-0.12-mRNA-1 3021211
.30 snap_masked-168332707-processed-gene-0.12-mRNA-1 611419
.33 snap_masked-168332707-processed-gene-0.12-mRNA-1 3021579
.27 snap_masked-168332707-processed-gene-0.12-mRNA-1 524962
.25 maker-167601516-augustus-gene-0.8-mRNA-1 3030909
.03 maker-167601516-augustus-gene-0.8-mRNA-1 3030909
.07 maker-167601516-augustus-gene-0.8-mRNA-1 3030909
.89 maker-168186899-snap-gene-0.21-mRNA-1 3093245
.54 maker-168577012-snap-gene-2.94-mRNA-1 3020323
.72 maker-167882096-augustus-gene-0.42-mRNA-1 3019813
.22 maker-167882096-augustus-gene-0.42-mRNA-1 382856
.85 maker-167825421-augustus-gene-0.18-mRNA-1 30940
.14 maker-167825421-augustus-gene-0.18-mRNA-1 716338
.31 snap_masked-168577351-processed-gene-0.89-mRNA-1 1963552
.48 snap_masked-163148272-processed-gene-0.1-mRNA-1 2052458
.32 snap_masked-163148272-processed-gene-0.1-mRNA-1 979834
.64 maker-168186438-augustus-gene-0.5-mRNA-1 3020945
.19 maker-168186438-augustus-gene-0.5-mRNA-1 3028114
.89 maker-168207442-snap-gene-0.30-mRNA-1 3092583
.28 maker-163571301-augustus-gene-0.3-mRNA-1 3021853
.69 maker-163571301-augustus-gene-0.3-mRNA-1 3092910
.45 augustus_masked-168046530-processed-gene-0.2-mRNA-1 3093253
.31 augustus_masked-168046530-processed-gene-0.2-mRNA-1 3036507
.11 augustus_masked-168046530-processed-gene-0.2-mRNA-1 351479
.11 augustus_masked-168046530-processed-gene-0.2-mRNA-1 3031930
.22 snap_masked-168411161-processed-gene-0.8-mRNA-1 3026774
.77 snap_masked-168411161-processed-gene-0.8-mRNA-1 3093051
.28 augustus_masked-168561396-processed-gene-0.0-mRNA-1 3020038
.70 augustus_masked-168561396-processed-gene-0.0-mRNA-1 3023830
.95 maker-168569213-snap-gene-0.103-mRNA-1 3093221
.94 maker-168551039-augustus-gene-0.34-mRNA-1 3093118
.42 maker-167975693-augustus-gene-0.7-mRNA-1 3093242
.22 maker-167975693-augustus-gene-0.7-mRNA-1 735521
.20 genemark-168475961-processed-gene-0.6-mRNA-1 3023719
.16 genemark-168475961-processed-gene-0.6-mRNA-1 945150
.49 maker-168558424-augustus-gene-0.11-mRNA-1 3093106
.10 maker-168558424-augustus-gene-0.11-mRNA-1 3021250
.58 maker-166549041-augustus-gene-0.4-mRNA-1 3092916
.40 maker-166549041-augustus-gene-0.4-mRNA-1 3030662
.99 maker-168518190-snap-gene-0.26-mRNA-2 3093155
.51 maker-168432992-augustus-gene-0.22-mRNA-1 3093138
.21 maker-168432992-augustus-gene-0.22-mRNA-1 589065
.83 maker-167832300-augustus-gene-0.6-mRNA-1 3093131
.11 maker-167832300-augustus-gene-0.6-mRNA-1 3030153
.69 augustus_masked-168061017-processed-gene-0.10-mRNA-1 825151
.18 augustus_masked-168061017-processed-gene-0.10-mRNA-1 1238303
.15 augustus_masked-168061017-processed-gene-0.10-mRNA-1 2738483
.15 augustus_masked-168061017-processed-gene-0.10-mRNA-1 1781990
.13 augustus_masked-168061017-processed-gene-0.10-mRNA-1 2745048
.78 maker-168577341-augustus-gene-0.72-mRNA-1 3092858
.12 maker-168577341-augustus-gene-0.72-mRNA-1 487081
.74 genemark-168562064-processed-gene-0.33-mRNA-1 3093051
.57 genemark-168562064-processed-gene-0.33-mRNA-1 3026774
.34 augustus_masked-162042408-processed-gene-0.0-mRNA-1 563557
.44 augustus_masked-162042408-processed-gene-0.0-mRNA-1 3023700
.99 maker-167330935-augustus-gene-0.2-mRNA-1 3093064
.48 maker-168229080-snap-gene-0.70-mRNA-1 1332804
.57 snap_masked-168442939-processed-gene-0.49-mRNA-1 3028453
.08 snap_masked-168442939-processed-gene-0.49-mRNA-1 3049496
.08 snap_masked-168442939-processed-gene-0.49-mRNA-1 970468
.83 snap_masked-168189848-processed-gene-0.64-mRNA-1 3093130
.76 maker-168483421-augustus-gene-0.36-mRNA-2 3092587
.22 maker-168483421-augustus-gene-0.36-mRNA-2 3092912
.67 maker-168567036-augustus-gene-0.61-mRNA-1 3093037
.15 maker-168567036-augustus-gene-0.61-mRNA-1 1375575
.49 augustus_masked-161886809-processed-gene-0.0-mRNA-1 749456
.27 maker-168513537-augustus-gene-0.9-mRNA-1 3024600
.27 maker-168513537-augustus-gene-0.9-mRNA-1 3021211
.24 maker-168513537-augustus-gene-0.9-mRNA-1 611419
.22 maker-168513537-augustus-gene-0.9-mRNA-1 524962
.09 maker-168513537-augustus-gene-0.9-mRNA-1 415137
.23 maker-164534829-augustus-gene-0.3-mRNA-1 892933
.47 maker-164534829-augustus-gene-0.3-mRNA-1 248204
.14 maker-168262314-augustus-gene-0.6-mRNA-1 818066
.79 maker-168262314-augustus-gene-0.6-mRNA-1 3093268
.99 maker-168567808-augustus-gene-0.34-mRNA-1 3092807
.52 snap_masked-166887211-processed-gene-0.2-mRNA-1 3021010
.34 snap_masked-166887211-processed-gene-0.2-mRNA-1 3024526
.34 snap_masked-166887211-processed-gene-0.2-mRNA-1 732709
.07 snap_masked-166887211-processed-gene-0.2-mRNA-1 3026515
.09 snap_masked-166887211-processed-gene-0.2-mRNA-1 3048569
.64 augustus_masked-166348502-processed-gene-0.2-mRNA-1 3021985
.39 augustus_masked-166348502-processed-gene-0.2-mRNA-1 3043802
.26 augustus_masked-166348502-processed-gene-0.2-mRNA-1 3035377
.26 augustus_masked-166348502-processed-gene-0.2-mRNA-1 553061
.90 maker-167826884-augustus-gene-0.4-mRNA-1 3092825
.09 maker-167826884-augustus-gene-0.4-mRNA-1 286097
.45 augustus_masked-168498446-processed-gene-0.22-mRNA-1 1224749
.15 augustus_masked-168498446-processed-gene-0.22-mRNA-1 3048649
.99 augustus_masked-168321565-processed-gene-0.2-mRNA-1 3026074
.59 maker-168368551-snap-gene-0.43-mRNA-1 3093163
.17 maker-168368551-snap-gene-0.43-mRNA-1 1579214
.15 maker-168368551-snap-gene-0.43-mRNA-1 223262
.23 maker-168352423-augustus-gene-0.11-mRNA-1 3020999
.33 maker-168352423-augustus-gene-0.11-mRNA-1 3020127
.98 genemark-158940051-processed-gene-0.2-mRNA-1 3093198
.17 augustus_masked-168213647-processed-gene-0.0-mRNA-1 3022840
.79 augustus_masked-168213647-processed-gene-0.0-mRNA-1 3093159
.83 augustus_masked-168288961-processed-gene-0.7-mRNA-1 3092943
.15 augustus_masked-168288961-processed-gene-0.7-mRNA-1 3022881
.99 maker-168292642-snap-gene-0.10-mRNA-1 3093242
.11 maker-159387221-augustus-gene-0.3-mRNA-1 3053409
.88 maker-159387221-augustus-gene-0.3-mRNA-1 3022628
.05 augustus_masked-168018814-processed-gene-0.3-mRNA-1 266917
.99 augustus_masked-166590198-processed-gene-0.0-mRNA-1 3093149
.13 maker-168188004-snap-gene-0.64-mRNA-1 1136473
.81 maker-168188004-snap-gene-0.64-mRNA-1 3093123
.78 maker-168325120-augustus-gene-0.94-mRNA-1 3093120
.12 maker-168325120-augustus-gene-0.94-mRNA-1 1375121
.12 maker-168325120-augustus-gene-0.94-mRNA-1 3056497
.27 maker-168575856-snap-gene-0.19-mRNA-1 1206493
.49 maker-168575856-snap-gene-0.19-mRNA-1 3092762
.46 maker-168439334-snap-gene-0.22-mRNA-2 3093100
.48 maker-168439334-snap-gene-0.22-mRNA-2 3093100
.58 augustus_masked-165878470-processed-gene-0.0-mRNA-1 3019797
.08 augustus_masked-165878470-processed-gene-0.0-mRNA-1 3047649
.21 maker-168577257-augustus-gene-0.22-mRNA-1 3025673
.78 maker-168577257-augustus-gene-0.22-mRNA-1 3093232
.28 maker-162659755-augustus-gene-0.5-mRNA-1 1628932
.30 maker-162659755-augustus-gene-0.5-mRNA-1 2007139
.26 maker-162659755-augustus-gene-0.5-mRNA-1 1313385
.18 maker-168310839-augustus-gene-0.2-mRNA-1 3028163
.81 maker-168310839-augustus-gene-0.2-mRNA-1 3092927
.10 maker-168140481-snap-gene-0.4-mRNA-1 745305
.75 maker-168140481-snap-gene-0.4-mRNA-1 3025067
.60 maker-168391340-snap-gene-0.48-mRNA-1 3092968
.26 genemark-168547889-processed-gene-0.43-mRNA-1 945150
.17 genemark-168547889-processed-gene-0.43-mRNA-1 2197814
.18 genemark-168547889-processed-gene-0.43-mRNA-1 1384747
.14 genemark-168547889-processed-gene-0.43-mRNA-1 2229480
.99 maker-168205272-snap-gene-0.14-mRNA-1 3092961
.88 maker-168539524-snap-gene-0.12-mRNA-1 3092939
.03 maker-168539524-snap-gene-0.12-mRNA-1 1680725
.83 augustus_masked-168231296-processed-gene-0.14-mRNA-1 3093119
.10 augustus_masked-168231296-processed-gene-0.14-mRNA-1 310841
.10 augustus_masked-168231296-processed-gene-0.14-mRNA-1 916100
.99 maker-168546425-augustus-gene-0.62-mRNA-1 3092698
.99 augustus_masked-168564311-processed-gene-0.9-mRNA-1 3093124
.74 maker-160426352-augustus-gene-0.3-mRNA-1 3025905
.09 maker-160426352-augustus-gene-0.3-mRNA-1 1427958
.15 maker-168556517-snap-gene-0.35-mRNA-1 3048950
.09 maker-168556517-snap-gene-0.35-mRNA-1 3021769
.09 maker-168556517-snap-gene-0.35-mRNA-1 638104
.12 maker-168556517-snap-gene-0.35-mRNA-1 3024098
.12 maker-168556517-snap-gene-0.35-mRNA-1 3093003
.63 maker-167844354-augustus-gene-0.18-mRNA-1 3093020
.18 maker-167844354-augustus-gene-0.18-mRNA-1 3021261
.61 snap_masked-165499942-processed-gene-0.2-mRNA-1 445662
.60 snap_masked-165499942-processed-gene-0.2-mRNA-1 737651
.52 snap_masked-165499942-processed-gene-0.2-mRNA-1 856972
.51 snap_masked-165499942-processed-gene-0.2-mRNA-1 3027281
.44 snap_masked-165499942-processed-gene-0.2-mRNA-1 3049069
.39 maker-168565700-snap-gene-1.60-mRNA-1 3026937
.59 maker-168565700-snap-gene-1.60-mRNA-1 3092944
.35 augustus_masked-168371979-processed-gene-0.3-mRNA-1 3035367
.34 augustus_masked-168371979-processed-gene-0.3-mRNA-1 513185
.32 augustus_masked-168371979-processed-gene-0.3-mRNA-1 3022433
.28 augustus_masked-168371979-processed-gene-0.3-mRNA-1 3093234
.13 augustus_masked-168371979-processed-gene-0.3-mRNA-1 874127
.41 maker-163674939-snap-gene-0.4-mRNA-1 3026451
.34 maker-163674939-snap-gene-0.4-mRNA-1 3092896
.08 maker-163674939-snap-gene-0.4-mRNA-1 658919
.08 maker-163674939-snap-gene-0.4-mRNA-1 836856
.99 maker-168191896-snap-gene-0.17-mRNA-1 3093259
.29 augustus_masked-168430447-processed-gene-0.0-mRNA-1 3022139
.11 augustus_masked-168430447-processed-gene-0.0-mRNA-1 2373810
.95 maker-168377495-snap-gene-0.81-mRNA-1 3092931
.08 maker-168184651-augustus-gene-0.18-mRNA-1 636760
.88 maker-168184651-augustus-gene-0.18-mRNA-1 3092952
.32 maker-168506263-augustus-gene-0.15-mRNA-1 3023374
.26 maker-168506263-augustus-gene-0.15-mRNA-1 3021509
.51 snap_masked-167860942-processed-gene-0.65-mRNA-1 1103602
.36 snap_masked-167860942-processed-gene-0.65-mRNA-1 3054523
.30 snap_masked-167860942-processed-gene-0.65-mRNA-1 2470990
.55 maker-168245487-augustus-gene-0.8-mRNA-1 3092545
.15 maker-168245487-augustus-gene-0.8-mRNA-1 3092601
.51 augustus_masked-161510983-processed-gene-0.0-mRNA-1 3092534
.26 augustus_masked-161510983-processed-gene-0.0-mRNA-1 3034344
.26 augustus_masked-161510983-processed-gene-0.0-mRNA-1 569074
.02 augustus_masked-161510983-processed-gene-0.0-mRNA-1 3053783
.12 augustus_masked-161510983-processed-gene-0.0-mRNA-1 809911
.84 maker-167980116-snap-gene-0.13-mRNA-1 3028164
.10 maker-168169082-snap-gene-0.57-mRNA-1 2219215
.74 maker-168169082-snap-gene-0.57-mRNA-1 3020207
.24 maker-168353937-snap-gene-0.16-mRNA-1 170272
.61 maker-168353937-snap-gene-0.16-mRNA-1 3030177
.99 maker-168406115-augustus-gene-0.9-mRNA-3 3093265
.77 augustus_masked-168185276-processed-gene-0.20-mRNA-1 3093034
.10 augustus_masked-168185276-processed-gene-0.20-mRNA-1 1601291
.99 snap_masked-168183437-processed-gene-0.4-mRNA-1 3092806
.87 maker-168383791-augustus-gene-0.30-mRNA-2 3023326
.12 maker-168383791-augustus-gene-0.30-mRNA-2 1432176
.54 maker-167686051-snap-gene-0.3-mRNA-1 3021866
.45 maker-167686051-snap-gene-0.3-mRNA-1 3024298
.27 maker-167686051-snap-gene-0.3-mRNA-1 3028821
.14 maker-167686051-snap-gene-0.3-mRNA-1 500716
.15 maker-167686051-snap-gene-0.3-mRNA-1 3020756
.99 maker-168548171-snap-gene-0.23-mRNA-1 3023028
.50 maker-168228920-snap-gene-0.86-mRNA-1 3092586
.18 maker-168228920-snap-gene-0.86-mRNA-1 3024556
.12 maker-168228920-snap-gene-0.86-mRNA-1 3038602
.10 maker-168228920-snap-gene-0.86-mRNA-1 570100
.09 maker-168228920-snap-gene-0.86-mRNA-1 1568987
.50 augustus_masked-168495004-processed-gene-0.1-mRNA-1 343117
.44 augustus_masked-168495004-processed-gene-0.1-mRNA-1 3092561
.27 augustus_masked-168495004-processed-gene-0.1-mRNA-1 160727
.23 augustus_masked-168495004-processed-gene-0.1-mRNA-1 543500
.09 augustus_masked-168495004-processed-gene-0.1-mRNA-1 495195
.26 augustus_masked-161548800-processed-gene-0.0-mRNA-1 954152
.25 augustus_masked-161548800-processed-gene-0.0-mRNA-1 3053864
.23 augustus_masked-161548800-processed-gene-0.0-mRNA-1 3035175
.81 augustus_masked-165311665-processed-gene-0.0-mRNA-1 901101
.15 augustus_masked-165311665-processed-gene-0.0-mRNA-1 1246962
.44 maker-168573767-augustus-gene-0.58-mRNA-1 3092805
.01 augustus_masked-166244563-processed-gene-0.1-mRNA-1 3021613
.01 augustus_masked-166244563-processed-gene-0.1-mRNA-1 3064000
.44 augustus_masked-166244563-processed-gene-0.1-mRNA-1 3021613
.99 augustus_masked-161960809-processed-gene-0.0-mRNA-1 3093157
.86 maker-168303969-snap-gene-0.26-mRNA-1 3023601
.61 maker-168326110-augustus-gene-0.16-mRNA-1 3092598
.55 maker-168326110-augustus-gene-0.16-mRNA-1 779806
.04 maker-168326110-augustus-gene-0.16-mRNA-1 1018797
.04 maker-168326110-augustus-gene-0.16-mRNA-1 3023156
.26 maker-166861172-augustus-gene-0.6-mRNA-1 816218
.45 maker-166861172-augustus-gene-0.6-mRNA-1 3047199
.99 snap_masked-166692718-processed-gene-0.3-mRNA-1 3027398
