.66 GQ03104_O02.1_clone=GQ03104_O02_cluster=GQ03104_O02_status=complete_gb=BT107239 4960992
.32 GQ03104_O02.1_clone=GQ03104_O02_cluster=GQ03104_O02_status=complete_gb=BT107239 4933560
.60 GQ03202_M02.1_clone=GQ03202_M02_cluster=GQ03202_M02_status=complete_gb=BT108933 5057610
.08 GQ03202_M02.1_clone=GQ03202_M02_cluster=GQ03202_M02_status=complete_gb=BT108933 4921139
.89 GQ0131_B18.1_clone=GQ0131_B18_cluster=GQ0131_B18_status=53 5033239
.37 GQ03614_A02.1_clone=GQ03614_A02_cluster=GQ03614_A02_status=complete_gb=BT115311 4950412
.32 GQ03614_A02.1_clone=GQ03614_A02_cluster=GQ03614_A02_status=complete_gb=BT115311 5016493
.99 GQ02808_O16.1_clone=GQ02808_O16_cluster=GQ02808_O16_status=complete_gb=BT104322 5057121
.67 GQ03211_J15.4_clone=GQ03211_J15_cluster=GQ03211_J15_status=complete_gb=BT109698 5057499
.20 WS0075_N09.1_clone=WS0075_N09_cluster=WS0075_N09_status=3 4938016
.79 WS0075_N09.1_clone=WS0075_N09_cluster=WS0075_N09_status=3 4938016
.57 GQ0165_E03.2_clone=GQ0165_E03_cluster=GQ0165_E03_status=53 5057250
.19 GQ0165_E03.2_clone=GQ0165_E03_cluster=GQ0165_E03_status=53 1432493
.11 GQ0165_E03.2_clone=GQ0165_E03_cluster=GQ0165_E03_status=53 807851
.57 GQ03712_H11.1_clone=GQ03712_H11_cluster=GQ03712_H11_status=complete_gb=BT116139 5057475
.20 GQ03712_H11.1_clone=GQ03712_H11_cluster=GQ03712_H11_status=complete_gb=BT116139 4925217
.57 GQ0134_I08.1_clone=GQ0134_I08_cluster=GQ0134_I08_status=53 4927335
.18 GQ0134_I08.1_clone=GQ0134_I08_cluster=GQ0134_I08_status=53 4947963
.13 GQ0134_I08.1_clone=GQ0134_I08_cluster=GQ0134_I08_status=53 2899880
.21 GQ03411_P21.1_clone=GQ03411_P21_cluster=GQ03411_P21_status=complete_gb=BT113517 1302666
.76 GQ03411_P21.1_clone=GQ03411_P21_cluster=GQ03411_P21_status=complete_gb=BT113517 4928579
.82 GQ03802_A24.1_clone=GQ03802_A24_cluster=GQ03802_A24_status=complete_gb=BT116561 5057554
.28 GQ03404_H18.1_clone=GQ03404_H18_cluster=GQ03404_H18_status=complete_gb=BT113305 4923261
.59 GQ03404_H18.1_clone=GQ03404_H18_cluster=GQ03404_H18_status=complete_gb=BT113305 592944
.74 GQ03321_P23.1_clone=GQ03321_P23_cluster=GQ03321_P23_status=complete_gb=BT112863 1129444
.24 GQ03321_P23.1_clone=GQ03321_P23_cluster=GQ03321_P23_status=complete_gb=BT112863 4956654
.99 GQ03313_O07.1_clone=GQ03313_O07_cluster=GQ03313_O07_status=complete_gb=BT112365 5057584
.55 GQ03602_M21.1_clone=GQ03602_M21_cluster=GQ03602_M21_status=complete_gb=BT114815 467433
.48 GQ03509_O04.1_clone=GQ03509_O04_cluster=GQ03509_O04_status=complete_gb=BT114187 5041576
.31 GQ03509_O04.1_clone=GQ03509_O04_cluster=GQ03509_O04_status=complete_gb=BT114187 1452766
.31 GQ03509_O04.1_clone=GQ03509_O04_cluster=GQ03509_O04_status=complete_gb=BT114187 4930937
.44 GQ0183_A06.2_clone=GQ0183_A06_cluster=GQ0183_A06_status=complete_gb=BT102361 5057545
.16 GQ0183_A06.2_clone=GQ0183_A06_cluster=GQ0183_A06_status=complete_gb=BT102361 1945106
.53 GQ0206_E09.1_clone=GQ0206_E09_cluster=GQ0206_E09_status=complete_gb=BT103081 4928401
.12 GQ0206_E09.1_clone=GQ0206_E09_cluster=GQ0206_E09_status=complete_gb=BT103081 4925362
.67 GQ01310_K18.3_clone=GQ01310_K18_cluster=GQ01310_K18_status=complete_gb=BT101680 4942608
.66 GQ01310_K18.3_clone=GQ01310_K18_cluster=GQ01310_K18_status=complete_gb=BT101680 5056849
.30 GQ01310_K18.3_clone=GQ01310_K18_cluster=GQ01310_K18_status=complete_gb=BT101680 781853
.29 GQ01310_K18.3_clone=GQ01310_K18_cluster=GQ01310_K18_status=complete_gb=BT101680 4931040
.26 GQ01310_K18.3_clone=GQ01310_K18_cluster=GQ01310_K18_status=complete_gb=BT101680 1217884
.53 GQ03201_A21.1_clone=GQ03201_A21_cluster=GQ03201_A21_status=complete_gb=BT108791 5057184
.45 GQ03201_A21.1_clone=GQ03201_A21_cluster=GQ03201_A21_status=complete_gb=BT108791 5057203
.29 GQ03201_A21.1_clone=GQ03201_A21_cluster=GQ03201_A21_status=complete_gb=BT108791 4938020
.31 GQ03201_A21.1_clone=GQ03201_A21_cluster=GQ03201_A21_status=complete_gb=BT108791 4957899
.63 GQ04002_A14.1_clone=GQ04002_A14_cluster=GQ04002_A14_status=complete_gb=BT118073 5057288
.36 GQ02806_E24.1_clone=GQ02806_E24_cluster=GQ02806_E24_status=complete_gb=BT104089 4928434
.16 GQ0207_M14.1_clone=GQ0207_M14_cluster=GQ0207_M14_status=53 125122
.18 GQ0207_M14.1_clone=GQ0207_M14_cluster=GQ0207_M14_status=53 4989435
.62 GQ03419_M09.1_clone=GQ03419_M09_cluster=GQ03419_M09_status=complete_gb=BT113766 4953365
.86 GQ02828_M01.2_clone=GQ02828_M01_cluster=GQ02828_M01_status=complete_gb=BT105807 5057591
.44 GQ03116_K21.1_clone=GQ03116_K21_cluster=GQ03116_K21_status=complete_gb=BT108086 4924608
.27 GQ03116_K21.1_clone=GQ03116_K21_cluster=GQ03116_K21_status=complete_gb=BT108086 4931706
.20 GQ03116_K21.1_clone=GQ03116_K21_cluster=GQ03116_K21_status=complete_gb=BT108086 1555184
.58 GQ03118_C23.1_clone=GQ03118_C23_cluster=GQ03118_C23_status=complete_gb=BT108197 5057541
.32 GQ03118_C23.1_clone=GQ03118_C23_cluster=GQ03118_C23_status=complete_gb=BT108197 4991126
.36 GQ03201_P15.1_clone=GQ03201_P15_cluster=GQ03201_P15_status=complete_gb=BT108870 5057297
.22 GQ03201_P15.1_clone=GQ03201_P15_cluster=GQ03201_P15_status=complete_gb=BT108870 4923077
.32 GQ03217_G16.1_clone=GQ03217_G16_cluster=GQ03217_G16_status=complete_gb=BT110168 5057383
.31 GQ04105_K17.1_clone=GQ04105_K17_cluster=GQ04105_K17_status=complete_gb=BT119438 4923974
.35 GQ04105_K17.1_clone=GQ04105_K17_cluster=GQ04105_K17_status=complete_gb=BT119438 5057532
.30 GQ02809_N08.1_clone=GQ02809_N08_cluster=GQ02809_N08_status=complete_gb=BT104388 4921143
.80 GQ027113_A01.1_clone=GQ027113_A01_cluster=GQ027113_A01_status=5 4927249
.82 GQ027113_A01.1_clone=GQ027113_A01_cluster=GQ027113_A01_status=5 4925585
.70 GQ027113_A01.1_clone=GQ027113_A01_cluster=GQ027113_A01_status=5 618204
.75 GQ027113_A01.1_clone=GQ027113_A01_cluster=GQ027113_A01_status=5 4927442
.56 GQ027113_A01.1_clone=GQ027113_A01_cluster=GQ027113_A01_status=5 5000683
.43 GQ03120_M24.1_clone=GQ03120_M24_cluster=GQ03120_M24_status=complete_gb=BT108363 4921274
.22 GQ03120_M24.1_clone=GQ03120_M24_cluster=GQ03120_M24_status=complete_gb=BT108363 961950
.31 GQ0204_D04.1_clone=GQ0204_D04_cluster=GQ0204_D04_status=complete_gb=BT102967 4922116
.39 GQ0204_D04.1_clone=GQ0204_D04_cluster=GQ0204_D04_status=complete_gb=BT102967 4922117
.30 GQ03319_K15.1_clone=GQ03319_K15_cluster=GQ03319_K15_status=complete_gb=BT112697 4922856
.28 GQ03319_K15.1_clone=GQ03319_K15_cluster=GQ03319_K15_status=complete_gb=BT112697 1191609
.13 GQ03319_K15.1_clone=GQ03319_K15_cluster=GQ03319_K15_status=complete_gb=BT112697 1597754
.11 GQ03319_K15.1_clone=GQ03319_K15_cluster=GQ03319_K15_status=complete_gb=BT112697 1090152
.03 GQ03319_K15.1_clone=GQ03319_K15_cluster=GQ03319_K15_status=complete_gb=BT112697 1048702
.30 GQ02828_G03.1_clone=GQ02828_G03_cluster=GQ02828_G03_status=complete_gb=BT105782 4932320
.30 GQ02828_G03.1_clone=GQ02828_G03_cluster=GQ02828_G03_status=complete_gb=BT105782 176724
.27 GQ02828_G03.1_clone=GQ02828_G03_cluster=GQ02828_G03_status=complete_gb=BT105782 597570
.08 GQ02828_G03.1_clone=GQ02828_G03_cluster=GQ02828_G03_status=complete_gb=BT105782 4958082
.58 GQ0047_K09.1_clone=GQ0047_K09_cluster=GQ0047_K09_status=complete_gb=BT100862 5056862
.27 GQ0047_K09.1_clone=GQ0047_K09_cluster=GQ0047_K09_status=complete_gb=BT100862 4928263
.11 GQ03810_J02.1_clone=GQ03810_J02_cluster=GQ03810_J02_status=complete_gb=BT116973 960200
.15 GQ03810_J02.1_clone=GQ03810_J02_cluster=GQ03810_J02_status=complete_gb=BT116973 1932166
.70 GQ03201_C24.1_clone=GQ03201_C24_cluster=GQ03201_C24_status=complete_gb=BT108801 5057330
.13 GQ03201_C24.1_clone=GQ03201_C24_cluster=GQ03201_C24_status=complete_gb=BT108801 2512710
.69 GQ03604_K23.1_clone=GQ03604_K23_cluster=GQ03604_K23_status=complete_gb=BT114898 5057341
.14 GQ03604_K23.1_clone=GQ03604_K23_cluster=GQ03604_K23_status=complete_gb=BT114898 4935007
.31 GQ0041_E20.1_clone=GQ0041_E20_cluster=GQ0041_E20_status=complete_gb=BT100735 4931731
.28 GQ0041_E20.1_clone=GQ0041_E20_cluster=GQ0041_E20_status=complete_gb=BT100735 4926300
.25 GQ0041_E20.1_clone=GQ0041_E20_cluster=GQ0041_E20_status=complete_gb=BT100735 4966963
.25 GQ0041_E20.1_clone=GQ0041_E20_cluster=GQ0041_E20_status=complete_gb=BT100735 4955544
.21 GQ0041_E20.1_clone=GQ0041_E20_cluster=GQ0041_E20_status=complete_gb=BT100735 684254
.12 GQ04004_F06.1_clone=GQ04004_F06_cluster=GQ04004_F06_status=complete_gb=BT118261 4924956
.74 GQ04004_F06.1_clone=GQ04004_F06_cluster=GQ04004_F06_status=complete_gb=BT118261 5057587
.35 GQ04003_E07.1_clone=GQ04003_E07_cluster=GQ04003_E07_status=complete_gb=BT118176 4925007
.43 GQ04003_E07.1_clone=GQ04003_E07_cluster=GQ04003_E07_status=complete_gb=BT118176 5057595
.86 GQ03409_F12.1_clone=GQ03409_F12_cluster=GQ03409_F12_status=complete_gb=BT113458 5057182
.13 GQ03409_F12.1_clone=GQ03409_F12_cluster=GQ03409_F12_status=complete_gb=BT113458 1474572
.15 GQ03316_L08.1_clone=GQ03316_L08_cluster=GQ03316_L08_status=complete_gb=BT112519 3381060
.27 GQ03237_G11.2_clone=GQ03237_G11_cluster=GQ03237_G11_status=5 5057027
.17 GQ03237_G11.2_clone=GQ03237_G11_cluster=GQ03237_G11_status=5 1301643
.15 GQ03237_G11.2_clone=GQ03237_G11_cluster=GQ03237_G11_status=5 1783725
.11 GQ03237_G11.2_clone=GQ03237_G11_cluster=GQ03237_G11_status=5 876778
.08 GQ03237_G11.2_clone=GQ03237_G11_cluster=GQ03237_G11_status=5 876777
.24 GQ0224_M16.1_clone=GQ0224_M16_cluster=GQ0224_M16_status=3 5057222
.75 GQ0224_M16.1_clone=GQ0224_M16_cluster=GQ0224_M16_status=3 4931816
.58 GQ04112_L14.2_clone=GQ04112_L14_cluster=GQ04112_L14_status=complete_gb=BT119933 5057601
.11 GQ04112_L14.2_clone=GQ04112_L14_cluster=GQ04112_L14_status=complete_gb=BT119933 5057601
.90 GQ03501_C07.1_clone=GQ03501_C07_cluster=GQ03501_C07_status=complete_gb=BT113776 5057589
.88 GQ03110_K19.1_clone=GQ03110_K19_cluster=GQ03110_K19_status=complete_gb=BT107632 5057516
.45 GQ03210_E06.3_clone=GQ03210_E06_cluster=GQ03210_E06_status=53 4968543
.36 GQ03210_E06.3_clone=GQ03210_E06_cluster=GQ03210_E06_status=53 4968543
.46 WS00748_O09.1_clone=WS00748_O09_cluster=WS00748_O09_status=3 1532503
.15 WS00748_O09.1_clone=WS00748_O09_cluster=WS00748_O09_status=3 860681
.63 GQ0168_L24.1_clone=GQ0168_L24_cluster=GQ0168_L24_status=5 4929288
.35 GQ0168_L24.1_clone=GQ0168_L24_cluster=GQ0168_L24_status=5 4968115
.88 GQ0168_K11.1_clone=GQ0168_K11_cluster=GQ0168_K11_status=complete_gb=BT102206 5057560
.48 GQ03001_G23.1_clone=GQ03001_G23_cluster=GQ03001_G23_status=complete_gb=BT106427 2245655
.42 GQ03001_G23.1_clone=GQ03001_G23_cluster=GQ03001_G23_status=complete_gb=BT106427 1043745
.69 GQ03506_P18.2_clone=GQ03506_P18_cluster=GQ03506_P18_status=complete_gb=BT114045 5057567
.09 GQ03506_P18.2_clone=GQ03506_P18_cluster=GQ03506_P18_status=complete_gb=BT114045 682328
.84 GQ03309_P15.1_clone=GQ03309_P15_cluster=GQ03309_P15_status=complete_gb=BT112100 5057509
.36 GQ03408_E12.2_clone=GQ03408_E12_cluster=GQ03408_E12_status=complete_gb=BT113433 5057547
.42 GQ03408_E12.2_clone=GQ03408_E12_cluster=GQ03408_E12_status=complete_gb=BT113433 5057547
.36 GQ03239_C18.2_clone=GQ03239_C18_cluster=GQ03239_C18_status=complete_gb=BT111541 4927876
.06 GQ03239_C18.2_clone=GQ03239_C18_cluster=GQ03239_C18_status=complete_gb=BT111541 4989652
.51 GQ02901_K10.1_clone=GQ02901_K10_cluster=GQ02901_K10_status=complete_gb=BT106029 5056951
.18 GQ02901_K10.1_clone=GQ02901_K10_cluster=GQ02901_K10_status=complete_gb=BT106029 2844123
.57 GQ02908_D01.1_clone=GQ02908_D01_cluster=GQ02908_D01_status=complete_gb=BT106363 5057528
.09 GQ02908_D01.1_clone=GQ02908_D01_cluster=GQ02908_D01_status=complete_gb=BT106363 5057528
.67 GQ03501_E11.1_clone=GQ03501_E11_cluster=GQ03501_E11_status=complete_gb=BT113784 5057507
.16 GQ03501_E11.1_clone=GQ03501_E11_cluster=GQ03501_E11_status=complete_gb=BT113784 4937315
.10 GQ03122_M09.1_clone=GQ03122_M09_cluster=GQ03122_M09_status=complete_gb=BT108499 3652138
.88 GQ03122_M09.1_clone=GQ03122_M09_cluster=GQ03122_M09_status=complete_gb=BT108499 4927433
.33 GQ03403_K08.2_clone=GQ03403_K08_cluster=GQ03403_K08_status=complete_gb=BT113279 5057107
.23 GQ03403_K08.2_clone=GQ03403_K08_cluster=GQ03403_K08_status=complete_gb=BT113279 1057363
.34 GQ03516_E18.1_clone=GQ03516_E18_cluster=GQ03516_E18_status=complete_gb=BT114526 2283726
.52 GQ03516_E18.1_clone=GQ03516_E18_cluster=GQ03516_E18_status=complete_gb=BT114526 1706574
.60 GQ02824_J14.1_clone=GQ02824_J14_cluster=GQ02824_J14_status=complete_gb=BT105572 5057442
.53 GQ03108_K24.2_clone=GQ03108_K24_cluster=GQ03108_K24_status=complete_gb=BT107524 5057334
.27 GQ03108_K24.2_clone=GQ03108_K24_cluster=GQ03108_K24_status=complete_gb=BT107524 4924300
.55 GQ0171_P07.1_clone=GQ0171_P07_cluster=GQ0171_P07_status=complete_gb=BT102238 5057127
.52 GQ03010_P04.3_clone=GQ03010_P04_cluster=GQ03010_P04_status=53 5057327
.37 GQ03010_P04.3_clone=GQ03010_P04_cluster=GQ03010_P04_status=53 5057327
.84 WS00840_J13.1_clone=WS00840_J13_cluster=WS00840_J13_status=complete 4923000
.14 WS00840_J13.1_clone=WS00840_J13_cluster=WS00840_J13_status=complete 5025734
.33 GQ03231_N21.1_clone=GQ03231_N21_cluster=GQ03231_N21_status=complete_gb=BT111049 1007801
.42 GQ03231_N21.1_clone=GQ03231_N21_cluster=GQ03231_N21_status=complete_gb=BT111049 4940580
.51 GQ03103_N15.1_clone=GQ03103_N15_cluster=GQ03103_N15_status=complete_gb=BT107177 4921542
.15 GQ03103_N15.1_clone=GQ03103_N15_cluster=GQ03103_N15_status=complete_gb=BT107177 4926481
.15 GQ03103_N15.1_clone=GQ03103_N15_cluster=GQ03103_N15_status=complete_gb=BT107177 4958423
.20 GQ02816_A10.2_clone=GQ02816_A10_cluster=GQ02816_A10_status=complete_gb=BT104866 4925884
.79 GQ02816_A10.2_clone=GQ02816_A10_cluster=GQ02816_A10_status=complete_gb=BT104866 5057538
.18 GQ02806_I01.2_clone=GQ02806_I01_cluster=GQ02806_I01_status=complete_gb=BT104105 4945469
.62 GQ02806_I01.2_clone=GQ02806_I01_cluster=GQ02806_I01_status=complete_gb=BT104105 4968283
.56 GQ03211_N23.1_clone=GQ03211_N23_cluster=GQ03211_N23_status=complete_gb=BT109733 5057598
.46 GQ03003_J07.1_clone=GQ03003_J07_cluster=GQ03003_J07_status=complete_gb=BT106511 4921704
.19 GQ03003_J07.1_clone=GQ03003_J07_cluster=GQ03003_J07_status=complete_gb=BT106511 4922247
.22 GQ03607_N22.1_clone=GQ03607_N22_cluster=GQ03607_N22_status=complete_gb=BT115045 4941231
.28 GQ03607_N22.1_clone=GQ03607_N22_cluster=GQ03607_N22_status=complete_gb=BT115045 4949469
.17 WS00826_G04.1_clone=WS00826_G04_cluster=WS00826_G04_status=3 4926204
.21 WS00826_G04.1_clone=WS00826_G04_cluster=WS00826_G04_status=3 4926204
.33 GQ02510_L21.1_clone=GQ02510_L21_cluster=GQ02510_L21_status=complete_gb=BT103360 1159064
.05 GQ02510_L21.1_clone=GQ02510_L21_cluster=GQ02510_L21_status=complete_gb=BT103360 5057379
.33 GQ03124_E17.1_clone=GQ03124_E17_cluster=GQ03124_E17_status=complete_gb=BT108609 5057440
.18 GQ03124_E17.1_clone=GQ03124_E17_cluster=GQ03124_E17_status=complete_gb=BT108609 4926989
.18 GQ03124_E17.1_clone=GQ03124_E17_cluster=GQ03124_E17_status=complete_gb=BT108609 644012
.25 GQ03229_E06.1_clone=GQ03229_E06_cluster=GQ03229_E06_status=complete_gb=BT110884 4945390
.51 GQ03229_E06.1_clone=GQ03229_E06_cluster=GQ03229_E06_status=complete_gb=BT110884 5057497
.23 GQ03222_C14.1_clone=GQ03222_C14_cluster=GQ03222_C14_status=complete_gb=BT110458 567262
.16 GQ03222_C14.1_clone=GQ03222_C14_cluster=GQ03222_C14_status=complete_gb=BT110458 1125901
.81 GQ03701_K16.1_clone=GQ03701_K16_cluster=GQ03701_K16_status=complete_gb=BT115562 5057427
.43 GQ03514_O08.1_clone=GQ03514_O08_cluster=GQ03514_O08_status=complete_gb=BT114460 430459
.48 GQ03514_O08.1_clone=GQ03514_O08_cluster=GQ03514_O08_status=complete_gb=BT114460 297228
.05 GQ03122_I04.1_clone=GQ03122_I04_cluster=GQ03122_I04_status=complete_gb=BT108479 1111711
.05 GQ03122_I04.1_clone=GQ03122_I04_cluster=GQ03122_I04_status=complete_gb=BT108479 1618455
.05 GQ03122_I04.1_clone=GQ03122_I04_cluster=GQ03122_I04_status=complete_gb=BT108479 1627676
.05 GQ03122_I04.1_clone=GQ03122_I04_cluster=GQ03122_I04_status=complete_gb=BT108479 1676851
.05 GQ03122_I04.1_clone=GQ03122_I04_cluster=GQ03122_I04_status=complete_gb=BT108479 2119226
.28 GQ03229_P10.1_clone=GQ03229_P10_cluster=GQ03229_P10_status=complete_gb=BT110934 4953019
.26 GQ03229_P10.1_clone=GQ03229_P10_cluster=GQ03229_P10_status=complete_gb=BT110934 4975731
.68 GQ03205_I18.2_clone=GQ03205_I18_cluster=GQ03205_I18_status=complete_gb=BT109179 5040988
.31 GQ03205_I18.2_clone=GQ03205_I18_cluster=GQ03205_I18_status=complete_gb=BT109179 4928913
.34 GQ0069_P06.1_clone=GQ0069_P06_cluster=GQ0069_P06_status=complete_gb=BT101173 359728
.34 GQ0069_P06.1_clone=GQ0069_P06_cluster=GQ0069_P06_status=complete_gb=BT101173 4944860
.18 GQ0069_P06.1_clone=GQ0069_P06_cluster=GQ0069_P06_status=complete_gb=BT101173 1444373
.28 GQ0069_P06.1_clone=GQ0069_P06_cluster=GQ0069_P06_status=complete_gb=BT101173 4922957
.25 GQ02816_A23.1_clone=GQ02816_A23_cluster=GQ02816_A23_status=complete_gb=BT104869 1444373
.36 GQ02816_A23.1_clone=GQ02816_A23_cluster=GQ02816_A23_status=complete_gb=BT104869 846235
.49 GQ04002_M10.1_clone=GQ04002_M10_cluster=GQ04002_M10_status=complete_gb=BT118132 5057569
.25 GQ04002_M10.1_clone=GQ04002_M10_cluster=GQ04002_M10_status=complete_gb=BT118132 297228
.26 GQ04012_O06.2_clone=GQ04012_O06_cluster=GQ04012_O06_status=5 5057557
.16 GQ04012_O06.2_clone=GQ04012_O06_cluster=GQ04012_O06_status=5 4921251
.32 GQ04012_O06.2_clone=GQ04012_O06_cluster=GQ04012_O06_status=5 5057557
.52 GQ02901_P06.3_clone=GQ02901_P06_cluster=GQ02901_P06_status=53 5057604
.06 GQ02901_P06.3_clone=GQ02901_P06_cluster=GQ02901_P06_status=53 1100731
.06 GQ02901_P06.3_clone=GQ02901_P06_cluster=GQ02901_P06_status=53 651666
.84 WS0321_P06.1_clone=WS0321_P06_cluster=WS0321_P06_status=complete 5057342
.60 GQ03321_B11.1_clone=GQ03321_B11_cluster=GQ03321_B11_status=complete_gb=BT112800 4927353
.21 GQ03321_B11.1_clone=GQ03321_B11_cluster=GQ03321_B11_status=complete_gb=BT112800 4928422
.11 GQ03321_B11.1_clone=GQ03321_B11_cluster=GQ03321_B11_status=complete_gb=BT112800 4963676
.71 GQ02807_E16.1_clone=GQ02807_E16_cluster=GQ02807_E16_status=complete_gb=BT104182 359728
.26 GQ02807_E16.1_clone=GQ02807_E16_cluster=GQ02807_E16_status=complete_gb=BT104182 4922957
.19 GQ02802_J09.1_clone=GQ02802_J09_cluster=GQ02802_J09_status=complete_gb=BT103813 4930804
.36 GQ02802_J09.1_clone=GQ02802_J09_cluster=GQ02802_J09_status=complete_gb=BT103813 4937789
.34 GQ0163_N18.1_clone=GQ0163_N18_cluster=GQ0163_N18_status=complete_gb=BT102030 4926020
.26 GQ0163_N18.1_clone=GQ0163_N18_cluster=GQ0163_N18_status=complete_gb=BT102030 796737
.24 GQ0163_N18.1_clone=GQ0163_N18_cluster=GQ0163_N18_status=complete_gb=BT102030 2476490
.24 GQ0163_N18.1_clone=GQ0163_N18_cluster=GQ0163_N18_status=complete_gb=BT102030 901044
.11 GQ0163_N18.1_clone=GQ0163_N18_cluster=GQ0163_N18_status=complete_gb=BT102030 5035903
.35 GQ03918_G16.1_clone=GQ03918_G16_cluster=GQ03918_G16_status=complete_gb=BT117959 1029607
.12 GQ03918_G16.1_clone=GQ03918_G16_cluster=GQ03918_G16_status=complete_gb=BT117959 4921694
.46 GQ04007_N13.1_clone=GQ04007_N13_cluster=GQ04007_N13_status=complete_gb=BT118573 4923458
.28 GQ04007_N13.1_clone=GQ04007_N13_cluster=GQ04007_N13_status=complete_gb=BT118573 3497184
.25 GQ04007_N13.1_clone=GQ04007_N13_cluster=GQ04007_N13_status=complete_gb=BT118573 5018884
.22 GQ04007_N13.1_clone=GQ04007_N13_cluster=GQ04007_N13_status=complete_gb=BT118573 1248157
.22 GQ04007_N13.1_clone=GQ04007_N13_cluster=GQ04007_N13_status=complete_gb=BT118573 1638277
.23 GQ03905_O17.1_clone=GQ03905_O17_cluster=GQ03905_O17_status=complete_gb=BT117636 4975448
.99 GQ03322_N24.1_clone=GQ03322_N24_cluster=GQ03322_N24_status=complete_gb=BT112930 5057503
.55 GQ03120_D03.1_clone=GQ03120_D03_cluster=GQ03120_D03_status=complete_gb=BT108326 5040001
.29 GQ03237_F09.2_clone=GQ03237_F09_cluster=GQ03237_F09_status=complete_gb=BT111408 5022592
.38 GQ03505_B11.1_clone=GQ03505_B11_cluster=GQ03505_B11_status=complete_gb=BT113945 5057592
.09 GQ03505_B11.1_clone=GQ03505_B11_cluster=GQ03505_B11_status=complete_gb=BT113945 5057592
.52 GQ03604_C14.1_clone=GQ03604_C14_cluster=GQ03604_C14_status=complete_gb=BT114874 5057470
.46 GQ03604_C14.1_clone=GQ03604_C14_cluster=GQ03604_C14_status=complete_gb=BT114874 1201066
.53 GQ02819_I16.2_clone=GQ02819_I16_cluster=GQ02819_I16_status=complete_gb=BT105192 5057608
.48 GQ03519_E01.1_clone=GQ03519_E01_cluster=GQ03519_E01_status=complete_gb=BT114678 4966201
.32 GQ03519_E01.1_clone=GQ03519_E01_cluster=GQ03519_E01_status=complete_gb=BT114678 4925517
.35 GQ0068_D16.1_clone=GQ0068_D16_cluster=GQ0068_D16_status=complete_gb=BT101126 5056979
.40 GQ0068_D16.1_clone=GQ0068_D16_cluster=GQ0068_D16_status=complete_gb=BT101126 1356079
.63 WS00728_F17.1_clone=WS00728_F17_cluster=WS00728_F17_status=3 1471407
.40 WS00728_F17.1_clone=WS00728_F17_cluster=WS00728_F17_status=3 295038
.43 WS00728_F17.1_clone=WS00728_F17_cluster=WS00728_F17_status=3 4924960
.23 WS00728_F17.1_clone=WS00728_F17_cluster=WS00728_F17_status=3 5027198
.03 WS00728_F17.1_clone=WS00728_F17_cluster=WS00728_F17_status=3 4926819
.75 GQ02820_G03.1_clone=GQ02820_G03_cluster=GQ02820_G03_status=complete_gb=BT105267 4930558
.23 GQ02820_G03.1_clone=GQ02820_G03_cluster=GQ02820_G03_status=complete_gb=BT105267 4923003
.78 GQ03325_I14.1_clone=GQ03325_I14_cluster=GQ03325_I14_status=complete_gb=BT113092 5057600
.17 GQ03325_I14.1_clone=GQ03325_I14_cluster=GQ03325_I14_status=complete_gb=BT113092 1498781
.20 GQ04101_F06.1_clone=GQ04101_F06_cluster=GQ04101_F06_status=complete_gb=BT119088 5019321
.41 GQ04101_F06.1_clone=GQ04101_F06_cluster=GQ04101_F06_status=complete_gb=BT119088 5057165
.83 GQ04011_B13.1_clone=GQ04011_B13_cluster=GQ04011_B13_status=complete_gb=BT118858 5057506
.36 GQ02816_O16.1_clone=GQ02816_O16_cluster=GQ02816_O16_status=complete_gb=BT104949 5057539
.18 GQ02816_O16.1_clone=GQ02816_O16_cluster=GQ02816_O16_status=complete_gb=BT104949 5057539
.46 GQ03325_L24.1_clone=GQ03325_L24_cluster=GQ03325_L24_status=complete_gb=BT113106 5057400
.41 GQ03116_I15.1_clone=GQ03116_I15_cluster=GQ03116_I15_status=complete_gb=BT108072 4921708
.41 GQ03116_I15.1_clone=GQ03116_I15_cluster=GQ03116_I15_status=complete_gb=BT108072 4934405
.37 GQ03116_I15.1_clone=GQ03116_I15_cluster=GQ03116_I15_status=complete_gb=BT108072 5057180
.38 GQ03116_I15.1_clone=GQ03116_I15_cluster=GQ03116_I15_status=complete_gb=BT108072 795229
.37 GQ03116_I15.1_clone=GQ03116_I15_cluster=GQ03116_I15_status=complete_gb=BT108072 1594092
.32 GQ0191_C12.1_clone=GQ0191_C12_cluster=GQ0191_C12_status=complete_gb=BT102399 4944312
.25 GQ0191_C12.1_clone=GQ0191_C12_cluster=GQ0191_C12_status=complete_gb=BT102399 2007013
.77 GQ03239_C04.1_clone=GQ03239_C04_cluster=GQ03239_C04_status=complete_gb=BT111537 5057535
.10 GQ03239_C04.1_clone=GQ03239_C04_cluster=GQ03239_C04_status=complete_gb=BT111537 3573572
.98 GQ03612_M08.1_clone=GQ03612_M08_cluster=GQ03612_M08_status=complete_gb=BT115257 5057596
.51 GQ02511_H06.1_clone=GQ02511_H06_cluster=GQ02511_H06_status=53 4925143
.26 GQ02511_H06.1_clone=GQ02511_H06_cluster=GQ02511_H06_status=53 5057430
.24 GQ02511_H06.1_clone=GQ02511_H06_cluster=GQ02511_H06_status=53 4933449
.04 GQ02511_H06.1_clone=GQ02511_H06_cluster=GQ02511_H06_status=53 4933386
.72 GQ0203_H20.1_clone=GQ0203_H20_cluster=GQ0203_H20_status=complete_gb=BT102934 5057510
.19 GQ0203_H20.1_clone=GQ0203_H20_cluster=GQ0203_H20_status=complete_gb=BT102934 4933743
.19 GQ0203_H20.1_clone=GQ0203_H20_cluster=GQ0203_H20_status=complete_gb=BT102934 5022380
.32 GQ03224_L20.1_clone=GQ03224_L20_cluster=GQ03224_L20_status=complete_gb=BT110639 5057576
.56 GQ03224_L20.1_clone=GQ03224_L20_cluster=GQ03224_L20_status=complete_gb=BT110639 5057576
.70 GQ03121_I10.1_clone=GQ03121_I10_cluster=GQ03121_I10_status=complete_gb=BT108418 5057205
.19 GQ03121_I10.1_clone=GQ03121_I10_cluster=GQ03121_I10_status=complete_gb=BT108418 491571
.08 GQ03121_I10.1_clone=GQ03121_I10_cluster=GQ03121_I10_status=complete_gb=BT108418 1218734
.08 GQ03121_I10.1_clone=GQ03121_I10_cluster=GQ03121_I10_status=complete_gb=BT108418 491572
.08 GQ03121_I10.1_clone=GQ03121_I10_cluster=GQ03121_I10_status=complete_gb=BT108418 869456
.26 GQ04013_A18.1_clone=GQ04013_A18_cluster=GQ04013_A18_status=complete_gb=BT118989 4922511
.20 GQ04013_A18.1_clone=GQ04013_A18_cluster=GQ04013_A18_status=complete_gb=BT118989 4973776
.18 GQ04013_A18.1_clone=GQ04013_A18_cluster=GQ04013_A18_status=complete_gb=BT118989 4921888
.06 GQ04013_A18.1_clone=GQ04013_A18_cluster=GQ04013_A18_status=complete_gb=BT118989 2487952
.54 GQ03605_B07.2_clone=GQ03605_B07_cluster=GQ03605_B07_status=complete_gb=BT114911 4922097
.12 GQ03605_B07.2_clone=GQ03605_B07_cluster=GQ03605_B07_status=complete_gb=BT114911 590127
.33 GQ03221_H19.1_clone=GQ03221_H19_cluster=GQ03221_H19_status=complete_gb=BT110419 4973271
.28 GQ03221_H19.1_clone=GQ03221_H19_cluster=GQ03221_H19_status=complete_gb=BT110419 4976912
.06 GQ03221_H19.1_clone=GQ03221_H19_cluster=GQ03221_H19_status=complete_gb=BT110419 5057471
.11 GQ02816_L05.1_clone=GQ02816_L05_cluster=GQ02816_L05_status=complete_gb=BT104931 1317687
.87 GQ02816_L05.1_clone=GQ02816_L05_cluster=GQ02816_L05_status=complete_gb=BT104931 5057315
.33 GQ03312_I20.1_clone=GQ03312_I20_cluster=GQ03312_I20_status=complete_gb=BT112251 4927260
.13 GQ03312_I20.1_clone=GQ03312_I20_cluster=GQ03312_I20_status=complete_gb=BT112251 3216880
.10 GQ03312_I20.1_clone=GQ03312_I20_cluster=GQ03312_I20_status=complete_gb=BT112251 769463
.87 GQ02805_C23.1_clone=GQ02805_C23_cluster=GQ02805_C23_status=complete_gb=BT104003 4928087
.74 GQ03314_C09.1_clone=GQ03314_C09_cluster=GQ03314_C09_status=complete_gb=BT112382 5057536
.22 GQ03314_C09.1_clone=GQ03314_C09_cluster=GQ03314_C09_status=complete_gb=BT112382 4921750
.37 GQ02824_N02.1_clone=GQ02824_N02_cluster=GQ02824_N02_status=complete_gb=BT105594 5057583
.35 GQ04102_I10.3_clone=GQ04102_I10_cluster=GQ04102_I10_status=complete_gb=BT119187 5057529
.14 GQ04102_I10.3_clone=GQ04102_I10_cluster=GQ04102_I10_status=complete_gb=BT119187 4964299
.10 GQ04102_I10.3_clone=GQ04102_I10_cluster=GQ04102_I10_status=complete_gb=BT119187 4922348
.88 GQ02819_B19.1_clone=GQ02819_B19_cluster=GQ02819_B19_status=complete_gb=BT105146 5057594
.21 GQ03318_K13.1_clone=GQ03318_K13_cluster=GQ03318_K13_status=complete_gb=BT112631 639766
.45 GQ03318_K13.1_clone=GQ03318_K13_cluster=GQ03318_K13_status=complete_gb=BT112631 4928262
.15 GQ03107_G17.1_clone=GQ03107_G17_cluster=GQ03107_G17_status=complete_gb=BT107432 318524
.28 GQ03107_G17.1_clone=GQ03107_G17_cluster=GQ03107_G17_status=complete_gb=BT107432 4923275
.45 GQ03519_F14.1_clone=GQ03519_F14_cluster=GQ03519_F14_status=complete_gb=BT114690 4923635
.55 GQ02010_K17.1_clone=GQ02010_K17_cluster=GQ02010_K17_status=complete_gb=BT102667 4949003
.23 GQ02010_K17.1_clone=GQ02010_K17_cluster=GQ02010_K17_status=complete_gb=BT102667 1335325
.11 GQ02010_K17.1_clone=GQ02010_K17_cluster=GQ02010_K17_status=complete_gb=BT102667 3539437
.10 GQ02010_K17.1_clone=GQ02010_K17_cluster=GQ02010_K17_status=complete_gb=BT102667 1273892
.39 GQ03508_G08.1_clone=GQ03508_G08_cluster=GQ03508_G08_status=complete_gb=BT114113 1248597
.35 GQ03508_G08.1_clone=GQ03508_G08_cluster=GQ03508_G08_status=complete_gb=BT114113 4924718
.17 GQ02817_B11.1_clone=GQ02817_B11_cluster=GQ02817_B11_status=complete_gb=BT104964 4930250
.81 GQ02817_B11.1_clone=GQ02817_B11_cluster=GQ02817_B11_status=complete_gb=BT104964 5056993
.50 GQ04011_L08.1_clone=GQ04011_L08_cluster=GQ04011_L08_status=complete_gb=BT118906 4925161
.40 GQ03222_D21.1_clone=GQ03222_D21_cluster=GQ03222_D21_status=complete_gb=BT110465 4934631
.47 GQ03222_D21.1_clone=GQ03222_D21_cluster=GQ03222_D21_status=complete_gb=BT110465 5057258
.18 GQ03103_N03.1_clone=GQ03103_N03_cluster=GQ03103_N03_status=complete_gb=BT107176 4922740
.16 GQ03208_B19.1_clone=GQ03208_B19_cluster=GQ03208_B19_status=complete_gb=BT109411 670088
.79 GQ03208_B19.1_clone=GQ03208_B19_cluster=GQ03208_B19_status=complete_gb=BT109411 4932555
.89 GQ0171_L09.1_clone=GQ0171_L09_cluster=GQ0171_L09_status=complete_gb=BT102237 5057549
.27 GQ03002_F20.1_clone=GQ03002_F20_cluster=GQ03002_F20_status=complete_gb=BT106470 4923777
.17 GQ03002_F20.1_clone=GQ03002_F20_cluster=GQ03002_F20_status=complete_gb=BT106470 4930353
.18 GQ03002_F20.1_clone=GQ03002_F20_cluster=GQ03002_F20_status=complete_gb=BT106470 4983116
.39 GQ03409_M19.2_clone=GQ03409_M19_cluster=GQ03409_M19_status=complete_gb=BT113472 4930554
.51 GQ03409_M19.2_clone=GQ03409_M19_cluster=GQ03409_M19_status=complete_gb=BT113472 2046541
.49 GQ03409_M19.2_clone=GQ03409_M19_cluster=GQ03409_M19_status=complete_gb=BT113472 4946285
.20 GQ03409_M19.2_clone=GQ03409_M19_cluster=GQ03409_M19_status=complete_gb=BT113472 2179000
.16 GQ03409_M19.2_clone=GQ03409_M19_cluster=GQ03409_M19_status=complete_gb=BT113472 1870185
.84 GQ03715_C13.1_clone=GQ03715_C13_cluster=GQ03715_C13_status=complete_gb=BT116276 5057543
.16 GQ03401_B24.1_clone=GQ03401_B24_cluster=GQ03401_B24_status=complete_gb=BT113196 911316
.14 GQ03401_B24.1_clone=GQ03401_B24_cluster=GQ03401_B24_status=complete_gb=BT113196 1058788
.14 GQ03401_B24.1_clone=GQ03401_B24_cluster=GQ03401_B24_status=complete_gb=BT113196 1843722
.08 GQ03401_B24.1_clone=GQ03401_B24_cluster=GQ03401_B24_status=complete_gb=BT113196 5057540
.30 GQ03805_G21.1_clone=GQ03805_G21_cluster=GQ03805_G21_status=complete_gb=BT116720 5057550
.09 GQ03805_G21.1_clone=GQ03805_G21_cluster=GQ03805_G21_status=complete_gb=BT116720 4922881
.87 GQ03707_O20.1_clone=GQ03707_O20_cluster=GQ03707_O20_status=complete_gb=BT115879 5057578
.47 GQ02905_L08.1_clone=GQ02905_L08_cluster=GQ02905_L08_status=complete_gb=BT106237 4922911
.20 GQ02905_L08.1_clone=GQ02905_L08_cluster=GQ02905_L08_status=complete_gb=BT106237 5057113
.40 GQ04101_D07.1_clone=GQ04101_D07_cluster=GQ04101_D07_status=complete_gb=BT119079 4944858
.22 GQ04101_D07.1_clone=GQ04101_D07_cluster=GQ04101_D07_status=complete_gb=BT119079 1858148
.23 GQ04101_D07.1_clone=GQ04101_D07_cluster=GQ04101_D07_status=complete_gb=BT119079 4999317
.08 GQ03208_P08.1_clone=GQ03208_P08_cluster=GQ03208_P08_status=complete_gb=BT109481 4259511
.75 GQ03208_P08.1_clone=GQ03208_P08_cluster=GQ03208_P08_status=complete_gb=BT109481 4972796
.61 GQ03916_A15.1_clone=GQ03916_A15_cluster=GQ03916_A15_status=complete_gb=BT117895 1496385
.35 GQ03916_A15.1_clone=GQ03916_A15_cluster=GQ03916_A15_status=complete_gb=BT117895 1112980
.57 GQ03709_L03.1_clone=GQ03709_L03_cluster=GQ03709_L03_status=complete_gb=BT115975 587434
.22 GQ03709_L03.1_clone=GQ03709_L03_cluster=GQ03709_L03_status=complete_gb=BT115975 1921186
.08 GQ03109_E04.2_clone=GQ03109_E04_cluster=GQ03109_E04_status=complete_gb=BT107558 642299
.67 GQ03109_E04.2_clone=GQ03109_E04_cluster=GQ03109_E04_status=complete_gb=BT107558 5057500
.30 GQ03609_I13.1_clone=GQ03609_I13_cluster=GQ03609_I13_status=5 1136994
.24 GQ03609_I13.1_clone=GQ03609_I13_cluster=GQ03609_I13_status=5 2887780
.20 GQ03609_I13.1_clone=GQ03609_I13_cluster=GQ03609_I13_status=5 5001811
.45 GQ0082_L22.1_clone=GQ0082_L22_cluster=GQ0082_L22_status=complete_gb=BT101257 4922757
.27 GQ0082_L22.1_clone=GQ0082_L22_cluster=GQ0082_L22_status=complete_gb=BT101257 4977674
.28 GQ0082_L22.1_clone=GQ0082_L22_cluster=GQ0082_L22_status=complete_gb=BT101257 4986413
.30 GQ0082_L22.1_clone=GQ0082_L22_cluster=GQ0082_L22_status=complete_gb=BT101257 510505
.39 GQ0082_L22.1_clone=GQ0082_L22_cluster=GQ0082_L22_status=complete_gb=BT101257 4923468
.27 GQ0204_G04.1_clone=GQ0204_G04_cluster=GQ0204_G04_status=53 4928349
.15 GQ0204_G04.1_clone=GQ0204_G04_cluster=GQ0204_G04_status=53 4956789
.20 GQ03602_A18.4_clone=GQ03602_A18_cluster=GQ03602_A18_status=complete_gb=BT114785 758146
.65 GQ03602_A18.4_clone=GQ03602_A18_cluster=GQ03602_A18_status=complete_gb=BT114785 4929732
.34 GQ03418_P01.1_clone=GQ03418_P01_cluster=GQ03418_P01_status=complete_gb=BT113742 4926543
.41 GQ03418_P01.1_clone=GQ03418_P01_cluster=GQ03418_P01_status=complete_gb=BT113742 362622
.55 GQ03915_N07.4_clone=GQ03915_N07_cluster=GQ03915_N07_status=complete_gb=BT117887 5057056
.26 GQ03915_N07.4_clone=GQ03915_N07_cluster=GQ03915_N07_status=complete_gb=BT117887 695294
.25 GQ03915_N07.4_clone=GQ03915_N07_cluster=GQ03915_N07_status=complete_gb=BT117887 4922724
.31 GQ03301_G02.1_clone=GQ03301_G02_cluster=GQ03301_G02_status=complete_gb=BT111618 744569
.26 GQ03301_G02.1_clone=GQ03301_G02_cluster=GQ03301_G02_status=complete_gb=BT111618 506732
.26 GQ03301_G02.1_clone=GQ03301_G02_cluster=GQ03301_G02_status=complete_gb=BT111618 4936058
.14 GQ03301_G02.1_clone=GQ03301_G02_cluster=GQ03301_G02_status=complete_gb=BT111618 4963611
.13 GQ03301_G02.1_clone=GQ03301_G02_cluster=GQ03301_G02_status=complete_gb=BT111618 4958549
.67 GQ03915_O01.1_clone=GQ03915_O01_cluster=GQ03915_O01_status=complete_gb=BT117889 5001369
.51 GQ04103_F18.1_clone=GQ04103_F18_cluster=GQ04103_F18_status=complete_gb=BT119268 5057498
.70 GQ03302_M16.1_clone=GQ03302_M16_cluster=GQ03302_M16_status=complete_gb=BT111722 4957719
.80 GQ03209_M06.1_clone=GQ03209_M06_cluster=GQ03209_M06_status=complete_gb=BT109543 5057508
.50 GQ0209_K24.1_clone=GQ0209_K24_cluster=GQ0209_K24_status=3 4951060
.26 GQ04104_C12.1_clone=GQ04104_C12_cluster=GQ04104_C12_status=complete_gb=BT119320 4926726
.18 GQ04104_C12.1_clone=GQ04104_C12_cluster=GQ04104_C12_status=complete_gb=BT119320 4976590
.18 GQ04104_C12.1_clone=GQ04104_C12_cluster=GQ04104_C12_status=complete_gb=BT119320 1124322
.18 GQ04104_C12.1_clone=GQ04104_C12_cluster=GQ04104_C12_status=complete_gb=BT119320 978059
.47 GQ03616_B23.1_clone=GQ03616_B23_cluster=GQ03616_B23_status=complete_gb=BT115416 4933567
.29 GQ03616_B23.1_clone=GQ03616_B23_cluster=GQ03616_B23_status=complete_gb=BT115416 4961747
.19 GQ02815_G08.1_clone=GQ02815_G08_cluster=GQ02815_G08_status=complete_gb=BT104816 4924759
.79 GQ02815_G08.1_clone=GQ02815_G08_cluster=GQ02815_G08_status=complete_gb=BT104816 5056911
.43 GQ04104_E08.1_clone=GQ04104_E08_cluster=GQ04104_E08_status=complete_gb=BT119334 5057291
.39 GQ04104_E08.1_clone=GQ04104_E08_cluster=GQ04104_E08_status=complete_gb=BT119334 4930566
.29 GQ04104_E08.1_clone=GQ04104_E08_cluster=GQ04104_E08_status=complete_gb=BT119334 1008624
.25 GQ04104_E08.1_clone=GQ04104_E08_cluster=GQ04104_E08_status=complete_gb=BT119334 4927604
.22 GQ04104_E08.1_clone=GQ04104_E08_cluster=GQ04104_E08_status=complete_gb=BT119334 5056949
.43 GQ03804_O17.1_clone=GQ03804_O17_cluster=GQ03804_O17_status=complete_gb=BT116694 5057343
.24 GQ03804_O17.1_clone=GQ03804_O17_cluster=GQ03804_O17_status=complete_gb=BT116694 3625698
.05 GQ03307_M10.1_clone=GQ03307_M10_cluster=GQ03307_M10_status=complete_gb=BT111930 657745
.37 GQ03307_M10.1_clone=GQ03307_M10_cluster=GQ03307_M10_status=complete_gb=BT111930 157509
.87 GQ03715_G10.1_clone=GQ03715_G10_cluster=GQ03715_G10_status=complete_gb=BT116288 4930596
.06 GQ03715_G10.1_clone=GQ03715_G10_cluster=GQ03715_G10_status=complete_gb=BT116288 2650120
.33 GQ04110_F03.1_clone=GQ04110_F03_cluster=GQ04110_F03_status=complete_gb=BT119805 1840476
.29 GQ04110_F03.1_clone=GQ04110_F03_cluster=GQ04110_F03_status=complete_gb=BT119805 4923746
.92 GQ03227_J22.1_clone=GQ03227_J22_cluster=GQ03227_J22_status=complete_gb=BT110770 5057590
.06 GQ03227_J22.1_clone=GQ03227_J22_cluster=GQ03227_J22_status=complete_gb=BT110770 4948019
.63 GQ04113_P05.1_clone=GQ04113_P05_cluster=GQ04113_P05_status=complete_gb=BT120000 4930052
.41 GQ03511_H06.1_clone=GQ03511_H06_cluster=GQ03511_H06_status=complete_gb=BT114259 4927606
.33 GQ03511_H06.1_clone=GQ03511_H06_cluster=GQ03511_H06_status=complete_gb=BT114259 4940355
.27 GQ03511_H06.1_clone=GQ03511_H06_cluster=GQ03511_H06_status=complete_gb=BT114259 4953147
.18 GQ03511_H06.1_clone=GQ03511_H06_cluster=GQ03511_H06_status=complete_gb=BT114259 848132
.12 GQ0167_C04.2_clone=GQ0167_C04_cluster=GQ0167_C04_status=complete_gb=BT102139 4928013
.68 GQ0167_C04.2_clone=GQ0167_C04_cluster=GQ0167_C04_status=complete_gb=BT102139 5057556
.43 GQ03126_N20.1_clone=GQ03126_N20_cluster=GQ03126_N20_status=complete_gb=BT108771 4981913
.36 GQ03126_N20.1_clone=GQ03126_N20_cluster=GQ03126_N20_status=complete_gb=BT108771 4922467
.24 GQ03126_N20.1_clone=GQ03126_N20_cluster=GQ03126_N20_status=complete_gb=BT108771 4960287
.12 GQ03126_N20.1_clone=GQ03126_N20_cluster=GQ03126_N20_status=complete_gb=BT108771 4924991
.62 GQ03815_H06.1_clone=GQ03815_H06_cluster=GQ03815_H06_status=complete_gb=BT117232 5057264
.21 GQ03815_H06.1_clone=GQ03815_H06_cluster=GQ03815_H06_status=complete_gb=BT117232 4927191
.28 GQ03718_C13.1_clone=GQ03718_C13_cluster=GQ03718_C13_status=complete_gb=BT116407 4929263
.25 GQ03718_C13.1_clone=GQ03718_C13_cluster=GQ03718_C13_status=complete_gb=BT116407 227462
.21 GQ03718_C13.1_clone=GQ03718_C13_cluster=GQ03718_C13_status=complete_gb=BT116407 5038795
.54 GQ03125_L05.1_clone=GQ03125_L05_cluster=GQ03125_L05_status=complete_gb=BT108712 5057562
.36 GQ03125_L05.1_clone=GQ03125_L05_cluster=GQ03125_L05_status=complete_gb=BT108712 4923565
.37 GQ02820_N10.1_clone=GQ02820_N10_cluster=GQ02820_N10_status=complete_gb=BT105319 532320
.27 GQ02820_N10.1_clone=GQ02820_N10_cluster=GQ02820_N10_status=complete_gb=BT105319 1916591
.27 GQ02820_N10.1_clone=GQ02820_N10_cluster=GQ02820_N10_status=complete_gb=BT105319 4967794
.33 GQ04003_N05.1_clone=GQ04003_N05_cluster=GQ04003_N05_status=complete_gb=BT118226 5057553
.01 GQ04003_N05.1_clone=GQ04003_N05_cluster=GQ04003_N05_status=complete_gb=BT118226 122298
.69 GQ04108_C13.1_clone=GQ04108_C13_cluster=GQ04108_C13_status=complete_gb=BT119638 5057564
.22 GQ02511_M04.1_clone=GQ02511_M04_cluster=GQ02511_M04_status=complete_gb=BT103383 4958953
.62 GQ02511_M04.1_clone=GQ02511_M04_cluster=GQ02511_M04_status=complete_gb=BT103383 5057232
.79 GQ03607_K19.1_clone=GQ03607_K19_cluster=GQ03607_K19_status=complete_gb=BT115034 5057588
.12 GQ03112_O16.2_clone=GQ03112_O16_cluster=GQ03112_O16_status=complete_gb=BT107806 4991934
.79 GQ03112_O16.2_clone=GQ03112_O16_cluster=GQ03112_O16_status=complete_gb=BT107806 5057527
.25 GQ03320_L08.1_clone=GQ03320_L08_cluster=GQ03320_L08_status=complete_gb=BT112773 1015459
.40 GQ03320_L08.1_clone=GQ03320_L08_cluster=GQ03320_L08_status=complete_gb=BT112773 823943
.15 GQ03802_H12.1_clone=GQ03802_H12_cluster=GQ03802_H12_status=complete_gb=BT116580 4924379
.53 GQ03802_H12.1_clone=GQ03802_H12_cluster=GQ03802_H12_status=complete_gb=BT116580 5057505
.88 GQ02901_P17.2_clone=GQ02901_P17_cluster=GQ02901_P17_status=complete_gb=BT106047 5057579
.27 GQ03702_J07.1_clone=GQ03702_J07_cluster=GQ03702_J07_status=complete_gb=BT115608 4927524
.25 GQ03702_J07.1_clone=GQ03702_J07_cluster=GQ03702_J07_status=complete_gb=BT115608 4969100
.65 GQ04009_H03.1_clone=GQ04009_H03_cluster=GQ04009_H03_status=complete_gb=BT118711 5057333
.65 GQ04009_H03.1_clone=GQ04009_H03_cluster=GQ04009_H03_status=complete_gb=BT118711 4948577
.24 GQ04009_H03.1_clone=GQ04009_H03_cluster=GQ04009_H03_status=complete_gb=BT118711 4965668
.69 GQ0195_I13.1_clone=GQ0195_I13_cluster=GQ0195_I13_status=complete_gb=BT102501 4930895
.20 GQ0195_I13.1_clone=GQ0195_I13_cluster=GQ0195_I13_status=complete_gb=BT102501 1549413
.55 GQ02804_F18.1_clone=GQ02804_F18_cluster=GQ02804_F18_status=complete_gb=BT103933 5057523
.69 GQ04011_C10.1_clone=GQ04011_C10_cluster=GQ04011_C10_status=complete_gb=BT118864 4940712
.21 GQ04011_C10.1_clone=GQ04011_C10_cluster=GQ04011_C10_status=complete_gb=BT118864 320337
.17 GQ04011_C10.1_clone=GQ04011_C10_cluster=GQ04011_C10_status=complete_gb=BT118864 4960266
.35 WS02614_N04.1_clone=WS02614_N04_cluster=WS02614_N04_status=3 5001931
.30 WS02614_N04.1_clone=WS02614_N04_cluster=WS02614_N04_status=3 5057106
.57 GQ04010_B22.1_clone=GQ04010_B22_cluster=GQ04010_B22_status=complete_gb=BT118777 5057224
.33 GQ04102_I02.1_clone=GQ04102_I02_cluster=GQ04102_I02_status=5 5057537
.25 GQ04102_I02.1_clone=GQ04102_I02_cluster=GQ04102_I02_status=5 5057537
.31 GQ02822_H10.1_clone=GQ02822_H10_cluster=GQ02822_H10_status=complete_gb=BT105436 4952513
.40 GQ02822_H10.1_clone=GQ02822_H10_cluster=GQ02822_H10_status=complete_gb=BT105436 1045356
.75 GQ00611_H03.1_clone=GQ00611_H03_cluster=GQ00611_H03_status=complete_gb=BT100934 5057120
.34 GQ03814_M21.1_clone=GQ03814_M21_cluster=GQ03814_M21_status=complete_gb=BT117193 887409
.30 GQ03814_M21.1_clone=GQ03814_M21_cluster=GQ03814_M21_status=complete_gb=BT117193 1254944
.28 GQ03814_M21.1_clone=GQ03814_M21_cluster=GQ03814_M21_status=complete_gb=BT117193 5056873
.27 GQ03814_M21.1_clone=GQ03814_M21_cluster=GQ03814_M21_status=complete_gb=BT117193 4928804
.26 GQ03814_M21.1_clone=GQ03814_M21_cluster=GQ03814_M21_status=complete_gb=BT117193 4977899
.24 GQ02803_H04.1_clone=GQ02803_H04_cluster=GQ02803_H04_status=complete_gb=BT103873 4970084
.16 GQ02803_H04.1_clone=GQ02803_H04_cluster=GQ02803_H04_status=complete_gb=BT103873 2229332
.06 GQ02803_H04.1_clone=GQ02803_H04_cluster=GQ02803_H04_status=complete_gb=BT103873 4931395
.35 GQ03419_K05.1_clone=GQ03419_K05_cluster=GQ03419_K05_status=complete_gb=BT113761 4921624
.04 GQ03419_K05.1_clone=GQ03419_K05_cluster=GQ03419_K05_status=complete_gb=BT113761 4927931
.53 GQ04007_J05.1_clone=GQ04007_J05_cluster=GQ04007_J05_status=complete_gb=BT118547 1081172
.45 GQ04007_J05.1_clone=GQ04007_J05_cluster=GQ04007_J05_status=complete_gb=BT118547 2740767
.44 GQ0204_K22.1_clone=GQ0204_K22_cluster=GQ0204_K22_status=complete_gb=BT102998 5057253
.22 GQ0204_K22.1_clone=GQ0204_K22_cluster=GQ0204_K22_status=complete_gb=BT102998 4973795
.14 GQ0204_K22.1_clone=GQ0204_K22_cluster=GQ0204_K22_status=complete_gb=BT102998 665949
.88 GQ03322_C18.1_clone=GQ03322_C18_cluster=GQ03322_C18_status=complete_gb=BT112880 5057581
.43 GQ03102_C18.1_clone=GQ03102_C18_cluster=GQ03102_C18_status=complete_gb=BT107049 4946134
.26 GQ03102_C18.1_clone=GQ03102_C18_cluster=GQ03102_C18_status=complete_gb=BT107049 1012537
.20 GQ03102_C18.1_clone=GQ03102_C18_cluster=GQ03102_C18_status=complete_gb=BT107049 200162
.41 GQ03808_G20.1_clone=GQ03808_G20_cluster=GQ03808_G20_status=complete_gb=BT116873 5005774
.24 GQ03808_G20.1_clone=GQ03808_G20_cluster=GQ03808_G20_status=complete_gb=BT116873 4999177
.30 GQ03307_P08.1_clone=GQ03307_P08_cluster=GQ03307_P08_status=complete_gb=BT111938 5057519
.19 GQ03307_P08.1_clone=GQ03307_P08_cluster=GQ03307_P08_status=complete_gb=BT111938 5057519
.32 GQ04103_B01.1_clone=GQ04103_B01_cluster=GQ04103_B01_status=complete_gb=BT119241 5057559
.13 GQ04103_B01.1_clone=GQ04103_B01_cluster=GQ04103_B01_status=complete_gb=BT119241 5057559
.62 GQ03107_I22.1_clone=GQ03107_I22_cluster=GQ03107_I22_status=complete_gb=BT107441 5057359
.31 GQ03107_I22.1_clone=GQ03107_I22_cluster=GQ03107_I22_status=complete_gb=BT107441 4922187
.31 GQ03107_I22.1_clone=GQ03107_I22_cluster=GQ03107_I22_status=complete_gb=BT107441 4929971
.17 GQ03107_I22.1_clone=GQ03107_I22_cluster=GQ03107_I22_status=complete_gb=BT107441 221064
.13 GQ03107_I22.1_clone=GQ03107_I22_cluster=GQ03107_I22_status=complete_gb=BT107441 2059530
.81 WS03216_O08.1_clone=WS03216_O08_cluster=WS03216_O08_status=complete 5047510
.86 GQ02809_J20.1_clone=GQ02809_J20_cluster=GQ02809_J20_status=complete_gb=BT104365 5057563
.66 GQ02807_F05.1_clone=GQ02807_F05_cluster=GQ02807_F05_status=complete_gb=BT104185 5057058
.18 GQ04106_E21.1_clone=GQ04106_E21_cluster=GQ04106_E21_status=complete_gb=BT119487 820497
.69 GQ04106_E21.1_clone=GQ04106_E21_cluster=GQ04106_E21_status=complete_gb=BT119487 4921868
.33 GQ03237_E04.1_clone=GQ03237_E04_cluster=GQ03237_E04_status=complete_gb=BT111406 5057501
.10 GQ03237_E04.1_clone=GQ03237_E04_cluster=GQ03237_E04_status=complete_gb=BT111406 5057501
.77 WS0264_A17.1_clone=WS0264_A17_cluster=WS0264_A17_status=complete 5057393
.21 WS0264_A17.1_clone=WS0264_A17_cluster=WS0264_A17_status=complete 4922463
.44 GQ04113_J23.2_clone=GQ04113_J23_cluster=GQ04113_J23_status=53 5057308
.44 GQ04113_J23.2_clone=GQ04113_J23_cluster=GQ04113_J23_status=53 5057307
.05 GQ03236_P10.1_clone=GQ03236_P10_cluster=GQ03236_P10_status=complete_gb=BT111389 4933731
.93 GQ03236_P10.1_clone=GQ03236_P10_cluster=GQ03236_P10_status=complete_gb=BT111389 5057561
.27 GQ03235_N05.2_clone=GQ03235_N05_cluster=GQ03235_N05_status=complete_gb=BT111306 4925951
.23 GQ03235_N05.2_clone=GQ03235_N05_cluster=GQ03235_N05_status=complete_gb=BT111306 2800490
.17 GQ03235_N05.2_clone=GQ03235_N05_cluster=GQ03235_N05_status=complete_gb=BT111306 4936419
.81 GQ02824_M13.1_clone=GQ02824_M13_cluster=GQ02824_M13_status=complete_gb=BT105591 5057580
.81 GQ03229_P08.1_clone=GQ03229_P08_cluster=GQ03229_P08_status=complete_gb=BT110933 5014642
.15 GQ03229_P08.1_clone=GQ03229_P08_cluster=GQ03229_P08_status=complete_gb=BT110933 705027
.13 GQ03229_P08.1_clone=GQ03229_P08_cluster=GQ03229_P08_status=complete_gb=BT110933 4949235
.44 GQ03302_G07.1_clone=GQ03302_G07_cluster=GQ03302_G07_status=complete_gb=BT111704 4923060
.22 GQ03302_G07.1_clone=GQ03302_G07_cluster=GQ03302_G07_status=complete_gb=BT111704 4931557
.62 GQ04108_O24.1_clone=GQ04108_O24_cluster=GQ04108_O24_status=complete_gb=BT119698 5057511
.13 GQ04108_O24.1_clone=GQ04108_O24_cluster=GQ04108_O24_status=complete_gb=BT119698 4931075
.37 GQ03312_F08.1_clone=GQ03312_F08_cluster=GQ03312_F08_status=complete_gb=BT112229 5057512
.24 GQ03312_F08.1_clone=GQ03312_F08_cluster=GQ03312_F08_status=complete_gb=BT112229 5057512
.76 GQ03615_G04.1_clone=GQ03615_G04_cluster=GQ03615_G04_status=complete_gb=BT115387 4921962
.70 GQ02812_E18.1_clone=GQ02812_E18_cluster=GQ02812_E18_status=complete_gb=BT104594 4921507
.22 GQ02812_E18.1_clone=GQ02812_E18_cluster=GQ02812_E18_status=complete_gb=BT104594 742868
.19 GQ02812_E18.1_clone=GQ02812_E18_cluster=GQ02812_E18_status=complete_gb=BT104594 381508
.09 GQ03102_M11.1_clone=GQ03102_M11_cluster=GQ03102_M11_status=complete_gb=BT107102 2094430
.86 GQ03102_M11.1_clone=GQ03102_M11_cluster=GQ03102_M11_status=complete_gb=BT107102 4926697
.46 GQ03237_M18.1_clone=GQ03237_M18_cluster=GQ03237_M18_status=complete_gb=BT111446 5046773
.88 WS00839_O12.1_clone=WS00839_O12_cluster=WS00839_O12_status=complete 5057051
.38 GQ03203_K14.1_clone=GQ03203_K14_cluster=GQ03203_K14_status=complete_gb=BT109010 4984449
.25 GQ03203_K14.1_clone=GQ03203_K14_cluster=GQ03203_K14_status=complete_gb=BT109010 5005864
.24 GQ03203_K14.1_clone=GQ03203_K14_cluster=GQ03203_K14_status=complete_gb=BT109010 4921599
.20 GQ03203_K14.1_clone=GQ03203_K14_cluster=GQ03203_K14_status=complete_gb=BT109010 2238807
.20 GQ04106_F04.1_clone=GQ04106_F04_cluster=GQ04106_F04_status=complete_gb=BT119489 1209565
.72 GQ04106_F04.1_clone=GQ04106_F04_cluster=GQ04106_F04_status=complete_gb=BT119489 4956438
.29 GQ03301_H24.1_clone=GQ03301_H24_cluster=GQ03301_H24_status=complete_gb=BT111629 4949077
.24 GQ03301_H24.1_clone=GQ03301_H24_cluster=GQ03301_H24_status=complete_gb=BT111629 5056906
.24 GQ03301_H24.1_clone=GQ03301_H24_cluster=GQ03301_H24_status=complete_gb=BT111629 5057185
.41 GQ03326_C13.1_clone=GQ03326_C13_cluster=GQ03326_C13_status=complete_gb=BT113135 1333924
.33 GQ03326_C13.1_clone=GQ03326_C13_cluster=GQ03326_C13_status=complete_gb=BT113135 4945713
.33 GQ03326_C13.1_clone=GQ03326_C13_cluster=GQ03326_C13_status=complete_gb=BT113135 1466240
.28 GQ03326_C13.1_clone=GQ03326_C13_cluster=GQ03326_C13_status=complete_gb=BT113135 1466242
.99 GQ03517_N16.1_clone=GQ03517_N16_cluster=GQ03517_N16_status=complete_gb=BT114611 5057530
.35 GQ03107_N12.1_clone=GQ03107_N12_cluster=GQ03107_N12_status=complete_gb=BT107464 4943641
.25 GQ03107_N12.1_clone=GQ03107_N12_cluster=GQ03107_N12_status=complete_gb=BT107464 2486233
.26 GQ03107_N12.1_clone=GQ03107_N12_cluster=GQ03107_N12_status=complete_gb=BT107464 698162
.63 GQ04113_H12.2_clone=GQ04113_H12_cluster=GQ04113_H12_status=complete_gb=BT119973 4989551
.09 GQ03907_B09.3_clone=GQ03907_B09_cluster=GQ03907_B09_status=53 2701784
.09 GQ03907_B09.3_clone=GQ03907_B09_cluster=GQ03907_B09_status=53 1612989
.52 GQ03401_N08.1_clone=GQ03401_N08_cluster=GQ03401_N08_status=complete_gb=BT113222 5057032
.26 GQ03401_N08.1_clone=GQ03401_N08_cluster=GQ03401_N08_status=complete_gb=BT113222 4926890
.46 GQ03126_M13.1_clone=GQ03126_M13_cluster=GQ03126_M13_status=complete_gb=BT108766 4925105
.11 GQ03126_M13.1_clone=GQ03126_M13_cluster=GQ03126_M13_status=complete_gb=BT108766 4925537
.27 GQ03312_N02.1_clone=GQ03312_N02_cluster=GQ03312_N02_status=complete_gb=BT112271 756741
.25 GQ03312_N02.1_clone=GQ03312_N02_cluster=GQ03312_N02_status=complete_gb=BT112271 4944307
.13 GQ03312_N02.1_clone=GQ03312_N02_cluster=GQ03312_N02_status=complete_gb=BT112271 890151
.66 GQ03813_M07.1_clone=GQ03813_M07_cluster=GQ03813_M07_status=complete_gb=BT117145 5057474
.19 GQ03813_M07.1_clone=GQ03813_M07_cluster=GQ03813_M07_status=complete_gb=BT117145 4929766
.19 GQ03813_M07.1_clone=GQ03813_M07_cluster=GQ03813_M07_status=complete_gb=BT117145 1965563
.72 GQ03211_D08.1_clone=GQ03211_D08_cluster=GQ03211_D08_status=complete_gb=BT109664 5057249
.11 GQ03211_D08.1_clone=GQ03211_D08_cluster=GQ03211_D08_status=complete_gb=BT109664 4575722
.09 GQ04011_M08.1_clone=GQ04011_M08_cluster=GQ04011_M08_status=complete_gb=BT118910 479917
.53 GQ04011_M08.1_clone=GQ04011_M08_cluster=GQ04011_M08_status=complete_gb=BT118910 4923423
.76 GQ03919_C06.2_clone=GQ03919_C06_cluster=GQ03919_C06_status=complete_gb=BT117972 5056921
.20 GQ03919_C06.2_clone=GQ03919_C06_cluster=GQ03919_C06_status=complete_gb=BT117972 1910697
.12 GQ03919_C06.2_clone=GQ03919_C06_cluster=GQ03919_C06_status=complete_gb=BT117972 2777987
.04 GQ03919_C06.2_clone=GQ03919_C06_cluster=GQ03919_C06_status=complete_gb=BT117972 1814467
.31 GQ03108_K22.1_clone=GQ03108_K22_cluster=GQ03108_K22_status=complete_gb=BT107523 634402
.38 GQ03108_K22.1_clone=GQ03108_K22_cluster=GQ03108_K22_status=complete_gb=BT107523 1336973
.26 GQ02828_B18.2_clone=GQ02828_B18_cluster=GQ02828_B18_status=complete_gb=BT105764 4922930
.39 GQ02828_B18.2_clone=GQ02828_B18_cluster=GQ02828_B18_status=complete_gb=BT105764 5057459
.04 GQ03505_J11.1_clone=GQ03505_J11_cluster=GQ03505_J11_status=complete_gb=BT113966 4061352
.81 GQ03505_J11.1_clone=GQ03505_J11_cluster=GQ03505_J11_status=complete_gb=BT113966 5057597
.40 GQ03216_C23.1_clone=GQ03216_C23_cluster=GQ03216_C23_status=complete_gb=BT110091 4928043
.39 GQ03216_C23.1_clone=GQ03216_C23_cluster=GQ03216_C23_status=complete_gb=BT110091 4984174
.20 GQ03216_C23.1_clone=GQ03216_C23_cluster=GQ03216_C23_status=complete_gb=BT110091 4922781
.51 GQ03006_J10.2_clone=GQ03006_J10_cluster=GQ03006_J10_status=complete_gb=BT106618 5057526
.24 GQ03006_J10.2_clone=GQ03006_J10_cluster=GQ03006_J10_status=complete_gb=BT106618 5016122
.98 GQ03125_M16.1_clone=GQ03125_M16_cluster=GQ03125_M16_status=complete_gb=BT108714 5057573
.61 GQ02811_M20.1_clone=GQ02811_M20_cluster=GQ02811_M20_status=complete_gb=BT104557 4926743
.38 GQ02811_M20.1_clone=GQ02811_M20_cluster=GQ02811_M20_status=complete_gb=BT104557 74215
.44 GQ03001_M04.2_clone=GQ03001_M04_cluster=GQ03001_M04_status=complete_gb=BT106437 5057552
.38 GQ03222_J15.1_clone=GQ03222_J15_cluster=GQ03222_J15_status=complete_gb=BT110495 1373912
.35 GQ03222_J15.1_clone=GQ03222_J15_cluster=GQ03222_J15_status=complete_gb=BT110495 925135
.37 GQ02805_E09.1_clone=GQ02805_E09_cluster=GQ02805_E09_status=complete_gb=BT104006 5057350
.59 GQ03102_E20.1_clone=GQ03102_E20_cluster=GQ03102_E20_status=complete_gb=BT107063 5057602
.13 GQ03102_E20.1_clone=GQ03102_E20_cluster=GQ03102_E20_status=complete_gb=BT107063 2580912
.71 GQ02803_L24.1_clone=GQ02803_L24_cluster=GQ02803_L24_status=complete_gb=BT103892 5057171
.51 GQ0206_P09.1_clone=GQ0206_P09_cluster=GQ0206_P09_status=complete_gb=BT103123 4924065
.46 GQ0206_P09.1_clone=GQ0206_P09_cluster=GQ0206_P09_status=complete_gb=BT103123 5056905
.08 GQ03719_O16.1_clone=GQ03719_O16_cluster=GQ03719_O16_status=complete_gb=BT116503 1056550
.78 GQ03719_O16.1_clone=GQ03719_O16_cluster=GQ03719_O16_status=complete_gb=BT116503 5057555
.24 GQ03502_H03.1_clone=GQ03502_H03_cluster=GQ03502_H03_status=complete_gb=BT113832 1168161
.15 GQ03502_H03.1_clone=GQ03502_H03_cluster=GQ03502_H03_status=complete_gb=BT113832 299764
.78 GQ02829_F05.1_clone=GQ02829_F05_cluster=GQ02829_F05_status=complete_gb=BT105848 5057515
.21 GQ02829_F05.1_clone=GQ02829_F05_cluster=GQ02829_F05_status=complete_gb=BT105848 1517356
.69 GQ03116_B04.2_clone=GQ03116_B04_cluster=GQ03116_B04_status=complete_gb=BT108027 5057582
.12 GQ03406_J10.2_clone=GQ03406_J10_cluster=GQ03406_J10_status=complete_gb=BT113384 2653053
.87 GQ03406_J10.2_clone=GQ03406_J10_cluster=GQ03406_J10_status=complete_gb=BT113384 5057391
.48 GQ03326_O21.1_clone=GQ03326_O21_cluster=GQ03326_O21_status=complete_gb=BT113186 5057525
.33 GQ03326_O21.1_clone=GQ03326_O21_cluster=GQ03326_O21_status=complete_gb=BT113186 4941377
.47 GQ03123_B08.1_clone=GQ03123_B08_cluster=GQ03123_B08_status=complete_gb=BT108523 4953012
.52 GQ03123_B08.1_clone=GQ03123_B08_cluster=GQ03123_B08_status=complete_gb=BT108523 539407
.28 GQ0204_N12.1_clone=GQ0204_N12_cluster=GQ0204_N12_status=complete_gb=BT103010 522371
.42 GQ0204_N12.1_clone=GQ0204_N12_cluster=GQ0204_N12_status=complete_gb=BT103010 5057606
.30 WS00723_O17.1_clone=WS00723_O17_cluster=WS00723_O17_status=complete 4956610
.26 WS00723_O17.1_clone=WS00723_O17_cluster=WS00723_O17_status=complete 1208858
.42 GQ04002_E14.1_clone=GQ04002_E14_cluster=GQ04002_E14_status=complete_gb=BT118094 1566411
.40 GQ04002_E14.1_clone=GQ04002_E14_cluster=GQ04002_E14_status=complete_gb=BT118094 2090342
.22 GQ04002_E14.1_clone=GQ04002_E14_cluster=GQ04002_E14_status=complete_gb=BT118094 1440332
.20 GQ04002_E14.1_clone=GQ04002_E14_cluster=GQ04002_E14_status=complete_gb=BT118094 852342
.22 GQ04002_E14.1_clone=GQ04002_E14_cluster=GQ04002_E14_status=complete_gb=BT118094 852345
.42 GQ03813_J06.1_clone=GQ03813_J06_cluster=GQ03813_J06_status=complete_gb=BT117139 4927422
.40 GQ03813_J06.1_clone=GQ03813_J06_cluster=GQ03813_J06_status=complete_gb=BT117139 4927421
.19 GQ03308_F12.2_clone=GQ03308_F12_cluster=GQ03308_F12_status=complete_gb=BT111969 5057246
.21 GQ03308_F12.2_clone=GQ03308_F12_cluster=GQ03308_F12_status=complete_gb=BT111969 745216
.17 GQ03115_M13.1_clone=GQ03115_M13_cluster=GQ03115_M13_status=complete_gb=BT108009 1143247
.35 GQ03115_M13.1_clone=GQ03115_M13_cluster=GQ03115_M13_status=complete_gb=BT108009 498812
.50 GQ02012_L04.1_clone=GQ02012_L04_cluster=GQ02012_L04_status=complete_gb=BT102728 5057577
.12 GQ02012_L04.1_clone=GQ02012_L04_cluster=GQ02012_L04_status=complete_gb=BT102728 5057577
.19 GQ03204_K12.1_clone=GQ03204_K12_cluster=GQ03204_K12_status=complete_gb=BT109101 813446
.74 GQ03204_K12.1_clone=GQ03204_K12_cluster=GQ03204_K12_status=complete_gb=BT109101 5057231
.16 GQ0201_O02.1_clone=GQ0201_O02_cluster=GQ0201_O02_status=complete_gb=BT102863 956406
.40 GQ0201_O02.1_clone=GQ0201_O02_cluster=GQ0201_O02_status=complete_gb=BT102863 4930311
.37 GQ03710_C04.1_clone=GQ03710_C04_cluster=GQ03710_C04_status=complete_gb=BT115997 5057504
.15 GQ03710_C04.1_clone=GQ03710_C04_cluster=GQ03710_C04_status=complete_gb=BT115997 5057131
.60 GQ03323_F06.1_clone=GQ03323_F06_cluster=GQ03323_F06_status=complete_gb=BT112960 5057520
.17 GQ03323_F06.1_clone=GQ03323_F06_cluster=GQ03323_F06_status=complete_gb=BT112960 5057380
.19 GQ03804_H10.4_clone=GQ03804_H10_cluster=GQ03804_H10_status=complete_gb=BT116676 1427105
.19 GQ03804_H10.4_clone=GQ03804_H10_cluster=GQ03804_H10_status=complete_gb=BT116676 4926066
.12 GQ03804_H10.4_clone=GQ03804_H10_cluster=GQ03804_H10_status=complete_gb=BT116676 4959527
.14 GQ03804_H10.4_clone=GQ03804_H10_cluster=GQ03804_H10_status=complete_gb=BT116676 853619
.12 GQ03804_H10.4_clone=GQ03804_H10_cluster=GQ03804_H10_status=complete_gb=BT116676 4931998
.28 GQ02810_H03.1_clone=GQ02810_H03_cluster=GQ02810_H03_status=complete_gb=BT104442 1046448
.51 GQ02810_H03.1_clone=GQ02810_H03_cluster=GQ02810_H03_status=complete_gb=BT104442 5057551
.75 GQ02830_E02.1_clone=GQ02830_E02_cluster=GQ02830_E02_status=complete_gb=BT105932 5057517
.46 GQ03805_N03.1_clone=GQ03805_N03_cluster=GQ03805_N03_status=complete_gb=BT116738 1069281
.29 GQ03805_N03.1_clone=GQ03805_N03_cluster=GQ03805_N03_status=complete_gb=BT116738 4930674
.57 GQ03208_L24.1_clone=GQ03208_L24_cluster=GQ03208_L24_status=complete_gb=BT109462 5057396
.54 GQ03203_C10.1_clone=GQ03203_C10_cluster=GQ03203_C10_status=complete_gb=BT108967 5057355
.26 GQ03203_C10.1_clone=GQ03203_C10_cluster=GQ03203_C10_status=complete_gb=BT108967 1202389
.24 GQ03203_C10.1_clone=GQ03203_C10_cluster=GQ03203_C10_status=complete_gb=BT108967 515079
.54 GQ03711_P09.2_clone=GQ03711_P09_cluster=GQ03711_P09_status=complete_gb=BT116109 5056927
.37 GQ03711_P09.2_clone=GQ03711_P09_cluster=GQ03711_P09_status=complete_gb=BT116109 4923403
.34 GQ02904_O20.4_clone=GQ02904_O20_cluster=GQ02904_O20_status=53 5057544
.21 GQ02904_O20.4_clone=GQ02904_O20_cluster=GQ02904_O20_status=53 4929016
.14 GQ02904_O20.4_clone=GQ02904_O20_cluster=GQ02904_O20_status=53 5057544
.16 GQ04101_M17.1_clone=GQ04101_M17_cluster=GQ04101_M17_status=complete_gb=BT119136 1910655
.83 GQ04101_M17.1_clone=GQ04101_M17_cluster=GQ04101_M17_status=complete_gb=BT119136 4921129
.85 GQ03304_O11.1_clone=GQ03304_O11_cluster=GQ03304_O11_status=complete_gb=BT111885 5057518
.69 GQ03123_K01.1_clone=GQ03123_K01_cluster=GQ03123_K01_status=complete_gb=BT108566 5057566
.06 GQ03123_K01.1_clone=GQ03123_K01_cluster=GQ03123_K01_status=complete_gb=BT108566 5057566
.23 GQ0195_C18.1_clone=GQ0195_C18_cluster=GQ0195_C18_status=complete_gb=BT102477 3065697
.47 GQ0195_C18.1_clone=GQ0195_C18_cluster=GQ0195_C18_status=complete_gb=BT102477 4933537
.11 GQ03817_B11.2_clone=GQ03817_B11_cluster=GQ03817_B11_status=5 5012457
.15 GQ03817_B11.2_clone=GQ03817_B11_cluster=GQ03817_B11_status=5 4971494
.40 GQ03112_I14.1_clone=GQ03112_I14_cluster=GQ03112_I14_status=complete_gb=BT107770 4926858
.27 GQ02801_G01.4_clone=GQ02801_G01_cluster=GQ02801_G01_status=complete_gb=BT103741 1317086
.21 GQ02801_G01.4_clone=GQ02801_G01_cluster=GQ02801_G01_status=complete_gb=BT103741 4934176
.21 GQ02801_G01.4_clone=GQ02801_G01_cluster=GQ02801_G01_status=complete_gb=BT103741 1043830
.17 GQ02801_G01.4_clone=GQ02801_G01_cluster=GQ02801_G01_status=complete_gb=BT103741 235766
.22 GQ03120_K03.1_clone=GQ03120_K03_cluster=GQ03120_K03_status=complete_gb=BT108354 4925248
.23 GQ03120_K03.1_clone=GQ03120_K03_cluster=GQ03120_K03_status=complete_gb=BT108354 4940102
.18 GQ02815_P09.1_clone=GQ02815_P09_cluster=GQ02815_P09_status=complete_gb=BT104858 1383756
.40 GQ02815_P09.1_clone=GQ02815_P09_cluster=GQ02815_P09_status=complete_gb=BT104858 4921946
.33 GQ04105_O06.1_clone=GQ04105_O06_cluster=GQ04105_O06_status=complete_gb=BT119450 4946961
.28 GQ04105_O06.1_clone=GQ04105_O06_cluster=GQ04105_O06_status=complete_gb=BT119450 5021718
.25 GQ03812_I03.1_clone=GQ03812_I03_cluster=GQ03812_I03_status=complete_gb=BT117089 4928250
.16 GQ03812_I03.1_clone=GQ03812_I03_cluster=GQ03812_I03_status=complete_gb=BT117089 5057273
.25 GQ02904_M15.1_clone=GQ02904_M15_cluster=GQ02904_M15_status=complete_gb=BT106192 1872576
.73 GQ02904_M15.1_clone=GQ02904_M15_cluster=GQ02904_M15_status=complete_gb=BT106192 1260678
.85 GQ03235_B08.1_clone=GQ03235_B08_cluster=GQ03235_B08_status=complete_gb=BT111266 5057570
.08 GQ03235_B08.1_clone=GQ03235_B08_cluster=GQ03235_B08_status=complete_gb=BT111266 4979516
.32 GQ03213_N20.2_clone=GQ03213_N20_cluster=GQ03213_N20_status=complete_gb=BT109929 4932810
.31 GQ03213_N20.2_clone=GQ03213_N20_cluster=GQ03213_N20_status=complete_gb=BT109929 4923721
.29 GQ03213_N20.2_clone=GQ03213_N20_cluster=GQ03213_N20_status=complete_gb=BT109929 1164325
.98 GQ03012_N24.3_clone=GQ03012_N24_cluster=GQ03012_N24_status=complete_gb=BT106887 5057585
.57 GQ0071_K12.1_clone=GQ0071_K12_cluster=GQ0071_K12_status=3 4951936
.42 GQ0071_K12.1_clone=GQ0071_K12_cluster=GQ0071_K12_status=3 4928463
.83 GQ03713_J12.1_clone=GQ03713_J12_cluster=GQ03713_J12_status=complete_gb=BT116206 5057546
.27 GQ0197_P18.2_clone=GQ0197_P18_cluster=GQ0197_P18_status=53 5057546
.20 GQ0197_P18.2_clone=GQ0197_P18_cluster=GQ0197_P18_status=53 4960389
.15 GQ0197_P18.2_clone=GQ0197_P18_cluster=GQ0197_P18_status=53 4989149
.13 GQ0197_P18.2_clone=GQ0197_P18_cluster=GQ0197_P18_status=53 875123
.99 GQ03232_N22.1_clone=GQ03232_N22_cluster=GQ03232_N22_status=complete_gb=BT111118 5057531
.47 GQ02907_A02.1_clone=GQ02907_A02_cluster=GQ02907_A02_status=complete_gb=BT106309 5057363
.22 GQ02907_A02.1_clone=GQ02907_A02_cluster=GQ02907_A02_status=complete_gb=BT106309 4927440
.99 GQ04003_O21.1_clone=GQ04003_O21_cluster=GQ04003_O21_status=complete_gb=BT118234 5057534
.83 WS00755_I18.1_clone=WS00755_I18_cluster=WS00755_I18_status=3 5057076
.17 GQ03325_J06.2_clone=GQ03325_J06_cluster=GQ03325_J06_status=complete_gb=BT113097 1178857
.36 GQ03325_J06.2_clone=GQ03325_J06_cluster=GQ03325_J06_status=complete_gb=BT113097 5057476
.65 GQ02829_D21.3_clone=GQ02829_D21_cluster=GQ02829_D21_status=complete_gb=BT105841 5057603
.18 GQ02829_D21.3_clone=GQ02829_D21_cluster=GQ02829_D21_status=complete_gb=BT105841 1431372
.18 GQ02829_D21.3_clone=GQ02829_D21_cluster=GQ02829_D21_status=complete_gb=BT105841 1191292
.16 GQ02829_D21.3_clone=GQ02829_D21_cluster=GQ02829_D21_status=complete_gb=BT105841 1191290
.16 GQ02829_D21.3_clone=GQ02829_D21_cluster=GQ02829_D21_status=complete_gb=BT105841 1829082
.43 GQ04109_P04.1_clone=GQ04109_P04_cluster=GQ04109_P04_status=complete_gb=BT119779 4921538
.19 GQ04109_P04.1_clone=GQ04109_P04_cluster=GQ04109_P04_status=complete_gb=BT119779 2119068
.40 GQ0203_L06.1_clone=GQ0203_L06_cluster=GQ0203_L06_status=complete_gb=BT102942 5057609
.18 GQ0203_L06.1_clone=GQ0203_L06_cluster=GQ0203_L06_status=complete_gb=BT102942 5057609
.57 GQ03238_G19.2_clone=GQ03238_G19_cluster=GQ03238_G19_status=complete_gb=BT111488 4928021
.17 GQ03238_G19.2_clone=GQ03238_G19_cluster=GQ03238_G19_status=complete_gb=BT111488 1038180
.35 GQ04110_D22.1_clone=GQ04110_D22_cluster=GQ04110_D22_status=complete_gb=BT119800 4924827
.49 GQ0189_A12.2_clone=GQ0189_A12_cluster=GQ0189_A12_status=3 5057098
.49 GQ02012_B04.1_clone=GQ02012_B04_cluster=GQ02012_B04_status=complete_gb=BT102715 5056947
.20 GQ02012_B04.1_clone=GQ02012_B04_cluster=GQ02012_B04_status=complete_gb=BT102715 4942457
.16 GQ02012_B04.1_clone=GQ02012_B04_cluster=GQ02012_B04_status=complete_gb=BT102715 4926828
.16 GQ02012_B04.1_clone=GQ02012_B04_cluster=GQ02012_B04_status=complete_gb=BT102715 2064985
.16 GQ02012_B04.1_clone=GQ02012_B04_cluster=GQ02012_B04_status=complete_gb=BT102715 1709323
.13 GQ02818_F12.1_clone=GQ02818_F12_cluster=GQ02818_F12_status=complete_gb=BT105085 3532523
.66 GQ02818_F12.1_clone=GQ02818_F12_cluster=GQ02818_F12_status=complete_gb=BT105085 4969329
.42 GQ04003_A18.1_clone=GQ04003_A18_cluster=GQ04003_A18_status=complete_gb=BT118156 4966677
.54 GQ04003_A18.1_clone=GQ04003_A18_cluster=GQ04003_A18_status=complete_gb=BT118156 4921866
.51 GQ02747_E09.2_clone=GQ02747_E09_cluster=GQ02747_E09_status=5 14541
.40 GQ02747_E09.2_clone=GQ02747_E09_cluster=GQ02747_E09_status=5 960668
.51 GQ03205_I02.1_clone=GQ03205_I02_cluster=GQ03205_I02_status=complete_gb=BT109174 5057502
.83 GQ03310_L04.1_clone=GQ03310_L04_cluster=GQ03310_L04_status=complete_gb=BT112144 4925568
.16 GQ03310_L04.1_clone=GQ03310_L04_cluster=GQ03310_L04_status=complete_gb=BT112144 1713460
.16 GQ03009_N15.1_clone=GQ03009_N15_cluster=GQ03009_N15_status=complete_gb=BT106755 344935
.83 GQ03009_N15.1_clone=GQ03009_N15_cluster=GQ03009_N15_status=complete_gb=BT106755 5057069
.48 GQ0198_P22.1_clone=GQ0198_P22_cluster=GQ0198_P22_status=complete_gb=BT102650 5057181
.10 GQ0198_P22.1_clone=GQ0198_P22_cluster=GQ0198_P22_status=complete_gb=BT102650 385484
.24 GQ03105_I17.1_clone=GQ03105_I17_cluster=GQ03105_I17_status=complete_gb=BT107306 4925955
.21 GQ03105_I17.1_clone=GQ03105_I17_cluster=GQ03105_I17_status=complete_gb=BT107306 4921679
.15 GQ04105_B09.4_clone=GQ04105_B09_cluster=GQ04105_B09_status=complete_gb=BT119397 4977551
.80 GQ04105_B09.4_clone=GQ04105_B09_cluster=GQ04105_B09_status=complete_gb=BT119397 5057565
.47 GQ02824_D22.2_clone=GQ02824_D22_cluster=GQ02824_D22_status=complete_gb=BT105550 5057533
.17 GQ02824_D22.2_clone=GQ02824_D22_cluster=GQ02824_D22_status=complete_gb=BT105550 5057533
.40 GQ03312_G19.4_clone=GQ03312_G19_cluster=GQ03312_G19_status=complete_gb=BT112236 4958294
.43 GQ03312_G19.4_clone=GQ03312_G19_cluster=GQ03312_G19_status=complete_gb=BT112236 391218
.23 GQ03312_G19.4_clone=GQ03312_G19_cluster=GQ03312_G19_status=complete_gb=BT112236 4941510
.19 GQ03312_G19.4_clone=GQ03312_G19_cluster=GQ03312_G19_status=complete_gb=BT112236 391220
.14 GQ03312_G19.4_clone=GQ03312_G19_cluster=GQ03312_G19_status=complete_gb=BT112236 4980982
.45 GQ0195_F10.1_clone=GQ0195_F10_cluster=GQ0195_F10_status=5 4922065
.50 GQ03123_G19.1_clone=GQ03123_G19_cluster=GQ03123_G19_status=complete_gb=BT108554 4924810
.25 GQ03123_G19.1_clone=GQ03123_G19_cluster=GQ03123_G19_status=complete_gb=BT108554 4939660
.22 GQ04104_M08.1_clone=GQ04104_M08_cluster=GQ04104_M08_status=complete_gb=BT119370 4987999
.21 GQ04104_M08.1_clone=GQ04104_M08_cluster=GQ04104_M08_status=complete_gb=BT119370 911610
.20 GQ04104_M08.1_clone=GQ04104_M08_cluster=GQ04104_M08_status=complete_gb=BT119370 4976132
.18 GQ04104_M08.1_clone=GQ04104_M08_cluster=GQ04104_M08_status=complete_gb=BT119370 418645
.49 WS03215_E21.1_clone=WS03215_E21_cluster=WS03215_E21_status=complete 1631082
.39 GQ03814_B10.1_clone=GQ03814_B10_cluster=GQ03814_B10_status=complete_gb=BT117165 4999745
.42 GQ03814_B10.1_clone=GQ03814_B10_cluster=GQ03814_B10_status=complete_gb=BT117165 4959556
.38 GQ03211_A03.1_clone=GQ03211_A03_cluster=GQ03211_A03_status=complete_gb=BT109643 5057369
.17 GQ03211_A03.1_clone=GQ03211_A03_cluster=GQ03211_A03_status=complete_gb=BT109643 5003898
.52 GQ02903_L15.1_clone=GQ02903_L15_cluster=GQ02903_L15_status=complete_gb=BT106137 5057599
.12 GQ02903_L15.1_clone=GQ02903_L15_cluster=GQ02903_L15_status=complete_gb=BT106137 5011617
.12 GQ02903_L15.1_clone=GQ02903_L15_cluster=GQ02903_L15_status=complete_gb=BT106137 5057329
.42 GQ02901_I20.2_clone=GQ02901_I20_cluster=GQ02901_I20_status=complete_gb=BT106024 5057289
.22 GQ02901_I20.2_clone=GQ02901_I20_cluster=GQ02901_I20_status=complete_gb=BT106024 649692
.21 GQ02901_I20.2_clone=GQ02901_I20_cluster=GQ02901_I20_status=complete_gb=BT106024 1505509
.70 WS0057_P01.1_clone=WS0057_P01_cluster=WS0057_P01_status=3 4948680
.28 WS0057_P01.1_clone=WS0057_P01_cluster=WS0057_P01_status=3 1561222
.31 WS0058_G04.1_clone=WS0058_G04_cluster=WS0058_G04_status=3 177351
.40 WS0058_G04.1_clone=WS0058_G04_cluster=WS0058_G04_status=3 1257770
.46 GQ03607_H23.1_clone=GQ03607_H23_cluster=GQ03607_H23_status=complete_gb=BT115024 4923078
.22 GQ03607_H23.1_clone=GQ03607_H23_cluster=GQ03607_H23_status=complete_gb=BT115024 4928343
.30 GQ03238_L04.1_clone=GQ03238_L04_cluster=GQ03238_L04_status=complete_gb=BT111507 2015905
.58 GQ03238_L04.1_clone=GQ03238_L04_cluster=GQ03238_L04_status=complete_gb=BT111507 5057122
.45 GQ03125_F12.1_clone=GQ03125_F12_cluster=GQ03125_F12_status=complete_gb=BT108684 4927802
.09 GQ03901_D07.1_clone=GQ03901_D07_cluster=GQ03901_D07_status=complete_gb=BT117472 3509404
.78 GQ03901_D07.1_clone=GQ03901_D07_cluster=GQ03901_D07_status=complete_gb=BT117472 5057568
.55 GQ0259_M14.1_clone=GQ0259_M14_cluster=GQ0259_M14_status=complete_gb=BT103632 4923065
.56 GQ03229_I08.1_clone=GQ03229_I08_cluster=GQ03229_I08_status=complete_gb=BT110900 5057406
.47 GQ03709_A23.1_clone=GQ03709_A23_cluster=GQ03709_A23_status=complete_gb=BT115934 5057524
.10 GQ03709_A23.1_clone=GQ03709_A23_cluster=GQ03709_A23_status=complete_gb=BT115934 5057524
.22 GQ02804_O13.1_clone=GQ02804_O13_cluster=GQ02804_O13_status=complete_gb=BT103979 1519471
.35 GQ02804_O13.1_clone=GQ02804_O13_cluster=GQ02804_O13_status=complete_gb=BT103979 4925295
.25 GQ03617_O03.1_clone=GQ03617_O03_cluster=GQ03617_O03_status=complete_gb=BT115491 5057019
.04 GQ03617_O03.1_clone=GQ03617_O03_cluster=GQ03617_O03_status=complete_gb=BT115491 4934417
.42 GQ03219_D12.1_clone=GQ03219_D12_cluster=GQ03219_D12_status=complete_gb=BT110286 4921310
.22 GQ03219_D12.1_clone=GQ03219_D12_cluster=GQ03219_D12_status=complete_gb=BT110286 286544
.65 GQ03617_A03.1_clone=GQ03617_A03_cluster=GQ03617_A03_status=complete_gb=BT115455 5033473
.16 WS0338_E17.1_clone=WS0338_E17_cluster=WS0338_E17_status=complete 1264344
.57 WS0338_E17.1_clone=WS0338_E17_cluster=WS0338_E17_status=complete 4927570
.51 GQ03313_D08.1_clone=GQ03313_D08_cluster=GQ03313_D08_status=complete_gb=BT112300 4930994
.44 GQ03313_D08.1_clone=GQ03313_D08_cluster=GQ03313_D08_status=complete_gb=BT112300 4933296
.26 GQ02739_F07.1_clone=GQ02739_F07_cluster=GQ02739_F07_status=5 4966498
.72 GQ02739_F07.1_clone=GQ02739_F07_cluster=GQ02739_F07_status=5 5056908
.23 GQ03209_N08.1_clone=GQ03209_N08_cluster=GQ03209_N08_status=complete_gb=BT109547 1714049
.67 GQ03209_N08.1_clone=GQ03209_N08_cluster=GQ03209_N08_status=complete_gb=BT109547 5057574
.22 GQ03322_E04.1_clone=GQ03322_E04_cluster=GQ03322_E04_status=complete_gb=BT112884 4945436
.50 GQ03322_E04.1_clone=GQ03322_E04_cluster=GQ03322_E04_status=complete_gb=BT112884 5056938
.33 GQ03505_C13.1_clone=GQ03505_C13_cluster=GQ03505_C13_status=complete_gb=BT113948 5057259
.24 GQ03505_C13.1_clone=GQ03505_C13_cluster=GQ03505_C13_status=complete_gb=BT113948 4932574
.29 WS03215_H15.1_clone=WS03215_H15_cluster=WS03215_H15_status=3 4935491
.35 WS03215_H15.1_clone=WS03215_H15_cluster=WS03215_H15_status=3 4990597
.52 GQ04112_P06.3_clone=GQ04112_P06_cluster=GQ04112_P06_status=53 5057496
.17 GQ04112_P06.3_clone=GQ04112_P06_cluster=GQ04112_P06_status=53 1345767
.41 GQ03116_A20.1_clone=GQ03116_A20_cluster=GQ03116_A20_status=complete_gb=BT108024 4930817
.24 GQ03116_A20.1_clone=GQ03116_A20_cluster=GQ03116_A20_status=complete_gb=BT108024 1248729
.17 GQ03116_A20.1_clone=GQ03116_A20_cluster=GQ03116_A20_status=complete_gb=BT108024 4990116
.14 GQ03116_A20.1_clone=GQ03116_A20_cluster=GQ03116_A20_status=complete_gb=BT108024 1111697
.13 GQ03116_A20.1_clone=GQ03116_A20_cluster=GQ03116_A20_status=complete_gb=BT108024 4935700
.92 GQ03210_M08.1_clone=GQ03210_M08_cluster=GQ03210_M08_status=complete_gb=BT109623 5057514
.72 GQ04003_F10.1_clone=GQ04003_F10_cluster=GQ04003_F10_status=5 5057575
.89 GQ03217_P17.1_clone=GQ03217_P17_cluster=GQ03217_P17_status=complete_gb=BT110200 5057572
.16 GQ0225_N08.1_clone=GQ0225_N08_cluster=GQ0225_N08_status=complete_gb=BT103313 4921482
.83 GQ0225_N08.1_clone=GQ0225_N08_cluster=GQ0225_N08_status=complete_gb=BT103313 185118
.49 GQ03105_L21.1_clone=GQ03105_L21_cluster=GQ03105_L21_status=complete_gb=BT107322 4949398
.35 GQ03105_L21.1_clone=GQ03105_L21_cluster=GQ03105_L21_status=complete_gb=BT107322 141275
.34 GQ03105_L21.1_clone=GQ03105_L21_cluster=GQ03105_L21_status=complete_gb=BT107322 1141986
.32 GQ03105_L21.1_clone=GQ03105_L21_cluster=GQ03105_L21_status=complete_gb=BT107322 4947436
.36 GQ03105_L21.1_clone=GQ03105_L21_cluster=GQ03105_L21_status=complete_gb=BT107322 4934206
.35 GQ03120_O24.1_clone=GQ03120_O24_cluster=GQ03120_O24_status=complete_gb=BT108374 5056944
.33 GQ03120_O24.1_clone=GQ03120_O24_cluster=GQ03120_O24_status=complete_gb=BT108374 1104111
.34 GQ03120_O24.1_clone=GQ03120_O24_cluster=GQ03120_O24_status=complete_gb=BT108374 4924314
.25 GQ03120_O24.1_clone=GQ03120_O24_cluster=GQ03120_O24_status=complete_gb=BT108374 1941654
.92 GQ03214_L01.1_clone=GQ03214_L01_cluster=GQ03214_L01_status=complete_gb=BT109991 5057593
.68 GQ03219_M06.1_clone=GQ03219_M06_cluster=GQ03219_M06_status=complete_gb=BT110319 4927117
.60 GQ03219_M06.1_clone=GQ03219_M06_cluster=GQ03219_M06_status=complete_gb=BT110319 129545
.12 GQ03219_M06.1_clone=GQ03219_M06_cluster=GQ03219_M06_status=complete_gb=BT110319 2438056
.30 GQ03007_G11.3_clone=GQ03007_G11_cluster=GQ03007_G11_status=complete_gb=BT106658 5057571
.75 GQ03707_E17.1_clone=GQ03707_E17_cluster=GQ03707_E17_status=complete_gb=BT115842 5057548
.13 GQ03319_A11.1_clone=GQ03319_A11_cluster=GQ03319_A11_status=complete_gb=BT112652 1775169
.72 GQ03319_A11.1_clone=GQ03319_A11_cluster=GQ03319_A11_status=complete_gb=BT112652 5057326
.53 GQ04007_A19.1_clone=GQ04007_A19_cluster=GQ04007_A19_status=complete_gb=BT118504 4982888
.29 GQ04007_A19.1_clone=GQ04007_A19_cluster=GQ04007_A19_status=complete_gb=BT118504 5045670
.23 GQ04007_A19.1_clone=GQ04007_A19_cluster=GQ04007_A19_status=complete_gb=BT118504 1890243
.18 GQ02817_K24.1_clone=GQ02817_K24_cluster=GQ02817_K24_status=complete_gb=BT105015 5056968
.81 GQ02817_K24.1_clone=GQ02817_K24_cluster=GQ02817_K24_status=complete_gb=BT105015 5056968
.10 GQ03815_O12.1_clone=GQ03815_O12_cluster=GQ03815_O12_status=complete_gb=BT117251 4933042
.14 GQ03815_O12.1_clone=GQ03815_O12_cluster=GQ03815_O12_status=complete_gb=BT117251 4928717
.75 GQ03111_D09.1_clone=GQ03111_D09_cluster=GQ03111_D09_status=complete_gb=BT107664 1009588
.75 GQ03111_D09.1_clone=GQ03111_D09_cluster=GQ03111_D09_status=complete_gb=BT107664 4923773
.10 GQ03111_D09.1_clone=GQ03111_D09_cluster=GQ03111_D09_status=complete_gb=BT107664 1875399
.08 GQ03317_I14.1_clone=GQ03317_I14_cluster=GQ03317_I14_status=complete_gb=BT112563 1361595
.82 GQ03317_I14.1_clone=GQ03317_I14_cluster=GQ03317_I14_status=complete_gb=BT112563 5057513
.23 GQ03701_M22.1_clone=GQ03701_M22_cluster=GQ03701_M22_status=complete_gb=BT115573 1217540
.76 GQ03701_M22.1_clone=GQ03701_M22_cluster=GQ03701_M22_status=complete_gb=BT115573 4934819
.29 GQ00411_P24.1_clone=GQ00411_P24_cluster=GQ00411_P24_status=complete_gb=BT100713 4971641
.30 GQ00411_P24.1_clone=GQ00411_P24_cluster=GQ00411_P24_status=complete_gb=BT100713 902855
.27 GQ00411_P24.1_clone=GQ00411_P24_cluster=GQ00411_P24_status=complete_gb=BT100713 4939536
.16 GQ00411_P24.1_clone=GQ00411_P24_cluster=GQ00411_P24_status=complete_gb=BT100713 2387358
.16 GQ00411_P24.1_clone=GQ00411_P24_cluster=GQ00411_P24_status=complete_gb=BT100713 1419282
.33 GQ03302_H09.1_clone=GQ03302_H09_cluster=GQ03302_H09_status=complete_gb=BT111707 5057039
.06 GQ03302_H09.1_clone=GQ03302_H09_cluster=GQ03302_H09_status=complete_gb=BT111707 1130551
.06 GQ03302_H09.1_clone=GQ03302_H09_cluster=GQ03302_H09_status=complete_gb=BT111707 1771331
.39 GQ02801_J03.1_clone=GQ02801_J03_cluster=GQ02801_J03_status=complete_gb=BT103752 4931876
.37 GQ02801_J03.1_clone=GQ02801_J03_cluster=GQ02801_J03_status=complete_gb=BT103752 596692
.37 GQ02801_J03.1_clone=GQ02801_J03_cluster=GQ02801_J03_status=complete_gb=BT103752 5056850
.37 GQ02801_J03.1_clone=GQ02801_J03_cluster=GQ02801_J03_status=complete_gb=BT103752 832978
.93 GQ04008_D05.1_clone=GQ04008_D05_cluster=GQ04008_D05_status=complete_gb=BT118613 5057521
.18 GQ03313_G13.1_clone=GQ03313_G13_cluster=GQ03313_G13_status=complete_gb=BT112315 4942975
.60 GQ03313_G13.1_clone=GQ03313_G13_cluster=GQ03313_G13_status=complete_gb=BT112315 5057221
.90 GQ03123_P06.1_clone=GQ03123_P06_cluster=GQ03123_P06_status=complete_gb=BT108591 5057607
.30 GQ03311_F24.1_clone=GQ03311_F24_cluster=GQ03311_F24_status=complete_gb=BT112175 1008120
.30 GQ03311_F24.1_clone=GQ03311_F24_cluster=GQ03311_F24_status=complete_gb=BT112175 641781
.21 GQ03311_F24.1_clone=GQ03311_F24_cluster=GQ03311_F24_status=complete_gb=BT112175 1074710
.99 GQ03001_M23.1_clone=GQ03001_M23_cluster=GQ03001_M23_status=complete_gb=BT106441 5057480
.13 GQ03609_O13.4_clone=GQ03609_O13_cluster=GQ03609_O13_status=complete_gb=BT115135 1129955
.14 GQ03609_O13.4_clone=GQ03609_O13_cluster=GQ03609_O13_status=complete_gb=BT115135 1116896
.68 GQ04110_C03.2_clone=GQ04110_C03_cluster=GQ04110_C03_status=complete_gb=BT119793 5057542
.77 GQ03101_G03.1_clone=GQ03101_G03_cluster=GQ03101_G03_status=complete_gb=BT106976 5057522
.14 GQ03101_G03.1_clone=GQ03101_G03_cluster=GQ03101_G03_status=complete_gb=BT106976 4926814
.13 GQ03101_G03.1_clone=GQ03101_G03_cluster=GQ03101_G03_status=complete_gb=BT106976 4990675
.22 GQ04008_J11.1_clone=GQ04008_J11_cluster=GQ04008_J11_status=complete_gb=BT118651 4932015
.65 GQ04008_J11.1_clone=GQ04008_J11_cluster=GQ04008_J11_status=complete_gb=BT118651 5057187
.32 GQ03228_P24.1_clone=GQ03228_P24_cluster=GQ03228_P24_status=complete_gb=BT110863 4946473
.05 GQ03228_P24.1_clone=GQ03228_P24_cluster=GQ03228_P24_status=complete_gb=BT110863 4925002
.24 GQ03216_M18.1_clone=GQ03216_M18_cluster=GQ03216_M18_status=complete_gb=BT110135 4937478
.39 GQ03216_M18.1_clone=GQ03216_M18_cluster=GQ03216_M18_status=complete_gb=BT110135 4925817
.12 GQ02824_P18.1_clone=GQ02824_P18_cluster=GQ02824_P18_status=complete_gb=BT105613 2594393
.86 GQ02824_P18.1_clone=GQ02824_P18_cluster=GQ02824_P18_status=complete_gb=BT105613 5057429
.99 GQ03715_P14.1_clone=GQ03715_P14_cluster=GQ03715_P14_status=complete_gb=BT116318 5057479
.20 GQ03602_K21.1_clone=GQ03602_K21_cluster=GQ03602_K21_status=complete_gb=BT114811 1379780
.57 GQ03602_K21.1_clone=GQ03602_K21_cluster=GQ03602_K21_status=complete_gb=BT114811 4927695
.33 GQ03901_K18.1_clone=GQ03901_K18_cluster=GQ03901_K18_status=complete_gb=BT117498 5057558
.15 GQ03901_K18.1_clone=GQ03901_K18_cluster=GQ03901_K18_status=complete_gb=BT117498 5057558
.62 GQ03011_H12.2_clone=GQ03011_H12_cluster=GQ03011_H12_status=complete_gb=BT106827 5057586
.09 GQ03011_H12.2_clone=GQ03011_H12_cluster=GQ03011_H12_status=complete_gb=BT106827 4921778
.29 GQ03312_F18.1_clone=GQ03312_F18_cluster=GQ03312_F18_status=complete_gb=BT112232 546065
.29 GQ03312_F18.1_clone=GQ03312_F18_cluster=GQ03312_F18_status=complete_gb=BT112232 901085
.42 GQ03312_F18.1_clone=GQ03312_F18_cluster=GQ03312_F18_status=complete_gb=BT112232 5057495
